java version "1.7.0_231"
OpenJDK Runtime Environment (rhel-2.6.19.1.el7_6-x86_64 u231-b01)
OpenJDK 64-Bit Server VM (build 24.231-b01, mixed mode)
Check out 4597738e to /mnt/nfs/work1/brun/mmotwani/Defects4Java7/defects4j/ OK
Init local repository...................................................... OK
Tag post-fix revision...................................................... OK
Run post-checkout hook..................................................... OK
Initialize fixed program version........................................... OK
Apply patch................................................................ OK
Initialize buggy program version........................................... OK
Diff 4597738e:2d6e1c78..................................................... OK
Apply patch................................................................ OK
Tag pre-fix revision....................................................... OK
Check out program version: Closure-115b.................................... OK
Running ant (compile)...................................................... OK
Running ant (compile.tests)................................................ OK
Running ant (compile.tests)................................................ OK
Running ant (run.dev.tests)................................................ OK
Failing tests: 7
  - com.google.javascript.jscomp.InlineFunctionsTest::testBug4944818
  - com.google.javascript.jscomp.InlineFunctionsTest::testDoubleInlining1
  - com.google.javascript.jscomp.InlineFunctionsTest::testNoInlineIfParametersModified8
  - com.google.javascript.jscomp.InlineFunctionsTest::testNoInlineIfParametersModified9
  - com.google.javascript.jscomp.InlineFunctionsTest::testInlineFunctions22
  - com.google.javascript.jscomp.InlineFunctionsTest::testInlineFunctions23
  - com.google.javascript.jscomp.InlineFunctionsTest::testInlineFunctions6
/home/mmotwani/mywork1dir/Defects4Java7/defects4j/SIMFIX_RQ3_closure115_1_1
PURIFY IS TRUE
=================================================
Project : closure_115	start : 19/11/04 19:45

Variable type inconsistancy of 'start' in method 'parseRegExp,String,String' with types : int and char
Variable type inconsistancy of 'end' in method 'parseRegExp,String,String' with types : int and char
Field type inconsistancy 'type' with types : JSType and Type
Field type inconsistancy 'SUPER' with types : SimpleReference<SimpleSlot> and FunctionInjector.Reference
Variable type inconsistancy of 'name' in method 'visit,NodeTraversal,Node,Node' with types : String and Name
Field type inconsistancy 'THIS' with types : Token and int
readFailedTest: path is /mnt/nfs/work1/brun/mmotwani/SimFix/d4j-info/failed_tests/closure/115.txtTESTING : com.google.javascript.jscomp.InlineFunctionsTest::testNoInlineIfParametersModified9
COMMAND:cd /home/mmotwani/mywork1dir/Defects4Java7/defects4j/SIMFIX_RQ3_closure115_1_1/closure/closure_115_buggy && /usr/bin/timeout 30 /mnt/nfs/work1/brun/mmotwani/Defects4Java7/defects4j//framework/bin/defects4j test -t com.google.javascript.jscomp.InlineFunctionsTest::testNoInlineIfParametersModified9
Running ant (run.dev.tests)................................................ 
Running ant (compile.tests)................................................ OK
IN COMMENT TEST CASE: com.google.javascript.jscomp.InlineFunctionsTest::testNoInlineIfParametersModified9

# FAILING TESTS: 1
TIMEOUT : 18000000
===========
locations= [<com.google.javascript.rhino.Node,1430>, <com.google.javascript.rhino.Node,1446>, <com.google.javascript.rhino.Node,1459>, <com.google.javascript.rhino.Node,2194>, <com.google.javascript.rhino.Node,2195>, <com.google.javascript.rhino.Node,2196>, <com.google.javascript.rhino.Node,2197>, <com.google.javascript.jscomp.FunctionInjector,731>, <com.google.javascript.rhino.Token,210>, <com.google.javascript.jscomp.FunctionArgumentInjector,465>, <com.google.javascript.jscomp.AstValidator,241>, <com.google.javascript.jscomp.AstValidator,242>, <com.google.javascript.jscomp.CodeGenerator,502>, <com.google.javascript.jscomp.CodeGenerator,505>, <com.google.javascript.jscomp.CodeGenerator,506>, <com.google.javascript.jscomp.CodeGenerator,507>, <com.google.javascript.jscomp.CodeGenerator,508>, <com.google.javascript.jscomp.CodeGenerator,509>, <com.google.javascript.jscomp.parsing.TypeSafeDispatcher,234>, <com.google.javascript.jscomp.parsing.IRFactory,698>, <com.google.javascript.jscomp.FunctionArgumentInjector,444>, <com.google.javascript.jscomp.InlineFunctions,503>, <com.google.javascript.jscomp.InlineFunctions,504>, <com.google.javascript.jscomp.NodeUtil,2995>, <com.google.javascript.jscomp.FunctionToBlockMutator,447>, <com.google.javascript.jscomp.FunctionArgumentInjector,441>, <com.google.javascript.jscomp.FunctionArgumentInjector,443>, <com.google.javascript.jscomp.FunctionArgumentInjector,461>, <com.google.javascript.jscomp.FunctionToBlockMutator,446>, <com.google.javascript.jscomp.NodeUtil,890>, <com.google.javascript.jscomp.NodeUtil,897>, <com.google.javascript.jscomp.NodeUtil,902>, <com.google.javascript.jscomp.NodeUtil,903>, <com.google.javascript.jscomp.NodeUtil,912>, <com.google.javascript.jscomp.NodeUtil,916>, <com.google.javascript.jscomp.NodeUtil,2957>, <com.google.javascript.jscomp.NodeUtil,2966>, <com.google.javascript.jscomp.InlineFunctions,541>, <com.google.javascript.jscomp.NodeUtil,626>, <com.google.javascript.jscomp.NodeUtil,589>, <com.google.javascript.jscomp.NodeUtil,1149>, <com.google.javascript.jscomp.NodeUtil,881>, <com.google.javascript.jscomp.NodeUtil,882>, <com.google.javascript.jscomp.NodeUtil,506>, <com.google.javascript.jscomp.NodeUtil,509>, <com.google.javascript.jscomp.FunctionInjector,730>, <com.google.javascript.jscomp.FunctionInjector,729>, <com.google.javascript.jscomp.FunctionArgumentInjector,67>, <com.google.javascript.jscomp.FunctionArgumentInjector,72>, <com.google.javascript.jscomp.FunctionArgumentInjector,73>, <com.google.javascript.jscomp.FunctionArgumentInjector,74>, <com.google.javascript.jscomp.FunctionInjector,728>, <com.google.javascript.jscomp.FunctionToBlockMutator,408>, <com.google.javascript.jscomp.FunctionToBlockMutator,409>, <com.google.javascript.jscomp.FunctionToBlockMutator,339>, <com.google.javascript.jscomp.FunctionToBlockMutator,340>, <com.google.javascript.jscomp.FunctionToBlockMutator,401>, <com.google.javascript.jscomp.FunctionToBlockMutator,402>, <com.google.javascript.jscomp.FunctionToBlockMutator,403>, <com.google.javascript.jscomp.FunctionToBlockMutator,405>, <com.google.javascript.jscomp.FunctionToBlockMutator,411>, <com.google.javascript.jscomp.FunctionToBlockMutator,442>, <com.google.javascript.jscomp.FunctionInjector,866>, <com.google.javascript.jscomp.FunctionArgumentInjector,411>, <com.google.javascript.rhino.Token,232>, <com.google.javascript.jscomp.FunctionArgumentInjector,419>, <com.google.javascript.jscomp.FunctionArgumentInjector,424>, <com.google.javascript.jscomp.FunctionToBlockMutator,335>, <com.google.javascript.jscomp.FunctionToBlockMutator,338>, <com.google.javascript.jscomp.FunctionToBlockMutator,343>, <com.google.javascript.jscomp.FunctionToBlockMutator,436>, <com.google.javascript.jscomp.FunctionToBlockMutator,438>, <com.google.javascript.jscomp.FunctionToBlockMutator,439>, <com.google.javascript.jscomp.FunctionToBlockMutator,445>, <com.google.javascript.jscomp.FunctionToBlockMutator,459>, <com.google.javascript.jscomp.FunctionToBlockMutator,468>, <com.google.javascript.jscomp.DefinitionsRemover,56>, <com.google.javascript.jscomp.DefinitionsRemover,291>, <com.google.javascript.jscomp.DefinitionsRemover,292>, <com.google.javascript.jscomp.DefinitionsRemover,293>, <com.google.javascript.jscomp.DefinitionsRemover,294>, <com.google.javascript.jscomp.DefinitionsRemover,307>, <com.google.javascript.jscomp.FunctionInjector,482>, <com.google.javascript.jscomp.FunctionInjector,483>, <com.google.javascript.jscomp.FunctionInjector,484>, <com.google.javascript.jscomp.FunctionInjector,527>, <com.google.javascript.jscomp.FunctionInjector,528>, <com.google.javascript.jscomp.FunctionInjector,529>, <com.google.javascript.jscomp.AstValidator,750>, <com.google.javascript.jscomp.AstValidator,751>, <com.google.javascript.jscomp.AstValidator,752>, <com.google.javascript.jscomp.AstValidator,753>, <com.google.javascript.jscomp.MakeDeclaredNamesUnique,538>, <com.google.javascript.jscomp.MakeDeclaredNamesUnique,539>, <com.google.javascript.jscomp.MakeDeclaredNamesUnique,540>, <com.google.javascript.jscomp.MakeDeclaredNamesUnique,542>, <com.google.javascript.jscomp.MakeDeclaredNamesUnique,545>, <com.google.javascript.jscomp.MakeDeclaredNamesUnique,549>, <com.google.javascript.jscomp.MakeDeclaredNamesUnique,554>, <com.google.javascript.jscomp.MakeDeclaredNamesUnique,563>, <com.google.javascript.jscomp.MakeDeclaredNamesUnique,580>, <com.google.javascript.jscomp.FunctionInjector,842>, <com.google.javascript.jscomp.FunctionInjector,845>, <com.google.javascript.jscomp.NodeUtil,756>, <com.google.javascript.jscomp.FunctionArgumentInjector,131>, <com.google.javascript.jscomp.FunctionArgumentInjector,132>, <com.google.javascript.jscomp.FunctionArgumentInjector,130>, <com.google.javascript.jscomp.FunctionArgumentInjector,137>, <com.google.javascript.jscomp.FunctionArgumentInjector,232>, <com.google.javascript.jscomp.FunctionArgumentInjector,233>, <com.google.javascript.jscomp.AstValidator,99>, <com.google.javascript.jscomp.AstValidator,100>, <com.google.javascript.jscomp.FunctionInjector,401>, <com.google.javascript.jscomp.FunctionToBlockMutator,236>, <com.google.javascript.jscomp.FunctionToBlockMutator,238>, <com.google.javascript.jscomp.FunctionToBlockMutator,239>, <com.google.javascript.jscomp.FunctionArgumentInjector,200>, <com.google.javascript.jscomp.FunctionArgumentInjector,480>, <com.google.javascript.rhino.IR,175>, <com.google.javascript.rhino.IR,176>, <com.google.javascript.jscomp.FunctionInjector,699>, <com.google.javascript.jscomp.FunctionInjector,700>, <com.google.javascript.jscomp.FunctionInjector,701>, <com.google.javascript.jscomp.FunctionInjector,702>, <com.google.javascript.jscomp.FunctionInjector,779>, <com.google.javascript.jscomp.NodeUtil,745>, <com.google.javascript.jscomp.NodeUtil,880>, <com.google.javascript.rhino.Token,184>, <com.google.javascript.jscomp.Normalize,170>, <com.google.javascript.jscomp.Normalize,171>, <com.google.javascript.jscomp.Normalize,172>, <com.google.javascript.jscomp.FunctionInjector,899>, <com.google.javascript.jscomp.FunctionInjector,902>, <com.google.javascript.jscomp.FunctionInjector,904>, <com.google.javascript.jscomp.FunctionInjector,915>, <com.google.javascript.jscomp.FunctionInjector,916>, <com.google.javascript.jscomp.FunctionInjector,917>, <com.google.javascript.jscomp.FunctionInjector,918>, <com.google.javascript.jscomp.FunctionInjector,923>, <com.google.javascript.jscomp.FunctionInjector,925>, <com.google.javascript.jscomp.FunctionInjector,926>, <com.google.javascript.jscomp.FunctionInjector,928>, <com.google.javascript.jscomp.FunctionInjector,933>, <com.google.javascript.jscomp.NodeUtil,2206>, <com.google.javascript.jscomp.FunctionInjector,725>, <com.google.javascript.jscomp.FunctionInjector,726>, <com.google.javascript.jscomp.NodeUtil,1213>, <com.google.javascript.jscomp.FunctionInjector,695>, <com.google.javascript.jscomp.FunctionInjector,697>, <com.google.javascript.jscomp.FunctionInjector,698>, <com.google.javascript.jscomp.FunctionInjector,706>, <com.google.javascript.jscomp.FunctionInjector,711>, <com.google.javascript.jscomp.FunctionInjector,808>, <com.google.javascript.jscomp.FunctionInjector,809>, <com.google.javascript.jscomp.FunctionInjector,811>, <com.google.javascript.jscomp.FunctionInjector,813>, <com.google.javascript.jscomp.FunctionInjector,816>, <com.google.javascript.jscomp.FunctionInjector,836>, <com.google.javascript.jscomp.FunctionInjector,838>, <com.google.javascript.jscomp.FunctionInjector,861>, <com.google.javascript.jscomp.FunctionInjector,862>, <com.google.javascript.jscomp.FunctionInjector,864>, <com.google.javascript.jscomp.FunctionInjector,865>, <com.google.javascript.jscomp.FunctionInjector,869>, <com.google.javascript.jscomp.FunctionInjector,877>, <com.google.javascript.jscomp.FunctionInjector,888>, <com.google.javascript.jscomp.FunctionInjector,889>, <com.google.javascript.jscomp.FunctionInjector,890>, <com.google.javascript.jscomp.FunctionInjector,893>, <com.google.javascript.jscomp.FunctionInjector,894>, <com.google.javascript.jscomp.FunctionInjector,208>, <com.google.javascript.jscomp.FunctionInjector,691>, <com.google.javascript.jscomp.NodeUtil,2765>, <com.google.javascript.jscomp.NodeUtil,1165>, <com.google.javascript.jscomp.InlineFunctions,1033>, <com.google.javascript.jscomp.InlineFunctions,1034>, <com.google.javascript.jscomp.InlineFunctions,1035>, <com.google.javascript.rhino.Node,1775>, <com.google.javascript.rhino.Node,1776>, <com.google.javascript.rhino.Node,1777>, <com.google.javascript.rhino.Node,1778>, <com.google.javascript.rhino.Node,1782>, <com.google.javascript.jscomp.InlineFunctions,787>, <com.google.javascript.rhino.Node,966>, <com.google.javascript.rhino.Node,967>, <com.google.javascript.rhino.Token,214>, <com.google.javascript.jscomp.FunctionInjector,555>, <com.google.javascript.jscomp.FunctionArgumentInjector,488>, <com.google.javascript.jscomp.FunctionToBlockMutator,140>, <com.google.javascript.jscomp.FunctionToBlockMutator,141>, <com.google.javascript.jscomp.NodeUtil,2810>, <com.google.javascript.jscomp.FunctionInjector,601>, <com.google.javascript.jscomp.FunctionArgumentInjector,288>, <com.google.javascript.jscomp.FunctionArgumentInjector,291>, <com.google.javascript.jscomp.DefinitionsRemover,61>, <com.google.javascript.jscomp.DefinitionsRemover,62>, <com.google.javascript.jscomp.DefinitionsRemover,215>, <com.google.javascript.jscomp.DefinitionsRemover,216>, <com.google.javascript.jscomp.DefinitionsRemover,217>, <com.google.javascript.jscomp.DefinitionsRemover,218>]
======================com.google.javascript.rhino.Node,1430
com.google.javascript.rhino.Node,1446
com.google.javascript.rhino.Node,1459
com.google.javascript.rhino.Node,2194
Find no block!
com.google.javascript.rhino.Node,2195
com.google.javascript.rhino.Node,2196
com.google.javascript.rhino.Node,2197
Find no block!
com.google.javascript.jscomp.FunctionInjector,731
========
if(current.shouldRemove&&NodeUtil.canBeSideEffected(cArg)){
return CanInlineResult.NO;
}

========
COMMAND:cd /home/mmotwani/mywork1dir/Defects4Java7/defects4j/SIMFIX_RQ3_closure115_1_1/closure/closure_115_buggy && /usr/bin/timeout 120 /mnt/nfs/work1/brun/mmotwani/Defects4Java7/defects4j//framework/bin/defects4j compile
========
if(shouldRemove&&NodeUtil.canBeSideEffected(cArg)){
return CanInlineResult.NO;
}

========
COMMAND:cd /home/mmotwani/mywork1dir/Defects4Java7/defects4j/SIMFIX_RQ3_closure115_1_1/closure/closure_115_buggy && /usr/bin/timeout 120 /mnt/nfs/work1/brun/mmotwani/Defects4Java7/defects4j//framework/bin/defects4j compile
========
if(cArg==null&&NodeUtil.canBeSideEffected(cArg)){
return CanInlineResult.NO;
}

========
COMMAND:cd /home/mmotwani/mywork1dir/Defects4Java7/defects4j/SIMFIX_RQ3_closure115_1_1/closure/closure_115_buggy && /usr/bin/timeout 120 /mnt/nfs/work1/brun/mmotwani/Defects4Java7/defects4j//framework/bin/defects4j compile
FAILED TEST:com.google.javascript.jscomp.InlineFunctionsTest::testNoInlineIfParametersModified9
COUNT THESE===> Subject [_name=closure, _id=115, _ssrc=/src, _tsrc=/test, _sbin=/build/classes, _tbin=/build/test, _dependency=null] com.google.javascript.jscomp.InlineFunctionsTest testNoInlineIfParametersModified9
TESTING : com.google.javascript.jscomp.InlineFunctionsTest::testNoInlineIfParametersModified9
COMMAND:cd /home/mmotwani/mywork1dir/Defects4Java7/defects4j/SIMFIX_RQ3_closure115_1_1/closure/closure_115_buggy && /usr/bin/timeout 30 /mnt/nfs/work1/brun/mmotwani/Defects4Java7/defects4j//framework/bin/defects4j test -t com.google.javascript.jscomp.InlineFunctionsTest::testNoInlineIfParametersModified9
Failing tests: 0
TESTING : closure_115
COMMAND:cd /home/mmotwani/mywork1dir/Defects4Java7/defects4j/SIMFIX_RQ3_closure115_1_1/closure/closure_115_buggy && /usr/bin/timeout 600 /mnt/nfs/work1/brun/mmotwani/Defects4Java7/defects4j//framework/bin/defects4j test
Failing tests: 0
Successfully repair!
