java version "1.7.0_231"
OpenJDK Runtime Environment (rhel-2.6.19.1.el7_6-x86_64 u231-b01)
OpenJDK 64-Bit Server VM (build 24.231-b01, mixed mode)
Check out 4597738e to /mnt/nfs/work1/brun/mmotwani/Defects4Java7/defects4j/ OK
Init local repository...................................................... OK
Tag post-fix revision...................................................... OK
Run post-checkout hook..................................................... OK
Initialize fixed program version........................................... OK
Apply patch................................................................ OK
Initialize buggy program version........................................... OK
Diff 4597738e:2d6e1c78..................................................... OK
Apply patch................................................................ OK
Tag pre-fix revision....................................................... OK
Check out program version: Closure-115b.................................... OK
Running ant (compile)...................................................... OK
Running ant (compile.tests)................................................ OK
Running ant (compile.tests)................................................ OK
Running ant (run.dev.tests)................................................ OK
Failing tests: 7
  - com.google.javascript.jscomp.InlineFunctionsTest::testBug4944818
  - com.google.javascript.jscomp.InlineFunctionsTest::testDoubleInlining1
  - com.google.javascript.jscomp.InlineFunctionsTest::testNoInlineIfParametersModified8
  - com.google.javascript.jscomp.InlineFunctionsTest::testNoInlineIfParametersModified9
  - com.google.javascript.jscomp.InlineFunctionsTest::testInlineFunctions22
  - com.google.javascript.jscomp.InlineFunctionsTest::testInlineFunctions23
  - com.google.javascript.jscomp.InlineFunctionsTest::testInlineFunctions6
/home/mmotwani/mywork1dir/Defects4Java7/defects4j/SIMFIX_RQ3_closure115_2_0
PURIFY IS TRUE
=================================================
Project : closure_115	start : 19/11/07 16:54

Field type inconsistancy 'SUPER' with types : SimpleReference<SimpleSlot> and FunctionInjector.Reference
Variable type inconsistancy of 'start' in method 'parseRegExp,String,String' with types : int and char
Variable type inconsistancy of 'end' in method 'parseRegExp,String,String' with types : int and char
Variable type inconsistancy of 'name' in method 'visit,NodeTraversal,Node,Node' with types : Name and String
Field type inconsistancy 'type' with types : Type and JSType
Field type inconsistancy 'THIS' with types : Token and int
readFailedTest: path is /mnt/nfs/work1/brun/mmotwani/SimFix/d4j-info/failed_tests/closure/115.txtTESTING : com.google.javascript.jscomp.InlineFunctionsTest::testNoInlineIfParametersModified9
COMMAND:cd /home/mmotwani/mywork1dir/Defects4Java7/defects4j/SIMFIX_RQ3_closure115_2_0/closure/closure_115_buggy && /usr/bin/timeout 30 /mnt/nfs/work1/brun/mmotwani/Defects4Java7/defects4j//framework/bin/defects4j test -t com.google.javascript.jscomp.InlineFunctionsTest::testNoInlineIfParametersModified9
Running ant (compile.tests)................................................ 
TESTING : com.google.javascript.jscomp.InlineFunctionsTest::testBug4944818
COMMAND:cd /home/mmotwani/mywork1dir/Defects4Java7/defects4j/SIMFIX_RQ3_closure115_2_0/closure/closure_115_buggy && /usr/bin/timeout 30 /mnt/nfs/work1/brun/mmotwani/Defects4Java7/defects4j//framework/bin/defects4j test -t com.google.javascript.jscomp.InlineFunctionsTest::testBug4944818
Running ant (run.dev.tests)................................................ 
Running ant (compile.tests)................................................ OK
IN COMMENT TEST CASE: com.google.javascript.jscomp.InlineFunctionsTest::testNoInlineIfParametersModified9
IN COMMENT TEST CASE: com.google.javascript.jscomp.InlineFunctionsTest::testBug4944818
IN COMMENT TEST CASE: /home/mmotwani/mywork1dir/Defects4Java7/defects4j/SIMFIX_RQ3_closure115_2_0/closure/closure_115_buggy/test/com/google/javascript/jscomp/InlineFunctionsTest.java

# FAILING TESTS: 1
TIMEOUT : 9000000
===========
locations= [<com.google.javascript.rhino.Node,1430>, <com.google.javascript.rhino.Node,1446>, <com.google.javascript.rhino.Node,1459>, <com.google.javascript.rhino.Node,2194>, <com.google.javascript.rhino.Node,2195>, <com.google.javascript.rhino.Node,2196>, <com.google.javascript.rhino.Node,2197>, <com.google.javascript.jscomp.FunctionInjector,731>, <com.google.javascript.rhino.Token,202>, <com.google.javascript.jscomp.FunctionArgumentInjector,290>, <com.google.javascript.rhino.Token,210>, <com.google.javascript.jscomp.MarkNoSideEffectCalls,148>, <com.google.javascript.jscomp.MarkNoSideEffectCalls,152>, <com.google.javascript.jscomp.parsing.IRFactory,947>, <com.google.javascript.jscomp.parsing.IRFactory,948>, <com.google.javascript.jscomp.CodeGenerator,665>, <com.google.javascript.jscomp.CodeGenerator,666>, <com.google.javascript.jscomp.CodeGenerator,667>, <com.google.javascript.jscomp.InlineFunctions,503>, <com.google.javascript.jscomp.InlineFunctions,504>, <com.google.javascript.jscomp.FunctionArgumentInjector,465>, <com.google.javascript.jscomp.ExpressionDecomposer,193>, <com.google.javascript.jscomp.ExpressionDecomposer,213>, <com.google.javascript.jscomp.ExpressionDecomposer,216>, <com.google.javascript.jscomp.parsing.IRFactory,1363>, <com.google.javascript.jscomp.NodeUtil,2187>, <com.google.javascript.jscomp.AstValidator,241>, <com.google.javascript.jscomp.AstValidator,242>, <com.google.javascript.jscomp.InlineFunctions,760>, <com.google.javascript.jscomp.NodeUtil,1155>, <com.google.javascript.jscomp.CodeGenerator,109>, <com.google.javascript.jscomp.CodeGenerator,502>, <com.google.javascript.jscomp.CodeGenerator,505>, <com.google.javascript.jscomp.CodeGenerator,506>, <com.google.javascript.jscomp.CodeGenerator,507>, <com.google.javascript.jscomp.CodeGenerator,508>, <com.google.javascript.jscomp.CodeGenerator,509>, <com.google.javascript.jscomp.CodeGenerator,582>, <com.google.javascript.jscomp.CodeGenerator,583>, <com.google.javascript.jscomp.ExpressionDecomposer,864>, <com.google.javascript.jscomp.FunctionArgumentInjector,422>, <com.google.javascript.jscomp.InlineFunctions,541>, <com.google.javascript.jscomp.InlineFunctions,745>, <com.google.javascript.jscomp.InlineFunctions,691>, <com.google.javascript.jscomp.InlineFunctions,692>, <com.google.javascript.jscomp.InlineFunctions,693>, <com.google.javascript.jscomp.InlineFunctions,694>, <com.google.javascript.jscomp.InlineFunctions,886>, <com.google.javascript.jscomp.InlineFunctions,887>, <com.google.javascript.jscomp.InlineFunctions,888>, <com.google.javascript.jscomp.InlineFunctions,889>, <com.google.javascript.jscomp.InlineFunctions,891>, <com.google.javascript.jscomp.InlineFunctions,892>, <com.google.javascript.jscomp.InlineFunctions,897>, <com.google.javascript.jscomp.ExpressionDecomposer,491>, <com.google.javascript.jscomp.ExpressionDecomposer,495>, <com.google.javascript.jscomp.NodeUtil,1149>, <com.google.javascript.jscomp.ExpressionDecomposer,166>, <com.google.javascript.jscomp.ExpressionDecomposer,167>, <com.google.javascript.jscomp.ExpressionDecomposer,169>, <com.google.javascript.jscomp.ExpressionDecomposer,163>, <com.google.javascript.jscomp.ExpressionDecomposer,164>, <com.google.javascript.jscomp.ExpressionDecomposer,165>, <com.google.javascript.jscomp.ExpressionDecomposer,302>, <com.google.javascript.jscomp.ExpressionDecomposer,303>, <com.google.javascript.jscomp.ExpressionDecomposer,307>, <com.google.javascript.jscomp.ExpressionDecomposer,313>, <com.google.javascript.jscomp.ExpressionDecomposer,318>, <com.google.javascript.jscomp.ExpressionDecomposer,321>, <com.google.javascript.jscomp.ExpressionDecomposer,322>, <com.google.javascript.jscomp.ExpressionDecomposer,325>, <com.google.javascript.jscomp.ExpressionDecomposer,441>, <com.google.javascript.jscomp.ExpressionDecomposer,443>, <com.google.javascript.jscomp.ExpressionDecomposer,447>, <com.google.javascript.jscomp.ExpressionDecomposer,455>, <com.google.javascript.jscomp.ExpressionDecomposer,467>, <com.google.javascript.jscomp.ExpressionDecomposer,468>, <com.google.javascript.jscomp.ExpressionDecomposer,474>, <com.google.javascript.jscomp.ExpressionDecomposer,499>, <com.google.javascript.jscomp.ExpressionDecomposer,501>, <com.google.javascript.jscomp.ExpressionDecomposer,502>, <com.google.javascript.jscomp.ExpressionDecomposer,504>, <com.google.javascript.jscomp.ExpressionDecomposer,505>, <com.google.javascript.jscomp.ExpressionDecomposer,507>, <com.google.javascript.jscomp.ExpressionDecomposer,610>, <com.google.javascript.jscomp.ExpressionDecomposer,613>, <com.google.javascript.jscomp.ExpressionDecomposer,614>, <com.google.javascript.jscomp.ExpressionDecomposer,80>, <com.google.javascript.jscomp.ExpressionDecomposer,81>, <com.google.javascript.jscomp.ExpressionDecomposer,82>, <com.google.javascript.jscomp.ExpressionDecomposer,83>, <com.google.javascript.jscomp.ExpressionDecomposer,84>, <com.google.javascript.jscomp.ExpressionDecomposer,90>, <com.google.javascript.jscomp.ExpressionDecomposer,98>, <com.google.javascript.jscomp.ExpressionDecomposer,99>, <com.google.javascript.jscomp.ExpressionDecomposer,100>, <com.google.javascript.jscomp.ExpressionDecomposer,101>, <com.google.javascript.jscomp.ExpressionDecomposer,102>, <com.google.javascript.jscomp.ExpressionDecomposer,147>, <com.google.javascript.jscomp.ExpressionDecomposer,150>, <com.google.javascript.jscomp.ExpressionDecomposer,153>, <com.google.javascript.jscomp.ExpressionDecomposer,154>, <com.google.javascript.jscomp.ExpressionDecomposer,155>, <com.google.javascript.jscomp.ExpressionDecomposer,156>, <com.google.javascript.jscomp.ExpressionDecomposer,159>, <com.google.javascript.jscomp.ExpressionDecomposer,160>, <com.google.javascript.jscomp.ExpressionDecomposer,161>, <com.google.javascript.jscomp.ExpressionDecomposer,162>, <com.google.javascript.jscomp.ExpressionDecomposer,225>, <com.google.javascript.jscomp.ExpressionDecomposer,235>, <com.google.javascript.jscomp.ExpressionDecomposer,255>, <com.google.javascript.jscomp.ExpressionDecomposer,257>, <com.google.javascript.jscomp.ExpressionDecomposer,258>, <com.google.javascript.jscomp.ExpressionDecomposer,260>, <com.google.javascript.jscomp.ExpressionDecomposer,259>, <com.google.javascript.jscomp.ExpressionDecomposer,269>, <com.google.javascript.jscomp.FunctionInjector,379>, <com.google.javascript.jscomp.FunctionInjector,382>, <com.google.javascript.jscomp.FunctionInjector,383>, <com.google.javascript.jscomp.FunctionInjector,384>, <com.google.javascript.jscomp.FunctionInjector,385>, <com.google.javascript.jscomp.ExpressionDecomposer,277>, <com.google.javascript.jscomp.FunctionInjector,730>, <com.google.javascript.jscomp.FunctionInjector,729>, <com.google.javascript.jscomp.InlineFunctions,755>, <com.google.javascript.jscomp.InlineFunctions,758>, <com.google.javascript.jscomp.parsing.TypeSafeDispatcher,234>, <com.google.javascript.jscomp.parsing.IRFactory,698>, <com.google.javascript.jscomp.InlineFunctions,806>, <com.google.javascript.jscomp.FunctionArgumentInjector,67>, <com.google.javascript.jscomp.FunctionArgumentInjector,72>, <com.google.javascript.jscomp.FunctionArgumentInjector,73>, <com.google.javascript.jscomp.FunctionArgumentInjector,74>, <com.google.javascript.jscomp.FunctionInjector,728>, <com.google.javascript.jscomp.FunctionToBlockMutator,408>, <com.google.javascript.jscomp.FunctionToBlockMutator,409>, <com.google.javascript.jscomp.MarkNoSideEffectCalls,139>, <com.google.javascript.jscomp.MarkNoSideEffectCalls,140>, <com.google.javascript.jscomp.MarkNoSideEffectCalls,146>, <com.google.javascript.jscomp.FunctionToBlockMutator,339>, <com.google.javascript.jscomp.FunctionToBlockMutator,340>, <com.google.javascript.jscomp.FunctionToBlockMutator,401>, <com.google.javascript.jscomp.FunctionToBlockMutator,402>, <com.google.javascript.jscomp.FunctionToBlockMutator,403>, <com.google.javascript.jscomp.FunctionToBlockMutator,405>, <com.google.javascript.jscomp.FunctionToBlockMutator,411>, <com.google.javascript.jscomp.InlineFunctions,690>, <com.google.javascript.jscomp.InlineFunctions,895>, <com.google.javascript.jscomp.InlineFunctions,896>, <com.google.javascript.jscomp.InlineCostEstimator,89>, <com.google.javascript.jscomp.ExpressionDecomposer,861>, <com.google.javascript.jscomp.ExpressionDecomposer,862>, <com.google.javascript.jscomp.FunctionArgumentInjector,444>, <com.google.javascript.jscomp.FunctionToBlockMutator,442>, <com.google.javascript.rhino.Token,250>, <com.google.javascript.jscomp.CodeGenerator,878>, <com.google.javascript.jscomp.CodeGenerator,879>, <com.google.javascript.jscomp.CodeGenerator,880>, <com.google.javascript.jscomp.CodeGenerator,888>, <com.google.javascript.jscomp.CodeGenerator,915>, <com.google.javascript.jscomp.CodeGenerator,932>, <com.google.javascript.jscomp.CodeGenerator,1236>, <com.google.javascript.jscomp.CodeGenerator,1237>, <com.google.javascript.jscomp.CodeGenerator,1242>, <com.google.javascript.jscomp.CodeGenerator,1243>, <com.google.javascript.jscomp.FunctionInjector,866>, <com.google.javascript.jscomp.FunctionArgumentInjector,411>, <com.google.javascript.rhino.Token,232>, <com.google.javascript.jscomp.FunctionArgumentInjector,419>, <com.google.javascript.jscomp.FunctionArgumentInjector,424>, <com.google.javascript.jscomp.AstValidator,120>, <com.google.javascript.jscomp.AstValidator,121>, <com.google.javascript.jscomp.AstValidator,464>, <com.google.javascript.jscomp.AstValidator,465>, <com.google.javascript.jscomp.AstValidator,466>, <com.google.javascript.jscomp.AstValidator,467>, <com.google.javascript.jscomp.AstValidator,468>, <com.google.javascript.jscomp.AstValidator,469>, <com.google.javascript.jscomp.AstValidator,472>, <com.google.javascript.jscomp.FunctionToBlockMutator,335>, <com.google.javascript.jscomp.FunctionToBlockMutator,338>, <com.google.javascript.jscomp.FunctionToBlockMutator,343>, <com.google.javascript.jscomp.FunctionToBlockMutator,436>, <com.google.javascript.jscomp.FunctionToBlockMutator,438>, <com.google.javascript.jscomp.FunctionToBlockMutator,439>, <com.google.javascript.jscomp.FunctionToBlockMutator,445>, <com.google.javascript.jscomp.FunctionToBlockMutator,459>, <com.google.javascript.jscomp.FunctionToBlockMutator,468>, <com.google.javascript.rhino.Node,651>, <com.google.javascript.rhino.Node,652>, <com.google.javascript.rhino.Node,653>, <com.google.javascript.jscomp.DefinitionsRemover,56>, <com.google.javascript.jscomp.DefinitionsRemover,291>, <com.google.javascript.jscomp.DefinitionsRemover,292>, <com.google.javascript.jscomp.DefinitionsRemover,293>, <com.google.javascript.jscomp.DefinitionsRemover,294>, <com.google.javascript.jscomp.DefinitionsRemover,307>, <com.google.javascript.jscomp.AstValidator,796>, <com.google.javascript.jscomp.CodeGenerator,561>, <com.google.javascript.jscomp.CodeGenerator,562>]
======================com.google.javascript.rhino.Node,1430
com.google.javascript.rhino.Node,1446
com.google.javascript.rhino.Node,1459
com.google.javascript.rhino.Node,2194
Find no block!
com.google.javascript.rhino.Node,2195
com.google.javascript.rhino.Node,2196
com.google.javascript.rhino.Node,2197
Find no block!
com.google.javascript.jscomp.FunctionInjector,731
========
if(current.shouldRemove&&NodeUtil.canBeSideEffected(cArg)){
return CanInlineResult.NO;
}

========
COMMAND:cd /home/mmotwani/mywork1dir/Defects4Java7/defects4j/SIMFIX_RQ3_closure115_2_0/closure/closure_115_buggy && /usr/bin/timeout 120 /mnt/nfs/work1/brun/mmotwani/Defects4Java7/defects4j//framework/bin/defects4j compile
========
if(shouldRemove&&NodeUtil.canBeSideEffected(cArg)){
return CanInlineResult.NO;
}

========
COMMAND:cd /home/mmotwani/mywork1dir/Defects4Java7/defects4j/SIMFIX_RQ3_closure115_2_0/closure/closure_115_buggy && /usr/bin/timeout 120 /mnt/nfs/work1/brun/mmotwani/Defects4Java7/defects4j//framework/bin/defects4j compile
========
if(cArg==null&&NodeUtil.canBeSideEffected(cArg)){
return CanInlineResult.NO;
}

========
COMMAND:cd /home/mmotwani/mywork1dir/Defects4Java7/defects4j/SIMFIX_RQ3_closure115_2_0/closure/closure_115_buggy && /usr/bin/timeout 120 /mnt/nfs/work1/brun/mmotwani/Defects4Java7/defects4j//framework/bin/defects4j compile
FAILED TEST:com.google.javascript.jscomp.InlineFunctionsTest::testNoInlineIfParametersModified9
COUNT THESE===> Subject [_name=closure, _id=115, _ssrc=/src, _tsrc=/test, _sbin=/build/classes, _tbin=/build/test, _dependency=null] com.google.javascript.jscomp.InlineFunctionsTest testNoInlineIfParametersModified9
TESTING : com.google.javascript.jscomp.InlineFunctionsTest::testNoInlineIfParametersModified9
COMMAND:cd /home/mmotwani/mywork1dir/Defects4Java7/defects4j/SIMFIX_RQ3_closure115_2_0/closure/closure_115_buggy && /usr/bin/timeout 30 /mnt/nfs/work1/brun/mmotwani/Defects4Java7/defects4j//framework/bin/defects4j test -t com.google.javascript.jscomp.InlineFunctionsTest::testNoInlineIfParametersModified9
Failing tests: 0
TESTING : closure_115
COMMAND:cd /home/mmotwani/mywork1dir/Defects4Java7/defects4j/SIMFIX_RQ3_closure115_2_0/closure/closure_115_buggy && /usr/bin/timeout 600 /mnt/nfs/work1/brun/mmotwani/Defects4Java7/defects4j//framework/bin/defects4j test
Failing tests: 0
Successfully repair!
TESTING : com.google.javascript.jscomp.InlineFunctionsTest::testBug4944818
COMMAND:cd /home/mmotwani/mywork1dir/Defects4Java7/defects4j/SIMFIX_RQ3_closure115_2_0/closure/closure_115_buggy && /usr/bin/timeout 30 /mnt/nfs/work1/brun/mmotwani/Defects4Java7/defects4j//framework/bin/defects4j test -t com.google.javascript.jscomp.InlineFunctionsTest::testBug4944818
Running ant (run.dev.tests)................................................ 
Running ant (compile.tests)................................................ OK
IN COMMENT TEST CASE: com.google.javascript.jscomp.InlineFunctionsTest::testNoInlineIfParametersModified9
IN COMMENT TEST CASE: com.google.javascript.jscomp.InlineFunctionsTest::testBug4944818
IN COMMENT TEST CASE: /home/mmotwani/mywork1dir/Defects4Java7/defects4j/SIMFIX_RQ3_closure115_2_0/closure/closure_115_buggy/test/com/google/javascript/jscomp/InlineFunctionsTest.java

# FAILING TESTS: 1
TIMEOUT : 9000000
===========
locations= [<com.google.javascript.rhino.Node,1430>, <com.google.javascript.rhino.Node,1446>, <com.google.javascript.rhino.Node,1459>, <com.google.javascript.rhino.Node,2194>, <com.google.javascript.rhino.Node,2195>, <com.google.javascript.rhino.Node,2196>, <com.google.javascript.rhino.Node,2197>, <com.google.javascript.jscomp.FunctionInjector,731>, <com.google.javascript.rhino.Token,202>, <com.google.javascript.jscomp.FunctionArgumentInjector,290>, <com.google.javascript.rhino.Token,210>, <com.google.javascript.jscomp.MarkNoSideEffectCalls,148>, <com.google.javascript.jscomp.MarkNoSideEffectCalls,152>, <com.google.javascript.jscomp.parsing.IRFactory,947>, <com.google.javascript.jscomp.parsing.IRFactory,948>, <com.google.javascript.jscomp.CodeGenerator,665>, <com.google.javascript.jscomp.CodeGenerator,666>, <com.google.javascript.jscomp.CodeGenerator,667>, <com.google.javascript.jscomp.InlineFunctions,503>, <com.google.javascript.jscomp.InlineFunctions,504>, <com.google.javascript.jscomp.FunctionArgumentInjector,465>, <com.google.javascript.jscomp.ExpressionDecomposer,193>, <com.google.javascript.jscomp.ExpressionDecomposer,213>, <com.google.javascript.jscomp.ExpressionDecomposer,216>, <com.google.javascript.jscomp.parsing.IRFactory,1363>, <com.google.javascript.jscomp.NodeUtil,2187>, <com.google.javascript.jscomp.AstValidator,241>, <com.google.javascript.jscomp.AstValidator,242>, <com.google.javascript.jscomp.InlineFunctions,760>, <com.google.javascript.jscomp.NodeUtil,1155>, <com.google.javascript.jscomp.CodeGenerator,109>, <com.google.javascript.jscomp.CodeGenerator,502>, <com.google.javascript.jscomp.CodeGenerator,505>, <com.google.javascript.jscomp.CodeGenerator,506>, <com.google.javascript.jscomp.CodeGenerator,507>, <com.google.javascript.jscomp.CodeGenerator,508>, <com.google.javascript.jscomp.CodeGenerator,509>, <com.google.javascript.jscomp.CodeGenerator,582>, <com.google.javascript.jscomp.CodeGenerator,583>, <com.google.javascript.jscomp.ExpressionDecomposer,864>, <com.google.javascript.jscomp.FunctionArgumentInjector,422>, <com.google.javascript.jscomp.InlineFunctions,541>, <com.google.javascript.jscomp.InlineFunctions,745>, <com.google.javascript.jscomp.InlineFunctions,691>, <com.google.javascript.jscomp.InlineFunctions,692>, <com.google.javascript.jscomp.InlineFunctions,693>, <com.google.javascript.jscomp.InlineFunctions,694>, <com.google.javascript.jscomp.InlineFunctions,886>, <com.google.javascript.jscomp.InlineFunctions,887>, <com.google.javascript.jscomp.InlineFunctions,888>, <com.google.javascript.jscomp.InlineFunctions,889>, <com.google.javascript.jscomp.InlineFunctions,891>, <com.google.javascript.jscomp.InlineFunctions,892>, <com.google.javascript.jscomp.InlineFunctions,897>, <com.google.javascript.jscomp.ExpressionDecomposer,491>, <com.google.javascript.jscomp.ExpressionDecomposer,495>, <com.google.javascript.jscomp.NodeUtil,1149>, <com.google.javascript.jscomp.ExpressionDecomposer,166>, <com.google.javascript.jscomp.ExpressionDecomposer,167>, <com.google.javascript.jscomp.ExpressionDecomposer,169>, <com.google.javascript.jscomp.ExpressionDecomposer,163>, <com.google.javascript.jscomp.ExpressionDecomposer,164>, <com.google.javascript.jscomp.ExpressionDecomposer,165>, <com.google.javascript.jscomp.ExpressionDecomposer,302>, <com.google.javascript.jscomp.ExpressionDecomposer,303>, <com.google.javascript.jscomp.ExpressionDecomposer,307>, <com.google.javascript.jscomp.ExpressionDecomposer,313>, <com.google.javascript.jscomp.ExpressionDecomposer,318>, <com.google.javascript.jscomp.ExpressionDecomposer,321>, <com.google.javascript.jscomp.ExpressionDecomposer,322>, <com.google.javascript.jscomp.ExpressionDecomposer,325>, <com.google.javascript.jscomp.ExpressionDecomposer,441>, <com.google.javascript.jscomp.ExpressionDecomposer,443>, <com.google.javascript.jscomp.ExpressionDecomposer,447>, <com.google.javascript.jscomp.ExpressionDecomposer,455>, <com.google.javascript.jscomp.ExpressionDecomposer,467>, <com.google.javascript.jscomp.ExpressionDecomposer,468>, <com.google.javascript.jscomp.ExpressionDecomposer,474>, <com.google.javascript.jscomp.ExpressionDecomposer,499>, <com.google.javascript.jscomp.ExpressionDecomposer,501>, <com.google.javascript.jscomp.ExpressionDecomposer,502>, <com.google.javascript.jscomp.ExpressionDecomposer,504>, <com.google.javascript.jscomp.ExpressionDecomposer,505>, <com.google.javascript.jscomp.ExpressionDecomposer,507>, <com.google.javascript.jscomp.ExpressionDecomposer,610>, <com.google.javascript.jscomp.ExpressionDecomposer,613>, <com.google.javascript.jscomp.ExpressionDecomposer,614>, <com.google.javascript.jscomp.ExpressionDecomposer,80>, <com.google.javascript.jscomp.ExpressionDecomposer,81>, <com.google.javascript.jscomp.ExpressionDecomposer,82>, <com.google.javascript.jscomp.ExpressionDecomposer,83>, <com.google.javascript.jscomp.ExpressionDecomposer,84>, <com.google.javascript.jscomp.ExpressionDecomposer,90>, <com.google.javascript.jscomp.ExpressionDecomposer,98>, <com.google.javascript.jscomp.ExpressionDecomposer,99>, <com.google.javascript.jscomp.ExpressionDecomposer,100>, <com.google.javascript.jscomp.ExpressionDecomposer,101>, <com.google.javascript.jscomp.ExpressionDecomposer,102>, <com.google.javascript.jscomp.ExpressionDecomposer,147>, <com.google.javascript.jscomp.ExpressionDecomposer,150>, <com.google.javascript.jscomp.ExpressionDecomposer,153>, <com.google.javascript.jscomp.ExpressionDecomposer,154>, <com.google.javascript.jscomp.ExpressionDecomposer,155>, <com.google.javascript.jscomp.ExpressionDecomposer,156>, <com.google.javascript.jscomp.ExpressionDecomposer,159>, <com.google.javascript.jscomp.ExpressionDecomposer,160>, <com.google.javascript.jscomp.ExpressionDecomposer,161>, <com.google.javascript.jscomp.ExpressionDecomposer,162>, <com.google.javascript.jscomp.ExpressionDecomposer,225>, <com.google.javascript.jscomp.ExpressionDecomposer,235>, <com.google.javascript.jscomp.ExpressionDecomposer,255>, <com.google.javascript.jscomp.ExpressionDecomposer,257>, <com.google.javascript.jscomp.ExpressionDecomposer,258>, <com.google.javascript.jscomp.ExpressionDecomposer,260>, <com.google.javascript.jscomp.ExpressionDecomposer,259>, <com.google.javascript.jscomp.ExpressionDecomposer,269>, <com.google.javascript.jscomp.FunctionInjector,379>, <com.google.javascript.jscomp.FunctionInjector,382>, <com.google.javascript.jscomp.FunctionInjector,383>, <com.google.javascript.jscomp.FunctionInjector,384>, <com.google.javascript.jscomp.FunctionInjector,385>, <com.google.javascript.jscomp.ExpressionDecomposer,277>, <com.google.javascript.jscomp.FunctionInjector,730>, <com.google.javascript.jscomp.FunctionInjector,729>, <com.google.javascript.jscomp.InlineFunctions,755>, <com.google.javascript.jscomp.InlineFunctions,758>, <com.google.javascript.jscomp.parsing.TypeSafeDispatcher,234>, <com.google.javascript.jscomp.parsing.IRFactory,698>, <com.google.javascript.jscomp.InlineFunctions,806>, <com.google.javascript.jscomp.FunctionArgumentInjector,67>, <com.google.javascript.jscomp.FunctionArgumentInjector,72>, <com.google.javascript.jscomp.FunctionArgumentInjector,73>, <com.google.javascript.jscomp.FunctionArgumentInjector,74>, <com.google.javascript.jscomp.FunctionInjector,728>, <com.google.javascript.jscomp.FunctionToBlockMutator,408>, <com.google.javascript.jscomp.FunctionToBlockMutator,409>, <com.google.javascript.jscomp.MarkNoSideEffectCalls,139>, <com.google.javascript.jscomp.MarkNoSideEffectCalls,140>, <com.google.javascript.jscomp.MarkNoSideEffectCalls,146>, <com.google.javascript.jscomp.FunctionToBlockMutator,339>, <com.google.javascript.jscomp.FunctionToBlockMutator,340>, <com.google.javascript.jscomp.FunctionToBlockMutator,401>, <com.google.javascript.jscomp.FunctionToBlockMutator,402>, <com.google.javascript.jscomp.FunctionToBlockMutator,403>, <com.google.javascript.jscomp.FunctionToBlockMutator,405>, <com.google.javascript.jscomp.FunctionToBlockMutator,411>, <com.google.javascript.jscomp.InlineFunctions,690>, <com.google.javascript.jscomp.InlineFunctions,895>, <com.google.javascript.jscomp.InlineFunctions,896>, <com.google.javascript.jscomp.InlineCostEstimator,89>, <com.google.javascript.jscomp.ExpressionDecomposer,861>, <com.google.javascript.jscomp.ExpressionDecomposer,862>, <com.google.javascript.jscomp.FunctionArgumentInjector,444>, <com.google.javascript.jscomp.FunctionToBlockMutator,442>, <com.google.javascript.rhino.Token,250>, <com.google.javascript.jscomp.CodeGenerator,878>, <com.google.javascript.jscomp.CodeGenerator,879>, <com.google.javascript.jscomp.CodeGenerator,880>, <com.google.javascript.jscomp.CodeGenerator,888>, <com.google.javascript.jscomp.CodeGenerator,915>, <com.google.javascript.jscomp.CodeGenerator,932>, <com.google.javascript.jscomp.CodeGenerator,1236>, <com.google.javascript.jscomp.CodeGenerator,1237>, <com.google.javascript.jscomp.CodeGenerator,1242>, <com.google.javascript.jscomp.CodeGenerator,1243>, <com.google.javascript.jscomp.FunctionInjector,866>, <com.google.javascript.jscomp.FunctionArgumentInjector,411>, <com.google.javascript.rhino.Token,232>, <com.google.javascript.jscomp.FunctionArgumentInjector,419>, <com.google.javascript.jscomp.FunctionArgumentInjector,424>, <com.google.javascript.jscomp.AstValidator,120>, <com.google.javascript.jscomp.AstValidator,121>, <com.google.javascript.jscomp.AstValidator,464>, <com.google.javascript.jscomp.AstValidator,465>, <com.google.javascript.jscomp.AstValidator,466>, <com.google.javascript.jscomp.AstValidator,467>, <com.google.javascript.jscomp.AstValidator,468>, <com.google.javascript.jscomp.AstValidator,469>, <com.google.javascript.jscomp.AstValidator,472>, <com.google.javascript.jscomp.FunctionToBlockMutator,335>, <com.google.javascript.jscomp.FunctionToBlockMutator,338>, <com.google.javascript.jscomp.FunctionToBlockMutator,343>, <com.google.javascript.jscomp.FunctionToBlockMutator,436>, <com.google.javascript.jscomp.FunctionToBlockMutator,438>, <com.google.javascript.jscomp.FunctionToBlockMutator,439>, <com.google.javascript.jscomp.FunctionToBlockMutator,445>, <com.google.javascript.jscomp.FunctionToBlockMutator,459>, <com.google.javascript.jscomp.FunctionToBlockMutator,468>, <com.google.javascript.rhino.Node,651>, <com.google.javascript.rhino.Node,652>, <com.google.javascript.rhino.Node,653>, <com.google.javascript.jscomp.DefinitionsRemover,56>, <com.google.javascript.jscomp.DefinitionsRemover,291>, <com.google.javascript.jscomp.DefinitionsRemover,292>, <com.google.javascript.jscomp.DefinitionsRemover,293>, <com.google.javascript.jscomp.DefinitionsRemover,294>, <com.google.javascript.jscomp.DefinitionsRemover,307>, <com.google.javascript.jscomp.AstValidator,796>, <com.google.javascript.jscomp.CodeGenerator,561>, <com.google.javascript.jscomp.CodeGenerator,562>]
======================com.google.javascript.rhino.Node,1430
com.google.javascript.rhino.Node,1446
com.google.javascript.rhino.Node,1459
com.google.javascript.rhino.Node,2194
Find no block!
com.google.javascript.rhino.Node,2195
com.google.javascript.rhino.Node,2196
com.google.javascript.rhino.Node,2197
Find no block!
com.google.javascript.jscomp.FunctionInjector,731
========
if(current.shouldRemove&&NodeUtil.canBeSideEffected(cArg)){
return CanInlineResult.NO;
}

========
COMMAND:cd /home/mmotwani/mywork1dir/Defects4Java7/defects4j/SIMFIX_RQ3_closure115_2_0/closure/closure_115_buggy && /usr/bin/timeout 120 /mnt/nfs/work1/brun/mmotwani/Defects4Java7/defects4j//framework/bin/defects4j compile
========
if(shouldRemove&&NodeUtil.canBeSideEffected(cArg)){
return CanInlineResult.NO;
}

========
COMMAND:cd /home/mmotwani/mywork1dir/Defects4Java7/defects4j/SIMFIX_RQ3_closure115_2_0/closure/closure_115_buggy && /usr/bin/timeout 120 /mnt/nfs/work1/brun/mmotwani/Defects4Java7/defects4j//framework/bin/defects4j compile
========
if(cArg==null&&NodeUtil.canBeSideEffected(cArg)){
return CanInlineResult.NO;
}

========
COMMAND:cd /home/mmotwani/mywork1dir/Defects4Java7/defects4j/SIMFIX_RQ3_closure115_2_0/closure/closure_115_buggy && /usr/bin/timeout 120 /mnt/nfs/work1/brun/mmotwani/Defects4Java7/defects4j//framework/bin/defects4j compile
FAILED TEST:com.google.javascript.jscomp.InlineFunctionsTest::testBug4944818
COUNT THESE===> Subject [_name=closure, _id=115, _ssrc=/src, _tsrc=/test, _sbin=/build/classes, _tbin=/build/test, _dependency=null] com.google.javascript.jscomp.InlineFunctionsTest testBug4944818
TESTING : com.google.javascript.jscomp.InlineFunctionsTest::testBug4944818
COMMAND:cd /home/mmotwani/mywork1dir/Defects4Java7/defects4j/SIMFIX_RQ3_closure115_2_0/closure/closure_115_buggy && /usr/bin/timeout 30 /mnt/nfs/work1/brun/mmotwani/Defects4Java7/defects4j//framework/bin/defects4j test -t com.google.javascript.jscomp.InlineFunctionsTest::testBug4944818
Failing tests: 0
TESTING : closure_115
COMMAND:cd /home/mmotwani/mywork1dir/Defects4Java7/defects4j/SIMFIX_RQ3_closure115_2_0/closure/closure_115_buggy && /usr/bin/timeout 600 /mnt/nfs/work1/brun/mmotwani/Defects4Java7/defects4j//framework/bin/defects4j test
Failing tests: 0
Successfully repair!
