java version "1.7.0_231"
OpenJDK Runtime Environment (rhel-2.6.19.1.el7_6-x86_64 u231-b01)
OpenJDK 64-Bit Server VM (build 24.231-b01, mixed mode)
Check out 4597738e to /mnt/nfs/work1/brun/mmotwani/Defects4Java7/defects4j/ OK
Init local repository...................................................... OK
Tag post-fix revision...................................................... OK
Run post-checkout hook..................................................... OK
Initialize fixed program version........................................... OK
Apply patch................................................................ OK
Initialize buggy program version........................................... OK
Diff 4597738e:2d6e1c78..................................................... OK
Apply patch................................................................ OK
Tag pre-fix revision....................................................... OK
Check out program version: Closure-115b.................................... OK
Running ant (compile)...................................................... OK
Running ant (compile.tests)................................................ OK
Running ant (compile.tests)................................................ OK
Running ant (run.dev.tests)................................................ OK
Failing tests: 7
  - com.google.javascript.jscomp.InlineFunctionsTest::testBug4944818
  - com.google.javascript.jscomp.InlineFunctionsTest::testDoubleInlining1
  - com.google.javascript.jscomp.InlineFunctionsTest::testNoInlineIfParametersModified8
  - com.google.javascript.jscomp.InlineFunctionsTest::testNoInlineIfParametersModified9
  - com.google.javascript.jscomp.InlineFunctionsTest::testInlineFunctions22
  - com.google.javascript.jscomp.InlineFunctionsTest::testInlineFunctions23
  - com.google.javascript.jscomp.InlineFunctionsTest::testInlineFunctions6
/home/mmotwani/mywork1dir/Defects4Java7/defects4j/SIMFIX_RQ3_closure115_1_0
PURIFY IS TRUE
=================================================
Project : closure_115	start : 19/11/04 14:17

Field type inconsistancy 'THIS' with types : Token and int
Field type inconsistancy 'type' with types : JSType and Type
Variable type inconsistancy of 'name' in method 'visit,NodeTraversal,Node,Node' with types : String and Name
Field type inconsistancy 'SUPER' with types : SimpleReference<SimpleSlot> and FunctionInjector.Reference
Variable type inconsistancy of 'start' in method 'parseRegExp,String,String' with types : int and char
Variable type inconsistancy of 'end' in method 'parseRegExp,String,String' with types : int and char
readFailedTest: path is /mnt/nfs/work1/brun/mmotwani/SimFix/d4j-info/failed_tests/closure/115.txtTESTING : com.google.javascript.jscomp.InlineFunctionsTest::testInlineFunctions6
COMMAND:cd /home/mmotwani/mywork1dir/Defects4Java7/defects4j/SIMFIX_RQ3_closure115_1_0/closure/closure_115_buggy && /usr/bin/timeout 30 /mnt/nfs/work1/brun/mmotwani/Defects4Java7/defects4j//framework/bin/defects4j test -t com.google.javascript.jscomp.InlineFunctionsTest::testInlineFunctions6
Running ant (run.dev.tests)................................................ 
Running ant (compile.tests)................................................ OK
IN COMMENT TEST CASE: com.google.javascript.jscomp.InlineFunctionsTest::testInlineFunctions6

# FAILING TESTS: 1
TIMEOUT : 18000000
===========
locations= [<com.google.javascript.rhino.Node,1430>, <com.google.javascript.rhino.Node,1446>, <com.google.javascript.rhino.Node,1459>, <com.google.javascript.rhino.Node,2194>, <com.google.javascript.rhino.Node,2195>, <com.google.javascript.rhino.Node,2196>, <com.google.javascript.rhino.Node,2197>, <com.google.javascript.jscomp.FunctionInjector,731>, <com.google.javascript.jscomp.ExpressionDecomposer,193>, <com.google.javascript.jscomp.ExpressionDecomposer,213>, <com.google.javascript.jscomp.ExpressionDecomposer,216>, <com.google.javascript.jscomp.ExpressionDecomposer,491>, <com.google.javascript.jscomp.ExpressionDecomposer,495>, <com.google.javascript.rhino.Node,128>, <com.google.javascript.jscomp.ExpressionDecomposer,166>, <com.google.javascript.jscomp.ExpressionDecomposer,167>, <com.google.javascript.jscomp.ExpressionDecomposer,169>, <com.google.javascript.jscomp.ExpressionDecomposer,163>, <com.google.javascript.jscomp.ExpressionDecomposer,164>, <com.google.javascript.jscomp.ExpressionDecomposer,165>, <com.google.javascript.jscomp.ExpressionDecomposer,302>, <com.google.javascript.jscomp.ExpressionDecomposer,303>, <com.google.javascript.jscomp.ExpressionDecomposer,307>, <com.google.javascript.jscomp.ExpressionDecomposer,313>, <com.google.javascript.jscomp.ExpressionDecomposer,318>, <com.google.javascript.jscomp.ExpressionDecomposer,321>, <com.google.javascript.jscomp.ExpressionDecomposer,322>, <com.google.javascript.jscomp.ExpressionDecomposer,325>, <com.google.javascript.jscomp.ExpressionDecomposer,441>, <com.google.javascript.jscomp.ExpressionDecomposer,443>, <com.google.javascript.jscomp.ExpressionDecomposer,447>, <com.google.javascript.jscomp.ExpressionDecomposer,455>, <com.google.javascript.jscomp.ExpressionDecomposer,467>, <com.google.javascript.jscomp.ExpressionDecomposer,468>, <com.google.javascript.jscomp.ExpressionDecomposer,474>, <com.google.javascript.jscomp.ExpressionDecomposer,499>, <com.google.javascript.jscomp.ExpressionDecomposer,501>, <com.google.javascript.jscomp.ExpressionDecomposer,502>, <com.google.javascript.jscomp.ExpressionDecomposer,504>, <com.google.javascript.jscomp.ExpressionDecomposer,505>, <com.google.javascript.jscomp.ExpressionDecomposer,507>, <com.google.javascript.jscomp.ExpressionDecomposer,610>, <com.google.javascript.jscomp.ExpressionDecomposer,613>, <com.google.javascript.jscomp.ExpressionDecomposer,614>, <com.google.javascript.jscomp.MarkNoSideEffectCalls,80>, <com.google.javascript.jscomp.ExpressionDecomposer,80>, <com.google.javascript.jscomp.ExpressionDecomposer,81>, <com.google.javascript.jscomp.ExpressionDecomposer,82>, <com.google.javascript.jscomp.ExpressionDecomposer,83>, <com.google.javascript.jscomp.ExpressionDecomposer,84>, <com.google.javascript.jscomp.ExpressionDecomposer,90>, <com.google.javascript.jscomp.ExpressionDecomposer,98>, <com.google.javascript.jscomp.ExpressionDecomposer,99>, <com.google.javascript.jscomp.ExpressionDecomposer,100>, <com.google.javascript.jscomp.ExpressionDecomposer,101>, <com.google.javascript.jscomp.ExpressionDecomposer,102>, <com.google.javascript.jscomp.ExpressionDecomposer,147>, <com.google.javascript.jscomp.ExpressionDecomposer,150>, <com.google.javascript.jscomp.ExpressionDecomposer,153>, <com.google.javascript.jscomp.ExpressionDecomposer,154>, <com.google.javascript.jscomp.ExpressionDecomposer,155>, <com.google.javascript.jscomp.ExpressionDecomposer,156>, <com.google.javascript.jscomp.ExpressionDecomposer,159>, <com.google.javascript.jscomp.ExpressionDecomposer,160>, <com.google.javascript.jscomp.ExpressionDecomposer,161>, <com.google.javascript.jscomp.ExpressionDecomposer,162>, <com.google.javascript.jscomp.ExpressionDecomposer,225>, <com.google.javascript.jscomp.ExpressionDecomposer,235>, <com.google.javascript.jscomp.ExpressionDecomposer,255>, <com.google.javascript.jscomp.ExpressionDecomposer,257>, <com.google.javascript.jscomp.ExpressionDecomposer,258>, <com.google.javascript.jscomp.ExpressionDecomposer,260>, <com.google.javascript.jscomp.ExpressionDecomposer,259>, <com.google.javascript.jscomp.ExpressionDecomposer,269>, <com.google.javascript.jscomp.FunctionInjector,379>, <com.google.javascript.jscomp.FunctionInjector,382>, <com.google.javascript.jscomp.FunctionInjector,383>, <com.google.javascript.jscomp.FunctionInjector,384>, <com.google.javascript.jscomp.FunctionInjector,385>, <com.google.javascript.jscomp.ExpressionDecomposer,277>, <com.google.javascript.jscomp.InlineFunctions,806>, <com.google.javascript.jscomp.Normalize,442>, <com.google.javascript.jscomp.Normalize,449>, <com.google.javascript.rhino.Node,651>, <com.google.javascript.rhino.Node,652>, <com.google.javascript.rhino.Node,653>, <com.google.javascript.jscomp.InlineFunctions,503>, <com.google.javascript.jscomp.InlineFunctions,504>, <com.google.javascript.jscomp.ExpressionDecomposer,798>, <com.google.javascript.jscomp.ExpressionDecomposer,799>, <com.google.javascript.jscomp.FunctionInjector,425>, <com.google.javascript.jscomp.FunctionInjector,426>, <com.google.javascript.jscomp.ExpressionDecomposer,113>, <com.google.javascript.jscomp.ExpressionDecomposer,114>, <com.google.javascript.jscomp.ExpressionDecomposer,115>, <com.google.javascript.jscomp.ExpressionDecomposer,116>, <com.google.javascript.jscomp.ExpressionDecomposer,117>, <com.google.javascript.jscomp.ExpressionDecomposer,118>, <com.google.javascript.jscomp.ExpressionDecomposer,121>, <com.google.javascript.jscomp.ExpressionDecomposer,122>, <com.google.javascript.jscomp.ExpressionDecomposer,126>, <com.google.javascript.jscomp.ExpressionDecomposer,127>, <com.google.javascript.jscomp.ExpressionDecomposer,128>, <com.google.javascript.jscomp.ExpressionDecomposer,129>, <com.google.javascript.jscomp.ExpressionDecomposer,602>, <com.google.javascript.jscomp.ExpressionDecomposer,872>, <com.google.javascript.jscomp.FunctionInjector,344>, <com.google.javascript.jscomp.FunctionInjector,362>, <com.google.javascript.jscomp.FunctionInjector,365>, <com.google.javascript.jscomp.FunctionInjector,366>, <com.google.javascript.jscomp.FunctionInjector,367>, <com.google.javascript.jscomp.FunctionInjector,368>, <com.google.javascript.jscomp.FunctionInjector,437>, <com.google.javascript.jscomp.FunctionInjector,446>, <com.google.javascript.jscomp.FunctionInjector,447>, <com.google.javascript.jscomp.FunctionInjector,448>, <com.google.javascript.jscomp.ExpressionDecomposer,622>, <com.google.javascript.jscomp.ExpressionDecomposer,623>, <com.google.javascript.jscomp.ExpressionDecomposer,625>, <com.google.javascript.jscomp.ExpressionDecomposer,627>, <com.google.javascript.jscomp.ExpressionDecomposer,628>, <com.google.javascript.jscomp.ExpressionDecomposer,633>, <com.google.javascript.jscomp.ExpressionDecomposer,635>, <com.google.javascript.jscomp.ExpressionDecomposer,796>, <com.google.javascript.jscomp.ExpressionDecomposer,801>, <com.google.javascript.jscomp.ExpressionDecomposer,881>, <com.google.javascript.jscomp.ExpressionDecomposer,886>, <com.google.javascript.jscomp.InlineFunctions,541>, <com.google.javascript.jscomp.ExpressionDecomposer,789>, <com.google.javascript.jscomp.ExpressionDecomposer,790>, <com.google.javascript.jscomp.ExpressionDecomposer,793>, <com.google.javascript.jscomp.ExpressionDecomposer,818>, <com.google.javascript.jscomp.ExpressionDecomposer,819>, <com.google.javascript.jscomp.FunctionInjector,424>, <com.google.javascript.jscomp.ExpressionDecomposer,648>, <com.google.javascript.jscomp.ExpressionDecomposer,776>, <com.google.javascript.jscomp.ExpressionDecomposer,860>, <com.google.javascript.jscomp.FunctionInjector,753>, <com.google.javascript.jscomp.NodeUtil,1149>, <com.google.javascript.jscomp.FunctionInjector,744>, <com.google.javascript.rhino.Token,197>, <com.google.javascript.jscomp.FunctionToBlockMutator,450>, <com.google.javascript.jscomp.FunctionToBlockMutator,456>, <com.google.javascript.jscomp.FunctionInjector,599>, <com.google.javascript.jscomp.FunctionInjector,730>, <com.google.javascript.jscomp.FunctionInjector,736>, <com.google.javascript.jscomp.ExpressionDecomposer,642>, <com.google.javascript.jscomp.ExpressionDecomposer,762>, <com.google.javascript.jscomp.ExpressionDecomposer,831>, <com.google.javascript.jscomp.ExpressionDecomposer,832>, <com.google.javascript.jscomp.FunctionInjector,729>, <com.google.javascript.jscomp.FunctionInjector,750>, <com.google.javascript.jscomp.FunctionInjector,478>, <com.google.javascript.jscomp.FunctionInjector,479>, <com.google.javascript.jscomp.FunctionInjector,512>, <com.google.javascript.jscomp.FunctionInjector,513>, <com.google.javascript.jscomp.FunctionInjector,515>, <com.google.javascript.jscomp.FunctionInjector,516>, <com.google.javascript.jscomp.ExpressionDecomposer,681>, <com.google.javascript.jscomp.ExpressionDecomposer,682>, <com.google.javascript.jscomp.GoogleCodingConvention,96>, <com.google.javascript.jscomp.FunctionInjector,415>, <com.google.javascript.jscomp.FunctionInjector,749>, <com.google.javascript.jscomp.FunctionInjector,419>, <com.google.javascript.jscomp.FunctionInjector,421>, <com.google.javascript.jscomp.FunctionInjector,423>, <com.google.javascript.jscomp.ExpressionDecomposer,61>, <com.google.javascript.jscomp.ExpressionDecomposer,571>, <com.google.javascript.jscomp.ExpressionDecomposer,572>, <com.google.javascript.jscomp.ExpressionDecomposer,62>, <com.google.javascript.jscomp.ExpressionDecomposer,63>, <com.google.javascript.jscomp.ExpressionDecomposer,64>, <com.google.javascript.jscomp.ExpressionDecomposer,65>, <com.google.javascript.jscomp.ExpressionDecomposer,66>, <com.google.javascript.jscomp.ExpressionDecomposer,67>, <com.google.javascript.jscomp.ExpressionDecomposer,68>, <com.google.javascript.jscomp.ExpressionDecomposer,671>, <com.google.javascript.jscomp.ExpressionDecomposer,672>, <com.google.javascript.jscomp.ExpressionDecomposer,713>, <com.google.javascript.jscomp.ExpressionDecomposer,714>, <com.google.javascript.jscomp.ExpressionDecomposer,715>, <com.google.javascript.jscomp.ExpressionDecomposer,748>, <com.google.javascript.jscomp.ExpressionDecomposer,749>, <com.google.javascript.jscomp.ExpressionDecomposer,752>, <com.google.javascript.jscomp.ExpressionDecomposer,753>, <com.google.javascript.jscomp.ExpressionDecomposer,754>, <com.google.javascript.jscomp.ExpressionDecomposer,757>, <com.google.javascript.jscomp.ExpressionDecomposer,48>, <com.google.javascript.jscomp.ExpressionDecomposer,49>, <com.google.javascript.jscomp.ExpressionDecomposer,50>, <com.google.javascript.jscomp.ExpressionDecomposer,51>, <com.google.javascript.jscomp.ExpressionDecomposer,48>, <com.google.javascript.jscomp.FunctionArgumentInjector,447>, <com.google.javascript.jscomp.FunctionInjector,417>, <com.google.javascript.jscomp.FunctionInjector,418>, <com.google.javascript.jscomp.ExpressionDecomposer,658>, <com.google.javascript.jscomp.ExpressionDecomposer,659>, <com.google.javascript.jscomp.ExpressionDecomposer,660>, <com.google.javascript.jscomp.ExpressionDecomposer,661>, <com.google.javascript.jscomp.FunctionArgumentInjector,67>]
======================com.google.javascript.rhino.Node,1430
com.google.javascript.rhino.Node,1446
com.google.javascript.rhino.Node,1459
com.google.javascript.rhino.Node,2194
Find no block!
com.google.javascript.rhino.Node,2195
com.google.javascript.rhino.Node,2196
com.google.javascript.rhino.Node,2197
Find no block!
com.google.javascript.jscomp.FunctionInjector,731
========
if(current.shouldRemove&&NodeUtil.canBeSideEffected(cArg)){
return CanInlineResult.NO;
}

========
COMMAND:cd /home/mmotwani/mywork1dir/Defects4Java7/defects4j/SIMFIX_RQ3_closure115_1_0/closure/closure_115_buggy && /usr/bin/timeout 120 /mnt/nfs/work1/brun/mmotwani/Defects4Java7/defects4j//framework/bin/defects4j compile
========
if(shouldRemove&&NodeUtil.canBeSideEffected(cArg)){
return CanInlineResult.NO;
}

========
COMMAND:cd /home/mmotwani/mywork1dir/Defects4Java7/defects4j/SIMFIX_RQ3_closure115_1_0/closure/closure_115_buggy && /usr/bin/timeout 120 /mnt/nfs/work1/brun/mmotwani/Defects4Java7/defects4j//framework/bin/defects4j compile
========
if(cArg==null&&NodeUtil.canBeSideEffected(cArg)){
return CanInlineResult.NO;
}

========
COMMAND:cd /home/mmotwani/mywork1dir/Defects4Java7/defects4j/SIMFIX_RQ3_closure115_1_0/closure/closure_115_buggy && /usr/bin/timeout 120 /mnt/nfs/work1/brun/mmotwani/Defects4Java7/defects4j//framework/bin/defects4j compile
FAILED TEST:com.google.javascript.jscomp.InlineFunctionsTest::testInlineFunctions6
COUNT THESE===> Subject [_name=closure, _id=115, _ssrc=/src, _tsrc=/test, _sbin=/build/classes, _tbin=/build/test, _dependency=null] com.google.javascript.jscomp.InlineFunctionsTest testInlineFunctions6
TESTING : com.google.javascript.jscomp.InlineFunctionsTest::testInlineFunctions6
COMMAND:cd /home/mmotwani/mywork1dir/Defects4Java7/defects4j/SIMFIX_RQ3_closure115_1_0/closure/closure_115_buggy && /usr/bin/timeout 30 /mnt/nfs/work1/brun/mmotwani/Defects4Java7/defects4j//framework/bin/defects4j test -t com.google.javascript.jscomp.InlineFunctionsTest::testInlineFunctions6
Failing tests: 0
TESTING : closure_115
COMMAND:cd /home/mmotwani/mywork1dir/Defects4Java7/defects4j/SIMFIX_RQ3_closure115_1_0/closure/closure_115_buggy && /usr/bin/timeout 600 /mnt/nfs/work1/brun/mmotwani/Defects4Java7/defects4j//framework/bin/defects4j test
Failing tests: 0
Successfully repair!
