java version "1.7.0_231"
OpenJDK Runtime Environment (rhel-2.6.19.1.el7_6-x86_64 u231-b01)
OpenJDK 64-Bit Server VM (build 24.231-b01, mixed mode)
Check out 4597738e to /mnt/nfs/work1/brun/mmotwani/Defects4Java7/defects4j/ OK
Init local repository...................................................... OK
Tag post-fix revision...................................................... OK
Run post-checkout hook..................................................... OK
Initialize fixed program version........................................... OK
Apply patch................................................................ OK
Initialize buggy program version........................................... OK
Diff 4597738e:2d6e1c78..................................................... OK
Apply patch................................................................ OK
Tag pre-fix revision....................................................... OK
Check out program version: Closure-115b.................................... OK
Running ant (compile)...................................................... OK
Running ant (compile.tests)................................................ OK
Running ant (compile.tests)................................................ OK
Running ant (run.dev.tests)................................................ OK
Failing tests: 7
  - com.google.javascript.jscomp.InlineFunctionsTest::testBug4944818
  - com.google.javascript.jscomp.InlineFunctionsTest::testDoubleInlining1
  - com.google.javascript.jscomp.InlineFunctionsTest::testNoInlineIfParametersModified8
  - com.google.javascript.jscomp.InlineFunctionsTest::testNoInlineIfParametersModified9
  - com.google.javascript.jscomp.InlineFunctionsTest::testInlineFunctions22
  - com.google.javascript.jscomp.InlineFunctionsTest::testInlineFunctions23
  - com.google.javascript.jscomp.InlineFunctionsTest::testInlineFunctions6
/home/mmotwani/mywork1dir/Defects4Java7/defects4j/SIMFIX_RQ3_closure115_5_2
PURIFY IS TRUE
=================================================
Project : closure_115	start : 19/11/12 15:29

Field type inconsistancy 'type' with types : JSType and Type
Field type inconsistancy 'SUPER' with types : FunctionInjector.Reference and SimpleReference<SimpleSlot>
Variable type inconsistancy of 'start' in method 'parseRegExp,String,String' with types : int and char
Variable type inconsistancy of 'end' in method 'parseRegExp,String,String' with types : int and char
Variable type inconsistancy of 'name' in method 'visit,NodeTraversal,Node,Node' with types : Name and String
Field type inconsistancy 'THIS' with types : Token and int
readFailedTest: path is /mnt/nfs/work1/brun/mmotwani/SimFix/d4j-info/failed_tests/closure/115.txtTESTING : com.google.javascript.jscomp.InlineFunctionsTest::testInlineFunctions23
COMMAND:cd /home/mmotwani/mywork1dir/Defects4Java7/defects4j/SIMFIX_RQ3_closure115_5_2/closure/closure_115_buggy && /usr/bin/timeout 30 /mnt/nfs/work1/brun/mmotwani/Defects4Java7/defects4j//framework/bin/defects4j test -t com.google.javascript.jscomp.InlineFunctionsTest::testInlineFunctions23
Running ant (compile.tests)................................................ 
TESTING : com.google.javascript.jscomp.InlineFunctionsTest::testInlineFunctions22
COMMAND:cd /home/mmotwani/mywork1dir/Defects4Java7/defects4j/SIMFIX_RQ3_closure115_5_2/closure/closure_115_buggy && /usr/bin/timeout 30 /mnt/nfs/work1/brun/mmotwani/Defects4Java7/defects4j//framework/bin/defects4j test -t com.google.javascript.jscomp.InlineFunctionsTest::testInlineFunctions22
  - com.google.javascript.jscomp.InlineFunctionsTest::testInlineFunctions22
Failing tests: 1
Running ant (run.dev.tests)................................................ OK
Running ant (compile.tests)................................................ OK
TESTING : com.google.javascript.jscomp.InlineFunctionsTest::testBug4944818
COMMAND:cd /home/mmotwani/mywork1dir/Defects4Java7/defects4j/SIMFIX_RQ3_closure115_5_2/closure/closure_115_buggy && /usr/bin/timeout 30 /mnt/nfs/work1/brun/mmotwani/Defects4Java7/defects4j//framework/bin/defects4j test -t com.google.javascript.jscomp.InlineFunctionsTest::testBug4944818
  - com.google.javascript.jscomp.InlineFunctionsTest::testBug4944818
Failing tests: 1
Running ant (run.dev.tests)................................................ OK
Running ant (compile.tests)................................................ OK
TESTING : com.google.javascript.jscomp.InlineFunctionsTest::testInlineFunctions6
COMMAND:cd /home/mmotwani/mywork1dir/Defects4Java7/defects4j/SIMFIX_RQ3_closure115_5_2/closure/closure_115_buggy && /usr/bin/timeout 30 /mnt/nfs/work1/brun/mmotwani/Defects4Java7/defects4j//framework/bin/defects4j test -t com.google.javascript.jscomp.InlineFunctionsTest::testInlineFunctions6
  - com.google.javascript.jscomp.InlineFunctionsTest::testInlineFunctions6
Failing tests: 1
Running ant (run.dev.tests)................................................ OK
Running ant (compile.tests)................................................ OK
TESTING : com.google.javascript.jscomp.InlineFunctionsTest::testNoInlineIfParametersModified9
COMMAND:cd /home/mmotwani/mywork1dir/Defects4Java7/defects4j/SIMFIX_RQ3_closure115_5_2/closure/closure_115_buggy && /usr/bin/timeout 30 /mnt/nfs/work1/brun/mmotwani/Defects4Java7/defects4j//framework/bin/defects4j test -t com.google.javascript.jscomp.InlineFunctionsTest::testNoInlineIfParametersModified9
  - com.google.javascript.jscomp.InlineFunctionsTest::testNoInlineIfParametersModified9
Failing tests: 1
Running ant (run.dev.tests)................................................ OK
Running ant (compile.tests)................................................ OK
IN COMMENT TEST CASE: com.google.javascript.jscomp.InlineFunctionsTest::testInlineFunctions23
IN COMMENT TEST CASE: com.google.javascript.jscomp.InlineFunctionsTest::testInlineFunctions22
IN COMMENT TEST CASE: com.google.javascript.jscomp.InlineFunctionsTest::testBug4944818
IN COMMENT TEST CASE: com.google.javascript.jscomp.InlineFunctionsTest::testInlineFunctions6
IN COMMENT TEST CASE: com.google.javascript.jscomp.InlineFunctionsTest::testNoInlineIfParametersModified9
IN COMMENT TEST CASE: /home/mmotwani/mywork1dir/Defects4Java7/defects4j/SIMFIX_RQ3_closure115_5_2/closure/closure_115_buggy/test/com/google/javascript/jscomp/InlineFunctionsTest.java

# FAILING TESTS: 1
TIMEOUT : 3600000
===========
locations= [<com.google.javascript.rhino.Node,1430>, <com.google.javascript.rhino.Node,1446>, <com.google.javascript.rhino.Node,1459>, <com.google.javascript.rhino.Node,2194>, <com.google.javascript.rhino.Node,2195>, <com.google.javascript.rhino.Node,2196>, <com.google.javascript.rhino.Node,2197>, <com.google.javascript.jscomp.FunctionInjector,731>, <com.google.javascript.jscomp.RenameLabels,188>, <com.google.javascript.jscomp.RenameLabels,198>, <com.google.javascript.jscomp.RenameLabels,199>, <com.google.javascript.jscomp.RenameLabels,201>, <com.google.javascript.jscomp.RenameLabels,202>, <com.google.javascript.jscomp.RenameLabels,203>, <com.google.javascript.jscomp.RenameLabels,204>, <com.google.javascript.jscomp.RenameLabels,205>, <com.google.javascript.jscomp.RenameLabels,207>, <com.google.javascript.jscomp.RenameLabels,208>, <com.google.javascript.jscomp.RenameLabels,210>, <com.google.javascript.jscomp.RenameLabels,211>, <com.google.javascript.jscomp.RenameLabels,215>, <com.google.javascript.jscomp.RenameLabels,152>, <com.google.javascript.jscomp.RenameLabels,153>, <com.google.javascript.jscomp.RenameLabels,154>, <com.google.javascript.jscomp.RenameLabels,157>, <com.google.javascript.jscomp.RenameLabels,158>, <com.google.javascript.jscomp.RenameLabels,159>, <com.google.javascript.jscomp.RenameLabels,162>, <com.google.javascript.jscomp.RenameLabels,163>, <com.google.javascript.jscomp.RenameLabels,166>, <com.google.javascript.jscomp.RenameLabels,167>, <com.google.javascript.jscomp.RenameLabels,183>, <com.google.javascript.jscomp.RenameLabels,184>, <com.google.javascript.jscomp.RenameLabels,223>, <com.google.javascript.jscomp.RenameLabels,224>, <com.google.javascript.jscomp.RenameLabels,225>, <com.google.javascript.jscomp.RenameLabels,226>, <com.google.javascript.jscomp.RenameLabels,228>, <com.google.javascript.jscomp.RenameLabels,229>, <com.google.javascript.jscomp.RenameLabels,230>, <com.google.javascript.jscomp.RenameLabels,232>, <com.google.javascript.jscomp.RenameLabels,233>, <com.google.javascript.jscomp.RenameLabels,235>, <com.google.javascript.jscomp.RenameLabels,247>, <com.google.javascript.jscomp.RenameLabels,248>, <com.google.javascript.jscomp.RenameLabels,256>, <com.google.javascript.jscomp.RenameLabels,264>, <com.google.javascript.jscomp.FunctionToBlockMutator,201>, <com.google.javascript.jscomp.RenameLabels,279>, <com.google.javascript.jscomp.RenameLabels,276>, <com.google.javascript.jscomp.RenameLabels,280>, <com.google.javascript.jscomp.RenameLabels,281>, <com.google.javascript.jscomp.InlineFunctions,503>, <com.google.javascript.jscomp.InlineFunctions,504>, <com.google.javascript.jscomp.InlineFunctions,760>, <com.google.javascript.jscomp.NodeUtil,1166>, <com.google.javascript.jscomp.InlineFunctions,806>, <com.google.javascript.jscomp.CodeGenerator,109>, <com.google.javascript.jscomp.InlineFunctions,745>, <com.google.javascript.jscomp.InlineFunctions,691>, <com.google.javascript.jscomp.InlineFunctions,692>, <com.google.javascript.jscomp.InlineFunctions,693>, <com.google.javascript.jscomp.InlineFunctions,694>, <com.google.javascript.jscomp.InlineFunctions,886>, <com.google.javascript.jscomp.InlineFunctions,887>, <com.google.javascript.jscomp.InlineFunctions,888>, <com.google.javascript.jscomp.InlineFunctions,889>, <com.google.javascript.jscomp.InlineFunctions,891>, <com.google.javascript.jscomp.InlineFunctions,892>, <com.google.javascript.jscomp.InlineFunctions,897>, <com.google.javascript.jscomp.InlineFunctions,541>, <com.google.javascript.rhino.Token,202>, <com.google.javascript.jscomp.InlineFunctions,755>, <com.google.javascript.jscomp.InlineFunctions,758>, <com.google.javascript.jscomp.NodeUtil,1149>, <com.google.javascript.jscomp.ExpressionDecomposer,113>, <com.google.javascript.jscomp.ExpressionDecomposer,114>, <com.google.javascript.jscomp.ExpressionDecomposer,115>, <com.google.javascript.jscomp.ExpressionDecomposer,116>, <com.google.javascript.jscomp.ExpressionDecomposer,117>, <com.google.javascript.jscomp.ExpressionDecomposer,118>, <com.google.javascript.jscomp.ExpressionDecomposer,121>, <com.google.javascript.jscomp.ExpressionDecomposer,122>, <com.google.javascript.jscomp.ExpressionDecomposer,126>, <com.google.javascript.jscomp.ExpressionDecomposer,127>, <com.google.javascript.jscomp.ExpressionDecomposer,128>, <com.google.javascript.jscomp.ExpressionDecomposer,129>, <com.google.javascript.jscomp.ExpressionDecomposer,193>, <com.google.javascript.jscomp.ExpressionDecomposer,213>, <com.google.javascript.jscomp.ExpressionDecomposer,216>, <com.google.javascript.jscomp.ExpressionDecomposer,602>, <com.google.javascript.jscomp.FunctionInjector,344>, <com.google.javascript.jscomp.FunctionInjector,362>, <com.google.javascript.jscomp.FunctionInjector,365>, <com.google.javascript.jscomp.FunctionInjector,366>, <com.google.javascript.jscomp.FunctionInjector,367>, <com.google.javascript.jscomp.FunctionInjector,368>, <com.google.javascript.jscomp.InlineFunctions,690>, <com.google.javascript.jscomp.InlineFunctions,895>, <com.google.javascript.jscomp.InlineFunctions,896>, <com.google.javascript.jscomp.InlineCostEstimator,89>, <com.google.javascript.jscomp.FunctionInjector,437>, <com.google.javascript.jscomp.FunctionInjector,446>, <com.google.javascript.jscomp.FunctionInjector,447>, <com.google.javascript.jscomp.FunctionInjector,448>, <com.google.javascript.jscomp.ExpressionDecomposer,622>, <com.google.javascript.jscomp.ExpressionDecomposer,623>, <com.google.javascript.jscomp.ExpressionDecomposer,625>, <com.google.javascript.jscomp.ExpressionDecomposer,627>, <com.google.javascript.jscomp.ExpressionDecomposer,628>, <com.google.javascript.jscomp.ExpressionDecomposer,633>, <com.google.javascript.jscomp.ExpressionDecomposer,635>, <com.google.javascript.jscomp.FunctionInjector,730>, <com.google.javascript.rhino.Token,250>, <com.google.javascript.jscomp.FunctionInjector,729>, <com.google.javascript.jscomp.AstValidator,120>, <com.google.javascript.jscomp.AstValidator,121>, <com.google.javascript.jscomp.AstValidator,464>, <com.google.javascript.jscomp.AstValidator,465>, <com.google.javascript.jscomp.AstValidator,466>, <com.google.javascript.jscomp.AstValidator,467>, <com.google.javascript.jscomp.AstValidator,468>, <com.google.javascript.jscomp.AstValidator,469>, <com.google.javascript.jscomp.AstValidator,472>, <com.google.javascript.jscomp.FunctionArgumentInjector,67>, <com.google.javascript.jscomp.FunctionArgumentInjector,72>, <com.google.javascript.jscomp.FunctionArgumentInjector,73>, <com.google.javascript.jscomp.FunctionArgumentInjector,74>, <com.google.javascript.jscomp.FunctionInjector,424>, <com.google.javascript.jscomp.AstValidator,796>, <com.google.javascript.jscomp.CodeGenerator,561>, <com.google.javascript.jscomp.CodeGenerator,562>, <com.google.javascript.jscomp.CodeGenerator,564>, <com.google.javascript.jscomp.CodeGenerator,568>, <com.google.javascript.jscomp.CodeGenerator,569>, <com.google.javascript.jscomp.CodeGenerator,570>, <com.google.javascript.jscomp.CodeGenerator,571>, <com.google.javascript.jscomp.CodeGenerator,572>, <com.google.javascript.jscomp.CodeGenerator,574>, <com.google.javascript.jscomp.CodeGenerator,586>, <com.google.javascript.jscomp.FunctionInjector,728>, <com.google.javascript.jscomp.FunctionToBlockMutator,408>, <com.google.javascript.jscomp.FunctionToBlockMutator,409>, <com.google.javascript.jscomp.MakeDeclaredNamesUnique,550>, <com.google.javascript.jscomp.FunctionToBlockMutator,339>, <com.google.javascript.jscomp.FunctionToBlockMutator,340>, <com.google.javascript.jscomp.FunctionToBlockMutator,401>, <com.google.javascript.jscomp.FunctionToBlockMutator,402>, <com.google.javascript.jscomp.FunctionToBlockMutator,403>, <com.google.javascript.jscomp.FunctionToBlockMutator,405>, <com.google.javascript.jscomp.FunctionToBlockMutator,411>, <com.google.javascript.jscomp.parsing.TypeSafeDispatcher,240>, <com.google.javascript.jscomp.parsing.IRFactory,852>, <com.google.javascript.jscomp.parsing.IRFactory,853>, <com.google.javascript.jscomp.parsing.IRFactory,854>, <com.google.javascript.jscomp.parsing.IRFactory,855>, <com.google.javascript.jscomp.parsing.IRFactory,858>, <com.google.javascript.jscomp.FunctionToBlockMutator,442>, <com.google.javascript.jscomp.AstValidator,138>, <com.google.javascript.jscomp.AstValidator,139>, <com.google.javascript.jscomp.AstValidator,495>, <com.google.javascript.jscomp.AstValidator,496>, <com.google.javascript.jscomp.AstValidator,497>, <com.google.javascript.jscomp.AstValidator,498>, <com.google.javascript.jscomp.AstValidator,500>, <com.google.javascript.rhino.Token,257>, <com.google.javascript.jscomp.ExpressionDecomposer,491>, <com.google.javascript.jscomp.ExpressionDecomposer,495>, <com.google.javascript.jscomp.FunctionToBlockMutator,497>, <com.google.javascript.jscomp.FunctionToBlockMutator,498>, <com.google.javascript.jscomp.FunctionInjector,866>, <com.google.javascript.rhino.Token,232>, <com.google.javascript.jscomp.FunctionToBlockMutator,450>, <com.google.javascript.jscomp.FunctionToBlockMutator,456>, <com.google.javascript.jscomp.AstValidator,795>, <com.google.javascript.jscomp.AstValidator,813>, <com.google.javascript.jscomp.FunctionToBlockMutator,335>, <com.google.javascript.jscomp.FunctionToBlockMutator,338>, <com.google.javascript.jscomp.FunctionToBlockMutator,343>, <com.google.javascript.jscomp.FunctionToBlockMutator,436>, <com.google.javascript.jscomp.FunctionToBlockMutator,438>, <com.google.javascript.jscomp.FunctionToBlockMutator,439>, <com.google.javascript.jscomp.FunctionToBlockMutator,445>, <com.google.javascript.jscomp.FunctionToBlockMutator,459>, <com.google.javascript.jscomp.FunctionToBlockMutator,468>, <com.google.javascript.rhino.IR,238>, <com.google.javascript.rhino.IR,239>, <com.google.javascript.rhino.IR,240>, <com.google.javascript.rhino.IR,241>, <com.google.javascript.rhino.IR,245>, <com.google.javascript.rhino.IR,246>, <com.google.javascript.rhino.IR,283>, <com.google.javascript.rhino.IR,284>, <com.google.javascript.jscomp.parsing.IRFactory,645>, <com.google.javascript.jscomp.parsing.IRFactory,647>, <com.google.javascript.jscomp.parsing.IRFactory,648>, <com.google.javascript.jscomp.AstValidator,470>, <com.google.javascript.jscomp.CodeGenerator,634>, <com.google.javascript.jscomp.CodeGenerator,637>, <com.google.javascript.jscomp.CodeGenerator,638>]
======================com.google.javascript.rhino.Node,1430
com.google.javascript.rhino.Node,1446
com.google.javascript.rhino.Node,1459
com.google.javascript.rhino.Node,2194
Find no block!
com.google.javascript.rhino.Node,2195
com.google.javascript.rhino.Node,2196
com.google.javascript.rhino.Node,2197
Find no block!
com.google.javascript.jscomp.FunctionInjector,731
========
if(current.shouldRemove&&NodeUtil.canBeSideEffected(cArg)){
return CanInlineResult.NO;
}

========
COMMAND:cd /home/mmotwani/mywork1dir/Defects4Java7/defects4j/SIMFIX_RQ3_closure115_5_2/closure/closure_115_buggy && /usr/bin/timeout 120 /mnt/nfs/work1/brun/mmotwani/Defects4Java7/defects4j//framework/bin/defects4j compile
========
if(shouldRemove&&NodeUtil.canBeSideEffected(cArg)){
return CanInlineResult.NO;
}

========
COMMAND:cd /home/mmotwani/mywork1dir/Defects4Java7/defects4j/SIMFIX_RQ3_closure115_5_2/closure/closure_115_buggy && /usr/bin/timeout 120 /mnt/nfs/work1/brun/mmotwani/Defects4Java7/defects4j//framework/bin/defects4j compile
========
if(cArg==null&&NodeUtil.canBeSideEffected(cArg)){
return CanInlineResult.NO;
}

========
COMMAND:cd /home/mmotwani/mywork1dir/Defects4Java7/defects4j/SIMFIX_RQ3_closure115_5_2/closure/closure_115_buggy && /usr/bin/timeout 120 /mnt/nfs/work1/brun/mmotwani/Defects4Java7/defects4j//framework/bin/defects4j compile
FAILED TEST:com.google.javascript.jscomp.InlineFunctionsTest::testInlineFunctions23
COUNT THESE===> Subject [_name=closure, _id=115, _ssrc=/src, _tsrc=/test, _sbin=/build/classes, _tbin=/build/test, _dependency=null] com.google.javascript.jscomp.InlineFunctionsTest testInlineFunctions23
TESTING : com.google.javascript.jscomp.InlineFunctionsTest::testInlineFunctions23
COMMAND:cd /home/mmotwani/mywork1dir/Defects4Java7/defects4j/SIMFIX_RQ3_closure115_5_2/closure/closure_115_buggy && /usr/bin/timeout 30 /mnt/nfs/work1/brun/mmotwani/Defects4Java7/defects4j//framework/bin/defects4j test -t com.google.javascript.jscomp.InlineFunctionsTest::testInlineFunctions23
Failing tests: 0
TESTING : closure_115
COMMAND:cd /home/mmotwani/mywork1dir/Defects4Java7/defects4j/SIMFIX_RQ3_closure115_5_2/closure/closure_115_buggy && /usr/bin/timeout 600 /mnt/nfs/work1/brun/mmotwani/Defects4Java7/defects4j//framework/bin/defects4j test
Failing tests: 0
Successfully repair!
TESTING : com.google.javascript.jscomp.InlineFunctionsTest::testInlineFunctions22
COMMAND:cd /home/mmotwani/mywork1dir/Defects4Java7/defects4j/SIMFIX_RQ3_closure115_5_2/closure/closure_115_buggy && /usr/bin/timeout 30 /mnt/nfs/work1/brun/mmotwani/Defects4Java7/defects4j//framework/bin/defects4j test -t com.google.javascript.jscomp.InlineFunctionsTest::testInlineFunctions22
Failing tests: 0
TEST: com.google.javascript.jscomp.InlineFunctionsTest::testInlineFunctions22
TESTING : com.google.javascript.jscomp.InlineFunctionsTest::testBug4944818
COMMAND:cd /home/mmotwani/mywork1dir/Defects4Java7/defects4j/SIMFIX_RQ3_closure115_5_2/closure/closure_115_buggy && /usr/bin/timeout 30 /mnt/nfs/work1/brun/mmotwani/Defects4Java7/defects4j//framework/bin/defects4j test -t com.google.javascript.jscomp.InlineFunctionsTest::testBug4944818
Failing tests: 0
TEST: com.google.javascript.jscomp.InlineFunctionsTest::testBug4944818
TESTING : com.google.javascript.jscomp.InlineFunctionsTest::testInlineFunctions6
COMMAND:cd /home/mmotwani/mywork1dir/Defects4Java7/defects4j/SIMFIX_RQ3_closure115_5_2/closure/closure_115_buggy && /usr/bin/timeout 30 /mnt/nfs/work1/brun/mmotwani/Defects4Java7/defects4j//framework/bin/defects4j test -t com.google.javascript.jscomp.InlineFunctionsTest::testInlineFunctions6
Failing tests: 0
TEST: com.google.javascript.jscomp.InlineFunctionsTest::testInlineFunctions6
TESTING : com.google.javascript.jscomp.InlineFunctionsTest::testNoInlineIfParametersModified9
COMMAND:cd /home/mmotwani/mywork1dir/Defects4Java7/defects4j/SIMFIX_RQ3_closure115_5_2/closure/closure_115_buggy && /usr/bin/timeout 30 /mnt/nfs/work1/brun/mmotwani/Defects4Java7/defects4j//framework/bin/defects4j test -t com.google.javascript.jscomp.InlineFunctionsTest::testNoInlineIfParametersModified9
Failing tests: 0
TEST: com.google.javascript.jscomp.InlineFunctionsTest::testNoInlineIfParametersModified9
