java version "1.7.0_231"
OpenJDK Runtime Environment (rhel-2.6.19.1.el7_6-x86_64 u231-b01)
OpenJDK 64-Bit Server VM (build 24.231-b01, mixed mode)
Check out 4597738e to /mnt/nfs/work1/brun/mmotwani/Defects4Java7/defects4j/ OK
Init local repository...................................................... OK
Tag post-fix revision...................................................... OK
Run post-checkout hook..................................................... OK
Initialize fixed program version........................................... OK
Apply patch................................................................ OK
Initialize buggy program version........................................... OK
Diff 4597738e:2d6e1c78..................................................... OK
Apply patch................................................................ OK
Tag pre-fix revision....................................................... OK
Check out program version: Closure-115b.................................... OK
Running ant (compile)...................................................... OK
Running ant (compile.tests)................................................ OK
Running ant (compile.tests)................................................ OK
Running ant (run.dev.tests)................................................ OK
Failing tests: 7
  - com.google.javascript.jscomp.InlineFunctionsTest::testBug4944818
  - com.google.javascript.jscomp.InlineFunctionsTest::testDoubleInlining1
  - com.google.javascript.jscomp.InlineFunctionsTest::testNoInlineIfParametersModified8
  - com.google.javascript.jscomp.InlineFunctionsTest::testNoInlineIfParametersModified9
  - com.google.javascript.jscomp.InlineFunctionsTest::testInlineFunctions22
  - com.google.javascript.jscomp.InlineFunctionsTest::testInlineFunctions23
  - com.google.javascript.jscomp.InlineFunctionsTest::testInlineFunctions6
/home/mmotwani/mywork1dir/Defects4Java7/defects4j/SIMFIX_RQ3_closure115_1_2
PURIFY IS TRUE
=================================================
Project : closure_115	start : 19/11/06 09:31

Variable type inconsistancy of 'start' in method 'parseRegExp,String,String' with types : int and char
Variable type inconsistancy of 'end' in method 'parseRegExp,String,String' with types : int and char
Variable type inconsistancy of 'name' in method 'visit,NodeTraversal,Node,Node' with types : Name and String
Field type inconsistancy 'type' with types : JSType and Type
Field type inconsistancy 'SUPER' with types : FunctionInjector.Reference and SimpleReference<SimpleSlot>
Field type inconsistancy 'THIS' with types : Token and int
readFailedTest: path is /mnt/nfs/work1/brun/mmotwani/SimFix/d4j-info/failed_tests/closure/115.txtTESTING : com.google.javascript.jscomp.InlineFunctionsTest::testDoubleInlining1
COMMAND:cd /home/mmotwani/mywork1dir/Defects4Java7/defects4j/SIMFIX_RQ3_closure115_1_2/closure/closure_115_buggy && /usr/bin/timeout 30 /mnt/nfs/work1/brun/mmotwani/Defects4Java7/defects4j//framework/bin/defects4j test -t com.google.javascript.jscomp.InlineFunctionsTest::testDoubleInlining1
Running ant (run.dev.tests)................................................ 
Running ant (compile.tests)................................................ OK
IN COMMENT TEST CASE: com.google.javascript.jscomp.InlineFunctionsTest::testDoubleInlining1

# FAILING TESTS: 1
TIMEOUT : 18000000
===========
locations= [<com.google.javascript.rhino.Node,1430>, <com.google.javascript.rhino.Node,1446>, <com.google.javascript.rhino.Node,1459>, <com.google.javascript.rhino.Node,2194>, <com.google.javascript.rhino.Node,2195>, <com.google.javascript.rhino.Node,2196>, <com.google.javascript.rhino.Node,2197>, <com.google.javascript.jscomp.FunctionInjector,731>, <com.google.javascript.jscomp.NodeUtil,1146>, <com.google.javascript.jscomp.MarkNoSideEffectCalls,139>, <com.google.javascript.jscomp.MarkNoSideEffectCalls,140>, <com.google.javascript.jscomp.MarkNoSideEffectCalls,146>, <com.google.javascript.jscomp.InlineFunctions,1063>, <com.google.javascript.jscomp.InlineFunctions,1064>, <com.google.javascript.jscomp.InlineFunctions,1065>, <com.google.javascript.jscomp.InlineFunctions,511>, <com.google.javascript.jscomp.InlineFunctions,187>, <com.google.javascript.jscomp.InlineFunctions,1047>, <com.google.javascript.jscomp.InlineFunctions,1048>, <com.google.javascript.jscomp.InlineFunctions,1049>, <com.google.javascript.jscomp.InlineFunctions,1053>, <com.google.javascript.jscomp.InlineFunctions,1058>, <com.google.javascript.jscomp.InlineFunctions,541>, <com.google.javascript.jscomp.Normalize,304>, <com.google.javascript.jscomp.FunctionInjector,753>, <com.google.javascript.jscomp.NodeUtil,1149>, <com.google.javascript.jscomp.FunctionInjector,744>, <com.google.javascript.jscomp.InlineFunctions,677>, <com.google.javascript.jscomp.InlineFunctions,138>, <com.google.javascript.jscomp.FunctionInjector,730>, <com.google.javascript.jscomp.FunctionInjector,736>, <com.google.javascript.jscomp.FunctionInjector,729>, <com.google.javascript.jscomp.FunctionInjector,750>, <com.google.javascript.jscomp.FunctionInjector,749>, <com.google.javascript.jscomp.FunctionArgumentInjector,67>, <com.google.javascript.jscomp.FunctionArgumentInjector,72>, <com.google.javascript.jscomp.FunctionArgumentInjector,73>, <com.google.javascript.jscomp.FunctionArgumentInjector,74>, <com.google.javascript.jscomp.CodeConsumer,184>, <com.google.javascript.jscomp.FunctionInjector,728>, <com.google.javascript.jscomp.InlineFunctions,939>, <com.google.javascript.jscomp.InlineFunctions,940>, <com.google.javascript.jscomp.FunctionInjector,805>, <com.google.javascript.jscomp.SimpleDefinitionFinder,142>, <com.google.javascript.jscomp.FunctionInjector,274>, <com.google.javascript.jscomp.FunctionInjector,275>, <com.google.javascript.jscomp.FunctionInjector,278>, <com.google.javascript.jscomp.FunctionInjector,279>, <com.google.javascript.jscomp.FunctionInjector,281>, <com.google.javascript.jscomp.FunctionInjector,282>, <com.google.javascript.jscomp.DefinitionsRemover,52>, <com.google.javascript.jscomp.NodeUtil,3370>, <com.google.javascript.jscomp.NodeUtil,3371>, <com.google.javascript.jscomp.NodeUtil,3373>, <com.google.javascript.jscomp.FunctionArgumentInjector,131>, <com.google.javascript.jscomp.FunctionArgumentInjector,132>, <com.google.javascript.jscomp.FunctionInjector,245>, <com.google.javascript.jscomp.FunctionInjector,257>, <com.google.javascript.jscomp.FunctionInjector,258>, <com.google.javascript.jscomp.FunctionInjector,265>, <com.google.javascript.jscomp.FunctionInjector,270>, <com.google.javascript.jscomp.FunctionInjector,285>, <com.google.javascript.jscomp.FunctionInjector,286>, <com.google.javascript.jscomp.FunctionArgumentInjector,130>, <com.google.javascript.jscomp.FunctionArgumentInjector,137>, <com.google.javascript.jscomp.FunctionArgumentInjector,232>, <com.google.javascript.jscomp.FunctionArgumentInjector,233>, <com.google.javascript.jscomp.MarkNoSideEffectCalls,182>, <com.google.javascript.jscomp.FunctionArgumentInjector,200>, <com.google.javascript.jscomp.FunctionInjector,699>, <com.google.javascript.jscomp.FunctionInjector,700>, <com.google.javascript.jscomp.FunctionInjector,701>, <com.google.javascript.jscomp.FunctionInjector,702>, <com.google.javascript.jscomp.FunctionInjector,757>, <com.google.javascript.rhino.Node,1645>, <com.google.javascript.rhino.Node,1646>, <com.google.javascript.rhino.Node,1647>, <com.google.javascript.rhino.Node,1649>, <com.google.javascript.rhino.Token,184>, <com.google.javascript.rhino.Token,259>, <com.google.javascript.jscomp.CodeGenerator,191>, <com.google.javascript.jscomp.CodeGenerator,189>, <com.google.javascript.jscomp.CodeGenerator,190>, <com.google.javascript.jscomp.CodeGenerator,195>, <com.google.javascript.jscomp.CodeGenerator,196>, <com.google.javascript.jscomp.FunctionInjector,725>, <com.google.javascript.jscomp.FunctionInjector,726>, <com.google.javascript.jscomp.DefinitionsRemover,48>, <com.google.javascript.jscomp.DefinitionsRemover,373>, <com.google.javascript.jscomp.DefinitionsRemover,374>, <com.google.javascript.jscomp.DefinitionsRemover,375>, <com.google.javascript.jscomp.DefinitionsRemover,377>, <com.google.javascript.jscomp.DefinitionsRemover,378>, <com.google.javascript.jscomp.DefinitionsRemover,393>, <com.google.javascript.jscomp.DefinitionsRemover,398>, <com.google.javascript.jscomp.FunctionInjector,695>, <com.google.javascript.jscomp.FunctionInjector,697>, <com.google.javascript.jscomp.FunctionInjector,698>, <com.google.javascript.jscomp.FunctionInjector,706>, <com.google.javascript.jscomp.FunctionInjector,711>, <com.google.javascript.jscomp.FunctionInjector,208>, <com.google.javascript.jscomp.FunctionInjector,691>, <com.google.javascript.jscomp.InlineFunctions,787>, <com.google.javascript.jscomp.FunctionInjector,555>, <com.google.javascript.jscomp.DefinitionsRemover,61>, <com.google.javascript.jscomp.DefinitionsRemover,62>, <com.google.javascript.jscomp.DefinitionsRemover,215>, <com.google.javascript.jscomp.DefinitionsRemover,216>, <com.google.javascript.jscomp.DefinitionsRemover,217>, <com.google.javascript.jscomp.DefinitionsRemover,218>, <com.google.javascript.jscomp.InlineFunctions,257>, <com.google.javascript.jscomp.NodeUtil,1129>, <com.google.javascript.jscomp.NodeUtil,1130>, <com.google.javascript.jscomp.NodeUtil,868>, <com.google.javascript.jscomp.NodeUtil,873>, <com.google.javascript.jscomp.InlineFunctions,183>, <com.google.javascript.jscomp.InlineFunctions,184>, <com.google.javascript.jscomp.InlineFunctions,185>, <com.google.javascript.jscomp.InlineFunctions,947>, <com.google.javascript.jscomp.InlineFunctions,948>, <com.google.javascript.jscomp.DefinitionsRemover,173>, <com.google.javascript.jscomp.Normalize,343>, <com.google.javascript.jscomp.AstValidator,484>, <com.google.javascript.jscomp.InlineFunctions,558>, <com.google.javascript.jscomp.FunctionArgumentInjector,64>, <com.google.javascript.jscomp.FunctionArgumentInjector,65>, <com.google.javascript.rhino.Token,265>, <com.google.javascript.jscomp.AstValidator,129>, <com.google.javascript.jscomp.AstValidator,130>, <com.google.javascript.jscomp.AstValidator,481>, <com.google.javascript.jscomp.AstValidator,482>, <com.google.javascript.jscomp.AstValidator,483>, <com.google.javascript.jscomp.AstValidator,486>, <com.google.javascript.jscomp.SimpleDefinitionFinder,96>, <com.google.javascript.jscomp.NodeUtil,842>, <com.google.javascript.jscomp.NodeUtil,1020>, <com.google.javascript.jscomp.NodeUtil,1021>, <com.google.javascript.jscomp.InlineFunctions,458>, <com.google.javascript.jscomp.InlineFunctions,555>, <com.google.javascript.jscomp.InlineFunctions,556>, <com.google.javascript.jscomp.InlineFunctions,557>, <com.google.javascript.rhino.Node,2302>, <com.google.javascript.jscomp.NodeUtil,1641>, <com.google.javascript.jscomp.CodePrinter,484>, <com.google.javascript.jscomp.CodePrinter,485>, <com.google.javascript.jscomp.CodePrinter,486>, <com.google.javascript.jscomp.FunctionArgumentInjector,498>, <com.google.javascript.jscomp.FunctionArgumentInjector,499>, <com.google.javascript.jscomp.NodeUtil,1140>, <com.google.javascript.rhino.Node,727>, <com.google.javascript.rhino.Node,728>, <com.google.javascript.jscomp.InlineFunctions,447>, <com.google.javascript.jscomp.FunctionInjector,147>, <com.google.javascript.jscomp.DefinitionsRemover,168>, <com.google.javascript.rhino.Node,133>, <com.google.javascript.jscomp.InlineFunctions,793>, <com.google.javascript.jscomp.AstValidator,269>, <com.google.javascript.jscomp.AstValidator,270>, <com.google.javascript.jscomp.AstValidator,346>, <com.google.javascript.jscomp.AstValidator,347>, <com.google.javascript.jscomp.AstValidator,348>, <com.google.javascript.jscomp.AstValidator,349>, <com.google.javascript.jscomp.AstValidator,360>, <com.google.javascript.jscomp.AstValidator,361>, <com.google.javascript.jscomp.AstValidator,362>, <com.google.javascript.jscomp.AstValidator,363>, <com.google.javascript.jscomp.AstValidator,364>, <com.google.javascript.jscomp.AstValidator,365>, <com.google.javascript.jscomp.CodeGenerator,553>, <com.google.javascript.jscomp.NodeUtil,1815>, <com.google.javascript.jscomp.NodeUtil,1821>, <com.google.javascript.jscomp.NodeUtil,1822>, <com.google.javascript.jscomp.NodeUtil,1828>, <com.google.javascript.jscomp.NodeUtil,1836>, <com.google.javascript.jscomp.NodeUtil,1841>, <com.google.javascript.jscomp.NodeUtil,1847>, <com.google.javascript.jscomp.NodeUtil,1851>, <com.google.javascript.jscomp.NodeUtil,1854>, <com.google.javascript.jscomp.NodeUtil,1880>, <com.google.javascript.jscomp.CodeGenerator,547>, <com.google.javascript.jscomp.CodeGenerator,555>, <com.google.javascript.jscomp.CodeGenerator,556>, <com.google.javascript.jscomp.CodeGenerator,557>, <com.google.javascript.jscomp.CodeGenerator,558>, <com.google.javascript.jscomp.CodeGenerator,841>, <com.google.javascript.jscomp.CodeGenerator,214>, <com.google.javascript.jscomp.CodeGenerator,215>, <com.google.javascript.jscomp.CodeGenerator,216>, <com.google.javascript.jscomp.CodeGenerator,217>, <com.google.javascript.jscomp.CodeGenerator,222>, <com.google.javascript.jscomp.CodeGenerator,225>, <com.google.javascript.jscomp.Normalize,244>, <com.google.javascript.jscomp.InlineFunctions,840>, <com.google.javascript.jscomp.InlineFunctions,845>, <com.google.javascript.jscomp.Normalize,320>, <com.google.javascript.jscomp.FunctionInjector,784>, <com.google.javascript.jscomp.parsing.IRFactory,771>, <com.google.javascript.jscomp.parsing.IRFactory,772>, <com.google.javascript.jscomp.parsing.IRFactory,781>, <com.google.javascript.jscomp.parsing.IRFactory,782>]
======================com.google.javascript.rhino.Node,1430
com.google.javascript.rhino.Node,1446
com.google.javascript.rhino.Node,1459
com.google.javascript.rhino.Node,2194
Find no block!
com.google.javascript.rhino.Node,2195
com.google.javascript.rhino.Node,2196
com.google.javascript.rhino.Node,2197
Find no block!
com.google.javascript.jscomp.FunctionInjector,731
========
if(current.shouldRemove&&NodeUtil.canBeSideEffected(cArg)){
return CanInlineResult.NO;
}

========
COMMAND:cd /home/mmotwani/mywork1dir/Defects4Java7/defects4j/SIMFIX_RQ3_closure115_1_2/closure/closure_115_buggy && /usr/bin/timeout 120 /mnt/nfs/work1/brun/mmotwani/Defects4Java7/defects4j//framework/bin/defects4j compile
========
if(shouldRemove&&NodeUtil.canBeSideEffected(cArg)){
return CanInlineResult.NO;
}

========
COMMAND:cd /home/mmotwani/mywork1dir/Defects4Java7/defects4j/SIMFIX_RQ3_closure115_1_2/closure/closure_115_buggy && /usr/bin/timeout 120 /mnt/nfs/work1/brun/mmotwani/Defects4Java7/defects4j//framework/bin/defects4j compile
========
if(cArg==null&&NodeUtil.canBeSideEffected(cArg)){
return CanInlineResult.NO;
}

========
COMMAND:cd /home/mmotwani/mywork1dir/Defects4Java7/defects4j/SIMFIX_RQ3_closure115_1_2/closure/closure_115_buggy && /usr/bin/timeout 120 /mnt/nfs/work1/brun/mmotwani/Defects4Java7/defects4j//framework/bin/defects4j compile
FAILED TEST:com.google.javascript.jscomp.InlineFunctionsTest::testDoubleInlining1
COUNT THESE===> Subject [_name=closure, _id=115, _ssrc=/src, _tsrc=/test, _sbin=/build/classes, _tbin=/build/test, _dependency=null] com.google.javascript.jscomp.InlineFunctionsTest testDoubleInlining1
TESTING : com.google.javascript.jscomp.InlineFunctionsTest::testDoubleInlining1
COMMAND:cd /home/mmotwani/mywork1dir/Defects4Java7/defects4j/SIMFIX_RQ3_closure115_1_2/closure/closure_115_buggy && /usr/bin/timeout 30 /mnt/nfs/work1/brun/mmotwani/Defects4Java7/defects4j//framework/bin/defects4j test -t com.google.javascript.jscomp.InlineFunctionsTest::testDoubleInlining1
Failing tests: 0
TESTING : closure_115
COMMAND:cd /home/mmotwani/mywork1dir/Defects4Java7/defects4j/SIMFIX_RQ3_closure115_1_2/closure/closure_115_buggy && /usr/bin/timeout 600 /mnt/nfs/work1/brun/mmotwani/Defects4Java7/defects4j//framework/bin/defects4j test
Failing tests: 0
Successfully repair!
