java version "1.7.0_231"
OpenJDK Runtime Environment (rhel-2.6.19.1.el7_6-x86_64 u231-b01)
OpenJDK 64-Bit Server VM (build 24.231-b01, mixed mode)
Check out 4597738e to /mnt/nfs/work1/brun/mmotwani/Defects4Java7/defects4j/ OK
Init local repository...................................................... OK
Tag post-fix revision...................................................... OK
Run post-checkout hook..................................................... OK
Initialize fixed program version........................................... OK
Apply patch................................................................ OK
Initialize buggy program version........................................... OK
Diff 4597738e:2d6e1c78..................................................... OK
Apply patch................................................................ OK
Tag pre-fix revision....................................................... OK
Check out program version: Closure-115b.................................... OK
Running ant (compile)...................................................... OK
Running ant (compile.tests)................................................ OK
Running ant (compile.tests)................................................ OK
Running ant (run.dev.tests)................................................ OK
Failing tests: 7
  - com.google.javascript.jscomp.InlineFunctionsTest::testBug4944818
  - com.google.javascript.jscomp.InlineFunctionsTest::testDoubleInlining1
  - com.google.javascript.jscomp.InlineFunctionsTest::testNoInlineIfParametersModified8
  - com.google.javascript.jscomp.InlineFunctionsTest::testNoInlineIfParametersModified9
  - com.google.javascript.jscomp.InlineFunctionsTest::testInlineFunctions22
  - com.google.javascript.jscomp.InlineFunctionsTest::testInlineFunctions23
  - com.google.javascript.jscomp.InlineFunctionsTest::testInlineFunctions6
/home/mmotwani/mywork1dir/Defects4Java7/defects4j/SIMFIX_RQ3_closure115_5_1
PURIFY IS TRUE
=================================================
Project : closure_115	start : 19/11/12 09:51

Field type inconsistancy 'SUPER' with types : FunctionInjector.Reference and SimpleReference<SimpleSlot>
Variable type inconsistancy of 'name' in method 'visit,NodeTraversal,Node,Node' with types : Name and String
Variable type inconsistancy of 'start' in method 'parseRegExp,String,String' with types : int and char
Variable type inconsistancy of 'end' in method 'parseRegExp,String,String' with types : int and char
Field type inconsistancy 'type' with types : Type and JSType
Field type inconsistancy 'THIS' with types : Token and int
readFailedTest: path is /mnt/nfs/work1/brun/mmotwani/SimFix/d4j-info/failed_tests/closure/115.txtTESTING : com.google.javascript.jscomp.InlineFunctionsTest::testInlineFunctions23
COMMAND:cd /home/mmotwani/mywork1dir/Defects4Java7/defects4j/SIMFIX_RQ3_closure115_5_1/closure/closure_115_buggy && /usr/bin/timeout 30 /mnt/nfs/work1/brun/mmotwani/Defects4Java7/defects4j//framework/bin/defects4j test -t com.google.javascript.jscomp.InlineFunctionsTest::testInlineFunctions23
Running ant (compile.tests)................................................ 
TESTING : com.google.javascript.jscomp.InlineFunctionsTest::testInlineFunctions22
COMMAND:cd /home/mmotwani/mywork1dir/Defects4Java7/defects4j/SIMFIX_RQ3_closure115_5_1/closure/closure_115_buggy && /usr/bin/timeout 30 /mnt/nfs/work1/brun/mmotwani/Defects4Java7/defects4j//framework/bin/defects4j test -t com.google.javascript.jscomp.InlineFunctionsTest::testInlineFunctions22
  - com.google.javascript.jscomp.InlineFunctionsTest::testInlineFunctions22
Failing tests: 1
Running ant (run.dev.tests)................................................ OK
Running ant (compile.tests)................................................ OK
TESTING : com.google.javascript.jscomp.InlineFunctionsTest::testInlineFunctions6
COMMAND:cd /home/mmotwani/mywork1dir/Defects4Java7/defects4j/SIMFIX_RQ3_closure115_5_1/closure/closure_115_buggy && /usr/bin/timeout 30 /mnt/nfs/work1/brun/mmotwani/Defects4Java7/defects4j//framework/bin/defects4j test -t com.google.javascript.jscomp.InlineFunctionsTest::testInlineFunctions6
  - com.google.javascript.jscomp.InlineFunctionsTest::testInlineFunctions6
Failing tests: 1
Running ant (run.dev.tests)................................................ OK
Running ant (compile.tests)................................................ OK
TESTING : com.google.javascript.jscomp.InlineFunctionsTest::testNoInlineIfParametersModified9
COMMAND:cd /home/mmotwani/mywork1dir/Defects4Java7/defects4j/SIMFIX_RQ3_closure115_5_1/closure/closure_115_buggy && /usr/bin/timeout 30 /mnt/nfs/work1/brun/mmotwani/Defects4Java7/defects4j//framework/bin/defects4j test -t com.google.javascript.jscomp.InlineFunctionsTest::testNoInlineIfParametersModified9
  - com.google.javascript.jscomp.InlineFunctionsTest::testNoInlineIfParametersModified9
Failing tests: 1
Running ant (run.dev.tests)................................................ OK
Running ant (compile.tests)................................................ OK
TESTING : com.google.javascript.jscomp.InlineFunctionsTest::testDoubleInlining1
COMMAND:cd /home/mmotwani/mywork1dir/Defects4Java7/defects4j/SIMFIX_RQ3_closure115_5_1/closure/closure_115_buggy && /usr/bin/timeout 30 /mnt/nfs/work1/brun/mmotwani/Defects4Java7/defects4j//framework/bin/defects4j test -t com.google.javascript.jscomp.InlineFunctionsTest::testDoubleInlining1
  - com.google.javascript.jscomp.InlineFunctionsTest::testDoubleInlining1
Failing tests: 1
Running ant (run.dev.tests)................................................ OK
Running ant (compile.tests)................................................ OK
IN COMMENT TEST CASE: com.google.javascript.jscomp.InlineFunctionsTest::testInlineFunctions23
IN COMMENT TEST CASE: com.google.javascript.jscomp.InlineFunctionsTest::testInlineFunctions22
IN COMMENT TEST CASE: com.google.javascript.jscomp.InlineFunctionsTest::testInlineFunctions6
IN COMMENT TEST CASE: com.google.javascript.jscomp.InlineFunctionsTest::testNoInlineIfParametersModified9
IN COMMENT TEST CASE: com.google.javascript.jscomp.InlineFunctionsTest::testDoubleInlining1
IN COMMENT TEST CASE: /home/mmotwani/mywork1dir/Defects4Java7/defects4j/SIMFIX_RQ3_closure115_5_1/closure/closure_115_buggy/test/com/google/javascript/jscomp/InlineFunctionsTest.java

# FAILING TESTS: 1
TIMEOUT : 3600000
===========
locations= [<com.google.javascript.rhino.Node,1430>, <com.google.javascript.rhino.Node,1446>, <com.google.javascript.rhino.Node,1459>, <com.google.javascript.rhino.Node,2194>, <com.google.javascript.rhino.Node,2195>, <com.google.javascript.rhino.Node,2196>, <com.google.javascript.rhino.Node,2197>, <com.google.javascript.jscomp.FunctionInjector,731>, <com.google.javascript.jscomp.RenameLabels,188>, <com.google.javascript.jscomp.RenameLabels,198>, <com.google.javascript.jscomp.RenameLabels,199>, <com.google.javascript.jscomp.RenameLabels,201>, <com.google.javascript.jscomp.RenameLabels,202>, <com.google.javascript.jscomp.RenameLabels,203>, <com.google.javascript.jscomp.RenameLabels,204>, <com.google.javascript.jscomp.RenameLabels,205>, <com.google.javascript.jscomp.RenameLabels,207>, <com.google.javascript.jscomp.RenameLabels,208>, <com.google.javascript.jscomp.RenameLabels,210>, <com.google.javascript.jscomp.RenameLabels,211>, <com.google.javascript.jscomp.RenameLabels,215>, <com.google.javascript.jscomp.RenameLabels,152>, <com.google.javascript.jscomp.RenameLabels,153>, <com.google.javascript.jscomp.RenameLabels,154>, <com.google.javascript.jscomp.RenameLabels,157>, <com.google.javascript.jscomp.RenameLabels,158>, <com.google.javascript.jscomp.RenameLabels,159>, <com.google.javascript.jscomp.RenameLabels,162>, <com.google.javascript.jscomp.RenameLabels,163>, <com.google.javascript.jscomp.RenameLabels,166>, <com.google.javascript.jscomp.RenameLabels,167>, <com.google.javascript.jscomp.RenameLabels,183>, <com.google.javascript.jscomp.RenameLabels,184>, <com.google.javascript.jscomp.RenameLabels,223>, <com.google.javascript.jscomp.RenameLabels,224>, <com.google.javascript.jscomp.RenameLabels,225>, <com.google.javascript.jscomp.RenameLabels,226>, <com.google.javascript.jscomp.RenameLabels,228>, <com.google.javascript.jscomp.RenameLabels,229>, <com.google.javascript.jscomp.RenameLabels,230>, <com.google.javascript.jscomp.RenameLabels,232>, <com.google.javascript.jscomp.RenameLabels,233>, <com.google.javascript.jscomp.RenameLabels,235>, <com.google.javascript.jscomp.RenameLabels,247>, <com.google.javascript.jscomp.RenameLabels,248>, <com.google.javascript.jscomp.RenameLabels,256>, <com.google.javascript.jscomp.RenameLabels,264>, <com.google.javascript.jscomp.FunctionToBlockMutator,201>, <com.google.javascript.jscomp.RenameLabels,279>, <com.google.javascript.jscomp.RenameLabels,276>, <com.google.javascript.jscomp.RenameLabels,280>, <com.google.javascript.jscomp.RenameLabels,281>, <com.google.javascript.jscomp.NodeUtil,1166>, <com.google.javascript.jscomp.InlineFunctions,503>, <com.google.javascript.jscomp.InlineFunctions,504>, <com.google.javascript.jscomp.InlineFunctions,541>, <com.google.javascript.jscomp.InlineFunctions,806>, <com.google.javascript.jscomp.NodeUtil,1149>, <com.google.javascript.jscomp.FunctionInjector,730>, <com.google.javascript.jscomp.FunctionInjector,729>, <com.google.javascript.jscomp.InlineFunctions,760>, <com.google.javascript.jscomp.CodeGenerator,109>, <com.google.javascript.jscomp.FunctionArgumentInjector,67>, <com.google.javascript.jscomp.FunctionArgumentInjector,72>, <com.google.javascript.jscomp.FunctionArgumentInjector,73>, <com.google.javascript.jscomp.FunctionArgumentInjector,74>, <com.google.javascript.jscomp.FunctionInjector,728>, <com.google.javascript.jscomp.InlineFunctions,745>, <com.google.javascript.jscomp.FunctionInjector,753>, <com.google.javascript.jscomp.AstValidator,138>, <com.google.javascript.jscomp.AstValidator,139>, <com.google.javascript.jscomp.AstValidator,495>, <com.google.javascript.jscomp.AstValidator,496>, <com.google.javascript.jscomp.AstValidator,497>, <com.google.javascript.jscomp.AstValidator,498>, <com.google.javascript.jscomp.AstValidator,500>, <com.google.javascript.rhino.Token,257>, <com.google.javascript.jscomp.InlineFunctions,691>, <com.google.javascript.jscomp.InlineFunctions,692>, <com.google.javascript.jscomp.InlineFunctions,693>, <com.google.javascript.jscomp.InlineFunctions,694>, <com.google.javascript.jscomp.FunctionInjector,744>, <com.google.javascript.jscomp.InlineFunctions,886>, <com.google.javascript.jscomp.InlineFunctions,887>, <com.google.javascript.jscomp.InlineFunctions,888>, <com.google.javascript.jscomp.InlineFunctions,889>, <com.google.javascript.jscomp.InlineFunctions,891>, <com.google.javascript.jscomp.InlineFunctions,892>, <com.google.javascript.jscomp.InlineFunctions,897>, <com.google.javascript.jscomp.FunctionToBlockMutator,497>, <com.google.javascript.jscomp.FunctionToBlockMutator,498>, <com.google.javascript.rhino.IR,238>, <com.google.javascript.rhino.IR,239>, <com.google.javascript.rhino.IR,240>, <com.google.javascript.rhino.IR,241>, <com.google.javascript.rhino.IR,245>, <com.google.javascript.rhino.IR,246>, <com.google.javascript.rhino.IR,283>, <com.google.javascript.rhino.IR,284>, <com.google.javascript.jscomp.parsing.IRFactory,645>, <com.google.javascript.jscomp.parsing.IRFactory,647>, <com.google.javascript.jscomp.parsing.IRFactory,648>, <com.google.javascript.jscomp.AstValidator,470>, <com.google.javascript.jscomp.CodeGenerator,634>, <com.google.javascript.jscomp.CodeGenerator,637>, <com.google.javascript.jscomp.CodeGenerator,638>, <com.google.javascript.jscomp.FunctionToBlockMutator,347>, <com.google.javascript.jscomp.FunctionToBlockMutator,350>, <com.google.javascript.jscomp.FunctionToBlockMutator,351>, <com.google.javascript.jscomp.FunctionToBlockMutator,353>, <com.google.javascript.jscomp.FunctionToBlockMutator,354>, <com.google.javascript.jscomp.FunctionToBlockMutator,358>, <com.google.javascript.jscomp.FunctionToBlockMutator,480>, <com.google.javascript.jscomp.FunctionToBlockMutator,487>, <com.google.javascript.jscomp.FunctionToBlockMutator,488>, <com.google.javascript.jscomp.FunctionToBlockMutator,490>, <com.google.javascript.jscomp.FunctionToBlockMutator,491>, <com.google.javascript.jscomp.FunctionToBlockMutator,494>, <com.google.javascript.jscomp.FunctionToBlockMutator,495>, <com.google.javascript.jscomp.FunctionToBlockMutator,496>, <com.google.javascript.jscomp.FunctionToBlockMutator,500>, <com.google.javascript.jscomp.FunctionToBlockMutator,501>, <com.google.javascript.jscomp.FunctionToBlockMutator,502>, <com.google.javascript.jscomp.FunctionToBlockMutator,504>, <com.google.javascript.jscomp.FunctionToBlockMutator,508>, <com.google.javascript.jscomp.FunctionArgumentInjector,441>, <com.google.javascript.jscomp.FunctionArgumentInjector,443>, <com.google.javascript.jscomp.FunctionArgumentInjector,461>, <com.google.javascript.jscomp.FunctionInjector,736>, <com.google.javascript.jscomp.CodeGenerator,631>, <com.google.javascript.jscomp.CodeGenerator,632>, <com.google.javascript.jscomp.CodeGenerator,633>, <com.google.javascript.jscomp.CodeGenerator,640>, <com.google.javascript.jscomp.CodeGenerator,641>, <com.google.javascript.jscomp.FunctionInjector,750>, <com.google.javascript.jscomp.ExpressionDecomposer,113>, <com.google.javascript.jscomp.ExpressionDecomposer,114>, <com.google.javascript.jscomp.ExpressionDecomposer,115>, <com.google.javascript.jscomp.ExpressionDecomposer,116>, <com.google.javascript.jscomp.ExpressionDecomposer,117>, <com.google.javascript.jscomp.ExpressionDecomposer,118>, <com.google.javascript.jscomp.ExpressionDecomposer,121>, <com.google.javascript.jscomp.ExpressionDecomposer,122>, <com.google.javascript.jscomp.ExpressionDecomposer,126>, <com.google.javascript.jscomp.ExpressionDecomposer,127>, <com.google.javascript.jscomp.ExpressionDecomposer,128>, <com.google.javascript.jscomp.ExpressionDecomposer,129>, <com.google.javascript.jscomp.ExpressionDecomposer,602>, <com.google.javascript.jscomp.FunctionInjector,344>, <com.google.javascript.jscomp.FunctionInjector,362>, <com.google.javascript.jscomp.FunctionInjector,365>, <com.google.javascript.jscomp.FunctionInjector,366>, <com.google.javascript.jscomp.FunctionInjector,367>, <com.google.javascript.jscomp.FunctionInjector,368>, <com.google.javascript.jscomp.FunctionInjector,749>, <com.google.javascript.jscomp.parsing.TypeSafeDispatcher,184>, <com.google.javascript.jscomp.parsing.IRFactory,643>, <com.google.javascript.jscomp.parsing.IRFactory,644>, <com.google.javascript.jscomp.parsing.IRFactory,650>, <com.google.javascript.jscomp.CodeGenerator,575>, <com.google.javascript.jscomp.CodeGenerator,577>, <com.google.javascript.jscomp.CodeGenerator,578>, <com.google.javascript.jscomp.CodeGenerator,579>, <com.google.javascript.jscomp.FunctionInjector,437>, <com.google.javascript.jscomp.FunctionInjector,446>, <com.google.javascript.jscomp.FunctionInjector,447>, <com.google.javascript.jscomp.FunctionInjector,448>, <com.google.javascript.jscomp.ExpressionDecomposer,622>, <com.google.javascript.jscomp.ExpressionDecomposer,623>, <com.google.javascript.jscomp.ExpressionDecomposer,625>, <com.google.javascript.jscomp.ExpressionDecomposer,627>, <com.google.javascript.jscomp.ExpressionDecomposer,628>, <com.google.javascript.jscomp.ExpressionDecomposer,633>, <com.google.javascript.jscomp.ExpressionDecomposer,635>, <com.google.javascript.jscomp.parsing.IRFactory,856>, <com.google.javascript.jscomp.CodeGenerator,893>, <com.google.javascript.jscomp.InlineFunctions,755>, <com.google.javascript.jscomp.InlineFunctions,758>, <com.google.javascript.jscomp.AstValidator,96>, <com.google.javascript.jscomp.AstValidator,97>, <com.google.javascript.jscomp.AstValidator,314>, <com.google.javascript.jscomp.AstValidator,315>, <com.google.javascript.jscomp.AstValidator,316>, <com.google.javascript.jscomp.AstValidator,317>, <com.google.javascript.jscomp.AstValidator,318>, <com.google.javascript.jscomp.AstValidator,321>, <com.google.javascript.jscomp.AstValidator,322>, <com.google.javascript.jscomp.AstValidator,323>, <com.google.javascript.jscomp.AstValidator,324>, <com.google.javascript.rhino.Token,213>, <com.google.javascript.rhino.Token,264>, <com.google.javascript.jscomp.Normalize,545>, <com.google.javascript.jscomp.FunctionArgumentInjector,131>, <com.google.javascript.jscomp.FunctionArgumentInjector,132>, <com.google.javascript.jscomp.FunctionToBlockMutator,408>, <com.google.javascript.jscomp.FunctionToBlockMutator,409>, <com.google.javascript.jscomp.FunctionToBlockMutator,339>, <com.google.javascript.jscomp.FunctionToBlockMutator,340>, <com.google.javascript.jscomp.FunctionToBlockMutator,401>, <com.google.javascript.jscomp.FunctionToBlockMutator,402>]
======================com.google.javascript.rhino.Node,1430
com.google.javascript.rhino.Node,1446
com.google.javascript.rhino.Node,1459
com.google.javascript.rhino.Node,2194
Find no block!
com.google.javascript.rhino.Node,2195
com.google.javascript.rhino.Node,2196
com.google.javascript.rhino.Node,2197
Find no block!
com.google.javascript.jscomp.FunctionInjector,731
========
if(current.shouldRemove&&NodeUtil.canBeSideEffected(cArg)){
return CanInlineResult.NO;
}

========
COMMAND:cd /home/mmotwani/mywork1dir/Defects4Java7/defects4j/SIMFIX_RQ3_closure115_5_1/closure/closure_115_buggy && /usr/bin/timeout 120 /mnt/nfs/work1/brun/mmotwani/Defects4Java7/defects4j//framework/bin/defects4j compile
========
if(shouldRemove&&NodeUtil.canBeSideEffected(cArg)){
return CanInlineResult.NO;
}

========
COMMAND:cd /home/mmotwani/mywork1dir/Defects4Java7/defects4j/SIMFIX_RQ3_closure115_5_1/closure/closure_115_buggy && /usr/bin/timeout 120 /mnt/nfs/work1/brun/mmotwani/Defects4Java7/defects4j//framework/bin/defects4j compile
========
if(cArg==null&&NodeUtil.canBeSideEffected(cArg)){
return CanInlineResult.NO;
}

========
COMMAND:cd /home/mmotwani/mywork1dir/Defects4Java7/defects4j/SIMFIX_RQ3_closure115_5_1/closure/closure_115_buggy && /usr/bin/timeout 120 /mnt/nfs/work1/brun/mmotwani/Defects4Java7/defects4j//framework/bin/defects4j compile
FAILED TEST:com.google.javascript.jscomp.InlineFunctionsTest::testInlineFunctions23
COUNT THESE===> Subject [_name=closure, _id=115, _ssrc=/src, _tsrc=/test, _sbin=/build/classes, _tbin=/build/test, _dependency=null] com.google.javascript.jscomp.InlineFunctionsTest testInlineFunctions23
TESTING : com.google.javascript.jscomp.InlineFunctionsTest::testInlineFunctions23
COMMAND:cd /home/mmotwani/mywork1dir/Defects4Java7/defects4j/SIMFIX_RQ3_closure115_5_1/closure/closure_115_buggy && /usr/bin/timeout 30 /mnt/nfs/work1/brun/mmotwani/Defects4Java7/defects4j//framework/bin/defects4j test -t com.google.javascript.jscomp.InlineFunctionsTest::testInlineFunctions23
Failing tests: 0
TESTING : closure_115
COMMAND:cd /home/mmotwani/mywork1dir/Defects4Java7/defects4j/SIMFIX_RQ3_closure115_5_1/closure/closure_115_buggy && /usr/bin/timeout 600 /mnt/nfs/work1/brun/mmotwani/Defects4Java7/defects4j//framework/bin/defects4j test
Failing tests: 0
Successfully repair!
TESTING : com.google.javascript.jscomp.InlineFunctionsTest::testInlineFunctions22
COMMAND:cd /home/mmotwani/mywork1dir/Defects4Java7/defects4j/SIMFIX_RQ3_closure115_5_1/closure/closure_115_buggy && /usr/bin/timeout 30 /mnt/nfs/work1/brun/mmotwani/Defects4Java7/defects4j//framework/bin/defects4j test -t com.google.javascript.jscomp.InlineFunctionsTest::testInlineFunctions22
Running ant (run.dev.tests)................................................ 
Running ant (compile.tests)................................................ OK
TESTING : com.google.javascript.jscomp.InlineFunctionsTest::testInlineFunctions6
COMMAND:cd /home/mmotwani/mywork1dir/Defects4Java7/defects4j/SIMFIX_RQ3_closure115_5_1/closure/closure_115_buggy && /usr/bin/timeout 30 /mnt/nfs/work1/brun/mmotwani/Defects4Java7/defects4j//framework/bin/defects4j test -t com.google.javascript.jscomp.InlineFunctionsTest::testInlineFunctions6
Failing tests: 0
TEST: com.google.javascript.jscomp.InlineFunctionsTest::testInlineFunctions6
TESTING : com.google.javascript.jscomp.InlineFunctionsTest::testNoInlineIfParametersModified9
COMMAND:cd /home/mmotwani/mywork1dir/Defects4Java7/defects4j/SIMFIX_RQ3_closure115_5_1/closure/closure_115_buggy && /usr/bin/timeout 30 /mnt/nfs/work1/brun/mmotwani/Defects4Java7/defects4j//framework/bin/defects4j test -t com.google.javascript.jscomp.InlineFunctionsTest::testNoInlineIfParametersModified9
Failing tests: 0
TEST: com.google.javascript.jscomp.InlineFunctionsTest::testNoInlineIfParametersModified9
TESTING : com.google.javascript.jscomp.InlineFunctionsTest::testDoubleInlining1
COMMAND:cd /home/mmotwani/mywork1dir/Defects4Java7/defects4j/SIMFIX_RQ3_closure115_5_1/closure/closure_115_buggy && /usr/bin/timeout 30 /mnt/nfs/work1/brun/mmotwani/Defects4Java7/defects4j//framework/bin/defects4j test -t com.google.javascript.jscomp.InlineFunctionsTest::testDoubleInlining1
Failing tests: 0
TEST: com.google.javascript.jscomp.InlineFunctionsTest::testDoubleInlining1
IN COMMENT TEST CASE: com.google.javascript.jscomp.InlineFunctionsTest::testInlineFunctions23
IN COMMENT TEST CASE: com.google.javascript.jscomp.InlineFunctionsTest::testInlineFunctions22
IN COMMENT TEST CASE: com.google.javascript.jscomp.InlineFunctionsTest::testInlineFunctions6
IN COMMENT TEST CASE: com.google.javascript.jscomp.InlineFunctionsTest::testNoInlineIfParametersModified9
IN COMMENT TEST CASE: com.google.javascript.jscomp.InlineFunctionsTest::testDoubleInlining1
IN COMMENT TEST CASE: /home/mmotwani/mywork1dir/Defects4Java7/defects4j/SIMFIX_RQ3_closure115_5_1/closure/closure_115_buggy/test/com/google/javascript/jscomp/InlineFunctionsTest.java

# FAILING TESTS: 1
TIMEOUT : 3600000
===========
locations= [<com.google.javascript.rhino.Node,1430>, <com.google.javascript.rhino.Node,1446>, <com.google.javascript.rhino.Node,1459>, <com.google.javascript.rhino.Node,2194>, <com.google.javascript.rhino.Node,2195>, <com.google.javascript.rhino.Node,2196>, <com.google.javascript.rhino.Node,2197>, <com.google.javascript.jscomp.FunctionInjector,731>, <com.google.javascript.jscomp.RenameLabels,188>, <com.google.javascript.jscomp.RenameLabels,198>, <com.google.javascript.jscomp.RenameLabels,199>, <com.google.javascript.jscomp.RenameLabels,201>, <com.google.javascript.jscomp.RenameLabels,202>, <com.google.javascript.jscomp.RenameLabels,203>, <com.google.javascript.jscomp.RenameLabels,204>, <com.google.javascript.jscomp.RenameLabels,205>, <com.google.javascript.jscomp.RenameLabels,207>, <com.google.javascript.jscomp.RenameLabels,208>, <com.google.javascript.jscomp.RenameLabels,210>, <com.google.javascript.jscomp.RenameLabels,211>, <com.google.javascript.jscomp.RenameLabels,215>, <com.google.javascript.jscomp.RenameLabels,152>, <com.google.javascript.jscomp.RenameLabels,153>, <com.google.javascript.jscomp.RenameLabels,154>, <com.google.javascript.jscomp.RenameLabels,157>, <com.google.javascript.jscomp.RenameLabels,158>, <com.google.javascript.jscomp.RenameLabels,159>, <com.google.javascript.jscomp.RenameLabels,162>, <com.google.javascript.jscomp.RenameLabels,163>, <com.google.javascript.jscomp.RenameLabels,166>, <com.google.javascript.jscomp.RenameLabels,167>, <com.google.javascript.jscomp.RenameLabels,183>, <com.google.javascript.jscomp.RenameLabels,184>, <com.google.javascript.jscomp.RenameLabels,223>, <com.google.javascript.jscomp.RenameLabels,224>, <com.google.javascript.jscomp.RenameLabels,225>, <com.google.javascript.jscomp.RenameLabels,226>, <com.google.javascript.jscomp.RenameLabels,228>, <com.google.javascript.jscomp.RenameLabels,229>, <com.google.javascript.jscomp.RenameLabels,230>, <com.google.javascript.jscomp.RenameLabels,232>, <com.google.javascript.jscomp.RenameLabels,233>, <com.google.javascript.jscomp.RenameLabels,235>, <com.google.javascript.jscomp.RenameLabels,247>, <com.google.javascript.jscomp.RenameLabels,248>, <com.google.javascript.jscomp.RenameLabels,256>, <com.google.javascript.jscomp.RenameLabels,264>, <com.google.javascript.jscomp.FunctionToBlockMutator,201>, <com.google.javascript.jscomp.RenameLabels,279>, <com.google.javascript.jscomp.RenameLabels,276>, <com.google.javascript.jscomp.RenameLabels,280>, <com.google.javascript.jscomp.RenameLabels,281>, <com.google.javascript.jscomp.NodeUtil,1166>, <com.google.javascript.jscomp.InlineFunctions,503>, <com.google.javascript.jscomp.InlineFunctions,504>, <com.google.javascript.jscomp.InlineFunctions,541>, <com.google.javascript.jscomp.InlineFunctions,806>, <com.google.javascript.jscomp.NodeUtil,1149>, <com.google.javascript.jscomp.FunctionInjector,730>, <com.google.javascript.jscomp.FunctionInjector,729>, <com.google.javascript.jscomp.InlineFunctions,760>, <com.google.javascript.jscomp.CodeGenerator,109>, <com.google.javascript.jscomp.FunctionArgumentInjector,67>, <com.google.javascript.jscomp.FunctionArgumentInjector,72>, <com.google.javascript.jscomp.FunctionArgumentInjector,73>, <com.google.javascript.jscomp.FunctionArgumentInjector,74>, <com.google.javascript.jscomp.FunctionInjector,728>, <com.google.javascript.jscomp.InlineFunctions,745>, <com.google.javascript.jscomp.FunctionInjector,753>, <com.google.javascript.jscomp.AstValidator,138>, <com.google.javascript.jscomp.AstValidator,139>, <com.google.javascript.jscomp.AstValidator,495>, <com.google.javascript.jscomp.AstValidator,496>, <com.google.javascript.jscomp.AstValidator,497>, <com.google.javascript.jscomp.AstValidator,498>, <com.google.javascript.jscomp.AstValidator,500>, <com.google.javascript.rhino.Token,257>, <com.google.javascript.jscomp.InlineFunctions,691>, <com.google.javascript.jscomp.InlineFunctions,692>, <com.google.javascript.jscomp.InlineFunctions,693>, <com.google.javascript.jscomp.InlineFunctions,694>, <com.google.javascript.jscomp.FunctionInjector,744>, <com.google.javascript.jscomp.InlineFunctions,886>, <com.google.javascript.jscomp.InlineFunctions,887>, <com.google.javascript.jscomp.InlineFunctions,888>, <com.google.javascript.jscomp.InlineFunctions,889>, <com.google.javascript.jscomp.InlineFunctions,891>, <com.google.javascript.jscomp.InlineFunctions,892>, <com.google.javascript.jscomp.InlineFunctions,897>, <com.google.javascript.jscomp.FunctionToBlockMutator,497>, <com.google.javascript.jscomp.FunctionToBlockMutator,498>, <com.google.javascript.rhino.IR,238>, <com.google.javascript.rhino.IR,239>, <com.google.javascript.rhino.IR,240>, <com.google.javascript.rhino.IR,241>, <com.google.javascript.rhino.IR,245>, <com.google.javascript.rhino.IR,246>, <com.google.javascript.rhino.IR,283>, <com.google.javascript.rhino.IR,284>, <com.google.javascript.jscomp.parsing.IRFactory,645>, <com.google.javascript.jscomp.parsing.IRFactory,647>, <com.google.javascript.jscomp.parsing.IRFactory,648>, <com.google.javascript.jscomp.AstValidator,470>, <com.google.javascript.jscomp.CodeGenerator,634>, <com.google.javascript.jscomp.CodeGenerator,637>, <com.google.javascript.jscomp.CodeGenerator,638>, <com.google.javascript.jscomp.FunctionToBlockMutator,347>, <com.google.javascript.jscomp.FunctionToBlockMutator,350>, <com.google.javascript.jscomp.FunctionToBlockMutator,351>, <com.google.javascript.jscomp.FunctionToBlockMutator,353>, <com.google.javascript.jscomp.FunctionToBlockMutator,354>, <com.google.javascript.jscomp.FunctionToBlockMutator,358>, <com.google.javascript.jscomp.FunctionToBlockMutator,480>, <com.google.javascript.jscomp.FunctionToBlockMutator,487>, <com.google.javascript.jscomp.FunctionToBlockMutator,488>, <com.google.javascript.jscomp.FunctionToBlockMutator,490>, <com.google.javascript.jscomp.FunctionToBlockMutator,491>, <com.google.javascript.jscomp.FunctionToBlockMutator,494>, <com.google.javascript.jscomp.FunctionToBlockMutator,495>, <com.google.javascript.jscomp.FunctionToBlockMutator,496>, <com.google.javascript.jscomp.FunctionToBlockMutator,500>, <com.google.javascript.jscomp.FunctionToBlockMutator,501>, <com.google.javascript.jscomp.FunctionToBlockMutator,502>, <com.google.javascript.jscomp.FunctionToBlockMutator,504>, <com.google.javascript.jscomp.FunctionToBlockMutator,508>, <com.google.javascript.jscomp.FunctionArgumentInjector,441>, <com.google.javascript.jscomp.FunctionArgumentInjector,443>, <com.google.javascript.jscomp.FunctionArgumentInjector,461>, <com.google.javascript.jscomp.FunctionInjector,736>, <com.google.javascript.jscomp.CodeGenerator,631>, <com.google.javascript.jscomp.CodeGenerator,632>, <com.google.javascript.jscomp.CodeGenerator,633>, <com.google.javascript.jscomp.CodeGenerator,640>, <com.google.javascript.jscomp.CodeGenerator,641>, <com.google.javascript.jscomp.FunctionInjector,750>, <com.google.javascript.jscomp.ExpressionDecomposer,113>, <com.google.javascript.jscomp.ExpressionDecomposer,114>, <com.google.javascript.jscomp.ExpressionDecomposer,115>, <com.google.javascript.jscomp.ExpressionDecomposer,116>, <com.google.javascript.jscomp.ExpressionDecomposer,117>, <com.google.javascript.jscomp.ExpressionDecomposer,118>, <com.google.javascript.jscomp.ExpressionDecomposer,121>, <com.google.javascript.jscomp.ExpressionDecomposer,122>, <com.google.javascript.jscomp.ExpressionDecomposer,126>, <com.google.javascript.jscomp.ExpressionDecomposer,127>, <com.google.javascript.jscomp.ExpressionDecomposer,128>, <com.google.javascript.jscomp.ExpressionDecomposer,129>, <com.google.javascript.jscomp.ExpressionDecomposer,602>, <com.google.javascript.jscomp.FunctionInjector,344>, <com.google.javascript.jscomp.FunctionInjector,362>, <com.google.javascript.jscomp.FunctionInjector,365>, <com.google.javascript.jscomp.FunctionInjector,366>, <com.google.javascript.jscomp.FunctionInjector,367>, <com.google.javascript.jscomp.FunctionInjector,368>, <com.google.javascript.jscomp.FunctionInjector,749>, <com.google.javascript.jscomp.parsing.TypeSafeDispatcher,184>, <com.google.javascript.jscomp.parsing.IRFactory,643>, <com.google.javascript.jscomp.parsing.IRFactory,644>, <com.google.javascript.jscomp.parsing.IRFactory,650>, <com.google.javascript.jscomp.CodeGenerator,575>, <com.google.javascript.jscomp.CodeGenerator,577>, <com.google.javascript.jscomp.CodeGenerator,578>, <com.google.javascript.jscomp.CodeGenerator,579>, <com.google.javascript.jscomp.FunctionInjector,437>, <com.google.javascript.jscomp.FunctionInjector,446>, <com.google.javascript.jscomp.FunctionInjector,447>, <com.google.javascript.jscomp.FunctionInjector,448>, <com.google.javascript.jscomp.ExpressionDecomposer,622>, <com.google.javascript.jscomp.ExpressionDecomposer,623>, <com.google.javascript.jscomp.ExpressionDecomposer,625>, <com.google.javascript.jscomp.ExpressionDecomposer,627>, <com.google.javascript.jscomp.ExpressionDecomposer,628>, <com.google.javascript.jscomp.ExpressionDecomposer,633>, <com.google.javascript.jscomp.ExpressionDecomposer,635>, <com.google.javascript.jscomp.parsing.IRFactory,856>, <com.google.javascript.jscomp.CodeGenerator,893>, <com.google.javascript.jscomp.InlineFunctions,755>, <com.google.javascript.jscomp.InlineFunctions,758>, <com.google.javascript.jscomp.AstValidator,96>, <com.google.javascript.jscomp.AstValidator,97>, <com.google.javascript.jscomp.AstValidator,314>, <com.google.javascript.jscomp.AstValidator,315>, <com.google.javascript.jscomp.AstValidator,316>, <com.google.javascript.jscomp.AstValidator,317>, <com.google.javascript.jscomp.AstValidator,318>, <com.google.javascript.jscomp.AstValidator,321>, <com.google.javascript.jscomp.AstValidator,322>, <com.google.javascript.jscomp.AstValidator,323>, <com.google.javascript.jscomp.AstValidator,324>, <com.google.javascript.rhino.Token,213>, <com.google.javascript.rhino.Token,264>, <com.google.javascript.jscomp.Normalize,545>, <com.google.javascript.jscomp.FunctionArgumentInjector,131>, <com.google.javascript.jscomp.FunctionArgumentInjector,132>, <com.google.javascript.jscomp.FunctionToBlockMutator,408>, <com.google.javascript.jscomp.FunctionToBlockMutator,409>, <com.google.javascript.jscomp.FunctionToBlockMutator,339>, <com.google.javascript.jscomp.FunctionToBlockMutator,340>, <com.google.javascript.jscomp.FunctionToBlockMutator,401>, <com.google.javascript.jscomp.FunctionToBlockMutator,402>]
======================com.google.javascript.rhino.Node,1430
com.google.javascript.rhino.Node,1446
com.google.javascript.rhino.Node,1459
com.google.javascript.rhino.Node,2194
Find no block!
com.google.javascript.rhino.Node,2195
com.google.javascript.rhino.Node,2196
com.google.javascript.rhino.Node,2197
Find no block!
com.google.javascript.jscomp.FunctionInjector,731
========
if(current.shouldRemove&&NodeUtil.canBeSideEffected(cArg)){
return CanInlineResult.NO;
}

========
COMMAND:cd /home/mmotwani/mywork1dir/Defects4Java7/defects4j/SIMFIX_RQ3_closure115_5_1/closure/closure_115_buggy && /usr/bin/timeout 120 /mnt/nfs/work1/brun/mmotwani/Defects4Java7/defects4j//framework/bin/defects4j compile
========
if(shouldRemove&&NodeUtil.canBeSideEffected(cArg)){
return CanInlineResult.NO;
}

========
COMMAND:cd /home/mmotwani/mywork1dir/Defects4Java7/defects4j/SIMFIX_RQ3_closure115_5_1/closure/closure_115_buggy && /usr/bin/timeout 120 /mnt/nfs/work1/brun/mmotwani/Defects4Java7/defects4j//framework/bin/defects4j compile
========
if(cArg==null&&NodeUtil.canBeSideEffected(cArg)){
return CanInlineResult.NO;
}

========
COMMAND:cd /home/mmotwani/mywork1dir/Defects4Java7/defects4j/SIMFIX_RQ3_closure115_5_1/closure/closure_115_buggy && /usr/bin/timeout 120 /mnt/nfs/work1/brun/mmotwani/Defects4Java7/defects4j//framework/bin/defects4j compile
FAILED TEST:com.google.javascript.jscomp.InlineFunctionsTest::testInlineFunctions22
COUNT THESE===> Subject [_name=closure, _id=115, _ssrc=/src, _tsrc=/test, _sbin=/build/classes, _tbin=/build/test, _dependency=null] com.google.javascript.jscomp.InlineFunctionsTest testInlineFunctions22
TESTING : com.google.javascript.jscomp.InlineFunctionsTest::testInlineFunctions22
COMMAND:cd /home/mmotwani/mywork1dir/Defects4Java7/defects4j/SIMFIX_RQ3_closure115_5_1/closure/closure_115_buggy && /usr/bin/timeout 30 /mnt/nfs/work1/brun/mmotwani/Defects4Java7/defects4j//framework/bin/defects4j test -t com.google.javascript.jscomp.InlineFunctionsTest::testInlineFunctions22
Failing tests: 0
TESTING : closure_115
COMMAND:cd /home/mmotwani/mywork1dir/Defects4Java7/defects4j/SIMFIX_RQ3_closure115_5_1/closure/closure_115_buggy && /usr/bin/timeout 600 /mnt/nfs/work1/brun/mmotwani/Defects4Java7/defects4j//framework/bin/defects4j test
Failing tests: 0
Successfully repair!
TESTING : com.google.javascript.jscomp.InlineFunctionsTest::testInlineFunctions6
COMMAND:cd /home/mmotwani/mywork1dir/Defects4Java7/defects4j/SIMFIX_RQ3_closure115_5_1/closure/closure_115_buggy && /usr/bin/timeout 30 /mnt/nfs/work1/brun/mmotwani/Defects4Java7/defects4j//framework/bin/defects4j test -t com.google.javascript.jscomp.InlineFunctionsTest::testInlineFunctions6
Failing tests: 0
TEST: com.google.javascript.jscomp.InlineFunctionsTest::testInlineFunctions6
TESTING : com.google.javascript.jscomp.InlineFunctionsTest::testNoInlineIfParametersModified9
COMMAND:cd /home/mmotwani/mywork1dir/Defects4Java7/defects4j/SIMFIX_RQ3_closure115_5_1/closure/closure_115_buggy && /usr/bin/timeout 30 /mnt/nfs/work1/brun/mmotwani/Defects4Java7/defects4j//framework/bin/defects4j test -t com.google.javascript.jscomp.InlineFunctionsTest::testNoInlineIfParametersModified9
Failing tests: 0
TEST: com.google.javascript.jscomp.InlineFunctionsTest::testNoInlineIfParametersModified9
TESTING : com.google.javascript.jscomp.InlineFunctionsTest::testDoubleInlining1
COMMAND:cd /home/mmotwani/mywork1dir/Defects4Java7/defects4j/SIMFIX_RQ3_closure115_5_1/closure/closure_115_buggy && /usr/bin/timeout 30 /mnt/nfs/work1/brun/mmotwani/Defects4Java7/defects4j//framework/bin/defects4j test -t com.google.javascript.jscomp.InlineFunctionsTest::testDoubleInlining1
Failing tests: 0
TEST: com.google.javascript.jscomp.InlineFunctionsTest::testDoubleInlining1
