=================================================
Project : math_1	start : 19/09/02 13:30
=================================================
Project : math_1	start : 19/09/02 13:31
=================================================
Project : math_1	start : 19/09/02 13:38
Current failed test : org.apache.commons.math3.fraction.BigFractionTest::testDigitLimitConstructor_purify_8 | 19/09/02 13:39
Mon Sep 02 13:40:49 EDT 2019 org.apache.commons.math3.exception.MathIllegalStateException,80
Mon Sep 02 13:41:32 EDT 2019 org.apache.commons.math3.exception.MathIllegalStateException,86
Mon Sep 02 13:42:17 EDT 2019 org.apache.commons.math3.exception.util.LocalizedFormats,382
Mon Sep 02 13:45:45 EDT 2019 org.apache.commons.math3.exception.util.LocalizedFormats,383
Mon Sep 02 13:45:46 EDT 2019 Mon Sep 02 13:45:46 EDT 2019 : org.apache.commons.math3.exception.util.LocalizedFormats,390=>Find no block
Mon Sep 02 13:45:48 EDT 2019 org.apache.commons.math3.exception.util.LocalizedFormats,396
Mon Sep 02 13:45:50 EDT 2019 org.apache.commons.math3.fraction.FractionConversionException,53
Mon Sep 02 13:45:56 EDT 2019 Mon Sep 02 13:45:56 EDT 2019 : org.apache.commons.math3.fraction.FractionConversionException,54=>Find no block
Mon Sep 02 13:45:58 EDT 2019 Mon Sep 02 13:45:58 EDT 2019 : org.apache.commons.math3.exception.ConvergenceException,48=>Find no block
Mon Sep 02 13:46:00 EDT 2019 org.apache.commons.math3.exception.ConvergenceException,49
Mon Sep 02 13:47:02 EDT 2019 Mon Sep 02 13:47:02 EDT 2019 : org.apache.commons.math3.exception.ConvergenceException,50=>Find no block
Mon Sep 02 13:47:04 EDT 2019 org.apache.commons.math3.fraction.BigFraction,306

----------------------------------------
----------------------------------------
Pass Single Test : [=>0,0]
if((n<maxIterations)&&(FastMath.abs(value-value)>epsilon)){
throw new FractionConversionException(value,p2,q2);
}

Time : 19/09/02 13:48
----------------------------------------

----------------------------------------
----------------------------------------
Similar code block : 1.3059069600907303 : [/home/mmotwani/mywork1dir/Defects4Java7/defects4j/SIMFIX_RQ1//math/math_1_buggy/src/main/java/org/apache/commons/math3/fraction/BigFraction.java=>0,0]
if((n<maxIterations)&&(FastMath.abs(convergent-value)>epsilon)){
p0=p1;
p1=p2;
q0=q1;
q1=q2;
a0=a1;
r0=r1;
}else {
stop=true;
}

Time : 19/09/02 13:50
----------------------------------------

----------------------------------------
----------------------------------------
Original source code : [/home/mmotwani/mywork1dir/Defects4Java7/defects4j/SIMFIX_RQ1//math/math_1_buggy/src/main/java/org/apache/commons/math3/fraction/BigFraction.java=>303,307]
if((p2>overflow)||(q2>overflow)){
throw new FractionConversionException(value,p2,q2);
}

Time : 19/09/02 13:50
----------------------------------------

----------------------------------------
----------------------------------------
Find a patch : [/home/mmotwani/mywork1dir/Defects4Java7/defects4j/SIMFIX_RQ1//math/math_1_buggy/src/main/java/org/apache/commons/math3/fraction/BigFraction.java=>303,307]
if((n<maxIterations)&&(FastMath.abs(value-value)>epsilon)){
throw new FractionConversionException(value,p2,q2);
}

Time : 19/09/02 13:50
----------------------------------------
Success time : 19/09/02 13:50
Current failed test : org.apache.commons.math3.fraction.FractionTest::testDigitLimitConstructor_purify_8 | 19/09/02 13:50
Mon Sep 02 13:51:47 EDT 2019 org.apache.commons.math3.exception.MathIllegalStateException,80
Mon Sep 02 13:52:30 EDT 2019 org.apache.commons.math3.exception.MathIllegalStateException,86
Mon Sep 02 13:53:09 EDT 2019 org.apache.commons.math3.exception.util.LocalizedFormats,382
Mon Sep 02 13:56:29 EDT 2019 org.apache.commons.math3.exception.util.LocalizedFormats,383
Mon Sep 02 13:56:31 EDT 2019 Mon Sep 02 13:56:31 EDT 2019 : org.apache.commons.math3.exception.util.LocalizedFormats,390=>Find no block
Mon Sep 02 13:56:32 EDT 2019 org.apache.commons.math3.exception.util.LocalizedFormats,396
Mon Sep 02 13:56:34 EDT 2019 org.apache.commons.math3.fraction.FractionConversionException,53
Mon Sep 02 13:56:39 EDT 2019 Mon Sep 02 13:56:39 EDT 2019 : org.apache.commons.math3.fraction.FractionConversionException,54=>Find no block
Mon Sep 02 13:56:41 EDT 2019 Mon Sep 02 13:56:41 EDT 2019 : org.apache.commons.math3.exception.ConvergenceException,48=>Find no block
Mon Sep 02 13:56:42 EDT 2019 org.apache.commons.math3.exception.ConvergenceException,49
Mon Sep 02 13:57:43 EDT 2019 Mon Sep 02 13:57:43 EDT 2019 : org.apache.commons.math3.exception.ConvergenceException,50=>Find no block
Mon Sep 02 13:57:44 EDT 2019 org.apache.commons.math3.fraction.BigFraction,306
Mon Sep 02 14:01:52 EDT 2019 org.apache.commons.math3.fraction.BigFraction,332
Mon Sep 02 14:09:56 EDT 2019 org.apache.commons.math3.fraction.BigFraction,333
Mon Sep 02 14:09:58 EDT 2019 org.apache.commons.math3.fraction.BigFraction,356
Mon Sep 02 14:10:36 EDT 2019 Mon Sep 02 14:10:36 EDT 2019 : org.apache.commons.math3.fraction.BigFraction,357=>Find no block
Mon Sep 02 14:10:38 EDT 2019 org.apache.commons.math3.fraction.Fraction,144
Mon Sep 02 14:10:39 EDT 2019 Mon Sep 02 14:10:39 EDT 2019 : org.apache.commons.math3.fraction.Fraction,145=>Find no block
Mon Sep 02 14:10:41 EDT 2019 org.apache.commons.math3.fraction.Fraction,215

----------------------------------------
----------------------------------------
Pass Single Test : [=>0,0]
if((FastMath.abs(p2)>overflow)&&q2<maxDenominator){
throw new FractionConversionException(value,p2,q2);
}

Time : 19/09/02 14:13
----------------------------------------

----------------------------------------
----------------------------------------
Pass Single Test : [=>0,0]
if((q2==0)||(overflow==0)){
throw new FractionConversionException(value,p2,q2);
}

Time : 19/09/02 14:15
----------------------------------------

----------------------------------------
----------------------------------------
Pass Single Test : [=>0,0]
if((q2==0)||(overflow==0)){
throw new MathArithmeticException(LocalizedFormats.GCD_OVERFLOW_64_BITS,p2,q1);
}

Time : 19/09/02 14:18
----------------------------------------

----------------------------------------
----------------------------------------
Pass Single Test : [=>0,0]
if((FastMath.abs(value)<=DEFAULT_EPSILON&&DEFAULT_EPSILON<=2.0)){
throw new FractionConversionException(value,p2,q2);
}

Time : 19/09/02 14:21
----------------------------------------

----------------------------------------
----------------------------------------
Pass Single Test : [=>0,0]
if((FastMath.abs(value)>overflow)||DEFAULT_EPSILON<=DEFAULT_EPSILON*DEFAULT_EPSILON){
throw new FractionConversionException(value,p2,q2);
}

Time : 19/09/02 14:24
----------------------------------------

----------------------------------------
----------------------------------------
Pass Single Test : [=>0,0]
if(stop&&(FastMath.abs(DEFAULT_EPSILON-DEFAULT_EPSILON)<=DEFAULT_EPSILON)){
throw new FractionConversionException(value,p2,q2);
}

Time : 19/09/02 14:26
----------------------------------------

----------------------------------------
----------------------------------------
Pass Single Test : [=>0,0]
if(stop&&(FastMath.abs(q2)>overflow)){
throw new FractionConversionException(value,p2,q2);
}

Time : 19/09/02 14:28
----------------------------------------

----------------------------------------
----------------------------------------
Pass Single Test : [=>0,0]
if(FastMath.abs(value)<=0.1*DEFAULT_EPSILON||(DEFAULT_EPSILON==0&&value<=DEFAULT_EPSILON&&DEFAULT_EPSILON<0)){
throw new FractionConversionException(value,p2,q2);
}

Time : 19/09/02 14:31
----------------------------------------

----------------------------------------
----------------------------------------
Pass Single Test : [=>0,0]
if((FastMath.abs(DEFAULT_EPSILON)>overflow)||DEFAULT_EPSILON<=DEFAULT_EPSILON*DEFAULT_EPSILON){
throw new FractionConversionException(value,p2,q2);
}

Time : 19/09/02 14:33
----------------------------------------
Mon Sep 02 14:37:29 EDT 2019 org.apache.commons.math3.fraction.Fraction,239
Mon Sep 02 14:43:54 EDT 2019 org.apache.commons.math3.fraction.Fraction,240
Mon Sep 02 14:43:55 EDT 2019 org.apache.commons.math3.exception.MathIllegalStateException,69
Mon Sep 02 14:44:00 EDT 2019 Mon Sep 02 14:44:00 EDT 2019 : org.apache.commons.math3.exception.MathIllegalStateException,70=>Find no block
Mon Sep 02 14:44:01 EDT 2019 org.apache.commons.math3.exception.MathIllegalStateException,74
Mon Sep 02 14:44:05 EDT 2019 org.apache.commons.math3.fraction.BigFraction,329
Mon Sep 02 14:44:06 EDT 2019 org.apache.commons.math3.fraction.BigFraction,330
Mon Sep 02 14:44:08 EDT 2019 Mon Sep 02 14:44:08 EDT 2019 : org.apache.commons.math3.exception.MathIllegalStateException,45=>Find no block
Mon Sep 02 14:44:09 EDT 2019 org.apache.commons.math3.exception.MathIllegalStateException,46
Mon Sep 02 14:44:55 EDT 2019 org.apache.commons.math3.exception.MathIllegalStateException,47
Mon Sep 02 14:44:57 EDT 2019 Mon Sep 02 14:44:57 EDT 2019 : org.apache.commons.math3.exception.MathIllegalStateException,48=>Find no block
Mon Sep 02 14:44:59 EDT 2019 org.apache.commons.math3.fraction.BigFraction,328
Mon Sep 02 14:45:00 EDT 2019 Mon Sep 02 14:45:00 EDT 2019 : org.apache.commons.math3.fraction.BigFraction,335=>Find no block
Mon Sep 02 14:45:02 EDT 2019 Mon Sep 02 14:45:02 EDT 2019 : org.apache.commons.math3.fraction.BigFraction,271=>Find no block
Mon Sep 02 14:45:03 EDT 2019 org.apache.commons.math3.fraction.BigFraction,272
Mon Sep 02 14:47:57 EDT 2019 org.apache.commons.math3.fraction.BigFraction,273
Mon Sep 02 14:47:59 EDT 2019 org.apache.commons.math3.fraction.BigFraction,274
Mon Sep 02 14:53:39 EDT 2019 org.apache.commons.math3.fraction.BigFraction,275
Mon Sep 02 14:57:20 EDT 2019 org.apache.commons.math3.fraction.BigFraction,281
Mon Sep 02 15:07:42 EDT 2019 org.apache.commons.math3.fraction.BigFraction,287
Mon Sep 02 15:20:51 EDT 2019 org.apache.commons.math3.fraction.BigFraction,288
Mon Sep 02 15:24:01 EDT 2019 org.apache.commons.math3.fraction.BigFraction,289
Mon Sep 02 15:27:12 EDT 2019 org.apache.commons.math3.fraction.BigFraction,290
Mon Sep 02 15:32:20 EDT 2019 org.apache.commons.math3.fraction.BigFraction,292
Mon Sep 02 15:32:25 EDT 2019 org.apache.commons.math3.fraction.BigFraction,293
Mon Sep 02 15:38:41 EDT 2019 org.apache.commons.math3.fraction.BigFraction,295
Mon Sep 02 15:41:38 EDT 2019 org.apache.commons.math3.fraction.BigFraction,296
Mon Sep 02 15:41:39 EDT 2019 org.apache.commons.math3.fraction.BigFraction,298
Mon Sep 02 15:47:09 EDT 2019 org.apache.commons.math3.fraction.BigFraction,299
Mon Sep 02 15:47:11 EDT 2019 org.apache.commons.math3.fraction.BigFraction,300
Mon Sep 02 15:49:11 EDT 2019 org.apache.commons.math3.fraction.BigFraction,301
Mon Sep 02 15:50:38 EDT 2019 org.apache.commons.math3.fraction.BigFraction,302
Mon Sep 02 15:53:59 EDT 2019 org.apache.commons.math3.fraction.BigFraction,303
Mon Sep 02 15:54:01 EDT 2019 org.apache.commons.math3.fraction.BigFraction,309
Mon Sep 02 15:59:04 EDT 2019 org.apache.commons.math3.fraction.BigFraction,310
Mon Sep 02 16:17:31 EDT 2019 org.apache.commons.math3.fraction.BigFraction,313
Mon Sep 02 16:17:33 EDT 2019 org.apache.commons.math3.fraction.BigFraction,314
Mon Sep 02 16:17:35 EDT 2019 org.apache.commons.math3.fraction.BigFraction,315
Mon Sep 02 16:17:36 EDT 2019 org.apache.commons.math3.fraction.BigFraction,316
Mon Sep 02 16:17:38 EDT 2019 org.apache.commons.math3.fraction.BigFraction,317
Mon Sep 02 16:17:40 EDT 2019 org.apache.commons.math3.fraction.BigFraction,318
Mon Sep 02 16:17:42 EDT 2019 org.apache.commons.math3.fraction.BigFraction,320
Mon Sep 02 16:17:43 EDT 2019 org.apache.commons.math3.fraction.BigFraction,322
Timeout time : 19/09/02 16:21
