=================================================
Project : math_10	start : 19/09/02 13:45
Current failed test : org.apache.commons.math3.analysis.differentiation.DerivativeStructureTest::testAtan2SpecialCases | 19/09/02 13:45
Mon Sep 02 13:50:40 EDT 2019 org.apache.commons.math3.util.FastMath,2477
Mon Sep 02 14:13:35 EDT 2019 org.apache.commons.math3.util.FastMath,2479
Mon Sep 02 14:13:36 EDT 2019 org.apache.commons.math3.util.FastMath,2480
Mon Sep 02 14:13:38 EDT 2019 Mon Sep 02 14:13:38 EDT 2019 : org.apache.commons.math3.util.FastMath,2481=>Find no block
Mon Sep 02 14:13:39 EDT 2019 org.apache.commons.math3.analysis.differentiation.DSCompiler,1387
Mon Sep 02 14:17:46 EDT 2019 org.apache.commons.math3.analysis.differentiation.DSCompiler,1388
Mon Sep 02 14:17:47 EDT 2019 org.apache.commons.math3.analysis.differentiation.DSCompiler,1389
Mon Sep 02 14:21:17 EDT 2019 org.apache.commons.math3.analysis.differentiation.DSCompiler,1390
Mon Sep 02 14:24:25 EDT 2019 org.apache.commons.math3.analysis.differentiation.DSCompiler,1391
Mon Sep 02 14:26:06 EDT 2019 org.apache.commons.math3.analysis.differentiation.DSCompiler,1392
Mon Sep 02 14:26:07 EDT 2019 org.apache.commons.math3.analysis.differentiation.DSCompiler,1394
Mon Sep 02 14:58:01 EDT 2019 org.apache.commons.math3.analysis.differentiation.DSCompiler,1397
Mon Sep 02 15:00:19 EDT 2019 org.apache.commons.math3.analysis.differentiation.DSCompiler,1398
Mon Sep 02 15:00:20 EDT 2019 org.apache.commons.math3.analysis.differentiation.DSCompiler,1399
Mon Sep 02 15:19:27 EDT 2019 org.apache.commons.math3.analysis.differentiation.DSCompiler,1400
Mon Sep 02 15:19:28 EDT 2019 org.apache.commons.math3.analysis.differentiation.DSCompiler,1401
Mon Sep 02 15:19:30 EDT 2019 Mon Sep 02 15:19:30 EDT 2019 : org.apache.commons.math3.analysis.differentiation.DSCompiler,1420=>Find no block
Mon Sep 02 15:19:31 EDT 2019 org.apache.commons.math3.analysis.differentiation.DerivativeStructure,756
Mon Sep 02 15:22:02 EDT 2019 org.apache.commons.math3.analysis.differentiation.DerivativeStructure,757
Mon Sep 02 15:22:04 EDT 2019 org.apache.commons.math3.analysis.differentiation.DerivativeStructure,758
Mon Sep 02 15:22:05 EDT 2019 org.apache.commons.math3.analysis.differentiation.DerivativeStructure,759
Mon Sep 02 15:22:06 EDT 2019 org.apache.commons.math3.analysis.differentiation.DSCompiler,1347
Mon Sep 02 15:54:15 EDT 2019 org.apache.commons.math3.analysis.differentiation.DSCompiler,1348
Mon Sep 02 15:54:24 EDT 2019 org.apache.commons.math3.analysis.differentiation.DSCompiler,1349
Mon Sep 02 15:54:34 EDT 2019 org.apache.commons.math3.analysis.differentiation.DSCompiler,1350
Mon Sep 02 15:54:35 EDT 2019 org.apache.commons.math3.analysis.differentiation.DSCompiler,1351
Mon Sep 02 15:54:37 EDT 2019 Mon Sep 02 15:54:37 EDT 2019 : org.apache.commons.math3.analysis.differentiation.DSCompiler,1353=>Find no block
Mon Sep 02 15:54:43 EDT 2019 org.apache.commons.math3.analysis.differentiation.DSCompiler,1357
Mon Sep 02 15:59:45 EDT 2019 org.apache.commons.math3.analysis.differentiation.DSCompiler,1358
Mon Sep 02 15:59:46 EDT 2019 org.apache.commons.math3.analysis.differentiation.DSCompiler,1361
Mon Sep 02 16:09:52 EDT 2019 org.apache.commons.math3.analysis.differentiation.DSCompiler,1362
Mon Sep 02 16:09:53 EDT 2019 org.apache.commons.math3.util.FastMath,2423
Mon Sep 02 16:12:27 EDT 2019 org.apache.commons.math3.analysis.differentiation.DSCompiler,1327
Mon Sep 02 16:16:12 EDT 2019 org.apache.commons.math3.analysis.differentiation.DSCompiler,1328
Mon Sep 02 16:16:13 EDT 2019 org.apache.commons.math3.analysis.differentiation.DSCompiler,1329
Mon Sep 02 16:16:15 EDT 2019 org.apache.commons.math3.analysis.differentiation.DSCompiler,1330
Mon Sep 02 17:39:01 EDT 2019 org.apache.commons.math3.analysis.differentiation.DSCompiler,1338
Mon Sep 02 17:46:11 EDT 2019 org.apache.commons.math3.analysis.differentiation.DSCompiler,1339
Mon Sep 02 17:46:13 EDT 2019 org.apache.commons.math3.analysis.differentiation.DSCompiler,1340
Mon Sep 02 17:54:04 EDT 2019 org.apache.commons.math3.analysis.differentiation.DSCompiler,1341
Mon Sep 02 18:09:30 EDT 2019 org.apache.commons.math3.analysis.differentiation.DSCompiler,1342
Mon Sep 02 18:14:20 EDT 2019 org.apache.commons.math3.analysis.differentiation.DSCompiler,1343
Mon Sep 02 18:14:22 EDT 2019 org.apache.commons.math3.analysis.differentiation.DSCompiler,1344
Mon Sep 02 18:14:24 EDT 2019 org.apache.commons.math3.analysis.differentiation.DSCompiler,1368
Mon Sep 02 18:27:22 EDT 2019 Mon Sep 02 18:27:22 EDT 2019 : org.apache.commons.math3.analysis.differentiation.DSCompiler,1370=>Find no block
Mon Sep 02 18:27:23 EDT 2019 org.apache.commons.math3.util.FastMath,2455
Mon Sep 02 18:37:17 EDT 2019 org.apache.commons.math3.util.FastMath,2456
Mon Sep 02 18:37:18 EDT 2019 org.apache.commons.math3.util.FastMath,2433
Mon Sep 02 18:39:14 EDT 2019 org.apache.commons.math3.util.FastMath,2436
Mon Sep 02 18:40:30 EDT 2019 org.apache.commons.math3.util.FastMath,2440
Mon Sep 02 18:42:15 EDT 2019 org.apache.commons.math3.util.FastMath,2447
Mon Sep 02 18:43:24 EDT 2019 org.apache.commons.math3.util.FastMath,2452
Mon Sep 02 18:43:25 EDT 2019 org.apache.commons.math3.util.FastMath,2458
Mon Sep 02 18:46:13 EDT 2019 org.apache.commons.math3.util.FastMath,2459
Timeout time : 19/09/02 18:50
