=================================================
Project : math_100	start : 19/09/02 13:43
Current failed test : org.apache.commons.math.estimation.GaussNewtonEstimatorTest::testBoundParameters_purify_2 | 19/09/02 13:43
Mon Sep 02 13:44:27 EDT 2019 Mon Sep 02 13:44:27 EDT 2019 : org.apache.commons.math.estimation.EstimatedParameter,59=>Find no block
Mon Sep 02 13:44:28 EDT 2019 org.apache.commons.math.estimation.EstimatedParameter,60
Mon Sep 02 13:44:54 EDT 2019 org.apache.commons.math.estimation.EstimatedParameter,61
Mon Sep 02 13:44:55 EDT 2019 org.apache.commons.math.estimation.EstimatedParameter,62
Mon Sep 02 13:44:56 EDT 2019 Mon Sep 02 13:44:56 EDT 2019 : org.apache.commons.math.estimation.EstimatedParameter,63=>Find no block
Mon Sep 02 13:44:57 EDT 2019 org.apache.commons.math.estimation.SimpleEstimationProblem,58
Mon Sep 02 13:45:06 EDT 2019 org.apache.commons.math.estimation.AbstractEstimator,162
Mon Sep 02 13:46:45 EDT 2019 org.apache.commons.math.estimation.AbstractEstimator,165
Mon Sep 02 13:46:46 EDT 2019 org.apache.commons.math.estimation.AbstractEstimator,166
Mon Sep 02 13:48:14 EDT 2019 org.apache.commons.math.estimation.AbstractEstimator,167
Mon Sep 02 13:53:46 EDT 2019 org.apache.commons.math.estimation.AbstractEstimator,168
Timeout time : 19/09/02 14:34
Current failed test : org.apache.commons.math.estimation.GaussNewtonEstimatorTest::testBoundParameters_purify_3 | 19/09/02 14:34
Mon Sep 02 14:34:56 EDT 2019 Mon Sep 02 14:34:56 EDT 2019 : org.apache.commons.math.estimation.EstimatedParameter,59=>Find no block
Mon Sep 02 14:34:57 EDT 2019 org.apache.commons.math.estimation.EstimatedParameter,60
Mon Sep 02 14:35:18 EDT 2019 org.apache.commons.math.estimation.EstimatedParameter,61
Mon Sep 02 14:35:19 EDT 2019 org.apache.commons.math.estimation.EstimatedParameter,62
Mon Sep 02 14:35:19 EDT 2019 Mon Sep 02 14:35:19 EDT 2019 : org.apache.commons.math.estimation.EstimatedParameter,63=>Find no block
Mon Sep 02 14:35:20 EDT 2019 org.apache.commons.math.estimation.SimpleEstimationProblem,58
Mon Sep 02 14:35:28 EDT 2019 org.apache.commons.math.estimation.AbstractEstimator,162
Mon Sep 02 14:37:03 EDT 2019 org.apache.commons.math.estimation.AbstractEstimator,165
Mon Sep 02 14:37:04 EDT 2019 org.apache.commons.math.estimation.AbstractEstimator,166
Mon Sep 02 14:38:31 EDT 2019 org.apache.commons.math.estimation.AbstractEstimator,167
Mon Sep 02 14:43:55 EDT 2019 org.apache.commons.math.estimation.AbstractEstimator,168
Timeout time : 19/09/02 15:24
Current failed test : org.apache.commons.math.estimation.GaussNewtonEstimatorTest::testBoundParameters_purify_4 | 19/09/02 15:24
Mon Sep 02 15:25:26 EDT 2019 Mon Sep 02 15:25:26 EDT 2019 : org.apache.commons.math.estimation.EstimatedParameter,59=>Find no block
Mon Sep 02 15:25:26 EDT 2019 org.apache.commons.math.estimation.EstimatedParameter,60
Mon Sep 02 15:25:53 EDT 2019 org.apache.commons.math.estimation.EstimatedParameter,61
Mon Sep 02 15:25:53 EDT 2019 org.apache.commons.math.estimation.EstimatedParameter,62
Mon Sep 02 15:25:53 EDT 2019 Mon Sep 02 15:25:53 EDT 2019 : org.apache.commons.math.estimation.EstimatedParameter,63=>Find no block
Mon Sep 02 15:25:54 EDT 2019 org.apache.commons.math.estimation.SimpleEstimationProblem,58
Mon Sep 02 15:26:01 EDT 2019 org.apache.commons.math.estimation.AbstractEstimator,162
Mon Sep 02 15:27:44 EDT 2019 org.apache.commons.math.estimation.AbstractEstimator,165
Mon Sep 02 15:27:44 EDT 2019 org.apache.commons.math.estimation.AbstractEstimator,166
Mon Sep 02 15:29:16 EDT 2019 org.apache.commons.math.estimation.AbstractEstimator,167
Mon Sep 02 15:34:42 EDT 2019 org.apache.commons.math.estimation.AbstractEstimator,168
Timeout time : 19/09/02 16:15
Current failed test : org.apache.commons.math.estimation.GaussNewtonEstimatorTest::testBoundParameters_purify_5 | 19/09/02 16:15
Mon Sep 02 16:15:55 EDT 2019 Mon Sep 02 16:15:55 EDT 2019 : org.apache.commons.math.estimation.EstimatedParameter,59=>Find no block
Mon Sep 02 16:15:56 EDT 2019 org.apache.commons.math.estimation.EstimatedParameter,60
Mon Sep 02 16:16:17 EDT 2019 org.apache.commons.math.estimation.EstimatedParameter,61
Mon Sep 02 16:16:17 EDT 2019 org.apache.commons.math.estimation.EstimatedParameter,62
Mon Sep 02 16:16:18 EDT 2019 Mon Sep 02 16:16:18 EDT 2019 : org.apache.commons.math.estimation.EstimatedParameter,63=>Find no block
Mon Sep 02 16:16:18 EDT 2019 org.apache.commons.math.estimation.SimpleEstimationProblem,58
Mon Sep 02 16:16:26 EDT 2019 org.apache.commons.math.estimation.AbstractEstimator,162
Mon Sep 02 16:17:59 EDT 2019 org.apache.commons.math.estimation.AbstractEstimator,165
Mon Sep 02 16:17:59 EDT 2019 org.apache.commons.math.estimation.AbstractEstimator,166
Mon Sep 02 16:19:24 EDT 2019 org.apache.commons.math.estimation.AbstractEstimator,167
Mon Sep 02 16:24:46 EDT 2019 org.apache.commons.math.estimation.AbstractEstimator,168
Timeout time : 19/09/02 17:05
Current failed test : org.apache.commons.math.estimation.GaussNewtonEstimatorTest::testBoundParameters_purify_6 | 19/09/02 17:05
Mon Sep 02 17:06:23 EDT 2019 Mon Sep 02 17:06:23 EDT 2019 : org.apache.commons.math.estimation.EstimatedParameter,59=>Find no block
Mon Sep 02 17:06:23 EDT 2019 org.apache.commons.math.estimation.EstimatedParameter,60
Mon Sep 02 17:06:42 EDT 2019 org.apache.commons.math.estimation.EstimatedParameter,61
Mon Sep 02 17:06:43 EDT 2019 org.apache.commons.math.estimation.EstimatedParameter,62
Mon Sep 02 17:06:44 EDT 2019 Mon Sep 02 17:06:44 EDT 2019 : org.apache.commons.math.estimation.EstimatedParameter,63=>Find no block
Mon Sep 02 17:06:44 EDT 2019 org.apache.commons.math.estimation.SimpleEstimationProblem,58
Mon Sep 02 17:06:51 EDT 2019 org.apache.commons.math.estimation.AbstractEstimator,162
Mon Sep 02 17:08:18 EDT 2019 org.apache.commons.math.estimation.AbstractEstimator,165
Mon Sep 02 17:08:18 EDT 2019 org.apache.commons.math.estimation.AbstractEstimator,166
Mon Sep 02 17:09:40 EDT 2019 org.apache.commons.math.estimation.AbstractEstimator,167
Mon Sep 02 17:14:48 EDT 2019 org.apache.commons.math.estimation.AbstractEstimator,168
Timeout time : 19/09/02 17:56
Current failed test : org.apache.commons.math.estimation.GaussNewtonEstimatorTest::testBoundParameters_purify_7 | 19/09/02 17:56
Mon Sep 02 17:56:49 EDT 2019 Mon Sep 02 17:56:49 EDT 2019 : org.apache.commons.math.estimation.EstimatedParameter,59=>Find no block
Mon Sep 02 17:56:49 EDT 2019 org.apache.commons.math.estimation.EstimatedParameter,60
Mon Sep 02 17:57:09 EDT 2019 org.apache.commons.math.estimation.EstimatedParameter,61
Mon Sep 02 17:57:09 EDT 2019 org.apache.commons.math.estimation.EstimatedParameter,62
Mon Sep 02 17:57:10 EDT 2019 Mon Sep 02 17:57:10 EDT 2019 : org.apache.commons.math.estimation.EstimatedParameter,63=>Find no block
Mon Sep 02 17:57:10 EDT 2019 org.apache.commons.math.estimation.SimpleEstimationProblem,58
Mon Sep 02 17:57:17 EDT 2019 org.apache.commons.math.estimation.AbstractEstimator,162
Mon Sep 02 17:58:44 EDT 2019 org.apache.commons.math.estimation.AbstractEstimator,165
Mon Sep 02 17:58:44 EDT 2019 org.apache.commons.math.estimation.AbstractEstimator,166
Mon Sep 02 18:00:05 EDT 2019 org.apache.commons.math.estimation.AbstractEstimator,167
Mon Sep 02 18:05:13 EDT 2019 org.apache.commons.math.estimation.AbstractEstimator,168
Timeout time : 19/09/02 18:46
