=================================================
Project : math_101	start : 19/09/02 13:43
Current failed test : org.apache.commons.math.complex.ComplexFormatTest::testForgottenImaginaryCharacter | 19/09/02 13:43
Mon Sep 02 13:43:45 EDT 2019 org.apache.commons.math.complex.ComplexFormat,349
Mon Sep 02 13:43:55 EDT 2019 org.apache.commons.math.complex.ComplexFormat,350
Mon Sep 02 13:44:01 EDT 2019 org.apache.commons.math.complex.ComplexFormat,58
Mon Sep 02 13:44:12 EDT 2019 Mon Sep 02 13:44:12 EDT 2019 : org.apache.commons.math.complex.ComplexFormat,59=>Find no block
Mon Sep 02 13:44:13 EDT 2019 org.apache.commons.math.complex.ComplexFormat,237
Mon Sep 02 13:44:16 EDT 2019 org.apache.commons.math.complex.ComplexFormat,361
Mon Sep 02 13:45:15 EDT 2019 org.apache.commons.math.complex.ComplexFormat,364
Mon Sep 02 13:45:16 EDT 2019 org.apache.commons.math.complex.ComplexFormat,365
Mon Sep 02 13:45:52 EDT 2019 org.apache.commons.math.complex.ComplexFormat,374
Mon Sep 02 13:48:40 EDT 2019 org.apache.commons.math.complex.ComplexFormat,375
Mon Sep 02 13:51:15 EDT 2019 org.apache.commons.math.complex.ComplexFormat,376
Mon Sep 02 13:53:27 EDT 2019 Mon Sep 02 13:53:27 EDT 2019 : org.apache.commons.math.complex.ComplexFormat,377=>Find no block
Mon Sep 02 13:53:28 EDT 2019 org.apache.commons.math.complex.ComplexFormat,321
Mon Sep 02 13:53:40 EDT 2019 org.apache.commons.math.complex.ComplexFormat,324
Mon Sep 02 13:53:41 EDT 2019 org.apache.commons.math.complex.ComplexFormat,327
Mon Sep 02 13:54:24 EDT 2019 org.apache.commons.math.complex.ComplexFormat,328
Mon Sep 02 13:55:05 EDT 2019 org.apache.commons.math.complex.ComplexFormat,337
Mon Sep 02 13:56:30 EDT 2019 org.apache.commons.math.complex.ComplexFormat,338
Mon Sep 02 13:57:48 EDT 2019 org.apache.commons.math.complex.ComplexFormat,339
Mon Sep 02 13:57:48 EDT 2019 Mon Sep 02 13:57:48 EDT 2019 : org.apache.commons.math.complex.ComplexFormat,340=>Find no block
Mon Sep 02 13:57:49 EDT 2019 org.apache.commons.math.complex.ComplexFormat,399
Mon Sep 02 13:58:26 EDT 2019 org.apache.commons.math.complex.ComplexFormat,400
Mon Sep 02 13:58:27 EDT 2019 Mon Sep 02 13:58:27 EDT 2019 : org.apache.commons.math.complex.ComplexFormat,401=>Find no block
Mon Sep 02 13:58:27 EDT 2019 org.apache.commons.math.complex.ComplexFormat,411
Mon Sep 02 14:00:42 EDT 2019 org.apache.commons.math.complex.ComplexFormat,412
Mon Sep 02 14:00:42 EDT 2019 org.apache.commons.math.complex.ComplexFormat,413

----------------------------------------
----------------------------------------
Pass Single Test : [=>0,0]
if(index<n){
pos.setIndex(index+n);
ret=c;
}

Time : 19/09/02 14:02
----------------------------------------
Mon Sep 02 14:10:57 EDT 2019 org.apache.commons.math.complex.ComplexFormat,415
Mon Sep 02 14:10:58 EDT 2019 org.apache.commons.math.complex.ComplexFormat,418
Mon Sep 02 14:10:58 EDT 2019 org.apache.commons.math.complex.ComplexFormat,419
Mon Sep 02 14:10:59 EDT 2019 org.apache.commons.math.complex.ComplexFormat,420
Mon Sep 02 14:11:00 EDT 2019 org.apache.commons.math.complex.ComplexFormat,422
Mon Sep 02 14:11:00 EDT 2019 org.apache.commons.math.complex.ComplexFormat,423
Mon Sep 02 14:11:01 EDT 2019 org.apache.commons.math.complex.ComplexFormat,427
Mon Sep 02 14:14:36 EDT 2019 org.apache.commons.math.complex.ComplexFormat,471
Mon Sep 02 14:15:13 EDT 2019 org.apache.commons.math.complex.ComplexFormat,472
Mon Sep 02 14:15:14 EDT 2019 org.apache.commons.math.complex.ComplexFormat,473
Mon Sep 02 14:27:51 EDT 2019 org.apache.commons.math.complex.ComplexFormat,476
Mon Sep 02 14:27:52 EDT 2019 org.apache.commons.math.complex.ComplexFormat,487
Mon Sep 02 14:31:59 EDT 2019 org.apache.commons.math.complex.ComplexFormat,258
Mon Sep 02 14:32:00 EDT 2019 org.apache.commons.math.complex.ComplexFormat,292
Mon Sep 02 14:32:02 EDT 2019 org.apache.commons.math.complex.ComplexFormat,67
Mon Sep 02 14:32:23 EDT 2019 Mon Sep 02 14:32:23 EDT 2019 : org.apache.commons.math.complex.ComplexFormat,68=>Find no block
Mon Sep 02 14:32:24 EDT 2019 org.apache.commons.math.complex.ComplexFormat,97
Mon Sep 02 14:32:36 EDT 2019 Mon Sep 02 14:32:36 EDT 2019 : org.apache.commons.math.complex.ComplexFormat,98=>Find no block
Mon Sep 02 14:32:37 EDT 2019 org.apache.commons.math.complex.ComplexFormat,110
Mon Sep 02 14:32:39 EDT 2019 org.apache.commons.math.complex.ComplexFormat,111
Mon Sep 02 14:32:39 EDT 2019 org.apache.commons.math.complex.ComplexFormat,112
Mon Sep 02 14:32:40 EDT 2019 org.apache.commons.math.complex.ComplexFormat,113
Mon Sep 02 14:32:41 EDT 2019 Mon Sep 02 14:32:41 EDT 2019 : org.apache.commons.math.complex.ComplexFormat,114=>Find no block
Mon Sep 02 14:32:41 EDT 2019 org.apache.commons.math.complex.ComplexFormat,248
Mon Sep 02 14:33:03 EDT 2019 org.apache.commons.math.complex.ComplexFormat,249
Mon Sep 02 14:33:03 EDT 2019 org.apache.commons.math.complex.ComplexFormat,250
Mon Sep 02 14:33:04 EDT 2019 org.apache.commons.math.complex.ComplexFormat,283
Mon Sep 02 14:33:07 EDT 2019 org.apache.commons.math.complex.ComplexFormat,284
Mon Sep 02 14:33:07 EDT 2019 org.apache.commons.math.complex.ComplexFormat,508
Mon Sep 02 14:33:10 EDT 2019 org.apache.commons.math.complex.ComplexFormat,512
Mon Sep 02 14:33:12 EDT 2019 Mon Sep 02 14:33:12 EDT 2019 : org.apache.commons.math.complex.ComplexFormat,513=>Find no block
Mon Sep 02 14:33:12 EDT 2019 org.apache.commons.math.complex.ComplexFormat,522
Mon Sep 02 14:33:14 EDT 2019 org.apache.commons.math.complex.ComplexFormat,526
Mon Sep 02 14:33:16 EDT 2019 Mon Sep 02 14:33:16 EDT 2019 : org.apache.commons.math.complex.ComplexFormat,527=>Find no block
Mon Sep 02 14:33:16 EDT 2019 org.apache.commons.math.complex.ComplexFormat,536
Mon Sep 02 14:33:18 EDT 2019 org.apache.commons.math.complex.ComplexFormat,540
Mon Sep 02 14:33:20 EDT 2019 Mon Sep 02 14:33:20 EDT 2019 : org.apache.commons.math.complex.ComplexFormat,541=>Find no block
Mon Sep 02 14:33:20 EDT 2019 org.apache.commons.math.complex.ComplexFormat,78
Mon Sep 02 14:33:22 EDT 2019 Mon Sep 02 14:33:22 EDT 2019 : org.apache.commons.math.complex.ComplexFormat,79=>Find no block
Mon Sep 02 14:33:23 EDT 2019 org.apache.commons.math.complex.ComplexFormat,87
Mon Sep 02 14:33:45 EDT 2019 Mon Sep 02 14:33:45 EDT 2019 : org.apache.commons.math.complex.ComplexFormat,88=>Find no block
Mon Sep 02 14:33:46 EDT 2019 org.apache.commons.math.complex.ComplexFormat,124
Mon Sep 02 14:33:47 EDT 2019 org.apache.commons.math.complex.ComplexFormat,139
Mon Sep 02 14:34:26 EDT 2019 org.apache.commons.math.complex.ComplexFormat,140
Mon Sep 02 14:34:26 EDT 2019 org.apache.commons.math.complex.ComplexFormat,143
Mon Sep 02 14:35:46 EDT 2019 org.apache.commons.math.complex.ComplexFormat,144
Mon Sep 02 14:36:16 EDT 2019 org.apache.commons.math.complex.ComplexFormat,147
Mon Sep 02 14:40:40 EDT 2019 org.apache.commons.math.complex.ComplexFormat,148
Mon Sep 02 14:40:41 EDT 2019 org.apache.commons.math.complex.ComplexFormat,149
Mon Sep 02 14:40:41 EDT 2019 org.apache.commons.math.complex.ComplexFormat,150
Mon Sep 02 14:40:42 EDT 2019 org.apache.commons.math.complex.ComplexFormat,151
Mon Sep 02 14:40:42 EDT 2019 org.apache.commons.math.complex.ComplexFormat,152
Mon Sep 02 14:40:43 EDT 2019 org.apache.commons.math.complex.ComplexFormat,153
Mon Sep 02 14:40:43 EDT 2019 org.apache.commons.math.complex.ComplexFormat,154
Mon Sep 02 14:40:44 EDT 2019 org.apache.commons.math.complex.ComplexFormat,155
Mon Sep 02 14:40:44 EDT 2019 org.apache.commons.math.complex.ComplexFormat,158
Mon Sep 02 14:45:08 EDT 2019 org.apache.commons.math.complex.ComplexFormat,177
Mon Sep 02 14:47:31 EDT 2019 org.apache.commons.math.complex.ComplexFormat,179
Mon Sep 02 14:47:31 EDT 2019 org.apache.commons.math.complex.ComplexFormat,180
Mon Sep 02 14:47:32 EDT 2019 org.apache.commons.math.complex.ComplexFormat,181
Mon Sep 02 14:47:32 EDT 2019 org.apache.commons.math.complex.ComplexFormat,182
Mon Sep 02 14:47:33 EDT 2019 org.apache.commons.math.complex.ComplexFormat,185
Mon Sep 02 14:47:33 EDT 2019 org.apache.commons.math.complex.ComplexFormat,189
Mon Sep 02 14:47:34 EDT 2019 org.apache.commons.math.complex.ComplexFormat,211
Mon Sep 02 14:51:48 EDT 2019 org.apache.commons.math.complex.ComplexFormat,212
Mon Sep 02 14:51:48 EDT 2019 org.apache.commons.math.complex.ComplexFormat,213
Mon Sep 02 14:51:49 EDT 2019 org.apache.commons.math.complex.ComplexFormat,214
Mon Sep 02 14:51:49 EDT 2019 org.apache.commons.math.complex.ComplexFormat,216
Mon Sep 02 14:51:50 EDT 2019 org.apache.commons.math.complex.ComplexFormat,218
Mon Sep 02 14:58:30 EDT 2019 org.apache.commons.math.complex.ComplexFormat,227
Mon Sep 02 14:58:31 EDT 2019 org.apache.commons.math.complex.ComplexFormat,266
Mon Sep 02 14:58:33 EDT 2019 org.apache.commons.math.complex.ComplexFormat,274
Mon Sep 02 14:58:35 EDT 2019 org.apache.commons.math.complex.ComplexFormat,304
Mon Sep 02 14:59:05 EDT 2019 org.apache.commons.math.complex.ComplexFormat,305
Mon Sep 02 14:59:05 EDT 2019 org.apache.commons.math.complex.ComplexFormat,306
Mon Sep 02 14:59:06 EDT 2019 org.apache.commons.math.complex.ComplexFormat,307
Mon Sep 02 14:59:06 EDT 2019 org.apache.commons.math.complex.ComplexFormat,310
Mon Sep 02 14:59:07 EDT 2019 org.apache.commons.math.complex.ComplexFormat,332
Mon Sep 02 14:59:08 EDT 2019 org.apache.commons.math.complex.ComplexFormat,333
Mon Sep 02 14:59:08 EDT 2019 org.apache.commons.math.complex.ComplexFormat,344
Mon Sep 02 14:59:17 EDT 2019 org.apache.commons.math.complex.ComplexFormat,346
Mon Sep 02 14:59:24 EDT 2019 org.apache.commons.math.complex.ComplexFormat,347
Mon Sep 02 14:59:27 EDT 2019 org.apache.commons.math.complex.ComplexFormat,355
Mon Sep 02 15:00:29 EDT 2019 org.apache.commons.math.complex.ComplexFormat,356
Mon Sep 02 15:01:42 EDT 2019 org.apache.commons.math.complex.ComplexFormat,357
Mon Sep 02 15:01:43 EDT 2019 org.apache.commons.math.complex.ComplexFormat,369
Mon Sep 02 15:01:44 EDT 2019 org.apache.commons.math.complex.ComplexFormat,370
Mon Sep 02 15:01:44 EDT 2019 org.apache.commons.math.complex.ComplexFormat,382
Mon Sep 02 15:02:51 EDT 2019 org.apache.commons.math.complex.ComplexFormat,383
Mon Sep 02 15:02:52 EDT 2019 org.apache.commons.math.complex.ComplexFormat,384
Mon Sep 02 15:02:52 EDT 2019 org.apache.commons.math.complex.ComplexFormat,386
Mon Sep 02 15:05:45 EDT 2019 org.apache.commons.math.complex.ComplexFormat,388
Mon Sep 02 15:05:45 EDT 2019 org.apache.commons.math.complex.ComplexFormat,440
Mon Sep 02 15:06:43 EDT 2019 org.apache.commons.math.complex.ComplexFormat,442
Mon Sep 02 15:06:43 EDT 2019 org.apache.commons.math.complex.ComplexFormat,443
Mon Sep 02 15:09:06 EDT 2019 org.apache.commons.math.complex.ComplexFormat,444
Mon Sep 02 15:12:11 EDT 2019 org.apache.commons.math.complex.ComplexFormat,445
Mon Sep 02 15:16:04 EDT 2019 org.apache.commons.math.complex.ComplexFormat,447
Mon Sep 02 15:21:24 EDT 2019 org.apache.commons.math.complex.ComplexFormat,448
Mon Sep 02 15:24:17 EDT 2019 org.apache.commons.math.complex.ComplexFormat,449
Mon Sep 02 15:33:35 EDT 2019 org.apache.commons.math.complex.ComplexFormat,450
Mon Sep 02 15:33:36 EDT 2019 org.apache.commons.math.complex.ComplexFormat,451
Mon Sep 02 15:33:36 EDT 2019 org.apache.commons.math.complex.ComplexFormat,452
Mon Sep 02 15:33:37 EDT 2019 org.apache.commons.math.complex.ComplexFormat,453
Mon Sep 02 15:33:37 EDT 2019 org.apache.commons.math.complex.ComplexFormat,457
Mon Sep 02 15:35:17 EDT 2019 org.apache.commons.math.complex.ComplexFormat,478
Mon Sep 02 15:35:18 EDT 2019 org.apache.commons.math.complex.ComplexFormat,479
Mon Sep 02 15:35:18 EDT 2019 org.apache.commons.math.complex.ComplexFormat,480
Mon Sep 02 15:35:19 EDT 2019 org.apache.commons.math.complex.ComplexFormat,481
Mon Sep 02 15:35:19 EDT 2019 org.apache.commons.math.complex.ComplexFormat,482
Mon Sep 02 15:35:20 EDT 2019 org.apache.commons.math.complex.ComplexFormat,499
Mon Sep 02 15:35:21 EDT 2019 org.apache.commons.math.complex.ComplexFormat,509
Mon Sep 02 15:35:22 EDT 2019 org.apache.commons.math.complex.ComplexFormat,523
Mon Sep 02 15:35:23 EDT 2019 org.apache.commons.math.complex.ComplexFormat,537
Failed time : 19/09/02 15:35
