=================================================
Project : math_103	start : 19/09/02 13:43
Current failed test : org.apache.commons.math.distribution.NormalDistributionTest::testExtremeValues | 19/09/02 13:43
Mon Sep 02 13:43:42 EDT 2019 org.apache.commons.math.MathException,151
Mon Sep 02 13:43:52 EDT 2019 org.apache.commons.math.MathException,152
Mon Sep 02 13:43:53 EDT 2019 org.apache.commons.math.MathException,153
Mon Sep 02 13:43:54 EDT 2019 org.apache.commons.math.MathException,154
Mon Sep 02 13:43:55 EDT 2019 Mon Sep 02 13:43:55 EDT 2019 : org.apache.commons.math.MathException,155=>Find no block
Mon Sep 02 13:43:56 EDT 2019 Mon Sep 02 13:43:56 EDT 2019 : org.apache.commons.math.MathException,47=>Find no block
Mon Sep 02 13:43:57 EDT 2019 Mon Sep 02 13:43:57 EDT 2019 : org.apache.commons.math.MathException,49=>Find no block
Mon Sep 02 13:43:58 EDT 2019 Mon Sep 02 13:43:58 EDT 2019 : org.apache.commons.math.MathException,50=>Find no block
Mon Sep 02 13:43:59 EDT 2019 Mon Sep 02 13:43:59 EDT 2019 : org.apache.commons.math.MathException,53=>Find no block
Mon Sep 02 13:43:59 EDT 2019 Mon Sep 02 13:43:59 EDT 2019 : org.apache.commons.math.MathException,54=>Find no block
Mon Sep 02 13:44:00 EDT 2019 Mon Sep 02 13:44:00 EDT 2019 : org.apache.commons.math.MathException,57=>Find no block
Mon Sep 02 13:44:02 EDT 2019 org.apache.commons.math.MathException,83
Mon Sep 02 13:44:06 EDT 2019 org.apache.commons.math.MathException,85
Mon Sep 02 13:44:07 EDT 2019 Mon Sep 02 13:44:07 EDT 2019 : org.apache.commons.math.MathException,94=>Find no block
Mon Sep 02 13:44:08 EDT 2019 org.apache.commons.math.MathException,100
Mon Sep 02 13:44:14 EDT 2019 org.apache.commons.math.MathException,113
Mon Sep 02 13:44:43 EDT 2019 org.apache.commons.math.MathException,114
Mon Sep 02 13:44:44 EDT 2019 org.apache.commons.math.MathException,115
Mon Sep 02 13:44:45 EDT 2019 org.apache.commons.math.MathException,235
Mon Sep 02 13:44:48 EDT 2019 Mon Sep 02 13:44:48 EDT 2019 : org.apache.commons.math.MathException,265=>Find no block
Mon Sep 02 13:44:49 EDT 2019 org.apache.commons.math.MathException,266
Mon Sep 02 13:44:51 EDT 2019 org.apache.commons.math.MathException,267
Mon Sep 02 13:44:54 EDT 2019 Mon Sep 02 13:44:54 EDT 2019 : org.apache.commons.math.MathException,271=>Find no block
Mon Sep 02 13:44:55 EDT 2019 Mon Sep 02 13:44:55 EDT 2019 : org.apache.commons.math.MathException,272=>Find no block
Mon Sep 02 13:44:56 EDT 2019 org.apache.commons.math.ConvergenceException,44
Mon Sep 02 13:45:38 EDT 2019 Mon Sep 02 13:45:38 EDT 2019 : org.apache.commons.math.ConvergenceException,45=>Find no block
Mon Sep 02 13:45:38 EDT 2019 org.apache.commons.math.special.Gamma,180
Mon Sep 02 13:48:28 EDT 2019 org.apache.commons.math.MaxIterationsExceededException,36
Mon Sep 02 13:48:30 EDT 2019 org.apache.commons.math.MaxIterationsExceededException,38
Mon Sep 02 13:48:31 EDT 2019 Mon Sep 02 13:48:31 EDT 2019 : org.apache.commons.math.MaxIterationsExceededException,39=>Find no block
Mon Sep 02 13:48:32 EDT 2019 org.apache.commons.math.special.Gamma,161
Mon Sep 02 13:48:39 EDT 2019 org.apache.commons.math.distribution.NormalDistributionImpl,109
Mon Sep 02 13:49:53 EDT 2019 org.apache.commons.math.special.Erf,56
Mon Sep 02 13:51:48 EDT 2019 org.apache.commons.math.special.Erf,57
Mon Sep 02 13:52:22 EDT 2019 org.apache.commons.math.special.Erf,58
Mon Sep 02 13:52:23 EDT 2019 org.apache.commons.math.special.Erf,60
Mon Sep 02 13:52:23 EDT 2019 Mon Sep 02 13:52:23 EDT 2019 : org.apache.commons.math.special.Gamma,40=>Find no block
Mon Sep 02 13:52:24 EDT 2019 Mon Sep 02 13:52:24 EDT 2019 : org.apache.commons.math.special.Gamma,60=>Find no block
Mon Sep 02 13:52:24 EDT 2019 org.apache.commons.math.special.Gamma,90
Mon Sep 02 13:57:33 EDT 2019 org.apache.commons.math.special.Gamma,93
Mon Sep 02 14:02:52 EDT 2019 org.apache.commons.math.special.Gamma,95
Mon Sep 02 14:02:53 EDT 2019 org.apache.commons.math.special.Gamma,96
Mon Sep 02 14:02:53 EDT 2019 org.apache.commons.math.special.Gamma,97
Mon Sep 02 14:02:54 EDT 2019 org.apache.commons.math.special.Gamma,99
Mon Sep 02 14:11:17 EDT 2019 org.apache.commons.math.special.Gamma,101
Mon Sep 02 14:15:31 EDT 2019 org.apache.commons.math.special.Gamma,102
Mon Sep 02 14:15:32 EDT 2019 org.apache.commons.math.special.Gamma,106
Mon Sep 02 14:21:51 EDT 2019 org.apache.commons.math.special.Gamma,158
Mon Sep 02 14:32:03 EDT 2019 org.apache.commons.math.special.Gamma,160
Mon Sep 02 14:32:04 EDT 2019 org.apache.commons.math.special.Gamma,162
Mon Sep 02 14:32:04 EDT 2019 org.apache.commons.math.special.Gamma,168
Mon Sep 02 14:32:44 EDT 2019 org.apache.commons.math.special.Gamma,169
Mon Sep 02 14:32:45 EDT 2019 org.apache.commons.math.special.Gamma,170
Mon Sep 02 14:40:37 EDT 2019 org.apache.commons.math.special.Gamma,171
Mon Sep 02 14:40:38 EDT 2019 org.apache.commons.math.special.Gamma,173
Mon Sep 02 14:40:39 EDT 2019 org.apache.commons.math.special.Gamma,174
Mon Sep 02 14:40:40 EDT 2019 org.apache.commons.math.special.Gamma,177
Mon Sep 02 14:40:40 EDT 2019 org.apache.commons.math.special.Gamma,179
Mon Sep 02 14:40:41 EDT 2019 org.apache.commons.math.special.Gamma,182
Mon Sep 02 14:40:41 EDT 2019 org.apache.commons.math.special.Gamma,186
Mon Sep 02 14:46:31 EDT 2019 org.apache.commons.math.distribution.AbstractContinuousDistribution,45
Mon Sep 02 14:46:33 EDT 2019 Mon Sep 02 14:46:33 EDT 2019 : org.apache.commons.math.distribution.AbstractContinuousDistribution,46=>Find no block
Mon Sep 02 14:46:33 EDT 2019 org.apache.commons.math.distribution.AbstractDistribution,38
Mon Sep 02 14:46:34 EDT 2019 Mon Sep 02 14:46:34 EDT 2019 : org.apache.commons.math.distribution.AbstractDistribution,39=>Find no block
Mon Sep 02 14:46:35 EDT 2019 org.apache.commons.math.distribution.NormalDistributionImpl,50
Mon Sep 02 14:46:56 EDT 2019 Mon Sep 02 14:46:56 EDT 2019 : org.apache.commons.math.distribution.NormalDistributionImpl,39=>Find no block
Mon Sep 02 14:46:56 EDT 2019 Mon Sep 02 14:46:56 EDT 2019 : org.apache.commons.math.distribution.NormalDistributionImpl,42=>Find no block
Mon Sep 02 14:46:57 EDT 2019 org.apache.commons.math.distribution.NormalDistributionImpl,51
Mon Sep 02 14:46:57 EDT 2019 org.apache.commons.math.distribution.NormalDistributionImpl,52
Mon Sep 02 14:46:58 EDT 2019 Mon Sep 02 14:46:58 EDT 2019 : org.apache.commons.math.distribution.NormalDistributionImpl,53=>Find no block
Mon Sep 02 14:46:59 EDT 2019 org.apache.commons.math.distribution.NormalDistributionImpl,76
Mon Sep 02 14:47:28 EDT 2019 Mon Sep 02 14:47:28 EDT 2019 : org.apache.commons.math.distribution.NormalDistributionImpl,77=>Find no block
Mon Sep 02 14:47:29 EDT 2019 org.apache.commons.math.distribution.NormalDistributionImpl,93
Mon Sep 02 14:47:31 EDT 2019 org.apache.commons.math.distribution.NormalDistributionImpl,97
Mon Sep 02 14:47:32 EDT 2019 Mon Sep 02 14:47:32 EDT 2019 : org.apache.commons.math.distribution.NormalDistributionImpl,98=>Find no block
Mon Sep 02 14:47:33 EDT 2019 org.apache.commons.math.distribution.AbstractContinuousDistribution,61
Mon Sep 02 14:50:53 EDT 2019 org.apache.commons.math.distribution.AbstractContinuousDistribution,62
Mon Sep 02 14:50:53 EDT 2019 org.apache.commons.math.distribution.AbstractContinuousDistribution,67
Mon Sep 02 14:50:55 EDT 2019 org.apache.commons.math.distribution.AbstractContinuousDistribution,80
Mon Sep 02 14:51:28 EDT 2019 org.apache.commons.math.distribution.AbstractContinuousDistribution,81
Mon Sep 02 14:52:15 EDT 2019 org.apache.commons.math.distribution.AbstractContinuousDistribution,82
Mon Sep 02 14:52:29 EDT 2019 org.apache.commons.math.distribution.AbstractContinuousDistribution,84
Mon Sep 02 14:52:30 EDT 2019 Mon Sep 02 14:52:30 EDT 2019 : org.apache.commons.math.distribution.AbstractContinuousDistribution,104=>Find no block
Mon Sep 02 14:52:31 EDT 2019 Mon Sep 02 14:52:31 EDT 2019 : org.apache.commons.math.distribution.AbstractContinuousDistribution,87=>Find no block
Mon Sep 02 14:52:31 EDT 2019 org.apache.commons.math.distribution.AbstractContinuousDistribution,96
Mon Sep 02 14:53:51 EDT 2019 org.apache.commons.math.distribution.AbstractContinuousDistribution,97
Mon Sep 02 14:53:51 EDT 2019 org.apache.commons.math.distribution.AbstractContinuousDistribution,99
Mon Sep 02 14:55:06 EDT 2019 org.apache.commons.math.distribution.AbstractContinuousDistribution,100
Mon Sep 02 14:55:07 EDT 2019 org.apache.commons.math.distribution.AbstractContinuousDistribution,103
Mon Sep 02 14:58:55 EDT 2019 org.apache.commons.math.distribution.AbstractContinuousDistribution,107
Mon Sep 02 15:00:19 EDT 2019 org.apache.commons.math.distribution.AbstractContinuousDistribution,109
Mon Sep 02 15:00:20 EDT 2019 org.apache.commons.math.distribution.AbstractDistribution,60
Mon Sep 02 15:01:32 EDT 2019 org.apache.commons.math.distribution.AbstractDistribution,61
Mon Sep 02 15:01:32 EDT 2019 org.apache.commons.math.distribution.AbstractDistribution,64
Mon Sep 02 15:02:21 EDT 2019 Mon Sep 02 15:02:21 EDT 2019 : org.apache.commons.math.distribution.AbstractContinuousDistribution,68=>Find no block
Mon Sep 02 15:02:22 EDT 2019 org.apache.commons.math.distribution.AbstractContinuousDistribution,72
Mon Sep 02 15:02:24 EDT 2019 Mon Sep 02 15:02:24 EDT 2019 : org.apache.commons.math.distribution.AbstractContinuousDistribution,73=>Find no block
Mon Sep 02 15:02:24 EDT 2019 org.apache.commons.math.distribution.AbstractContinuousDistribution,74
Mon Sep 02 15:02:25 EDT 2019 org.apache.commons.math.MathException,123
Mon Sep 02 15:02:27 EDT 2019 org.apache.commons.math.MathException,124
Mon Sep 02 15:02:27 EDT 2019 org.apache.commons.math.MathException,125
Mon Sep 02 15:02:28 EDT 2019 org.apache.commons.math.MathException,126
Mon Sep 02 15:02:28 EDT 2019 Mon Sep 02 15:02:28 EDT 2019 : org.apache.commons.math.MathException,127=>Find no block
Mon Sep 02 15:02:29 EDT 2019 org.apache.commons.math.MathException,137
Mon Sep 02 15:02:35 EDT 2019 org.apache.commons.math.MathException,138
Mon Sep 02 15:02:36 EDT 2019 org.apache.commons.math.MathException,139
Mon Sep 02 15:02:37 EDT 2019 org.apache.commons.math.MathException,140
Mon Sep 02 15:02:38 EDT 2019 Mon Sep 02 15:02:38 EDT 2019 : org.apache.commons.math.MathException,141=>Find no block
Mon Sep 02 15:02:39 EDT 2019 org.apache.commons.math.MathException,165
Mon Sep 02 15:02:41 EDT 2019 org.apache.commons.math.MathException,166
Mon Sep 02 15:02:43 EDT 2019 org.apache.commons.math.MathException,167
Mon Sep 02 15:02:48 EDT 2019 org.apache.commons.math.MathException,168
Mon Sep 02 15:02:50 EDT 2019 Mon Sep 02 15:02:50 EDT 2019 : org.apache.commons.math.MathException,169=>Find no block
Mon Sep 02 15:02:51 EDT 2019 org.apache.commons.math.MathException,181
Mon Sep 02 15:02:59 EDT 2019 org.apache.commons.math.MathException,182
Mon Sep 02 15:02:59 EDT 2019 org.apache.commons.math.MathException,183
Mon Sep 02 15:03:00 EDT 2019 org.apache.commons.math.MathException,184
Mon Sep 02 15:03:01 EDT 2019 Mon Sep 02 15:03:01 EDT 2019 : org.apache.commons.math.MathException,185=>Find no block
Mon Sep 02 15:03:01 EDT 2019 org.apache.commons.math.MathException,197
Mon Sep 02 15:03:08 EDT 2019 org.apache.commons.math.MathException,198
Mon Sep 02 15:03:09 EDT 2019 org.apache.commons.math.MathException,199
Mon Sep 02 15:03:10 EDT 2019 org.apache.commons.math.MathException,200
Mon Sep 02 15:03:11 EDT 2019 Mon Sep 02 15:03:11 EDT 2019 : org.apache.commons.math.MathException,201=>Find no block
Mon Sep 02 15:03:11 EDT 2019 Mon Sep 02 15:03:11 EDT 2019 : org.apache.commons.math.MathException,51=>Find no block
Mon Sep 02 15:03:12 EDT 2019 Mon Sep 02 15:03:12 EDT 2019 : org.apache.commons.math.MathException,52=>Find no block
Mon Sep 02 15:03:12 EDT 2019 org.apache.commons.math.MathException,89
Mon Sep 02 15:03:13 EDT 2019 org.apache.commons.math.MathException,91
Mon Sep 02 15:03:14 EDT 2019 Mon Sep 02 15:03:14 EDT 2019 : org.apache.commons.math.MathException,96=>Find no block
Mon Sep 02 15:03:14 EDT 2019 org.apache.commons.math.MathException,208
Mon Sep 02 15:03:16 EDT 2019 org.apache.commons.math.MathException,216
Mon Sep 02 15:03:18 EDT 2019 org.apache.commons.math.MathException,226
Mon Sep 02 15:03:20 EDT 2019 org.apache.commons.math.MathException,242
Mon Sep 02 15:03:21 EDT 2019 Mon Sep 02 15:03:21 EDT 2019 : org.apache.commons.math.MathException,243=>Find no block
Mon Sep 02 15:03:22 EDT 2019 Mon Sep 02 15:03:22 EDT 2019 : org.apache.commons.math.MathException,251=>Find no block
Mon Sep 02 15:03:22 EDT 2019 org.apache.commons.math.MathException,252
Mon Sep 02 15:03:56 EDT 2019 org.apache.commons.math.MathException,253
Mon Sep 02 15:03:56 EDT 2019 org.apache.commons.math.MathException,255
Mon Sep 02 15:03:57 EDT 2019 Mon Sep 02 15:03:57 EDT 2019 : org.apache.commons.math.MathException,256=>Find no block
Mon Sep 02 15:03:57 EDT 2019 Mon Sep 02 15:03:57 EDT 2019 : org.apache.commons.math.MathException,257=>Find no block
Mon Sep 02 15:03:58 EDT 2019 org.apache.commons.math.MathException,268
Mon Sep 02 15:03:59 EDT 2019 org.apache.commons.math.MathException,269
Mon Sep 02 15:03:59 EDT 2019 org.apache.commons.math.distribution.NormalDistributionImpl,60
Mon Sep 02 15:04:01 EDT 2019 Mon Sep 02 15:04:01 EDT 2019 : org.apache.commons.math.distribution.NormalDistributionImpl,61=>Find no block
Mon Sep 02 15:04:02 EDT 2019 org.apache.commons.math.distribution.NormalDistributionImpl,68
Mon Sep 02 15:04:22 EDT 2019 org.apache.commons.math.distribution.NormalDistributionImpl,84
Mon Sep 02 15:04:24 EDT 2019 org.apache.commons.math.distribution.NormalDistributionImpl,94
Mon Sep 02 15:04:25 EDT 2019 org.apache.commons.math.distribution.NormalDistributionImpl,129
Mon Sep 02 15:05:18 EDT 2019 org.apache.commons.math.distribution.NormalDistributionImpl,130
Mon Sep 02 15:05:18 EDT 2019 org.apache.commons.math.distribution.NormalDistributionImpl,132
Mon Sep 02 15:06:02 EDT 2019 org.apache.commons.math.distribution.NormalDistributionImpl,133
Mon Sep 02 15:06:02 EDT 2019 org.apache.commons.math.distribution.NormalDistributionImpl,135
Mon Sep 02 15:06:42 EDT 2019 org.apache.commons.math.distribution.NormalDistributionImpl,150
Mon Sep 02 15:08:27 EDT 2019 org.apache.commons.math.distribution.NormalDistributionImpl,151
Mon Sep 02 15:08:27 EDT 2019 org.apache.commons.math.distribution.NormalDistributionImpl,153
Mon Sep 02 15:08:29 EDT 2019 org.apache.commons.math.distribution.NormalDistributionImpl,156
Mon Sep 02 15:10:23 EDT 2019 org.apache.commons.math.distribution.NormalDistributionImpl,171
Mon Sep 02 15:12:07 EDT 2019 org.apache.commons.math.distribution.NormalDistributionImpl,172
Mon Sep 02 15:12:08 EDT 2019 org.apache.commons.math.distribution.NormalDistributionImpl,174
Mon Sep 02 15:12:09 EDT 2019 org.apache.commons.math.distribution.NormalDistributionImpl,177
Mon Sep 02 15:13:56 EDT 2019 org.apache.commons.math.distribution.NormalDistributionImpl,191
Mon Sep 02 15:16:53 EDT 2019 org.apache.commons.math.distribution.NormalDistributionImpl,192
Mon Sep 02 15:16:53 EDT 2019 org.apache.commons.math.distribution.NormalDistributionImpl,193
Mon Sep 02 15:16:54 EDT 2019 org.apache.commons.math.distribution.NormalDistributionImpl,194
Mon Sep 02 15:16:54 EDT 2019 org.apache.commons.math.distribution.NormalDistributionImpl,196
Mon Sep 02 15:16:55 EDT 2019 org.apache.commons.math.distribution.NormalDistributionImpl,199
Mon Sep 02 15:18:31 EDT 2019 org.apache.commons.math.ConvergenceException,34
Mon Sep 02 15:18:33 EDT 2019 Mon Sep 02 15:18:33 EDT 2019 : org.apache.commons.math.ConvergenceException,35=>Find no block
Mon Sep 02 15:18:34 EDT 2019 org.apache.commons.math.ConvergenceException,52
Mon Sep 02 15:18:36 EDT 2019 Mon Sep 02 15:18:36 EDT 2019 : org.apache.commons.math.ConvergenceException,53=>Find no block
Mon Sep 02 15:18:37 EDT 2019 org.apache.commons.math.ConvergenceException,63
Mon Sep 02 15:19:42 EDT 2019 Mon Sep 02 15:19:42 EDT 2019 : org.apache.commons.math.ConvergenceException,64=>Find no block
Mon Sep 02 15:19:43 EDT 2019 org.apache.commons.math.ConvergenceException,77
Mon Sep 02 15:20:25 EDT 2019 Mon Sep 02 15:20:25 EDT 2019 : org.apache.commons.math.ConvergenceException,78=>Find no block
Mon Sep 02 15:20:25 EDT 2019 org.apache.commons.math.ConvergenceException,89
Mon Sep 02 15:20:27 EDT 2019 Mon Sep 02 15:20:27 EDT 2019 : org.apache.commons.math.ConvergenceException,90=>Find no block
Mon Sep 02 15:20:27 EDT 2019 org.apache.commons.math.util.ContinuedFraction,51
Mon Sep 02 15:20:27 EDT 2019 Mon Sep 02 15:20:27 EDT 2019 : org.apache.commons.math.util.ContinuedFraction,52=>Find no block
Mon Sep 02 15:20:28 EDT 2019 org.apache.commons.math.util.ContinuedFraction,79
Mon Sep 02 15:20:59 EDT 2019 org.apache.commons.math.util.ContinuedFraction,90
Mon Sep 02 15:21:37 EDT 2019 org.apache.commons.math.util.ContinuedFraction,101
Mon Sep 02 15:22:16 EDT 2019 org.apache.commons.math.util.ContinuedFraction,133
Mon Sep 02 15:23:06 EDT 2019 org.apache.commons.math.util.ContinuedFraction,134
Mon Sep 02 15:23:08 EDT 2019 org.apache.commons.math.util.ContinuedFraction,135
Mon Sep 02 15:24:23 EDT 2019 org.apache.commons.math.util.ContinuedFraction,136
Mon Sep 02 15:26:32 EDT 2019 org.apache.commons.math.util.ContinuedFraction,137
Mon Sep 02 15:29:55 EDT 2019 org.apache.commons.math.util.ContinuedFraction,138
Mon Sep 02 15:34:34 EDT 2019 org.apache.commons.math.util.ContinuedFraction,139
Mon Sep 02 15:34:35 EDT 2019 org.apache.commons.math.util.ContinuedFraction,140
Mon Sep 02 15:46:46 EDT 2019 org.apache.commons.math.util.ContinuedFraction,141
Mon Sep 02 15:47:58 EDT 2019 org.apache.commons.math.util.ContinuedFraction,142
Mon Sep 02 15:47:58 EDT 2019 org.apache.commons.math.util.ContinuedFraction,143
Mon Sep 02 15:50:28 EDT 2019 org.apache.commons.math.util.ContinuedFraction,144
Mon Sep 02 15:54:35 EDT 2019 org.apache.commons.math.util.ContinuedFraction,145
Mon Sep 02 15:54:36 EDT 2019 org.apache.commons.math.util.ContinuedFraction,146
Mon Sep 02 15:54:36 EDT 2019 org.apache.commons.math.util.ContinuedFraction,148
Mon Sep 02 15:54:37 EDT 2019 org.apache.commons.math.util.ContinuedFraction,149
Mon Sep 02 15:54:38 EDT 2019 org.apache.commons.math.util.ContinuedFraction,150
Mon Sep 02 15:54:41 EDT 2019 org.apache.commons.math.util.ContinuedFraction,151
Mon Sep 02 15:54:46 EDT 2019 org.apache.commons.math.util.ContinuedFraction,152
Mon Sep 02 15:54:48 EDT 2019 org.apache.commons.math.util.ContinuedFraction,153
Failed time : 19/09/02 15:54
