=================================================
Project : math_105	start : 19/09/02 13:42
Current failed test : org.apache.commons.math.stat.regression.SimpleRegressionTest::testSSENonNegative | 19/09/02 13:42
Mon Sep 02 13:43:23 EDT 2019 org.apache.commons.math.stat.regression.SimpleRegression,89
Mon Sep 02 13:43:26 EDT 2019 Mon Sep 02 13:43:26 EDT 2019 : org.apache.commons.math.stat.regression.SimpleRegression,60=>Find no block
Mon Sep 02 13:43:27 EDT 2019 Mon Sep 02 13:43:27 EDT 2019 : org.apache.commons.math.stat.regression.SimpleRegression,63=>Find no block
Mon Sep 02 13:43:27 EDT 2019 Mon Sep 02 13:43:27 EDT 2019 : org.apache.commons.math.stat.regression.SimpleRegression,66=>Find no block
Mon Sep 02 13:43:29 EDT 2019 Mon Sep 02 13:43:29 EDT 2019 : org.apache.commons.math.stat.regression.SimpleRegression,69=>Find no block
Mon Sep 02 13:43:29 EDT 2019 Mon Sep 02 13:43:29 EDT 2019 : org.apache.commons.math.stat.regression.SimpleRegression,72=>Find no block
Mon Sep 02 13:43:30 EDT 2019 Mon Sep 02 13:43:30 EDT 2019 : org.apache.commons.math.stat.regression.SimpleRegression,75=>Find no block
Mon Sep 02 13:43:31 EDT 2019 Mon Sep 02 13:43:31 EDT 2019 : org.apache.commons.math.stat.regression.SimpleRegression,78=>Find no block
Mon Sep 02 13:43:32 EDT 2019 Mon Sep 02 13:43:32 EDT 2019 : org.apache.commons.math.stat.regression.SimpleRegression,81=>Find no block
Mon Sep 02 13:43:33 EDT 2019 Mon Sep 02 13:43:33 EDT 2019 : org.apache.commons.math.stat.regression.SimpleRegression,90=>Find no block
Mon Sep 02 13:43:34 EDT 2019 org.apache.commons.math.stat.regression.SimpleRegression,106

----------------------------------------
----------------------------------------
Pass Single Test : [=>0,0]
ybar+=((double)n-1)*y;
if(n==0){
xbar=x;
ybar=y;
}else {
double dx=x-xbar;
double dy=y-ybar;
sumXX+=dx*dx/(double)(n+1.0);
sumYY+=dy*dy/(double)(n+1.0);
sumXY+=dx*dy/(double)(n+1.0);
xbar+=dx/(double)(n+1.0);
ybar+=dy/(double)(n+1.0);
}

Time : 19/09/02 13:43
----------------------------------------

----------------------------------------
----------------------------------------
Pass Single Test : [=>0,0]
n++;
if(n==0){
xbar=x;
ybar=y;
}else {
double dx=x-xbar;
double dy=y-ybar;
sumXX+=dx*dx/(double)(n+1.0);
sumYY+=dy*dy/(double)(n+1.0);
sumXY+=dx*dy/(double)(n+1.0);
xbar+=dx/(double)(n+1.0);
ybar+=dy/(double)(n+1.0);
}

Time : 19/09/02 13:44
----------------------------------------

----------------------------------------
----------------------------------------
Pass Single Test : [=>0,0]
sumXX=y-ybar;
if(n==0){
xbar=x;
ybar=y;
}else {
double dx=x-xbar;
double dy=y-ybar;
sumXX+=dx*dx/(double)(n+1.0);
sumYY+=dy*dy/(double)(n+1.0);
sumXY+=dx*dy/(double)(n+1.0);
xbar+=dx/(double)(n+1.0);
ybar+=dy/(double)(n+1.0);
}

Time : 19/09/02 13:44
----------------------------------------

----------------------------------------
----------------------------------------
Pass Single Test : [=>0,0]
sumXY=sumXX/xbar;
if(n==0){
xbar=x;
ybar=y;
}else {
double dx=x-xbar;
double dy=y-ybar;
sumXX+=dx*dx/(double)(n+1.0);
sumYY+=dy*dy/(double)(n+1.0);
sumXY+=dx*dy/(double)(n+1.0);
xbar+=dx/(double)(n+1.0);
ybar+=dy/(double)(n+1.0);
}

Time : 19/09/02 13:44
----------------------------------------

----------------------------------------
----------------------------------------
Pass Single Test : [=>0,0]
ybar+=sumXY;
if(n==0){
xbar=x;
ybar=y;
}else {
double dx=x-xbar;
double dy=y-ybar;
sumXX+=dx*dx/(double)(n+1.0);
sumYY+=dy*dy/(double)(n+1.0);
sumXY+=dx*dy/(double)(n+1.0);
xbar+=dx/(double)(n+1.0);
ybar+=dy/(double)(n+1.0);
}

Time : 19/09/02 13:45
----------------------------------------

----------------------------------------
----------------------------------------
Pass Single Test : [=>0,0]
n++;
sumXY=sumXX/xbar;
if(n==0){
xbar=x;
ybar=y;
}else {
double dx=x-xbar;
double dy=y-ybar;
sumXX+=dx*dx/(double)(n+1.0);
sumYY+=dy*dy/(double)(n+1.0);
sumXY+=dx*dy/(double)(n+1.0);
xbar+=dx/(double)(n+1.0);
ybar+=dy/(double)(n+1.0);
}

Time : 19/09/02 13:45
----------------------------------------

----------------------------------------
----------------------------------------
Pass Single Test : [=>0,0]
n++;
ybar+=sumXY;
if(n==0){
xbar=x;
ybar=y;
}else {
double dx=x-xbar;
double dy=y-ybar;
sumXX+=dx*dx/(double)(n+1.0);
sumYY+=dy*dy/(double)(n+1.0);
sumXY+=dx*dy/(double)(n+1.0);
xbar+=dx/(double)(n+1.0);
ybar+=dy/(double)(n+1.0);
}

Time : 19/09/02 13:45
----------------------------------------

----------------------------------------
----------------------------------------
Pass Single Test : [=>0,0]
sumXX=y-ybar;
sumXY=sumXX/xbar;
if(n==0){
xbar=x;
ybar=y;
}else {
double dx=x-xbar;
double dy=y-ybar;
sumXX+=dx*dx/(double)(n+1.0);
sumYY+=dy*dy/(double)(n+1.0);
sumXY+=dx*dy/(double)(n+1.0);
xbar+=dx/(double)(n+1.0);
ybar+=dy/(double)(n+1.0);
}

Time : 19/09/02 13:45
----------------------------------------

----------------------------------------
----------------------------------------
Pass Single Test : [=>0,0]
sumXX=y-ybar;
ybar+=sumXY;
if(n==0){
xbar=x;
ybar=y;
}else {
double dx=x-xbar;
double dy=y-ybar;
sumXX+=dx*dx/(double)(n+1.0);
sumYY+=dy*dy/(double)(n+1.0);
sumXY+=dx*dy/(double)(n+1.0);
xbar+=dx/(double)(n+1.0);
ybar+=dy/(double)(n+1.0);
}

Time : 19/09/02 13:46
----------------------------------------

----------------------------------------
----------------------------------------
Pass Single Test : [=>0,0]
sumXY=sumXX/xbar;
ybar+=sumXY;
if(n==0){
xbar=x;
ybar=y;
}else {
double dx=x-xbar;
double dy=y-ybar;
sumXX+=dx*dx/(double)(n+1.0);
sumYY+=dy*dy/(double)(n+1.0);
sumXY+=dx*dy/(double)(n+1.0);
xbar+=dx/(double)(n+1.0);
ybar+=dy/(double)(n+1.0);
}

Time : 19/09/02 13:46
----------------------------------------

----------------------------------------
----------------------------------------
Pass Single Test : [=>0,0]
n++;
sumXX=y-ybar;
sumXY=sumXX/xbar;
if(n==0){
xbar=x;
ybar=y;
}else {
double dx=x-xbar;
double dy=y-ybar;
sumXX+=dx*dx/(double)(n+1.0);
sumYY+=dy*dy/(double)(n+1.0);
sumXY+=dx*dy/(double)(n+1.0);
xbar+=dx/(double)(n+1.0);
ybar+=dy/(double)(n+1.0);
}

Time : 19/09/02 13:46
----------------------------------------

----------------------------------------
----------------------------------------
Pass Single Test : [=>0,0]
n++;
sumXX=y-ybar;
ybar+=sumXY;
if(n==0){
xbar=x;
ybar=y;
}else {
double dx=x-xbar;
double dy=y-ybar;
sumXX+=dx*dx/(double)(n+1.0);
sumYY+=dy*dy/(double)(n+1.0);
sumXY+=dx*dy/(double)(n+1.0);
xbar+=dx/(double)(n+1.0);
ybar+=dy/(double)(n+1.0);
}

Time : 19/09/02 13:47
----------------------------------------

----------------------------------------
----------------------------------------
Pass Single Test : [=>0,0]
sumXX=y-ybar;
sumXY=sumXX/xbar;
ybar+=sumXY;
if(n==0){
xbar=x;
ybar=y;
}else {
double dx=x-xbar;
double dy=y-ybar;
sumXX+=dx*dx/(double)(n+1.0);
sumYY+=dy*dy/(double)(n+1.0);
sumXY+=dx*dy/(double)(n+1.0);
xbar+=dx/(double)(n+1.0);
ybar+=dy/(double)(n+1.0);
}

Time : 19/09/02 13:47
----------------------------------------
Mon Sep 02 13:47:44 EDT 2019 org.apache.commons.math.stat.regression.SimpleRegression,107
Mon Sep 02 13:47:46 EDT 2019 org.apache.commons.math.stat.regression.SimpleRegression,108
Mon Sep 02 13:47:47 EDT 2019 org.apache.commons.math.stat.regression.SimpleRegression,110

----------------------------------------
----------------------------------------
Pass Single Test : [=>0,0]
double dx=x-xbar;
double dy=y-ybar;
dy=sumXY;
sumXX+=dx*dx/(double)(n+1.0);

Time : 19/09/02 13:49
----------------------------------------

----------------------------------------
----------------------------------------
Pass Single Test : [=>0,0]
double dx=x-xbar;
double dy=y-ybar;
n=0;
sumXX+=dx*dx/(double)(n+1.0);

Time : 19/09/02 13:52
----------------------------------------

----------------------------------------
----------------------------------------
Pass Single Test : [=>0,0]
double dx=x-xbar;
double dy=y-ybar;
dy=0;
sumXX+=dx*dx/(double)(n+1.0);

Time : 19/09/02 13:53
----------------------------------------

----------------------------------------
----------------------------------------
Pass Single Test : [=>0,0]
n=0;
double dx=x-xbar;
double dy=y-ybar;
sumXX+=dx*dx/(double)(n+1.0);

Time : 19/09/02 13:54
----------------------------------------

----------------------------------------
----------------------------------------
Pass Single Test : [=>0,0]
n=0;
double dx=x-xbar;
double dy=y-ybar;
sumX=0.0;
sumXX+=dx*dx/(double)(n+1.0);

Time : 19/09/02 13:55
----------------------------------------

----------------------------------------
----------------------------------------
Pass Single Test : [=>0,0]
sumY=0.0;
n=0;
double dx=x-xbar;
double dy=y-ybar;
sumXX+=dx*dx/(double)(n+1.0);

Time : 19/09/02 13:55
----------------------------------------

----------------------------------------
----------------------------------------
Pass Single Test : [=>0,0]
sumY=0.0;
n=0;
double dx=x-xbar;
double dy=y-ybar;
sumX=0.0;
sumXX+=dx*dx/(double)(n+1.0);

Time : 19/09/02 13:55
----------------------------------------
Mon Sep 02 13:55:52 EDT 2019 org.apache.commons.math.stat.regression.SimpleRegression,111
Mon Sep 02 13:55:53 EDT 2019 org.apache.commons.math.stat.regression.SimpleRegression,112

----------------------------------------
----------------------------------------
Pass Single Test : [=>0,0]
n=0;
double dy=y-ybar;
sumXX+=dx*dx/(double)(n+1.0);
sumYY+=dy*dy/(double)(n+1.0);

Time : 19/09/02 13:56
----------------------------------------

----------------------------------------
----------------------------------------
Pass Single Test : [=>0,0]
n=0;
double dy=y-ybar;
sumX=0.0;
sumXX+=dx*dx/(double)(n+1.0);
sumYY+=dy*dy/(double)(n+1.0);

Time : 19/09/02 13:56
----------------------------------------

----------------------------------------
----------------------------------------
Pass Single Test : [=>0,0]
n=0;
double dy=y-ybar;
sumXX+=dx*dx/(double)(n+1.0);
sumY=0.0;
sumYY+=dy*dy/(double)(n+1.0);

Time : 19/09/02 13:57
----------------------------------------

----------------------------------------
----------------------------------------
Pass Single Test : [=>0,0]
n=0;
double dy=y-ybar;
sumX=0.0;
sumXX+=dx*dx/(double)(n+1.0);
sumY=0.0;
sumYY+=dy*dy/(double)(n+1.0);

Time : 19/09/02 13:57
----------------------------------------

----------------------------------------
----------------------------------------
Pass Single Test : [=>0,0]
double dy=y-ybar;
sumXX+=dx*dx/(double)(n+1.0);
n=0;
sumYY+=dy*dy/(double)(n+1.0);

Time : 19/09/02 13:57
----------------------------------------
Mon Sep 02 14:00:15 EDT 2019 org.apache.commons.math.stat.regression.SimpleRegression,113

----------------------------------------
----------------------------------------
Pass Single Test : [=>0,0]
xbar+=dx/(double)(n+1.0);
sumXX+=dx*dx/(double)(n+1.0);
sumYY+=dy*dy/(double)(n+1.0);
sumXY+=dx*dy/(double)(n+1.0);

Time : 19/09/02 14:00
----------------------------------------

----------------------------------------
----------------------------------------
Pass Single Test : [=>0,0]
ybar+=dy/(double)(n+1.0);
sumXX+=dx*dx/(double)(n+1.0);
sumYY+=dy*dy/(double)(n+1.0);
sumXY+=dx*dy/(double)(n+1.0);

Time : 19/09/02 14:00
----------------------------------------

----------------------------------------
----------------------------------------
Pass Single Test : [=>0,0]
xbar+=dx/(double)(n+1.0);
ybar+=dy/(double)(n+1.0);
sumXX+=dx*dx/(double)(n+1.0);
sumYY+=dy*dy/(double)(n+1.0);
sumXY+=dx*dy/(double)(n+1.0);

Time : 19/09/02 14:01
----------------------------------------

----------------------------------------
----------------------------------------
Pass Single Test : [=>0,0]
sumX=0.0;
sumXX+=dx*dx/(double)(n+1.0);
sumYY+=dy*dy/(double)(n+1.0);
sumXY+=dx*dy/(double)(n+1.0);

Time : 19/09/02 14:01
----------------------------------------

----------------------------------------
----------------------------------------
Pass Single Test : [=>0,0]
sumXX+=dx*dx/(double)(n+1.0);
sumY=0.0;
sumYY+=dy*dy/(double)(n+1.0);
sumXY+=dx*dy/(double)(n+1.0);

Time : 19/09/02 14:01
----------------------------------------

----------------------------------------
----------------------------------------
Pass Single Test : [=>0,0]
sumX=0.0;
sumXX+=dx*dx/(double)(n+1.0);
sumY=0.0;
sumYY+=dy*dy/(double)(n+1.0);
sumXY+=dx*dy/(double)(n+1.0);

Time : 19/09/02 14:01
----------------------------------------

----------------------------------------
----------------------------------------
Pass Single Test : [=>0,0]
if(n<1){
ybar=ybar=sumXY=0.0;
}
sumXX+=dx*dx/(double)(n+1.0);
sumYY+=dy*dy/(double)(n+1.0);
sumXY+=dx*dy/(double)(n+1.0);

Time : 19/09/02 14:02
----------------------------------------

----------------------------------------
----------------------------------------
Pass Single Test : [=>0,0]
sumXX+=dx*dx/(double)(n+1.0);
if(n==0){
dy=0.0;
}
sumYY+=dy*dy/(double)(n+1.0);
sumXY+=dx*dy/(double)(n+1.0);

Time : 19/09/02 14:03
----------------------------------------

----------------------------------------
----------------------------------------
Pass Single Test : [=>0,0]
sumXX+=dx*dx/(double)(n+1.0);
n++;
sumYY+=dy*dy/(double)(n+1.0);
sumXY+=dx*dy/(double)(n+1.0);

Time : 19/09/02 14:03
----------------------------------------

----------------------------------------
----------------------------------------
Pass Single Test : [=>0,0]
dy+=sumXX;
sumXX+=dx*dx/(double)(n+1.0);
sumYY+=dy*dy/(double)(n+1.0);
sumXY+=dx*dy/(double)(n+1.0);

Time : 19/09/02 14:03
----------------------------------------

----------------------------------------
----------------------------------------
Pass Single Test : [=>0,0]
sumXX+=dx*dx/(double)(n+1.0);
if(n==0){
dy=0.0;
}
n++;
sumYY+=dy*dy/(double)(n+1.0);
sumXY+=dx*dy/(double)(n+1.0);

Time : 19/09/02 14:03
----------------------------------------

----------------------------------------
----------------------------------------
Pass Single Test : [=>0,0]
dy+=sumXX;
sumXX+=dx*dx/(double)(n+1.0);
if(n==0){
dy=0.0;
}
sumYY+=dy*dy/(double)(n+1.0);
sumXY+=dx*dy/(double)(n+1.0);

Time : 19/09/02 14:04
----------------------------------------

----------------------------------------
----------------------------------------
Pass Single Test : [=>0,0]
dy+=sumXX;
sumXX+=dx*dx/(double)(n+1.0);
n++;
sumYY+=dy*dy/(double)(n+1.0);
sumXY+=dx*dy/(double)(n+1.0);

Time : 19/09/02 14:04
----------------------------------------

----------------------------------------
----------------------------------------
Pass Single Test : [=>0,0]
dy+=sumXX;
sumXX+=dx*dx/(double)(n+1.0);
if(n==0){
dy=0.0;
}
n++;
sumYY+=dy*dy/(double)(n+1.0);
sumXY+=dx*dy/(double)(n+1.0);

Time : 19/09/02 14:04
----------------------------------------

----------------------------------------
----------------------------------------
Pass Single Test : [=>0,0]
n++;
sumXX+=dx*dx/(double)(n+1.0);
sumYY+=dy*dy/(double)(n+1.0);
sumXY+=dx*dy/(double)(n+1.0);

Time : 19/09/02 14:04
----------------------------------------

----------------------------------------
----------------------------------------
Pass Single Test : [=>0,0]
sumXX+=dx*dx/(double)(n+1.0);
this.n=n;
sumYY+=dy*dy/(double)(n+1.0);
sumXY+=dx*dy/(double)(n+1.0);

Time : 19/09/02 14:05
----------------------------------------
Mon Sep 02 14:05:20 EDT 2019 org.apache.commons.math.stat.regression.SimpleRegression,114

----------------------------------------
----------------------------------------
Pass Single Test : [=>0,0]
sumXX+=dx*dx/(double)(n+1.0);
sumYY+=dy*dy/(double)(n+1.0);
sumXY+=dx*dy/(double)(n+1.0);
xbar+=dx/(double)(n+1.0);

Time : 19/09/02 14:05
----------------------------------------

----------------------------------------
----------------------------------------
Pass Single Test : [=>0,0]
ybar+=dy/(double)(n+1.0);
sumYY+=dy*dy/(double)(n+1.0);
sumXY+=dx*dy/(double)(n+1.0);
xbar+=dx/(double)(n+1.0);

Time : 19/09/02 14:05
----------------------------------------

----------------------------------------
----------------------------------------
Pass Single Test : [=>0,0]
sumXX+=dx*dx/(double)(n+1.0);
ybar+=dy/(double)(n+1.0);
sumYY+=dy*dy/(double)(n+1.0);
sumXY+=dx*dy/(double)(n+1.0);
xbar+=dx/(double)(n+1.0);

Time : 19/09/02 14:06
----------------------------------------

----------------------------------------
----------------------------------------
Pass Single Test : [=>0,0]
sumYY+=dy*dy/(double)(n+1.0);
sumXY+=dx*dy/(double)(n+1.0);
sumX=0.0;
xbar+=dx/(double)(n+1.0);

Time : 19/09/02 14:06
----------------------------------------

----------------------------------------
----------------------------------------
Pass Single Test : [=>0,0]
sumY=0.0;
sumYY+=dy*dy/(double)(n+1.0);
sumXY+=dx*dy/(double)(n+1.0);
xbar+=dx/(double)(n+1.0);

Time : 19/09/02 14:06
----------------------------------------

----------------------------------------
----------------------------------------
Pass Single Test : [=>0,0]
sumY=0.0;
sumYY+=dy*dy/(double)(n+1.0);
sumXY+=dx*dy/(double)(n+1.0);
sumX=0.0;
xbar+=dx/(double)(n+1.0);

Time : 19/09/02 14:06
----------------------------------------

----------------------------------------
----------------------------------------
Pass Single Test : [=>0,0]
if(n<1){
sumXX=sumXX=sumXY=0.0;
}
sumYY+=dy*dy/(double)(n+1.0);
sumXY+=dx*dy/(double)(n+1.0);
xbar+=dx/(double)(n+1.0);

Time : 19/09/02 14:07
----------------------------------------

----------------------------------------
----------------------------------------
Pass Single Test : [=>0,0]
sumYY+=dy*dy/(double)(n+1.0);
sumXY+=dx*dy/(double)(n+1.0);
if(n==0){
sumXX=0.0;
}
xbar+=dx/(double)(n+1.0);

Time : 19/09/02 14:08
----------------------------------------

----------------------------------------
----------------------------------------
Pass Single Test : [=>0,0]
sumYY+=dy*dy/(double)(n+1.0);
sumXY+=dx*dy/(double)(n+1.0);
n++;
xbar+=dx/(double)(n+1.0);

Time : 19/09/02 14:08
----------------------------------------

----------------------------------------
----------------------------------------
Pass Single Test : [=>0,0]
sumXX+=sumYY;
sumYY+=dy*dy/(double)(n+1.0);
sumXY+=dx*dy/(double)(n+1.0);
xbar+=dx/(double)(n+1.0);

Time : 19/09/02 14:08
----------------------------------------

----------------------------------------
----------------------------------------
Pass Single Test : [=>0,0]
sumYY+=dy*dy/(double)(n+1.0);
sumXY+=dx*dy/(double)(n+1.0);
if(n==0){
sumXX=0.0;
}
n++;
xbar+=dx/(double)(n+1.0);

Time : 19/09/02 14:08
----------------------------------------

----------------------------------------
----------------------------------------
Pass Single Test : [=>0,0]
sumXX+=sumYY;
sumYY+=dy*dy/(double)(n+1.0);
sumXY+=dx*dy/(double)(n+1.0);
if(n==0){
sumXX=0.0;
}
xbar+=dx/(double)(n+1.0);

Time : 19/09/02 14:09
----------------------------------------

----------------------------------------
----------------------------------------
Pass Single Test : [=>0,0]
sumXX+=sumYY;
sumYY+=dy*dy/(double)(n+1.0);
sumXY+=dx*dy/(double)(n+1.0);
n++;
xbar+=dx/(double)(n+1.0);

Time : 19/09/02 14:09
----------------------------------------

----------------------------------------
----------------------------------------
Pass Single Test : [=>0,0]
sumXX+=sumYY;
sumYY+=dy*dy/(double)(n+1.0);
sumXY+=dx*dy/(double)(n+1.0);
if(n==0){
sumXX=0.0;
}
n++;
xbar+=dx/(double)(n+1.0);

Time : 19/09/02 14:09
----------------------------------------

----------------------------------------
----------------------------------------
Pass Single Test : [=>0,0]
n++;
sumYY+=dy*dy/(double)(n+1.0);
sumXY+=dx*dy/(double)(n+1.0);
xbar+=dx/(double)(n+1.0);

Time : 19/09/02 14:09
----------------------------------------

----------------------------------------
----------------------------------------
Pass Single Test : [=>0,0]
sumYY+=dy*dy/(double)(n+1.0);
sumXY+=dx*dy/(double)(n+1.0);
this.n=n;
xbar+=dx/(double)(n+1.0);

Time : 19/09/02 14:10
----------------------------------------
Mon Sep 02 14:10:24 EDT 2019 org.apache.commons.math.stat.regression.SimpleRegression,115

----------------------------------------
----------------------------------------
Pass Single Test : [=>0,0]
sumYY+=dy*dy/(double)(n+1.0);
sumXY+=dx*dy/(double)(n+1.0);
xbar+=dx/(double)(n+1.0);
ybar+=dy/(double)(n+1.0);

Time : 19/09/02 14:10
----------------------------------------

----------------------------------------
----------------------------------------
Pass Single Test : [=>0,0]
sumXY+=dx*dy/(double)(n+1.0);
xbar+=dx/(double)(n+1.0);
sumX=0.0;
ybar+=dy/(double)(n+1.0);

Time : 19/09/02 14:11
----------------------------------------

----------------------------------------
----------------------------------------
Pass Single Test : [=>0,0]
sumXY+=dx*dy/(double)(n+1.0);
sumY=0.0;
xbar+=dx/(double)(n+1.0);
ybar+=dy/(double)(n+1.0);

Time : 19/09/02 14:11
----------------------------------------

----------------------------------------
----------------------------------------
Pass Single Test : [=>0,0]
sumXY+=dx*dy/(double)(n+1.0);
sumY=0.0;
xbar+=dx/(double)(n+1.0);
sumX=0.0;
ybar+=dy/(double)(n+1.0);

Time : 19/09/02 14:11
----------------------------------------

----------------------------------------
----------------------------------------
Pass Single Test : [=>0,0]
sumXY+=dx*dy/(double)(n+1.0);
xbar+=dx/(double)(n+1.0);
if(n<1){
sumXX=sumXX=sumXY=0.0;
}
ybar+=dy/(double)(n+1.0);

Time : 19/09/02 14:12
----------------------------------------

----------------------------------------
----------------------------------------
Pass Single Test : [=>0,0]
sumXY+=dx*dy/(double)(n+1.0);
if(n==0){
sumXX=0.0;
}
xbar+=dx/(double)(n+1.0);
ybar+=dy/(double)(n+1.0);

Time : 19/09/02 14:13
----------------------------------------

----------------------------------------
----------------------------------------
Pass Single Test : [=>0,0]
sumXY+=dx*dy/(double)(n+1.0);
n++;
xbar+=dx/(double)(n+1.0);
ybar+=dy/(double)(n+1.0);

Time : 19/09/02 14:13
----------------------------------------

----------------------------------------
----------------------------------------
Pass Single Test : [=>0,0]
sumXX+=ybar;
sumXY+=dx*dy/(double)(n+1.0);
xbar+=dx/(double)(n+1.0);
ybar+=dy/(double)(n+1.0);

Time : 19/09/02 14:13
----------------------------------------

----------------------------------------
----------------------------------------
Pass Single Test : [=>0,0]
sumXY+=dx*dy/(double)(n+1.0);
if(n==0){
sumXX=0.0;
}
n++;
xbar+=dx/(double)(n+1.0);
ybar+=dy/(double)(n+1.0);

Time : 19/09/02 14:13
----------------------------------------

----------------------------------------
----------------------------------------
Pass Single Test : [=>0,0]
sumXX+=ybar;
sumXY+=dx*dy/(double)(n+1.0);
if(n==0){
sumXX=0.0;
}
xbar+=dx/(double)(n+1.0);
ybar+=dy/(double)(n+1.0);

Time : 19/09/02 14:14
----------------------------------------

----------------------------------------
----------------------------------------
Pass Single Test : [=>0,0]
sumXX+=ybar;
sumXY+=dx*dy/(double)(n+1.0);
n++;
xbar+=dx/(double)(n+1.0);
ybar+=dy/(double)(n+1.0);

Time : 19/09/02 14:14
----------------------------------------

----------------------------------------
----------------------------------------
Pass Single Test : [=>0,0]
sumXX+=ybar;
sumXY+=dx*dy/(double)(n+1.0);
if(n==0){
sumXX=0.0;
}
n++;
xbar+=dx/(double)(n+1.0);
ybar+=dy/(double)(n+1.0);

Time : 19/09/02 14:14
----------------------------------------

----------------------------------------
----------------------------------------
Pass Single Test : [=>0,0]
n++;
sumXY+=dx*dy/(double)(n+1.0);
xbar+=dx/(double)(n+1.0);
ybar+=dy/(double)(n+1.0);

Time : 19/09/02 14:14
----------------------------------------

----------------------------------------
----------------------------------------
Pass Single Test : [=>0,0]
sumXY+=dx*dy/(double)(n+1.0);
this.n=n;
xbar+=dx/(double)(n+1.0);
ybar+=dy/(double)(n+1.0);

Time : 19/09/02 14:15
----------------------------------------
Mon Sep 02 14:15:20 EDT 2019 org.apache.commons.math.stat.regression.SimpleRegression,116
Mon Sep 02 14:15:21 EDT 2019 org.apache.commons.math.stat.regression.SimpleRegression,118

----------------------------------------
----------------------------------------
Pass Single Test : [=>0,0]
sumXY=0.0;
sumX+=x;
sumY+=y;
n++;

Time : 19/09/02 14:16
----------------------------------------

----------------------------------------
----------------------------------------
Pass Single Test : [=>0,0]
n=0;
sumX+=x;
sumY+=y;
n++;

Time : 19/09/02 14:16
----------------------------------------

----------------------------------------
----------------------------------------
Pass Single Test : [=>0,0]
sumXY=0.0;
sumX+=x;
sumX=0.0;
sumY+=y;
n++;

Time : 19/09/02 14:16
----------------------------------------

----------------------------------------
----------------------------------------
Pass Single Test : [=>0,0]
n=0;
sumX+=x;
sumX=0.0;
sumY+=y;
n++;

Time : 19/09/02 14:17
----------------------------------------

----------------------------------------
----------------------------------------
Pass Single Test : [=>0,0]
sumY=0.0;
sumXY=0.0;
sumX+=x;
sumY+=y;
n++;

Time : 19/09/02 14:17
----------------------------------------

----------------------------------------
----------------------------------------
Pass Single Test : [=>0,0]
sumY=0.0;
n=0;
sumX+=x;
sumY+=y;
n++;

Time : 19/09/02 14:17
----------------------------------------

----------------------------------------
----------------------------------------
Pass Single Test : [=>0,0]
sumXY=0.0;
n=0;
sumX+=x;
sumY+=y;
n++;

Time : 19/09/02 14:17
----------------------------------------

----------------------------------------
----------------------------------------
Pass Single Test : [=>0,0]
sumY=0.0;
sumXY=0.0;
sumX+=x;
sumX=0.0;
sumY+=y;
n++;

Time : 19/09/02 14:18
----------------------------------------

----------------------------------------
----------------------------------------
Pass Single Test : [=>0,0]
sumY=0.0;
n=0;
sumX+=x;
sumX=0.0;
sumY+=y;
n++;

Time : 19/09/02 14:18
----------------------------------------

----------------------------------------
----------------------------------------
Pass Single Test : [=>0,0]
sumXY=0.0;
n=0;
sumX+=x;
sumX=0.0;
sumY+=y;
n++;

Time : 19/09/02 14:18
----------------------------------------

----------------------------------------
----------------------------------------
Pass Single Test : [=>0,0]
sumY=0.0;
sumXY=0.0;
n=0;
sumX+=x;
sumY+=y;
n++;

Time : 19/09/02 14:18
----------------------------------------

----------------------------------------
----------------------------------------
Pass Single Test : [=>0,0]
sumY=0.0;
sumXY=0.0;
n=0;
sumX+=x;
sumX=0.0;
sumY+=y;
n++;

Time : 19/09/02 14:19
----------------------------------------
Mon Sep 02 14:22:11 EDT 2019 org.apache.commons.math.stat.regression.SimpleRegression,119
Mon Sep 02 14:22:11 EDT 2019 org.apache.commons.math.stat.regression.SimpleRegression,120
Mon Sep 02 14:22:12 EDT 2019 Mon Sep 02 14:22:12 EDT 2019 : org.apache.commons.math.stat.regression.SimpleRegression,121=>Find no block
Mon Sep 02 14:22:12 EDT 2019 org.apache.commons.math.stat.regression.SimpleRegression,264

----------------------------------------
----------------------------------------
Pass Single Test : [=>0,0]
return sumXX/sumXY;

Time : 19/09/02 14:22
----------------------------------------

----------------------------------------
----------------------------------------
Pass Single Test : [=>0,0]
if(n<2){
return Double.NaN;
}
return sumXX/sumXY;

Time : 19/09/02 14:23
----------------------------------------

----------------------------------------
----------------------------------------
Pass Single Test : [=>0,0]
if(Math.abs(sumXY)<10*Double.MIN_VALUE){
return Double.NaN;
}
return sumXX/sumXY;

Time : 19/09/02 14:23
----------------------------------------

----------------------------------------
----------------------------------------
Pass Single Test : [=>0,0]
if(n<2){
return Double.NaN;
}
if(Math.abs(sumXY)<10*Double.MIN_VALUE){
return Double.NaN;
}
return sumXX/sumXY;

Time : 19/09/02 14:23
----------------------------------------
Mon Sep 02 14:24:11 EDT 2019 org.apache.commons.math.stat.regression.SimpleRegression,140
Mon Sep 02 14:27:25 EDT 2019 org.apache.commons.math.stat.regression.SimpleRegression,141
Mon Sep 02 14:27:25 EDT 2019 Mon Sep 02 14:27:25 EDT 2019 : org.apache.commons.math.stat.regression.SimpleRegression,143=>Find no block
Mon Sep 02 14:27:26 EDT 2019 org.apache.commons.math.stat.regression.SimpleRegression,149
Mon Sep 02 14:27:57 EDT 2019 org.apache.commons.math.stat.regression.SimpleRegression,150
Mon Sep 02 14:27:58 EDT 2019 org.apache.commons.math.stat.regression.SimpleRegression,151
Mon Sep 02 14:27:58 EDT 2019 org.apache.commons.math.stat.regression.SimpleRegression,152
Mon Sep 02 14:27:58 EDT 2019 org.apache.commons.math.stat.regression.SimpleRegression,153
Mon Sep 02 14:27:59 EDT 2019 org.apache.commons.math.stat.regression.SimpleRegression,154
Mon Sep 02 14:27:59 EDT 2019 Mon Sep 02 14:27:59 EDT 2019 : org.apache.commons.math.stat.regression.SimpleRegression,155=>Find no block
Mon Sep 02 14:28:00 EDT 2019 org.apache.commons.math.stat.regression.SimpleRegression,163
Mon Sep 02 14:28:12 EDT 2019 org.apache.commons.math.stat.regression.SimpleRegression,184
Mon Sep 02 14:28:19 EDT 2019 org.apache.commons.math.stat.regression.SimpleRegression,185
Mon Sep 02 14:28:19 EDT 2019 org.apache.commons.math.stat.regression.SimpleRegression,205
Mon Sep 02 14:28:35 EDT 2019 org.apache.commons.math.stat.regression.SimpleRegression,225
Mon Sep 02 14:29:33 EDT 2019 org.apache.commons.math.stat.regression.SimpleRegression,226
Mon Sep 02 14:29:33 EDT 2019 org.apache.commons.math.stat.regression.SimpleRegression,228
Mon Sep 02 14:29:58 EDT 2019 org.apache.commons.math.stat.regression.SimpleRegression,229
Mon Sep 02 14:29:58 EDT 2019 org.apache.commons.math.stat.regression.SimpleRegression,231
Mon Sep 02 14:35:40 EDT 2019 org.apache.commons.math.stat.regression.SimpleRegression,278
Mon Sep 02 14:35:40 EDT 2019 org.apache.commons.math.stat.regression.SimpleRegression,279
Mon Sep 02 14:35:40 EDT 2019 org.apache.commons.math.stat.regression.SimpleRegression,281
Mon Sep 02 14:39:33 EDT 2019 org.apache.commons.math.stat.regression.SimpleRegression,301
Mon Sep 02 14:39:49 EDT 2019 org.apache.commons.math.stat.regression.SimpleRegression,315
Mon Sep 02 14:40:47 EDT 2019 org.apache.commons.math.stat.regression.SimpleRegression,316
Mon Sep 02 14:40:47 EDT 2019 org.apache.commons.math.stat.regression.SimpleRegression,318
Mon Sep 02 14:44:41 EDT 2019 org.apache.commons.math.stat.regression.SimpleRegression,336
Mon Sep 02 14:45:39 EDT 2019 org.apache.commons.math.stat.regression.SimpleRegression,337
Mon Sep 02 14:45:39 EDT 2019 org.apache.commons.math.stat.regression.SimpleRegression,338
Mon Sep 02 14:45:40 EDT 2019 org.apache.commons.math.stat.regression.SimpleRegression,339
Mon Sep 02 14:45:40 EDT 2019 org.apache.commons.math.stat.regression.SimpleRegression,341
Mon Sep 02 14:45:41 EDT 2019 org.apache.commons.math.stat.regression.SimpleRegression,359
Mon Sep 02 14:46:12 EDT 2019 org.apache.commons.math.stat.regression.SimpleRegression,360
Mon Sep 02 14:46:12 EDT 2019 org.apache.commons.math.stat.regression.SimpleRegression,375
Mon Sep 02 14:46:54 EDT 2019 org.apache.commons.math.stat.regression.SimpleRegression,390
Mon Sep 02 14:47:29 EDT 2019 org.apache.commons.math.stat.regression.SimpleRegression,417
Mon Sep 02 14:47:30 EDT 2019 org.apache.commons.math.stat.regression.SimpleRegression,453
Mon Sep 02 14:48:00 EDT 2019 org.apache.commons.math.stat.regression.SimpleRegression,454
Mon Sep 02 14:48:00 EDT 2019 org.apache.commons.math.stat.regression.SimpleRegression,456
Mon Sep 02 14:49:19 EDT 2019 org.apache.commons.math.stat.regression.SimpleRegression,482
Mon Sep 02 14:49:20 EDT 2019 org.apache.commons.math.stat.regression.SimpleRegression,497
Mon Sep 02 14:49:55 EDT 2019 org.apache.commons.math.stat.regression.SimpleRegression,507
Mon Sep 02 14:50:24 EDT 2019 org.apache.commons.math.stat.regression.SimpleRegression,517
Failed time : 19/09/02 14:50
