=================================================
Project : math_106	start : 19/09/02 13:42
Current failed test : org.apache.commons.math.fraction.FractionFormatTest::testParseProperInvalidMinus_purify_1 | 19/09/02 13:43
Mon Sep 02 13:43:39 EDT 2019 org.apache.commons.math.fraction.FractionFormat,290
Mon Sep 02 13:44:41 EDT 2019 org.apache.commons.math.fraction.FractionFormat,291
Mon Sep 02 13:45:46 EDT 2019 org.apache.commons.math.fraction.FractionFormat,292
Mon Sep 02 13:45:47 EDT 2019 org.apache.commons.math.fraction.ProperFractionFormat,168
Mon Sep 02 13:47:18 EDT 2019 org.apache.commons.math.fraction.ProperFractionFormat,169
Mon Sep 02 13:47:19 EDT 2019 Mon Sep 02 13:47:19 EDT 2019 : org.apache.commons.math.fraction.ProperFractionFormat,170=>Find no block
Mon Sep 02 13:47:19 EDT 2019 org.apache.commons.math.fraction.ProperFractionFormat,177
Mon Sep 02 13:47:23 EDT 2019 org.apache.commons.math.fraction.ProperFractionFormat,188
Mon Sep 02 13:47:51 EDT 2019 org.apache.commons.math.fraction.ProperFractionFormat,191

----------------------------------------
----------------------------------------
Pass Single Test : [=>0,0]
parseAndIgnoreWhitespace(source,pos);
Number den=getDenominatorFormat().parse(source,pos);
if(den!=null){
pos.setIndex(initialIndex);
return null;
}

Time : 19/09/02 13:48
----------------------------------------
Mon Sep 02 13:49:03 EDT 2019 org.apache.commons.math.fraction.ProperFractionFormat,192
Mon Sep 02 13:49:40 EDT 2019 org.apache.commons.math.fraction.ProperFractionFormat,202
Mon Sep 02 13:51:48 EDT 2019 org.apache.commons.math.fraction.ProperFractionFormat,203
Mon Sep 02 13:53:08 EDT 2019 org.apache.commons.math.fraction.ProperFractionFormat,204
Mon Sep 02 13:54:05 EDT 2019 org.apache.commons.math.fraction.ProperFractionFormat,205
Mon Sep 02 13:54:05 EDT 2019 org.apache.commons.math.fraction.ProperFractionFormat,153
Mon Sep 02 13:54:21 EDT 2019 org.apache.commons.math.fraction.ProperFractionFormat,156

----------------------------------------
----------------------------------------
Pass Single Test : [=>0,0]
parseAndIgnoreWhitespace(source,pos);
Number num=getNumeratorFormat().parse(source,pos);
if(num!=null){
pos.setIndex(initialIndex);
return null;
}

Time : 19/09/02 13:54
----------------------------------------
Mon Sep 02 13:55:06 EDT 2019 org.apache.commons.math.fraction.ProperFractionFormat,157
Mon Sep 02 13:55:40 EDT 2019 org.apache.commons.math.fraction.ProperFractionFormat,137
Mon Sep 02 13:55:54 EDT 2019 org.apache.commons.math.fraction.ProperFractionFormat,140
Mon Sep 02 13:56:13 EDT 2019 org.apache.commons.math.fraction.ProperFractionFormat,143

----------------------------------------
----------------------------------------
Pass Single Test : [=>0,0]
if(getNumeratorFormat().parse(source,pos)==null){
pos.setIndex(initialIndex);
return null;
}
parseAndIgnoreWhitespace(source,pos);
Number whole=getWholeFormat().parse(source,pos);
if(whole==null){
pos.setIndex(initialIndex);
return null;
}

Time : 19/09/02 13:56
----------------------------------------

----------------------------------------
----------------------------------------
Pass Single Test : [=>0,0]
parseAndIgnoreWhitespace(source,pos);
Number whole=getWholeFormat().parse(source,pos);
if(whole!=null){
pos.setIndex(initialIndex);
return null;
}

Time : 19/09/02 13:56
----------------------------------------
Mon Sep 02 13:56:59 EDT 2019 org.apache.commons.math.fraction.ProperFractionFormat,144
Mon Sep 02 13:57:30 EDT 2019 org.apache.commons.math.fraction.FractionFormat,249
Mon Sep 02 13:57:52 EDT 2019 org.apache.commons.math.fraction.FractionFormat,276
Mon Sep 02 13:57:53 EDT 2019 org.apache.commons.math.fraction.FractionFormat,277
Mon Sep 02 13:57:53 EDT 2019 Mon Sep 02 13:57:53 EDT 2019 : org.apache.commons.math.fraction.FractionFormat,278=>Find no block
Mon Sep 02 13:57:53 EDT 2019 org.apache.commons.math.fraction.FractionFormat,382

----------------------------------------
----------------------------------------
Pass Single Test : [=>0,0]
if(index<n){
pos.setIndex(index+n);
ret=c;
}

Time : 19/09/02 13:59
----------------------------------------
Mon Sep 02 13:59:46 EDT 2019 org.apache.commons.math.fraction.FractionFormat,243
Mon Sep 02 13:59:47 EDT 2019 org.apache.commons.math.fraction.FractionFormat,244
Mon Sep 02 13:59:47 EDT 2019 org.apache.commons.math.fraction.FractionFormat,245
Mon Sep 02 13:59:48 EDT 2019 org.apache.commons.math.fraction.FractionFormat,260
Mon Sep 02 13:59:58 EDT 2019 org.apache.commons.math.fraction.FractionFormat,263
Mon Sep 02 13:59:58 EDT 2019 org.apache.commons.math.fraction.FractionFormat,266
Mon Sep 02 13:59:58 EDT 2019 org.apache.commons.math.fraction.FractionFormat,267
Mon Sep 02 13:59:59 EDT 2019 org.apache.commons.math.fraction.FractionFormat,359

----------------------------------------
----------------------------------------
Pass Single Test : [=>0,0]
parseNextCharacter(source,pos);
pos.setErrorIndex(pos.getIndex()-1);

Time : 19/09/02 14:00
----------------------------------------
Mon Sep 02 14:00:40 EDT 2019 org.apache.commons.math.fraction.FractionFormat,360
Mon Sep 02 14:00:41 EDT 2019 Mon Sep 02 14:00:41 EDT 2019 : org.apache.commons.math.fraction.FractionFormat,361=>Find no block
Mon Sep 02 14:00:41 EDT 2019 org.apache.commons.math.fraction.FractionFormat,370
Mon Sep 02 14:02:04 EDT 2019 org.apache.commons.math.fraction.FractionFormat,371
Mon Sep 02 14:02:04 EDT 2019 org.apache.commons.math.fraction.FractionFormat,372
Mon Sep 02 14:09:29 EDT 2019 org.apache.commons.math.fraction.FractionFormat,374
Mon Sep 02 14:09:29 EDT 2019 org.apache.commons.math.fraction.FractionFormat,377
Mon Sep 02 14:09:29 EDT 2019 org.apache.commons.math.fraction.FractionFormat,378
Mon Sep 02 14:09:30 EDT 2019 org.apache.commons.math.fraction.FractionFormat,379
Mon Sep 02 14:09:30 EDT 2019 org.apache.commons.math.fraction.FractionFormat,381
Mon Sep 02 14:09:30 EDT 2019 org.apache.commons.math.fraction.FractionFormat,386
Mon Sep 02 14:12:31 EDT 2019 org.apache.commons.math.fraction.ProperFractionFormat,115
Mon Sep 02 14:12:32 EDT 2019 org.apache.commons.math.fraction.ProperFractionFormat,132

----------------------------------------
----------------------------------------
Pass Single Test : [=>0,0]
Fraction ret=super.parse(source,pos);
if(ret==null){
return ret;
}

Time : 19/09/02 14:12
----------------------------------------

----------------------------------------
----------------------------------------
Pass Single Test : [=>0,0]
Fraction ret=super.parse(source,pos);
parseAndIgnoreWhitespace(source,pos);
if(ret==null){
return ret;
}

Time : 19/09/02 14:13
----------------------------------------
Mon Sep 02 14:13:19 EDT 2019 org.apache.commons.math.fraction.ProperFractionFormat,133
Mon Sep 02 14:13:20 EDT 2019 org.apache.commons.math.fraction.FractionFormat,224
Mon Sep 02 14:13:21 EDT 2019 org.apache.commons.math.fraction.FractionFormat,232
Mon Sep 02 14:13:22 EDT 2019 org.apache.commons.math.fraction.FractionFormat,62
Mon Sep 02 14:13:29 EDT 2019 Mon Sep 02 14:13:29 EDT 2019 : org.apache.commons.math.fraction.FractionFormat,63=>Find no block
Mon Sep 02 14:13:29 EDT 2019 org.apache.commons.math.fraction.FractionFormat,74
Mon Sep 02 14:14:02 EDT 2019 org.apache.commons.math.fraction.FractionFormat,75
Mon Sep 02 14:14:02 EDT 2019 org.apache.commons.math.fraction.FractionFormat,76
Mon Sep 02 14:14:03 EDT 2019 Mon Sep 02 14:14:03 EDT 2019 : org.apache.commons.math.fraction.FractionFormat,77=>Find no block
Mon Sep 02 14:14:03 EDT 2019 org.apache.commons.math.fraction.FractionFormat,113
Mon Sep 02 14:14:04 EDT 2019 org.apache.commons.math.fraction.FractionFormat,114
Mon Sep 02 14:14:05 EDT 2019 org.apache.commons.math.fraction.FractionFormat,131
Mon Sep 02 14:14:06 EDT 2019 org.apache.commons.math.fraction.FractionFormat,132
Mon Sep 02 14:14:07 EDT 2019 org.apache.commons.math.fraction.FractionFormat,153
Mon Sep 02 14:14:08 EDT 2019 org.apache.commons.math.fraction.FractionFormat,154
Mon Sep 02 14:14:08 EDT 2019 org.apache.commons.math.fraction.FractionFormat,155
Mon Sep 02 14:14:09 EDT 2019 org.apache.commons.math.fraction.FractionFormat,156
Mon Sep 02 14:14:09 EDT 2019 org.apache.commons.math.fraction.ProperFractionFormat,58
Mon Sep 02 14:14:10 EDT 2019 Mon Sep 02 14:14:10 EDT 2019 : org.apache.commons.math.fraction.ProperFractionFormat,59=>Find no block
Mon Sep 02 14:14:11 EDT 2019 org.apache.commons.math.fraction.ProperFractionFormat,72
Mon Sep 02 14:14:20 EDT 2019 org.apache.commons.math.fraction.ProperFractionFormat,73
Mon Sep 02 14:14:20 EDT 2019 Mon Sep 02 14:14:20 EDT 2019 : org.apache.commons.math.fraction.ProperFractionFormat,74=>Find no block
Mon Sep 02 14:14:21 EDT 2019 org.apache.commons.math.fraction.ProperFractionFormat,215
Mon Sep 02 14:14:43 EDT 2019 org.apache.commons.math.fraction.ProperFractionFormat,219
Mon Sep 02 14:15:06 EDT 2019 Mon Sep 02 14:15:06 EDT 2019 : org.apache.commons.math.fraction.ProperFractionFormat,220=>Find no block
Mon Sep 02 14:15:06 EDT 2019 org.apache.commons.math.MathException,62
Mon Sep 02 14:15:07 EDT 2019 org.apache.commons.math.MathException,63
Mon Sep 02 14:15:07 EDT 2019 Mon Sep 02 14:15:07 EDT 2019 : org.apache.commons.math.MathException,64=>Find no block
Mon Sep 02 14:15:08 EDT 2019 org.apache.commons.math.MathException,73
Mon Sep 02 14:15:09 EDT 2019 org.apache.commons.math.MathException,74
Mon Sep 02 14:15:09 EDT 2019 Mon Sep 02 14:15:09 EDT 2019 : org.apache.commons.math.MathException,75=>Find no block
Mon Sep 02 14:15:09 EDT 2019 org.apache.commons.math.MathException,85
Mon Sep 02 14:15:10 EDT 2019 org.apache.commons.math.MathException,86
Mon Sep 02 14:15:10 EDT 2019 Mon Sep 02 14:15:10 EDT 2019 : org.apache.commons.math.MathException,87=>Find no block
Mon Sep 02 14:15:11 EDT 2019 org.apache.commons.math.MathException,98
Mon Sep 02 14:15:12 EDT 2019 org.apache.commons.math.MathException,99
Mon Sep 02 14:15:12 EDT 2019 Mon Sep 02 14:15:12 EDT 2019 : org.apache.commons.math.MathException,100=>Find no block
Mon Sep 02 14:15:12 EDT 2019 Mon Sep 02 14:15:12 EDT 2019 : org.apache.commons.math.MathException,42=>Find no block
Mon Sep 02 14:15:13 EDT 2019 Mon Sep 02 14:15:13 EDT 2019 : org.apache.commons.math.MathException,44=>Find no block
Mon Sep 02 14:15:13 EDT 2019 Mon Sep 02 14:15:13 EDT 2019 : org.apache.commons.math.MathException,45=>Find no block
Mon Sep 02 14:15:14 EDT 2019 Mon Sep 02 14:15:14 EDT 2019 : org.apache.commons.math.MathException,48=>Find no block
Mon Sep 02 14:15:14 EDT 2019 Mon Sep 02 14:15:14 EDT 2019 : org.apache.commons.math.MathException,46=>Find no block
Mon Sep 02 14:15:15 EDT 2019 Mon Sep 02 14:15:15 EDT 2019 : org.apache.commons.math.MathException,47=>Find no block
Mon Sep 02 14:15:15 EDT 2019 Mon Sep 02 14:15:15 EDT 2019 : org.apache.commons.math.MathException,49=>Find no block
Mon Sep 02 14:15:16 EDT 2019 Mon Sep 02 14:15:16 EDT 2019 : org.apache.commons.math.MathException,50=>Find no block
Mon Sep 02 14:15:16 EDT 2019 org.apache.commons.math.MathException,108
Mon Sep 02 14:15:17 EDT 2019 org.apache.commons.math.MathException,115
Mon Sep 02 14:15:18 EDT 2019 Mon Sep 02 14:15:18 EDT 2019 : org.apache.commons.math.MathException,116=>Find no block
Mon Sep 02 14:15:19 EDT 2019 Mon Sep 02 14:15:19 EDT 2019 : org.apache.commons.math.MathException,124=>Find no block
Mon Sep 02 14:15:19 EDT 2019 org.apache.commons.math.MathException,125
Mon Sep 02 14:15:48 EDT 2019 org.apache.commons.math.MathException,126
Mon Sep 02 14:15:48 EDT 2019 org.apache.commons.math.MathException,128
Mon Sep 02 14:15:49 EDT 2019 Mon Sep 02 14:15:49 EDT 2019 : org.apache.commons.math.MathException,129=>Find no block
Mon Sep 02 14:15:49 EDT 2019 Mon Sep 02 14:15:49 EDT 2019 : org.apache.commons.math.MathException,130=>Find no block
Mon Sep 02 14:15:49 EDT 2019 Mon Sep 02 14:15:49 EDT 2019 : org.apache.commons.math.MathException,138=>Find no block
Mon Sep 02 14:15:50 EDT 2019 org.apache.commons.math.MathException,139
Mon Sep 02 14:15:51 EDT 2019 org.apache.commons.math.MathException,140
Mon Sep 02 14:15:53 EDT 2019 org.apache.commons.math.MathException,141
Mon Sep 02 14:15:53 EDT 2019 org.apache.commons.math.MathException,142
Mon Sep 02 14:15:54 EDT 2019 Mon Sep 02 14:15:54 EDT 2019 : org.apache.commons.math.MathException,144=>Find no block
Mon Sep 02 14:15:54 EDT 2019 Mon Sep 02 14:15:54 EDT 2019 : org.apache.commons.math.MathException,145=>Find no block
Mon Sep 02 14:15:54 EDT 2019 org.apache.commons.math.ConvergenceException,35
Mon Sep 02 14:15:55 EDT 2019 Mon Sep 02 14:15:55 EDT 2019 : org.apache.commons.math.ConvergenceException,36=>Find no block
Mon Sep 02 14:15:56 EDT 2019 org.apache.commons.math.ConvergenceException,43
Mon Sep 02 14:15:57 EDT 2019 Mon Sep 02 14:15:57 EDT 2019 : org.apache.commons.math.ConvergenceException,44=>Find no block
Mon Sep 02 14:15:57 EDT 2019 org.apache.commons.math.ConvergenceException,52
Mon Sep 02 14:16:13 EDT 2019 Mon Sep 02 14:16:13 EDT 2019 : org.apache.commons.math.ConvergenceException,53=>Find no block
Mon Sep 02 14:16:14 EDT 2019 org.apache.commons.math.ConvergenceException,60
Mon Sep 02 14:16:15 EDT 2019 Mon Sep 02 14:16:15 EDT 2019 : org.apache.commons.math.ConvergenceException,61=>Find no block
Mon Sep 02 14:16:15 EDT 2019 org.apache.commons.math.fraction.FractionFormat,53
Mon Sep 02 14:16:16 EDT 2019 Mon Sep 02 14:16:16 EDT 2019 : org.apache.commons.math.fraction.FractionFormat,54=>Find no block
Mon Sep 02 14:16:17 EDT 2019 org.apache.commons.math.fraction.FractionFormat,87
Mon Sep 02 14:16:18 EDT 2019 org.apache.commons.math.fraction.FractionFormat,96
Mon Sep 02 14:16:19 EDT 2019 org.apache.commons.math.fraction.FractionFormat,104
Mon Sep 02 14:16:34 EDT 2019 org.apache.commons.math.fraction.FractionFormat,122
Mon Sep 02 14:16:49 EDT 2019 org.apache.commons.math.fraction.FractionFormat,142
Mon Sep 02 14:16:50 EDT 2019 org.apache.commons.math.fraction.FractionFormat,172
Mon Sep 02 14:18:01 EDT 2019 org.apache.commons.math.fraction.FractionFormat,173
Mon Sep 02 14:18:02 EDT 2019 org.apache.commons.math.fraction.FractionFormat,175
Mon Sep 02 14:18:02 EDT 2019 org.apache.commons.math.fraction.FractionFormat,176
Mon Sep 02 14:18:02 EDT 2019 org.apache.commons.math.fraction.FractionFormat,177
Mon Sep 02 14:18:03 EDT 2019 org.apache.commons.math.fraction.FractionFormat,180
Mon Sep 02 14:18:03 EDT 2019 org.apache.commons.math.fraction.FractionFormat,199
Mon Sep 02 14:18:34 EDT 2019 org.apache.commons.math.fraction.FractionFormat,201
Mon Sep 02 14:18:34 EDT 2019 org.apache.commons.math.fraction.FractionFormat,202
Mon Sep 02 14:18:34 EDT 2019 org.apache.commons.math.fraction.FractionFormat,203
Mon Sep 02 14:18:35 EDT 2019 org.apache.commons.math.fraction.FractionFormat,205
Mon Sep 02 14:18:35 EDT 2019 Mon Sep 02 14:18:35 EDT 2019 : org.apache.commons.math.fraction.FractionFormat,210=>Find no block
Mon Sep 02 14:18:35 EDT 2019 Mon Sep 02 14:18:35 EDT 2019 : org.apache.commons.math.fraction.FractionFormat,207=>Find no block
Mon Sep 02 14:18:36 EDT 2019 org.apache.commons.math.fraction.FractionFormat,208
Mon Sep 02 14:18:36 EDT 2019 org.apache.commons.math.fraction.FractionFormat,212
Mon Sep 02 14:18:37 EDT 2019 org.apache.commons.math.fraction.FractionFormat,216
Mon Sep 02 14:20:26 EDT 2019 org.apache.commons.math.fraction.FractionFormat,246
Mon Sep 02 14:20:27 EDT 2019 org.apache.commons.math.fraction.FractionFormat,271
Mon Sep 02 14:20:27 EDT 2019 org.apache.commons.math.fraction.FractionFormat,272
Mon Sep 02 14:20:27 EDT 2019 org.apache.commons.math.fraction.FractionFormat,282
Mon Sep 02 14:20:29 EDT 2019 org.apache.commons.math.fraction.FractionFormat,285
Mon Sep 02 14:20:29 EDT 2019 org.apache.commons.math.fraction.FractionFormat,296
Mon Sep 02 14:20:30 EDT 2019 org.apache.commons.math.fraction.FractionFormat,299
Mon Sep 02 14:20:30 EDT 2019 org.apache.commons.math.fraction.FractionFormat,300
Mon Sep 02 14:20:30 EDT 2019 org.apache.commons.math.fraction.FractionFormat,304
Mon Sep 02 14:20:31 EDT 2019 org.apache.commons.math.fraction.FractionFormat,305
Mon Sep 02 14:20:31 EDT 2019 org.apache.commons.math.fraction.FractionFormat,308
Mon Sep 02 14:21:05 EDT 2019 org.apache.commons.math.fraction.FractionFormat,319
Mon Sep 02 14:21:07 EDT 2019 org.apache.commons.math.fraction.FractionFormat,329
Mon Sep 02 14:21:28 EDT 2019 org.apache.commons.math.fraction.FractionFormat,330
Mon Sep 02 14:21:29 EDT 2019 org.apache.commons.math.fraction.FractionFormat,333
Mon Sep 02 14:21:50 EDT 2019 Mon Sep 02 14:21:50 EDT 2019 : org.apache.commons.math.fraction.FractionFormat,334=>Find no block
Mon Sep 02 14:21:51 EDT 2019 org.apache.commons.math.fraction.FractionFormat,343
Mon Sep 02 14:22:13 EDT 2019 org.apache.commons.math.fraction.FractionFormat,344
Mon Sep 02 14:22:13 EDT 2019 org.apache.commons.math.fraction.FractionFormat,347
Mon Sep 02 14:22:35 EDT 2019 Mon Sep 02 14:22:35 EDT 2019 : org.apache.commons.math.fraction.FractionFormat,348=>Find no block
Mon Sep 02 14:22:35 EDT 2019 org.apache.commons.math.fraction.ProperFractionFormat,48
Mon Sep 02 14:22:36 EDT 2019 Mon Sep 02 14:22:36 EDT 2019 : org.apache.commons.math.fraction.ProperFractionFormat,49=>Find no block
Mon Sep 02 14:22:36 EDT 2019 org.apache.commons.math.fraction.ProperFractionFormat,89
Mon Sep 02 14:23:35 EDT 2019 org.apache.commons.math.fraction.ProperFractionFormat,90
Mon Sep 02 14:23:36 EDT 2019 org.apache.commons.math.fraction.ProperFractionFormat,92
Mon Sep 02 14:27:01 EDT 2019 org.apache.commons.math.fraction.ProperFractionFormat,93
Mon Sep 02 14:27:19 EDT 2019 org.apache.commons.math.fraction.ProperFractionFormat,94
Mon Sep 02 14:27:40 EDT 2019 org.apache.commons.math.fraction.ProperFractionFormat,95
Mon Sep 02 14:28:45 EDT 2019 org.apache.commons.math.fraction.ProperFractionFormat,97
Mon Sep 02 14:29:58 EDT 2019 org.apache.commons.math.fraction.ProperFractionFormat,98
Mon Sep 02 14:29:58 EDT 2019 org.apache.commons.math.fraction.ProperFractionFormat,99
Mon Sep 02 14:29:58 EDT 2019 org.apache.commons.math.fraction.ProperFractionFormat,100
Mon Sep 02 14:29:59 EDT 2019 org.apache.commons.math.fraction.ProperFractionFormat,102
Mon Sep 02 14:32:18 EDT 2019 org.apache.commons.math.fraction.ProperFractionFormat,103
Mon Sep 02 14:32:59 EDT 2019 org.apache.commons.math.fraction.ProperFractionFormat,104
Mon Sep 02 14:34:14 EDT 2019 org.apache.commons.math.fraction.ProperFractionFormat,107
Mon Sep 02 14:34:15 EDT 2019 org.apache.commons.math.fraction.ProperFractionFormat,134
Mon Sep 02 14:34:15 EDT 2019 org.apache.commons.math.fraction.ProperFractionFormat,148
Mon Sep 02 14:34:15 EDT 2019 org.apache.commons.math.fraction.ProperFractionFormat,149
Mon Sep 02 14:34:16 EDT 2019 org.apache.commons.math.fraction.ProperFractionFormat,161
Mon Sep 02 14:34:16 EDT 2019 org.apache.commons.math.fraction.ProperFractionFormat,162
Mon Sep 02 14:34:17 EDT 2019 org.apache.commons.math.fraction.ProperFractionFormat,174
Mon Sep 02 14:34:17 EDT 2019 org.apache.commons.math.fraction.ProperFractionFormat,182
Mon Sep 02 14:34:17 EDT 2019 org.apache.commons.math.fraction.ProperFractionFormat,183
Mon Sep 02 14:34:17 EDT 2019 org.apache.commons.math.fraction.ProperFractionFormat,184
Mon Sep 02 14:34:18 EDT 2019 org.apache.commons.math.fraction.ProperFractionFormat,196
Mon Sep 02 14:34:18 EDT 2019 org.apache.commons.math.fraction.ProperFractionFormat,197
Mon Sep 02 14:34:19 EDT 2019 org.apache.commons.math.fraction.ProperFractionFormat,216
Failed time : 19/09/02 14:34
Current failed test : org.apache.commons.math.fraction.FractionFormatTest::testParseProperInvalidMinus_purify_2 | 19/09/02 14:34
Mon Sep 02 14:34:37 EDT 2019 org.apache.commons.math.fraction.FractionFormat,290
Mon Sep 02 14:35:32 EDT 2019 org.apache.commons.math.fraction.FractionFormat,291
Mon Sep 02 14:36:32 EDT 2019 org.apache.commons.math.fraction.FractionFormat,292
Mon Sep 02 14:36:32 EDT 2019 org.apache.commons.math.fraction.ProperFractionFormat,168
Mon Sep 02 14:38:03 EDT 2019 org.apache.commons.math.fraction.ProperFractionFormat,169
Mon Sep 02 14:38:03 EDT 2019 Mon Sep 02 14:38:03 EDT 2019 : org.apache.commons.math.fraction.ProperFractionFormat,170=>Find no block
Mon Sep 02 14:38:03 EDT 2019 org.apache.commons.math.fraction.ProperFractionFormat,177
Mon Sep 02 14:38:06 EDT 2019 org.apache.commons.math.fraction.ProperFractionFormat,188
Mon Sep 02 14:38:31 EDT 2019 org.apache.commons.math.fraction.ProperFractionFormat,191

----------------------------------------
----------------------------------------
Pass Single Test : [=>0,0]
parseAndIgnoreWhitespace(source,pos);
Number den=getDenominatorFormat().parse(source,pos);
if(den!=null){
pos.setIndex(initialIndex);
return null;
}

Time : 19/09/02 14:39
----------------------------------------
Mon Sep 02 14:39:39 EDT 2019 org.apache.commons.math.fraction.ProperFractionFormat,192
Mon Sep 02 14:40:16 EDT 2019 org.apache.commons.math.fraction.ProperFractionFormat,202
Mon Sep 02 14:42:20 EDT 2019 org.apache.commons.math.fraction.ProperFractionFormat,203
Mon Sep 02 14:43:37 EDT 2019 org.apache.commons.math.fraction.ProperFractionFormat,204
Mon Sep 02 14:44:33 EDT 2019 org.apache.commons.math.fraction.ProperFractionFormat,205
Mon Sep 02 14:44:33 EDT 2019 org.apache.commons.math.fraction.ProperFractionFormat,153
Mon Sep 02 14:44:50 EDT 2019 org.apache.commons.math.fraction.ProperFractionFormat,156

----------------------------------------
----------------------------------------
Pass Single Test : [=>0,0]
parseAndIgnoreWhitespace(source,pos);
Number num=getNumeratorFormat().parse(source,pos);
if(num!=null){
pos.setIndex(initialIndex);
return null;
}

Time : 19/09/02 14:45
----------------------------------------
Mon Sep 02 14:45:33 EDT 2019 org.apache.commons.math.fraction.ProperFractionFormat,157
Mon Sep 02 14:46:07 EDT 2019 org.apache.commons.math.fraction.ProperFractionFormat,137
Mon Sep 02 14:46:21 EDT 2019 org.apache.commons.math.fraction.ProperFractionFormat,140
Mon Sep 02 14:46:41 EDT 2019 org.apache.commons.math.fraction.ProperFractionFormat,143

----------------------------------------
----------------------------------------
Pass Single Test : [=>0,0]
if(getNumeratorFormat().parse(source,pos)==null){
pos.setIndex(initialIndex);
return null;
}
parseAndIgnoreWhitespace(source,pos);
Number whole=getWholeFormat().parse(source,pos);
if(whole==null){
pos.setIndex(initialIndex);
return null;
}

Time : 19/09/02 14:46
----------------------------------------

----------------------------------------
----------------------------------------
Pass Single Test : [=>0,0]
parseAndIgnoreWhitespace(source,pos);
Number whole=getWholeFormat().parse(source,pos);
if(whole!=null){
pos.setIndex(initialIndex);
return null;
}

Time : 19/09/02 14:47
----------------------------------------
Mon Sep 02 14:47:31 EDT 2019 org.apache.commons.math.fraction.ProperFractionFormat,144
Mon Sep 02 14:48:02 EDT 2019 org.apache.commons.math.fraction.FractionFormat,249
Mon Sep 02 14:48:25 EDT 2019 org.apache.commons.math.fraction.FractionFormat,276
Mon Sep 02 14:48:25 EDT 2019 org.apache.commons.math.fraction.FractionFormat,277
Mon Sep 02 14:48:26 EDT 2019 Mon Sep 02 14:48:26 EDT 2019 : org.apache.commons.math.fraction.FractionFormat,278=>Find no block
Mon Sep 02 14:48:26 EDT 2019 org.apache.commons.math.fraction.FractionFormat,382

----------------------------------------
----------------------------------------
Pass Single Test : [=>0,0]
if(index<n){
pos.setIndex(index+n);
ret=c;
}

Time : 19/09/02 14:50
----------------------------------------
Mon Sep 02 14:50:16 EDT 2019 org.apache.commons.math.fraction.FractionFormat,243
Mon Sep 02 14:50:17 EDT 2019 org.apache.commons.math.fraction.FractionFormat,244
Mon Sep 02 14:50:17 EDT 2019 org.apache.commons.math.fraction.FractionFormat,245
Mon Sep 02 14:50:17 EDT 2019 org.apache.commons.math.fraction.FractionFormat,260
Mon Sep 02 14:50:27 EDT 2019 org.apache.commons.math.fraction.FractionFormat,263
Mon Sep 02 14:50:28 EDT 2019 org.apache.commons.math.fraction.FractionFormat,266
Mon Sep 02 14:50:28 EDT 2019 org.apache.commons.math.fraction.FractionFormat,267
Mon Sep 02 14:50:28 EDT 2019 org.apache.commons.math.fraction.FractionFormat,359

----------------------------------------
----------------------------------------
Pass Single Test : [=>0,0]
parseNextCharacter(source,pos);
pos.setErrorIndex(pos.getIndex()-1);

Time : 19/09/02 14:50
----------------------------------------
Mon Sep 02 14:51:09 EDT 2019 org.apache.commons.math.fraction.FractionFormat,360
Mon Sep 02 14:51:09 EDT 2019 Mon Sep 02 14:51:09 EDT 2019 : org.apache.commons.math.fraction.FractionFormat,361=>Find no block
Mon Sep 02 14:51:09 EDT 2019 org.apache.commons.math.fraction.FractionFormat,370
Mon Sep 02 14:52:31 EDT 2019 org.apache.commons.math.fraction.FractionFormat,371
Mon Sep 02 14:52:31 EDT 2019 org.apache.commons.math.fraction.FractionFormat,372
Mon Sep 02 15:00:02 EDT 2019 org.apache.commons.math.fraction.FractionFormat,374
Mon Sep 02 15:00:02 EDT 2019 org.apache.commons.math.fraction.FractionFormat,377
Mon Sep 02 15:00:02 EDT 2019 org.apache.commons.math.fraction.FractionFormat,378
Mon Sep 02 15:00:02 EDT 2019 org.apache.commons.math.fraction.FractionFormat,379
Mon Sep 02 15:00:03 EDT 2019 org.apache.commons.math.fraction.FractionFormat,381
Mon Sep 02 15:00:03 EDT 2019 org.apache.commons.math.fraction.FractionFormat,386
Mon Sep 02 15:03:04 EDT 2019 org.apache.commons.math.fraction.ProperFractionFormat,115
Mon Sep 02 15:03:05 EDT 2019 org.apache.commons.math.fraction.ProperFractionFormat,132

----------------------------------------
----------------------------------------
Pass Single Test : [=>0,0]
Fraction ret=super.parse(source,pos);
if(ret==null){
return ret;
}

Time : 19/09/02 15:03
----------------------------------------

----------------------------------------
----------------------------------------
Pass Single Test : [=>0,0]
Fraction ret=super.parse(source,pos);
parseAndIgnoreWhitespace(source,pos);
if(ret==null){
return ret;
}

Time : 19/09/02 15:03
----------------------------------------
Mon Sep 02 15:03:53 EDT 2019 org.apache.commons.math.fraction.ProperFractionFormat,133
Mon Sep 02 15:03:54 EDT 2019 org.apache.commons.math.fraction.FractionFormat,224
Mon Sep 02 15:03:55 EDT 2019 org.apache.commons.math.fraction.FractionFormat,232
Mon Sep 02 15:03:56 EDT 2019 org.apache.commons.math.fraction.FractionFormat,62
Mon Sep 02 15:04:02 EDT 2019 Mon Sep 02 15:04:02 EDT 2019 : org.apache.commons.math.fraction.FractionFormat,63=>Find no block
Mon Sep 02 15:04:02 EDT 2019 org.apache.commons.math.fraction.FractionFormat,74
Mon Sep 02 15:04:35 EDT 2019 org.apache.commons.math.fraction.FractionFormat,75
Mon Sep 02 15:04:35 EDT 2019 org.apache.commons.math.fraction.FractionFormat,76
Mon Sep 02 15:04:35 EDT 2019 Mon Sep 02 15:04:35 EDT 2019 : org.apache.commons.math.fraction.FractionFormat,77=>Find no block
Mon Sep 02 15:04:35 EDT 2019 org.apache.commons.math.fraction.FractionFormat,113
Mon Sep 02 15:04:36 EDT 2019 org.apache.commons.math.fraction.FractionFormat,114
Mon Sep 02 15:04:37 EDT 2019 org.apache.commons.math.fraction.FractionFormat,131
Mon Sep 02 15:04:38 EDT 2019 org.apache.commons.math.fraction.FractionFormat,132
Mon Sep 02 15:04:38 EDT 2019 org.apache.commons.math.fraction.FractionFormat,153
Mon Sep 02 15:04:39 EDT 2019 org.apache.commons.math.fraction.FractionFormat,154
Mon Sep 02 15:04:40 EDT 2019 org.apache.commons.math.fraction.FractionFormat,155
Mon Sep 02 15:04:40 EDT 2019 org.apache.commons.math.fraction.FractionFormat,156
Mon Sep 02 15:04:41 EDT 2019 org.apache.commons.math.fraction.ProperFractionFormat,58
Mon Sep 02 15:04:41 EDT 2019 Mon Sep 02 15:04:41 EDT 2019 : org.apache.commons.math.fraction.ProperFractionFormat,59=>Find no block
Mon Sep 02 15:04:42 EDT 2019 org.apache.commons.math.fraction.ProperFractionFormat,72
Mon Sep 02 15:04:52 EDT 2019 org.apache.commons.math.fraction.ProperFractionFormat,73
Mon Sep 02 15:04:52 EDT 2019 Mon Sep 02 15:04:52 EDT 2019 : org.apache.commons.math.fraction.ProperFractionFormat,74=>Find no block
Mon Sep 02 15:04:53 EDT 2019 org.apache.commons.math.fraction.ProperFractionFormat,215
Mon Sep 02 15:05:18 EDT 2019 org.apache.commons.math.fraction.ProperFractionFormat,219
Mon Sep 02 15:05:40 EDT 2019 Mon Sep 02 15:05:40 EDT 2019 : org.apache.commons.math.fraction.ProperFractionFormat,220=>Find no block
Mon Sep 02 15:05:40 EDT 2019 org.apache.commons.math.MathException,62
Mon Sep 02 15:05:41 EDT 2019 org.apache.commons.math.MathException,63
Mon Sep 02 15:05:41 EDT 2019 Mon Sep 02 15:05:41 EDT 2019 : org.apache.commons.math.MathException,64=>Find no block
Mon Sep 02 15:05:42 EDT 2019 org.apache.commons.math.MathException,73
Mon Sep 02 15:05:43 EDT 2019 org.apache.commons.math.MathException,74
Mon Sep 02 15:05:43 EDT 2019 Mon Sep 02 15:05:43 EDT 2019 : org.apache.commons.math.MathException,75=>Find no block
Mon Sep 02 15:05:43 EDT 2019 org.apache.commons.math.MathException,85
Mon Sep 02 15:05:44 EDT 2019 org.apache.commons.math.MathException,86
Mon Sep 02 15:05:44 EDT 2019 Mon Sep 02 15:05:44 EDT 2019 : org.apache.commons.math.MathException,87=>Find no block
Mon Sep 02 15:05:45 EDT 2019 org.apache.commons.math.MathException,98
Mon Sep 02 15:05:46 EDT 2019 org.apache.commons.math.MathException,99
Mon Sep 02 15:05:46 EDT 2019 Mon Sep 02 15:05:46 EDT 2019 : org.apache.commons.math.MathException,100=>Find no block
Mon Sep 02 15:05:46 EDT 2019 Mon Sep 02 15:05:46 EDT 2019 : org.apache.commons.math.MathException,42=>Find no block
Mon Sep 02 15:05:47 EDT 2019 Mon Sep 02 15:05:47 EDT 2019 : org.apache.commons.math.MathException,44=>Find no block
Mon Sep 02 15:05:47 EDT 2019 Mon Sep 02 15:05:47 EDT 2019 : org.apache.commons.math.MathException,45=>Find no block
Mon Sep 02 15:05:47 EDT 2019 Mon Sep 02 15:05:47 EDT 2019 : org.apache.commons.math.MathException,48=>Find no block
Mon Sep 02 15:05:47 EDT 2019 Mon Sep 02 15:05:47 EDT 2019 : org.apache.commons.math.MathException,46=>Find no block
Mon Sep 02 15:05:48 EDT 2019 Mon Sep 02 15:05:48 EDT 2019 : org.apache.commons.math.MathException,47=>Find no block
Mon Sep 02 15:05:48 EDT 2019 Mon Sep 02 15:05:48 EDT 2019 : org.apache.commons.math.MathException,49=>Find no block
Mon Sep 02 15:05:48 EDT 2019 Mon Sep 02 15:05:48 EDT 2019 : org.apache.commons.math.MathException,50=>Find no block
Mon Sep 02 15:05:49 EDT 2019 org.apache.commons.math.MathException,108
Mon Sep 02 15:05:49 EDT 2019 org.apache.commons.math.MathException,115
Mon Sep 02 15:05:50 EDT 2019 Mon Sep 02 15:05:50 EDT 2019 : org.apache.commons.math.MathException,116=>Find no block
Mon Sep 02 15:05:51 EDT 2019 Mon Sep 02 15:05:51 EDT 2019 : org.apache.commons.math.MathException,124=>Find no block
Mon Sep 02 15:05:51 EDT 2019 org.apache.commons.math.MathException,125
Mon Sep 02 15:06:19 EDT 2019 org.apache.commons.math.MathException,126
Mon Sep 02 15:06:20 EDT 2019 org.apache.commons.math.MathException,128
Mon Sep 02 15:06:20 EDT 2019 Mon Sep 02 15:06:20 EDT 2019 : org.apache.commons.math.MathException,129=>Find no block
Mon Sep 02 15:06:20 EDT 2019 Mon Sep 02 15:06:20 EDT 2019 : org.apache.commons.math.MathException,130=>Find no block
Mon Sep 02 15:06:20 EDT 2019 Mon Sep 02 15:06:20 EDT 2019 : org.apache.commons.math.MathException,138=>Find no block
Mon Sep 02 15:06:21 EDT 2019 org.apache.commons.math.MathException,139
Mon Sep 02 15:06:22 EDT 2019 org.apache.commons.math.MathException,140
Mon Sep 02 15:06:23 EDT 2019 org.apache.commons.math.MathException,141
Mon Sep 02 15:06:23 EDT 2019 org.apache.commons.math.MathException,142
Mon Sep 02 15:06:23 EDT 2019 Mon Sep 02 15:06:23 EDT 2019 : org.apache.commons.math.MathException,144=>Find no block
Mon Sep 02 15:06:24 EDT 2019 Mon Sep 02 15:06:24 EDT 2019 : org.apache.commons.math.MathException,145=>Find no block
Mon Sep 02 15:06:24 EDT 2019 org.apache.commons.math.ConvergenceException,35
Mon Sep 02 15:06:25 EDT 2019 Mon Sep 02 15:06:25 EDT 2019 : org.apache.commons.math.ConvergenceException,36=>Find no block
Mon Sep 02 15:06:25 EDT 2019 org.apache.commons.math.ConvergenceException,43
Mon Sep 02 15:06:26 EDT 2019 Mon Sep 02 15:06:26 EDT 2019 : org.apache.commons.math.ConvergenceException,44=>Find no block
Mon Sep 02 15:06:26 EDT 2019 org.apache.commons.math.ConvergenceException,52
Mon Sep 02 15:06:41 EDT 2019 Mon Sep 02 15:06:41 EDT 2019 : org.apache.commons.math.ConvergenceException,53=>Find no block
Mon Sep 02 15:06:41 EDT 2019 org.apache.commons.math.ConvergenceException,60
Mon Sep 02 15:06:43 EDT 2019 Mon Sep 02 15:06:43 EDT 2019 : org.apache.commons.math.ConvergenceException,61=>Find no block
Mon Sep 02 15:06:43 EDT 2019 org.apache.commons.math.fraction.FractionFormat,53
Mon Sep 02 15:06:44 EDT 2019 Mon Sep 02 15:06:44 EDT 2019 : org.apache.commons.math.fraction.FractionFormat,54=>Find no block
Mon Sep 02 15:06:44 EDT 2019 org.apache.commons.math.fraction.FractionFormat,87
Mon Sep 02 15:06:45 EDT 2019 org.apache.commons.math.fraction.FractionFormat,96
Mon Sep 02 15:06:46 EDT 2019 org.apache.commons.math.fraction.FractionFormat,104
Mon Sep 02 15:07:02 EDT 2019 org.apache.commons.math.fraction.FractionFormat,122
Mon Sep 02 15:07:19 EDT 2019 org.apache.commons.math.fraction.FractionFormat,142
Mon Sep 02 15:07:20 EDT 2019 org.apache.commons.math.fraction.FractionFormat,172
Mon Sep 02 15:08:35 EDT 2019 org.apache.commons.math.fraction.FractionFormat,173
Mon Sep 02 15:08:35 EDT 2019 org.apache.commons.math.fraction.FractionFormat,175
Mon Sep 02 15:08:36 EDT 2019 org.apache.commons.math.fraction.FractionFormat,176
Mon Sep 02 15:08:36 EDT 2019 org.apache.commons.math.fraction.FractionFormat,177
Mon Sep 02 15:08:37 EDT 2019 org.apache.commons.math.fraction.FractionFormat,180
Mon Sep 02 15:08:37 EDT 2019 org.apache.commons.math.fraction.FractionFormat,199
Mon Sep 02 15:09:15 EDT 2019 org.apache.commons.math.fraction.FractionFormat,201
Mon Sep 02 15:09:16 EDT 2019 org.apache.commons.math.fraction.FractionFormat,202
Mon Sep 02 15:09:17 EDT 2019 org.apache.commons.math.fraction.FractionFormat,203
Mon Sep 02 15:09:18 EDT 2019 org.apache.commons.math.fraction.FractionFormat,205
Mon Sep 02 15:09:18 EDT 2019 Mon Sep 02 15:09:18 EDT 2019 : org.apache.commons.math.fraction.FractionFormat,210=>Find no block
Mon Sep 02 15:09:19 EDT 2019 Mon Sep 02 15:09:19 EDT 2019 : org.apache.commons.math.fraction.FractionFormat,207=>Find no block
Mon Sep 02 15:09:19 EDT 2019 org.apache.commons.math.fraction.FractionFormat,208
Mon Sep 02 15:09:19 EDT 2019 org.apache.commons.math.fraction.FractionFormat,212
Mon Sep 02 15:09:20 EDT 2019 org.apache.commons.math.fraction.FractionFormat,216
Mon Sep 02 15:11:20 EDT 2019 org.apache.commons.math.fraction.FractionFormat,246
Mon Sep 02 15:11:20 EDT 2019 org.apache.commons.math.fraction.FractionFormat,271
Mon Sep 02 15:11:21 EDT 2019 org.apache.commons.math.fraction.FractionFormat,272
Mon Sep 02 15:11:21 EDT 2019 org.apache.commons.math.fraction.FractionFormat,282
Mon Sep 02 15:11:23 EDT 2019 org.apache.commons.math.fraction.FractionFormat,285
Mon Sep 02 15:11:23 EDT 2019 org.apache.commons.math.fraction.FractionFormat,296
Mon Sep 02 15:11:24 EDT 2019 org.apache.commons.math.fraction.FractionFormat,299
Mon Sep 02 15:11:24 EDT 2019 org.apache.commons.math.fraction.FractionFormat,300
Mon Sep 02 15:11:24 EDT 2019 org.apache.commons.math.fraction.FractionFormat,304
Mon Sep 02 15:11:25 EDT 2019 org.apache.commons.math.fraction.FractionFormat,305
Mon Sep 02 15:11:25 EDT 2019 org.apache.commons.math.fraction.FractionFormat,308
Mon Sep 02 15:12:07 EDT 2019 org.apache.commons.math.fraction.FractionFormat,319
Mon Sep 02 15:12:09 EDT 2019 org.apache.commons.math.fraction.FractionFormat,329
Mon Sep 02 15:12:32 EDT 2019 org.apache.commons.math.fraction.FractionFormat,330
Mon Sep 02 15:12:33 EDT 2019 org.apache.commons.math.fraction.FractionFormat,333
Mon Sep 02 15:12:57 EDT 2019 Mon Sep 02 15:12:57 EDT 2019 : org.apache.commons.math.fraction.FractionFormat,334=>Find no block
Mon Sep 02 15:12:57 EDT 2019 org.apache.commons.math.fraction.FractionFormat,343
Mon Sep 02 15:13:20 EDT 2019 org.apache.commons.math.fraction.FractionFormat,344
Mon Sep 02 15:13:20 EDT 2019 org.apache.commons.math.fraction.FractionFormat,347
Mon Sep 02 15:13:42 EDT 2019 Mon Sep 02 15:13:42 EDT 2019 : org.apache.commons.math.fraction.FractionFormat,348=>Find no block
Mon Sep 02 15:13:43 EDT 2019 org.apache.commons.math.fraction.ProperFractionFormat,48
Mon Sep 02 15:13:43 EDT 2019 Mon Sep 02 15:13:43 EDT 2019 : org.apache.commons.math.fraction.ProperFractionFormat,49=>Find no block
Mon Sep 02 15:13:43 EDT 2019 org.apache.commons.math.fraction.ProperFractionFormat,89
Mon Sep 02 15:14:42 EDT 2019 org.apache.commons.math.fraction.ProperFractionFormat,90
Mon Sep 02 15:14:43 EDT 2019 org.apache.commons.math.fraction.ProperFractionFormat,92
Mon Sep 02 15:18:16 EDT 2019 org.apache.commons.math.fraction.ProperFractionFormat,93
Mon Sep 02 15:18:36 EDT 2019 org.apache.commons.math.fraction.ProperFractionFormat,94
Mon Sep 02 15:19:03 EDT 2019 org.apache.commons.math.fraction.ProperFractionFormat,95
Mon Sep 02 15:20:11 EDT 2019 org.apache.commons.math.fraction.ProperFractionFormat,97
Mon Sep 02 15:21:23 EDT 2019 org.apache.commons.math.fraction.ProperFractionFormat,98
Mon Sep 02 15:21:24 EDT 2019 org.apache.commons.math.fraction.ProperFractionFormat,99
Mon Sep 02 15:21:24 EDT 2019 org.apache.commons.math.fraction.ProperFractionFormat,100
Mon Sep 02 15:21:24 EDT 2019 org.apache.commons.math.fraction.ProperFractionFormat,102
Mon Sep 02 15:23:49 EDT 2019 org.apache.commons.math.fraction.ProperFractionFormat,103
Mon Sep 02 15:24:26 EDT 2019 org.apache.commons.math.fraction.ProperFractionFormat,104
Mon Sep 02 15:25:45 EDT 2019 org.apache.commons.math.fraction.ProperFractionFormat,107
Mon Sep 02 15:25:46 EDT 2019 org.apache.commons.math.fraction.ProperFractionFormat,134
Mon Sep 02 15:25:46 EDT 2019 org.apache.commons.math.fraction.ProperFractionFormat,148
Mon Sep 02 15:25:47 EDT 2019 org.apache.commons.math.fraction.ProperFractionFormat,149
Mon Sep 02 15:25:47 EDT 2019 org.apache.commons.math.fraction.ProperFractionFormat,161
Mon Sep 02 15:25:48 EDT 2019 org.apache.commons.math.fraction.ProperFractionFormat,162
Mon Sep 02 15:25:48 EDT 2019 org.apache.commons.math.fraction.ProperFractionFormat,174
Mon Sep 02 15:25:48 EDT 2019 org.apache.commons.math.fraction.ProperFractionFormat,182
Mon Sep 02 15:25:49 EDT 2019 org.apache.commons.math.fraction.ProperFractionFormat,183
Mon Sep 02 15:25:49 EDT 2019 org.apache.commons.math.fraction.ProperFractionFormat,184
Mon Sep 02 15:25:50 EDT 2019 org.apache.commons.math.fraction.ProperFractionFormat,196
Mon Sep 02 15:25:50 EDT 2019 org.apache.commons.math.fraction.ProperFractionFormat,197
Mon Sep 02 15:25:50 EDT 2019 org.apache.commons.math.fraction.ProperFractionFormat,216
Failed time : 19/09/02 15:25
