=================================================
Project : math_11	start : 19/09/02 13:45
Current failed test : org.apache.commons.math3.distribution.MultivariateNormalDistributionTest::testUnivariateDistribution | 19/09/02 13:45
Mon Sep 02 13:46:39 EDT 2019 Mon Sep 02 13:46:39 EDT 2019 : org.apache.commons.math3.distribution.AbstractRealDistribution,50=>Find no block
Mon Sep 02 13:46:41 EDT 2019 Mon Sep 02 13:46:41 EDT 2019 : org.apache.commons.math3.distribution.AbstractRealDistribution,60=>Find no block
Mon Sep 02 13:46:43 EDT 2019 Mon Sep 02 13:46:43 EDT 2019 : org.apache.commons.math3.distribution.AbstractRealDistribution,76=>Find no block
Mon Sep 02 13:46:45 EDT 2019 org.apache.commons.math3.distribution.AbstractRealDistribution,77
Mon Sep 02 13:48:29 EDT 2019 Mon Sep 02 13:48:29 EDT 2019 : org.apache.commons.math3.distribution.AbstractRealDistribution,78=>Find no block
Mon Sep 02 13:48:31 EDT 2019 org.apache.commons.math3.distribution.NormalDistribution,71
Mon Sep 02 13:49:21 EDT 2019 Mon Sep 02 13:49:21 EDT 2019 : org.apache.commons.math3.distribution.NormalDistribution,72=>Find no block
Mon Sep 02 13:49:23 EDT 2019 org.apache.commons.math3.distribution.NormalDistribution,86
Mon Sep 02 13:49:42 EDT 2019 Mon Sep 02 13:49:42 EDT 2019 : org.apache.commons.math3.distribution.NormalDistribution,87=>Find no block
Mon Sep 02 13:49:43 EDT 2019 org.apache.commons.math3.distribution.NormalDistribution,104
Mon Sep 02 13:54:19 EDT 2019 org.apache.commons.math3.distribution.NormalDistribution,106
Mon Sep 02 13:54:20 EDT 2019 org.apache.commons.math3.distribution.NormalDistribution,110
Mon Sep 02 13:54:22 EDT 2019 org.apache.commons.math3.distribution.NormalDistribution,111
Mon Sep 02 13:54:24 EDT 2019 org.apache.commons.math3.distribution.NormalDistribution,112
Mon Sep 02 13:54:25 EDT 2019 Mon Sep 02 13:54:25 EDT 2019 : org.apache.commons.math3.distribution.NormalDistribution,113=>Find no block
Mon Sep 02 13:54:27 EDT 2019 Mon Sep 02 13:54:27 EDT 2019 : org.apache.commons.math3.distribution.NormalDistribution,44=>Find no block
Mon Sep 02 13:54:29 EDT 2019 Mon Sep 02 13:54:29 EDT 2019 : org.apache.commons.math3.distribution.NormalDistribution,46=>Find no block
Mon Sep 02 13:54:30 EDT 2019 org.apache.commons.math3.distribution.NormalDistribution,135
Mon Sep 02 14:10:19 EDT 2019 org.apache.commons.math3.distribution.NormalDistribution,136
Mon Sep 02 14:10:20 EDT 2019 org.apache.commons.math3.distribution.NormalDistribution,137
Mon Sep 02 14:10:22 EDT 2019 org.apache.commons.math3.util.FastMath,1614
Mon Sep 02 14:14:21 EDT 2019 Mon Sep 02 14:14:21 EDT 2019 : org.apache.commons.math3.random.RandomDataImpl,114=>Find no block
Mon Sep 02 14:14:23 EDT 2019 org.apache.commons.math3.random.RandomDataImpl,115
Mon Sep 02 14:14:28 EDT 2019 Mon Sep 02 14:14:28 EDT 2019 : org.apache.commons.math3.random.RandomDataImpl,116=>Find no block
Mon Sep 02 14:14:30 EDT 2019 Mon Sep 02 14:14:30 EDT 2019 : org.apache.commons.math3.random.RandomDataGenerator,131=>Find no block
Mon Sep 02 14:14:32 EDT 2019 Mon Sep 02 14:14:32 EDT 2019 : org.apache.commons.math3.random.RandomDataGenerator,118=>Find no block
Mon Sep 02 14:14:33 EDT 2019 Mon Sep 02 14:14:33 EDT 2019 : org.apache.commons.math3.random.RandomDataGenerator,121=>Find no block
Mon Sep 02 14:14:35 EDT 2019 Mon Sep 02 14:14:35 EDT 2019 : org.apache.commons.math3.random.RandomDataGenerator,132=>Find no block
Mon Sep 02 14:14:37 EDT 2019 org.apache.commons.math3.distribution.MultivariateNormalDistribution,178
Mon Sep 02 14:49:06 EDT 2019 org.apache.commons.math3.distribution.MultivariateNormalDistribution,179
Mon Sep 02 15:28:49 EDT 2019 org.apache.commons.math3.distribution.MultivariateNormalDistribution,183
Mon Sep 02 15:28:50 EDT 2019 org.apache.commons.math3.distribution.MultivariateNormalDistribution,229
Mon Sep 02 16:19:13 EDT 2019 org.apache.commons.math3.distribution.MultivariateNormalDistribution,230
Mon Sep 02 16:19:15 EDT 2019 org.apache.commons.math3.distribution.MultivariateNormalDistribution,231
Mon Sep 02 16:19:17 EDT 2019 org.apache.commons.math3.distribution.MultivariateNormalDistribution,233
Mon Sep 02 16:19:19 EDT 2019 org.apache.commons.math3.distribution.MultivariateNormalDistribution,234
Mon Sep 02 16:19:20 EDT 2019 org.apache.commons.math3.distribution.MultivariateNormalDistribution,235
Mon Sep 02 16:19:22 EDT 2019 org.apache.commons.math3.distribution.MultivariateNormalDistribution,236
Mon Sep 02 16:19:24 EDT 2019 org.apache.commons.math3.distribution.MultivariateNormalDistribution,238
Mon Sep 02 16:19:26 EDT 2019 org.apache.commons.math3.util.FastMath,831

----------------------------------------
----------------------------------------
Pass Single Test : [=>0,0]
return log(x,null);

Time : 19/09/02 16:20
----------------------------------------
Mon Sep 02 16:24:20 EDT 2019 org.apache.commons.math3.util.FastMath,850
Mon Sep 02 17:38:37 EDT 2019 org.apache.commons.math3.util.FastMath,851
Mon Sep 02 17:43:05 EDT 2019 org.apache.commons.math3.util.FastMath,853
Mon Sep 02 17:43:07 EDT 2019 org.apache.commons.math3.util.FastMath,861
Mon Sep 02 17:43:09 EDT 2019 org.apache.commons.math3.util.FastMath,871
Mon Sep 02 17:43:10 EDT 2019 org.apache.commons.math3.util.FastMath,881
Mon Sep 02 17:53:25 EDT 2019 org.apache.commons.math3.util.FastMath,883
Mon Sep 02 17:54:28 EDT 2019 org.apache.commons.math3.util.FastMath,884
Mon Sep 02 17:55:29 EDT 2019 org.apache.commons.math3.util.FastMath,886
Mon Sep 02 17:55:31 EDT 2019 org.apache.commons.math3.util.FastMath,888
Mon Sep 02 18:00:31 EDT 2019 org.apache.commons.math3.util.FastMath,890
Mon Sep 02 18:00:34 EDT 2019 org.apache.commons.math3.util.FastMath,898
Mon Sep 02 18:02:34 EDT 2019 org.apache.commons.math3.util.FastMath,899
Mon Sep 02 18:02:36 EDT 2019 org.apache.commons.math3.util.FastMath,906
Mon Sep 02 18:03:43 EDT 2019 org.apache.commons.math3.util.FastMath,907
Mon Sep 02 18:03:45 EDT 2019 org.apache.commons.math3.util.FastMath,908
Mon Sep 02 18:13:16 EDT 2019 org.apache.commons.math3.util.FastMath,914
Mon Sep 02 18:25:32 EDT 2019 org.apache.commons.math3.util.FastMath,923
Timeout time : 19/09/02 18:46
