=================================================
Project : math_12	start : 19/09/02 13:45
Current failed test : org.apache.commons.math3.distribution.GammaDistributionTest::testDistributionClone | 19/09/02 13:45
Mon Sep 02 13:48:33 EDT 2019 org.apache.commons.math3.distribution.GammaDistribution,374
Mon Sep 02 15:12:01 EDT 2019 org.apache.commons.math3.distribution.GammaDistribution,413
Mon Sep 02 15:20:22 EDT 2019 org.apache.commons.math3.distribution.GammaDistribution,414
Mon Sep 02 15:20:23 EDT 2019 org.apache.commons.math3.distribution.GammaDistribution,417
Mon Sep 02 15:26:06 EDT 2019 org.apache.commons.math3.distribution.GammaDistribution,418
Mon Sep 02 15:26:10 EDT 2019 org.apache.commons.math3.distribution.GammaDistribution,420
Mon Sep 02 15:26:18 EDT 2019 org.apache.commons.math3.distribution.GammaDistribution,424
Mon Sep 02 15:38:21 EDT 2019 org.apache.commons.math3.distribution.GammaDistribution,425
Mon Sep 02 15:52:42 EDT 2019 org.apache.commons.math3.distribution.GammaDistribution,428
Mon Sep 02 15:52:51 EDT 2019 org.apache.commons.math3.distribution.GammaDistribution,429
Mon Sep 02 15:52:59 EDT 2019 org.apache.commons.math3.distribution.GammaDistribution,432
Mon Sep 02 15:53:08 EDT 2019 org.apache.commons.math3.distribution.GammaDistribution,433
Mon Sep 02 15:53:18 EDT 2019 org.apache.commons.math3.distribution.LogNormalDistribution,311
Mon Sep 02 15:57:46 EDT 2019 org.apache.commons.math3.distribution.LogNormalDistribution,312
Mon Sep 02 15:57:56 EDT 2019 org.apache.commons.math3.distribution.AbstractRealDistribution,246
Mon Sep 02 16:00:02 EDT 2019 org.apache.commons.math3.distribution.AbstractRealDistribution,247
Mon Sep 02 16:00:04 EDT 2019 Mon Sep 02 16:00:04 EDT 2019 : org.apache.commons.math3.distribution.AbstractRealDistribution,248=>Find no block
Mon Sep 02 16:00:06 EDT 2019 org.apache.commons.math3.random.RandomDataImpl,461
Mon Sep 02 16:00:56 EDT 2019 Mon Sep 02 16:00:56 EDT 2019 : org.apache.commons.math3.random.RandomDataImpl,462=>Find no block
Mon Sep 02 16:00:59 EDT 2019 org.apache.commons.math3.random.RandomDataGenerator,648
Mon Sep 02 16:01:33 EDT 2019 Mon Sep 02 16:01:33 EDT 2019 : org.apache.commons.math3.random.RandomDataGenerator,649=>Find no block
Mon Sep 02 16:01:35 EDT 2019 org.apache.commons.math3.random.Well19937c,79
Mon Sep 02 16:01:42 EDT 2019 Mon Sep 02 16:01:42 EDT 2019 : org.apache.commons.math3.random.Well19937c,80=>Find no block
Mon Sep 02 16:01:44 EDT 2019 org.apache.commons.math3.random.RandomDataGenerator,714
Mon Sep 02 16:01:51 EDT 2019 org.apache.commons.math3.random.RandomDataGenerator,715
Mon Sep 02 16:01:52 EDT 2019 org.apache.commons.math3.random.RandomDataGenerator,717
Mon Sep 02 16:01:59 EDT 2019 org.apache.commons.math3.random.RandomDataGenerator,725
Mon Sep 02 16:02:05 EDT 2019 Mon Sep 02 16:02:05 EDT 2019 : org.apache.commons.math3.random.RandomDataGenerator,726=>Find no block
Mon Sep 02 16:02:07 EDT 2019 org.apache.commons.math3.random.AbstractWell,132
Mon Sep 02 16:02:15 EDT 2019 Mon Sep 02 16:02:15 EDT 2019 : org.apache.commons.math3.random.AbstractWell,133=>Find no block
Mon Sep 02 16:02:16 EDT 2019 org.apache.commons.math3.random.Well19937c,86
Mon Sep 02 16:03:58 EDT 2019 org.apache.commons.math3.random.Well19937c,87
Mon Sep 02 16:04:00 EDT 2019 org.apache.commons.math3.random.Well19937c,89
Mon Sep 02 16:05:32 EDT 2019 org.apache.commons.math3.random.Well19937c,90
Mon Sep 02 16:07:10 EDT 2019 org.apache.commons.math3.random.Well19937c,91
Mon Sep 02 16:07:16 EDT 2019 org.apache.commons.math3.random.Well19937c,92
Mon Sep 02 16:07:23 EDT 2019 org.apache.commons.math3.random.Well19937c,94
Mon Sep 02 16:30:25 EDT 2019 org.apache.commons.math3.random.Well19937c,95
Mon Sep 02 16:33:15 EDT 2019 org.apache.commons.math3.random.Well19937c,96
Mon Sep 02 16:34:41 EDT 2019 org.apache.commons.math3.random.Well19937c,97
Mon Sep 02 16:37:44 EDT 2019 org.apache.commons.math3.random.Well19937c,98
Mon Sep 02 16:44:10 EDT 2019 org.apache.commons.math3.random.Well19937c,100
Mon Sep 02 16:50:33 EDT 2019 org.apache.commons.math3.random.Well19937c,101
Mon Sep 02 16:52:04 EDT 2019 org.apache.commons.math3.random.Well19937c,102
Mon Sep 02 16:56:00 EDT 2019 org.apache.commons.math3.random.Well19937c,103
Mon Sep 02 16:59:07 EDT 2019 org.apache.commons.math3.random.Well19937c,108
Mon Sep 02 17:00:56 EDT 2019 org.apache.commons.math3.random.Well19937c,109
Mon Sep 02 17:02:33 EDT 2019 org.apache.commons.math3.random.Well19937c,111
Mon Sep 02 17:02:35 EDT 2019 org.apache.commons.math3.random.BitsStreamGenerator,101
Mon Sep 02 17:09:02 EDT 2019 org.apache.commons.math3.random.BitsStreamGenerator,103
Mon Sep 02 17:10:32 EDT 2019 org.apache.commons.math3.random.BitsStreamGenerator,104
Mon Sep 02 17:10:33 EDT 2019 org.apache.commons.math3.random.BitsStreamGenerator,105
Mon Sep 02 17:16:20 EDT 2019 org.apache.commons.math3.random.BitsStreamGenerator,106
Mon Sep 02 17:27:57 EDT 2019 org.apache.commons.math3.random.BitsStreamGenerator,107

----------------------------------------
----------------------------------------
Pass Single Test : [=>0,0]
 final double r=FastMath.sqrt(-2*FastMath.log(y));
random=r*FastMath.cos(alpha);
if(r!=x){
return x;
}
nextGaussian=r*FastMath.sin(alpha);

Time : 19/09/02 17:36
----------------------------------------
Mon Sep 02 17:42:28 EDT 2019 org.apache.commons.math3.random.BitsStreamGenerator,108
Mon Sep 02 17:42:30 EDT 2019 Mon Sep 02 17:42:30 EDT 2019 : org.apache.commons.math3.random.BitsStreamGenerator,109=>Find no block
Mon Sep 02 17:42:32 EDT 2019 org.apache.commons.math3.random.BitsStreamGenerator,111
Mon Sep 02 17:42:34 EDT 2019 org.apache.commons.math3.random.BitsStreamGenerator,112
Mon Sep 02 17:42:35 EDT 2019 org.apache.commons.math3.random.BitsStreamGenerator,115

----------------------------------------
----------------------------------------
Pass Single Test : [=>0,0]
if(Double.isNaN(nextGaussian)){
 final double x=nextDouble();
 final double y=nextDouble();
 final double alpha=2*FastMath.PI;
 final double r=FastMath.sqrt(-2*FastMath.log(y));
random=r*FastMath.cos(alpha);
nextGaussian=r*FastMath.sin(alpha);
}else {
random=nextGaussian;
nextGaussian=Double.NaN;
}
return Math.PI/2.0;

Time : 19/09/02 17:57
----------------------------------------

----------------------------------------
----------------------------------------
Pass Single Test : [=>0,0]
if(nextGaussian==-1.0){
return -Math.PI/2.0;
}
if(Double.isNaN(nextGaussian)){
 final double x=nextDouble();
 final double y=nextDouble();
 final double alpha=2*FastMath.PI;
 final double r=FastMath.sqrt(-2*FastMath.log(y));
random=r*FastMath.cos(alpha);
nextGaussian=r*FastMath.sin(alpha);
}else {
random=nextGaussian;
nextGaussian=Double.NaN;
}
return Math.PI/2.0;

Time : 19/09/02 18:00
----------------------------------------
Mon Sep 02 18:05:42 EDT 2019 org.apache.commons.math3.util.FastMath,2274
Mon Sep 02 18:07:21 EDT 2019 org.apache.commons.math3.util.FastMath,2328
Mon Sep 02 18:08:46 EDT 2019 org.apache.commons.math3.util.FastMath,2293
Mon Sep 02 18:23:02 EDT 2019 org.apache.commons.math3.util.FastMath,2296
Mon Sep 02 18:23:04 EDT 2019 org.apache.commons.math3.util.FastMath,2297
Mon Sep 02 18:26:38 EDT 2019 org.apache.commons.math3.util.FastMath,2301
Mon Sep 02 18:27:41 EDT 2019 org.apache.commons.math3.util.FastMath,2306
Mon Sep 02 18:28:41 EDT 2019 org.apache.commons.math3.util.FastMath,2307
Mon Sep 02 18:34:59 EDT 2019 Mon Sep 02 18:34:59 EDT 2019 : org.apache.commons.math3.util.FastMath,2326=>Find no block
Mon Sep 02 18:35:00 EDT 2019 org.apache.commons.math3.util.FastMath,1820
Timeout time : 19/09/02 18:48
