=================================================
Project : math_14	start : 19/09/02 13:45
Current failed test : org.apache.commons.math3.fitting.PolynomialFitterTest::testLargeSample_purify_1 | 19/09/02 13:46
Mon Sep 02 13:50:19 EDT 2019 org.apache.commons.math3.fitting.PolynomialFitter,37
Mon Sep 02 13:50:37 EDT 2019 Mon Sep 02 13:50:37 EDT 2019 : org.apache.commons.math3.fitting.PolynomialFitter,38=>Find no block
Mon Sep 02 13:50:39 EDT 2019 org.apache.commons.math3.fitting.PolynomialFitter,68
Mon Sep 02 13:51:24 EDT 2019 org.apache.commons.math3.analysis.polynomials.PolynomialFunction,69
Mon Sep 02 14:12:39 EDT 2019 org.apache.commons.math3.analysis.polynomials.PolynomialFunction,70
Mon Sep 02 14:12:41 EDT 2019 org.apache.commons.math3.analysis.polynomials.PolynomialFunction,71
Mon Sep 02 14:12:42 EDT 2019 org.apache.commons.math3.analysis.polynomials.PolynomialFunction,72
Mon Sep 02 14:12:44 EDT 2019 org.apache.commons.math3.analysis.polynomials.PolynomialFunction,75
Mon Sep 02 14:12:45 EDT 2019 org.apache.commons.math3.analysis.polynomials.PolynomialFunction,78
Mon Sep 02 14:12:47 EDT 2019 org.apache.commons.math3.analysis.polynomials.PolynomialFunction,79
Mon Sep 02 14:12:49 EDT 2019 Mon Sep 02 14:12:49 EDT 2019 : org.apache.commons.math3.analysis.polynomials.PolynomialFunction,80=>Find no block
Mon Sep 02 14:12:50 EDT 2019 org.apache.commons.math3.analysis.polynomials.PolynomialFunction,94
Mon Sep 02 14:17:04 EDT 2019 Mon Sep 02 14:17:04 EDT 2019 : org.apache.commons.math3.analysis.polynomials.PolynomialFunction,395=>Find no block
Mon Sep 02 14:17:05 EDT 2019 org.apache.commons.math3.analysis.polynomials.PolynomialFunction,130
Mon Sep 02 14:50:55 EDT 2019 org.apache.commons.math3.analysis.polynomials.PolynomialFunction,131
Mon Sep 02 14:50:57 EDT 2019 org.apache.commons.math3.analysis.polynomials.PolynomialFunction,132
Mon Sep 02 14:50:59 EDT 2019 org.apache.commons.math3.analysis.polynomials.PolynomialFunction,135
Mon Sep 02 14:51:00 EDT 2019 org.apache.commons.math3.analysis.polynomials.PolynomialFunction,136
Mon Sep 02 14:51:02 EDT 2019 org.apache.commons.math3.analysis.polynomials.PolynomialFunction,139
Mon Sep 02 14:51:03 EDT 2019 org.apache.commons.math3.fitting.CurveFitter,136
Mon Sep 02 14:51:53 EDT 2019 org.apache.commons.math3.linear.BlockRealMatrix,98
Mon Sep 02 14:54:29 EDT 2019 org.apache.commons.math3.linear.BlockRealMatrix,99
Mon Sep 02 14:54:30 EDT 2019 org.apache.commons.math3.linear.BlockRealMatrix,100
Mon Sep 02 14:54:32 EDT 2019 org.apache.commons.math3.linear.BlockRealMatrix,103
Mon Sep 02 14:54:33 EDT 2019 org.apache.commons.math3.linear.BlockRealMatrix,104
Mon Sep 02 14:54:35 EDT 2019 org.apache.commons.math3.linear.BlockRealMatrix,107
Mon Sep 02 14:54:36 EDT 2019 org.apache.commons.math3.linear.BlockRealMatrix,258
Mon Sep 02 14:56:35 EDT 2019 org.apache.commons.math3.linear.BlockRealMatrix,259
Mon Sep 02 14:56:37 EDT 2019 org.apache.commons.math3.linear.BlockRealMatrix,261
Mon Sep 02 15:03:50 EDT 2019 org.apache.commons.math3.linear.BlockRealMatrix,262
Mon Sep 02 15:03:51 EDT 2019 org.apache.commons.math3.linear.BlockRealMatrix,263
Mon Sep 02 15:42:56 EDT 2019 org.apache.commons.math3.linear.BlockRealMatrix,264
Mon Sep 02 15:54:28 EDT 2019 org.apache.commons.math3.linear.BlockRealMatrix,265
Mon Sep 02 15:54:35 EDT 2019 org.apache.commons.math3.linear.BlockRealMatrix,266
Timeout time : 19/09/02 16:20
Current failed test : org.apache.commons.math3.fitting.PolynomialFitterTest::testLargeSample_purify_2 | 19/09/02 16:20
Mon Sep 02 16:25:21 EDT 2019 org.apache.commons.math3.fitting.PolynomialFitter,37
Mon Sep 02 16:25:40 EDT 2019 Mon Sep 02 16:25:40 EDT 2019 : org.apache.commons.math3.fitting.PolynomialFitter,38=>Find no block
Mon Sep 02 16:25:42 EDT 2019 org.apache.commons.math3.fitting.PolynomialFitter,68
Mon Sep 02 16:26:29 EDT 2019 org.apache.commons.math3.analysis.polynomials.PolynomialFunction,69
Mon Sep 02 16:41:32 EDT 2019 org.apache.commons.math3.analysis.polynomials.PolynomialFunction,70
Mon Sep 02 16:41:34 EDT 2019 org.apache.commons.math3.analysis.polynomials.PolynomialFunction,71
Mon Sep 02 16:41:36 EDT 2019 org.apache.commons.math3.analysis.polynomials.PolynomialFunction,72
Mon Sep 02 16:41:37 EDT 2019 org.apache.commons.math3.analysis.polynomials.PolynomialFunction,75
Mon Sep 02 16:41:39 EDT 2019 org.apache.commons.math3.analysis.polynomials.PolynomialFunction,78
Mon Sep 02 16:41:40 EDT 2019 org.apache.commons.math3.analysis.polynomials.PolynomialFunction,79
Mon Sep 02 16:41:42 EDT 2019 Mon Sep 02 16:41:42 EDT 2019 : org.apache.commons.math3.analysis.polynomials.PolynomialFunction,80=>Find no block
Mon Sep 02 16:41:44 EDT 2019 org.apache.commons.math3.analysis.polynomials.PolynomialFunction,94
Mon Sep 02 16:45:33 EDT 2019 Mon Sep 02 16:45:33 EDT 2019 : org.apache.commons.math3.analysis.polynomials.PolynomialFunction,395=>Find no block
Mon Sep 02 16:45:35 EDT 2019 org.apache.commons.math3.analysis.polynomials.PolynomialFunction,130
Mon Sep 02 17:04:27 EDT 2019 org.apache.commons.math3.analysis.polynomials.PolynomialFunction,131
Mon Sep 02 17:04:29 EDT 2019 org.apache.commons.math3.analysis.polynomials.PolynomialFunction,132
Mon Sep 02 17:04:30 EDT 2019 org.apache.commons.math3.analysis.polynomials.PolynomialFunction,135
Mon Sep 02 17:04:32 EDT 2019 org.apache.commons.math3.analysis.polynomials.PolynomialFunction,136
Mon Sep 02 17:04:34 EDT 2019 org.apache.commons.math3.analysis.polynomials.PolynomialFunction,139
Mon Sep 02 17:04:35 EDT 2019 org.apache.commons.math3.fitting.CurveFitter,136
Mon Sep 02 17:05:24 EDT 2019 org.apache.commons.math3.linear.BlockRealMatrix,98
Mon Sep 02 17:07:18 EDT 2019 org.apache.commons.math3.linear.BlockRealMatrix,99
Mon Sep 02 17:07:20 EDT 2019 org.apache.commons.math3.linear.BlockRealMatrix,100
Mon Sep 02 17:07:21 EDT 2019 org.apache.commons.math3.linear.BlockRealMatrix,103
Mon Sep 02 17:07:23 EDT 2019 org.apache.commons.math3.linear.BlockRealMatrix,104
Mon Sep 02 17:07:25 EDT 2019 org.apache.commons.math3.linear.BlockRealMatrix,107
Mon Sep 02 17:07:27 EDT 2019 org.apache.commons.math3.linear.BlockRealMatrix,258
Mon Sep 02 17:09:27 EDT 2019 org.apache.commons.math3.linear.BlockRealMatrix,259
Mon Sep 02 17:09:28 EDT 2019 org.apache.commons.math3.linear.BlockRealMatrix,261
Mon Sep 02 17:14:14 EDT 2019 org.apache.commons.math3.linear.BlockRealMatrix,262
Mon Sep 02 17:14:16 EDT 2019 org.apache.commons.math3.linear.BlockRealMatrix,263
Mon Sep 02 17:44:48 EDT 2019 org.apache.commons.math3.linear.BlockRealMatrix,264
Mon Sep 02 17:52:25 EDT 2019 org.apache.commons.math3.linear.BlockRealMatrix,265
Mon Sep 02 17:52:27 EDT 2019 org.apache.commons.math3.linear.BlockRealMatrix,266
Mon Sep 02 18:23:17 EDT 2019 org.apache.commons.math3.linear.BlockRealMatrix,267
Mon Sep 02 18:23:19 EDT 2019 org.apache.commons.math3.linear.BlockRealMatrix,268
Mon Sep 02 18:23:21 EDT 2019 org.apache.commons.math3.linear.BlockRealMatrix,269
Mon Sep 02 18:23:22 EDT 2019 org.apache.commons.math3.linear.BlockRealMatrix,270
Mon Sep 02 18:23:24 EDT 2019 org.apache.commons.math3.linear.BlockRealMatrix,271
Mon Sep 02 18:23:25 EDT 2019 org.apache.commons.math3.linear.BlockRealMatrix,272
Mon Sep 02 18:23:27 EDT 2019 org.apache.commons.math3.fitting.CurveFitter,159
Mon Sep 02 18:25:30 EDT 2019 org.apache.commons.math3.fitting.CurveFitter,160
Mon Sep 02 18:25:32 EDT 2019 org.apache.commons.math3.fitting.CurveFitter,161
Mon Sep 02 18:30:11 EDT 2019 org.apache.commons.math3.fitting.CurveFitter,162
Mon Sep 02 18:35:09 EDT 2019 org.apache.commons.math3.fitting.CurveFitter,163
Mon Sep 02 18:35:10 EDT 2019 org.apache.commons.math3.fitting.CurveFitter,164
Mon Sep 02 18:35:12 EDT 2019 org.apache.commons.math3.fitting.CurveFitter,165
Mon Sep 02 18:35:14 EDT 2019 Mon Sep 02 18:35:14 EDT 2019 : org.apache.commons.math3.fitting.CurveFitter,166=>Find no block
Mon Sep 02 18:35:16 EDT 2019 org.apache.commons.math3.fitting.CurveFitter,169
Mon Sep 02 18:39:20 EDT 2019 org.apache.commons.math3.fitting.CurveFitter,172
Mon Sep 02 18:39:27 EDT 2019 org.apache.commons.math3.fitting.WeightedObservedPoint,57
Mon Sep 02 18:39:33 EDT 2019 org.apache.commons.math3.fitting.CurveFitter,218
Mon Sep 02 18:39:39 EDT 2019 Mon Sep 02 18:39:39 EDT 2019 : org.apache.commons.math3.fitting.CurveFitter,191=>Find no block
Mon Sep 02 18:39:41 EDT 2019 org.apache.commons.math3.fitting.CurveFitter,192
Mon Sep 02 18:39:47 EDT 2019 Mon Sep 02 18:39:47 EDT 2019 : org.apache.commons.math3.fitting.CurveFitter,193=>Find no block
Mon Sep 02 18:39:49 EDT 2019 org.apache.commons.math3.fitting.CurveFitter,199
Mon Sep 02 18:39:55 EDT 2019 org.apache.commons.math3.fitting.CurveFitter,218
Mon Sep 02 18:39:56 EDT 2019 org.apache.commons.math3.fitting.CurveFitter,199
Mon Sep 02 18:39:58 EDT 2019 org.apache.commons.math3.fitting.CurveFitter,92
Mon Sep 02 18:40:59 EDT 2019 Mon Sep 02 18:40:59 EDT 2019 : org.apache.commons.math3.fitting.CurveFitter,93=>Find no block
Mon Sep 02 18:41:01 EDT 2019 org.apache.commons.math3.fitting.WeightedObservedPoint,75
Mon Sep 02 18:43:13 EDT 2019 Mon Sep 02 18:43:13 EDT 2019 : org.apache.commons.math3.fitting.WeightedObservedPoint,45=>Find no block
Mon Sep 02 18:43:15 EDT 2019 org.apache.commons.math3.fitting.WeightedObservedPoint,46
Mon Sep 02 18:49:27 EDT 2019 org.apache.commons.math3.fitting.WeightedObservedPoint,47
Mon Sep 02 18:49:29 EDT 2019 org.apache.commons.math3.fitting.WeightedObservedPoint,48
Mon Sep 02 18:49:31 EDT 2019 Mon Sep 02 18:49:31 EDT 2019 : org.apache.commons.math3.fitting.WeightedObservedPoint,49=>Find no block
Mon Sep 02 18:49:32 EDT 2019 Mon Sep 02 18:49:32 EDT 2019 : org.apache.commons.math3.fitting.CurveFitter,63=>Find no block
Mon Sep 02 18:49:34 EDT 2019 org.apache.commons.math3.fitting.CurveFitter,64
Mon Sep 02 18:49:51 EDT 2019 org.apache.commons.math3.fitting.CurveFitter,65
Mon Sep 02 18:49:52 EDT 2019 Mon Sep 02 18:49:52 EDT 2019 : org.apache.commons.math3.fitting.CurveFitter,66=>Find no block
Mon Sep 02 18:49:54 EDT 2019 org.apache.commons.math3.optim.nonlinear.vector.jacobian.LevenbergMarquardtOptimizer,156
Mon Sep 02 18:50:00 EDT 2019 Mon Sep 02 18:50:00 EDT 2019 : org.apache.commons.math3.optim.nonlinear.vector.jacobian.LevenbergMarquardtOptimizer,157=>Find no block
Mon Sep 02 18:50:01 EDT 2019 org.apache.commons.math3.optim.nonlinear.vector.jacobian.LevenbergMarquardtOptimizer,268
Mon Sep 02 18:51:38 EDT 2019 org.apache.commons.math3.optim.nonlinear.vector.jacobian.LevenbergMarquardtOptimizer,269
Mon Sep 02 18:51:39 EDT 2019 org.apache.commons.math3.optim.nonlinear.vector.jacobian.LevenbergMarquardtOptimizer,270
Mon Sep 02 18:51:41 EDT 2019 org.apache.commons.math3.optim.nonlinear.vector.jacobian.LevenbergMarquardtOptimizer,271
Mon Sep 02 18:51:43 EDT 2019 org.apache.commons.math3.optim.nonlinear.vector.jacobian.LevenbergMarquardtOptimizer,272
Mon Sep 02 18:51:44 EDT 2019 org.apache.commons.math3.optim.nonlinear.vector.jacobian.LevenbergMarquardtOptimizer,273
Mon Sep 02 18:51:46 EDT 2019 Mon Sep 02 18:51:46 EDT 2019 : org.apache.commons.math3.optim.nonlinear.vector.jacobian.LevenbergMarquardtOptimizer,274=>Find no block
Mon Sep 02 18:51:48 EDT 2019 Mon Sep 02 18:51:48 EDT 2019 : org.apache.commons.math3.optim.nonlinear.vector.ModelFunctionJacobian,35=>Find no block
Mon Sep 02 18:51:49 EDT 2019 org.apache.commons.math3.optim.nonlinear.vector.ModelFunctionJacobian,36
Mon Sep 02 18:51:54 EDT 2019 Mon Sep 02 18:51:54 EDT 2019 : org.apache.commons.math3.optim.nonlinear.vector.ModelFunctionJacobian,37=>Find no block
Mon Sep 02 18:51:56 EDT 2019 Mon Sep 02 18:51:56 EDT 2019 : org.apache.commons.math3.optim.nonlinear.vector.ModelFunction,35=>Find no block
Mon Sep 02 18:51:58 EDT 2019 org.apache.commons.math3.optim.nonlinear.vector.ModelFunction,36
Mon Sep 02 18:52:03 EDT 2019 Mon Sep 02 18:52:03 EDT 2019 : org.apache.commons.math3.optim.nonlinear.vector.ModelFunction,37=>Find no block
Mon Sep 02 18:52:05 EDT 2019 org.apache.commons.math3.util.FastMath,3421
Mon Sep 02 18:53:03 EDT 2019 org.apache.commons.math3.util.MathUtils,264
Mon Sep 02 18:53:48 EDT 2019 Mon Sep 02 18:53:48 EDT 2019 : org.apache.commons.math3.util.MathUtils,267=>Find no block
Mon Sep 02 18:53:49 EDT 2019 org.apache.commons.math3.util.CompositeFormat,43
Mon Sep 02 18:53:55 EDT 2019 Mon Sep 02 18:53:55 EDT 2019 : org.apache.commons.math3.optim.nonlinear.vector.Weight,41=>Find no block
Mon Sep 02 18:53:56 EDT 2019 org.apache.commons.math3.optim.nonlinear.vector.Weight,42
Timeout time : 19/09/02 18:55
