=================================================
Project : math_15	start : 19/09/02 13:44
Current failed test : org.apache.commons.math3.util.FastMathTest::testMath904 | 19/09/02 13:44
Mon Sep 02 13:53:56 EDT 2019 org.apache.commons.math3.util.FastMath,1542

----------------------------------------
----------------------------------------
Pass Single Test : [=>0,0]
if(y>=TWO_POWER_52||y<=-TWO_POWER_52){
return ((long)y&1)==0?pow(-x,y):-pow(-x,y);
}

Time : 19/09/02 13:54
----------------------------------------

----------------------------------------
----------------------------------------
Pass Single Test : [=>0,0]
if(y>=TWO_POWER_52&&y<=-TWO_POWER_52){
return pow(-x,y);
}

Time : 19/09/02 13:56
----------------------------------------

----------------------------------------
----------------------------------------
Pass Single Test : [=>0,0]
if(y>=TWO_POWER_52&&y<1){
return pow(-x,y);
}

Time : 19/09/02 13:58
----------------------------------------

----------------------------------------
----------------------------------------
Pass Single Test : [=>0,0]
if(x>=TWO_POWER_52||x<=-TWO_POWER_52){
return pow(-x,y);
}

Time : 19/09/02 14:02
----------------------------------------

----------------------------------------
----------------------------------------
Pass Single Test : [=>0,0]
if(x>=TWO_POWER_52&&y<=-TWO_POWER_52){
return pow(-x,y);
}

Time : 19/09/02 14:05
----------------------------------------

----------------------------------------
----------------------------------------
Pass Single Test : [=>0,0]
if(y>=TWO_POWER_52&&x<=-TWO_POWER_52){
return pow(-x,y);
}

Time : 19/09/02 14:07
----------------------------------------

----------------------------------------
----------------------------------------
Pass Single Test : [=>0,0]
if(y>0&&y<=-TWO_POWER_52){
return pow(-x,y);
}

Time : 19/09/02 14:09
----------------------------------------

----------------------------------------
----------------------------------------
Pass Single Test : [=>0,0]
if(x>=TWO_POWER_52&&x<=-TWO_POWER_52){
return pow(-x,y);
}

Time : 19/09/02 14:11
----------------------------------------

----------------------------------------
----------------------------------------
Pass Single Test : [=>0,0]
if(y>0&&x<=-TWO_POWER_52){
return pow(-x,y);
}

Time : 19/09/02 14:13
----------------------------------------

----------------------------------------
----------------------------------------
Pass Single Test : [=>0,0]
if(x>TWO_POWER_52||x<=-TWO_POWER_52){
return pow(-x,y);
}

Time : 19/09/02 14:21
----------------------------------------

----------------------------------------
----------------------------------------
Pass Single Test : [=>0,0]
if(x>=TWO_POWER_52||x<-TWO_POWER_52){
return pow(-x,y);
}

Time : 19/09/02 14:23
----------------------------------------

----------------------------------------
----------------------------------------
Pass Single Test : [=>0,0]
if(x>=E||x<=-TWO_POWER_52){
return pow(-x,y);
}

Time : 19/09/02 14:25
----------------------------------------

----------------------------------------
----------------------------------------
Pass Single Test : [=>0,0]
if(x>TWO_POWER_52||x<-TWO_POWER_52){
return pow(-x,y);
}

Time : 19/09/02 14:31
----------------------------------------

----------------------------------------
----------------------------------------
Pass Single Test : [=>0,0]
if(x>E||x<=-TWO_POWER_52){
return pow(-x,y);
}

Time : 19/09/02 14:33
----------------------------------------

----------------------------------------
----------------------------------------
Pass Single Test : [=>0,0]
if(x>=E||x<-TWO_POWER_52){
return pow(-x,y);
}

Time : 19/09/02 14:36
----------------------------------------

----------------------------------------
----------------------------------------
Pass Single Test : [=>0,0]
if(y>=TWO_POWER_52&&y<-TWO_POWER_52){
return pow(-x,y);
}

Time : 19/09/02 14:42
----------------------------------------

----------------------------------------
----------------------------------------
Pass Single Test : [=>0,0]
if(y>=TWO_POWER_52&&x<-TWO_POWER_52){
return pow(-x,y);
}

Time : 19/09/02 14:44
----------------------------------------

----------------------------------------
----------------------------------------
Pass Single Test : [=>0,0]
if(y>=x&&y<=-TWO_POWER_52){
return pow(-x,y);
}

Time : 19/09/02 14:46
----------------------------------------
Mon Sep 02 14:50:03 EDT 2019 Mon Sep 02 14:50:03 EDT 2019 : org.apache.commons.math3.random.MersenneTwister,131=>Find no block
Mon Sep 02 14:50:05 EDT 2019 org.apache.commons.math3.random.MersenneTwister,132
Mon Sep 02 14:50:38 EDT 2019 org.apache.commons.math3.random.MersenneTwister,133
Mon Sep 02 14:50:39 EDT 2019 Mon Sep 02 14:50:39 EDT 2019 : org.apache.commons.math3.random.MersenneTwister,134=>Find no block
Mon Sep 02 14:50:41 EDT 2019 Mon Sep 02 14:50:41 EDT 2019 : org.apache.commons.math3.random.MersenneTwister,94=>Find no block
Mon Sep 02 14:50:42 EDT 2019 org.apache.commons.math3.random.MersenneTwister,144
Mon Sep 02 14:54:21 EDT 2019 org.apache.commons.math3.random.MersenneTwister,146
Mon Sep 02 14:54:22 EDT 2019 org.apache.commons.math3.random.MersenneTwister,147
Mon Sep 02 14:54:23 EDT 2019 org.apache.commons.math3.random.MersenneTwister,150
Mon Sep 02 14:54:25 EDT 2019 org.apache.commons.math3.random.MersenneTwister,151
Mon Sep 02 14:54:26 EDT 2019 org.apache.commons.math3.random.MersenneTwister,154
Mon Sep 02 14:54:28 EDT 2019 Mon Sep 02 14:54:28 EDT 2019 : org.apache.commons.math3.random.MersenneTwister,155=>Find no block
Mon Sep 02 14:54:29 EDT 2019 org.apache.commons.math3.random.MersenneTwister,167
Mon Sep 02 14:54:35 EDT 2019 org.apache.commons.math3.random.MersenneTwister,172
Mon Sep 02 14:56:46 EDT 2019 org.apache.commons.math3.random.MersenneTwister,173
Mon Sep 02 14:59:33 EDT 2019 org.apache.commons.math3.random.MersenneTwister,174
Mon Sep 02 14:59:34 EDT 2019 org.apache.commons.math3.random.MersenneTwister,176
Mon Sep 02 15:34:45 EDT 2019 org.apache.commons.math3.random.MersenneTwister,177
Mon Sep 02 15:37:35 EDT 2019 org.apache.commons.math3.random.MersenneTwister,178
Mon Sep 02 15:37:36 EDT 2019 org.apache.commons.math3.random.MersenneTwister,179
Mon Sep 02 15:39:25 EDT 2019 org.apache.commons.math3.random.MersenneTwister,180
Mon Sep 02 15:41:30 EDT 2019 org.apache.commons.math3.random.MersenneTwister,181
Mon Sep 02 15:49:48 EDT 2019 org.apache.commons.math3.random.MersenneTwister,182
Mon Sep 02 15:49:55 EDT 2019 org.apache.commons.math3.random.MersenneTwister,183
Mon Sep 02 15:50:02 EDT 2019 org.apache.commons.math3.random.MersenneTwister,184
Mon Sep 02 15:50:07 EDT 2019 org.apache.commons.math3.random.MersenneTwister,186
Mon Sep 02 15:50:09 EDT 2019 org.apache.commons.math3.random.MersenneTwister,187
Mon Sep 02 15:50:10 EDT 2019 org.apache.commons.math3.random.MersenneTwister,191
Mon Sep 02 16:01:42 EDT 2019 org.apache.commons.math3.random.MersenneTwister,192
Mon Sep 02 16:01:44 EDT 2019 org.apache.commons.math3.random.MersenneTwister,193
Mon Sep 02 16:01:46 EDT 2019 org.apache.commons.math3.random.MersenneTwister,194
Mon Sep 02 16:01:47 EDT 2019 org.apache.commons.math3.random.MersenneTwister,195
Mon Sep 02 16:01:49 EDT 2019 org.apache.commons.math3.random.MersenneTwister,196
Mon Sep 02 16:01:51 EDT 2019 org.apache.commons.math3.random.MersenneTwister,197
Mon Sep 02 16:01:52 EDT 2019 org.apache.commons.math3.random.MersenneTwister,198
Mon Sep 02 16:01:54 EDT 2019 org.apache.commons.math3.random.MersenneTwister,199
Mon Sep 02 16:01:55 EDT 2019 org.apache.commons.math3.random.MersenneTwister,203
Mon Sep 02 16:10:32 EDT 2019 org.apache.commons.math3.random.MersenneTwister,205
Mon Sep 02 16:19:00 EDT 2019 Mon Sep 02 16:19:00 EDT 2019 : org.apache.commons.math3.random.MersenneTwister,207=>Find no block
Mon Sep 02 16:19:01 EDT 2019 org.apache.commons.math3.random.MersenneTwister,216
Mon Sep 02 16:19:42 EDT 2019 Mon Sep 02 16:19:42 EDT 2019 : org.apache.commons.math3.random.MersenneTwister,217=>Find no block
Mon Sep 02 16:19:44 EDT 2019 org.apache.commons.math3.util.FastMath,1541
Mon Sep 02 16:19:46 EDT 2019 Mon Sep 02 16:19:46 EDT 2019 : org.apache.commons.math3.dfp.Dfp,1087=>Find no block
Mon Sep 02 16:19:47 EDT 2019 org.apache.commons.math3.dfp.Dfp,202
Mon Sep 02 16:19:53 EDT 2019 Mon Sep 02 16:19:53 EDT 2019 : org.apache.commons.math3.dfp.Dfp,203=>Find no block
Mon Sep 02 16:19:54 EDT 2019 Mon Sep 02 16:19:54 EDT 2019 : org.apache.commons.math3.dfp.Dfp,209=>Find no block
Mon Sep 02 16:19:56 EDT 2019 org.apache.commons.math3.dfp.Dfp,212
Mon Sep 02 16:23:01 EDT 2019 org.apache.commons.math3.dfp.Dfp,213
Mon Sep 02 16:23:03 EDT 2019 org.apache.commons.math3.dfp.Dfp,214
Mon Sep 02 16:26:11 EDT 2019 org.apache.commons.math3.dfp.Dfp,216
Mon Sep 02 16:28:17 EDT 2019 org.apache.commons.math3.dfp.Dfp,217
Mon Sep 02 16:28:58 EDT 2019 org.apache.commons.math3.dfp.Dfp,225
Mon Sep 02 16:32:43 EDT 2019 org.apache.commons.math3.dfp.Dfp,226
Mon Sep 02 16:32:44 EDT 2019 org.apache.commons.math3.dfp.Dfp,227
Mon Sep 02 16:32:46 EDT 2019 org.apache.commons.math3.dfp.Dfp,229
Mon Sep 02 16:32:47 EDT 2019 org.apache.commons.math3.dfp.Dfp,232
Mon Sep 02 16:36:28 EDT 2019 org.apache.commons.math3.dfp.Dfp,233
Mon Sep 02 16:52:09 EDT 2019 org.apache.commons.math3.dfp.Dfp,234
Mon Sep 02 16:52:11 EDT 2019 org.apache.commons.math3.dfp.Dfp,235
Mon Sep 02 16:52:12 EDT 2019 org.apache.commons.math3.dfp.Dfp,236
Mon Sep 02 16:52:14 EDT 2019 org.apache.commons.math3.dfp.Dfp,237
Mon Sep 02 16:52:15 EDT 2019 org.apache.commons.math3.dfp.Dfp,240
Mon Sep 02 17:12:56 EDT 2019 Mon Sep 02 17:12:56 EDT 2019 : org.apache.commons.math3.dfp.Dfp,250=>Find no block
Mon Sep 02 17:12:58 EDT 2019 Mon Sep 02 17:12:58 EDT 2019 : org.apache.commons.math3.dfp.Dfp,322=>Find no block
Mon Sep 02 17:12:59 EDT 2019 org.apache.commons.math3.dfp.Dfp,323
Mon Sep 02 17:18:41 EDT 2019 org.apache.commons.math3.dfp.Dfp,324
Mon Sep 02 17:18:43 EDT 2019 org.apache.commons.math3.dfp.Dfp,325
Mon Sep 02 17:18:44 EDT 2019 org.apache.commons.math3.dfp.Dfp,326
Mon Sep 02 17:18:46 EDT 2019 org.apache.commons.math3.dfp.Dfp,327
Mon Sep 02 17:18:47 EDT 2019 Mon Sep 02 17:18:47 EDT 2019 : org.apache.commons.math3.dfp.Dfp,328=>Find no block
Mon Sep 02 17:18:49 EDT 2019 Mon Sep 02 17:18:49 EDT 2019 : org.apache.commons.math3.dfp.Dfp,334=>Find no block
Mon Sep 02 17:18:50 EDT 2019 org.apache.commons.math3.dfp.Dfp,337
Mon Sep 02 17:22:19 EDT 2019 org.apache.commons.math3.dfp.Dfp,338
Mon Sep 02 17:22:20 EDT 2019 org.apache.commons.math3.dfp.Dfp,339
Mon Sep 02 17:25:08 EDT 2019 org.apache.commons.math3.dfp.Dfp,340
Mon Sep 02 17:28:54 EDT 2019 org.apache.commons.math3.dfp.Dfp,341
Mon Sep 02 17:32:02 EDT 2019 org.apache.commons.math3.dfp.Dfp,343
Mon Sep 02 17:35:18 EDT 2019 org.apache.commons.math3.dfp.Dfp,344
Mon Sep 02 17:36:15 EDT 2019 org.apache.commons.math3.dfp.Dfp,345
Mon Sep 02 17:38:31 EDT 2019 org.apache.commons.math3.dfp.Dfp,346
Mon Sep 02 17:41:34 EDT 2019 org.apache.commons.math3.dfp.Dfp,349
Mon Sep 02 17:43:22 EDT 2019 org.apache.commons.math3.dfp.Dfp,355
Mon Sep 02 17:45:14 EDT 2019 org.apache.commons.math3.dfp.Dfp,361
Mon Sep 02 17:47:14 EDT 2019 org.apache.commons.math3.dfp.Dfp,368
Mon Sep 02 17:53:32 EDT 2019 org.apache.commons.math3.dfp.Dfp,369
Mon Sep 02 17:53:34 EDT 2019 org.apache.commons.math3.dfp.Dfp,370
Mon Sep 02 17:53:35 EDT 2019 org.apache.commons.math3.dfp.Dfp,374
Mon Sep 02 17:56:34 EDT 2019 org.apache.commons.math3.dfp.Dfp,375
Mon Sep 02 18:27:11 EDT 2019 org.apache.commons.math3.dfp.Dfp,398
Mon Sep 02 18:27:16 EDT 2019 org.apache.commons.math3.dfp.Dfp,402
Mon Sep 02 18:28:59 EDT 2019 org.apache.commons.math3.dfp.Dfp,407
Mon Sep 02 18:33:01 EDT 2019 org.apache.commons.math3.dfp.Dfp,410
Mon Sep 02 18:33:03 EDT 2019 org.apache.commons.math3.dfp.Dfp,412
Mon Sep 02 18:38:33 EDT 2019 org.apache.commons.math3.dfp.Dfp,413
Mon Sep 02 18:38:35 EDT 2019 org.apache.commons.math3.dfp.Dfp,416
Mon Sep 02 18:43:43 EDT 2019 org.apache.commons.math3.dfp.Dfp,417
Mon Sep 02 18:43:45 EDT 2019 org.apache.commons.math3.dfp.Dfp,420
Mon Sep 02 18:49:44 EDT 2019 org.apache.commons.math3.dfp.Dfp,421
Mon Sep 02 18:49:46 EDT 2019 org.apache.commons.math3.dfp.Dfp,424
Timeout time : 19/09/02 18:53
