=================================================
Project : math_17	start : 19/09/02 13:44
Current failed test : org.apache.commons.math3.dfp.DfpTest::testMultiply | 19/09/02 13:44
Mon Sep 02 13:51:13 EDT 2019 org.apache.commons.math3.dfp.Dfp,1524
Mon Sep 02 14:35:07 EDT 2019 org.apache.commons.math3.dfp.Dfp,1525
Mon Sep 02 14:35:09 EDT 2019 org.apache.commons.math3.dfp.Dfp,1526
Mon Sep 02 14:35:10 EDT 2019 org.apache.commons.math3.dfp.Dfp,1527
Mon Sep 02 14:35:11 EDT 2019 org.apache.commons.math3.dfp.Dfp,1530
Mon Sep 02 15:26:19 EDT 2019 org.apache.commons.math3.dfp.Dfp,1531
Mon Sep 02 15:26:21 EDT 2019 org.apache.commons.math3.dfp.Dfp,1532
Mon Sep 02 15:26:28 EDT 2019 org.apache.commons.math3.dfp.Dfp,1533
Mon Sep 02 15:26:32 EDT 2019 org.apache.commons.math3.dfp.Dfp,1536
Mon Sep 02 15:58:20 EDT 2019 org.apache.commons.math3.dfp.Dfp,1538
Mon Sep 02 15:58:27 EDT 2019 org.apache.commons.math3.dfp.Dfp,1539
Mon Sep 02 15:58:33 EDT 2019 org.apache.commons.math3.dfp.Dfp,1540
Mon Sep 02 15:58:41 EDT 2019 org.apache.commons.math3.dfp.Dfp,1541
Mon Sep 02 15:58:49 EDT 2019 org.apache.commons.math3.dfp.Dfp,1542
Mon Sep 02 15:58:57 EDT 2019 org.apache.commons.math3.dfp.Dfp,1616
Mon Sep 02 15:59:06 EDT 2019 org.apache.commons.math3.dfp.Dfp,1617
Mon Sep 02 15:59:08 EDT 2019 org.apache.commons.math3.dfp.Dfp,1620
Mon Sep 02 16:22:48 EDT 2019 org.apache.commons.math3.dfp.Dfp,1621
Mon Sep 02 16:22:50 EDT 2019 org.apache.commons.math3.dfp.Dfp,1622
Mon Sep 02 16:22:52 EDT 2019 org.apache.commons.math3.dfp.Dfp,1625
Mon Sep 02 16:39:33 EDT 2019 org.apache.commons.math3.dfp.Dfp,1626
Mon Sep 02 16:39:35 EDT 2019 org.apache.commons.math3.dfp.Dfp,1627
Mon Sep 02 16:39:36 EDT 2019 org.apache.commons.math3.dfp.Dfp,1628
Mon Sep 02 16:39:38 EDT 2019 org.apache.commons.math3.dfp.Dfp,1629
Mon Sep 02 16:39:40 EDT 2019 org.apache.commons.math3.dfp.Dfp,1630
Mon Sep 02 16:39:41 EDT 2019 org.apache.commons.math3.dfp.Dfp,1636
Mon Sep 02 16:50:01 EDT 2019 org.apache.commons.math3.dfp.Dfp,1637
Mon Sep 02 16:50:03 EDT 2019 org.apache.commons.math3.dfp.Dfp,1638
Mon Sep 02 16:50:04 EDT 2019 org.apache.commons.math3.dfp.Dfp,1639
Mon Sep 02 16:50:06 EDT 2019 org.apache.commons.math3.dfp.Dfp,1640
Mon Sep 02 16:50:07 EDT 2019 org.apache.commons.math3.dfp.Dfp,1658
Mon Sep 02 17:11:21 EDT 2019 org.apache.commons.math3.dfp.Dfp,1510
Mon Sep 02 17:11:23 EDT 2019 org.apache.commons.math3.dfp.Dfp,1511
Mon Sep 02 17:11:24 EDT 2019 org.apache.commons.math3.dfp.Dfp,1514
Mon Sep 02 17:15:54 EDT 2019 org.apache.commons.math3.dfp.Dfp,1515
Mon Sep 02 17:15:55 EDT 2019 org.apache.commons.math3.dfp.Dfp,1518
Mon Sep 02 17:57:42 EDT 2019 org.apache.commons.math3.dfp.Dfp,1519
Mon Sep 02 17:57:44 EDT 2019 org.apache.commons.math3.dfp.Dfp,1520
Mon Sep 02 17:57:45 EDT 2019 org.apache.commons.math3.dfp.Dfp,1521
Mon Sep 02 17:57:47 EDT 2019 org.apache.commons.math3.dfp.Dfp,1478
Mon Sep 02 18:08:38 EDT 2019 org.apache.commons.math3.dfp.Dfp,1479
Mon Sep 02 18:08:40 EDT 2019 org.apache.commons.math3.dfp.Dfp,1663
Mon Sep 02 18:41:54 EDT 2019 org.apache.commons.math3.dfp.Dfp,2278
Mon Sep 02 18:43:09 EDT 2019 org.apache.commons.math3.dfp.Dfp,2279
Mon Sep 02 18:44:58 EDT 2019 org.apache.commons.math3.dfp.Dfp,2280
Mon Sep 02 18:49:15 EDT 2019 org.apache.commons.math3.dfp.Dfp,2281
Timeout time : 19/09/02 18:51
