=================================================
Project : math_18	start : 19/09/02 13:44
Current failed test : org.apache.commons.math3.optimization.direct.CMAESOptimizerTest::testFitAccuracyDependsOnBoundary_purify_2 | 19/09/02 13:45
Mon Sep 02 13:52:56 EDT 2019 org.apache.commons.math3.optimization.direct.BaseAbstractMultivariateSimpleBoundsOptimizer,87
Mon Sep 02 13:53:38 EDT 2019 org.apache.commons.math3.optimization.direct.CMAESOptimizer,476
Mon Sep 02 13:54:37 EDT 2019 org.apache.commons.math3.optimization.direct.CMAESOptimizer,482
Mon Sep 02 14:00:00 EDT 2019 org.apache.commons.math3.optimization.direct.CMAESOptimizer,583
Mon Sep 02 14:09:13 EDT 2019 org.apache.commons.math3.optimization.direct.CMAESOptimizer,751
Mon Sep 02 14:09:18 EDT 2019 org.apache.commons.math3.optimization.direct.CMAESOptimizer,246
Mon Sep 02 14:09:24 EDT 2019 Mon Sep 02 14:09:24 EDT 2019 : org.apache.commons.math3.optimization.direct.CMAESOptimizer,247=>Find no block
Mon Sep 02 14:09:25 EDT 2019 org.apache.commons.math3.optimization.direct.CMAESOptimizer,253
Mon Sep 02 14:09:31 EDT 2019 Mon Sep 02 14:09:31 EDT 2019 : org.apache.commons.math3.optimization.direct.CMAESOptimizer,256=>Find no block
Mon Sep 02 14:09:32 EDT 2019 org.apache.commons.math3.optimization.direct.CMAESOptimizer,929
Mon Sep 02 14:57:59 EDT 2019 org.apache.commons.math3.optimization.direct.CMAESOptimizer,930
Mon Sep 02 14:58:01 EDT 2019 org.apache.commons.math3.optimization.direct.CMAESOptimizer,931
Mon Sep 02 14:58:02 EDT 2019 org.apache.commons.math3.optimization.direct.CMAESOptimizer,932
Mon Sep 02 14:58:03 EDT 2019 org.apache.commons.math3.optimization.direct.CMAESOptimizer,934
Mon Sep 02 14:58:05 EDT 2019 org.apache.commons.math3.optimization.direct.CMAESOptimizer,955

----------------------------------------
----------------------------------------
Pass Single Test : [=>0,0]
x[0]=0.0;
if(boundaries==null){
return x;
}
double[] res=new double[x.length];
for(int i=0;i<x.length;i++){
double diff=boundaries[1][i]-boundaries[0][i];
res[i]=diff*x[i]+boundaries[0][i];
}
return res;

Time : 19/09/02 15:32
----------------------------------------
Mon Sep 02 15:50:00 EDT 2019 org.apache.commons.math3.optimization.direct.CMAESOptimizer,956
Mon Sep 02 15:50:07 EDT 2019 org.apache.commons.math3.optimization.direct.CMAESOptimizer,957
Mon Sep 02 15:50:08 EDT 2019 org.apache.commons.math3.optimization.direct.CMAESOptimizer,958
Mon Sep 02 15:50:10 EDT 2019 org.apache.commons.math3.optimization.direct.CMAESOptimizer,960
Mon Sep 02 15:50:12 EDT 2019 org.apache.commons.math3.optimization.direct.CMAESOptimizer,970
Mon Sep 02 15:56:10 EDT 2019 org.apache.commons.math3.optimization.direct.CMAESOptimizer,971
Mon Sep 02 15:56:14 EDT 2019 Mon Sep 02 15:56:14 EDT 2019 : org.apache.commons.math3.optimization.direct.CMAESOptimizer,974=>Find no block
Mon Sep 02 15:56:23 EDT 2019 org.apache.commons.math3.optimization.direct.CMAESOptimizer,1014
Mon Sep 02 17:27:47 EDT 2019 org.apache.commons.math3.optimization.direct.CMAESOptimizer,1015
Mon Sep 02 17:27:48 EDT 2019 org.apache.commons.math3.optimization.direct.CMAESOptimizer,1016
Mon Sep 02 17:27:50 EDT 2019 org.apache.commons.math3.optimization.direct.CMAESOptimizer,1018
Mon Sep 02 17:27:51 EDT 2019 org.apache.commons.math3.optimization.direct.CMAESOptimizer,1021
Mon Sep 02 17:27:53 EDT 2019 org.apache.commons.math3.optimization.direct.CMAESOptimizer,1024
Mon Sep 02 17:27:54 EDT 2019 org.apache.commons.math3.optimization.direct.CMAESOptimizer,1033
Mon Sep 02 18:03:54 EDT 2019 org.apache.commons.math3.optimization.direct.CMAESOptimizer,1034
Mon Sep 02 18:32:18 EDT 2019 org.apache.commons.math3.optimization.direct.CMAESOptimizer,1035
Mon Sep 02 18:32:20 EDT 2019 org.apache.commons.math3.optimization.direct.CMAESOptimizer,1036
Mon Sep 02 18:32:21 EDT 2019 org.apache.commons.math3.optimization.direct.CMAESOptimizer,1038
Mon Sep 02 18:32:23 EDT 2019 org.apache.commons.math3.optimization.direct.CMAESOptimizer,459
Mon Sep 02 18:38:41 EDT 2019 org.apache.commons.math3.optimization.direct.CMAESOptimizer,535
Mon Sep 02 18:38:46 EDT 2019 org.apache.commons.math3.optimization.direct.CMAESOptimizer,536
Mon Sep 02 18:38:48 EDT 2019 org.apache.commons.math3.optimization.direct.CMAESOptimizer,537
Timeout time : 19/09/02 18:52
