=================================================
Project : math_2	start : 19/09/02 13:44
Current failed test : org.apache.commons.math3.distribution.HypergeometricDistributionTest::testMath1021 | 19/09/02 13:44
Mon Sep 02 13:45:34 EDT 2019 org.apache.commons.math3.distribution.AbstractIntegerDistribution,193
Mon Sep 02 13:45:43 EDT 2019 org.apache.commons.math3.random.Well19937c,86
Mon Sep 02 13:47:07 EDT 2019 org.apache.commons.math3.random.Well19937c,87
Mon Sep 02 13:47:09 EDT 2019 org.apache.commons.math3.random.Well19937c,89
Mon Sep 02 13:48:18 EDT 2019 org.apache.commons.math3.random.Well19937c,90
Mon Sep 02 13:49:33 EDT 2019 org.apache.commons.math3.random.Well19937c,91
Mon Sep 02 13:49:41 EDT 2019 org.apache.commons.math3.random.Well19937c,92
Mon Sep 02 13:50:01 EDT 2019 org.apache.commons.math3.random.Well19937c,94
Mon Sep 02 14:07:17 EDT 2019 org.apache.commons.math3.random.Well19937c,95
Mon Sep 02 14:09:31 EDT 2019 org.apache.commons.math3.random.Well19937c,96
Mon Sep 02 14:10:40 EDT 2019 org.apache.commons.math3.random.Well19937c,97
Mon Sep 02 14:13:01 EDT 2019 org.apache.commons.math3.random.Well19937c,98
Mon Sep 02 14:17:58 EDT 2019 org.apache.commons.math3.random.Well19937c,100
Mon Sep 02 14:22:37 EDT 2019 org.apache.commons.math3.random.Well19937c,101
Mon Sep 02 14:23:50 EDT 2019 org.apache.commons.math3.random.Well19937c,102
Mon Sep 02 14:26:57 EDT 2019 org.apache.commons.math3.random.Well19937c,103
Mon Sep 02 14:29:17 EDT 2019 org.apache.commons.math3.random.Well19937c,108
Mon Sep 02 14:30:35 EDT 2019 org.apache.commons.math3.random.Well19937c,109
Mon Sep 02 14:31:51 EDT 2019 org.apache.commons.math3.random.Well19937c,111
Mon Sep 02 14:31:52 EDT 2019 org.apache.commons.math3.random.BitsStreamGenerator,90
Mon Sep 02 14:32:28 EDT 2019 org.apache.commons.math3.random.BitsStreamGenerator,91
Mon Sep 02 14:32:30 EDT 2019 org.apache.commons.math3.random.BitsStreamGenerator,92
Mon Sep 02 14:32:32 EDT 2019 org.apache.commons.math3.distribution.AbstractIntegerDistribution,130

----------------------------------------
----------------------------------------
Pass Single Test : [=>0,0]
if(upper>tmp){
return 1;
}
if(tmp>lower){
lower=((int)Math.ceil(tmp))-1;
}

Time : 19/09/02 14:34
----------------------------------------

----------------------------------------
----------------------------------------
Pass Single Test : [=>0,0]
if(chebyshevApplies){
double k=FastMath.sqrt((1.0-p)/p);
double tmp=mu-k*sigma;
if(tmp>lower){
lower=((int)Math.ceil(tmp))-1;
}
k=1.0/k;
tmp=p+k*sigma;
if(tmp<upper){
upper=((int)Math.ceil(tmp))-1;
}
}

Time : 19/09/02 14:41
----------------------------------------
Mon Sep 02 14:53:59 EDT 2019 org.apache.commons.math3.distribution.AbstractIntegerDistribution,131
Mon Sep 02 14:54:01 EDT 2019 org.apache.commons.math3.distribution.AbstractIntegerDistribution,132
Mon Sep 02 14:54:02 EDT 2019 org.apache.commons.math3.distribution.AbstractIntegerDistribution,135
Mon Sep 02 14:54:04 EDT 2019 org.apache.commons.math3.distribution.AbstractIntegerDistribution,136
Mon Sep 02 14:54:05 EDT 2019 org.apache.commons.math3.distribution.AbstractIntegerDistribution,137
Mon Sep 02 14:54:07 EDT 2019 org.apache.commons.math3.distribution.AbstractIntegerDistribution,138
Mon Sep 02 14:54:09 EDT 2019 org.apache.commons.math3.util.FastMath,385

----------------------------------------
----------------------------------------
Pass Single Test : [=>0,0]
if(!RECOMPUTE_TABLES_AT_RUNTIME){
return Double.NaN;
}
return Math.sqrt(a);

Time : 19/09/02 14:55
----------------------------------------

----------------------------------------
----------------------------------------
Pass Single Test : [=>0,0]
return Math.floor(a);

Time : 19/09/02 15:06
----------------------------------------
Mon Sep 02 15:16:59 EDT 2019 org.apache.commons.math3.distribution.AbstractIntegerDistribution,125
Mon Sep 02 15:19:57 EDT 2019 org.apache.commons.math3.distribution.AbstractIntegerDistribution,126
Mon Sep 02 15:21:29 EDT 2019 org.apache.commons.math3.distribution.AbstractIntegerDistribution,127
Mon Sep 02 15:21:31 EDT 2019 org.apache.commons.math3.distribution.AbstractIntegerDistribution,129
Mon Sep 02 15:21:33 EDT 2019 org.apache.commons.math3.distribution.AbstractIntegerDistribution,142

----------------------------------------
----------------------------------------
Pass Single Test : [=>0,0]
if(chebyshevApplies){
double k=FastMath.sqrt((1.0-p)/p);
double tmp=mu-k*sigma;
if(tmp>lower){
lower=((int)Math.ceil(tmp))-1;
}
k=1.0/k;
tmp=p+k*sigma;
if(tmp<upper){
upper=((int)Math.ceil(tmp))-1;
}
}
return solveInverseCumulativeProbability(p,lower,upper);

Time : 19/09/02 15:23
----------------------------------------
Mon Sep 02 15:34:56 EDT 2019 org.apache.commons.math3.distribution.AbstractIntegerDistribution,158
Mon Sep 02 15:37:08 EDT 2019 org.apache.commons.math3.distribution.AbstractIntegerDistribution,176
Mon Sep 02 15:40:07 EDT 2019 org.apache.commons.math3.distribution.HypergeometricDistribution,268
Mon Sep 02 15:40:13 EDT 2019 org.apache.commons.math3.distribution.HypergeometricDistribution,279
Mon Sep 02 15:40:19 EDT 2019 org.apache.commons.math3.distribution.HypergeometricDistribution,280
Mon Sep 02 15:40:21 EDT 2019 org.apache.commons.math3.distribution.HypergeometricDistribution,281
Mon Sep 02 15:40:23 EDT 2019 org.apache.commons.math3.distribution.HypergeometricDistribution,283
Mon Sep 02 15:40:30 EDT 2019 org.apache.commons.math3.distribution.HypergeometricDistribution,292

----------------------------------------
----------------------------------------
Pass Single Test : [=>0,0]
 final double N=getPopulationSize();
 final double m=getNumberOfSuccesses();
 final double n=getSampleSize();
return 2.0*new TDistribution(n-1).cumulativeProbability(-m);

Time : 19/09/02 15:41
----------------------------------------

----------------------------------------
----------------------------------------
Pass Single Test : [=>0,0]
 final double N=getPopulationSize();
 final double m=getNumberOfSuccesses();
 final double n=getSampleSize();
return m*m;

Time : 19/09/02 15:43
----------------------------------------

----------------------------------------
----------------------------------------
Pass Single Test : [=>0,0]
 final double N=getPopulationSize();
 final double m=getNumberOfSuccesses();
 final double n=getSampleSize();
return n/FastMath.pow(numericalVariance,1/m);

Time : 19/09/02 15:45
----------------------------------------

----------------------------------------
----------------------------------------
Pass Single Test : [=>0,0]
 final double N=getPopulationSize();
 final double m=getNumberOfSuccesses();
 final double n=getSampleSize();
return m/(n-1.0);

Time : 19/09/02 15:47
----------------------------------------

----------------------------------------
----------------------------------------
Pass Single Test : [=>0,0]
 final double N=getPopulationSize();
 final double m=getNumberOfSuccesses();
 final double n=getSampleSize();
return m/n;

Time : 19/09/02 15:49
----------------------------------------
Mon Sep 02 15:52:32 EDT 2019 org.apache.commons.math3.distribution.HypergeometricDistribution,293
Mon Sep 02 15:52:41 EDT 2019 org.apache.commons.math3.distribution.HypergeometricDistribution,294
Mon Sep 02 15:52:51 EDT 2019 org.apache.commons.math3.distribution.HypergeometricDistribution,295
Mon Sep 02 15:52:59 EDT 2019 org.apache.commons.math3.distribution.HypergeometricDistribution,308
Mon Sep 02 15:54:36 EDT 2019 org.apache.commons.math3.distribution.HypergeometricDistribution,321
Mon Sep 02 15:56:17 EDT 2019 org.apache.commons.math3.distribution.AbstractIntegerDistribution,105
Mon Sep 02 16:05:09 EDT 2019 org.apache.commons.math3.distribution.AbstractIntegerDistribution,106
Mon Sep 02 16:05:11 EDT 2019 org.apache.commons.math3.distribution.AbstractIntegerDistribution,109
Mon Sep 02 16:06:56 EDT 2019 org.apache.commons.math3.distribution.AbstractIntegerDistribution,114
Mon Sep 02 16:06:58 EDT 2019 org.apache.commons.math3.distribution.AbstractIntegerDistribution,118
Mon Sep 02 16:09:37 EDT 2019 org.apache.commons.math3.distribution.AbstractIntegerDistribution,119
Mon Sep 02 16:09:40 EDT 2019 org.apache.commons.math3.distribution.AbstractIntegerDistribution,101
Mon Sep 02 16:09:42 EDT 2019 org.apache.commons.math3.distribution.HypergeometricDistribution,161
Mon Sep 02 16:09:49 EDT 2019 org.apache.commons.math3.distribution.HypergeometricDistribution,170
Mon Sep 02 16:09:56 EDT 2019 org.apache.commons.math3.distribution.HypergeometricDistribution,179
Mon Sep 02 16:10:02 EDT 2019 Mon Sep 02 16:10:02 EDT 2019 : org.apache.commons.math3.util.FastMath,97=>Find no block
Mon Sep 02 16:10:04 EDT 2019 Mon Sep 02 16:10:04 EDT 2019 : org.apache.commons.math3.util.FastMath,115=>Find no block
Mon Sep 02 16:10:05 EDT 2019 Mon Sep 02 16:10:05 EDT 2019 : org.apache.commons.math3.util.FastMath,128=>Find no block
Mon Sep 02 16:10:07 EDT 2019 Mon Sep 02 16:10:07 EDT 2019 : org.apache.commons.math3.util.FastMath,141=>Find no block
Mon Sep 02 16:10:09 EDT 2019 Mon Sep 02 16:10:09 EDT 2019 : org.apache.commons.math3.util.FastMath,160=>Find no block
Mon Sep 02 16:10:11 EDT 2019 Mon Sep 02 16:10:11 EDT 2019 : org.apache.commons.math3.util.FastMath,179=>Find no block
Mon Sep 02 16:10:13 EDT 2019 Mon Sep 02 16:10:13 EDT 2019 : org.apache.commons.math3.util.FastMath,198=>Find no block
Mon Sep 02 16:10:15 EDT 2019 Mon Sep 02 16:10:15 EDT 2019 : org.apache.commons.math3.util.FastMath,218=>Find no block
Mon Sep 02 16:10:17 EDT 2019 Mon Sep 02 16:10:17 EDT 2019 : org.apache.commons.math3.util.FastMath,237=>Find no block
Mon Sep 02 16:10:19 EDT 2019 Mon Sep 02 16:10:19 EDT 2019 : org.apache.commons.math3.util.FastMath,256=>Find no block
Mon Sep 02 16:10:21 EDT 2019 Mon Sep 02 16:10:21 EDT 2019 : org.apache.commons.math3.util.FastMath,277=>Find no block
Mon Sep 02 16:10:23 EDT 2019 Mon Sep 02 16:10:23 EDT 2019 : org.apache.commons.math3.util.FastMath,285=>Find no block
Mon Sep 02 16:10:25 EDT 2019 Mon Sep 02 16:10:25 EDT 2019 : org.apache.commons.math3.util.FastMath,288=>Find no block
Mon Sep 02 16:10:27 EDT 2019 org.apache.commons.math3.util.FastMath,3429
Mon Sep 02 16:11:24 EDT 2019 org.apache.commons.math3.util.FastMath,3497
Mon Sep 02 16:12:22 EDT 2019 org.apache.commons.math3.distribution.HypergeometricDistribution,63
Mon Sep 02 16:12:29 EDT 2019 Mon Sep 02 16:12:29 EDT 2019 : org.apache.commons.math3.distribution.HypergeometricDistribution,64=>Find no block
Mon Sep 02 16:12:31 EDT 2019 org.apache.commons.math3.distribution.HypergeometricDistribution,84
Mon Sep 02 16:16:34 EDT 2019 Mon Sep 02 16:16:34 EDT 2019 : org.apache.commons.math3.distribution.HypergeometricDistribution,45=>Find no block
Mon Sep 02 16:16:37 EDT 2019 Mon Sep 02 16:16:37 EDT 2019 : org.apache.commons.math3.distribution.HypergeometricDistribution,47=>Find no block
Mon Sep 02 16:16:39 EDT 2019 org.apache.commons.math3.distribution.HypergeometricDistribution,86
Mon Sep 02 16:17:54 EDT 2019 org.apache.commons.math3.distribution.HypergeometricDistribution,90
Mon Sep 02 16:19:31 EDT 2019 org.apache.commons.math3.distribution.HypergeometricDistribution,94
Mon Sep 02 16:20:50 EDT 2019 org.apache.commons.math3.distribution.HypergeometricDistribution,99
Mon Sep 02 16:22:03 EDT 2019 org.apache.commons.math3.distribution.HypergeometricDistribution,103
Mon Sep 02 16:23:15 EDT 2019 org.apache.commons.math3.distribution.HypergeometricDistribution,108
Mon Sep 02 16:25:54 EDT 2019 org.apache.commons.math3.distribution.HypergeometricDistribution,109
Mon Sep 02 16:26:44 EDT 2019 org.apache.commons.math3.distribution.HypergeometricDistribution,110
Mon Sep 02 16:26:45 EDT 2019 Mon Sep 02 16:26:45 EDT 2019 : org.apache.commons.math3.distribution.HypergeometricDistribution,111=>Find no block
Mon Sep 02 16:26:47 EDT 2019 Mon Sep 02 16:26:47 EDT 2019 : org.apache.commons.math3.distribution.AbstractIntegerDistribution,47=>Find no block
Mon Sep 02 16:26:49 EDT 2019 Mon Sep 02 16:26:49 EDT 2019 : org.apache.commons.math3.distribution.AbstractIntegerDistribution,71=>Find no block
Mon Sep 02 16:26:51 EDT 2019 org.apache.commons.math3.distribution.AbstractIntegerDistribution,72
Mon Sep 02 16:27:14 EDT 2019 Mon Sep 02 16:27:14 EDT 2019 : org.apache.commons.math3.distribution.AbstractIntegerDistribution,73=>Find no block
Mon Sep 02 16:27:16 EDT 2019 org.apache.commons.math3.random.Well19937c,57
Mon Sep 02 16:27:22 EDT 2019 Mon Sep 02 16:27:22 EDT 2019 : org.apache.commons.math3.random.Well19937c,58=>Find no block
Mon Sep 02 16:27:24 EDT 2019 org.apache.commons.math3.random.AbstractWell,72
Mon Sep 02 16:27:32 EDT 2019 Mon Sep 02 16:27:32 EDT 2019 : org.apache.commons.math3.random.AbstractWell,73=>Find no block
Mon Sep 02 16:27:34 EDT 2019 Mon Sep 02 16:27:34 EDT 2019 : org.apache.commons.math3.random.AbstractWell,94=>Find no block
Mon Sep 02 16:27:37 EDT 2019 org.apache.commons.math3.random.AbstractWell,99
Mon Sep 02 16:36:14 EDT 2019 org.apache.commons.math3.random.AbstractWell,100
Mon Sep 02 16:36:16 EDT 2019 org.apache.commons.math3.random.AbstractWell,101
Mon Sep 02 16:41:51 EDT 2019 org.apache.commons.math3.random.AbstractWell,102
Mon Sep 02 16:43:58 EDT 2019 org.apache.commons.math3.random.AbstractWell,106
Mon Sep 02 16:46:20 EDT 2019 org.apache.commons.math3.random.AbstractWell,107
Mon Sep 02 16:46:51 EDT 2019 org.apache.commons.math3.random.AbstractWell,108
Mon Sep 02 16:47:21 EDT 2019 org.apache.commons.math3.random.AbstractWell,109
Mon Sep 02 16:47:52 EDT 2019 org.apache.commons.math3.random.AbstractWell,110
Mon Sep 02 16:54:38 EDT 2019 org.apache.commons.math3.random.AbstractWell,111
Mon Sep 02 17:03:52 EDT 2019 org.apache.commons.math3.random.AbstractWell,112
Mon Sep 02 17:03:54 EDT 2019 org.apache.commons.math3.random.AbstractWell,113
Mon Sep 02 17:03:56 EDT 2019 org.apache.commons.math3.random.AbstractWell,114
Mon Sep 02 17:03:57 EDT 2019 org.apache.commons.math3.random.AbstractWell,115
Mon Sep 02 17:03:59 EDT 2019 org.apache.commons.math3.random.AbstractWell,116
Mon Sep 02 17:04:02 EDT 2019 org.apache.commons.math3.random.AbstractWell,120
Mon Sep 02 17:12:10 EDT 2019 Mon Sep 02 17:12:10 EDT 2019 : org.apache.commons.math3.random.AbstractWell,122=>Find no block
Mon Sep 02 17:12:12 EDT 2019 org.apache.commons.math3.random.AbstractWell,154
Mon Sep 02 17:12:18 EDT 2019 org.apache.commons.math3.random.AbstractWell,155
Mon Sep 02 17:12:20 EDT 2019 org.apache.commons.math3.random.AbstractWell,156
Mon Sep 02 17:12:22 EDT 2019 org.apache.commons.math3.random.AbstractWell,159
Mon Sep 02 17:44:47 EDT 2019 org.apache.commons.math3.random.AbstractWell,161
Mon Sep 02 17:44:49 EDT 2019 org.apache.commons.math3.random.AbstractWell,162
Mon Sep 02 17:44:51 EDT 2019 org.apache.commons.math3.random.AbstractWell,163
Mon Sep 02 17:44:53 EDT 2019 org.apache.commons.math3.random.AbstractWell,164
Mon Sep 02 17:44:56 EDT 2019 org.apache.commons.math3.random.AbstractWell,168
Mon Sep 02 17:53:51 EDT 2019 org.apache.commons.math3.random.AbstractWell,169
Mon Sep 02 17:53:53 EDT 2019 Mon Sep 02 17:53:53 EDT 2019 : org.apache.commons.math3.random.AbstractWell,170=>Find no block
Mon Sep 02 17:53:55 EDT 2019 org.apache.commons.math3.random.AbstractWell,179
Mon Sep 02 17:54:14 EDT 2019 Mon Sep 02 17:54:14 EDT 2019 : org.apache.commons.math3.random.AbstractWell,180=>Find no block
Mon Sep 02 17:54:16 EDT 2019 Mon Sep 02 17:54:16 EDT 2019 : org.apache.commons.math3.random.BitsStreamGenerator,40=>Find no block
Mon Sep 02 17:54:18 EDT 2019 org.apache.commons.math3.random.BitsStreamGenerator,41
Mon Sep 02 17:54:57 EDT 2019 Mon Sep 02 17:54:57 EDT 2019 : org.apache.commons.math3.random.BitsStreamGenerator,42=>Find no block
Mon Sep 02 17:54:59 EDT 2019 org.apache.commons.math3.random.BitsStreamGenerator,195
Mon Sep 02 17:55:01 EDT 2019 Mon Sep 02 17:55:01 EDT 2019 : org.apache.commons.math3.random.BitsStreamGenerator,196=>Find no block
Mon Sep 02 17:55:03 EDT 2019 Mon Sep 02 17:55:03 EDT 2019 : org.apache.commons.math3.random.RandomDataGenerator,132=>Find no block
Mon Sep 02 17:55:05 EDT 2019 Mon Sep 02 17:55:05 EDT 2019 : org.apache.commons.math3.random.RandomDataGenerator,119=>Find no block
Mon Sep 02 17:55:07 EDT 2019 Mon Sep 02 17:55:07 EDT 2019 : org.apache.commons.math3.random.RandomDataGenerator,122=>Find no block
Mon Sep 02 17:55:09 EDT 2019 Mon Sep 02 17:55:09 EDT 2019 : org.apache.commons.math3.random.RandomDataGenerator,133=>Find no block
Mon Sep 02 17:55:11 EDT 2019 Mon Sep 02 17:55:11 EDT 2019 : org.apache.commons.math3.random.RandomDataImpl,114=>Find no block
Mon Sep 02 17:55:13 EDT 2019 org.apache.commons.math3.random.RandomDataImpl,115
Mon Sep 02 17:55:19 EDT 2019 Mon Sep 02 17:55:19 EDT 2019 : org.apache.commons.math3.random.RandomDataImpl,116=>Find no block
Mon Sep 02 17:55:21 EDT 2019 Mon Sep 02 17:55:21 EDT 2019 : org.apache.commons.math3.util.FastMathLiteralArrays,6134=>Find no block
Mon Sep 02 17:55:23 EDT 2019 Mon Sep 02 17:55:23 EDT 2019 : org.apache.commons.math3.util.FastMathLiteralArrays,29=>Find no block
Mon Sep 02 17:55:25 EDT 2019 Mon Sep 02 17:55:25 EDT 2019 : org.apache.commons.math3.util.FastMathLiteralArrays,1535=>Find no block
Mon Sep 02 17:55:27 EDT 2019 Mon Sep 02 17:55:27 EDT 2019 : org.apache.commons.math3.util.FastMathLiteralArrays,3043=>Find no block
Mon Sep 02 17:55:29 EDT 2019 Mon Sep 02 17:55:29 EDT 2019 : org.apache.commons.math3.util.FastMathLiteralArrays,4074=>Find no block
Mon Sep 02 17:55:31 EDT 2019 Mon Sep 02 17:55:31 EDT 2019 : org.apache.commons.math3.util.FastMathLiteralArrays,5103=>Find no block
Mon Sep 02 17:55:33 EDT 2019 org.apache.commons.math3.util.FastMathLiteralArrays,6142
Mon Sep 02 17:57:53 EDT 2019 org.apache.commons.math3.util.FastMathLiteralArrays,6150
Mon Sep 02 18:00:16 EDT 2019 org.apache.commons.math3.util.FastMathLiteralArrays,6158
Mon Sep 02 18:02:38 EDT 2019 org.apache.commons.math3.util.FastMathLiteralArrays,6166
Mon Sep 02 18:05:05 EDT 2019 org.apache.commons.math3.util.FastMathLiteralArrays,6174
Mon Sep 02 18:06:26 EDT 2019 Mon Sep 02 18:06:26 EDT 2019 : org.apache.commons.math3.util.FastMath,3723=>Find no block
Mon Sep 02 18:06:28 EDT 2019 Mon Sep 02 18:06:28 EDT 2019 : org.apache.commons.math3.util.FastMath,3755=>Find no block
Mon Sep 02 18:06:30 EDT 2019 Mon Sep 02 18:06:30 EDT 2019 : org.apache.commons.math3.util.FastMath,3756=>Find no block
Mon Sep 02 18:06:32 EDT 2019 Mon Sep 02 18:06:32 EDT 2019 : org.apache.commons.math3.util.FastMath,3758=>Find no block
Mon Sep 02 18:06:34 EDT 2019 Mon Sep 02 18:06:34 EDT 2019 : org.apache.commons.math3.util.FastMath,3826=>Find no block
Mon Sep 02 18:06:36 EDT 2019 org.apache.commons.math3.util.FastMath,3829
Mon Sep 02 18:07:10 EDT 2019 org.apache.commons.math3.util.FastMath,3835
Mon Sep 02 18:14:08 EDT 2019 org.apache.commons.math3.util.FastMath,3836
Mon Sep 02 18:14:10 EDT 2019 org.apache.commons.math3.util.FastMath,3837
Mon Sep 02 18:18:49 EDT 2019 org.apache.commons.math3.util.FastMath,3839
Mon Sep 02 18:30:08 EDT 2019 org.apache.commons.math3.util.FastMath,3840
Mon Sep 02 18:39:55 EDT 2019 org.apache.commons.math3.util.FastMath,3841
Timeout time : 19/09/02 18:45
