=================================================
Project : math_20	start : 19/09/02 13:44
Current failed test : org.apache.commons.math3.optimization.direct.CMAESOptimizerTest::testMath864 | 19/09/02 13:44
Mon Sep 02 13:51:59 EDT 2019 org.apache.commons.math3.optimization.direct.CMAESOptimizer,240
Mon Sep 02 13:52:05 EDT 2019 Mon Sep 02 13:52:05 EDT 2019 : org.apache.commons.math3.optimization.direct.CMAESOptimizer,241=>Find no block
Mon Sep 02 13:52:06 EDT 2019 org.apache.commons.math3.optimization.direct.CMAESOptimizer,247
Mon Sep 02 13:52:11 EDT 2019 Mon Sep 02 13:52:11 EDT 2019 : org.apache.commons.math3.optimization.direct.CMAESOptimizer,250=>Find no block
Mon Sep 02 13:52:13 EDT 2019 org.apache.commons.math3.optimization.direct.CMAESOptimizer,562
Mon Sep 02 14:00:38 EDT 2019 org.apache.commons.math3.optimization.direct.CMAESOptimizer,423
Mon Sep 02 14:00:43 EDT 2019 org.apache.commons.math3.optimization.direct.CMAESOptimizer,995

----------------------------------------
----------------------------------------
Pass Single Test : [=>0,0]
if(x[i]>0.0){
repaired[i]=1.0;
}else {
repaired[i]=x[i];
}

Time : 19/09/02 14:02
----------------------------------------

----------------------------------------
----------------------------------------
Pass Single Test : [=>0,0]
if(x[i]>1.0){
repaired[i]=0.0;
}else {
repaired[i]=x[i];
}

Time : 19/09/02 14:04
----------------------------------------

----------------------------------------
----------------------------------------
Similar code block : 1.4708589321123817 : [/home/mmotwani/mywork1dir/Defects4Java7/defects4j/SIMFIX_RQ1/math/math_20_buggy/src/main/java/org/apache/commons/math3/optimization/direct/CMAESOptimizer.java=>0,0]
if(e[i+1]==0.0){
realEigenvalues[i+1]-=u;
e[m]=0.0;
break;
}

Time : 19/09/02 14:05
----------------------------------------

----------------------------------------
----------------------------------------
Original source code : [/home/mmotwani/mywork1dir/Defects4Java7/defects4j/SIMFIX_RQ1/math/math_20_buggy/src/main/java/org/apache/commons/math3/optimization/direct/CMAESOptimizer.java=>994,998]
if(x[i]>1.0){
repaired[i]=1.0;
}else {
repaired[i]=x[i];
}

Time : 19/09/02 14:05
----------------------------------------

----------------------------------------
----------------------------------------
Find a patch : [/home/mmotwani/mywork1dir/Defects4Java7/defects4j/SIMFIX_RQ1/math/math_20_buggy/src/main/java/org/apache/commons/math3/optimization/direct/CMAESOptimizer.java=>994,998]
if(x[i]>1.0){
repaired[i]=0.0;
}else {
repaired[i]=x[i];
}

Time : 19/09/02 14:05
----------------------------------------
Success time : 19/09/02 14:05
