=================================================
Project : math_21	start : 19/09/02 13:44
Current failed test : org.apache.commons.math3.linear.RectangularCholeskyDecompositionTest::testMath789_purify_3 | 19/09/02 13:45
Mon Sep 02 13:47:46 EDT 2019 org.apache.commons.math3.linear.AbstractRealMatrix,97

----------------------------------------
----------------------------------------
Pass Single Test : [=>0,0]
for(int col=0;col<columnCount;++col){
out.setEntry(row,row,getEntry(row,col)-m.getEntry(row,col));
}

Time : 19/09/02 13:50
----------------------------------------

----------------------------------------
----------------------------------------
Pass Single Test : [=>0,0]
for(int col=0;col<columnCount;++col){
out.setEntry(col,col,getEntry(row,col)-m.getEntry(row,col));
}

Time : 19/09/02 13:52
----------------------------------------

----------------------------------------
----------------------------------------
Pass Single Test : [=>0,0]
for(int col=0;col<columnCount;++col){
out.multiplyEntry(row,col,getEntry(row,col)-m.getEntry(row,col));
}

Time : 19/09/02 13:54
----------------------------------------

----------------------------------------
----------------------------------------
Pass Single Test : [=>0,0]
for(int col=columnCount;col<columnCount;++col){
out.setEntry(row,col,getEntry(row,col)-m.getEntry(row,col));
}

Time : 19/09/02 13:56
----------------------------------------

----------------------------------------
----------------------------------------
Pass Single Test : [=>0,0]
for(int col=0;col<row;++col){
out.setEntry(col,col,getEntry(row,col)-m.getEntry(row,col));
}

Time : 19/09/02 13:59
----------------------------------------

----------------------------------------
----------------------------------------
Pass Single Test : [=>0,0]
for(int row=rowCount;row<rowCount;++row){
for(int col=0;col<columnCount;++col){
out.setEntry(row,col,getEntry(row,col)-m.getEntry(row,col));
}
}

Time : 19/09/02 14:07
----------------------------------------

----------------------------------------
----------------------------------------
Pass Single Test : [=>0,0]
for(int row=rowCount;row<columnCount;++row){
for(int col=0;col<columnCount;++col){
out.setEntry(row,col,getEntry(row,col)-m.getEntry(row,col));
}
}

Time : 19/09/02 14:08
----------------------------------------

----------------------------------------
----------------------------------------
Pass Single Test : [=>0,0]
for(int row=0;row<rowCount;++row){
for(int col=0;col<columnCount;++col){
out.setEntry(col,col,getEntry(row,col)-m.getEntry(row,col));
}
}

Time : 19/09/02 14:10
----------------------------------------

----------------------------------------
----------------------------------------
Pass Single Test : [=>0,0]
for(int row=0;row<rowCount;++row){
for(int col=0;col<columnCount;++col){
out.setEntry(row,row,getEntry(row,col)-m.getEntry(row,col));
}
}

Time : 19/09/02 14:12
----------------------------------------

----------------------------------------
----------------------------------------
Pass Single Test : [=>0,0]
for(int row=columnCount;row<rowCount;++row){
for(int col=0;col<columnCount;++col){
out.setEntry(row,col,getEntry(row,col)-m.getEntry(row,col));
}
}

Time : 19/09/02 14:14
----------------------------------------

----------------------------------------
----------------------------------------
Pass Single Test : [=>0,0]
for(int row=0;row<rowCount;++row){
for(int col=rowCount;rowCount<columnCount;++col){
out.setEntry(row,col,getEntry(row,col)-m.getEntry(row,col));
}
}

Time : 19/09/02 14:16
----------------------------------------

----------------------------------------
----------------------------------------
Pass Single Test : [=>0,0]
for(int row=0;row<rowCount;++row){
for(int col=rowCount;col<columnCount;++col){
out.setEntry(row,col,getEntry(row,col)-m.getEntry(row,col));
}
}

Time : 19/09/02 14:18
----------------------------------------

----------------------------------------
----------------------------------------
Pass Single Test : [=>0,0]
for(int row=0;row<rowCount;++row){
for(int col=0;rowCount<columnCount;++col){
out.setEntry(row,col,getEntry(row,col)-m.getEntry(row,col));
}
}

Time : 19/09/02 14:20
----------------------------------------

----------------------------------------
----------------------------------------
Pass Single Test : [=>0,0]
for(int row=columnCount;row<rowCount;++row){
for(int col=rowCount;col<columnCount;++col){
out.setEntry(row,col,getEntry(row,col)-m.getEntry(row,col));
}
}

Time : 19/09/02 14:22
----------------------------------------

----------------------------------------
----------------------------------------
Pass Single Test : [=>0,0]
for(int row=columnCount;row<rowCount;++row){
for(int col=0;rowCount<columnCount;++col){
out.setEntry(row,col,getEntry(row,col)-m.getEntry(row,col));
}
}

Time : 19/09/02 14:23
----------------------------------------

----------------------------------------
----------------------------------------
Pass Single Test : [=>0,0]
for(int row=columnCount;row<rowCount;++row){
for(int col=rowCount;rowCount<columnCount;++col){
out.setEntry(row,col,getEntry(row,col)-m.getEntry(row,col));
}
}

Time : 19/09/02 14:25
----------------------------------------

----------------------------------------
----------------------------------------
Pass Single Test : [=>0,0]
for(int row=0;columnCount+1<rowCount;++row){
for(int col=0;col<columnCount;++col){
out.setEntry(row,col,getEntry(row,col)-m.getEntry(row,col));
}
}

Time : 19/09/02 14:27
----------------------------------------

----------------------------------------
----------------------------------------
Pass Single Test : [=>0,0]
for(int row=columnCount;columnCount+1<rowCount;++row){
for(int col=0;col<columnCount;++col){
out.setEntry(row,col,getEntry(row,col)-m.getEntry(row,col));
}
}

Time : 19/09/02 14:29
----------------------------------------

----------------------------------------
----------------------------------------
Pass Single Test : [=>0,0]
MatrixUtils.checkSubtractionCompatible(this,m);
 final int rowCount=getRowDimension();
 final int columnCount=getColumnDimension();
 final RealMatrix out=createMatrix(rowCount,columnCount);
for(int row=0;row<rowCount;++row){
for(int col=rowCount;col<columnCount;++col){
out.setEntry(row,col,getEntry(row,col)-m.getEntry(row,col));
}
}
return out;

Time : 19/09/02 14:45
----------------------------------------

----------------------------------------
----------------------------------------
Pass Single Test : [=>0,0]
MatrixUtils.checkSubtractionCompatible(this,m);
 final int rowCount=getRowDimension();
 final int columnCount=getColumnDimension();
 final RealMatrix out=createMatrix(rowCount,columnCount);
for(int row=0;row<rowCount;++row){
for(int col=0;rowCount<columnCount;++col){
out.setEntry(row,col,getEntry(row,col)-m.getEntry(row,col));
}
}
return out;

Time : 19/09/02 14:47
----------------------------------------

----------------------------------------
----------------------------------------
Pass Single Test : [=>0,0]
MatrixUtils.checkSubtractionCompatible(this,m);
 final int rowCount=getRowDimension();
 final int columnCount=getColumnDimension();
 final RealMatrix out=createMatrix(rowCount,columnCount);
for(int row=columnCount;row<rowCount;++row){
for(int col=0;col<columnCount;++col){
out.setEntry(row,col,getEntry(row,col)-m.getEntry(row,col));
}
}
return out;

Time : 19/09/02 14:50
----------------------------------------

----------------------------------------
----------------------------------------
Pass Single Test : [=>0,0]
MatrixUtils.checkSubtractionCompatible(this,m);
 final int rowCount=getRowDimension();
 final int columnCount=getColumnDimension();
 final RealMatrix out=createMatrix(rowCount,columnCount);
for(int row=0;columnCount+1<rowCount;++row){
for(int col=0;col<columnCount;++col){
out.setEntry(row,col,getEntry(row,col)-m.getEntry(row,col));
}
}
return out;

Time : 19/09/02 14:51
----------------------------------------

----------------------------------------
----------------------------------------
Pass Single Test : [=>0,0]
MatrixUtils.checkSubtractionCompatible(this,m);
 final int rowCount=getRowDimension();
 final int columnCount=getColumnDimension();
 final RealMatrix out=createMatrix(rowCount,columnCount);
for(int row=columnCount;columnCount+1<rowCount;++row){
for(int col=0;col<columnCount;++col){
out.setEntry(row,col,getEntry(row,col)-m.getEntry(row,col));
}
}
return out;

Time : 19/09/02 14:53
----------------------------------------
Mon Sep 02 14:55:09 EDT 2019 org.apache.commons.math3.linear.AbstractRealMatrix,99
Mon Sep 02 14:55:10 EDT 2019 org.apache.commons.math3.linear.AbstractRealMatrix,100
Mon Sep 02 14:55:11 EDT 2019 org.apache.commons.math3.linear.AbstractRealMatrix,101
Mon Sep 02 14:55:12 EDT 2019 org.apache.commons.math3.linear.AbstractRealMatrix,102
Mon Sep 02 14:55:14 EDT 2019 org.apache.commons.math3.linear.AbstractRealMatrix,103
Mon Sep 02 14:55:15 EDT 2019 org.apache.commons.math3.linear.AbstractRealMatrix,104
Mon Sep 02 14:55:16 EDT 2019 org.apache.commons.math3.linear.AbstractRealMatrix,108
Mon Sep 02 14:55:17 EDT 2019 org.apache.commons.math3.linear.AbstractRealMatrix,241
Mon Sep 02 14:55:22 EDT 2019 org.apache.commons.math3.linear.Array2DRowRealMatrix,456

----------------------------------------
----------------------------------------
Pass Single Test : [=>0,0]
for(int i=0;i<j;++i){
visitor.visit(i,j,data[i][j]);
}

Time : 19/09/02 14:57
----------------------------------------

----------------------------------------
----------------------------------------
Pass Single Test : [=>0,0]
for(int i=rows;i<rows;++i){
visitor.visit(i,j,data[i][j]);
}

Time : 19/09/02 15:03
----------------------------------------

----------------------------------------
----------------------------------------
Pass Single Test : [=>0,0]
for(int i=0;i<(rows-1);++i){
visitor.visit(i,j,data[i][j]);
}

Time : 19/09/02 15:09
----------------------------------------

----------------------------------------
----------------------------------------
Pass Single Test : [=>0,0]
for(int i=rows;i<(rows-1);++i){
visitor.visit(i,j,data[i][j]);
}

Time : 19/09/02 15:11
----------------------------------------

----------------------------------------
----------------------------------------
Pass Single Test : [=>0,0]
for(int j=rows;j<columns;++j){
for(int i=0;i<rows;++i){
visitor.visit(i,j,data[i][j]);
}
}

Time : 19/09/02 15:16
----------------------------------------

----------------------------------------
----------------------------------------
Pass Single Test : [=>0,0]
for(int j=columns;j<columns;++j){
for(int i=0;i<rows;++i){
visitor.visit(i,j,data[i][j]);
}
}

Time : 19/09/02 15:18
----------------------------------------

----------------------------------------
----------------------------------------
Pass Single Test : [=>0,0]
for(int j=0;j<columns;++j){
for(int i=0;i<j;++i){
visitor.visit(i,j,data[i][j]);
}
}

Time : 19/09/02 15:21
----------------------------------------

----------------------------------------
----------------------------------------
Pass Single Test : [=>0,0]
for(int j=0;j<columns;++j){
for(int i=rows;i<rows;++i){
visitor.visit(i,j,data[i][j]);
}
}

Time : 19/09/02 15:23
----------------------------------------

----------------------------------------
----------------------------------------
Pass Single Test : [=>0,0]
for(int j=columns;j<columns;++j){
for(int i=0;i<=rows;++i){
visitor.visit(i,j,data[i][j]);
}
}

Time : 19/09/02 15:25
----------------------------------------

----------------------------------------
----------------------------------------
Pass Single Test : [=>0,0]
for(int j=0;j<columns;++j){
for(int i=0;i<columns-i;++i){
visitor.visit(i,j,data[i][j]);
}
}

Time : 19/09/02 15:27
----------------------------------------

----------------------------------------
----------------------------------------
Pass Single Test : [=>0,0]
for(int j=rows;j<rows;++j){
for(int i=0;i<rows;++i){
visitor.visit(i,j,data[i][j]);
}
}

Time : 19/09/02 15:31
----------------------------------------

----------------------------------------
----------------------------------------
Pass Single Test : [=>0,0]
for(int j=rows;j<columns;++j){
for(int i=rows;i<rows;++i){
visitor.visit(i,j,data[i][j]);
}
}

Time : 19/09/02 15:34
----------------------------------------

----------------------------------------
----------------------------------------
Pass Single Test : [=>0,0]
for(int j=rows;j<columns;++j){
for(int i=0;i<=rows;++i){
visitor.visit(i,j,data[i][j]);
}
}

Time : 19/09/02 15:36
----------------------------------------

----------------------------------------
----------------------------------------
Pass Single Test : [=>0,0]
for(int j=rows;j<columns;++j){
for(int i=0;i<columns;++i){
visitor.visit(i,j,data[i][j]);
}
}

Time : 19/09/02 15:37
----------------------------------------

----------------------------------------
----------------------------------------
Pass Single Test : [=>0,0]
for(int j=0;j<=columns;++j){
for(int i=rows;i<rows;++i){
visitor.visit(i,j,data[i][j]);
}
}

Time : 19/09/02 15:39
----------------------------------------

----------------------------------------
----------------------------------------
Pass Single Test : [=>0,0]
for(int j=0;j<columns;++j){
for(int i=rows;i<columns;++i){
visitor.visit(i,j,data[i][j]);
}
}

Time : 19/09/02 15:41
----------------------------------------

----------------------------------------
----------------------------------------
Pass Single Test : [=>0,0]
for(int j=rows;j<=columns;++j){
for(int i=rows;i<rows;++i){
visitor.visit(i,j,data[i][j]);
}
}

Time : 19/09/02 15:43
----------------------------------------

----------------------------------------
----------------------------------------
Pass Single Test : [=>0,0]
for(int j=rows;j<columns;++j){
for(int i=rows;i<=rows;++i){
visitor.visit(i,j,data[i][j]);
}
}

Time : 19/09/02 15:45
----------------------------------------

----------------------------------------
----------------------------------------
Pass Single Test : [=>0,0]
for(int j=rows;j<columns;++j){
for(int i=rows;i<columns;++i){
visitor.visit(i,j,data[i][j]);
}
}

Time : 19/09/02 15:47
----------------------------------------

----------------------------------------
----------------------------------------
Pass Single Test : [=>0,0]
for(int j=rows;j<columns;++j){
for(int i=0;i<=columns;++i){
visitor.visit(i,j,data[i][j]);
}
}

Time : 19/09/02 15:49
----------------------------------------

----------------------------------------
----------------------------------------
Pass Single Test : [=>0,0]
for(int j=0;j<=columns;++j){
for(int i=rows;i<columns;++i){
visitor.visit(i,j,data[i][j]);
}
}

Time : 19/09/02 15:51
----------------------------------------

----------------------------------------
----------------------------------------
Pass Single Test : [=>0,0]
for(int j=rows;j<=columns;++j){
for(int i=rows;i<columns;++i){
visitor.visit(i,j,data[i][j]);
}
}

Time : 19/09/02 15:54
----------------------------------------

----------------------------------------
----------------------------------------
Pass Single Test : [=>0,0]
for(int j=rows;j<columns;++j){
for(int i=rows;i<=columns;++i){
visitor.visit(i,j,data[i][j]);
}
}

Time : 19/09/02 15:56
----------------------------------------

----------------------------------------
----------------------------------------
Pass Single Test : [=>0,0]
 final int rows=getRowDimension();
 final int columns=getColumnDimension();
visitor.start(rows,columns,0,rows-1,0,columns-1);
for(int j=rows;j<columns;++j){
for(int i=0;i<rows;++i){
visitor.visit(i,j,data[i][j]);
}
}
return visitor.end();

Time : 19/09/02 16:04
----------------------------------------

----------------------------------------
----------------------------------------
Pass Single Test : [=>0,0]
 final int rows=getRowDimension();
 final int columns=getColumnDimension();
visitor.start(rows,columns,0,rows-1,0,columns-1);
for(int j=0;j<columns;++j){
for(int i=0;i<j;++i){
visitor.visit(i,j,data[i][j]);
}
}
return visitor.end();

Time : 19/09/02 16:07
----------------------------------------

----------------------------------------
----------------------------------------
Pass Single Test : [=>0,0]
 final int rows=getRowDimension();
 final int columns=getColumnDimension();
visitor.start(rows,columns,0,rows-1,0,columns-1);
for(int j=0;j<rows;++j){
for(int i=0;i<j;++i){
visitor.visit(i,j,data[i][j]);
}
}
return visitor.end();

Time : 19/09/02 16:09
----------------------------------------

----------------------------------------
----------------------------------------
Pass Single Test : [=>0,0]
 final int rows=getRowDimension();
 final int columns=getColumnDimension();
visitor.start(rows,columns,0,rows-1,0,columns-1);
for(int j=0;j<columns;++j){
for(int i=rows-1;i<rows;++i){
visitor.visit(i,j,data[i][j]);
}
}
return visitor.end();

Time : 19/09/02 16:12
----------------------------------------

----------------------------------------
----------------------------------------
Pass Single Test : [=>0,0]
 final int rows=getRowDimension();
 final int columns=getColumnDimension();
visitor.start(rows,columns,0,rows-1,0,columns-1);
for(int j=rows;j<columns;++j){
for(int i=rows-1;i<rows;++i){
visitor.visit(i,j,data[i][j]);
}
}
return visitor.end();

Time : 19/09/02 16:14
----------------------------------------

----------------------------------------
----------------------------------------
Pass Single Test : [=>0,0]
 final int rows=getRowDimension();
 final int columns=getColumnDimension();
visitor.start(rows,columns,0,rows-1,0,columns-1);
for(int j=rows;j<rows;++j){
for(int i=rows;i<rows;++i){
visitor.visit(i,j,data[i][j]);
}
}
return visitor.end();

Time : 19/09/02 16:16
----------------------------------------
Timeout time : 19/09/02 16:17
Current failed test : org.apache.commons.math3.linear.RectangularCholeskyDecompositionTest::testFullRank_purify_2 | 19/09/02 16:17
Mon Sep 02 16:19:31 EDT 2019 org.apache.commons.math3.linear.AbstractRealMatrix,97
Mon Sep 02 16:51:50 EDT 2019 org.apache.commons.math3.linear.AbstractRealMatrix,99
Mon Sep 02 16:51:52 EDT 2019 org.apache.commons.math3.linear.AbstractRealMatrix,100
Mon Sep 02 16:51:53 EDT 2019 org.apache.commons.math3.linear.AbstractRealMatrix,101
Mon Sep 02 16:51:54 EDT 2019 org.apache.commons.math3.linear.AbstractRealMatrix,102
Mon Sep 02 16:51:56 EDT 2019 org.apache.commons.math3.linear.AbstractRealMatrix,103
Mon Sep 02 16:51:57 EDT 2019 org.apache.commons.math3.linear.AbstractRealMatrix,104
Mon Sep 02 16:51:59 EDT 2019 org.apache.commons.math3.linear.AbstractRealMatrix,108
Mon Sep 02 16:52:00 EDT 2019 org.apache.commons.math3.linear.AbstractRealMatrix,241
Mon Sep 02 16:52:05 EDT 2019 org.apache.commons.math3.linear.Array2DRowRealMatrix,456

----------------------------------------
----------------------------------------
Pass Single Test : [=>0,0]
for(int i=0;i<rows;++i){
visitor.visit(j,j,data[i][j]);
}

Time : 19/09/02 16:53
----------------------------------------

----------------------------------------
----------------------------------------
Pass Single Test : [=>0,0]
for(int i=0;i<=j;++i){
visitor.visit(i,j,data[i][j]);
}

Time : 19/09/02 16:58
----------------------------------------

----------------------------------------
----------------------------------------
Pass Single Test : [=>0,0]
for(int j=0;j<columns;++j){
for(int i=0;i<=j;++i){
visitor.visit(i,j,data[i][j]);
}
}

Time : 19/09/02 17:11
----------------------------------------

----------------------------------------
----------------------------------------
Pass Single Test : [=>0,0]
 final int rows=getRowDimension();
 final int columns=getColumnDimension();
visitor.start(rows,columns,0,rows-1,0,columns-1);
for(int j=0;j<columns;++j){
for(int i=0;i<=j;++i){
visitor.visit(i,j,data[i][j]);
}
}
return visitor.end();

Time : 19/09/02 17:27
----------------------------------------

----------------------------------------
----------------------------------------
Pass Single Test : [=>0,0]
 final int rows=getRowDimension();
 final int columns=getColumnDimension();
visitor.start(rows,columns,0,rows-1,0,columns-1);
for(int j=0;j<rows;++j){
for(int i=0;i<=j;++i){
visitor.visit(i,j,data[i][j]);
}
}
return visitor.end();

Time : 19/09/02 17:29
----------------------------------------
Mon Sep 02 17:37:12 EDT 2019 org.apache.commons.math3.linear.Array2DRowRealMatrix,457
Mon Sep 02 17:37:14 EDT 2019 org.apache.commons.math3.linear.Array2DRowRealMatrix,458
Mon Sep 02 17:37:15 EDT 2019 org.apache.commons.math3.linear.Array2DRowRealMatrix,459
Mon Sep 02 17:37:16 EDT 2019 org.apache.commons.math3.linear.Array2DRowRealMatrix,460
Mon Sep 02 17:37:17 EDT 2019 org.apache.commons.math3.linear.Array2DRowRealMatrix,461
Mon Sep 02 17:37:18 EDT 2019 org.apache.commons.math3.linear.Array2DRowRealMatrix,464
Mon Sep 02 17:37:20 EDT 2019 org.apache.commons.math3.linear.MatrixUtils,130
Mon Sep 02 17:37:24 EDT 2019 org.apache.commons.math3.linear.MatrixUtils,134
Mon Sep 02 17:38:51 EDT 2019 org.apache.commons.math3.linear.MatrixUtils,523
Mon Sep 02 17:39:43 EDT 2019 Mon Sep 02 17:39:43 EDT 2019 : org.apache.commons.math3.linear.MatrixUtils,528=>Find no block
Mon Sep 02 17:39:44 EDT 2019 org.apache.commons.math3.linear.AbstractRealMatrix,241
Mon Sep 02 17:39:46 EDT 2019 org.apache.commons.math3.linear.AbstractRealMatrix,256
Mon Sep 02 17:39:50 EDT 2019 org.apache.commons.math3.linear.AbstractRealMatrix,257
Mon Sep 02 17:39:51 EDT 2019 org.apache.commons.math3.linear.AbstractRealMatrix,258
Mon Sep 02 17:39:52 EDT 2019 Mon Sep 02 17:39:52 EDT 2019 : org.apache.commons.math3.linear.AbstractRealMatrix,259=>Find no block
Mon Sep 02 17:39:53 EDT 2019 org.apache.commons.math3.linear.AbstractRealMatrix,263
Mon Sep 02 17:48:27 EDT 2019 org.apache.commons.math3.linear.AbstractRealMatrix,264
Mon Sep 02 17:53:05 EDT 2019 org.apache.commons.math3.linear.AbstractRealMatrix,265
Mon Sep 02 17:53:07 EDT 2019 org.apache.commons.math3.linear.AbstractRealMatrix,266
Mon Sep 02 17:53:08 EDT 2019 Mon Sep 02 17:53:08 EDT 2019 : org.apache.commons.math3.linear.AbstractRealMatrix,268=>Find no block
Mon Sep 02 17:53:09 EDT 2019 org.apache.commons.math3.linear.AbstractRealMatrix,272
Mon Sep 02 17:53:14 EDT 2019 org.apache.commons.math3.util.FastMath,3508

----------------------------------------
----------------------------------------
Pass Single Test : [=>0,0]
if(a>b){
return 2*(b-E)/(b-b)*(b-a);
}

Time : 19/09/02 17:56
----------------------------------------
Mon Sep 02 18:07:04 EDT 2019 org.apache.commons.math3.util.FastMath,3511

----------------------------------------
----------------------------------------
Pass Single Test : [=>0,0]
if(a<b){
return (E-a)/(a-a);
}

Time : 19/09/02 18:08
----------------------------------------

----------------------------------------
----------------------------------------
Pass Single Test : [=>0,0]
if(a<b){
return a+FastMath.sqrt(E*(b-a));
}

Time : 19/09/02 18:18
----------------------------------------

----------------------------------------
----------------------------------------
Pass Single Test : [=>0,0]
if(a<b){
return 2*(E-a)/(a-a)*(b-a);
}

Time : 19/09/02 18:29
----------------------------------------
Mon Sep 02 18:40:52 EDT 2019 org.apache.commons.math3.util.FastMath,3514
Mon Sep 02 18:42:57 EDT 2019 org.apache.commons.math3.util.FastMath,3519
Timeout time : 19/09/02 18:49
