=================================================
Project : math_23	start : 19/09/02 13:44
Current failed test : org.apache.commons.math3.optimization.univariate.BrentOptimizerTest::testKeepInitIfBest | 19/09/02 13:45
Mon Sep 02 13:46:03 EDT 2019 org.apache.commons.math3.util.MathArrays,234
Mon Sep 02 13:52:55 EDT 2019 org.apache.commons.math3.util.MathArrays,235
Mon Sep 02 13:52:57 EDT 2019 org.apache.commons.math3.util.MathArrays,239
Mon Sep 02 13:59:54 EDT 2019 Mon Sep 02 13:59:54 EDT 2019 : org.apache.commons.math3.util.MathArrays,240=>Find no block
Mon Sep 02 13:59:55 EDT 2019 org.apache.commons.math3.util.MathArrays,242
Mon Sep 02 13:59:57 EDT 2019 org.apache.commons.math3.util.MathArrays,243
Mon Sep 02 13:59:58 EDT 2019 org.apache.commons.math3.util.MathArrays,268
Mon Sep 02 14:03:42 EDT 2019 org.apache.commons.math3.util.MathArrays,271
Mon Sep 02 14:05:52 EDT 2019 org.apache.commons.math3.util.MathArrays,273
Mon Sep 02 14:05:54 EDT 2019 org.apache.commons.math3.util.MathArrays,295
Mon Sep 02 14:05:58 EDT 2019 Mon Sep 02 14:05:58 EDT 2019 : org.apache.commons.math3.util.MathArrays,296=>Find no block
Mon Sep 02 14:05:59 EDT 2019 org.apache.commons.math3.util.MathArrays,306
Mon Sep 02 14:06:03 EDT 2019 Mon Sep 02 14:06:03 EDT 2019 : org.apache.commons.math3.util.MathArrays,307=>Find no block
Mon Sep 02 14:06:04 EDT 2019 Mon Sep 02 14:06:04 EDT 2019 : org.apache.commons.math3.util.MathArrays,143=>Find no block
Mon Sep 02 14:06:05 EDT 2019 Mon Sep 02 14:06:05 EDT 2019 : org.apache.commons.math3.util.MathArrays,145=>Find no block
Mon Sep 02 14:06:06 EDT 2019 Mon Sep 02 14:06:06 EDT 2019 : org.apache.commons.math3.util.MathArrays,147=>Find no block
Mon Sep 02 14:06:07 EDT 2019 Mon Sep 02 14:06:07 EDT 2019 : org.apache.commons.math3.util.MathArrays,166=>Find no block
Mon Sep 02 14:06:09 EDT 2019 org.apache.commons.math3.analysis.FunctionUtils,141
Mon Sep 02 14:06:13 EDT 2019 org.apache.commons.math3.analysis.FunctionUtils,141
Mon Sep 02 14:06:14 EDT 2019 org.apache.commons.math3.analysis.FunctionUtils,144
Mon Sep 02 14:27:17 EDT 2019 org.apache.commons.math3.analysis.FunctionUtils,145
Mon Sep 02 14:37:31 EDT 2019 org.apache.commons.math3.analysis.FunctionUtils,146
Mon Sep 02 14:37:32 EDT 2019 org.apache.commons.math3.analysis.FunctionUtils,148
Mon Sep 02 14:37:33 EDT 2019 Mon Sep 02 14:37:33 EDT 2019 : org.apache.commons.math3.analysis.function.StepFunction,64=>Find no block
Mon Sep 02 14:37:35 EDT 2019 org.apache.commons.math3.analysis.function.StepFunction,65
Mon Sep 02 14:39:26 EDT 2019 org.apache.commons.math3.analysis.function.StepFunction,69
Mon Sep 02 14:52:44 EDT 2019 org.apache.commons.math3.analysis.function.StepFunction,73
Mon Sep 02 15:08:28 EDT 2019 org.apache.commons.math3.analysis.function.StepFunction,76
Mon Sep 02 15:28:20 EDT 2019 org.apache.commons.math3.analysis.function.StepFunction,78
Mon Sep 02 15:28:21 EDT 2019 org.apache.commons.math3.analysis.function.StepFunction,79
Mon Sep 02 15:28:23 EDT 2019 Mon Sep 02 15:28:23 EDT 2019 : org.apache.commons.math3.analysis.function.StepFunction,80=>Find no block
Mon Sep 02 15:28:24 EDT 2019 org.apache.commons.math3.analysis.function.StepFunction,84

----------------------------------------
----------------------------------------
Pass Single Test : [=>0,0]
int index=Arrays.binarySearch(abscissa,x);
double fx=0;
if(index<-1){
fx=ordinate[-index-2];
}else if(index>=0){
fx=ordinate[index];
}else {
fx=ordinate[0];
}
return 2/(x-x);

Time : 19/09/02 15:33
----------------------------------------

----------------------------------------
----------------------------------------
Pass Single Test : [=>0,0]
int index=Arrays.binarySearch(abscissa,x);
double fx=0;
if(index<-1){
fx=ordinate[-index-2];
}else if(index>=0){
fx=ordinate[index];
}else {
fx=ordinate[0];
}
return 1/(x*x);

Time : 19/09/02 15:35
----------------------------------------
Mon Sep 02 15:43:45 EDT 2019 org.apache.commons.math3.analysis.function.StepFunction,85
Mon Sep 02 15:43:46 EDT 2019 org.apache.commons.math3.analysis.function.StepFunction,87
Mon Sep 02 15:43:47 EDT 2019 org.apache.commons.math3.analysis.function.StepFunction,89
Mon Sep 02 15:43:49 EDT 2019 org.apache.commons.math3.analysis.function.StepFunction,90
Mon Sep 02 15:43:50 EDT 2019 org.apache.commons.math3.analysis.function.StepFunction,96
Mon Sep 02 15:43:59 EDT 2019 org.apache.commons.math3.analysis.function.StepFunction,99
Mon Sep 02 15:44:00 EDT 2019 org.apache.commons.math3.optimization.univariate.BrentOptimizer,193
Mon Sep 02 16:16:33 EDT 2019 org.apache.commons.math3.util.MathArrays,539
Mon Sep 02 16:17:04 EDT 2019 org.apache.commons.math3.util.MathArrays,567
Mon Sep 02 16:22:35 EDT 2019 org.apache.commons.math3.util.MathArrays,568
Mon Sep 02 16:22:37 EDT 2019 org.apache.commons.math3.util.MathArrays,569
Mon Sep 02 16:22:38 EDT 2019 Mon Sep 02 16:22:38 EDT 2019 : org.apache.commons.math3.analysis.function.Sin,33=>Find no block
Mon Sep 02 16:22:40 EDT 2019 org.apache.commons.math3.analysis.function.Sin,36

----------------------------------------
----------------------------------------
Pass Single Test : [=>0,0]
return FastMath.log(x-x);

Time : 19/09/02 16:26
----------------------------------------

----------------------------------------
----------------------------------------
Pass Single Test : [=>0,0]
return -FastMath.log(x-x);

Time : 19/09/02 16:28
----------------------------------------
Mon Sep 02 16:30:32 EDT 2019 org.apache.commons.math3.util.FastMath,1653

----------------------------------------
----------------------------------------
Pass Single Test : [=>0,0]
double x2=x*x;
double p=2.7553817E-6;
p=p*x2+-1.984127E-4;
p=p*x2+0.008333334;
p=p*x2+-0.16666667;
p=p*x2;
return 643*(164*MathUtils.hash(x)+3*MathUtils.hash(E)+MathUtils.hash(E));

Time : 19/09/02 16:42
----------------------------------------

----------------------------------------
----------------------------------------
Pass Single Test : [=>0,0]
double x2=x*x;
double p=2.7553817E-6;
p=p*x2+-1.984127E-4;
p=p*x2+0.008333334;
p=p*x2+-0.16666667;
p=p*x2;
return 122*(76*MathUtils.hash(x)+MathUtils.hash(E));

Time : 19/09/02 16:54
----------------------------------------

----------------------------------------
----------------------------------------
Pass Single Test : [=>0,0]
double x2=x*x;
double p=2.7553817E-6;
p=p*x2+-1.984127E-4;
p=p*x2+0.008333334;
p=p*x2+-0.16666667;
p=p*x2;
return 997*MathUtils.hash(x);

Time : 19/09/02 17:06
----------------------------------------
Mon Sep 02 17:16:18 EDT 2019 org.apache.commons.math3.util.FastMath,1655
Mon Sep 02 17:16:19 EDT 2019 org.apache.commons.math3.util.FastMath,1656
Mon Sep 02 17:16:20 EDT 2019 org.apache.commons.math3.util.FastMath,1657
Mon Sep 02 17:16:22 EDT 2019 org.apache.commons.math3.util.FastMath,1658
Mon Sep 02 17:16:23 EDT 2019 org.apache.commons.math3.util.FastMath,1661
Mon Sep 02 17:16:24 EDT 2019 org.apache.commons.math3.util.FastMath,1663
Mon Sep 02 17:16:26 EDT 2019 org.apache.commons.math3.util.FastMath,1673

----------------------------------------
----------------------------------------
Pass Single Test : [=>0,0]
double x2=x*x;
double p=2.4797735E-5;
p=p*x2+-0.0013888889;
p=p*x2+0.041666668;
p=p*x2+-0.5;
p*=x2;
return x2*HEX_40000000;

Time : 19/09/02 17:26
----------------------------------------

----------------------------------------
----------------------------------------
Pass Single Test : [=>0,0]
double x2=x*x;
double p=2.4797735E-5;
x2=E*HEX_40000000;
p=p*x2+-0.0013888889;
p=p*x2+0.041666668;
p=p*x2+-0.5;
p*=x2;
return p;

Time : 19/09/02 17:29
----------------------------------------

----------------------------------------
----------------------------------------
Pass Single Test : [=>0,0]
double x2=x*x;
double p=2.4797735E-5;
p=p*x2+-0.0013888889;
p=p*x2+0.041666668;
p=p*x2+-0.5;
p*=x2;
return 122*(76*MathUtils.hash(x)+MathUtils.hash(E));

Time : 19/09/02 17:34
----------------------------------------
Mon Sep 02 17:37:44 EDT 2019 org.apache.commons.math3.util.FastMath,1675
Mon Sep 02 17:37:45 EDT 2019 org.apache.commons.math3.util.FastMath,1676
Mon Sep 02 17:37:47 EDT 2019 org.apache.commons.math3.util.FastMath,1677
Mon Sep 02 17:37:48 EDT 2019 org.apache.commons.math3.util.FastMath,1678
Mon Sep 02 17:37:50 EDT 2019 org.apache.commons.math3.util.FastMath,1679
Mon Sep 02 17:37:51 EDT 2019 org.apache.commons.math3.util.FastMath,1681
Mon Sep 02 17:37:53 EDT 2019 org.apache.commons.math3.util.FastMath,1692
Mon Sep 02 17:40:41 EDT 2019 org.apache.commons.math3.util.FastMath,1693
Mon Sep 02 17:40:42 EDT 2019 org.apache.commons.math3.util.FastMath,1696
Mon Sep 02 17:43:26 EDT 2019 org.apache.commons.math3.util.FastMath,1697
Mon Sep 02 17:43:44 EDT 2019 org.apache.commons.math3.util.FastMath,1698
Mon Sep 02 17:44:01 EDT 2019 org.apache.commons.math3.util.FastMath,1699
Mon Sep 02 17:47:19 EDT 2019 org.apache.commons.math3.util.FastMath,1702
Mon Sep 02 17:51:04 EDT 2019 org.apache.commons.math3.util.FastMath,1703
Mon Sep 02 17:53:35 EDT 2019 org.apache.commons.math3.util.FastMath,1704
Mon Sep 02 17:54:19 EDT 2019 org.apache.commons.math3.util.FastMath,1705
Mon Sep 02 17:59:10 EDT 2019 org.apache.commons.math3.util.FastMath,1708
Mon Sep 02 18:06:09 EDT 2019 org.apache.commons.math3.util.FastMath,1709

----------------------------------------
----------------------------------------
Pass Single Test : [=>0,0]
 final double temp=sinEpsA*HEX_40000000;
double temp2=(sinEpsA+temp)-temp;
sinEpsB+=temp-temp2;

Time : 19/09/02 18:06
----------------------------------------

----------------------------------------
----------------------------------------
Pass Single Test : [=>0,0]
 final double temp=sinEpsA*HEX_40000000;
double temp2=(sinEpsA+temp)-temp;
temp2=xb*TANGENT_TABLE_A[idx]+xa*TANGENT_TABLE_B[idx];
sinEpsB+=temp-temp2;

Time : 19/09/02 18:17
----------------------------------------

----------------------------------------
----------------------------------------
Pass Single Test : [=>0,0]
 final double temp=sinEpsA*HEX_40000000;
double temp2=(sinEpsA+temp)-temp;
temp2=sinEpsA+temp;
sinEpsB+=temp-temp2;

Time : 19/09/02 18:28
----------------------------------------

----------------------------------------
----------------------------------------
Pass Single Test : [=>0,0]
 final double temp=sinEpsA*HEX_40000000;
double temp2=(sinEpsA+temp)-temp;
temp2=temp+sinEpsA;
sinEpsB+=temp-temp2;

Time : 19/09/02 18:39
----------------------------------------
Timeout time : 19/09/02 18:49
