=================================================
Project : math_25	start : 19/09/02 13:44
Current failed test : org.apache.commons.math3.optimization.fitting.HarmonicFitterTest::testMath844 | 19/09/02 13:44
Mon Sep 02 13:45:34 EDT 2019 org.apache.commons.math3.optimization.fitting.HarmonicFitter,326
Mon Sep 02 13:45:44 EDT 2019 org.apache.commons.math3.optimization.fitting.HarmonicFitter,327
Mon Sep 02 13:45:46 EDT 2019 org.apache.commons.math3.optimization.fitting.HarmonicFitter,201
Mon Sep 02 13:56:56 EDT 2019 Mon Sep 02 13:56:56 EDT 2019 : org.apache.commons.math3.optimization.fitting.HarmonicFitter,202=>Find no block
Mon Sep 02 13:56:57 EDT 2019 org.apache.commons.math3.optimization.fitting.HarmonicFitter,215
Mon Sep 02 13:57:02 EDT 2019 org.apache.commons.math3.optimization.fitting.HarmonicFitter,216
Mon Sep 02 13:57:03 EDT 2019 org.apache.commons.math3.optimization.fitting.HarmonicFitter,217
Mon Sep 02 13:57:05 EDT 2019 org.apache.commons.math3.optimization.fitting.HarmonicFitter,218
Mon Sep 02 13:57:06 EDT 2019 org.apache.commons.math3.optimization.fitting.HarmonicFitter,228
Mon Sep 02 14:00:29 EDT 2019 org.apache.commons.math3.optimization.fitting.HarmonicFitter,229
Mon Sep 02 14:18:44 EDT 2019 org.apache.commons.math3.optimization.fitting.HarmonicFitter,230
Mon Sep 02 14:18:55 EDT 2019 org.apache.commons.math3.optimization.fitting.HarmonicFitter,231
Mon Sep 02 14:18:56 EDT 2019 org.apache.commons.math3.optimization.fitting.HarmonicFitter,232
Mon Sep 02 14:18:58 EDT 2019 Mon Sep 02 14:18:58 EDT 2019 : org.apache.commons.math3.optimization.fitting.HarmonicFitter,246=>Find no block
Mon Sep 02 14:18:59 EDT 2019 org.apache.commons.math3.optimization.fitting.HarmonicFitter,259
Mon Sep 02 14:19:03 EDT 2019 org.apache.commons.math3.optimization.fitting.HarmonicFitter,260
Mon Sep 02 14:19:04 EDT 2019 org.apache.commons.math3.optimization.fitting.HarmonicFitter,261
Mon Sep 02 14:19:09 EDT 2019 org.apache.commons.math3.optimization.fitting.HarmonicFitter,262
Mon Sep 02 14:19:13 EDT 2019 org.apache.commons.math3.optimization.fitting.HarmonicFitter,263
Mon Sep 02 14:19:57 EDT 2019 org.apache.commons.math3.optimization.fitting.HarmonicFitter,265
Mon Sep 02 14:20:41 EDT 2019 org.apache.commons.math3.optimization.fitting.HarmonicFitter,266
Mon Sep 02 14:21:21 EDT 2019 org.apache.commons.math3.optimization.fitting.HarmonicFitter,267
Mon Sep 02 14:21:59 EDT 2019 org.apache.commons.math3.optimization.fitting.HarmonicFitter,268
Mon Sep 02 14:22:43 EDT 2019 org.apache.commons.math3.optimization.fitting.HarmonicFitter,269
Mon Sep 02 14:22:44 EDT 2019 org.apache.commons.math3.optimization.fitting.HarmonicFitter,270
Mon Sep 02 15:02:52 EDT 2019 org.apache.commons.math3.optimization.fitting.HarmonicFitter,272
Mon Sep 02 15:07:00 EDT 2019 org.apache.commons.math3.optimization.fitting.HarmonicFitter,273
Mon Sep 02 15:07:01 EDT 2019 org.apache.commons.math3.optimization.fitting.HarmonicFitter,274
Mon Sep 02 15:10:44 EDT 2019 org.apache.commons.math3.optimization.fitting.HarmonicFitter,275
Mon Sep 02 15:15:21 EDT 2019 org.apache.commons.math3.optimization.fitting.HarmonicFitter,279
Mon Sep 02 15:24:24 EDT 2019 org.apache.commons.math3.optimization.fitting.HarmonicFitter,280
Mon Sep 02 15:32:06 EDT 2019 org.apache.commons.math3.optimization.fitting.HarmonicFitter,281
Mon Sep 02 15:34:48 EDT 2019 org.apache.commons.math3.optimization.fitting.HarmonicFitter,283
Mon Sep 02 15:41:46 EDT 2019 org.apache.commons.math3.optimization.fitting.HarmonicFitter,285
Mon Sep 02 15:59:57 EDT 2019 org.apache.commons.math3.optimization.fitting.HarmonicFitter,286
Mon Sep 02 16:13:51 EDT 2019 org.apache.commons.math3.optimization.fitting.HarmonicFitter,287
Mon Sep 02 16:21:19 EDT 2019 org.apache.commons.math3.optimization.fitting.HarmonicFitter,289
Mon Sep 02 16:26:38 EDT 2019 org.apache.commons.math3.optimization.fitting.HarmonicFitter,290
Mon Sep 02 16:31:07 EDT 2019 org.apache.commons.math3.optimization.fitting.HarmonicFitter,291
Mon Sep 02 16:35:25 EDT 2019 org.apache.commons.math3.optimization.fitting.HarmonicFitter,292
Mon Sep 02 16:40:39 EDT 2019 org.apache.commons.math3.optimization.fitting.HarmonicFitter,293
Mon Sep 02 16:40:40 EDT 2019 org.apache.commons.math3.optimization.fitting.HarmonicFitter,297
Mon Sep 02 16:42:13 EDT 2019 org.apache.commons.math3.optimization.fitting.HarmonicFitter,298
Mon Sep 02 16:42:17 EDT 2019 org.apache.commons.math3.optimization.fitting.HarmonicFitter,299
Mon Sep 02 16:42:18 EDT 2019 org.apache.commons.math3.optimization.fitting.HarmonicFitter,300
Mon Sep 02 17:17:40 EDT 2019 Mon Sep 02 17:17:40 EDT 2019 : org.apache.commons.math3.optimization.fitting.HarmonicFitter,329=>Find no block
Mon Sep 02 17:17:42 EDT 2019 org.apache.commons.math3.optimization.fitting.HarmonicFitter,336
Mon Sep 02 17:18:25 EDT 2019 org.apache.commons.math3.optimization.fitting.HarmonicFitter,337
Mon Sep 02 17:18:26 EDT 2019 org.apache.commons.math3.optimization.fitting.HarmonicFitter,339
Mon Sep 02 17:19:09 EDT 2019 org.apache.commons.math3.optimization.fitting.HarmonicFitter,340
Mon Sep 02 17:19:10 EDT 2019 org.apache.commons.math3.optimization.fitting.HarmonicFitter,341
Mon Sep 02 17:46:50 EDT 2019 org.apache.commons.math3.optimization.fitting.HarmonicFitter,343
Mon Sep 02 17:46:51 EDT 2019 org.apache.commons.math3.optimization.fitting.HarmonicFitter,344
Mon Sep 02 17:46:52 EDT 2019 org.apache.commons.math3.optimization.fitting.HarmonicFitter,345
Mon Sep 02 17:46:53 EDT 2019 org.apache.commons.math3.optimization.fitting.HarmonicFitter,346
Mon Sep 02 17:49:07 EDT 2019 org.apache.commons.math3.optimization.fitting.HarmonicFitter,347
Mon Sep 02 17:52:38 EDT 2019 org.apache.commons.math3.optimization.fitting.HarmonicFitter,349
Mon Sep 02 17:56:18 EDT 2019 org.apache.commons.math3.optimization.fitting.HarmonicFitter,350
Mon Sep 02 18:00:24 EDT 2019 org.apache.commons.math3.optimization.fitting.HarmonicFitter,351
Mon Sep 02 18:03:28 EDT 2019 org.apache.commons.math3.optimization.fitting.HarmonicFitter,352
Mon Sep 02 18:05:38 EDT 2019 org.apache.commons.math3.optimization.fitting.HarmonicFitter,353
Mon Sep 02 18:05:39 EDT 2019 org.apache.commons.math3.optimization.fitting.HarmonicFitter,356
Mon Sep 02 18:31:46 EDT 2019 Mon Sep 02 18:31:46 EDT 2019 : org.apache.commons.math3.optimization.fitting.HarmonicFitter,357=>Find no block
Mon Sep 02 18:31:47 EDT 2019 Mon Sep 02 18:31:47 EDT 2019 : org.apache.commons.math3.optimization.fitting.HarmonicFitter,195=>Find no block
Mon Sep 02 18:31:48 EDT 2019 org.apache.commons.math3.optimization.fitting.HarmonicFitter,196
Mon Sep 02 18:42:16 EDT 2019 Mon Sep 02 18:42:16 EDT 2019 : org.apache.commons.math3.optimization.fitting.WeightedObservedPoint,47=>Find no block
Mon Sep 02 18:42:18 EDT 2019 org.apache.commons.math3.optimization.fitting.WeightedObservedPoint,48
Timeout time : 19/09/02 18:45
