=================================================
Project : math_26	start : 19/09/02 13:44
Current failed test : org.apache.commons.math3.fraction.FractionTest::testIntegerOverflow | 19/09/02 13:45
Mon Sep 02 13:46:05 EDT 2019 org.apache.commons.math3.fraction.FractionConversionException,53
Mon Sep 02 13:46:14 EDT 2019 Mon Sep 02 13:46:14 EDT 2019 : org.apache.commons.math3.fraction.FractionConversionException,54=>Find no block
Mon Sep 02 13:46:16 EDT 2019 org.apache.commons.math3.fraction.Fraction,182

----------------------------------------
----------------------------------------
Pass Single Test : [=>0,0]
if((a0>overflow)||(serialVersionUID>overflow)){
throw new FractionConversionException(value,a0,1l);
}

Time : 19/09/02 13:46
----------------------------------------

----------------------------------------
----------------------------------------
Pass Single Test : [=>0,0]
if((a0>overflow)||(serialVersionUID>overflow)){
throw new FractionConversionException(value,a0,serialVersionUID);
}

Time : 19/09/02 13:48
----------------------------------------
Mon Sep 02 13:52:58 EDT 2019 org.apache.commons.math3.fraction.Fraction,210
Mon Sep 02 13:56:55 EDT 2019 Mon Sep 02 13:56:55 EDT 2019 : org.apache.commons.math3.exception.ConvergenceException,48=>Find no block
Mon Sep 02 13:56:56 EDT 2019 org.apache.commons.math3.exception.ConvergenceException,49
Mon Sep 02 13:57:36 EDT 2019 Mon Sep 02 13:57:36 EDT 2019 : org.apache.commons.math3.exception.ConvergenceException,50=>Find no block
Mon Sep 02 13:57:37 EDT 2019 org.apache.commons.math3.exception.MathIllegalStateException,69
Mon Sep 02 13:57:42 EDT 2019 Mon Sep 02 13:57:42 EDT 2019 : org.apache.commons.math3.exception.MathIllegalStateException,70=>Find no block
Mon Sep 02 13:57:43 EDT 2019 org.apache.commons.math3.exception.MathIllegalStateException,74
Mon Sep 02 13:57:47 EDT 2019 Mon Sep 02 13:57:47 EDT 2019 : org.apache.commons.math3.exception.MathIllegalStateException,45=>Find no block
Mon Sep 02 13:57:49 EDT 2019 org.apache.commons.math3.exception.MathIllegalStateException,46
Mon Sep 02 13:57:53 EDT 2019 org.apache.commons.math3.exception.MathIllegalStateException,47
Mon Sep 02 13:57:54 EDT 2019 Mon Sep 02 13:57:54 EDT 2019 : org.apache.commons.math3.exception.MathIllegalStateException,48=>Find no block
Mon Sep 02 13:57:55 EDT 2019 org.apache.commons.math3.fraction.Fraction,188
Mon Sep 02 14:06:01 EDT 2019 org.apache.commons.math3.fraction.Fraction,189
Mon Sep 02 14:06:02 EDT 2019 org.apache.commons.math3.fraction.Fraction,190
Mon Sep 02 14:06:03 EDT 2019 org.apache.commons.math3.fraction.Fraction,215
Mon Sep 02 14:14:31 EDT 2019 org.apache.commons.math3.fraction.Fraction,216
Mon Sep 02 14:14:33 EDT 2019 org.apache.commons.math3.fraction.Fraction,217
Mon Sep 02 14:14:34 EDT 2019 org.apache.commons.math3.fraction.Fraction,218
Mon Sep 02 14:14:35 EDT 2019 org.apache.commons.math3.fraction.Fraction,219
Mon Sep 02 14:14:36 EDT 2019 org.apache.commons.math3.fraction.Fraction,220
Mon Sep 02 14:14:38 EDT 2019 org.apache.commons.math3.util.FastMath,3255

----------------------------------------
----------------------------------------
Pass Single Test : [=>0,0]
if(x<=E){
return 0;
}
if(y==0){
return x*y;
}

Time : 19/09/02 14:15
----------------------------------------

----------------------------------------
----------------------------------------
Pass Single Test : [=>0,0]
if(x<=E){
return 0;
}
if(x==0){
return x*y;
}

Time : 19/09/02 14:17
----------------------------------------

----------------------------------------
----------------------------------------
Pass Single Test : [=>0,0]
if(y!=0){
return x*y;
}

Time : 19/09/02 14:18
----------------------------------------

----------------------------------------
----------------------------------------
Pass Single Test : [=>0,0]
if(x<=0){
return 0;
}
if(y==0){
return x*y;
}

Time : 19/09/02 14:29
----------------------------------------
Mon Sep 02 14:31:30 EDT 2019 org.apache.commons.math3.fraction.Fraction,193
Mon Sep 02 14:39:53 EDT 2019 org.apache.commons.math3.fraction.Fraction,194
Mon Sep 02 14:42:58 EDT 2019 org.apache.commons.math3.fraction.Fraction,195
Mon Sep 02 14:46:15 EDT 2019 org.apache.commons.math3.fraction.Fraction,196
Mon Sep 02 14:52:39 EDT 2019 org.apache.commons.math3.fraction.Fraction,198
Mon Sep 02 14:52:43 EDT 2019 org.apache.commons.math3.fraction.Fraction,199
Mon Sep 02 14:55:31 EDT 2019 org.apache.commons.math3.fraction.Fraction,201
Mon Sep 02 14:57:36 EDT 2019 org.apache.commons.math3.fraction.Fraction,202
Mon Sep 02 14:57:38 EDT 2019 org.apache.commons.math3.fraction.Fraction,204
Mon Sep 02 15:01:15 EDT 2019 org.apache.commons.math3.fraction.Fraction,205
Mon Sep 02 15:01:16 EDT 2019 org.apache.commons.math3.fraction.Fraction,206
Mon Sep 02 15:02:32 EDT 2019 org.apache.commons.math3.fraction.Fraction,207
Mon Sep 02 15:03:18 EDT 2019 org.apache.commons.math3.fraction.Fraction,208
Mon Sep 02 15:04:42 EDT 2019 org.apache.commons.math3.fraction.Fraction,209
Mon Sep 02 15:04:43 EDT 2019 org.apache.commons.math3.fraction.Fraction,213
Mon Sep 02 15:08:10 EDT 2019 org.apache.commons.math3.fraction.Fraction,214
Mon Sep 02 15:08:20 EDT 2019 org.apache.commons.math3.fraction.Fraction,224
Mon Sep 02 15:18:38 EDT 2019 Mon Sep 02 15:18:38 EDT 2019 : org.apache.commons.math3.fraction.Fraction,122=>Find no block
Mon Sep 02 15:18:39 EDT 2019 org.apache.commons.math3.fraction.Fraction,121
Mon Sep 02 15:19:40 EDT 2019 Mon Sep 02 15:19:40 EDT 2019 : org.apache.commons.math3.fraction.Fraction,177=>Find no block
Mon Sep 02 15:19:41 EDT 2019 org.apache.commons.math3.fraction.Fraction,178
Mon Sep 02 15:22:40 EDT 2019 org.apache.commons.math3.fraction.Fraction,179
Mon Sep 02 15:22:41 EDT 2019 org.apache.commons.math3.fraction.Fraction,180

----------------------------------------
----------------------------------------
Pass Single Test : [=>0,0]
double r0=value;
long a0=(long)FastMath.floor(r0);
if((a0>overflow)||(serialVersionUID>overflow)){
throw new FractionConversionException(value,a0,1l);
}

Time : 19/09/02 15:23
----------------------------------------

----------------------------------------
----------------------------------------
Pass Single Test : [=>0,0]
double r0=value;
long a0=(long)FastMath.floor(r0);
if((a0>overflow)||(serialVersionUID>overflow)){
throw new FractionConversionException(value,a0,serialVersionUID);
}

Time : 19/09/02 15:25
----------------------------------------
Mon Sep 02 15:32:21 EDT 2019 org.apache.commons.math3.fraction.Fraction,181
Mon Sep 02 15:32:22 EDT 2019 org.apache.commons.math3.fraction.Fraction,187
Mon Sep 02 15:32:24 EDT 2019 org.apache.commons.math3.util.FastMath,2927
Mon Sep 02 15:32:43 EDT 2019 org.apache.commons.math3.util.FastMath,3241

----------------------------------------
----------------------------------------
Pass Single Test : [=>0,0]
if(x==x){
return Math.PI*F_1_4;
}

Time : 19/09/02 15:33
----------------------------------------

----------------------------------------
----------------------------------------
Pass Single Test : [=>0,0]
if(x==x){
return PI;
}

Time : 19/09/02 15:43
----------------------------------------

----------------------------------------
----------------------------------------
Pass Single Test : [=>0,0]
if(x==x){
return F_1_4;
}

Time : 19/09/02 15:54
----------------------------------------

----------------------------------------
----------------------------------------
Pass Single Test : [=>0,0]
if(x==x){
return Math.PI*F_3_4;
}

Time : 19/09/02 16:04
----------------------------------------

----------------------------------------
----------------------------------------
Pass Single Test : [=>0,0]
if(x==x){
return F_3_4;
}

Time : 19/09/02 16:14
----------------------------------------

----------------------------------------
----------------------------------------
Pass Single Test : [=>0,0]
if(x==x){
return -Math.PI*F_1_4;
}

Time : 19/09/02 16:24
----------------------------------------

----------------------------------------
----------------------------------------
Pass Single Test : [=>0,0]
if(x==x){
return -Math.PI*F_3_4;
}

Time : 19/09/02 16:26
----------------------------------------

----------------------------------------
----------------------------------------
Pass Single Test : [=>0,0]
if(x==x){
return x/0.0;
}

Time : 19/09/02 16:29
----------------------------------------

----------------------------------------
----------------------------------------
Pass Single Test : [=>0,0]
if(x==x){
return 2/(E-E);
}

Time : 19/09/02 16:40
----------------------------------------

----------------------------------------
----------------------------------------
Pass Single Test : [=>0,0]
if(x==x){
return Math.PI/2.0;
}

Time : 19/09/02 16:52
----------------------------------------

----------------------------------------
----------------------------------------
Pass Single Test : [=>0,0]
if(x==x){
return Math.PI*F_1_2;
}

Time : 19/09/02 17:02
----------------------------------------

----------------------------------------
----------------------------------------
Pass Single Test : [=>0,0]
if(x==x){
return F_1_2;
}

Time : 19/09/02 17:13
----------------------------------------
Mon Sep 02 17:25:02 EDT 2019 org.apache.commons.math3.util.FastMath,3245

----------------------------------------
----------------------------------------
Pass Single Test : [=>0,0]
if(x>1.0E-6||x<-1.0E-6){
return log(1.0+x,new double[2]);
}

Time : 19/09/02 17:37
----------------------------------------

----------------------------------------
----------------------------------------
Pass Single Test : [=>0,0]
if(x>=TWO_POWER_52||x<-1.0E-6){
return log(1.0+x,new double[2]);
}

Time : 19/09/02 17:48
----------------------------------------

----------------------------------------
----------------------------------------
Pass Single Test : [=>0,0]
if(x>TWO_POWER_52||x<-1.0E-6){
return log(1.0+x,new double[2]);
}

Time : 19/09/02 17:49
----------------------------------------
Mon Sep 02 17:52:59 EDT 2019 org.apache.commons.math3.util.FastMath,3249

----------------------------------------
----------------------------------------
Pass Single Test : [=>0,0]
if(x>1.0E-6||x<-1.0E-6){
return log(1.0+x,new double[2]);
}
y=(long)x;
if(x<0&&y!=x){
y--;
}

Time : 19/09/02 18:09
----------------------------------------

----------------------------------------
----------------------------------------
Pass Single Test : [=>0,0]
if(x>=TWO_POWER_52||x<-1.0E-6){
return log(1.0+x,new double[2]);
}
y=(long)x;
if(x<0&&y!=x){
y--;
}

Time : 19/09/02 18:20
----------------------------------------

----------------------------------------
----------------------------------------
Pass Single Test : [=>0,0]
if(x>TWO_POWER_52||x<-1.0E-6){
return log(1.0+x,new double[2]);
}
y=(long)x;
if(x<0&&y!=x){
y--;
}

Time : 19/09/02 18:22
----------------------------------------
Mon Sep 02 18:26:01 EDT 2019 org.apache.commons.math3.util.FastMath,3250
Mon Sep 02 18:26:02 EDT 2019 org.apache.commons.math3.util.FastMath,3254
Mon Sep 02 18:26:03 EDT 2019 org.apache.commons.math3.util.FastMath,3258

----------------------------------------
----------------------------------------
Pass Single Test : [=>0,0]
if(y==0){
return x*y;
}
return PI;

Time : 19/09/02 18:26
----------------------------------------

----------------------------------------
----------------------------------------
Pass Single Test : [=>0,0]
if(y==0){
return x*y;
}
return F_1_4;

Time : 19/09/02 18:36
----------------------------------------
Timeout time : 19/09/02 18:46
