=================================================
Project : math_27	start : 19/09/02 13:44
Current failed test : org.apache.commons.math3.fraction.FractionTest::testMath835 | 19/09/02 13:44
Mon Sep 02 13:45:45 EDT 2019 org.apache.commons.math3.fraction.Fraction,597
Mon Sep 02 13:46:06 EDT 2019 org.apache.commons.math3.fraction.Fraction,555
Mon Sep 02 13:46:18 EDT 2019 org.apache.commons.math3.fraction.Fraction,319
Mon Sep 02 13:46:25 EDT 2019 Mon Sep 02 13:46:25 EDT 2019 : org.apache.commons.math3.fraction.Fraction,256=>Find no block
Mon Sep 02 13:46:26 EDT 2019 org.apache.commons.math3.fraction.Fraction,257
Mon Sep 02 13:47:31 EDT 2019 org.apache.commons.math3.fraction.Fraction,261
Mon Sep 02 13:48:12 EDT 2019 org.apache.commons.math3.fraction.Fraction,271
Mon Sep 02 13:51:00 EDT 2019 org.apache.commons.math3.fraction.Fraction,272
Mon Sep 02 13:51:01 EDT 2019 org.apache.commons.math3.fraction.Fraction,273
Mon Sep 02 13:51:02 EDT 2019 org.apache.commons.math3.fraction.Fraction,274
Mon Sep 02 13:51:03 EDT 2019 org.apache.commons.math3.fraction.Fraction,278
Mon Sep 02 13:51:38 EDT 2019 org.apache.commons.math3.fraction.Fraction,282
Mon Sep 02 13:52:32 EDT 2019 org.apache.commons.math3.fraction.Fraction,283
Mon Sep 02 13:52:34 EDT 2019 Mon Sep 02 13:52:34 EDT 2019 : org.apache.commons.math3.fraction.Fraction,284=>Find no block
Mon Sep 02 13:52:35 EDT 2019 Mon Sep 02 13:52:35 EDT 2019 : org.apache.commons.math3.fraction.Fraction,42=>Find no block
Mon Sep 02 13:52:36 EDT 2019 Mon Sep 02 13:52:36 EDT 2019 : org.apache.commons.math3.fraction.Fraction,45=>Find no block
Mon Sep 02 13:52:37 EDT 2019 Mon Sep 02 13:52:37 EDT 2019 : org.apache.commons.math3.fraction.Fraction,48=>Find no block
Mon Sep 02 13:52:38 EDT 2019 Mon Sep 02 13:52:38 EDT 2019 : org.apache.commons.math3.fraction.Fraction,51=>Find no block
Mon Sep 02 13:52:40 EDT 2019 Mon Sep 02 13:52:40 EDT 2019 : org.apache.commons.math3.fraction.Fraction,54=>Find no block
Mon Sep 02 13:52:41 EDT 2019 Mon Sep 02 13:52:41 EDT 2019 : org.apache.commons.math3.fraction.Fraction,57=>Find no block
Mon Sep 02 13:52:42 EDT 2019 Mon Sep 02 13:52:42 EDT 2019 : org.apache.commons.math3.fraction.Fraction,60=>Find no block
Mon Sep 02 13:52:43 EDT 2019 Mon Sep 02 13:52:43 EDT 2019 : org.apache.commons.math3.fraction.Fraction,63=>Find no block
Mon Sep 02 13:52:44 EDT 2019 Mon Sep 02 13:52:44 EDT 2019 : org.apache.commons.math3.fraction.Fraction,66=>Find no block
Mon Sep 02 13:52:46 EDT 2019 Mon Sep 02 13:52:46 EDT 2019 : org.apache.commons.math3.fraction.Fraction,69=>Find no block
Mon Sep 02 13:52:47 EDT 2019 Mon Sep 02 13:52:47 EDT 2019 : org.apache.commons.math3.fraction.Fraction,72=>Find no block
Mon Sep 02 13:52:48 EDT 2019 Mon Sep 02 13:52:48 EDT 2019 : org.apache.commons.math3.fraction.Fraction,75=>Find no block
Mon Sep 02 13:52:49 EDT 2019 Mon Sep 02 13:52:49 EDT 2019 : org.apache.commons.math3.fraction.Fraction,78=>Find no block
Mon Sep 02 13:52:50 EDT 2019 Mon Sep 02 13:52:50 EDT 2019 : org.apache.commons.math3.fraction.Fraction,81=>Find no block
Mon Sep 02 13:52:52 EDT 2019 Mon Sep 02 13:52:52 EDT 2019 : org.apache.commons.math3.util.FastMath,113=>Find no block
Mon Sep 02 13:52:53 EDT 2019 Mon Sep 02 13:52:53 EDT 2019 : org.apache.commons.math3.util.FastMath,126=>Find no block
Mon Sep 02 13:52:54 EDT 2019 Mon Sep 02 13:52:54 EDT 2019 : org.apache.commons.math3.util.FastMath,139=>Find no block
Mon Sep 02 13:52:56 EDT 2019 Mon Sep 02 13:52:56 EDT 2019 : org.apache.commons.math3.util.FastMath,158=>Find no block
Mon Sep 02 13:52:57 EDT 2019 Mon Sep 02 13:52:57 EDT 2019 : org.apache.commons.math3.util.FastMath,177=>Find no block
Mon Sep 02 13:52:58 EDT 2019 Mon Sep 02 13:52:58 EDT 2019 : org.apache.commons.math3.util.FastMath,196=>Find no block
Mon Sep 02 13:52:59 EDT 2019 Mon Sep 02 13:52:59 EDT 2019 : org.apache.commons.math3.util.FastMath,216=>Find no block
Mon Sep 02 13:53:01 EDT 2019 Mon Sep 02 13:53:01 EDT 2019 : org.apache.commons.math3.util.FastMath,235=>Find no block
Mon Sep 02 13:53:02 EDT 2019 Mon Sep 02 13:53:02 EDT 2019 : org.apache.commons.math3.util.FastMath,254=>Find no block
Mon Sep 02 13:53:03 EDT 2019 Mon Sep 02 13:53:03 EDT 2019 : org.apache.commons.math3.util.FastMath,275=>Find no block
Mon Sep 02 13:53:04 EDT 2019 Mon Sep 02 13:53:04 EDT 2019 : org.apache.commons.math3.util.FastMath,283=>Find no block
Mon Sep 02 13:53:05 EDT 2019 Mon Sep 02 13:53:05 EDT 2019 : org.apache.commons.math3.util.FastMath,286=>Find no block
Mon Sep 02 13:53:07 EDT 2019 org.apache.commons.math3.util.FastMath,2900
Mon Sep 02 13:53:11 EDT 2019 Mon Sep 02 13:53:11 EDT 2019 : org.apache.commons.math3.util.ArithmeticUtils,35=>Find no block
Mon Sep 02 13:53:12 EDT 2019 org.apache.commons.math3.util.ArithmeticUtils,385
Mon Sep 02 14:11:50 EDT 2019 org.apache.commons.math3.util.ArithmeticUtils,386
Mon Sep 02 14:11:51 EDT 2019 org.apache.commons.math3.util.ArithmeticUtils,387
Mon Sep 02 14:11:52 EDT 2019 org.apache.commons.math3.util.ArithmeticUtils,388
Mon Sep 02 14:11:53 EDT 2019 org.apache.commons.math3.util.ArithmeticUtils,392
Mon Sep 02 14:11:55 EDT 2019 org.apache.commons.math3.util.ArithmeticUtils,399
Mon Sep 02 14:12:19 EDT 2019 org.apache.commons.math3.util.ArithmeticUtils,400
Mon Sep 02 14:12:20 EDT 2019 org.apache.commons.math3.util.ArithmeticUtils,402
Mon Sep 02 14:13:26 EDT 2019 org.apache.commons.math3.util.ArithmeticUtils,403
Mon Sep 02 14:13:27 EDT 2019 org.apache.commons.math3.util.ArithmeticUtils,406
Mon Sep 02 14:18:49 EDT 2019 org.apache.commons.math3.util.ArithmeticUtils,407
Mon Sep 02 14:18:50 EDT 2019 org.apache.commons.math3.util.ArithmeticUtils,409
Mon Sep 02 14:18:51 EDT 2019 org.apache.commons.math3.util.ArithmeticUtils,410
Mon Sep 02 14:18:52 EDT 2019 org.apache.commons.math3.util.ArithmeticUtils,411
Mon Sep 02 14:18:53 EDT 2019 org.apache.commons.math3.util.ArithmeticUtils,413
Mon Sep 02 14:26:46 EDT 2019 org.apache.commons.math3.util.ArithmeticUtils,419
Mon Sep 02 14:30:33 EDT 2019 org.apache.commons.math3.util.ArithmeticUtils,425
Mon Sep 02 14:30:36 EDT 2019 org.apache.commons.math3.util.ArithmeticUtils,426
Mon Sep 02 14:30:38 EDT 2019 org.apache.commons.math3.util.ArithmeticUtils,429
Mon Sep 02 14:34:36 EDT 2019 org.apache.commons.math3.util.ArithmeticUtils,430
Mon Sep 02 14:34:37 EDT 2019 org.apache.commons.math3.util.ArithmeticUtils,432
Mon Sep 02 14:34:38 EDT 2019 org.apache.commons.math3.util.ArithmeticUtils,435
Mon Sep 02 14:34:48 EDT 2019 org.apache.commons.math3.util.ArithmeticUtils,438
Mon Sep 02 14:34:49 EDT 2019 org.apache.commons.math3.util.ArithmeticUtils,439
Mon Sep 02 14:37:36 EDT 2019 org.apache.commons.math3.fraction.FractionConversionException,42
Mon Sep 02 14:38:13 EDT 2019 Mon Sep 02 14:38:13 EDT 2019 : org.apache.commons.math3.fraction.FractionConversionException,43=>Find no block
Mon Sep 02 14:38:14 EDT 2019 org.apache.commons.math3.fraction.FractionConversionException,53
Mon Sep 02 14:38:24 EDT 2019 Mon Sep 02 14:38:24 EDT 2019 : org.apache.commons.math3.fraction.FractionConversionException,54=>Find no block
Mon Sep 02 14:38:25 EDT 2019 org.apache.commons.math3.exception.ConvergenceException,37
Mon Sep 02 14:38:35 EDT 2019 Mon Sep 02 14:38:35 EDT 2019 : org.apache.commons.math3.exception.ConvergenceException,38=>Find no block
Mon Sep 02 14:38:36 EDT 2019 Mon Sep 02 14:38:36 EDT 2019 : org.apache.commons.math3.exception.ConvergenceException,48=>Find no block
Mon Sep 02 14:38:37 EDT 2019 org.apache.commons.math3.exception.ConvergenceException,49
Mon Sep 02 14:40:14 EDT 2019 Mon Sep 02 14:40:14 EDT 2019 : org.apache.commons.math3.exception.ConvergenceException,50=>Find no block
Mon Sep 02 14:40:15 EDT 2019 Mon Sep 02 14:40:15 EDT 2019 : org.apache.commons.math3.exception.MathIllegalStateException,45=>Find no block
Mon Sep 02 14:40:16 EDT 2019 org.apache.commons.math3.exception.MathIllegalStateException,46
Mon Sep 02 14:40:24 EDT 2019 org.apache.commons.math3.exception.MathIllegalStateException,47
Mon Sep 02 14:40:26 EDT 2019 Mon Sep 02 14:40:26 EDT 2019 : org.apache.commons.math3.exception.MathIllegalStateException,48=>Find no block
Mon Sep 02 14:40:27 EDT 2019 org.apache.commons.math3.exception.MathIllegalStateException,60
Mon Sep 02 14:40:35 EDT 2019 org.apache.commons.math3.exception.MathIllegalStateException,61
Mon Sep 02 14:40:36 EDT 2019 org.apache.commons.math3.exception.MathIllegalStateException,62
Mon Sep 02 14:40:38 EDT 2019 Mon Sep 02 14:40:38 EDT 2019 : org.apache.commons.math3.exception.MathIllegalStateException,63=>Find no block
Mon Sep 02 14:40:39 EDT 2019 org.apache.commons.math3.exception.MathIllegalStateException,69
Mon Sep 02 14:40:48 EDT 2019 Mon Sep 02 14:40:48 EDT 2019 : org.apache.commons.math3.exception.MathIllegalStateException,70=>Find no block
Mon Sep 02 14:40:50 EDT 2019 org.apache.commons.math3.exception.MathIllegalStateException,74
Mon Sep 02 14:40:58 EDT 2019 org.apache.commons.math3.exception.MathIllegalStateException,80
Mon Sep 02 14:42:33 EDT 2019 org.apache.commons.math3.exception.MathIllegalStateException,86
Mon Sep 02 14:43:59 EDT 2019 org.apache.commons.math3.fraction.Fraction,99
Mon Sep 02 14:44:08 EDT 2019 Mon Sep 02 14:44:08 EDT 2019 : org.apache.commons.math3.fraction.Fraction,100=>Find no block
Mon Sep 02 14:44:09 EDT 2019 org.apache.commons.math3.fraction.Fraction,121
Mon Sep 02 14:46:04 EDT 2019 Mon Sep 02 14:46:04 EDT 2019 : org.apache.commons.math3.fraction.Fraction,122=>Find no block
Mon Sep 02 14:46:05 EDT 2019 org.apache.commons.math3.fraction.Fraction,141
Mon Sep 02 14:47:30 EDT 2019 Mon Sep 02 14:47:30 EDT 2019 : org.apache.commons.math3.fraction.Fraction,142=>Find no block
Mon Sep 02 14:47:31 EDT 2019 Mon Sep 02 14:47:31 EDT 2019 : org.apache.commons.math3.fraction.Fraction,177=>Find no block
Mon Sep 02 14:47:32 EDT 2019 org.apache.commons.math3.fraction.Fraction,178
Mon Sep 02 14:55:45 EDT 2019 org.apache.commons.math3.fraction.Fraction,179
Mon Sep 02 14:55:46 EDT 2019 org.apache.commons.math3.fraction.Fraction,180
Mon Sep 02 15:14:18 EDT 2019 org.apache.commons.math3.fraction.Fraction,181
Mon Sep 02 15:25:23 EDT 2019 org.apache.commons.math3.fraction.Fraction,182
Mon Sep 02 15:25:25 EDT 2019 org.apache.commons.math3.fraction.Fraction,187
Mon Sep 02 15:49:26 EDT 2019 org.apache.commons.math3.fraction.Fraction,188
Mon Sep 02 15:49:28 EDT 2019 org.apache.commons.math3.fraction.Fraction,189
Mon Sep 02 15:49:29 EDT 2019 org.apache.commons.math3.fraction.Fraction,190
Mon Sep 02 15:49:34 EDT 2019 org.apache.commons.math3.fraction.Fraction,193
Mon Sep 02 16:14:28 EDT 2019 org.apache.commons.math3.fraction.Fraction,194
Mon Sep 02 16:22:20 EDT 2019 org.apache.commons.math3.fraction.Fraction,195
Mon Sep 02 16:30:20 EDT 2019 org.apache.commons.math3.fraction.Fraction,196
Mon Sep 02 16:46:26 EDT 2019 org.apache.commons.math3.fraction.Fraction,198
Mon Sep 02 16:46:35 EDT 2019 org.apache.commons.math3.fraction.Fraction,199
Mon Sep 02 16:54:41 EDT 2019 org.apache.commons.math3.fraction.Fraction,201
Mon Sep 02 17:00:35 EDT 2019 org.apache.commons.math3.fraction.Fraction,202
Mon Sep 02 17:00:36 EDT 2019 org.apache.commons.math3.fraction.Fraction,204
Mon Sep 02 17:09:46 EDT 2019 org.apache.commons.math3.fraction.Fraction,205
Mon Sep 02 17:09:47 EDT 2019 org.apache.commons.math3.fraction.Fraction,206
Mon Sep 02 17:13:11 EDT 2019 org.apache.commons.math3.fraction.Fraction,207
Mon Sep 02 17:14:52 EDT 2019 org.apache.commons.math3.fraction.Fraction,208
Mon Sep 02 17:18:26 EDT 2019 org.apache.commons.math3.fraction.Fraction,209
Mon Sep 02 17:29:54 EDT 2019 org.apache.commons.math3.fraction.Fraction,210
Mon Sep 02 17:29:55 EDT 2019 org.apache.commons.math3.fraction.Fraction,213
Mon Sep 02 17:39:30 EDT 2019 org.apache.commons.math3.fraction.Fraction,214
Mon Sep 02 18:04:09 EDT 2019 org.apache.commons.math3.fraction.Fraction,215
Mon Sep 02 18:04:10 EDT 2019 org.apache.commons.math3.fraction.Fraction,216
Mon Sep 02 18:04:11 EDT 2019 org.apache.commons.math3.fraction.Fraction,217
Mon Sep 02 18:04:12 EDT 2019 org.apache.commons.math3.fraction.Fraction,218
Mon Sep 02 18:04:14 EDT 2019 org.apache.commons.math3.fraction.Fraction,219
Mon Sep 02 18:04:15 EDT 2019 org.apache.commons.math3.fraction.Fraction,220
Mon Sep 02 18:04:16 EDT 2019 org.apache.commons.math3.fraction.Fraction,222
Mon Sep 02 18:04:17 EDT 2019 org.apache.commons.math3.fraction.Fraction,224
Mon Sep 02 18:33:07 EDT 2019 org.apache.commons.math3.fraction.Fraction,226
Timeout time : 19/09/02 18:45
