=================================================
Project : math_29	start : 19/09/02 13:44
Current failed test : org.apache.commons.math3.linear.SparseRealVectorTest::testEbeMultiplySameType | 19/09/02 13:45
Mon Sep 02 13:45:53 EDT 2019 org.apache.commons.math3.linear.OpenMapRealVector,361
Mon Sep 02 13:51:56 EDT 2019 org.apache.commons.math3.linear.OpenMapRealVector,362
Mon Sep 02 13:51:57 EDT 2019 org.apache.commons.math3.linear.OpenMapRealVector,363
Mon Sep 02 13:51:59 EDT 2019 org.apache.commons.math3.linear.OpenMapRealVector,364
Mon Sep 02 13:52:00 EDT 2019 org.apache.commons.math3.linear.OpenMapRealVector,365
Mon Sep 02 13:52:01 EDT 2019 org.apache.commons.math3.linear.OpenMapRealVector,374
Mon Sep 02 13:52:02 EDT 2019 org.apache.commons.math3.util.OpenIntToDoubleHashMap,281
Mon Sep 02 13:56:20 EDT 2019 org.apache.commons.math3.util.OpenIntToDoubleHashMap,282
Mon Sep 02 13:56:22 EDT 2019 org.apache.commons.math3.util.OpenIntToDoubleHashMap,283
Mon Sep 02 13:56:23 EDT 2019 org.apache.commons.math3.util.OpenIntToDoubleHashMap,285
Mon Sep 02 13:56:24 EDT 2019 org.apache.commons.math3.util.OpenIntToDoubleHashMap,292
Mon Sep 02 14:00:11 EDT 2019 org.apache.commons.math3.linear.OpenMapRealVector,360
Mon Sep 02 14:00:12 EDT 2019 org.apache.commons.math3.util.OpenIntToDoubleHashMap,277
Mon Sep 02 14:10:06 EDT 2019 org.apache.commons.math3.util.OpenIntToDoubleHashMap,278
Mon Sep 02 14:20:33 EDT 2019 org.apache.commons.math3.util.OpenIntToDoubleHashMap,279
Mon Sep 02 14:20:34 EDT 2019 org.apache.commons.math3.util.OpenIntToDoubleHashMap,291
Mon Sep 02 14:20:36 EDT 2019 org.apache.commons.math3.util.OpenIntToDoubleHashMap,247
Mon Sep 02 14:20:39 EDT 2019 org.apache.commons.math3.util.OpenIntToDoubleHashMap,323
Mon Sep 02 14:21:30 EDT 2019 org.apache.commons.math3.util.OpenIntToDoubleHashMap,351
Mon Sep 02 14:25:36 EDT 2019 org.apache.commons.math3.util.OpenIntToDoubleHashMap,352
Mon Sep 02 14:25:37 EDT 2019 org.apache.commons.math3.util.OpenIntToDoubleHashMap,353
Mon Sep 02 14:26:43 EDT 2019 org.apache.commons.math3.util.OpenIntToDoubleHashMap,354
Mon Sep 02 14:26:44 EDT 2019 org.apache.commons.math3.util.OpenIntToDoubleHashMap,391
Mon Sep 02 14:29:16 EDT 2019 org.apache.commons.math3.util.OpenIntToDoubleHashMap,392
Mon Sep 02 14:29:17 EDT 2019 org.apache.commons.math3.util.OpenIntToDoubleHashMap,393
Mon Sep 02 14:29:18 EDT 2019 org.apache.commons.math3.util.OpenIntToDoubleHashMap,394
Mon Sep 02 14:29:19 EDT 2019 org.apache.commons.math3.util.OpenIntToDoubleHashMap,395
Mon Sep 02 14:29:20 EDT 2019 org.apache.commons.math3.util.OpenIntToDoubleHashMap,396
Mon Sep 02 14:29:21 EDT 2019 org.apache.commons.math3.util.OpenIntToDoubleHashMap,397
Mon Sep 02 14:29:22 EDT 2019 org.apache.commons.math3.linear.OpenMapRealVector,592
Mon Sep 02 14:30:02 EDT 2019 org.apache.commons.math3.util.OpenIntToDoubleHashMap,210
Mon Sep 02 14:31:06 EDT 2019 org.apache.commons.math3.util.OpenIntToDoubleHashMap,421
Mon Sep 02 14:31:10 EDT 2019 org.apache.commons.math3.util.OpenIntToDoubleHashMap,434
Mon Sep 02 14:38:11 EDT 2019 org.apache.commons.math3.util.OpenIntToDoubleHashMap,435
Mon Sep 02 14:38:12 EDT 2019 org.apache.commons.math3.util.OpenIntToDoubleHashMap,436
Mon Sep 02 14:39:22 EDT 2019 org.apache.commons.math3.util.OpenIntToDoubleHashMap,437
Mon Sep 02 14:40:37 EDT 2019 org.apache.commons.math3.util.OpenIntToDoubleHashMap,439
Mon Sep 02 14:40:41 EDT 2019 org.apache.commons.math3.util.OpenIntToDoubleHashMap,440
Mon Sep 02 14:40:45 EDT 2019 org.apache.commons.math3.util.OpenIntToDoubleHashMap,441
Mon Sep 02 14:40:49 EDT 2019 org.apache.commons.math3.util.OpenIntToDoubleHashMap,442
Mon Sep 02 14:40:53 EDT 2019 org.apache.commons.math3.util.OpenIntToDoubleHashMap,443
Mon Sep 02 15:20:29 EDT 2019 org.apache.commons.math3.util.OpenIntToDoubleHashMap,444
Mon Sep 02 15:20:31 EDT 2019 org.apache.commons.math3.util.OpenIntToDoubleHashMap,445
Mon Sep 02 15:20:32 EDT 2019 org.apache.commons.math3.util.OpenIntToDoubleHashMap,446
Mon Sep 02 15:20:33 EDT 2019 org.apache.commons.math3.util.OpenIntToDoubleHashMap,447
Mon Sep 02 15:20:34 EDT 2019 org.apache.commons.math3.util.OpenIntToDoubleHashMap,448
Mon Sep 02 15:20:35 EDT 2019 org.apache.commons.math3.util.OpenIntToDoubleHashMap,449
Mon Sep 02 15:20:36 EDT 2019 org.apache.commons.math3.util.OpenIntToDoubleHashMap,450
Mon Sep 02 15:20:37 EDT 2019 org.apache.commons.math3.util.OpenIntToDoubleHashMap,454
Timeout time : 19/09/02 15:25
Current failed test : org.apache.commons.math3.linear.SparseRealVectorTest::testEbeDivideMixedTypes | 19/09/02 15:25
Mon Sep 02 15:26:48 EDT 2019 org.apache.commons.math3.linear.OpenMapRealVector,361
Mon Sep 02 15:32:53 EDT 2019 org.apache.commons.math3.linear.OpenMapRealVector,362
Mon Sep 02 15:32:55 EDT 2019 org.apache.commons.math3.linear.OpenMapRealVector,363
Mon Sep 02 15:32:56 EDT 2019 org.apache.commons.math3.linear.OpenMapRealVector,364
Mon Sep 02 15:32:58 EDT 2019 org.apache.commons.math3.linear.OpenMapRealVector,365
Mon Sep 02 15:32:59 EDT 2019 org.apache.commons.math3.linear.OpenMapRealVector,374
Mon Sep 02 15:33:00 EDT 2019 org.apache.commons.math3.util.OpenIntToDoubleHashMap,281
Mon Sep 02 15:37:24 EDT 2019 org.apache.commons.math3.util.OpenIntToDoubleHashMap,282
Mon Sep 02 15:37:25 EDT 2019 org.apache.commons.math3.util.OpenIntToDoubleHashMap,283
Mon Sep 02 15:37:26 EDT 2019 org.apache.commons.math3.util.OpenIntToDoubleHashMap,285
Mon Sep 02 15:37:28 EDT 2019 org.apache.commons.math3.util.OpenIntToDoubleHashMap,292
Mon Sep 02 15:41:16 EDT 2019 org.apache.commons.math3.linear.OpenMapRealVector,360
Mon Sep 02 15:41:17 EDT 2019 org.apache.commons.math3.util.OpenIntToDoubleHashMap,277
Mon Sep 02 15:52:13 EDT 2019 org.apache.commons.math3.util.OpenIntToDoubleHashMap,278
Mon Sep 02 16:04:11 EDT 2019 org.apache.commons.math3.util.OpenIntToDoubleHashMap,279
Mon Sep 02 16:04:12 EDT 2019 org.apache.commons.math3.util.OpenIntToDoubleHashMap,291
Mon Sep 02 16:04:13 EDT 2019 org.apache.commons.math3.util.OpenIntToDoubleHashMap,247
Mon Sep 02 16:04:17 EDT 2019 org.apache.commons.math3.util.OpenIntToDoubleHashMap,323
Mon Sep 02 16:05:05 EDT 2019 org.apache.commons.math3.util.OpenIntToDoubleHashMap,351
Mon Sep 02 16:09:05 EDT 2019 org.apache.commons.math3.util.OpenIntToDoubleHashMap,352
Mon Sep 02 16:09:06 EDT 2019 org.apache.commons.math3.util.OpenIntToDoubleHashMap,353
Mon Sep 02 16:10:10 EDT 2019 org.apache.commons.math3.util.OpenIntToDoubleHashMap,354
Mon Sep 02 16:10:12 EDT 2019 org.apache.commons.math3.util.OpenIntToDoubleHashMap,391
Mon Sep 02 16:12:38 EDT 2019 org.apache.commons.math3.util.OpenIntToDoubleHashMap,392
Mon Sep 02 16:12:39 EDT 2019 org.apache.commons.math3.util.OpenIntToDoubleHashMap,393
Mon Sep 02 16:12:41 EDT 2019 org.apache.commons.math3.util.OpenIntToDoubleHashMap,394
Mon Sep 02 16:12:42 EDT 2019 org.apache.commons.math3.util.OpenIntToDoubleHashMap,395
Mon Sep 02 16:12:43 EDT 2019 org.apache.commons.math3.util.OpenIntToDoubleHashMap,396
Mon Sep 02 16:12:44 EDT 2019 org.apache.commons.math3.util.OpenIntToDoubleHashMap,397
Mon Sep 02 16:12:46 EDT 2019 org.apache.commons.math3.linear.OpenMapRealVector,592
Mon Sep 02 16:13:26 EDT 2019 org.apache.commons.math3.util.OpenIntToDoubleHashMap,210
Mon Sep 02 16:14:31 EDT 2019 org.apache.commons.math3.util.OpenIntToDoubleHashMap,421
Mon Sep 02 16:14:36 EDT 2019 org.apache.commons.math3.util.OpenIntToDoubleHashMap,434
Mon Sep 02 16:21:42 EDT 2019 org.apache.commons.math3.util.OpenIntToDoubleHashMap,435
Mon Sep 02 16:21:43 EDT 2019 org.apache.commons.math3.util.OpenIntToDoubleHashMap,436
Mon Sep 02 16:22:52 EDT 2019 org.apache.commons.math3.util.OpenIntToDoubleHashMap,437
Mon Sep 02 16:24:08 EDT 2019 org.apache.commons.math3.util.OpenIntToDoubleHashMap,439
Mon Sep 02 16:24:12 EDT 2019 org.apache.commons.math3.util.OpenIntToDoubleHashMap,440
Mon Sep 02 16:24:16 EDT 2019 org.apache.commons.math3.util.OpenIntToDoubleHashMap,441
Mon Sep 02 16:24:21 EDT 2019 org.apache.commons.math3.util.OpenIntToDoubleHashMap,442
Mon Sep 02 16:24:25 EDT 2019 org.apache.commons.math3.util.OpenIntToDoubleHashMap,443
Mon Sep 02 17:03:58 EDT 2019 org.apache.commons.math3.util.OpenIntToDoubleHashMap,444
Mon Sep 02 17:04:00 EDT 2019 org.apache.commons.math3.util.OpenIntToDoubleHashMap,445
Mon Sep 02 17:04:01 EDT 2019 org.apache.commons.math3.util.OpenIntToDoubleHashMap,446
Mon Sep 02 17:04:02 EDT 2019 org.apache.commons.math3.util.OpenIntToDoubleHashMap,447
Mon Sep 02 17:04:04 EDT 2019 org.apache.commons.math3.util.OpenIntToDoubleHashMap,448
Mon Sep 02 17:04:05 EDT 2019 org.apache.commons.math3.util.OpenIntToDoubleHashMap,449
Mon Sep 02 17:04:06 EDT 2019 org.apache.commons.math3.util.OpenIntToDoubleHashMap,450
Mon Sep 02 17:04:07 EDT 2019 org.apache.commons.math3.util.OpenIntToDoubleHashMap,454
Timeout time : 19/09/02 17:06
Current failed test : org.apache.commons.math3.linear.SparseRealVectorTest::testEbeMultiplyMixedTypes | 19/09/02 17:06
Mon Sep 02 17:07:31 EDT 2019 org.apache.commons.math3.linear.OpenMapRealVector,361
Mon Sep 02 17:13:25 EDT 2019 org.apache.commons.math3.linear.OpenMapRealVector,362
Mon Sep 02 17:13:26 EDT 2019 org.apache.commons.math3.linear.OpenMapRealVector,363
Mon Sep 02 17:13:27 EDT 2019 org.apache.commons.math3.linear.OpenMapRealVector,364
Mon Sep 02 17:13:29 EDT 2019 org.apache.commons.math3.linear.OpenMapRealVector,365
Mon Sep 02 17:13:30 EDT 2019 org.apache.commons.math3.linear.OpenMapRealVector,374
Mon Sep 02 17:13:31 EDT 2019 org.apache.commons.math3.util.OpenIntToDoubleHashMap,281
Mon Sep 02 17:17:52 EDT 2019 org.apache.commons.math3.util.OpenIntToDoubleHashMap,282
Mon Sep 02 17:17:53 EDT 2019 org.apache.commons.math3.util.OpenIntToDoubleHashMap,283
Mon Sep 02 17:17:55 EDT 2019 org.apache.commons.math3.util.OpenIntToDoubleHashMap,285
Mon Sep 02 17:17:56 EDT 2019 org.apache.commons.math3.util.OpenIntToDoubleHashMap,292
Mon Sep 02 17:21:47 EDT 2019 org.apache.commons.math3.linear.OpenMapRealVector,360
Mon Sep 02 17:21:49 EDT 2019 org.apache.commons.math3.util.OpenIntToDoubleHashMap,277
Mon Sep 02 17:31:46 EDT 2019 org.apache.commons.math3.util.OpenIntToDoubleHashMap,278
Mon Sep 02 17:42:10 EDT 2019 org.apache.commons.math3.util.OpenIntToDoubleHashMap,279
Mon Sep 02 17:42:11 EDT 2019 org.apache.commons.math3.util.OpenIntToDoubleHashMap,291
Mon Sep 02 17:42:12 EDT 2019 org.apache.commons.math3.util.OpenIntToDoubleHashMap,247
Mon Sep 02 17:42:16 EDT 2019 org.apache.commons.math3.util.OpenIntToDoubleHashMap,323
Mon Sep 02 17:43:04 EDT 2019 org.apache.commons.math3.util.OpenIntToDoubleHashMap,351
Mon Sep 02 17:47:01 EDT 2019 org.apache.commons.math3.util.OpenIntToDoubleHashMap,352
Mon Sep 02 17:47:03 EDT 2019 org.apache.commons.math3.util.OpenIntToDoubleHashMap,353
Mon Sep 02 17:48:09 EDT 2019 org.apache.commons.math3.util.OpenIntToDoubleHashMap,354
Mon Sep 02 17:48:10 EDT 2019 org.apache.commons.math3.util.OpenIntToDoubleHashMap,391
Mon Sep 02 17:50:36 EDT 2019 org.apache.commons.math3.util.OpenIntToDoubleHashMap,392
Mon Sep 02 17:50:37 EDT 2019 org.apache.commons.math3.util.OpenIntToDoubleHashMap,393
Mon Sep 02 17:50:38 EDT 2019 org.apache.commons.math3.util.OpenIntToDoubleHashMap,394
Mon Sep 02 17:50:39 EDT 2019 org.apache.commons.math3.util.OpenIntToDoubleHashMap,395
Mon Sep 02 17:50:41 EDT 2019 org.apache.commons.math3.util.OpenIntToDoubleHashMap,396
Mon Sep 02 17:50:42 EDT 2019 org.apache.commons.math3.util.OpenIntToDoubleHashMap,397
Mon Sep 02 17:50:43 EDT 2019 org.apache.commons.math3.linear.OpenMapRealVector,592
Mon Sep 02 17:51:24 EDT 2019 org.apache.commons.math3.util.OpenIntToDoubleHashMap,210
Mon Sep 02 17:52:29 EDT 2019 org.apache.commons.math3.util.OpenIntToDoubleHashMap,421
Mon Sep 02 17:52:33 EDT 2019 org.apache.commons.math3.util.OpenIntToDoubleHashMap,434
Mon Sep 02 17:59:31 EDT 2019 org.apache.commons.math3.util.OpenIntToDoubleHashMap,435
Mon Sep 02 17:59:32 EDT 2019 org.apache.commons.math3.util.OpenIntToDoubleHashMap,436
Mon Sep 02 18:00:45 EDT 2019 org.apache.commons.math3.util.OpenIntToDoubleHashMap,437
Mon Sep 02 18:02:00 EDT 2019 org.apache.commons.math3.util.OpenIntToDoubleHashMap,439
Mon Sep 02 18:02:04 EDT 2019 org.apache.commons.math3.util.OpenIntToDoubleHashMap,440
Mon Sep 02 18:02:07 EDT 2019 org.apache.commons.math3.util.OpenIntToDoubleHashMap,441
Mon Sep 02 18:02:11 EDT 2019 org.apache.commons.math3.util.OpenIntToDoubleHashMap,442
Mon Sep 02 18:02:15 EDT 2019 org.apache.commons.math3.util.OpenIntToDoubleHashMap,443
Mon Sep 02 18:41:13 EDT 2019 org.apache.commons.math3.util.OpenIntToDoubleHashMap,444
Mon Sep 02 18:41:15 EDT 2019 org.apache.commons.math3.util.OpenIntToDoubleHashMap,445
Mon Sep 02 18:41:16 EDT 2019 org.apache.commons.math3.util.OpenIntToDoubleHashMap,446
Mon Sep 02 18:41:17 EDT 2019 org.apache.commons.math3.util.OpenIntToDoubleHashMap,447
Mon Sep 02 18:41:18 EDT 2019 org.apache.commons.math3.util.OpenIntToDoubleHashMap,448
Mon Sep 02 18:41:20 EDT 2019 org.apache.commons.math3.util.OpenIntToDoubleHashMap,449
Mon Sep 02 18:41:21 EDT 2019 org.apache.commons.math3.util.OpenIntToDoubleHashMap,450
Mon Sep 02 18:41:22 EDT 2019 org.apache.commons.math3.util.OpenIntToDoubleHashMap,454
Timeout time : 19/09/02 18:47
