=================================================
Project : math_3	start : 19/09/02 13:44
Current failed test : org.apache.commons.math3.util.MathArraysTest::testLinearCombinationWithSingleElementArray | 19/09/02 13:44
Mon Sep 02 13:46:39 EDT 2019 org.apache.commons.math3.util.MathArrays,816
Mon Sep 02 14:18:44 EDT 2019 org.apache.commons.math3.util.MathArrays,817
Mon Sep 02 14:45:00 EDT 2019 org.apache.commons.math3.util.MathArrays,823
Mon Sep 02 15:17:16 EDT 2019 org.apache.commons.math3.util.MathArrays,824
Mon Sep 02 15:17:18 EDT 2019 org.apache.commons.math3.util.MathArrays,826
Mon Sep 02 15:51:27 EDT 2019 org.apache.commons.math3.util.MathArrays,827
Mon Sep 02 15:57:45 EDT 2019 org.apache.commons.math3.util.MathArrays,828
Mon Sep 02 15:57:53 EDT 2019 org.apache.commons.math3.util.MathArrays,829
Mon Sep 02 16:00:06 EDT 2019 org.apache.commons.math3.util.MathArrays,830
Mon Sep 02 16:04:12 EDT 2019 org.apache.commons.math3.util.MathArrays,832
Mon Sep 02 16:09:45 EDT 2019 org.apache.commons.math3.util.MathArrays,833
Mon Sep 02 16:16:25 EDT 2019 org.apache.commons.math3.util.MathArrays,834
Mon Sep 02 16:18:53 EDT 2019 org.apache.commons.math3.util.MathArrays,835
Mon Sep 02 16:29:09 EDT 2019 org.apache.commons.math3.util.MathArrays,836
Mon Sep 02 16:36:53 EDT 2019 org.apache.commons.math3.util.MathArrays,837
Mon Sep 02 16:46:23 EDT 2019 org.apache.commons.math3.util.MathArrays,841
Mon Sep 02 16:46:25 EDT 2019 org.apache.commons.math3.util.MathArrays,845
Mon Sep 02 16:47:27 EDT 2019 org.apache.commons.math3.util.MathArrays,846
Mon Sep 02 16:47:29 EDT 2019 org.apache.commons.math3.exception.NotStrictlyPositiveException,38
Mon Sep 02 16:47:36 EDT 2019 Mon Sep 02 16:47:36 EDT 2019 : org.apache.commons.math3.exception.NotStrictlyPositiveException,39=>Find no block
Mon Sep 02 16:47:38 EDT 2019 org.apache.commons.math3.exception.NotStrictlyPositiveException,48
Mon Sep 02 16:47:45 EDT 2019 Mon Sep 02 16:47:45 EDT 2019 : org.apache.commons.math3.exception.NotStrictlyPositiveException,49=>Find no block
Mon Sep 02 16:47:47 EDT 2019 org.apache.commons.math3.exception.NumberIsTooSmallException,50
Mon Sep 02 16:47:55 EDT 2019 Mon Sep 02 16:47:55 EDT 2019 : org.apache.commons.math3.exception.NumberIsTooSmallException,54=>Find no block
Mon Sep 02 16:47:57 EDT 2019 org.apache.commons.math3.exception.NumberIsTooSmallException,68
Mon Sep 02 16:49:01 EDT 2019 org.apache.commons.math3.exception.NumberIsTooSmallException,70
Mon Sep 02 16:49:04 EDT 2019 org.apache.commons.math3.exception.NumberIsTooSmallException,71
Mon Sep 02 16:49:06 EDT 2019 Mon Sep 02 16:49:06 EDT 2019 : org.apache.commons.math3.exception.NumberIsTooSmallException,72=>Find no block
Mon Sep 02 16:49:07 EDT 2019 org.apache.commons.math3.exception.NumberIsTooSmallException,78
Mon Sep 02 16:49:14 EDT 2019 org.apache.commons.math3.exception.NumberIsTooSmallException,85
Mon Sep 02 16:49:20 EDT 2019 org.apache.commons.math3.exception.MathIllegalNumberException,46
Mon Sep 02 16:50:07 EDT 2019 org.apache.commons.math3.exception.MathIllegalNumberException,47
Mon Sep 02 16:50:09 EDT 2019 Mon Sep 02 16:50:09 EDT 2019 : org.apache.commons.math3.exception.MathIllegalNumberException,48=>Find no block
Mon Sep 02 16:50:11 EDT 2019 org.apache.commons.math3.exception.MathIllegalNumberException,54
Mon Sep 02 16:50:18 EDT 2019 Mon Sep 02 16:50:18 EDT 2019 : org.apache.commons.math3.exception.MathIllegalArgumentException,44=>Find no block
Mon Sep 02 16:50:20 EDT 2019 org.apache.commons.math3.exception.MathIllegalArgumentException,45
Mon Sep 02 16:50:43 EDT 2019 org.apache.commons.math3.exception.MathIllegalArgumentException,46
Mon Sep 02 16:50:45 EDT 2019 Mon Sep 02 16:50:45 EDT 2019 : org.apache.commons.math3.exception.MathIllegalArgumentException,47=>Find no block
Mon Sep 02 16:50:47 EDT 2019 org.apache.commons.math3.exception.MathIllegalArgumentException,51
Mon Sep 02 16:50:53 EDT 2019 org.apache.commons.math3.exception.MathIllegalArgumentException,57
Mon Sep 02 16:51:33 EDT 2019 org.apache.commons.math3.exception.MathIllegalArgumentException,63
Mon Sep 02 16:52:10 EDT 2019 org.apache.commons.math3.exception.DimensionMismatchException,44
Mon Sep 02 16:55:42 EDT 2019 org.apache.commons.math3.exception.DimensionMismatchException,45
Mon Sep 02 16:55:44 EDT 2019 Mon Sep 02 16:55:44 EDT 2019 : org.apache.commons.math3.exception.DimensionMismatchException,46=>Find no block
Mon Sep 02 16:55:46 EDT 2019 org.apache.commons.math3.exception.DimensionMismatchException,56
Mon Sep 02 16:55:53 EDT 2019 Mon Sep 02 16:55:53 EDT 2019 : org.apache.commons.math3.exception.DimensionMismatchException,57=>Find no block
Mon Sep 02 16:55:55 EDT 2019 org.apache.commons.math3.exception.DimensionMismatchException,63
Mon Sep 02 16:56:35 EDT 2019 org.apache.commons.math3.exception.NonMonotonicSequenceException,61
Mon Sep 02 16:56:42 EDT 2019 Mon Sep 02 16:56:42 EDT 2019 : org.apache.commons.math3.exception.NonMonotonicSequenceException,62=>Find no block
Mon Sep 02 16:56:44 EDT 2019 org.apache.commons.math3.exception.NonMonotonicSequenceException,80
Mon Sep 02 16:58:34 EDT 2019 org.apache.commons.math3.exception.NonMonotonicSequenceException,89
Mon Sep 02 16:58:36 EDT 2019 org.apache.commons.math3.exception.NonMonotonicSequenceException,90
Mon Sep 02 16:58:38 EDT 2019 org.apache.commons.math3.exception.NonMonotonicSequenceException,91
Mon Sep 02 16:58:40 EDT 2019 org.apache.commons.math3.exception.NonMonotonicSequenceException,92
Mon Sep 02 16:58:42 EDT 2019 Mon Sep 02 16:58:42 EDT 2019 : org.apache.commons.math3.exception.NonMonotonicSequenceException,93=>Find no block
Mon Sep 02 16:58:44 EDT 2019 org.apache.commons.math3.exception.NonMonotonicSequenceException,99
Mon Sep 02 16:58:50 EDT 2019 org.apache.commons.math3.exception.NonMonotonicSequenceException,105
Mon Sep 02 16:58:56 EDT 2019 org.apache.commons.math3.exception.NonMonotonicSequenceException,113
Mon Sep 02 16:59:46 EDT 2019 org.apache.commons.math3.exception.NonMonotonicSequenceException,119
Mon Sep 02 16:59:53 EDT 2019 Mon Sep 02 16:59:53 EDT 2019 : org.apache.commons.math3.util.MathArrays,292=>Find no block
Mon Sep 02 16:59:55 EDT 2019 Mon Sep 02 16:59:55 EDT 2019 : org.apache.commons.math3.util.MathArrays,294=>Find no block
Mon Sep 02 16:59:57 EDT 2019 Mon Sep 02 16:59:57 EDT 2019 : org.apache.commons.math3.util.MathArrays,296=>Find no block
Mon Sep 02 16:59:58 EDT 2019 Mon Sep 02 16:59:58 EDT 2019 : org.apache.commons.math3.exception.MathIllegalStateException,45=>Find no block
Mon Sep 02 17:00:00 EDT 2019 org.apache.commons.math3.exception.MathIllegalStateException,46
Mon Sep 02 17:00:02 EDT 2019 org.apache.commons.math3.exception.MathIllegalStateException,47
Mon Sep 02 17:00:04 EDT 2019 Mon Sep 02 17:00:04 EDT 2019 : org.apache.commons.math3.exception.MathIllegalStateException,48=>Find no block
Mon Sep 02 17:00:06 EDT 2019 org.apache.commons.math3.exception.MathIllegalStateException,60
Mon Sep 02 17:00:51 EDT 2019 org.apache.commons.math3.exception.MathIllegalStateException,61
Mon Sep 02 17:00:53 EDT 2019 org.apache.commons.math3.exception.MathIllegalStateException,62
Mon Sep 02 17:00:55 EDT 2019 Mon Sep 02 17:00:55 EDT 2019 : org.apache.commons.math3.exception.MathIllegalStateException,63=>Find no block
Mon Sep 02 17:00:57 EDT 2019 org.apache.commons.math3.exception.MathIllegalStateException,69
Mon Sep 02 17:01:03 EDT 2019 Mon Sep 02 17:01:03 EDT 2019 : org.apache.commons.math3.exception.MathIllegalStateException,70=>Find no block
Mon Sep 02 17:01:05 EDT 2019 org.apache.commons.math3.exception.MathIllegalStateException,74
Mon Sep 02 17:01:07 EDT 2019 org.apache.commons.math3.exception.MathIllegalStateException,80
Mon Sep 02 17:01:09 EDT 2019 org.apache.commons.math3.exception.MathIllegalStateException,86
Mon Sep 02 17:01:11 EDT 2019 org.apache.commons.math3.exception.NotPositiveException,37
Mon Sep 02 17:01:18 EDT 2019 Mon Sep 02 17:01:18 EDT 2019 : org.apache.commons.math3.exception.NotPositiveException,38=>Find no block
Mon Sep 02 17:01:20 EDT 2019 org.apache.commons.math3.exception.NotPositiveException,47
Mon Sep 02 17:01:26 EDT 2019 Mon Sep 02 17:01:26 EDT 2019 : org.apache.commons.math3.exception.NotPositiveException,48=>Find no block
Mon Sep 02 17:01:28 EDT 2019 Mon Sep 02 17:01:28 EDT 2019 : org.apache.commons.math3.exception.MathArithmeticException,43=>Find no block
Mon Sep 02 17:01:29 EDT 2019 org.apache.commons.math3.exception.MathArithmeticException,44
Mon Sep 02 17:02:22 EDT 2019 org.apache.commons.math3.exception.MathArithmeticException,45
Mon Sep 02 17:02:24 EDT 2019 Mon Sep 02 17:02:24 EDT 2019 : org.apache.commons.math3.exception.MathArithmeticException,46=>Find no block
Mon Sep 02 17:02:26 EDT 2019 Mon Sep 02 17:02:26 EDT 2019 : org.apache.commons.math3.exception.MathArithmeticException,56=>Find no block
Mon Sep 02 17:02:27 EDT 2019 org.apache.commons.math3.exception.MathArithmeticException,57
Mon Sep 02 17:02:29 EDT 2019 org.apache.commons.math3.exception.MathArithmeticException,58
Mon Sep 02 17:02:31 EDT 2019 Mon Sep 02 17:02:31 EDT 2019 : org.apache.commons.math3.exception.MathArithmeticException,59=>Find no block
Mon Sep 02 17:02:33 EDT 2019 org.apache.commons.math3.exception.MathArithmeticException,63
Mon Sep 02 17:02:35 EDT 2019 org.apache.commons.math3.exception.MathArithmeticException,69
Mon Sep 02 17:02:38 EDT 2019 org.apache.commons.math3.exception.MathArithmeticException,75
Mon Sep 02 17:02:40 EDT 2019 Mon Sep 02 17:02:40 EDT 2019 : org.apache.commons.math3.exception.MathInternalError,37=>Find no block
Mon Sep 02 17:02:42 EDT 2019 org.apache.commons.math3.exception.MathInternalError,38
Mon Sep 02 17:03:34 EDT 2019 Mon Sep 02 17:03:34 EDT 2019 : org.apache.commons.math3.exception.MathInternalError,39=>Find no block
Mon Sep 02 17:03:36 EDT 2019 org.apache.commons.math3.exception.MathInternalError,46
Mon Sep 02 17:03:43 EDT 2019 Mon Sep 02 17:03:43 EDT 2019 : org.apache.commons.math3.exception.MathInternalError,47=>Find no block
Mon Sep 02 17:03:45 EDT 2019 org.apache.commons.math3.exception.MathInternalError,56
Mon Sep 02 17:03:52 EDT 2019 Mon Sep 02 17:03:52 EDT 2019 : org.apache.commons.math3.exception.MathInternalError,57=>Find no block
Mon Sep 02 17:03:54 EDT 2019 org.apache.commons.math3.exception.NullArgumentException,41
Mon Sep 02 17:04:00 EDT 2019 Mon Sep 02 17:04:00 EDT 2019 : org.apache.commons.math3.exception.NullArgumentException,42=>Find no block
Mon Sep 02 17:04:02 EDT 2019 org.apache.commons.math3.exception.NullArgumentException,50
Mon Sep 02 17:04:09 EDT 2019 Mon Sep 02 17:04:09 EDT 2019 : org.apache.commons.math3.exception.NullArgumentException,51=>Find no block
Mon Sep 02 17:04:11 EDT 2019 org.apache.commons.math3.exception.NoDataException,37
Mon Sep 02 17:04:17 EDT 2019 Mon Sep 02 17:04:17 EDT 2019 : org.apache.commons.math3.exception.NoDataException,38=>Find no block
Mon Sep 02 17:04:19 EDT 2019 org.apache.commons.math3.exception.NoDataException,45
Mon Sep 02 17:04:26 EDT 2019 Mon Sep 02 17:04:26 EDT 2019 : org.apache.commons.math3.exception.NoDataException,46=>Find no block
Mon Sep 02 17:04:28 EDT 2019 Mon Sep 02 17:04:28 EDT 2019 : org.apache.commons.math3.util.MathArrays,315=>Find no block
Mon Sep 02 17:04:30 EDT 2019 Mon Sep 02 17:04:30 EDT 2019 : org.apache.commons.math3.util.MathArrays,52=>Find no block
Mon Sep 02 17:04:33 EDT 2019 org.apache.commons.math3.util.MathArrays,86
Mon Sep 02 17:17:27 EDT 2019 org.apache.commons.math3.util.MathArrays,87
Mon Sep 02 17:28:01 EDT 2019 org.apache.commons.math3.util.MathArrays,88
Mon Sep 02 17:28:03 EDT 2019 org.apache.commons.math3.util.MathArrays,90
Mon Sep 02 17:28:05 EDT 2019 org.apache.commons.math3.util.MathArrays,103
Mon Sep 02 17:41:52 EDT 2019 org.apache.commons.math3.util.MathArrays,104
Mon Sep 02 17:41:54 EDT 2019 Mon Sep 02 17:41:54 EDT 2019 : org.apache.commons.math3.util.MathArrays,106=>Find no block
Mon Sep 02 17:41:56 EDT 2019 org.apache.commons.math3.util.MathArrays,120
Mon Sep 02 18:02:35 EDT 2019 org.apache.commons.math3.util.MathArrays,121
Mon Sep 02 18:02:37 EDT 2019 org.apache.commons.math3.util.MathArrays,124
Mon Sep 02 18:40:12 EDT 2019 org.apache.commons.math3.util.MathArrays,125
Mon Sep 02 18:40:14 EDT 2019 org.apache.commons.math3.util.MathArrays,126
Mon Sep 02 18:40:16 EDT 2019 org.apache.commons.math3.util.MathArrays,128
Mon Sep 02 18:40:18 EDT 2019 org.apache.commons.math3.util.MathArrays,142
Mon Sep 02 18:40:20 EDT 2019 org.apache.commons.math3.util.MathArrays,143
Mon Sep 02 18:40:22 EDT 2019 org.apache.commons.math3.util.MathArrays,146
Timeout time : 19/09/02 18:46
