=================================================
Project : math_34	start : 19/09/02 13:44
Current failed test : org.apache.commons.math3.genetics.ListPopulationTest::testIterator | 19/09/02 13:44
Mon Sep 02 13:45:20 EDT 2019 org.apache.commons.math3.genetics.ListPopulation,112
Mon Sep 02 13:48:13 EDT 2019 Mon Sep 02 13:48:13 EDT 2019 : org.apache.commons.math3.genetics.ListPopulation,113=>Find no block
Mon Sep 02 13:48:14 EDT 2019 org.apache.commons.math3.genetics.ListPopulation,209
Mon Sep 02 13:48:49 EDT 2019 org.apache.commons.math3.genetics.ListPopulation,108
Mon Sep 02 13:52:27 EDT 2019 org.apache.commons.math3.genetics.BinaryChromosome,39
Mon Sep 02 13:52:32 EDT 2019 Mon Sep 02 13:52:32 EDT 2019 : org.apache.commons.math3.genetics.BinaryChromosome,40=>Find no block
Mon Sep 02 13:52:33 EDT 2019 org.apache.commons.math3.genetics.BinaryChromosome,58
Mon Sep 02 13:55:20 EDT 2019 org.apache.commons.math3.genetics.BinaryChromosome,59
Mon Sep 02 13:55:21 EDT 2019 Mon Sep 02 13:55:21 EDT 2019 : org.apache.commons.math3.genetics.BinaryChromosome,63=>Find no block
Mon Sep 02 13:55:22 EDT 2019 Mon Sep 02 13:55:22 EDT 2019 : org.apache.commons.math3.genetics.BinaryChromosome,64=>Find no block
Mon Sep 02 13:55:24 EDT 2019 org.apache.commons.math3.genetics.BinaryChromosome,73
Mon Sep 02 13:58:32 EDT 2019 org.apache.commons.math3.genetics.BinaryChromosome,74
Mon Sep 02 14:05:16 EDT 2019 org.apache.commons.math3.genetics.BinaryChromosome,75
Mon Sep 02 14:05:17 EDT 2019 org.apache.commons.math3.genetics.BinaryChromosome,77
Mon Sep 02 14:05:18 EDT 2019 Mon Sep 02 14:05:18 EDT 2019 : org.apache.commons.math3.genetics.AbstractListChromosome,42=>Find no block
Mon Sep 02 14:05:20 EDT 2019 org.apache.commons.math3.genetics.AbstractListChromosome,43
Mon Sep 02 14:05:36 EDT 2019 org.apache.commons.math3.genetics.AbstractListChromosome,44
Mon Sep 02 14:05:37 EDT 2019 Mon Sep 02 14:05:37 EDT 2019 : org.apache.commons.math3.genetics.AbstractListChromosome,45=>Find no block
Mon Sep 02 14:05:38 EDT 2019 Mon Sep 02 14:05:38 EDT 2019 : org.apache.commons.math3.random.JDKRandomGenerator,28=>Find no block
Mon Sep 02 14:05:39 EDT 2019 Mon Sep 02 14:05:39 EDT 2019 : org.apache.commons.math3.genetics.GeneticAlgorithm,40=>Find no block
Mon Sep 02 14:05:40 EDT 2019 org.apache.commons.math3.genetics.GeneticAlgorithm,104
Mon Sep 02 14:05:44 EDT 2019 Mon Sep 02 14:05:44 EDT 2019 : org.apache.commons.math3.genetics.ListPopulation,53=>Find no block
Mon Sep 02 14:05:45 EDT 2019 Mon Sep 02 14:05:45 EDT 2019 : org.apache.commons.math3.genetics.Chromosome,28=>Find no block
Mon Sep 02 14:05:46 EDT 2019 Mon Sep 02 14:05:46 EDT 2019 : org.apache.commons.math3.genetics.Chromosome,33=>Find no block
Mon Sep 02 14:05:47 EDT 2019 org.apache.commons.math3.genetics.ListPopulation,52
Mon Sep 02 14:05:51 EDT 2019 org.apache.commons.math3.genetics.ListPopulation,75
Mon Sep 02 14:11:27 EDT 2019 org.apache.commons.math3.genetics.ListPopulation,76
Mon Sep 02 14:11:28 EDT 2019 org.apache.commons.math3.genetics.ListPopulation,77
Mon Sep 02 14:11:30 EDT 2019 Mon Sep 02 14:11:30 EDT 2019 : org.apache.commons.math3.genetics.ListPopulation,78=>Find no block
Mon Sep 02 14:11:31 EDT 2019 org.apache.commons.math3.genetics.ListPopulation,71
Mon Sep 02 14:11:32 EDT 2019 Mon Sep 02 14:11:32 EDT 2019 : org.apache.commons.math3.genetics.ListPopulation,64=>Find no block
Mon Sep 02 14:11:33 EDT 2019 org.apache.commons.math3.genetics.ListPopulation,65
Mon Sep 02 14:11:34 EDT 2019 org.apache.commons.math3.genetics.ListPopulation,68
Mon Sep 02 14:11:35 EDT 2019 org.apache.commons.math3.random.JDKRandomGenerator,35
Mon Sep 02 14:11:52 EDT 2019 Mon Sep 02 14:11:52 EDT 2019 : org.apache.commons.math3.random.JDKRandomGenerator,36=>Find no block
Mon Sep 02 14:11:53 EDT 2019 org.apache.commons.math3.random.JDKRandomGenerator,41
Mon Sep 02 14:12:55 EDT 2019 org.apache.commons.math3.random.JDKRandomGenerator,43
Mon Sep 02 14:12:56 EDT 2019 org.apache.commons.math3.random.JDKRandomGenerator,44
Mon Sep 02 14:12:57 EDT 2019 org.apache.commons.math3.random.JDKRandomGenerator,45
Mon Sep 02 14:12:58 EDT 2019 org.apache.commons.math3.random.JDKRandomGenerator,47
Mon Sep 02 14:12:59 EDT 2019 Mon Sep 02 14:12:59 EDT 2019 : org.apache.commons.math3.random.JDKRandomGenerator,48=>Find no block
Mon Sep 02 14:13:00 EDT 2019 org.apache.commons.math3.genetics.ListPopulation,66
Mon Sep 02 14:13:02 EDT 2019 org.apache.commons.math3.genetics.ListPopulation,69
Mon Sep 02 14:13:03 EDT 2019 org.apache.commons.math3.genetics.ListPopulation,72
Mon Sep 02 14:13:03 EDT 2019 org.apache.commons.math3.genetics.ListPopulation,90
Mon Sep 02 14:13:04 EDT 2019 org.apache.commons.math3.genetics.ListPopulation,91
Mon Sep 02 14:13:05 EDT 2019 org.apache.commons.math3.genetics.ListPopulation,93
Mon Sep 02 14:13:06 EDT 2019 org.apache.commons.math3.genetics.ListPopulation,94
Mon Sep 02 14:13:07 EDT 2019 org.apache.commons.math3.genetics.ListPopulation,97
Mon Sep 02 14:16:28 EDT 2019 org.apache.commons.math3.genetics.ListPopulation,98
Mon Sep 02 14:16:28 EDT 2019 Mon Sep 02 14:16:28 EDT 2019 : org.apache.commons.math3.genetics.ListPopulation,99=>Find no block
Mon Sep 02 14:16:29 EDT 2019 org.apache.commons.math3.genetics.ListPopulation,109
Mon Sep 02 14:16:30 EDT 2019 org.apache.commons.math3.genetics.ListPopulation,120
Mon Sep 02 14:17:02 EDT 2019 org.apache.commons.math3.genetics.ListPopulation,128
Mon Sep 02 14:17:06 EDT 2019 org.apache.commons.math3.genetics.ListPopulation,138
Mon Sep 02 14:20:33 EDT 2019 org.apache.commons.math3.genetics.ListPopulation,139
Mon Sep 02 14:20:34 EDT 2019 org.apache.commons.math3.genetics.ListPopulation,142
Mon Sep 02 14:23:27 EDT 2019 Mon Sep 02 14:23:27 EDT 2019 : org.apache.commons.math3.genetics.ListPopulation,143=>Find no block
Mon Sep 02 14:23:28 EDT 2019 org.apache.commons.math3.genetics.ListPopulation,151
Mon Sep 02 14:30:00 EDT 2019 org.apache.commons.math3.genetics.ListPopulation,152
Mon Sep 02 14:30:02 EDT 2019 org.apache.commons.math3.genetics.ListPopulation,153
Mon Sep 02 14:30:03 EDT 2019 org.apache.commons.math3.genetics.ListPopulation,155
Mon Sep 02 14:30:04 EDT 2019 Mon Sep 02 14:30:04 EDT 2019 : org.apache.commons.math3.genetics.ListPopulation,157=>Find no block
Mon Sep 02 14:30:05 EDT 2019 org.apache.commons.math3.genetics.ListPopulation,158
Mon Sep 02 14:30:06 EDT 2019 org.apache.commons.math3.genetics.ListPopulation,166
Mon Sep 02 14:30:10 EDT 2019 org.apache.commons.math3.genetics.ListPopulation,177
Mon Sep 02 14:30:11 EDT 2019 org.apache.commons.math3.genetics.ListPopulation,178
Mon Sep 02 14:30:12 EDT 2019 org.apache.commons.math3.genetics.ListPopulation,180
Mon Sep 02 14:34:23 EDT 2019 org.apache.commons.math3.genetics.ListPopulation,181
Mon Sep 02 14:34:24 EDT 2019 org.apache.commons.math3.genetics.ListPopulation,183
Mon Sep 02 14:38:29 EDT 2019 Mon Sep 02 14:38:29 EDT 2019 : org.apache.commons.math3.genetics.ListPopulation,184=>Find no block
Mon Sep 02 14:38:30 EDT 2019 org.apache.commons.math3.genetics.ListPopulation,191
Mon Sep 02 14:39:11 EDT 2019 org.apache.commons.math3.genetics.ListPopulation,199
Mon Sep 02 14:40:10 EDT 2019 Mon Sep 02 14:40:10 EDT 2019 : org.apache.commons.math3.genetics.GeneticAlgorithm,72=>Find no block
Mon Sep 02 14:40:11 EDT 2019 Mon Sep 02 14:40:11 EDT 2019 : org.apache.commons.math3.genetics.GeneticAlgorithm,58=>Find no block
Mon Sep 02 14:40:12 EDT 2019 org.apache.commons.math3.genetics.GeneticAlgorithm,74
Mon Sep 02 14:40:15 EDT 2019 org.apache.commons.math3.genetics.GeneticAlgorithm,75
Mon Sep 02 14:40:17 EDT 2019 org.apache.commons.math3.genetics.GeneticAlgorithm,78
Mon Sep 02 14:40:20 EDT 2019 org.apache.commons.math3.genetics.GeneticAlgorithm,79
Mon Sep 02 14:40:21 EDT 2019 org.apache.commons.math3.genetics.GeneticAlgorithm,82
Mon Sep 02 14:40:25 EDT 2019 org.apache.commons.math3.genetics.GeneticAlgorithm,83
Mon Sep 02 14:40:26 EDT 2019 org.apache.commons.math3.genetics.GeneticAlgorithm,84
Mon Sep 02 14:40:26 EDT 2019 org.apache.commons.math3.genetics.GeneticAlgorithm,85
Mon Sep 02 14:40:27 EDT 2019 org.apache.commons.math3.genetics.GeneticAlgorithm,86
Mon Sep 02 14:40:28 EDT 2019 Mon Sep 02 14:40:28 EDT 2019 : org.apache.commons.math3.genetics.GeneticAlgorithm,87=>Find no block
Mon Sep 02 14:40:29 EDT 2019 org.apache.commons.math3.genetics.GeneticAlgorithm,95
Mon Sep 02 14:41:06 EDT 2019 Mon Sep 02 14:41:06 EDT 2019 : org.apache.commons.math3.genetics.GeneticAlgorithm,96=>Find no block
Mon Sep 02 14:41:07 EDT 2019 org.apache.commons.math3.genetics.GeneticAlgorithm,118
Mon Sep 02 14:41:24 EDT 2019 org.apache.commons.math3.genetics.GeneticAlgorithm,119
Mon Sep 02 14:41:25 EDT 2019 org.apache.commons.math3.genetics.GeneticAlgorithm,120
Mon Sep 02 14:41:26 EDT 2019 org.apache.commons.math3.genetics.GeneticAlgorithm,121
Mon Sep 02 14:41:27 EDT 2019 org.apache.commons.math3.genetics.GeneticAlgorithm,122
Mon Sep 02 14:41:28 EDT 2019 org.apache.commons.math3.genetics.GeneticAlgorithm,124
Mon Sep 02 14:41:30 EDT 2019 org.apache.commons.math3.genetics.GeneticAlgorithm,150
Mon Sep 02 14:42:58 EDT 2019 org.apache.commons.math3.genetics.GeneticAlgorithm,152
Mon Sep 02 14:42:59 EDT 2019 org.apache.commons.math3.genetics.GeneticAlgorithm,154
Mon Sep 02 14:44:49 EDT 2019 org.apache.commons.math3.genetics.GeneticAlgorithm,156
Mon Sep 02 14:44:50 EDT 2019 org.apache.commons.math3.genetics.GeneticAlgorithm,159
Mon Sep 02 14:44:51 EDT 2019 org.apache.commons.math3.genetics.GeneticAlgorithm,161
Mon Sep 02 14:44:52 EDT 2019 org.apache.commons.math3.genetics.GeneticAlgorithm,165
Mon Sep 02 14:44:54 EDT 2019 org.apache.commons.math3.genetics.GeneticAlgorithm,167
Mon Sep 02 14:44:55 EDT 2019 org.apache.commons.math3.genetics.GeneticAlgorithm,173
Mon Sep 02 14:44:56 EDT 2019 org.apache.commons.math3.genetics.GeneticAlgorithm,175
Mon Sep 02 14:44:58 EDT 2019 org.apache.commons.math3.genetics.GeneticAlgorithm,177
Mon Sep 02 14:44:59 EDT 2019 Mon Sep 02 14:44:59 EDT 2019 : org.apache.commons.math3.genetics.GeneticAlgorithm,179=>Find no block
Mon Sep 02 14:45:00 EDT 2019 org.apache.commons.math3.genetics.GeneticAlgorithm,181
Mon Sep 02 14:47:03 EDT 2019 org.apache.commons.math3.genetics.GeneticAlgorithm,189
Mon Sep 02 14:47:06 EDT 2019 org.apache.commons.math3.genetics.GeneticAlgorithm,197
Mon Sep 02 14:47:10 EDT 2019 org.apache.commons.math3.genetics.GeneticAlgorithm,205
Mon Sep 02 14:47:13 EDT 2019 org.apache.commons.math3.genetics.GeneticAlgorithm,213
Mon Sep 02 14:47:17 EDT 2019 org.apache.commons.math3.genetics.GeneticAlgorithm,221
Mon Sep 02 14:47:20 EDT 2019 org.apache.commons.math3.genetics.GeneticAlgorithm,232
Mon Sep 02 14:47:24 EDT 2019 org.apache.commons.math3.exception.OutOfRangeException,46
Mon Sep 02 14:47:27 EDT 2019 Mon Sep 02 14:47:27 EDT 2019 : org.apache.commons.math3.exception.OutOfRangeException,47=>Find no block
Mon Sep 02 14:47:28 EDT 2019 org.apache.commons.math3.exception.OutOfRangeException,62
Mon Sep 02 14:48:16 EDT 2019 org.apache.commons.math3.exception.OutOfRangeException,63
Mon Sep 02 14:48:17 EDT 2019 org.apache.commons.math3.exception.OutOfRangeException,64
Mon Sep 02 14:48:18 EDT 2019 Mon Sep 02 14:48:18 EDT 2019 : org.apache.commons.math3.exception.OutOfRangeException,65=>Find no block
Mon Sep 02 14:48:19 EDT 2019 org.apache.commons.math3.exception.OutOfRangeException,71
Mon Sep 02 14:48:23 EDT 2019 org.apache.commons.math3.exception.OutOfRangeException,77
Mon Sep 02 14:48:26 EDT 2019 org.apache.commons.math3.exception.MathIllegalNumberException,46
Mon Sep 02 14:49:16 EDT 2019 org.apache.commons.math3.exception.MathIllegalNumberException,47
Mon Sep 02 14:49:17 EDT 2019 Mon Sep 02 14:49:17 EDT 2019 : org.apache.commons.math3.exception.MathIllegalNumberException,48=>Find no block
Mon Sep 02 14:49:18 EDT 2019 org.apache.commons.math3.exception.MathIllegalNumberException,54
Mon Sep 02 14:49:22 EDT 2019 Mon Sep 02 14:49:22 EDT 2019 : org.apache.commons.math3.exception.MathIllegalArgumentException,44=>Find no block
Mon Sep 02 14:49:23 EDT 2019 org.apache.commons.math3.exception.MathIllegalArgumentException,45
Mon Sep 02 14:49:26 EDT 2019 org.apache.commons.math3.exception.MathIllegalArgumentException,46
Mon Sep 02 14:49:27 EDT 2019 Mon Sep 02 14:49:27 EDT 2019 : org.apache.commons.math3.exception.MathIllegalArgumentException,47=>Find no block
Mon Sep 02 14:49:28 EDT 2019 org.apache.commons.math3.exception.MathIllegalArgumentException,51
Mon Sep 02 14:49:31 EDT 2019 org.apache.commons.math3.exception.MathIllegalArgumentException,57
Mon Sep 02 14:50:09 EDT 2019 org.apache.commons.math3.exception.MathIllegalArgumentException,63
Mon Sep 02 14:50:44 EDT 2019 org.apache.commons.math3.genetics.BinaryChromosome,49
Mon Sep 02 14:50:45 EDT 2019 Mon Sep 02 14:50:45 EDT 2019 : org.apache.commons.math3.genetics.BinaryChromosome,50=>Find no block
Mon Sep 02 14:50:46 EDT 2019 org.apache.commons.math3.genetics.BinaryChromosome,60
Mon Sep 02 14:50:47 EDT 2019 org.apache.commons.math3.genetics.BinaryChromosome,86
Mon Sep 02 14:50:50 EDT 2019 org.apache.commons.math3.genetics.BinaryChromosome,87
Mon Sep 02 14:50:52 EDT 2019 org.apache.commons.math3.genetics.BinaryChromosome,89
Mon Sep 02 14:52:53 EDT 2019 org.apache.commons.math3.genetics.BinaryChromosome,91
Mon Sep 02 14:52:54 EDT 2019 org.apache.commons.math3.genetics.BinaryChromosome,92
Mon Sep 02 14:52:55 EDT 2019 org.apache.commons.math3.genetics.BinaryChromosome,95
Mon Sep 02 14:52:56 EDT 2019 org.apache.commons.math3.genetics.BinaryChromosome,96
Mon Sep 02 14:52:57 EDT 2019 org.apache.commons.math3.genetics.BinaryChromosome,97
Mon Sep 02 14:52:58 EDT 2019 org.apache.commons.math3.genetics.BinaryChromosome,101
Mon Sep 02 14:52:59 EDT 2019 org.apache.commons.math3.genetics.AbstractListChromosome,52
Mon Sep 02 14:53:03 EDT 2019 Mon Sep 02 14:53:03 EDT 2019 : org.apache.commons.math3.genetics.AbstractListChromosome,53=>Find no block
Mon Sep 02 14:53:04 EDT 2019 org.apache.commons.math3.genetics.AbstractListChromosome,69
Mon Sep 02 14:53:07 EDT 2019 org.apache.commons.math3.genetics.AbstractListChromosome,77
Mon Sep 02 14:53:24 EDT 2019 org.apache.commons.math3.genetics.AbstractListChromosome,100
Mon Sep 02 14:54:44 EDT 2019 org.apache.commons.math3.genetics.Chromosome,45
Mon Sep 02 14:54:59 EDT 2019 org.apache.commons.math3.genetics.Chromosome,47
Mon Sep 02 14:55:00 EDT 2019 org.apache.commons.math3.genetics.Chromosome,49
Mon Sep 02 14:55:16 EDT 2019 org.apache.commons.math3.genetics.Chromosome,65
Mon Sep 02 14:55:33 EDT 2019 org.apache.commons.math3.genetics.Chromosome,76
Mon Sep 02 14:55:36 EDT 2019 org.apache.commons.math3.genetics.Chromosome,89
Mon Sep 02 14:55:42 EDT 2019 org.apache.commons.math3.genetics.Chromosome,90
Mon Sep 02 14:55:43 EDT 2019 org.apache.commons.math3.genetics.Chromosome,91
Mon Sep 02 14:55:44 EDT 2019 Mon Sep 02 14:55:44 EDT 2019 : org.apache.commons.math3.genetics.Chromosome,93=>Find no block
Mon Sep 02 14:55:45 EDT 2019 org.apache.commons.math3.genetics.Chromosome,94
Mon Sep 02 14:55:48 EDT 2019 org.apache.commons.math3.genetics.Chromosome,104
Mon Sep 02 14:55:52 EDT 2019 org.apache.commons.math3.genetics.Chromosome,105
Mon Sep 02 14:55:55 EDT 2019 org.apache.commons.math3.genetics.Chromosome,106
Mon Sep 02 14:55:56 EDT 2019 Mon Sep 02 14:55:56 EDT 2019 : org.apache.commons.math3.genetics.Chromosome,108=>Find no block
Mon Sep 02 14:55:57 EDT 2019 org.apache.commons.math3.genetics.InvalidRepresentationException,40
Mon Sep 02 14:56:01 EDT 2019 Mon Sep 02 14:56:01 EDT 2019 : org.apache.commons.math3.genetics.InvalidRepresentationException,41=>Find no block
Mon Sep 02 14:56:01 EDT 2019 org.apache.commons.math3.exception.NullArgumentException,41
Mon Sep 02 14:56:05 EDT 2019 Mon Sep 02 14:56:05 EDT 2019 : org.apache.commons.math3.exception.NullArgumentException,42=>Find no block
Mon Sep 02 14:56:06 EDT 2019 org.apache.commons.math3.exception.NullArgumentException,50
Mon Sep 02 14:56:09 EDT 2019 Mon Sep 02 14:56:09 EDT 2019 : org.apache.commons.math3.exception.NullArgumentException,51=>Find no block
Mon Sep 02 14:56:10 EDT 2019 org.apache.commons.math3.exception.NotPositiveException,37
Mon Sep 02 14:56:14 EDT 2019 Mon Sep 02 14:56:14 EDT 2019 : org.apache.commons.math3.exception.NotPositiveException,38=>Find no block
Mon Sep 02 14:56:15 EDT 2019 org.apache.commons.math3.exception.NotPositiveException,47
Mon Sep 02 14:56:18 EDT 2019 Mon Sep 02 14:56:18 EDT 2019 : org.apache.commons.math3.exception.NotPositiveException,48=>Find no block
Mon Sep 02 14:56:19 EDT 2019 org.apache.commons.math3.exception.NumberIsTooSmallException,50
Mon Sep 02 14:56:23 EDT 2019 Mon Sep 02 14:56:23 EDT 2019 : org.apache.commons.math3.exception.NumberIsTooSmallException,54=>Find no block
Mon Sep 02 14:56:24 EDT 2019 org.apache.commons.math3.exception.NumberIsTooSmallException,68
Mon Sep 02 14:57:27 EDT 2019 org.apache.commons.math3.exception.NumberIsTooSmallException,70
Mon Sep 02 14:57:28 EDT 2019 org.apache.commons.math3.exception.NumberIsTooSmallException,71
Mon Sep 02 14:57:29 EDT 2019 Mon Sep 02 14:57:29 EDT 2019 : org.apache.commons.math3.exception.NumberIsTooSmallException,72=>Find no block
Mon Sep 02 14:57:30 EDT 2019 org.apache.commons.math3.exception.NumberIsTooSmallException,78
Mon Sep 02 14:57:33 EDT 2019 org.apache.commons.math3.exception.NumberIsTooSmallException,85
Mon Sep 02 14:57:37 EDT 2019 org.apache.commons.math3.exception.NumberIsTooLargeException,50
Mon Sep 02 14:57:40 EDT 2019 Mon Sep 02 14:57:40 EDT 2019 : org.apache.commons.math3.exception.NumberIsTooLargeException,54=>Find no block
Mon Sep 02 14:57:41 EDT 2019 org.apache.commons.math3.exception.NumberIsTooLargeException,67
Mon Sep 02 14:58:43 EDT 2019 org.apache.commons.math3.exception.NumberIsTooLargeException,69
Mon Sep 02 14:58:44 EDT 2019 org.apache.commons.math3.exception.NumberIsTooLargeException,70
Mon Sep 02 14:58:45 EDT 2019 Mon Sep 02 14:58:45 EDT 2019 : org.apache.commons.math3.exception.NumberIsTooLargeException,71=>Find no block
Mon Sep 02 14:58:46 EDT 2019 org.apache.commons.math3.exception.NumberIsTooLargeException,77
Mon Sep 02 14:58:47 EDT 2019 org.apache.commons.math3.exception.NumberIsTooLargeException,84
Failed time : 19/09/02 14:58
