=================================================
Project : math_35	start : 19/09/02 13:44
Current failed test : org.apache.commons.math3.genetics.ElitisticListPopulationTest::testChromosomeListConstructorTooHigh | 19/09/02 13:45
Mon Sep 02 13:46:03 EDT 2019 Mon Sep 02 13:46:03 EDT 2019 : org.apache.commons.math3.genetics.ElitisticListPopulation,36=>Find no block
Mon Sep 02 13:46:04 EDT 2019 Mon Sep 02 13:46:04 EDT 2019 : org.apache.commons.math3.genetics.ListPopulation,50=>Find no block
Mon Sep 02 13:46:06 EDT 2019 org.apache.commons.math3.genetics.ListPopulation,51
Mon Sep 02 13:47:08 EDT 2019 org.apache.commons.math3.genetics.ListPopulation,55
Mon Sep 02 13:47:47 EDT 2019 org.apache.commons.math3.genetics.ListPopulation,59
Mon Sep 02 13:48:44 EDT 2019 org.apache.commons.math3.genetics.ListPopulation,60
Mon Sep 02 13:48:45 EDT 2019 Mon Sep 02 13:48:45 EDT 2019 : org.apache.commons.math3.genetics.ListPopulation,61=>Find no block
Mon Sep 02 13:48:47 EDT 2019 org.apache.commons.math3.genetics.ElitisticListPopulation,50

----------------------------------------
----------------------------------------
Pass Single Test : [=>0,0]
super(chromosomes,populationLimit);
if(elitismRate<0||elitismRate>1){
throw new OutOfRangeException(LocalizedFormats.ELITISM_RATE,elitismRate,0,1);
}
this.elitismRate=elitismRate;

Time : 19/09/02 13:49
----------------------------------------

----------------------------------------
----------------------------------------
Similar code block : 1.1195324975698817 : [/home/mmotwani/mywork1dir/Defects4Java7/defects4j/SIMFIX_RQ1/math/math_35_buggy/src/main/java/org/apache/commons/math3/genetics/ElitisticListPopulation.java=>0,0]
if(elitismRate<0||elitismRate>1){
throw new OutOfRangeException(LocalizedFormats.ELITISM_RATE,elitismRate,0,1);
}
this.elitismRate=elitismRate;

Time : 19/09/02 13:50
----------------------------------------

----------------------------------------
----------------------------------------
Original source code : [/home/mmotwani/mywork1dir/Defects4Java7/defects4j/SIMFIX_RQ1/math/math_35_buggy/src/main/java/org/apache/commons/math3/genetics/ElitisticListPopulation.java=>50,51]
super(chromosomes,populationLimit);
this.elitismRate=elitismRate;

Time : 19/09/02 13:50
----------------------------------------

----------------------------------------
----------------------------------------
Find a patch : [/home/mmotwani/mywork1dir/Defects4Java7/defects4j/SIMFIX_RQ1/math/math_35_buggy/src/main/java/org/apache/commons/math3/genetics/ElitisticListPopulation.java=>50,51]
super(chromosomes,populationLimit);
if(elitismRate<0||elitismRate>1){
throw new OutOfRangeException(LocalizedFormats.ELITISM_RATE,elitismRate,0,1);
}
this.elitismRate=elitismRate;

Time : 19/09/02 13:50
----------------------------------------
Success time : 19/09/02 13:50
Current failed test : org.apache.commons.math3.genetics.ElitisticListPopulationTest::testConstructorTooHigh | 19/09/02 13:50
Mon Sep 02 13:51:53 EDT 2019 Mon Sep 02 13:51:53 EDT 2019 : org.apache.commons.math3.genetics.ElitisticListPopulation,36=>Find no block
Mon Sep 02 13:51:55 EDT 2019 Mon Sep 02 13:51:55 EDT 2019 : org.apache.commons.math3.genetics.ListPopulation,50=>Find no block
Mon Sep 02 13:51:56 EDT 2019 org.apache.commons.math3.genetics.ListPopulation,51
Mon Sep 02 13:52:54 EDT 2019 org.apache.commons.math3.genetics.ListPopulation,55
Mon Sep 02 13:53:30 EDT 2019 org.apache.commons.math3.genetics.ListPopulation,59
Mon Sep 02 13:54:25 EDT 2019 org.apache.commons.math3.genetics.ListPopulation,60
Mon Sep 02 13:54:26 EDT 2019 Mon Sep 02 13:54:26 EDT 2019 : org.apache.commons.math3.genetics.ListPopulation,61=>Find no block
Mon Sep 02 13:54:28 EDT 2019 org.apache.commons.math3.genetics.ElitisticListPopulation,50
Mon Sep 02 13:55:19 EDT 2019 org.apache.commons.math3.genetics.ElitisticListPopulation,51
Mon Sep 02 13:55:20 EDT 2019 Mon Sep 02 13:55:20 EDT 2019 : org.apache.commons.math3.genetics.ElitisticListPopulation,52=>Find no block
Mon Sep 02 13:55:21 EDT 2019 Mon Sep 02 13:55:21 EDT 2019 : org.apache.commons.math3.genetics.ListPopulation,69=>Find no block
Mon Sep 02 13:55:23 EDT 2019 org.apache.commons.math3.genetics.ListPopulation,70
Mon Sep 02 13:55:24 EDT 2019 org.apache.commons.math3.genetics.ListPopulation,73
Mon Sep 02 13:56:16 EDT 2019 org.apache.commons.math3.genetics.ListPopulation,74
Mon Sep 02 13:56:17 EDT 2019 Mon Sep 02 13:56:17 EDT 2019 : org.apache.commons.math3.genetics.ListPopulation,75=>Find no block
Mon Sep 02 13:56:19 EDT 2019 org.apache.commons.math3.genetics.ElitisticListPopulation,64

----------------------------------------
----------------------------------------
Pass Single Test : [=>0,0]
super(populationLimit);
if(elitismRate<0||elitismRate>1){
throw new OutOfRangeException(LocalizedFormats.ELITISM_RATE,elitismRate,0,1);
}
this.elitismRate=elitismRate;

Time : 19/09/02 13:56
----------------------------------------

----------------------------------------
----------------------------------------
Similar code block : 1.1673083711820307 : [/home/mmotwani/mywork1dir/Defects4Java7/defects4j/SIMFIX_RQ1/math/math_35_buggy/src/main/java/org/apache/commons/math3/genetics/ElitisticListPopulation.java=>0,0]
if(elitismRate<0||elitismRate>1){
throw new OutOfRangeException(LocalizedFormats.ELITISM_RATE,elitismRate,0,1);
}
this.elitismRate=elitismRate;

Time : 19/09/02 13:58
----------------------------------------

----------------------------------------
----------------------------------------
Original source code : [/home/mmotwani/mywork1dir/Defects4Java7/defects4j/SIMFIX_RQ1/math/math_35_buggy/src/main/java/org/apache/commons/math3/genetics/ElitisticListPopulation.java=>64,65]
super(populationLimit);
this.elitismRate=elitismRate;

Time : 19/09/02 13:58
----------------------------------------

----------------------------------------
----------------------------------------
Find a patch : [/home/mmotwani/mywork1dir/Defects4Java7/defects4j/SIMFIX_RQ1/math/math_35_buggy/src/main/java/org/apache/commons/math3/genetics/ElitisticListPopulation.java=>64,65]
super(populationLimit);
if(elitismRate<0||elitismRate>1){
throw new OutOfRangeException(LocalizedFormats.ELITISM_RATE,elitismRate,0,1);
}
this.elitismRate=elitismRate;

Time : 19/09/02 13:58
----------------------------------------
Success time : 19/09/02 13:58
Current failed test : org.apache.commons.math3.genetics.ElitisticListPopulationTest::testChromosomeListConstructorTooLow | 19/09/02 13:58
Already fixed : org.apache.commons.math3.genetics.ElitisticListPopulationTest::testChromosomeListConstructorTooLow
Current failed test : org.apache.commons.math3.genetics.ElitisticListPopulationTest::testConstructorTooLow | 19/09/02 13:58
Already fixed : org.apache.commons.math3.genetics.ElitisticListPopulationTest::testConstructorTooLow
