=================================================
Project : math_36	start : 19/09/02 13:44
Current failed test : org.apache.commons.math.fraction.BigFractionTest::testFloatValueForLargeNumeratorAndDenominator | 19/09/02 13:45
Mon Sep 02 13:45:51 EDT 2019 org.apache.commons.math.fraction.BigFraction,732
Mon Sep 02 13:46:09 EDT 2019 org.apache.commons.math.fraction.BigFraction,735
Mon Sep 02 13:46:11 EDT 2019 org.apache.commons.math.util.MathUtils,244
Mon Sep 02 13:47:02 EDT 2019 Mon Sep 02 13:47:02 EDT 2019 : org.apache.commons.math.util.MathUtils,247=>Find no block
Mon Sep 02 13:47:03 EDT 2019 Mon Sep 02 13:47:03 EDT 2019 : org.apache.commons.math.fraction.BigFraction,119=>Find no block
Mon Sep 02 13:47:05 EDT 2019 org.apache.commons.math.fraction.BigFraction,120
Mon Sep 02 13:49:37 EDT 2019 org.apache.commons.math.fraction.BigFraction,121
Mon Sep 02 13:49:38 EDT 2019 org.apache.commons.math.fraction.BigFraction,122
Mon Sep 02 13:50:51 EDT 2019 org.apache.commons.math.fraction.BigFraction,125
Mon Sep 02 13:52:50 EDT 2019 org.apache.commons.math.fraction.BigFraction,126
Mon Sep 02 13:52:54 EDT 2019 org.apache.commons.math.fraction.BigFraction,127
Mon Sep 02 13:52:56 EDT 2019 org.apache.commons.math.fraction.BigFraction,131
Mon Sep 02 13:54:05 EDT 2019 org.apache.commons.math.fraction.BigFraction,132
Mon Sep 02 13:54:06 EDT 2019 org.apache.commons.math.fraction.BigFraction,133
Mon Sep 02 13:54:07 EDT 2019 org.apache.commons.math.fraction.BigFraction,134
Mon Sep 02 13:54:08 EDT 2019 org.apache.commons.math.fraction.BigFraction,138
Mon Sep 02 13:54:09 EDT 2019 org.apache.commons.math.fraction.BigFraction,144
Mon Sep 02 13:54:59 EDT 2019 org.apache.commons.math.fraction.BigFraction,145
Mon Sep 02 13:55:00 EDT 2019 Mon Sep 02 13:55:00 EDT 2019 : org.apache.commons.math.fraction.BigFraction,148=>Find no block
Mon Sep 02 13:55:01 EDT 2019 org.apache.commons.math.fraction.BigFraction,366
Mon Sep 02 13:55:05 EDT 2019 Mon Sep 02 13:55:05 EDT 2019 : org.apache.commons.math.fraction.BigFraction,367=>Find no block
Mon Sep 02 13:55:06 EDT 2019 org.apache.commons.math.fraction.BigFraction,381
Mon Sep 02 13:55:10 EDT 2019 Mon Sep 02 13:55:10 EDT 2019 : org.apache.commons.math.fraction.BigFraction,382=>Find no block
Mon Sep 02 13:55:11 EDT 2019 Mon Sep 02 13:55:11 EDT 2019 : org.apache.commons.math.fraction.BigFraction,44=>Find no block
Mon Sep 02 13:55:12 EDT 2019 Mon Sep 02 13:55:12 EDT 2019 : org.apache.commons.math.fraction.BigFraction,47=>Find no block
Mon Sep 02 13:55:13 EDT 2019 Mon Sep 02 13:55:13 EDT 2019 : org.apache.commons.math.fraction.BigFraction,50=>Find no block
Mon Sep 02 13:55:14 EDT 2019 Mon Sep 02 13:55:14 EDT 2019 : org.apache.commons.math.fraction.BigFraction,53=>Find no block
Mon Sep 02 13:55:15 EDT 2019 Mon Sep 02 13:55:15 EDT 2019 : org.apache.commons.math.fraction.BigFraction,56=>Find no block
Mon Sep 02 13:55:16 EDT 2019 Mon Sep 02 13:55:16 EDT 2019 : org.apache.commons.math.fraction.BigFraction,59=>Find no block
Mon Sep 02 13:55:18 EDT 2019 Mon Sep 02 13:55:18 EDT 2019 : org.apache.commons.math.fraction.BigFraction,62=>Find no block
Mon Sep 02 13:55:19 EDT 2019 Mon Sep 02 13:55:19 EDT 2019 : org.apache.commons.math.fraction.BigFraction,65=>Find no block
Mon Sep 02 13:55:20 EDT 2019 Mon Sep 02 13:55:20 EDT 2019 : org.apache.commons.math.fraction.BigFraction,68=>Find no block
Mon Sep 02 13:55:22 EDT 2019 Mon Sep 02 13:55:22 EDT 2019 : org.apache.commons.math.fraction.BigFraction,71=>Find no block
Mon Sep 02 13:55:23 EDT 2019 Mon Sep 02 13:55:23 EDT 2019 : org.apache.commons.math.fraction.BigFraction,74=>Find no block
Mon Sep 02 13:55:24 EDT 2019 Mon Sep 02 13:55:24 EDT 2019 : org.apache.commons.math.fraction.BigFraction,77=>Find no block
Mon Sep 02 13:55:26 EDT 2019 Mon Sep 02 13:55:26 EDT 2019 : org.apache.commons.math.fraction.BigFraction,80=>Find no block
Mon Sep 02 13:55:27 EDT 2019 Mon Sep 02 13:55:27 EDT 2019 : org.apache.commons.math.fraction.BigFraction,83=>Find no block
Mon Sep 02 13:55:28 EDT 2019 Mon Sep 02 13:55:28 EDT 2019 : org.apache.commons.math.fraction.BigFraction,89=>Find no block
Mon Sep 02 13:55:29 EDT 2019 Mon Sep 02 13:55:29 EDT 2019 : org.apache.commons.math.exception.util.LocalizedFormats,370=>Find no block
Mon Sep 02 13:55:31 EDT 2019 org.apache.commons.math.exception.util.LocalizedFormats,371
Mon Sep 02 13:55:36 EDT 2019 Mon Sep 02 13:55:36 EDT 2019 : org.apache.commons.math.exception.util.LocalizedFormats,372=>Find no block
Mon Sep 02 13:55:38 EDT 2019 Mon Sep 02 13:55:38 EDT 2019 : org.apache.commons.math.exception.util.LocalizedFormats,44=>Find no block
Mon Sep 02 13:55:39 EDT 2019 Mon Sep 02 13:55:39 EDT 2019 : org.apache.commons.math.exception.util.LocalizedFormats,45=>Find no block
Mon Sep 02 13:55:40 EDT 2019 Mon Sep 02 13:55:40 EDT 2019 : org.apache.commons.math.exception.util.LocalizedFormats,46=>Find no block
Mon Sep 02 13:55:42 EDT 2019 Mon Sep 02 13:55:42 EDT 2019 : org.apache.commons.math.exception.util.LocalizedFormats,47=>Find no block
Mon Sep 02 13:55:43 EDT 2019 Mon Sep 02 13:55:43 EDT 2019 : org.apache.commons.math.exception.util.LocalizedFormats,48=>Find no block
Mon Sep 02 13:55:44 EDT 2019 Mon Sep 02 13:55:44 EDT 2019 : org.apache.commons.math.exception.util.LocalizedFormats,49=>Find no block
Mon Sep 02 13:55:45 EDT 2019 Mon Sep 02 13:55:45 EDT 2019 : org.apache.commons.math.exception.util.LocalizedFormats,50=>Find no block
Mon Sep 02 13:55:47 EDT 2019 Mon Sep 02 13:55:47 EDT 2019 : org.apache.commons.math.exception.util.LocalizedFormats,51=>Find no block
Mon Sep 02 13:55:48 EDT 2019 Mon Sep 02 13:55:48 EDT 2019 : org.apache.commons.math.exception.util.LocalizedFormats,52=>Find no block
Mon Sep 02 13:55:50 EDT 2019 Mon Sep 02 13:55:50 EDT 2019 : org.apache.commons.math.exception.util.LocalizedFormats,53=>Find no block
Mon Sep 02 13:55:51 EDT 2019 Mon Sep 02 13:55:51 EDT 2019 : org.apache.commons.math.exception.util.LocalizedFormats,54=>Find no block
Mon Sep 02 13:55:52 EDT 2019 Mon Sep 02 13:55:52 EDT 2019 : org.apache.commons.math.exception.util.LocalizedFormats,55=>Find no block
Mon Sep 02 13:55:53 EDT 2019 Mon Sep 02 13:55:53 EDT 2019 : org.apache.commons.math.exception.util.LocalizedFormats,56=>Find no block
Mon Sep 02 13:55:55 EDT 2019 Mon Sep 02 13:55:55 EDT 2019 : org.apache.commons.math.exception.util.LocalizedFormats,57=>Find no block
Mon Sep 02 13:55:56 EDT 2019 Mon Sep 02 13:55:56 EDT 2019 : org.apache.commons.math.exception.util.LocalizedFormats,58=>Find no block
Mon Sep 02 13:55:57 EDT 2019 Mon Sep 02 13:55:57 EDT 2019 : org.apache.commons.math.exception.util.LocalizedFormats,59=>Find no block
Mon Sep 02 13:55:58 EDT 2019 Mon Sep 02 13:55:58 EDT 2019 : org.apache.commons.math.exception.util.LocalizedFormats,60=>Find no block
Mon Sep 02 13:55:59 EDT 2019 Mon Sep 02 13:55:59 EDT 2019 : org.apache.commons.math.exception.util.LocalizedFormats,61=>Find no block
Mon Sep 02 13:56:00 EDT 2019 Mon Sep 02 13:56:00 EDT 2019 : org.apache.commons.math.exception.util.LocalizedFormats,62=>Find no block
Mon Sep 02 13:56:01 EDT 2019 Mon Sep 02 13:56:01 EDT 2019 : org.apache.commons.math.exception.util.LocalizedFormats,63=>Find no block
Mon Sep 02 13:56:02 EDT 2019 Mon Sep 02 13:56:02 EDT 2019 : org.apache.commons.math.exception.util.LocalizedFormats,64=>Find no block
Mon Sep 02 13:56:04 EDT 2019 Mon Sep 02 13:56:04 EDT 2019 : org.apache.commons.math.exception.util.LocalizedFormats,65=>Find no block
Mon Sep 02 13:56:05 EDT 2019 Mon Sep 02 13:56:05 EDT 2019 : org.apache.commons.math.exception.util.LocalizedFormats,66=>Find no block
Mon Sep 02 13:56:06 EDT 2019 Mon Sep 02 13:56:06 EDT 2019 : org.apache.commons.math.exception.util.LocalizedFormats,67=>Find no block
Mon Sep 02 13:56:08 EDT 2019 Mon Sep 02 13:56:08 EDT 2019 : org.apache.commons.math.exception.util.LocalizedFormats,68=>Find no block
Mon Sep 02 13:56:09 EDT 2019 Mon Sep 02 13:56:09 EDT 2019 : org.apache.commons.math.exception.util.LocalizedFormats,69=>Find no block
Mon Sep 02 13:56:10 EDT 2019 Mon Sep 02 13:56:10 EDT 2019 : org.apache.commons.math.exception.util.LocalizedFormats,70=>Find no block
Mon Sep 02 13:56:11 EDT 2019 Mon Sep 02 13:56:11 EDT 2019 : org.apache.commons.math.exception.util.LocalizedFormats,71=>Find no block
Mon Sep 02 13:56:12 EDT 2019 Mon Sep 02 13:56:12 EDT 2019 : org.apache.commons.math.exception.util.LocalizedFormats,72=>Find no block
Mon Sep 02 13:56:13 EDT 2019 Mon Sep 02 13:56:13 EDT 2019 : org.apache.commons.math.exception.util.LocalizedFormats,73=>Find no block
Mon Sep 02 13:56:14 EDT 2019 Mon Sep 02 13:56:14 EDT 2019 : org.apache.commons.math.exception.util.LocalizedFormats,74=>Find no block
Mon Sep 02 13:56:16 EDT 2019 Mon Sep 02 13:56:16 EDT 2019 : org.apache.commons.math.exception.util.LocalizedFormats,75=>Find no block
Mon Sep 02 13:56:17 EDT 2019 Mon Sep 02 13:56:17 EDT 2019 : org.apache.commons.math.exception.util.LocalizedFormats,76=>Find no block
Mon Sep 02 13:56:18 EDT 2019 Mon Sep 02 13:56:18 EDT 2019 : org.apache.commons.math.exception.util.LocalizedFormats,77=>Find no block
Mon Sep 02 13:56:19 EDT 2019 Mon Sep 02 13:56:19 EDT 2019 : org.apache.commons.math.exception.util.LocalizedFormats,78=>Find no block
Mon Sep 02 13:56:20 EDT 2019 Mon Sep 02 13:56:20 EDT 2019 : org.apache.commons.math.exception.util.LocalizedFormats,79=>Find no block
Mon Sep 02 13:56:21 EDT 2019 Mon Sep 02 13:56:21 EDT 2019 : org.apache.commons.math.exception.util.LocalizedFormats,80=>Find no block
Mon Sep 02 13:56:22 EDT 2019 Mon Sep 02 13:56:22 EDT 2019 : org.apache.commons.math.exception.util.LocalizedFormats,81=>Find no block
Mon Sep 02 13:56:23 EDT 2019 Mon Sep 02 13:56:23 EDT 2019 : org.apache.commons.math.exception.util.LocalizedFormats,82=>Find no block
Mon Sep 02 13:56:24 EDT 2019 Mon Sep 02 13:56:24 EDT 2019 : org.apache.commons.math.exception.util.LocalizedFormats,83=>Find no block
Mon Sep 02 13:56:25 EDT 2019 Mon Sep 02 13:56:25 EDT 2019 : org.apache.commons.math.exception.util.LocalizedFormats,84=>Find no block
Mon Sep 02 13:56:27 EDT 2019 Mon Sep 02 13:56:27 EDT 2019 : org.apache.commons.math.exception.util.LocalizedFormats,85=>Find no block
Mon Sep 02 13:56:28 EDT 2019 Mon Sep 02 13:56:28 EDT 2019 : org.apache.commons.math.exception.util.LocalizedFormats,86=>Find no block
Mon Sep 02 13:56:29 EDT 2019 Mon Sep 02 13:56:29 EDT 2019 : org.apache.commons.math.exception.util.LocalizedFormats,87=>Find no block
Mon Sep 02 13:56:31 EDT 2019 Mon Sep 02 13:56:31 EDT 2019 : org.apache.commons.math.exception.util.LocalizedFormats,88=>Find no block
Mon Sep 02 13:56:32 EDT 2019 Mon Sep 02 13:56:32 EDT 2019 : org.apache.commons.math.exception.util.LocalizedFormats,89=>Find no block
Mon Sep 02 13:56:33 EDT 2019 Mon Sep 02 13:56:33 EDT 2019 : org.apache.commons.math.exception.util.LocalizedFormats,90=>Find no block
Mon Sep 02 13:56:34 EDT 2019 Mon Sep 02 13:56:34 EDT 2019 : org.apache.commons.math.exception.util.LocalizedFormats,91=>Find no block
Mon Sep 02 13:56:35 EDT 2019 Mon Sep 02 13:56:35 EDT 2019 : org.apache.commons.math.exception.util.LocalizedFormats,92=>Find no block
Mon Sep 02 13:56:36 EDT 2019 Mon Sep 02 13:56:36 EDT 2019 : org.apache.commons.math.exception.util.LocalizedFormats,93=>Find no block
Mon Sep 02 13:56:37 EDT 2019 Mon Sep 02 13:56:37 EDT 2019 : org.apache.commons.math.exception.util.LocalizedFormats,94=>Find no block
Mon Sep 02 13:56:38 EDT 2019 Mon Sep 02 13:56:38 EDT 2019 : org.apache.commons.math.exception.util.LocalizedFormats,95=>Find no block
Mon Sep 02 13:56:40 EDT 2019 Mon Sep 02 13:56:40 EDT 2019 : org.apache.commons.math.exception.util.LocalizedFormats,96=>Find no block
Mon Sep 02 13:56:41 EDT 2019 Mon Sep 02 13:56:41 EDT 2019 : org.apache.commons.math.exception.util.LocalizedFormats,97=>Find no block
Mon Sep 02 13:56:42 EDT 2019 Mon Sep 02 13:56:42 EDT 2019 : org.apache.commons.math.exception.util.LocalizedFormats,98=>Find no block
Mon Sep 02 13:56:43 EDT 2019 Mon Sep 02 13:56:43 EDT 2019 : org.apache.commons.math.exception.util.LocalizedFormats,99=>Find no block
Mon Sep 02 13:56:44 EDT 2019 Mon Sep 02 13:56:44 EDT 2019 : org.apache.commons.math.exception.util.LocalizedFormats,100=>Find no block
Mon Sep 02 13:56:45 EDT 2019 Mon Sep 02 13:56:45 EDT 2019 : org.apache.commons.math.exception.util.LocalizedFormats,101=>Find no block
Mon Sep 02 13:56:46 EDT 2019 Mon Sep 02 13:56:46 EDT 2019 : org.apache.commons.math.exception.util.LocalizedFormats,102=>Find no block
Mon Sep 02 13:56:48 EDT 2019 Mon Sep 02 13:56:48 EDT 2019 : org.apache.commons.math.exception.util.LocalizedFormats,103=>Find no block
Mon Sep 02 13:56:49 EDT 2019 Mon Sep 02 13:56:49 EDT 2019 : org.apache.commons.math.exception.util.LocalizedFormats,104=>Find no block
Mon Sep 02 13:56:50 EDT 2019 Mon Sep 02 13:56:50 EDT 2019 : org.apache.commons.math.exception.util.LocalizedFormats,105=>Find no block
Mon Sep 02 13:56:51 EDT 2019 Mon Sep 02 13:56:51 EDT 2019 : org.apache.commons.math.exception.util.LocalizedFormats,106=>Find no block
Mon Sep 02 13:56:52 EDT 2019 Mon Sep 02 13:56:52 EDT 2019 : org.apache.commons.math.exception.util.LocalizedFormats,107=>Find no block
Mon Sep 02 13:56:53 EDT 2019 Mon Sep 02 13:56:53 EDT 2019 : org.apache.commons.math.exception.util.LocalizedFormats,108=>Find no block
Mon Sep 02 13:56:54 EDT 2019 Mon Sep 02 13:56:54 EDT 2019 : org.apache.commons.math.exception.util.LocalizedFormats,109=>Find no block
Mon Sep 02 13:56:55 EDT 2019 Mon Sep 02 13:56:55 EDT 2019 : org.apache.commons.math.exception.util.LocalizedFormats,110=>Find no block
Mon Sep 02 13:56:57 EDT 2019 Mon Sep 02 13:56:57 EDT 2019 : org.apache.commons.math.exception.util.LocalizedFormats,111=>Find no block
Mon Sep 02 13:56:58 EDT 2019 Mon Sep 02 13:56:58 EDT 2019 : org.apache.commons.math.exception.util.LocalizedFormats,112=>Find no block
Mon Sep 02 13:56:59 EDT 2019 Mon Sep 02 13:56:59 EDT 2019 : org.apache.commons.math.exception.util.LocalizedFormats,113=>Find no block
Mon Sep 02 13:57:00 EDT 2019 Mon Sep 02 13:57:00 EDT 2019 : org.apache.commons.math.exception.util.LocalizedFormats,114=>Find no block
Mon Sep 02 13:57:01 EDT 2019 Mon Sep 02 13:57:01 EDT 2019 : org.apache.commons.math.exception.util.LocalizedFormats,115=>Find no block
Mon Sep 02 13:57:02 EDT 2019 Mon Sep 02 13:57:02 EDT 2019 : org.apache.commons.math.exception.util.LocalizedFormats,116=>Find no block
Mon Sep 02 13:57:04 EDT 2019 Mon Sep 02 13:57:04 EDT 2019 : org.apache.commons.math.exception.util.LocalizedFormats,117=>Find no block
Mon Sep 02 13:57:05 EDT 2019 Mon Sep 02 13:57:05 EDT 2019 : org.apache.commons.math.exception.util.LocalizedFormats,118=>Find no block
Mon Sep 02 13:57:06 EDT 2019 Mon Sep 02 13:57:06 EDT 2019 : org.apache.commons.math.exception.util.LocalizedFormats,119=>Find no block
Mon Sep 02 13:57:07 EDT 2019 Mon Sep 02 13:57:07 EDT 2019 : org.apache.commons.math.exception.util.LocalizedFormats,120=>Find no block
Mon Sep 02 13:57:09 EDT 2019 Mon Sep 02 13:57:09 EDT 2019 : org.apache.commons.math.exception.util.LocalizedFormats,121=>Find no block
Mon Sep 02 13:57:10 EDT 2019 Mon Sep 02 13:57:10 EDT 2019 : org.apache.commons.math.exception.util.LocalizedFormats,122=>Find no block
Mon Sep 02 13:57:11 EDT 2019 Mon Sep 02 13:57:11 EDT 2019 : org.apache.commons.math.exception.util.LocalizedFormats,123=>Find no block
Mon Sep 02 13:57:12 EDT 2019 Mon Sep 02 13:57:12 EDT 2019 : org.apache.commons.math.exception.util.LocalizedFormats,124=>Find no block
Mon Sep 02 13:57:13 EDT 2019 Mon Sep 02 13:57:13 EDT 2019 : org.apache.commons.math.exception.util.LocalizedFormats,125=>Find no block
Mon Sep 02 13:57:14 EDT 2019 Mon Sep 02 13:57:14 EDT 2019 : org.apache.commons.math.exception.util.LocalizedFormats,126=>Find no block
Mon Sep 02 13:57:15 EDT 2019 Mon Sep 02 13:57:15 EDT 2019 : org.apache.commons.math.exception.util.LocalizedFormats,127=>Find no block
Mon Sep 02 13:57:16 EDT 2019 Mon Sep 02 13:57:16 EDT 2019 : org.apache.commons.math.exception.util.LocalizedFormats,128=>Find no block
Mon Sep 02 13:57:17 EDT 2019 Mon Sep 02 13:57:17 EDT 2019 : org.apache.commons.math.exception.util.LocalizedFormats,129=>Find no block
Mon Sep 02 13:57:18 EDT 2019 Mon Sep 02 13:57:18 EDT 2019 : org.apache.commons.math.exception.util.LocalizedFormats,130=>Find no block
Mon Sep 02 13:57:19 EDT 2019 Mon Sep 02 13:57:19 EDT 2019 : org.apache.commons.math.exception.util.LocalizedFormats,131=>Find no block
Mon Sep 02 13:57:20 EDT 2019 Mon Sep 02 13:57:20 EDT 2019 : org.apache.commons.math.exception.util.LocalizedFormats,132=>Find no block
Mon Sep 02 13:57:21 EDT 2019 Mon Sep 02 13:57:21 EDT 2019 : org.apache.commons.math.exception.util.LocalizedFormats,133=>Find no block
Mon Sep 02 13:57:22 EDT 2019 Mon Sep 02 13:57:22 EDT 2019 : org.apache.commons.math.exception.util.LocalizedFormats,134=>Find no block
Mon Sep 02 13:57:23 EDT 2019 Mon Sep 02 13:57:23 EDT 2019 : org.apache.commons.math.exception.util.LocalizedFormats,135=>Find no block
Mon Sep 02 13:57:24 EDT 2019 Mon Sep 02 13:57:24 EDT 2019 : org.apache.commons.math.exception.util.LocalizedFormats,136=>Find no block
Mon Sep 02 13:57:25 EDT 2019 Mon Sep 02 13:57:25 EDT 2019 : org.apache.commons.math.exception.util.LocalizedFormats,137=>Find no block
Mon Sep 02 13:57:26 EDT 2019 Mon Sep 02 13:57:26 EDT 2019 : org.apache.commons.math.exception.util.LocalizedFormats,138=>Find no block
Mon Sep 02 13:57:27 EDT 2019 Mon Sep 02 13:57:27 EDT 2019 : org.apache.commons.math.exception.util.LocalizedFormats,139=>Find no block
Mon Sep 02 13:57:28 EDT 2019 Mon Sep 02 13:57:28 EDT 2019 : org.apache.commons.math.exception.util.LocalizedFormats,140=>Find no block
Mon Sep 02 13:57:29 EDT 2019 Mon Sep 02 13:57:29 EDT 2019 : org.apache.commons.math.exception.util.LocalizedFormats,141=>Find no block
Mon Sep 02 13:57:30 EDT 2019 Mon Sep 02 13:57:30 EDT 2019 : org.apache.commons.math.exception.util.LocalizedFormats,142=>Find no block
Mon Sep 02 13:57:31 EDT 2019 Mon Sep 02 13:57:31 EDT 2019 : org.apache.commons.math.exception.util.LocalizedFormats,143=>Find no block
Mon Sep 02 13:57:32 EDT 2019 Mon Sep 02 13:57:32 EDT 2019 : org.apache.commons.math.exception.util.LocalizedFormats,144=>Find no block
Mon Sep 02 13:57:33 EDT 2019 Mon Sep 02 13:57:33 EDT 2019 : org.apache.commons.math.exception.util.LocalizedFormats,145=>Find no block
Mon Sep 02 13:57:35 EDT 2019 Mon Sep 02 13:57:35 EDT 2019 : org.apache.commons.math.exception.util.LocalizedFormats,146=>Find no block
Mon Sep 02 13:57:36 EDT 2019 Mon Sep 02 13:57:36 EDT 2019 : org.apache.commons.math.exception.util.LocalizedFormats,147=>Find no block
Mon Sep 02 13:57:37 EDT 2019 Mon Sep 02 13:57:37 EDT 2019 : org.apache.commons.math.exception.util.LocalizedFormats,148=>Find no block
Mon Sep 02 13:57:38 EDT 2019 Mon Sep 02 13:57:38 EDT 2019 : org.apache.commons.math.exception.util.LocalizedFormats,149=>Find no block
Mon Sep 02 13:57:39 EDT 2019 Mon Sep 02 13:57:39 EDT 2019 : org.apache.commons.math.exception.util.LocalizedFormats,150=>Find no block
Mon Sep 02 13:57:41 EDT 2019 Mon Sep 02 13:57:41 EDT 2019 : org.apache.commons.math.exception.util.LocalizedFormats,151=>Find no block
Mon Sep 02 13:57:42 EDT 2019 Mon Sep 02 13:57:42 EDT 2019 : org.apache.commons.math.exception.util.LocalizedFormats,152=>Find no block
Mon Sep 02 13:57:43 EDT 2019 Mon Sep 02 13:57:43 EDT 2019 : org.apache.commons.math.exception.util.LocalizedFormats,153=>Find no block
Mon Sep 02 13:57:44 EDT 2019 Mon Sep 02 13:57:44 EDT 2019 : org.apache.commons.math.exception.util.LocalizedFormats,154=>Find no block
Mon Sep 02 13:57:45 EDT 2019 Mon Sep 02 13:57:45 EDT 2019 : org.apache.commons.math.exception.util.LocalizedFormats,155=>Find no block
Mon Sep 02 13:57:47 EDT 2019 Mon Sep 02 13:57:47 EDT 2019 : org.apache.commons.math.exception.util.LocalizedFormats,156=>Find no block
Mon Sep 02 13:57:48 EDT 2019 Mon Sep 02 13:57:48 EDT 2019 : org.apache.commons.math.exception.util.LocalizedFormats,157=>Find no block
Mon Sep 02 13:57:49 EDT 2019 Mon Sep 02 13:57:49 EDT 2019 : org.apache.commons.math.exception.util.LocalizedFormats,158=>Find no block
Mon Sep 02 13:57:50 EDT 2019 Mon Sep 02 13:57:50 EDT 2019 : org.apache.commons.math.exception.util.LocalizedFormats,159=>Find no block
Mon Sep 02 13:57:51 EDT 2019 Mon Sep 02 13:57:51 EDT 2019 : org.apache.commons.math.exception.util.LocalizedFormats,160=>Find no block
Mon Sep 02 13:57:52 EDT 2019 Mon Sep 02 13:57:52 EDT 2019 : org.apache.commons.math.exception.util.LocalizedFormats,161=>Find no block
Mon Sep 02 13:57:53 EDT 2019 Mon Sep 02 13:57:53 EDT 2019 : org.apache.commons.math.exception.util.LocalizedFormats,162=>Find no block
Mon Sep 02 13:57:54 EDT 2019 Mon Sep 02 13:57:54 EDT 2019 : org.apache.commons.math.exception.util.LocalizedFormats,163=>Find no block
Mon Sep 02 13:57:55 EDT 2019 Mon Sep 02 13:57:55 EDT 2019 : org.apache.commons.math.exception.util.LocalizedFormats,164=>Find no block
Mon Sep 02 13:57:56 EDT 2019 Mon Sep 02 13:57:56 EDT 2019 : org.apache.commons.math.exception.util.LocalizedFormats,165=>Find no block
Mon Sep 02 13:57:58 EDT 2019 Mon Sep 02 13:57:58 EDT 2019 : org.apache.commons.math.exception.util.LocalizedFormats,166=>Find no block
Mon Sep 02 13:57:59 EDT 2019 Mon Sep 02 13:57:59 EDT 2019 : org.apache.commons.math.exception.util.LocalizedFormats,167=>Find no block
Mon Sep 02 13:58:00 EDT 2019 Mon Sep 02 13:58:00 EDT 2019 : org.apache.commons.math.exception.util.LocalizedFormats,168=>Find no block
Mon Sep 02 13:58:01 EDT 2019 Mon Sep 02 13:58:01 EDT 2019 : org.apache.commons.math.exception.util.LocalizedFormats,169=>Find no block
Mon Sep 02 13:58:02 EDT 2019 Mon Sep 02 13:58:02 EDT 2019 : org.apache.commons.math.exception.util.LocalizedFormats,170=>Find no block
Mon Sep 02 13:58:03 EDT 2019 Mon Sep 02 13:58:03 EDT 2019 : org.apache.commons.math.exception.util.LocalizedFormats,171=>Find no block
Mon Sep 02 13:58:04 EDT 2019 Mon Sep 02 13:58:04 EDT 2019 : org.apache.commons.math.exception.util.LocalizedFormats,172=>Find no block
Mon Sep 02 13:58:06 EDT 2019 Mon Sep 02 13:58:06 EDT 2019 : org.apache.commons.math.exception.util.LocalizedFormats,173=>Find no block
Mon Sep 02 13:58:07 EDT 2019 Mon Sep 02 13:58:07 EDT 2019 : org.apache.commons.math.exception.util.LocalizedFormats,174=>Find no block
Mon Sep 02 13:58:08 EDT 2019 Mon Sep 02 13:58:08 EDT 2019 : org.apache.commons.math.exception.util.LocalizedFormats,175=>Find no block
Mon Sep 02 13:58:09 EDT 2019 Mon Sep 02 13:58:09 EDT 2019 : org.apache.commons.math.exception.util.LocalizedFormats,176=>Find no block
Mon Sep 02 13:58:10 EDT 2019 Mon Sep 02 13:58:10 EDT 2019 : org.apache.commons.math.exception.util.LocalizedFormats,177=>Find no block
Mon Sep 02 13:58:12 EDT 2019 Mon Sep 02 13:58:12 EDT 2019 : org.apache.commons.math.exception.util.LocalizedFormats,178=>Find no block
Mon Sep 02 13:58:13 EDT 2019 Mon Sep 02 13:58:13 EDT 2019 : org.apache.commons.math.exception.util.LocalizedFormats,179=>Find no block
Mon Sep 02 13:58:14 EDT 2019 Mon Sep 02 13:58:14 EDT 2019 : org.apache.commons.math.exception.util.LocalizedFormats,180=>Find no block
Mon Sep 02 13:58:15 EDT 2019 Mon Sep 02 13:58:15 EDT 2019 : org.apache.commons.math.exception.util.LocalizedFormats,181=>Find no block
Mon Sep 02 13:58:16 EDT 2019 Mon Sep 02 13:58:16 EDT 2019 : org.apache.commons.math.exception.util.LocalizedFormats,182=>Find no block
Mon Sep 02 13:58:17 EDT 2019 Mon Sep 02 13:58:17 EDT 2019 : org.apache.commons.math.exception.util.LocalizedFormats,183=>Find no block
Mon Sep 02 13:58:18 EDT 2019 Mon Sep 02 13:58:18 EDT 2019 : org.apache.commons.math.exception.util.LocalizedFormats,184=>Find no block
Mon Sep 02 13:58:19 EDT 2019 Mon Sep 02 13:58:19 EDT 2019 : org.apache.commons.math.exception.util.LocalizedFormats,185=>Find no block
Mon Sep 02 13:58:20 EDT 2019 Mon Sep 02 13:58:20 EDT 2019 : org.apache.commons.math.exception.util.LocalizedFormats,186=>Find no block
Mon Sep 02 13:58:22 EDT 2019 Mon Sep 02 13:58:22 EDT 2019 : org.apache.commons.math.exception.util.LocalizedFormats,187=>Find no block
Mon Sep 02 13:58:23 EDT 2019 Mon Sep 02 13:58:23 EDT 2019 : org.apache.commons.math.exception.util.LocalizedFormats,188=>Find no block
Mon Sep 02 13:58:23 EDT 2019 Mon Sep 02 13:58:23 EDT 2019 : org.apache.commons.math.exception.util.LocalizedFormats,189=>Find no block
Mon Sep 02 13:58:25 EDT 2019 Mon Sep 02 13:58:25 EDT 2019 : org.apache.commons.math.exception.util.LocalizedFormats,190=>Find no block
Mon Sep 02 13:58:26 EDT 2019 Mon Sep 02 13:58:26 EDT 2019 : org.apache.commons.math.exception.util.LocalizedFormats,191=>Find no block
Mon Sep 02 13:58:27 EDT 2019 Mon Sep 02 13:58:27 EDT 2019 : org.apache.commons.math.exception.util.LocalizedFormats,192=>Find no block
Mon Sep 02 13:58:27 EDT 2019 Mon Sep 02 13:58:27 EDT 2019 : org.apache.commons.math.exception.util.LocalizedFormats,193=>Find no block
Mon Sep 02 13:58:28 EDT 2019 Mon Sep 02 13:58:28 EDT 2019 : org.apache.commons.math.exception.util.LocalizedFormats,194=>Find no block
Mon Sep 02 13:58:29 EDT 2019 Mon Sep 02 13:58:29 EDT 2019 : org.apache.commons.math.exception.util.LocalizedFormats,195=>Find no block
Mon Sep 02 13:58:30 EDT 2019 Mon Sep 02 13:58:30 EDT 2019 : org.apache.commons.math.exception.util.LocalizedFormats,196=>Find no block
Mon Sep 02 13:58:31 EDT 2019 Mon Sep 02 13:58:31 EDT 2019 : org.apache.commons.math.exception.util.LocalizedFormats,197=>Find no block
Mon Sep 02 13:58:32 EDT 2019 Mon Sep 02 13:58:32 EDT 2019 : org.apache.commons.math.exception.util.LocalizedFormats,198=>Find no block
Mon Sep 02 13:58:33 EDT 2019 Mon Sep 02 13:58:33 EDT 2019 : org.apache.commons.math.exception.util.LocalizedFormats,199=>Find no block
Mon Sep 02 13:58:34 EDT 2019 Mon Sep 02 13:58:34 EDT 2019 : org.apache.commons.math.exception.util.LocalizedFormats,200=>Find no block
Mon Sep 02 13:58:35 EDT 2019 Mon Sep 02 13:58:35 EDT 2019 : org.apache.commons.math.exception.util.LocalizedFormats,201=>Find no block
Mon Sep 02 13:58:36 EDT 2019 Mon Sep 02 13:58:36 EDT 2019 : org.apache.commons.math.exception.util.LocalizedFormats,202=>Find no block
Failed time : 19/09/02 13:58
Current failed test : org.apache.commons.math.fraction.BigFractionTest::testDoubleValueForLargeNumeratorAndDenominator | 19/09/02 13:58
Mon Sep 02 13:59:18 EDT 2019 org.apache.commons.math.fraction.BigFraction,732
Mon Sep 02 13:59:32 EDT 2019 org.apache.commons.math.fraction.BigFraction,735
Mon Sep 02 13:59:33 EDT 2019 org.apache.commons.math.util.MathUtils,244
Mon Sep 02 14:00:19 EDT 2019 Mon Sep 02 14:00:19 EDT 2019 : org.apache.commons.math.util.MathUtils,247=>Find no block
Mon Sep 02 14:00:20 EDT 2019 Mon Sep 02 14:00:20 EDT 2019 : org.apache.commons.math.fraction.BigFraction,119=>Find no block
Mon Sep 02 14:00:21 EDT 2019 org.apache.commons.math.fraction.BigFraction,120
Mon Sep 02 14:02:46 EDT 2019 org.apache.commons.math.fraction.BigFraction,121
Mon Sep 02 14:02:47 EDT 2019 org.apache.commons.math.fraction.BigFraction,122
Mon Sep 02 14:04:00 EDT 2019 org.apache.commons.math.fraction.BigFraction,125
Mon Sep 02 14:05:59 EDT 2019 org.apache.commons.math.fraction.BigFraction,126
Mon Sep 02 14:06:02 EDT 2019 org.apache.commons.math.fraction.BigFraction,127
Mon Sep 02 14:06:03 EDT 2019 org.apache.commons.math.fraction.BigFraction,131
Mon Sep 02 14:07:11 EDT 2019 org.apache.commons.math.fraction.BigFraction,132
Mon Sep 02 14:07:12 EDT 2019 org.apache.commons.math.fraction.BigFraction,133
Mon Sep 02 14:07:13 EDT 2019 org.apache.commons.math.fraction.BigFraction,134
Mon Sep 02 14:07:14 EDT 2019 org.apache.commons.math.fraction.BigFraction,138
Mon Sep 02 14:07:15 EDT 2019 org.apache.commons.math.fraction.BigFraction,144
Mon Sep 02 14:08:04 EDT 2019 org.apache.commons.math.fraction.BigFraction,145
Mon Sep 02 14:08:06 EDT 2019 Mon Sep 02 14:08:06 EDT 2019 : org.apache.commons.math.fraction.BigFraction,148=>Find no block
Mon Sep 02 14:08:07 EDT 2019 org.apache.commons.math.fraction.BigFraction,366
Mon Sep 02 14:08:11 EDT 2019 Mon Sep 02 14:08:11 EDT 2019 : org.apache.commons.math.fraction.BigFraction,367=>Find no block
Mon Sep 02 14:08:12 EDT 2019 org.apache.commons.math.fraction.BigFraction,381
Mon Sep 02 14:08:16 EDT 2019 Mon Sep 02 14:08:16 EDT 2019 : org.apache.commons.math.fraction.BigFraction,382=>Find no block
Mon Sep 02 14:08:17 EDT 2019 Mon Sep 02 14:08:17 EDT 2019 : org.apache.commons.math.fraction.BigFraction,44=>Find no block
Mon Sep 02 14:08:18 EDT 2019 Mon Sep 02 14:08:18 EDT 2019 : org.apache.commons.math.fraction.BigFraction,47=>Find no block
Mon Sep 02 14:08:19 EDT 2019 Mon Sep 02 14:08:19 EDT 2019 : org.apache.commons.math.fraction.BigFraction,50=>Find no block
Mon Sep 02 14:08:20 EDT 2019 Mon Sep 02 14:08:20 EDT 2019 : org.apache.commons.math.fraction.BigFraction,53=>Find no block
Mon Sep 02 14:08:21 EDT 2019 Mon Sep 02 14:08:21 EDT 2019 : org.apache.commons.math.fraction.BigFraction,56=>Find no block
Mon Sep 02 14:08:22 EDT 2019 Mon Sep 02 14:08:22 EDT 2019 : org.apache.commons.math.fraction.BigFraction,59=>Find no block
Mon Sep 02 14:08:23 EDT 2019 Mon Sep 02 14:08:23 EDT 2019 : org.apache.commons.math.fraction.BigFraction,62=>Find no block
Mon Sep 02 14:08:25 EDT 2019 Mon Sep 02 14:08:25 EDT 2019 : org.apache.commons.math.fraction.BigFraction,65=>Find no block
Mon Sep 02 14:08:26 EDT 2019 Mon Sep 02 14:08:26 EDT 2019 : org.apache.commons.math.fraction.BigFraction,68=>Find no block
Mon Sep 02 14:08:27 EDT 2019 Mon Sep 02 14:08:27 EDT 2019 : org.apache.commons.math.fraction.BigFraction,71=>Find no block
Mon Sep 02 14:08:28 EDT 2019 Mon Sep 02 14:08:28 EDT 2019 : org.apache.commons.math.fraction.BigFraction,74=>Find no block
Mon Sep 02 14:08:29 EDT 2019 Mon Sep 02 14:08:29 EDT 2019 : org.apache.commons.math.fraction.BigFraction,77=>Find no block
Mon Sep 02 14:08:30 EDT 2019 Mon Sep 02 14:08:30 EDT 2019 : org.apache.commons.math.fraction.BigFraction,80=>Find no block
Mon Sep 02 14:08:31 EDT 2019 Mon Sep 02 14:08:31 EDT 2019 : org.apache.commons.math.fraction.BigFraction,83=>Find no block
Mon Sep 02 14:08:32 EDT 2019 Mon Sep 02 14:08:32 EDT 2019 : org.apache.commons.math.fraction.BigFraction,89=>Find no block
Mon Sep 02 14:08:34 EDT 2019 Mon Sep 02 14:08:34 EDT 2019 : org.apache.commons.math.exception.util.LocalizedFormats,370=>Find no block
Mon Sep 02 14:08:35 EDT 2019 org.apache.commons.math.exception.util.LocalizedFormats,371
Mon Sep 02 14:08:38 EDT 2019 Mon Sep 02 14:08:38 EDT 2019 : org.apache.commons.math.exception.util.LocalizedFormats,372=>Find no block
Mon Sep 02 14:08:39 EDT 2019 Mon Sep 02 14:08:39 EDT 2019 : org.apache.commons.math.exception.util.LocalizedFormats,44=>Find no block
Mon Sep 02 14:08:40 EDT 2019 Mon Sep 02 14:08:40 EDT 2019 : org.apache.commons.math.exception.util.LocalizedFormats,45=>Find no block
Mon Sep 02 14:08:42 EDT 2019 Mon Sep 02 14:08:42 EDT 2019 : org.apache.commons.math.exception.util.LocalizedFormats,46=>Find no block
Mon Sep 02 14:08:43 EDT 2019 Mon Sep 02 14:08:43 EDT 2019 : org.apache.commons.math.exception.util.LocalizedFormats,47=>Find no block
Mon Sep 02 14:08:44 EDT 2019 Mon Sep 02 14:08:44 EDT 2019 : org.apache.commons.math.exception.util.LocalizedFormats,48=>Find no block
Mon Sep 02 14:08:45 EDT 2019 Mon Sep 02 14:08:45 EDT 2019 : org.apache.commons.math.exception.util.LocalizedFormats,49=>Find no block
Mon Sep 02 14:08:46 EDT 2019 Mon Sep 02 14:08:46 EDT 2019 : org.apache.commons.math.exception.util.LocalizedFormats,50=>Find no block
Mon Sep 02 14:08:47 EDT 2019 Mon Sep 02 14:08:47 EDT 2019 : org.apache.commons.math.exception.util.LocalizedFormats,51=>Find no block
Mon Sep 02 14:08:48 EDT 2019 Mon Sep 02 14:08:48 EDT 2019 : org.apache.commons.math.exception.util.LocalizedFormats,52=>Find no block
Mon Sep 02 14:08:49 EDT 2019 Mon Sep 02 14:08:49 EDT 2019 : org.apache.commons.math.exception.util.LocalizedFormats,53=>Find no block
Mon Sep 02 14:08:50 EDT 2019 Mon Sep 02 14:08:50 EDT 2019 : org.apache.commons.math.exception.util.LocalizedFormats,54=>Find no block
Mon Sep 02 14:08:51 EDT 2019 Mon Sep 02 14:08:51 EDT 2019 : org.apache.commons.math.exception.util.LocalizedFormats,55=>Find no block
Mon Sep 02 14:08:52 EDT 2019 Mon Sep 02 14:08:52 EDT 2019 : org.apache.commons.math.exception.util.LocalizedFormats,56=>Find no block
Mon Sep 02 14:08:53 EDT 2019 Mon Sep 02 14:08:53 EDT 2019 : org.apache.commons.math.exception.util.LocalizedFormats,57=>Find no block
Mon Sep 02 14:08:54 EDT 2019 Mon Sep 02 14:08:54 EDT 2019 : org.apache.commons.math.exception.util.LocalizedFormats,58=>Find no block
Mon Sep 02 14:08:55 EDT 2019 Mon Sep 02 14:08:55 EDT 2019 : org.apache.commons.math.exception.util.LocalizedFormats,59=>Find no block
Mon Sep 02 14:08:56 EDT 2019 Mon Sep 02 14:08:56 EDT 2019 : org.apache.commons.math.exception.util.LocalizedFormats,60=>Find no block
Mon Sep 02 14:08:57 EDT 2019 Mon Sep 02 14:08:57 EDT 2019 : org.apache.commons.math.exception.util.LocalizedFormats,61=>Find no block
Mon Sep 02 14:08:58 EDT 2019 Mon Sep 02 14:08:58 EDT 2019 : org.apache.commons.math.exception.util.LocalizedFormats,62=>Find no block
Mon Sep 02 14:08:59 EDT 2019 Mon Sep 02 14:08:59 EDT 2019 : org.apache.commons.math.exception.util.LocalizedFormats,63=>Find no block
Mon Sep 02 14:09:00 EDT 2019 Mon Sep 02 14:09:00 EDT 2019 : org.apache.commons.math.exception.util.LocalizedFormats,64=>Find no block
Mon Sep 02 14:09:01 EDT 2019 Mon Sep 02 14:09:01 EDT 2019 : org.apache.commons.math.exception.util.LocalizedFormats,65=>Find no block
Mon Sep 02 14:09:02 EDT 2019 Mon Sep 02 14:09:02 EDT 2019 : org.apache.commons.math.exception.util.LocalizedFormats,66=>Find no block
Mon Sep 02 14:09:03 EDT 2019 Mon Sep 02 14:09:03 EDT 2019 : org.apache.commons.math.exception.util.LocalizedFormats,67=>Find no block
Mon Sep 02 14:09:04 EDT 2019 Mon Sep 02 14:09:04 EDT 2019 : org.apache.commons.math.exception.util.LocalizedFormats,68=>Find no block
Mon Sep 02 14:09:05 EDT 2019 Mon Sep 02 14:09:05 EDT 2019 : org.apache.commons.math.exception.util.LocalizedFormats,69=>Find no block
Mon Sep 02 14:09:06 EDT 2019 Mon Sep 02 14:09:06 EDT 2019 : org.apache.commons.math.exception.util.LocalizedFormats,70=>Find no block
Mon Sep 02 14:09:07 EDT 2019 Mon Sep 02 14:09:07 EDT 2019 : org.apache.commons.math.exception.util.LocalizedFormats,71=>Find no block
Mon Sep 02 14:09:08 EDT 2019 Mon Sep 02 14:09:08 EDT 2019 : org.apache.commons.math.exception.util.LocalizedFormats,72=>Find no block
Mon Sep 02 14:09:09 EDT 2019 Mon Sep 02 14:09:09 EDT 2019 : org.apache.commons.math.exception.util.LocalizedFormats,73=>Find no block
Mon Sep 02 14:09:10 EDT 2019 Mon Sep 02 14:09:10 EDT 2019 : org.apache.commons.math.exception.util.LocalizedFormats,74=>Find no block
Mon Sep 02 14:09:11 EDT 2019 Mon Sep 02 14:09:11 EDT 2019 : org.apache.commons.math.exception.util.LocalizedFormats,75=>Find no block
Mon Sep 02 14:09:12 EDT 2019 Mon Sep 02 14:09:12 EDT 2019 : org.apache.commons.math.exception.util.LocalizedFormats,76=>Find no block
Mon Sep 02 14:09:14 EDT 2019 Mon Sep 02 14:09:14 EDT 2019 : org.apache.commons.math.exception.util.LocalizedFormats,77=>Find no block
Mon Sep 02 14:09:15 EDT 2019 Mon Sep 02 14:09:15 EDT 2019 : org.apache.commons.math.exception.util.LocalizedFormats,78=>Find no block
Mon Sep 02 14:09:16 EDT 2019 Mon Sep 02 14:09:16 EDT 2019 : org.apache.commons.math.exception.util.LocalizedFormats,79=>Find no block
Mon Sep 02 14:09:17 EDT 2019 Mon Sep 02 14:09:17 EDT 2019 : org.apache.commons.math.exception.util.LocalizedFormats,80=>Find no block
Mon Sep 02 14:09:18 EDT 2019 Mon Sep 02 14:09:18 EDT 2019 : org.apache.commons.math.exception.util.LocalizedFormats,81=>Find no block
Mon Sep 02 14:09:19 EDT 2019 Mon Sep 02 14:09:19 EDT 2019 : org.apache.commons.math.exception.util.LocalizedFormats,82=>Find no block
Mon Sep 02 14:09:20 EDT 2019 Mon Sep 02 14:09:20 EDT 2019 : org.apache.commons.math.exception.util.LocalizedFormats,83=>Find no block
Mon Sep 02 14:09:22 EDT 2019 Mon Sep 02 14:09:22 EDT 2019 : org.apache.commons.math.exception.util.LocalizedFormats,84=>Find no block
Mon Sep 02 14:09:23 EDT 2019 Mon Sep 02 14:09:23 EDT 2019 : org.apache.commons.math.exception.util.LocalizedFormats,85=>Find no block
Mon Sep 02 14:09:24 EDT 2019 Mon Sep 02 14:09:24 EDT 2019 : org.apache.commons.math.exception.util.LocalizedFormats,86=>Find no block
Mon Sep 02 14:09:25 EDT 2019 Mon Sep 02 14:09:25 EDT 2019 : org.apache.commons.math.exception.util.LocalizedFormats,87=>Find no block
Mon Sep 02 14:09:26 EDT 2019 Mon Sep 02 14:09:26 EDT 2019 : org.apache.commons.math.exception.util.LocalizedFormats,88=>Find no block
Mon Sep 02 14:09:27 EDT 2019 Mon Sep 02 14:09:27 EDT 2019 : org.apache.commons.math.exception.util.LocalizedFormats,89=>Find no block
Mon Sep 02 14:09:28 EDT 2019 Mon Sep 02 14:09:28 EDT 2019 : org.apache.commons.math.exception.util.LocalizedFormats,90=>Find no block
Mon Sep 02 14:09:29 EDT 2019 Mon Sep 02 14:09:29 EDT 2019 : org.apache.commons.math.exception.util.LocalizedFormats,91=>Find no block
Mon Sep 02 14:09:30 EDT 2019 Mon Sep 02 14:09:30 EDT 2019 : org.apache.commons.math.exception.util.LocalizedFormats,92=>Find no block
Mon Sep 02 14:09:31 EDT 2019 Mon Sep 02 14:09:31 EDT 2019 : org.apache.commons.math.exception.util.LocalizedFormats,93=>Find no block
Mon Sep 02 14:09:32 EDT 2019 Mon Sep 02 14:09:32 EDT 2019 : org.apache.commons.math.exception.util.LocalizedFormats,94=>Find no block
Mon Sep 02 14:09:33 EDT 2019 Mon Sep 02 14:09:33 EDT 2019 : org.apache.commons.math.exception.util.LocalizedFormats,95=>Find no block
Mon Sep 02 14:09:34 EDT 2019 Mon Sep 02 14:09:34 EDT 2019 : org.apache.commons.math.exception.util.LocalizedFormats,96=>Find no block
Mon Sep 02 14:09:35 EDT 2019 Mon Sep 02 14:09:35 EDT 2019 : org.apache.commons.math.exception.util.LocalizedFormats,97=>Find no block
Mon Sep 02 14:09:36 EDT 2019 Mon Sep 02 14:09:36 EDT 2019 : org.apache.commons.math.exception.util.LocalizedFormats,98=>Find no block
Mon Sep 02 14:09:37 EDT 2019 Mon Sep 02 14:09:37 EDT 2019 : org.apache.commons.math.exception.util.LocalizedFormats,99=>Find no block
Mon Sep 02 14:09:38 EDT 2019 Mon Sep 02 14:09:38 EDT 2019 : org.apache.commons.math.exception.util.LocalizedFormats,100=>Find no block
Mon Sep 02 14:09:39 EDT 2019 Mon Sep 02 14:09:39 EDT 2019 : org.apache.commons.math.exception.util.LocalizedFormats,101=>Find no block
Mon Sep 02 14:09:40 EDT 2019 Mon Sep 02 14:09:40 EDT 2019 : org.apache.commons.math.exception.util.LocalizedFormats,102=>Find no block
Mon Sep 02 14:09:41 EDT 2019 Mon Sep 02 14:09:41 EDT 2019 : org.apache.commons.math.exception.util.LocalizedFormats,103=>Find no block
Mon Sep 02 14:09:42 EDT 2019 Mon Sep 02 14:09:42 EDT 2019 : org.apache.commons.math.exception.util.LocalizedFormats,104=>Find no block
Mon Sep 02 14:09:43 EDT 2019 Mon Sep 02 14:09:43 EDT 2019 : org.apache.commons.math.exception.util.LocalizedFormats,105=>Find no block
Mon Sep 02 14:09:44 EDT 2019 Mon Sep 02 14:09:44 EDT 2019 : org.apache.commons.math.exception.util.LocalizedFormats,106=>Find no block
Mon Sep 02 14:09:45 EDT 2019 Mon Sep 02 14:09:45 EDT 2019 : org.apache.commons.math.exception.util.LocalizedFormats,107=>Find no block
Mon Sep 02 14:09:46 EDT 2019 Mon Sep 02 14:09:46 EDT 2019 : org.apache.commons.math.exception.util.LocalizedFormats,108=>Find no block
Mon Sep 02 14:09:47 EDT 2019 Mon Sep 02 14:09:47 EDT 2019 : org.apache.commons.math.exception.util.LocalizedFormats,109=>Find no block
Mon Sep 02 14:09:48 EDT 2019 Mon Sep 02 14:09:48 EDT 2019 : org.apache.commons.math.exception.util.LocalizedFormats,110=>Find no block
Mon Sep 02 14:09:49 EDT 2019 Mon Sep 02 14:09:49 EDT 2019 : org.apache.commons.math.exception.util.LocalizedFormats,111=>Find no block
Mon Sep 02 14:09:50 EDT 2019 Mon Sep 02 14:09:50 EDT 2019 : org.apache.commons.math.exception.util.LocalizedFormats,112=>Find no block
Mon Sep 02 14:09:51 EDT 2019 Mon Sep 02 14:09:51 EDT 2019 : org.apache.commons.math.exception.util.LocalizedFormats,113=>Find no block
Mon Sep 02 14:09:52 EDT 2019 Mon Sep 02 14:09:52 EDT 2019 : org.apache.commons.math.exception.util.LocalizedFormats,114=>Find no block
Mon Sep 02 14:09:53 EDT 2019 Mon Sep 02 14:09:53 EDT 2019 : org.apache.commons.math.exception.util.LocalizedFormats,115=>Find no block
Mon Sep 02 14:09:54 EDT 2019 Mon Sep 02 14:09:54 EDT 2019 : org.apache.commons.math.exception.util.LocalizedFormats,116=>Find no block
Mon Sep 02 14:09:55 EDT 2019 Mon Sep 02 14:09:55 EDT 2019 : org.apache.commons.math.exception.util.LocalizedFormats,117=>Find no block
Mon Sep 02 14:09:57 EDT 2019 Mon Sep 02 14:09:57 EDT 2019 : org.apache.commons.math.exception.util.LocalizedFormats,118=>Find no block
Mon Sep 02 14:09:58 EDT 2019 Mon Sep 02 14:09:58 EDT 2019 : org.apache.commons.math.exception.util.LocalizedFormats,119=>Find no block
Mon Sep 02 14:09:59 EDT 2019 Mon Sep 02 14:09:59 EDT 2019 : org.apache.commons.math.exception.util.LocalizedFormats,120=>Find no block
Mon Sep 02 14:10:00 EDT 2019 Mon Sep 02 14:10:00 EDT 2019 : org.apache.commons.math.exception.util.LocalizedFormats,121=>Find no block
Mon Sep 02 14:10:01 EDT 2019 Mon Sep 02 14:10:01 EDT 2019 : org.apache.commons.math.exception.util.LocalizedFormats,122=>Find no block
Mon Sep 02 14:10:02 EDT 2019 Mon Sep 02 14:10:02 EDT 2019 : org.apache.commons.math.exception.util.LocalizedFormats,123=>Find no block
Mon Sep 02 14:10:03 EDT 2019 Mon Sep 02 14:10:03 EDT 2019 : org.apache.commons.math.exception.util.LocalizedFormats,124=>Find no block
Mon Sep 02 14:10:04 EDT 2019 Mon Sep 02 14:10:04 EDT 2019 : org.apache.commons.math.exception.util.LocalizedFormats,125=>Find no block
Mon Sep 02 14:10:05 EDT 2019 Mon Sep 02 14:10:05 EDT 2019 : org.apache.commons.math.exception.util.LocalizedFormats,126=>Find no block
Mon Sep 02 14:10:06 EDT 2019 Mon Sep 02 14:10:06 EDT 2019 : org.apache.commons.math.exception.util.LocalizedFormats,127=>Find no block
Mon Sep 02 14:10:07 EDT 2019 Mon Sep 02 14:10:07 EDT 2019 : org.apache.commons.math.exception.util.LocalizedFormats,128=>Find no block
Mon Sep 02 14:10:08 EDT 2019 Mon Sep 02 14:10:08 EDT 2019 : org.apache.commons.math.exception.util.LocalizedFormats,129=>Find no block
Mon Sep 02 14:10:10 EDT 2019 Mon Sep 02 14:10:10 EDT 2019 : org.apache.commons.math.exception.util.LocalizedFormats,130=>Find no block
Mon Sep 02 14:10:11 EDT 2019 Mon Sep 02 14:10:11 EDT 2019 : org.apache.commons.math.exception.util.LocalizedFormats,131=>Find no block
Mon Sep 02 14:10:12 EDT 2019 Mon Sep 02 14:10:12 EDT 2019 : org.apache.commons.math.exception.util.LocalizedFormats,132=>Find no block
Mon Sep 02 14:10:13 EDT 2019 Mon Sep 02 14:10:13 EDT 2019 : org.apache.commons.math.exception.util.LocalizedFormats,133=>Find no block
Mon Sep 02 14:10:14 EDT 2019 Mon Sep 02 14:10:14 EDT 2019 : org.apache.commons.math.exception.util.LocalizedFormats,134=>Find no block
Mon Sep 02 14:10:15 EDT 2019 Mon Sep 02 14:10:15 EDT 2019 : org.apache.commons.math.exception.util.LocalizedFormats,135=>Find no block
Mon Sep 02 14:10:16 EDT 2019 Mon Sep 02 14:10:16 EDT 2019 : org.apache.commons.math.exception.util.LocalizedFormats,136=>Find no block
Mon Sep 02 14:10:17 EDT 2019 Mon Sep 02 14:10:17 EDT 2019 : org.apache.commons.math.exception.util.LocalizedFormats,137=>Find no block
Mon Sep 02 14:10:18 EDT 2019 Mon Sep 02 14:10:18 EDT 2019 : org.apache.commons.math.exception.util.LocalizedFormats,138=>Find no block
Mon Sep 02 14:10:20 EDT 2019 Mon Sep 02 14:10:20 EDT 2019 : org.apache.commons.math.exception.util.LocalizedFormats,139=>Find no block
Mon Sep 02 14:10:21 EDT 2019 Mon Sep 02 14:10:21 EDT 2019 : org.apache.commons.math.exception.util.LocalizedFormats,140=>Find no block
Mon Sep 02 14:10:22 EDT 2019 Mon Sep 02 14:10:22 EDT 2019 : org.apache.commons.math.exception.util.LocalizedFormats,141=>Find no block
Mon Sep 02 14:10:23 EDT 2019 Mon Sep 02 14:10:23 EDT 2019 : org.apache.commons.math.exception.util.LocalizedFormats,142=>Find no block
Mon Sep 02 14:10:24 EDT 2019 Mon Sep 02 14:10:24 EDT 2019 : org.apache.commons.math.exception.util.LocalizedFormats,143=>Find no block
Mon Sep 02 14:10:25 EDT 2019 Mon Sep 02 14:10:25 EDT 2019 : org.apache.commons.math.exception.util.LocalizedFormats,144=>Find no block
Mon Sep 02 14:10:26 EDT 2019 Mon Sep 02 14:10:26 EDT 2019 : org.apache.commons.math.exception.util.LocalizedFormats,145=>Find no block
Mon Sep 02 14:10:27 EDT 2019 Mon Sep 02 14:10:27 EDT 2019 : org.apache.commons.math.exception.util.LocalizedFormats,146=>Find no block
Mon Sep 02 14:10:28 EDT 2019 Mon Sep 02 14:10:28 EDT 2019 : org.apache.commons.math.exception.util.LocalizedFormats,147=>Find no block
Mon Sep 02 14:10:29 EDT 2019 Mon Sep 02 14:10:29 EDT 2019 : org.apache.commons.math.exception.util.LocalizedFormats,148=>Find no block
Mon Sep 02 14:10:30 EDT 2019 Mon Sep 02 14:10:30 EDT 2019 : org.apache.commons.math.exception.util.LocalizedFormats,149=>Find no block
Mon Sep 02 14:10:31 EDT 2019 Mon Sep 02 14:10:31 EDT 2019 : org.apache.commons.math.exception.util.LocalizedFormats,150=>Find no block
Mon Sep 02 14:10:32 EDT 2019 Mon Sep 02 14:10:32 EDT 2019 : org.apache.commons.math.exception.util.LocalizedFormats,151=>Find no block
Mon Sep 02 14:10:33 EDT 2019 Mon Sep 02 14:10:33 EDT 2019 : org.apache.commons.math.exception.util.LocalizedFormats,152=>Find no block
Mon Sep 02 14:10:34 EDT 2019 Mon Sep 02 14:10:34 EDT 2019 : org.apache.commons.math.exception.util.LocalizedFormats,153=>Find no block
Mon Sep 02 14:10:35 EDT 2019 Mon Sep 02 14:10:35 EDT 2019 : org.apache.commons.math.exception.util.LocalizedFormats,154=>Find no block
Mon Sep 02 14:10:36 EDT 2019 Mon Sep 02 14:10:36 EDT 2019 : org.apache.commons.math.exception.util.LocalizedFormats,155=>Find no block
Mon Sep 02 14:10:37 EDT 2019 Mon Sep 02 14:10:37 EDT 2019 : org.apache.commons.math.exception.util.LocalizedFormats,156=>Find no block
Mon Sep 02 14:10:38 EDT 2019 Mon Sep 02 14:10:38 EDT 2019 : org.apache.commons.math.exception.util.LocalizedFormats,157=>Find no block
Mon Sep 02 14:10:39 EDT 2019 Mon Sep 02 14:10:39 EDT 2019 : org.apache.commons.math.exception.util.LocalizedFormats,158=>Find no block
Mon Sep 02 14:10:40 EDT 2019 Mon Sep 02 14:10:40 EDT 2019 : org.apache.commons.math.exception.util.LocalizedFormats,159=>Find no block
Mon Sep 02 14:10:41 EDT 2019 Mon Sep 02 14:10:41 EDT 2019 : org.apache.commons.math.exception.util.LocalizedFormats,160=>Find no block
Mon Sep 02 14:10:42 EDT 2019 Mon Sep 02 14:10:42 EDT 2019 : org.apache.commons.math.exception.util.LocalizedFormats,161=>Find no block
Mon Sep 02 14:10:44 EDT 2019 Mon Sep 02 14:10:44 EDT 2019 : org.apache.commons.math.exception.util.LocalizedFormats,162=>Find no block
Mon Sep 02 14:10:45 EDT 2019 Mon Sep 02 14:10:45 EDT 2019 : org.apache.commons.math.exception.util.LocalizedFormats,163=>Find no block
Mon Sep 02 14:10:46 EDT 2019 Mon Sep 02 14:10:46 EDT 2019 : org.apache.commons.math.exception.util.LocalizedFormats,164=>Find no block
Mon Sep 02 14:10:47 EDT 2019 Mon Sep 02 14:10:47 EDT 2019 : org.apache.commons.math.exception.util.LocalizedFormats,165=>Find no block
Mon Sep 02 14:10:48 EDT 2019 Mon Sep 02 14:10:48 EDT 2019 : org.apache.commons.math.exception.util.LocalizedFormats,166=>Find no block
Mon Sep 02 14:10:49 EDT 2019 Mon Sep 02 14:10:49 EDT 2019 : org.apache.commons.math.exception.util.LocalizedFormats,167=>Find no block
Mon Sep 02 14:10:50 EDT 2019 Mon Sep 02 14:10:50 EDT 2019 : org.apache.commons.math.exception.util.LocalizedFormats,168=>Find no block
Mon Sep 02 14:10:51 EDT 2019 Mon Sep 02 14:10:51 EDT 2019 : org.apache.commons.math.exception.util.LocalizedFormats,169=>Find no block
Mon Sep 02 14:10:52 EDT 2019 Mon Sep 02 14:10:52 EDT 2019 : org.apache.commons.math.exception.util.LocalizedFormats,170=>Find no block
Mon Sep 02 14:10:54 EDT 2019 Mon Sep 02 14:10:54 EDT 2019 : org.apache.commons.math.exception.util.LocalizedFormats,171=>Find no block
Mon Sep 02 14:10:55 EDT 2019 Mon Sep 02 14:10:55 EDT 2019 : org.apache.commons.math.exception.util.LocalizedFormats,172=>Find no block
Mon Sep 02 14:10:56 EDT 2019 Mon Sep 02 14:10:56 EDT 2019 : org.apache.commons.math.exception.util.LocalizedFormats,173=>Find no block
Mon Sep 02 14:10:58 EDT 2019 Mon Sep 02 14:10:58 EDT 2019 : org.apache.commons.math.exception.util.LocalizedFormats,174=>Find no block
Mon Sep 02 14:10:59 EDT 2019 Mon Sep 02 14:10:59 EDT 2019 : org.apache.commons.math.exception.util.LocalizedFormats,175=>Find no block
Mon Sep 02 14:11:00 EDT 2019 Mon Sep 02 14:11:00 EDT 2019 : org.apache.commons.math.exception.util.LocalizedFormats,176=>Find no block
Mon Sep 02 14:11:01 EDT 2019 Mon Sep 02 14:11:01 EDT 2019 : org.apache.commons.math.exception.util.LocalizedFormats,177=>Find no block
Mon Sep 02 14:11:02 EDT 2019 Mon Sep 02 14:11:02 EDT 2019 : org.apache.commons.math.exception.util.LocalizedFormats,178=>Find no block
Mon Sep 02 14:11:03 EDT 2019 Mon Sep 02 14:11:03 EDT 2019 : org.apache.commons.math.exception.util.LocalizedFormats,179=>Find no block
Mon Sep 02 14:11:05 EDT 2019 Mon Sep 02 14:11:05 EDT 2019 : org.apache.commons.math.exception.util.LocalizedFormats,180=>Find no block
Mon Sep 02 14:11:06 EDT 2019 Mon Sep 02 14:11:06 EDT 2019 : org.apache.commons.math.exception.util.LocalizedFormats,181=>Find no block
Mon Sep 02 14:11:07 EDT 2019 Mon Sep 02 14:11:07 EDT 2019 : org.apache.commons.math.exception.util.LocalizedFormats,182=>Find no block
Mon Sep 02 14:11:08 EDT 2019 Mon Sep 02 14:11:08 EDT 2019 : org.apache.commons.math.exception.util.LocalizedFormats,183=>Find no block
Mon Sep 02 14:11:09 EDT 2019 Mon Sep 02 14:11:09 EDT 2019 : org.apache.commons.math.exception.util.LocalizedFormats,184=>Find no block
Mon Sep 02 14:11:10 EDT 2019 Mon Sep 02 14:11:10 EDT 2019 : org.apache.commons.math.exception.util.LocalizedFormats,185=>Find no block
Mon Sep 02 14:11:11 EDT 2019 Mon Sep 02 14:11:11 EDT 2019 : org.apache.commons.math.exception.util.LocalizedFormats,186=>Find no block
Mon Sep 02 14:11:12 EDT 2019 Mon Sep 02 14:11:12 EDT 2019 : org.apache.commons.math.exception.util.LocalizedFormats,187=>Find no block
Mon Sep 02 14:11:14 EDT 2019 Mon Sep 02 14:11:14 EDT 2019 : org.apache.commons.math.exception.util.LocalizedFormats,188=>Find no block
Mon Sep 02 14:11:15 EDT 2019 Mon Sep 02 14:11:15 EDT 2019 : org.apache.commons.math.exception.util.LocalizedFormats,189=>Find no block
Mon Sep 02 14:11:16 EDT 2019 Mon Sep 02 14:11:16 EDT 2019 : org.apache.commons.math.exception.util.LocalizedFormats,190=>Find no block
Mon Sep 02 14:11:17 EDT 2019 Mon Sep 02 14:11:17 EDT 2019 : org.apache.commons.math.exception.util.LocalizedFormats,191=>Find no block
Mon Sep 02 14:11:18 EDT 2019 Mon Sep 02 14:11:18 EDT 2019 : org.apache.commons.math.exception.util.LocalizedFormats,192=>Find no block
Mon Sep 02 14:11:19 EDT 2019 Mon Sep 02 14:11:19 EDT 2019 : org.apache.commons.math.exception.util.LocalizedFormats,193=>Find no block
Mon Sep 02 14:11:20 EDT 2019 Mon Sep 02 14:11:20 EDT 2019 : org.apache.commons.math.exception.util.LocalizedFormats,194=>Find no block
Mon Sep 02 14:11:21 EDT 2019 Mon Sep 02 14:11:21 EDT 2019 : org.apache.commons.math.exception.util.LocalizedFormats,195=>Find no block
Mon Sep 02 14:11:23 EDT 2019 Mon Sep 02 14:11:23 EDT 2019 : org.apache.commons.math.exception.util.LocalizedFormats,196=>Find no block
Mon Sep 02 14:11:24 EDT 2019 Mon Sep 02 14:11:24 EDT 2019 : org.apache.commons.math.exception.util.LocalizedFormats,197=>Find no block
Mon Sep 02 14:11:25 EDT 2019 Mon Sep 02 14:11:25 EDT 2019 : org.apache.commons.math.exception.util.LocalizedFormats,198=>Find no block
Mon Sep 02 14:11:26 EDT 2019 Mon Sep 02 14:11:26 EDT 2019 : org.apache.commons.math.exception.util.LocalizedFormats,199=>Find no block
Mon Sep 02 14:11:28 EDT 2019 Mon Sep 02 14:11:28 EDT 2019 : org.apache.commons.math.exception.util.LocalizedFormats,200=>Find no block
Mon Sep 02 14:11:29 EDT 2019 Mon Sep 02 14:11:29 EDT 2019 : org.apache.commons.math.exception.util.LocalizedFormats,201=>Find no block
Mon Sep 02 14:11:30 EDT 2019 Mon Sep 02 14:11:30 EDT 2019 : org.apache.commons.math.exception.util.LocalizedFormats,202=>Find no block
Failed time : 19/09/02 14:11
