=================================================
Project : math_37	start : 19/09/02 13:44
Current failed test : org.apache.commons.math.complex.ComplexTest::testTanh_purify_2 | 19/09/02 13:46
Mon Sep 02 13:47:04 EDT 2019 org.apache.commons.math.util.FastMath,393
Mon Sep 02 13:51:07 EDT 2019 org.apache.commons.math.util.FastMath,453
Mon Sep 02 13:51:08 EDT 2019 org.apache.commons.math.complex.Complex,1178
Mon Sep 02 13:53:30 EDT 2019 org.apache.commons.math.complex.Complex,1182
Mon Sep 02 13:55:41 EDT 2019 org.apache.commons.math.complex.Complex,1022
Mon Sep 02 14:01:38 EDT 2019 org.apache.commons.math.complex.Complex,1023
Mon Sep 02 14:01:39 EDT 2019 org.apache.commons.math.complex.Complex,1024
Mon Sep 02 14:01:40 EDT 2019 org.apache.commons.math.complex.Complex,1026
Mon Sep 02 14:01:41 EDT 2019 org.apache.commons.math.complex.Complex,1066
Mon Sep 02 14:07:25 EDT 2019 org.apache.commons.math.complex.Complex,1067
Mon Sep 02 14:07:26 EDT 2019 org.apache.commons.math.complex.Complex,1068
Mon Sep 02 14:07:27 EDT 2019 org.apache.commons.math.complex.Complex,1070
Mon Sep 02 14:07:28 EDT 2019 org.apache.commons.math.util.FastMath,867
Mon Sep 02 14:08:13 EDT 2019 org.apache.commons.math.util.FastMath,871
Mon Sep 02 14:08:50 EDT 2019 org.apache.commons.math.util.FastMath,383
Mon Sep 02 14:16:49 EDT 2019 org.apache.commons.math.util.FastMath,392
Mon Sep 02 14:16:50 EDT 2019 org.apache.commons.math.util.FastMath,442
Timeout time : 19/09/02 14:24
Current failed test : org.apache.commons.math.complex.ComplexTest::testTanh_purify_3 | 19/09/02 14:24
Mon Sep 02 14:24:43 EDT 2019 org.apache.commons.math.util.FastMath,393
Mon Sep 02 14:28:35 EDT 2019 org.apache.commons.math.util.FastMath,453
Mon Sep 02 14:28:36 EDT 2019 org.apache.commons.math.complex.Complex,1178
Mon Sep 02 14:30:53 EDT 2019 org.apache.commons.math.complex.Complex,1182
Mon Sep 02 14:32:53 EDT 2019 org.apache.commons.math.complex.Complex,1022
Mon Sep 02 14:38:35 EDT 2019 org.apache.commons.math.complex.Complex,1023
Mon Sep 02 14:38:37 EDT 2019 org.apache.commons.math.complex.Complex,1024
Mon Sep 02 14:38:38 EDT 2019 org.apache.commons.math.complex.Complex,1026
Mon Sep 02 14:38:39 EDT 2019 org.apache.commons.math.complex.Complex,1066
Mon Sep 02 14:44:11 EDT 2019 org.apache.commons.math.complex.Complex,1067
Mon Sep 02 14:44:12 EDT 2019 org.apache.commons.math.complex.Complex,1068
Mon Sep 02 14:44:13 EDT 2019 org.apache.commons.math.complex.Complex,1070
Mon Sep 02 14:44:14 EDT 2019 org.apache.commons.math.util.FastMath,867
Mon Sep 02 14:44:57 EDT 2019 org.apache.commons.math.util.FastMath,871
Mon Sep 02 14:45:33 EDT 2019 org.apache.commons.math.util.FastMath,383
Mon Sep 02 14:53:29 EDT 2019 org.apache.commons.math.util.FastMath,392
Mon Sep 02 14:53:30 EDT 2019 org.apache.commons.math.util.FastMath,442
Timeout time : 19/09/02 15:01
Current failed test : org.apache.commons.math.complex.ComplexTest::testTanhInf_purify_3 | 19/09/02 15:01
Mon Sep 02 15:02:22 EDT 2019 org.apache.commons.math.util.FastMath,393
Mon Sep 02 15:06:20 EDT 2019 org.apache.commons.math.util.FastMath,453
Mon Sep 02 15:06:21 EDT 2019 org.apache.commons.math.complex.Complex,1178
Mon Sep 02 15:08:40 EDT 2019 org.apache.commons.math.complex.Complex,1182
Mon Sep 02 15:10:54 EDT 2019 org.apache.commons.math.complex.Complex,1022
Mon Sep 02 15:16:40 EDT 2019 org.apache.commons.math.complex.Complex,1023
Mon Sep 02 15:16:41 EDT 2019 org.apache.commons.math.complex.Complex,1024
Mon Sep 02 15:16:42 EDT 2019 org.apache.commons.math.complex.Complex,1026
Mon Sep 02 15:16:44 EDT 2019 org.apache.commons.math.complex.Complex,1066
Mon Sep 02 15:22:19 EDT 2019 org.apache.commons.math.complex.Complex,1067
Mon Sep 02 15:22:21 EDT 2019 org.apache.commons.math.complex.Complex,1068
Mon Sep 02 15:22:22 EDT 2019 org.apache.commons.math.complex.Complex,1070
Mon Sep 02 15:22:23 EDT 2019 org.apache.commons.math.util.FastMath,867
Mon Sep 02 15:23:04 EDT 2019 org.apache.commons.math.util.FastMath,871
Mon Sep 02 15:23:48 EDT 2019 org.apache.commons.math.util.FastMath,383
Mon Sep 02 15:31:45 EDT 2019 org.apache.commons.math.util.FastMath,392
Mon Sep 02 15:31:46 EDT 2019 org.apache.commons.math.util.FastMath,442
Timeout time : 19/09/02 15:39
Current failed test : org.apache.commons.math.complex.ComplexTest::testTanhInf_purify_4 | 19/09/02 15:39
Mon Sep 02 15:40:03 EDT 2019 org.apache.commons.math.util.FastMath,393
Mon Sep 02 15:43:57 EDT 2019 org.apache.commons.math.util.FastMath,453
Mon Sep 02 15:44:00 EDT 2019 org.apache.commons.math.complex.Complex,1178
Mon Sep 02 15:46:30 EDT 2019 org.apache.commons.math.complex.Complex,1182
Mon Sep 02 15:49:02 EDT 2019 org.apache.commons.math.complex.Complex,1022
Mon Sep 02 15:56:04 EDT 2019 org.apache.commons.math.complex.Complex,1023
Mon Sep 02 15:56:10 EDT 2019 org.apache.commons.math.complex.Complex,1024
Mon Sep 02 15:56:14 EDT 2019 org.apache.commons.math.complex.Complex,1026
Mon Sep 02 15:56:22 EDT 2019 org.apache.commons.math.complex.Complex,1066
Mon Sep 02 16:02:38 EDT 2019 org.apache.commons.math.complex.Complex,1067
Mon Sep 02 16:02:39 EDT 2019 org.apache.commons.math.complex.Complex,1068
Mon Sep 02 16:02:41 EDT 2019 org.apache.commons.math.complex.Complex,1070
Mon Sep 02 16:02:42 EDT 2019 org.apache.commons.math.util.FastMath,867
Mon Sep 02 16:03:25 EDT 2019 org.apache.commons.math.util.FastMath,871
Mon Sep 02 16:04:00 EDT 2019 org.apache.commons.math.util.FastMath,383
Mon Sep 02 16:11:50 EDT 2019 org.apache.commons.math.util.FastMath,392
Mon Sep 02 16:11:52 EDT 2019 org.apache.commons.math.util.FastMath,442
Timeout time : 19/09/02 16:17
Current failed test : org.apache.commons.math.complex.ComplexTest::testTan_purify_2 | 19/09/02 16:17
Mon Sep 02 16:17:50 EDT 2019 org.apache.commons.math.util.FastMath,393
Mon Sep 02 16:21:41 EDT 2019 org.apache.commons.math.util.FastMath,453
Mon Sep 02 16:21:42 EDT 2019 org.apache.commons.math.complex.Complex,1178
Mon Sep 02 16:23:58 EDT 2019 org.apache.commons.math.complex.Complex,1182
Mon Sep 02 16:26:00 EDT 2019 org.apache.commons.math.complex.Complex,1022
Mon Sep 02 16:31:40 EDT 2019 org.apache.commons.math.complex.Complex,1023
Mon Sep 02 16:31:41 EDT 2019 org.apache.commons.math.complex.Complex,1024
Mon Sep 02 16:31:42 EDT 2019 org.apache.commons.math.complex.Complex,1026
Mon Sep 02 16:31:43 EDT 2019 org.apache.commons.math.complex.Complex,1066
Mon Sep 02 16:37:15 EDT 2019 org.apache.commons.math.complex.Complex,1067
Mon Sep 02 16:37:17 EDT 2019 org.apache.commons.math.complex.Complex,1068
Mon Sep 02 16:37:20 EDT 2019 org.apache.commons.math.complex.Complex,1070
Mon Sep 02 16:37:23 EDT 2019 org.apache.commons.math.util.FastMath,867
Mon Sep 02 16:38:05 EDT 2019 org.apache.commons.math.util.FastMath,871
Mon Sep 02 16:38:40 EDT 2019 org.apache.commons.math.util.FastMath,383
Mon Sep 02 16:46:37 EDT 2019 org.apache.commons.math.util.FastMath,392
Mon Sep 02 16:46:38 EDT 2019 org.apache.commons.math.util.FastMath,442
Timeout time : 19/09/02 16:54
Current failed test : org.apache.commons.math.complex.ComplexTest::testTan_purify_3 | 19/09/02 16:54
Mon Sep 02 16:55:31 EDT 2019 org.apache.commons.math.util.FastMath,393
Mon Sep 02 16:59:20 EDT 2019 org.apache.commons.math.util.FastMath,453
Mon Sep 02 16:59:21 EDT 2019 org.apache.commons.math.complex.Complex,1178
Mon Sep 02 17:01:36 EDT 2019 org.apache.commons.math.complex.Complex,1182
Mon Sep 02 17:03:36 EDT 2019 org.apache.commons.math.complex.Complex,1022
Mon Sep 02 17:09:15 EDT 2019 org.apache.commons.math.complex.Complex,1023
Mon Sep 02 17:09:16 EDT 2019 org.apache.commons.math.complex.Complex,1024
Mon Sep 02 17:09:17 EDT 2019 org.apache.commons.math.complex.Complex,1026
Mon Sep 02 17:09:18 EDT 2019 org.apache.commons.math.complex.Complex,1066
Mon Sep 02 17:14:47 EDT 2019 org.apache.commons.math.complex.Complex,1067
Mon Sep 02 17:14:48 EDT 2019 org.apache.commons.math.complex.Complex,1068
Mon Sep 02 17:14:49 EDT 2019 org.apache.commons.math.complex.Complex,1070
Mon Sep 02 17:14:50 EDT 2019 org.apache.commons.math.util.FastMath,867
Mon Sep 02 17:15:33 EDT 2019 org.apache.commons.math.util.FastMath,871
Mon Sep 02 17:16:07 EDT 2019 org.apache.commons.math.util.FastMath,383
Mon Sep 02 17:23:56 EDT 2019 org.apache.commons.math.util.FastMath,392
Mon Sep 02 17:23:57 EDT 2019 org.apache.commons.math.util.FastMath,442
Timeout time : 19/09/02 17:32
Current failed test : org.apache.commons.math.complex.ComplexTest::testTanInf_purify_1 | 19/09/02 17:32
Mon Sep 02 17:33:17 EDT 2019 org.apache.commons.math.util.FastMath,393
Mon Sep 02 17:37:06 EDT 2019 org.apache.commons.math.util.FastMath,453
Mon Sep 02 17:37:07 EDT 2019 org.apache.commons.math.complex.Complex,1178
Mon Sep 02 17:39:21 EDT 2019 org.apache.commons.math.complex.Complex,1182
Mon Sep 02 17:41:22 EDT 2019 org.apache.commons.math.complex.Complex,1022
Mon Sep 02 17:46:59 EDT 2019 org.apache.commons.math.complex.Complex,1023
Mon Sep 02 17:47:01 EDT 2019 org.apache.commons.math.complex.Complex,1024
Mon Sep 02 17:47:02 EDT 2019 org.apache.commons.math.complex.Complex,1026
Mon Sep 02 17:47:03 EDT 2019 org.apache.commons.math.complex.Complex,1066
Mon Sep 02 17:52:32 EDT 2019 org.apache.commons.math.complex.Complex,1067
Mon Sep 02 17:52:33 EDT 2019 org.apache.commons.math.complex.Complex,1068
Mon Sep 02 17:52:34 EDT 2019 org.apache.commons.math.complex.Complex,1070
Mon Sep 02 17:52:35 EDT 2019 org.apache.commons.math.util.FastMath,867
Mon Sep 02 17:53:17 EDT 2019 org.apache.commons.math.util.FastMath,871
Mon Sep 02 17:53:49 EDT 2019 org.apache.commons.math.util.FastMath,383
Mon Sep 02 18:01:33 EDT 2019 org.apache.commons.math.util.FastMath,392
Mon Sep 02 18:01:34 EDT 2019 org.apache.commons.math.util.FastMath,442
Timeout time : 19/09/02 18:10
Current failed test : org.apache.commons.math.complex.ComplexTest::testTanInf_purify_2 | 19/09/02 18:10
Mon Sep 02 18:11:01 EDT 2019 org.apache.commons.math.util.FastMath,393
Mon Sep 02 18:14:57 EDT 2019 org.apache.commons.math.util.FastMath,453
Mon Sep 02 18:14:58 EDT 2019 org.apache.commons.math.complex.Complex,1178
Mon Sep 02 18:17:18 EDT 2019 org.apache.commons.math.complex.Complex,1182
Mon Sep 02 18:19:22 EDT 2019 org.apache.commons.math.complex.Complex,1022
Mon Sep 02 18:25:16 EDT 2019 org.apache.commons.math.complex.Complex,1023
Mon Sep 02 18:25:17 EDT 2019 org.apache.commons.math.complex.Complex,1024
Mon Sep 02 18:25:18 EDT 2019 org.apache.commons.math.complex.Complex,1026
Mon Sep 02 18:25:19 EDT 2019 org.apache.commons.math.complex.Complex,1066
Mon Sep 02 18:31:03 EDT 2019 org.apache.commons.math.complex.Complex,1067
Mon Sep 02 18:31:04 EDT 2019 org.apache.commons.math.complex.Complex,1068
Mon Sep 02 18:31:05 EDT 2019 org.apache.commons.math.complex.Complex,1070
Mon Sep 02 18:31:06 EDT 2019 org.apache.commons.math.util.FastMath,867
Mon Sep 02 18:31:49 EDT 2019 org.apache.commons.math.util.FastMath,871
Mon Sep 02 18:32:25 EDT 2019 org.apache.commons.math.util.FastMath,383
Mon Sep 02 18:40:32 EDT 2019 org.apache.commons.math.util.FastMath,392
Mon Sep 02 18:40:33 EDT 2019 org.apache.commons.math.util.FastMath,442
Timeout time : 19/09/02 18:48
