=================================================
Project : math_38	start : 19/09/02 13:43
Current failed test : org.apache.commons.math.optimization.direct.BOBYQAOptimizerTest::testConstrainedRosenWithMoreInterpolationPoints | 19/09/02 13:44
Mon Sep 02 13:47:26 EDT 2019 org.apache.commons.math.optimization.direct.BOBYQAOptimizer,2479
Mon Sep 02 13:47:32 EDT 2019 Mon Sep 02 13:47:32 EDT 2019 : org.apache.commons.math.optimization.direct.BOBYQAOptimizer,2480=>Find no block
Mon Sep 02 13:47:34 EDT 2019 org.apache.commons.math.optimization.direct.BOBYQAOptimizer,1653
Mon Sep 02 13:55:33 EDT 2019 org.apache.commons.math.optimization.direct.BOBYQAOptimizer,1654
Mon Sep 02 13:55:35 EDT 2019 org.apache.commons.math.optimization.direct.BOBYQAOptimizer,1655
Mon Sep 02 14:11:04 EDT 2019 org.apache.commons.math.optimization.direct.BOBYQAOptimizer,1656
Mon Sep 02 14:38:34 EDT 2019 org.apache.commons.math.optimization.direct.BOBYQAOptimizer,1662
Mon Sep 02 15:29:43 EDT 2019 org.apache.commons.math.optimization.direct.BOBYQAOptimizer,1663
Mon Sep 02 15:36:41 EDT 2019 org.apache.commons.math.optimization.direct.BOBYQAOptimizer,1664
Mon Sep 02 15:49:11 EDT 2019 org.apache.commons.math.optimization.direct.BOBYQAOptimizer,1665
Mon Sep 02 15:49:15 EDT 2019 org.apache.commons.math.optimization.direct.BOBYQAOptimizer,1744
Mon Sep 02 15:55:04 EDT 2019 org.apache.commons.math.optimization.direct.BOBYQAOptimizer,1745
Mon Sep 02 15:55:15 EDT 2019 org.apache.commons.math.optimization.direct.BOBYQAOptimizer,1746
Mon Sep 02 16:03:20 EDT 2019 org.apache.commons.math.optimization.direct.BOBYQAOptimizer,1747
Mon Sep 02 16:12:18 EDT 2019 org.apache.commons.math.optimization.direct.BOBYQAOptimizer,1749
Mon Sep 02 16:22:40 EDT 2019 org.apache.commons.math.optimization.direct.BOBYQAOptimizer,1750
Mon Sep 02 16:35:10 EDT 2019 org.apache.commons.math.optimization.direct.BOBYQAOptimizer,1751
Mon Sep 02 16:43:00 EDT 2019 org.apache.commons.math.optimization.direct.BOBYQAOptimizer,1752
Mon Sep 02 16:43:01 EDT 2019 org.apache.commons.math.optimization.direct.BOBYQAOptimizer,2454
Mon Sep 02 16:44:41 EDT 2019 org.apache.commons.math.optimization.direct.BOBYQAOptimizer,2455
Mon Sep 02 16:44:42 EDT 2019 org.apache.commons.math.optimization.direct.BOBYQAOptimizer,2456
Mon Sep 02 16:44:43 EDT 2019 org.apache.commons.math.optimization.direct.BOBYQAOptimizer,2457
Mon Sep 02 16:44:44 EDT 2019 Mon Sep 02 16:44:44 EDT 2019 : org.apache.commons.math.optimization.direct.BOBYQAOptimizer,52=>Find no block
Mon Sep 02 16:44:45 EDT 2019 org.apache.commons.math.optimization.direct.BOBYQAOptimizer,2413
Mon Sep 02 16:45:36 EDT 2019 org.apache.commons.math.optimization.direct.BaseAbstractMultivariateSimpleBoundsOptimizer,126
Mon Sep 02 17:00:25 EDT 2019 org.apache.commons.math.optimization.direct.BaseAbstractMultivariateSimpleBoundsOptimizer,134
Mon Sep 02 17:15:20 EDT 2019 org.apache.commons.math.optimization.direct.BaseAbstractMultivariateSimpleBoundsOptimizer,98
Mon Sep 02 17:26:14 EDT 2019 org.apache.commons.math.optimization.direct.BaseAbstractMultivariateSimpleBoundsOptimizer,99
Mon Sep 02 17:26:15 EDT 2019 org.apache.commons.math.optimization.direct.BaseAbstractMultivariateSimpleBoundsOptimizer,100
Mon Sep 02 17:26:17 EDT 2019 org.apache.commons.math.optimization.direct.BaseAbstractMultivariateSimpleBoundsOptimizer,101
Mon Sep 02 17:26:18 EDT 2019 org.apache.commons.math.optimization.direct.BaseAbstractMultivariateSimpleBoundsOptimizer,107
Mon Sep 02 17:48:10 EDT 2019 org.apache.commons.math.optimization.direct.BaseAbstractMultivariateSimpleBoundsOptimizer,110
Mon Sep 02 17:58:11 EDT 2019 org.apache.commons.math.optimization.direct.BaseAbstractMultivariateSimpleBoundsOptimizer,111
Mon Sep 02 17:58:13 EDT 2019 org.apache.commons.math.optimization.direct.BaseAbstractMultivariateSimpleBoundsOptimizer,112
Mon Sep 02 17:58:14 EDT 2019 org.apache.commons.math.optimization.direct.BaseAbstractMultivariateSimpleBoundsOptimizer,113
Mon Sep 02 17:58:15 EDT 2019 org.apache.commons.math.optimization.direct.BaseAbstractMultivariateSimpleBoundsOptimizer,95
Mon Sep 02 18:20:22 EDT 2019 Mon Sep 02 18:20:22 EDT 2019 : org.apache.commons.math.optimization.RealPointValuePair,44=>Find no block
Mon Sep 02 18:20:23 EDT 2019 org.apache.commons.math.optimization.RealPointValuePair,45
Mon Sep 02 18:22:00 EDT 2019 org.apache.commons.math.optimization.RealPointValuePair,46
Mon Sep 02 18:22:01 EDT 2019 Mon Sep 02 18:22:01 EDT 2019 : org.apache.commons.math.optimization.RealPointValuePair,47=>Find no block
Mon Sep 02 18:22:02 EDT 2019 org.apache.commons.math.optimization.direct.BOBYQAOptimizer,1640
Mon Sep 02 18:30:34 EDT 2019 org.apache.commons.math.optimization.direct.BOBYQAOptimizer,1641
Mon Sep 02 18:30:35 EDT 2019 org.apache.commons.math.optimization.direct.BOBYQAOptimizer,1642
Mon Sep 02 18:37:24 EDT 2019 org.apache.commons.math.optimization.direct.BOBYQAOptimizer,1646
Mon Sep 02 18:43:52 EDT 2019 org.apache.commons.math.optimization.direct.BOBYQAOptimizer,1650
Timeout time : 19/09/02 18:47
