=================================================
Project : math_39	start : 19/09/02 13:43
Current failed test : org.apache.commons.math.ode.nonstiff.DormandPrince853IntegratorTest::testTooLargeFirstStep | 19/09/02 13:44
Mon Sep 02 13:45:17 EDT 2019 org.apache.commons.math.util.FastMath,3252
Mon Sep 02 14:06:32 EDT 2019 org.apache.commons.math.util.FastMath,3254
Mon Sep 02 14:06:33 EDT 2019 org.apache.commons.math.util.FastMath,3256
Mon Sep 02 14:06:34 EDT 2019 org.apache.commons.math.util.FastMath,3258
Mon Sep 02 14:06:35 EDT 2019 org.apache.commons.math.util.FastMath,3259
Mon Sep 02 14:06:36 EDT 2019 org.apache.commons.math.util.FastMath,3264
Mon Sep 02 14:24:32 EDT 2019 org.apache.commons.math.util.FastMath,3265
Mon Sep 02 14:28:12 EDT 2019 org.apache.commons.math.util.FastMath,3266
Mon Sep 02 14:30:08 EDT 2019 org.apache.commons.math.util.FastMath,3267
Mon Sep 02 14:30:09 EDT 2019 org.apache.commons.math.ode.nonstiff.DormandPrince853StepInterpolator,244
Mon Sep 02 14:51:17 EDT 2019 org.apache.commons.math.ode.nonstiff.DormandPrince853StepInterpolator,246
Mon Sep 02 15:08:53 EDT 2019 org.apache.commons.math.ode.nonstiff.DormandPrince853StepInterpolator,248
Mon Sep 02 15:09:58 EDT 2019 org.apache.commons.math.ode.nonstiff.DormandPrince853StepInterpolator,249
Mon Sep 02 15:09:59 EDT 2019 org.apache.commons.math.ode.nonstiff.DormandPrince853StepInterpolator,250
Mon Sep 02 15:10:00 EDT 2019 Mon Sep 02 15:10:00 EDT 2019 : org.apache.commons.math.ode.nonstiff.DormandPrince853StepInterpolator,273=>Find no block
Mon Sep 02 15:10:01 EDT 2019 org.apache.commons.math.ode.nonstiff.DormandPrince853StepInterpolator,278
Mon Sep 02 15:10:06 EDT 2019 org.apache.commons.math.ode.nonstiff.DormandPrince853StepInterpolator,288
Mon Sep 02 15:45:42 EDT 2019 org.apache.commons.math.ode.nonstiff.DormandPrince853StepInterpolator,290
Mon Sep 02 15:45:45 EDT 2019 org.apache.commons.math.ode.nonstiff.DormandPrince853StepInterpolator,292
Mon Sep 02 15:45:55 EDT 2019 org.apache.commons.math.ode.nonstiff.DormandPrince853StepInterpolator,293
Mon Sep 02 15:45:58 EDT 2019 org.apache.commons.math.ode.nonstiff.DormandPrince853StepInterpolator,294
Mon Sep 02 15:46:00 EDT 2019 org.apache.commons.math.ode.nonstiff.DormandPrince853StepInterpolator,297
Mon Sep 02 15:46:05 EDT 2019 org.apache.commons.math.ode.nonstiff.DormandPrince853StepInterpolator,298
Mon Sep 02 15:46:11 EDT 2019 org.apache.commons.math.ode.nonstiff.DormandPrince853StepInterpolator,299
Mon Sep 02 15:46:13 EDT 2019 org.apache.commons.math.ode.nonstiff.DormandPrince853StepInterpolator,302
Mon Sep 02 15:46:19 EDT 2019 Mon Sep 02 15:46:19 EDT 2019 : org.apache.commons.math.ode.nonstiff.DormandPrince853StepInterpolator,304=>Find no block
Mon Sep 02 15:46:20 EDT 2019 org.apache.commons.math.ode.nonstiff.DormandPrince853StepInterpolator,309
Mon Sep 02 15:48:32 EDT 2019 org.apache.commons.math.ode.nonstiff.DormandPrince853StepInterpolator,310
Mon Sep 02 15:48:40 EDT 2019 Mon Sep 02 15:48:40 EDT 2019 : org.apache.commons.math.ode.nonstiff.DormandPrince853StepInterpolator,311=>Find no block
Mon Sep 02 15:48:41 EDT 2019 org.apache.commons.math.ode.nonstiff.DormandPrince853StepInterpolator,407
Mon Sep 02 15:49:41 EDT 2019 org.apache.commons.math.ode.nonstiff.DormandPrince853StepInterpolator,409
Mon Sep 02 15:49:48 EDT 2019 org.apache.commons.math.ode.nonstiff.DormandPrince853Integrator,220
Mon Sep 02 15:51:27 EDT 2019 Mon Sep 02 15:51:27 EDT 2019 : org.apache.commons.math.ode.nonstiff.DormandPrince853Integrator,223=>Find no block
Mon Sep 02 15:51:28 EDT 2019 org.apache.commons.math.ode.nonstiff.DormandPrince853StepInterpolator,231
Mon Sep 02 15:52:42 EDT 2019 org.apache.commons.math.ode.nonstiff.DormandPrince853StepInterpolator,232
Mon Sep 02 15:52:44 EDT 2019 org.apache.commons.math.ode.nonstiff.DormandPrince853StepInterpolator,233
Mon Sep 02 15:52:52 EDT 2019 org.apache.commons.math.ode.nonstiff.DormandPrince853StepInterpolator,234
Mon Sep 02 15:52:59 EDT 2019 Mon Sep 02 15:52:59 EDT 2019 : org.apache.commons.math.ode.nonstiff.DormandPrince853StepInterpolator,235=>Find no block
Mon Sep 02 15:53:01 EDT 2019 Mon Sep 02 15:53:01 EDT 2019 : org.apache.commons.math.ode.nonstiff.DormandPrince853StepInterpolator,180=>Find no block
Mon Sep 02 15:53:11 EDT 2019 Mon Sep 02 15:53:11 EDT 2019 : org.apache.commons.math.ode.nonstiff.DormandPrince853Integrator,63=>Find no block
Mon Sep 02 15:53:18 EDT 2019 Mon Sep 02 15:53:18 EDT 2019 : org.apache.commons.math.ode.nonstiff.DormandPrince853Integrator,70=>Find no block
Mon Sep 02 15:53:25 EDT 2019 Mon Sep 02 15:53:25 EDT 2019 : org.apache.commons.math.ode.nonstiff.DormandPrince853Integrator,137=>Find no block
Mon Sep 02 15:53:33 EDT 2019 org.apache.commons.math.ode.nonstiff.DormandPrince853Integrator,247
Mon Sep 02 15:53:49 EDT 2019 org.apache.commons.math.util.FastMath,3473
Mon Sep 02 15:55:48 EDT 2019 org.apache.commons.math.util.FastMath,3474
Mon Sep 02 15:55:54 EDT 2019 org.apache.commons.math.ode.nonstiff.EmbeddedRungeKuttaIntegrator,236
Mon Sep 02 16:09:14 EDT 2019 org.apache.commons.math.ode.nonstiff.EmbeddedRungeKuttaIntegrator,237
Mon Sep 02 16:09:15 EDT 2019 org.apache.commons.math.ode.nonstiff.EmbeddedRungeKuttaIntegrator,115
Mon Sep 02 16:11:30 EDT 2019 org.apache.commons.math.ode.nonstiff.EmbeddedRungeKuttaIntegrator,117
Mon Sep 02 16:11:31 EDT 2019 org.apache.commons.math.ode.nonstiff.EmbeddedRungeKuttaIntegrator,118
Mon Sep 02 16:13:03 EDT 2019 org.apache.commons.math.ode.nonstiff.EmbeddedRungeKuttaIntegrator,119
Mon Sep 02 16:14:34 EDT 2019 org.apache.commons.math.ode.nonstiff.EmbeddedRungeKuttaIntegrator,120
Mon Sep 02 16:15:16 EDT 2019 org.apache.commons.math.ode.nonstiff.EmbeddedRungeKuttaIntegrator,121
Mon Sep 02 16:16:41 EDT 2019 org.apache.commons.math.ode.nonstiff.EmbeddedRungeKuttaIntegrator,123
Mon Sep 02 16:17:41 EDT 2019 org.apache.commons.math.ode.nonstiff.EmbeddedRungeKuttaIntegrator,126
Mon Sep 02 16:18:21 EDT 2019 org.apache.commons.math.ode.nonstiff.EmbeddedRungeKuttaIntegrator,127
Mon Sep 02 16:18:37 EDT 2019 org.apache.commons.math.ode.nonstiff.EmbeddedRungeKuttaIntegrator,128
Mon Sep 02 16:18:38 EDT 2019 Mon Sep 02 16:18:38 EDT 2019 : org.apache.commons.math.ode.nonstiff.EmbeddedRungeKuttaIntegrator,130=>Find no block
Mon Sep 02 16:18:39 EDT 2019 org.apache.commons.math.ode.nonstiff.AdaptiveStepsizeIntegrator,110
Mon Sep 02 16:19:45 EDT 2019 org.apache.commons.math.ode.nonstiff.AdaptiveStepsizeIntegrator,111
Mon Sep 02 16:19:46 EDT 2019 org.apache.commons.math.ode.nonstiff.AdaptiveStepsizeIntegrator,112
Mon Sep 02 16:19:47 EDT 2019 Mon Sep 02 16:19:47 EDT 2019 : org.apache.commons.math.ode.nonstiff.AdaptiveStepsizeIntegrator,114=>Find no block
Mon Sep 02 16:19:49 EDT 2019 org.apache.commons.math.ode.nonstiff.AdaptiveStepsizeIntegrator,157
Mon Sep 02 16:22:51 EDT 2019 org.apache.commons.math.ode.nonstiff.AdaptiveStepsizeIntegrator,158
Mon Sep 02 16:22:52 EDT 2019 org.apache.commons.math.ode.nonstiff.AdaptiveStepsizeIntegrator,159
Mon Sep 02 16:22:54 EDT 2019 org.apache.commons.math.ode.nonstiff.AdaptiveStepsizeIntegrator,161
Mon Sep 02 16:22:55 EDT 2019 org.apache.commons.math.ode.nonstiff.AdaptiveStepsizeIntegrator,162
Mon Sep 02 16:22:56 EDT 2019 org.apache.commons.math.ode.nonstiff.AdaptiveStepsizeIntegrator,163
Mon Sep 02 16:22:57 EDT 2019 org.apache.commons.math.ode.nonstiff.AdaptiveStepsizeIntegrator,164
Mon Sep 02 16:22:59 EDT 2019 Mon Sep 02 16:22:59 EDT 2019 : org.apache.commons.math.ode.nonstiff.AdaptiveStepsizeIntegrator,166=>Find no block
Mon Sep 02 16:23:00 EDT 2019 org.apache.commons.math.util.FastMath,827
Mon Sep 02 16:27:44 EDT 2019 org.apache.commons.math.util.FastMath,829
Mon Sep 02 16:27:45 EDT 2019 org.apache.commons.math.util.FastMath,837
Mon Sep 02 16:31:01 EDT 2019 org.apache.commons.math.util.FastMath,847
Mon Sep 02 16:34:20 EDT 2019 org.apache.commons.math.util.FastMath,857
Mon Sep 02 16:40:53 EDT 2019 org.apache.commons.math.util.FastMath,859
Mon Sep 02 16:41:47 EDT 2019 org.apache.commons.math.util.FastMath,860
Mon Sep 02 16:42:42 EDT 2019 org.apache.commons.math.util.FastMath,862
Mon Sep 02 16:42:44 EDT 2019 org.apache.commons.math.ode.ExpandableStatefulODE,98
Mon Sep 02 16:42:48 EDT 2019 org.apache.commons.math.ode.nonstiff.AdaptiveStepsizeIntegrator,258
Mon Sep 02 16:43:25 EDT 2019 org.apache.commons.math.ode.nonstiff.AdaptiveStepsizeIntegrator,259

----------------------------------------
----------------------------------------
Pass Single Test : [=>0,0]
int yOnScale2=0;
double yDotOnScale2=0;
for(int j=0;j<scale.length;++j){
ratio=y0[j]/scale[j];
yOnScale2+=ratio*ratio;
ratio=yDot0[j]/scale[j];
yDotOnScale2+=ratio*ratio;
}

Time : 19/09/02 16:45
----------------------------------------

----------------------------------------
----------------------------------------
Pass Single Test : [=>0,0]
int yOnScale2=mainSetDimension;
double yDotOnScale2=0;
for(int j=0;j<scale.length;++j){
ratio=y0[j]/scale[j];
yOnScale2+=ratio*ratio;
ratio=yDot0[j]/scale[j];
yDotOnScale2+=ratio*ratio;
}

Time : 19/09/02 16:46
----------------------------------------

----------------------------------------
----------------------------------------
Pass Single Test : [=>0,0]
double yOnScale2=0;
double yDotOnScale2=0;
for(int j=mainSetDimension;j<scale.length;++j){
ratio=y0[j]/scale[j];
yOnScale2+=ratio*ratio;
ratio=yDot0[j]/scale[j];
yDotOnScale2+=ratio*ratio;
}

Time : 19/09/02 16:47
----------------------------------------

----------------------------------------
----------------------------------------
Pass Single Test : [=>0,0]
double yOnScale2=0;
double yDotOnScale2=0;
for(int j=mainSetDimension;j<mainSetDimension;++j){
ratio=y0[j]/scale[j];
yOnScale2+=ratio*ratio;
ratio=yDot0[j]/scale[j];
yDotOnScale2+=ratio*ratio;
}

Time : 19/09/02 16:49
----------------------------------------

----------------------------------------
----------------------------------------
Pass Single Test : [=>0,0]
double yOnScale2=0;
double yDotOnScale2=0;
for(int j=0;j<mainSetDimension-mainSetDimension;++j){
ratio=y0[j]/scale[j];
yOnScale2+=ratio*ratio;
ratio=yDot0[j]/scale[j];
yDotOnScale2+=ratio*ratio;
}

Time : 19/09/02 16:55
----------------------------------------

----------------------------------------
----------------------------------------
Pass Single Test : [=>0,0]
int yOnScale2=mainSetDimension*mainSetDimension;
double yDotOnScale2=0;
for(int j=0;j<scale.length;++j){
ratio=y0[j]/scale[j];
yOnScale2+=ratio*ratio;
ratio=yDot0[j]/scale[j];
yDotOnScale2+=ratio*ratio;
}

Time : 19/09/02 16:59
----------------------------------------

----------------------------------------
----------------------------------------
Pass Single Test : [=>0,0]
int yOnScale2=0;
double yDotOnScale2=0;
for(int j=mainSetDimension;j<scale.length;++j){
ratio=y0[j]/scale[j];
yOnScale2+=ratio*ratio;
ratio=yDot0[j]/scale[j];
yDotOnScale2+=ratio*ratio;
}

Time : 19/09/02 17:05
----------------------------------------

----------------------------------------
----------------------------------------
Pass Single Test : [=>0,0]
int yOnScale2=0;
double yDotOnScale2=0;
mainSetDimension=mainSetDimension;
for(int j=0;j<scale.length;++j){
ratio=y0[j]/scale[j];
yOnScale2+=ratio*ratio;
ratio=yDot0[j]/scale[j];
yDotOnScale2+=ratio*ratio;
}

Time : 19/09/02 17:09
----------------------------------------

----------------------------------------
----------------------------------------
Pass Single Test : [=>0,0]
int yOnScale2=0;
double yDotOnScale2=mainSetDimension;
for(int j=0;j<scale.length;++j){
ratio=y0[j]/scale[j];
yOnScale2+=ratio*ratio;
ratio=yDot0[j]/scale[j];
yDotOnScale2+=ratio*ratio;
}

Time : 19/09/02 17:10
----------------------------------------

----------------------------------------
----------------------------------------
Pass Single Test : [=>0,0]
int yOnScale2=mainSetDimension;
double yDotOnScale2=mainSetDimension;
for(int j=0;j<scale.length;++j){
ratio=y0[j]/scale[j];
yOnScale2+=ratio*ratio;
ratio=yDot0[j]/scale[j];
yDotOnScale2+=ratio*ratio;
}

Time : 19/09/02 17:11
----------------------------------------

----------------------------------------
----------------------------------------
Pass Single Test : [=>0,0]
int yOnScale2=0;
double yDotOnScale2=mainSetDimension+1-mainSetDimension;
for(int j=0;j<scale.length;++j){
ratio=y0[j]/scale[j];
yOnScale2+=ratio*ratio;
ratio=yDot0[j]/scale[j];
yDotOnScale2+=ratio*ratio;
}

Time : 19/09/02 17:15
----------------------------------------

----------------------------------------
----------------------------------------
Pass Single Test : [=>0,0]
int yOnScale2=mainSetDimension;
double yDotOnScale2=mainSetDimension+1-mainSetDimension;
for(int j=0;j<scale.length;++j){
ratio=y0[j]/scale[j];
yOnScale2+=ratio*ratio;
ratio=yDot0[j]/scale[j];
yDotOnScale2+=ratio*ratio;
}

Time : 19/09/02 17:16
----------------------------------------

----------------------------------------
----------------------------------------
Pass Single Test : [=>0,0]
char yOnScale2=0;
double yDotOnScale2=0;
for(int j=0;j<scale.length;++j){
ratio=y0[j]/scale[j];
yOnScale2+=ratio*ratio;
ratio=yDot0[j]/scale[j];
yDotOnScale2+=ratio*ratio;
}

Time : 19/09/02 17:19
----------------------------------------
Mon Sep 02 17:20:17 EDT 2019 org.apache.commons.math.ode.nonstiff.AdaptiveStepsizeIntegrator,260

----------------------------------------
----------------------------------------
Pass Single Test : [=>0,0]
for(int j=mainSetDimension;j<scale.length;++j){
ratio=y0[j]/scale[j];
yOnScale2+=ratio*ratio;
ratio=yDot0[j]/scale[j];
yDotOnScale2+=ratio*ratio;
}

Time : 19/09/02 17:22
----------------------------------------

----------------------------------------
----------------------------------------
Pass Single Test : [=>0,0]
for(int j=mainSetDimension;j<mainSetDimension;++j){
ratio=y0[j]/scale[j];
yOnScale2+=ratio*ratio;
ratio=yDot0[j]/scale[j];
yDotOnScale2+=ratio*ratio;
}

Time : 19/09/02 17:23
----------------------------------------

----------------------------------------
----------------------------------------
Pass Single Test : [=>0,0]
for(int j=0;j<mainSetDimension-mainSetDimension;++j){
ratio=y0[j]/scale[j];
yOnScale2+=ratio*ratio;
ratio=yDot0[j]/scale[j];
yDotOnScale2+=ratio*ratio;
}

Time : 19/09/02 17:32
----------------------------------------

----------------------------------------
----------------------------------------
Pass Single Test : [=>0,0]
for(int j=0;j<scale.length;++j){
ratio=y0[j]/scale[j];
yOnScale2+=ratio*stepStart;
ratio=yDot0[j]/scale[j];
yDotOnScale2+=ratio*ratio;
}

Time : 19/09/02 17:43
----------------------------------------

----------------------------------------
----------------------------------------
Pass Single Test : [=>0,0]
System.arraycopy(y0,0,y0,0,y0.length);
for(int j=0;j<scale.length;++j){
ratio=y0[j]/scale[j];
yOnScale2+=ratio*stepStart;
ratio=yDot0[j]/scale[j];
yDotOnScale2+=ratio*ratio;
}

Time : 19/09/02 17:45
----------------------------------------
Mon Sep 02 17:49:25 EDT 2019 org.apache.commons.math.ode.nonstiff.AdaptiveStepsizeIntegrator,261
Mon Sep 02 17:49:26 EDT 2019 org.apache.commons.math.ode.nonstiff.AdaptiveStepsizeIntegrator,262
Mon Sep 02 17:49:27 EDT 2019 org.apache.commons.math.ode.nonstiff.AdaptiveStepsizeIntegrator,263
Mon Sep 02 17:49:28 EDT 2019 org.apache.commons.math.ode.nonstiff.AdaptiveStepsizeIntegrator,264
Mon Sep 02 17:49:29 EDT 2019 org.apache.commons.math.ode.nonstiff.AdaptiveStepsizeIntegrator,267

----------------------------------------
----------------------------------------
Pass Single Test : [=>0,0]
for(int j=mainSetDimension;j<mainSetDimension;++j){
ratio=y0[j]/scale[j];
yOnScale2+=ratio*ratio;
ratio=yDot0[j]/scale[j];
yDotOnScale2+=ratio*ratio;
}
double h=((yOnScale2<1.0E-10)||(yDotOnScale2<1.0E-10))?1.0E-6:(0.01*FastMath.sqrt(yOnScale2/yDotOnScale2));
if(!forward){
h=-h;
}

Time : 19/09/02 17:50
----------------------------------------

----------------------------------------
----------------------------------------
Pass Single Test : [=>0,0]
for(int j=mainSetDimension;j<scale.length;++j){
ratio=y0[j]/scale[j];
yOnScale2+=ratio*ratio;
ratio=yDot0[j]/scale[j];
yDotOnScale2+=ratio*ratio;
}
double h=((yOnScale2<1.0E-10)||(yDotOnScale2<1.0E-10))?1.0E-6:(0.01*FastMath.sqrt(yOnScale2/yDotOnScale2));
if(!forward){
h=-h;
}

Time : 19/09/02 17:51
----------------------------------------

----------------------------------------
----------------------------------------
Pass Single Test : [=>0,0]
for(int j=0;j<scale.length;++j){
ratio=y0[j]/scale[j];
yOnScale2+=ratio*ratio;
ratio=yDot0[j]/scale[j];
yDotOnScale2+=ratio*stepStart;
}
double h=((yOnScale2<1.0E-10)||(yDotOnScale2<1.0E-10))?1.0E-6:(0.01*FastMath.sqrt(yOnScale2/yDotOnScale2));
if(!forward){
h=-h;
}

Time : 19/09/02 18:02
----------------------------------------
Mon Sep 02 18:22:15 EDT 2019 org.apache.commons.math.ode.nonstiff.AdaptiveStepsizeIntegrator,269
Mon Sep 02 18:22:16 EDT 2019 org.apache.commons.math.ode.nonstiff.AdaptiveStepsizeIntegrator,274
Timeout time : 19/09/02 18:45
