=================================================
Project : math_4	start : 19/09/02 13:44
Current failed test : org.apache.commons.math3.geometry.euclidean.twod.SubLineTest::testIntersectionParallel_purify_1 | 19/09/02 13:45
Mon Sep 02 13:45:52 EDT 2019 org.apache.commons.math3.geometry.euclidean.twod.SubLine,113
Mon Sep 02 13:46:43 EDT 2019 org.apache.commons.math3.geometry.euclidean.twod.SubLine,114
Mon Sep 02 13:46:44 EDT 2019 org.apache.commons.math3.geometry.euclidean.twod.SubLine,117
Mon Sep 02 13:46:47 EDT 2019 org.apache.commons.math3.geometry.euclidean.twod.SubLine,120
Mon Sep 02 13:46:49 EDT 2019 org.apache.commons.math3.geometry.euclidean.threed.SubLine,56
Mon Sep 02 13:46:55 EDT 2019 Mon Sep 02 13:46:55 EDT 2019 : org.apache.commons.math3.geometry.euclidean.threed.SubLine,57=>Find no block
Mon Sep 02 13:46:57 EDT 2019 org.apache.commons.math3.geometry.euclidean.threed.SubLine,113
Mon Sep 02 13:48:06 EDT 2019 org.apache.commons.math3.geometry.euclidean.threed.SubLine,116
Mon Sep 02 13:48:08 EDT 2019 org.apache.commons.math3.geometry.euclidean.threed.Line,156
Mon Sep 02 13:48:24 EDT 2019 org.apache.commons.math3.geometry.euclidean.threed.Line,164
Mon Sep 02 13:49:37 EDT 2019 org.apache.commons.math3.geometry.euclidean.threed.Line,165
Mon Sep 02 13:49:39 EDT 2019 org.apache.commons.math3.geometry.euclidean.threed.Line,166
Mon Sep 02 13:49:41 EDT 2019 org.apache.commons.math3.geometry.euclidean.threed.Line,195
Mon Sep 02 13:55:21 EDT 2019 org.apache.commons.math3.geometry.euclidean.threed.Line,196
Mon Sep 02 13:55:23 EDT 2019 org.apache.commons.math3.geometry.euclidean.threed.Line,197
Mon Sep 02 13:55:25 EDT 2019 org.apache.commons.math3.geometry.euclidean.threed.Line,202
Mon Sep 02 13:55:27 EDT 2019 org.apache.commons.math3.geometry.euclidean.threed.Line,203
Mon Sep 02 13:55:29 EDT 2019 org.apache.commons.math3.geometry.euclidean.threed.Line,204
Mon Sep 02 13:55:31 EDT 2019 org.apache.commons.math3.geometry.euclidean.threed.Line,206
Mon Sep 02 13:55:33 EDT 2019 org.apache.commons.math3.geometry.euclidean.threed.Line,216
Mon Sep 02 13:55:55 EDT 2019 org.apache.commons.math3.geometry.euclidean.threed.Line,217
Mon Sep 02 13:55:57 EDT 2019 org.apache.commons.math3.geometry.euclidean.twod.SubLine,56
Mon Sep 02 13:56:04 EDT 2019 Mon Sep 02 13:56:04 EDT 2019 : org.apache.commons.math3.geometry.euclidean.twod.SubLine,57=>Find no block
Mon Sep 02 13:56:06 EDT 2019 org.apache.commons.math3.geometry.euclidean.threed.SubLine,137
Mon Sep 02 13:56:13 EDT 2019 org.apache.commons.math3.geometry.euclidean.threed.SubLine,138
Mon Sep 02 13:56:15 EDT 2019 org.apache.commons.math3.geometry.euclidean.threed.Line,114
Mon Sep 02 13:57:09 EDT 2019 org.apache.commons.math3.geometry.euclidean.threed.Line,129
Mon Sep 02 13:57:16 EDT 2019 org.apache.commons.math3.geometry.euclidean.oned.IntervalsSet,118
Mon Sep 02 13:58:18 EDT 2019 org.apache.commons.math3.geometry.euclidean.oned.IntervalsSet,120
Mon Sep 02 13:58:20 EDT 2019 org.apache.commons.math3.geometry.euclidean.twod.SubLine,139
Mon Sep 02 13:58:22 EDT 2019 org.apache.commons.math3.geometry.euclidean.twod.SubLine,140
Mon Sep 02 13:58:24 EDT 2019 org.apache.commons.math3.geometry.euclidean.oned.IntervalsSet,107
Mon Sep 02 14:00:37 EDT 2019 org.apache.commons.math3.geometry.euclidean.oned.IntervalsSet,109
Mon Sep 02 14:00:40 EDT 2019 org.apache.commons.math3.geometry.euclidean.oned.IntervalsSet,47
Mon Sep 02 14:01:07 EDT 2019 Mon Sep 02 14:01:07 EDT 2019 : org.apache.commons.math3.geometry.euclidean.oned.IntervalsSet,48=>Find no block
Mon Sep 02 14:01:09 EDT 2019 org.apache.commons.math3.geometry.euclidean.oned.IntervalsSet,94
Mon Sep 02 14:01:11 EDT 2019 Mon Sep 02 14:01:11 EDT 2019 : org.apache.commons.math3.geometry.partitioning.BSPTree,115=>Find no block
Mon Sep 02 14:01:12 EDT 2019 org.apache.commons.math3.geometry.partitioning.BSPTree,116
Mon Sep 02 14:02:05 EDT 2019 org.apache.commons.math3.geometry.partitioning.BSPTree,117
Mon Sep 02 14:02:07 EDT 2019 org.apache.commons.math3.geometry.partitioning.BSPTree,118
Mon Sep 02 14:02:10 EDT 2019 org.apache.commons.math3.geometry.partitioning.BSPTree,119
Mon Sep 02 14:02:12 EDT 2019 org.apache.commons.math3.geometry.partitioning.BSPTree,120
Mon Sep 02 14:02:14 EDT 2019 org.apache.commons.math3.geometry.partitioning.BSPTree,121
Mon Sep 02 14:02:15 EDT 2019 org.apache.commons.math3.geometry.partitioning.BSPTree,122
Mon Sep 02 14:02:17 EDT 2019 Mon Sep 02 14:02:17 EDT 2019 : org.apache.commons.math3.geometry.partitioning.BSPTree,123=>Find no block
Mon Sep 02 14:02:19 EDT 2019 org.apache.commons.math3.geometry.euclidean.oned.SubOrientedPoint,39
Mon Sep 02 14:02:25 EDT 2019 Mon Sep 02 14:02:25 EDT 2019 : org.apache.commons.math3.geometry.euclidean.oned.SubOrientedPoint,40=>Find no block
Mon Sep 02 14:02:27 EDT 2019 Mon Sep 02 14:02:27 EDT 2019 : org.apache.commons.math3.geometry.euclidean.oned.OrientedPoint,42=>Find no block
Mon Sep 02 14:02:29 EDT 2019 org.apache.commons.math3.geometry.euclidean.oned.OrientedPoint,43
Mon Sep 02 14:02:35 EDT 2019 org.apache.commons.math3.geometry.euclidean.oned.OrientedPoint,44
Mon Sep 02 14:02:36 EDT 2019 Mon Sep 02 14:02:36 EDT 2019 : org.apache.commons.math3.geometry.euclidean.oned.OrientedPoint,45=>Find no block
Mon Sep 02 14:02:38 EDT 2019 org.apache.commons.math3.geometry.euclidean.oned.OrientedPoint,74
Mon Sep 02 14:02:43 EDT 2019 Mon Sep 02 14:02:43 EDT 2019 : org.apache.commons.math3.geometry.partitioning.AbstractSubHyperplane,50=>Find no block
Mon Sep 02 14:02:45 EDT 2019 org.apache.commons.math3.geometry.partitioning.AbstractSubHyperplane,51
Mon Sep 02 14:02:51 EDT 2019 org.apache.commons.math3.geometry.partitioning.AbstractSubHyperplane,52
Mon Sep 02 14:02:52 EDT 2019 Mon Sep 02 14:02:52 EDT 2019 : org.apache.commons.math3.geometry.partitioning.AbstractSubHyperplane,53=>Find no block
Mon Sep 02 14:02:55 EDT 2019 Mon Sep 02 14:02:55 EDT 2019 : org.apache.commons.math3.geometry.euclidean.oned.Vector1D,65=>Find no block
Mon Sep 02 14:02:57 EDT 2019 org.apache.commons.math3.geometry.euclidean.oned.Vector1D,66
Mon Sep 02 14:09:10 EDT 2019 Mon Sep 02 14:09:10 EDT 2019 : org.apache.commons.math3.geometry.euclidean.oned.Vector1D,67=>Find no block
Mon Sep 02 14:09:12 EDT 2019 Mon Sep 02 14:09:12 EDT 2019 : org.apache.commons.math3.geometry.euclidean.oned.Vector1D,36=>Find no block
Mon Sep 02 14:09:14 EDT 2019 Mon Sep 02 14:09:14 EDT 2019 : org.apache.commons.math3.geometry.euclidean.oned.Vector1D,39=>Find no block
Mon Sep 02 14:09:16 EDT 2019 Mon Sep 02 14:09:16 EDT 2019 : org.apache.commons.math3.geometry.euclidean.oned.Vector1D,43=>Find no block
Mon Sep 02 14:09:18 EDT 2019 Mon Sep 02 14:09:18 EDT 2019 : org.apache.commons.math3.geometry.euclidean.oned.Vector1D,47=>Find no block
Mon Sep 02 14:09:19 EDT 2019 Mon Sep 02 14:09:19 EDT 2019 : org.apache.commons.math3.geometry.euclidean.oned.Vector1D,51=>Find no block
Mon Sep 02 14:09:21 EDT 2019 org.apache.commons.math3.geometry.euclidean.oned.Vector1D,128
Mon Sep 02 14:13:26 EDT 2019 Mon Sep 02 14:13:26 EDT 2019 : org.apache.commons.math3.geometry.partitioning.AbstractRegion,67=>Find no block
Mon Sep 02 14:13:28 EDT 2019 org.apache.commons.math3.geometry.partitioning.AbstractRegion,68
Mon Sep 02 14:13:35 EDT 2019 Mon Sep 02 14:13:35 EDT 2019 : org.apache.commons.math3.geometry.partitioning.AbstractRegion,69=>Find no block
Mon Sep 02 14:13:36 EDT 2019 Mon Sep 02 14:13:36 EDT 2019 : org.apache.commons.math3.util.FastMath,97=>Find no block
Mon Sep 02 14:13:39 EDT 2019 Mon Sep 02 14:13:39 EDT 2019 : org.apache.commons.math3.util.FastMath,115=>Find no block
Mon Sep 02 14:13:41 EDT 2019 Mon Sep 02 14:13:41 EDT 2019 : org.apache.commons.math3.util.FastMath,128=>Find no block
Mon Sep 02 14:13:43 EDT 2019 Mon Sep 02 14:13:43 EDT 2019 : org.apache.commons.math3.util.FastMath,141=>Find no block
Mon Sep 02 14:13:44 EDT 2019 Mon Sep 02 14:13:44 EDT 2019 : org.apache.commons.math3.util.FastMath,160=>Find no block
Mon Sep 02 14:13:46 EDT 2019 Mon Sep 02 14:13:46 EDT 2019 : org.apache.commons.math3.util.FastMath,179=>Find no block
Mon Sep 02 14:13:48 EDT 2019 Mon Sep 02 14:13:48 EDT 2019 : org.apache.commons.math3.util.FastMath,198=>Find no block
Mon Sep 02 14:13:50 EDT 2019 Mon Sep 02 14:13:50 EDT 2019 : org.apache.commons.math3.util.FastMath,218=>Find no block
Mon Sep 02 14:13:52 EDT 2019 Mon Sep 02 14:13:52 EDT 2019 : org.apache.commons.math3.util.FastMath,237=>Find no block
Mon Sep 02 14:13:54 EDT 2019 Mon Sep 02 14:13:54 EDT 2019 : org.apache.commons.math3.util.FastMath,256=>Find no block
Mon Sep 02 14:13:55 EDT 2019 Mon Sep 02 14:13:55 EDT 2019 : org.apache.commons.math3.util.FastMath,277=>Find no block
Mon Sep 02 14:13:57 EDT 2019 Mon Sep 02 14:13:57 EDT 2019 : org.apache.commons.math3.util.FastMath,285=>Find no block
Mon Sep 02 14:13:59 EDT 2019 Mon Sep 02 14:13:59 EDT 2019 : org.apache.commons.math3.util.FastMath,288=>Find no block
Mon Sep 02 14:14:00 EDT 2019 Mon Sep 02 14:14:00 EDT 2019 : org.apache.commons.math3.geometry.partitioning.BSPTree,93=>Find no block
Mon Sep 02 14:14:02 EDT 2019 org.apache.commons.math3.geometry.partitioning.BSPTree,94
Mon Sep 02 14:14:52 EDT 2019 org.apache.commons.math3.geometry.partitioning.BSPTree,95
Mon Sep 02 14:14:54 EDT 2019 org.apache.commons.math3.geometry.partitioning.BSPTree,96
Mon Sep 02 14:14:56 EDT 2019 org.apache.commons.math3.geometry.partitioning.BSPTree,97
Mon Sep 02 14:14:58 EDT 2019 org.apache.commons.math3.geometry.partitioning.BSPTree,98
Mon Sep 02 14:14:59 EDT 2019 Mon Sep 02 14:14:59 EDT 2019 : org.apache.commons.math3.geometry.partitioning.BSPTree,99=>Find no block
Mon Sep 02 14:15:01 EDT 2019 Mon Sep 02 14:15:01 EDT 2019 : org.apache.commons.math3.geometry.euclidean.threed.SubLine,44=>Find no block
Mon Sep 02 14:15:03 EDT 2019 org.apache.commons.math3.geometry.euclidean.threed.SubLine,45
Mon Sep 02 14:15:08 EDT 2019 org.apache.commons.math3.geometry.euclidean.threed.SubLine,46
Mon Sep 02 14:15:10 EDT 2019 Mon Sep 02 14:15:10 EDT 2019 : org.apache.commons.math3.geometry.euclidean.threed.SubLine,47=>Find no block
Mon Sep 02 14:15:12 EDT 2019 org.apache.commons.math3.geometry.euclidean.threed.Vector3D,243
Mon Sep 02 14:24:13 EDT 2019 org.apache.commons.math3.util.MathArrays,896
Mon Sep 02 14:26:23 EDT 2019 org.apache.commons.math3.util.MathArrays,897
Mon Sep 02 14:26:26 EDT 2019 org.apache.commons.math3.util.MathArrays,898
Mon Sep 02 14:32:36 EDT 2019 org.apache.commons.math3.util.MathArrays,899
Mon Sep 02 14:35:18 EDT 2019 org.apache.commons.math3.util.MathArrays,900
Mon Sep 02 14:36:00 EDT 2019 org.apache.commons.math3.util.MathArrays,901
Mon Sep 02 14:46:45 EDT 2019 org.apache.commons.math3.util.MathArrays,904
Mon Sep 02 14:49:44 EDT 2019 org.apache.commons.math3.util.MathArrays,905
Timeout time : 19/09/02 15:00
Current failed test : org.apache.commons.math3.geometry.euclidean.twod.SubLineTest::testIntersectionParallel_purify_2 | 19/09/02 15:00
Mon Sep 02 15:01:29 EDT 2019 org.apache.commons.math3.geometry.euclidean.twod.SubLine,113
Mon Sep 02 15:02:11 EDT 2019 org.apache.commons.math3.geometry.euclidean.twod.SubLine,114
Mon Sep 02 15:02:13 EDT 2019 org.apache.commons.math3.geometry.euclidean.twod.SubLine,117
Mon Sep 02 15:02:15 EDT 2019 org.apache.commons.math3.geometry.euclidean.twod.SubLine,120
Mon Sep 02 15:02:17 EDT 2019 org.apache.commons.math3.geometry.euclidean.threed.SubLine,56
Mon Sep 02 15:02:23 EDT 2019 Mon Sep 02 15:02:23 EDT 2019 : org.apache.commons.math3.geometry.euclidean.threed.SubLine,57=>Find no block
Mon Sep 02 15:02:25 EDT 2019 org.apache.commons.math3.geometry.euclidean.threed.SubLine,113
Mon Sep 02 15:03:32 EDT 2019 org.apache.commons.math3.geometry.euclidean.threed.SubLine,116
Mon Sep 02 15:03:34 EDT 2019 org.apache.commons.math3.geometry.euclidean.threed.Line,156
Mon Sep 02 15:03:53 EDT 2019 org.apache.commons.math3.geometry.euclidean.threed.Line,164
Mon Sep 02 15:05:02 EDT 2019 org.apache.commons.math3.geometry.euclidean.threed.Line,165
Mon Sep 02 15:05:04 EDT 2019 org.apache.commons.math3.geometry.euclidean.threed.Line,166
Mon Sep 02 15:05:06 EDT 2019 org.apache.commons.math3.geometry.euclidean.threed.Line,195
Mon Sep 02 15:10:52 EDT 2019 org.apache.commons.math3.geometry.euclidean.threed.Line,196
Mon Sep 02 15:10:54 EDT 2019 org.apache.commons.math3.geometry.euclidean.threed.Line,197
Mon Sep 02 15:10:56 EDT 2019 org.apache.commons.math3.geometry.euclidean.threed.Line,202
Mon Sep 02 15:10:57 EDT 2019 org.apache.commons.math3.geometry.euclidean.threed.Line,203
Mon Sep 02 15:10:59 EDT 2019 org.apache.commons.math3.geometry.euclidean.threed.Line,204
Mon Sep 02 15:11:01 EDT 2019 org.apache.commons.math3.geometry.euclidean.threed.Line,206
Mon Sep 02 15:11:04 EDT 2019 org.apache.commons.math3.geometry.euclidean.threed.Line,216
Mon Sep 02 15:11:25 EDT 2019 org.apache.commons.math3.geometry.euclidean.threed.Line,217
Mon Sep 02 15:11:27 EDT 2019 org.apache.commons.math3.geometry.euclidean.twod.SubLine,56
Mon Sep 02 15:11:32 EDT 2019 Mon Sep 02 15:11:32 EDT 2019 : org.apache.commons.math3.geometry.euclidean.twod.SubLine,57=>Find no block
Mon Sep 02 15:11:35 EDT 2019 org.apache.commons.math3.geometry.euclidean.threed.SubLine,137
Mon Sep 02 15:11:47 EDT 2019 org.apache.commons.math3.geometry.euclidean.threed.SubLine,138
Mon Sep 02 15:11:49 EDT 2019 org.apache.commons.math3.geometry.euclidean.threed.Line,114
Mon Sep 02 15:12:50 EDT 2019 org.apache.commons.math3.geometry.euclidean.threed.Line,129
Mon Sep 02 15:12:57 EDT 2019 org.apache.commons.math3.geometry.euclidean.oned.IntervalsSet,118
Mon Sep 02 15:13:52 EDT 2019 org.apache.commons.math3.geometry.euclidean.oned.IntervalsSet,120
Mon Sep 02 15:13:53 EDT 2019 org.apache.commons.math3.geometry.euclidean.twod.SubLine,139
Mon Sep 02 15:13:55 EDT 2019 org.apache.commons.math3.geometry.euclidean.twod.SubLine,140
Mon Sep 02 15:13:57 EDT 2019 org.apache.commons.math3.geometry.euclidean.oned.IntervalsSet,107
Mon Sep 02 15:16:21 EDT 2019 org.apache.commons.math3.geometry.euclidean.oned.IntervalsSet,109
Mon Sep 02 15:16:28 EDT 2019 org.apache.commons.math3.geometry.euclidean.oned.IntervalsSet,47
Mon Sep 02 15:16:59 EDT 2019 Mon Sep 02 15:16:59 EDT 2019 : org.apache.commons.math3.geometry.euclidean.oned.IntervalsSet,48=>Find no block
Mon Sep 02 15:17:01 EDT 2019 org.apache.commons.math3.geometry.euclidean.oned.IntervalsSet,94
Mon Sep 02 15:17:03 EDT 2019 Mon Sep 02 15:17:03 EDT 2019 : org.apache.commons.math3.geometry.partitioning.BSPTree,115=>Find no block
Mon Sep 02 15:17:05 EDT 2019 org.apache.commons.math3.geometry.partitioning.BSPTree,116
Mon Sep 02 15:18:00 EDT 2019 org.apache.commons.math3.geometry.partitioning.BSPTree,117
Mon Sep 02 15:18:01 EDT 2019 org.apache.commons.math3.geometry.partitioning.BSPTree,118
Mon Sep 02 15:18:04 EDT 2019 org.apache.commons.math3.geometry.partitioning.BSPTree,119
Mon Sep 02 15:18:06 EDT 2019 org.apache.commons.math3.geometry.partitioning.BSPTree,120
Mon Sep 02 15:18:07 EDT 2019 org.apache.commons.math3.geometry.partitioning.BSPTree,121
Mon Sep 02 15:18:09 EDT 2019 org.apache.commons.math3.geometry.partitioning.BSPTree,122
Mon Sep 02 15:18:11 EDT 2019 Mon Sep 02 15:18:11 EDT 2019 : org.apache.commons.math3.geometry.partitioning.BSPTree,123=>Find no block
Mon Sep 02 15:18:13 EDT 2019 org.apache.commons.math3.geometry.euclidean.oned.SubOrientedPoint,39
Mon Sep 02 15:18:19 EDT 2019 Mon Sep 02 15:18:19 EDT 2019 : org.apache.commons.math3.geometry.euclidean.oned.SubOrientedPoint,40=>Find no block
Mon Sep 02 15:18:20 EDT 2019 Mon Sep 02 15:18:20 EDT 2019 : org.apache.commons.math3.geometry.euclidean.oned.OrientedPoint,42=>Find no block
Mon Sep 02 15:18:22 EDT 2019 org.apache.commons.math3.geometry.euclidean.oned.OrientedPoint,43
Mon Sep 02 15:18:28 EDT 2019 org.apache.commons.math3.geometry.euclidean.oned.OrientedPoint,44
Mon Sep 02 15:18:30 EDT 2019 Mon Sep 02 15:18:30 EDT 2019 : org.apache.commons.math3.geometry.euclidean.oned.OrientedPoint,45=>Find no block
Mon Sep 02 15:18:32 EDT 2019 org.apache.commons.math3.geometry.euclidean.oned.OrientedPoint,74
Mon Sep 02 15:18:38 EDT 2019 Mon Sep 02 15:18:38 EDT 2019 : org.apache.commons.math3.geometry.partitioning.AbstractSubHyperplane,50=>Find no block
Mon Sep 02 15:18:43 EDT 2019 org.apache.commons.math3.geometry.partitioning.AbstractSubHyperplane,51
Mon Sep 02 15:18:53 EDT 2019 org.apache.commons.math3.geometry.partitioning.AbstractSubHyperplane,52
Mon Sep 02 15:19:02 EDT 2019 Mon Sep 02 15:19:02 EDT 2019 : org.apache.commons.math3.geometry.partitioning.AbstractSubHyperplane,53=>Find no block
Mon Sep 02 15:19:05 EDT 2019 Mon Sep 02 15:19:05 EDT 2019 : org.apache.commons.math3.geometry.euclidean.oned.Vector1D,65=>Find no block
Mon Sep 02 15:19:06 EDT 2019 org.apache.commons.math3.geometry.euclidean.oned.Vector1D,66
Mon Sep 02 15:25:28 EDT 2019 Mon Sep 02 15:25:28 EDT 2019 : org.apache.commons.math3.geometry.euclidean.oned.Vector1D,67=>Find no block
Mon Sep 02 15:25:30 EDT 2019 Mon Sep 02 15:25:30 EDT 2019 : org.apache.commons.math3.geometry.euclidean.oned.Vector1D,36=>Find no block
Mon Sep 02 15:25:33 EDT 2019 Mon Sep 02 15:25:33 EDT 2019 : org.apache.commons.math3.geometry.euclidean.oned.Vector1D,39=>Find no block
Mon Sep 02 15:25:35 EDT 2019 Mon Sep 02 15:25:35 EDT 2019 : org.apache.commons.math3.geometry.euclidean.oned.Vector1D,43=>Find no block
Mon Sep 02 15:25:43 EDT 2019 Mon Sep 02 15:25:43 EDT 2019 : org.apache.commons.math3.geometry.euclidean.oned.Vector1D,47=>Find no block
Mon Sep 02 15:25:48 EDT 2019 Mon Sep 02 15:25:48 EDT 2019 : org.apache.commons.math3.geometry.euclidean.oned.Vector1D,51=>Find no block
Mon Sep 02 15:25:50 EDT 2019 org.apache.commons.math3.geometry.euclidean.oned.Vector1D,128
Mon Sep 02 15:30:04 EDT 2019 Mon Sep 02 15:30:04 EDT 2019 : org.apache.commons.math3.geometry.partitioning.AbstractRegion,67=>Find no block
Mon Sep 02 15:30:07 EDT 2019 org.apache.commons.math3.geometry.partitioning.AbstractRegion,68
Mon Sep 02 15:30:20 EDT 2019 Mon Sep 02 15:30:20 EDT 2019 : org.apache.commons.math3.geometry.partitioning.AbstractRegion,69=>Find no block
Mon Sep 02 15:30:22 EDT 2019 Mon Sep 02 15:30:22 EDT 2019 : org.apache.commons.math3.util.FastMath,97=>Find no block
Mon Sep 02 15:30:23 EDT 2019 Mon Sep 02 15:30:23 EDT 2019 : org.apache.commons.math3.util.FastMath,115=>Find no block
Mon Sep 02 15:30:25 EDT 2019 Mon Sep 02 15:30:25 EDT 2019 : org.apache.commons.math3.util.FastMath,128=>Find no block
Mon Sep 02 15:30:27 EDT 2019 Mon Sep 02 15:30:27 EDT 2019 : org.apache.commons.math3.util.FastMath,141=>Find no block
Mon Sep 02 15:30:28 EDT 2019 Mon Sep 02 15:30:28 EDT 2019 : org.apache.commons.math3.util.FastMath,160=>Find no block
Mon Sep 02 15:30:30 EDT 2019 Mon Sep 02 15:30:30 EDT 2019 : org.apache.commons.math3.util.FastMath,179=>Find no block
Mon Sep 02 15:30:31 EDT 2019 Mon Sep 02 15:30:31 EDT 2019 : org.apache.commons.math3.util.FastMath,198=>Find no block
Mon Sep 02 15:30:33 EDT 2019 Mon Sep 02 15:30:33 EDT 2019 : org.apache.commons.math3.util.FastMath,218=>Find no block
Mon Sep 02 15:30:35 EDT 2019 Mon Sep 02 15:30:35 EDT 2019 : org.apache.commons.math3.util.FastMath,237=>Find no block
Mon Sep 02 15:30:39 EDT 2019 Mon Sep 02 15:30:39 EDT 2019 : org.apache.commons.math3.util.FastMath,256=>Find no block
Mon Sep 02 15:30:47 EDT 2019 Mon Sep 02 15:30:47 EDT 2019 : org.apache.commons.math3.util.FastMath,277=>Find no block
Mon Sep 02 15:30:49 EDT 2019 Mon Sep 02 15:30:49 EDT 2019 : org.apache.commons.math3.util.FastMath,285=>Find no block
Mon Sep 02 15:30:50 EDT 2019 Mon Sep 02 15:30:50 EDT 2019 : org.apache.commons.math3.util.FastMath,288=>Find no block
Mon Sep 02 15:30:52 EDT 2019 Mon Sep 02 15:30:52 EDT 2019 : org.apache.commons.math3.geometry.partitioning.BSPTree,93=>Find no block
Mon Sep 02 15:30:54 EDT 2019 org.apache.commons.math3.geometry.partitioning.BSPTree,94
Mon Sep 02 15:31:44 EDT 2019 org.apache.commons.math3.geometry.partitioning.BSPTree,95
Mon Sep 02 15:31:46 EDT 2019 org.apache.commons.math3.geometry.partitioning.BSPTree,96
Mon Sep 02 15:31:48 EDT 2019 org.apache.commons.math3.geometry.partitioning.BSPTree,97
Mon Sep 02 15:31:49 EDT 2019 org.apache.commons.math3.geometry.partitioning.BSPTree,98
Mon Sep 02 15:31:51 EDT 2019 Mon Sep 02 15:31:51 EDT 2019 : org.apache.commons.math3.geometry.partitioning.BSPTree,99=>Find no block
Mon Sep 02 15:31:53 EDT 2019 Mon Sep 02 15:31:53 EDT 2019 : org.apache.commons.math3.geometry.euclidean.threed.SubLine,44=>Find no block
Mon Sep 02 15:31:55 EDT 2019 org.apache.commons.math3.geometry.euclidean.threed.SubLine,45
Mon Sep 02 15:32:01 EDT 2019 org.apache.commons.math3.geometry.euclidean.threed.SubLine,46
Mon Sep 02 15:32:03 EDT 2019 Mon Sep 02 15:32:03 EDT 2019 : org.apache.commons.math3.geometry.euclidean.threed.SubLine,47=>Find no block
Mon Sep 02 15:32:05 EDT 2019 org.apache.commons.math3.geometry.euclidean.threed.Vector3D,243
Mon Sep 02 15:41:19 EDT 2019 org.apache.commons.math3.util.MathArrays,896
Mon Sep 02 15:43:30 EDT 2019 org.apache.commons.math3.util.MathArrays,897
Mon Sep 02 15:43:37 EDT 2019 org.apache.commons.math3.util.MathArrays,898
Mon Sep 02 15:50:46 EDT 2019 org.apache.commons.math3.util.MathArrays,899
Mon Sep 02 15:54:24 EDT 2019 org.apache.commons.math3.util.MathArrays,900
Mon Sep 02 15:56:11 EDT 2019 org.apache.commons.math3.util.MathArrays,901
Mon Sep 02 16:08:23 EDT 2019 org.apache.commons.math3.util.MathArrays,904
Mon Sep 02 16:11:29 EDT 2019 org.apache.commons.math3.util.MathArrays,905
Timeout time : 19/09/02 16:16
Current failed test : org.apache.commons.math3.geometry.euclidean.threed.SubLineTest::testIntersectionNotIntersecting_purify_1 | 19/09/02 16:16
Mon Sep 02 16:17:17 EDT 2019 org.apache.commons.math3.geometry.euclidean.twod.SubLine,113
Mon Sep 02 16:18:06 EDT 2019 org.apache.commons.math3.geometry.euclidean.twod.SubLine,114
Mon Sep 02 16:18:08 EDT 2019 org.apache.commons.math3.geometry.euclidean.twod.SubLine,117
Mon Sep 02 16:18:10 EDT 2019 org.apache.commons.math3.geometry.euclidean.twod.SubLine,120
Mon Sep 02 16:18:12 EDT 2019 org.apache.commons.math3.geometry.euclidean.threed.SubLine,56
Mon Sep 02 16:18:20 EDT 2019 Mon Sep 02 16:18:20 EDT 2019 : org.apache.commons.math3.geometry.euclidean.threed.SubLine,57=>Find no block
Mon Sep 02 16:18:22 EDT 2019 org.apache.commons.math3.geometry.euclidean.threed.SubLine,113

----------------------------------------
----------------------------------------
Pass Single Test : [=>0,0]
Vector3D v1D=line.intersection(line);
Location loc1=remainingRegion.checkPoint(line.toSubSpace(v1D));
Location loc2=subLine.remainingRegion.checkPoint(subLine.line.toSubSpace(v1D));
if(includeEndPoints){
return ((loc1!=Location.OUTSIDE)&&(loc2!=Location.OUTSIDE))?v1D:null;
}else {
return ((loc1==Location.INSIDE)&&(loc2==Location.INSIDE))?v1D:null;
}

Time : 19/09/02 16:19
----------------------------------------
Mon Sep 02 16:21:09 EDT 2019 org.apache.commons.math3.geometry.euclidean.threed.SubLine,116
Mon Sep 02 16:21:11 EDT 2019 org.apache.commons.math3.geometry.euclidean.threed.Line,156
Mon Sep 02 16:21:30 EDT 2019 org.apache.commons.math3.geometry.euclidean.threed.Line,164

----------------------------------------
----------------------------------------
Pass Single Test : [=>0,0]
 final Vector3D d=zero.subtract(zero);
 final Vector3D n=new Vector3D(1.0,d,-d.dotProduct(direction),direction);
return n.getNorm();

Time : 19/09/02 16:22
----------------------------------------
Mon Sep 02 16:24:21 EDT 2019 org.apache.commons.math3.geometry.euclidean.threed.Line,165
Mon Sep 02 16:24:23 EDT 2019 org.apache.commons.math3.geometry.euclidean.threed.Line,166
Mon Sep 02 16:24:26 EDT 2019 org.apache.commons.math3.geometry.euclidean.threed.Line,195
Mon Sep 02 16:30:07 EDT 2019 org.apache.commons.math3.geometry.euclidean.threed.Line,196
Mon Sep 02 16:30:09 EDT 2019 org.apache.commons.math3.geometry.euclidean.threed.Line,197
Mon Sep 02 16:30:11 EDT 2019 org.apache.commons.math3.geometry.euclidean.threed.Line,202
Mon Sep 02 16:30:13 EDT 2019 org.apache.commons.math3.geometry.euclidean.threed.Line,203
Mon Sep 02 16:30:15 EDT 2019 org.apache.commons.math3.geometry.euclidean.threed.Line,204
Mon Sep 02 16:30:17 EDT 2019 org.apache.commons.math3.geometry.euclidean.threed.Line,206
Mon Sep 02 16:30:19 EDT 2019 org.apache.commons.math3.geometry.euclidean.threed.Line,216
Mon Sep 02 16:30:41 EDT 2019 org.apache.commons.math3.geometry.euclidean.threed.Line,217
Mon Sep 02 16:30:43 EDT 2019 org.apache.commons.math3.geometry.euclidean.twod.SubLine,56
Mon Sep 02 16:30:49 EDT 2019 Mon Sep 02 16:30:49 EDT 2019 : org.apache.commons.math3.geometry.euclidean.twod.SubLine,57=>Find no block
Mon Sep 02 16:30:51 EDT 2019 org.apache.commons.math3.geometry.euclidean.threed.SubLine,137
Mon Sep 02 16:30:57 EDT 2019 org.apache.commons.math3.geometry.euclidean.threed.SubLine,138
Mon Sep 02 16:30:59 EDT 2019 org.apache.commons.math3.geometry.euclidean.threed.Line,114
Mon Sep 02 16:31:52 EDT 2019 org.apache.commons.math3.geometry.euclidean.threed.Line,129
Mon Sep 02 16:31:58 EDT 2019 org.apache.commons.math3.geometry.euclidean.oned.IntervalsSet,118
Mon Sep 02 16:32:57 EDT 2019 org.apache.commons.math3.geometry.euclidean.oned.IntervalsSet,120
Mon Sep 02 16:32:59 EDT 2019 org.apache.commons.math3.geometry.euclidean.twod.SubLine,139
Mon Sep 02 16:33:01 EDT 2019 org.apache.commons.math3.geometry.euclidean.twod.SubLine,140
Mon Sep 02 16:33:03 EDT 2019 org.apache.commons.math3.geometry.euclidean.oned.IntervalsSet,107
Mon Sep 02 16:35:23 EDT 2019 org.apache.commons.math3.geometry.euclidean.oned.IntervalsSet,109
Mon Sep 02 16:35:25 EDT 2019 org.apache.commons.math3.geometry.euclidean.oned.IntervalsSet,47
Mon Sep 02 16:35:54 EDT 2019 Mon Sep 02 16:35:54 EDT 2019 : org.apache.commons.math3.geometry.euclidean.oned.IntervalsSet,48=>Find no block
Mon Sep 02 16:35:56 EDT 2019 org.apache.commons.math3.geometry.euclidean.oned.IntervalsSet,94
Mon Sep 02 16:35:59 EDT 2019 Mon Sep 02 16:35:59 EDT 2019 : org.apache.commons.math3.geometry.partitioning.BSPTree,115=>Find no block
Mon Sep 02 16:36:01 EDT 2019 org.apache.commons.math3.geometry.partitioning.BSPTree,116
Mon Sep 02 16:36:59 EDT 2019 org.apache.commons.math3.geometry.partitioning.BSPTree,117
Mon Sep 02 16:37:01 EDT 2019 org.apache.commons.math3.geometry.partitioning.BSPTree,118
Mon Sep 02 16:37:03 EDT 2019 org.apache.commons.math3.geometry.partitioning.BSPTree,119
Mon Sep 02 16:37:05 EDT 2019 org.apache.commons.math3.geometry.partitioning.BSPTree,120
Mon Sep 02 16:37:07 EDT 2019 org.apache.commons.math3.geometry.partitioning.BSPTree,121
Mon Sep 02 16:37:09 EDT 2019 org.apache.commons.math3.geometry.partitioning.BSPTree,122
Mon Sep 02 16:37:12 EDT 2019 Mon Sep 02 16:37:12 EDT 2019 : org.apache.commons.math3.geometry.partitioning.BSPTree,123=>Find no block
Mon Sep 02 16:37:14 EDT 2019 org.apache.commons.math3.geometry.euclidean.oned.SubOrientedPoint,39
Mon Sep 02 16:37:24 EDT 2019 Mon Sep 02 16:37:24 EDT 2019 : org.apache.commons.math3.geometry.euclidean.oned.SubOrientedPoint,40=>Find no block
Mon Sep 02 16:37:27 EDT 2019 Mon Sep 02 16:37:27 EDT 2019 : org.apache.commons.math3.geometry.euclidean.oned.OrientedPoint,42=>Find no block
Mon Sep 02 16:37:29 EDT 2019 org.apache.commons.math3.geometry.euclidean.oned.OrientedPoint,43
Mon Sep 02 16:37:35 EDT 2019 org.apache.commons.math3.geometry.euclidean.oned.OrientedPoint,44
Mon Sep 02 16:37:37 EDT 2019 Mon Sep 02 16:37:37 EDT 2019 : org.apache.commons.math3.geometry.euclidean.oned.OrientedPoint,45=>Find no block
Mon Sep 02 16:37:39 EDT 2019 org.apache.commons.math3.geometry.euclidean.oned.OrientedPoint,74
Mon Sep 02 16:37:46 EDT 2019 Mon Sep 02 16:37:46 EDT 2019 : org.apache.commons.math3.geometry.partitioning.AbstractSubHyperplane,50=>Find no block
Mon Sep 02 16:37:48 EDT 2019 org.apache.commons.math3.geometry.partitioning.AbstractSubHyperplane,51
Mon Sep 02 16:37:55 EDT 2019 org.apache.commons.math3.geometry.partitioning.AbstractSubHyperplane,52
Mon Sep 02 16:37:57 EDT 2019 Mon Sep 02 16:37:57 EDT 2019 : org.apache.commons.math3.geometry.partitioning.AbstractSubHyperplane,53=>Find no block
Mon Sep 02 16:38:00 EDT 2019 Mon Sep 02 16:38:00 EDT 2019 : org.apache.commons.math3.geometry.euclidean.oned.Vector1D,65=>Find no block
Mon Sep 02 16:38:02 EDT 2019 org.apache.commons.math3.geometry.euclidean.oned.Vector1D,66
Mon Sep 02 16:44:20 EDT 2019 Mon Sep 02 16:44:20 EDT 2019 : org.apache.commons.math3.geometry.euclidean.oned.Vector1D,67=>Find no block
Mon Sep 02 16:44:22 EDT 2019 Mon Sep 02 16:44:22 EDT 2019 : org.apache.commons.math3.geometry.euclidean.oned.Vector1D,36=>Find no block
Mon Sep 02 16:44:24 EDT 2019 Mon Sep 02 16:44:24 EDT 2019 : org.apache.commons.math3.geometry.euclidean.oned.Vector1D,39=>Find no block
Mon Sep 02 16:44:26 EDT 2019 Mon Sep 02 16:44:26 EDT 2019 : org.apache.commons.math3.geometry.euclidean.oned.Vector1D,43=>Find no block
Mon Sep 02 16:44:28 EDT 2019 Mon Sep 02 16:44:28 EDT 2019 : org.apache.commons.math3.geometry.euclidean.oned.Vector1D,47=>Find no block
Mon Sep 02 16:44:30 EDT 2019 Mon Sep 02 16:44:30 EDT 2019 : org.apache.commons.math3.geometry.euclidean.oned.Vector1D,51=>Find no block
Mon Sep 02 16:44:33 EDT 2019 org.apache.commons.math3.geometry.euclidean.oned.Vector1D,128
Mon Sep 02 16:48:56 EDT 2019 Mon Sep 02 16:48:56 EDT 2019 : org.apache.commons.math3.geometry.partitioning.AbstractRegion,67=>Find no block
Mon Sep 02 16:48:58 EDT 2019 org.apache.commons.math3.geometry.partitioning.AbstractRegion,68
Mon Sep 02 16:49:05 EDT 2019 Mon Sep 02 16:49:05 EDT 2019 : org.apache.commons.math3.geometry.partitioning.AbstractRegion,69=>Find no block
Mon Sep 02 16:49:07 EDT 2019 Mon Sep 02 16:49:07 EDT 2019 : org.apache.commons.math3.util.FastMath,97=>Find no block
Mon Sep 02 16:49:09 EDT 2019 Mon Sep 02 16:49:09 EDT 2019 : org.apache.commons.math3.util.FastMath,115=>Find no block
Mon Sep 02 16:49:11 EDT 2019 Mon Sep 02 16:49:11 EDT 2019 : org.apache.commons.math3.util.FastMath,128=>Find no block
Mon Sep 02 16:49:13 EDT 2019 Mon Sep 02 16:49:13 EDT 2019 : org.apache.commons.math3.util.FastMath,141=>Find no block
Mon Sep 02 16:49:15 EDT 2019 Mon Sep 02 16:49:15 EDT 2019 : org.apache.commons.math3.util.FastMath,160=>Find no block
Mon Sep 02 16:49:16 EDT 2019 Mon Sep 02 16:49:16 EDT 2019 : org.apache.commons.math3.util.FastMath,179=>Find no block
Mon Sep 02 16:49:18 EDT 2019 Mon Sep 02 16:49:18 EDT 2019 : org.apache.commons.math3.util.FastMath,198=>Find no block
Mon Sep 02 16:49:20 EDT 2019 Mon Sep 02 16:49:20 EDT 2019 : org.apache.commons.math3.util.FastMath,218=>Find no block
Mon Sep 02 16:49:22 EDT 2019 Mon Sep 02 16:49:22 EDT 2019 : org.apache.commons.math3.util.FastMath,237=>Find no block
Mon Sep 02 16:49:24 EDT 2019 Mon Sep 02 16:49:24 EDT 2019 : org.apache.commons.math3.util.FastMath,256=>Find no block
Mon Sep 02 16:49:26 EDT 2019 Mon Sep 02 16:49:26 EDT 2019 : org.apache.commons.math3.util.FastMath,277=>Find no block
Mon Sep 02 16:49:28 EDT 2019 Mon Sep 02 16:49:28 EDT 2019 : org.apache.commons.math3.util.FastMath,285=>Find no block
Mon Sep 02 16:49:31 EDT 2019 Mon Sep 02 16:49:31 EDT 2019 : org.apache.commons.math3.util.FastMath,288=>Find no block
Mon Sep 02 16:49:33 EDT 2019 Mon Sep 02 16:49:33 EDT 2019 : org.apache.commons.math3.geometry.partitioning.BSPTree,93=>Find no block
Mon Sep 02 16:49:35 EDT 2019 org.apache.commons.math3.geometry.partitioning.BSPTree,94
Mon Sep 02 16:50:26 EDT 2019 org.apache.commons.math3.geometry.partitioning.BSPTree,95
Mon Sep 02 16:50:28 EDT 2019 org.apache.commons.math3.geometry.partitioning.BSPTree,96
Mon Sep 02 16:50:30 EDT 2019 org.apache.commons.math3.geometry.partitioning.BSPTree,97
Mon Sep 02 16:50:32 EDT 2019 org.apache.commons.math3.geometry.partitioning.BSPTree,98
Mon Sep 02 16:50:34 EDT 2019 Mon Sep 02 16:50:34 EDT 2019 : org.apache.commons.math3.geometry.partitioning.BSPTree,99=>Find no block
Mon Sep 02 16:50:37 EDT 2019 Mon Sep 02 16:50:37 EDT 2019 : org.apache.commons.math3.geometry.euclidean.threed.SubLine,44=>Find no block
Mon Sep 02 16:50:39 EDT 2019 org.apache.commons.math3.geometry.euclidean.threed.SubLine,45
Mon Sep 02 16:50:46 EDT 2019 org.apache.commons.math3.geometry.euclidean.threed.SubLine,46
Mon Sep 02 16:50:48 EDT 2019 Mon Sep 02 16:50:48 EDT 2019 : org.apache.commons.math3.geometry.euclidean.threed.SubLine,47=>Find no block
Mon Sep 02 16:50:50 EDT 2019 org.apache.commons.math3.geometry.euclidean.threed.Vector3D,243

----------------------------------------
----------------------------------------
Pass Single Test : [=>0,0]
return FastMath.sqrt(x);

Time : 19/09/02 16:51
----------------------------------------

----------------------------------------
----------------------------------------
Pass Single Test : [=>0,0]
return FastMath.min(x,y);

Time : 19/09/02 16:54
----------------------------------------

----------------------------------------
----------------------------------------
Pass Single Test : [=>0,0]
return FastMath.max(x,y);

Time : 19/09/02 16:55
----------------------------------------

----------------------------------------
----------------------------------------
Pass Single Test : [=>0,0]
return FastMath.atan2(y,x);

Time : 19/09/02 16:57
----------------------------------------

----------------------------------------
----------------------------------------
Pass Single Test : [=>0,0]
return Math.sqrt(z);

Time : 19/09/02 16:59
----------------------------------------

----------------------------------------
----------------------------------------
Pass Single Test : [=>0,0]
return FastMath.sqrt(z);

Time : 19/09/02 17:01
----------------------------------------

----------------------------------------
----------------------------------------
Pass Single Test : [=>0,0]
return FastMath.sin(x*x+y*y+z*z);

Time : 19/09/02 17:02
----------------------------------------

----------------------------------------
----------------------------------------
Pass Single Test : [=>0,0]
return FastMath.log(x-z);

Time : 19/09/02 17:04
----------------------------------------

----------------------------------------
----------------------------------------
Pass Single Test : [=>0,0]
return FastMath.log1p(x);

Time : 19/09/02 17:06
----------------------------------------

----------------------------------------
----------------------------------------
Pass Single Test : [=>0,0]
return FastMath.rint(x);

Time : 19/09/02 17:08
----------------------------------------

----------------------------------------
----------------------------------------
Pass Single Test : [=>0,0]
return FastMath.sinh(x);

Time : 19/09/02 17:10
----------------------------------------

----------------------------------------
----------------------------------------
Pass Single Test : [=>0,0]
return FastMath.ceil(x);

Time : 19/09/02 17:12
----------------------------------------

----------------------------------------
----------------------------------------
Pass Single Test : [=>0,0]
return FastMath.signum(x);

Time : 19/09/02 17:13
----------------------------------------

----------------------------------------
----------------------------------------
Pass Single Test : [=>0,0]
return FastMath.abs(x);

Time : 19/09/02 17:15
----------------------------------------

----------------------------------------
----------------------------------------
Pass Single Test : [=>0,0]
return FastMath.cos(x*x+y*y+z*z);

Time : 19/09/02 17:17
----------------------------------------

----------------------------------------
----------------------------------------
Pass Single Test : [=>0,0]
return FastMath.expm1(x);

Time : 19/09/02 17:18
----------------------------------------

----------------------------------------
----------------------------------------
Pass Single Test : [=>0,0]
return FastMath.ulp(x);

Time : 19/09/02 17:20
----------------------------------------

----------------------------------------
----------------------------------------
Pass Single Test : [=>0,0]
return FastMath.ulp(x*x+y*y+z*z);

Time : 19/09/02 17:22
----------------------------------------

----------------------------------------
----------------------------------------
Pass Single Test : [=>0,0]
return FastMath.tanh(x);

Time : 19/09/02 17:23
----------------------------------------

----------------------------------------
----------------------------------------
Pass Single Test : [=>0,0]
return FastMath.log(x);

Time : 19/09/02 17:25
----------------------------------------

----------------------------------------
----------------------------------------
Pass Single Test : [=>0,0]
return FastMath.sin(x);

Time : 19/09/02 17:27
----------------------------------------

----------------------------------------
----------------------------------------
Pass Single Test : [=>0,0]
return FastMath.tan(x);

Time : 19/09/02 17:28
----------------------------------------

----------------------------------------
----------------------------------------
Pass Single Test : [=>0,0]
return FastMath.log10(x);

Time : 19/09/02 17:30
----------------------------------------
Timeout time : 19/09/02 17:32
Current failed test : org.apache.commons.math3.geometry.euclidean.threed.SubLineTest::testIntersectionNotIntersecting_purify_2 | 19/09/02 17:32
Mon Sep 02 17:32:55 EDT 2019 org.apache.commons.math3.geometry.euclidean.twod.SubLine,113
Mon Sep 02 17:33:39 EDT 2019 org.apache.commons.math3.geometry.euclidean.twod.SubLine,114
Mon Sep 02 17:33:41 EDT 2019 org.apache.commons.math3.geometry.euclidean.twod.SubLine,117
Mon Sep 02 17:33:43 EDT 2019 org.apache.commons.math3.geometry.euclidean.twod.SubLine,120
Mon Sep 02 17:33:45 EDT 2019 org.apache.commons.math3.geometry.euclidean.threed.SubLine,56
Mon Sep 02 17:33:51 EDT 2019 Mon Sep 02 17:33:51 EDT 2019 : org.apache.commons.math3.geometry.euclidean.threed.SubLine,57=>Find no block
Mon Sep 02 17:33:53 EDT 2019 org.apache.commons.math3.geometry.euclidean.threed.SubLine,113

----------------------------------------
----------------------------------------
Pass Single Test : [=>0,0]
Vector3D v1D=line.intersection(line);
Location loc1=remainingRegion.checkPoint(line.toSubSpace(v1D));
Location loc2=subLine.remainingRegion.checkPoint(subLine.line.toSubSpace(v1D));
if(includeEndPoints){
return ((loc1!=Location.OUTSIDE)&&(loc2!=Location.OUTSIDE))?v1D:null;
}else {
return ((loc1==Location.INSIDE)&&(loc2==Location.INSIDE))?v1D:null;
}

Time : 19/09/02 17:34
----------------------------------------
Mon Sep 02 17:36:21 EDT 2019 org.apache.commons.math3.geometry.euclidean.threed.SubLine,116
Mon Sep 02 17:36:23 EDT 2019 org.apache.commons.math3.geometry.euclidean.threed.Line,156
Mon Sep 02 17:36:38 EDT 2019 org.apache.commons.math3.geometry.euclidean.threed.Line,164

----------------------------------------
----------------------------------------
Pass Single Test : [=>0,0]
 final Vector3D d=zero.subtract(zero);
 final Vector3D n=new Vector3D(1.0,d,-d.dotProduct(direction),direction);
return n.getNorm();

Time : 19/09/02 17:37
----------------------------------------
Mon Sep 02 17:39:16 EDT 2019 org.apache.commons.math3.geometry.euclidean.threed.Line,165
Mon Sep 02 17:39:18 EDT 2019 org.apache.commons.math3.geometry.euclidean.threed.Line,166
Mon Sep 02 17:39:20 EDT 2019 org.apache.commons.math3.geometry.euclidean.threed.Line,195
Mon Sep 02 17:44:42 EDT 2019 org.apache.commons.math3.geometry.euclidean.threed.Line,196
Mon Sep 02 17:44:44 EDT 2019 org.apache.commons.math3.geometry.euclidean.threed.Line,197
Mon Sep 02 17:44:47 EDT 2019 org.apache.commons.math3.geometry.euclidean.threed.Line,202
Mon Sep 02 17:44:49 EDT 2019 org.apache.commons.math3.geometry.euclidean.threed.Line,203
Mon Sep 02 17:44:51 EDT 2019 org.apache.commons.math3.geometry.euclidean.threed.Line,204
Mon Sep 02 17:44:53 EDT 2019 org.apache.commons.math3.geometry.euclidean.threed.Line,206
Mon Sep 02 17:44:55 EDT 2019 org.apache.commons.math3.geometry.euclidean.threed.Line,216
Mon Sep 02 17:45:18 EDT 2019 org.apache.commons.math3.geometry.euclidean.threed.Line,217
Mon Sep 02 17:45:20 EDT 2019 org.apache.commons.math3.geometry.euclidean.twod.SubLine,56
Mon Sep 02 17:45:27 EDT 2019 Mon Sep 02 17:45:27 EDT 2019 : org.apache.commons.math3.geometry.euclidean.twod.SubLine,57=>Find no block
Mon Sep 02 17:45:29 EDT 2019 org.apache.commons.math3.geometry.euclidean.threed.SubLine,137
Mon Sep 02 17:45:36 EDT 2019 org.apache.commons.math3.geometry.euclidean.threed.SubLine,138
Mon Sep 02 17:45:38 EDT 2019 org.apache.commons.math3.geometry.euclidean.threed.Line,114
Mon Sep 02 17:46:31 EDT 2019 org.apache.commons.math3.geometry.euclidean.threed.Line,129
Mon Sep 02 17:46:38 EDT 2019 org.apache.commons.math3.geometry.euclidean.oned.IntervalsSet,118
Mon Sep 02 17:47:37 EDT 2019 org.apache.commons.math3.geometry.euclidean.oned.IntervalsSet,120
Mon Sep 02 17:47:39 EDT 2019 org.apache.commons.math3.geometry.euclidean.twod.SubLine,139
Mon Sep 02 17:47:41 EDT 2019 org.apache.commons.math3.geometry.euclidean.twod.SubLine,140
Mon Sep 02 17:47:43 EDT 2019 org.apache.commons.math3.geometry.euclidean.oned.IntervalsSet,107
Mon Sep 02 17:49:58 EDT 2019 org.apache.commons.math3.geometry.euclidean.oned.IntervalsSet,109
Mon Sep 02 17:50:00 EDT 2019 org.apache.commons.math3.geometry.euclidean.oned.IntervalsSet,47
Mon Sep 02 17:50:27 EDT 2019 Mon Sep 02 17:50:27 EDT 2019 : org.apache.commons.math3.geometry.euclidean.oned.IntervalsSet,48=>Find no block
Mon Sep 02 17:50:30 EDT 2019 org.apache.commons.math3.geometry.euclidean.oned.IntervalsSet,94
Mon Sep 02 17:50:32 EDT 2019 Mon Sep 02 17:50:32 EDT 2019 : org.apache.commons.math3.geometry.partitioning.BSPTree,115=>Find no block
Mon Sep 02 17:50:34 EDT 2019 org.apache.commons.math3.geometry.partitioning.BSPTree,116
Mon Sep 02 17:51:25 EDT 2019 org.apache.commons.math3.geometry.partitioning.BSPTree,117
Mon Sep 02 17:51:28 EDT 2019 org.apache.commons.math3.geometry.partitioning.BSPTree,118
Mon Sep 02 17:51:29 EDT 2019 org.apache.commons.math3.geometry.partitioning.BSPTree,119
Mon Sep 02 17:51:31 EDT 2019 org.apache.commons.math3.geometry.partitioning.BSPTree,120
Mon Sep 02 17:51:33 EDT 2019 org.apache.commons.math3.geometry.partitioning.BSPTree,121
Mon Sep 02 17:51:35 EDT 2019 org.apache.commons.math3.geometry.partitioning.BSPTree,122
Mon Sep 02 17:51:37 EDT 2019 Mon Sep 02 17:51:37 EDT 2019 : org.apache.commons.math3.geometry.partitioning.BSPTree,123=>Find no block
Mon Sep 02 17:51:39 EDT 2019 org.apache.commons.math3.geometry.euclidean.oned.SubOrientedPoint,39
Mon Sep 02 17:51:45 EDT 2019 Mon Sep 02 17:51:45 EDT 2019 : org.apache.commons.math3.geometry.euclidean.oned.SubOrientedPoint,40=>Find no block
Mon Sep 02 17:51:47 EDT 2019 Mon Sep 02 17:51:47 EDT 2019 : org.apache.commons.math3.geometry.euclidean.oned.OrientedPoint,42=>Find no block
Mon Sep 02 17:51:48 EDT 2019 org.apache.commons.math3.geometry.euclidean.oned.OrientedPoint,43
Mon Sep 02 17:51:54 EDT 2019 org.apache.commons.math3.geometry.euclidean.oned.OrientedPoint,44
Mon Sep 02 17:51:56 EDT 2019 Mon Sep 02 17:51:56 EDT 2019 : org.apache.commons.math3.geometry.euclidean.oned.OrientedPoint,45=>Find no block
Mon Sep 02 17:51:58 EDT 2019 org.apache.commons.math3.geometry.euclidean.oned.OrientedPoint,74
Mon Sep 02 17:52:04 EDT 2019 Mon Sep 02 17:52:04 EDT 2019 : org.apache.commons.math3.geometry.partitioning.AbstractSubHyperplane,50=>Find no block
Mon Sep 02 17:52:06 EDT 2019 org.apache.commons.math3.geometry.partitioning.AbstractSubHyperplane,51
Mon Sep 02 17:52:12 EDT 2019 org.apache.commons.math3.geometry.partitioning.AbstractSubHyperplane,52
Mon Sep 02 17:52:14 EDT 2019 Mon Sep 02 17:52:14 EDT 2019 : org.apache.commons.math3.geometry.partitioning.AbstractSubHyperplane,53=>Find no block
Mon Sep 02 17:52:16 EDT 2019 Mon Sep 02 17:52:16 EDT 2019 : org.apache.commons.math3.geometry.euclidean.oned.Vector1D,65=>Find no block
Mon Sep 02 17:52:18 EDT 2019 org.apache.commons.math3.geometry.euclidean.oned.Vector1D,66
Mon Sep 02 17:58:26 EDT 2019 Mon Sep 02 17:58:26 EDT 2019 : org.apache.commons.math3.geometry.euclidean.oned.Vector1D,67=>Find no block
Mon Sep 02 17:58:28 EDT 2019 Mon Sep 02 17:58:28 EDT 2019 : org.apache.commons.math3.geometry.euclidean.oned.Vector1D,36=>Find no block
Mon Sep 02 17:58:30 EDT 2019 Mon Sep 02 17:58:30 EDT 2019 : org.apache.commons.math3.geometry.euclidean.oned.Vector1D,39=>Find no block
Mon Sep 02 17:58:32 EDT 2019 Mon Sep 02 17:58:32 EDT 2019 : org.apache.commons.math3.geometry.euclidean.oned.Vector1D,43=>Find no block
Mon Sep 02 17:58:34 EDT 2019 Mon Sep 02 17:58:34 EDT 2019 : org.apache.commons.math3.geometry.euclidean.oned.Vector1D,47=>Find no block
Mon Sep 02 17:58:36 EDT 2019 Mon Sep 02 17:58:36 EDT 2019 : org.apache.commons.math3.geometry.euclidean.oned.Vector1D,51=>Find no block
Mon Sep 02 17:58:38 EDT 2019 org.apache.commons.math3.geometry.euclidean.oned.Vector1D,128
Mon Sep 02 18:02:28 EDT 2019 Mon Sep 02 18:02:28 EDT 2019 : org.apache.commons.math3.geometry.partitioning.AbstractRegion,67=>Find no block
Mon Sep 02 18:02:30 EDT 2019 org.apache.commons.math3.geometry.partitioning.AbstractRegion,68
Mon Sep 02 18:02:37 EDT 2019 Mon Sep 02 18:02:37 EDT 2019 : org.apache.commons.math3.geometry.partitioning.AbstractRegion,69=>Find no block
Mon Sep 02 18:02:39 EDT 2019 Mon Sep 02 18:02:39 EDT 2019 : org.apache.commons.math3.util.FastMath,97=>Find no block
Mon Sep 02 18:02:41 EDT 2019 Mon Sep 02 18:02:41 EDT 2019 : org.apache.commons.math3.util.FastMath,115=>Find no block
Mon Sep 02 18:02:43 EDT 2019 Mon Sep 02 18:02:43 EDT 2019 : org.apache.commons.math3.util.FastMath,128=>Find no block
Mon Sep 02 18:02:45 EDT 2019 Mon Sep 02 18:02:45 EDT 2019 : org.apache.commons.math3.util.FastMath,141=>Find no block
Mon Sep 02 18:02:47 EDT 2019 Mon Sep 02 18:02:47 EDT 2019 : org.apache.commons.math3.util.FastMath,160=>Find no block
Mon Sep 02 18:02:49 EDT 2019 Mon Sep 02 18:02:49 EDT 2019 : org.apache.commons.math3.util.FastMath,179=>Find no block
Mon Sep 02 18:02:51 EDT 2019 Mon Sep 02 18:02:51 EDT 2019 : org.apache.commons.math3.util.FastMath,198=>Find no block
Mon Sep 02 18:02:53 EDT 2019 Mon Sep 02 18:02:53 EDT 2019 : org.apache.commons.math3.util.FastMath,218=>Find no block
Mon Sep 02 18:02:55 EDT 2019 Mon Sep 02 18:02:55 EDT 2019 : org.apache.commons.math3.util.FastMath,237=>Find no block
Mon Sep 02 18:02:57 EDT 2019 Mon Sep 02 18:02:57 EDT 2019 : org.apache.commons.math3.util.FastMath,256=>Find no block
Mon Sep 02 18:03:00 EDT 2019 Mon Sep 02 18:03:00 EDT 2019 : org.apache.commons.math3.util.FastMath,277=>Find no block
Mon Sep 02 18:03:02 EDT 2019 Mon Sep 02 18:03:02 EDT 2019 : org.apache.commons.math3.util.FastMath,285=>Find no block
Mon Sep 02 18:03:04 EDT 2019 Mon Sep 02 18:03:04 EDT 2019 : org.apache.commons.math3.util.FastMath,288=>Find no block
Mon Sep 02 18:03:07 EDT 2019 Mon Sep 02 18:03:07 EDT 2019 : org.apache.commons.math3.geometry.partitioning.BSPTree,93=>Find no block
Mon Sep 02 18:03:09 EDT 2019 org.apache.commons.math3.geometry.partitioning.BSPTree,94
Mon Sep 02 18:03:57 EDT 2019 org.apache.commons.math3.geometry.partitioning.BSPTree,95
Mon Sep 02 18:03:59 EDT 2019 org.apache.commons.math3.geometry.partitioning.BSPTree,96
Mon Sep 02 18:04:01 EDT 2019 org.apache.commons.math3.geometry.partitioning.BSPTree,97
Mon Sep 02 18:04:02 EDT 2019 org.apache.commons.math3.geometry.partitioning.BSPTree,98
Mon Sep 02 18:04:04 EDT 2019 Mon Sep 02 18:04:04 EDT 2019 : org.apache.commons.math3.geometry.partitioning.BSPTree,99=>Find no block
Mon Sep 02 18:04:06 EDT 2019 Mon Sep 02 18:04:06 EDT 2019 : org.apache.commons.math3.geometry.euclidean.threed.SubLine,44=>Find no block
Mon Sep 02 18:04:08 EDT 2019 org.apache.commons.math3.geometry.euclidean.threed.SubLine,45
Mon Sep 02 18:04:14 EDT 2019 org.apache.commons.math3.geometry.euclidean.threed.SubLine,46
Mon Sep 02 18:04:15 EDT 2019 Mon Sep 02 18:04:15 EDT 2019 : org.apache.commons.math3.geometry.euclidean.threed.SubLine,47=>Find no block
Mon Sep 02 18:04:17 EDT 2019 org.apache.commons.math3.geometry.euclidean.threed.Vector3D,243

----------------------------------------
----------------------------------------
Pass Single Test : [=>0,0]
return FastMath.sqrt(x);

Time : 19/09/02 18:04
----------------------------------------

----------------------------------------
----------------------------------------
Pass Single Test : [=>0,0]
return FastMath.min(x,y);

Time : 19/09/02 18:07
----------------------------------------

----------------------------------------
----------------------------------------
Pass Single Test : [=>0,0]
return FastMath.max(x,y);

Time : 19/09/02 18:08
----------------------------------------

----------------------------------------
----------------------------------------
Pass Single Test : [=>0,0]
return FastMath.atan2(y,x);

Time : 19/09/02 18:10
----------------------------------------

----------------------------------------
----------------------------------------
Pass Single Test : [=>0,0]
return Math.sqrt(z);

Time : 19/09/02 18:12
----------------------------------------

----------------------------------------
----------------------------------------
Pass Single Test : [=>0,0]
return FastMath.sqrt(z);

Time : 19/09/02 18:13
----------------------------------------

----------------------------------------
----------------------------------------
Pass Single Test : [=>0,0]
return FastMath.sin(x*x+y*y+z*z);

Time : 19/09/02 18:15
----------------------------------------

----------------------------------------
----------------------------------------
Pass Single Test : [=>0,0]
return FastMath.log(x-z);

Time : 19/09/02 18:17
----------------------------------------

----------------------------------------
----------------------------------------
Pass Single Test : [=>0,0]
return FastMath.log1p(x);

Time : 19/09/02 18:19
----------------------------------------

----------------------------------------
----------------------------------------
Pass Single Test : [=>0,0]
return FastMath.rint(x);

Time : 19/09/02 18:20
----------------------------------------

----------------------------------------
----------------------------------------
Pass Single Test : [=>0,0]
return FastMath.sinh(x);

Time : 19/09/02 18:22
----------------------------------------

----------------------------------------
----------------------------------------
Pass Single Test : [=>0,0]
return FastMath.ceil(x);

Time : 19/09/02 18:24
----------------------------------------

----------------------------------------
----------------------------------------
Pass Single Test : [=>0,0]
return FastMath.signum(x);

Time : 19/09/02 18:25
----------------------------------------

----------------------------------------
----------------------------------------
Pass Single Test : [=>0,0]
return FastMath.abs(x);

Time : 19/09/02 18:27
----------------------------------------

----------------------------------------
----------------------------------------
Pass Single Test : [=>0,0]
return FastMath.cos(x*x+y*y+z*z);

Time : 19/09/02 18:29
----------------------------------------

----------------------------------------
----------------------------------------
Pass Single Test : [=>0,0]
return FastMath.expm1(x);

Time : 19/09/02 18:30
----------------------------------------

----------------------------------------
----------------------------------------
Pass Single Test : [=>0,0]
return FastMath.ulp(x);

Time : 19/09/02 18:32
----------------------------------------

----------------------------------------
----------------------------------------
Pass Single Test : [=>0,0]
return FastMath.ulp(x*x+y*y+z*z);

Time : 19/09/02 18:33
----------------------------------------

----------------------------------------
----------------------------------------
Pass Single Test : [=>0,0]
return FastMath.tanh(x);

Time : 19/09/02 18:35
----------------------------------------

----------------------------------------
----------------------------------------
Pass Single Test : [=>0,0]
return FastMath.log(x);

Time : 19/09/02 18:36
----------------------------------------

----------------------------------------
----------------------------------------
Pass Single Test : [=>0,0]
return FastMath.sin(x);

Time : 19/09/02 18:38
----------------------------------------

----------------------------------------
----------------------------------------
Pass Single Test : [=>0,0]
return FastMath.tan(x);

Time : 19/09/02 18:40
----------------------------------------

----------------------------------------
----------------------------------------
Pass Single Test : [=>0,0]
return FastMath.log10(x);

Time : 19/09/02 18:41
----------------------------------------

----------------------------------------
----------------------------------------
Pass Single Test : [=>0,0]
return FastMath.atanh(x);

Time : 19/09/02 18:43
----------------------------------------

----------------------------------------
----------------------------------------
Pass Single Test : [=>0,0]
return FastMath.cbrt(x);

Time : 19/09/02 18:45
----------------------------------------

----------------------------------------
----------------------------------------
Pass Single Test : [=>0,0]
return FastMath.asinh(x);

Time : 19/09/02 18:47
----------------------------------------
Timeout time : 19/09/02 18:48
