=================================================
Project : math_40	start : 19/09/02 13:43
Current failed test : org.apache.commons.math.analysis.solvers.BracketingNthOrderBrentSolverTest::testIssue716 | 19/09/02 13:44
Mon Sep 02 13:45:05 EDT 2019 org.apache.commons.math.exception.MathIllegalStateException,80
Mon Sep 02 13:45:49 EDT 2019 org.apache.commons.math.exception.MathIllegalStateException,86
Mon Sep 02 13:46:29 EDT 2019 org.apache.commons.math.exception.TooManyEvaluationsException,37
Mon Sep 02 13:47:13 EDT 2019 org.apache.commons.math.exception.TooManyEvaluationsException,38
Mon Sep 02 13:47:14 EDT 2019 Mon Sep 02 13:47:14 EDT 2019 : org.apache.commons.math.exception.TooManyEvaluationsException,39=>Find no block
Mon Sep 02 13:47:16 EDT 2019 org.apache.commons.math.exception.MaxCountExceededException,42
Mon Sep 02 13:47:20 EDT 2019 Mon Sep 02 13:47:20 EDT 2019 : org.apache.commons.math.exception.MaxCountExceededException,43=>Find no block
Mon Sep 02 13:47:22 EDT 2019 Mon Sep 02 13:47:22 EDT 2019 : org.apache.commons.math.exception.MaxCountExceededException,53=>Find no block
Mon Sep 02 13:47:24 EDT 2019 org.apache.commons.math.exception.MaxCountExceededException,54
Mon Sep 02 13:48:05 EDT 2019 org.apache.commons.math.exception.MaxCountExceededException,55
Mon Sep 02 13:48:06 EDT 2019 Mon Sep 02 13:48:06 EDT 2019 : org.apache.commons.math.exception.MaxCountExceededException,56=>Find no block
Mon Sep 02 13:48:08 EDT 2019 org.apache.commons.math.exception.MaxCountExceededException,62
Mon Sep 02 13:48:13 EDT 2019 Mon Sep 02 13:48:13 EDT 2019 : org.apache.commons.math.exception.MathIllegalStateException,45=>Find no block
Mon Sep 02 13:48:14 EDT 2019 org.apache.commons.math.exception.MathIllegalStateException,46
Mon Sep 02 13:48:29 EDT 2019 org.apache.commons.math.exception.MathIllegalStateException,47
Mon Sep 02 13:48:31 EDT 2019 Mon Sep 02 13:48:31 EDT 2019 : org.apache.commons.math.exception.MathIllegalStateException,48=>Find no block
Mon Sep 02 13:48:32 EDT 2019 org.apache.commons.math.exception.MathIllegalStateException,69
Mon Sep 02 13:48:36 EDT 2019 Mon Sep 02 13:48:36 EDT 2019 : org.apache.commons.math.exception.MathIllegalStateException,70=>Find no block
Mon Sep 02 13:48:38 EDT 2019 org.apache.commons.math.exception.MathIllegalStateException,74
Mon Sep 02 13:48:42 EDT 2019 org.apache.commons.math.util.Incrementor,151
Mon Sep 02 13:50:20 EDT 2019 org.apache.commons.math.util.Incrementor,65
Mon Sep 02 13:50:33 EDT 2019 org.apache.commons.math.analysis.solvers.BracketingNthOrderBrentSolver,393
Mon Sep 02 13:51:45 EDT 2019 org.apache.commons.math.analysis.solvers.BracketingNthOrderBrentSolver,394
Mon Sep 02 13:51:46 EDT 2019 Mon Sep 02 13:51:46 EDT 2019 : org.apache.commons.math.analysis.solvers.BaseAbstractUnivariateRealSolver,295=>Find no block
Mon Sep 02 13:51:48 EDT 2019 org.apache.commons.math.analysis.solvers.BaseAbstractUnivariateRealSolver,296
Mon Sep 02 13:51:51 EDT 2019 org.apache.commons.math.analysis.solvers.BracketingNthOrderBrentSolver,128
Mon Sep 02 13:54:15 EDT 2019 org.apache.commons.math.analysis.solvers.BracketingNthOrderBrentSolver,129
Mon Sep 02 13:54:16 EDT 2019 Mon Sep 02 13:54:16 EDT 2019 : org.apache.commons.math.analysis.solvers.BracketingNthOrderBrentSolver,130=>Find no block
Mon Sep 02 13:54:17 EDT 2019 org.apache.commons.math.analysis.solvers.BracketingNthOrderBrentSolver,124
Mon Sep 02 13:54:19 EDT 2019 org.apache.commons.math.analysis.solvers.BracketingNthOrderBrentSolver,125
Mon Sep 02 13:54:20 EDT 2019 org.apache.commons.math.analysis.solvers.AbstractUnivariateRealSolver,59
Mon Sep 02 13:55:00 EDT 2019 Mon Sep 02 13:55:00 EDT 2019 : org.apache.commons.math.analysis.solvers.AbstractUnivariateRealSolver,60=>Find no block
Mon Sep 02 13:55:01 EDT 2019 org.apache.commons.math.analysis.solvers.BracketingNthOrderBrentSolver,265

----------------------------------------
----------------------------------------
Pass Single Test : [=>0,0]
if(signChangeIndex-start>=start-signChangeIndex){
++start;
}else {
--end;
}

Time : 19/09/02 13:55
----------------------------------------

----------------------------------------
----------------------------------------
Pass Single Test : [=>0,0]
if(signChangeIndex-start>=end-nbPoints){
++start;
}else {
--end;
}

Time : 19/09/02 13:56
----------------------------------------

----------------------------------------
----------------------------------------
Pass Single Test : [=>0,0]
if(signChangeIndex-start>=start-nbPoints){
++start;
}else {
--end;
}

Time : 19/09/02 13:57
----------------------------------------

----------------------------------------
----------------------------------------
Pass Single Test : [=>0,0]
end=start+MAXIMAL_AGING-signChangeIndex;
if(signChangeIndex-start>=end-signChangeIndex){
++start;
}else {
--end;
}

Time : 19/09/02 13:59
----------------------------------------
Mon Sep 02 14:00:27 EDT 2019 org.apache.commons.math.analysis.solvers.BracketingNthOrderBrentSolver,235
Mon Sep 02 14:01:43 EDT 2019 org.apache.commons.math.analysis.solvers.BracketingNthOrderBrentSolver,294

----------------------------------------
----------------------------------------
Pass Single Test : [=>0,0]
nbPoints=end-start;
System.arraycopy(y,1,y,0,nbPoints);
System.arraycopy(y,start,y,0,nbPoints);

Time : 19/09/02 14:02
----------------------------------------

----------------------------------------
----------------------------------------
Pass Single Test : [=>0,0]
nbPoints=end-start;
System.arraycopy(x,start,x,0,nbPoints);
x[start]=nextX;
System.arraycopy(y,start,y,0,nbPoints);

Time : 19/09/02 14:03
----------------------------------------

----------------------------------------
----------------------------------------
Pass Single Test : [=>0,0]
y[start]=nextY;
nbPoints=end-start;
System.arraycopy(x,start,x,0,nbPoints);
System.arraycopy(y,start,y,0,nbPoints);

Time : 19/09/02 14:04
----------------------------------------

----------------------------------------
----------------------------------------
Pass Single Test : [=>0,0]
y[start]=nextY;
nbPoints=end-start;
System.arraycopy(x,start,x,0,nbPoints);
x[start]=nextX;
System.arraycopy(y,start,y,0,nbPoints);

Time : 19/09/02 14:05
----------------------------------------

----------------------------------------
----------------------------------------
Pass Single Test : [=>0,0]
nbPoints=end-start;
System.arraycopy(x,start,x,0,nbPoints);
System.arraycopy(y,nbPoints,y,0,nbPoints);

Time : 19/09/02 14:06
----------------------------------------

----------------------------------------
----------------------------------------
Pass Single Test : [=>0,0]
nbPoints=end-start;
System.arraycopy(y,start,x,0,nbPoints);
System.arraycopy(y,nbPoints,y,0,nbPoints);

Time : 19/09/02 14:08
----------------------------------------

----------------------------------------
----------------------------------------
Pass Single Test : [=>0,0]
nbPoints=end-start;
System.arraycopy(x,start,tmpX,0,nbPoints);
System.arraycopy(y,nbPoints,y,0,nbPoints);

Time : 19/09/02 14:09
----------------------------------------

----------------------------------------
----------------------------------------
Pass Single Test : [=>0,0]
nbPoints=end-start;
System.arraycopy(y,0,tmpX,0,nbPoints);
System.arraycopy(y,nbPoints,y,0,nbPoints);

Time : 19/09/02 14:11
----------------------------------------

----------------------------------------
----------------------------------------
Pass Single Test : [=>0,0]
System.arraycopy(tmpX,0,tmpX,0,nbPoints);
nbPoints=end-start;
System.arraycopy(x,start,x,0,nbPoints);
System.arraycopy(y,nbPoints,y,0,nbPoints);

Time : 19/09/02 14:12
----------------------------------------

----------------------------------------
----------------------------------------
Pass Single Test : [=>0,0]
System.arraycopy(tmpX,0,tmpX,0,nbPoints);
nbPoints=end-start;
System.arraycopy(y,start,x,0,nbPoints);
System.arraycopy(y,nbPoints,y,0,nbPoints);

Time : 19/09/02 14:13
----------------------------------------

----------------------------------------
----------------------------------------
Pass Single Test : [=>0,0]
System.arraycopy(tmpX,0,tmpX,0,nbPoints);
nbPoints=end-start;
System.arraycopy(x,start,tmpX,0,nbPoints);
System.arraycopy(y,nbPoints,y,0,nbPoints);

Time : 19/09/02 14:15
----------------------------------------

----------------------------------------
----------------------------------------
Pass Single Test : [=>0,0]
System.arraycopy(tmpX,0,tmpX,0,nbPoints);
nbPoints=end-start;
System.arraycopy(y,0,tmpX,0,nbPoints);
System.arraycopy(y,nbPoints,y,0,nbPoints);

Time : 19/09/02 14:16
----------------------------------------

----------------------------------------
----------------------------------------
Pass Single Test : [=>0,0]
nbPoints=end-start;
System.arraycopy(x,MAXIMAL_AGING,x,0,nbPoints);
System.arraycopy(y,start,y,0,nbPoints);

Time : 19/09/02 14:20
----------------------------------------

----------------------------------------
----------------------------------------
Pass Single Test : [=>0,0]
nbPoints=end-start;
System.arraycopy(x,signChangeIndex,x,0,nbPoints);
System.arraycopy(y,start,y,0,nbPoints);

Time : 19/09/02 14:29
----------------------------------------
Mon Sep 02 14:33:28 EDT 2019 org.apache.commons.math.analysis.solvers.BracketingNthOrderBrentSolver,295
Mon Sep 02 14:33:29 EDT 2019 org.apache.commons.math.analysis.solvers.BracketingNthOrderBrentSolver,296

----------------------------------------
----------------------------------------
Pass Single Test : [=>0,0]
System.arraycopy(y,1,y,0,nbPoints);
System.arraycopy(y,start,y,0,nbPoints);
signChangeIndex-=start;

Time : 19/09/02 14:34
----------------------------------------

----------------------------------------
----------------------------------------
Pass Single Test : [=>0,0]
System.arraycopy(x,start,x,0,nbPoints);
x[start]=nextX;
System.arraycopy(y,start,y,0,nbPoints);
signChangeIndex-=start;

Time : 19/09/02 14:35
----------------------------------------

----------------------------------------
----------------------------------------
Pass Single Test : [=>0,0]
y[start]=nextY;
System.arraycopy(x,start,x,0,nbPoints);
System.arraycopy(y,start,y,0,nbPoints);
signChangeIndex-=start;

Time : 19/09/02 14:36
----------------------------------------

----------------------------------------
----------------------------------------
Pass Single Test : [=>0,0]
y[start]=nextY;
System.arraycopy(x,start,x,0,nbPoints);
x[start]=nextX;
System.arraycopy(y,start,y,0,nbPoints);
signChangeIndex-=start;

Time : 19/09/02 14:37
----------------------------------------

----------------------------------------
----------------------------------------
Pass Single Test : [=>0,0]
++nbPoints;
System.arraycopy(x,start,x,0,nbPoints);
x[start]=nextX;
System.arraycopy(y,start,y,0,nbPoints);
signChangeIndex-=start;

Time : 19/09/02 14:38
----------------------------------------

----------------------------------------
----------------------------------------
Pass Single Test : [=>0,0]
y[start]=nextY;
++nbPoints;
System.arraycopy(x,start,x,0,nbPoints);
System.arraycopy(y,start,y,0,nbPoints);
signChangeIndex-=start;

Time : 19/09/02 14:39
----------------------------------------

----------------------------------------
----------------------------------------
Pass Single Test : [=>0,0]
y[start]=nextY;
++nbPoints;
System.arraycopy(x,start,x,0,nbPoints);
x[start]=nextX;
System.arraycopy(y,start,y,0,nbPoints);
signChangeIndex-=start;

Time : 19/09/02 14:40
----------------------------------------

----------------------------------------
----------------------------------------
Pass Single Test : [=>0,0]
System.arraycopy(x,start,x,0,nbPoints);
System.arraycopy(y,nbPoints,y,0,nbPoints);
signChangeIndex-=start;

Time : 19/09/02 14:41
----------------------------------------

----------------------------------------
----------------------------------------
Pass Single Test : [=>0,0]
System.arraycopy(y,start,x,0,nbPoints);
System.arraycopy(y,nbPoints,y,0,nbPoints);
signChangeIndex-=start;

Time : 19/09/02 14:43
----------------------------------------

----------------------------------------
----------------------------------------
Pass Single Test : [=>0,0]
System.arraycopy(x,start,tmpX,0,nbPoints);
System.arraycopy(y,nbPoints,y,0,nbPoints);
signChangeIndex-=start;

Time : 19/09/02 14:44
----------------------------------------

----------------------------------------
----------------------------------------
Pass Single Test : [=>0,0]
System.arraycopy(y,0,tmpX,0,nbPoints);
System.arraycopy(y,nbPoints,y,0,nbPoints);
signChangeIndex-=start;

Time : 19/09/02 14:46
----------------------------------------

----------------------------------------
----------------------------------------
Pass Single Test : [=>0,0]
System.arraycopy(tmpX,0,tmpX,0,nbPoints);
System.arraycopy(x,start,x,0,nbPoints);
System.arraycopy(y,nbPoints,y,0,nbPoints);
signChangeIndex-=start;

Time : 19/09/02 14:47
----------------------------------------

----------------------------------------
----------------------------------------
Pass Single Test : [=>0,0]
System.arraycopy(tmpX,0,tmpX,0,nbPoints);
System.arraycopy(y,start,x,0,nbPoints);
System.arraycopy(y,nbPoints,y,0,nbPoints);
signChangeIndex-=start;

Time : 19/09/02 14:48
----------------------------------------

----------------------------------------
----------------------------------------
Pass Single Test : [=>0,0]
System.arraycopy(tmpX,0,tmpX,0,nbPoints);
System.arraycopy(x,start,tmpX,0,nbPoints);
System.arraycopy(y,nbPoints,y,0,nbPoints);
signChangeIndex-=start;

Time : 19/09/02 14:49
----------------------------------------

----------------------------------------
----------------------------------------
Pass Single Test : [=>0,0]
System.arraycopy(tmpX,0,tmpX,0,nbPoints);
System.arraycopy(y,0,tmpX,0,nbPoints);
System.arraycopy(y,nbPoints,y,0,nbPoints);
signChangeIndex-=start;

Time : 19/09/02 14:51
----------------------------------------

----------------------------------------
----------------------------------------
Pass Single Test : [=>0,0]
System.arraycopy(x,signChangeIndex,x,0,nbPoints);
System.arraycopy(y,start,y,0,nbPoints);
signChangeIndex-=start;

Time : 19/09/02 14:56
----------------------------------------

----------------------------------------
----------------------------------------
Pass Single Test : [=>0,0]
System.arraycopy(x,MAXIMAL_AGING,x,0,nbPoints);
System.arraycopy(y,start,y,0,nbPoints);
signChangeIndex-=start;

Time : 19/09/02 15:04
----------------------------------------
Mon Sep 02 15:10:50 EDT 2019 org.apache.commons.math.analysis.solvers.BracketingNthOrderBrentSolver,297
Mon Sep 02 15:10:51 EDT 2019 org.apache.commons.math.analysis.solvers.BracketingNthOrderBrentSolver,260
Mon Sep 02 15:10:52 EDT 2019 org.apache.commons.math.analysis.solvers.BracketingNthOrderBrentSolver,269
Mon Sep 02 15:10:56 EDT 2019 org.apache.commons.math.analysis.solvers.BracketingNthOrderBrentSolver,290
Mon Sep 02 16:09:14 EDT 2019 org.apache.commons.math.analysis.solvers.BracketingNthOrderBrentSolver,299
Mon Sep 02 16:09:16 EDT 2019 org.apache.commons.math.analysis.solvers.BracketingNthOrderBrentSolver,316

----------------------------------------
----------------------------------------
Pass Single Test : [=>0,0]
System.arraycopy(y,1,y,0,nbPoints);
x[signChangeIndex]=nextX;
System.arraycopy(y,signChangeIndex,y,signChangeIndex+1,nbPoints-signChangeIndex);

Time : 19/09/02 16:10
----------------------------------------
Mon Sep 02 16:22:53 EDT 2019 org.apache.commons.math.analysis.solvers.BracketingNthOrderBrentSolver,317
Mon Sep 02 16:22:55 EDT 2019 org.apache.commons.math.analysis.solvers.BracketingNthOrderBrentSolver,318

----------------------------------------
----------------------------------------
Pass Single Test : [=>0,0]
x[signChangeIndex]=nextX;
System.arraycopy(x,signChangeIndex,x,0,nbPoints);
y[signChangeIndex]=nextY;

Time : 19/09/02 16:23
----------------------------------------

----------------------------------------
----------------------------------------
Pass Single Test : [=>0,0]
System.arraycopy(y,signChangeIndex,y,0,nbPoints);
x[signChangeIndex]=nextX;
System.arraycopy(y,signChangeIndex,y,signChangeIndex+1,nbPoints-signChangeIndex);
y[signChangeIndex]=nextY;

Time : 19/09/02 16:24
----------------------------------------

----------------------------------------
----------------------------------------
Pass Single Test : [=>0,0]
System.arraycopy(y,signChangeIndex,y,0,nbPoints);
x[signChangeIndex]=nextX;
System.arraycopy(x,signChangeIndex,y,signChangeIndex+1,nbPoints-signChangeIndex);
y[signChangeIndex]=nextY;

Time : 19/09/02 16:26
----------------------------------------

----------------------------------------
----------------------------------------
Pass Single Test : [=>0,0]
x[signChangeIndex]=nextX;
nbPoints=nbPoints-signChangeIndex;
System.arraycopy(x,signChangeIndex,x,0,nbPoints);
y[signChangeIndex]=nextY;

Time : 19/09/02 16:27
----------------------------------------

----------------------------------------
----------------------------------------
Pass Single Test : [=>0,0]
System.arraycopy(y,signChangeIndex,y,0,nbPoints);
x[signChangeIndex]=nextX;
System.arraycopy(x,signChangeIndex,x,0,nbPoints);
y[signChangeIndex]=nextY;

Time : 19/09/02 16:28
----------------------------------------

----------------------------------------
----------------------------------------
Pass Single Test : [=>0,0]
System.arraycopy(y,signChangeIndex,y,0,nbPoints);
x[signChangeIndex]=nextX;
nbPoints=nbPoints-signChangeIndex;
System.arraycopy(y,signChangeIndex,y,signChangeIndex+1,nbPoints-signChangeIndex);
y[signChangeIndex]=nextY;

Time : 19/09/02 16:29
----------------------------------------

----------------------------------------
----------------------------------------
Pass Single Test : [=>0,0]
System.arraycopy(y,signChangeIndex,y,0,nbPoints);
x[signChangeIndex]=nextX;
nbPoints=nbPoints-signChangeIndex;
System.arraycopy(x,signChangeIndex,y,signChangeIndex+1,nbPoints-signChangeIndex);
y[signChangeIndex]=nextY;

Time : 19/09/02 16:30
----------------------------------------

----------------------------------------
----------------------------------------
Pass Single Test : [=>0,0]
System.arraycopy(y,signChangeIndex,y,0,nbPoints);
x[signChangeIndex]=nextX;
nbPoints=nbPoints-signChangeIndex;
System.arraycopy(y,signChangeIndex,x,signChangeIndex+1,nbPoints-signChangeIndex);
y[signChangeIndex]=nextY;

Time : 19/09/02 16:32
----------------------------------------

----------------------------------------
----------------------------------------
Pass Single Test : [=>0,0]
System.arraycopy(y,signChangeIndex,y,0,nbPoints);
x[signChangeIndex]=nextX;
nbPoints=nbPoints-signChangeIndex;
System.arraycopy(x,signChangeIndex,x,0,nbPoints);
y[signChangeIndex]=nextY;

Time : 19/09/02 16:33
----------------------------------------

----------------------------------------
----------------------------------------
Pass Single Test : [=>0,0]
x[signChangeIndex]=nextX;
System.arraycopy(x,1,x,0,nbPoints);
y[signChangeIndex]=nextY;

Time : 19/09/02 16:34
----------------------------------------
Mon Sep 02 16:46:40 EDT 2019 org.apache.commons.math.analysis.solvers.BracketingNthOrderBrentSolver,319

----------------------------------------
----------------------------------------
Pass Single Test : [=>0,0]
System.arraycopy(x,signChangeIndex,x,0,nbPoints);
y[signChangeIndex]=nextY;
++nbPoints;

Time : 19/09/02 16:47
----------------------------------------

----------------------------------------
----------------------------------------
Pass Single Test : [=>0,0]
System.arraycopy(y,signChangeIndex,y,0,nbPoints);
System.arraycopy(y,signChangeIndex,y,signChangeIndex+1,nbPoints-signChangeIndex);
y[signChangeIndex]=nextY;
++nbPoints;

Time : 19/09/02 16:48
----------------------------------------

----------------------------------------
----------------------------------------
Pass Single Test : [=>0,0]
System.arraycopy(y,signChangeIndex,y,0,nbPoints);
System.arraycopy(x,signChangeIndex,y,signChangeIndex+1,nbPoints-signChangeIndex);
y[signChangeIndex]=nextY;
++nbPoints;

Time : 19/09/02 16:49
----------------------------------------

----------------------------------------
----------------------------------------
Pass Single Test : [=>0,0]
nbPoints=nbPoints-signChangeIndex;
System.arraycopy(x,signChangeIndex,x,0,nbPoints);
y[signChangeIndex]=nextY;
++nbPoints;

Time : 19/09/02 16:51
----------------------------------------

----------------------------------------
----------------------------------------
Pass Single Test : [=>0,0]
System.arraycopy(y,signChangeIndex,y,0,nbPoints);
System.arraycopy(x,signChangeIndex,x,0,nbPoints);
y[signChangeIndex]=nextY;
++nbPoints;

Time : 19/09/02 16:52
----------------------------------------

----------------------------------------
----------------------------------------
Pass Single Test : [=>0,0]
nbPoints=nbPoints-signChangeIndex;
System.arraycopy(y,signChangeIndex,y,0,nbPoints);
System.arraycopy(y,signChangeIndex,y,signChangeIndex+1,nbPoints-signChangeIndex);
y[signChangeIndex]=nextY;
++nbPoints;

Time : 19/09/02 16:53
----------------------------------------

----------------------------------------
----------------------------------------
Pass Single Test : [=>0,0]
nbPoints=nbPoints-signChangeIndex;
System.arraycopy(y,signChangeIndex,y,0,nbPoints);
System.arraycopy(x,signChangeIndex,y,signChangeIndex+1,nbPoints-signChangeIndex);
y[signChangeIndex]=nextY;
++nbPoints;

Time : 19/09/02 16:54
----------------------------------------

----------------------------------------
----------------------------------------
Pass Single Test : [=>0,0]
nbPoints=nbPoints-signChangeIndex;
System.arraycopy(y,signChangeIndex,y,0,nbPoints);
System.arraycopy(y,signChangeIndex,x,signChangeIndex+1,nbPoints-signChangeIndex);
y[signChangeIndex]=nextY;
++nbPoints;

Time : 19/09/02 16:55
----------------------------------------

----------------------------------------
----------------------------------------
Pass Single Test : [=>0,0]
nbPoints=nbPoints-signChangeIndex;
System.arraycopy(y,signChangeIndex,y,0,nbPoints);
System.arraycopy(x,signChangeIndex,x,0,nbPoints);
y[signChangeIndex]=nextY;
++nbPoints;

Time : 19/09/02 16:57
----------------------------------------

----------------------------------------
----------------------------------------
Pass Single Test : [=>0,0]
System.arraycopy(x,1,x,0,nbPoints);
y[signChangeIndex]=nextY;
++nbPoints;

Time : 19/09/02 16:58
----------------------------------------

----------------------------------------
----------------------------------------
Pass Single Test : [=>0,0]
x[1]=getStartValue();
System.arraycopy(y,signChangeIndex,y,signChangeIndex+1,nbPoints-signChangeIndex);
y[signChangeIndex]=nextY;
++nbPoints;

Time : 19/09/02 17:10
----------------------------------------
Mon Sep 02 17:13:13 EDT 2019 org.apache.commons.math.analysis.solvers.BracketingNthOrderBrentSolver,320
Mon Sep 02 17:13:14 EDT 2019 org.apache.commons.math.analysis.solvers.BracketingNthOrderBrentSolver,323

----------------------------------------
----------------------------------------
Pass Single Test : [=>0,0]
if(nextY*yA<=0){
xB=nextX;
yB=xB;
absYB=FastMath.abs(yB);
++agingA;
agingB=0;
}else {
xA=nextX;
yA=nextY;
absYA=FastMath.abs(yA);
agingA=0;
++agingB;
signChangeIndex++;
}

Time : 19/09/02 17:26
----------------------------------------
Mon Sep 02 17:28:27 EDT 2019 org.apache.commons.math.analysis.solvers.BracketingNthOrderBrentSolver,325

----------------------------------------
----------------------------------------
Pass Single Test : [=>0,0]
nextX=Math.abs(yB);
xB=nextX;
yB=nextY;
absYB=FastMath.abs(yB);

Time : 19/09/02 17:31
----------------------------------------

----------------------------------------
----------------------------------------
Pass Single Test : [=>0,0]
xB=yB;
yB=nextY;
absYB=FastMath.abs(yB);

Time : 19/09/02 17:32
----------------------------------------

----------------------------------------
----------------------------------------
Pass Single Test : [=>0,0]
xB=yA;
yB=nextY;
absYB=FastMath.abs(yB);

Time : 19/09/02 17:33
----------------------------------------

----------------------------------------
----------------------------------------
Pass Single Test : [=>0,0]
xB=nextX;
yB=xB;
absYB=FastMath.abs(yB);

Time : 19/09/02 17:35
----------------------------------------
Mon Sep 02 17:36:49 EDT 2019 org.apache.commons.math.analysis.solvers.BracketingNthOrderBrentSolver,326
Mon Sep 02 17:36:50 EDT 2019 org.apache.commons.math.analysis.solvers.BracketingNthOrderBrentSolver,327

----------------------------------------
----------------------------------------
Pass Single Test : [=>0,0]
signChangeIndex++;
yB=nextY;
absYB=FastMath.abs(yB);
++agingA;

Time : 19/09/02 17:37
----------------------------------------

----------------------------------------
----------------------------------------
Similar code block : 2.3228808763871442 : [/home/mmotwani/mywork1dir/Defects4Java7/defects4j/SIMFIX_RQ1/math/math_40_buggy/src/main/java/org/apache/commons/math/analysis/solvers/BracketingNthOrderBrentSolver.java=>0,0]
yA=nextY;
absYA=FastMath.abs(yA);
agingA=0;
++agingB;
signChangeIndex++;

Time : 19/09/02 17:38
----------------------------------------

----------------------------------------
----------------------------------------
Original source code : [/home/mmotwani/mywork1dir/Defects4Java7/defects4j/SIMFIX_RQ1/math/math_40_buggy/src/main/java/org/apache/commons/math/analysis/solvers/BracketingNthOrderBrentSolver.java=>326,328]
yB=nextY;
absYB=FastMath.abs(yB);
++agingA;

Time : 19/09/02 17:38
----------------------------------------

----------------------------------------
----------------------------------------
Find a patch : [/home/mmotwani/mywork1dir/Defects4Java7/defects4j/SIMFIX_RQ1/math/math_40_buggy/src/main/java/org/apache/commons/math/analysis/solvers/BracketingNthOrderBrentSolver.java=>326,328]
signChangeIndex++;
yB=nextY;
absYB=FastMath.abs(yB);
++agingA;

Time : 19/09/02 17:38
----------------------------------------
Success time : 19/09/02 17:38
