=================================================
Project : math_43	start : 19/09/02 13:43
Current failed test : org.apache.commons.math.stat.descriptive.SummaryStatisticsTest::testOverrideMeanWithMathClass | 19/09/02 13:44
Mon Sep 02 13:44:59 EDT 2019 Mon Sep 02 13:44:59 EDT 2019 : org.apache.commons.math.stat.descriptive.SummaryStatistics,647=>Find no block
Mon Sep 02 13:45:01 EDT 2019 org.apache.commons.math.stat.descriptive.SummaryStatistics,643
Mon Sep 02 13:46:21 EDT 2019 org.apache.commons.math.stat.descriptive.SummaryStatistics,577
Mon Sep 02 13:48:27 EDT 2019 org.apache.commons.math.stat.descriptive.SummaryStatistics,578
Mon Sep 02 13:48:29 EDT 2019 Mon Sep 02 13:48:29 EDT 2019 : org.apache.commons.math.stat.descriptive.SummaryStatistics,579=>Find no block
Mon Sep 02 13:48:30 EDT 2019 org.apache.commons.math.stat.descriptive.SummaryStatistics,635
Mon Sep 02 13:50:10 EDT 2019 org.apache.commons.math.stat.descriptive.SummaryStatistics,636
Mon Sep 02 13:50:11 EDT 2019 Mon Sep 02 13:50:11 EDT 2019 : org.apache.commons.math.stat.descriptive.SummaryStatistics,637=>Find no block
Mon Sep 02 13:50:13 EDT 2019 org.apache.commons.math.util.FastMath,1160
Mon Sep 02 13:57:42 EDT 2019 org.apache.commons.math.util.FastMath,1161
Mon Sep 02 13:57:44 EDT 2019 org.apache.commons.math.util.FastMath,1162
Mon Sep 02 14:06:55 EDT 2019 org.apache.commons.math.util.FastMath,1163
Mon Sep 02 14:14:57 EDT 2019 org.apache.commons.math.util.FastMath,1164
Mon Sep 02 14:26:07 EDT 2019 org.apache.commons.math.util.FastMath,1165
Mon Sep 02 14:35:51 EDT 2019 org.apache.commons.math.util.FastMath,1166
Mon Sep 02 14:45:47 EDT 2019 org.apache.commons.math.util.FastMath,1168
Mon Sep 02 14:49:30 EDT 2019 org.apache.commons.math.util.FastMath,1169
Mon Sep 02 14:49:32 EDT 2019 org.apache.commons.math.util.FastMath,1171
Mon Sep 02 15:19:35 EDT 2019 org.apache.commons.math.util.FastMath,1173
Mon Sep 02 15:29:13 EDT 2019 org.apache.commons.math.util.FastMath,1174
Mon Sep 02 15:29:14 EDT 2019 org.apache.commons.math.util.FastMath,1176
Mon Sep 02 15:39:05 EDT 2019 org.apache.commons.math.util.FastMath,1177
Mon Sep 02 16:02:00 EDT 2019 org.apache.commons.math.util.FastMath,1178
Mon Sep 02 16:12:19 EDT 2019 org.apache.commons.math.util.FastMath,1181
Mon Sep 02 16:21:42 EDT 2019 org.apache.commons.math.util.FastMath,1182
Mon Sep 02 16:34:30 EDT 2019 org.apache.commons.math.util.FastMath,1184
Mon Sep 02 16:46:26 EDT 2019 org.apache.commons.math.util.FastMath,1185
Mon Sep 02 16:46:27 EDT 2019 org.apache.commons.math.util.FastMath,1186
Mon Sep 02 16:46:28 EDT 2019 org.apache.commons.math.util.FastMath,1190
Mon Sep 02 16:46:30 EDT 2019 org.apache.commons.math.util.FastMath,1191
Mon Sep 02 16:46:31 EDT 2019 org.apache.commons.math.util.FastMath,1193
Mon Sep 02 16:46:32 EDT 2019 org.apache.commons.math.util.FastMath,1194
Mon Sep 02 16:46:34 EDT 2019 org.apache.commons.math.util.FastMath,1195
Mon Sep 02 16:49:27 EDT 2019 org.apache.commons.math.util.FastMath,1197
Mon Sep 02 16:49:29 EDT 2019 org.apache.commons.math.stat.descriptive.SummaryStatistics,607
Mon Sep 02 16:51:07 EDT 2019 Mon Sep 02 16:51:07 EDT 2019 : org.apache.commons.math.stat.descriptive.SummaryStatistics,608=>Find no block
Mon Sep 02 16:51:08 EDT 2019 org.apache.commons.math.stat.descriptive.AbstractStorelessUnivariateStatistic,59
Mon Sep 02 16:51:12 EDT 2019 org.apache.commons.math.stat.descriptive.AbstractStorelessUnivariateStatistic,62
Mon Sep 02 16:55:53 EDT 2019 Mon Sep 02 16:55:53 EDT 2019 : org.apache.commons.math.stat.descriptive.moment.Variance,124=>Find no block
Mon Sep 02 16:55:54 EDT 2019 org.apache.commons.math.stat.descriptive.moment.Variance,125
Mon Sep 02 16:56:31 EDT 2019 org.apache.commons.math.stat.descriptive.moment.Variance,126
Mon Sep 02 16:56:32 EDT 2019 Mon Sep 02 16:56:32 EDT 2019 : org.apache.commons.math.stat.descriptive.moment.Variance,127=>Find no block
Mon Sep 02 16:56:34 EDT 2019 org.apache.commons.math.stat.descriptive.moment.Variance,420
Mon Sep 02 16:57:39 EDT 2019 org.apache.commons.math.stat.descriptive.AbstractUnivariateStatistic,163
Mon Sep 02 16:57:40 EDT 2019 org.apache.commons.math.stat.descriptive.AbstractUnivariateStatistic,167
Mon Sep 02 16:59:04 EDT 2019 org.apache.commons.math.stat.descriptive.AbstractUnivariateStatistic,171
Mon Sep 02 17:01:15 EDT 2019 org.apache.commons.math.stat.descriptive.AbstractUnivariateStatistic,175
Mon Sep 02 17:02:53 EDT 2019 org.apache.commons.math.stat.descriptive.AbstractUnivariateStatistic,180
Mon Sep 02 17:03:29 EDT 2019 org.apache.commons.math.stat.descriptive.AbstractUnivariateStatistic,184
Mon Sep 02 17:04:19 EDT 2019 org.apache.commons.math.stat.descriptive.summary.SumOfLogs,84
Mon Sep 02 17:06:30 EDT 2019 org.apache.commons.math.stat.descriptive.summary.SumOfLogs,85
Mon Sep 02 17:06:31 EDT 2019 Mon Sep 02 17:06:31 EDT 2019 : org.apache.commons.math.stat.descriptive.summary.SumOfLogs,86=>Find no block
Mon Sep 02 17:06:32 EDT 2019 org.apache.commons.math.stat.descriptive.SummaryStatistics,150
Mon Sep 02 17:13:09 EDT 2019 org.apache.commons.math.stat.descriptive.SummaryStatistics,151
Mon Sep 02 17:13:11 EDT 2019 org.apache.commons.math.stat.descriptive.SummaryStatistics,152
Mon Sep 02 17:21:23 EDT 2019 org.apache.commons.math.stat.descriptive.SummaryStatistics,153
Mon Sep 02 17:27:09 EDT 2019 org.apache.commons.math.stat.descriptive.SummaryStatistics,154
Mon Sep 02 17:35:26 EDT 2019 org.apache.commons.math.stat.descriptive.SummaryStatistics,155
Mon Sep 02 17:38:57 EDT 2019 org.apache.commons.math.stat.descriptive.SummaryStatistics,158
Mon Sep 02 17:39:35 EDT 2019 org.apache.commons.math.stat.descriptive.SummaryStatistics,161
Mon Sep 02 17:40:13 EDT 2019 org.apache.commons.math.stat.descriptive.SummaryStatistics,164
Mon Sep 02 17:40:51 EDT 2019 org.apache.commons.math.stat.descriptive.SummaryStatistics,167
Mon Sep 02 17:43:25 EDT 2019 Mon Sep 02 17:43:25 EDT 2019 : org.apache.commons.math.stat.descriptive.SummaryStatistics,168=>Find no block
Mon Sep 02 17:43:26 EDT 2019 org.apache.commons.math.stat.descriptive.rank.Max,76
Mon Sep 02 17:45:23 EDT 2019 org.apache.commons.math.stat.descriptive.rank.Max,77
Mon Sep 02 17:45:24 EDT 2019 org.apache.commons.math.stat.descriptive.rank.Max,79
Mon Sep 02 17:47:56 EDT 2019 Mon Sep 02 17:47:56 EDT 2019 : org.apache.commons.math.stat.descriptive.rank.Max,80=>Find no block
Mon Sep 02 17:47:57 EDT 2019 org.apache.commons.math.stat.descriptive.rank.Min,76
Mon Sep 02 17:49:50 EDT 2019 org.apache.commons.math.stat.descriptive.rank.Min,77
Mon Sep 02 17:49:51 EDT 2019 org.apache.commons.math.stat.descriptive.rank.Min,79
Mon Sep 02 17:52:13 EDT 2019 Mon Sep 02 17:52:13 EDT 2019 : org.apache.commons.math.stat.descriptive.rank.Min,80=>Find no block
Mon Sep 02 17:52:14 EDT 2019 org.apache.commons.math.stat.descriptive.summary.Sum,76
Mon Sep 02 17:53:58 EDT 2019 org.apache.commons.math.stat.descriptive.summary.Sum,77
Mon Sep 02 17:54:00 EDT 2019 Mon Sep 02 17:54:00 EDT 2019 : org.apache.commons.math.stat.descriptive.summary.Sum,78=>Find no block
Mon Sep 02 17:54:01 EDT 2019 org.apache.commons.math.stat.descriptive.summary.SumOfSquares,75
Mon Sep 02 17:55:56 EDT 2019 org.apache.commons.math.stat.descriptive.summary.SumOfSquares,76
Mon Sep 02 17:55:57 EDT 2019 Mon Sep 02 17:55:57 EDT 2019 : org.apache.commons.math.stat.descriptive.summary.SumOfSquares,77=>Find no block
Mon Sep 02 17:55:58 EDT 2019 org.apache.commons.math.stat.descriptive.moment.FirstMoment,102
Mon Sep 02 17:56:47 EDT 2019 org.apache.commons.math.stat.descriptive.moment.FirstMoment,103
Mon Sep 02 17:56:48 EDT 2019 org.apache.commons.math.stat.descriptive.moment.FirstMoment,105
Mon Sep 02 18:00:57 EDT 2019 org.apache.commons.math.stat.descriptive.moment.FirstMoment,106
Mon Sep 02 18:00:58 EDT 2019 org.apache.commons.math.stat.descriptive.moment.FirstMoment,107
Mon Sep 02 18:00:59 EDT 2019 org.apache.commons.math.stat.descriptive.moment.FirstMoment,108
Mon Sep 02 18:01:00 EDT 2019 org.apache.commons.math.stat.descriptive.moment.FirstMoment,109
Mon Sep 02 18:01:02 EDT 2019 Mon Sep 02 18:01:02 EDT 2019 : org.apache.commons.math.stat.descriptive.moment.FirstMoment,110=>Find no block
Mon Sep 02 18:01:03 EDT 2019 org.apache.commons.math.stat.descriptive.moment.SecondMoment,80
Mon Sep 02 18:01:46 EDT 2019 org.apache.commons.math.stat.descriptive.moment.SecondMoment,81
Mon Sep 02 18:01:47 EDT 2019 org.apache.commons.math.stat.descriptive.moment.SecondMoment,83
Mon Sep 02 18:03:16 EDT 2019 org.apache.commons.math.stat.descriptive.moment.SecondMoment,84
Mon Sep 02 18:03:17 EDT 2019 Mon Sep 02 18:03:17 EDT 2019 : org.apache.commons.math.stat.descriptive.moment.SecondMoment,85=>Find no block
Mon Sep 02 18:03:18 EDT 2019 org.apache.commons.math.stat.descriptive.SummaryStatistics,606
Mon Sep 02 18:03:19 EDT 2019 org.apache.commons.math.stat.descriptive.summary.SumOfLogs,131
Mon Sep 02 18:14:36 EDT 2019 org.apache.commons.math.stat.descriptive.summary.SumOfLogs,132
Mon Sep 02 18:14:36 EDT 2019 org.apache.commons.math.stat.descriptive.summary.SumOfLogs,133
Mon Sep 02 18:14:37 EDT 2019 org.apache.commons.math.stat.descriptive.summary.SumOfLogs,134
Mon Sep 02 18:14:39 EDT 2019 org.apache.commons.math.stat.descriptive.summary.SumOfLogs,135
Mon Sep 02 18:14:40 EDT 2019 org.apache.commons.math.stat.descriptive.summary.SumOfLogs,138
Mon Sep 02 18:14:41 EDT 2019 org.apache.commons.math.stat.descriptive.moment.GeometricMean,145
Mon Sep 02 18:16:26 EDT 2019 org.apache.commons.math.util.FastMath,1155
Mon Sep 02 18:33:07 EDT 2019 org.apache.commons.math.util.FastMath,1269
Mon Sep 02 18:34:46 EDT 2019 org.apache.commons.math.util.FastMath,1270
Mon Sep 02 18:34:47 EDT 2019 org.apache.commons.math.util.FastMath,1271
Mon Sep 02 18:37:25 EDT 2019 org.apache.commons.math.util.FastMath,1272
Mon Sep 02 18:39:57 EDT 2019 org.apache.commons.math.util.FastMath,1273
Mon Sep 02 18:43:31 EDT 2019 org.apache.commons.math.util.FastMath,1274
Timeout time : 19/09/02 18:44
