=================================================
Project : math_45	start : 19/09/02 13:44
Current failed test : org.apache.commons.math.linear.OpenMapRealMatrixTest::testMath679 | 19/09/02 13:44
Mon Sep 02 13:46:06 EDT 2019 org.apache.commons.math.linear.OpenMapRealMatrix,49
Mon Sep 02 13:50:43 EDT 2019 org.apache.commons.math.linear.OpenMapRealMatrix,50
Mon Sep 02 13:50:44 EDT 2019 org.apache.commons.math.linear.OpenMapRealMatrix,51
Mon Sep 02 13:50:46 EDT 2019 org.apache.commons.math.linear.OpenMapRealMatrix,52
Mon Sep 02 13:50:47 EDT 2019 Mon Sep 02 13:50:47 EDT 2019 : org.apache.commons.math.linear.OpenMapRealMatrix,53=>Find no block
Mon Sep 02 13:50:48 EDT 2019 org.apache.commons.math.linear.AbstractRealMatrix,57
Mon Sep 02 13:51:43 EDT 2019 Mon Sep 02 13:51:43 EDT 2019 : org.apache.commons.math.linear.AbstractRealMatrix,60=>Find no block
Mon Sep 02 13:51:44 EDT 2019 Mon Sep 02 13:51:44 EDT 2019 : org.apache.commons.math.linear.AbstractRealMatrix,53=>Find no block
Mon Sep 02 13:51:45 EDT 2019 org.apache.commons.math.linear.AbstractRealMatrix,54
Mon Sep 02 13:52:39 EDT 2019 Mon Sep 02 13:52:39 EDT 2019 : org.apache.commons.math.linear.RealLinearOperator,52=>Find no block
Mon Sep 02 13:52:41 EDT 2019 org.apache.commons.math.linear.AbstractRealMatrix,345
Mon Sep 02 13:52:47 EDT 2019 org.apache.commons.math.linear.AbstractRealMatrix,358
Mon Sep 02 13:52:52 EDT 2019 org.apache.commons.math.linear.AbstractRealMatrix,359
Mon Sep 02 13:52:53 EDT 2019 Mon Sep 02 13:52:53 EDT 2019 : org.apache.commons.math.linear.AbstractRealMatrix,360=>Find no block
Mon Sep 02 13:52:55 EDT 2019 org.apache.commons.math.linear.AbstractRealMatrix,365
Mon Sep 02 13:53:27 EDT 2019 Mon Sep 02 13:53:27 EDT 2019 : org.apache.commons.math.linear.AbstractRealMatrix,366=>Find no block
Mon Sep 02 13:53:29 EDT 2019 Mon Sep 02 13:53:29 EDT 2019 : org.apache.commons.math.linear.AbstractRealMatrix,44=>Find no block
Mon Sep 02 13:53:30 EDT 2019 org.apache.commons.math.linear.AbstractRealMatrix,55
Mon Sep 02 13:53:31 EDT 2019 org.apache.commons.math.linear.AbstractRealMatrix,58
Mon Sep 02 13:53:32 EDT 2019 org.apache.commons.math.linear.AbstractRealMatrix,71
Mon Sep 02 14:27:43 EDT 2019 org.apache.commons.math.linear.AbstractRealMatrix,73
Mon Sep 02 14:27:44 EDT 2019 org.apache.commons.math.linear.AbstractRealMatrix,74
Mon Sep 02 14:27:46 EDT 2019 org.apache.commons.math.linear.AbstractRealMatrix,75
Mon Sep 02 14:27:47 EDT 2019 org.apache.commons.math.linear.AbstractRealMatrix,76
Mon Sep 02 14:27:48 EDT 2019 org.apache.commons.math.linear.AbstractRealMatrix,77
Mon Sep 02 14:27:49 EDT 2019 org.apache.commons.math.linear.AbstractRealMatrix,78
Mon Sep 02 14:27:50 EDT 2019 org.apache.commons.math.linear.AbstractRealMatrix,82
Mon Sep 02 14:27:51 EDT 2019 org.apache.commons.math.linear.AbstractRealMatrix,88
Mon Sep 02 15:01:12 EDT 2019 org.apache.commons.math.linear.AbstractRealMatrix,90
Mon Sep 02 15:01:13 EDT 2019 org.apache.commons.math.linear.AbstractRealMatrix,91
Mon Sep 02 15:01:14 EDT 2019 org.apache.commons.math.linear.AbstractRealMatrix,92
Mon Sep 02 15:01:15 EDT 2019 org.apache.commons.math.linear.AbstractRealMatrix,93
Mon Sep 02 15:01:16 EDT 2019 org.apache.commons.math.linear.AbstractRealMatrix,94
Mon Sep 02 15:01:17 EDT 2019 org.apache.commons.math.linear.AbstractRealMatrix,95
Mon Sep 02 15:01:18 EDT 2019 org.apache.commons.math.linear.AbstractRealMatrix,99
Mon Sep 02 15:01:19 EDT 2019 org.apache.commons.math.linear.AbstractRealMatrix,104
Mon Sep 02 16:10:29 EDT 2019 org.apache.commons.math.linear.AbstractRealMatrix,105
Mon Sep 02 16:10:30 EDT 2019 org.apache.commons.math.linear.AbstractRealMatrix,106
Mon Sep 02 16:10:31 EDT 2019 org.apache.commons.math.linear.AbstractRealMatrix,107
Mon Sep 02 16:10:32 EDT 2019 org.apache.commons.math.linear.AbstractRealMatrix,108
Mon Sep 02 16:10:33 EDT 2019 org.apache.commons.math.linear.AbstractRealMatrix,109
Mon Sep 02 16:10:35 EDT 2019 org.apache.commons.math.linear.AbstractRealMatrix,113
Mon Sep 02 16:10:36 EDT 2019 org.apache.commons.math.linear.AbstractRealMatrix,118
Mon Sep 02 17:13:13 EDT 2019 org.apache.commons.math.linear.AbstractRealMatrix,119
Mon Sep 02 17:13:14 EDT 2019 org.apache.commons.math.linear.AbstractRealMatrix,120
Mon Sep 02 17:13:15 EDT 2019 org.apache.commons.math.linear.AbstractRealMatrix,121
Mon Sep 02 17:13:16 EDT 2019 org.apache.commons.math.linear.AbstractRealMatrix,122
Mon Sep 02 17:13:17 EDT 2019 org.apache.commons.math.linear.AbstractRealMatrix,123
Mon Sep 02 17:13:18 EDT 2019 org.apache.commons.math.linear.AbstractRealMatrix,127
Mon Sep 02 17:13:19 EDT 2019 org.apache.commons.math.linear.AbstractRealMatrix,133
Mon Sep 02 17:19:30 EDT 2019 org.apache.commons.math.linear.AbstractRealMatrix,135
Mon Sep 02 17:19:31 EDT 2019 org.apache.commons.math.linear.AbstractRealMatrix,136
Mon Sep 02 17:21:59 EDT 2019 org.apache.commons.math.linear.AbstractRealMatrix,137
Mon Sep 02 17:24:46 EDT 2019 org.apache.commons.math.linear.AbstractRealMatrix,138
Timeout time : 19/09/02 18:46
