=================================================
Project : math_47	start : 19/09/02 13:45
Current failed test : org.apache.commons.math.complex.ComplexTest::testAtanI | 19/09/02 13:46
Mon Sep 02 13:47:01 EDT 2019 org.apache.commons.math.complex.Complex,1179
Mon Sep 02 13:47:38 EDT 2019 org.apache.commons.math.complex.Complex,257

----------------------------------------
----------------------------------------
Pass Single Test : [=>0,0]
if(divisor.getReal()==0.0&&divisor.getImaginary()==0.0){
return ZERO;
}

Time : 19/09/02 13:48
----------------------------------------
Mon Sep 02 13:50:19 EDT 2019 org.apache.commons.math.util.FastMath,2991
Mon Sep 02 13:54:17 EDT 2019 org.apache.commons.math.util.FastMath,2994
Mon Sep 02 13:54:18 EDT 2019 org.apache.commons.math.complex.Complex,583
Mon Sep 02 13:57:30 EDT 2019 org.apache.commons.math.complex.Complex,256
Mon Sep 02 13:57:31 EDT 2019 org.apache.commons.math.complex.Complex,579
Mon Sep 02 13:57:36 EDT 2019 org.apache.commons.math.complex.Complex,251
Mon Sep 02 13:59:24 EDT 2019 org.apache.commons.math.complex.Complex,252
Mon Sep 02 14:00:11 EDT 2019 org.apache.commons.math.complex.Complex,268
Mon Sep 02 14:13:28 EDT 2019 org.apache.commons.math.complex.Complex,269
Mon Sep 02 14:13:29 EDT 2019 org.apache.commons.math.complex.Complex,270
Mon Sep 02 14:13:30 EDT 2019 org.apache.commons.math.util.FastMath,1315
Mon Sep 02 14:51:07 EDT 2019 org.apache.commons.math.complex.Complex,747
Mon Sep 02 14:51:08 EDT 2019 org.apache.commons.math.util.FastMath,2990
Mon Sep 02 15:06:04 EDT 2019 org.apache.commons.math.util.FastMath,2997
Mon Sep 02 15:06:05 EDT 2019 org.apache.commons.math.util.FastMath,2978
Mon Sep 02 15:15:12 EDT 2019 org.apache.commons.math.util.FastMath,2979
Mon Sep 02 15:15:13 EDT 2019 org.apache.commons.math.util.FastMath,2980
Mon Sep 02 15:38:20 EDT 2019 org.apache.commons.math.util.FastMath,2982
Mon Sep 02 15:38:21 EDT 2019 org.apache.commons.math.complex.Complex,273
Mon Sep 02 15:38:23 EDT 2019 org.apache.commons.math.complex.Complex,274
Mon Sep 02 15:38:24 EDT 2019 org.apache.commons.math.complex.Complex,275
Mon Sep 02 15:38:25 EDT 2019 org.apache.commons.math.util.FastMath,1429
Mon Sep 02 15:40:08 EDT 2019 org.apache.commons.math.util.FastMath,1430
Mon Sep 02 15:40:09 EDT 2019 org.apache.commons.math.util.FastMath,1431
Mon Sep 02 15:43:03 EDT 2019 org.apache.commons.math.util.FastMath,1432
Mon Sep 02 15:46:54 EDT 2019 org.apache.commons.math.util.FastMath,1433
Mon Sep 02 15:52:51 EDT 2019 org.apache.commons.math.util.FastMath,1434
Mon Sep 02 15:56:29 EDT 2019 org.apache.commons.math.util.FastMath,1435
Mon Sep 02 15:56:38 EDT 2019 org.apache.commons.math.complex.Complex,260
Mon Sep 02 15:58:15 EDT 2019 org.apache.commons.math.complex.Complex,264
Mon Sep 02 15:59:30 EDT 2019 org.apache.commons.math.complex.Complex,265
Mon Sep 02 16:10:33 EDT 2019 org.apache.commons.math.complex.Complex,267
Mon Sep 02 16:10:34 EDT 2019 org.apache.commons.math.complex.Complex,419
Mon Sep 02 16:11:22 EDT 2019 org.apache.commons.math.util.FastMath,1256
Mon Sep 02 16:13:52 EDT 2019 org.apache.commons.math.util.FastMath,1362
Mon Sep 02 16:14:59 EDT 2019 org.apache.commons.math.util.FastMath,1373
Mon Sep 02 16:15:00 EDT 2019 org.apache.commons.math.util.FastMath,1375
Mon Sep 02 16:16:17 EDT 2019 org.apache.commons.math.util.FastMath,1376
Mon Sep 02 16:16:18 EDT 2019 org.apache.commons.math.util.FastMath,1378
Timeout time : 19/09/02 16:17
Current failed test : org.apache.commons.math.complex.ComplexTest::testDivideZero | 19/09/02 16:17
Mon Sep 02 16:17:45 EDT 2019 org.apache.commons.math.complex.Complex,1179
Mon Sep 02 16:18:15 EDT 2019 org.apache.commons.math.complex.Complex,257
Mon Sep 02 16:18:50 EDT 2019 org.apache.commons.math.util.FastMath,2991
Mon Sep 02 16:22:33 EDT 2019 org.apache.commons.math.util.FastMath,2994
Mon Sep 02 16:22:34 EDT 2019 org.apache.commons.math.complex.Complex,583
Mon Sep 02 16:25:47 EDT 2019 org.apache.commons.math.complex.Complex,256
Mon Sep 02 16:25:49 EDT 2019 org.apache.commons.math.complex.Complex,579
Mon Sep 02 16:25:53 EDT 2019 org.apache.commons.math.complex.Complex,251
Mon Sep 02 16:27:42 EDT 2019 org.apache.commons.math.complex.Complex,252
Mon Sep 02 16:28:30 EDT 2019 org.apache.commons.math.complex.Complex,268
Mon Sep 02 16:41:00 EDT 2019 org.apache.commons.math.complex.Complex,269
Mon Sep 02 16:41:01 EDT 2019 org.apache.commons.math.complex.Complex,270
Mon Sep 02 16:41:02 EDT 2019 org.apache.commons.math.util.FastMath,1315
Mon Sep 02 17:18:10 EDT 2019 org.apache.commons.math.complex.Complex,747
Mon Sep 02 17:18:12 EDT 2019 org.apache.commons.math.util.FastMath,2990
Mon Sep 02 17:32:22 EDT 2019 org.apache.commons.math.util.FastMath,2997
Mon Sep 02 17:32:23 EDT 2019 org.apache.commons.math.util.FastMath,2978
Mon Sep 02 17:40:37 EDT 2019 org.apache.commons.math.util.FastMath,2979
Mon Sep 02 17:40:38 EDT 2019 org.apache.commons.math.util.FastMath,2980
Mon Sep 02 18:01:12 EDT 2019 org.apache.commons.math.util.FastMath,2982
Mon Sep 02 18:01:14 EDT 2019 org.apache.commons.math.complex.Complex,273
Mon Sep 02 18:01:15 EDT 2019 org.apache.commons.math.complex.Complex,274
Mon Sep 02 18:01:16 EDT 2019 org.apache.commons.math.complex.Complex,275
Mon Sep 02 18:01:17 EDT 2019 org.apache.commons.math.util.FastMath,1429
Mon Sep 02 18:02:56 EDT 2019 org.apache.commons.math.util.FastMath,1430
Mon Sep 02 18:02:57 EDT 2019 org.apache.commons.math.util.FastMath,1431
Mon Sep 02 18:05:33 EDT 2019 org.apache.commons.math.util.FastMath,1432
Mon Sep 02 18:08:01 EDT 2019 org.apache.commons.math.util.FastMath,1433
Mon Sep 02 18:11:31 EDT 2019 org.apache.commons.math.util.FastMath,1434
Mon Sep 02 18:13:27 EDT 2019 org.apache.commons.math.util.FastMath,1435
Mon Sep 02 18:13:28 EDT 2019 org.apache.commons.math.complex.Complex,260
Mon Sep 02 18:14:00 EDT 2019 org.apache.commons.math.complex.Complex,264
Mon Sep 02 18:14:48 EDT 2019 org.apache.commons.math.complex.Complex,265
Mon Sep 02 18:25:00 EDT 2019 org.apache.commons.math.complex.Complex,267
Mon Sep 02 18:25:01 EDT 2019 org.apache.commons.math.complex.Complex,419
Mon Sep 02 18:25:46 EDT 2019 org.apache.commons.math.util.FastMath,1256
Mon Sep 02 18:28:07 EDT 2019 org.apache.commons.math.util.FastMath,1362
Mon Sep 02 18:29:13 EDT 2019 org.apache.commons.math.util.FastMath,1373
Mon Sep 02 18:29:14 EDT 2019 org.apache.commons.math.util.FastMath,1375
Mon Sep 02 18:30:25 EDT 2019 org.apache.commons.math.util.FastMath,1376
Mon Sep 02 18:30:26 EDT 2019 org.apache.commons.math.util.FastMath,1378
Timeout time : 19/09/02 18:47
