=================================================
Project : math_52	start : 19/09/02 13:44
Current failed test : org.apache.commons.math.geometry.euclidean.threed.RotationTest::testIssue639_purify_1 | 19/09/02 13:45
Mon Sep 02 13:46:52 EDT 2019 Mon Sep 02 13:46:52 EDT 2019 : org.apache.commons.math.geometry.euclidean.threed.Rotation,313=>Find no block
Mon Sep 02 13:46:54 EDT 2019 org.apache.commons.math.geometry.euclidean.threed.Rotation,316
Mon Sep 02 13:48:16 EDT 2019 org.apache.commons.math.geometry.euclidean.threed.Rotation,317
Mon Sep 02 13:48:18 EDT 2019 org.apache.commons.math.geometry.euclidean.threed.Rotation,318
Mon Sep 02 13:49:58 EDT 2019 org.apache.commons.math.geometry.euclidean.threed.Rotation,319
Mon Sep 02 14:02:28 EDT 2019 org.apache.commons.math.geometry.euclidean.threed.Rotation,320
Mon Sep 02 14:05:02 EDT 2019 org.apache.commons.math.geometry.euclidean.threed.Rotation,325
Mon Sep 02 14:11:02 EDT 2019 org.apache.commons.math.geometry.euclidean.threed.Rotation,328
Mon Sep 02 14:12:48 EDT 2019 org.apache.commons.math.geometry.euclidean.threed.Rotation,329
Mon Sep 02 14:14:24 EDT 2019 org.apache.commons.math.geometry.euclidean.threed.Rotation,330
Mon Sep 02 14:16:09 EDT 2019 org.apache.commons.math.geometry.euclidean.threed.Rotation,331
Mon Sep 02 14:21:09 EDT 2019 org.apache.commons.math.geometry.euclidean.threed.Rotation,332
Mon Sep 02 14:26:17 EDT 2019 org.apache.commons.math.geometry.euclidean.threed.Rotation,333
Mon Sep 02 14:30:36 EDT 2019 org.apache.commons.math.geometry.euclidean.threed.Rotation,334
Mon Sep 02 14:32:24 EDT 2019 org.apache.commons.math.geometry.euclidean.threed.Rotation,337
Mon Sep 02 14:33:54 EDT 2019 org.apache.commons.math.geometry.euclidean.threed.Rotation,338
Mon Sep 02 14:35:36 EDT 2019 org.apache.commons.math.geometry.euclidean.threed.Rotation,339
Mon Sep 02 14:37:09 EDT 2019 org.apache.commons.math.geometry.euclidean.threed.Rotation,340
Mon Sep 02 14:38:25 EDT 2019 org.apache.commons.math.geometry.euclidean.threed.Rotation,341

----------------------------------------
----------------------------------------
Pass Single Test : [=>0,0]
Vector3D v2Su2=v1.subtract(u1);
Vector3D k=v1Su1.crossProduct(v2Su2);
Vector3D u3=u1.crossProduct(u2);

Time : 19/09/02 14:40
----------------------------------------
Mon Sep 02 14:45:03 EDT 2019 org.apache.commons.math.geometry.euclidean.threed.Rotation,342
Mon Sep 02 14:48:00 EDT 2019 org.apache.commons.math.geometry.euclidean.threed.Rotation,343
Mon Sep 02 14:48:01 EDT 2019 org.apache.commons.math.geometry.euclidean.threed.Rotation,344
Mon Sep 02 14:52:43 EDT 2019 org.apache.commons.math.geometry.euclidean.threed.Rotation,378
Mon Sep 02 14:57:56 EDT 2019 org.apache.commons.math.geometry.euclidean.threed.Rotation,379
Mon Sep 02 14:57:57 EDT 2019 org.apache.commons.math.geometry.euclidean.threed.Rotation,380
Timeout time : 19/09/02 15:01
Current failed test : org.apache.commons.math.geometry.euclidean.threed.RotationTest::testIssue639_purify_2 | 19/09/02 15:01
Mon Sep 02 15:02:33 EDT 2019 Mon Sep 02 15:02:33 EDT 2019 : org.apache.commons.math.geometry.euclidean.threed.Rotation,313=>Find no block
Mon Sep 02 15:02:35 EDT 2019 org.apache.commons.math.geometry.euclidean.threed.Rotation,316
Mon Sep 02 15:03:52 EDT 2019 org.apache.commons.math.geometry.euclidean.threed.Rotation,317
Mon Sep 02 15:03:53 EDT 2019 org.apache.commons.math.geometry.euclidean.threed.Rotation,318
Mon Sep 02 15:05:32 EDT 2019 org.apache.commons.math.geometry.euclidean.threed.Rotation,319
Mon Sep 02 15:18:36 EDT 2019 org.apache.commons.math.geometry.euclidean.threed.Rotation,320
Mon Sep 02 15:21:22 EDT 2019 org.apache.commons.math.geometry.euclidean.threed.Rotation,325
Mon Sep 02 15:27:37 EDT 2019 org.apache.commons.math.geometry.euclidean.threed.Rotation,328
Mon Sep 02 15:29:27 EDT 2019 org.apache.commons.math.geometry.euclidean.threed.Rotation,329
Mon Sep 02 15:31:11 EDT 2019 org.apache.commons.math.geometry.euclidean.threed.Rotation,330
Mon Sep 02 15:33:01 EDT 2019 org.apache.commons.math.geometry.euclidean.threed.Rotation,331
Mon Sep 02 15:38:00 EDT 2019 org.apache.commons.math.geometry.euclidean.threed.Rotation,332
Mon Sep 02 15:43:19 EDT 2019 org.apache.commons.math.geometry.euclidean.threed.Rotation,333
Mon Sep 02 15:49:28 EDT 2019 org.apache.commons.math.geometry.euclidean.threed.Rotation,334
Mon Sep 02 15:52:20 EDT 2019 org.apache.commons.math.geometry.euclidean.threed.Rotation,337
Mon Sep 02 15:55:22 EDT 2019 org.apache.commons.math.geometry.euclidean.threed.Rotation,338

----------------------------------------
----------------------------------------
Pass Single Test : [=>0,0]
Vector3D uRef=u1;
Vector3D vRef=v1;
Vector3D v1Su1=u1.subtract(u1);

Time : 19/09/02 15:56
----------------------------------------

----------------------------------------
----------------------------------------
Pass Single Test : [=>0,0]
Vector3D uRef=u1;
Vector3D vRef=v1;
uRef=v1.crossProduct(vRef.subtract(u1));
Vector3D v1Su1=u1.subtract(u1);

Time : 19/09/02 15:59
----------------------------------------
Mon Sep 02 16:02:04 EDT 2019 org.apache.commons.math.geometry.euclidean.threed.Rotation,339
Mon Sep 02 16:03:35 EDT 2019 org.apache.commons.math.geometry.euclidean.threed.Rotation,340
Mon Sep 02 16:04:49 EDT 2019 org.apache.commons.math.geometry.euclidean.threed.Rotation,341

----------------------------------------
----------------------------------------
Pass Single Test : [=>0,0]
Vector3D v2Su2=v1.subtract(u1);
Vector3D k=v1Su1.crossProduct(v2Su2);
Vector3D u3=u1.crossProduct(u2);

Time : 19/09/02 16:06
----------------------------------------
Mon Sep 02 16:11:36 EDT 2019 org.apache.commons.math.geometry.euclidean.threed.Rotation,342
Mon Sep 02 16:14:37 EDT 2019 org.apache.commons.math.geometry.euclidean.threed.Rotation,343
Mon Sep 02 16:14:38 EDT 2019 org.apache.commons.math.geometry.euclidean.threed.Rotation,344
Timeout time : 19/09/02 16:17
Current failed test : org.apache.commons.math.geometry.euclidean.threed.RotationTest::testIssue639_purify_3 | 19/09/02 16:17
Mon Sep 02 16:18:15 EDT 2019 Mon Sep 02 16:18:15 EDT 2019 : org.apache.commons.math.geometry.euclidean.threed.Rotation,313=>Find no block
Mon Sep 02 16:18:16 EDT 2019 org.apache.commons.math.geometry.euclidean.threed.Rotation,316
Mon Sep 02 16:19:26 EDT 2019 org.apache.commons.math.geometry.euclidean.threed.Rotation,317
Mon Sep 02 16:19:27 EDT 2019 org.apache.commons.math.geometry.euclidean.threed.Rotation,318
Mon Sep 02 16:21:05 EDT 2019 org.apache.commons.math.geometry.euclidean.threed.Rotation,319
Mon Sep 02 16:33:25 EDT 2019 org.apache.commons.math.geometry.euclidean.threed.Rotation,320
Mon Sep 02 16:35:53 EDT 2019 org.apache.commons.math.geometry.euclidean.threed.Rotation,325
Mon Sep 02 16:41:52 EDT 2019 org.apache.commons.math.geometry.euclidean.threed.Rotation,328
Mon Sep 02 16:43:39 EDT 2019 org.apache.commons.math.geometry.euclidean.threed.Rotation,329
Mon Sep 02 16:45:12 EDT 2019 org.apache.commons.math.geometry.euclidean.threed.Rotation,330
Mon Sep 02 16:46:55 EDT 2019 org.apache.commons.math.geometry.euclidean.threed.Rotation,331
Mon Sep 02 16:51:46 EDT 2019 org.apache.commons.math.geometry.euclidean.threed.Rotation,332
Mon Sep 02 16:56:52 EDT 2019 org.apache.commons.math.geometry.euclidean.threed.Rotation,333
Mon Sep 02 17:01:03 EDT 2019 org.apache.commons.math.geometry.euclidean.threed.Rotation,334
Mon Sep 02 17:02:49 EDT 2019 org.apache.commons.math.geometry.euclidean.threed.Rotation,337
Mon Sep 02 17:04:18 EDT 2019 org.apache.commons.math.geometry.euclidean.threed.Rotation,338

----------------------------------------
----------------------------------------
Pass Single Test : [=>0,0]
Vector3D uRef=u1;
Vector3D vRef=v1;
Vector3D v1Su1=u1.subtract(u1);

Time : 19/09/02 17:05
----------------------------------------

----------------------------------------
----------------------------------------
Pass Single Test : [=>0,0]
Vector3D uRef=u1;
Vector3D vRef=v1;
uRef=v1.crossProduct(vRef.subtract(u1));
Vector3D v1Su1=u1.subtract(u1);

Time : 19/09/02 17:07
----------------------------------------
Mon Sep 02 17:09:33 EDT 2019 org.apache.commons.math.geometry.euclidean.threed.Rotation,339
Mon Sep 02 17:11:01 EDT 2019 org.apache.commons.math.geometry.euclidean.threed.Rotation,340
Mon Sep 02 17:12:14 EDT 2019 org.apache.commons.math.geometry.euclidean.threed.Rotation,341

----------------------------------------
----------------------------------------
Pass Single Test : [=>0,0]
Vector3D v2Su2=v1.subtract(u1);
Vector3D k=v1Su1.crossProduct(v2Su2);
Vector3D u3=u1.crossProduct(u2);

Time : 19/09/02 17:13
----------------------------------------
Mon Sep 02 17:18:52 EDT 2019 org.apache.commons.math.geometry.euclidean.threed.Rotation,342
Mon Sep 02 17:21:51 EDT 2019 org.apache.commons.math.geometry.euclidean.threed.Rotation,343
Mon Sep 02 17:21:52 EDT 2019 org.apache.commons.math.geometry.euclidean.threed.Rotation,344
Mon Sep 02 17:26:29 EDT 2019 org.apache.commons.math.geometry.euclidean.threed.Rotation,378
Mon Sep 02 17:31:42 EDT 2019 org.apache.commons.math.geometry.euclidean.threed.Rotation,379
Mon Sep 02 17:31:43 EDT 2019 org.apache.commons.math.geometry.euclidean.threed.Rotation,380
Timeout time : 19/09/02 17:33
Current failed test : org.apache.commons.math.geometry.euclidean.threed.RotationTest::testIssue639_purify_4 | 19/09/02 17:33
Mon Sep 02 17:33:57 EDT 2019 Mon Sep 02 17:33:57 EDT 2019 : org.apache.commons.math.geometry.euclidean.threed.Rotation,313=>Find no block
Mon Sep 02 17:33:58 EDT 2019 org.apache.commons.math.geometry.euclidean.threed.Rotation,316
Mon Sep 02 17:35:04 EDT 2019 org.apache.commons.math.geometry.euclidean.threed.Rotation,317
Mon Sep 02 17:35:05 EDT 2019 org.apache.commons.math.geometry.euclidean.threed.Rotation,318
Mon Sep 02 17:36:38 EDT 2019 org.apache.commons.math.geometry.euclidean.threed.Rotation,319
Mon Sep 02 17:48:20 EDT 2019 org.apache.commons.math.geometry.euclidean.threed.Rotation,320
Mon Sep 02 17:50:43 EDT 2019 org.apache.commons.math.geometry.euclidean.threed.Rotation,325
Mon Sep 02 17:56:25 EDT 2019 org.apache.commons.math.geometry.euclidean.threed.Rotation,328
Mon Sep 02 17:58:07 EDT 2019 org.apache.commons.math.geometry.euclidean.threed.Rotation,329
Mon Sep 02 17:59:38 EDT 2019 org.apache.commons.math.geometry.euclidean.threed.Rotation,330
Mon Sep 02 18:01:20 EDT 2019 org.apache.commons.math.geometry.euclidean.threed.Rotation,331
Mon Sep 02 18:06:09 EDT 2019 org.apache.commons.math.geometry.euclidean.threed.Rotation,332
Mon Sep 02 18:11:10 EDT 2019 org.apache.commons.math.geometry.euclidean.threed.Rotation,333
Mon Sep 02 18:15:19 EDT 2019 org.apache.commons.math.geometry.euclidean.threed.Rotation,334
Mon Sep 02 18:17:01 EDT 2019 org.apache.commons.math.geometry.euclidean.threed.Rotation,337
Mon Sep 02 18:18:28 EDT 2019 org.apache.commons.math.geometry.euclidean.threed.Rotation,338
Mon Sep 02 18:20:07 EDT 2019 org.apache.commons.math.geometry.euclidean.threed.Rotation,339
Mon Sep 02 18:21:33 EDT 2019 org.apache.commons.math.geometry.euclidean.threed.Rotation,340
Mon Sep 02 18:22:44 EDT 2019 org.apache.commons.math.geometry.euclidean.threed.Rotation,341

----------------------------------------
----------------------------------------
Pass Single Test : [=>0,0]
Vector3D v2Su2=v1.subtract(u1);
Vector3D k=v1Su1.crossProduct(v2Su2);
Vector3D u3=u1.crossProduct(u2);

Time : 19/09/02 18:24
----------------------------------------
Mon Sep 02 18:29:16 EDT 2019 org.apache.commons.math.geometry.euclidean.threed.Rotation,342
Mon Sep 02 18:32:07 EDT 2019 org.apache.commons.math.geometry.euclidean.threed.Rotation,343
Mon Sep 02 18:32:08 EDT 2019 org.apache.commons.math.geometry.euclidean.threed.Rotation,344
Mon Sep 02 18:36:43 EDT 2019 org.apache.commons.math.geometry.euclidean.threed.Rotation,378
Mon Sep 02 18:41:47 EDT 2019 org.apache.commons.math.geometry.euclidean.threed.Rotation,379
Mon Sep 02 18:41:48 EDT 2019 org.apache.commons.math.geometry.euclidean.threed.Rotation,380
Mon Sep 02 18:47:17 EDT 2019 org.apache.commons.math.geometry.euclidean.threed.Rotation,381
Timeout time : 19/09/02 18:49
