=================================================
Project : math_55	start : 19/09/02 13:44
Current failed test : org.apache.commons.math.geometry.Vector3DTest::testCrossProductCancellation | 19/09/02 13:45
Mon Sep 02 13:46:22 EDT 2019 org.apache.commons.math.geometry.Vector3D,473
Mon Sep 02 13:46:33 EDT 2019 org.apache.commons.math.geometry.Vector3D,181
Mon Sep 02 13:49:22 EDT 2019 org.apache.commons.math.geometry.Vector3D,189
Mon Sep 02 13:50:51 EDT 2019 org.apache.commons.math.geometry.Vector3D,197
Mon Sep 02 13:51:55 EDT 2019 Mon Sep 02 13:51:55 EDT 2019 : org.apache.commons.math.geometry.Vector3D,93=>Find no block
Mon Sep 02 13:51:56 EDT 2019 org.apache.commons.math.geometry.Vector3D,94
Mon Sep 02 14:00:00 EDT 2019 org.apache.commons.math.geometry.Vector3D,95
Mon Sep 02 14:00:01 EDT 2019 org.apache.commons.math.geometry.Vector3D,96
Mon Sep 02 14:00:02 EDT 2019 Mon Sep 02 14:00:02 EDT 2019 : org.apache.commons.math.geometry.Vector3D,97=>Find no block
Mon Sep 02 14:00:04 EDT 2019 Mon Sep 02 14:00:04 EDT 2019 : org.apache.commons.math.geometry.Vector3D,35=>Find no block
Mon Sep 02 14:00:05 EDT 2019 Mon Sep 02 14:00:05 EDT 2019 : org.apache.commons.math.geometry.Vector3D,38=>Find no block
Mon Sep 02 14:00:06 EDT 2019 Mon Sep 02 14:00:06 EDT 2019 : org.apache.commons.math.geometry.Vector3D,41=>Find no block
Mon Sep 02 14:00:07 EDT 2019 Mon Sep 02 14:00:07 EDT 2019 : org.apache.commons.math.geometry.Vector3D,44=>Find no block
Mon Sep 02 14:00:08 EDT 2019 Mon Sep 02 14:00:08 EDT 2019 : org.apache.commons.math.geometry.Vector3D,47=>Find no block
Mon Sep 02 14:00:09 EDT 2019 Mon Sep 02 14:00:09 EDT 2019 : org.apache.commons.math.geometry.Vector3D,50=>Find no block
Mon Sep 02 14:00:09 EDT 2019 Mon Sep 02 14:00:09 EDT 2019 : org.apache.commons.math.geometry.Vector3D,53=>Find no block
Mon Sep 02 14:00:10 EDT 2019 Mon Sep 02 14:00:10 EDT 2019 : org.apache.commons.math.geometry.Vector3D,57=>Find no block
Mon Sep 02 14:00:12 EDT 2019 Mon Sep 02 14:00:12 EDT 2019 : org.apache.commons.math.geometry.Vector3D,61=>Find no block
Mon Sep 02 14:00:13 EDT 2019 Mon Sep 02 14:00:13 EDT 2019 : org.apache.commons.math.geometry.Vector3D,65=>Find no block
Mon Sep 02 14:00:14 EDT 2019 Mon Sep 02 14:00:14 EDT 2019 : org.apache.commons.math.geometry.Vector3D,69=>Find no block
Mon Sep 02 14:00:15 EDT 2019 org.apache.commons.math.geometry.Vector3DFormat,159
Mon Sep 02 14:00:18 EDT 2019 org.apache.commons.math.util.CompositeFormat,56
Mon Sep 02 14:00:50 EDT 2019 org.apache.commons.math.util.CompositeFormat,57
Mon Sep 02 14:00:51 EDT 2019 org.apache.commons.math.util.CompositeFormat,58
Mon Sep 02 14:00:52 EDT 2019 org.apache.commons.math.geometry.Vector3DFormat,80
Mon Sep 02 14:00:55 EDT 2019 Mon Sep 02 14:00:55 EDT 2019 : org.apache.commons.math.geometry.Vector3DFormat,81=>Find no block
Mon Sep 02 14:00:55 EDT 2019 Mon Sep 02 14:00:55 EDT 2019 : org.apache.commons.math.geometry.Vector3DFormat,103=>Find no block
Mon Sep 02 14:00:56 EDT 2019 org.apache.commons.math.geometry.Vector3DFormat,104
Mon Sep 02 14:01:24 EDT 2019 org.apache.commons.math.geometry.Vector3DFormat,105
Mon Sep 02 14:01:25 EDT 2019 org.apache.commons.math.geometry.Vector3DFormat,106
Mon Sep 02 14:01:26 EDT 2019 org.apache.commons.math.geometry.Vector3DFormat,107
Mon Sep 02 14:01:27 EDT 2019 org.apache.commons.math.geometry.Vector3DFormat,108
Mon Sep 02 14:01:28 EDT 2019 org.apache.commons.math.geometry.Vector3DFormat,109
Mon Sep 02 14:01:29 EDT 2019 org.apache.commons.math.geometry.Vector3DFormat,110
Mon Sep 02 14:01:30 EDT 2019 Mon Sep 02 14:01:30 EDT 2019 : org.apache.commons.math.geometry.Vector3DFormat,111=>Find no block
Mon Sep 02 14:01:31 EDT 2019 org.apache.commons.math.geometry.Vector3DFormat,168
Mon Sep 02 14:01:34 EDT 2019 Mon Sep 02 14:01:34 EDT 2019 : org.apache.commons.math.exception.MathRuntimeException,63=>Find no block
Mon Sep 02 14:01:35 EDT 2019 Mon Sep 02 14:01:35 EDT 2019 : org.apache.commons.math.exception.MathRuntimeException,47=>Find no block
Mon Sep 02 14:01:36 EDT 2019 Mon Sep 02 14:01:36 EDT 2019 : org.apache.commons.math.exception.MathRuntimeException,53=>Find no block
Mon Sep 02 14:01:37 EDT 2019 Mon Sep 02 14:01:37 EDT 2019 : org.apache.commons.math.exception.MathRuntimeException,58=>Find no block
Mon Sep 02 14:01:38 EDT 2019 org.apache.commons.math.exception.MathRuntimeException,71
Mon Sep 02 14:01:49 EDT 2019 Mon Sep 02 14:01:49 EDT 2019 : org.apache.commons.math.exception.MathRuntimeException,72=>Find no block
Mon Sep 02 14:01:50 EDT 2019 org.apache.commons.math.exception.MathRuntimeException,77
Mon Sep 02 14:02:49 EDT 2019 org.apache.commons.math.exception.MathRuntimeException,78
Mon Sep 02 14:02:50 EDT 2019 Mon Sep 02 14:02:50 EDT 2019 : org.apache.commons.math.exception.MathRuntimeException,79=>Find no block
Mon Sep 02 14:02:52 EDT 2019 org.apache.commons.math.exception.MathRuntimeException,83
Mon Sep 02 14:03:28 EDT 2019 Mon Sep 02 14:03:28 EDT 2019 : org.apache.commons.math.exception.MathRuntimeException,84=>Find no block
Mon Sep 02 14:03:29 EDT 2019 org.apache.commons.math.exception.MathRuntimeException,88
Mon Sep 02 14:04:00 EDT 2019 org.apache.commons.math.exception.MathRuntimeException,93
Mon Sep 02 14:04:02 EDT 2019 org.apache.commons.math.exception.MathRuntimeException,103
Mon Sep 02 14:04:05 EDT 2019 org.apache.commons.math.exception.MathRuntimeException,115
Mon Sep 02 14:04:36 EDT 2019 org.apache.commons.math.exception.MathRuntimeException,121
Mon Sep 02 14:05:08 EDT 2019 org.apache.commons.math.exception.MathRuntimeException,127
Mon Sep 02 14:05:41 EDT 2019 org.apache.commons.math.exception.MathRuntimeException,139
Mon Sep 02 14:06:59 EDT 2019 org.apache.commons.math.exception.MathRuntimeException,140
Mon Sep 02 14:06:59 EDT 2019 org.apache.commons.math.exception.MathRuntimeException,141
Mon Sep 02 14:24:39 EDT 2019 org.apache.commons.math.exception.MathRuntimeException,142
Mon Sep 02 14:24:40 EDT 2019 org.apache.commons.math.exception.MathRuntimeException,143
Mon Sep 02 14:24:41 EDT 2019 org.apache.commons.math.exception.MathRuntimeException,144
Mon Sep 02 14:24:42 EDT 2019 org.apache.commons.math.exception.MathRuntimeException,145
Mon Sep 02 14:24:43 EDT 2019 org.apache.commons.math.exception.MathRuntimeException,147
Mon Sep 02 14:24:44 EDT 2019 org.apache.commons.math.exception.MathRuntimeException,148
Mon Sep 02 14:24:45 EDT 2019 org.apache.commons.math.exception.MathRuntimeException,150
Mon Sep 02 14:24:46 EDT 2019 org.apache.commons.math.exception.MathRuntimeException,154
Mon Sep 02 14:35:56 EDT 2019 org.apache.commons.math.exception.MathRuntimeException,165
Mon Sep 02 14:35:59 EDT 2019 org.apache.commons.math.exception.MathRuntimeException,166
Mon Sep 02 14:36:00 EDT 2019 Mon Sep 02 14:36:00 EDT 2019 : org.apache.commons.math.exception.MathRuntimeException,167=>Find no block
Mon Sep 02 14:36:01 EDT 2019 org.apache.commons.math.exception.MathRuntimeException,178
Mon Sep 02 14:36:04 EDT 2019 org.apache.commons.math.exception.MathRuntimeException,179
Mon Sep 02 14:36:05 EDT 2019 Mon Sep 02 14:36:05 EDT 2019 : org.apache.commons.math.exception.MathRuntimeException,180=>Find no block
Mon Sep 02 14:36:06 EDT 2019 org.apache.commons.math.exception.MathRuntimeException,191
Mon Sep 02 14:37:44 EDT 2019 org.apache.commons.math.exception.MathRuntimeException,192
Mon Sep 02 14:37:45 EDT 2019 org.apache.commons.math.exception.MathRuntimeException,194
Mon Sep 02 14:54:11 EDT 2019 org.apache.commons.math.exception.MathRuntimeException,195
Mon Sep 02 14:56:27 EDT 2019 org.apache.commons.math.exception.MathRuntimeException,197
Mon Sep 02 14:56:27 EDT 2019 org.apache.commons.math.exception.MathRuntimeException,198
Mon Sep 02 15:03:26 EDT 2019 org.apache.commons.math.exception.MathRuntimeException,199
Mon Sep 02 15:11:08 EDT 2019 org.apache.commons.math.exception.MathRuntimeException,201
Mon Sep 02 15:19:04 EDT 2019 org.apache.commons.math.exception.MathRuntimeException,202
Mon Sep 02 15:19:04 EDT 2019 org.apache.commons.math.exception.MathRuntimeException,203
Mon Sep 02 15:19:05 EDT 2019 org.apache.commons.math.exception.MathRuntimeException,205
Mon Sep 02 15:19:06 EDT 2019 org.apache.commons.math.exception.MathRuntimeException,208
Mon Sep 02 15:19:11 EDT 2019 Mon Sep 02 15:19:11 EDT 2019 : org.apache.commons.math.exception.MathRuntimeException,212=>Find no block
Mon Sep 02 15:19:14 EDT 2019 org.apache.commons.math.exception.MathRuntimeException,225
Mon Sep 02 15:19:57 EDT 2019 org.apache.commons.math.exception.MathRuntimeException,226
Mon Sep 02 15:19:58 EDT 2019 org.apache.commons.math.exception.MathRuntimeException,227
Mon Sep 02 15:56:57 EDT 2019 org.apache.commons.math.exception.MathRuntimeException,229
Mon Sep 02 15:56:59 EDT 2019 org.apache.commons.math.exception.MathRuntimeException,231
Mon Sep 02 15:57:07 EDT 2019 org.apache.commons.math.exception.MathRuntimeException,232
Mon Sep 02 15:57:12 EDT 2019 org.apache.commons.math.exception.MathRuntimeException,234
Mon Sep 02 15:57:23 EDT 2019 org.apache.commons.math.exception.MathRuntimeException,235
Mon Sep 02 15:57:30 EDT 2019 org.apache.commons.math.exception.MathRuntimeException,236
Mon Sep 02 15:57:33 EDT 2019 org.apache.commons.math.exception.MathRuntimeException,238
Mon Sep 02 15:57:39 EDT 2019 org.apache.commons.math.exception.MathRuntimeException,240
Mon Sep 02 15:57:45 EDT 2019 Mon Sep 02 15:57:45 EDT 2019 : org.apache.commons.math.exception.MathRuntimeException,242=>Find no block
Mon Sep 02 15:57:46 EDT 2019 org.apache.commons.math.exception.MathRuntimeException,253
Mon Sep 02 16:04:42 EDT 2019 org.apache.commons.math.exception.MathRuntimeException,254
Mon Sep 02 16:04:43 EDT 2019 org.apache.commons.math.exception.MathRuntimeException,255
Mon Sep 02 16:04:44 EDT 2019 org.apache.commons.math.exception.MathRuntimeException,257
Mon Sep 02 16:04:45 EDT 2019 org.apache.commons.math.exception.MathRuntimeException,258
Mon Sep 02 16:04:46 EDT 2019 org.apache.commons.math.exception.MathRuntimeException,259
Mon Sep 02 16:04:47 EDT 2019 org.apache.commons.math.exception.MathRuntimeException,261
Mon Sep 02 16:04:48 EDT 2019 org.apache.commons.math.exception.MathRuntimeException,264
Mon Sep 02 16:04:49 EDT 2019 Mon Sep 02 16:04:49 EDT 2019 : org.apache.commons.math.exception.MathRuntimeException,266=>Find no block
Mon Sep 02 16:04:50 EDT 2019 Mon Sep 02 16:04:50 EDT 2019 : org.apache.commons.math.exception.MathRuntimeException,267=>Find no block
Mon Sep 02 16:04:51 EDT 2019 org.apache.commons.math.exception.MathRuntimeException,280
Mon Sep 02 16:14:08 EDT 2019 org.apache.commons.math.exception.MathRuntimeException,281
Mon Sep 02 16:14:09 EDT 2019 org.apache.commons.math.exception.MathRuntimeException,282
Mon Sep 02 16:25:24 EDT 2019 org.apache.commons.math.exception.MathRuntimeException,284
Mon Sep 02 16:25:25 EDT 2019 org.apache.commons.math.exception.MathRuntimeException,286
Mon Sep 02 16:25:26 EDT 2019 org.apache.commons.math.exception.MathRuntimeException,287
Mon Sep 02 16:25:27 EDT 2019 Mon Sep 02 16:25:27 EDT 2019 : org.apache.commons.math.exception.MathRuntimeException,289=>Find no block
Mon Sep 02 16:25:28 EDT 2019 org.apache.commons.math.exception.MathRuntimeException,299
Mon Sep 02 16:25:31 EDT 2019 Mon Sep 02 16:25:31 EDT 2019 : org.apache.commons.math.exception.MathParseException,40=>Find no block
Mon Sep 02 16:25:32 EDT 2019 org.apache.commons.math.exception.MathParseException,41
Mon Sep 02 16:25:36 EDT 2019 Mon Sep 02 16:25:36 EDT 2019 : org.apache.commons.math.exception.MathParseException,43=>Find no block
Mon Sep 02 16:25:37 EDT 2019 Mon Sep 02 16:25:37 EDT 2019 : org.apache.commons.math.exception.MathParseException,51=>Find no block
Mon Sep 02 16:25:38 EDT 2019 org.apache.commons.math.exception.MathParseException,52
Mon Sep 02 16:26:08 EDT 2019 Mon Sep 02 16:26:08 EDT 2019 : org.apache.commons.math.exception.MathParseException,54=>Find no block
Mon Sep 02 16:26:09 EDT 2019 Mon Sep 02 16:26:09 EDT 2019 : org.apache.commons.math.exception.MathArithmeticException,38=>Find no block
Mon Sep 02 16:26:10 EDT 2019 org.apache.commons.math.exception.MathArithmeticException,39
Mon Sep 02 16:26:54 EDT 2019 Mon Sep 02 16:26:54 EDT 2019 : org.apache.commons.math.exception.MathArithmeticException,40=>Find no block
Mon Sep 02 16:26:55 EDT 2019 Mon Sep 02 16:26:55 EDT 2019 : org.apache.commons.math.exception.MathArithmeticException,50=>Find no block
Mon Sep 02 16:26:56 EDT 2019 org.apache.commons.math.exception.MathArithmeticException,51
Mon Sep 02 16:27:30 EDT 2019 Mon Sep 02 16:27:30 EDT 2019 : org.apache.commons.math.exception.MathArithmeticException,52=>Find no block
Mon Sep 02 16:27:31 EDT 2019 Mon Sep 02 16:27:31 EDT 2019 : org.apache.commons.math.util.CompositeFormat,36=>Find no block
Mon Sep 02 16:27:32 EDT 2019 org.apache.commons.math.util.CompositeFormat,45
Mon Sep 02 16:27:35 EDT 2019 org.apache.commons.math.util.CompositeFormat,70
Mon Sep 02 16:28:31 EDT 2019 org.apache.commons.math.util.CompositeFormat,71
Mon Sep 02 16:28:32 EDT 2019 Mon Sep 02 16:28:32 EDT 2019 : org.apache.commons.math.util.CompositeFormat,72=>Find no block
Mon Sep 02 16:28:33 EDT 2019 org.apache.commons.math.util.CompositeFormat,83
Mon Sep 02 16:31:58 EDT 2019 org.apache.commons.math.util.CompositeFormat,84
Mon Sep 02 16:31:59 EDT 2019 org.apache.commons.math.util.CompositeFormat,85
Mon Sep 02 16:47:16 EDT 2019 org.apache.commons.math.util.CompositeFormat,87
Mon Sep 02 16:47:17 EDT 2019 org.apache.commons.math.util.CompositeFormat,90
Mon Sep 02 16:47:18 EDT 2019 org.apache.commons.math.util.CompositeFormat,91
Mon Sep 02 16:47:19 EDT 2019 org.apache.commons.math.util.CompositeFormat,92
Mon Sep 02 16:47:21 EDT 2019 org.apache.commons.math.util.CompositeFormat,94
Mon Sep 02 16:47:22 EDT 2019 org.apache.commons.math.util.CompositeFormat,95
Mon Sep 02 16:47:23 EDT 2019 org.apache.commons.math.util.CompositeFormat,99
Mon Sep 02 16:52:02 EDT 2019 org.apache.commons.math.util.CompositeFormat,113
Mon Sep 02 16:52:48 EDT 2019 org.apache.commons.math.util.CompositeFormat,115
Mon Sep 02 16:52:49 EDT 2019 org.apache.commons.math.util.CompositeFormat,116
Mon Sep 02 16:54:57 EDT 2019 org.apache.commons.math.util.CompositeFormat,117
Mon Sep 02 16:57:48 EDT 2019 org.apache.commons.math.util.CompositeFormat,118
Mon Sep 02 17:02:21 EDT 2019 org.apache.commons.math.util.CompositeFormat,120
Mon Sep 02 17:07:51 EDT 2019 org.apache.commons.math.util.CompositeFormat,121
Mon Sep 02 17:12:49 EDT 2019 org.apache.commons.math.util.CompositeFormat,122
Mon Sep 02 17:22:15 EDT 2019 org.apache.commons.math.util.CompositeFormat,123
Mon Sep 02 17:22:16 EDT 2019 org.apache.commons.math.util.CompositeFormat,124
Mon Sep 02 17:22:17 EDT 2019 org.apache.commons.math.util.CompositeFormat,125
Mon Sep 02 17:22:19 EDT 2019 org.apache.commons.math.util.CompositeFormat,126
Mon Sep 02 17:22:19 EDT 2019 org.apache.commons.math.util.CompositeFormat,130
Mon Sep 02 17:25:49 EDT 2019 org.apache.commons.math.util.CompositeFormat,145
Mon Sep 02 17:27:18 EDT 2019 org.apache.commons.math.util.CompositeFormat,146
Mon Sep 02 17:27:19 EDT 2019 org.apache.commons.math.util.CompositeFormat,147
Mon Sep 02 17:53:05 EDT 2019 org.apache.commons.math.util.CompositeFormat,150
Mon Sep 02 17:53:06 EDT 2019 org.apache.commons.math.util.CompositeFormat,152
Mon Sep 02 17:53:07 EDT 2019 org.apache.commons.math.util.CompositeFormat,155
Mon Sep 02 17:53:08 EDT 2019 org.apache.commons.math.util.CompositeFormat,156
Mon Sep 02 17:53:09 EDT 2019 org.apache.commons.math.util.CompositeFormat,157
Mon Sep 02 17:53:10 EDT 2019 org.apache.commons.math.util.CompositeFormat,158
Mon Sep 02 17:53:11 EDT 2019 org.apache.commons.math.util.CompositeFormat,163
Mon Sep 02 18:03:17 EDT 2019 org.apache.commons.math.util.CompositeFormat,177
Mon Sep 02 18:14:23 EDT 2019 org.apache.commons.math.util.CompositeFormat,178
Mon Sep 02 18:14:24 EDT 2019 org.apache.commons.math.util.CompositeFormat,179
Mon Sep 02 18:14:25 EDT 2019 org.apache.commons.math.util.CompositeFormat,183
Mon Sep 02 18:14:26 EDT 2019 org.apache.commons.math.util.CompositeFormat,184
Mon Sep 02 18:14:27 EDT 2019 org.apache.commons.math.util.CompositeFormat,185
Mon Sep 02 18:14:28 EDT 2019 org.apache.commons.math.util.CompositeFormat,189
Mon Sep 02 18:14:29 EDT 2019 org.apache.commons.math.util.CompositeFormat,190
Mon Sep 02 18:14:30 EDT 2019 org.apache.commons.math.util.CompositeFormat,213
Mon Sep 02 18:15:44 EDT 2019 org.apache.commons.math.util.CompositeFormat,214
Mon Sep 02 18:15:45 EDT 2019 org.apache.commons.math.util.CompositeFormat,215
Mon Sep 02 18:15:46 EDT 2019 org.apache.commons.math.util.CompositeFormat,216
Mon Sep 02 18:15:47 EDT 2019 org.apache.commons.math.util.CompositeFormat,218
Mon Sep 02 18:15:48 EDT 2019 org.apache.commons.math.util.CompositeFormat,220
Mon Sep 02 18:18:12 EDT 2019 Mon Sep 02 18:18:12 EDT 2019 : org.apache.commons.math.util.FastMath,250=>Find no block
Mon Sep 02 18:18:13 EDT 2019 Mon Sep 02 18:18:13 EDT 2019 : org.apache.commons.math.util.FastMath,251=>Find no block
Mon Sep 02 18:18:14 EDT 2019 Mon Sep 02 18:18:14 EDT 2019 : org.apache.commons.math.util.FastMath,55=>Find no block
Mon Sep 02 18:18:15 EDT 2019 Mon Sep 02 18:18:15 EDT 2019 : org.apache.commons.math.util.FastMath,60=>Find no block
Mon Sep 02 18:18:17 EDT 2019 Mon Sep 02 18:18:17 EDT 2019 : org.apache.commons.math.util.FastMath,65=>Find no block
Mon Sep 02 18:18:18 EDT 2019 Mon Sep 02 18:18:18 EDT 2019 : org.apache.commons.math.util.FastMath,70=>Find no block
Mon Sep 02 18:18:19 EDT 2019 Mon Sep 02 18:18:19 EDT 2019 : org.apache.commons.math.util.FastMath,73=>Find no block
Mon Sep 02 18:18:20 EDT 2019 Mon Sep 02 18:18:20 EDT 2019 : org.apache.commons.math.util.FastMath,76=>Find no block
Mon Sep 02 18:18:21 EDT 2019 Mon Sep 02 18:18:21 EDT 2019 : org.apache.commons.math.util.FastMath,85=>Find no block
Mon Sep 02 18:18:22 EDT 2019 Mon Sep 02 18:18:22 EDT 2019 : org.apache.commons.math.util.FastMath,105=>Find no block
Mon Sep 02 18:18:23 EDT 2019 Mon Sep 02 18:18:23 EDT 2019 : org.apache.commons.math.util.FastMath,118=>Find no block
Mon Sep 02 18:18:24 EDT 2019 Mon Sep 02 18:18:24 EDT 2019 : org.apache.commons.math.util.FastMath,128=>Find no block
Mon Sep 02 18:18:25 EDT 2019 Mon Sep 02 18:18:25 EDT 2019 : org.apache.commons.math.util.FastMath,131=>Find no block
Mon Sep 02 18:18:26 EDT 2019 Mon Sep 02 18:18:26 EDT 2019 : org.apache.commons.math.util.FastMath,134=>Find no block
Mon Sep 02 18:18:27 EDT 2019 Mon Sep 02 18:18:27 EDT 2019 : org.apache.commons.math.util.FastMath,137=>Find no block
Mon Sep 02 18:18:28 EDT 2019 Mon Sep 02 18:18:28 EDT 2019 : org.apache.commons.math.util.FastMath,140=>Find no block
Mon Sep 02 18:18:29 EDT 2019 Mon Sep 02 18:18:29 EDT 2019 : org.apache.commons.math.util.FastMath,143=>Find no block
Mon Sep 02 18:18:30 EDT 2019 Mon Sep 02 18:18:30 EDT 2019 : org.apache.commons.math.util.FastMath,146=>Find no block
Mon Sep 02 18:18:31 EDT 2019 Mon Sep 02 18:18:31 EDT 2019 : org.apache.commons.math.util.FastMath,167=>Find no block
Mon Sep 02 18:18:32 EDT 2019 Mon Sep 02 18:18:32 EDT 2019 : org.apache.commons.math.util.FastMath,175=>Find no block
Mon Sep 02 18:18:34 EDT 2019 Mon Sep 02 18:18:34 EDT 2019 : org.apache.commons.math.util.FastMath,178=>Find no block
Mon Sep 02 18:18:35 EDT 2019 Mon Sep 02 18:18:35 EDT 2019 : org.apache.commons.math.util.FastMath,208=>Find no block
Mon Sep 02 18:18:36 EDT 2019 Mon Sep 02 18:18:36 EDT 2019 : org.apache.commons.math.util.FastMath,209=>Find no block
Failed time : 19/09/02 18:18
