=================================================
Project : math_56	start : 19/09/02 13:44
Current failed test : org.apache.commons.math.util.MultidimensionalCounterTest::testIterationConsistency | 19/09/02 13:44
Mon Sep 02 13:45:52 EDT 2019 org.apache.commons.math.util.MultidimensionalCounter,93
Mon Sep 02 13:56:51 EDT 2019 org.apache.commons.math.util.MultidimensionalCounter,94
Mon Sep 02 13:56:52 EDT 2019 org.apache.commons.math.util.MultidimensionalCounter,95
Mon Sep 02 13:56:54 EDT 2019 org.apache.commons.math.util.MultidimensionalCounter,106
Mon Sep 02 14:07:34 EDT 2019 org.apache.commons.math.util.MultidimensionalCounter,107
Mon Sep 02 14:07:35 EDT 2019 org.apache.commons.math.util.MultidimensionalCounter,110
Mon Sep 02 14:07:36 EDT 2019 org.apache.commons.math.util.MultidimensionalCounter,111
Mon Sep 02 14:07:37 EDT 2019 org.apache.commons.math.util.MultidimensionalCounter,115
Mon Sep 02 14:14:37 EDT 2019 org.apache.commons.math.util.MultidimensionalCounter,222
Mon Sep 02 14:20:19 EDT 2019 org.apache.commons.math.util.MultidimensionalCounter,224
Mon Sep 02 14:20:20 EDT 2019 org.apache.commons.math.util.MultidimensionalCounter,225
Mon Sep 02 14:48:35 EDT 2019 org.apache.commons.math.util.MultidimensionalCounter,226
Mon Sep 02 14:48:36 EDT 2019 org.apache.commons.math.util.MultidimensionalCounter,227
Mon Sep 02 14:48:37 EDT 2019 org.apache.commons.math.util.MultidimensionalCounter,228
Mon Sep 02 14:48:38 EDT 2019 org.apache.commons.math.util.MultidimensionalCounter,229
Mon Sep 02 14:48:39 EDT 2019 org.apache.commons.math.util.MultidimensionalCounter,230
Mon Sep 02 14:48:40 EDT 2019 org.apache.commons.math.util.MultidimensionalCounter,232
Mon Sep 02 14:48:40 EDT 2019 org.apache.commons.math.util.MultidimensionalCounter,233
Mon Sep 02 14:48:42 EDT 2019 org.apache.commons.math.util.MultidimensionalCounter,234
Mon Sep 02 14:48:42 EDT 2019 org.apache.commons.math.util.MultidimensionalCounter,237
Mon Sep 02 15:29:58 EDT 2019 org.apache.commons.math.util.MultidimensionalCounter,238
Mon Sep 02 15:32:06 EDT 2019 org.apache.commons.math.util.MultidimensionalCounter,239
Mon Sep 02 15:32:07 EDT 2019 org.apache.commons.math.util.MultidimensionalCounter,240
Mon Sep 02 15:32:08 EDT 2019 org.apache.commons.math.util.MultidimensionalCounter,242
Mon Sep 02 15:36:45 EDT 2019 org.apache.commons.math.util.MultidimensionalCounter,243
Mon Sep 02 15:37:38 EDT 2019 org.apache.commons.math.util.MultidimensionalCounter,245
Mon Sep 02 15:37:39 EDT 2019 org.apache.commons.math.util.MultidimensionalCounter,281
Mon Sep 02 15:37:42 EDT 2019 Mon Sep 02 15:37:42 EDT 2019 : org.apache.commons.math.util.MultidimensionalCounter,85=>Find no block
Mon Sep 02 15:37:43 EDT 2019 Mon Sep 02 15:37:43 EDT 2019 : org.apache.commons.math.util.MultidimensionalCounter,75=>Find no block
Mon Sep 02 15:37:44 EDT 2019 Mon Sep 02 15:37:44 EDT 2019 : org.apache.commons.math.util.MultidimensionalCounter,79=>Find no block
Mon Sep 02 15:37:45 EDT 2019 org.apache.commons.math.util.MultidimensionalCounter,86
Mon Sep 02 15:37:49 EDT 2019 Mon Sep 02 15:37:49 EDT 2019 : org.apache.commons.math.util.MultidimensionalCounter,87=>Find no block
Mon Sep 02 15:37:50 EDT 2019 org.apache.commons.math.util.MultidimensionalCounter,147
Mon Sep 02 15:37:53 EDT 2019 org.apache.commons.math.util.MultidimensionalCounter,196
Mon Sep 02 15:37:57 EDT 2019 org.apache.commons.math.util.MultidimensionalCounter,205
Mon Sep 02 15:38:30 EDT 2019 org.apache.commons.math.util.MultidimensionalCounter,217
Mon Sep 02 15:40:36 EDT 2019 org.apache.commons.math.util.MultidimensionalCounter,272
Mon Sep 02 16:49:28 EDT 2019 Mon Sep 02 16:49:28 EDT 2019 : org.apache.commons.math.util.MultidimensionalCounter,46=>Find no block
Mon Sep 02 16:49:29 EDT 2019 org.apache.commons.math.util.MultidimensionalCounter,260
Mon Sep 02 16:49:30 EDT 2019 org.apache.commons.math.util.MultidimensionalCounter,263
Mon Sep 02 16:49:31 EDT 2019 org.apache.commons.math.util.MultidimensionalCounter,264
Mon Sep 02 16:49:32 EDT 2019 org.apache.commons.math.util.MultidimensionalCounter,265
Mon Sep 02 16:49:33 EDT 2019 org.apache.commons.math.util.MultidimensionalCounter,266
Mon Sep 02 16:49:34 EDT 2019 org.apache.commons.math.util.MultidimensionalCounter,270
Mon Sep 02 16:49:35 EDT 2019 Mon Sep 02 16:49:35 EDT 2019 : org.apache.commons.math.util.MathUtils,44=>Find no block
Mon Sep 02 16:49:36 EDT 2019 Mon Sep 02 16:49:36 EDT 2019 : org.apache.commons.math.util.MathUtils,89=>Find no block
Mon Sep 02 16:49:37 EDT 2019 org.apache.commons.math.util.MathUtils,2220
Mon Sep 02 16:50:01 EDT 2019 org.apache.commons.math.util.MathUtils,2243
Mon Sep 02 16:54:21 EDT 2019 org.apache.commons.math.util.MathUtils,2244
Mon Sep 02 16:54:22 EDT 2019 org.apache.commons.math.util.MathUtils,2245
Mon Sep 02 16:54:23 EDT 2019 Mon Sep 02 16:54:23 EDT 2019 : org.apache.commons.math.util.MultidimensionalCounter,165=>Find no block
Mon Sep 02 16:54:24 EDT 2019 org.apache.commons.math.util.MultidimensionalCounter,166
Mon Sep 02 16:55:58 EDT 2019 org.apache.commons.math.util.MultidimensionalCounter,167
Mon Sep 02 16:55:59 EDT 2019 org.apache.commons.math.util.MultidimensionalCounter,169
Mon Sep 02 16:56:40 EDT 2019 org.apache.commons.math.util.MultidimensionalCounter,171
Mon Sep 02 16:57:20 EDT 2019 org.apache.commons.math.util.MultidimensionalCounter,172
Mon Sep 02 18:06:40 EDT 2019 org.apache.commons.math.util.MultidimensionalCounter,173
Mon Sep 02 18:06:41 EDT 2019 org.apache.commons.math.util.MultidimensionalCounter,174
Mon Sep 02 18:06:42 EDT 2019 org.apache.commons.math.util.MultidimensionalCounter,175
Mon Sep 02 18:06:43 EDT 2019 org.apache.commons.math.util.MultidimensionalCounter,176
Mon Sep 02 18:06:44 EDT 2019 org.apache.commons.math.util.MultidimensionalCounter,178
Mon Sep 02 18:06:45 EDT 2019 org.apache.commons.math.util.MultidimensionalCounter,179
Mon Sep 02 18:06:45 EDT 2019 org.apache.commons.math.util.MultidimensionalCounter,181
Mon Sep 02 18:18:17 EDT 2019 org.apache.commons.math.util.MultidimensionalCounter,183
Mon Sep 02 18:18:18 EDT 2019 org.apache.commons.math.util.MultidimensionalCounter,187
Mon Sep 02 18:19:12 EDT 2019 Mon Sep 02 18:19:12 EDT 2019 : org.apache.commons.math.util.MultidimensionalCounter,188=>Find no block
Mon Sep 02 18:19:13 EDT 2019 Mon Sep 02 18:19:13 EDT 2019 : org.apache.commons.math.util.FastMath,55=>Find no block
Mon Sep 02 18:19:13 EDT 2019 Mon Sep 02 18:19:13 EDT 2019 : org.apache.commons.math.util.FastMath,60=>Find no block
Mon Sep 02 18:19:14 EDT 2019 Mon Sep 02 18:19:14 EDT 2019 : org.apache.commons.math.util.FastMath,65=>Find no block
Mon Sep 02 18:19:15 EDT 2019 Mon Sep 02 18:19:15 EDT 2019 : org.apache.commons.math.util.FastMath,70=>Find no block
Mon Sep 02 18:19:16 EDT 2019 Mon Sep 02 18:19:16 EDT 2019 : org.apache.commons.math.util.FastMath,73=>Find no block
Mon Sep 02 18:19:18 EDT 2019 Mon Sep 02 18:19:18 EDT 2019 : org.apache.commons.math.util.FastMath,76=>Find no block
Mon Sep 02 18:19:19 EDT 2019 Mon Sep 02 18:19:19 EDT 2019 : org.apache.commons.math.util.FastMath,85=>Find no block
Mon Sep 02 18:19:20 EDT 2019 Mon Sep 02 18:19:20 EDT 2019 : org.apache.commons.math.util.FastMath,105=>Find no block
Mon Sep 02 18:19:21 EDT 2019 Mon Sep 02 18:19:21 EDT 2019 : org.apache.commons.math.util.FastMath,118=>Find no block
Mon Sep 02 18:19:22 EDT 2019 Mon Sep 02 18:19:22 EDT 2019 : org.apache.commons.math.util.FastMath,128=>Find no block
Mon Sep 02 18:19:23 EDT 2019 Mon Sep 02 18:19:23 EDT 2019 : org.apache.commons.math.util.FastMath,131=>Find no block
Mon Sep 02 18:19:24 EDT 2019 Mon Sep 02 18:19:24 EDT 2019 : org.apache.commons.math.util.FastMath,134=>Find no block
Mon Sep 02 18:19:24 EDT 2019 Mon Sep 02 18:19:24 EDT 2019 : org.apache.commons.math.util.FastMath,137=>Find no block
Mon Sep 02 18:19:25 EDT 2019 Mon Sep 02 18:19:25 EDT 2019 : org.apache.commons.math.util.FastMath,140=>Find no block
Mon Sep 02 18:19:27 EDT 2019 Mon Sep 02 18:19:27 EDT 2019 : org.apache.commons.math.util.FastMath,143=>Find no block
Mon Sep 02 18:19:28 EDT 2019 Mon Sep 02 18:19:28 EDT 2019 : org.apache.commons.math.util.FastMath,146=>Find no block
Mon Sep 02 18:19:29 EDT 2019 Mon Sep 02 18:19:29 EDT 2019 : org.apache.commons.math.util.FastMath,167=>Find no block
Mon Sep 02 18:19:30 EDT 2019 Mon Sep 02 18:19:30 EDT 2019 : org.apache.commons.math.util.FastMath,175=>Find no block
Mon Sep 02 18:19:31 EDT 2019 Mon Sep 02 18:19:31 EDT 2019 : org.apache.commons.math.util.FastMath,178=>Find no block
Mon Sep 02 18:19:32 EDT 2019 Mon Sep 02 18:19:32 EDT 2019 : org.apache.commons.math.util.FastMath,208=>Find no block
Mon Sep 02 18:19:33 EDT 2019 Mon Sep 02 18:19:33 EDT 2019 : org.apache.commons.math.util.FastMath,209=>Find no block
Mon Sep 02 18:19:35 EDT 2019 Mon Sep 02 18:19:35 EDT 2019 : org.apache.commons.math.util.FastMath,210=>Find no block
Mon Sep 02 18:19:36 EDT 2019 Mon Sep 02 18:19:36 EDT 2019 : org.apache.commons.math.util.FastMath,213=>Find no block
Mon Sep 02 18:19:37 EDT 2019 Mon Sep 02 18:19:37 EDT 2019 : org.apache.commons.math.util.FastMath,214=>Find no block
Mon Sep 02 18:19:38 EDT 2019 Mon Sep 02 18:19:38 EDT 2019 : org.apache.commons.math.util.FastMath,217=>Find no block
Mon Sep 02 18:19:39 EDT 2019 Mon Sep 02 18:19:39 EDT 2019 : org.apache.commons.math.util.FastMath,218=>Find no block
Mon Sep 02 18:19:40 EDT 2019 Mon Sep 02 18:19:40 EDT 2019 : org.apache.commons.math.util.FastMath,219=>Find no block
Mon Sep 02 18:19:41 EDT 2019 Mon Sep 02 18:19:41 EDT 2019 : org.apache.commons.math.util.FastMath,220=>Find no block
Mon Sep 02 18:19:42 EDT 2019 Mon Sep 02 18:19:42 EDT 2019 : org.apache.commons.math.util.FastMath,222=>Find no block
Mon Sep 02 18:19:43 EDT 2019 Mon Sep 02 18:19:43 EDT 2019 : org.apache.commons.math.util.FastMath,224=>Find no block
Mon Sep 02 18:19:44 EDT 2019 Mon Sep 02 18:19:44 EDT 2019 : org.apache.commons.math.util.FastMath,225=>Find no block
Mon Sep 02 18:19:45 EDT 2019 Mon Sep 02 18:19:45 EDT 2019 : org.apache.commons.math.util.FastMath,226=>Find no block
Mon Sep 02 18:19:46 EDT 2019 Mon Sep 02 18:19:46 EDT 2019 : org.apache.commons.math.util.FastMath,231=>Find no block
Mon Sep 02 18:19:47 EDT 2019 Mon Sep 02 18:19:47 EDT 2019 : org.apache.commons.math.util.FastMath,232=>Find no block
Mon Sep 02 18:19:48 EDT 2019 Mon Sep 02 18:19:48 EDT 2019 : org.apache.commons.math.util.FastMath,233=>Find no block
Mon Sep 02 18:19:49 EDT 2019 Mon Sep 02 18:19:49 EDT 2019 : org.apache.commons.math.util.FastMath,234=>Find no block
Mon Sep 02 18:19:50 EDT 2019 Mon Sep 02 18:19:50 EDT 2019 : org.apache.commons.math.util.FastMath,238=>Find no block
Mon Sep 02 18:19:51 EDT 2019 Mon Sep 02 18:19:51 EDT 2019 : org.apache.commons.math.util.FastMath,239=>Find no block
Mon Sep 02 18:19:52 EDT 2019 Mon Sep 02 18:19:52 EDT 2019 : org.apache.commons.math.util.FastMath,240=>Find no block
Mon Sep 02 18:19:53 EDT 2019 Mon Sep 02 18:19:53 EDT 2019 : org.apache.commons.math.util.FastMath,244=>Find no block
Mon Sep 02 18:19:54 EDT 2019 Mon Sep 02 18:19:54 EDT 2019 : org.apache.commons.math.util.FastMath,245=>Find no block
Mon Sep 02 18:19:55 EDT 2019 org.apache.commons.math.util.FastMath,987
Mon Sep 02 18:20:10 EDT 2019 org.apache.commons.math.util.FastMath,988
Mon Sep 02 18:20:11 EDT 2019 org.apache.commons.math.util.FastMath,989
Mon Sep 02 18:20:44 EDT 2019 org.apache.commons.math.util.FastMath,990
Mon Sep 02 18:22:42 EDT 2019 org.apache.commons.math.util.FastMath,991
Mon Sep 02 18:24:39 EDT 2019 org.apache.commons.math.util.FastMath,992
Mon Sep 02 18:24:40 EDT 2019 org.apache.commons.math.util.FastMath,994
Mon Sep 02 18:42:03 EDT 2019 org.apache.commons.math.util.FastMath,995
Mon Sep 02 18:42:04 EDT 2019 org.apache.commons.math.util.FastMath,996
Mon Sep 02 18:42:06 EDT 2019 org.apache.commons.math.util.FastMath,997
Mon Sep 02 18:42:07 EDT 2019 org.apache.commons.math.util.FastMath,999
Mon Sep 02 18:42:08 EDT 2019 org.apache.commons.math.util.FastMath,1000
Mon Sep 02 18:42:09 EDT 2019 org.apache.commons.math.util.FastMath,1002
Mon Sep 02 18:42:10 EDT 2019 org.apache.commons.math.util.FastMath,1003
Mon Sep 02 18:42:11 EDT 2019 org.apache.commons.math.util.FastMath,1004
Mon Sep 02 18:42:12 EDT 2019 org.apache.commons.math.util.FastMath,1007
Mon Sep 02 18:42:46 EDT 2019 org.apache.commons.math.util.FastMath,1008
Mon Sep 02 18:42:47 EDT 2019 org.apache.commons.math.util.FastMath,1009
Mon Sep 02 18:42:49 EDT 2019 org.apache.commons.math.util.FastMath,1012
Mon Sep 02 18:43:20 EDT 2019 org.apache.commons.math.util.FastMath,1021
Mon Sep 02 18:45:27 EDT 2019 org.apache.commons.math.util.FastMath,1022
Mon Sep 02 18:45:28 EDT 2019 org.apache.commons.math.util.FastMath,1023
Mon Sep 02 18:45:30 EDT 2019 org.apache.commons.math.util.FastMath,1024
Mon Sep 02 18:45:31 EDT 2019 Mon Sep 02 18:45:31 EDT 2019 : org.apache.commons.math.util.FastMath,1025=>Find no block
Mon Sep 02 18:45:32 EDT 2019 Mon Sep 02 18:45:32 EDT 2019 : org.apache.commons.math.util.FastMath,1030=>Find no block
Mon Sep 02 18:45:33 EDT 2019 org.apache.commons.math.util.FastMath,1037
Timeout time : 19/09/02 18:45
