=================================================
Project : math_59	start : 19/09/02 13:44
Current failed test : org.apache.commons.math.util.FastMathTest::testMinMaxFloat | 19/09/02 13:44
Mon Sep 02 13:53:42 EDT 2019 org.apache.commons.math.util.FastMath,3446
Mon Sep 02 13:54:41 EDT 2019 org.apache.commons.math.util.FastMath,3482

----------------------------------------
----------------------------------------
Pass Single Test : [=>0,0]
return (a<=b)?b:(Float.isNaN(a+b)?Float.NaN:a);

Time : 19/09/02 13:55
----------------------------------------

----------------------------------------
----------------------------------------
Similar code block : 1.9943661523522511 : [/home/mmotwani/mywork1dir/Defects4Java7/defects4j/SIMFIX_RQ1/math/math_59_buggy/src/main/java/org/apache/commons/math/util/FastMath.java=>0,0]
return (a<=b)?b:(Double.isNaN(a+b)?Double.NaN:a);

Time : 19/09/02 13:56
----------------------------------------

----------------------------------------
----------------------------------------
Original source code : [/home/mmotwani/mywork1dir/Defects4Java7/defects4j/SIMFIX_RQ1/math/math_59_buggy/src/main/java/org/apache/commons/math/util/FastMath.java=>3482,3482]
return (a<=b)?b:(Float.isNaN(a+b)?Float.NaN:b);

Time : 19/09/02 13:56
----------------------------------------

----------------------------------------
----------------------------------------
Find a patch : [/home/mmotwani/mywork1dir/Defects4Java7/defects4j/SIMFIX_RQ1/math/math_59_buggy/src/main/java/org/apache/commons/math/util/FastMath.java=>3482,3482]
return (a<=b)?b:(Float.isNaN(a+b)?Float.NaN:a);

Time : 19/09/02 13:56
----------------------------------------
Success time : 19/09/02 13:56
