=================================================
Project : math_60	start : 19/09/02 13:44
Current failed test : org.apache.commons.math.distribution.NormalDistributionTest::testExtremeValues | 19/09/02 13:44
Mon Sep 02 13:45:48 EDT 2019 Mon Sep 02 13:45:48 EDT 2019 : org.apache.commons.math.MathException,84=>Find no block
Mon Sep 02 13:45:51 EDT 2019 org.apache.commons.math.MathException,85
Mon Sep 02 13:46:18 EDT 2019 org.apache.commons.math.MathException,86
Mon Sep 02 13:46:22 EDT 2019 Mon Sep 02 13:46:22 EDT 2019 : org.apache.commons.math.MathException,87=>Find no block
Mon Sep 02 13:46:25 EDT 2019 org.apache.commons.math.MathException,168
Mon Sep 02 13:46:50 EDT 2019 org.apache.commons.math.MathException,169
Mon Sep 02 13:46:52 EDT 2019 org.apache.commons.math.MathException,177
Mon Sep 02 13:47:32 EDT 2019 org.apache.commons.math.MathException,183
Mon Sep 02 13:48:08 EDT 2019 org.apache.commons.math.ConvergenceException,62
Mon Sep 02 13:48:55 EDT 2019 Mon Sep 02 13:48:55 EDT 2019 : org.apache.commons.math.ConvergenceException,63=>Find no block
Mon Sep 02 13:48:56 EDT 2019 org.apache.commons.math.util.FastMath,653
Mon Sep 02 13:52:16 EDT 2019 org.apache.commons.math.util.FastMath,654
Mon Sep 02 13:52:17 EDT 2019 org.apache.commons.math.util.FastMath,658
Mon Sep 02 13:52:18 EDT 2019 org.apache.commons.math.util.ContinuedFraction,163
Mon Sep 02 13:59:20 EDT 2019 org.apache.commons.math.util.ContinuedFraction,164
Mon Sep 02 13:59:21 EDT 2019 org.apache.commons.math.util.ContinuedFraction,186
Mon Sep 02 14:02:09 EDT 2019 org.apache.commons.math.util.ContinuedFraction,149
Mon Sep 02 14:02:39 EDT 2019 org.apache.commons.math.util.ContinuedFraction,150
Mon Sep 02 14:02:40 EDT 2019 org.apache.commons.math.util.ContinuedFraction,151
Mon Sep 02 14:08:28 EDT 2019 org.apache.commons.math.util.ContinuedFraction,152
Mon Sep 02 14:24:21 EDT 2019 org.apache.commons.math.util.ContinuedFraction,153
Mon Sep 02 14:34:43 EDT 2019 org.apache.commons.math.util.ContinuedFraction,158
Mon Sep 02 14:46:14 EDT 2019 org.apache.commons.math.util.ContinuedFraction,159
Mon Sep 02 15:26:32 EDT 2019 org.apache.commons.math.util.ContinuedFraction,160
Mon Sep 02 15:58:14 EDT 2019 org.apache.commons.math.util.ContinuedFraction,161
Mon Sep 02 15:58:20 EDT 2019 org.apache.commons.math.util.ContinuedFraction,162
Mon Sep 02 15:58:23 EDT 2019 org.apache.commons.math.util.ContinuedFraction,169
Mon Sep 02 16:12:06 EDT 2019 org.apache.commons.math.util.ContinuedFraction,170
Mon Sep 02 16:12:07 EDT 2019 org.apache.commons.math.util.ContinuedFraction,171
Mon Sep 02 16:12:08 EDT 2019 org.apache.commons.math.util.FastMath,644
Mon Sep 02 16:12:12 EDT 2019 org.apache.commons.math.util.FastMath,648
Mon Sep 02 16:12:43 EDT 2019 org.apache.commons.math.special.Gamma,169
Mon Sep 02 16:12:50 EDT 2019 org.apache.commons.math.util.FastMath,3491
Mon Sep 02 16:14:02 EDT 2019 org.apache.commons.math.special.Gamma,173
Mon Sep 02 16:14:10 EDT 2019 org.apache.commons.math.special.Erf,53
Mon Sep 02 16:15:48 EDT 2019 org.apache.commons.math.distribution.NormalDistributionImpl,125
Mon Sep 02 16:29:02 EDT 2019 org.apache.commons.math.distribution.NormalDistributionImpl,127
Mon Sep 02 16:29:05 EDT 2019 org.apache.commons.math.special.Erf,51
Mon Sep 02 16:34:01 EDT 2019 org.apache.commons.math.special.Erf,52
Mon Sep 02 16:34:02 EDT 2019 org.apache.commons.math.special.Erf,55
Mon Sep 02 16:34:04 EDT 2019 org.apache.commons.math.util.ContinuedFraction,47
Mon Sep 02 16:34:08 EDT 2019 Mon Sep 02 16:34:08 EDT 2019 : org.apache.commons.math.util.ContinuedFraction,48=>Find no block
Mon Sep 02 16:34:09 EDT 2019 org.apache.commons.math.util.ContinuedFraction,129
Mon Sep 02 16:36:56 EDT 2019 org.apache.commons.math.util.ContinuedFraction,130
Mon Sep 02 16:36:57 EDT 2019 org.apache.commons.math.util.ContinuedFraction,131
Mon Sep 02 16:40:02 EDT 2019 org.apache.commons.math.util.ContinuedFraction,132
Mon Sep 02 16:42:58 EDT 2019 org.apache.commons.math.util.ContinuedFraction,133
Mon Sep 02 16:47:38 EDT 2019 org.apache.commons.math.util.ContinuedFraction,134
Mon Sep 02 16:55:45 EDT 2019 org.apache.commons.math.util.ContinuedFraction,135
Mon Sep 02 16:55:46 EDT 2019 org.apache.commons.math.util.ContinuedFraction,136
Timeout time : 19/09/02 18:45
