=================================================
Project : math_62	start : 19/09/02 13:44
Current failed test : org.apache.commons.math.optimization.univariate.MultiStartUnivariateRealOptimizerTest::testQuinticMin_purify_1 | 19/09/02 13:45
Mon Sep 02 13:45:56 EDT 2019 Mon Sep 02 13:45:56 EDT 2019 : org.apache.commons.math.util.FastMath,35=>Find no block
Mon Sep 02 13:45:57 EDT 2019 Mon Sep 02 13:45:57 EDT 2019 : org.apache.commons.math.util.FastMath,40=>Find no block
Mon Sep 02 13:45:58 EDT 2019 Mon Sep 02 13:45:58 EDT 2019 : org.apache.commons.math.util.FastMath,45=>Find no block
Mon Sep 02 13:45:59 EDT 2019 Mon Sep 02 13:45:59 EDT 2019 : org.apache.commons.math.util.FastMath,50=>Find no block
Mon Sep 02 13:46:01 EDT 2019 Mon Sep 02 13:46:01 EDT 2019 : org.apache.commons.math.util.FastMath,53=>Find no block
Mon Sep 02 13:46:03 EDT 2019 Mon Sep 02 13:46:03 EDT 2019 : org.apache.commons.math.util.FastMath,56=>Find no block
Mon Sep 02 13:46:04 EDT 2019 Mon Sep 02 13:46:04 EDT 2019 : org.apache.commons.math.util.FastMath,65=>Find no block
Mon Sep 02 13:46:05 EDT 2019 Mon Sep 02 13:46:05 EDT 2019 : org.apache.commons.math.util.FastMath,85=>Find no block
Mon Sep 02 13:46:07 EDT 2019 Mon Sep 02 13:46:07 EDT 2019 : org.apache.commons.math.util.FastMath,98=>Find no block
Mon Sep 02 13:46:08 EDT 2019 Mon Sep 02 13:46:08 EDT 2019 : org.apache.commons.math.util.FastMath,108=>Find no block
Mon Sep 02 13:46:10 EDT 2019 Mon Sep 02 13:46:10 EDT 2019 : org.apache.commons.math.util.FastMath,111=>Find no block
Mon Sep 02 13:46:11 EDT 2019 Mon Sep 02 13:46:11 EDT 2019 : org.apache.commons.math.util.FastMath,114=>Find no block
Mon Sep 02 13:46:13 EDT 2019 Mon Sep 02 13:46:13 EDT 2019 : org.apache.commons.math.util.FastMath,117=>Find no block
Mon Sep 02 13:46:14 EDT 2019 Mon Sep 02 13:46:14 EDT 2019 : org.apache.commons.math.util.FastMath,120=>Find no block
Mon Sep 02 13:46:15 EDT 2019 Mon Sep 02 13:46:15 EDT 2019 : org.apache.commons.math.util.FastMath,123=>Find no block
Mon Sep 02 13:46:16 EDT 2019 Mon Sep 02 13:46:16 EDT 2019 : org.apache.commons.math.util.FastMath,126=>Find no block
Mon Sep 02 13:46:18 EDT 2019 Mon Sep 02 13:46:18 EDT 2019 : org.apache.commons.math.util.FastMath,147=>Find no block
Mon Sep 02 13:46:19 EDT 2019 Mon Sep 02 13:46:19 EDT 2019 : org.apache.commons.math.util.FastMath,155=>Find no block
Mon Sep 02 13:46:20 EDT 2019 Mon Sep 02 13:46:20 EDT 2019 : org.apache.commons.math.util.FastMath,158=>Find no block
Mon Sep 02 13:46:22 EDT 2019 Mon Sep 02 13:46:22 EDT 2019 : org.apache.commons.math.util.FastMath,169=>Find no block
Mon Sep 02 13:46:23 EDT 2019 Mon Sep 02 13:46:23 EDT 2019 : org.apache.commons.math.util.FastMath,170=>Find no block
Mon Sep 02 13:46:24 EDT 2019 Mon Sep 02 13:46:24 EDT 2019 : org.apache.commons.math.util.FastMath,171=>Find no block
Mon Sep 02 13:46:25 EDT 2019 Mon Sep 02 13:46:25 EDT 2019 : org.apache.commons.math.util.FastMath,174=>Find no block
Mon Sep 02 13:46:27 EDT 2019 Mon Sep 02 13:46:27 EDT 2019 : org.apache.commons.math.util.FastMath,175=>Find no block
Mon Sep 02 13:46:28 EDT 2019 Mon Sep 02 13:46:28 EDT 2019 : org.apache.commons.math.util.FastMath,178=>Find no block
Mon Sep 02 13:46:29 EDT 2019 Mon Sep 02 13:46:29 EDT 2019 : org.apache.commons.math.util.FastMath,179=>Find no block
Mon Sep 02 13:46:31 EDT 2019 Mon Sep 02 13:46:31 EDT 2019 : org.apache.commons.math.util.FastMath,180=>Find no block
Mon Sep 02 13:46:32 EDT 2019 Mon Sep 02 13:46:32 EDT 2019 : org.apache.commons.math.util.FastMath,181=>Find no block
Mon Sep 02 13:46:33 EDT 2019 Mon Sep 02 13:46:33 EDT 2019 : org.apache.commons.math.util.FastMath,183=>Find no block
Mon Sep 02 13:46:35 EDT 2019 Mon Sep 02 13:46:35 EDT 2019 : org.apache.commons.math.util.FastMath,185=>Find no block
Mon Sep 02 13:46:36 EDT 2019 Mon Sep 02 13:46:36 EDT 2019 : org.apache.commons.math.util.FastMath,186=>Find no block
Mon Sep 02 13:46:37 EDT 2019 Mon Sep 02 13:46:37 EDT 2019 : org.apache.commons.math.util.FastMath,187=>Find no block
Mon Sep 02 13:46:38 EDT 2019 Mon Sep 02 13:46:38 EDT 2019 : org.apache.commons.math.util.FastMath,192=>Find no block
Mon Sep 02 13:46:39 EDT 2019 Mon Sep 02 13:46:39 EDT 2019 : org.apache.commons.math.util.FastMath,193=>Find no block
Mon Sep 02 13:46:40 EDT 2019 Mon Sep 02 13:46:40 EDT 2019 : org.apache.commons.math.util.FastMath,194=>Find no block
Mon Sep 02 13:46:41 EDT 2019 Mon Sep 02 13:46:41 EDT 2019 : org.apache.commons.math.util.FastMath,195=>Find no block
Mon Sep 02 13:46:42 EDT 2019 Mon Sep 02 13:46:42 EDT 2019 : org.apache.commons.math.util.FastMath,199=>Find no block
Mon Sep 02 13:46:44 EDT 2019 Mon Sep 02 13:46:44 EDT 2019 : org.apache.commons.math.util.FastMath,200=>Find no block
Mon Sep 02 13:46:45 EDT 2019 Mon Sep 02 13:46:45 EDT 2019 : org.apache.commons.math.util.FastMath,201=>Find no block
Mon Sep 02 13:46:46 EDT 2019 Mon Sep 02 13:46:46 EDT 2019 : org.apache.commons.math.util.FastMath,205=>Find no block
Mon Sep 02 13:46:47 EDT 2019 Mon Sep 02 13:46:47 EDT 2019 : org.apache.commons.math.util.FastMath,206=>Find no block
Mon Sep 02 13:46:48 EDT 2019 org.apache.commons.math.util.FastMath,219
Mon Sep 02 13:48:35 EDT 2019 org.apache.commons.math.util.FastMath,680
Mon Sep 02 13:48:51 EDT 2019 org.apache.commons.math.util.FastMath,681
Mon Sep 02 13:48:52 EDT 2019 org.apache.commons.math.util.FastMath,682
Mon Sep 02 13:49:25 EDT 2019 org.apache.commons.math.util.FastMath,683
Mon Sep 02 13:51:06 EDT 2019 org.apache.commons.math.util.FastMath,684
Mon Sep 02 13:52:46 EDT 2019 org.apache.commons.math.util.FastMath,685
Mon Sep 02 13:52:47 EDT 2019 org.apache.commons.math.util.FastMath,687
Mon Sep 02 14:11:06 EDT 2019 org.apache.commons.math.util.FastMath,688
Mon Sep 02 14:11:07 EDT 2019 org.apache.commons.math.util.FastMath,689
Mon Sep 02 14:11:07 EDT 2019 org.apache.commons.math.util.FastMath,690
Mon Sep 02 14:11:08 EDT 2019 org.apache.commons.math.util.FastMath,692
Mon Sep 02 14:11:09 EDT 2019 org.apache.commons.math.util.FastMath,693
Mon Sep 02 14:11:10 EDT 2019 org.apache.commons.math.util.FastMath,695
Mon Sep 02 14:11:11 EDT 2019 org.apache.commons.math.util.FastMath,696
Mon Sep 02 14:11:12 EDT 2019 org.apache.commons.math.util.FastMath,697
Mon Sep 02 14:11:13 EDT 2019 org.apache.commons.math.util.FastMath,700
Mon Sep 02 14:11:48 EDT 2019 org.apache.commons.math.util.FastMath,701
Mon Sep 02 14:11:49 EDT 2019 org.apache.commons.math.util.FastMath,702
Mon Sep 02 14:11:50 EDT 2019 org.apache.commons.math.util.FastMath,705
Mon Sep 02 14:12:22 EDT 2019 org.apache.commons.math.util.FastMath,714
Mon Sep 02 14:14:19 EDT 2019 org.apache.commons.math.util.FastMath,715
Mon Sep 02 14:14:20 EDT 2019 org.apache.commons.math.util.FastMath,716
Mon Sep 02 14:14:21 EDT 2019 org.apache.commons.math.util.FastMath,717
Mon Sep 02 14:14:22 EDT 2019 Mon Sep 02 14:14:22 EDT 2019 : org.apache.commons.math.util.FastMath,718=>Find no block
Mon Sep 02 14:14:23 EDT 2019 Mon Sep 02 14:14:23 EDT 2019 : org.apache.commons.math.util.FastMath,723=>Find no block
Mon Sep 02 14:14:24 EDT 2019 org.apache.commons.math.util.FastMath,730
Mon Sep 02 14:15:30 EDT 2019 org.apache.commons.math.util.FastMath,731
Mon Sep 02 14:15:31 EDT 2019 org.apache.commons.math.util.FastMath,733
Mon Sep 02 14:16:36 EDT 2019 org.apache.commons.math.util.FastMath,734
Mon Sep 02 14:16:37 EDT 2019 org.apache.commons.math.util.FastMath,735
Mon Sep 02 14:16:38 EDT 2019 org.apache.commons.math.util.FastMath,736
Mon Sep 02 14:16:39 EDT 2019 Mon Sep 02 14:16:39 EDT 2019 : org.apache.commons.math.util.FastMath,737=>Find no block
Mon Sep 02 14:16:40 EDT 2019 org.apache.commons.math.util.FastMath,738
Mon Sep 02 14:16:41 EDT 2019 org.apache.commons.math.util.FastMath,739
Mon Sep 02 14:16:41 EDT 2019 org.apache.commons.math.util.FastMath,740
Mon Sep 02 14:16:42 EDT 2019 Mon Sep 02 14:16:42 EDT 2019 : org.apache.commons.math.util.FastMath,742=>Find no block
Mon Sep 02 14:16:43 EDT 2019 org.apache.commons.math.util.FastMath,750
Mon Sep 02 14:16:53 EDT 2019 org.apache.commons.math.util.FastMath,751
Mon Sep 02 14:16:54 EDT 2019 org.apache.commons.math.util.FastMath,754
Mon Sep 02 14:16:55 EDT 2019 Mon Sep 02 14:16:55 EDT 2019 : org.apache.commons.math.util.FastMath,755=>Find no block
Mon Sep 02 14:16:55 EDT 2019 org.apache.commons.math.util.FastMath,763
Mon Sep 02 14:17:13 EDT 2019 org.apache.commons.math.util.FastMath,764
Mon Sep 02 14:17:14 EDT 2019 org.apache.commons.math.util.FastMath,766
Mon Sep 02 14:17:14 EDT 2019 Mon Sep 02 14:17:14 EDT 2019 : org.apache.commons.math.util.FastMath,767=>Find no block
Mon Sep 02 14:17:15 EDT 2019 org.apache.commons.math.util.FastMath,788
Mon Sep 02 14:18:00 EDT 2019 org.apache.commons.math.util.FastMath,789
Mon Sep 02 14:18:01 EDT 2019 org.apache.commons.math.util.FastMath,791
Mon Sep 02 14:20:21 EDT 2019 org.apache.commons.math.util.FastMath,796
Mon Sep 02 14:21:08 EDT 2019 org.apache.commons.math.util.FastMath,797
Mon Sep 02 14:21:58 EDT 2019 org.apache.commons.math.util.FastMath,799
Mon Sep 02 14:22:48 EDT 2019 org.apache.commons.math.util.FastMath,800
Mon Sep 02 14:22:49 EDT 2019 org.apache.commons.math.util.FastMath,804
Mon Sep 02 14:30:53 EDT 2019 org.apache.commons.math.util.FastMath,806
Mon Sep 02 14:30:53 EDT 2019 org.apache.commons.math.util.FastMath,808
Mon Sep 02 14:30:54 EDT 2019 org.apache.commons.math.util.FastMath,811
Mon Sep 02 14:30:55 EDT 2019 org.apache.commons.math.util.FastMath,813
Mon Sep 02 14:30:56 EDT 2019 Mon Sep 02 14:30:56 EDT 2019 : org.apache.commons.math.util.FastMath,815=>Find no block
Mon Sep 02 14:30:57 EDT 2019 org.apache.commons.math.util.FastMath,823
Mon Sep 02 14:31:15 EDT 2019 org.apache.commons.math.util.FastMath,824
Mon Sep 02 14:31:16 EDT 2019 org.apache.commons.math.util.FastMath,825
Mon Sep 02 14:32:27 EDT 2019 org.apache.commons.math.util.FastMath,828
Mon Sep 02 14:33:35 EDT 2019 org.apache.commons.math.util.FastMath,829
Mon Sep 02 14:35:12 EDT 2019 org.apache.commons.math.util.FastMath,830
Mon Sep 02 14:37:34 EDT 2019 org.apache.commons.math.util.FastMath,832
Mon Sep 02 14:38:56 EDT 2019 org.apache.commons.math.util.FastMath,833
Mon Sep 02 14:39:27 EDT 2019 org.apache.commons.math.util.FastMath,836
Mon Sep 02 14:40:22 EDT 2019 org.apache.commons.math.util.FastMath,837
Mon Sep 02 14:43:21 EDT 2019 org.apache.commons.math.util.FastMath,839
Mon Sep 02 14:46:03 EDT 2019 org.apache.commons.math.util.FastMath,840
Mon Sep 02 14:47:00 EDT 2019 org.apache.commons.math.util.FastMath,841
Mon Sep 02 14:48:34 EDT 2019 org.apache.commons.math.util.FastMath,842
Mon Sep 02 14:49:59 EDT 2019 org.apache.commons.math.util.FastMath,843
Mon Sep 02 14:51:23 EDT 2019 org.apache.commons.math.util.FastMath,844
Mon Sep 02 14:52:07 EDT 2019 org.apache.commons.math.util.FastMath,847
Mon Sep 02 14:53:05 EDT 2019 org.apache.commons.math.util.FastMath,848
Mon Sep 02 14:54:45 EDT 2019 org.apache.commons.math.util.FastMath,849
Mon Sep 02 14:59:12 EDT 2019 org.apache.commons.math.util.FastMath,851
Mon Sep 02 15:01:26 EDT 2019 org.apache.commons.math.util.FastMath,852
Mon Sep 02 15:02:53 EDT 2019 org.apache.commons.math.util.FastMath,853
Mon Sep 02 15:02:54 EDT 2019 org.apache.commons.math.util.FastMath,854
Mon Sep 02 15:02:54 EDT 2019 org.apache.commons.math.util.FastMath,855
Mon Sep 02 15:02:55 EDT 2019 org.apache.commons.math.util.FastMath,856
Mon Sep 02 15:02:56 EDT 2019 org.apache.commons.math.util.FastMath,859
Mon Sep 02 15:03:55 EDT 2019 org.apache.commons.math.util.FastMath,860
Mon Sep 02 15:05:37 EDT 2019 org.apache.commons.math.util.FastMath,861
Mon Sep 02 15:10:16 EDT 2019 org.apache.commons.math.util.FastMath,863
Mon Sep 02 15:10:17 EDT 2019 org.apache.commons.math.util.FastMath,864
Mon Sep 02 15:10:18 EDT 2019 org.apache.commons.math.util.FastMath,865
Mon Sep 02 15:10:19 EDT 2019 org.apache.commons.math.util.FastMath,866
Mon Sep 02 15:10:20 EDT 2019 org.apache.commons.math.util.FastMath,867
Mon Sep 02 15:10:21 EDT 2019 org.apache.commons.math.util.FastMath,868
Mon Sep 02 15:10:22 EDT 2019 Mon Sep 02 15:10:22 EDT 2019 : org.apache.commons.math.util.FastMath,869=>Find no block
Mon Sep 02 15:10:23 EDT 2019 org.apache.commons.math.util.FastMath,878
Mon Sep 02 15:10:41 EDT 2019 org.apache.commons.math.util.FastMath,879
Mon Sep 02 15:10:41 EDT 2019 org.apache.commons.math.util.FastMath,880
Mon Sep 02 15:12:08 EDT 2019 org.apache.commons.math.util.FastMath,889
Mon Sep 02 15:13:13 EDT 2019 org.apache.commons.math.util.FastMath,890
Mon Sep 02 15:16:32 EDT 2019 org.apache.commons.math.util.FastMath,892
Mon Sep 02 15:16:33 EDT 2019 org.apache.commons.math.util.FastMath,894
Mon Sep 02 15:25:28 EDT 2019 org.apache.commons.math.util.FastMath,895
Mon Sep 02 15:25:29 EDT 2019 org.apache.commons.math.util.FastMath,896
Mon Sep 02 15:25:30 EDT 2019 org.apache.commons.math.util.FastMath,897
Mon Sep 02 15:25:31 EDT 2019 org.apache.commons.math.util.FastMath,900
Mon Sep 02 15:25:32 EDT 2019 org.apache.commons.math.util.FastMath,901
Mon Sep 02 15:25:33 EDT 2019 org.apache.commons.math.util.FastMath,903
Mon Sep 02 15:25:34 EDT 2019 org.apache.commons.math.util.FastMath,906
Mon Sep 02 15:25:46 EDT 2019 org.apache.commons.math.util.FastMath,907
Mon Sep 02 15:25:47 EDT 2019 org.apache.commons.math.util.FastMath,908
Mon Sep 02 15:25:48 EDT 2019 org.apache.commons.math.util.FastMath,910
Mon Sep 02 15:25:49 EDT 2019 org.apache.commons.math.util.FastMath,913
Mon Sep 02 15:26:32 EDT 2019 org.apache.commons.math.util.FastMath,1396
Mon Sep 02 15:27:29 EDT 2019 org.apache.commons.math.util.FastMath,1397
Mon Sep 02 15:27:30 EDT 2019 org.apache.commons.math.util.FastMath,1398
Mon Sep 02 15:28:31 EDT 2019 org.apache.commons.math.util.FastMath,1399
Mon Sep 02 15:31:36 EDT 2019 org.apache.commons.math.util.FastMath,1401
Mon Sep 02 15:33:10 EDT 2019 org.apache.commons.math.util.FastMath,1404
Mon Sep 02 15:33:44 EDT 2019 org.apache.commons.math.util.FastMath,1405
Mon Sep 02 15:35:14 EDT 2019 org.apache.commons.math.util.FastMath,1406
Mon Sep 02 15:37:26 EDT 2019 org.apache.commons.math.util.FastMath,1407
Mon Sep 02 15:39:33 EDT 2019 org.apache.commons.math.util.FastMath,1408
Mon Sep 02 15:41:37 EDT 2019 org.apache.commons.math.util.FastMath,1409
Mon Sep 02 15:43:16 EDT 2019 org.apache.commons.math.util.FastMath,1410
Mon Sep 02 15:45:29 EDT 2019 org.apache.commons.math.util.FastMath,1411
Mon Sep 02 15:46:45 EDT 2019 org.apache.commons.math.util.FastMath,1414
Mon Sep 02 15:48:22 EDT 2019 org.apache.commons.math.util.FastMath,1420
Mon Sep 02 15:50:28 EDT 2019 org.apache.commons.math.util.FastMath,1421
Mon Sep 02 15:58:38 EDT 2019 org.apache.commons.math.util.FastMath,1423
Mon Sep 02 16:05:56 EDT 2019 org.apache.commons.math.util.FastMath,1424
Mon Sep 02 16:05:57 EDT 2019 org.apache.commons.math.util.FastMath,1425
Mon Sep 02 16:05:58 EDT 2019 org.apache.commons.math.util.FastMath,1426
Mon Sep 02 16:05:59 EDT 2019 org.apache.commons.math.util.FastMath,1427
Mon Sep 02 16:06:00 EDT 2019 org.apache.commons.math.util.FastMath,1428
Mon Sep 02 16:06:01 EDT 2019 org.apache.commons.math.util.FastMath,1429
Mon Sep 02 16:06:02 EDT 2019 org.apache.commons.math.util.FastMath,1432
Mon Sep 02 16:13:53 EDT 2019 org.apache.commons.math.util.FastMath,1433
Mon Sep 02 16:15:14 EDT 2019 org.apache.commons.math.util.FastMath,1434
Timeout time : 19/09/02 16:15
Current failed test : org.apache.commons.math.optimization.univariate.MultiStartUnivariateRealOptimizerTest::testQuinticMin_purify_5 | 19/09/02 16:15
Mon Sep 02 16:16:37 EDT 2019 Mon Sep 02 16:16:37 EDT 2019 : org.apache.commons.math.util.FastMath,35=>Find no block
Mon Sep 02 16:16:38 EDT 2019 Mon Sep 02 16:16:38 EDT 2019 : org.apache.commons.math.util.FastMath,40=>Find no block
Mon Sep 02 16:16:39 EDT 2019 Mon Sep 02 16:16:39 EDT 2019 : org.apache.commons.math.util.FastMath,45=>Find no block
Mon Sep 02 16:16:40 EDT 2019 Mon Sep 02 16:16:40 EDT 2019 : org.apache.commons.math.util.FastMath,50=>Find no block
Mon Sep 02 16:16:41 EDT 2019 Mon Sep 02 16:16:41 EDT 2019 : org.apache.commons.math.util.FastMath,53=>Find no block
Mon Sep 02 16:16:42 EDT 2019 Mon Sep 02 16:16:42 EDT 2019 : org.apache.commons.math.util.FastMath,56=>Find no block
Mon Sep 02 16:16:44 EDT 2019 Mon Sep 02 16:16:44 EDT 2019 : org.apache.commons.math.util.FastMath,65=>Find no block
Mon Sep 02 16:16:45 EDT 2019 Mon Sep 02 16:16:45 EDT 2019 : org.apache.commons.math.util.FastMath,85=>Find no block
Mon Sep 02 16:16:46 EDT 2019 Mon Sep 02 16:16:46 EDT 2019 : org.apache.commons.math.util.FastMath,98=>Find no block
Mon Sep 02 16:16:47 EDT 2019 Mon Sep 02 16:16:47 EDT 2019 : org.apache.commons.math.util.FastMath,108=>Find no block
Mon Sep 02 16:16:48 EDT 2019 Mon Sep 02 16:16:48 EDT 2019 : org.apache.commons.math.util.FastMath,111=>Find no block
Mon Sep 02 16:16:49 EDT 2019 Mon Sep 02 16:16:49 EDT 2019 : org.apache.commons.math.util.FastMath,114=>Find no block
Mon Sep 02 16:16:50 EDT 2019 Mon Sep 02 16:16:50 EDT 2019 : org.apache.commons.math.util.FastMath,117=>Find no block
Mon Sep 02 16:16:51 EDT 2019 Mon Sep 02 16:16:51 EDT 2019 : org.apache.commons.math.util.FastMath,120=>Find no block
Mon Sep 02 16:16:53 EDT 2019 Mon Sep 02 16:16:53 EDT 2019 : org.apache.commons.math.util.FastMath,123=>Find no block
Mon Sep 02 16:16:54 EDT 2019 Mon Sep 02 16:16:54 EDT 2019 : org.apache.commons.math.util.FastMath,126=>Find no block
Mon Sep 02 16:16:55 EDT 2019 Mon Sep 02 16:16:55 EDT 2019 : org.apache.commons.math.util.FastMath,147=>Find no block
Mon Sep 02 16:16:56 EDT 2019 Mon Sep 02 16:16:56 EDT 2019 : org.apache.commons.math.util.FastMath,155=>Find no block
Mon Sep 02 16:16:57 EDT 2019 Mon Sep 02 16:16:57 EDT 2019 : org.apache.commons.math.util.FastMath,158=>Find no block
Mon Sep 02 16:16:58 EDT 2019 Mon Sep 02 16:16:58 EDT 2019 : org.apache.commons.math.util.FastMath,169=>Find no block
Mon Sep 02 16:17:00 EDT 2019 Mon Sep 02 16:17:00 EDT 2019 : org.apache.commons.math.util.FastMath,170=>Find no block
Mon Sep 02 16:17:01 EDT 2019 Mon Sep 02 16:17:01 EDT 2019 : org.apache.commons.math.util.FastMath,171=>Find no block
Mon Sep 02 16:17:02 EDT 2019 Mon Sep 02 16:17:02 EDT 2019 : org.apache.commons.math.util.FastMath,174=>Find no block
Mon Sep 02 16:17:03 EDT 2019 Mon Sep 02 16:17:03 EDT 2019 : org.apache.commons.math.util.FastMath,175=>Find no block
Mon Sep 02 16:17:04 EDT 2019 Mon Sep 02 16:17:04 EDT 2019 : org.apache.commons.math.util.FastMath,178=>Find no block
Mon Sep 02 16:17:05 EDT 2019 Mon Sep 02 16:17:05 EDT 2019 : org.apache.commons.math.util.FastMath,179=>Find no block
Mon Sep 02 16:17:07 EDT 2019 Mon Sep 02 16:17:07 EDT 2019 : org.apache.commons.math.util.FastMath,180=>Find no block
Mon Sep 02 16:17:08 EDT 2019 Mon Sep 02 16:17:08 EDT 2019 : org.apache.commons.math.util.FastMath,181=>Find no block
Mon Sep 02 16:17:09 EDT 2019 Mon Sep 02 16:17:09 EDT 2019 : org.apache.commons.math.util.FastMath,183=>Find no block
Mon Sep 02 16:17:10 EDT 2019 Mon Sep 02 16:17:10 EDT 2019 : org.apache.commons.math.util.FastMath,185=>Find no block
Mon Sep 02 16:17:11 EDT 2019 Mon Sep 02 16:17:11 EDT 2019 : org.apache.commons.math.util.FastMath,186=>Find no block
Mon Sep 02 16:17:12 EDT 2019 Mon Sep 02 16:17:12 EDT 2019 : org.apache.commons.math.util.FastMath,187=>Find no block
Mon Sep 02 16:17:13 EDT 2019 Mon Sep 02 16:17:13 EDT 2019 : org.apache.commons.math.util.FastMath,192=>Find no block
Mon Sep 02 16:17:14 EDT 2019 Mon Sep 02 16:17:14 EDT 2019 : org.apache.commons.math.util.FastMath,193=>Find no block
Mon Sep 02 16:17:15 EDT 2019 Mon Sep 02 16:17:15 EDT 2019 : org.apache.commons.math.util.FastMath,194=>Find no block
Mon Sep 02 16:17:16 EDT 2019 Mon Sep 02 16:17:16 EDT 2019 : org.apache.commons.math.util.FastMath,195=>Find no block
Mon Sep 02 16:17:17 EDT 2019 Mon Sep 02 16:17:17 EDT 2019 : org.apache.commons.math.util.FastMath,199=>Find no block
Mon Sep 02 16:17:18 EDT 2019 Mon Sep 02 16:17:18 EDT 2019 : org.apache.commons.math.util.FastMath,200=>Find no block
Mon Sep 02 16:17:19 EDT 2019 Mon Sep 02 16:17:19 EDT 2019 : org.apache.commons.math.util.FastMath,201=>Find no block
Mon Sep 02 16:17:20 EDT 2019 Mon Sep 02 16:17:20 EDT 2019 : org.apache.commons.math.util.FastMath,205=>Find no block
Mon Sep 02 16:17:21 EDT 2019 Mon Sep 02 16:17:21 EDT 2019 : org.apache.commons.math.util.FastMath,206=>Find no block
Mon Sep 02 16:17:22 EDT 2019 org.apache.commons.math.util.FastMath,219
Mon Sep 02 16:19:07 EDT 2019 org.apache.commons.math.util.FastMath,680
Mon Sep 02 16:19:22 EDT 2019 org.apache.commons.math.util.FastMath,681
Mon Sep 02 16:19:23 EDT 2019 org.apache.commons.math.util.FastMath,682
Mon Sep 02 16:19:54 EDT 2019 org.apache.commons.math.util.FastMath,683
Mon Sep 02 16:21:33 EDT 2019 org.apache.commons.math.util.FastMath,684
Mon Sep 02 16:23:08 EDT 2019 org.apache.commons.math.util.FastMath,685
Mon Sep 02 16:23:09 EDT 2019 org.apache.commons.math.util.FastMath,687
Mon Sep 02 16:41:10 EDT 2019 org.apache.commons.math.util.FastMath,688
Mon Sep 02 16:41:11 EDT 2019 org.apache.commons.math.util.FastMath,689
Mon Sep 02 16:41:14 EDT 2019 org.apache.commons.math.util.FastMath,690
Mon Sep 02 16:41:20 EDT 2019 org.apache.commons.math.util.FastMath,692
Mon Sep 02 16:41:23 EDT 2019 org.apache.commons.math.util.FastMath,693
Mon Sep 02 16:41:24 EDT 2019 org.apache.commons.math.util.FastMath,695
Mon Sep 02 16:41:25 EDT 2019 org.apache.commons.math.util.FastMath,696
Mon Sep 02 16:41:26 EDT 2019 org.apache.commons.math.util.FastMath,697
Mon Sep 02 16:41:27 EDT 2019 org.apache.commons.math.util.FastMath,700
Mon Sep 02 16:42:01 EDT 2019 org.apache.commons.math.util.FastMath,701
Mon Sep 02 16:42:02 EDT 2019 org.apache.commons.math.util.FastMath,702
Mon Sep 02 16:42:03 EDT 2019 org.apache.commons.math.util.FastMath,705
Mon Sep 02 16:42:39 EDT 2019 org.apache.commons.math.util.FastMath,714
Mon Sep 02 16:44:33 EDT 2019 org.apache.commons.math.util.FastMath,715
Mon Sep 02 16:44:35 EDT 2019 org.apache.commons.math.util.FastMath,716
Mon Sep 02 16:44:35 EDT 2019 org.apache.commons.math.util.FastMath,717
Mon Sep 02 16:44:36 EDT 2019 Mon Sep 02 16:44:36 EDT 2019 : org.apache.commons.math.util.FastMath,718=>Find no block
Mon Sep 02 16:44:37 EDT 2019 Mon Sep 02 16:44:37 EDT 2019 : org.apache.commons.math.util.FastMath,723=>Find no block
Mon Sep 02 16:44:38 EDT 2019 org.apache.commons.math.util.FastMath,730
Mon Sep 02 16:45:41 EDT 2019 org.apache.commons.math.util.FastMath,731
Mon Sep 02 16:45:42 EDT 2019 org.apache.commons.math.util.FastMath,733
Mon Sep 02 16:46:45 EDT 2019 org.apache.commons.math.util.FastMath,734
Mon Sep 02 16:46:46 EDT 2019 org.apache.commons.math.util.FastMath,735
Mon Sep 02 16:46:48 EDT 2019 org.apache.commons.math.util.FastMath,736
Mon Sep 02 16:46:49 EDT 2019 Mon Sep 02 16:46:49 EDT 2019 : org.apache.commons.math.util.FastMath,737=>Find no block
Mon Sep 02 16:46:50 EDT 2019 org.apache.commons.math.util.FastMath,738
Mon Sep 02 16:46:51 EDT 2019 org.apache.commons.math.util.FastMath,739
Mon Sep 02 16:46:52 EDT 2019 org.apache.commons.math.util.FastMath,740
Mon Sep 02 16:46:53 EDT 2019 Mon Sep 02 16:46:53 EDT 2019 : org.apache.commons.math.util.FastMath,742=>Find no block
Mon Sep 02 16:46:54 EDT 2019 org.apache.commons.math.util.FastMath,750
Mon Sep 02 16:47:03 EDT 2019 org.apache.commons.math.util.FastMath,751
Mon Sep 02 16:47:04 EDT 2019 org.apache.commons.math.util.FastMath,754
Mon Sep 02 16:47:05 EDT 2019 Mon Sep 02 16:47:05 EDT 2019 : org.apache.commons.math.util.FastMath,755=>Find no block
Mon Sep 02 16:47:06 EDT 2019 org.apache.commons.math.util.FastMath,763
Mon Sep 02 16:47:24 EDT 2019 org.apache.commons.math.util.FastMath,764
Mon Sep 02 16:47:25 EDT 2019 org.apache.commons.math.util.FastMath,766
Mon Sep 02 16:47:26 EDT 2019 Mon Sep 02 16:47:26 EDT 2019 : org.apache.commons.math.util.FastMath,767=>Find no block
Mon Sep 02 16:47:27 EDT 2019 org.apache.commons.math.util.FastMath,788
Mon Sep 02 16:48:11 EDT 2019 org.apache.commons.math.util.FastMath,789
Mon Sep 02 16:48:12 EDT 2019 org.apache.commons.math.util.FastMath,791
Mon Sep 02 16:50:27 EDT 2019 org.apache.commons.math.util.FastMath,796
Mon Sep 02 16:51:13 EDT 2019 org.apache.commons.math.util.FastMath,797
Mon Sep 02 16:52:01 EDT 2019 org.apache.commons.math.util.FastMath,799
Mon Sep 02 16:52:49 EDT 2019 org.apache.commons.math.util.FastMath,800
Mon Sep 02 16:52:50 EDT 2019 org.apache.commons.math.util.FastMath,804
Mon Sep 02 17:00:28 EDT 2019 org.apache.commons.math.util.FastMath,806
Mon Sep 02 17:00:29 EDT 2019 org.apache.commons.math.util.FastMath,808
Mon Sep 02 17:00:30 EDT 2019 org.apache.commons.math.util.FastMath,811
Mon Sep 02 17:00:31 EDT 2019 org.apache.commons.math.util.FastMath,813
Mon Sep 02 17:00:32 EDT 2019 Mon Sep 02 17:00:32 EDT 2019 : org.apache.commons.math.util.FastMath,815=>Find no block
Mon Sep 02 17:00:33 EDT 2019 org.apache.commons.math.util.FastMath,823
Mon Sep 02 17:00:50 EDT 2019 org.apache.commons.math.util.FastMath,824
Mon Sep 02 17:00:51 EDT 2019 org.apache.commons.math.util.FastMath,825
Mon Sep 02 17:01:59 EDT 2019 org.apache.commons.math.util.FastMath,828
Mon Sep 02 17:03:04 EDT 2019 org.apache.commons.math.util.FastMath,829
Mon Sep 02 17:04:41 EDT 2019 org.apache.commons.math.util.FastMath,830
Mon Sep 02 17:06:59 EDT 2019 org.apache.commons.math.util.FastMath,832
Mon Sep 02 17:08:16 EDT 2019 org.apache.commons.math.util.FastMath,833
Mon Sep 02 17:08:47 EDT 2019 org.apache.commons.math.util.FastMath,836
Mon Sep 02 17:09:39 EDT 2019 org.apache.commons.math.util.FastMath,837
Mon Sep 02 17:12:33 EDT 2019 org.apache.commons.math.util.FastMath,839
Mon Sep 02 17:15:12 EDT 2019 org.apache.commons.math.util.FastMath,840
Mon Sep 02 17:16:10 EDT 2019 org.apache.commons.math.util.FastMath,841
Mon Sep 02 17:17:46 EDT 2019 org.apache.commons.math.util.FastMath,842
Mon Sep 02 17:19:13 EDT 2019 org.apache.commons.math.util.FastMath,843
Mon Sep 02 17:20:44 EDT 2019 org.apache.commons.math.util.FastMath,844
Mon Sep 02 17:21:27 EDT 2019 org.apache.commons.math.util.FastMath,847
Mon Sep 02 17:22:27 EDT 2019 org.apache.commons.math.util.FastMath,848
Mon Sep 02 17:24:09 EDT 2019 org.apache.commons.math.util.FastMath,849
Mon Sep 02 17:28:39 EDT 2019 org.apache.commons.math.util.FastMath,851
Mon Sep 02 17:30:57 EDT 2019 org.apache.commons.math.util.FastMath,852
Mon Sep 02 17:32:25 EDT 2019 org.apache.commons.math.util.FastMath,853
Mon Sep 02 17:32:26 EDT 2019 org.apache.commons.math.util.FastMath,854
Mon Sep 02 17:32:27 EDT 2019 org.apache.commons.math.util.FastMath,855
Mon Sep 02 17:32:27 EDT 2019 org.apache.commons.math.util.FastMath,856
Mon Sep 02 17:32:28 EDT 2019 org.apache.commons.math.util.FastMath,859
Mon Sep 02 17:33:27 EDT 2019 org.apache.commons.math.util.FastMath,860
Mon Sep 02 17:35:09 EDT 2019 org.apache.commons.math.util.FastMath,861
Mon Sep 02 17:39:38 EDT 2019 org.apache.commons.math.util.FastMath,863
Mon Sep 02 17:39:39 EDT 2019 org.apache.commons.math.util.FastMath,864
Mon Sep 02 17:39:40 EDT 2019 org.apache.commons.math.util.FastMath,865
Mon Sep 02 17:39:41 EDT 2019 org.apache.commons.math.util.FastMath,866
Mon Sep 02 17:39:42 EDT 2019 org.apache.commons.math.util.FastMath,867
Mon Sep 02 17:39:42 EDT 2019 org.apache.commons.math.util.FastMath,868
Mon Sep 02 17:39:43 EDT 2019 Mon Sep 02 17:39:43 EDT 2019 : org.apache.commons.math.util.FastMath,869=>Find no block
Mon Sep 02 17:39:44 EDT 2019 org.apache.commons.math.util.FastMath,878
Mon Sep 02 17:40:02 EDT 2019 org.apache.commons.math.util.FastMath,879
Mon Sep 02 17:40:02 EDT 2019 org.apache.commons.math.util.FastMath,880
Mon Sep 02 17:41:28 EDT 2019 org.apache.commons.math.util.FastMath,889
Mon Sep 02 17:42:32 EDT 2019 org.apache.commons.math.util.FastMath,890
Mon Sep 02 17:45:45 EDT 2019 org.apache.commons.math.util.FastMath,892
Mon Sep 02 17:45:46 EDT 2019 org.apache.commons.math.util.FastMath,894
Mon Sep 02 17:54:34 EDT 2019 org.apache.commons.math.util.FastMath,895
Mon Sep 02 17:54:35 EDT 2019 org.apache.commons.math.util.FastMath,896
Mon Sep 02 17:54:36 EDT 2019 org.apache.commons.math.util.FastMath,897
Mon Sep 02 17:54:36 EDT 2019 org.apache.commons.math.util.FastMath,900
Mon Sep 02 17:54:37 EDT 2019 org.apache.commons.math.util.FastMath,901
Mon Sep 02 17:54:38 EDT 2019 org.apache.commons.math.util.FastMath,903
Mon Sep 02 17:54:39 EDT 2019 org.apache.commons.math.util.FastMath,906
Mon Sep 02 17:54:43 EDT 2019 org.apache.commons.math.util.FastMath,907
Mon Sep 02 17:54:44 EDT 2019 org.apache.commons.math.util.FastMath,908
Mon Sep 02 17:54:45 EDT 2019 org.apache.commons.math.util.FastMath,910
Mon Sep 02 17:54:45 EDT 2019 org.apache.commons.math.util.FastMath,913
Mon Sep 02 17:55:18 EDT 2019 org.apache.commons.math.util.FastMath,1396
Mon Sep 02 17:56:13 EDT 2019 org.apache.commons.math.util.FastMath,1397
Mon Sep 02 17:56:14 EDT 2019 org.apache.commons.math.util.FastMath,1398
Mon Sep 02 17:57:14 EDT 2019 org.apache.commons.math.util.FastMath,1399
Mon Sep 02 18:00:17 EDT 2019 org.apache.commons.math.util.FastMath,1401
Mon Sep 02 18:01:51 EDT 2019 org.apache.commons.math.util.FastMath,1404
Mon Sep 02 18:02:25 EDT 2019 org.apache.commons.math.util.FastMath,1405
Mon Sep 02 18:03:55 EDT 2019 org.apache.commons.math.util.FastMath,1406
Mon Sep 02 18:06:00 EDT 2019 org.apache.commons.math.util.FastMath,1407
Mon Sep 02 18:08:06 EDT 2019 org.apache.commons.math.util.FastMath,1408
Mon Sep 02 18:10:08 EDT 2019 org.apache.commons.math.util.FastMath,1409
Mon Sep 02 18:11:44 EDT 2019 org.apache.commons.math.util.FastMath,1410
Mon Sep 02 18:13:42 EDT 2019 org.apache.commons.math.util.FastMath,1411
Mon Sep 02 18:14:46 EDT 2019 org.apache.commons.math.util.FastMath,1414
Mon Sep 02 18:16:14 EDT 2019 org.apache.commons.math.util.FastMath,1420
Mon Sep 02 18:17:51 EDT 2019 org.apache.commons.math.util.FastMath,1421
Mon Sep 02 18:24:38 EDT 2019 org.apache.commons.math.util.FastMath,1423
Mon Sep 02 18:31:45 EDT 2019 org.apache.commons.math.util.FastMath,1424
Mon Sep 02 18:31:46 EDT 2019 org.apache.commons.math.util.FastMath,1425
Mon Sep 02 18:31:47 EDT 2019 org.apache.commons.math.util.FastMath,1426
Mon Sep 02 18:31:48 EDT 2019 org.apache.commons.math.util.FastMath,1427
Mon Sep 02 18:31:49 EDT 2019 org.apache.commons.math.util.FastMath,1428
Mon Sep 02 18:31:50 EDT 2019 org.apache.commons.math.util.FastMath,1429
Mon Sep 02 18:31:51 EDT 2019 org.apache.commons.math.util.FastMath,1432
Mon Sep 02 18:39:41 EDT 2019 org.apache.commons.math.util.FastMath,1433
Mon Sep 02 18:41:03 EDT 2019 org.apache.commons.math.util.FastMath,1434
Mon Sep 02 18:42:31 EDT 2019 org.apache.commons.math.util.FastMath,1436
Mon Sep 02 18:42:32 EDT 2019 org.apache.commons.math.util.FastMath,1446
Mon Sep 02 18:42:33 EDT 2019 org.apache.commons.math.util.FastMath,1447
Mon Sep 02 18:42:34 EDT 2019 org.apache.commons.math.util.FastMath,1448
Mon Sep 02 18:42:35 EDT 2019 org.apache.commons.math.util.FastMath,1449
Mon Sep 02 18:42:36 EDT 2019 org.apache.commons.math.util.FastMath,1450
Mon Sep 02 18:42:37 EDT 2019 org.apache.commons.math.util.FastMath,1451
Mon Sep 02 18:42:38 EDT 2019 org.apache.commons.math.util.FastMath,1453
Timeout time : 19/09/02 18:46
