=================================================
Project : math_63	start : 19/09/02 13:44
Current failed test : org.apache.commons.math.util.MathUtilsTest::testArrayEquals | 19/09/02 13:44
Mon Sep 02 13:46:21 EDT 2019 org.apache.commons.math.util.MathUtils,417

----------------------------------------
----------------------------------------
Pass Single Test : [=>0,0]
return equals(x,y,1)||FastMath.abs(y-x)<=SAFE_MIN;

Time : 19/09/02 13:47
----------------------------------------

----------------------------------------
----------------------------------------
Similar code block : 1.808976301345361 : [/home/mmotwani/mywork1dir/Defects4Java7/defects4j/SIMFIX_RQ1/math/math_63_buggy/src/main/java/org/apache/commons/math/util/MathUtils.java=>0,0]
return equals(x,y,1)||FastMath.abs(y-x)<=eps;

Time : 19/09/02 13:49
----------------------------------------

----------------------------------------
----------------------------------------
Original source code : [/home/mmotwani/mywork1dir/Defects4Java7/defects4j/SIMFIX_RQ1/math/math_63_buggy/src/main/java/org/apache/commons/math/util/MathUtils.java=>417,417]
return (Double.isNaN(x)&&Double.isNaN(y))||x==y;

Time : 19/09/02 13:49
----------------------------------------

----------------------------------------
----------------------------------------
Find a patch : [/home/mmotwani/mywork1dir/Defects4Java7/defects4j/SIMFIX_RQ1/math/math_63_buggy/src/main/java/org/apache/commons/math/util/MathUtils.java=>417,417]
return equals(x,y,1)||FastMath.abs(y-x)<=SAFE_MIN;

Time : 19/09/02 13:49
----------------------------------------
Success time : 19/09/02 13:49
