=================================================
Project : math_65	start : 19/09/02 13:43
Current failed test : org.apache.commons.math.optimization.general.LevenbergMarquardtOptimizerTest::testCircleFitting_purify_5 | 19/09/02 13:44
Mon Sep 02 13:45:31 EDT 2019 org.apache.commons.math.optimization.general.AbstractLeastSquaresOptimizer,255
Mon Sep 02 13:54:59 EDT 2019 org.apache.commons.math.optimization.general.AbstractLeastSquaresOptimizer,256
Mon Sep 02 14:13:47 EDT 2019 org.apache.commons.math.optimization.general.AbstractLeastSquaresOptimizer,257
Mon Sep 02 14:13:47 EDT 2019 org.apache.commons.math.optimization.general.AbstractLeastSquaresOptimizer,258
Mon Sep 02 14:13:48 EDT 2019 org.apache.commons.math.optimization.general.AbstractLeastSquaresOptimizer,260
Mon Sep 02 14:13:49 EDT 2019 org.apache.commons.math.optimization.general.AbstractLeastSquaresOptimizer,294
Mon Sep 02 14:13:52 EDT 2019 org.apache.commons.math.optimization.general.AbstractLeastSquaresOptimizer,317
Mon Sep 02 14:56:56 EDT 2019 org.apache.commons.math.optimization.general.AbstractLeastSquaresOptimizer,318
Mon Sep 02 14:56:57 EDT 2019 org.apache.commons.math.optimization.general.AbstractLeastSquaresOptimizer,319
Mon Sep 02 14:56:58 EDT 2019 org.apache.commons.math.optimization.general.AbstractLeastSquaresOptimizer,320
Mon Sep 02 14:56:59 EDT 2019 org.apache.commons.math.optimization.general.AbstractLeastSquaresOptimizer,321
Mon Sep 02 14:56:59 EDT 2019 org.apache.commons.math.optimization.general.AbstractLeastSquaresOptimizer,323
Mon Sep 02 14:57:00 EDT 2019 Mon Sep 02 14:57:00 EDT 2019 : org.apache.commons.math.linear.Array2DRowRealMatrix,115=>Find no block
Mon Sep 02 14:57:01 EDT 2019 org.apache.commons.math.linear.Array2DRowRealMatrix,116
Mon Sep 02 15:39:47 EDT 2019 org.apache.commons.math.linear.Array2DRowRealMatrix,119
Mon Sep 02 15:39:48 EDT 2019 org.apache.commons.math.linear.Array2DRowRealMatrix,122
Mon Sep 02 15:56:44 EDT 2019 org.apache.commons.math.linear.Array2DRowRealMatrix,123
Mon Sep 02 15:56:51 EDT 2019 org.apache.commons.math.linear.Array2DRowRealMatrix,127
Timeout time : 19/09/02 16:15
Current failed test : org.apache.commons.math.optimization.general.LevenbergMarquardtOptimizerTest::testCircleFitting_purify_6 | 19/09/02 16:15
Mon Sep 02 16:16:13 EDT 2019 org.apache.commons.math.optimization.general.AbstractLeastSquaresOptimizer,255
Mon Sep 02 16:25:43 EDT 2019 org.apache.commons.math.optimization.general.AbstractLeastSquaresOptimizer,256
Mon Sep 02 16:44:55 EDT 2019 org.apache.commons.math.optimization.general.AbstractLeastSquaresOptimizer,257
Mon Sep 02 16:44:56 EDT 2019 org.apache.commons.math.optimization.general.AbstractLeastSquaresOptimizer,258
Mon Sep 02 16:44:57 EDT 2019 org.apache.commons.math.optimization.general.AbstractLeastSquaresOptimizer,260
Mon Sep 02 16:44:58 EDT 2019 org.apache.commons.math.optimization.general.AbstractLeastSquaresOptimizer,294
Mon Sep 02 16:45:02 EDT 2019 org.apache.commons.math.optimization.general.AbstractLeastSquaresOptimizer,317
Mon Sep 02 17:28:27 EDT 2019 org.apache.commons.math.optimization.general.AbstractLeastSquaresOptimizer,318
Mon Sep 02 17:28:28 EDT 2019 org.apache.commons.math.optimization.general.AbstractLeastSquaresOptimizer,319
Mon Sep 02 17:28:29 EDT 2019 org.apache.commons.math.optimization.general.AbstractLeastSquaresOptimizer,320
Mon Sep 02 17:28:30 EDT 2019 org.apache.commons.math.optimization.general.AbstractLeastSquaresOptimizer,321
Mon Sep 02 17:28:31 EDT 2019 org.apache.commons.math.optimization.general.AbstractLeastSquaresOptimizer,323
Mon Sep 02 17:28:32 EDT 2019 Mon Sep 02 17:28:32 EDT 2019 : org.apache.commons.math.linear.Array2DRowRealMatrix,115=>Find no block
Mon Sep 02 17:28:33 EDT 2019 org.apache.commons.math.linear.Array2DRowRealMatrix,116
Mon Sep 02 18:11:01 EDT 2019 org.apache.commons.math.linear.Array2DRowRealMatrix,119
Mon Sep 02 18:11:02 EDT 2019 org.apache.commons.math.linear.Array2DRowRealMatrix,122
Mon Sep 02 18:26:13 EDT 2019 org.apache.commons.math.linear.Array2DRowRealMatrix,123
Mon Sep 02 18:26:14 EDT 2019 org.apache.commons.math.linear.Array2DRowRealMatrix,127
Mon Sep 02 18:44:09 EDT 2019 org.apache.commons.math.linear.Array2DRowRealMatrix,128
Mon Sep 02 18:44:10 EDT 2019 org.apache.commons.math.linear.Array2DRowRealMatrix,132
Mon Sep 02 18:44:11 EDT 2019 org.apache.commons.math.linear.Array2DRowRealMatrix,133
Mon Sep 02 18:44:12 EDT 2019 org.apache.commons.math.linear.Array2DRowRealMatrix,138
Timeout time : 19/09/02 18:46
