=================================================
Project : math_67	start : 19/09/02 13:43
Current failed test : org.apache.commons.math.optimization.MultiStartUnivariateRealOptimizerTest::testQuinticMin_purify_1 | 19/09/02 13:44
Mon Sep 02 13:44:58 EDT 2019 org.apache.commons.math.MathRuntimeException,444
Mon Sep 02 13:45:03 EDT 2019 org.apache.commons.math.MathRuntimeException,444
Mon Sep 02 13:45:05 EDT 2019 org.apache.commons.math.optimization.univariate.AbstractUnivariateRealOptimizer,79
Mon Sep 02 13:45:41 EDT 2019 org.apache.commons.math.optimization.univariate.AbstractUnivariateRealOptimizer,80
Mon Sep 02 13:45:42 EDT 2019 org.apache.commons.math.ConvergingAlgorithmImpl,78
Mon Sep 02 13:46:36 EDT 2019 Mon Sep 02 13:46:36 EDT 2019 : org.apache.commons.math.ConvergingAlgorithmImpl,79=>Find no block
Mon Sep 02 13:46:37 EDT 2019 org.apache.commons.math.ConvergingAlgorithmImpl,83
Mon Sep 02 13:47:15 EDT 2019 org.apache.commons.math.ConvergingAlgorithmImpl,108
Mon Sep 02 13:47:58 EDT 2019 Mon Sep 02 13:47:58 EDT 2019 : org.apache.commons.math.ConvergingAlgorithmImpl,109=>Find no block
Mon Sep 02 13:47:59 EDT 2019 org.apache.commons.math.ConvergingAlgorithmImpl,113
Mon Sep 02 13:48:29 EDT 2019 org.apache.commons.math.optimization.MultiStartUnivariateRealOptimizer,97
Mon Sep 02 13:49:24 EDT 2019 org.apache.commons.math.optimization.MultiStartUnivariateRealOptimizer,102
Mon Sep 02 13:50:11 EDT 2019 org.apache.commons.math.optimization.MultiStartUnivariateRealOptimizer,127
Mon Sep 02 13:50:56 EDT 2019 org.apache.commons.math.optimization.MultiStartUnivariateRealOptimizer,147
Mon Sep 02 13:51:31 EDT 2019 Mon Sep 02 13:51:31 EDT 2019 : org.apache.commons.math.optimization.MultiStartUnivariateRealOptimizer,148=>Find no block
Mon Sep 02 13:51:32 EDT 2019 org.apache.commons.math.optimization.MultiStartUnivariateRealOptimizer,162
Mon Sep 02 13:52:08 EDT 2019 Mon Sep 02 13:52:08 EDT 2019 : org.apache.commons.math.optimization.MultiStartUnivariateRealOptimizer,163=>Find no block
Mon Sep 02 13:52:09 EDT 2019 org.apache.commons.math.optimization.MultiStartUnivariateRealOptimizer,194
Mon Sep 02 13:52:47 EDT 2019 org.apache.commons.math.optimization.MultiStartUnivariateRealOptimizer,220
Mon Sep 02 13:53:26 EDT 2019 org.apache.commons.math.optimization.MultiStartUnivariateRealOptimizer,280
Mon Sep 02 13:56:05 EDT 2019 org.apache.commons.math.optimization.MultiStartUnivariateRealOptimizer,281
Mon Sep 02 13:56:06 EDT 2019 org.apache.commons.math.optimization.MultiStartUnivariateRealOptimizer,282
Mon Sep 02 13:56:07 EDT 2019 org.apache.commons.math.optimization.MultiStartUnivariateRealOptimizer,283
Mon Sep 02 14:04:57 EDT 2019 org.apache.commons.math.optimization.MultiStartUnivariateRealOptimizer,284
Mon Sep 02 14:04:58 EDT 2019 org.apache.commons.math.optimization.MultiStartUnivariateRealOptimizer,285
Mon Sep 02 14:04:59 EDT 2019 org.apache.commons.math.optimization.MultiStartUnivariateRealOptimizer,286
Mon Sep 02 14:05:00 EDT 2019 org.apache.commons.math.optimization.MultiStartUnivariateRealOptimizer,287
Mon Sep 02 14:05:01 EDT 2019 org.apache.commons.math.optimization.MultiStartUnivariateRealOptimizer,288
Mon Sep 02 14:05:02 EDT 2019 org.apache.commons.math.optimization.MultiStartUnivariateRealOptimizer,294
Mon Sep 02 14:11:12 EDT 2019 org.apache.commons.math.optimization.MultiStartUnivariateRealOptimizer,295
Mon Sep 02 14:19:20 EDT 2019 org.apache.commons.math.optimization.MultiStartUnivariateRealOptimizer,296
Mon Sep 02 14:26:18 EDT 2019 org.apache.commons.math.optimization.MultiStartUnivariateRealOptimizer,297
Mon Sep 02 14:26:19 EDT 2019 Mon Sep 02 14:26:19 EDT 2019 : org.apache.commons.math.util.LocalizedFormats,305=>Find no block
Mon Sep 02 14:26:20 EDT 2019 org.apache.commons.math.util.LocalizedFormats,306
Mon Sep 02 14:26:23 EDT 2019 Mon Sep 02 14:26:23 EDT 2019 : org.apache.commons.math.util.LocalizedFormats,307=>Find no block
Mon Sep 02 14:26:24 EDT 2019 Mon Sep 02 14:26:24 EDT 2019 : org.apache.commons.math.util.LocalizedFormats,44=>Find no block
Mon Sep 02 14:26:25 EDT 2019 Mon Sep 02 14:26:25 EDT 2019 : org.apache.commons.math.util.LocalizedFormats,45=>Find no block
Mon Sep 02 14:26:25 EDT 2019 Mon Sep 02 14:26:25 EDT 2019 : org.apache.commons.math.util.LocalizedFormats,46=>Find no block
Mon Sep 02 14:26:26 EDT 2019 Mon Sep 02 14:26:26 EDT 2019 : org.apache.commons.math.util.LocalizedFormats,47=>Find no block
Mon Sep 02 14:26:27 EDT 2019 Mon Sep 02 14:26:27 EDT 2019 : org.apache.commons.math.util.LocalizedFormats,48=>Find no block
Mon Sep 02 14:26:28 EDT 2019 Mon Sep 02 14:26:28 EDT 2019 : org.apache.commons.math.util.LocalizedFormats,49=>Find no block
Mon Sep 02 14:26:29 EDT 2019 Mon Sep 02 14:26:29 EDT 2019 : org.apache.commons.math.util.LocalizedFormats,50=>Find no block
Mon Sep 02 14:26:30 EDT 2019 Mon Sep 02 14:26:30 EDT 2019 : org.apache.commons.math.util.LocalizedFormats,51=>Find no block
Mon Sep 02 14:26:31 EDT 2019 Mon Sep 02 14:26:31 EDT 2019 : org.apache.commons.math.util.LocalizedFormats,52=>Find no block
Mon Sep 02 14:26:31 EDT 2019 Mon Sep 02 14:26:31 EDT 2019 : org.apache.commons.math.util.LocalizedFormats,53=>Find no block
Mon Sep 02 14:26:32 EDT 2019 Mon Sep 02 14:26:32 EDT 2019 : org.apache.commons.math.util.LocalizedFormats,54=>Find no block
Mon Sep 02 14:26:33 EDT 2019 Mon Sep 02 14:26:33 EDT 2019 : org.apache.commons.math.util.LocalizedFormats,55=>Find no block
Mon Sep 02 14:26:34 EDT 2019 Mon Sep 02 14:26:34 EDT 2019 : org.apache.commons.math.util.LocalizedFormats,56=>Find no block
Mon Sep 02 14:26:35 EDT 2019 Mon Sep 02 14:26:35 EDT 2019 : org.apache.commons.math.util.LocalizedFormats,57=>Find no block
Mon Sep 02 14:26:36 EDT 2019 Mon Sep 02 14:26:36 EDT 2019 : org.apache.commons.math.util.LocalizedFormats,58=>Find no block
Mon Sep 02 14:26:37 EDT 2019 Mon Sep 02 14:26:37 EDT 2019 : org.apache.commons.math.util.LocalizedFormats,59=>Find no block
Mon Sep 02 14:26:38 EDT 2019 Mon Sep 02 14:26:38 EDT 2019 : org.apache.commons.math.util.LocalizedFormats,60=>Find no block
Mon Sep 02 14:26:38 EDT 2019 Mon Sep 02 14:26:38 EDT 2019 : org.apache.commons.math.util.LocalizedFormats,61=>Find no block
Mon Sep 02 14:26:39 EDT 2019 Mon Sep 02 14:26:39 EDT 2019 : org.apache.commons.math.util.LocalizedFormats,62=>Find no block
Mon Sep 02 14:26:40 EDT 2019 Mon Sep 02 14:26:40 EDT 2019 : org.apache.commons.math.util.LocalizedFormats,63=>Find no block
Mon Sep 02 14:26:41 EDT 2019 Mon Sep 02 14:26:41 EDT 2019 : org.apache.commons.math.util.LocalizedFormats,64=>Find no block
Mon Sep 02 14:26:42 EDT 2019 Mon Sep 02 14:26:42 EDT 2019 : org.apache.commons.math.util.LocalizedFormats,65=>Find no block
Mon Sep 02 14:26:42 EDT 2019 Mon Sep 02 14:26:42 EDT 2019 : org.apache.commons.math.util.LocalizedFormats,66=>Find no block
Mon Sep 02 14:26:43 EDT 2019 Mon Sep 02 14:26:43 EDT 2019 : org.apache.commons.math.util.LocalizedFormats,67=>Find no block
Mon Sep 02 14:26:44 EDT 2019 Mon Sep 02 14:26:44 EDT 2019 : org.apache.commons.math.util.LocalizedFormats,68=>Find no block
Mon Sep 02 14:26:45 EDT 2019 Mon Sep 02 14:26:45 EDT 2019 : org.apache.commons.math.util.LocalizedFormats,69=>Find no block
Mon Sep 02 14:26:46 EDT 2019 Mon Sep 02 14:26:46 EDT 2019 : org.apache.commons.math.util.LocalizedFormats,70=>Find no block
Mon Sep 02 14:26:46 EDT 2019 Mon Sep 02 14:26:46 EDT 2019 : org.apache.commons.math.util.LocalizedFormats,71=>Find no block
Mon Sep 02 14:26:47 EDT 2019 Mon Sep 02 14:26:47 EDT 2019 : org.apache.commons.math.util.LocalizedFormats,72=>Find no block
Mon Sep 02 14:26:48 EDT 2019 Mon Sep 02 14:26:48 EDT 2019 : org.apache.commons.math.util.LocalizedFormats,73=>Find no block
Mon Sep 02 14:26:49 EDT 2019 Mon Sep 02 14:26:49 EDT 2019 : org.apache.commons.math.util.LocalizedFormats,74=>Find no block
Mon Sep 02 14:26:50 EDT 2019 Mon Sep 02 14:26:50 EDT 2019 : org.apache.commons.math.util.LocalizedFormats,75=>Find no block
Mon Sep 02 14:26:51 EDT 2019 Mon Sep 02 14:26:51 EDT 2019 : org.apache.commons.math.util.LocalizedFormats,76=>Find no block
Mon Sep 02 14:26:51 EDT 2019 Mon Sep 02 14:26:51 EDT 2019 : org.apache.commons.math.util.LocalizedFormats,77=>Find no block
Mon Sep 02 14:26:52 EDT 2019 Mon Sep 02 14:26:52 EDT 2019 : org.apache.commons.math.util.LocalizedFormats,78=>Find no block
Mon Sep 02 14:26:53 EDT 2019 Mon Sep 02 14:26:53 EDT 2019 : org.apache.commons.math.util.LocalizedFormats,79=>Find no block
Mon Sep 02 14:26:54 EDT 2019 Mon Sep 02 14:26:54 EDT 2019 : org.apache.commons.math.util.LocalizedFormats,80=>Find no block
Mon Sep 02 14:26:55 EDT 2019 Mon Sep 02 14:26:55 EDT 2019 : org.apache.commons.math.util.LocalizedFormats,81=>Find no block
Mon Sep 02 14:26:56 EDT 2019 Mon Sep 02 14:26:56 EDT 2019 : org.apache.commons.math.util.LocalizedFormats,82=>Find no block
Timeout time : 19/09/02 14:26
Current failed test : org.apache.commons.math.optimization.MultiStartUnivariateRealOptimizerTest::testQuinticMin_purify_2 | 19/09/02 14:26
Mon Sep 02 14:27:31 EDT 2019 org.apache.commons.math.MathRuntimeException,444
Mon Sep 02 14:27:34 EDT 2019 org.apache.commons.math.MathRuntimeException,444
Mon Sep 02 14:27:35 EDT 2019 org.apache.commons.math.optimization.univariate.AbstractUnivariateRealOptimizer,79
Mon Sep 02 14:28:08 EDT 2019 org.apache.commons.math.optimization.univariate.AbstractUnivariateRealOptimizer,80
Mon Sep 02 14:28:09 EDT 2019 org.apache.commons.math.ConvergingAlgorithmImpl,78
Mon Sep 02 14:28:59 EDT 2019 Mon Sep 02 14:28:59 EDT 2019 : org.apache.commons.math.ConvergingAlgorithmImpl,79=>Find no block
Mon Sep 02 14:29:00 EDT 2019 org.apache.commons.math.ConvergingAlgorithmImpl,83
Mon Sep 02 14:29:35 EDT 2019 org.apache.commons.math.ConvergingAlgorithmImpl,108
Mon Sep 02 14:30:18 EDT 2019 Mon Sep 02 14:30:18 EDT 2019 : org.apache.commons.math.ConvergingAlgorithmImpl,109=>Find no block
Mon Sep 02 14:30:19 EDT 2019 org.apache.commons.math.ConvergingAlgorithmImpl,113
Mon Sep 02 14:30:49 EDT 2019 org.apache.commons.math.optimization.MultiStartUnivariateRealOptimizer,97
Mon Sep 02 14:31:43 EDT 2019 org.apache.commons.math.optimization.MultiStartUnivariateRealOptimizer,102
Mon Sep 02 14:32:29 EDT 2019 org.apache.commons.math.optimization.MultiStartUnivariateRealOptimizer,127
Mon Sep 02 14:33:14 EDT 2019 org.apache.commons.math.optimization.MultiStartUnivariateRealOptimizer,147
Mon Sep 02 14:33:50 EDT 2019 Mon Sep 02 14:33:50 EDT 2019 : org.apache.commons.math.optimization.MultiStartUnivariateRealOptimizer,148=>Find no block
Mon Sep 02 14:33:51 EDT 2019 org.apache.commons.math.optimization.MultiStartUnivariateRealOptimizer,162
Mon Sep 02 14:34:27 EDT 2019 Mon Sep 02 14:34:27 EDT 2019 : org.apache.commons.math.optimization.MultiStartUnivariateRealOptimizer,163=>Find no block
Mon Sep 02 14:34:28 EDT 2019 org.apache.commons.math.optimization.MultiStartUnivariateRealOptimizer,194
Mon Sep 02 14:35:05 EDT 2019 org.apache.commons.math.optimization.MultiStartUnivariateRealOptimizer,220
Mon Sep 02 14:35:43 EDT 2019 org.apache.commons.math.optimization.MultiStartUnivariateRealOptimizer,280
Mon Sep 02 14:38:20 EDT 2019 org.apache.commons.math.optimization.MultiStartUnivariateRealOptimizer,281
Mon Sep 02 14:38:21 EDT 2019 org.apache.commons.math.optimization.MultiStartUnivariateRealOptimizer,282
Mon Sep 02 14:38:22 EDT 2019 org.apache.commons.math.optimization.MultiStartUnivariateRealOptimizer,283
Mon Sep 02 14:47:18 EDT 2019 org.apache.commons.math.optimization.MultiStartUnivariateRealOptimizer,284
Mon Sep 02 14:47:19 EDT 2019 org.apache.commons.math.optimization.MultiStartUnivariateRealOptimizer,285
Mon Sep 02 14:47:20 EDT 2019 org.apache.commons.math.optimization.MultiStartUnivariateRealOptimizer,286
Mon Sep 02 14:47:21 EDT 2019 org.apache.commons.math.optimization.MultiStartUnivariateRealOptimizer,287
Mon Sep 02 14:47:22 EDT 2019 org.apache.commons.math.optimization.MultiStartUnivariateRealOptimizer,288
Mon Sep 02 14:47:23 EDT 2019 org.apache.commons.math.optimization.MultiStartUnivariateRealOptimizer,294
Mon Sep 02 14:53:33 EDT 2019 org.apache.commons.math.optimization.MultiStartUnivariateRealOptimizer,295
Mon Sep 02 15:01:39 EDT 2019 org.apache.commons.math.optimization.MultiStartUnivariateRealOptimizer,296
Mon Sep 02 15:08:40 EDT 2019 org.apache.commons.math.optimization.MultiStartUnivariateRealOptimizer,297
Mon Sep 02 15:08:41 EDT 2019 Mon Sep 02 15:08:41 EDT 2019 : org.apache.commons.math.util.LocalizedFormats,305=>Find no block
Mon Sep 02 15:08:42 EDT 2019 org.apache.commons.math.util.LocalizedFormats,306
Mon Sep 02 15:08:45 EDT 2019 Mon Sep 02 15:08:45 EDT 2019 : org.apache.commons.math.util.LocalizedFormats,307=>Find no block
Mon Sep 02 15:08:45 EDT 2019 Mon Sep 02 15:08:45 EDT 2019 : org.apache.commons.math.util.LocalizedFormats,44=>Find no block
Mon Sep 02 15:08:46 EDT 2019 Mon Sep 02 15:08:46 EDT 2019 : org.apache.commons.math.util.LocalizedFormats,45=>Find no block
Mon Sep 02 15:08:47 EDT 2019 Mon Sep 02 15:08:47 EDT 2019 : org.apache.commons.math.util.LocalizedFormats,46=>Find no block
Mon Sep 02 15:08:48 EDT 2019 Mon Sep 02 15:08:48 EDT 2019 : org.apache.commons.math.util.LocalizedFormats,47=>Find no block
Mon Sep 02 15:08:49 EDT 2019 Mon Sep 02 15:08:49 EDT 2019 : org.apache.commons.math.util.LocalizedFormats,48=>Find no block
Mon Sep 02 15:08:50 EDT 2019 Mon Sep 02 15:08:50 EDT 2019 : org.apache.commons.math.util.LocalizedFormats,49=>Find no block
Mon Sep 02 15:08:51 EDT 2019 Mon Sep 02 15:08:51 EDT 2019 : org.apache.commons.math.util.LocalizedFormats,50=>Find no block
Mon Sep 02 15:08:51 EDT 2019 Mon Sep 02 15:08:51 EDT 2019 : org.apache.commons.math.util.LocalizedFormats,51=>Find no block
Mon Sep 02 15:08:52 EDT 2019 Mon Sep 02 15:08:52 EDT 2019 : org.apache.commons.math.util.LocalizedFormats,52=>Find no block
Mon Sep 02 15:08:53 EDT 2019 Mon Sep 02 15:08:53 EDT 2019 : org.apache.commons.math.util.LocalizedFormats,53=>Find no block
Mon Sep 02 15:08:54 EDT 2019 Mon Sep 02 15:08:54 EDT 2019 : org.apache.commons.math.util.LocalizedFormats,54=>Find no block
Mon Sep 02 15:08:55 EDT 2019 Mon Sep 02 15:08:55 EDT 2019 : org.apache.commons.math.util.LocalizedFormats,55=>Find no block
Mon Sep 02 15:08:56 EDT 2019 Mon Sep 02 15:08:56 EDT 2019 : org.apache.commons.math.util.LocalizedFormats,56=>Find no block
Mon Sep 02 15:08:57 EDT 2019 Mon Sep 02 15:08:57 EDT 2019 : org.apache.commons.math.util.LocalizedFormats,57=>Find no block
Mon Sep 02 15:08:57 EDT 2019 Mon Sep 02 15:08:57 EDT 2019 : org.apache.commons.math.util.LocalizedFormats,58=>Find no block
Mon Sep 02 15:08:58 EDT 2019 Mon Sep 02 15:08:58 EDT 2019 : org.apache.commons.math.util.LocalizedFormats,59=>Find no block
Mon Sep 02 15:08:59 EDT 2019 Mon Sep 02 15:08:59 EDT 2019 : org.apache.commons.math.util.LocalizedFormats,60=>Find no block
Mon Sep 02 15:09:00 EDT 2019 Mon Sep 02 15:09:00 EDT 2019 : org.apache.commons.math.util.LocalizedFormats,61=>Find no block
Mon Sep 02 15:09:01 EDT 2019 Mon Sep 02 15:09:01 EDT 2019 : org.apache.commons.math.util.LocalizedFormats,62=>Find no block
Mon Sep 02 15:09:03 EDT 2019 Mon Sep 02 15:09:03 EDT 2019 : org.apache.commons.math.util.LocalizedFormats,63=>Find no block
Mon Sep 02 15:09:03 EDT 2019 Mon Sep 02 15:09:03 EDT 2019 : org.apache.commons.math.util.LocalizedFormats,64=>Find no block
Mon Sep 02 15:09:04 EDT 2019 Mon Sep 02 15:09:04 EDT 2019 : org.apache.commons.math.util.LocalizedFormats,65=>Find no block
Mon Sep 02 15:09:05 EDT 2019 Mon Sep 02 15:09:05 EDT 2019 : org.apache.commons.math.util.LocalizedFormats,66=>Find no block
Mon Sep 02 15:09:06 EDT 2019 Mon Sep 02 15:09:06 EDT 2019 : org.apache.commons.math.util.LocalizedFormats,67=>Find no block
Mon Sep 02 15:09:07 EDT 2019 Mon Sep 02 15:09:07 EDT 2019 : org.apache.commons.math.util.LocalizedFormats,68=>Find no block
Mon Sep 02 15:09:08 EDT 2019 Mon Sep 02 15:09:08 EDT 2019 : org.apache.commons.math.util.LocalizedFormats,69=>Find no block
Mon Sep 02 15:09:15 EDT 2019 Mon Sep 02 15:09:15 EDT 2019 : org.apache.commons.math.util.LocalizedFormats,70=>Find no block
Mon Sep 02 15:09:17 EDT 2019 Mon Sep 02 15:09:17 EDT 2019 : org.apache.commons.math.util.LocalizedFormats,71=>Find no block
Mon Sep 02 15:09:18 EDT 2019 Mon Sep 02 15:09:18 EDT 2019 : org.apache.commons.math.util.LocalizedFormats,72=>Find no block
Mon Sep 02 15:09:19 EDT 2019 Mon Sep 02 15:09:19 EDT 2019 : org.apache.commons.math.util.LocalizedFormats,73=>Find no block
Mon Sep 02 15:09:19 EDT 2019 Mon Sep 02 15:09:19 EDT 2019 : org.apache.commons.math.util.LocalizedFormats,74=>Find no block
Mon Sep 02 15:09:20 EDT 2019 Mon Sep 02 15:09:20 EDT 2019 : org.apache.commons.math.util.LocalizedFormats,75=>Find no block
Mon Sep 02 15:09:21 EDT 2019 Mon Sep 02 15:09:21 EDT 2019 : org.apache.commons.math.util.LocalizedFormats,76=>Find no block
Mon Sep 02 15:09:22 EDT 2019 Mon Sep 02 15:09:22 EDT 2019 : org.apache.commons.math.util.LocalizedFormats,77=>Find no block
Mon Sep 02 15:09:23 EDT 2019 Mon Sep 02 15:09:23 EDT 2019 : org.apache.commons.math.util.LocalizedFormats,78=>Find no block
Mon Sep 02 15:09:24 EDT 2019 Mon Sep 02 15:09:24 EDT 2019 : org.apache.commons.math.util.LocalizedFormats,79=>Find no block
Mon Sep 02 15:09:24 EDT 2019 Mon Sep 02 15:09:24 EDT 2019 : org.apache.commons.math.util.LocalizedFormats,80=>Find no block
Mon Sep 02 15:09:25 EDT 2019 Mon Sep 02 15:09:25 EDT 2019 : org.apache.commons.math.util.LocalizedFormats,81=>Find no block
Mon Sep 02 15:09:26 EDT 2019 Mon Sep 02 15:09:26 EDT 2019 : org.apache.commons.math.util.LocalizedFormats,82=>Find no block
Mon Sep 02 15:09:27 EDT 2019 Mon Sep 02 15:09:27 EDT 2019 : org.apache.commons.math.util.LocalizedFormats,83=>Find no block
Mon Sep 02 15:09:28 EDT 2019 Mon Sep 02 15:09:28 EDT 2019 : org.apache.commons.math.util.LocalizedFormats,84=>Find no block
Mon Sep 02 15:09:29 EDT 2019 Mon Sep 02 15:09:29 EDT 2019 : org.apache.commons.math.util.LocalizedFormats,85=>Find no block
Mon Sep 02 15:09:29 EDT 2019 Mon Sep 02 15:09:29 EDT 2019 : org.apache.commons.math.util.LocalizedFormats,86=>Find no block
Timeout time : 19/09/02 15:09
Current failed test : org.apache.commons.math.optimization.MultiStartUnivariateRealOptimizerTest::testQuinticMin_purify_3 | 19/09/02 15:09
Mon Sep 02 15:10:17 EDT 2019 org.apache.commons.math.MathRuntimeException,444
Mon Sep 02 15:10:20 EDT 2019 org.apache.commons.math.MathRuntimeException,444
Mon Sep 02 15:10:21 EDT 2019 org.apache.commons.math.optimization.univariate.AbstractUnivariateRealOptimizer,79
Mon Sep 02 15:10:55 EDT 2019 org.apache.commons.math.optimization.univariate.AbstractUnivariateRealOptimizer,80
Mon Sep 02 15:10:55 EDT 2019 org.apache.commons.math.ConvergingAlgorithmImpl,78
Mon Sep 02 15:11:48 EDT 2019 Mon Sep 02 15:11:48 EDT 2019 : org.apache.commons.math.ConvergingAlgorithmImpl,79=>Find no block
Mon Sep 02 15:11:49 EDT 2019 org.apache.commons.math.ConvergingAlgorithmImpl,83
Mon Sep 02 15:12:25 EDT 2019 org.apache.commons.math.ConvergingAlgorithmImpl,108
Mon Sep 02 15:13:11 EDT 2019 Mon Sep 02 15:13:11 EDT 2019 : org.apache.commons.math.ConvergingAlgorithmImpl,109=>Find no block
Mon Sep 02 15:13:12 EDT 2019 org.apache.commons.math.ConvergingAlgorithmImpl,113
Mon Sep 02 15:13:39 EDT 2019 org.apache.commons.math.optimization.MultiStartUnivariateRealOptimizer,97
Mon Sep 02 15:14:35 EDT 2019 org.apache.commons.math.optimization.MultiStartUnivariateRealOptimizer,102
Mon Sep 02 15:15:20 EDT 2019 org.apache.commons.math.optimization.MultiStartUnivariateRealOptimizer,127
Mon Sep 02 15:16:04 EDT 2019 org.apache.commons.math.optimization.MultiStartUnivariateRealOptimizer,147
Mon Sep 02 15:16:47 EDT 2019 Mon Sep 02 15:16:47 EDT 2019 : org.apache.commons.math.optimization.MultiStartUnivariateRealOptimizer,148=>Find no block
Mon Sep 02 15:16:48 EDT 2019 org.apache.commons.math.optimization.MultiStartUnivariateRealOptimizer,162
Mon Sep 02 15:17:24 EDT 2019 Mon Sep 02 15:17:24 EDT 2019 : org.apache.commons.math.optimization.MultiStartUnivariateRealOptimizer,163=>Find no block
Mon Sep 02 15:17:24 EDT 2019 org.apache.commons.math.optimization.MultiStartUnivariateRealOptimizer,194
Mon Sep 02 15:18:02 EDT 2019 org.apache.commons.math.optimization.MultiStartUnivariateRealOptimizer,220
Mon Sep 02 15:18:48 EDT 2019 org.apache.commons.math.optimization.MultiStartUnivariateRealOptimizer,280
Mon Sep 02 15:21:34 EDT 2019 org.apache.commons.math.optimization.MultiStartUnivariateRealOptimizer,281
Mon Sep 02 15:21:35 EDT 2019 org.apache.commons.math.optimization.MultiStartUnivariateRealOptimizer,282
Mon Sep 02 15:21:36 EDT 2019 org.apache.commons.math.optimization.MultiStartUnivariateRealOptimizer,283
Mon Sep 02 15:30:47 EDT 2019 org.apache.commons.math.optimization.MultiStartUnivariateRealOptimizer,284
Mon Sep 02 15:30:48 EDT 2019 org.apache.commons.math.optimization.MultiStartUnivariateRealOptimizer,285
Mon Sep 02 15:30:49 EDT 2019 org.apache.commons.math.optimization.MultiStartUnivariateRealOptimizer,286
Mon Sep 02 15:30:49 EDT 2019 org.apache.commons.math.optimization.MultiStartUnivariateRealOptimizer,287
Mon Sep 02 15:30:50 EDT 2019 org.apache.commons.math.optimization.MultiStartUnivariateRealOptimizer,288
Mon Sep 02 15:30:51 EDT 2019 org.apache.commons.math.optimization.MultiStartUnivariateRealOptimizer,294
Mon Sep 02 15:37:07 EDT 2019 org.apache.commons.math.optimization.MultiStartUnivariateRealOptimizer,295
Mon Sep 02 15:45:42 EDT 2019 org.apache.commons.math.optimization.MultiStartUnivariateRealOptimizer,296
Timeout time : 19/09/02 15:52
Current failed test : org.apache.commons.math.optimization.MultiStartUnivariateRealOptimizerTest::testQuinticMin_purify_7 | 19/09/02 15:52
Mon Sep 02 15:53:42 EDT 2019 org.apache.commons.math.MathRuntimeException,444
Mon Sep 02 15:53:58 EDT 2019 org.apache.commons.math.MathRuntimeException,444
Mon Sep 02 15:53:59 EDT 2019 org.apache.commons.math.optimization.univariate.AbstractUnivariateRealOptimizer,79
Mon Sep 02 15:55:00 EDT 2019 org.apache.commons.math.optimization.univariate.AbstractUnivariateRealOptimizer,80
Mon Sep 02 15:55:02 EDT 2019 org.apache.commons.math.ConvergingAlgorithmImpl,78
Mon Sep 02 15:56:31 EDT 2019 Mon Sep 02 15:56:31 EDT 2019 : org.apache.commons.math.ConvergingAlgorithmImpl,79=>Find no block
Mon Sep 02 15:56:38 EDT 2019 org.apache.commons.math.ConvergingAlgorithmImpl,83
Mon Sep 02 15:57:26 EDT 2019 org.apache.commons.math.ConvergingAlgorithmImpl,108
Mon Sep 02 15:58:45 EDT 2019 Mon Sep 02 15:58:45 EDT 2019 : org.apache.commons.math.ConvergingAlgorithmImpl,109=>Find no block
Mon Sep 02 15:58:52 EDT 2019 org.apache.commons.math.ConvergingAlgorithmImpl,113
Mon Sep 02 15:59:25 EDT 2019 org.apache.commons.math.optimization.MultiStartUnivariateRealOptimizer,97
Mon Sep 02 16:00:19 EDT 2019 org.apache.commons.math.optimization.MultiStartUnivariateRealOptimizer,102
Mon Sep 02 16:01:07 EDT 2019 org.apache.commons.math.optimization.MultiStartUnivariateRealOptimizer,127
Mon Sep 02 16:01:54 EDT 2019 org.apache.commons.math.optimization.MultiStartUnivariateRealOptimizer,147
Mon Sep 02 16:02:30 EDT 2019 Mon Sep 02 16:02:30 EDT 2019 : org.apache.commons.math.optimization.MultiStartUnivariateRealOptimizer,148=>Find no block
Mon Sep 02 16:02:31 EDT 2019 org.apache.commons.math.optimization.MultiStartUnivariateRealOptimizer,162
Mon Sep 02 16:03:08 EDT 2019 Mon Sep 02 16:03:08 EDT 2019 : org.apache.commons.math.optimization.MultiStartUnivariateRealOptimizer,163=>Find no block
Mon Sep 02 16:03:09 EDT 2019 org.apache.commons.math.optimization.MultiStartUnivariateRealOptimizer,194
Mon Sep 02 16:03:49 EDT 2019 org.apache.commons.math.optimization.MultiStartUnivariateRealOptimizer,220
Mon Sep 02 16:04:28 EDT 2019 org.apache.commons.math.optimization.MultiStartUnivariateRealOptimizer,280
Mon Sep 02 16:07:08 EDT 2019 org.apache.commons.math.optimization.MultiStartUnivariateRealOptimizer,281
Mon Sep 02 16:07:09 EDT 2019 org.apache.commons.math.optimization.MultiStartUnivariateRealOptimizer,282
Mon Sep 02 16:07:10 EDT 2019 org.apache.commons.math.optimization.MultiStartUnivariateRealOptimizer,283
Mon Sep 02 16:16:10 EDT 2019 org.apache.commons.math.optimization.MultiStartUnivariateRealOptimizer,284
Mon Sep 02 16:16:11 EDT 2019 org.apache.commons.math.optimization.MultiStartUnivariateRealOptimizer,285
Mon Sep 02 16:16:12 EDT 2019 org.apache.commons.math.optimization.MultiStartUnivariateRealOptimizer,286
Mon Sep 02 16:16:13 EDT 2019 org.apache.commons.math.optimization.MultiStartUnivariateRealOptimizer,287
Mon Sep 02 16:16:14 EDT 2019 org.apache.commons.math.optimization.MultiStartUnivariateRealOptimizer,288
Mon Sep 02 16:16:14 EDT 2019 org.apache.commons.math.optimization.MultiStartUnivariateRealOptimizer,294
Mon Sep 02 16:22:37 EDT 2019 org.apache.commons.math.optimization.MultiStartUnivariateRealOptimizer,295
Mon Sep 02 16:30:52 EDT 2019 org.apache.commons.math.optimization.MultiStartUnivariateRealOptimizer,296
Timeout time : 19/09/02 16:35
Current failed test : org.apache.commons.math.optimization.MultiStartUnivariateRealOptimizerTest::testQuinticMin_purify_8 | 19/09/02 16:35
Mon Sep 02 16:36:15 EDT 2019 org.apache.commons.math.MathRuntimeException,444
Mon Sep 02 16:36:18 EDT 2019 org.apache.commons.math.MathRuntimeException,444
Mon Sep 02 16:36:18 EDT 2019 org.apache.commons.math.optimization.univariate.AbstractUnivariateRealOptimizer,79
Mon Sep 02 16:36:52 EDT 2019 org.apache.commons.math.optimization.univariate.AbstractUnivariateRealOptimizer,80
Mon Sep 02 16:36:53 EDT 2019 org.apache.commons.math.ConvergingAlgorithmImpl,78
Mon Sep 02 16:37:46 EDT 2019 Mon Sep 02 16:37:46 EDT 2019 : org.apache.commons.math.ConvergingAlgorithmImpl,79=>Find no block
Mon Sep 02 16:37:47 EDT 2019 org.apache.commons.math.ConvergingAlgorithmImpl,83
Mon Sep 02 16:38:24 EDT 2019 org.apache.commons.math.ConvergingAlgorithmImpl,108
Mon Sep 02 16:39:08 EDT 2019 Mon Sep 02 16:39:08 EDT 2019 : org.apache.commons.math.ConvergingAlgorithmImpl,109=>Find no block
Mon Sep 02 16:39:09 EDT 2019 org.apache.commons.math.ConvergingAlgorithmImpl,113
Mon Sep 02 16:39:38 EDT 2019 org.apache.commons.math.optimization.MultiStartUnivariateRealOptimizer,97
Mon Sep 02 16:40:32 EDT 2019 org.apache.commons.math.optimization.MultiStartUnivariateRealOptimizer,102
Mon Sep 02 16:41:23 EDT 2019 org.apache.commons.math.optimization.MultiStartUnivariateRealOptimizer,127
Mon Sep 02 16:42:17 EDT 2019 org.apache.commons.math.optimization.MultiStartUnivariateRealOptimizer,147
Mon Sep 02 16:42:55 EDT 2019 Mon Sep 02 16:42:55 EDT 2019 : org.apache.commons.math.optimization.MultiStartUnivariateRealOptimizer,148=>Find no block
Mon Sep 02 16:42:56 EDT 2019 org.apache.commons.math.optimization.MultiStartUnivariateRealOptimizer,162
Mon Sep 02 16:43:32 EDT 2019 Mon Sep 02 16:43:32 EDT 2019 : org.apache.commons.math.optimization.MultiStartUnivariateRealOptimizer,163=>Find no block
Mon Sep 02 16:43:33 EDT 2019 org.apache.commons.math.optimization.MultiStartUnivariateRealOptimizer,194
Mon Sep 02 16:44:11 EDT 2019 org.apache.commons.math.optimization.MultiStartUnivariateRealOptimizer,220
Mon Sep 02 16:44:50 EDT 2019 org.apache.commons.math.optimization.MultiStartUnivariateRealOptimizer,280
Mon Sep 02 16:47:30 EDT 2019 org.apache.commons.math.optimization.MultiStartUnivariateRealOptimizer,281
Mon Sep 02 16:47:31 EDT 2019 org.apache.commons.math.optimization.MultiStartUnivariateRealOptimizer,282
Mon Sep 02 16:47:32 EDT 2019 org.apache.commons.math.optimization.MultiStartUnivariateRealOptimizer,283
Mon Sep 02 16:56:33 EDT 2019 org.apache.commons.math.optimization.MultiStartUnivariateRealOptimizer,284
Mon Sep 02 16:56:34 EDT 2019 org.apache.commons.math.optimization.MultiStartUnivariateRealOptimizer,285
Mon Sep 02 16:56:35 EDT 2019 org.apache.commons.math.optimization.MultiStartUnivariateRealOptimizer,286
Mon Sep 02 16:56:37 EDT 2019 org.apache.commons.math.optimization.MultiStartUnivariateRealOptimizer,287
Mon Sep 02 16:56:37 EDT 2019 org.apache.commons.math.optimization.MultiStartUnivariateRealOptimizer,288
Mon Sep 02 16:56:38 EDT 2019 org.apache.commons.math.optimization.MultiStartUnivariateRealOptimizer,294
Mon Sep 02 17:02:54 EDT 2019 org.apache.commons.math.optimization.MultiStartUnivariateRealOptimizer,295
Mon Sep 02 17:11:07 EDT 2019 org.apache.commons.math.optimization.MultiStartUnivariateRealOptimizer,296
Mon Sep 02 17:18:10 EDT 2019 org.apache.commons.math.optimization.MultiStartUnivariateRealOptimizer,297
Mon Sep 02 17:18:11 EDT 2019 Mon Sep 02 17:18:11 EDT 2019 : org.apache.commons.math.util.LocalizedFormats,305=>Find no block
Mon Sep 02 17:18:12 EDT 2019 org.apache.commons.math.util.LocalizedFormats,306
Timeout time : 19/09/02 17:18
Current failed test : org.apache.commons.math.optimization.MultiStartUnivariateRealOptimizerTest::testQuinticMin_purify_9 | 19/09/02 17:18
Mon Sep 02 17:18:50 EDT 2019 org.apache.commons.math.MathRuntimeException,444
Mon Sep 02 17:18:52 EDT 2019 org.apache.commons.math.MathRuntimeException,444
Mon Sep 02 17:18:53 EDT 2019 org.apache.commons.math.optimization.univariate.AbstractUnivariateRealOptimizer,79
Mon Sep 02 17:19:28 EDT 2019 org.apache.commons.math.optimization.univariate.AbstractUnivariateRealOptimizer,80
Mon Sep 02 17:19:29 EDT 2019 org.apache.commons.math.ConvergingAlgorithmImpl,78
Mon Sep 02 17:20:24 EDT 2019 Mon Sep 02 17:20:24 EDT 2019 : org.apache.commons.math.ConvergingAlgorithmImpl,79=>Find no block
Mon Sep 02 17:20:25 EDT 2019 org.apache.commons.math.ConvergingAlgorithmImpl,83
Mon Sep 02 17:21:03 EDT 2019 org.apache.commons.math.ConvergingAlgorithmImpl,108
Mon Sep 02 17:21:48 EDT 2019 Mon Sep 02 17:21:48 EDT 2019 : org.apache.commons.math.ConvergingAlgorithmImpl,109=>Find no block
Mon Sep 02 17:21:49 EDT 2019 org.apache.commons.math.ConvergingAlgorithmImpl,113
Mon Sep 02 17:22:18 EDT 2019 org.apache.commons.math.optimization.MultiStartUnivariateRealOptimizer,97
Mon Sep 02 17:23:13 EDT 2019 org.apache.commons.math.optimization.MultiStartUnivariateRealOptimizer,102
Mon Sep 02 17:23:59 EDT 2019 org.apache.commons.math.optimization.MultiStartUnivariateRealOptimizer,127
Mon Sep 02 17:24:44 EDT 2019 org.apache.commons.math.optimization.MultiStartUnivariateRealOptimizer,147
Mon Sep 02 17:25:20 EDT 2019 Mon Sep 02 17:25:20 EDT 2019 : org.apache.commons.math.optimization.MultiStartUnivariateRealOptimizer,148=>Find no block
Mon Sep 02 17:25:21 EDT 2019 org.apache.commons.math.optimization.MultiStartUnivariateRealOptimizer,162
Mon Sep 02 17:25:57 EDT 2019 Mon Sep 02 17:25:57 EDT 2019 : org.apache.commons.math.optimization.MultiStartUnivariateRealOptimizer,163=>Find no block
Mon Sep 02 17:25:58 EDT 2019 org.apache.commons.math.optimization.MultiStartUnivariateRealOptimizer,194
Mon Sep 02 17:26:36 EDT 2019 org.apache.commons.math.optimization.MultiStartUnivariateRealOptimizer,220
Mon Sep 02 17:27:15 EDT 2019 org.apache.commons.math.optimization.MultiStartUnivariateRealOptimizer,280
Mon Sep 02 17:29:53 EDT 2019 org.apache.commons.math.optimization.MultiStartUnivariateRealOptimizer,281
Mon Sep 02 17:29:54 EDT 2019 org.apache.commons.math.optimization.MultiStartUnivariateRealOptimizer,282
Mon Sep 02 17:29:55 EDT 2019 org.apache.commons.math.optimization.MultiStartUnivariateRealOptimizer,283
Mon Sep 02 17:38:54 EDT 2019 org.apache.commons.math.optimization.MultiStartUnivariateRealOptimizer,284
Mon Sep 02 17:38:55 EDT 2019 org.apache.commons.math.optimization.MultiStartUnivariateRealOptimizer,285
Mon Sep 02 17:38:56 EDT 2019 org.apache.commons.math.optimization.MultiStartUnivariateRealOptimizer,286
Mon Sep 02 17:38:57 EDT 2019 org.apache.commons.math.optimization.MultiStartUnivariateRealOptimizer,287
Mon Sep 02 17:38:58 EDT 2019 org.apache.commons.math.optimization.MultiStartUnivariateRealOptimizer,288
Mon Sep 02 17:38:58 EDT 2019 org.apache.commons.math.optimization.MultiStartUnivariateRealOptimizer,294
Mon Sep 02 17:45:12 EDT 2019 org.apache.commons.math.optimization.MultiStartUnivariateRealOptimizer,295
Mon Sep 02 17:53:20 EDT 2019 org.apache.commons.math.optimization.MultiStartUnivariateRealOptimizer,296
Mon Sep 02 18:00:24 EDT 2019 org.apache.commons.math.optimization.MultiStartUnivariateRealOptimizer,297
Mon Sep 02 18:00:25 EDT 2019 Mon Sep 02 18:00:25 EDT 2019 : org.apache.commons.math.util.LocalizedFormats,305=>Find no block
Mon Sep 02 18:00:26 EDT 2019 org.apache.commons.math.util.LocalizedFormats,306
Mon Sep 02 18:00:29 EDT 2019 Mon Sep 02 18:00:29 EDT 2019 : org.apache.commons.math.util.LocalizedFormats,307=>Find no block
Mon Sep 02 18:00:31 EDT 2019 Mon Sep 02 18:00:31 EDT 2019 : org.apache.commons.math.util.LocalizedFormats,44=>Find no block
Mon Sep 02 18:00:32 EDT 2019 Mon Sep 02 18:00:32 EDT 2019 : org.apache.commons.math.util.LocalizedFormats,45=>Find no block
Mon Sep 02 18:00:33 EDT 2019 Mon Sep 02 18:00:33 EDT 2019 : org.apache.commons.math.util.LocalizedFormats,46=>Find no block
Mon Sep 02 18:00:34 EDT 2019 Mon Sep 02 18:00:34 EDT 2019 : org.apache.commons.math.util.LocalizedFormats,47=>Find no block
Mon Sep 02 18:00:35 EDT 2019 Mon Sep 02 18:00:35 EDT 2019 : org.apache.commons.math.util.LocalizedFormats,48=>Find no block
Mon Sep 02 18:00:36 EDT 2019 Mon Sep 02 18:00:36 EDT 2019 : org.apache.commons.math.util.LocalizedFormats,49=>Find no block
Mon Sep 02 18:00:37 EDT 2019 Mon Sep 02 18:00:37 EDT 2019 : org.apache.commons.math.util.LocalizedFormats,50=>Find no block
Mon Sep 02 18:00:38 EDT 2019 Mon Sep 02 18:00:38 EDT 2019 : org.apache.commons.math.util.LocalizedFormats,51=>Find no block
Mon Sep 02 18:00:39 EDT 2019 Mon Sep 02 18:00:39 EDT 2019 : org.apache.commons.math.util.LocalizedFormats,52=>Find no block
Mon Sep 02 18:00:40 EDT 2019 Mon Sep 02 18:00:40 EDT 2019 : org.apache.commons.math.util.LocalizedFormats,53=>Find no block
Mon Sep 02 18:00:40 EDT 2019 Mon Sep 02 18:00:40 EDT 2019 : org.apache.commons.math.util.LocalizedFormats,54=>Find no block
Mon Sep 02 18:00:41 EDT 2019 Mon Sep 02 18:00:41 EDT 2019 : org.apache.commons.math.util.LocalizedFormats,55=>Find no block
Mon Sep 02 18:00:42 EDT 2019 Mon Sep 02 18:00:42 EDT 2019 : org.apache.commons.math.util.LocalizedFormats,56=>Find no block
Mon Sep 02 18:00:43 EDT 2019 Mon Sep 02 18:00:43 EDT 2019 : org.apache.commons.math.util.LocalizedFormats,57=>Find no block
Mon Sep 02 18:00:44 EDT 2019 Mon Sep 02 18:00:44 EDT 2019 : org.apache.commons.math.util.LocalizedFormats,58=>Find no block
Mon Sep 02 18:00:45 EDT 2019 Mon Sep 02 18:00:45 EDT 2019 : org.apache.commons.math.util.LocalizedFormats,59=>Find no block
Mon Sep 02 18:00:46 EDT 2019 Mon Sep 02 18:00:46 EDT 2019 : org.apache.commons.math.util.LocalizedFormats,60=>Find no block
Mon Sep 02 18:00:48 EDT 2019 Mon Sep 02 18:00:48 EDT 2019 : org.apache.commons.math.util.LocalizedFormats,61=>Find no block
Mon Sep 02 18:00:49 EDT 2019 Mon Sep 02 18:00:49 EDT 2019 : org.apache.commons.math.util.LocalizedFormats,62=>Find no block
Timeout time : 19/09/02 18:00
Current failed test : org.apache.commons.math.optimization.MultiStartUnivariateRealOptimizerTest::testQuinticMin_purify_10 | 19/09/02 18:00
Mon Sep 02 18:01:24 EDT 2019 org.apache.commons.math.MathRuntimeException,444
Mon Sep 02 18:01:27 EDT 2019 org.apache.commons.math.MathRuntimeException,444
Mon Sep 02 18:01:28 EDT 2019 org.apache.commons.math.optimization.univariate.AbstractUnivariateRealOptimizer,79
Mon Sep 02 18:02:03 EDT 2019 org.apache.commons.math.optimization.univariate.AbstractUnivariateRealOptimizer,80
Mon Sep 02 18:02:03 EDT 2019 org.apache.commons.math.ConvergingAlgorithmImpl,78
Mon Sep 02 18:02:55 EDT 2019 Mon Sep 02 18:02:55 EDT 2019 : org.apache.commons.math.ConvergingAlgorithmImpl,79=>Find no block
Mon Sep 02 18:02:56 EDT 2019 org.apache.commons.math.ConvergingAlgorithmImpl,83
Mon Sep 02 18:03:34 EDT 2019 org.apache.commons.math.ConvergingAlgorithmImpl,108
Mon Sep 02 18:04:17 EDT 2019 Mon Sep 02 18:04:17 EDT 2019 : org.apache.commons.math.ConvergingAlgorithmImpl,109=>Find no block
Mon Sep 02 18:04:18 EDT 2019 org.apache.commons.math.ConvergingAlgorithmImpl,113
Mon Sep 02 18:04:47 EDT 2019 org.apache.commons.math.optimization.MultiStartUnivariateRealOptimizer,97
Mon Sep 02 18:05:41 EDT 2019 org.apache.commons.math.optimization.MultiStartUnivariateRealOptimizer,102
Mon Sep 02 18:06:27 EDT 2019 org.apache.commons.math.optimization.MultiStartUnivariateRealOptimizer,127
Mon Sep 02 18:07:13 EDT 2019 org.apache.commons.math.optimization.MultiStartUnivariateRealOptimizer,147
Mon Sep 02 18:07:48 EDT 2019 Mon Sep 02 18:07:48 EDT 2019 : org.apache.commons.math.optimization.MultiStartUnivariateRealOptimizer,148=>Find no block
Mon Sep 02 18:07:49 EDT 2019 org.apache.commons.math.optimization.MultiStartUnivariateRealOptimizer,162
Mon Sep 02 18:08:25 EDT 2019 Mon Sep 02 18:08:25 EDT 2019 : org.apache.commons.math.optimization.MultiStartUnivariateRealOptimizer,163=>Find no block
Mon Sep 02 18:08:26 EDT 2019 org.apache.commons.math.optimization.MultiStartUnivariateRealOptimizer,194
Mon Sep 02 18:09:04 EDT 2019 org.apache.commons.math.optimization.MultiStartUnivariateRealOptimizer,220
Mon Sep 02 18:09:42 EDT 2019 org.apache.commons.math.optimization.MultiStartUnivariateRealOptimizer,280
Mon Sep 02 18:12:21 EDT 2019 org.apache.commons.math.optimization.MultiStartUnivariateRealOptimizer,281
Mon Sep 02 18:12:22 EDT 2019 org.apache.commons.math.optimization.MultiStartUnivariateRealOptimizer,282
Mon Sep 02 18:12:22 EDT 2019 org.apache.commons.math.optimization.MultiStartUnivariateRealOptimizer,283
Mon Sep 02 18:21:15 EDT 2019 org.apache.commons.math.optimization.MultiStartUnivariateRealOptimizer,284
Mon Sep 02 18:21:16 EDT 2019 org.apache.commons.math.optimization.MultiStartUnivariateRealOptimizer,285
Mon Sep 02 18:21:17 EDT 2019 org.apache.commons.math.optimization.MultiStartUnivariateRealOptimizer,286
Mon Sep 02 18:21:18 EDT 2019 org.apache.commons.math.optimization.MultiStartUnivariateRealOptimizer,287
Mon Sep 02 18:21:19 EDT 2019 org.apache.commons.math.optimization.MultiStartUnivariateRealOptimizer,288
Mon Sep 02 18:21:19 EDT 2019 org.apache.commons.math.optimization.MultiStartUnivariateRealOptimizer,294
Mon Sep 02 18:27:31 EDT 2019 org.apache.commons.math.optimization.MultiStartUnivariateRealOptimizer,295
Mon Sep 02 18:35:38 EDT 2019 org.apache.commons.math.optimization.MultiStartUnivariateRealOptimizer,296
Mon Sep 02 18:42:41 EDT 2019 org.apache.commons.math.optimization.MultiStartUnivariateRealOptimizer,297
Mon Sep 02 18:42:41 EDT 2019 Mon Sep 02 18:42:41 EDT 2019 : org.apache.commons.math.util.LocalizedFormats,305=>Find no block
Mon Sep 02 18:42:42 EDT 2019 org.apache.commons.math.util.LocalizedFormats,306
Mon Sep 02 18:42:45 EDT 2019 Mon Sep 02 18:42:45 EDT 2019 : org.apache.commons.math.util.LocalizedFormats,307=>Find no block
Mon Sep 02 18:42:46 EDT 2019 Mon Sep 02 18:42:46 EDT 2019 : org.apache.commons.math.util.LocalizedFormats,44=>Find no block
Mon Sep 02 18:42:47 EDT 2019 Mon Sep 02 18:42:47 EDT 2019 : org.apache.commons.math.util.LocalizedFormats,45=>Find no block
Mon Sep 02 18:42:48 EDT 2019 Mon Sep 02 18:42:48 EDT 2019 : org.apache.commons.math.util.LocalizedFormats,46=>Find no block
Mon Sep 02 18:42:49 EDT 2019 Mon Sep 02 18:42:49 EDT 2019 : org.apache.commons.math.util.LocalizedFormats,47=>Find no block
Mon Sep 02 18:42:50 EDT 2019 Mon Sep 02 18:42:50 EDT 2019 : org.apache.commons.math.util.LocalizedFormats,48=>Find no block
Mon Sep 02 18:42:51 EDT 2019 Mon Sep 02 18:42:51 EDT 2019 : org.apache.commons.math.util.LocalizedFormats,49=>Find no block
Mon Sep 02 18:42:52 EDT 2019 Mon Sep 02 18:42:52 EDT 2019 : org.apache.commons.math.util.LocalizedFormats,50=>Find no block
Mon Sep 02 18:42:53 EDT 2019 Mon Sep 02 18:42:53 EDT 2019 : org.apache.commons.math.util.LocalizedFormats,51=>Find no block
Mon Sep 02 18:42:54 EDT 2019 Mon Sep 02 18:42:54 EDT 2019 : org.apache.commons.math.util.LocalizedFormats,52=>Find no block
Mon Sep 02 18:42:55 EDT 2019 Mon Sep 02 18:42:55 EDT 2019 : org.apache.commons.math.util.LocalizedFormats,53=>Find no block
Mon Sep 02 18:42:56 EDT 2019 Mon Sep 02 18:42:56 EDT 2019 : org.apache.commons.math.util.LocalizedFormats,54=>Find no block
Mon Sep 02 18:42:57 EDT 2019 Mon Sep 02 18:42:57 EDT 2019 : org.apache.commons.math.util.LocalizedFormats,55=>Find no block
Mon Sep 02 18:42:58 EDT 2019 Mon Sep 02 18:42:58 EDT 2019 : org.apache.commons.math.util.LocalizedFormats,56=>Find no block
Mon Sep 02 18:42:59 EDT 2019 Mon Sep 02 18:42:59 EDT 2019 : org.apache.commons.math.util.LocalizedFormats,57=>Find no block
Mon Sep 02 18:43:00 EDT 2019 Mon Sep 02 18:43:00 EDT 2019 : org.apache.commons.math.util.LocalizedFormats,58=>Find no block
Mon Sep 02 18:43:01 EDT 2019 Mon Sep 02 18:43:01 EDT 2019 : org.apache.commons.math.util.LocalizedFormats,59=>Find no block
Mon Sep 02 18:43:01 EDT 2019 Mon Sep 02 18:43:01 EDT 2019 : org.apache.commons.math.util.LocalizedFormats,60=>Find no block
Mon Sep 02 18:43:02 EDT 2019 Mon Sep 02 18:43:02 EDT 2019 : org.apache.commons.math.util.LocalizedFormats,61=>Find no block
Mon Sep 02 18:43:03 EDT 2019 Mon Sep 02 18:43:03 EDT 2019 : org.apache.commons.math.util.LocalizedFormats,62=>Find no block
Mon Sep 02 18:43:04 EDT 2019 Mon Sep 02 18:43:04 EDT 2019 : org.apache.commons.math.util.LocalizedFormats,63=>Find no block
Mon Sep 02 18:43:05 EDT 2019 Mon Sep 02 18:43:05 EDT 2019 : org.apache.commons.math.util.LocalizedFormats,64=>Find no block
Mon Sep 02 18:43:06 EDT 2019 Mon Sep 02 18:43:06 EDT 2019 : org.apache.commons.math.util.LocalizedFormats,65=>Find no block
Mon Sep 02 18:43:07 EDT 2019 Mon Sep 02 18:43:07 EDT 2019 : org.apache.commons.math.util.LocalizedFormats,66=>Find no block
Mon Sep 02 18:43:08 EDT 2019 Mon Sep 02 18:43:08 EDT 2019 : org.apache.commons.math.util.LocalizedFormats,67=>Find no block
Mon Sep 02 18:43:09 EDT 2019 Mon Sep 02 18:43:09 EDT 2019 : org.apache.commons.math.util.LocalizedFormats,68=>Find no block
Mon Sep 02 18:43:10 EDT 2019 Mon Sep 02 18:43:10 EDT 2019 : org.apache.commons.math.util.LocalizedFormats,69=>Find no block
Mon Sep 02 18:43:11 EDT 2019 Mon Sep 02 18:43:11 EDT 2019 : org.apache.commons.math.util.LocalizedFormats,70=>Find no block
Mon Sep 02 18:43:12 EDT 2019 Mon Sep 02 18:43:12 EDT 2019 : org.apache.commons.math.util.LocalizedFormats,71=>Find no block
Mon Sep 02 18:43:13 EDT 2019 Mon Sep 02 18:43:13 EDT 2019 : org.apache.commons.math.util.LocalizedFormats,72=>Find no block
Mon Sep 02 18:43:14 EDT 2019 Mon Sep 02 18:43:14 EDT 2019 : org.apache.commons.math.util.LocalizedFormats,73=>Find no block
Mon Sep 02 18:43:14 EDT 2019 Mon Sep 02 18:43:14 EDT 2019 : org.apache.commons.math.util.LocalizedFormats,74=>Find no block
Mon Sep 02 18:43:15 EDT 2019 Mon Sep 02 18:43:15 EDT 2019 : org.apache.commons.math.util.LocalizedFormats,75=>Find no block
Mon Sep 02 18:43:16 EDT 2019 Mon Sep 02 18:43:16 EDT 2019 : org.apache.commons.math.util.LocalizedFormats,76=>Find no block
Mon Sep 02 18:43:17 EDT 2019 Mon Sep 02 18:43:17 EDT 2019 : org.apache.commons.math.util.LocalizedFormats,77=>Find no block
Mon Sep 02 18:43:18 EDT 2019 Mon Sep 02 18:43:18 EDT 2019 : org.apache.commons.math.util.LocalizedFormats,78=>Find no block
Mon Sep 02 18:43:19 EDT 2019 Mon Sep 02 18:43:19 EDT 2019 : org.apache.commons.math.util.LocalizedFormats,79=>Find no block
Mon Sep 02 18:43:20 EDT 2019 Mon Sep 02 18:43:20 EDT 2019 : org.apache.commons.math.util.LocalizedFormats,80=>Find no block
Mon Sep 02 18:43:21 EDT 2019 Mon Sep 02 18:43:21 EDT 2019 : org.apache.commons.math.util.LocalizedFormats,81=>Find no block
Mon Sep 02 18:43:22 EDT 2019 Mon Sep 02 18:43:22 EDT 2019 : org.apache.commons.math.util.LocalizedFormats,82=>Find no block
Mon Sep 02 18:43:22 EDT 2019 Mon Sep 02 18:43:22 EDT 2019 : org.apache.commons.math.util.LocalizedFormats,83=>Find no block
Mon Sep 02 18:43:23 EDT 2019 Mon Sep 02 18:43:23 EDT 2019 : org.apache.commons.math.util.LocalizedFormats,84=>Find no block
Timeout time : 19/09/02 18:43
