=================================================
Project : math_69	start : 19/09/02 13:43
Current failed test : org.apache.commons.math.stat.correlation.PearsonsCorrelationTest::testPValueNearZero | 19/09/02 13:43
Mon Sep 02 13:44:06 EDT 2019 org.apache.commons.math.stat.correlation.PearsonsCorrelation,68
Mon Sep 02 13:44:11 EDT 2019 Mon Sep 02 13:44:11 EDT 2019 : org.apache.commons.math.stat.correlation.PearsonsCorrelation,69=>Find no block
Mon Sep 02 13:44:12 EDT 2019 org.apache.commons.math.stat.correlation.PearsonsCorrelation,161
Mon Sep 02 13:46:31 EDT 2019 org.apache.commons.math.stat.correlation.PearsonsCorrelation,162
Mon Sep 02 13:46:33 EDT 2019 org.apache.commons.math.stat.correlation.PearsonsCorrelation,163
Mon Sep 02 14:19:55 EDT 2019 org.apache.commons.math.stat.correlation.PearsonsCorrelation,164
Mon Sep 02 14:19:56 EDT 2019 org.apache.commons.math.stat.correlation.PearsonsCorrelation,165
Mon Sep 02 14:19:56 EDT 2019 org.apache.commons.math.stat.correlation.PearsonsCorrelation,166
Mon Sep 02 14:19:57 EDT 2019 org.apache.commons.math.stat.correlation.PearsonsCorrelation,167
Mon Sep 02 14:19:58 EDT 2019 org.apache.commons.math.stat.correlation.PearsonsCorrelation,169
Mon Sep 02 14:19:59 EDT 2019 org.apache.commons.math.stat.correlation.PearsonsCorrelation,170
Mon Sep 02 14:20:00 EDT 2019 org.apache.commons.math.stat.correlation.PearsonsCorrelation,171
Mon Sep 02 14:20:01 EDT 2019 org.apache.commons.math.stat.correlation.PearsonsCorrelation,175
Mon Sep 02 14:28:22 EDT 2019 org.apache.commons.math.util.ContinuedFraction,46
Mon Sep 02 14:28:25 EDT 2019 Mon Sep 02 14:28:25 EDT 2019 : org.apache.commons.math.util.ContinuedFraction,47=>Find no block
Mon Sep 02 14:28:26 EDT 2019 org.apache.commons.math.util.ContinuedFraction,128
Mon Sep 02 14:30:00 EDT 2019 org.apache.commons.math.util.ContinuedFraction,129
Mon Sep 02 14:30:01 EDT 2019 org.apache.commons.math.util.ContinuedFraction,130
Mon Sep 02 14:31:45 EDT 2019 org.apache.commons.math.util.ContinuedFraction,131
Mon Sep 02 14:33:51 EDT 2019 org.apache.commons.math.util.ContinuedFraction,132
Mon Sep 02 14:38:12 EDT 2019 org.apache.commons.math.util.ContinuedFraction,133

----------------------------------------
----------------------------------------
Pass Single Test : [=>0,0]
double c=q0/q1;
int n=0;
double relativeError=q0;

Time : 19/09/02 14:42
----------------------------------------
Mon Sep 02 14:46:13 EDT 2019 org.apache.commons.math.util.ContinuedFraction,134
Mon Sep 02 14:46:14 EDT 2019 org.apache.commons.math.util.ContinuedFraction,135
Mon Sep 02 15:17:02 EDT 2019 org.apache.commons.math.util.ContinuedFraction,136
Mon Sep 02 15:21:01 EDT 2019 org.apache.commons.math.util.ContinuedFraction,137
Mon Sep 02 15:21:02 EDT 2019 org.apache.commons.math.util.ContinuedFraction,138

----------------------------------------
----------------------------------------
Pass Single Test : [=>0,0]
double a=getA(n,x);
double b=getB(n,x);
double p2=x*p1+b*p0;

Time : 19/09/02 15:25
----------------------------------------
Mon Sep 02 15:26:18 EDT 2019 org.apache.commons.math.util.ContinuedFraction,139

----------------------------------------
----------------------------------------
Pass Single Test : [=>0,0]
double b=getB(n,x);
double p2=x*p1+b*p0;
double q2=a*q1+b*q0;

Time : 19/09/02 15:28
----------------------------------------

----------------------------------------
----------------------------------------
Pass Single Test : [=>0,0]
double b=getB(n,x);
double p2=x*p1+x*p0;
double q2=a*q1+b*q0;

Time : 19/09/02 15:31
----------------------------------------
Mon Sep 02 15:33:37 EDT 2019 org.apache.commons.math.util.ContinuedFraction,140
Mon Sep 02 15:36:42 EDT 2019 org.apache.commons.math.util.ContinuedFraction,141
Mon Sep 02 15:36:43 EDT 2019 org.apache.commons.math.util.ContinuedFraction,142
Mon Sep 02 15:36:44 EDT 2019 org.apache.commons.math.util.ContinuedFraction,175
Mon Sep 02 15:36:45 EDT 2019 org.apache.commons.math.util.ContinuedFraction,182
Mon Sep 02 15:54:14 EDT 2019 org.apache.commons.math.util.ContinuedFraction,184
Mon Sep 02 15:54:15 EDT 2019 org.apache.commons.math.util.ContinuedFraction,189
Mon Sep 02 16:11:42 EDT 2019 org.apache.commons.math.util.ContinuedFraction,192

----------------------------------------
----------------------------------------
Pass Single Test : [=>0,0]
relativeError=Math.cos(r/c-1.0);
c=p2/q2;
p0=r;

Time : 19/09/02 16:22
----------------------------------------
Mon Sep 02 16:33:19 EDT 2019 org.apache.commons.math.util.ContinuedFraction,193
Mon Sep 02 16:38:00 EDT 2019 org.apache.commons.math.util.ContinuedFraction,194
Mon Sep 02 16:46:38 EDT 2019 org.apache.commons.math.util.ContinuedFraction,195

----------------------------------------
----------------------------------------
Pass Single Test : [=>0,0]
p1=p2;
q0=b;
q1=q2;

Time : 19/09/02 16:51
----------------------------------------

----------------------------------------
----------------------------------------
Pass Single Test : [=>0,0]
p1=p2;
q0=q0;
q1=q2;

Time : 19/09/02 16:55
----------------------------------------

----------------------------------------
----------------------------------------
Pass Single Test : [=>0,0]
p1=p2;
q2=0.5*Math.sqrt(DEFAULT_EPSILON+1.0);
q0=q1;
q1=q2;

Time : 19/09/02 16:59
----------------------------------------
Mon Sep 02 17:03:04 EDT 2019 org.apache.commons.math.util.ContinuedFraction,196
Mon Sep 02 17:03:05 EDT 2019 Mon Sep 02 17:03:05 EDT 2019 : org.apache.commons.math.util.ContinuedFraction,197=>Find no block
Mon Sep 02 17:03:06 EDT 2019 org.apache.commons.math.util.ContinuedFraction,199
Mon Sep 02 17:10:57 EDT 2019 org.apache.commons.math.util.ContinuedFraction,205
Mon Sep 02 17:22:27 EDT 2019 org.apache.commons.math.distribution.TDistributionImpl,128

----------------------------------------
----------------------------------------
Pass Single Test : [=>0,0]
x=t*Math.sqrt(DEFAULT_INVERSE_ABSOLUTE_ACCURACY+DEFAULT_INVERSE_ABSOLUTE_ACCURACY)-0.5;
if(x<0.0){
ret=0.5*t;
}else {
ret=1.0-0.5*t;
}

Time : 19/09/02 17:24
----------------------------------------
Mon Sep 02 17:36:28 EDT 2019 org.apache.commons.math.distribution.TDistributionImpl,131
Mon Sep 02 17:36:29 EDT 2019 org.apache.commons.math.distribution.TDistributionImpl,136
Mon Sep 02 17:36:30 EDT 2019 org.apache.commons.math.distribution.TDistributionImpl,139
Mon Sep 02 17:36:31 EDT 2019 org.apache.commons.math.distribution.TDistributionImpl,143

----------------------------------------
----------------------------------------
Pass Single Test : [=>0,0]
if(x==0.0){
ret=0.5;
}else {
double t=Beta.regularizedBeta(degreesOfFreedom/(degreesOfFreedom+(x*x)),0.5*degreesOfFreedom,0.5);
if(x<0.0){
ret=0.5*t;
}else {
ret=1.0-0.5*t;
}
}
if(degreesOfFreedom<0.5){
ret=-Double.MAX_VALUE;
}else {
ret=DEFAULT_INVERSE_ABSOLUTE_ACCURACY;
}
return ret;

Time : 19/09/02 17:37
----------------------------------------

----------------------------------------
----------------------------------------
Pass Single Test : [=>0,0]
if(x==0.0){
ret=0.5;
}else {
double t=Beta.regularizedBeta(degreesOfFreedom/(degreesOfFreedom+(x*x)),0.5*degreesOfFreedom,0.5);
if(x<0.0){
ret=0.5*t;
}else {
ret=1.0-0.5*t;
}
}
return DEFAULT_INVERSE_ABSOLUTE_ACCURACY;

Time : 19/09/02 17:49
----------------------------------------

----------------------------------------
----------------------------------------
Pass Single Test : [=>0,0]
x=x;
if(x==0.0){
ret=0.5;
}else {
double t=Beta.regularizedBeta(degreesOfFreedom/(degreesOfFreedom+(x*x)),0.5*degreesOfFreedom,0.5);
if(x<0.0){
ret=0.5*t;
}else {
ret=1.0-0.5*t;
}
}
return DEFAULT_INVERSE_ABSOLUTE_ACCURACY;

Time : 19/09/02 18:00
----------------------------------------
Mon Sep 02 18:11:05 EDT 2019 Mon Sep 02 18:11:05 EDT 2019 : org.apache.commons.math.special.Gamma,41=>Find no block
Mon Sep 02 18:11:06 EDT 2019 Mon Sep 02 18:11:06 EDT 2019 : org.apache.commons.math.special.Gamma,61=>Find no block
Mon Sep 02 18:11:07 EDT 2019 org.apache.commons.math.special.Gamma,97
Mon Sep 02 18:18:40 EDT 2019 org.apache.commons.math.special.Gamma,100
Mon Sep 02 18:24:02 EDT 2019 org.apache.commons.math.special.Gamma,102
Mon Sep 02 18:24:03 EDT 2019 org.apache.commons.math.special.Gamma,103
Mon Sep 02 18:24:04 EDT 2019 org.apache.commons.math.special.Gamma,104
Mon Sep 02 18:24:05 EDT 2019 org.apache.commons.math.special.Gamma,106
Mon Sep 02 18:35:42 EDT 2019 org.apache.commons.math.special.Gamma,108
Mon Sep 02 18:43:07 EDT 2019 org.apache.commons.math.special.Gamma,109
Mon Sep 02 18:43:08 EDT 2019 org.apache.commons.math.special.Gamma,113
Timeout time : 19/09/02 18:44
