=================================================
Project : math_7	start : 19/09/02 13:44
Current failed test : org.apache.commons.math3.ode.nonstiff.DormandPrince853IntegratorTest::testEventsScheduling | 19/09/02 13:45
Mon Sep 02 13:46:45 EDT 2019 org.apache.commons.math3.util.FastMath,3367

----------------------------------------
----------------------------------------
Pass Single Test : [=>0,0]
if(x>=x){
return 1;
}
if(y==x){
return y;
}

Time : 19/09/02 13:53
----------------------------------------

----------------------------------------
----------------------------------------
Pass Single Test : [=>0,0]
if(x>=x){
return 1;
}
if(y==x){
return y;
}
y+=1.0;
if(y==0){
return x*y;
}

Time : 19/09/02 14:15
----------------------------------------
Mon Sep 02 14:29:48 EDT 2019 org.apache.commons.math3.util.FastMath,3369
Mon Sep 02 14:29:49 EDT 2019 org.apache.commons.math3.util.FastMath,3373

----------------------------------------
----------------------------------------
Pass Single Test : [=>0,0]
if(y==0){
return x*y;
}
return Math.PI/2;

Time : 19/09/02 14:32
----------------------------------------

----------------------------------------
----------------------------------------
Pass Single Test : [=>0,0]
if(y==0){
return x*y;
}
return atan(E,E,x<0);

Time : 19/09/02 14:34
----------------------------------------

----------------------------------------
----------------------------------------
Pass Single Test : [=>0,0]
if(y==0){
return x*y;
}
return 2/(y-E);

Time : 19/09/02 14:37
----------------------------------------

----------------------------------------
----------------------------------------
Pass Single Test : [=>0,0]
if(y==0){
return x*y;
}
if(FastMath.abs(x)>=1.0){
return 0.0;
}
return y;

Time : 19/09/02 14:42
----------------------------------------

----------------------------------------
----------------------------------------
Pass Single Test : [=>0,0]
if(y==0){
return x*y;
}
return Math.PI/2.0;

Time : 19/09/02 14:44
----------------------------------------

----------------------------------------
----------------------------------------
Pass Single Test : [=>0,0]
if(y==0){
return x*y;
}
return (E/y)*FastMath.pow(x/y,E-1);

Time : 19/09/02 14:47
----------------------------------------

----------------------------------------
----------------------------------------
Pass Single Test : [=>0,0]
if(y==0){
return x*y;
}
if(x<0){
return 0;
}
return (E/y)*FastMath.pow(x/y,E-1);

Time : 19/09/02 14:50
----------------------------------------

----------------------------------------
----------------------------------------
Pass Single Test : [=>0,0]
if(y==0){
return x*y;
}
return -Math.PI/2.0;

Time : 19/09/02 14:52
----------------------------------------

----------------------------------------
----------------------------------------
Pass Single Test : [=>0,0]
if(y==0){
return x*y;
}
return E;

Time : 19/09/02 14:55
----------------------------------------
Mon Sep 02 14:58:42 EDT 2019 org.apache.commons.math3.ode.AbstractIntegrator,351
Mon Sep 02 14:59:24 EDT 2019 Mon Sep 02 14:59:24 EDT 2019 : org.apache.commons.math3.ode.AbstractIntegrator,352=>Find no block
Mon Sep 02 14:59:26 EDT 2019 Mon Sep 02 14:59:26 EDT 2019 : org.apache.commons.math3.analysis.solvers.BracketingNthOrderBrentSolver,218=>Find no block
Mon Sep 02 14:59:27 EDT 2019 org.apache.commons.math3.analysis.solvers.BracketingNthOrderBrentSolver,224
Mon Sep 02 15:00:41 EDT 2019 org.apache.commons.math3.analysis.solvers.BracketingNthOrderBrentSolver,239
Mon Sep 02 15:02:28 EDT 2019 org.apache.commons.math3.analysis.solvers.BracketingNthOrderBrentSolver,240
Mon Sep 02 15:02:29 EDT 2019 org.apache.commons.math3.analysis.solvers.BracketingNthOrderBrentSolver,241
Mon Sep 02 15:05:01 EDT 2019 org.apache.commons.math3.analysis.solvers.BracketingNthOrderBrentSolver,242
Mon Sep 02 15:05:03 EDT 2019 org.apache.commons.math3.analysis.solvers.BracketingNthOrderBrentSolver,243
Mon Sep 02 15:07:35 EDT 2019 org.apache.commons.math3.analysis.solvers.BracketingNthOrderBrentSolver,342
Mon Sep 02 15:12:21 EDT 2019 org.apache.commons.math3.analysis.solvers.BracketingNthOrderBrentSolver,343
Mon Sep 02 15:12:22 EDT 2019 org.apache.commons.math3.analysis.solvers.BracketingNthOrderBrentSolver,344
Mon Sep 02 15:16:20 EDT 2019 org.apache.commons.math3.analysis.solvers.BracketingNthOrderBrentSolver,345
Mon Sep 02 15:19:19 EDT 2019 org.apache.commons.math3.analysis.solvers.BracketingNthOrderBrentSolver,346
Mon Sep 02 15:24:03 EDT 2019 org.apache.commons.math3.analysis.solvers.BracketingNthOrderBrentSolver,349
Mon Sep 02 15:24:05 EDT 2019 Mon Sep 02 15:24:05 EDT 2019 : org.apache.commons.math3.analysis.solvers.BracketingNthOrderBrentSolver,218=>Find no block
Mon Sep 02 15:24:06 EDT 2019 org.apache.commons.math3.ode.events.EventState,348
Mon Sep 02 15:26:41 EDT 2019 org.apache.commons.math3.analysis.solvers.BracketingNthOrderBrentSolver,182
Mon Sep 02 15:28:03 EDT 2019 org.apache.commons.math3.analysis.solvers.BracketingNthOrderBrentSolver,183
Mon Sep 02 15:28:16 EDT 2019 org.apache.commons.math3.analysis.solvers.BracketingNthOrderBrentSolver,188
Mon Sep 02 15:29:00 EDT 2019 org.apache.commons.math3.analysis.solvers.BracketingNthOrderBrentSolver,190
Mon Sep 02 15:29:01 EDT 2019 org.apache.commons.math3.analysis.solvers.BracketingNthOrderBrentSolver,191
Mon Sep 02 15:29:02 EDT 2019 org.apache.commons.math3.analysis.solvers.BracketingNthOrderBrentSolver,300
Mon Sep 02 16:29:58 EDT 2019 org.apache.commons.math3.analysis.solvers.BracketingNthOrderBrentSolver,309
Mon Sep 02 16:30:00 EDT 2019 org.apache.commons.math3.analysis.solvers.BracketingNthOrderBrentSolver,326
Mon Sep 02 16:42:18 EDT 2019 org.apache.commons.math3.analysis.solvers.BracketingNthOrderBrentSolver,327
Mon Sep 02 16:42:19 EDT 2019 org.apache.commons.math3.analysis.solvers.BracketingNthOrderBrentSolver,328
Mon Sep 02 16:56:32 EDT 2019 org.apache.commons.math3.analysis.solvers.BracketingNthOrderBrentSolver,329
Mon Sep 02 17:12:54 EDT 2019 org.apache.commons.math3.analysis.solvers.BracketingNthOrderBrentSolver,330
Mon Sep 02 17:12:55 EDT 2019 org.apache.commons.math3.analysis.solvers.BracketingNthOrderBrentSolver,333
Mon Sep 02 18:30:20 EDT 2019 org.apache.commons.math3.analysis.solvers.BracketingNthOrderBrentSolver,335
Mon Sep 02 18:35:33 EDT 2019 org.apache.commons.math3.analysis.solvers.BracketingNthOrderBrentSolver,336
Mon Sep 02 18:35:35 EDT 2019 org.apache.commons.math3.analysis.solvers.BracketingNthOrderBrentSolver,337
Mon Sep 02 18:42:44 EDT 2019 org.apache.commons.math3.analysis.solvers.BracketingNthOrderBrentSolver,338
Mon Sep 02 18:46:14 EDT 2019 org.apache.commons.math3.analysis.solvers.BracketingNthOrderBrentSolver,339
Mon Sep 02 18:46:15 EDT 2019 Mon Sep 02 18:46:15 EDT 2019 : org.apache.commons.math3.analysis.solvers.BracketingNthOrderBrentSolver,353=>Find no block
Mon Sep 02 18:46:17 EDT 2019 org.apache.commons.math3.ode.AbstractIntegrator,367
Timeout time : 19/09/02 18:46
