=================================================
Project : math_70	start : 19/09/02 13:43
Current failed test : org.apache.commons.math.analysis.solvers.BisectionSolverTest::testMath369 | 19/09/02 13:43
Mon Sep 02 13:44:03 EDT 2019 org.apache.commons.math.analysis.solvers.BisectionSolver,72

----------------------------------------
----------------------------------------
Pass Single Test : [=>0,0]
return solve(f,min,max);

Time : 19/09/02 13:44
----------------------------------------

----------------------------------------
----------------------------------------
Similar code block : 2.7847319278346623 : [/home/mmotwani/mywork1dir/Defects4Java7/defects4j/SIMFIX_RQ1/math/math_70_buggy/src/main/java/org/apache/commons/math/analysis/solvers/BisectionSolver.java=>0,0]
return solve(f,min,max);

Time : 19/09/02 13:45
----------------------------------------

----------------------------------------
----------------------------------------
Original source code : [/home/mmotwani/mywork1dir/Defects4Java7/defects4j/SIMFIX_RQ1/math/math_70_buggy/src/main/java/org/apache/commons/math/analysis/solvers/BisectionSolver.java=>72,72]
return solve(min,max);

Time : 19/09/02 13:45
----------------------------------------

----------------------------------------
----------------------------------------
Find a patch : [/home/mmotwani/mywork1dir/Defects4Java7/defects4j/SIMFIX_RQ1/math/math_70_buggy/src/main/java/org/apache/commons/math/analysis/solvers/BisectionSolver.java=>72,72]
return solve(f,min,max);

Time : 19/09/02 13:45
----------------------------------------
Success time : 19/09/02 13:45
