=================================================
Project : math_75	start : 19/09/02 13:43
Current failed test : org.apache.commons.math.stat.FrequencyTest::testPcts | 19/09/02 13:43
Mon Sep 02 13:44:03 EDT 2019 org.apache.commons.math.stat.Frequency,303

----------------------------------------
----------------------------------------
Pass Single Test : [=>0,0]
return getPct((Comparable<?>)v);

Time : 19/09/02 13:45
----------------------------------------

----------------------------------------
----------------------------------------
Similar code block : 1.9622504486493764 : [/home/mmotwani/mywork1dir/Defects4Java7/defects4j/SIMFIX_RQ1/math/math_75_buggy/src/main/java/org/apache/commons/math/stat/Frequency.java=>0,0]
return getPct(Long.valueOf(v));

Time : 19/09/02 13:45
----------------------------------------

----------------------------------------
----------------------------------------
Original source code : [/home/mmotwani/mywork1dir/Defects4Java7/defects4j/SIMFIX_RQ1/math/math_75_buggy/src/main/java/org/apache/commons/math/stat/Frequency.java=>303,303]
return getCumPct((Comparable<?>)v);

Time : 19/09/02 13:45
----------------------------------------

----------------------------------------
----------------------------------------
Find a patch : [/home/mmotwani/mywork1dir/Defects4Java7/defects4j/SIMFIX_RQ1/math/math_75_buggy/src/main/java/org/apache/commons/math/stat/Frequency.java=>303,303]
return getPct((Comparable<?>)v);

Time : 19/09/02 13:45
----------------------------------------
Success time : 19/09/02 13:45
