=================================================
Project : math_76	start : 19/09/02 13:43
Current failed test : org.apache.commons.math.linear.SingularValueSolverTest::testMath320B | 19/09/02 13:44
Mon Sep 02 13:44:43 EDT 2019 org.apache.commons.math.linear.SingularValueDecompositionImpl,143
Mon Sep 02 13:46:28 EDT 2019 org.apache.commons.math.linear.SingularValueDecompositionImpl,283
Mon Sep 02 13:47:03 EDT 2019 org.apache.commons.math.linear.SingularValueDecompositionImpl,284
Mon Sep 02 13:47:04 EDT 2019 org.apache.commons.math.linear.SingularValueDecompositionImpl,288
Mon Sep 02 13:47:46 EDT 2019 org.apache.commons.math.linear.SingularValueDecompositionImpl,182
Mon Sep 02 13:57:14 EDT 2019 org.apache.commons.math.linear.SingularValueDecompositionImpl,217
Mon Sep 02 13:57:26 EDT 2019 org.apache.commons.math.linear.SingularValueDecompositionImpl,220
Mon Sep 02 13:57:27 EDT 2019 org.apache.commons.math.linear.SingularValueDecompositionImpl,223
Mon Sep 02 13:57:40 EDT 2019 org.apache.commons.math.linear.MatrixUtils,202
Mon Sep 02 14:03:52 EDT 2019 org.apache.commons.math.linear.MatrixUtils,203
Mon Sep 02 14:13:20 EDT 2019 org.apache.commons.math.linear.MatrixUtils,204
Mon Sep 02 14:13:21 EDT 2019 org.apache.commons.math.linear.MatrixUtils,206
Mon Sep 02 14:13:21 EDT 2019 Mon Sep 02 14:13:21 EDT 2019 : org.apache.commons.math.linear.DefaultRealMatrixPreservingVisitor,30=>Find no block
Mon Sep 02 14:13:22 EDT 2019 Mon Sep 02 14:13:22 EDT 2019 : org.apache.commons.math.linear.DefaultRealMatrixPreservingVisitor,35=>Find no block
Mon Sep 02 14:13:23 EDT 2019 org.apache.commons.math.linear.DefaultRealMatrixPreservingVisitor,44
Mon Sep 02 14:13:26 EDT 2019 org.apache.commons.math.linear.AbstractRealMatrix,195
Mon Sep 02 14:13:28 EDT 2019 org.apache.commons.math.linear.AbstractRealMatrix,603
Mon Sep 02 14:15:35 EDT 2019 org.apache.commons.math.linear.AbstractRealMatrix,604
Mon Sep 02 14:15:36 EDT 2019 org.apache.commons.math.linear.AbstractRealMatrix,605
Mon Sep 02 14:15:36 EDT 2019 org.apache.commons.math.linear.AbstractRealMatrix,606
Mon Sep 02 14:15:37 EDT 2019 org.apache.commons.math.linear.AbstractRealMatrix,616
Mon Sep 02 14:15:38 EDT 2019 org.apache.commons.math.linear.AbstractRealMatrix,919
Mon Sep 02 14:15:50 EDT 2019 org.apache.commons.math.linear.AbstractRealMatrix,195
Mon Sep 02 14:15:50 EDT 2019 org.apache.commons.math.linear.AbstractRealMatrix,210
Mon Sep 02 14:15:53 EDT 2019 org.apache.commons.math.linear.AbstractRealMatrix,211
Mon Sep 02 14:15:53 EDT 2019 org.apache.commons.math.linear.AbstractRealMatrix,212
Mon Sep 02 14:15:54 EDT 2019 Mon Sep 02 14:15:54 EDT 2019 : org.apache.commons.math.linear.AbstractRealMatrix,213=>Find no block
Mon Sep 02 14:15:55 EDT 2019 org.apache.commons.math.linear.AbstractRealMatrix,217

----------------------------------------
----------------------------------------
Pass Single Test : [=>0,0]
columnSum+=Math.abs(value);
if(Math.abs(value-value)==endRow){
maxColSum=Math.max(maxColSum,columnSum);
columnSum=0;
}

Time : 19/09/02 14:17
----------------------------------------

----------------------------------------
----------------------------------------
Pass Single Test : [=>0,0]
columnSum+=Math.abs(value);
if(row==Math.max(Math.abs(value),Math.abs(value))){
maxColSum=Math.max(maxColSum,columnSum);
columnSum=0;
}

Time : 19/09/02 14:18
----------------------------------------

----------------------------------------
----------------------------------------
Pass Single Test : [=>0,0]
columnSum+=Math.abs(value);
if(Math.abs(value-value)==Math.max(Math.abs(value),Math.abs(value))){
maxColSum=Math.max(maxColSum,columnSum);
columnSum=0;
}

Time : 19/09/02 14:18
----------------------------------------

----------------------------------------
----------------------------------------
Pass Single Test : [=>0,0]
columnSum+=Math.abs(value);
if(Math.abs(value*value)==endRow){
maxColSum=Math.max(maxColSum,columnSum);
columnSum=0;
}

Time : 19/09/02 14:19
----------------------------------------

----------------------------------------
----------------------------------------
Pass Single Test : [=>0,0]
columnSum+=Math.abs(value);
if(row==Math.abs(0.5*value)){
maxColSum=Math.max(maxColSum,columnSum);
columnSum=0;
}

Time : 19/09/02 14:20
----------------------------------------

----------------------------------------
----------------------------------------
Pass Single Test : [=>0,0]
columnSum+=Math.abs(value);
if(Math.abs(value*value)==Math.abs(0.5*value)){
maxColSum=Math.max(maxColSum,columnSum);
columnSum=0;
}

Time : 19/09/02 14:20
----------------------------------------

----------------------------------------
----------------------------------------
Pass Single Test : [=>0,0]
columnSum+=Math.abs(value);
if(Math.abs(value)==endRow){
maxColSum=Math.max(maxColSum,columnSum);
columnSum=0;
}

Time : 19/09/02 14:22
----------------------------------------

----------------------------------------
----------------------------------------
Pass Single Test : [=>0,0]
columnSum+=Math.abs(value);
if(row==Math.max(1.0E-15,value)){
maxColSum=Math.max(maxColSum,columnSum);
columnSum=0;
}

Time : 19/09/02 14:23
----------------------------------------

----------------------------------------
----------------------------------------
Pass Single Test : [=>0,0]
columnSum+=Math.abs(value);
if(Math.abs(maxColSum)==endRow){
maxColSum=Math.max(maxColSum,columnSum);
columnSum=0;
}

Time : 19/09/02 14:24
----------------------------------------

----------------------------------------
----------------------------------------
Pass Single Test : [=>0,0]
columnSum+=Math.abs(value);
if(value==endRow){
maxColSum=Math.max(maxColSum,columnSum);
columnSum=0;
}

Time : 19/09/02 14:25
----------------------------------------
Mon Sep 02 14:26:46 EDT 2019 org.apache.commons.math.linear.AbstractRealMatrix,218

----------------------------------------
----------------------------------------
Pass Single Test : [=>0,0]
if(Math.max(value,value)==endRow){
maxColSum=Math.max(maxColSum,columnSum);
columnSum=0;
}

Time : 19/09/02 14:27
----------------------------------------

----------------------------------------
----------------------------------------
Pass Single Test : [=>0,0]
if(row==Math.max(1.0E-15,value)){
maxColSum=Math.max(maxColSum,columnSum);
columnSum=0;
}

Time : 19/09/02 14:28
----------------------------------------

----------------------------------------
----------------------------------------
Pass Single Test : [=>0,0]
if(row==Math.max(Math.abs(value),Math.abs(value))){
maxColSum=Math.max(maxColSum,columnSum);
columnSum=0;
}

Time : 19/09/02 14:28
----------------------------------------

----------------------------------------
----------------------------------------
Pass Single Test : [=>0,0]
if(Math.abs(value)==endRow){
maxColSum=Math.max(maxColSum,columnSum);
columnSum=0;
}

Time : 19/09/02 14:29
----------------------------------------

----------------------------------------
----------------------------------------
Pass Single Test : [=>0,0]
if(row==Math.max(value*Math.abs(value),value)){
maxColSum=Math.max(maxColSum,columnSum);
columnSum=0;
}

Time : 19/09/02 14:30
----------------------------------------

----------------------------------------
----------------------------------------
Pass Single Test : [=>0,0]
if(Math.abs(value)==Math.max(value*Math.abs(value),value)){
maxColSum=Math.max(maxColSum,columnSum);
columnSum=0;
}

Time : 19/09/02 14:30
----------------------------------------

----------------------------------------
----------------------------------------
Pass Single Test : [=>0,0]
if(Math.abs(value-value)==endRow){
maxColSum=Math.max(maxColSum,columnSum);
columnSum=0;
}

Time : 19/09/02 14:31
----------------------------------------

----------------------------------------
----------------------------------------
Pass Single Test : [=>0,0]
if(Math.abs(value-value)==Math.max(Math.abs(value),Math.abs(value))){
maxColSum=Math.max(maxColSum,columnSum);
columnSum=0;
}

Time : 19/09/02 14:31
----------------------------------------

----------------------------------------
----------------------------------------
Pass Single Test : [=>0,0]
if(Math.abs(maxColSum)==endRow){
maxColSum=Math.max(maxColSum,columnSum);
columnSum=0;
}

Time : 19/09/02 14:32
----------------------------------------

----------------------------------------
----------------------------------------
Pass Single Test : [=>0,0]
if(value==endRow){
maxColSum=Math.max(maxColSum,columnSum);
columnSum=0;
}

Time : 19/09/02 14:33
----------------------------------------
Mon Sep 02 14:33:55 EDT 2019 org.apache.commons.math.linear.AbstractRealMatrix,219
Mon Sep 02 14:33:56 EDT 2019 org.apache.commons.math.linear.AbstractRealMatrix,220
Mon Sep 02 14:33:57 EDT 2019 Mon Sep 02 14:33:57 EDT 2019 : org.apache.commons.math.linear.AbstractRealMatrix,222=>Find no block
Mon Sep 02 14:33:57 EDT 2019 org.apache.commons.math.linear.AbstractRealMatrix,226
Mon Sep 02 14:34:00 EDT 2019 org.apache.commons.math.linear.MatrixUtils,633
Mon Sep 02 14:34:41 EDT 2019 Mon Sep 02 14:34:41 EDT 2019 : org.apache.commons.math.linear.MatrixUtils,640=>Find no block
Mon Sep 02 14:34:41 EDT 2019 org.apache.commons.math.linear.Array2DRowRealMatrix,235
Mon Sep 02 14:34:44 EDT 2019 org.apache.commons.math.linear.Array2DRowRealMatrix,252
Mon Sep 02 14:36:01 EDT 2019 org.apache.commons.math.linear.Array2DRowRealMatrix,254
Mon Sep 02 14:36:02 EDT 2019 org.apache.commons.math.linear.Array2DRowRealMatrix,255
Mon Sep 02 14:40:24 EDT 2019 org.apache.commons.math.linear.Array2DRowRealMatrix,256

----------------------------------------
----------------------------------------
Pass Single Test : [=>0,0]
for(int col=rowCount;col<columnCount;col++){
outDataRow[col]=dataRow[col]-mRow[col];
}

Time : 19/09/02 14:41
----------------------------------------

----------------------------------------
----------------------------------------
Pass Single Test : [=>0,0]
for(int col=0;rowCount<rowCount;col++){
outDataRow[col]=dataRow[col]-mRow[col];
}

Time : 19/09/02 14:42
----------------------------------------

----------------------------------------
----------------------------------------
Pass Single Test : [=>0,0]
for(int col=0;rowCount<columnCount;col++){
outDataRow[col]=dataRow[col]-mRow[col];
}

Time : 19/09/02 14:42
----------------------------------------

----------------------------------------
----------------------------------------
Pass Single Test : [=>0,0]
for(int col=0;rowCount<col;col++){
outDataRow[col]=dataRow[col]-mRow[col];
}

Time : 19/09/02 14:43
----------------------------------------

----------------------------------------
----------------------------------------
Pass Single Test : [=>0,0]
for(int col=columnCount;col<columnCount;col++){
outDataRow[col]=dataRow[col]-mRow[col];
}

Time : 19/09/02 14:43
----------------------------------------

----------------------------------------
----------------------------------------
Pass Single Test : [=>0,0]
for(int row=rowCount;row<rowCount;row++){
 final double[] dataRow=data[row];
 final double[] mRow=m.data[row];
 final double[] outDataRow=outData[row];
for(int col=0;col<columnCount;col++){
outDataRow[col]=dataRow[col]-mRow[col];
}
}

Time : 19/09/02 14:44
----------------------------------------

----------------------------------------
----------------------------------------
Pass Single Test : [=>0,0]
for(int row=rowCount;row<columnCount;row++){
 final double[] dataRow=data[row];
 final double[] mRow=m.data[row];
 final double[] outDataRow=outData[row];
for(int col=0;col<columnCount;col++){
outDataRow[col]=dataRow[col]-mRow[col];
}
}

Time : 19/09/02 14:44
----------------------------------------

----------------------------------------
----------------------------------------
Pass Single Test : [=>0,0]
for(int row=rowCount;row<rowCount;row++){
 final double[] dataRow=data[row];
 final double[] mRow=m.data[row];
 final double[] outDataRow=outData[row];
for(int col=rowCount;col<columnCount;col++){
outDataRow[col]=dataRow[col]-mRow[col];
}
}

Time : 19/09/02 14:46
----------------------------------------

----------------------------------------
----------------------------------------
Pass Single Test : [=>0,0]
for(int row=0;row<rowCount;row++){
 final double[] dataRow=data[row];
 final double[] mRow=m.data[row];
 final double[] outDataRow=outData[row];
for(int col=rowCount;col<columnCount;col++){
outDataRow[col]=dataRow[col]-mRow[col];
}
}

Time : 19/09/02 14:47
----------------------------------------

----------------------------------------
----------------------------------------
Pass Single Test : [=>0,0]
for(int row=rowCount;row<rowCount;row++){
 final double[] dataRow=data[row];
 final double[] mRow=m.data[row];
 final double[] outDataRow=outData[row];
for(int col=0;row<columnCount;col++){
outDataRow[col]=dataRow[col]-mRow[col];
}
}

Time : 19/09/02 14:47
----------------------------------------

----------------------------------------
----------------------------------------
Pass Single Test : [=>0,0]
for(int row=rowCount;row<rowCount;row++){
 final double[] dataRow=data[row];
 final double[] mRow=m.data[row];
 final double[] outDataRow=outData[row];
for(int col=rowCount;row<columnCount;col++){
outDataRow[col]=dataRow[col]-mRow[col];
}
}

Time : 19/09/02 14:48
----------------------------------------

----------------------------------------
----------------------------------------
Pass Single Test : [=>0,0]
for(int row=columnCount;row<rowCount;row++){
 final double[] dataRow=data[row];
 final double[] mRow=m.data[row];
 final double[] outDataRow=outData[row];
for(int col=0;col<columnCount;col++){
outDataRow[col]=dataRow[col]-mRow[col];
}
}

Time : 19/09/02 14:51
----------------------------------------

----------------------------------------
----------------------------------------
Pass Single Test : [=>0,0]
 final int columnCount=getColumnDimension();
 final double[][] outData=new double[rowCount][columnCount];
for(int row=0;row<rowCount;row++){
 final double[] dataRow=data[row];
 final double[] mRow=m.data[row];
 final double[] outDataRow=outData[row];
for(int col=0;row<row;col++){
outDataRow[col]=dataRow[col]-mRow[col];
}
}

Time : 19/09/02 15:00
----------------------------------------

----------------------------------------
----------------------------------------
Pass Single Test : [=>0,0]
 final int columnCount=getColumnDimension();
 final double[][] outData=new double[rowCount][columnCount];
for(int row=columnCount;row<rowCount;row++){
 final double[] dataRow=data[row];
 final double[] mRow=m.data[row];
 final double[] outDataRow=outData[row];
for(int col=0;col<columnCount;col++){
outDataRow[col]=dataRow[col]-mRow[col];
}
}

Time : 19/09/02 15:01
----------------------------------------

----------------------------------------
----------------------------------------
Pass Single Test : [=>0,0]
 final int columnCount=getColumnDimension();
 final double[][] outData=new double[rowCount][columnCount];
for(int row=columnCount;row<rowCount;row++){
 final double[] dataRow=data[row];
 final double[] mRow=m.data[row];
 final double[] outDataRow=outData[row];
for(int col=columnCount;col<columnCount;col++){
outDataRow[col]=dataRow[col]-mRow[col];
}
}

Time : 19/09/02 15:02
----------------------------------------

----------------------------------------
----------------------------------------
Pass Single Test : [=>0,0]
 final int columnCount=getColumnDimension();
 final double[][] outData=new double[rowCount][columnCount];
for(int row=0;row<rowCount;row++){
 final double[] dataRow=data[row];
 final double[] mRow=m.data[row];
 final double[] outDataRow=outData[row];
for(int col=columnCount;col<columnCount;col++){
outDataRow[col]=dataRow[col]-mRow[col];
}
}

Time : 19/09/02 15:02
----------------------------------------

----------------------------------------
----------------------------------------
Pass Single Test : [=>0,0]
 final int columnCount=getColumnDimension();
 final double[][] outData=new double[rowCount][columnCount];
for(int row=0;columnCount<rowCount;row++){
 final double[] dataRow=data[row];
 final double[] mRow=m.data[row];
 final double[] outDataRow=outData[row];
for(int col=0;col<columnCount;col++){
outDataRow[col]=dataRow[col]-mRow[col];
}
}

Time : 19/09/02 15:05
----------------------------------------

----------------------------------------
----------------------------------------
Pass Single Test : [=>0,0]
 final int columnCount=getColumnDimension();
 final double[][] outData=new double[rowCount][columnCount];
for(int row=0;row<rowCount;row++){
 final double[] dataRow=data[row];
 final double[] mRow=m.data[row];
 final double[] outDataRow=outData[row];
for(int col=0;columnCount<rowCount;col++){
outDataRow[col]=dataRow[col]-mRow[col];
}
}

Time : 19/09/02 15:07
----------------------------------------

----------------------------------------
----------------------------------------
Pass Single Test : [=>0,0]
 final int columnCount=getColumnDimension();
 final double[][] outData=new double[rowCount][columnCount];
for(int row=rowCount;row<rowCount;row++){
 final double[] dataRow=data[row];
 final double[] mRow=m.data[row];
 final double[] outDataRow=outData[row];
for(int col=0;col<columnCount;col++){
outDataRow[col]=dataRow[col]-mRow[col];
}
}

Time : 19/09/02 15:08
----------------------------------------

----------------------------------------
----------------------------------------
Pass Single Test : [=>0,0]
 final int columnCount=getColumnDimension();
 final double[][] outData=new double[rowCount][columnCount];
for(int row=0;row<rowCount;row++){
 final double[] dataRow=data[row];
 final double[] mRow=m.data[row];
 final double[] outDataRow=outData[row];
for(int col=rowCount;col<columnCount;col++){
outDataRow[col]=dataRow[col]-mRow[col];
}
}

Time : 19/09/02 15:09
----------------------------------------

----------------------------------------
----------------------------------------
Pass Single Test : [=>0,0]
 final int columnCount=getColumnDimension();
 final double[][] outData=new double[rowCount][columnCount];
for(int row=0;row<rowCount;row++){
 final double[] dataRow=data[row];
 final double[] mRow=m.data[row];
 final double[] outDataRow=outData[row];
for(int col=0;rowCount+1<columnCount;col++){
outDataRow[col]=dataRow[col]-mRow[col];
}
}

Time : 19/09/02 15:09
----------------------------------------

----------------------------------------
----------------------------------------
Pass Single Test : [=>0,0]
 final int columnCount=getColumnDimension();
 final double[][] outData=new double[rowCount][columnCount];
for(int row=0;row<rowCount;row++){
 final double[] dataRow=data[row];
 final double[] mRow=m.data[row];
 final double[] outDataRow=outData[row];
for(int col=rowCount;rowCount+1<columnCount;col++){
outDataRow[col]=dataRow[col]-mRow[col];
}
}

Time : 19/09/02 15:10
----------------------------------------
Mon Sep 02 15:14:02 EDT 2019 org.apache.commons.math.linear.Array2DRowRealMatrix,257
Mon Sep 02 15:14:02 EDT 2019 org.apache.commons.math.linear.Array2DRowRealMatrix,258
Mon Sep 02 15:14:03 EDT 2019 org.apache.commons.math.linear.Array2DRowRealMatrix,259
Mon Sep 02 15:14:04 EDT 2019 org.apache.commons.math.linear.Array2DRowRealMatrix,260
Mon Sep 02 15:14:05 EDT 2019 org.apache.commons.math.linear.Array2DRowRealMatrix,261
Mon Sep 02 15:14:06 EDT 2019 org.apache.commons.math.linear.Array2DRowRealMatrix,262
Mon Sep 02 15:14:06 EDT 2019 org.apache.commons.math.linear.Array2DRowRealMatrix,266

----------------------------------------
----------------------------------------
Pass Single Test : [=>0,0]
for(int row=rowCount;row<rowCount;row++){
 final double[] dataRow=data[row];
 final double[] mRow=m.data[row];
 final double[] outDataRow=outData[row];
for(int col=0;col<columnCount;col++){
outDataRow[col]=dataRow[col]-mRow[col];
}
}
return new Array2DRowRealMatrix(outData,false);

Time : 19/09/02 15:15
----------------------------------------

----------------------------------------
----------------------------------------
Pass Single Test : [=>0,0]
for(int row=rowCount;row<columnCount;row++){
 final double[] dataRow=data[row];
 final double[] mRow=m.data[row];
 final double[] outDataRow=outData[row];
for(int col=0;col<columnCount;col++){
outDataRow[col]=dataRow[col]-mRow[col];
}
}
return new Array2DRowRealMatrix(outData,false);

Time : 19/09/02 15:15
----------------------------------------
Mon Sep 02 15:17:51 EDT 2019 org.apache.commons.math.linear.Array2DRowRealMatrix,496
Timeout time : 19/09/02 15:24
Current failed test : org.apache.commons.math.linear.SingularValueSolverTest::testMath320A_purify_1 | 19/09/02 15:24
Mon Sep 02 15:25:25 EDT 2019 org.apache.commons.math.linear.SingularValueDecompositionImpl,143
Mon Sep 02 15:27:06 EDT 2019 org.apache.commons.math.linear.SingularValueDecompositionImpl,283
Mon Sep 02 15:27:38 EDT 2019 org.apache.commons.math.linear.SingularValueDecompositionImpl,284
Mon Sep 02 15:27:39 EDT 2019 org.apache.commons.math.linear.SingularValueDecompositionImpl,288
Mon Sep 02 15:28:20 EDT 2019 org.apache.commons.math.linear.SingularValueDecompositionImpl,182
Mon Sep 02 15:37:42 EDT 2019 org.apache.commons.math.linear.SingularValueDecompositionImpl,217
Mon Sep 02 15:37:54 EDT 2019 org.apache.commons.math.linear.SingularValueDecompositionImpl,220
Mon Sep 02 15:37:55 EDT 2019 org.apache.commons.math.linear.SingularValueDecompositionImpl,223
Mon Sep 02 15:38:07 EDT 2019 org.apache.commons.math.linear.MatrixUtils,202
Mon Sep 02 15:44:27 EDT 2019 org.apache.commons.math.linear.MatrixUtils,203
Mon Sep 02 15:55:00 EDT 2019 org.apache.commons.math.linear.MatrixUtils,204
Mon Sep 02 15:55:01 EDT 2019 org.apache.commons.math.linear.MatrixUtils,206
Mon Sep 02 15:55:07 EDT 2019 Mon Sep 02 15:55:07 EDT 2019 : org.apache.commons.math.linear.DefaultRealMatrixPreservingVisitor,30=>Find no block
Mon Sep 02 15:55:13 EDT 2019 Mon Sep 02 15:55:13 EDT 2019 : org.apache.commons.math.linear.DefaultRealMatrixPreservingVisitor,35=>Find no block
Mon Sep 02 15:55:17 EDT 2019 org.apache.commons.math.linear.DefaultRealMatrixPreservingVisitor,44
Mon Sep 02 15:55:26 EDT 2019 org.apache.commons.math.linear.AbstractRealMatrix,195
Mon Sep 02 15:55:40 EDT 2019 org.apache.commons.math.linear.AbstractRealMatrix,603
Mon Sep 02 15:58:06 EDT 2019 org.apache.commons.math.linear.AbstractRealMatrix,604
Mon Sep 02 15:58:10 EDT 2019 org.apache.commons.math.linear.AbstractRealMatrix,605
Mon Sep 02 15:58:14 EDT 2019 org.apache.commons.math.linear.AbstractRealMatrix,606
Mon Sep 02 15:58:18 EDT 2019 org.apache.commons.math.linear.AbstractRealMatrix,616
Mon Sep 02 15:58:20 EDT 2019 org.apache.commons.math.linear.AbstractRealMatrix,919
Mon Sep 02 15:58:44 EDT 2019 org.apache.commons.math.linear.AbstractRealMatrix,195
Mon Sep 02 15:58:50 EDT 2019 org.apache.commons.math.linear.AbstractRealMatrix,210
Mon Sep 02 15:59:01 EDT 2019 org.apache.commons.math.linear.AbstractRealMatrix,211
Mon Sep 02 15:59:02 EDT 2019 org.apache.commons.math.linear.AbstractRealMatrix,212
Mon Sep 02 15:59:03 EDT 2019 Mon Sep 02 15:59:03 EDT 2019 : org.apache.commons.math.linear.AbstractRealMatrix,213=>Find no block
Mon Sep 02 15:59:03 EDT 2019 org.apache.commons.math.linear.AbstractRealMatrix,217
Mon Sep 02 16:06:31 EDT 2019 org.apache.commons.math.linear.AbstractRealMatrix,218
Mon Sep 02 16:10:13 EDT 2019 org.apache.commons.math.linear.AbstractRealMatrix,219
Mon Sep 02 16:10:14 EDT 2019 org.apache.commons.math.linear.AbstractRealMatrix,220
Mon Sep 02 16:10:15 EDT 2019 Mon Sep 02 16:10:15 EDT 2019 : org.apache.commons.math.linear.AbstractRealMatrix,222=>Find no block
Mon Sep 02 16:10:16 EDT 2019 org.apache.commons.math.linear.AbstractRealMatrix,226
Mon Sep 02 16:10:18 EDT 2019 org.apache.commons.math.linear.MatrixUtils,633
Mon Sep 02 16:10:59 EDT 2019 Mon Sep 02 16:10:59 EDT 2019 : org.apache.commons.math.linear.MatrixUtils,640=>Find no block
Mon Sep 02 16:10:59 EDT 2019 org.apache.commons.math.linear.Array2DRowRealMatrix,235
Mon Sep 02 16:11:02 EDT 2019 org.apache.commons.math.linear.Array2DRowRealMatrix,252
Mon Sep 02 16:12:20 EDT 2019 org.apache.commons.math.linear.Array2DRowRealMatrix,254
Mon Sep 02 16:12:21 EDT 2019 org.apache.commons.math.linear.Array2DRowRealMatrix,255
Mon Sep 02 16:16:44 EDT 2019 org.apache.commons.math.linear.Array2DRowRealMatrix,256
Mon Sep 02 16:42:41 EDT 2019 org.apache.commons.math.linear.Array2DRowRealMatrix,257
Mon Sep 02 16:42:42 EDT 2019 org.apache.commons.math.linear.Array2DRowRealMatrix,258
Mon Sep 02 16:42:42 EDT 2019 org.apache.commons.math.linear.Array2DRowRealMatrix,259
Mon Sep 02 16:42:44 EDT 2019 org.apache.commons.math.linear.Array2DRowRealMatrix,260
Mon Sep 02 16:42:45 EDT 2019 org.apache.commons.math.linear.Array2DRowRealMatrix,261
Mon Sep 02 16:42:46 EDT 2019 org.apache.commons.math.linear.Array2DRowRealMatrix,262
Mon Sep 02 16:42:47 EDT 2019 org.apache.commons.math.linear.Array2DRowRealMatrix,266
Mon Sep 02 16:45:45 EDT 2019 org.apache.commons.math.linear.Array2DRowRealMatrix,496
Timeout time : 19/09/02 17:05
Current failed test : org.apache.commons.math.linear.SingularValueSolverTest::testMath320A_purify_4 | 19/09/02 17:05
Mon Sep 02 17:06:00 EDT 2019 org.apache.commons.math.linear.SingularValueDecompositionImpl,143
Mon Sep 02 17:07:37 EDT 2019 org.apache.commons.math.linear.SingularValueDecompositionImpl,283
Mon Sep 02 17:08:08 EDT 2019 org.apache.commons.math.linear.SingularValueDecompositionImpl,284
Mon Sep 02 17:08:09 EDT 2019 org.apache.commons.math.linear.SingularValueDecompositionImpl,288
Mon Sep 02 17:08:49 EDT 2019 org.apache.commons.math.linear.SingularValueDecompositionImpl,182
Mon Sep 02 17:18:05 EDT 2019 org.apache.commons.math.linear.SingularValueDecompositionImpl,217
Mon Sep 02 17:18:16 EDT 2019 org.apache.commons.math.linear.SingularValueDecompositionImpl,220
Mon Sep 02 17:18:17 EDT 2019 org.apache.commons.math.linear.SingularValueDecompositionImpl,223
Mon Sep 02 17:18:29 EDT 2019 org.apache.commons.math.linear.MatrixUtils,202
Mon Sep 02 17:24:38 EDT 2019 org.apache.commons.math.linear.MatrixUtils,203
Mon Sep 02 17:34:03 EDT 2019 org.apache.commons.math.linear.MatrixUtils,204
Mon Sep 02 17:34:03 EDT 2019 org.apache.commons.math.linear.MatrixUtils,206
Mon Sep 02 17:34:04 EDT 2019 Mon Sep 02 17:34:04 EDT 2019 : org.apache.commons.math.linear.DefaultRealMatrixPreservingVisitor,30=>Find no block
Mon Sep 02 17:34:05 EDT 2019 Mon Sep 02 17:34:05 EDT 2019 : org.apache.commons.math.linear.DefaultRealMatrixPreservingVisitor,35=>Find no block
Mon Sep 02 17:34:06 EDT 2019 org.apache.commons.math.linear.DefaultRealMatrixPreservingVisitor,44
Mon Sep 02 17:34:08 EDT 2019 org.apache.commons.math.linear.AbstractRealMatrix,195
Mon Sep 02 17:34:10 EDT 2019 org.apache.commons.math.linear.AbstractRealMatrix,603
Mon Sep 02 17:36:16 EDT 2019 org.apache.commons.math.linear.AbstractRealMatrix,604
Mon Sep 02 17:36:17 EDT 2019 org.apache.commons.math.linear.AbstractRealMatrix,605
Mon Sep 02 17:36:18 EDT 2019 org.apache.commons.math.linear.AbstractRealMatrix,606
Mon Sep 02 17:36:19 EDT 2019 org.apache.commons.math.linear.AbstractRealMatrix,616
Mon Sep 02 17:36:20 EDT 2019 org.apache.commons.math.linear.AbstractRealMatrix,919
Mon Sep 02 17:36:32 EDT 2019 org.apache.commons.math.linear.AbstractRealMatrix,195
Mon Sep 02 17:36:32 EDT 2019 org.apache.commons.math.linear.AbstractRealMatrix,210
Mon Sep 02 17:36:35 EDT 2019 org.apache.commons.math.linear.AbstractRealMatrix,211
Mon Sep 02 17:36:36 EDT 2019 org.apache.commons.math.linear.AbstractRealMatrix,212
Mon Sep 02 17:36:36 EDT 2019 Mon Sep 02 17:36:36 EDT 2019 : org.apache.commons.math.linear.AbstractRealMatrix,213=>Find no block
Mon Sep 02 17:36:37 EDT 2019 org.apache.commons.math.linear.AbstractRealMatrix,217

----------------------------------------
----------------------------------------
Pass Single Test : [=>0,0]
columnSum+=Math.abs(value);
if(Math.abs(value-value)==endRow){
maxColSum=Math.max(maxColSum,columnSum);
columnSum=0;
}

Time : 19/09/02 17:38
----------------------------------------

----------------------------------------
----------------------------------------
Pass Single Test : [=>0,0]
columnSum+=Math.abs(value);
if(row==Math.max(Math.abs(value),Math.abs(value))){
maxColSum=Math.max(maxColSum,columnSum);
columnSum=0;
}

Time : 19/09/02 17:38
----------------------------------------

----------------------------------------
----------------------------------------
Pass Single Test : [=>0,0]
columnSum+=Math.abs(value);
if(Math.abs(value-value)==Math.max(Math.abs(value),Math.abs(value))){
maxColSum=Math.max(maxColSum,columnSum);
columnSum=0;
}

Time : 19/09/02 17:39
----------------------------------------

----------------------------------------
----------------------------------------
Pass Single Test : [=>0,0]
columnSum+=Math.abs(value);
if(Math.abs(value*value)==endRow){
maxColSum=Math.max(maxColSum,columnSum);
columnSum=0;
}

Time : 19/09/02 17:40
----------------------------------------

----------------------------------------
----------------------------------------
Pass Single Test : [=>0,0]
columnSum+=Math.abs(value);
if(row==Math.abs(0.5*value)){
maxColSum=Math.max(maxColSum,columnSum);
columnSum=0;
}

Time : 19/09/02 17:40
----------------------------------------

----------------------------------------
----------------------------------------
Pass Single Test : [=>0,0]
columnSum+=Math.abs(value);
if(Math.abs(value*value)==Math.abs(0.5*value)){
maxColSum=Math.max(maxColSum,columnSum);
columnSum=0;
}

Time : 19/09/02 17:41
----------------------------------------

----------------------------------------
----------------------------------------
Pass Single Test : [=>0,0]
columnSum+=Math.abs(value);
if(Math.abs(value)==endRow){
maxColSum=Math.max(maxColSum,columnSum);
columnSum=0;
}

Time : 19/09/02 17:42
----------------------------------------

----------------------------------------
----------------------------------------
Pass Single Test : [=>0,0]
columnSum+=Math.abs(value);
if(row==Math.max(1.0E-15,value)){
maxColSum=Math.max(maxColSum,columnSum);
columnSum=0;
}

Time : 19/09/02 17:44
----------------------------------------

----------------------------------------
----------------------------------------
Pass Single Test : [=>0,0]
columnSum+=Math.abs(value);
if(Math.abs(maxColSum)==endRow){
maxColSum=Math.max(maxColSum,columnSum);
columnSum=0;
}

Time : 19/09/02 17:44
----------------------------------------

----------------------------------------
----------------------------------------
Pass Single Test : [=>0,0]
columnSum+=Math.abs(value);
if(value==endRow){
maxColSum=Math.max(maxColSum,columnSum);
columnSum=0;
}

Time : 19/09/02 17:46
----------------------------------------
Mon Sep 02 17:47:32 EDT 2019 org.apache.commons.math.linear.AbstractRealMatrix,218

----------------------------------------
----------------------------------------
Pass Single Test : [=>0,0]
if(Math.max(value,value)==endRow){
maxColSum=Math.max(maxColSum,columnSum);
columnSum=0;
}

Time : 19/09/02 17:48
----------------------------------------

----------------------------------------
----------------------------------------
Pass Single Test : [=>0,0]
if(row==Math.max(1.0E-15,value)){
maxColSum=Math.max(maxColSum,columnSum);
columnSum=0;
}

Time : 19/09/02 17:48
----------------------------------------

----------------------------------------
----------------------------------------
Pass Single Test : [=>0,0]
if(row==Math.max(Math.abs(value),Math.abs(value))){
maxColSum=Math.max(maxColSum,columnSum);
columnSum=0;
}

Time : 19/09/02 17:49
----------------------------------------

----------------------------------------
----------------------------------------
Pass Single Test : [=>0,0]
if(Math.abs(value)==endRow){
maxColSum=Math.max(maxColSum,columnSum);
columnSum=0;
}

Time : 19/09/02 17:50
----------------------------------------

----------------------------------------
----------------------------------------
Pass Single Test : [=>0,0]
if(row==Math.max(value*Math.abs(value),value)){
maxColSum=Math.max(maxColSum,columnSum);
columnSum=0;
}

Time : 19/09/02 17:50
----------------------------------------

----------------------------------------
----------------------------------------
Pass Single Test : [=>0,0]
if(Math.abs(value-value)==endRow){
maxColSum=Math.max(maxColSum,columnSum);
columnSum=0;
}

Time : 19/09/02 17:51
----------------------------------------

----------------------------------------
----------------------------------------
Pass Single Test : [=>0,0]
if(Math.abs(value-value)==Math.max(Math.abs(value),Math.abs(value))){
maxColSum=Math.max(maxColSum,columnSum);
columnSum=0;
}

Time : 19/09/02 17:52
----------------------------------------

----------------------------------------
----------------------------------------
Pass Single Test : [=>0,0]
if(Math.abs(maxColSum)==endRow){
maxColSum=Math.max(maxColSum,columnSum);
columnSum=0;
}

Time : 19/09/02 17:52
----------------------------------------

----------------------------------------
----------------------------------------
Pass Single Test : [=>0,0]
if(value==endRow){
maxColSum=Math.max(maxColSum,columnSum);
columnSum=0;
}

Time : 19/09/02 17:53
----------------------------------------
Mon Sep 02 17:54:23 EDT 2019 org.apache.commons.math.linear.AbstractRealMatrix,219
Mon Sep 02 17:54:24 EDT 2019 org.apache.commons.math.linear.AbstractRealMatrix,220
Mon Sep 02 17:54:24 EDT 2019 Mon Sep 02 17:54:24 EDT 2019 : org.apache.commons.math.linear.AbstractRealMatrix,222=>Find no block
Mon Sep 02 17:54:25 EDT 2019 org.apache.commons.math.linear.AbstractRealMatrix,226
Mon Sep 02 17:54:27 EDT 2019 org.apache.commons.math.linear.MatrixUtils,633
Mon Sep 02 17:55:08 EDT 2019 Mon Sep 02 17:55:08 EDT 2019 : org.apache.commons.math.linear.MatrixUtils,640=>Find no block
Mon Sep 02 17:55:09 EDT 2019 org.apache.commons.math.linear.Array2DRowRealMatrix,235
Mon Sep 02 17:55:11 EDT 2019 org.apache.commons.math.linear.Array2DRowRealMatrix,252
Mon Sep 02 17:56:28 EDT 2019 org.apache.commons.math.linear.Array2DRowRealMatrix,254
Mon Sep 02 17:56:29 EDT 2019 org.apache.commons.math.linear.Array2DRowRealMatrix,255
Mon Sep 02 18:00:52 EDT 2019 org.apache.commons.math.linear.Array2DRowRealMatrix,256

----------------------------------------
----------------------------------------
Pass Single Test : [=>0,0]
for(int col=rowCount;col<columnCount;col++){
outDataRow[col]=dataRow[col]-mRow[col];
}

Time : 19/09/02 18:02
----------------------------------------

----------------------------------------
----------------------------------------
Pass Single Test : [=>0,0]
for(int col=0;rowCount<rowCount;col++){
outDataRow[col]=dataRow[col]-mRow[col];
}

Time : 19/09/02 18:02
----------------------------------------

----------------------------------------
----------------------------------------
Pass Single Test : [=>0,0]
for(int col=0;rowCount<columnCount;col++){
outDataRow[col]=dataRow[col]-mRow[col];
}

Time : 19/09/02 18:03
----------------------------------------

----------------------------------------
----------------------------------------
Pass Single Test : [=>0,0]
for(int col=0;rowCount<col;col++){
outDataRow[col]=dataRow[col]-mRow[col];
}

Time : 19/09/02 18:03
----------------------------------------

----------------------------------------
----------------------------------------
Pass Single Test : [=>0,0]
for(int col=columnCount;col<columnCount;col++){
outDataRow[col]=dataRow[col]-mRow[col];
}

Time : 19/09/02 18:04
----------------------------------------

----------------------------------------
----------------------------------------
Pass Single Test : [=>0,0]
for(int row=rowCount;row<rowCount;row++){
 final double[] dataRow=data[row];
 final double[] mRow=m.data[row];
 final double[] outDataRow=outData[row];
for(int col=0;col<columnCount;col++){
outDataRow[col]=dataRow[col]-mRow[col];
}
}

Time : 19/09/02 18:04
----------------------------------------

----------------------------------------
----------------------------------------
Pass Single Test : [=>0,0]
for(int row=rowCount;row<columnCount;row++){
 final double[] dataRow=data[row];
 final double[] mRow=m.data[row];
 final double[] outDataRow=outData[row];
for(int col=0;col<columnCount;col++){
outDataRow[col]=dataRow[col]-mRow[col];
}
}

Time : 19/09/02 18:05
----------------------------------------

----------------------------------------
----------------------------------------
Pass Single Test : [=>0,0]
for(int row=rowCount;row<rowCount;row++){
 final double[] dataRow=data[row];
 final double[] mRow=m.data[row];
 final double[] outDataRow=outData[row];
for(int col=rowCount;col<columnCount;col++){
outDataRow[col]=dataRow[col]-mRow[col];
}
}

Time : 19/09/02 18:07
----------------------------------------

----------------------------------------
----------------------------------------
Pass Single Test : [=>0,0]
for(int row=0;row<rowCount;row++){
 final double[] dataRow=data[row];
 final double[] mRow=m.data[row];
 final double[] outDataRow=outData[row];
for(int col=rowCount;col<columnCount;col++){
outDataRow[col]=dataRow[col]-mRow[col];
}
}

Time : 19/09/02 18:07
----------------------------------------

----------------------------------------
----------------------------------------
Pass Single Test : [=>0,0]
for(int row=rowCount;row<rowCount;row++){
 final double[] dataRow=data[row];
 final double[] mRow=m.data[row];
 final double[] outDataRow=outData[row];
for(int col=0;row<columnCount;col++){
outDataRow[col]=dataRow[col]-mRow[col];
}
}

Time : 19/09/02 18:08
----------------------------------------

----------------------------------------
----------------------------------------
Pass Single Test : [=>0,0]
for(int row=rowCount;row<rowCount;row++){
 final double[] dataRow=data[row];
 final double[] mRow=m.data[row];
 final double[] outDataRow=outData[row];
for(int col=rowCount;row<columnCount;col++){
outDataRow[col]=dataRow[col]-mRow[col];
}
}

Time : 19/09/02 18:08
----------------------------------------

----------------------------------------
----------------------------------------
Pass Single Test : [=>0,0]
for(int row=columnCount;row<rowCount;row++){
 final double[] dataRow=data[row];
 final double[] mRow=m.data[row];
 final double[] outDataRow=outData[row];
for(int col=0;col<columnCount;col++){
outDataRow[col]=dataRow[col]-mRow[col];
}
}

Time : 19/09/02 18:12
----------------------------------------

----------------------------------------
----------------------------------------
Pass Single Test : [=>0,0]
 final int columnCount=getColumnDimension();
 final double[][] outData=new double[rowCount][columnCount];
for(int row=0;row<rowCount;row++){
 final double[] dataRow=data[row];
 final double[] mRow=m.data[row];
 final double[] outDataRow=outData[row];
for(int col=0;row<row;col++){
outDataRow[col]=dataRow[col]-mRow[col];
}
}

Time : 19/09/02 18:21
----------------------------------------

----------------------------------------
----------------------------------------
Pass Single Test : [=>0,0]
 final int columnCount=getColumnDimension();
 final double[][] outData=new double[rowCount][columnCount];
for(int row=columnCount;row<rowCount;row++){
 final double[] dataRow=data[row];
 final double[] mRow=m.data[row];
 final double[] outDataRow=outData[row];
for(int col=0;col<columnCount;col++){
outDataRow[col]=dataRow[col]-mRow[col];
}
}

Time : 19/09/02 18:22
----------------------------------------

----------------------------------------
----------------------------------------
Pass Single Test : [=>0,0]
 final int columnCount=getColumnDimension();
 final double[][] outData=new double[rowCount][columnCount];
for(int row=columnCount;row<rowCount;row++){
 final double[] dataRow=data[row];
 final double[] mRow=m.data[row];
 final double[] outDataRow=outData[row];
for(int col=columnCount;col<columnCount;col++){
outDataRow[col]=dataRow[col]-mRow[col];
}
}

Time : 19/09/02 18:22
----------------------------------------

----------------------------------------
----------------------------------------
Pass Single Test : [=>0,0]
 final int columnCount=getColumnDimension();
 final double[][] outData=new double[rowCount][columnCount];
for(int row=0;row<rowCount;row++){
 final double[] dataRow=data[row];
 final double[] mRow=m.data[row];
 final double[] outDataRow=outData[row];
for(int col=columnCount;col<columnCount;col++){
outDataRow[col]=dataRow[col]-mRow[col];
}
}

Time : 19/09/02 18:23
----------------------------------------

----------------------------------------
----------------------------------------
Pass Single Test : [=>0,0]
 final int columnCount=getColumnDimension();
 final double[][] outData=new double[rowCount][columnCount];
for(int row=0;columnCount<rowCount;row++){
 final double[] dataRow=data[row];
 final double[] mRow=m.data[row];
 final double[] outDataRow=outData[row];
for(int col=0;col<columnCount;col++){
outDataRow[col]=dataRow[col]-mRow[col];
}
}

Time : 19/09/02 18:25
----------------------------------------

----------------------------------------
----------------------------------------
Pass Single Test : [=>0,0]
 final int columnCount=getColumnDimension();
 final double[][] outData=new double[rowCount][columnCount];
for(int row=0;row<rowCount;row++){
 final double[] dataRow=data[row];
 final double[] mRow=m.data[row];
 final double[] outDataRow=outData[row];
for(int col=0;columnCount<rowCount;col++){
outDataRow[col]=dataRow[col]-mRow[col];
}
}

Time : 19/09/02 18:27
----------------------------------------

----------------------------------------
----------------------------------------
Pass Single Test : [=>0,0]
 final int columnCount=getColumnDimension();
 final double[][] outData=new double[rowCount][columnCount];
for(int row=rowCount;row<rowCount;row++){
 final double[] dataRow=data[row];
 final double[] mRow=m.data[row];
 final double[] outDataRow=outData[row];
for(int col=0;col<columnCount;col++){
outDataRow[col]=dataRow[col]-mRow[col];
}
}

Time : 19/09/02 18:28
----------------------------------------

----------------------------------------
----------------------------------------
Pass Single Test : [=>0,0]
 final int columnCount=getColumnDimension();
 final double[][] outData=new double[rowCount][columnCount];
for(int row=0;row<rowCount;row++){
 final double[] dataRow=data[row];
 final double[] mRow=m.data[row];
 final double[] outDataRow=outData[row];
for(int col=rowCount;col<columnCount;col++){
outDataRow[col]=dataRow[col]-mRow[col];
}
}

Time : 19/09/02 18:29
----------------------------------------

----------------------------------------
----------------------------------------
Pass Single Test : [=>0,0]
 final int columnCount=getColumnDimension();
 final double[][] outData=new double[rowCount][columnCount];
for(int row=0;row<rowCount;row++){
 final double[] dataRow=data[row];
 final double[] mRow=m.data[row];
 final double[] outDataRow=outData[row];
for(int col=0;rowCount+1<columnCount;col++){
outDataRow[col]=dataRow[col]-mRow[col];
}
}

Time : 19/09/02 18:29
----------------------------------------

----------------------------------------
----------------------------------------
Pass Single Test : [=>0,0]
 final int columnCount=getColumnDimension();
 final double[][] outData=new double[rowCount][columnCount];
for(int row=0;row<rowCount;row++){
 final double[] dataRow=data[row];
 final double[] mRow=m.data[row];
 final double[] outDataRow=outData[row];
for(int col=rowCount;rowCount+1<columnCount;col++){
outDataRow[col]=dataRow[col]-mRow[col];
}
}

Time : 19/09/02 18:30
----------------------------------------
Mon Sep 02 18:34:06 EDT 2019 org.apache.commons.math.linear.Array2DRowRealMatrix,257
Mon Sep 02 18:34:07 EDT 2019 org.apache.commons.math.linear.Array2DRowRealMatrix,258
Mon Sep 02 18:34:08 EDT 2019 org.apache.commons.math.linear.Array2DRowRealMatrix,259
Mon Sep 02 18:34:08 EDT 2019 org.apache.commons.math.linear.Array2DRowRealMatrix,260
Mon Sep 02 18:34:09 EDT 2019 org.apache.commons.math.linear.Array2DRowRealMatrix,261
Mon Sep 02 18:34:10 EDT 2019 org.apache.commons.math.linear.Array2DRowRealMatrix,262
Mon Sep 02 18:34:11 EDT 2019 org.apache.commons.math.linear.Array2DRowRealMatrix,266

----------------------------------------
----------------------------------------
Pass Single Test : [=>0,0]
for(int row=rowCount;row<rowCount;row++){
 final double[] dataRow=data[row];
 final double[] mRow=m.data[row];
 final double[] outDataRow=outData[row];
for(int col=0;col<columnCount;col++){
outDataRow[col]=dataRow[col]-mRow[col];
}
}
return new Array2DRowRealMatrix(outData,false);

Time : 19/09/02 18:35
----------------------------------------

----------------------------------------
----------------------------------------
Pass Single Test : [=>0,0]
for(int row=rowCount;row<columnCount;row++){
 final double[] dataRow=data[row];
 final double[] mRow=m.data[row];
 final double[] outDataRow=outData[row];
for(int col=0;col<columnCount;col++){
outDataRow[col]=dataRow[col]-mRow[col];
}
}
return new Array2DRowRealMatrix(outData,false);

Time : 19/09/02 18:35
----------------------------------------
Mon Sep 02 18:37:50 EDT 2019 org.apache.commons.math.linear.Array2DRowRealMatrix,496
Timeout time : 19/09/02 18:46
