=================================================
Project : math_77	start : 19/09/02 13:43
Current failed test : org.apache.commons.math.linear.ArrayRealVectorTest::testBasicFunctions_purify_8 | 19/09/02 13:47
Mon Sep 02 13:47:47 EDT 2019 org.apache.commons.math.linear.AbstractRealVector,210
Mon Sep 02 13:56:30 EDT 2019 org.apache.commons.math.linear.AbstractRealVector,211
Mon Sep 02 13:56:31 EDT 2019 org.apache.commons.math.linear.AbstractRealVector,213
Mon Sep 02 13:56:32 EDT 2019 org.apache.commons.math.linear.AbstractRealVector,214
Mon Sep 02 13:56:33 EDT 2019 org.apache.commons.math.linear.AbstractRealVector,215
Mon Sep 02 13:56:34 EDT 2019 Mon Sep 02 13:56:34 EDT 2019 : org.apache.commons.math.linear.AbstractRealVector,216=>Find no block
Mon Sep 02 13:56:34 EDT 2019 org.apache.commons.math.linear.AbstractRealVector,217
Mon Sep 02 13:56:35 EDT 2019 org.apache.commons.math.linear.AbstractRealVector,222
Mon Sep 02 14:01:31 EDT 2019 org.apache.commons.math.linear.AbstractRealVector,223
Mon Sep 02 14:01:32 EDT 2019 org.apache.commons.math.linear.AbstractRealVector,225
Mon Sep 02 14:01:32 EDT 2019 org.apache.commons.math.linear.AbstractRealVector,226
Mon Sep 02 14:01:33 EDT 2019 org.apache.commons.math.linear.AbstractRealVector,228
Mon Sep 02 14:01:34 EDT 2019 org.apache.commons.math.linear.OpenMapRealVector,499
Mon Sep 02 14:08:28 EDT 2019 org.apache.commons.math.linear.OpenMapRealVector,500
Mon Sep 02 14:08:29 EDT 2019 org.apache.commons.math.linear.OpenMapRealVector,501
Mon Sep 02 14:08:30 EDT 2019 org.apache.commons.math.linear.OpenMapRealVector,502
Mon Sep 02 14:08:31 EDT 2019 org.apache.commons.math.linear.OpenMapRealVector,503
Mon Sep 02 14:08:31 EDT 2019 org.apache.commons.math.linear.OpenMapRealVector,505
Mon Sep 02 14:08:32 EDT 2019 org.apache.commons.math.linear.ArrayRealVector,709
Mon Sep 02 14:12:35 EDT 2019 org.apache.commons.math.linear.ArrayRealVector,710
Mon Sep 02 14:18:27 EDT 2019 org.apache.commons.math.linear.ArrayRealVector,711
Mon Sep 02 14:18:28 EDT 2019 org.apache.commons.math.linear.ArrayRealVector,713
Mon Sep 02 14:18:29 EDT 2019 org.apache.commons.math.linear.ArrayRealVector,719
Mon Sep 02 14:22:21 EDT 2019 org.apache.commons.math.linear.ArrayRealVector,720
Mon Sep 02 14:31:56 EDT 2019 org.apache.commons.math.linear.ArrayRealVector,721
Mon Sep 02 14:31:56 EDT 2019 org.apache.commons.math.linear.ArrayRealVector,723
Mon Sep 02 14:31:57 EDT 2019 Mon Sep 02 14:31:57 EDT 2019 : org.apache.commons.math.linear.OpenMapRealVector,863=>Find no block
Mon Sep 02 14:31:58 EDT 2019 org.apache.commons.math.linear.OpenMapRealVector,864
Mon Sep 02 14:32:00 EDT 2019 org.apache.commons.math.linear.OpenMapRealVector,865
Mon Sep 02 14:32:01 EDT 2019 Mon Sep 02 14:32:01 EDT 2019 : org.apache.commons.math.linear.OpenMapRealVector,866=>Find no block
Mon Sep 02 14:32:02 EDT 2019 org.apache.commons.math.linear.OpenMapRealVector,870
Mon Sep 02 14:32:20 EDT 2019 org.apache.commons.math.linear.OpenMapRealVector,875
Mon Sep 02 14:32:53 EDT 2019 org.apache.commons.math.linear.OpenMapRealVector,876
Mon Sep 02 14:32:54 EDT 2019 Mon Sep 02 14:32:54 EDT 2019 : org.apache.commons.math.linear.OpenMapRealVector,854=>Find no block
Mon Sep 02 14:32:54 EDT 2019 org.apache.commons.math.linear.OpenMapRealVector,809
Mon Sep 02 14:32:57 EDT 2019 Mon Sep 02 14:32:57 EDT 2019 : org.apache.commons.math.linear.OpenMapRealVector,30=>Find no block
Mon Sep 02 14:32:57 EDT 2019 Mon Sep 02 14:32:57 EDT 2019 : org.apache.commons.math.linear.OpenMapRealVector,825=>Find no block
Mon Sep 02 14:32:58 EDT 2019 org.apache.commons.math.linear.OpenMapRealVector,826
Mon Sep 02 14:33:15 EDT 2019 Mon Sep 02 14:33:15 EDT 2019 : org.apache.commons.math.linear.OpenMapRealVector,827=>Find no block
Mon Sep 02 14:33:16 EDT 2019 org.apache.commons.math.linear.OpenMapRealVector,832
Mon Sep 02 14:33:58 EDT 2019 Mon Sep 02 14:33:58 EDT 2019 : org.apache.commons.math.linear.RealVector,72=>Find no block
Mon Sep 02 14:33:58 EDT 2019 org.apache.commons.math.linear.OpenMapRealVector,117
Mon Sep 02 14:34:01 EDT 2019 Mon Sep 02 14:34:01 EDT 2019 : org.apache.commons.math.linear.OpenMapRealVector,118=>Find no block
Mon Sep 02 14:34:01 EDT 2019 Mon Sep 02 14:34:01 EDT 2019 : org.apache.commons.math.linear.OpenMapRealVector,126=>Find no block
Mon Sep 02 14:34:02 EDT 2019 org.apache.commons.math.linear.OpenMapRealVector,127
Mon Sep 02 14:46:48 EDT 2019 org.apache.commons.math.linear.OpenMapRealVector,128
Mon Sep 02 14:46:48 EDT 2019 org.apache.commons.math.linear.OpenMapRealVector,129
Mon Sep 02 14:46:49 EDT 2019 org.apache.commons.math.linear.OpenMapRealVector,130
Mon Sep 02 14:46:50 EDT 2019 org.apache.commons.math.linear.OpenMapRealVector,131
Mon Sep 02 14:46:50 EDT 2019 org.apache.commons.math.linear.OpenMapRealVector,132
Mon Sep 02 14:46:51 EDT 2019 org.apache.commons.math.linear.OpenMapRealVector,133
Mon Sep 02 14:46:52 EDT 2019 Mon Sep 02 14:46:52 EDT 2019 : org.apache.commons.math.linear.OpenMapRealVector,136=>Find no block
Mon Sep 02 14:46:52 EDT 2019 org.apache.commons.math.linear.OpenMapRealVector,205
Mon Sep 02 14:48:21 EDT 2019 org.apache.commons.math.linear.ArrayRealVector,699
Mon Sep 02 14:51:20 EDT 2019 org.apache.commons.math.linear.ArrayRealVector,700
Mon Sep 02 14:53:09 EDT 2019 org.apache.commons.math.linear.ArrayRealVector,701
Mon Sep 02 14:53:09 EDT 2019 org.apache.commons.math.linear.ArrayRealVector,703
Mon Sep 02 14:53:10 EDT 2019 org.apache.commons.math.util.OpenIntToDoubleHashMap,248
Mon Sep 02 14:53:12 EDT 2019 Mon Sep 02 14:53:12 EDT 2019 : org.apache.commons.math.util.OpenIntToDoubleHashMap,39=>Find no block
Mon Sep 02 14:53:13 EDT 2019 Mon Sep 02 14:53:13 EDT 2019 : org.apache.commons.math.util.OpenIntToDoubleHashMap,505=>Find no block
Mon Sep 02 14:53:14 EDT 2019 org.apache.commons.math.util.OpenIntToDoubleHashMap,508
Mon Sep 02 14:53:41 EDT 2019 org.apache.commons.math.util.OpenIntToDoubleHashMap,511
Mon Sep 02 14:53:42 EDT 2019 org.apache.commons.math.util.OpenIntToDoubleHashMap,513
Mon Sep 02 14:53:42 EDT 2019 Mon Sep 02 14:53:42 EDT 2019 : org.apache.commons.math.util.OpenIntToDoubleHashMap,516=>Find no block
Mon Sep 02 14:53:43 EDT 2019 Mon Sep 02 14:53:43 EDT 2019 : org.apache.commons.math.util.OpenIntToDoubleHashMap,518=>Find no block
Mon Sep 02 14:53:44 EDT 2019 Mon Sep 02 14:53:44 EDT 2019 : org.apache.commons.math.util.OpenIntToDoubleHashMap,491=>Find no block
Mon Sep 02 14:53:44 EDT 2019 org.apache.commons.math.util.OpenIntToDoubleHashMap,525
Mon Sep 02 14:53:46 EDT 2019 org.apache.commons.math.util.OpenIntToDoubleHashMap,554
Mon Sep 02 14:53:48 EDT 2019 org.apache.commons.math.util.OpenIntToDoubleHashMap,558
Mon Sep 02 14:54:52 EDT 2019 org.apache.commons.math.util.OpenIntToDoubleHashMap,561
Mon Sep 02 14:55:32 EDT 2019 org.apache.commons.math.util.OpenIntToDoubleHashMap,572
Mon Sep 02 14:55:33 EDT 2019 org.apache.commons.math.util.OpenIntToDoubleHashMap,578
Mon Sep 02 14:56:14 EDT 2019 org.apache.commons.math.util.OpenIntToDoubleHashMap,582
Mon Sep 02 14:56:15 EDT 2019 Mon Sep 02 14:56:15 EDT 2019 : org.apache.commons.math.util.OpenIntToDoubleHashMap,590=>Find no block
Mon Sep 02 14:56:15 EDT 2019 Mon Sep 02 14:56:15 EDT 2019 : org.apache.commons.math.util.OpenIntToDoubleHashMap,585=>Find no block
Mon Sep 02 14:56:16 EDT 2019 org.apache.commons.math.util.OpenIntToDoubleHashMap,586
Mon Sep 02 14:56:16 EDT 2019 org.apache.commons.math.util.OpenIntToDoubleHashMap,587
Mon Sep 02 14:56:17 EDT 2019 Mon Sep 02 14:56:17 EDT 2019 : org.apache.commons.math.util.OpenIntToDoubleHashMap,592=>Find no block
Mon Sep 02 14:56:18 EDT 2019 org.apache.commons.math.util.OpenIntToDoubleHashMap,110
Mon Sep 02 14:56:20 EDT 2019 Mon Sep 02 14:56:20 EDT 2019 : org.apache.commons.math.util.OpenIntToDoubleHashMap,111=>Find no block
Mon Sep 02 14:56:21 EDT 2019 Mon Sep 02 14:56:21 EDT 2019 : org.apache.commons.math.util.OpenIntToDoubleHashMap,127=>Find no block
Mon Sep 02 14:56:22 EDT 2019 org.apache.commons.math.util.OpenIntToDoubleHashMap,128
Mon Sep 02 14:59:40 EDT 2019 org.apache.commons.math.util.OpenIntToDoubleHashMap,129
Mon Sep 02 14:59:40 EDT 2019 org.apache.commons.math.util.OpenIntToDoubleHashMap,130
Mon Sep 02 14:59:41 EDT 2019 org.apache.commons.math.util.OpenIntToDoubleHashMap,131
Mon Sep 02 14:59:42 EDT 2019 org.apache.commons.math.util.OpenIntToDoubleHashMap,132
Mon Sep 02 14:59:42 EDT 2019 org.apache.commons.math.util.OpenIntToDoubleHashMap,133
Mon Sep 02 14:59:43 EDT 2019 Mon Sep 02 14:59:43 EDT 2019 : org.apache.commons.math.util.OpenIntToDoubleHashMap,134=>Find no block
Mon Sep 02 14:59:43 EDT 2019 org.apache.commons.math.util.OpenIntToDoubleHashMap,160
Mon Sep 02 14:59:46 EDT 2019 org.apache.commons.math.util.OpenIntToDoubleHashMap,163
Mon Sep 02 15:00:10 EDT 2019 org.apache.commons.math.util.OpenIntToDoubleHashMap,164
Mon Sep 02 15:00:10 EDT 2019 org.apache.commons.math.util.OpenIntToDoubleHashMap,165
Mon Sep 02 15:00:11 EDT 2019 org.apache.commons.math.util.OpenIntToDoubleHashMap,166
Mon Sep 02 15:00:12 EDT 2019 org.apache.commons.math.util.OpenIntToDoubleHashMap,266
Mon Sep 02 15:00:45 EDT 2019 org.apache.commons.math.util.OpenIntToDoubleHashMap,279
Mon Sep 02 15:04:23 EDT 2019 org.apache.commons.math.util.OpenIntToDoubleHashMap,280
Mon Sep 02 15:04:23 EDT 2019 org.apache.commons.math.util.OpenIntToDoubleHashMap,281
Mon Sep 02 15:04:24 EDT 2019 org.apache.commons.math.util.OpenIntToDoubleHashMap,282
Mon Sep 02 15:04:25 EDT 2019 org.apache.commons.math.util.OpenIntToDoubleHashMap,417
Mon Sep 02 15:06:27 EDT 2019 org.apache.commons.math.util.OpenIntToDoubleHashMap,418
Mon Sep 02 15:06:28 EDT 2019 org.apache.commons.math.util.OpenIntToDoubleHashMap,419
Mon Sep 02 15:09:48 EDT 2019 org.apache.commons.math.util.OpenIntToDoubleHashMap,420
Mon Sep 02 15:11:05 EDT 2019 org.apache.commons.math.util.OpenIntToDoubleHashMap,425
Mon Sep 02 15:14:10 EDT 2019 org.apache.commons.math.util.OpenIntToDoubleHashMap,426
Mon Sep 02 15:18:03 EDT 2019 org.apache.commons.math.util.OpenIntToDoubleHashMap,427
Mon Sep 02 15:26:18 EDT 2019 org.apache.commons.math.util.OpenIntToDoubleHashMap,428
Mon Sep 02 15:26:19 EDT 2019 org.apache.commons.math.util.OpenIntToDoubleHashMap,429
Mon Sep 02 15:26:20 EDT 2019 org.apache.commons.math.util.OpenIntToDoubleHashMap,430
Mon Sep 02 15:26:21 EDT 2019 org.apache.commons.math.util.OpenIntToDoubleHashMap,433
Mon Sep 02 15:26:21 EDT 2019 org.apache.commons.math.util.OpenIntToDoubleHashMap,435
Mon Sep 02 15:30:34 EDT 2019 org.apache.commons.math.util.OpenIntToDoubleHashMap,476
Mon Sep 02 15:30:38 EDT 2019 org.apache.commons.math.util.OpenIntToDoubleHashMap,485
Mon Sep 02 15:31:25 EDT 2019 org.apache.commons.math.util.OpenIntToDoubleHashMap,486
Mon Sep 02 15:31:26 EDT 2019 Mon Sep 02 15:31:26 EDT 2019 : org.apache.commons.math.linear.AbstractRealVector,34=>Find no block
Mon Sep 02 15:31:27 EDT 2019 Mon Sep 02 15:31:27 EDT 2019 : org.apache.commons.math.linear.AbstractRealVector,819=>Find no block
Mon Sep 02 15:31:27 EDT 2019 Mon Sep 02 15:31:27 EDT 2019 : org.apache.commons.math.linear.ArrayRealVector,82=>Find no block
Mon Sep 02 15:31:28 EDT 2019 org.apache.commons.math.linear.ArrayRealVector,83
Mon Sep 02 15:33:03 EDT 2019 Mon Sep 02 15:33:03 EDT 2019 : org.apache.commons.math.linear.ArrayRealVector,84=>Find no block
Mon Sep 02 15:33:04 EDT 2019 Mon Sep 02 15:33:04 EDT 2019 : org.apache.commons.math.linear.ArrayRealVector,41=>Find no block
Mon Sep 02 15:33:05 EDT 2019 org.apache.commons.math.linear.RealVectorFormat,173
Mon Sep 02 15:33:07 EDT 2019 Mon Sep 02 15:33:07 EDT 2019 : org.apache.commons.math.util.CompositeFormat,30=>Find no block
Mon Sep 02 15:33:08 EDT 2019 org.apache.commons.math.util.CompositeFormat,53
Mon Sep 02 15:33:36 EDT 2019 org.apache.commons.math.util.CompositeFormat,54
Mon Sep 02 15:33:37 EDT 2019 org.apache.commons.math.util.CompositeFormat,55
Mon Sep 02 15:33:38 EDT 2019 org.apache.commons.math.linear.RealVectorFormat,94
Mon Sep 02 15:33:40 EDT 2019 Mon Sep 02 15:33:40 EDT 2019 : org.apache.commons.math.linear.RealVectorFormat,95=>Find no block
Mon Sep 02 15:33:41 EDT 2019 Mon Sep 02 15:33:41 EDT 2019 : org.apache.commons.math.linear.RealVectorFormat,117=>Find no block
Mon Sep 02 15:33:42 EDT 2019 org.apache.commons.math.linear.RealVectorFormat,118
Mon Sep 02 15:34:22 EDT 2019 org.apache.commons.math.linear.RealVectorFormat,119
Mon Sep 02 15:34:23 EDT 2019 org.apache.commons.math.linear.RealVectorFormat,120
Mon Sep 02 15:34:24 EDT 2019 org.apache.commons.math.linear.RealVectorFormat,121
Mon Sep 02 15:34:24 EDT 2019 org.apache.commons.math.linear.RealVectorFormat,122
Mon Sep 02 15:34:25 EDT 2019 org.apache.commons.math.linear.RealVectorFormat,123
Mon Sep 02 15:34:26 EDT 2019 org.apache.commons.math.linear.RealVectorFormat,124
Mon Sep 02 15:34:27 EDT 2019 Mon Sep 02 15:34:27 EDT 2019 : org.apache.commons.math.linear.RealVectorFormat,125=>Find no block
Mon Sep 02 15:34:28 EDT 2019 org.apache.commons.math.linear.RealVectorFormat,182
Mon Sep 02 15:34:30 EDT 2019 org.apache.commons.math.MathRuntimeException,405
Mon Sep 02 15:34:32 EDT 2019 org.apache.commons.math.MathRuntimeException,413
Mon Sep 02 15:34:35 EDT 2019 org.apache.commons.math.MathRuntimeException,419
Mon Sep 02 15:34:45 EDT 2019 Mon Sep 02 15:34:45 EDT 2019 : org.apache.commons.math.MathRuntimeException,59=>Find no block
Mon Sep 02 15:34:46 EDT 2019 org.apache.commons.math.MathRuntimeException,60
Mon Sep 02 15:35:06 EDT 2019 org.apache.commons.math.MathRuntimeException,61
Mon Sep 02 15:35:07 EDT 2019 Mon Sep 02 15:35:07 EDT 2019 : org.apache.commons.math.MathRuntimeException,62=>Find no block
Mon Sep 02 15:35:08 EDT 2019 org.apache.commons.math.MathRuntimeException,72
Mon Sep 02 15:35:11 EDT 2019 org.apache.commons.math.MathRuntimeException,73
Mon Sep 02 15:35:11 EDT 2019 org.apache.commons.math.MathRuntimeException,74
Mon Sep 02 15:35:12 EDT 2019 Mon Sep 02 15:35:12 EDT 2019 : org.apache.commons.math.MathRuntimeException,75=>Find no block
Mon Sep 02 15:35:13 EDT 2019 org.apache.commons.math.MathRuntimeException,88
Mon Sep 02 15:35:32 EDT 2019 org.apache.commons.math.MathRuntimeException,89
Mon Sep 02 15:35:33 EDT 2019 org.apache.commons.math.MathRuntimeException,90
Mon Sep 02 15:35:34 EDT 2019 Mon Sep 02 15:35:34 EDT 2019 : org.apache.commons.math.MathRuntimeException,91=>Find no block
Mon Sep 02 15:35:35 EDT 2019 org.apache.commons.math.MathRuntimeException,102
Mon Sep 02 15:35:42 EDT 2019 org.apache.commons.math.MathRuntimeException,104
Mon Sep 02 15:35:47 EDT 2019 org.apache.commons.math.MathRuntimeException,106
Mon Sep 02 15:35:48 EDT 2019 Mon Sep 02 15:35:48 EDT 2019 : org.apache.commons.math.MathRuntimeException,111=>Find no block
Mon Sep 02 15:35:49 EDT 2019 Mon Sep 02 15:35:49 EDT 2019 : org.apache.commons.math.MathRuntimeException,109=>Find no block
Mon Sep 02 15:35:50 EDT 2019 org.apache.commons.math.MathRuntimeException,115
Mon Sep 02 15:35:50 EDT 2019 org.apache.commons.math.MathRuntimeException,128
Mon Sep 02 15:35:53 EDT 2019 org.apache.commons.math.MathRuntimeException,136
Mon Sep 02 15:35:55 EDT 2019 org.apache.commons.math.MathRuntimeException,144
Mon Sep 02 15:36:30 EDT 2019 org.apache.commons.math.MathRuntimeException,154
Mon Sep 02 15:36:32 EDT 2019 org.apache.commons.math.MathRuntimeException,160
Mon Sep 02 15:36:59 EDT 2019 org.apache.commons.math.MathRuntimeException,166
Mon Sep 02 15:37:32 EDT 2019 org.apache.commons.math.MathRuntimeException,174
Mon Sep 02 15:37:35 EDT 2019 Mon Sep 02 15:37:35 EDT 2019 : org.apache.commons.math.MathRuntimeException,175=>Find no block
Mon Sep 02 15:37:35 EDT 2019 Mon Sep 02 15:37:35 EDT 2019 : org.apache.commons.math.MathRuntimeException,184=>Find no block
Mon Sep 02 15:37:36 EDT 2019 org.apache.commons.math.MathRuntimeException,185
Mon Sep 02 15:37:39 EDT 2019 org.apache.commons.math.MathRuntimeException,186
Mon Sep 02 15:37:40 EDT 2019 org.apache.commons.math.MathRuntimeException,188
Mon Sep 02 15:37:40 EDT 2019 Mon Sep 02 15:37:40 EDT 2019 : org.apache.commons.math.MathRuntimeException,189=>Find no block
Mon Sep 02 15:37:41 EDT 2019 Mon Sep 02 15:37:41 EDT 2019 : org.apache.commons.math.MathRuntimeException,190=>Find no block
Mon Sep 02 15:37:42 EDT 2019 org.apache.commons.math.MathRuntimeException,201
Mon Sep 02 15:37:45 EDT 2019 org.apache.commons.math.MathRuntimeException,230
Mon Sep 02 15:37:47 EDT 2019 org.apache.commons.math.MathRuntimeException,259
Mon Sep 02 15:37:50 EDT 2019 org.apache.commons.math.MathRuntimeException,291
Mon Sep 02 15:38:27 EDT 2019 org.apache.commons.math.MathRuntimeException,292
Mon Sep 02 15:38:28 EDT 2019 org.apache.commons.math.MathRuntimeException,293
Mon Sep 02 15:38:29 EDT 2019 org.apache.commons.math.MathRuntimeException,305
Mon Sep 02 15:38:31 EDT 2019 org.apache.commons.math.MathRuntimeException,333
Mon Sep 02 15:39:10 EDT 2019 org.apache.commons.math.MathRuntimeException,334
Mon Sep 02 15:39:11 EDT 2019 org.apache.commons.math.MathRuntimeException,335
Mon Sep 02 15:39:12 EDT 2019 org.apache.commons.math.MathRuntimeException,347
Mon Sep 02 15:39:14 EDT 2019 org.apache.commons.math.MathRuntimeException,376
Mon Sep 02 15:39:16 EDT 2019 org.apache.commons.math.MathRuntimeException,405
Mon Sep 02 15:39:17 EDT 2019 org.apache.commons.math.MathRuntimeException,434
Mon Sep 02 15:39:19 EDT 2019 org.apache.commons.math.MathRuntimeException,466
Mon Sep 02 15:39:21 EDT 2019 org.apache.commons.math.MathRuntimeException,492
Mon Sep 02 15:39:24 EDT 2019 org.apache.commons.math.MathRuntimeException,493
Mon Sep 02 15:39:25 EDT 2019 org.apache.commons.math.MathRuntimeException,495
Mon Sep 02 15:39:26 EDT 2019 Mon Sep 02 15:39:26 EDT 2019 : org.apache.commons.math.MathRuntimeException,37=>Find no block
Mon Sep 02 15:39:26 EDT 2019 org.apache.commons.math.MathRuntimeException,434
Mon Sep 02 15:39:27 EDT 2019 org.apache.commons.math.MathRuntimeException,442
Mon Sep 02 15:39:28 EDT 2019 org.apache.commons.math.MathRuntimeException,448
Mon Sep 02 15:39:29 EDT 2019 org.apache.commons.math.MathRuntimeException,347
Mon Sep 02 15:39:29 EDT 2019 org.apache.commons.math.MathRuntimeException,355
Mon Sep 02 15:39:30 EDT 2019 org.apache.commons.math.MathRuntimeException,361
Mon Sep 02 15:39:31 EDT 2019 org.apache.commons.math.FunctionEvaluationException,48
Mon Sep 02 15:39:33 EDT 2019 org.apache.commons.math.FunctionEvaluationException,49
Mon Sep 02 15:39:34 EDT 2019 Mon Sep 02 15:39:34 EDT 2019 : org.apache.commons.math.FunctionEvaluationException,50=>Find no block
Mon Sep 02 15:39:35 EDT 2019 org.apache.commons.math.FunctionEvaluationException,60
Failed time : 19/09/02 15:41
Current failed test : org.apache.commons.math.linear.SparseRealVectorTest::testBasicFunctions_purify_5 | 19/09/02 15:41
Mon Sep 02 15:42:42 EDT 2019 org.apache.commons.math.linear.AbstractRealVector,210
Mon Sep 02 15:52:00 EDT 2019 org.apache.commons.math.linear.AbstractRealVector,211
Mon Sep 02 15:52:05 EDT 2019 org.apache.commons.math.linear.AbstractRealVector,213
Mon Sep 02 15:52:06 EDT 2019 org.apache.commons.math.linear.AbstractRealVector,214
Mon Sep 02 15:52:08 EDT 2019 org.apache.commons.math.linear.AbstractRealVector,215
Mon Sep 02 15:52:13 EDT 2019 Mon Sep 02 15:52:13 EDT 2019 : org.apache.commons.math.linear.AbstractRealVector,216=>Find no block
Mon Sep 02 15:52:17 EDT 2019 org.apache.commons.math.linear.AbstractRealVector,217
Mon Sep 02 15:52:20 EDT 2019 org.apache.commons.math.linear.AbstractRealVector,222
Mon Sep 02 15:58:06 EDT 2019 org.apache.commons.math.linear.AbstractRealVector,223
Mon Sep 02 15:58:11 EDT 2019 org.apache.commons.math.linear.AbstractRealVector,225
Mon Sep 02 15:58:15 EDT 2019 org.apache.commons.math.linear.AbstractRealVector,226
Mon Sep 02 15:58:19 EDT 2019 org.apache.commons.math.linear.AbstractRealVector,228
Mon Sep 02 15:58:20 EDT 2019 org.apache.commons.math.linear.OpenMapRealVector,499
Mon Sep 02 16:05:34 EDT 2019 org.apache.commons.math.linear.OpenMapRealVector,500
Mon Sep 02 16:05:35 EDT 2019 org.apache.commons.math.linear.OpenMapRealVector,501
Mon Sep 02 16:05:36 EDT 2019 org.apache.commons.math.linear.OpenMapRealVector,502
Mon Sep 02 16:05:37 EDT 2019 org.apache.commons.math.linear.OpenMapRealVector,503
Mon Sep 02 16:05:38 EDT 2019 org.apache.commons.math.linear.OpenMapRealVector,505
Mon Sep 02 16:05:38 EDT 2019 org.apache.commons.math.linear.ArrayRealVector,709
Mon Sep 02 16:09:41 EDT 2019 org.apache.commons.math.linear.ArrayRealVector,710
Mon Sep 02 16:15:33 EDT 2019 org.apache.commons.math.linear.ArrayRealVector,711
Mon Sep 02 16:15:34 EDT 2019 org.apache.commons.math.linear.ArrayRealVector,713
Mon Sep 02 16:15:34 EDT 2019 org.apache.commons.math.linear.ArrayRealVector,719
Mon Sep 02 16:19:29 EDT 2019 org.apache.commons.math.linear.ArrayRealVector,720
Mon Sep 02 16:29:08 EDT 2019 org.apache.commons.math.linear.ArrayRealVector,721
Mon Sep 02 16:29:09 EDT 2019 org.apache.commons.math.linear.ArrayRealVector,723
Mon Sep 02 16:29:09 EDT 2019 Mon Sep 02 16:29:09 EDT 2019 : org.apache.commons.math.linear.OpenMapRealVector,863=>Find no block
Mon Sep 02 16:29:10 EDT 2019 org.apache.commons.math.linear.OpenMapRealVector,864
Mon Sep 02 16:29:13 EDT 2019 org.apache.commons.math.linear.OpenMapRealVector,865
Mon Sep 02 16:29:14 EDT 2019 Mon Sep 02 16:29:14 EDT 2019 : org.apache.commons.math.linear.OpenMapRealVector,866=>Find no block
Mon Sep 02 16:29:15 EDT 2019 org.apache.commons.math.linear.OpenMapRealVector,870
Mon Sep 02 16:29:32 EDT 2019 org.apache.commons.math.linear.OpenMapRealVector,875
Mon Sep 02 16:30:06 EDT 2019 org.apache.commons.math.linear.OpenMapRealVector,876
Mon Sep 02 16:30:07 EDT 2019 Mon Sep 02 16:30:07 EDT 2019 : org.apache.commons.math.linear.OpenMapRealVector,854=>Find no block
Mon Sep 02 16:30:07 EDT 2019 org.apache.commons.math.linear.OpenMapRealVector,809
Mon Sep 02 16:30:10 EDT 2019 Mon Sep 02 16:30:10 EDT 2019 : org.apache.commons.math.linear.OpenMapRealVector,30=>Find no block
Mon Sep 02 16:30:11 EDT 2019 Mon Sep 02 16:30:11 EDT 2019 : org.apache.commons.math.linear.OpenMapRealVector,825=>Find no block
Mon Sep 02 16:30:12 EDT 2019 org.apache.commons.math.linear.OpenMapRealVector,826
Mon Sep 02 16:30:29 EDT 2019 Mon Sep 02 16:30:29 EDT 2019 : org.apache.commons.math.linear.OpenMapRealVector,827=>Find no block
Mon Sep 02 16:30:30 EDT 2019 org.apache.commons.math.linear.OpenMapRealVector,832
Mon Sep 02 16:31:12 EDT 2019 Mon Sep 02 16:31:12 EDT 2019 : org.apache.commons.math.linear.RealVector,72=>Find no block
Mon Sep 02 16:31:13 EDT 2019 org.apache.commons.math.linear.OpenMapRealVector,117
Mon Sep 02 16:31:16 EDT 2019 Mon Sep 02 16:31:16 EDT 2019 : org.apache.commons.math.linear.OpenMapRealVector,118=>Find no block
Mon Sep 02 16:31:16 EDT 2019 Mon Sep 02 16:31:16 EDT 2019 : org.apache.commons.math.linear.OpenMapRealVector,126=>Find no block
Mon Sep 02 16:31:17 EDT 2019 org.apache.commons.math.linear.OpenMapRealVector,127
Mon Sep 02 16:44:08 EDT 2019 org.apache.commons.math.linear.OpenMapRealVector,128
Mon Sep 02 16:44:09 EDT 2019 org.apache.commons.math.linear.OpenMapRealVector,129
Mon Sep 02 16:44:10 EDT 2019 org.apache.commons.math.linear.OpenMapRealVector,130
Mon Sep 02 16:44:11 EDT 2019 org.apache.commons.math.linear.OpenMapRealVector,131
Mon Sep 02 16:44:12 EDT 2019 org.apache.commons.math.linear.OpenMapRealVector,132
Mon Sep 02 16:44:12 EDT 2019 org.apache.commons.math.linear.OpenMapRealVector,133
Mon Sep 02 16:44:13 EDT 2019 Mon Sep 02 16:44:13 EDT 2019 : org.apache.commons.math.linear.OpenMapRealVector,136=>Find no block
Mon Sep 02 16:44:14 EDT 2019 org.apache.commons.math.linear.OpenMapRealVector,205
Mon Sep 02 16:45:44 EDT 2019 org.apache.commons.math.linear.ArrayRealVector,699
Mon Sep 02 16:48:44 EDT 2019 org.apache.commons.math.linear.ArrayRealVector,700
Mon Sep 02 16:50:34 EDT 2019 org.apache.commons.math.linear.ArrayRealVector,701
Mon Sep 02 16:50:35 EDT 2019 org.apache.commons.math.linear.ArrayRealVector,703
Mon Sep 02 16:50:36 EDT 2019 org.apache.commons.math.util.OpenIntToDoubleHashMap,248
Mon Sep 02 16:50:38 EDT 2019 Mon Sep 02 16:50:38 EDT 2019 : org.apache.commons.math.util.OpenIntToDoubleHashMap,39=>Find no block
Mon Sep 02 16:50:39 EDT 2019 Mon Sep 02 16:50:39 EDT 2019 : org.apache.commons.math.util.OpenIntToDoubleHashMap,505=>Find no block
Mon Sep 02 16:50:40 EDT 2019 org.apache.commons.math.util.OpenIntToDoubleHashMap,508
Mon Sep 02 16:51:07 EDT 2019 org.apache.commons.math.util.OpenIntToDoubleHashMap,511
Mon Sep 02 16:51:07 EDT 2019 org.apache.commons.math.util.OpenIntToDoubleHashMap,513
Mon Sep 02 16:51:08 EDT 2019 Mon Sep 02 16:51:08 EDT 2019 : org.apache.commons.math.util.OpenIntToDoubleHashMap,516=>Find no block
Mon Sep 02 16:51:09 EDT 2019 Mon Sep 02 16:51:09 EDT 2019 : org.apache.commons.math.util.OpenIntToDoubleHashMap,518=>Find no block
Mon Sep 02 16:51:10 EDT 2019 Mon Sep 02 16:51:10 EDT 2019 : org.apache.commons.math.util.OpenIntToDoubleHashMap,491=>Find no block
Mon Sep 02 16:51:10 EDT 2019 org.apache.commons.math.util.OpenIntToDoubleHashMap,525
Mon Sep 02 16:51:13 EDT 2019 org.apache.commons.math.util.OpenIntToDoubleHashMap,554
Mon Sep 02 16:51:15 EDT 2019 org.apache.commons.math.util.OpenIntToDoubleHashMap,558
Mon Sep 02 16:52:20 EDT 2019 org.apache.commons.math.util.OpenIntToDoubleHashMap,561
Mon Sep 02 16:53:00 EDT 2019 org.apache.commons.math.util.OpenIntToDoubleHashMap,572
Mon Sep 02 16:53:01 EDT 2019 org.apache.commons.math.util.OpenIntToDoubleHashMap,578
Mon Sep 02 16:53:42 EDT 2019 org.apache.commons.math.util.OpenIntToDoubleHashMap,582
Mon Sep 02 16:53:42 EDT 2019 Mon Sep 02 16:53:42 EDT 2019 : org.apache.commons.math.util.OpenIntToDoubleHashMap,590=>Find no block
Mon Sep 02 16:53:43 EDT 2019 Mon Sep 02 16:53:43 EDT 2019 : org.apache.commons.math.util.OpenIntToDoubleHashMap,585=>Find no block
Mon Sep 02 16:53:44 EDT 2019 org.apache.commons.math.util.OpenIntToDoubleHashMap,586
Mon Sep 02 16:53:45 EDT 2019 org.apache.commons.math.util.OpenIntToDoubleHashMap,587
Mon Sep 02 16:53:45 EDT 2019 Mon Sep 02 16:53:45 EDT 2019 : org.apache.commons.math.util.OpenIntToDoubleHashMap,592=>Find no block
Mon Sep 02 16:53:46 EDT 2019 org.apache.commons.math.util.OpenIntToDoubleHashMap,110
Mon Sep 02 16:53:48 EDT 2019 Mon Sep 02 16:53:48 EDT 2019 : org.apache.commons.math.util.OpenIntToDoubleHashMap,111=>Find no block
Mon Sep 02 16:53:49 EDT 2019 Mon Sep 02 16:53:49 EDT 2019 : org.apache.commons.math.util.OpenIntToDoubleHashMap,127=>Find no block
Mon Sep 02 16:53:50 EDT 2019 org.apache.commons.math.util.OpenIntToDoubleHashMap,128
Mon Sep 02 16:57:43 EDT 2019 org.apache.commons.math.util.OpenIntToDoubleHashMap,129
Mon Sep 02 16:57:44 EDT 2019 org.apache.commons.math.util.OpenIntToDoubleHashMap,130
Mon Sep 02 16:57:45 EDT 2019 org.apache.commons.math.util.OpenIntToDoubleHashMap,131
Mon Sep 02 16:57:46 EDT 2019 org.apache.commons.math.util.OpenIntToDoubleHashMap,132
Mon Sep 02 16:57:46 EDT 2019 org.apache.commons.math.util.OpenIntToDoubleHashMap,133
Mon Sep 02 16:57:47 EDT 2019 Mon Sep 02 16:57:47 EDT 2019 : org.apache.commons.math.util.OpenIntToDoubleHashMap,134=>Find no block
Mon Sep 02 16:57:48 EDT 2019 org.apache.commons.math.util.OpenIntToDoubleHashMap,160
Mon Sep 02 16:57:51 EDT 2019 org.apache.commons.math.util.OpenIntToDoubleHashMap,163
Mon Sep 02 16:58:16 EDT 2019 org.apache.commons.math.util.OpenIntToDoubleHashMap,164
Mon Sep 02 16:58:17 EDT 2019 org.apache.commons.math.util.OpenIntToDoubleHashMap,165
Mon Sep 02 16:58:18 EDT 2019 org.apache.commons.math.util.OpenIntToDoubleHashMap,166
Mon Sep 02 16:58:19 EDT 2019 org.apache.commons.math.util.OpenIntToDoubleHashMap,266
Mon Sep 02 16:58:53 EDT 2019 org.apache.commons.math.util.OpenIntToDoubleHashMap,279
Mon Sep 02 17:02:29 EDT 2019 org.apache.commons.math.util.OpenIntToDoubleHashMap,280
Mon Sep 02 17:02:30 EDT 2019 org.apache.commons.math.util.OpenIntToDoubleHashMap,281
Mon Sep 02 17:02:30 EDT 2019 org.apache.commons.math.util.OpenIntToDoubleHashMap,282
Mon Sep 02 17:02:31 EDT 2019 org.apache.commons.math.util.OpenIntToDoubleHashMap,417
Mon Sep 02 17:04:31 EDT 2019 org.apache.commons.math.util.OpenIntToDoubleHashMap,418
Mon Sep 02 17:04:32 EDT 2019 org.apache.commons.math.util.OpenIntToDoubleHashMap,419
Mon Sep 02 17:07:46 EDT 2019 org.apache.commons.math.util.OpenIntToDoubleHashMap,420
Mon Sep 02 17:08:55 EDT 2019 org.apache.commons.math.util.OpenIntToDoubleHashMap,425
Mon Sep 02 17:11:56 EDT 2019 org.apache.commons.math.util.OpenIntToDoubleHashMap,426
Mon Sep 02 17:15:44 EDT 2019 org.apache.commons.math.util.OpenIntToDoubleHashMap,427
Mon Sep 02 17:23:43 EDT 2019 org.apache.commons.math.util.OpenIntToDoubleHashMap,428
Mon Sep 02 17:23:44 EDT 2019 org.apache.commons.math.util.OpenIntToDoubleHashMap,429
Mon Sep 02 17:23:45 EDT 2019 org.apache.commons.math.util.OpenIntToDoubleHashMap,430
Mon Sep 02 17:23:45 EDT 2019 org.apache.commons.math.util.OpenIntToDoubleHashMap,433
Mon Sep 02 17:23:46 EDT 2019 org.apache.commons.math.util.OpenIntToDoubleHashMap,435
Mon Sep 02 17:27:52 EDT 2019 org.apache.commons.math.util.OpenIntToDoubleHashMap,476
Mon Sep 02 17:27:54 EDT 2019 org.apache.commons.math.util.OpenIntToDoubleHashMap,485
Mon Sep 02 17:28:40 EDT 2019 org.apache.commons.math.util.OpenIntToDoubleHashMap,486
Mon Sep 02 17:28:41 EDT 2019 Mon Sep 02 17:28:41 EDT 2019 : org.apache.commons.math.linear.AbstractRealVector,34=>Find no block
Mon Sep 02 17:28:41 EDT 2019 Mon Sep 02 17:28:41 EDT 2019 : org.apache.commons.math.linear.AbstractRealVector,819=>Find no block
Mon Sep 02 17:28:42 EDT 2019 Mon Sep 02 17:28:42 EDT 2019 : org.apache.commons.math.linear.ArrayRealVector,82=>Find no block
Mon Sep 02 17:28:43 EDT 2019 org.apache.commons.math.linear.ArrayRealVector,83
Mon Sep 02 17:30:16 EDT 2019 Mon Sep 02 17:30:16 EDT 2019 : org.apache.commons.math.linear.ArrayRealVector,84=>Find no block
Mon Sep 02 17:30:18 EDT 2019 Mon Sep 02 17:30:18 EDT 2019 : org.apache.commons.math.linear.ArrayRealVector,41=>Find no block
Mon Sep 02 17:30:20 EDT 2019 org.apache.commons.math.linear.RealVectorFormat,173
Mon Sep 02 17:30:24 EDT 2019 Mon Sep 02 17:30:24 EDT 2019 : org.apache.commons.math.util.CompositeFormat,30=>Find no block
Mon Sep 02 17:30:25 EDT 2019 org.apache.commons.math.util.CompositeFormat,53
Mon Sep 02 17:30:52 EDT 2019 org.apache.commons.math.util.CompositeFormat,54
Mon Sep 02 17:30:53 EDT 2019 org.apache.commons.math.util.CompositeFormat,55
Mon Sep 02 17:30:54 EDT 2019 org.apache.commons.math.linear.RealVectorFormat,94
Mon Sep 02 17:30:56 EDT 2019 Mon Sep 02 17:30:56 EDT 2019 : org.apache.commons.math.linear.RealVectorFormat,95=>Find no block
Mon Sep 02 17:30:57 EDT 2019 Mon Sep 02 17:30:57 EDT 2019 : org.apache.commons.math.linear.RealVectorFormat,117=>Find no block
Mon Sep 02 17:30:58 EDT 2019 org.apache.commons.math.linear.RealVectorFormat,118
Mon Sep 02 17:31:38 EDT 2019 org.apache.commons.math.linear.RealVectorFormat,119
Mon Sep 02 17:31:39 EDT 2019 org.apache.commons.math.linear.RealVectorFormat,120
Mon Sep 02 17:31:40 EDT 2019 org.apache.commons.math.linear.RealVectorFormat,121
Mon Sep 02 17:31:41 EDT 2019 org.apache.commons.math.linear.RealVectorFormat,122
Mon Sep 02 17:31:42 EDT 2019 org.apache.commons.math.linear.RealVectorFormat,123
Mon Sep 02 17:31:42 EDT 2019 org.apache.commons.math.linear.RealVectorFormat,124
Mon Sep 02 17:31:43 EDT 2019 Mon Sep 02 17:31:43 EDT 2019 : org.apache.commons.math.linear.RealVectorFormat,125=>Find no block
Mon Sep 02 17:31:44 EDT 2019 org.apache.commons.math.linear.RealVectorFormat,182
Mon Sep 02 17:31:47 EDT 2019 org.apache.commons.math.MathRuntimeException,405
Mon Sep 02 17:31:54 EDT 2019 org.apache.commons.math.MathRuntimeException,413
Mon Sep 02 17:31:59 EDT 2019 org.apache.commons.math.MathRuntimeException,419
Mon Sep 02 17:32:09 EDT 2019 Mon Sep 02 17:32:09 EDT 2019 : org.apache.commons.math.MathRuntimeException,59=>Find no block
Mon Sep 02 17:32:10 EDT 2019 org.apache.commons.math.MathRuntimeException,60
Mon Sep 02 17:32:28 EDT 2019 org.apache.commons.math.MathRuntimeException,61
Mon Sep 02 17:32:29 EDT 2019 Mon Sep 02 17:32:29 EDT 2019 : org.apache.commons.math.MathRuntimeException,62=>Find no block
Mon Sep 02 17:32:30 EDT 2019 org.apache.commons.math.MathRuntimeException,72
Mon Sep 02 17:32:32 EDT 2019 org.apache.commons.math.MathRuntimeException,73
Mon Sep 02 17:32:33 EDT 2019 org.apache.commons.math.MathRuntimeException,74
Mon Sep 02 17:32:34 EDT 2019 Mon Sep 02 17:32:34 EDT 2019 : org.apache.commons.math.MathRuntimeException,75=>Find no block
Mon Sep 02 17:32:34 EDT 2019 org.apache.commons.math.MathRuntimeException,88
Mon Sep 02 17:32:53 EDT 2019 org.apache.commons.math.MathRuntimeException,89
Mon Sep 02 17:32:54 EDT 2019 org.apache.commons.math.MathRuntimeException,90
Mon Sep 02 17:32:54 EDT 2019 Mon Sep 02 17:32:54 EDT 2019 : org.apache.commons.math.MathRuntimeException,91=>Find no block
Mon Sep 02 17:32:55 EDT 2019 org.apache.commons.math.MathRuntimeException,102
Mon Sep 02 17:32:58 EDT 2019 org.apache.commons.math.MathRuntimeException,104
Mon Sep 02 17:33:00 EDT 2019 org.apache.commons.math.MathRuntimeException,106
Mon Sep 02 17:33:01 EDT 2019 Mon Sep 02 17:33:01 EDT 2019 : org.apache.commons.math.MathRuntimeException,111=>Find no block
Mon Sep 02 17:33:02 EDT 2019 Mon Sep 02 17:33:02 EDT 2019 : org.apache.commons.math.MathRuntimeException,109=>Find no block
Mon Sep 02 17:33:03 EDT 2019 org.apache.commons.math.MathRuntimeException,115
Mon Sep 02 17:33:03 EDT 2019 org.apache.commons.math.MathRuntimeException,128
Mon Sep 02 17:33:06 EDT 2019 org.apache.commons.math.MathRuntimeException,136
Mon Sep 02 17:33:08 EDT 2019 org.apache.commons.math.MathRuntimeException,144
Mon Sep 02 17:33:43 EDT 2019 org.apache.commons.math.MathRuntimeException,154
Mon Sep 02 17:33:46 EDT 2019 org.apache.commons.math.MathRuntimeException,160
Mon Sep 02 17:34:13 EDT 2019 org.apache.commons.math.MathRuntimeException,166
Mon Sep 02 17:34:41 EDT 2019 org.apache.commons.math.MathRuntimeException,174
Mon Sep 02 17:34:43 EDT 2019 Mon Sep 02 17:34:43 EDT 2019 : org.apache.commons.math.MathRuntimeException,175=>Find no block
Mon Sep 02 17:34:44 EDT 2019 Mon Sep 02 17:34:44 EDT 2019 : org.apache.commons.math.MathRuntimeException,184=>Find no block
Mon Sep 02 17:34:45 EDT 2019 org.apache.commons.math.MathRuntimeException,185
Mon Sep 02 17:34:47 EDT 2019 org.apache.commons.math.MathRuntimeException,186
Mon Sep 02 17:34:48 EDT 2019 org.apache.commons.math.MathRuntimeException,188
Mon Sep 02 17:34:49 EDT 2019 Mon Sep 02 17:34:49 EDT 2019 : org.apache.commons.math.MathRuntimeException,189=>Find no block
Mon Sep 02 17:34:50 EDT 2019 Mon Sep 02 17:34:50 EDT 2019 : org.apache.commons.math.MathRuntimeException,190=>Find no block
Mon Sep 02 17:34:50 EDT 2019 org.apache.commons.math.MathRuntimeException,201
Mon Sep 02 17:34:53 EDT 2019 org.apache.commons.math.MathRuntimeException,230
Mon Sep 02 17:34:55 EDT 2019 org.apache.commons.math.MathRuntimeException,259
Mon Sep 02 17:34:57 EDT 2019 org.apache.commons.math.MathRuntimeException,291
Mon Sep 02 17:35:36 EDT 2019 org.apache.commons.math.MathRuntimeException,292
Mon Sep 02 17:35:37 EDT 2019 org.apache.commons.math.MathRuntimeException,293
Mon Sep 02 17:35:38 EDT 2019 org.apache.commons.math.MathRuntimeException,305
Mon Sep 02 17:35:40 EDT 2019 org.apache.commons.math.MathRuntimeException,333
Mon Sep 02 17:36:18 EDT 2019 org.apache.commons.math.MathRuntimeException,334
Mon Sep 02 17:36:19 EDT 2019 org.apache.commons.math.MathRuntimeException,335
Mon Sep 02 17:36:20 EDT 2019 org.apache.commons.math.MathRuntimeException,347
Mon Sep 02 17:36:22 EDT 2019 org.apache.commons.math.MathRuntimeException,376
Mon Sep 02 17:36:25 EDT 2019 org.apache.commons.math.MathRuntimeException,405
Mon Sep 02 17:36:26 EDT 2019 org.apache.commons.math.MathRuntimeException,434
Mon Sep 02 17:36:28 EDT 2019 org.apache.commons.math.MathRuntimeException,466
Mon Sep 02 17:36:30 EDT 2019 org.apache.commons.math.MathRuntimeException,492
Mon Sep 02 17:36:33 EDT 2019 org.apache.commons.math.MathRuntimeException,493
Mon Sep 02 17:36:33 EDT 2019 org.apache.commons.math.MathRuntimeException,495
Mon Sep 02 17:36:34 EDT 2019 Mon Sep 02 17:36:34 EDT 2019 : org.apache.commons.math.MathRuntimeException,37=>Find no block
Mon Sep 02 17:36:35 EDT 2019 org.apache.commons.math.MathRuntimeException,434
Mon Sep 02 17:36:36 EDT 2019 org.apache.commons.math.MathRuntimeException,442
Mon Sep 02 17:36:36 EDT 2019 org.apache.commons.math.MathRuntimeException,448
Mon Sep 02 17:36:37 EDT 2019 org.apache.commons.math.MathRuntimeException,347
Mon Sep 02 17:36:38 EDT 2019 org.apache.commons.math.MathRuntimeException,355
Mon Sep 02 17:36:39 EDT 2019 org.apache.commons.math.MathRuntimeException,361
Mon Sep 02 17:36:40 EDT 2019 org.apache.commons.math.FunctionEvaluationException,48
Mon Sep 02 17:36:42 EDT 2019 org.apache.commons.math.FunctionEvaluationException,49
Mon Sep 02 17:36:43 EDT 2019 Mon Sep 02 17:36:43 EDT 2019 : org.apache.commons.math.FunctionEvaluationException,50=>Find no block
Mon Sep 02 17:36:43 EDT 2019 org.apache.commons.math.FunctionEvaluationException,60
Failed time : 19/09/02 17:39
