=================================================
Project : math_78	start : 19/09/02 13:43
Current failed test : org.apache.commons.math.ode.events.EventStateTest::closeEvents_purify_1 | 19/09/02 13:43
Mon Sep 02 13:44:49 EDT 2019 org.apache.commons.math.analysis.solvers.BrentSolver,170
Mon Sep 02 14:18:27 EDT 2019 org.apache.commons.math.analysis.solvers.BrentSolver,173
Mon Sep 02 14:18:28 EDT 2019 org.apache.commons.math.analysis.solvers.BrentSolver,178
Mon Sep 02 14:18:28 EDT 2019 org.apache.commons.math.analysis.solvers.BrentSolver,282
Timeout time : 19/09/02 15:24
Current failed test : org.apache.commons.math.ode.events.EventStateTest::closeEvents_purify_2 | 19/09/02 15:24
Mon Sep 02 15:25:36 EDT 2019 org.apache.commons.math.analysis.solvers.BrentSolver,170
Mon Sep 02 16:00:13 EDT 2019 org.apache.commons.math.analysis.solvers.BrentSolver,173
Mon Sep 02 16:00:13 EDT 2019 org.apache.commons.math.analysis.solvers.BrentSolver,178
Mon Sep 02 16:00:14 EDT 2019 org.apache.commons.math.analysis.solvers.BrentSolver,282
Timeout time : 19/09/02 17:05
Current failed test : org.apache.commons.math.ode.events.EventStateTest::closeEvents_purify_4 | 19/09/02 17:05
Mon Sep 02 17:06:22 EDT 2019 org.apache.commons.math.analysis.solvers.BrentSolver,170
Mon Sep 02 17:39:17 EDT 2019 org.apache.commons.math.analysis.solvers.BrentSolver,173
Mon Sep 02 17:39:18 EDT 2019 org.apache.commons.math.analysis.solvers.BrentSolver,178
Mon Sep 02 17:39:19 EDT 2019 org.apache.commons.math.analysis.solvers.BrentSolver,282
Timeout time : 19/09/02 18:46
