=================================================
Project : math_79	start : 19/09/02 13:43
Current failed test : org.apache.commons.math.stat.clustering.KMeansPlusPlusClustererTest::testPerformClusterAnalysisDegenerate | 19/09/02 13:43
Mon Sep 02 13:44:24 EDT 2019 Mon Sep 02 13:44:24 EDT 2019 : org.apache.commons.math.stat.clustering.EuclideanIntegerPoint,30=>Find no block
Mon Sep 02 13:44:26 EDT 2019 Mon Sep 02 13:44:26 EDT 2019 : org.apache.commons.math.stat.clustering.Cluster,45=>Find no block
Mon Sep 02 13:44:27 EDT 2019 org.apache.commons.math.stat.clustering.Cluster,46
Mon Sep 02 13:44:32 EDT 2019 org.apache.commons.math.stat.clustering.Cluster,47
Mon Sep 02 13:44:34 EDT 2019 Mon Sep 02 13:44:34 EDT 2019 : org.apache.commons.math.stat.clustering.Cluster,48=>Find no block
Mon Sep 02 13:44:35 EDT 2019 org.apache.commons.math.stat.clustering.Cluster,71
Mon Sep 02 13:44:38 EDT 2019 Mon Sep 02 13:44:38 EDT 2019 : org.apache.commons.math.stat.clustering.KMeansPlusPlusClusterer,40=>Find no block
Mon Sep 02 13:44:40 EDT 2019 org.apache.commons.math.stat.clustering.KMeansPlusPlusClusterer,41
Mon Sep 02 13:44:43 EDT 2019 Mon Sep 02 13:44:43 EDT 2019 : org.apache.commons.math.stat.clustering.KMeansPlusPlusClusterer,42=>Find no block
Mon Sep 02 13:44:45 EDT 2019 org.apache.commons.math.stat.clustering.KMeansPlusPlusClusterer,56
Mon Sep 02 13:46:04 EDT 2019 org.apache.commons.math.stat.clustering.KMeansPlusPlusClusterer,57
Mon Sep 02 13:46:05 EDT 2019 org.apache.commons.math.stat.clustering.KMeansPlusPlusClusterer,89
Mon Sep 02 13:46:09 EDT 2019 org.apache.commons.math.stat.clustering.KMeansPlusPlusClusterer,90
Mon Sep 02 13:46:10 EDT 2019 org.apache.commons.math.stat.clustering.KMeansPlusPlusClusterer,91
Mon Sep 02 13:46:11 EDT 2019 org.apache.commons.math.stat.clustering.KMeansPlusPlusClusterer,107
Mon Sep 02 13:46:53 EDT 2019 org.apache.commons.math.stat.clustering.KMeansPlusPlusClusterer,108
Mon Sep 02 13:46:54 EDT 2019 org.apache.commons.math.stat.clustering.KMeansPlusPlusClusterer,111
Mon Sep 02 13:48:17 EDT 2019 org.apache.commons.math.stat.clustering.KMeansPlusPlusClusterer,112
Mon Sep 02 13:49:51 EDT 2019 org.apache.commons.math.stat.clustering.KMeansPlusPlusClusterer,114
Mon Sep 02 13:49:51 EDT 2019 org.apache.commons.math.stat.clustering.KMeansPlusPlusClusterer,115
Mon Sep 02 14:05:35 EDT 2019 org.apache.commons.math.stat.clustering.KMeansPlusPlusClusterer,139
Mon Sep 02 14:10:52 EDT 2019 org.apache.commons.math.stat.clustering.KMeansPlusPlusClusterer,153
Mon Sep 02 14:11:15 EDT 2019 org.apache.commons.math.stat.clustering.KMeansPlusPlusClusterer,154
Mon Sep 02 14:11:16 EDT 2019 org.apache.commons.math.stat.clustering.KMeansPlusPlusClusterer,155
Mon Sep 02 14:11:17 EDT 2019 org.apache.commons.math.stat.clustering.KMeansPlusPlusClusterer,156
Mon Sep 02 14:11:18 EDT 2019 org.apache.commons.math.stat.clustering.KMeansPlusPlusClusterer,157
Mon Sep 02 14:11:19 EDT 2019 Mon Sep 02 14:11:19 EDT 2019 : org.apache.commons.math.stat.clustering.KMeansPlusPlusClusterer,161=>Find no block
Mon Sep 02 14:11:19 EDT 2019 org.apache.commons.math.stat.clustering.KMeansPlusPlusClusterer,162
Mon Sep 02 14:11:20 EDT 2019 org.apache.commons.math.stat.clustering.EuclideanIntegerPoint,57
Mon Sep 02 14:11:23 EDT 2019 org.apache.commons.math.util.MathUtils,1624

----------------------------------------
----------------------------------------
Pass Single Test : [=>0,0]
int sum=0;
for(int i=NAN_GAP;i<p1.length;i++){
 final int dp=p1[i]-p2[i];
sum+=dp*dp;
}
return Math.sqrt(sum);

Time : 19/09/02 14:11
----------------------------------------

----------------------------------------
----------------------------------------
Pass Single Test : [=>0,0]
double sum=0;
for(int i=0;i<p1.length;i++){
 final double dp=p1[i]-p2[i];
sum+=dp*dp;
}
return Math.sqrt(sum);

Time : 19/09/02 14:12
----------------------------------------

----------------------------------------
----------------------------------------
Similar code block : 2.428571428571429 : [/home/mmotwani/mywork1dir/Defects4Java7/defects4j/SIMFIX_RQ1/math/math_79_buggy/src/main/java/org/apache/commons/math/util/MathUtils.java=>0,0]
double sum=0;
for(int i=0;i<p1.length;i++){
 final double dp=p1[i]-p2[i];
sum+=dp*dp;
}
return Math.sqrt(sum);

Time : 19/09/02 14:13
----------------------------------------

----------------------------------------
----------------------------------------
Original source code : [/home/mmotwani/mywork1dir/Defects4Java7/defects4j/SIMFIX_RQ1/math/math_79_buggy/src/main/java/org/apache/commons/math/util/MathUtils.java=>1624,1629]
int sum=0;
for(int i=0;i<p1.length;i++){
 final int dp=p1[i]-p2[i];
sum+=dp*dp;
}
return Math.sqrt(sum);

Time : 19/09/02 14:13
----------------------------------------

----------------------------------------
----------------------------------------
Find a patch : [/home/mmotwani/mywork1dir/Defects4Java7/defects4j/SIMFIX_RQ1/math/math_79_buggy/src/main/java/org/apache/commons/math/util/MathUtils.java=>1624,1629]
double sum=0;
for(int i=0;i<p1.length;i++){
 final double dp=p1[i]-p2[i];
sum+=dp*dp;
}
return Math.sqrt(sum);

Time : 19/09/02 14:13
----------------------------------------
Success time : 19/09/02 14:13
