=================================================
Project : math_81	start : 19/09/02 13:43
Current failed test : org.apache.commons.math.linear.EigenDecompositionImplTest::testMath308 | 19/09/02 13:43
Mon Sep 02 13:44:31 EDT 2019 org.apache.commons.math.linear.EigenDecompositionImpl,1509
Mon Sep 02 13:46:58 EDT 2019 org.apache.commons.math.linear.EigenDecompositionImpl,1529
Mon Sep 02 13:55:10 EDT 2019 org.apache.commons.math.linear.EigenDecompositionImpl,1530
Mon Sep 02 13:55:11 EDT 2019 org.apache.commons.math.linear.EigenDecompositionImpl,1533
Mon Sep 02 14:00:23 EDT 2019 org.apache.commons.math.linear.EigenDecompositionImpl,1534
Mon Sep 02 14:02:49 EDT 2019 org.apache.commons.math.linear.EigenDecompositionImpl,1535

----------------------------------------
----------------------------------------
Pass Single Test : [=>0,0]
work[4]=TOLERANCE;
double b1=work[np-2];
double b2=work[np-6];
 final double gam=dN2;

Time : 19/09/02 14:06
----------------------------------------
Mon Sep 02 14:08:11 EDT 2019 org.apache.commons.math.linear.EigenDecompositionImpl,1536

----------------------------------------
----------------------------------------
Pass Single Test : [=>0,0]
double b2=work[np-6];
 final double gam=dN2;
if(b2>0.0&&b2>b2*b1/(1+b2*b2)){
return ;
}

Time : 19/09/02 14:09
----------------------------------------

----------------------------------------
----------------------------------------
Similar code block : 1.2053370772744245 : [/home/mmotwani/mywork1dir/Defects4Java7/defects4j/SIMFIX_RQ1/math/math_81_buggy/src/main/java/org/apache/commons/math/linear/EigenDecompositionImpl.java=>0,0]
 final double a2=dMin2/(1+b2*b2);
 final double gap2=work[nn-7]+work[nn-9]-Math.sqrt(work[nn-11])*Math.sqrt(work[nn-9])-a2;
if(gap2>0.0&&gap2>b2*a2){
tau=Math.max(s,a2*(1-cnst2*a2));
}else {
tau=Math.max(s,a2*(1-cnst2*b2));
}

Time : 19/09/02 14:10
----------------------------------------

----------------------------------------
----------------------------------------
Original source code : [/home/mmotwani/mywork1dir/Defects4Java7/defects4j/SIMFIX_RQ1/math/math_81_buggy/src/main/java/org/apache/commons/math/linear/EigenDecompositionImpl.java=>1535,1539]
double b2=work[np-6];
 final double gam=dN2;
if(work[np-8]>b2||work[np-4]>b1){
return ;
}

Time : 19/09/02 14:10
----------------------------------------

----------------------------------------
----------------------------------------
Find a patch : [/home/mmotwani/mywork1dir/Defects4Java7/defects4j/SIMFIX_RQ1/math/math_81_buggy/src/main/java/org/apache/commons/math/linear/EigenDecompositionImpl.java=>1535,1539]
double b2=work[np-6];
 final double gam=dN2;
if(b2>0.0&&b2>b2*b1/(1+b2*b2)){
return ;
}

Time : 19/09/02 14:10
----------------------------------------
Success time : 19/09/02 14:10
