=================================================
Project : math_82	start : 19/09/02 13:43
Current failed test : org.apache.commons.math.optimization.linear.SimplexSolverTest::testMath288 | 19/09/02 13:43
Mon Sep 02 13:44:06 EDT 2019 org.apache.commons.math.optimization.linear.SimplexTableau,308
Mon Sep 02 13:44:11 EDT 2019 org.apache.commons.math.optimization.linear.SimplexSolver,169
Mon Sep 02 13:44:16 EDT 2019 org.apache.commons.math.optimization.linear.SimplexTableau,170
Mon Sep 02 13:45:56 EDT 2019 org.apache.commons.math.optimization.linear.SimplexSolver,152
Mon Sep 02 13:47:32 EDT 2019 org.apache.commons.math.optimization.linear.SimplexSolver,191
Mon Sep 02 13:47:35 EDT 2019 org.apache.commons.math.linear.ArrayRealVector,338
Mon Sep 02 14:00:16 EDT 2019 org.apache.commons.math.linear.ArrayRealVector,339
Mon Sep 02 14:10:50 EDT 2019 org.apache.commons.math.linear.ArrayRealVector,340
Mon Sep 02 14:10:50 EDT 2019 org.apache.commons.math.linear.ArrayRealVector,342
Mon Sep 02 14:10:51 EDT 2019 org.apache.commons.math.optimization.linear.SimplexTableau,297
Mon Sep 02 14:10:57 EDT 2019 org.apache.commons.math.linear.ArrayRealVector,884
Mon Sep 02 14:24:30 EDT 2019 org.apache.commons.math.linear.ArrayRealVector,885
Mon Sep 02 14:24:31 EDT 2019 org.apache.commons.math.linear.ArrayRealVector,886
Mon Sep 02 14:24:31 EDT 2019 org.apache.commons.math.linear.ArrayRealVector,887
Mon Sep 02 14:24:32 EDT 2019 org.apache.commons.math.linear.ArrayRealVector,889
Mon Sep 02 14:24:33 EDT 2019 org.apache.commons.math.linear.ArrayRealVector,1287
Mon Sep 02 14:41:47 EDT 2019 Mon Sep 02 14:41:47 EDT 2019 : org.apache.commons.math.linear.ArrayRealVector,1292=>Find no block
Mon Sep 02 14:41:48 EDT 2019 org.apache.commons.math.optimization.linear.SimplexTableau,282
Mon Sep 02 14:42:14 EDT 2019 org.apache.commons.math.optimization.linear.SimplexTableau,340
Mon Sep 02 14:42:46 EDT 2019 org.apache.commons.math.optimization.linear.SimplexTableau,341
Mon Sep 02 14:42:46 EDT 2019 org.apache.commons.math.optimization.linear.SimplexTableau,342
Mon Sep 02 14:42:49 EDT 2019 org.apache.commons.math.optimization.linear.SimplexTableau,343
Mon Sep 02 15:02:00 EDT 2019 org.apache.commons.math.optimization.linear.SimplexTableau,344
Mon Sep 02 15:02:01 EDT 2019 org.apache.commons.math.optimization.linear.SimplexTableau,345
Mon Sep 02 15:02:02 EDT 2019 org.apache.commons.math.optimization.linear.SimplexTableau,346
Mon Sep 02 15:02:02 EDT 2019 org.apache.commons.math.optimization.linear.SimplexTableau,351
Mon Sep 02 15:02:03 EDT 2019 org.apache.commons.math.optimization.linear.SimplexTableau,352
Mon Sep 02 15:02:04 EDT 2019 org.apache.commons.math.optimization.linear.SimplexTableau,357
Mon Sep 02 15:11:46 EDT 2019 org.apache.commons.math.optimization.linear.SimplexTableau,433

----------------------------------------
----------------------------------------
Pass Single Test : [=>0,0]
return restrictToNonNegative?numDecisionVariables:numDecisionVariables-1;

Time : 19/09/02 15:12
----------------------------------------
Mon Sep 02 15:12:48 EDT 2019 org.apache.commons.math.optimization.linear.SimplexTableau,458
Mon Sep 02 15:12:51 EDT 2019 org.apache.commons.math.optimization.linear.SimplexTableau,481
Mon Sep 02 15:12:53 EDT 2019 Mon Sep 02 15:12:53 EDT 2019 : org.apache.commons.math.optimization.RealPointValuePair,48=>Find no block
Mon Sep 02 15:12:54 EDT 2019 org.apache.commons.math.optimization.RealPointValuePair,49
Mon Sep 02 15:15:37 EDT 2019 org.apache.commons.math.optimization.RealPointValuePair,50
Mon Sep 02 15:15:38 EDT 2019 Mon Sep 02 15:15:38 EDT 2019 : org.apache.commons.math.optimization.RealPointValuePair,51=>Find no block
Mon Sep 02 15:15:38 EDT 2019 org.apache.commons.math.optimization.RealPointValuePair,86
Mon Sep 02 15:15:56 EDT 2019 org.apache.commons.math.optimization.linear.LinearObjectiveFunction,92
Mon Sep 02 15:16:43 EDT 2019 org.apache.commons.math.optimization.linear.SimplexSolver,155
Mon Sep 02 15:19:02 EDT 2019 org.apache.commons.math.optimization.linear.SimplexSolver,193
Mon Sep 02 15:19:22 EDT 2019 org.apache.commons.math.optimization.linear.LinearConstraint,81
Mon Sep 02 15:19:25 EDT 2019 Mon Sep 02 15:19:25 EDT 2019 : org.apache.commons.math.optimization.linear.LinearConstraint,82=>Find no block
Mon Sep 02 15:19:25 EDT 2019 org.apache.commons.math.optimization.linear.SimplexTableau,296
Mon Sep 02 15:19:26 EDT 2019 org.apache.commons.math.optimization.linear.SimplexTableau,307
Mon Sep 02 15:19:27 EDT 2019 org.apache.commons.math.optimization.linear.SimplexSolver,147
Mon Sep 02 15:19:27 EDT 2019 org.apache.commons.math.optimization.linear.SimplexSolver,150
Mon Sep 02 15:19:28 EDT 2019 org.apache.commons.math.optimization.linear.SimplexSolver,151
Mon Sep 02 15:19:29 EDT 2019 org.apache.commons.math.optimization.linear.SimplexSolver,189
Mon Sep 02 15:19:29 EDT 2019 org.apache.commons.math.optimization.linear.SimplexSolver,190
Mon Sep 02 15:19:30 EDT 2019 Mon Sep 02 15:19:30 EDT 2019 : org.apache.commons.math.linear.ArrayRealVector,77=>Find no block
Mon Sep 02 15:19:31 EDT 2019 org.apache.commons.math.linear.ArrayRealVector,78
Mon Sep 02 15:21:00 EDT 2019 Mon Sep 02 15:21:00 EDT 2019 : org.apache.commons.math.linear.ArrayRealVector,79=>Find no block
Mon Sep 02 15:21:01 EDT 2019 Mon Sep 02 15:21:01 EDT 2019 : org.apache.commons.math.linear.ArrayRealVector,36=>Find no block
Mon Sep 02 15:21:02 EDT 2019 org.apache.commons.math.linear.ArrayRealVector,854
Mon Sep 02 15:23:05 EDT 2019 org.apache.commons.math.linear.ArrayRealVector,1157
Mon Sep 02 15:24:40 EDT 2019 Mon Sep 02 15:24:40 EDT 2019 : org.apache.commons.math.linear.AbstractRealMatrix,43=>Find no block
Mon Sep 02 15:24:47 EDT 2019 org.apache.commons.math.linear.AbstractRealMatrix,44
Mon Sep 02 15:25:09 EDT 2019 Mon Sep 02 15:25:09 EDT 2019 : org.apache.commons.math.linear.AbstractRealMatrix,45=>Find no block
Mon Sep 02 15:25:09 EDT 2019 org.apache.commons.math.linear.RealVectorFormat,94
Mon Sep 02 15:25:12 EDT 2019 Mon Sep 02 15:25:12 EDT 2019 : org.apache.commons.math.linear.RealVectorFormat,95=>Find no block
Mon Sep 02 15:25:12 EDT 2019 Mon Sep 02 15:25:12 EDT 2019 : org.apache.commons.math.linear.RealVectorFormat,117=>Find no block
Mon Sep 02 15:25:13 EDT 2019 org.apache.commons.math.linear.RealVectorFormat,118
Mon Sep 02 15:25:57 EDT 2019 org.apache.commons.math.linear.RealVectorFormat,119
Mon Sep 02 15:25:57 EDT 2019 org.apache.commons.math.linear.RealVectorFormat,120
Mon Sep 02 15:25:58 EDT 2019 org.apache.commons.math.linear.RealVectorFormat,121
Mon Sep 02 15:25:59 EDT 2019 org.apache.commons.math.linear.RealVectorFormat,122
Mon Sep 02 15:26:00 EDT 2019 org.apache.commons.math.linear.RealVectorFormat,123
Mon Sep 02 15:26:01 EDT 2019 org.apache.commons.math.linear.RealVectorFormat,124
Mon Sep 02 15:26:02 EDT 2019 Mon Sep 02 15:26:02 EDT 2019 : org.apache.commons.math.linear.RealVectorFormat,125=>Find no block
Mon Sep 02 15:26:03 EDT 2019 org.apache.commons.math.linear.RealVectorFormat,173
Mon Sep 02 15:26:06 EDT 2019 org.apache.commons.math.linear.RealVectorFormat,182
Mon Sep 02 15:26:14 EDT 2019 Mon Sep 02 15:26:14 EDT 2019 : org.apache.commons.math.util.CompositeFormat,31=>Find no block
Mon Sep 02 15:26:17 EDT 2019 org.apache.commons.math.util.CompositeFormat,54
Mon Sep 02 15:26:52 EDT 2019 org.apache.commons.math.util.CompositeFormat,55
Mon Sep 02 15:26:53 EDT 2019 org.apache.commons.math.util.CompositeFormat,56
Mon Sep 02 15:26:53 EDT 2019 Mon Sep 02 15:26:53 EDT 2019 : org.apache.commons.math.linear.Array2DRowRealMatrix,94=>Find no block
Mon Sep 02 15:26:54 EDT 2019 org.apache.commons.math.linear.Array2DRowRealMatrix,95
Mon Sep 02 15:27:06 EDT 2019 Mon Sep 02 15:27:06 EDT 2019 : org.apache.commons.math.linear.Array2DRowRealMatrix,96=>Find no block
Mon Sep 02 15:27:06 EDT 2019 org.apache.commons.math.linear.Array2DRowRealMatrix,314
Mon Sep 02 16:25:36 EDT 2019 org.apache.commons.math.linear.Array2DRowRealMatrix,315
Mon Sep 02 16:25:37 EDT 2019 org.apache.commons.math.linear.Array2DRowRealMatrix,320
Mon Sep 02 16:25:38 EDT 2019 org.apache.commons.math.linear.Array2DRowRealMatrix,325
Mon Sep 02 16:44:04 EDT 2019 org.apache.commons.math.linear.Array2DRowRealMatrix,326
Mon Sep 02 16:44:04 EDT 2019 org.apache.commons.math.linear.Array2DRowRealMatrix,330
Mon Sep 02 17:05:51 EDT 2019 org.apache.commons.math.linear.Array2DRowRealMatrix,331
Mon Sep 02 17:05:52 EDT 2019 org.apache.commons.math.linear.Array2DRowRealMatrix,334
Mon Sep 02 17:53:55 EDT 2019 org.apache.commons.math.linear.Array2DRowRealMatrix,335
Mon Sep 02 17:53:55 EDT 2019 org.apache.commons.math.linear.Array2DRowRealMatrix,336
Mon Sep 02 17:53:56 EDT 2019 org.apache.commons.math.linear.Array2DRowRealMatrix,341
Mon Sep 02 17:53:57 EDT 2019 Mon Sep 02 17:53:57 EDT 2019 : org.apache.commons.math.linear.Array2DRowRealMatrix,343=>Find no block
Mon Sep 02 17:53:58 EDT 2019 Mon Sep 02 17:53:58 EDT 2019 : org.apache.commons.math.linear.Array2DRowRealMatrix,347=>Find no block
Mon Sep 02 17:53:58 EDT 2019 org.apache.commons.math.linear.Array2DRowRealMatrix,354
Mon Sep 02 17:54:02 EDT 2019 org.apache.commons.math.linear.Array2DRowRealMatrix,367
Mon Sep 02 17:54:05 EDT 2019 Mon Sep 02 17:54:05 EDT 2019 : org.apache.commons.math.linear.Array2DRowRealMatrix,372=>Find no block
Mon Sep 02 17:54:05 EDT 2019 Mon Sep 02 17:54:05 EDT 2019 : org.apache.commons.math.linear.Array2DRowRealMatrix,373=>Find no block
Mon Sep 02 17:54:06 EDT 2019 org.apache.commons.math.linear.Array2DRowRealMatrix,404
Mon Sep 02 17:54:44 EDT 2019 org.apache.commons.math.linear.Array2DRowRealMatrix,410
Mon Sep 02 17:55:13 EDT 2019 org.apache.commons.math.linear.Array2DRowRealMatrix,622
Mon Sep 02 17:55:15 EDT 2019 Mon Sep 02 17:55:15 EDT 2019 : org.apache.commons.math.linear.Array2DRowRealMatrix,623=>Find no block
Mon Sep 02 17:55:15 EDT 2019 Mon Sep 02 17:55:15 EDT 2019 : org.apache.commons.math.util.MathUtils,30=>Find no block
Mon Sep 02 17:55:16 EDT 2019 Mon Sep 02 17:55:16 EDT 2019 : org.apache.commons.math.util.MathUtils,473=>Find no block
Mon Sep 02 17:55:17 EDT 2019 org.apache.commons.math.util.MathUtils,367
Mon Sep 02 17:56:47 EDT 2019 org.apache.commons.math.util.MathUtils,368
Mon Sep 02 17:56:48 EDT 2019 org.apache.commons.math.util.MathUtils,369
Mon Sep 02 17:56:49 EDT 2019 org.apache.commons.math.util.MathUtils,370
Mon Sep 02 17:56:50 EDT 2019 org.apache.commons.math.util.MathUtils,372
Mon Sep 02 17:57:25 EDT 2019 org.apache.commons.math.util.MathUtils,395
Mon Sep 02 17:57:57 EDT 2019 org.apache.commons.math.util.MathUtils,411
Mon Sep 02 18:00:10 EDT 2019 Mon Sep 02 18:00:10 EDT 2019 : org.apache.commons.math.optimization.linear.LinearConstraint,99=>Find no block
Mon Sep 02 18:00:11 EDT 2019 org.apache.commons.math.optimization.linear.LinearConstraint,100
Mon Sep 02 18:01:00 EDT 2019 org.apache.commons.math.optimization.linear.LinearConstraint,101
Mon Sep 02 18:01:01 EDT 2019 org.apache.commons.math.optimization.linear.LinearConstraint,102
Mon Sep 02 18:01:02 EDT 2019 Mon Sep 02 18:01:02 EDT 2019 : org.apache.commons.math.optimization.linear.LinearConstraint,103=>Find no block
Mon Sep 02 18:01:03 EDT 2019 org.apache.commons.math.optimization.linear.LinearConstraint,168
Mon Sep 02 18:01:05 EDT 2019 org.apache.commons.math.optimization.linear.LinearConstraint,176
Mon Sep 02 18:01:07 EDT 2019 org.apache.commons.math.optimization.linear.LinearConstraint,184
Mon Sep 02 18:01:08 EDT 2019 Mon Sep 02 18:01:08 EDT 2019 : org.apache.commons.math.optimization.linear.Relationship,42=>Find no block
Mon Sep 02 18:01:09 EDT 2019 org.apache.commons.math.optimization.linear.Relationship,43
Mon Sep 02 18:01:11 EDT 2019 Mon Sep 02 18:01:11 EDT 2019 : org.apache.commons.math.optimization.linear.Relationship,44=>Find no block
Mon Sep 02 18:01:12 EDT 2019 Mon Sep 02 18:01:12 EDT 2019 : org.apache.commons.math.optimization.linear.Relationship,28=>Find no block
Mon Sep 02 18:01:13 EDT 2019 Mon Sep 02 18:01:13 EDT 2019 : org.apache.commons.math.optimization.linear.Relationship,31=>Find no block
Mon Sep 02 18:01:13 EDT 2019 Mon Sep 02 18:01:13 EDT 2019 : org.apache.commons.math.optimization.linear.Relationship,34=>Find no block
Mon Sep 02 18:01:14 EDT 2019 Mon Sep 02 18:01:14 EDT 2019 : org.apache.commons.math.optimization.linear.Relationship,25=>Find no block
Mon Sep 02 18:01:15 EDT 2019 Mon Sep 02 18:01:15 EDT 2019 : org.apache.commons.math.optimization.linear.SimplexTableau,104=>Find no block
Mon Sep 02 18:01:16 EDT 2019 org.apache.commons.math.optimization.linear.SimplexTableau,105
Mon Sep 02 18:01:59 EDT 2019 org.apache.commons.math.optimization.linear.SimplexTableau,106
Mon Sep 02 18:02:00 EDT 2019 org.apache.commons.math.optimization.linear.SimplexTableau,107
Mon Sep 02 18:02:01 EDT 2019 org.apache.commons.math.optimization.linear.SimplexTableau,108
Mon Sep 02 18:02:01 EDT 2019 org.apache.commons.math.optimization.linear.SimplexTableau,109
Mon Sep 02 18:02:02 EDT 2019 org.apache.commons.math.optimization.linear.SimplexTableau,110
Mon Sep 02 18:02:03 EDT 2019 org.apache.commons.math.optimization.linear.SimplexTableau,112
Mon Sep 02 18:02:04 EDT 2019 org.apache.commons.math.optimization.linear.SimplexTableau,114
Mon Sep 02 18:02:04 EDT 2019 org.apache.commons.math.optimization.linear.SimplexTableau,115
Mon Sep 02 18:02:05 EDT 2019 Mon Sep 02 18:02:05 EDT 2019 : org.apache.commons.math.optimization.linear.SimplexTableau,116=>Find no block
Mon Sep 02 18:02:06 EDT 2019 org.apache.commons.math.optimization.linear.SimplexTableau,126
Mon Sep 02 18:03:02 EDT 2019 org.apache.commons.math.optimization.linear.SimplexTableau,127
Mon Sep 02 18:03:03 EDT 2019 org.apache.commons.math.optimization.linear.SimplexTableau,129
Mon Sep 02 18:04:46 EDT 2019 org.apache.commons.math.optimization.linear.SimplexTableau,130
Mon Sep 02 18:05:46 EDT 2019 org.apache.commons.math.optimization.linear.SimplexTableau,133
Mon Sep 02 18:05:48 EDT 2019 org.apache.commons.math.optimization.linear.SimplexTableau,136
Mon Sep 02 18:06:23 EDT 2019 org.apache.commons.math.optimization.linear.SimplexTableau,137
Mon Sep 02 18:06:52 EDT 2019 org.apache.commons.math.optimization.linear.SimplexTableau,138
Mon Sep 02 18:07:37 EDT 2019 org.apache.commons.math.optimization.linear.SimplexTableau,140
Mon Sep 02 18:08:22 EDT 2019 org.apache.commons.math.optimization.linear.SimplexTableau,141
Mon Sep 02 18:09:12 EDT 2019 org.apache.commons.math.optimization.linear.SimplexTableau,144
Mon Sep 02 18:09:15 EDT 2019 org.apache.commons.math.optimization.linear.SimplexTableau,150
Mon Sep 02 18:09:41 EDT 2019 org.apache.commons.math.optimization.linear.SimplexTableau,151
Mon Sep 02 18:09:42 EDT 2019 org.apache.commons.math.optimization.linear.SimplexTableau,152
Mon Sep 02 18:17:51 EDT 2019 org.apache.commons.math.optimization.linear.SimplexTableau,153
Mon Sep 02 18:22:00 EDT 2019 org.apache.commons.math.optimization.linear.SimplexTableau,154
Mon Sep 02 18:22:01 EDT 2019 org.apache.commons.math.optimization.linear.SimplexTableau,157
Mon Sep 02 18:24:56 EDT 2019 org.apache.commons.math.optimization.linear.SimplexTableau,160
Mon Sep 02 18:24:57 EDT 2019 org.apache.commons.math.optimization.linear.SimplexTableau,166
Mon Sep 02 18:26:21 EDT 2019 org.apache.commons.math.optimization.linear.SimplexTableau,169
Mon Sep 02 18:26:21 EDT 2019 org.apache.commons.math.optimization.linear.SimplexTableau,176
Mon Sep 02 18:26:22 EDT 2019 org.apache.commons.math.optimization.linear.SimplexTableau,183
Mon Sep 02 18:31:24 EDT 2019 org.apache.commons.math.optimization.linear.SimplexTableau,190
Mon Sep 02 18:31:27 EDT 2019 org.apache.commons.math.optimization.linear.SimplexTableau,198
Mon Sep 02 18:32:14 EDT 2019 org.apache.commons.math.optimization.linear.SimplexTableau,199
Mon Sep 02 18:33:33 EDT 2019 org.apache.commons.math.optimization.linear.SimplexTableau,200
Mon Sep 02 18:33:34 EDT 2019 Mon Sep 02 18:33:34 EDT 2019 : org.apache.commons.math.optimization.linear.SimplexTableau,201=>Find no block
Mon Sep 02 18:33:35 EDT 2019 org.apache.commons.math.optimization.linear.SimplexTableau,202
Mon Sep 02 18:33:35 EDT 2019 org.apache.commons.math.optimization.linear.SimplexTableau,211
Mon Sep 02 18:33:38 EDT 2019 org.apache.commons.math.optimization.linear.SimplexTableau,216
Mon Sep 02 18:33:40 EDT 2019 org.apache.commons.math.optimization.linear.SimplexTableau,225
Mon Sep 02 18:33:42 EDT 2019 org.apache.commons.math.optimization.linear.SimplexTableau,234
Mon Sep 02 18:35:06 EDT 2019 org.apache.commons.math.optimization.linear.SimplexTableau,235
Mon Sep 02 18:35:06 EDT 2019 org.apache.commons.math.optimization.linear.SimplexTableau,236
Mon Sep 02 18:35:07 EDT 2019 org.apache.commons.math.optimization.linear.SimplexTableau,237
Mon Sep 02 18:35:08 EDT 2019 Mon Sep 02 18:35:08 EDT 2019 : org.apache.commons.math.optimization.linear.SimplexTableau,239=>Find no block
Mon Sep 02 18:35:08 EDT 2019 org.apache.commons.math.optimization.linear.SimplexTableau,240
Mon Sep 02 18:35:09 EDT 2019 org.apache.commons.math.optimization.linear.SimplexTableau,248
Mon Sep 02 18:40:11 EDT 2019 Mon Sep 02 18:40:11 EDT 2019 : org.apache.commons.math.optimization.linear.SimplexTableau,252=>Find no block
Mon Sep 02 18:40:12 EDT 2019 org.apache.commons.math.optimization.linear.SimplexTableau,291
Timeout time : 19/09/02 18:44
