=================================================
Project : math_84	start : 19/09/02 13:43
Current failed test : org.apache.commons.math.optimization.direct.MultiDirectionalTest::testMath283_purify_1 | 19/09/02 13:45
Mon Sep 02 13:45:38 EDT 2019 org.apache.commons.math.MaxIterationsExceededException,43
Mon Sep 02 13:45:43 EDT 2019 org.apache.commons.math.MaxIterationsExceededException,44
Mon Sep 02 13:45:44 EDT 2019 Mon Sep 02 13:45:44 EDT 2019 : org.apache.commons.math.MaxIterationsExceededException,45=>Find no block
Mon Sep 02 13:45:45 EDT 2019 org.apache.commons.math.ConvergenceException,45
Mon Sep 02 13:46:45 EDT 2019 Mon Sep 02 13:46:45 EDT 2019 : org.apache.commons.math.ConvergenceException,46=>Find no block
Mon Sep 02 13:46:47 EDT 2019 org.apache.commons.math.ConvergenceException,53
Mon Sep 02 13:46:50 EDT 2019 Mon Sep 02 13:46:50 EDT 2019 : org.apache.commons.math.ConvergenceException,54=>Find no block
Mon Sep 02 13:46:51 EDT 2019 org.apache.commons.math.MathException,166
Mon Sep 02 13:46:54 EDT 2019 org.apache.commons.math.MathException,172
Mon Sep 02 13:46:57 EDT 2019 Mon Sep 02 13:46:57 EDT 2019 : org.apache.commons.math.optimization.RealPointValuePair,61=>Find no block
Mon Sep 02 13:46:58 EDT 2019 org.apache.commons.math.optimization.RealPointValuePair,62
Mon Sep 02 13:47:50 EDT 2019 org.apache.commons.math.optimization.RealPointValuePair,63
Mon Sep 02 13:47:51 EDT 2019 Mon Sep 02 13:47:51 EDT 2019 : org.apache.commons.math.optimization.RealPointValuePair,64=>Find no block
Mon Sep 02 13:47:52 EDT 2019 org.apache.commons.math.optimization.RealPointValuePair,70
Mon Sep 02 13:48:52 EDT 2019 org.apache.commons.math.optimization.direct.DirectSearchOptimizer,278
Mon Sep 02 13:49:44 EDT 2019 org.apache.commons.math.optimization.direct.DirectSearchOptimizer,279
Mon Sep 02 13:49:45 EDT 2019 org.apache.commons.math.optimization.direct.DirectSearchOptimizer,280
Mon Sep 02 13:49:45 EDT 2019 org.apache.commons.math.optimization.direct.DirectSearchOptimizer,142
Mon Sep 02 14:20:15 EDT 2019 org.apache.commons.math.optimization.direct.DirectSearchOptimizer,143
Mon Sep 02 14:20:16 EDT 2019 org.apache.commons.math.optimization.direct.DirectSearchOptimizer,144
Mon Sep 02 14:20:17 EDT 2019 org.apache.commons.math.optimization.direct.DirectSearchOptimizer,145
Mon Sep 02 14:20:18 EDT 2019 org.apache.commons.math.optimization.direct.DirectSearchOptimizer,146
Mon Sep 02 14:20:18 EDT 2019 org.apache.commons.math.optimization.direct.DirectSearchOptimizer,147
Mon Sep 02 14:20:19 EDT 2019 org.apache.commons.math.optimization.direct.DirectSearchOptimizer,152
Mon Sep 02 14:20:20 EDT 2019 Mon Sep 02 14:20:20 EDT 2019 : org.apache.commons.math.optimization.direct.DirectSearchOptimizer,155=>Find no block
Mon Sep 02 14:20:20 EDT 2019 org.apache.commons.math.optimization.direct.DirectSearchOptimizer,291
Mon Sep 02 14:22:59 EDT 2019 org.apache.commons.math.optimization.direct.DirectSearchOptimizer,294
Mon Sep 02 14:34:42 EDT 2019 org.apache.commons.math.optimization.direct.DirectSearchOptimizer,306
Timeout time : 19/09/02 14:35
Current failed test : org.apache.commons.math.optimization.direct.MultiDirectionalTest::testMath283_purify_2 | 19/09/02 14:35
Mon Sep 02 14:36:07 EDT 2019 org.apache.commons.math.MaxIterationsExceededException,43
Mon Sep 02 14:36:09 EDT 2019 org.apache.commons.math.MaxIterationsExceededException,44
Mon Sep 02 14:36:10 EDT 2019 Mon Sep 02 14:36:10 EDT 2019 : org.apache.commons.math.MaxIterationsExceededException,45=>Find no block
Mon Sep 02 14:36:11 EDT 2019 org.apache.commons.math.ConvergenceException,45
Mon Sep 02 14:37:06 EDT 2019 Mon Sep 02 14:37:06 EDT 2019 : org.apache.commons.math.ConvergenceException,46=>Find no block
Mon Sep 02 14:37:07 EDT 2019 org.apache.commons.math.ConvergenceException,53
Mon Sep 02 14:37:09 EDT 2019 Mon Sep 02 14:37:09 EDT 2019 : org.apache.commons.math.ConvergenceException,54=>Find no block
Mon Sep 02 14:37:10 EDT 2019 org.apache.commons.math.MathException,166
Mon Sep 02 14:37:13 EDT 2019 org.apache.commons.math.MathException,172
Mon Sep 02 14:37:15 EDT 2019 Mon Sep 02 14:37:15 EDT 2019 : org.apache.commons.math.optimization.RealPointValuePair,61=>Find no block
Mon Sep 02 14:37:16 EDT 2019 org.apache.commons.math.optimization.RealPointValuePair,62
Mon Sep 02 14:38:05 EDT 2019 org.apache.commons.math.optimization.RealPointValuePair,63
Mon Sep 02 14:38:05 EDT 2019 Mon Sep 02 14:38:05 EDT 2019 : org.apache.commons.math.optimization.RealPointValuePair,64=>Find no block
Mon Sep 02 14:38:06 EDT 2019 org.apache.commons.math.optimization.RealPointValuePair,70
Mon Sep 02 14:39:03 EDT 2019 org.apache.commons.math.optimization.direct.DirectSearchOptimizer,278
Mon Sep 02 14:39:53 EDT 2019 org.apache.commons.math.optimization.direct.DirectSearchOptimizer,279
Mon Sep 02 14:39:53 EDT 2019 org.apache.commons.math.optimization.direct.DirectSearchOptimizer,280
Mon Sep 02 14:39:54 EDT 2019 org.apache.commons.math.optimization.direct.DirectSearchOptimizer,142
Mon Sep 02 15:09:27 EDT 2019 org.apache.commons.math.optimization.direct.DirectSearchOptimizer,143
Mon Sep 02 15:09:27 EDT 2019 org.apache.commons.math.optimization.direct.DirectSearchOptimizer,144
Mon Sep 02 15:09:28 EDT 2019 org.apache.commons.math.optimization.direct.DirectSearchOptimizer,145
Mon Sep 02 15:09:29 EDT 2019 org.apache.commons.math.optimization.direct.DirectSearchOptimizer,146
Mon Sep 02 15:09:29 EDT 2019 org.apache.commons.math.optimization.direct.DirectSearchOptimizer,147
Mon Sep 02 15:09:30 EDT 2019 org.apache.commons.math.optimization.direct.DirectSearchOptimizer,152
Mon Sep 02 15:09:31 EDT 2019 Mon Sep 02 15:09:31 EDT 2019 : org.apache.commons.math.optimization.direct.DirectSearchOptimizer,155=>Find no block
Mon Sep 02 15:09:33 EDT 2019 org.apache.commons.math.optimization.direct.DirectSearchOptimizer,291
Mon Sep 02 15:12:15 EDT 2019 org.apache.commons.math.optimization.direct.DirectSearchOptimizer,294
Mon Sep 02 15:23:50 EDT 2019 org.apache.commons.math.optimization.direct.DirectSearchOptimizer,306
Timeout time : 19/09/02 15:26
Current failed test : org.apache.commons.math.optimization.direct.MultiDirectionalTest::testMath283_purify_3 | 19/09/02 15:26
Mon Sep 02 15:26:52 EDT 2019 org.apache.commons.math.MaxIterationsExceededException,43
Mon Sep 02 15:26:55 EDT 2019 org.apache.commons.math.MaxIterationsExceededException,44
Mon Sep 02 15:26:55 EDT 2019 Mon Sep 02 15:26:55 EDT 2019 : org.apache.commons.math.MaxIterationsExceededException,45=>Find no block
Mon Sep 02 15:26:56 EDT 2019 org.apache.commons.math.ConvergenceException,45
Mon Sep 02 15:27:56 EDT 2019 Mon Sep 02 15:27:56 EDT 2019 : org.apache.commons.math.ConvergenceException,46=>Find no block
Mon Sep 02 15:27:56 EDT 2019 org.apache.commons.math.ConvergenceException,53
Mon Sep 02 15:27:59 EDT 2019 Mon Sep 02 15:27:59 EDT 2019 : org.apache.commons.math.ConvergenceException,54=>Find no block
Mon Sep 02 15:28:00 EDT 2019 org.apache.commons.math.MathException,166
Mon Sep 02 15:28:03 EDT 2019 org.apache.commons.math.MathException,172
Mon Sep 02 15:28:05 EDT 2019 Mon Sep 02 15:28:05 EDT 2019 : org.apache.commons.math.optimization.RealPointValuePair,61=>Find no block
Mon Sep 02 15:28:06 EDT 2019 org.apache.commons.math.optimization.RealPointValuePair,62
Mon Sep 02 15:29:02 EDT 2019 org.apache.commons.math.optimization.RealPointValuePair,63
Mon Sep 02 15:29:03 EDT 2019 Mon Sep 02 15:29:03 EDT 2019 : org.apache.commons.math.optimization.RealPointValuePair,64=>Find no block
Mon Sep 02 15:29:03 EDT 2019 org.apache.commons.math.optimization.RealPointValuePair,70
Mon Sep 02 15:30:04 EDT 2019 org.apache.commons.math.optimization.direct.DirectSearchOptimizer,278
Mon Sep 02 15:31:07 EDT 2019 org.apache.commons.math.optimization.direct.DirectSearchOptimizer,279
Mon Sep 02 15:31:07 EDT 2019 org.apache.commons.math.optimization.direct.DirectSearchOptimizer,280
Mon Sep 02 15:31:08 EDT 2019 org.apache.commons.math.optimization.direct.DirectSearchOptimizer,142
Mon Sep 02 16:02:21 EDT 2019 org.apache.commons.math.optimization.direct.DirectSearchOptimizer,143
Mon Sep 02 16:02:22 EDT 2019 org.apache.commons.math.optimization.direct.DirectSearchOptimizer,144
Mon Sep 02 16:02:22 EDT 2019 org.apache.commons.math.optimization.direct.DirectSearchOptimizer,145
Mon Sep 02 16:02:23 EDT 2019 org.apache.commons.math.optimization.direct.DirectSearchOptimizer,146
Mon Sep 02 16:02:24 EDT 2019 org.apache.commons.math.optimization.direct.DirectSearchOptimizer,147
Mon Sep 02 16:02:25 EDT 2019 org.apache.commons.math.optimization.direct.DirectSearchOptimizer,152
Mon Sep 02 16:02:26 EDT 2019 Mon Sep 02 16:02:26 EDT 2019 : org.apache.commons.math.optimization.direct.DirectSearchOptimizer,155=>Find no block
Mon Sep 02 16:02:27 EDT 2019 org.apache.commons.math.optimization.direct.DirectSearchOptimizer,291
Mon Sep 02 16:05:01 EDT 2019 org.apache.commons.math.optimization.direct.DirectSearchOptimizer,294
Mon Sep 02 16:15:59 EDT 2019 org.apache.commons.math.optimization.direct.DirectSearchOptimizer,306
Timeout time : 19/09/02 16:16
Current failed test : org.apache.commons.math.optimization.direct.MultiDirectionalTest::testMinimizeMaximize_purify_9 | 19/09/02 16:16
Mon Sep 02 16:17:25 EDT 2019 org.apache.commons.math.MaxIterationsExceededException,43
Mon Sep 02 16:17:28 EDT 2019 org.apache.commons.math.MaxIterationsExceededException,44
Mon Sep 02 16:17:28 EDT 2019 Mon Sep 02 16:17:28 EDT 2019 : org.apache.commons.math.MaxIterationsExceededException,45=>Find no block
Mon Sep 02 16:17:29 EDT 2019 org.apache.commons.math.ConvergenceException,45
Mon Sep 02 16:18:24 EDT 2019 Mon Sep 02 16:18:24 EDT 2019 : org.apache.commons.math.ConvergenceException,46=>Find no block
Mon Sep 02 16:18:25 EDT 2019 org.apache.commons.math.ConvergenceException,53
Mon Sep 02 16:18:27 EDT 2019 Mon Sep 02 16:18:27 EDT 2019 : org.apache.commons.math.ConvergenceException,54=>Find no block
Mon Sep 02 16:18:28 EDT 2019 org.apache.commons.math.MathException,166
Mon Sep 02 16:18:31 EDT 2019 org.apache.commons.math.MathException,172
Mon Sep 02 16:18:33 EDT 2019 Mon Sep 02 16:18:33 EDT 2019 : org.apache.commons.math.optimization.RealPointValuePair,61=>Find no block
Mon Sep 02 16:18:34 EDT 2019 org.apache.commons.math.optimization.RealPointValuePair,62
Mon Sep 02 16:19:21 EDT 2019 org.apache.commons.math.optimization.RealPointValuePair,63
Mon Sep 02 16:19:22 EDT 2019 Mon Sep 02 16:19:22 EDT 2019 : org.apache.commons.math.optimization.RealPointValuePair,64=>Find no block
Mon Sep 02 16:19:23 EDT 2019 org.apache.commons.math.optimization.RealPointValuePair,70
Mon Sep 02 16:20:19 EDT 2019 org.apache.commons.math.optimization.direct.DirectSearchOptimizer,278
Mon Sep 02 16:21:09 EDT 2019 org.apache.commons.math.optimization.direct.DirectSearchOptimizer,279
Mon Sep 02 16:21:09 EDT 2019 org.apache.commons.math.optimization.direct.DirectSearchOptimizer,280
Mon Sep 02 16:21:10 EDT 2019 org.apache.commons.math.optimization.direct.DirectSearchOptimizer,142

----------------------------------------
----------------------------------------
Pass Single Test : [=>0,0]
i++;
for(int j=0;j<i+1;++j){
if(steps[j]==0.0){
throw MathRuntimeException.createIllegalArgumentException("equals vertices {0} and {1} in simplex configuration",j,j+1);
}
System.arraycopy(steps,0,vertexI,0,j+1);
}

Time : 19/09/02 16:29
----------------------------------------

----------------------------------------
----------------------------------------
Pass Single Test : [=>0,0]
for(int i=0;i<n;++i){
i++;
 final double[] vertexI=startConfiguration[i];
for(int j=0;j<i+1;++j){
if(steps[j]==0.0){
throw MathRuntimeException.createIllegalArgumentException("equals vertices {0} and {1} in simplex configuration",j,j+1);
}
System.arraycopy(steps,0,vertexI,0,j+1);
}
}

Time : 19/09/02 16:37
----------------------------------------
Mon Sep 02 16:50:30 EDT 2019 org.apache.commons.math.optimization.direct.DirectSearchOptimizer,143
Mon Sep 02 16:50:31 EDT 2019 org.apache.commons.math.optimization.direct.DirectSearchOptimizer,144
Mon Sep 02 16:50:32 EDT 2019 org.apache.commons.math.optimization.direct.DirectSearchOptimizer,145
Mon Sep 02 16:50:32 EDT 2019 org.apache.commons.math.optimization.direct.DirectSearchOptimizer,146
Mon Sep 02 16:50:33 EDT 2019 org.apache.commons.math.optimization.direct.DirectSearchOptimizer,147
Mon Sep 02 16:50:34 EDT 2019 org.apache.commons.math.optimization.direct.DirectSearchOptimizer,152
Mon Sep 02 16:50:35 EDT 2019 Mon Sep 02 16:50:35 EDT 2019 : org.apache.commons.math.optimization.direct.DirectSearchOptimizer,155=>Find no block
Mon Sep 02 16:50:36 EDT 2019 org.apache.commons.math.optimization.direct.DirectSearchOptimizer,291
Mon Sep 02 16:53:10 EDT 2019 org.apache.commons.math.optimization.direct.DirectSearchOptimizer,294

----------------------------------------
----------------------------------------
Pass Single Test : [=>0,0]
for(int i=maxEvaluations;i<simplex.length;++i){
converged&=checker.converged(iterations,previous[i],simplex[i]);
}

Time : 19/09/02 16:56
----------------------------------------

----------------------------------------
----------------------------------------
Pass Single Test : [=>0,0]
for(int i=iterations;i<simplex.length;++i){
converged&=checker.converged(iterations,previous[i],simplex[i]);
}

Time : 19/09/02 16:57
----------------------------------------

----------------------------------------
----------------------------------------
Pass Single Test : [=>0,0]
for(int i=maxEvaluations;i<maxEvaluations;++i){
converged&=checker.converged(iterations,previous[i],simplex[i]);
}

Time : 19/09/02 16:57
----------------------------------------

----------------------------------------
----------------------------------------
Pass Single Test : [=>0,0]
for(int i=maxEvaluations;i<=simplex.length;++i){
converged&=checker.converged(iterations,previous[i],simplex[i]);
}

Time : 19/09/02 16:58
----------------------------------------
Mon Sep 02 17:05:58 EDT 2019 org.apache.commons.math.optimization.direct.DirectSearchOptimizer,306
Timeout time : 19/09/02 17:07
Current failed test : org.apache.commons.math.optimization.direct.MultiDirectionalTest::testMinimizeMaximize_purify_11 | 19/09/02 17:07
Mon Sep 02 17:07:57 EDT 2019 org.apache.commons.math.MaxIterationsExceededException,43
Mon Sep 02 17:07:59 EDT 2019 org.apache.commons.math.MaxIterationsExceededException,44
Mon Sep 02 17:08:00 EDT 2019 Mon Sep 02 17:08:00 EDT 2019 : org.apache.commons.math.MaxIterationsExceededException,45=>Find no block
Mon Sep 02 17:08:01 EDT 2019 org.apache.commons.math.ConvergenceException,45
Mon Sep 02 17:08:59 EDT 2019 Mon Sep 02 17:08:59 EDT 2019 : org.apache.commons.math.ConvergenceException,46=>Find no block
Mon Sep 02 17:09:00 EDT 2019 org.apache.commons.math.ConvergenceException,53
Mon Sep 02 17:09:02 EDT 2019 Mon Sep 02 17:09:02 EDT 2019 : org.apache.commons.math.ConvergenceException,54=>Find no block
Mon Sep 02 17:09:03 EDT 2019 org.apache.commons.math.MathException,166
Mon Sep 02 17:09:05 EDT 2019 org.apache.commons.math.MathException,172
Mon Sep 02 17:09:07 EDT 2019 Mon Sep 02 17:09:07 EDT 2019 : org.apache.commons.math.optimization.RealPointValuePair,61=>Find no block
Mon Sep 02 17:09:08 EDT 2019 org.apache.commons.math.optimization.RealPointValuePair,62
Mon Sep 02 17:09:59 EDT 2019 org.apache.commons.math.optimization.RealPointValuePair,63
Mon Sep 02 17:10:00 EDT 2019 Mon Sep 02 17:10:00 EDT 2019 : org.apache.commons.math.optimization.RealPointValuePair,64=>Find no block
Mon Sep 02 17:10:01 EDT 2019 org.apache.commons.math.optimization.RealPointValuePair,70
Mon Sep 02 17:11:01 EDT 2019 org.apache.commons.math.optimization.direct.DirectSearchOptimizer,278
Mon Sep 02 17:11:52 EDT 2019 org.apache.commons.math.optimization.direct.DirectSearchOptimizer,279
Mon Sep 02 17:11:53 EDT 2019 org.apache.commons.math.optimization.direct.DirectSearchOptimizer,280
Mon Sep 02 17:11:54 EDT 2019 org.apache.commons.math.optimization.direct.DirectSearchOptimizer,142
Mon Sep 02 17:41:55 EDT 2019 org.apache.commons.math.optimization.direct.DirectSearchOptimizer,143
Mon Sep 02 17:41:56 EDT 2019 org.apache.commons.math.optimization.direct.DirectSearchOptimizer,144
Mon Sep 02 17:41:56 EDT 2019 org.apache.commons.math.optimization.direct.DirectSearchOptimizer,145
Mon Sep 02 17:41:57 EDT 2019 org.apache.commons.math.optimization.direct.DirectSearchOptimizer,146
Mon Sep 02 17:41:58 EDT 2019 org.apache.commons.math.optimization.direct.DirectSearchOptimizer,147
Mon Sep 02 17:41:58 EDT 2019 org.apache.commons.math.optimization.direct.DirectSearchOptimizer,152
Mon Sep 02 17:41:59 EDT 2019 Mon Sep 02 17:41:59 EDT 2019 : org.apache.commons.math.optimization.direct.DirectSearchOptimizer,155=>Find no block
Mon Sep 02 17:42:00 EDT 2019 org.apache.commons.math.optimization.direct.DirectSearchOptimizer,291
Mon Sep 02 17:44:32 EDT 2019 org.apache.commons.math.optimization.direct.DirectSearchOptimizer,294
Mon Sep 02 17:55:44 EDT 2019 org.apache.commons.math.optimization.direct.DirectSearchOptimizer,306
Timeout time : 19/09/02 17:57
Current failed test : org.apache.commons.math.optimization.direct.MultiDirectionalTest::testMinimizeMaximize_purify_14 | 19/09/02 17:57
Mon Sep 02 17:58:28 EDT 2019 org.apache.commons.math.MaxIterationsExceededException,43
Mon Sep 02 17:58:30 EDT 2019 org.apache.commons.math.MaxIterationsExceededException,44
Mon Sep 02 17:58:31 EDT 2019 Mon Sep 02 17:58:31 EDT 2019 : org.apache.commons.math.MaxIterationsExceededException,45=>Find no block
Mon Sep 02 17:58:32 EDT 2019 org.apache.commons.math.ConvergenceException,45
Mon Sep 02 17:59:28 EDT 2019 Mon Sep 02 17:59:28 EDT 2019 : org.apache.commons.math.ConvergenceException,46=>Find no block
Mon Sep 02 17:59:29 EDT 2019 org.apache.commons.math.ConvergenceException,53
Mon Sep 02 17:59:31 EDT 2019 Mon Sep 02 17:59:31 EDT 2019 : org.apache.commons.math.ConvergenceException,54=>Find no block
Mon Sep 02 17:59:32 EDT 2019 org.apache.commons.math.MathException,166
Mon Sep 02 17:59:36 EDT 2019 org.apache.commons.math.MathException,172
Mon Sep 02 17:59:38 EDT 2019 Mon Sep 02 17:59:38 EDT 2019 : org.apache.commons.math.optimization.RealPointValuePair,61=>Find no block
Mon Sep 02 17:59:39 EDT 2019 org.apache.commons.math.optimization.RealPointValuePair,62
Mon Sep 02 18:00:31 EDT 2019 org.apache.commons.math.optimization.RealPointValuePair,63
Mon Sep 02 18:00:31 EDT 2019 Mon Sep 02 18:00:31 EDT 2019 : org.apache.commons.math.optimization.RealPointValuePair,64=>Find no block
Mon Sep 02 18:00:32 EDT 2019 org.apache.commons.math.optimization.RealPointValuePair,70
Mon Sep 02 18:01:31 EDT 2019 org.apache.commons.math.optimization.direct.DirectSearchOptimizer,278
Mon Sep 02 18:02:21 EDT 2019 org.apache.commons.math.optimization.direct.DirectSearchOptimizer,279
Mon Sep 02 18:02:22 EDT 2019 org.apache.commons.math.optimization.direct.DirectSearchOptimizer,280
Mon Sep 02 18:02:22 EDT 2019 org.apache.commons.math.optimization.direct.DirectSearchOptimizer,142

----------------------------------------
----------------------------------------
Pass Single Test : [=>0,0]
i++;
for(int j=0;j<i+1;++j){
if(steps[j]==0.0){
throw MathRuntimeException.createIllegalArgumentException("equals vertices {0} and {1} in simplex configuration",j,j+1);
}
System.arraycopy(steps,0,vertexI,0,j+1);
}

Time : 19/09/02 18:10
----------------------------------------

----------------------------------------
----------------------------------------
Pass Single Test : [=>0,0]
for(int i=0;i<n;++i){
i++;
 final double[] vertexI=startConfiguration[i];
for(int j=0;j<i+1;++j){
if(steps[j]==0.0){
throw MathRuntimeException.createIllegalArgumentException("equals vertices {0} and {1} in simplex configuration",j,j+1);
}
System.arraycopy(steps,0,vertexI,0,j+1);
}
}

Time : 19/09/02 18:18
----------------------------------------
Mon Sep 02 18:31:55 EDT 2019 org.apache.commons.math.optimization.direct.DirectSearchOptimizer,143
Mon Sep 02 18:31:55 EDT 2019 org.apache.commons.math.optimization.direct.DirectSearchOptimizer,144
Mon Sep 02 18:31:56 EDT 2019 org.apache.commons.math.optimization.direct.DirectSearchOptimizer,145
Mon Sep 02 18:31:57 EDT 2019 org.apache.commons.math.optimization.direct.DirectSearchOptimizer,146
Mon Sep 02 18:31:57 EDT 2019 org.apache.commons.math.optimization.direct.DirectSearchOptimizer,147
Mon Sep 02 18:31:58 EDT 2019 org.apache.commons.math.optimization.direct.DirectSearchOptimizer,152
Mon Sep 02 18:31:59 EDT 2019 Mon Sep 02 18:31:59 EDT 2019 : org.apache.commons.math.optimization.direct.DirectSearchOptimizer,155=>Find no block
Mon Sep 02 18:32:00 EDT 2019 org.apache.commons.math.optimization.direct.DirectSearchOptimizer,291
Mon Sep 02 18:34:30 EDT 2019 org.apache.commons.math.optimization.direct.DirectSearchOptimizer,294

----------------------------------------
----------------------------------------
Pass Single Test : [=>0,0]
for(int i=maxEvaluations;i<simplex.length;++i){
converged&=checker.converged(iterations,previous[i],simplex[i]);
}

Time : 19/09/02 18:37
----------------------------------------

----------------------------------------
----------------------------------------
Pass Single Test : [=>0,0]
for(int i=iterations;i<simplex.length;++i){
converged&=checker.converged(iterations,previous[i],simplex[i]);
}

Time : 19/09/02 18:38
----------------------------------------

----------------------------------------
----------------------------------------
Pass Single Test : [=>0,0]
for(int i=maxEvaluations;i<maxEvaluations;++i){
converged&=checker.converged(iterations,previous[i],simplex[i]);
}

Time : 19/09/02 18:39
----------------------------------------

----------------------------------------
----------------------------------------
Pass Single Test : [=>0,0]
for(int i=maxEvaluations;i<=simplex.length;++i){
converged&=checker.converged(iterations,previous[i],simplex[i]);
}

Time : 19/09/02 18:39
----------------------------------------
Mon Sep 02 18:46:52 EDT 2019 org.apache.commons.math.optimization.direct.DirectSearchOptimizer,306
Timeout time : 19/09/02 18:48
