=================================================
Project : math_85	start : 19/09/02 13:43
Current failed test : org.apache.commons.math.distribution.NormalDistributionTest::testMath280 | 19/09/02 13:43
Mon Sep 02 13:44:07 EDT 2019 org.apache.commons.math.MathException,119
Mon Sep 02 13:44:13 EDT 2019 org.apache.commons.math.MathException,120
Mon Sep 02 13:44:14 EDT 2019 org.apache.commons.math.MathException,121
Mon Sep 02 13:44:15 EDT 2019 Mon Sep 02 13:44:15 EDT 2019 : org.apache.commons.math.MathException,122=>Find no block
Mon Sep 02 13:44:16 EDT 2019 org.apache.commons.math.MathException,166
Mon Sep 02 13:44:19 EDT 2019 org.apache.commons.math.MathException,172
Mon Sep 02 13:44:22 EDT 2019 Mon Sep 02 13:44:22 EDT 2019 : org.apache.commons.math.distribution.AbstractContinuousDistribution,88=>Find no block
Mon Sep 02 13:44:24 EDT 2019 org.apache.commons.math.distribution.AbstractContinuousDistribution,97
Mon Sep 02 13:46:19 EDT 2019 org.apache.commons.math.distribution.AbstractContinuousDistribution,100
Mon Sep 02 13:48:09 EDT 2019 org.apache.commons.math.distribution.AbstractContinuousDistribution,104
Mon Sep 02 13:53:04 EDT 2019 org.apache.commons.math.analysis.solvers.UnivariateRealSolverUtils,199

----------------------------------------
----------------------------------------
Pass Single Test : [=>0,0]
if(fa*initial>=0.0){
throw new ConvergenceException("number of iterations={0}, maximum iterations={1}, "+"initial={2}, lower bound={3}, upper bound={4}, final a value={5}, ",numIterations,maximumIterations,initial,lowerBound,upperBound,a,b,fa,fb);
}

Time : 19/09/02 13:53
----------------------------------------

----------------------------------------
----------------------------------------
Pass Single Test : [=>0,0]
if(fa*upperBound>=0.0){
throw new ConvergenceException("number of iterations={0}, maximum iterations={1}, "+"initial={2}, lower bound={3}, upper bound={4}, final a value={5}, ",numIterations,maximumIterations,initial,lowerBound,upperBound,a,b,fa,fb);
}

Time : 19/09/02 13:54
----------------------------------------

----------------------------------------
----------------------------------------
Similar code block : 1.3673989900565082 : [/home/mmotwani/mywork1dir/Defects4Java7/defects4j/SIMFIX_RQ1/math/math_85_buggy/src/java/org/apache/commons/math/analysis/solvers/UnivariateRealSolverUtils.java=>0,0]
if(initial<lowerBound||initial>upperBound||lowerBound>=upperBound){
throw MathRuntimeException.createIllegalArgumentException("invalid bracketing parameters:  lower bound={0},  initial={1}, upper bound={2}",lowerBound,initial,upperBound);
}
double a=initial;
double b=initial;

Time : 19/09/02 13:54
----------------------------------------

----------------------------------------
----------------------------------------
Original source code : [/home/mmotwani/mywork1dir/Defects4Java7/defects4j/SIMFIX_RQ1/math/math_85_buggy/src/java/org/apache/commons/math/analysis/solvers/UnivariateRealSolverUtils.java=>198,205]
if(fa*fb>=0.0){
throw new ConvergenceException("number of iterations={0}, maximum iterations={1}, "+"initial={2}, lower bound={3}, upper bound={4}, final a value={5}, ",numIterations,maximumIterations,initial,lowerBound,upperBound,a,b,fa,fb);
}

Time : 19/09/02 13:54
----------------------------------------

----------------------------------------
----------------------------------------
Find a patch : [/home/mmotwani/mywork1dir/Defects4Java7/defects4j/SIMFIX_RQ1/math/math_85_buggy/src/java/org/apache/commons/math/analysis/solvers/UnivariateRealSolverUtils.java=>198,205]
if(fa*upperBound>=0.0){
throw new ConvergenceException("number of iterations={0}, maximum iterations={1}, "+"initial={2}, lower bound={3}, upper bound={4}, final a value={5}, ",numIterations,maximumIterations,initial,lowerBound,upperBound,a,b,fa,fb);
}

Time : 19/09/02 13:54
----------------------------------------
Success time : 19/09/02 13:54
