=================================================
Project : math_86	start : 19/09/02 13:43
Current failed test : org.apache.commons.math.linear.CholeskyDecompositionImplTest::testMath274 | 19/09/02 13:43
Mon Sep 02 13:44:24 EDT 2019 org.apache.commons.math.linear.AbstractRealMatrix,991
Mon Sep 02 13:46:28 EDT 2019 org.apache.commons.math.linear.AbstractRealMatrix,992
Mon Sep 02 13:46:30 EDT 2019 org.apache.commons.math.linear.AbstractRealMatrix,993
Mon Sep 02 13:47:45 EDT 2019 org.apache.commons.math.linear.AbstractRealMatrix,994
Mon Sep 02 13:47:57 EDT 2019 org.apache.commons.math.linear.AbstractRealMatrix,995
Mon Sep 02 13:50:25 EDT 2019 org.apache.commons.math.linear.AbstractRealMatrix,996
Mon Sep 02 13:50:26 EDT 2019 org.apache.commons.math.linear.AbstractRealMatrix,998
Mon Sep 02 14:12:36 EDT 2019 org.apache.commons.math.linear.AbstractRealMatrix,999
Mon Sep 02 14:12:36 EDT 2019 org.apache.commons.math.linear.AbstractRealMatrix,1000
Mon Sep 02 14:12:37 EDT 2019 org.apache.commons.math.linear.AbstractRealMatrix,1002
Mon Sep 02 14:12:38 EDT 2019 org.apache.commons.math.linear.AbstractRealMatrix,1003
Mon Sep 02 14:12:38 EDT 2019 org.apache.commons.math.linear.AbstractRealMatrix,1004
Mon Sep 02 14:12:39 EDT 2019 org.apache.commons.math.linear.AbstractRealMatrix,1005
Mon Sep 02 14:12:40 EDT 2019 org.apache.commons.math.linear.AbstractRealMatrix,1007
Mon Sep 02 14:12:41 EDT 2019 org.apache.commons.math.linear.AbstractRealMatrix,1009
Mon Sep 02 14:12:41 EDT 2019 org.apache.commons.math.linear.AbstractRealMatrix,1012
Mon Sep 02 14:29:16 EDT 2019 org.apache.commons.math.linear.AbstractRealMatrix,1013
Mon Sep 02 14:50:05 EDT 2019 org.apache.commons.math.linear.MatrixUtils,627
Mon Sep 02 14:51:45 EDT 2019 Mon Sep 02 14:51:45 EDT 2019 : org.apache.commons.math.linear.MatrixUtils,633=>Find no block
Mon Sep 02 14:51:46 EDT 2019 org.apache.commons.math.linear.DenseRealMatrix,492
Mon Sep 02 14:51:48 EDT 2019 org.apache.commons.math.linear.DenseRealMatrix,555
Mon Sep 02 14:53:54 EDT 2019 org.apache.commons.math.linear.DenseRealMatrix,557
Mon Sep 02 14:53:54 EDT 2019 org.apache.commons.math.linear.DenseRealMatrix,560
Mon Sep 02 14:53:55 EDT 2019 org.apache.commons.math.linear.DenseRealMatrix,561
Timeout time : 19/09/02 16:14
Current failed test : org.apache.commons.math.linear.CholeskyDecompositionImplTest::testNotPositiveDefinite | 19/09/02 16:14
Mon Sep 02 16:14:55 EDT 2019 org.apache.commons.math.linear.AbstractRealMatrix,991
Mon Sep 02 16:16:43 EDT 2019 org.apache.commons.math.linear.AbstractRealMatrix,992
Mon Sep 02 16:16:43 EDT 2019 org.apache.commons.math.linear.AbstractRealMatrix,993
Mon Sep 02 16:17:51 EDT 2019 org.apache.commons.math.linear.AbstractRealMatrix,994
Mon Sep 02 16:18:01 EDT 2019 org.apache.commons.math.linear.AbstractRealMatrix,995
Mon Sep 02 16:20:22 EDT 2019 org.apache.commons.math.linear.AbstractRealMatrix,996
Mon Sep 02 16:20:22 EDT 2019 org.apache.commons.math.linear.AbstractRealMatrix,998
Mon Sep 02 16:40:56 EDT 2019 org.apache.commons.math.linear.AbstractRealMatrix,999
Mon Sep 02 16:40:56 EDT 2019 org.apache.commons.math.linear.AbstractRealMatrix,1000
Mon Sep 02 16:40:57 EDT 2019 org.apache.commons.math.linear.AbstractRealMatrix,1002
Mon Sep 02 16:40:58 EDT 2019 org.apache.commons.math.linear.AbstractRealMatrix,1003
Mon Sep 02 16:40:58 EDT 2019 org.apache.commons.math.linear.AbstractRealMatrix,1004
Mon Sep 02 16:40:59 EDT 2019 org.apache.commons.math.linear.AbstractRealMatrix,1005
Mon Sep 02 16:41:00 EDT 2019 org.apache.commons.math.linear.AbstractRealMatrix,1007
Mon Sep 02 16:41:00 EDT 2019 org.apache.commons.math.linear.AbstractRealMatrix,1009
Mon Sep 02 16:41:01 EDT 2019 org.apache.commons.math.linear.AbstractRealMatrix,1012
Mon Sep 02 16:57:15 EDT 2019 org.apache.commons.math.linear.AbstractRealMatrix,1013
Mon Sep 02 17:18:34 EDT 2019 org.apache.commons.math.linear.MatrixUtils,627
Mon Sep 02 17:20:16 EDT 2019 Mon Sep 02 17:20:16 EDT 2019 : org.apache.commons.math.linear.MatrixUtils,633=>Find no block
Mon Sep 02 17:20:17 EDT 2019 org.apache.commons.math.linear.DenseRealMatrix,492
Mon Sep 02 17:20:20 EDT 2019 org.apache.commons.math.linear.DenseRealMatrix,555
Mon Sep 02 17:22:29 EDT 2019 org.apache.commons.math.linear.DenseRealMatrix,557
Mon Sep 02 17:22:30 EDT 2019 org.apache.commons.math.linear.DenseRealMatrix,560
Mon Sep 02 17:22:30 EDT 2019 org.apache.commons.math.linear.DenseRealMatrix,561
Timeout time : 19/09/02 18:44
