=================================================
Project : math_87	start : 19/09/02 13:43
Current failed test : org.apache.commons.math.optimization.linear.SimplexSolverTest::testSingleVariableAndConstraint | 19/09/02 13:43
Mon Sep 02 13:44:04 EDT 2019 org.apache.commons.math.optimization.linear.SimplexTableau,291
Mon Sep 02 13:44:09 EDT 2019 org.apache.commons.math.optimization.linear.SimplexSolver,168
Mon Sep 02 13:44:14 EDT 2019 org.apache.commons.math.optimization.linear.SimplexSolver,151
Mon Sep 02 13:45:50 EDT 2019 org.apache.commons.math.optimization.linear.SimplexSolver,190
Mon Sep 02 13:45:53 EDT 2019 org.apache.commons.math.optimization.RealPointValuePair,70
Mon Sep 02 13:46:47 EDT 2019 org.apache.commons.math.linear.RealVectorImpl,884
Mon Sep 02 13:59:33 EDT 2019 org.apache.commons.math.linear.RealVectorImpl,885
Mon Sep 02 13:59:34 EDT 2019 org.apache.commons.math.linear.RealVectorImpl,886
Mon Sep 02 13:59:34 EDT 2019 org.apache.commons.math.linear.RealVectorImpl,887
Mon Sep 02 13:59:35 EDT 2019 org.apache.commons.math.linear.RealVectorImpl,889
Mon Sep 02 13:59:36 EDT 2019 org.apache.commons.math.linear.RealVectorImpl,1287
Mon Sep 02 14:17:11 EDT 2019 Mon Sep 02 14:17:11 EDT 2019 : org.apache.commons.math.linear.RealVectorImpl,1292=>Find no block
Mon Sep 02 14:17:12 EDT 2019 org.apache.commons.math.optimization.linear.SimplexTableau,325
Mon Sep 02 14:17:51 EDT 2019 org.apache.commons.math.optimization.linear.SimplexTableau,326
Mon Sep 02 14:17:52 EDT 2019 org.apache.commons.math.optimization.linear.SimplexTableau,328
Mon Sep 02 14:17:54 EDT 2019 org.apache.commons.math.optimization.linear.SimplexTableau,329

----------------------------------------
----------------------------------------
Pass Single Test : [=>0,0]
mostNegative=mostNegative-mostNegative;
for(int i=0;i<coefficients.length;i++){
basicRow=getBasicRow(getNumObjectiveFunctions()+i);
if(basicRows.contains(basicRow)){
coefficients[i]=0;
}else {
basicRows.add(basicRow);
coefficients[i]=(basicRow==null?0:getEntry(basicRow,getRhsOffset()))-(restrictToNonNegative?0:mostNegative);
}
}

Time : 19/09/02 14:23
----------------------------------------

----------------------------------------
----------------------------------------
Pass Single Test : [=>0,0]
mostNegative=mostNegative;
mostNegative=mostNegative-mostNegative;
for(int i=0;i<coefficients.length;i++){
basicRow=getBasicRow(getNumObjectiveFunctions()+i);
if(basicRows.contains(basicRow)){
coefficients[i]=0;
}else {
basicRows.add(basicRow);
coefficients[i]=(basicRow==null?0:getEntry(basicRow,getRhsOffset()))-(restrictToNonNegative?0:mostNegative);
}
}

Time : 19/09/02 14:23
----------------------------------------

----------------------------------------
----------------------------------------
Pass Single Test : [=>0,0]
mostNegative=coefficients[0];
for(int i=0;i<coefficients.length;i++){
basicRow=getBasicRow(getNumObjectiveFunctions()+i);
if(basicRows.contains(basicRow)){
coefficients[i]=0;
}else {
basicRows.add(basicRow);
coefficients[i]=(basicRow==null?0:getEntry(basicRow,getRhsOffset()))-(restrictToNonNegative?0:mostNegative);
}
}

Time : 19/09/02 14:27
----------------------------------------
Mon Sep 02 14:37:41 EDT 2019 org.apache.commons.math.optimization.linear.SimplexTableau,330
Mon Sep 02 14:37:42 EDT 2019 org.apache.commons.math.optimization.linear.SimplexTableau,331
Mon Sep 02 14:37:43 EDT 2019 org.apache.commons.math.optimization.linear.SimplexTableau,332
Mon Sep 02 14:37:43 EDT 2019 org.apache.commons.math.optimization.linear.SimplexTableau,337
Mon Sep 02 14:37:44 EDT 2019 org.apache.commons.math.optimization.linear.SimplexTableau,338
Mon Sep 02 14:37:45 EDT 2019 org.apache.commons.math.optimization.linear.SimplexTableau,343

----------------------------------------
----------------------------------------
Pass Single Test : [=>0,0]
mostNegative=mostNegative-mostNegative;
for(int i=0;i<coefficients.length;i++){
basicRow=getBasicRow(getNumObjectiveFunctions()+i);
if(basicRows.contains(basicRow)){
coefficients[i]=0;
}else {
basicRows.add(basicRow);
coefficients[i]=(basicRow==null?0:getEntry(basicRow,getRhsOffset()))-(restrictToNonNegative?0:mostNegative);
}
}
return new RealPointValuePair(coefficients,f.getValue(coefficients));

Time : 19/09/02 14:43
----------------------------------------

----------------------------------------
----------------------------------------
Pass Single Test : [=>0,0]
mostNegative=mostNegative;
mostNegative=mostNegative-mostNegative;
for(int i=0;i<coefficients.length;i++){
basicRow=getBasicRow(getNumObjectiveFunctions()+i);
if(basicRows.contains(basicRow)){
coefficients[i]=0;
}else {
basicRows.add(basicRow);
coefficients[i]=(basicRow==null?0:getEntry(basicRow,getRhsOffset()))-(restrictToNonNegative?0:mostNegative);
}
}
return new RealPointValuePair(coefficients,f.getValue(coefficients));

Time : 19/09/02 14:44
----------------------------------------
Mon Sep 02 14:47:14 EDT 2019 org.apache.commons.math.optimization.linear.SimplexTableau,458
Mon Sep 02 14:47:16 EDT 2019 Mon Sep 02 14:47:16 EDT 2019 : org.apache.commons.math.optimization.RealPointValuePair,48=>Find no block
Mon Sep 02 14:47:16 EDT 2019 org.apache.commons.math.optimization.RealPointValuePair,49
Mon Sep 02 14:49:31 EDT 2019 org.apache.commons.math.optimization.RealPointValuePair,50
Mon Sep 02 14:49:32 EDT 2019 Mon Sep 02 14:49:32 EDT 2019 : org.apache.commons.math.optimization.RealPointValuePair,51=>Find no block
Mon Sep 02 14:49:32 EDT 2019 org.apache.commons.math.optimization.linear.LinearObjectiveFunction,92
Mon Sep 02 14:50:10 EDT 2019 org.apache.commons.math.optimization.linear.SimplexSolver,154
Mon Sep 02 14:52:19 EDT 2019 org.apache.commons.math.optimization.linear.SimplexSolver,192
Mon Sep 02 14:52:35 EDT 2019 org.apache.commons.math.optimization.linear.SimplexSolver,146
Mon Sep 02 14:52:35 EDT 2019 org.apache.commons.math.optimization.linear.SimplexSolver,149
Mon Sep 02 14:52:36 EDT 2019 org.apache.commons.math.optimization.linear.SimplexSolver,150
Mon Sep 02 14:52:36 EDT 2019 org.apache.commons.math.optimization.linear.SimplexSolver,188
Mon Sep 02 14:52:37 EDT 2019 org.apache.commons.math.optimization.linear.SimplexSolver,189
Mon Sep 02 14:52:37 EDT 2019 org.apache.commons.math.util.MathUtils,367
Mon Sep 02 14:54:07 EDT 2019 org.apache.commons.math.util.MathUtils,368
Mon Sep 02 14:54:07 EDT 2019 org.apache.commons.math.util.MathUtils,369
Mon Sep 02 14:54:08 EDT 2019 org.apache.commons.math.util.MathUtils,370
Mon Sep 02 14:54:09 EDT 2019 org.apache.commons.math.util.MathUtils,372
Mon Sep 02 14:54:43 EDT 2019 org.apache.commons.math.optimization.linear.SimplexTableau,145
Mon Sep 02 14:54:45 EDT 2019 org.apache.commons.math.optimization.linear.SimplexTableau,161
Mon Sep 02 14:54:48 EDT 2019 org.apache.commons.math.optimization.linear.SimplexTableau,170
Mon Sep 02 14:56:17 EDT 2019 org.apache.commons.math.optimization.linear.SimplexTableau,260
Mon Sep 02 14:57:21 EDT 2019 org.apache.commons.math.optimization.linear.SimplexTableau,261

----------------------------------------
----------------------------------------
Pass Single Test : [=>0,0]
for(double coefficient : coefficients.getData()){
sum-=sum;
}

Time : 19/09/02 14:58
----------------------------------------
Mon Sep 02 14:59:28 EDT 2019 org.apache.commons.math.optimization.linear.SimplexTableau,262
Mon Sep 02 14:59:28 EDT 2019 org.apache.commons.math.optimization.linear.SimplexTableau,264
Mon Sep 02 14:59:29 EDT 2019 org.apache.commons.math.optimization.linear.SimplexTableau,290
Mon Sep 02 14:59:29 EDT 2019 org.apache.commons.math.optimization.linear.SimplexTableau,356
Mon Sep 02 15:06:03 EDT 2019 org.apache.commons.math.optimization.linear.SimplexTableau,357
Mon Sep 02 15:06:04 EDT 2019 Mon Sep 02 15:06:04 EDT 2019 : org.apache.commons.math.optimization.linear.SimplexTableau,359=>Find no block
Mon Sep 02 15:06:05 EDT 2019 org.apache.commons.math.optimization.linear.SimplexTableau,474
Mon Sep 02 15:06:41 EDT 2019 org.apache.commons.math.optimization.linear.SimplexSolver,42
Mon Sep 02 15:06:43 EDT 2019 Mon Sep 02 15:06:43 EDT 2019 : org.apache.commons.math.optimization.linear.SimplexSolver,43=>Find no block
Mon Sep 02 15:06:44 EDT 2019 Mon Sep 02 15:06:44 EDT 2019 : org.apache.commons.math.optimization.linear.SimplexSolver,49=>Find no block
Mon Sep 02 15:06:44 EDT 2019 org.apache.commons.math.optimization.linear.SimplexSolver,50
Mon Sep 02 15:07:05 EDT 2019 Mon Sep 02 15:07:05 EDT 2019 : org.apache.commons.math.optimization.linear.SimplexSolver,51=>Find no block
Mon Sep 02 15:07:05 EDT 2019 org.apache.commons.math.optimization.linear.SimplexSolver,59
Mon Sep 02 15:12:16 EDT 2019 org.apache.commons.math.optimization.linear.SimplexSolver,60
Mon Sep 02 15:12:16 EDT 2019 org.apache.commons.math.optimization.linear.SimplexSolver,61
Mon Sep 02 15:12:17 EDT 2019 org.apache.commons.math.optimization.linear.SimplexSolver,62
Mon Sep 02 15:12:18 EDT 2019 org.apache.commons.math.optimization.linear.SimplexSolver,63
Mon Sep 02 15:12:18 EDT 2019 org.apache.commons.math.optimization.linear.SimplexSolver,64
Mon Sep 02 15:12:19 EDT 2019 org.apache.commons.math.optimization.linear.SimplexSolver,67
Mon Sep 02 15:12:20 EDT 2019 org.apache.commons.math.optimization.linear.SimplexSolver,77
Mon Sep 02 15:22:28 EDT 2019 org.apache.commons.math.optimization.linear.SimplexSolver,78
Mon Sep 02 15:22:29 EDT 2019 org.apache.commons.math.optimization.linear.SimplexSolver,79
Mon Sep 02 15:22:30 EDT 2019 org.apache.commons.math.optimization.linear.SimplexSolver,80
Mon Sep 02 15:22:30 EDT 2019 org.apache.commons.math.optimization.linear.SimplexSolver,81
Mon Sep 02 15:22:31 EDT 2019 org.apache.commons.math.optimization.linear.SimplexSolver,82
Mon Sep 02 15:22:31 EDT 2019 org.apache.commons.math.optimization.linear.SimplexSolver,83
Mon Sep 02 15:22:32 EDT 2019 org.apache.commons.math.optimization.linear.SimplexSolver,84
Mon Sep 02 15:22:33 EDT 2019 org.apache.commons.math.optimization.linear.SimplexSolver,85
Mon Sep 02 15:22:33 EDT 2019 org.apache.commons.math.optimization.linear.SimplexSolver,89
Mon Sep 02 15:25:26 EDT 2019 org.apache.commons.math.optimization.linear.SimplexSolver,102
Mon Sep 02 15:26:08 EDT 2019 org.apache.commons.math.optimization.linear.SimplexSolver,104
Mon Sep 02 15:26:16 EDT 2019 org.apache.commons.math.optimization.linear.SimplexSolver,105
Mon Sep 02 15:26:56 EDT 2019 org.apache.commons.math.optimization.linear.SimplexSolver,106
Mon Sep 02 15:26:58 EDT 2019 org.apache.commons.math.optimization.linear.SimplexSolver,111
Mon Sep 02 15:27:38 EDT 2019 org.apache.commons.math.optimization.linear.SimplexSolver,112
Mon Sep 02 15:30:47 EDT 2019 org.apache.commons.math.optimization.linear.SimplexSolver,115
Mon Sep 02 15:30:48 EDT 2019 org.apache.commons.math.optimization.linear.SimplexSolver,116
Mon Sep 02 15:30:48 EDT 2019 org.apache.commons.math.optimization.linear.SimplexSolver,117
Mon Sep 02 15:30:49 EDT 2019 org.apache.commons.math.optimization.linear.SimplexSolver,118
Mon Sep 02 15:30:50 EDT 2019 Mon Sep 02 15:30:50 EDT 2019 : org.apache.commons.math.optimization.linear.SimplexSolver,121=>Find no block
Mon Sep 02 15:30:50 EDT 2019 org.apache.commons.math.optimization.linear.SimplexSolver,167
Mon Sep 02 15:30:51 EDT 2019 org.apache.commons.math.optimization.linear.SimplexSolver,185
Mon Sep 02 15:30:52 EDT 2019 org.apache.commons.math.optimization.linear.SimplexSolver,187
Mon Sep 02 15:30:52 EDT 2019 Mon Sep 02 15:30:52 EDT 2019 : org.apache.commons.math.optimization.linear.AbstractLinearOptimizer,61=>Find no block
Mon Sep 02 15:30:53 EDT 2019 org.apache.commons.math.optimization.linear.AbstractLinearOptimizer,62
Mon Sep 02 15:31:19 EDT 2019 Mon Sep 02 15:31:19 EDT 2019 : org.apache.commons.math.optimization.linear.AbstractLinearOptimizer,63=>Find no block
Mon Sep 02 15:31:20 EDT 2019 org.apache.commons.math.optimization.linear.AbstractLinearOptimizer,67
Mon Sep 02 15:31:41 EDT 2019 Mon Sep 02 15:31:41 EDT 2019 : org.apache.commons.math.optimization.linear.AbstractLinearOptimizer,68=>Find no block
Mon Sep 02 15:31:41 EDT 2019 org.apache.commons.math.optimization.linear.AbstractLinearOptimizer,86
Mon Sep 02 15:33:04 EDT 2019 Mon Sep 02 15:33:04 EDT 2019 : org.apache.commons.math.optimization.linear.AbstractLinearOptimizer,91=>Find no block
Mon Sep 02 15:33:05 EDT 2019 org.apache.commons.math.optimization.linear.AbstractLinearOptimizer,100
Mon Sep 02 15:33:29 EDT 2019 org.apache.commons.math.optimization.linear.AbstractLinearOptimizer,101
Mon Sep 02 15:33:30 EDT 2019 org.apache.commons.math.optimization.linear.AbstractLinearOptimizer,102
Mon Sep 02 15:33:30 EDT 2019 org.apache.commons.math.optimization.linear.AbstractLinearOptimizer,103
Mon Sep 02 15:33:31 EDT 2019 org.apache.commons.math.optimization.linear.AbstractLinearOptimizer,105
Mon Sep 02 15:33:31 EDT 2019 org.apache.commons.math.optimization.linear.AbstractLinearOptimizer,108
Mon Sep 02 15:33:32 EDT 2019 org.apache.commons.math.linear.RealVectorImpl,338
Mon Sep 02 15:43:37 EDT 2019 org.apache.commons.math.linear.RealVectorImpl,339
Mon Sep 02 15:53:41 EDT 2019 org.apache.commons.math.linear.RealVectorImpl,340
Mon Sep 02 15:53:46 EDT 2019 org.apache.commons.math.linear.RealVectorImpl,342
Mon Sep 02 15:53:49 EDT 2019 org.apache.commons.math.optimization.linear.SimplexTableau,435
Mon Sep 02 15:53:58 EDT 2019 Mon Sep 02 15:53:58 EDT 2019 : org.apache.commons.math.util.MathUtils,30=>Find no block
Mon Sep 02 15:53:59 EDT 2019 Mon Sep 02 15:53:59 EDT 2019 : org.apache.commons.math.util.MathUtils,473=>Find no block
Mon Sep 02 15:54:00 EDT 2019 org.apache.commons.math.util.MathUtils,395
Mon Sep 02 15:54:49 EDT 2019 org.apache.commons.math.util.MathUtils,411
Mon Sep 02 15:57:34 EDT 2019 org.apache.commons.math.linear.RealMatrixImpl,354
Mon Sep 02 15:57:44 EDT 2019 org.apache.commons.math.linear.RealMatrixImpl,367
Mon Sep 02 15:57:51 EDT 2019 Mon Sep 02 15:57:51 EDT 2019 : org.apache.commons.math.linear.RealMatrixImpl,372=>Find no block
Mon Sep 02 15:57:56 EDT 2019 Mon Sep 02 15:57:56 EDT 2019 : org.apache.commons.math.linear.RealMatrixImpl,373=>Find no block
Mon Sep 02 15:58:03 EDT 2019 org.apache.commons.math.optimization.linear.SimplexTableau,273
Mon Sep 02 16:02:20 EDT 2019 org.apache.commons.math.optimization.linear.SimplexTableau,274
Mon Sep 02 16:02:21 EDT 2019 org.apache.commons.math.optimization.linear.SimplexTableau,275
Mon Sep 02 16:02:22 EDT 2019 org.apache.commons.math.optimization.linear.SimplexTableau,276
Mon Sep 02 16:02:22 EDT 2019 org.apache.commons.math.optimization.linear.SimplexTableau,277
Mon Sep 02 16:02:23 EDT 2019 org.apache.commons.math.optimization.linear.SimplexTableau,283
Mon Sep 02 16:02:24 EDT 2019 org.apache.commons.math.optimization.linear.SimplexTableau,373
Mon Sep 02 16:08:49 EDT 2019 org.apache.commons.math.optimization.linear.SimplexTableau,374
Mon Sep 02 16:08:49 EDT 2019 Mon Sep 02 16:08:49 EDT 2019 : org.apache.commons.math.optimization.linear.SimplexTableau,377=>Find no block
Mon Sep 02 16:08:50 EDT 2019 org.apache.commons.math.optimization.linear.SimplexTableau,384
Mon Sep 02 16:09:24 EDT 2019 org.apache.commons.math.optimization.linear.SimplexTableau,392
Mon Sep 02 16:09:56 EDT 2019 org.apache.commons.math.optimization.linear.SimplexTableau,401
Mon Sep 02 16:10:45 EDT 2019 org.apache.commons.math.optimization.linear.SimplexTableau,419

----------------------------------------
----------------------------------------
Pass Single Test : [=>0,0]
return restrictToNonNegative?numDecisionVariables:numDecisionVariables-1;

Time : 19/09/02 16:11
----------------------------------------
Mon Sep 02 16:11:34 EDT 2019 org.apache.commons.math.optimization.linear.LinearConstraint,81
Mon Sep 02 16:11:36 EDT 2019 Mon Sep 02 16:11:36 EDT 2019 : org.apache.commons.math.optimization.linear.LinearConstraint,82=>Find no block
Mon Sep 02 16:11:37 EDT 2019 Mon Sep 02 16:11:37 EDT 2019 : org.apache.commons.math.util.CompositeFormat,31=>Find no block
Mon Sep 02 16:11:38 EDT 2019 org.apache.commons.math.util.CompositeFormat,54
Mon Sep 02 16:12:03 EDT 2019 org.apache.commons.math.util.CompositeFormat,55
Mon Sep 02 16:12:03 EDT 2019 org.apache.commons.math.util.CompositeFormat,56
Mon Sep 02 16:12:04 EDT 2019 Mon Sep 02 16:12:04 EDT 2019 : org.apache.commons.math.linear.AbstractRealMatrix,43=>Find no block
Mon Sep 02 16:12:05 EDT 2019 org.apache.commons.math.linear.AbstractRealMatrix,44
Mon Sep 02 16:12:21 EDT 2019 Mon Sep 02 16:12:21 EDT 2019 : org.apache.commons.math.linear.AbstractRealMatrix,45=>Find no block
Mon Sep 02 16:12:22 EDT 2019 Mon Sep 02 16:12:22 EDT 2019 : org.apache.commons.math.linear.RealVectorImpl,77=>Find no block
Mon Sep 02 16:12:23 EDT 2019 org.apache.commons.math.linear.RealVectorImpl,78
Mon Sep 02 16:13:42 EDT 2019 Mon Sep 02 16:13:42 EDT 2019 : org.apache.commons.math.linear.RealVectorImpl,79=>Find no block
Mon Sep 02 16:13:43 EDT 2019 Mon Sep 02 16:13:43 EDT 2019 : org.apache.commons.math.linear.RealVectorImpl,36=>Find no block
Mon Sep 02 16:13:43 EDT 2019 org.apache.commons.math.linear.RealVectorImpl,854
Mon Sep 02 16:15:20 EDT 2019 org.apache.commons.math.linear.RealVectorImpl,1157
Mon Sep 02 16:16:19 EDT 2019 org.apache.commons.math.linear.RealVectorFormat,94
Mon Sep 02 16:16:21 EDT 2019 Mon Sep 02 16:16:21 EDT 2019 : org.apache.commons.math.linear.RealVectorFormat,95=>Find no block
Mon Sep 02 16:16:22 EDT 2019 Mon Sep 02 16:16:22 EDT 2019 : org.apache.commons.math.linear.RealVectorFormat,117=>Find no block
Mon Sep 02 16:16:23 EDT 2019 org.apache.commons.math.linear.RealVectorFormat,118
Mon Sep 02 16:17:01 EDT 2019 org.apache.commons.math.linear.RealVectorFormat,119
Mon Sep 02 16:17:01 EDT 2019 org.apache.commons.math.linear.RealVectorFormat,120
Mon Sep 02 16:17:02 EDT 2019 org.apache.commons.math.linear.RealVectorFormat,121
Mon Sep 02 16:17:03 EDT 2019 org.apache.commons.math.linear.RealVectorFormat,122
Mon Sep 02 16:17:04 EDT 2019 org.apache.commons.math.linear.RealVectorFormat,123
Mon Sep 02 16:17:05 EDT 2019 org.apache.commons.math.linear.RealVectorFormat,124
Mon Sep 02 16:17:05 EDT 2019 Mon Sep 02 16:17:05 EDT 2019 : org.apache.commons.math.linear.RealVectorFormat,125=>Find no block
Mon Sep 02 16:17:06 EDT 2019 org.apache.commons.math.linear.RealVectorFormat,173
Mon Sep 02 16:17:08 EDT 2019 org.apache.commons.math.linear.RealVectorFormat,182
Mon Sep 02 16:17:11 EDT 2019 Mon Sep 02 16:17:11 EDT 2019 : org.apache.commons.math.linear.RealMatrixImpl,94=>Find no block
Mon Sep 02 16:17:12 EDT 2019 org.apache.commons.math.linear.RealMatrixImpl,95
Mon Sep 02 16:17:22 EDT 2019 Mon Sep 02 16:17:22 EDT 2019 : org.apache.commons.math.linear.RealMatrixImpl,96=>Find no block
Mon Sep 02 16:17:23 EDT 2019 org.apache.commons.math.linear.RealMatrixImpl,314
Mon Sep 02 17:11:01 EDT 2019 org.apache.commons.math.linear.RealMatrixImpl,315
Mon Sep 02 17:11:02 EDT 2019 org.apache.commons.math.linear.RealMatrixImpl,320
Mon Sep 02 17:11:03 EDT 2019 org.apache.commons.math.linear.RealMatrixImpl,325
Mon Sep 02 17:30:12 EDT 2019 org.apache.commons.math.linear.RealMatrixImpl,326
Mon Sep 02 17:30:12 EDT 2019 org.apache.commons.math.linear.RealMatrixImpl,330
Mon Sep 02 17:51:38 EDT 2019 org.apache.commons.math.linear.RealMatrixImpl,331
Mon Sep 02 17:51:38 EDT 2019 org.apache.commons.math.linear.RealMatrixImpl,334
Mon Sep 02 18:38:39 EDT 2019 org.apache.commons.math.linear.RealMatrixImpl,335
Mon Sep 02 18:38:39 EDT 2019 org.apache.commons.math.linear.RealMatrixImpl,336
Mon Sep 02 18:38:40 EDT 2019 org.apache.commons.math.linear.RealMatrixImpl,341
Mon Sep 02 18:38:41 EDT 2019 Mon Sep 02 18:38:41 EDT 2019 : org.apache.commons.math.linear.RealMatrixImpl,343=>Find no block
Mon Sep 02 18:38:42 EDT 2019 Mon Sep 02 18:38:42 EDT 2019 : org.apache.commons.math.linear.RealMatrixImpl,347=>Find no block
Mon Sep 02 18:38:42 EDT 2019 org.apache.commons.math.linear.RealMatrixImpl,404
Mon Sep 02 18:39:18 EDT 2019 org.apache.commons.math.linear.RealMatrixImpl,410
Mon Sep 02 18:39:44 EDT 2019 org.apache.commons.math.linear.RealMatrixImpl,622
Mon Sep 02 18:39:46 EDT 2019 Mon Sep 02 18:39:46 EDT 2019 : org.apache.commons.math.linear.RealMatrixImpl,623=>Find no block
Mon Sep 02 18:39:47 EDT 2019 Mon Sep 02 18:39:47 EDT 2019 : org.apache.commons.math.optimization.linear.Relationship,42=>Find no block
Mon Sep 02 18:39:48 EDT 2019 org.apache.commons.math.optimization.linear.Relationship,43
Mon Sep 02 18:39:50 EDT 2019 Mon Sep 02 18:39:50 EDT 2019 : org.apache.commons.math.optimization.linear.Relationship,44=>Find no block
Mon Sep 02 18:39:50 EDT 2019 Mon Sep 02 18:39:50 EDT 2019 : org.apache.commons.math.optimization.linear.Relationship,28=>Find no block
Mon Sep 02 18:39:51 EDT 2019 Mon Sep 02 18:39:51 EDT 2019 : org.apache.commons.math.optimization.linear.Relationship,31=>Find no block
Mon Sep 02 18:39:52 EDT 2019 Mon Sep 02 18:39:52 EDT 2019 : org.apache.commons.math.optimization.linear.Relationship,34=>Find no block
Mon Sep 02 18:39:52 EDT 2019 Mon Sep 02 18:39:52 EDT 2019 : org.apache.commons.math.optimization.linear.Relationship,25=>Find no block
Mon Sep 02 18:39:53 EDT 2019 Mon Sep 02 18:39:53 EDT 2019 : org.apache.commons.math.optimization.linear.SimplexTableau,104=>Find no block
Mon Sep 02 18:39:53 EDT 2019 org.apache.commons.math.optimization.linear.SimplexTableau,105
Mon Sep 02 18:40:36 EDT 2019 org.apache.commons.math.optimization.linear.SimplexTableau,106
Mon Sep 02 18:40:36 EDT 2019 org.apache.commons.math.optimization.linear.SimplexTableau,107
Mon Sep 02 18:40:37 EDT 2019 org.apache.commons.math.optimization.linear.SimplexTableau,108
Mon Sep 02 18:40:37 EDT 2019 org.apache.commons.math.optimization.linear.SimplexTableau,109
Mon Sep 02 18:40:38 EDT 2019 org.apache.commons.math.optimization.linear.SimplexTableau,110
Mon Sep 02 18:40:39 EDT 2019 org.apache.commons.math.optimization.linear.SimplexTableau,112
Mon Sep 02 18:40:39 EDT 2019 org.apache.commons.math.optimization.linear.SimplexTableau,114
Mon Sep 02 18:40:40 EDT 2019 org.apache.commons.math.optimization.linear.SimplexTableau,115
Mon Sep 02 18:40:41 EDT 2019 Mon Sep 02 18:40:41 EDT 2019 : org.apache.commons.math.optimization.linear.SimplexTableau,116=>Find no block
Mon Sep 02 18:40:41 EDT 2019 org.apache.commons.math.optimization.linear.SimplexTableau,126
Mon Sep 02 18:41:35 EDT 2019 org.apache.commons.math.optimization.linear.SimplexTableau,127
Mon Sep 02 18:41:36 EDT 2019 org.apache.commons.math.optimization.linear.SimplexTableau,129
Mon Sep 02 18:43:12 EDT 2019 org.apache.commons.math.optimization.linear.SimplexTableau,130
Mon Sep 02 18:43:51 EDT 2019 org.apache.commons.math.optimization.linear.SimplexTableau,133
Mon Sep 02 18:43:54 EDT 2019 org.apache.commons.math.optimization.linear.SimplexTableau,136
Timeout time : 19/09/02 18:44
