=================================================
Project : math_88	start : 19/09/02 13:43
Current failed test : org.apache.commons.math.optimization.linear.SimplexSolverTest::testMath272 | 19/09/02 13:43
Mon Sep 02 13:44:05 EDT 2019 org.apache.commons.math.optimization.linear.SimplexTableau,339
Mon Sep 02 13:46:05 EDT 2019 org.apache.commons.math.optimization.linear.SimplexTableau,172
Mon Sep 02 13:47:02 EDT 2019 org.apache.commons.math.optimization.RealPointValuePair,70
Mon Sep 02 13:47:57 EDT 2019 org.apache.commons.math.optimization.linear.SimplexTableau,279
Mon Sep 02 13:49:53 EDT 2019 org.apache.commons.math.linear.RealVectorImpl,884
Mon Sep 02 14:03:14 EDT 2019 org.apache.commons.math.linear.RealVectorImpl,885
Mon Sep 02 14:03:15 EDT 2019 org.apache.commons.math.linear.RealVectorImpl,886
Mon Sep 02 14:03:16 EDT 2019 org.apache.commons.math.linear.RealVectorImpl,887
Mon Sep 02 14:03:16 EDT 2019 org.apache.commons.math.linear.RealVectorImpl,889
Mon Sep 02 14:03:17 EDT 2019 org.apache.commons.math.linear.RealVectorImpl,1287
Mon Sep 02 14:21:32 EDT 2019 Mon Sep 02 14:21:32 EDT 2019 : org.apache.commons.math.linear.RealVectorImpl,1292=>Find no block
Mon Sep 02 14:21:33 EDT 2019 org.apache.commons.math.optimization.linear.SimplexSolver,154
Mon Sep 02 14:25:07 EDT 2019 Mon Sep 02 14:25:07 EDT 2019 : org.apache.commons.math.optimization.linear.SimplexSolver,179=>Find no block
Mon Sep 02 14:25:08 EDT 2019 org.apache.commons.math.optimization.linear.SimplexSolver,192
Mon Sep 02 14:25:26 EDT 2019 Mon Sep 02 14:25:26 EDT 2019 : org.apache.commons.math.optimization.RealPointValuePair,48=>Find no block
Mon Sep 02 14:25:26 EDT 2019 org.apache.commons.math.optimization.RealPointValuePair,49
Mon Sep 02 14:27:55 EDT 2019 org.apache.commons.math.optimization.RealPointValuePair,50
Mon Sep 02 14:27:56 EDT 2019 Mon Sep 02 14:27:56 EDT 2019 : org.apache.commons.math.optimization.RealPointValuePair,51=>Find no block
Mon Sep 02 14:27:56 EDT 2019 org.apache.commons.math.optimization.linear.SimplexTableau,325
Mon Sep 02 14:28:37 EDT 2019 org.apache.commons.math.optimization.linear.SimplexTableau,326
Mon Sep 02 14:28:38 EDT 2019 org.apache.commons.math.optimization.linear.SimplexTableau,328

----------------------------------------
----------------------------------------
Pass Single Test : [=>0,0]
if(basicRow==null){
for(int j=getNumObjectiveFunctions();j<getNumObjectiveFunctions()+i;j++){
if(tableau.getEntry(basicRow,j)==1){
coefficients[i]=0;
}
}
}

Time : 19/09/02 14:31
----------------------------------------
Mon Sep 02 14:48:49 EDT 2019 org.apache.commons.math.optimization.linear.SimplexTableau,329
Mon Sep 02 14:48:50 EDT 2019 org.apache.commons.math.optimization.linear.SimplexTableau,330
Mon Sep 02 14:48:50 EDT 2019 org.apache.commons.math.optimization.linear.SimplexTableau,333
Mon Sep 02 14:48:51 EDT 2019 org.apache.commons.math.optimization.linear.SimplexTableau,336
Mon Sep 02 14:48:52 EDT 2019 org.apache.commons.math.optimization.linear.SimplexTableau,337
Mon Sep 02 14:48:52 EDT 2019 org.apache.commons.math.optimization.linear.SimplexTableau,338
Mon Sep 02 14:48:53 EDT 2019 org.apache.commons.math.optimization.linear.SimplexTableau,344
Mon Sep 02 14:57:55 EDT 2019 org.apache.commons.math.optimization.linear.SimplexTableau,459
Mon Sep 02 14:57:57 EDT 2019 org.apache.commons.math.optimization.linear.LinearObjectiveFunction,92
Mon Sep 02 14:58:38 EDT 2019 org.apache.commons.math.optimization.linear.SimplexSolver,129
Mon Sep 02 14:59:04 EDT 2019 org.apache.commons.math.optimization.linear.SimplexSolver,132
Mon Sep 02 14:59:05 EDT 2019 org.apache.commons.math.optimization.linear.SimplexSolver,133
Mon Sep 02 14:59:06 EDT 2019 org.apache.commons.math.optimization.linear.SimplexSolver,134
Mon Sep 02 14:59:06 EDT 2019 org.apache.commons.math.optimization.linear.SimplexSolver,137
Mon Sep 02 15:00:30 EDT 2019 org.apache.commons.math.optimization.linear.SimplexSolver,146
Mon Sep 02 15:00:30 EDT 2019 org.apache.commons.math.optimization.linear.SimplexSolver,149
Mon Sep 02 15:00:31 EDT 2019 org.apache.commons.math.optimization.linear.SimplexSolver,150
Mon Sep 02 15:00:31 EDT 2019 org.apache.commons.math.optimization.linear.SimplexSolver,171
Mon Sep 02 15:00:33 EDT 2019 org.apache.commons.math.optimization.linear.SimplexSolver,172
Mon Sep 02 15:00:34 EDT 2019 org.apache.commons.math.optimization.linear.SimplexSolver,176
Mon Sep 02 15:00:37 EDT 2019 org.apache.commons.math.optimization.linear.SimplexSolver,188
Mon Sep 02 15:00:37 EDT 2019 org.apache.commons.math.optimization.linear.SimplexSolver,189
Mon Sep 02 15:00:38 EDT 2019 org.apache.commons.math.optimization.linear.SimplexTableau,293
Mon Sep 02 15:01:16 EDT 2019 org.apache.commons.math.optimization.linear.SimplexTableau,294
Mon Sep 02 15:02:57 EDT 2019 org.apache.commons.math.optimization.linear.SimplexTableau,295
Mon Sep 02 15:41:39 EDT 2019 org.apache.commons.math.optimization.linear.SimplexTableau,296
Mon Sep 02 15:41:39 EDT 2019 org.apache.commons.math.optimization.linear.SimplexTableau,297
Mon Sep 02 15:41:40 EDT 2019 org.apache.commons.math.optimization.linear.SimplexTableau,298
Mon Sep 02 15:41:41 EDT 2019 org.apache.commons.math.optimization.linear.SimplexTableau,300
Mon Sep 02 15:41:41 EDT 2019 org.apache.commons.math.optimization.linear.SimplexTableau,302
Mon Sep 02 16:01:13 EDT 2019 org.apache.commons.math.optimization.linear.SimplexTableau,303
Mon Sep 02 16:01:13 EDT 2019 Mon Sep 02 16:01:13 EDT 2019 : org.apache.commons.math.optimization.linear.SimplexTableau,304=>Find no block
Mon Sep 02 16:01:14 EDT 2019 Mon Sep 02 16:01:14 EDT 2019 : org.apache.commons.math.optimization.linear.AbstractLinearOptimizer,61=>Find no block
Mon Sep 02 16:01:15 EDT 2019 org.apache.commons.math.optimization.linear.AbstractLinearOptimizer,62
Mon Sep 02 16:01:43 EDT 2019 Mon Sep 02 16:01:43 EDT 2019 : org.apache.commons.math.optimization.linear.AbstractLinearOptimizer,63=>Find no block
Mon Sep 02 16:01:44 EDT 2019 org.apache.commons.math.optimization.linear.AbstractLinearOptimizer,67
Mon Sep 02 16:02:04 EDT 2019 Mon Sep 02 16:02:04 EDT 2019 : org.apache.commons.math.optimization.linear.AbstractLinearOptimizer,68=>Find no block
Mon Sep 02 16:02:05 EDT 2019 org.apache.commons.math.optimization.linear.AbstractLinearOptimizer,86
Mon Sep 02 16:03:30 EDT 2019 Mon Sep 02 16:03:30 EDT 2019 : org.apache.commons.math.optimization.linear.AbstractLinearOptimizer,91=>Find no block
Mon Sep 02 16:03:31 EDT 2019 org.apache.commons.math.optimization.linear.AbstractLinearOptimizer,100
Mon Sep 02 16:03:55 EDT 2019 org.apache.commons.math.optimization.linear.AbstractLinearOptimizer,101
Mon Sep 02 16:03:56 EDT 2019 org.apache.commons.math.optimization.linear.AbstractLinearOptimizer,102
Mon Sep 02 16:03:56 EDT 2019 org.apache.commons.math.optimization.linear.AbstractLinearOptimizer,103
Mon Sep 02 16:03:57 EDT 2019 org.apache.commons.math.optimization.linear.AbstractLinearOptimizer,105
Mon Sep 02 16:03:58 EDT 2019 org.apache.commons.math.optimization.linear.AbstractLinearOptimizer,108
Mon Sep 02 16:03:59 EDT 2019 org.apache.commons.math.optimization.linear.SimplexSolver,42
Mon Sep 02 16:04:01 EDT 2019 Mon Sep 02 16:04:01 EDT 2019 : org.apache.commons.math.optimization.linear.SimplexSolver,43=>Find no block
Mon Sep 02 16:04:02 EDT 2019 Mon Sep 02 16:04:02 EDT 2019 : org.apache.commons.math.optimization.linear.SimplexSolver,49=>Find no block
Mon Sep 02 16:04:02 EDT 2019 org.apache.commons.math.optimization.linear.SimplexSolver,50
Mon Sep 02 16:04:24 EDT 2019 Mon Sep 02 16:04:24 EDT 2019 : org.apache.commons.math.optimization.linear.SimplexSolver,51=>Find no block
Mon Sep 02 16:04:25 EDT 2019 org.apache.commons.math.optimization.linear.SimplexSolver,59
Mon Sep 02 16:09:32 EDT 2019 org.apache.commons.math.optimization.linear.SimplexSolver,60
Mon Sep 02 16:09:33 EDT 2019 org.apache.commons.math.optimization.linear.SimplexSolver,61
Mon Sep 02 16:09:34 EDT 2019 org.apache.commons.math.optimization.linear.SimplexSolver,62
Mon Sep 02 16:09:34 EDT 2019 org.apache.commons.math.optimization.linear.SimplexSolver,63
Mon Sep 02 16:09:35 EDT 2019 org.apache.commons.math.optimization.linear.SimplexSolver,64
Mon Sep 02 16:09:36 EDT 2019 org.apache.commons.math.optimization.linear.SimplexSolver,67
Mon Sep 02 16:09:36 EDT 2019 org.apache.commons.math.optimization.linear.SimplexSolver,77

----------------------------------------
----------------------------------------
Pass Single Test : [=>0,0]
if(ratio<=minRatio){
minRatio=ratio;
minRatioPos=i;
}

Time : 19/09/02 16:10
----------------------------------------

----------------------------------------
----------------------------------------
Similar code block : 1.1327584497459624 : [/home/mmotwani/mywork1dir/Defects4Java7/defects4j/SIMFIX_RQ1/math/math_88_buggy/src/java/org/apache/commons/math/optimization/linear/SimplexSolver.java=>0,0]
if(pv.abs()<=functionValueAccuracy){
resultComputed=true;
iterationCount=i;
return z;
}

Time : 19/09/02 16:10
----------------------------------------

----------------------------------------
----------------------------------------
Original source code : [/home/mmotwani/mywork1dir/Defects4Java7/defects4j/SIMFIX_RQ1/math/math_88_buggy/src/java/org/apache/commons/math/optimization/linear/SimplexSolver.java=>83,86]
if(ratio<minRatio){
minRatio=ratio;
minRatioPos=i;
}

Time : 19/09/02 16:10
----------------------------------------

----------------------------------------
----------------------------------------
Find a patch : [/home/mmotwani/mywork1dir/Defects4Java7/defects4j/SIMFIX_RQ1/math/math_88_buggy/src/java/org/apache/commons/math/optimization/linear/SimplexSolver.java=>83,86]
if(ratio<=minRatio){
minRatio=ratio;
minRatioPos=i;
}

Time : 19/09/02 16:10
----------------------------------------
Success time : 19/09/02 16:10
