=================================================
Project : math_89	start : 19/09/02 13:43
Current failed test : org.apache.commons.math.stat.FrequencyTest::testAddNonComparable | 19/09/02 13:43
Mon Sep 02 13:43:59 EDT 2019 org.apache.commons.math.stat.Frequency,110
Mon Sep 02 13:44:35 EDT 2019 Mon Sep 02 13:44:35 EDT 2019 : org.apache.commons.math.stat.Frequency,57=>Find no block
Mon Sep 02 13:44:36 EDT 2019 org.apache.commons.math.stat.Frequency,58
Mon Sep 02 13:44:39 EDT 2019 Mon Sep 02 13:44:39 EDT 2019 : org.apache.commons.math.stat.Frequency,59=>Find no block
Mon Sep 02 13:44:41 EDT 2019 Mon Sep 02 13:44:41 EDT 2019 : org.apache.commons.math.stat.Frequency,468=>Find no block
Mon Sep 02 13:44:42 EDT 2019 org.apache.commons.math.stat.Frequency,487
Mon Sep 02 13:44:46 EDT 2019 Mon Sep 02 13:44:46 EDT 2019 : org.apache.commons.math.stat.Frequency,66=>Find no block
Mon Sep 02 13:44:47 EDT 2019 org.apache.commons.math.stat.Frequency,67
Mon Sep 02 13:44:50 EDT 2019 Mon Sep 02 13:44:50 EDT 2019 : org.apache.commons.math.stat.Frequency,68=>Find no block
Mon Sep 02 13:44:51 EDT 2019 org.apache.commons.math.stat.Frequency,78
Mon Sep 02 13:45:35 EDT 2019 org.apache.commons.math.stat.Frequency,79
Mon Sep 02 13:45:36 EDT 2019 org.apache.commons.math.stat.Frequency,80
Mon Sep 02 13:47:04 EDT 2019 org.apache.commons.math.stat.Frequency,81
Mon Sep 02 13:47:05 EDT 2019 org.apache.commons.math.stat.Frequency,82
Mon Sep 02 13:49:29 EDT 2019 org.apache.commons.math.stat.Frequency,83
Mon Sep 02 13:51:25 EDT 2019 org.apache.commons.math.stat.Frequency,84
Mon Sep 02 13:51:25 EDT 2019 org.apache.commons.math.stat.Frequency,85
Mon Sep 02 13:53:27 EDT 2019 org.apache.commons.math.stat.Frequency,86
Mon Sep 02 13:56:15 EDT 2019 org.apache.commons.math.stat.Frequency,87
Mon Sep 02 13:58:37 EDT 2019 org.apache.commons.math.stat.Frequency,88
Mon Sep 02 14:00:49 EDT 2019 org.apache.commons.math.stat.Frequency,89
Mon Sep 02 14:02:37 EDT 2019 org.apache.commons.math.stat.Frequency,90
Mon Sep 02 14:04:50 EDT 2019 org.apache.commons.math.stat.Frequency,91
Mon Sep 02 14:04:51 EDT 2019 Mon Sep 02 14:04:51 EDT 2019 : org.apache.commons.math.stat.Frequency,92=>Find no block
Mon Sep 02 14:04:51 EDT 2019 org.apache.commons.math.stat.Frequency,93
Mon Sep 02 14:09:26 EDT 2019 Mon Sep 02 14:09:26 EDT 2019 : org.apache.commons.math.stat.Frequency,111=>Find no block
Mon Sep 02 14:09:27 EDT 2019 org.apache.commons.math.stat.Frequency,124
Mon Sep 02 14:09:29 EDT 2019 org.apache.commons.math.stat.Frequency,125
Mon Sep 02 14:09:31 EDT 2019 org.apache.commons.math.stat.Frequency,126
Mon Sep 02 14:09:32 EDT 2019 org.apache.commons.math.stat.Frequency,129
Mon Sep 02 14:09:51 EDT 2019 org.apache.commons.math.stat.Frequency,130
Mon Sep 02 14:10:19 EDT 2019 org.apache.commons.math.stat.Frequency,131
Mon Sep 02 14:10:20 EDT 2019 org.apache.commons.math.stat.Frequency,133
Mon Sep 02 14:10:21 EDT 2019 Mon Sep 02 14:10:21 EDT 2019 : org.apache.commons.math.stat.Frequency,138=>Find no block
Mon Sep 02 14:10:21 EDT 2019 Mon Sep 02 14:10:21 EDT 2019 : org.apache.commons.math.stat.Frequency,135=>Find no block
Mon Sep 02 14:10:22 EDT 2019 org.apache.commons.math.stat.Frequency,137
Mon Sep 02 14:10:52 EDT 2019 Mon Sep 02 14:10:52 EDT 2019 : org.apache.commons.math.stat.Frequency,139=>Find no block
Mon Sep 02 14:10:52 EDT 2019 org.apache.commons.math.stat.Frequency,147
Mon Sep 02 14:10:55 EDT 2019 Mon Sep 02 14:10:55 EDT 2019 : org.apache.commons.math.stat.Frequency,148=>Find no block
Mon Sep 02 14:10:55 EDT 2019 org.apache.commons.math.stat.Frequency,156
Mon Sep 02 14:10:58 EDT 2019 Mon Sep 02 14:10:58 EDT 2019 : org.apache.commons.math.stat.Frequency,157=>Find no block
Mon Sep 02 14:10:59 EDT 2019 org.apache.commons.math.stat.Frequency,165
Mon Sep 02 14:10:59 EDT 2019 Mon Sep 02 14:10:59 EDT 2019 : org.apache.commons.math.stat.Frequency,166=>Find no block
Mon Sep 02 14:11:00 EDT 2019 org.apache.commons.math.stat.Frequency,174
Mon Sep 02 14:11:02 EDT 2019 Mon Sep 02 14:11:02 EDT 2019 : org.apache.commons.math.stat.Frequency,175=>Find no block
Mon Sep 02 14:11:03 EDT 2019 org.apache.commons.math.stat.Frequency,179
Mon Sep 02 14:11:05 EDT 2019 Mon Sep 02 14:11:05 EDT 2019 : org.apache.commons.math.stat.Frequency,180=>Find no block
Mon Sep 02 14:11:06 EDT 2019 org.apache.commons.math.stat.Frequency,192
Mon Sep 02 14:11:08 EDT 2019 org.apache.commons.math.stat.Frequency,203
Mon Sep 02 14:12:27 EDT 2019 org.apache.commons.math.stat.Frequency,204
Mon Sep 02 14:12:28 EDT 2019 org.apache.commons.math.stat.Frequency,205
Mon Sep 02 14:12:28 EDT 2019 org.apache.commons.math.stat.Frequency,206
Mon Sep 02 14:12:29 EDT 2019 org.apache.commons.math.stat.Frequency,208
Mon Sep 02 14:12:29 EDT 2019 org.apache.commons.math.stat.Frequency,219
Mon Sep 02 14:12:57 EDT 2019 org.apache.commons.math.stat.Frequency,220
Mon Sep 02 14:12:58 EDT 2019 org.apache.commons.math.stat.Frequency,222
Mon Sep 02 14:14:25 EDT 2019 org.apache.commons.math.stat.Frequency,224
Mon Sep 02 14:14:25 EDT 2019 org.apache.commons.math.stat.Frequency,225
Mon Sep 02 14:14:26 EDT 2019 org.apache.commons.math.stat.Frequency,226
Mon Sep 02 14:14:26 EDT 2019 Mon Sep 02 14:14:26 EDT 2019 : org.apache.commons.math.stat.Frequency,230=>Find no block
Mon Sep 02 14:14:27 EDT 2019 Mon Sep 02 14:14:27 EDT 2019 : org.apache.commons.math.stat.Frequency,228=>Find no block
Mon Sep 02 14:14:28 EDT 2019 org.apache.commons.math.stat.Frequency,231
Mon Sep 02 14:14:28 EDT 2019 org.apache.commons.math.stat.Frequency,241
Mon Sep 02 14:15:20 EDT 2019 org.apache.commons.math.stat.Frequency,251
Mon Sep 02 14:15:21 EDT 2019 org.apache.commons.math.stat.Frequency,261
Mon Sep 02 14:16:13 EDT 2019 org.apache.commons.math.stat.Frequency,276
Mon Sep 02 14:16:44 EDT 2019 org.apache.commons.math.stat.Frequency,277
Mon Sep 02 14:16:46 EDT 2019 org.apache.commons.math.stat.Frequency,278
Mon Sep 02 14:16:47 EDT 2019 org.apache.commons.math.stat.Frequency,280
Mon Sep 02 14:16:48 EDT 2019 org.apache.commons.math.stat.Frequency,291
Mon Sep 02 14:17:18 EDT 2019 org.apache.commons.math.stat.Frequency,302
Mon Sep 02 14:17:19 EDT 2019 org.apache.commons.math.stat.Frequency,313
Mon Sep 02 14:17:57 EDT 2019 org.apache.commons.math.stat.Frequency,327
Mon Sep 02 14:17:59 EDT 2019 org.apache.commons.math.stat.Frequency,328
Mon Sep 02 14:18:00 EDT 2019 org.apache.commons.math.stat.Frequency,330
Mon Sep 02 14:18:29 EDT 2019 org.apache.commons.math.stat.Frequency,331
Mon Sep 02 14:18:29 EDT 2019 org.apache.commons.math.stat.Frequency,333
Mon Sep 02 14:19:07 EDT 2019 org.apache.commons.math.stat.Frequency,334
Mon Sep 02 14:19:08 EDT 2019 org.apache.commons.math.stat.Frequency,335
Mon Sep 02 14:19:09 EDT 2019 org.apache.commons.math.stat.Frequency,337
Mon Sep 02 14:20:05 EDT 2019 org.apache.commons.math.stat.Frequency,340
Mon Sep 02 14:20:31 EDT 2019 org.apache.commons.math.stat.Frequency,341
Mon Sep 02 14:20:31 EDT 2019 org.apache.commons.math.stat.Frequency,342
Mon Sep 02 14:20:32 EDT 2019 Mon Sep 02 14:20:32 EDT 2019 : org.apache.commons.math.stat.Frequency,346=>Find no block
Mon Sep 02 14:20:33 EDT 2019 Mon Sep 02 14:20:33 EDT 2019 : org.apache.commons.math.stat.Frequency,344=>Find no block
Mon Sep 02 14:20:34 EDT 2019 org.apache.commons.math.stat.Frequency,345
Mon Sep 02 14:21:34 EDT 2019 org.apache.commons.math.stat.Frequency,348
Mon Sep 02 14:21:34 EDT 2019 org.apache.commons.math.stat.Frequency,349
Mon Sep 02 14:21:35 EDT 2019 org.apache.commons.math.stat.Frequency,352
Mon Sep 02 14:22:08 EDT 2019 org.apache.commons.math.stat.Frequency,353
Mon Sep 02 14:22:08 EDT 2019 org.apache.commons.math.stat.Frequency,356
Mon Sep 02 14:25:03 EDT 2019 org.apache.commons.math.stat.Frequency,357
Mon Sep 02 14:25:03 EDT 2019 org.apache.commons.math.stat.Frequency,358
Mon Sep 02 14:25:04 EDT 2019 org.apache.commons.math.stat.Frequency,359
Mon Sep 02 14:25:05 EDT 2019 org.apache.commons.math.stat.Frequency,360
Mon Sep 02 14:25:06 EDT 2019 org.apache.commons.math.stat.Frequency,362
Mon Sep 02 14:25:07 EDT 2019 Mon Sep 02 14:25:07 EDT 2019 : org.apache.commons.math.stat.Frequency,364=>Find no block
Mon Sep 02 14:25:07 EDT 2019 org.apache.commons.math.stat.Frequency,365
Mon Sep 02 14:27:01 EDT 2019 org.apache.commons.math.stat.Frequency,377
Mon Sep 02 14:27:53 EDT 2019 org.apache.commons.math.stat.Frequency,389
Mon Sep 02 14:27:54 EDT 2019 org.apache.commons.math.stat.Frequency,401
Mon Sep 02 14:28:45 EDT 2019 org.apache.commons.math.stat.Frequency,418
Mon Sep 02 14:29:18 EDT 2019 org.apache.commons.math.stat.Frequency,419
Mon Sep 02 14:29:18 EDT 2019 org.apache.commons.math.stat.Frequency,420
Mon Sep 02 14:29:19 EDT 2019 org.apache.commons.math.stat.Frequency,422
Mon Sep 02 14:29:20 EDT 2019 org.apache.commons.math.stat.Frequency,435
Mon Sep 02 14:29:50 EDT 2019 org.apache.commons.math.stat.Frequency,448
Mon Sep 02 14:29:51 EDT 2019 org.apache.commons.math.stat.Frequency,461
Failed time : 19/09/02 14:30
