=================================================
Project : math_9	start : 19/09/02 13:45
Current failed test : org.apache.commons.math3.geometry.euclidean.threed.LineTest::testRevert | 19/09/02 13:45
Mon Sep 02 13:46:28 EDT 2019 org.apache.commons.math3.geometry.euclidean.threed.Line,87
Mon Sep 02 13:46:59 EDT 2019 org.apache.commons.math3.geometry.euclidean.threed.Line,88
Mon Sep 02 13:47:01 EDT 2019 org.apache.commons.math3.geometry.euclidean.threed.Vector3D,222
Mon Sep 02 13:47:55 EDT 2019 org.apache.commons.math3.geometry.euclidean.threed.Vector3D,374
Mon Sep 02 13:48:02 EDT 2019 org.apache.commons.math3.geometry.euclidean.threed.Line,95
Mon Sep 02 13:48:47 EDT 2019 Mon Sep 02 13:48:47 EDT 2019 : org.apache.commons.math3.geometry.euclidean.threed.Line,54=>Find no block
Mon Sep 02 13:48:48 EDT 2019 org.apache.commons.math3.geometry.euclidean.threed.Line,55
Mon Sep 02 13:48:53 EDT 2019 Mon Sep 02 13:48:53 EDT 2019 : org.apache.commons.math3.geometry.euclidean.threed.Line,56=>Find no block
Mon Sep 02 13:48:54 EDT 2019 org.apache.commons.math3.geometry.euclidean.threed.Line,74
Mon Sep 02 13:50:52 EDT 2019 org.apache.commons.math3.geometry.euclidean.threed.Line,75
Mon Sep 02 13:50:53 EDT 2019 org.apache.commons.math3.geometry.euclidean.threed.Line,76
Mon Sep 02 13:50:55 EDT 2019 org.apache.commons.math3.geometry.euclidean.threed.Line,79
Mon Sep 02 13:50:56 EDT 2019 org.apache.commons.math3.geometry.euclidean.threed.Line,80
Mon Sep 02 13:50:58 EDT 2019 Mon Sep 02 13:50:58 EDT 2019 : org.apache.commons.math3.geometry.euclidean.threed.Line,81=>Find no block
Mon Sep 02 13:50:59 EDT 2019 org.apache.commons.math3.geometry.euclidean.threed.Vector3D,249

----------------------------------------
----------------------------------------
Pass Single Test : [=>0,0]
return x+y;

Time : 19/09/02 13:52
----------------------------------------

----------------------------------------
----------------------------------------
Pass Single Test : [=>0,0]
return z-FastMath.exp(-y);

Time : 19/09/02 13:55
----------------------------------------

----------------------------------------
----------------------------------------
Pass Single Test : [=>0,0]
return z*FastMath.exp(-y);

Time : 19/09/02 13:58
----------------------------------------

----------------------------------------
----------------------------------------
Pass Single Test : [=>0,0]
return x+z-x;

Time : 19/09/02 14:01
----------------------------------------

----------------------------------------
----------------------------------------
Pass Single Test : [=>0,0]
return z+FastMath.exp(y);

Time : 19/09/02 14:03
----------------------------------------

----------------------------------------
----------------------------------------
Pass Single Test : [=>0,0]
return 1/x;

Time : 19/09/02 14:06
----------------------------------------

----------------------------------------
----------------------------------------
Pass Single Test : [=>0,0]
return z+y;

Time : 19/09/02 14:12
----------------------------------------
Mon Sep 02 14:14:44 EDT 2019 Mon Sep 02 14:14:44 EDT 2019 : org.apache.commons.math3.geometry.euclidean.threed.Vector3D,151=>Find no block
Mon Sep 02 14:14:46 EDT 2019 org.apache.commons.math3.geometry.euclidean.threed.Vector3D,152
Mon Sep 02 14:19:16 EDT 2019 org.apache.commons.math3.geometry.euclidean.threed.Vector3D,153
Mon Sep 02 14:19:17 EDT 2019 org.apache.commons.math3.geometry.euclidean.threed.Vector3D,154
Mon Sep 02 14:19:18 EDT 2019 Mon Sep 02 14:19:18 EDT 2019 : org.apache.commons.math3.geometry.euclidean.threed.Vector3D,155=>Find no block
Mon Sep 02 14:19:19 EDT 2019 org.apache.commons.math3.geometry.euclidean.threed.Vector3D,286
Mon Sep 02 14:19:38 EDT 2019 org.apache.commons.math3.geometry.euclidean.threed.Vector3D,287
Mon Sep 02 14:19:39 EDT 2019 Mon Sep 02 14:19:39 EDT 2019 : org.apache.commons.math3.geometry.euclidean.threed.Vector3D,95=>Find no block
Mon Sep 02 14:19:40 EDT 2019 org.apache.commons.math3.geometry.euclidean.threed.Vector3D,96

----------------------------------------
----------------------------------------
Pass Single Test : [=>0,0]
this.x=x;
this.y=y;
this.z=y;

Time : 19/09/02 14:20
----------------------------------------

----------------------------------------
----------------------------------------
Pass Single Test : [=>0,0]
this.x=x;
this.y=y;
this.z=x;

Time : 19/09/02 14:23
----------------------------------------

----------------------------------------
----------------------------------------
Pass Single Test : [=>0,0]
this.x=y;
this.y=y;
this.z=y;

Time : 19/09/02 14:26
----------------------------------------

----------------------------------------
----------------------------------------
Pass Single Test : [=>0,0]
this.x=y;
this.y=y;
this.z=x;

Time : 19/09/02 14:28
----------------------------------------

----------------------------------------
----------------------------------------
Pass Single Test : [=>0,0]
x=y;
this.x=x;
this.y=y;
this.z=x;

Time : 19/09/02 14:31
----------------------------------------

----------------------------------------
----------------------------------------
Pass Single Test : [=>0,0]
z=Double.NaN;
this.x=x;
this.y=y;
this.z=z;

Time : 19/09/02 14:34
----------------------------------------

----------------------------------------
----------------------------------------
Pass Single Test : [=>0,0]
this.x=x;
z=y;
this.y=y;
this.z=z;

Time : 19/09/02 14:41
----------------------------------------
Mon Sep 02 14:45:20 EDT 2019 org.apache.commons.math3.geometry.euclidean.threed.Vector3D,97
Mon Sep 02 14:45:22 EDT 2019 org.apache.commons.math3.geometry.euclidean.threed.Vector3D,98
Mon Sep 02 14:45:23 EDT 2019 Mon Sep 02 14:45:23 EDT 2019 : org.apache.commons.math3.geometry.euclidean.threed.Vector3D,99=>Find no block
Mon Sep 02 14:45:24 EDT 2019 Mon Sep 02 14:45:24 EDT 2019 : org.apache.commons.math3.geometry.euclidean.threed.Vector3D,137=>Find no block
Mon Sep 02 14:45:26 EDT 2019 org.apache.commons.math3.geometry.euclidean.threed.Vector3D,138
Mon Sep 02 14:54:24 EDT 2019 org.apache.commons.math3.geometry.euclidean.threed.Vector3D,139
Mon Sep 02 14:54:26 EDT 2019 org.apache.commons.math3.geometry.euclidean.threed.Vector3D,140
Mon Sep 02 14:54:27 EDT 2019 Mon Sep 02 14:54:27 EDT 2019 : org.apache.commons.math3.geometry.euclidean.threed.Vector3D,141=>Find no block
Mon Sep 02 14:54:28 EDT 2019 Mon Sep 02 14:54:28 EDT 2019 : org.apache.commons.math3.geometry.euclidean.threed.Vector3D,41=>Find no block
Mon Sep 02 14:54:30 EDT 2019 Mon Sep 02 14:54:30 EDT 2019 : org.apache.commons.math3.geometry.euclidean.threed.Vector3D,44=>Find no block
Mon Sep 02 14:54:31 EDT 2019 Mon Sep 02 14:54:31 EDT 2019 : org.apache.commons.math3.geometry.euclidean.threed.Vector3D,47=>Find no block
Mon Sep 02 14:54:32 EDT 2019 Mon Sep 02 14:54:32 EDT 2019 : org.apache.commons.math3.geometry.euclidean.threed.Vector3D,50=>Find no block
Mon Sep 02 14:54:33 EDT 2019 Mon Sep 02 14:54:33 EDT 2019 : org.apache.commons.math3.geometry.euclidean.threed.Vector3D,53=>Find no block
Mon Sep 02 14:54:34 EDT 2019 Mon Sep 02 14:54:34 EDT 2019 : org.apache.commons.math3.geometry.euclidean.threed.Vector3D,56=>Find no block
Mon Sep 02 14:54:36 EDT 2019 Mon Sep 02 14:54:36 EDT 2019 : org.apache.commons.math3.geometry.euclidean.threed.Vector3D,59=>Find no block
Mon Sep 02 14:54:37 EDT 2019 Mon Sep 02 14:54:37 EDT 2019 : org.apache.commons.math3.geometry.euclidean.threed.Vector3D,63=>Find no block
Mon Sep 02 14:54:38 EDT 2019 Mon Sep 02 14:54:38 EDT 2019 : org.apache.commons.math3.geometry.euclidean.threed.Vector3D,67=>Find no block
Mon Sep 02 14:54:39 EDT 2019 Mon Sep 02 14:54:39 EDT 2019 : org.apache.commons.math3.geometry.euclidean.threed.Vector3D,71=>Find no block
Mon Sep 02 14:54:40 EDT 2019 org.apache.commons.math3.geometry.euclidean.threed.Vector3D,453
Mon Sep 02 14:57:07 EDT 2019 org.apache.commons.math3.geometry.euclidean.threed.Vector3D,454
Mon Sep 02 14:57:08 EDT 2019 Mon Sep 02 14:57:08 EDT 2019 : org.apache.commons.math3.util.FastMath,97=>Find no block
Mon Sep 02 14:57:10 EDT 2019 Mon Sep 02 14:57:10 EDT 2019 : org.apache.commons.math3.util.FastMath,115=>Find no block
Mon Sep 02 14:57:11 EDT 2019 Mon Sep 02 14:57:11 EDT 2019 : org.apache.commons.math3.util.FastMath,128=>Find no block
Mon Sep 02 14:57:12 EDT 2019 Mon Sep 02 14:57:12 EDT 2019 : org.apache.commons.math3.util.FastMath,141=>Find no block
Mon Sep 02 14:57:13 EDT 2019 Mon Sep 02 14:57:13 EDT 2019 : org.apache.commons.math3.util.FastMath,160=>Find no block
Mon Sep 02 14:57:14 EDT 2019 Mon Sep 02 14:57:14 EDT 2019 : org.apache.commons.math3.util.FastMath,179=>Find no block
Mon Sep 02 14:57:16 EDT 2019 Mon Sep 02 14:57:16 EDT 2019 : org.apache.commons.math3.util.FastMath,198=>Find no block
Mon Sep 02 14:57:17 EDT 2019 Mon Sep 02 14:57:17 EDT 2019 : org.apache.commons.math3.util.FastMath,218=>Find no block
Mon Sep 02 14:57:18 EDT 2019 Mon Sep 02 14:57:18 EDT 2019 : org.apache.commons.math3.util.FastMath,237=>Find no block
Mon Sep 02 14:57:20 EDT 2019 Mon Sep 02 14:57:20 EDT 2019 : org.apache.commons.math3.util.FastMath,256=>Find no block
Mon Sep 02 14:57:21 EDT 2019 Mon Sep 02 14:57:21 EDT 2019 : org.apache.commons.math3.util.FastMath,277=>Find no block
Mon Sep 02 14:57:22 EDT 2019 Mon Sep 02 14:57:22 EDT 2019 : org.apache.commons.math3.util.FastMath,285=>Find no block
Mon Sep 02 14:57:23 EDT 2019 Mon Sep 02 14:57:23 EDT 2019 : org.apache.commons.math3.util.FastMath,288=>Find no block
Mon Sep 02 14:57:24 EDT 2019 org.apache.commons.math3.util.FastMath,379

----------------------------------------
----------------------------------------
Pass Single Test : [=>0,0]
if(!RECOMPUTE_TABLES_AT_RUNTIME){
return Double.NaN;
}
return Math.sqrt(a);

Time : 19/09/02 14:59
----------------------------------------

----------------------------------------
----------------------------------------
Pass Single Test : [=>0,0]
return Math.asin(a);

Time : 19/09/02 15:10
----------------------------------------

----------------------------------------
----------------------------------------
Pass Single Test : [=>0,0]
return Math.acos(a);

Time : 19/09/02 15:20
----------------------------------------
Mon Sep 02 15:31:39 EDT 2019 org.apache.commons.math3.util.MathArrays,866
Mon Sep 02 15:39:35 EDT 2019 org.apache.commons.math3.util.MathArrays,867
Mon Sep 02 15:39:37 EDT 2019 org.apache.commons.math3.util.MathArrays,868
Mon Sep 02 16:05:09 EDT 2019 org.apache.commons.math3.util.MathArrays,869
Mon Sep 02 16:15:06 EDT 2019 org.apache.commons.math3.util.MathArrays,870
Mon Sep 02 16:17:24 EDT 2019 org.apache.commons.math3.util.MathArrays,871
Mon Sep 02 16:59:43 EDT 2019 org.apache.commons.math3.util.MathArrays,874
Mon Sep 02 17:11:13 EDT 2019 org.apache.commons.math3.util.MathArrays,875
Timeout time : 19/09/02 18:46
