=================================================
Project : math_90	start : 19/09/02 13:43
Current failed test : org.apache.commons.math.stat.FrequencyTest::testAddNonComparable_purify_1 | 19/09/02 13:43
Mon Sep 02 13:44:22 EDT 2019 Mon Sep 02 13:44:22 EDT 2019 : org.apache.commons.math.stat.Frequency,132=>Find no block
Mon Sep 02 13:44:23 EDT 2019 org.apache.commons.math.stat.Frequency,134
Mon Sep 02 13:45:20 EDT 2019 org.apache.commons.math.stat.Frequency,121
Mon Sep 02 13:45:45 EDT 2019 org.apache.commons.math.stat.Frequency,122
Mon Sep 02 13:45:46 EDT 2019 org.apache.commons.math.stat.Frequency,126
Mon Sep 02 13:46:07 EDT 2019 Mon Sep 02 13:46:07 EDT 2019 : org.apache.commons.math.stat.Frequency,57=>Find no block
Mon Sep 02 13:46:08 EDT 2019 org.apache.commons.math.stat.Frequency,58
Mon Sep 02 13:46:10 EDT 2019 Mon Sep 02 13:46:10 EDT 2019 : org.apache.commons.math.stat.Frequency,59=>Find no block
Mon Sep 02 13:46:12 EDT 2019 Mon Sep 02 13:46:12 EDT 2019 : org.apache.commons.math.stat.Frequency,66=>Find no block
Mon Sep 02 13:46:13 EDT 2019 org.apache.commons.math.stat.Frequency,67
Mon Sep 02 13:46:16 EDT 2019 Mon Sep 02 13:46:16 EDT 2019 : org.apache.commons.math.stat.Frequency,68=>Find no block
Mon Sep 02 13:46:17 EDT 2019 org.apache.commons.math.stat.Frequency,78
Mon Sep 02 13:47:00 EDT 2019 org.apache.commons.math.stat.Frequency,79
Mon Sep 02 13:47:01 EDT 2019 org.apache.commons.math.stat.Frequency,80
Mon Sep 02 13:48:25 EDT 2019 org.apache.commons.math.stat.Frequency,81
Mon Sep 02 13:48:26 EDT 2019 org.apache.commons.math.stat.Frequency,82
Mon Sep 02 13:50:47 EDT 2019 org.apache.commons.math.stat.Frequency,83
Mon Sep 02 13:52:43 EDT 2019 org.apache.commons.math.stat.Frequency,84
Mon Sep 02 13:52:44 EDT 2019 org.apache.commons.math.stat.Frequency,85
Mon Sep 02 13:54:46 EDT 2019 org.apache.commons.math.stat.Frequency,86
Mon Sep 02 13:57:32 EDT 2019 org.apache.commons.math.stat.Frequency,87
Mon Sep 02 13:59:54 EDT 2019 org.apache.commons.math.stat.Frequency,88
Mon Sep 02 14:02:08 EDT 2019 org.apache.commons.math.stat.Frequency,89
Mon Sep 02 14:03:56 EDT 2019 org.apache.commons.math.stat.Frequency,90
Mon Sep 02 14:06:08 EDT 2019 org.apache.commons.math.stat.Frequency,91
Mon Sep 02 14:06:09 EDT 2019 Mon Sep 02 14:06:09 EDT 2019 : org.apache.commons.math.stat.Frequency,92=>Find no block
Mon Sep 02 14:06:09 EDT 2019 org.apache.commons.math.stat.Frequency,93
Mon Sep 02 14:10:45 EDT 2019 org.apache.commons.math.stat.Frequency,123
Mon Sep 02 14:10:45 EDT 2019 org.apache.commons.math.stat.Frequency,127
Mon Sep 02 14:10:46 EDT 2019 org.apache.commons.math.stat.Frequency,128
Mon Sep 02 14:10:47 EDT 2019 org.apache.commons.math.stat.Frequency,130
Mon Sep 02 14:10:47 EDT 2019 Mon Sep 02 14:10:47 EDT 2019 : org.apache.commons.math.stat.Frequency,135=>Find no block
Mon Sep 02 14:10:48 EDT 2019 Mon Sep 02 14:10:48 EDT 2019 : org.apache.commons.math.stat.Frequency,136=>Find no block
Mon Sep 02 14:10:49 EDT 2019 org.apache.commons.math.stat.Frequency,144
Mon Sep 02 14:10:51 EDT 2019 Mon Sep 02 14:10:51 EDT 2019 : org.apache.commons.math.stat.Frequency,145=>Find no block
Mon Sep 02 14:10:52 EDT 2019 org.apache.commons.math.stat.Frequency,153
Mon Sep 02 14:10:54 EDT 2019 Mon Sep 02 14:10:54 EDT 2019 : org.apache.commons.math.stat.Frequency,154=>Find no block
Mon Sep 02 14:10:55 EDT 2019 org.apache.commons.math.stat.Frequency,162
Mon Sep 02 14:10:56 EDT 2019 Mon Sep 02 14:10:56 EDT 2019 : org.apache.commons.math.stat.Frequency,163=>Find no block
Mon Sep 02 14:10:56 EDT 2019 org.apache.commons.math.stat.Frequency,171
Mon Sep 02 14:10:59 EDT 2019 Mon Sep 02 14:10:59 EDT 2019 : org.apache.commons.math.stat.Frequency,172=>Find no block
Mon Sep 02 14:10:59 EDT 2019 org.apache.commons.math.stat.Frequency,176
Mon Sep 02 14:11:01 EDT 2019 Mon Sep 02 14:11:01 EDT 2019 : org.apache.commons.math.stat.Frequency,177=>Find no block
Mon Sep 02 14:11:02 EDT 2019 org.apache.commons.math.stat.Frequency,189
Mon Sep 02 14:11:05 EDT 2019 org.apache.commons.math.stat.Frequency,200
Mon Sep 02 14:12:23 EDT 2019 org.apache.commons.math.stat.Frequency,201
Mon Sep 02 14:12:24 EDT 2019 org.apache.commons.math.stat.Frequency,202
Mon Sep 02 14:12:24 EDT 2019 org.apache.commons.math.stat.Frequency,203
Mon Sep 02 14:12:25 EDT 2019 org.apache.commons.math.stat.Frequency,205
Mon Sep 02 14:12:25 EDT 2019 org.apache.commons.math.stat.Frequency,216
Mon Sep 02 14:12:53 EDT 2019 org.apache.commons.math.stat.Frequency,217
Mon Sep 02 14:12:54 EDT 2019 org.apache.commons.math.stat.Frequency,219
Mon Sep 02 14:14:20 EDT 2019 org.apache.commons.math.stat.Frequency,221
Mon Sep 02 14:14:20 EDT 2019 org.apache.commons.math.stat.Frequency,222
Mon Sep 02 14:14:21 EDT 2019 org.apache.commons.math.stat.Frequency,223
Mon Sep 02 14:14:22 EDT 2019 Mon Sep 02 14:14:22 EDT 2019 : org.apache.commons.math.stat.Frequency,227=>Find no block
Mon Sep 02 14:14:23 EDT 2019 Mon Sep 02 14:14:23 EDT 2019 : org.apache.commons.math.stat.Frequency,225=>Find no block
Mon Sep 02 14:14:23 EDT 2019 org.apache.commons.math.stat.Frequency,228
Mon Sep 02 14:14:24 EDT 2019 org.apache.commons.math.stat.Frequency,238
Mon Sep 02 14:15:15 EDT 2019 org.apache.commons.math.stat.Frequency,248
Mon Sep 02 14:15:15 EDT 2019 org.apache.commons.math.stat.Frequency,258
Mon Sep 02 14:16:06 EDT 2019 org.apache.commons.math.stat.Frequency,273
Mon Sep 02 14:16:38 EDT 2019 org.apache.commons.math.stat.Frequency,274
Mon Sep 02 14:16:40 EDT 2019 org.apache.commons.math.stat.Frequency,275
Mon Sep 02 14:16:40 EDT 2019 org.apache.commons.math.stat.Frequency,277
Mon Sep 02 14:16:41 EDT 2019 org.apache.commons.math.stat.Frequency,288
Mon Sep 02 14:17:10 EDT 2019 org.apache.commons.math.stat.Frequency,299
Mon Sep 02 14:17:11 EDT 2019 org.apache.commons.math.stat.Frequency,310
Mon Sep 02 14:17:49 EDT 2019 org.apache.commons.math.stat.Frequency,324
Mon Sep 02 14:17:51 EDT 2019 org.apache.commons.math.stat.Frequency,325
Mon Sep 02 14:17:52 EDT 2019 org.apache.commons.math.stat.Frequency,327
Mon Sep 02 14:18:20 EDT 2019 org.apache.commons.math.stat.Frequency,328
Mon Sep 02 14:18:21 EDT 2019 org.apache.commons.math.stat.Frequency,330
Mon Sep 02 14:18:59 EDT 2019 org.apache.commons.math.stat.Frequency,331
Mon Sep 02 14:19:00 EDT 2019 org.apache.commons.math.stat.Frequency,332
Mon Sep 02 14:19:00 EDT 2019 org.apache.commons.math.stat.Frequency,334
Mon Sep 02 14:19:56 EDT 2019 org.apache.commons.math.stat.Frequency,337
Mon Sep 02 14:20:21 EDT 2019 org.apache.commons.math.stat.Frequency,338
Mon Sep 02 14:20:22 EDT 2019 org.apache.commons.math.stat.Frequency,339
Mon Sep 02 14:20:23 EDT 2019 Mon Sep 02 14:20:23 EDT 2019 : org.apache.commons.math.stat.Frequency,343=>Find no block
Mon Sep 02 14:20:23 EDT 2019 Mon Sep 02 14:20:23 EDT 2019 : org.apache.commons.math.stat.Frequency,341=>Find no block
Mon Sep 02 14:20:24 EDT 2019 org.apache.commons.math.stat.Frequency,342
Mon Sep 02 14:21:24 EDT 2019 org.apache.commons.math.stat.Frequency,345
Mon Sep 02 14:21:24 EDT 2019 org.apache.commons.math.stat.Frequency,346
Mon Sep 02 14:21:25 EDT 2019 org.apache.commons.math.stat.Frequency,349
Mon Sep 02 14:21:57 EDT 2019 org.apache.commons.math.stat.Frequency,350
Mon Sep 02 14:21:58 EDT 2019 org.apache.commons.math.stat.Frequency,353
Mon Sep 02 14:24:52 EDT 2019 org.apache.commons.math.stat.Frequency,354
Mon Sep 02 14:24:52 EDT 2019 org.apache.commons.math.stat.Frequency,355
Mon Sep 02 14:24:53 EDT 2019 org.apache.commons.math.stat.Frequency,356
Mon Sep 02 14:24:54 EDT 2019 org.apache.commons.math.stat.Frequency,357
Mon Sep 02 14:24:54 EDT 2019 org.apache.commons.math.stat.Frequency,359
Mon Sep 02 14:24:55 EDT 2019 Mon Sep 02 14:24:55 EDT 2019 : org.apache.commons.math.stat.Frequency,361=>Find no block
Mon Sep 02 14:24:56 EDT 2019 org.apache.commons.math.stat.Frequency,362
Mon Sep 02 14:26:50 EDT 2019 org.apache.commons.math.stat.Frequency,374
Mon Sep 02 14:27:41 EDT 2019 org.apache.commons.math.stat.Frequency,386
Mon Sep 02 14:27:42 EDT 2019 org.apache.commons.math.stat.Frequency,398
Mon Sep 02 14:28:34 EDT 2019 org.apache.commons.math.stat.Frequency,415
Mon Sep 02 14:29:06 EDT 2019 org.apache.commons.math.stat.Frequency,416
Mon Sep 02 14:29:07 EDT 2019 org.apache.commons.math.stat.Frequency,417
Mon Sep 02 14:29:08 EDT 2019 org.apache.commons.math.stat.Frequency,419
Mon Sep 02 14:29:08 EDT 2019 org.apache.commons.math.stat.Frequency,432
Mon Sep 02 14:29:38 EDT 2019 org.apache.commons.math.stat.Frequency,445
Mon Sep 02 14:29:39 EDT 2019 org.apache.commons.math.stat.Frequency,458
Mon Sep 02 14:30:17 EDT 2019 Mon Sep 02 14:30:17 EDT 2019 : org.apache.commons.math.stat.Frequency,465=>Find no block
Mon Sep 02 14:30:18 EDT 2019 org.apache.commons.math.stat.Frequency,484
Failed time : 19/09/02 14:30
Current failed test : org.apache.commons.math.stat.FrequencyTest::testAddNonComparable_purify_2 | 19/09/02 14:30
Mon Sep 02 14:30:47 EDT 2019 Mon Sep 02 14:30:47 EDT 2019 : org.apache.commons.math.stat.Frequency,132=>Find no block
Mon Sep 02 14:30:47 EDT 2019 org.apache.commons.math.stat.Frequency,134
Mon Sep 02 14:31:34 EDT 2019 org.apache.commons.math.stat.Frequency,121
Mon Sep 02 14:31:56 EDT 2019 org.apache.commons.math.stat.Frequency,122
Mon Sep 02 14:31:57 EDT 2019 org.apache.commons.math.stat.Frequency,126
Mon Sep 02 14:32:15 EDT 2019 Mon Sep 02 14:32:15 EDT 2019 : org.apache.commons.math.stat.Frequency,57=>Find no block
Mon Sep 02 14:32:16 EDT 2019 org.apache.commons.math.stat.Frequency,58
Mon Sep 02 14:32:18 EDT 2019 Mon Sep 02 14:32:18 EDT 2019 : org.apache.commons.math.stat.Frequency,59=>Find no block
Mon Sep 02 14:32:18 EDT 2019 Mon Sep 02 14:32:18 EDT 2019 : org.apache.commons.math.stat.Frequency,66=>Find no block
Mon Sep 02 14:32:19 EDT 2019 org.apache.commons.math.stat.Frequency,67
Mon Sep 02 14:32:21 EDT 2019 Mon Sep 02 14:32:21 EDT 2019 : org.apache.commons.math.stat.Frequency,68=>Find no block
Mon Sep 02 14:32:22 EDT 2019 org.apache.commons.math.stat.Frequency,78
Mon Sep 02 14:33:03 EDT 2019 org.apache.commons.math.stat.Frequency,79
Mon Sep 02 14:33:04 EDT 2019 org.apache.commons.math.stat.Frequency,80
Mon Sep 02 14:34:24 EDT 2019 org.apache.commons.math.stat.Frequency,81
Mon Sep 02 14:34:25 EDT 2019 org.apache.commons.math.stat.Frequency,82
Mon Sep 02 14:36:43 EDT 2019 org.apache.commons.math.stat.Frequency,83
Mon Sep 02 14:38:38 EDT 2019 org.apache.commons.math.stat.Frequency,84
Mon Sep 02 14:38:39 EDT 2019 org.apache.commons.math.stat.Frequency,85
Mon Sep 02 14:40:40 EDT 2019 org.apache.commons.math.stat.Frequency,86
Mon Sep 02 14:43:25 EDT 2019 org.apache.commons.math.stat.Frequency,87
Mon Sep 02 14:45:46 EDT 2019 org.apache.commons.math.stat.Frequency,88
Mon Sep 02 14:48:00 EDT 2019 org.apache.commons.math.stat.Frequency,89
Mon Sep 02 14:49:45 EDT 2019 org.apache.commons.math.stat.Frequency,90
Mon Sep 02 14:51:58 EDT 2019 org.apache.commons.math.stat.Frequency,91
Mon Sep 02 14:51:58 EDT 2019 Mon Sep 02 14:51:58 EDT 2019 : org.apache.commons.math.stat.Frequency,92=>Find no block
Mon Sep 02 14:51:59 EDT 2019 org.apache.commons.math.stat.Frequency,93
Mon Sep 02 14:56:32 EDT 2019 org.apache.commons.math.stat.Frequency,123
Mon Sep 02 14:56:32 EDT 2019 org.apache.commons.math.stat.Frequency,127
Mon Sep 02 14:56:33 EDT 2019 org.apache.commons.math.stat.Frequency,128
Mon Sep 02 14:56:33 EDT 2019 org.apache.commons.math.stat.Frequency,130
Mon Sep 02 14:56:34 EDT 2019 Mon Sep 02 14:56:34 EDT 2019 : org.apache.commons.math.stat.Frequency,135=>Find no block
Mon Sep 02 14:56:35 EDT 2019 Mon Sep 02 14:56:35 EDT 2019 : org.apache.commons.math.stat.Frequency,136=>Find no block
Mon Sep 02 14:56:35 EDT 2019 org.apache.commons.math.stat.Frequency,144
Mon Sep 02 14:56:37 EDT 2019 Mon Sep 02 14:56:37 EDT 2019 : org.apache.commons.math.stat.Frequency,145=>Find no block
Mon Sep 02 14:56:38 EDT 2019 org.apache.commons.math.stat.Frequency,153
Mon Sep 02 14:56:40 EDT 2019 Mon Sep 02 14:56:40 EDT 2019 : org.apache.commons.math.stat.Frequency,154=>Find no block
Mon Sep 02 14:56:40 EDT 2019 org.apache.commons.math.stat.Frequency,162
Mon Sep 02 14:56:41 EDT 2019 Mon Sep 02 14:56:41 EDT 2019 : org.apache.commons.math.stat.Frequency,163=>Find no block
Mon Sep 02 14:56:41 EDT 2019 org.apache.commons.math.stat.Frequency,171
Mon Sep 02 14:56:43 EDT 2019 Mon Sep 02 14:56:43 EDT 2019 : org.apache.commons.math.stat.Frequency,172=>Find no block
Mon Sep 02 14:56:44 EDT 2019 org.apache.commons.math.stat.Frequency,176
Mon Sep 02 14:56:46 EDT 2019 Mon Sep 02 14:56:46 EDT 2019 : org.apache.commons.math.stat.Frequency,177=>Find no block
Mon Sep 02 14:56:47 EDT 2019 org.apache.commons.math.stat.Frequency,189
Mon Sep 02 14:56:49 EDT 2019 org.apache.commons.math.stat.Frequency,200
Mon Sep 02 14:58:07 EDT 2019 org.apache.commons.math.stat.Frequency,201
Mon Sep 02 14:58:08 EDT 2019 org.apache.commons.math.stat.Frequency,202
Mon Sep 02 14:58:08 EDT 2019 org.apache.commons.math.stat.Frequency,203
Mon Sep 02 14:58:09 EDT 2019 org.apache.commons.math.stat.Frequency,205
Mon Sep 02 14:58:09 EDT 2019 org.apache.commons.math.stat.Frequency,216
Mon Sep 02 14:58:37 EDT 2019 org.apache.commons.math.stat.Frequency,217
Mon Sep 02 14:58:37 EDT 2019 org.apache.commons.math.stat.Frequency,219
Mon Sep 02 15:00:03 EDT 2019 org.apache.commons.math.stat.Frequency,221
Mon Sep 02 15:00:04 EDT 2019 org.apache.commons.math.stat.Frequency,222
Mon Sep 02 15:00:04 EDT 2019 org.apache.commons.math.stat.Frequency,223
Mon Sep 02 15:00:05 EDT 2019 Mon Sep 02 15:00:05 EDT 2019 : org.apache.commons.math.stat.Frequency,227=>Find no block
Mon Sep 02 15:00:06 EDT 2019 Mon Sep 02 15:00:06 EDT 2019 : org.apache.commons.math.stat.Frequency,225=>Find no block
Mon Sep 02 15:00:06 EDT 2019 org.apache.commons.math.stat.Frequency,228
Mon Sep 02 15:00:07 EDT 2019 org.apache.commons.math.stat.Frequency,238
Mon Sep 02 15:00:57 EDT 2019 org.apache.commons.math.stat.Frequency,248
Mon Sep 02 15:00:58 EDT 2019 org.apache.commons.math.stat.Frequency,258
Mon Sep 02 15:01:48 EDT 2019 org.apache.commons.math.stat.Frequency,273
Mon Sep 02 15:02:19 EDT 2019 org.apache.commons.math.stat.Frequency,274
Mon Sep 02 15:02:21 EDT 2019 org.apache.commons.math.stat.Frequency,275
Mon Sep 02 15:02:22 EDT 2019 org.apache.commons.math.stat.Frequency,277
Mon Sep 02 15:02:22 EDT 2019 org.apache.commons.math.stat.Frequency,288
Mon Sep 02 15:02:55 EDT 2019 org.apache.commons.math.stat.Frequency,299
Mon Sep 02 15:02:56 EDT 2019 org.apache.commons.math.stat.Frequency,310
Mon Sep 02 15:03:34 EDT 2019 org.apache.commons.math.stat.Frequency,324
Mon Sep 02 15:03:36 EDT 2019 org.apache.commons.math.stat.Frequency,325
Mon Sep 02 15:03:37 EDT 2019 org.apache.commons.math.stat.Frequency,327
Mon Sep 02 15:04:07 EDT 2019 org.apache.commons.math.stat.Frequency,328
Mon Sep 02 15:04:07 EDT 2019 org.apache.commons.math.stat.Frequency,330
Mon Sep 02 15:04:44 EDT 2019 org.apache.commons.math.stat.Frequency,331
Mon Sep 02 15:04:45 EDT 2019 org.apache.commons.math.stat.Frequency,332
Mon Sep 02 15:04:45 EDT 2019 org.apache.commons.math.stat.Frequency,334
Mon Sep 02 15:05:43 EDT 2019 org.apache.commons.math.stat.Frequency,337
Mon Sep 02 15:06:15 EDT 2019 org.apache.commons.math.stat.Frequency,338
Mon Sep 02 15:06:16 EDT 2019 org.apache.commons.math.stat.Frequency,339
Mon Sep 02 15:06:16 EDT 2019 Mon Sep 02 15:06:16 EDT 2019 : org.apache.commons.math.stat.Frequency,343=>Find no block
Mon Sep 02 15:06:17 EDT 2019 Mon Sep 02 15:06:17 EDT 2019 : org.apache.commons.math.stat.Frequency,341=>Find no block
Mon Sep 02 15:06:18 EDT 2019 org.apache.commons.math.stat.Frequency,342
Mon Sep 02 15:07:16 EDT 2019 org.apache.commons.math.stat.Frequency,345
Mon Sep 02 15:07:17 EDT 2019 org.apache.commons.math.stat.Frequency,346
Mon Sep 02 15:07:17 EDT 2019 org.apache.commons.math.stat.Frequency,349
Mon Sep 02 15:07:49 EDT 2019 org.apache.commons.math.stat.Frequency,350
Mon Sep 02 15:07:49 EDT 2019 org.apache.commons.math.stat.Frequency,353
Mon Sep 02 15:10:52 EDT 2019 org.apache.commons.math.stat.Frequency,354
Mon Sep 02 15:10:53 EDT 2019 org.apache.commons.math.stat.Frequency,355
Mon Sep 02 15:10:54 EDT 2019 org.apache.commons.math.stat.Frequency,356
Mon Sep 02 15:10:54 EDT 2019 org.apache.commons.math.stat.Frequency,357
Mon Sep 02 15:10:55 EDT 2019 org.apache.commons.math.stat.Frequency,359
Mon Sep 02 15:10:56 EDT 2019 Mon Sep 02 15:10:56 EDT 2019 : org.apache.commons.math.stat.Frequency,361=>Find no block
Mon Sep 02 15:10:56 EDT 2019 org.apache.commons.math.stat.Frequency,362
Mon Sep 02 15:12:50 EDT 2019 org.apache.commons.math.stat.Frequency,374
Mon Sep 02 15:13:40 EDT 2019 org.apache.commons.math.stat.Frequency,386
Mon Sep 02 15:13:41 EDT 2019 org.apache.commons.math.stat.Frequency,398
Mon Sep 02 15:14:33 EDT 2019 org.apache.commons.math.stat.Frequency,415
Mon Sep 02 15:15:05 EDT 2019 org.apache.commons.math.stat.Frequency,416
Mon Sep 02 15:15:05 EDT 2019 org.apache.commons.math.stat.Frequency,417
Mon Sep 02 15:15:06 EDT 2019 org.apache.commons.math.stat.Frequency,419
Mon Sep 02 15:15:06 EDT 2019 org.apache.commons.math.stat.Frequency,432
Mon Sep 02 15:15:35 EDT 2019 org.apache.commons.math.stat.Frequency,445
Mon Sep 02 15:15:36 EDT 2019 org.apache.commons.math.stat.Frequency,458
Mon Sep 02 15:16:18 EDT 2019 Mon Sep 02 15:16:18 EDT 2019 : org.apache.commons.math.stat.Frequency,465=>Find no block
Mon Sep 02 15:16:19 EDT 2019 org.apache.commons.math.stat.Frequency,484
Failed time : 19/09/02 15:16
