=================================================
Project : math_91	start : 19/09/02 13:43
Current failed test : org.apache.commons.math.fraction.FractionTest::testCompareTo | 19/09/02 13:43
Mon Sep 02 13:44:12 EDT 2019 org.apache.commons.math.fraction.Fraction,259
Mon Sep 02 13:44:18 EDT 2019 org.apache.commons.math.fraction.Fraction,260
Mon Sep 02 13:44:20 EDT 2019 org.apache.commons.math.fraction.Fraction,261
Mon Sep 02 13:44:21 EDT 2019 org.apache.commons.math.fraction.Fraction,270
Mon Sep 02 13:44:26 EDT 2019 org.apache.commons.math.util.MathUtils,604
Mon Sep 02 13:44:30 EDT 2019 Mon Sep 02 13:44:30 EDT 2019 : org.apache.commons.math.util.MathUtils,434=>Find no block
Mon Sep 02 13:44:32 EDT 2019 org.apache.commons.math.util.MathUtils,561
Mon Sep 02 14:07:39 EDT 2019 org.apache.commons.math.util.MathUtils,562
Mon Sep 02 14:07:39 EDT 2019 org.apache.commons.math.util.MathUtils,563
Mon Sep 02 14:07:40 EDT 2019 org.apache.commons.math.util.MathUtils,564
Mon Sep 02 14:07:41 EDT 2019 org.apache.commons.math.util.MathUtils,569
Mon Sep 02 14:07:42 EDT 2019 org.apache.commons.math.util.MathUtils,576
Mon Sep 02 14:07:58 EDT 2019 org.apache.commons.math.util.MathUtils,577
Mon Sep 02 14:07:59 EDT 2019 org.apache.commons.math.util.MathUtils,579
Mon Sep 02 14:08:55 EDT 2019 org.apache.commons.math.util.MathUtils,580
Mon Sep 02 14:08:56 EDT 2019 org.apache.commons.math.util.MathUtils,583
Mon Sep 02 14:10:27 EDT 2019 org.apache.commons.math.util.MathUtils,584
Mon Sep 02 14:10:28 EDT 2019 org.apache.commons.math.util.MathUtils,590
Mon Sep 02 14:16:43 EDT 2019 org.apache.commons.math.util.MathUtils,597
Mon Sep 02 14:19:33 EDT 2019 org.apache.commons.math.util.MathUtils,603
Mon Sep 02 14:19:33 EDT 2019 org.apache.commons.math.util.MathUtils,607
Mon Sep 02 14:23:18 EDT 2019 org.apache.commons.math.util.MathUtils,608
Mon Sep 02 14:23:19 EDT 2019 org.apache.commons.math.util.MathUtils,610
Mon Sep 02 14:23:20 EDT 2019 org.apache.commons.math.util.MathUtils,613
Mon Sep 02 14:23:22 EDT 2019 org.apache.commons.math.util.MathUtils,616
Mon Sep 02 14:23:23 EDT 2019 org.apache.commons.math.util.MathUtils,617
Mon Sep 02 14:23:49 EDT 2019 org.apache.commons.math.fraction.Fraction,209
Mon Sep 02 14:25:24 EDT 2019 org.apache.commons.math.fraction.Fraction,210
Mon Sep 02 14:27:26 EDT 2019 org.apache.commons.math.fraction.Fraction,214
Mon Sep 02 14:29:03 EDT 2019 org.apache.commons.math.fraction.Fraction,223
Mon Sep 02 14:31:12 EDT 2019 org.apache.commons.math.fraction.Fraction,224
Mon Sep 02 14:31:12 EDT 2019 org.apache.commons.math.fraction.Fraction,230
Mon Sep 02 14:32:45 EDT 2019 org.apache.commons.math.fraction.Fraction,234
Mon Sep 02 14:33:51 EDT 2019 org.apache.commons.math.fraction.Fraction,235
Mon Sep 02 14:33:52 EDT 2019 Mon Sep 02 14:33:52 EDT 2019 : org.apache.commons.math.fraction.Fraction,236=>Find no block
Mon Sep 02 14:33:53 EDT 2019 Mon Sep 02 14:33:53 EDT 2019 : org.apache.commons.math.fraction.Fraction,33=>Find no block
Mon Sep 02 14:33:54 EDT 2019 Mon Sep 02 14:33:54 EDT 2019 : org.apache.commons.math.fraction.Fraction,36=>Find no block
Mon Sep 02 14:33:55 EDT 2019 Mon Sep 02 14:33:55 EDT 2019 : org.apache.commons.math.fraction.Fraction,39=>Find no block
Mon Sep 02 14:33:56 EDT 2019 Mon Sep 02 14:33:56 EDT 2019 : org.apache.commons.math.fraction.Fraction,42=>Find no block
Mon Sep 02 14:33:57 EDT 2019 org.apache.commons.math.util.MathUtils,65
Mon Sep 02 14:34:00 EDT 2019 Mon Sep 02 14:34:00 EDT 2019 : org.apache.commons.math.util.MathUtils,66=>Find no block
Mon Sep 02 14:34:01 EDT 2019 org.apache.commons.math.util.MathUtils,79
Mon Sep 02 14:34:44 EDT 2019 org.apache.commons.math.util.MathUtils,80
Mon Sep 02 14:35:12 EDT 2019 org.apache.commons.math.util.MathUtils,81
Mon Sep 02 14:35:13 EDT 2019 org.apache.commons.math.util.MathUtils,83
Mon Sep 02 14:35:14 EDT 2019 org.apache.commons.math.util.MathUtils,97
Mon Sep 02 14:35:17 EDT 2019 org.apache.commons.math.util.MathUtils,113
Mon Sep 02 14:37:11 EDT 2019 org.apache.commons.math.util.MathUtils,115
Mon Sep 02 14:37:14 EDT 2019 org.apache.commons.math.util.MathUtils,119
Mon Sep 02 14:37:15 EDT 2019 org.apache.commons.math.util.MathUtils,120
Mon Sep 02 14:37:16 EDT 2019 org.apache.commons.math.util.MathUtils,122
Mon Sep 02 14:37:16 EDT 2019 org.apache.commons.math.util.MathUtils,123
Mon Sep 02 14:37:17 EDT 2019 org.apache.commons.math.util.MathUtils,125
Mon Sep 02 14:37:18 EDT 2019 org.apache.commons.math.util.MathUtils,129
Mon Sep 02 14:37:18 EDT 2019 org.apache.commons.math.util.MathUtils,136
Mon Sep 02 14:37:19 EDT 2019 org.apache.commons.math.util.MathUtils,137
Mon Sep 02 14:37:20 EDT 2019 org.apache.commons.math.util.MathUtils,139
Mon Sep 02 14:37:21 EDT 2019 org.apache.commons.math.util.MathUtils,143
Mon Sep 02 14:37:53 EDT 2019 org.apache.commons.math.util.MathUtils,172
Mon Sep 02 14:45:42 EDT 2019 org.apache.commons.math.util.MathUtils,173
Mon Sep 02 14:45:42 EDT 2019 org.apache.commons.math.util.MathUtils,176
Mon Sep 02 14:50:30 EDT 2019 org.apache.commons.math.util.MathUtils,177
Mon Sep 02 14:50:31 EDT 2019 org.apache.commons.math.util.MathUtils,180
Mon Sep 02 14:54:57 EDT 2019 org.apache.commons.math.util.MathUtils,181
Mon Sep 02 14:54:57 EDT 2019 org.apache.commons.math.util.MathUtils,183
Mon Sep 02 15:00:36 EDT 2019 org.apache.commons.math.util.MathUtils,184
Mon Sep 02 15:00:37 EDT 2019 org.apache.commons.math.util.MathUtils,187
Mon Sep 02 15:03:08 EDT 2019 org.apache.commons.math.util.MathUtils,188
Mon Sep 02 15:03:09 EDT 2019 org.apache.commons.math.util.MathUtils,195
Mon Sep 02 15:11:23 EDT 2019 org.apache.commons.math.util.MathUtils,196
Mon Sep 02 15:49:27 EDT 2019 org.apache.commons.math.util.MathUtils,198
Mon Sep 02 15:49:28 EDT 2019 org.apache.commons.math.util.MathUtils,199
Mon Sep 02 15:49:30 EDT 2019 org.apache.commons.math.util.MathUtils,201
Mon Sep 02 15:49:32 EDT 2019 org.apache.commons.math.util.MathUtils,204
Mon Sep 02 15:49:39 EDT 2019 org.apache.commons.math.util.MathUtils,211
Mon Sep 02 15:49:40 EDT 2019 org.apache.commons.math.util.MathUtils,212
Mon Sep 02 15:49:47 EDT 2019 org.apache.commons.math.util.MathUtils,218
Mon Sep 02 15:49:48 EDT 2019 org.apache.commons.math.util.MathUtils,219
Mon Sep 02 15:49:55 EDT 2019 org.apache.commons.math.util.MathUtils,220
Mon Sep 02 15:49:56 EDT 2019 org.apache.commons.math.util.MathUtils,223
Mon Sep 02 16:02:26 EDT 2019 org.apache.commons.math.util.MathUtils,249
Mon Sep 02 16:02:27 EDT 2019 org.apache.commons.math.util.MathUtils,250
Mon Sep 02 16:02:28 EDT 2019 org.apache.commons.math.util.MathUtils,253
Mon Sep 02 16:02:29 EDT 2019 org.apache.commons.math.util.MathUtils,254
Mon Sep 02 16:02:29 EDT 2019 org.apache.commons.math.util.MathUtils,257
Mon Sep 02 16:06:58 EDT 2019 org.apache.commons.math.util.MathUtils,258
Mon Sep 02 16:06:58 EDT 2019 org.apache.commons.math.util.MathUtils,260
Mon Sep 02 16:06:59 EDT 2019 org.apache.commons.math.util.MathUtils,261
Mon Sep 02 16:07:00 EDT 2019 org.apache.commons.math.util.MathUtils,263
Mon Sep 02 16:09:36 EDT 2019 org.apache.commons.math.util.MathUtils,264
Mon Sep 02 16:09:37 EDT 2019 org.apache.commons.math.util.MathUtils,266
Mon Sep 02 16:13:10 EDT 2019 org.apache.commons.math.util.MathUtils,267
Mon Sep 02 16:13:11 EDT 2019 org.apache.commons.math.util.MathUtils,270
Mon Sep 02 16:29:11 EDT 2019 org.apache.commons.math.util.MathUtils,271
Mon Sep 02 16:29:11 EDT 2019 org.apache.commons.math.util.MathUtils,272
Mon Sep 02 16:29:12 EDT 2019 org.apache.commons.math.util.MathUtils,275
Mon Sep 02 16:33:10 EDT 2019 org.apache.commons.math.util.MathUtils,297
Mon Sep 02 16:33:11 EDT 2019 org.apache.commons.math.util.MathUtils,298
Mon Sep 02 16:33:11 EDT 2019 org.apache.commons.math.util.MathUtils,301
Mon Sep 02 16:33:12 EDT 2019 org.apache.commons.math.util.MathUtils,302
Mon Sep 02 16:33:13 EDT 2019 org.apache.commons.math.util.MathUtils,305
Mon Sep 02 16:37:34 EDT 2019 org.apache.commons.math.util.MathUtils,306
Mon Sep 02 16:37:35 EDT 2019 org.apache.commons.math.util.MathUtils,308
Mon Sep 02 16:42:55 EDT 2019 org.apache.commons.math.util.MathUtils,309
Mon Sep 02 16:42:55 EDT 2019 org.apache.commons.math.util.MathUtils,316
Mon Sep 02 16:47:02 EDT 2019 org.apache.commons.math.util.MathUtils,317
Mon Sep 02 16:47:02 EDT 2019 org.apache.commons.math.util.MathUtils,324
Mon Sep 02 16:51:10 EDT 2019 org.apache.commons.math.util.MathUtils,325
Mon Sep 02 16:51:11 EDT 2019 org.apache.commons.math.util.MathUtils,328
Mon Sep 02 16:53:38 EDT 2019 org.apache.commons.math.util.MathUtils,329
Mon Sep 02 16:53:39 EDT 2019 org.apache.commons.math.util.MathUtils,335
Mon Sep 02 17:05:16 EDT 2019 org.apache.commons.math.util.MathUtils,338
Mon Sep 02 17:05:17 EDT 2019 org.apache.commons.math.util.MathUtils,339
Mon Sep 02 17:05:18 EDT 2019 org.apache.commons.math.util.MathUtils,343
Mon Sep 02 17:16:37 EDT 2019 org.apache.commons.math.util.MathUtils,344
Mon Sep 02 17:16:38 EDT 2019 org.apache.commons.math.util.MathUtils,347
Mon Sep 02 17:21:07 EDT 2019 org.apache.commons.math.util.MathUtils,361
Mon Sep 02 17:22:21 EDT 2019 org.apache.commons.math.util.MathUtils,362
Mon Sep 02 17:22:22 EDT 2019 org.apache.commons.math.util.MathUtils,363
Mon Sep 02 17:22:22 EDT 2019 org.apache.commons.math.util.MathUtils,364
Mon Sep 02 17:22:23 EDT 2019 org.apache.commons.math.util.MathUtils,366
Mon Sep 02 17:22:26 EDT 2019 org.apache.commons.math.util.MathUtils,377
Mon Sep 02 17:24:00 EDT 2019 org.apache.commons.math.util.MathUtils,389
Mon Sep 02 17:24:30 EDT 2019 org.apache.commons.math.util.MathUtils,405
Mon Sep 02 17:26:19 EDT 2019 org.apache.commons.math.util.MathUtils,419
Mon Sep 02 17:27:24 EDT 2019 org.apache.commons.math.util.MathUtils,420
Mon Sep 02 17:27:25 EDT 2019 org.apache.commons.math.util.MathUtils,422
Mon Sep 02 17:30:50 EDT 2019 org.apache.commons.math.util.MathUtils,423
Mon Sep 02 17:30:50 EDT 2019 org.apache.commons.math.util.MathUtils,425
Mon Sep 02 17:34:53 EDT 2019 org.apache.commons.math.util.MathUtils,426
Mon Sep 02 17:34:53 EDT 2019 org.apache.commons.math.util.MathUtils,427
Mon Sep 02 17:34:54 EDT 2019 org.apache.commons.math.util.MathUtils,430
Mon Sep 02 17:42:34 EDT 2019 org.apache.commons.math.util.MathUtils,463
Mon Sep 02 17:45:49 EDT 2019 org.apache.commons.math.util.MathUtils,464
Mon Sep 02 17:45:50 EDT 2019 org.apache.commons.math.util.MathUtils,466
Mon Sep 02 17:51:03 EDT 2019 org.apache.commons.math.util.MathUtils,467
Mon Sep 02 17:51:04 EDT 2019 org.apache.commons.math.util.MathUtils,470
Mon Sep 02 17:54:48 EDT 2019 org.apache.commons.math.util.MathUtils,494
Mon Sep 02 17:54:48 EDT 2019 org.apache.commons.math.util.MathUtils,495
Mon Sep 02 17:54:49 EDT 2019 org.apache.commons.math.util.MathUtils,497
Mon Sep 02 17:57:09 EDT 2019 org.apache.commons.math.util.MathUtils,498
Mon Sep 02 17:57:10 EDT 2019 org.apache.commons.math.util.MathUtils,500
Mon Sep 02 18:01:59 EDT 2019 org.apache.commons.math.util.MathUtils,517
Mon Sep 02 18:05:18 EDT 2019 org.apache.commons.math.util.MathUtils,518
Mon Sep 02 18:05:19 EDT 2019 org.apache.commons.math.util.MathUtils,520
Mon Sep 02 18:07:54 EDT 2019 org.apache.commons.math.util.MathUtils,521
Mon Sep 02 18:07:55 EDT 2019 org.apache.commons.math.util.MathUtils,523
Mon Sep 02 18:26:08 EDT 2019 org.apache.commons.math.util.MathUtils,524
Mon Sep 02 18:26:08 EDT 2019 org.apache.commons.math.util.MathUtils,525
Mon Sep 02 18:26:09 EDT 2019 org.apache.commons.math.util.MathUtils,527
Mon Sep 02 18:26:10 EDT 2019 org.apache.commons.math.util.MathUtils,565
Mon Sep 02 18:26:10 EDT 2019 org.apache.commons.math.util.MathUtils,586
Mon Sep 02 18:26:11 EDT 2019 org.apache.commons.math.util.MathUtils,587
Mon Sep 02 18:26:12 EDT 2019 org.apache.commons.math.util.MathUtils,588
Mon Sep 02 18:26:12 EDT 2019 org.apache.commons.math.util.MathUtils,591
Mon Sep 02 18:26:13 EDT 2019 org.apache.commons.math.util.MathUtils,627
Mon Sep 02 18:26:27 EDT 2019 org.apache.commons.math.util.MathUtils,638
Mon Sep 02 18:26:40 EDT 2019 org.apache.commons.math.util.MathUtils,649
Mon Sep 02 18:27:26 EDT 2019 org.apache.commons.math.util.MathUtils,661
Mon Sep 02 18:28:16 EDT 2019 org.apache.commons.math.util.MathUtils,662
Mon Sep 02 18:28:16 EDT 2019 org.apache.commons.math.util.MathUtils,664
Mon Sep 02 18:29:15 EDT 2019 org.apache.commons.math.util.MathUtils,675
Mon Sep 02 18:29:49 EDT 2019 org.apache.commons.math.util.MathUtils,676
Mon Sep 02 18:29:50 EDT 2019 org.apache.commons.math.util.MathUtils,678
Mon Sep 02 18:30:16 EDT 2019 org.apache.commons.math.util.MathUtils,688
Mon Sep 02 18:30:40 EDT 2019 org.apache.commons.math.util.MathUtils,698
Mon Sep 02 18:31:04 EDT 2019 org.apache.commons.math.util.MathUtils,709
Mon Sep 02 18:31:48 EDT 2019 org.apache.commons.math.util.MathUtils,736
Mon Sep 02 18:31:50 EDT 2019 org.apache.commons.math.util.MathUtils,737
Mon Sep 02 18:31:51 EDT 2019 org.apache.commons.math.util.MathUtils,739
Mon Sep 02 18:34:46 EDT 2019 org.apache.commons.math.util.MathUtils,740
Mon Sep 02 18:34:47 EDT 2019 org.apache.commons.math.util.MathUtils,741
Mon Sep 02 18:34:48 EDT 2019 org.apache.commons.math.util.MathUtils,743
Mon Sep 02 18:34:48 EDT 2019 org.apache.commons.math.util.MathUtils,763
Mon Sep 02 18:36:20 EDT 2019 org.apache.commons.math.util.MathUtils,777
Mon Sep 02 18:37:04 EDT 2019 org.apache.commons.math.util.MathUtils,778
Mon Sep 02 18:37:05 EDT 2019 org.apache.commons.math.util.MathUtils,779
Mon Sep 02 18:37:06 EDT 2019 org.apache.commons.math.util.MathUtils,781
Mon Sep 02 18:37:07 EDT 2019 org.apache.commons.math.util.MathUtils,796
Mon Sep 02 18:39:34 EDT 2019 org.apache.commons.math.util.MathUtils,797
Mon Sep 02 18:40:05 EDT 2019 org.apache.commons.math.util.MathUtils,799
Mon Sep 02 18:40:09 EDT 2019 org.apache.commons.math.util.MathUtils,801
Mon Sep 02 18:40:10 EDT 2019 org.apache.commons.math.util.MathUtils,802
Mon Sep 02 18:40:11 EDT 2019 org.apache.commons.math.util.MathUtils,804
Mon Sep 02 18:40:11 EDT 2019 org.apache.commons.math.util.MathUtils,805
Mon Sep 02 18:40:12 EDT 2019 org.apache.commons.math.util.MathUtils,807
Mon Sep 02 18:40:13 EDT 2019 org.apache.commons.math.util.MathUtils,809
Mon Sep 02 18:40:13 EDT 2019 org.apache.commons.math.util.MathUtils,811
Mon Sep 02 18:40:14 EDT 2019 org.apache.commons.math.util.MathUtils,812
Mon Sep 02 18:40:15 EDT 2019 org.apache.commons.math.util.MathUtils,814
Mon Sep 02 18:40:15 EDT 2019 org.apache.commons.math.util.MathUtils,819
Mon Sep 02 18:40:16 EDT 2019 org.apache.commons.math.util.MathUtils,821
Mon Sep 02 18:40:17 EDT 2019 org.apache.commons.math.util.MathUtils,826
Mon Sep 02 18:40:17 EDT 2019 org.apache.commons.math.util.MathUtils,827
Mon Sep 02 18:40:18 EDT 2019 org.apache.commons.math.util.MathUtils,829
Mon Sep 02 18:40:19 EDT 2019 org.apache.commons.math.util.MathUtils,833
Mon Sep 02 18:40:20 EDT 2019 org.apache.commons.math.util.MathUtils,836
Mon Sep 02 18:40:49 EDT 2019 org.apache.commons.math.util.MathUtils,859
Mon Sep 02 18:42:26 EDT 2019 org.apache.commons.math.util.MathUtils,860
Mon Sep 02 18:42:26 EDT 2019 org.apache.commons.math.util.MathUtils,861
Failed time : 19/09/02 18:42
