=================================================
Project : math_93	start : 19/09/02 13:43
Current failed test : org.apache.commons.math.util.MathUtilsTest::testFactorial_purify_1 | 19/09/02 13:43
Mon Sep 02 13:44:44 EDT 2019 org.apache.commons.math.util.MathUtils,350
Mon Sep 02 13:48:20 EDT 2019 org.apache.commons.math.util.MathUtils,345
Mon Sep 02 13:48:21 EDT 2019 org.apache.commons.math.util.MathUtils,346
Mon Sep 02 13:48:47 EDT 2019 org.apache.commons.math.util.MathUtils,374
Mon Sep 02 13:51:01 EDT 2019 org.apache.commons.math.util.MathUtils,377
Mon Sep 02 13:54:32 EDT 2019 org.apache.commons.math.util.MathUtils,394
Mon Sep 02 13:56:46 EDT 2019 org.apache.commons.math.util.MathUtils,397
Mon Sep 02 14:11:34 EDT 2019 org.apache.commons.math.util.MathUtils,398
Mon Sep 02 14:11:35 EDT 2019 org.apache.commons.math.util.MathUtils,399
Mon Sep 02 14:11:36 EDT 2019 org.apache.commons.math.util.MathUtils,401
Mon Sep 02 14:11:36 EDT 2019 Mon Sep 02 14:11:36 EDT 2019 : org.apache.commons.math.util.MathUtils,316=>Find no block
Mon Sep 02 14:11:37 EDT 2019 org.apache.commons.math.util.MathUtils,63
Mon Sep 02 14:11:40 EDT 2019 Mon Sep 02 14:11:40 EDT 2019 : org.apache.commons.math.util.MathUtils,64=>Find no block
Mon Sep 02 14:11:41 EDT 2019 org.apache.commons.math.util.MathUtils,77
Mon Sep 02 14:12:20 EDT 2019 org.apache.commons.math.util.MathUtils,78
Mon Sep 02 14:12:46 EDT 2019 org.apache.commons.math.util.MathUtils,79
Mon Sep 02 14:12:47 EDT 2019 org.apache.commons.math.util.MathUtils,81
Mon Sep 02 14:12:48 EDT 2019 org.apache.commons.math.util.MathUtils,95
Mon Sep 02 14:12:50 EDT 2019 org.apache.commons.math.util.MathUtils,111
Mon Sep 02 14:14:47 EDT 2019 org.apache.commons.math.util.MathUtils,113
Mon Sep 02 14:14:50 EDT 2019 org.apache.commons.math.util.MathUtils,117
Mon Sep 02 14:14:51 EDT 2019 org.apache.commons.math.util.MathUtils,118
Mon Sep 02 14:14:51 EDT 2019 org.apache.commons.math.util.MathUtils,120
Mon Sep 02 14:14:52 EDT 2019 org.apache.commons.math.util.MathUtils,121
Mon Sep 02 14:14:53 EDT 2019 org.apache.commons.math.util.MathUtils,123
Mon Sep 02 14:14:54 EDT 2019 org.apache.commons.math.util.MathUtils,127
Mon Sep 02 14:14:55 EDT 2019 org.apache.commons.math.util.MathUtils,134
Mon Sep 02 14:14:56 EDT 2019 org.apache.commons.math.util.MathUtils,135
Mon Sep 02 14:14:56 EDT 2019 org.apache.commons.math.util.MathUtils,137
Mon Sep 02 14:14:57 EDT 2019 org.apache.commons.math.util.MathUtils,141
Mon Sep 02 14:15:28 EDT 2019 org.apache.commons.math.util.MathUtils,170
Mon Sep 02 14:20:29 EDT 2019 org.apache.commons.math.util.MathUtils,171
Mon Sep 02 14:20:30 EDT 2019 org.apache.commons.math.util.MathUtils,174
Mon Sep 02 14:24:03 EDT 2019 org.apache.commons.math.util.MathUtils,175
Mon Sep 02 14:24:04 EDT 2019 org.apache.commons.math.util.MathUtils,178
Mon Sep 02 14:26:54 EDT 2019 org.apache.commons.math.util.MathUtils,179
Mon Sep 02 14:26:54 EDT 2019 org.apache.commons.math.util.MathUtils,181
Mon Sep 02 14:30:07 EDT 2019 org.apache.commons.math.util.MathUtils,182
Mon Sep 02 14:30:08 EDT 2019 org.apache.commons.math.util.MathUtils,185
Mon Sep 02 14:36:05 EDT 2019 org.apache.commons.math.util.MathUtils,186
Mon Sep 02 14:36:05 EDT 2019 org.apache.commons.math.util.MathUtils,187
Mon Sep 02 14:36:06 EDT 2019 org.apache.commons.math.util.MathUtils,190
Mon Sep 02 14:36:30 EDT 2019 org.apache.commons.math.util.MathUtils,216
Mon Sep 02 14:37:51 EDT 2019 org.apache.commons.math.util.MathUtils,238
Mon Sep 02 14:37:52 EDT 2019 org.apache.commons.math.util.MathUtils,239
Mon Sep 02 14:37:53 EDT 2019 org.apache.commons.math.util.MathUtils,242
Mon Sep 02 14:37:53 EDT 2019 org.apache.commons.math.util.MathUtils,243
Mon Sep 02 14:37:54 EDT 2019 org.apache.commons.math.util.MathUtils,246
Mon Sep 02 14:40:45 EDT 2019 org.apache.commons.math.util.MathUtils,247
Mon Sep 02 14:40:46 EDT 2019 org.apache.commons.math.util.MathUtils,249
Mon Sep 02 14:43:49 EDT 2019 org.apache.commons.math.util.MathUtils,250
Mon Sep 02 14:43:50 EDT 2019 org.apache.commons.math.util.MathUtils,252
Mon Sep 02 14:58:30 EDT 2019 org.apache.commons.math.util.MathUtils,255
Mon Sep 02 14:58:31 EDT 2019 org.apache.commons.math.util.MathUtils,256
Mon Sep 02 14:58:31 EDT 2019 org.apache.commons.math.util.MathUtils,260
Mon Sep 02 15:04:02 EDT 2019 org.apache.commons.math.util.MathUtils,261
Mon Sep 02 15:04:02 EDT 2019 org.apache.commons.math.util.MathUtils,264
Mon Sep 02 15:07:14 EDT 2019 org.apache.commons.math.util.MathUtils,275
Mon Sep 02 15:08:58 EDT 2019 org.apache.commons.math.util.MathUtils,287
Mon Sep 02 15:09:19 EDT 2019 org.apache.commons.math.util.MathUtils,301
Mon Sep 02 15:10:31 EDT 2019 org.apache.commons.math.util.MathUtils,302
Mon Sep 02 15:10:31 EDT 2019 org.apache.commons.math.util.MathUtils,304
Mon Sep 02 15:13:33 EDT 2019 org.apache.commons.math.util.MathUtils,305
Mon Sep 02 15:13:34 EDT 2019 org.apache.commons.math.util.MathUtils,307
Mon Sep 02 15:17:19 EDT 2019 org.apache.commons.math.util.MathUtils,308
Mon Sep 02 15:17:20 EDT 2019 org.apache.commons.math.util.MathUtils,309
Mon Sep 02 15:17:21 EDT 2019 org.apache.commons.math.util.MathUtils,312
Mon Sep 02 15:24:29 EDT 2019 org.apache.commons.math.util.MathUtils,347
Mon Sep 02 15:24:30 EDT 2019 org.apache.commons.math.util.MathUtils,375
Mon Sep 02 15:24:30 EDT 2019 org.apache.commons.math.util.MathUtils,395
Mon Sep 02 15:24:31 EDT 2019 org.apache.commons.math.util.MathUtils,418
Mon Sep 02 15:26:16 EDT 2019 org.apache.commons.math.util.MathUtils,419
Mon Sep 02 15:26:18 EDT 2019 org.apache.commons.math.util.MathUtils,426
Mon Sep 02 15:26:39 EDT 2019 org.apache.commons.math.util.MathUtils,427
Mon Sep 02 15:26:39 EDT 2019 org.apache.commons.math.util.MathUtils,429
Mon Sep 02 15:27:05 EDT 2019 org.apache.commons.math.util.MathUtils,430
Mon Sep 02 15:27:06 EDT 2019 org.apache.commons.math.util.MathUtils,433
Mon Sep 02 15:28:37 EDT 2019 org.apache.commons.math.util.MathUtils,434
Mon Sep 02 15:28:38 EDT 2019 org.apache.commons.math.util.MathUtils,436
Mon Sep 02 15:28:38 EDT 2019 org.apache.commons.math.util.MathUtils,437
Mon Sep 02 15:28:39 EDT 2019 org.apache.commons.math.util.MathUtils,438
Mon Sep 02 15:28:39 EDT 2019 org.apache.commons.math.util.MathUtils,440
Mon Sep 02 15:31:03 EDT 2019 org.apache.commons.math.util.MathUtils,441
Mon Sep 02 15:31:04 EDT 2019 org.apache.commons.math.util.MathUtils,445
Mon Sep 02 15:32:25 EDT 2019 org.apache.commons.math.util.MathUtils,451
Mon Sep 02 15:32:27 EDT 2019 org.apache.commons.math.util.MathUtils,452
Mon Sep 02 15:32:27 EDT 2019 org.apache.commons.math.util.MathUtils,455
Mon Sep 02 15:33:23 EDT 2019 org.apache.commons.math.util.MathUtils,456
Mon Sep 02 15:33:24 EDT 2019 org.apache.commons.math.util.MathUtils,458
Mon Sep 02 15:33:25 EDT 2019 org.apache.commons.math.util.MathUtils,461
Mon Sep 02 15:33:27 EDT 2019 org.apache.commons.math.util.MathUtils,464
Mon Sep 02 15:33:27 EDT 2019 org.apache.commons.math.util.MathUtils,465
Mon Sep 02 15:34:03 EDT 2019 org.apache.commons.math.util.MathUtils,475
Mon Sep 02 15:34:16 EDT 2019 org.apache.commons.math.util.MathUtils,486
Mon Sep 02 15:34:27 EDT 2019 org.apache.commons.math.util.MathUtils,497
Mon Sep 02 15:35:09 EDT 2019 org.apache.commons.math.util.MathUtils,509
Mon Sep 02 15:35:58 EDT 2019 org.apache.commons.math.util.MathUtils,510
Mon Sep 02 15:35:58 EDT 2019 org.apache.commons.math.util.MathUtils,512
Mon Sep 02 15:36:55 EDT 2019 org.apache.commons.math.util.MathUtils,523
Mon Sep 02 15:37:31 EDT 2019 org.apache.commons.math.util.MathUtils,524
Mon Sep 02 15:37:32 EDT 2019 org.apache.commons.math.util.MathUtils,526
Mon Sep 02 15:37:58 EDT 2019 org.apache.commons.math.util.MathUtils,536
Mon Sep 02 15:38:23 EDT 2019 org.apache.commons.math.util.MathUtils,546
Mon Sep 02 15:38:47 EDT 2019 org.apache.commons.math.util.MathUtils,557
Mon Sep 02 15:39:32 EDT 2019 org.apache.commons.math.util.MathUtils,570
Mon Sep 02 15:39:51 EDT 2019 org.apache.commons.math.util.MathUtils,590
Mon Sep 02 15:41:13 EDT 2019 org.apache.commons.math.util.MathUtils,604
Mon Sep 02 15:41:56 EDT 2019 org.apache.commons.math.util.MathUtils,605
Mon Sep 02 15:41:58 EDT 2019 org.apache.commons.math.util.MathUtils,606
Mon Sep 02 15:41:59 EDT 2019 org.apache.commons.math.util.MathUtils,608
Mon Sep 02 15:41:59 EDT 2019 org.apache.commons.math.util.MathUtils,623
Mon Sep 02 15:44:52 EDT 2019 org.apache.commons.math.util.MathUtils,624
Mon Sep 02 15:45:29 EDT 2019 org.apache.commons.math.util.MathUtils,626
Mon Sep 02 15:45:40 EDT 2019 org.apache.commons.math.util.MathUtils,628
Mon Sep 02 15:45:42 EDT 2019 org.apache.commons.math.util.MathUtils,629
Mon Sep 02 15:45:43 EDT 2019 org.apache.commons.math.util.MathUtils,631
Mon Sep 02 15:45:48 EDT 2019 org.apache.commons.math.util.MathUtils,632
Mon Sep 02 15:45:55 EDT 2019 org.apache.commons.math.util.MathUtils,634
Mon Sep 02 15:45:57 EDT 2019 org.apache.commons.math.util.MathUtils,636
Mon Sep 02 15:45:58 EDT 2019 org.apache.commons.math.util.MathUtils,638
Mon Sep 02 15:45:59 EDT 2019 org.apache.commons.math.util.MathUtils,639
Mon Sep 02 15:46:00 EDT 2019 org.apache.commons.math.util.MathUtils,641
Mon Sep 02 15:46:04 EDT 2019 org.apache.commons.math.util.MathUtils,646
Mon Sep 02 15:46:10 EDT 2019 org.apache.commons.math.util.MathUtils,648
Mon Sep 02 15:46:11 EDT 2019 org.apache.commons.math.util.MathUtils,653
Mon Sep 02 15:46:12 EDT 2019 org.apache.commons.math.util.MathUtils,654
Mon Sep 02 15:46:19 EDT 2019 org.apache.commons.math.util.MathUtils,656
Mon Sep 02 15:46:19 EDT 2019 org.apache.commons.math.util.MathUtils,660
Mon Sep 02 15:46:20 EDT 2019 org.apache.commons.math.util.MathUtils,663
Mon Sep 02 15:47:06 EDT 2019 org.apache.commons.math.util.MathUtils,686
Mon Sep 02 15:49:01 EDT 2019 org.apache.commons.math.util.MathUtils,687
Mon Sep 02 15:49:02 EDT 2019 org.apache.commons.math.util.MathUtils,688
Mon Sep 02 15:49:04 EDT 2019 org.apache.commons.math.util.MathUtils,689
Mon Sep 02 15:49:08 EDT 2019 org.apache.commons.math.util.MathUtils,695
Mon Sep 02 15:51:38 EDT 2019 org.apache.commons.math.util.MathUtils,696
Mon Sep 02 15:53:39 EDT 2019 org.apache.commons.math.util.MathUtils,697
Mon Sep 02 15:54:24 EDT 2019 org.apache.commons.math.util.MathUtils,698
Mon Sep 02 15:54:28 EDT 2019 org.apache.commons.math.util.MathUtils,700
Mon Sep 02 15:56:22 EDT 2019 org.apache.commons.math.util.MathUtils,702
Mon Sep 02 15:56:23 EDT 2019 org.apache.commons.math.util.MathUtils,703
Mon Sep 02 15:56:23 EDT 2019 org.apache.commons.math.util.MathUtils,706
Mon Sep 02 15:56:26 EDT 2019 org.apache.commons.math.util.MathUtils,711
Mon Sep 02 15:56:30 EDT 2019 org.apache.commons.math.util.MathUtils,712
Mon Sep 02 15:56:31 EDT 2019 org.apache.commons.math.util.MathUtils,716
Mon Sep 02 15:56:38 EDT 2019 org.apache.commons.math.util.MathUtils,735
Mon Sep 02 15:58:14 EDT 2019 org.apache.commons.math.util.MathUtils,736
Mon Sep 02 15:58:17 EDT 2019 org.apache.commons.math.util.MathUtils,740
Mon Sep 02 16:00:37 EDT 2019 org.apache.commons.math.util.MathUtils,741
Mon Sep 02 16:00:37 EDT 2019 org.apache.commons.math.util.MathUtils,742
Mon Sep 02 16:00:38 EDT 2019 org.apache.commons.math.util.MathUtils,745
Mon Sep 02 16:00:38 EDT 2019 org.apache.commons.math.util.MathUtils,746
Mon Sep 02 16:00:39 EDT 2019 org.apache.commons.math.util.MathUtils,770
Mon Sep 02 16:01:07 EDT 2019 org.apache.commons.math.util.MathUtils,783
Mon Sep 02 16:01:09 EDT 2019 org.apache.commons.math.util.MathUtils,800
Mon Sep 02 16:01:12 EDT 2019 Mon Sep 02 16:01:12 EDT 2019 : org.apache.commons.math.util.MathUtils,804=>Find no block
Mon Sep 02 16:01:12 EDT 2019 org.apache.commons.math.util.MathUtils,805
Mon Sep 02 16:02:41 EDT 2019 org.apache.commons.math.util.MathUtils,806
Mon Sep 02 16:02:42 EDT 2019 org.apache.commons.math.util.MathUtils,808
Mon Sep 02 16:02:42 EDT 2019 org.apache.commons.math.util.MathUtils,823
Mon Sep 02 16:02:43 EDT 2019 org.apache.commons.math.util.MathUtils,839
Mon Sep 02 16:03:16 EDT 2019 org.apache.commons.math.util.MathUtils,840
Mon Sep 02 16:03:17 EDT 2019 org.apache.commons.math.util.MathUtils,841
Mon Sep 02 16:03:17 EDT 2019 Mon Sep 02 16:03:17 EDT 2019 : org.apache.commons.math.util.MathUtils,858=>Find no block
Mon Sep 02 16:03:18 EDT 2019 org.apache.commons.math.util.MathUtils,860
Mon Sep 02 16:05:52 EDT 2019 org.apache.commons.math.util.MathUtils,861
Mon Sep 02 16:05:52 EDT 2019 org.apache.commons.math.util.MathUtils,863
Mon Sep 02 16:05:53 EDT 2019 org.apache.commons.math.util.MathUtils,865
Mon Sep 02 16:07:16 EDT 2019 org.apache.commons.math.util.MathUtils,867
Mon Sep 02 16:07:48 EDT 2019 org.apache.commons.math.util.MathUtils,868
Mon Sep 02 16:08:13 EDT 2019 org.apache.commons.math.util.MathUtils,870
Mon Sep 02 16:09:43 EDT 2019 org.apache.commons.math.util.MathUtils,871
Mon Sep 02 16:09:44 EDT 2019 org.apache.commons.math.util.MathUtils,873
Mon Sep 02 16:09:44 EDT 2019 org.apache.commons.math.util.MathUtils,875
Mon Sep 02 16:10:34 EDT 2019 org.apache.commons.math.util.MathUtils,877
Mon Sep 02 16:11:30 EDT 2019 org.apache.commons.math.util.MathUtils,878
Mon Sep 02 16:11:31 EDT 2019 org.apache.commons.math.util.MathUtils,879
Mon Sep 02 16:12:18 EDT 2019 org.apache.commons.math.util.MathUtils,880
Mon Sep 02 16:12:18 EDT 2019 org.apache.commons.math.util.MathUtils,882
Mon Sep 02 16:12:19 EDT 2019 org.apache.commons.math.util.MathUtils,884
Mon Sep 02 16:13:09 EDT 2019 org.apache.commons.math.util.MathUtils,887
Mon Sep 02 16:15:40 EDT 2019 org.apache.commons.math.util.MathUtils,888
Mon Sep 02 16:15:40 EDT 2019 org.apache.commons.math.util.MathUtils,889
Mon Sep 02 16:15:41 EDT 2019 org.apache.commons.math.util.MathUtils,890
Mon Sep 02 16:15:42 EDT 2019 org.apache.commons.math.util.MathUtils,891
Mon Sep 02 16:15:43 EDT 2019 org.apache.commons.math.util.MathUtils,894
Mon Sep 02 16:15:44 EDT 2019 org.apache.commons.math.util.MathUtils,896
Mon Sep 02 16:15:45 EDT 2019 org.apache.commons.math.util.MathUtils,898
Mon Sep 02 16:15:45 EDT 2019 org.apache.commons.math.util.MathUtils,901
Mon Sep 02 16:16:51 EDT 2019 org.apache.commons.math.util.MathUtils,904
Mon Sep 02 16:17:46 EDT 2019 org.apache.commons.math.util.MathUtils,905
Mon Sep 02 16:17:47 EDT 2019 org.apache.commons.math.util.MathUtils,906
Mon Sep 02 16:18:34 EDT 2019 org.apache.commons.math.util.MathUtils,907
Mon Sep 02 16:18:35 EDT 2019 org.apache.commons.math.util.MathUtils,909
Mon Sep 02 16:18:36 EDT 2019 org.apache.commons.math.util.MathUtils,911
Mon Sep 02 16:19:27 EDT 2019 org.apache.commons.math.util.MathUtils,914
Mon Sep 02 16:20:55 EDT 2019 org.apache.commons.math.util.MathUtils,915
Mon Sep 02 16:20:56 EDT 2019 org.apache.commons.math.util.MathUtils,919
Mon Sep 02 16:21:27 EDT 2019 org.apache.commons.math.util.MathUtils,920
Mon Sep 02 16:21:51 EDT 2019 org.apache.commons.math.util.MathUtils,922
Mon Sep 02 16:21:53 EDT 2019 org.apache.commons.math.util.MathUtils,924
Failed time : 19/09/02 16:24
