=================================================
Project : math_94	start : 19/09/02 13:43
Current failed test : org.apache.commons.math.util.MathUtilsTest::testGcd | 19/09/02 13:43
Mon Sep 02 13:44:16 EDT 2019 org.apache.commons.math.util.MathUtils,430
Mon Sep 02 13:45:04 EDT 2019 org.apache.commons.math.util.MathUtils,431
Mon Sep 02 13:45:05 EDT 2019 org.apache.commons.math.util.MathUtils,432
Mon Sep 02 13:45:06 EDT 2019 org.apache.commons.math.util.MathUtils,450
Mon Sep 02 13:49:25 EDT 2019 org.apache.commons.math.util.MathUtils,446
Mon Sep 02 13:49:31 EDT 2019 org.apache.commons.math.util.MathUtils,412
Mon Sep 02 13:50:34 EDT 2019 org.apache.commons.math.util.MathUtils,413
Mon Sep 02 13:50:35 EDT 2019 org.apache.commons.math.util.MathUtils,420
Mon Sep 02 13:52:35 EDT 2019 org.apache.commons.math.util.MathUtils,421
Mon Sep 02 13:52:35 EDT 2019 org.apache.commons.math.util.MathUtils,423
Mon Sep 02 13:54:26 EDT 2019 org.apache.commons.math.util.MathUtils,424
Mon Sep 02 13:54:26 EDT 2019 org.apache.commons.math.util.MathUtils,427
Mon Sep 02 13:59:28 EDT 2019 org.apache.commons.math.util.MathUtils,428
Mon Sep 02 13:59:29 EDT 2019 org.apache.commons.math.util.MathUtils,434
Mon Sep 02 14:09:58 EDT 2019 org.apache.commons.math.util.MathUtils,439
Mon Sep 02 14:15:55 EDT 2019 org.apache.commons.math.util.MathUtils,445
Mon Sep 02 14:15:56 EDT 2019 org.apache.commons.math.util.MathUtils,449
Mon Sep 02 14:15:57 EDT 2019 org.apache.commons.math.util.MathUtils,452
Mon Sep 02 14:15:57 EDT 2019 org.apache.commons.math.util.MathUtils,455
Mon Sep 02 14:16:04 EDT 2019 org.apache.commons.math.util.MathUtils,458
Mon Sep 02 14:16:05 EDT 2019 org.apache.commons.math.util.MathUtils,459
Mon Sep 02 14:18:34 EDT 2019 org.apache.commons.math.util.MathUtils,63
Mon Sep 02 14:18:39 EDT 2019 Mon Sep 02 14:18:39 EDT 2019 : org.apache.commons.math.util.MathUtils,64=>Find no block
Mon Sep 02 14:18:40 EDT 2019 org.apache.commons.math.util.MathUtils,77
Mon Sep 02 14:21:02 EDT 2019 org.apache.commons.math.util.MathUtils,78
Mon Sep 02 14:22:25 EDT 2019 org.apache.commons.math.util.MathUtils,79
Mon Sep 02 14:22:25 EDT 2019 org.apache.commons.math.util.MathUtils,81
Mon Sep 02 14:22:26 EDT 2019 org.apache.commons.math.util.MathUtils,95
Mon Sep 02 14:22:32 EDT 2019 org.apache.commons.math.util.MathUtils,111
Mon Sep 02 14:30:38 EDT 2019 org.apache.commons.math.util.MathUtils,113
Mon Sep 02 14:30:44 EDT 2019 org.apache.commons.math.util.MathUtils,117
Mon Sep 02 14:30:45 EDT 2019 org.apache.commons.math.util.MathUtils,118
Mon Sep 02 14:30:46 EDT 2019 org.apache.commons.math.util.MathUtils,120
Mon Sep 02 14:30:46 EDT 2019 org.apache.commons.math.util.MathUtils,121
Mon Sep 02 14:30:47 EDT 2019 org.apache.commons.math.util.MathUtils,123
Mon Sep 02 14:30:48 EDT 2019 org.apache.commons.math.util.MathUtils,127
Mon Sep 02 14:30:48 EDT 2019 org.apache.commons.math.util.MathUtils,134
Mon Sep 02 14:30:49 EDT 2019 org.apache.commons.math.util.MathUtils,135
Mon Sep 02 14:30:49 EDT 2019 org.apache.commons.math.util.MathUtils,137
Mon Sep 02 14:30:50 EDT 2019 org.apache.commons.math.util.MathUtils,141
Mon Sep 02 14:32:45 EDT 2019 org.apache.commons.math.util.MathUtils,171
Mon Sep 02 14:55:09 EDT 2019 org.apache.commons.math.util.MathUtils,172
Mon Sep 02 14:55:10 EDT 2019 org.apache.commons.math.util.MathUtils,175
Mon Sep 02 15:10:54 EDT 2019 org.apache.commons.math.util.MathUtils,176
Mon Sep 02 15:10:55 EDT 2019 org.apache.commons.math.util.MathUtils,179
Mon Sep 02 15:23:32 EDT 2019 org.apache.commons.math.util.MathUtils,180
Mon Sep 02 15:23:33 EDT 2019 org.apache.commons.math.util.MathUtils,182
Mon Sep 02 15:37:56 EDT 2019 org.apache.commons.math.util.MathUtils,183
Mon Sep 02 15:37:56 EDT 2019 org.apache.commons.math.util.MathUtils,186
Mon Sep 02 16:03:22 EDT 2019 org.apache.commons.math.util.MathUtils,187
Mon Sep 02 16:03:23 EDT 2019 org.apache.commons.math.util.MathUtils,188
Mon Sep 02 16:03:23 EDT 2019 org.apache.commons.math.util.MathUtils,191
Mon Sep 02 16:03:29 EDT 2019 org.apache.commons.math.util.MathUtils,217
Mon Sep 02 16:09:30 EDT 2019 org.apache.commons.math.util.MathUtils,239
Mon Sep 02 16:09:31 EDT 2019 org.apache.commons.math.util.MathUtils,240
Mon Sep 02 16:09:32 EDT 2019 org.apache.commons.math.util.MathUtils,243
Mon Sep 02 16:09:32 EDT 2019 org.apache.commons.math.util.MathUtils,244
Mon Sep 02 16:09:33 EDT 2019 org.apache.commons.math.util.MathUtils,247
Mon Sep 02 16:22:13 EDT 2019 org.apache.commons.math.util.MathUtils,248
Mon Sep 02 16:22:14 EDT 2019 org.apache.commons.math.util.MathUtils,250
Mon Sep 02 16:35:46 EDT 2019 org.apache.commons.math.util.MathUtils,251
Mon Sep 02 16:35:47 EDT 2019 org.apache.commons.math.util.MathUtils,253
Mon Sep 02 17:41:46 EDT 2019 org.apache.commons.math.util.MathUtils,256
Mon Sep 02 17:41:46 EDT 2019 org.apache.commons.math.util.MathUtils,257
Mon Sep 02 17:41:47 EDT 2019 org.apache.commons.math.util.MathUtils,261
Mon Sep 02 18:06:14 EDT 2019 org.apache.commons.math.util.MathUtils,262
Mon Sep 02 18:06:15 EDT 2019 org.apache.commons.math.util.MathUtils,265
Mon Sep 02 18:20:08 EDT 2019 org.apache.commons.math.util.MathUtils,276
Mon Sep 02 18:26:54 EDT 2019 org.apache.commons.math.util.MathUtils,288
Mon Sep 02 18:27:51 EDT 2019 org.apache.commons.math.util.MathUtils,302
Mon Sep 02 18:32:11 EDT 2019 org.apache.commons.math.util.MathUtils,303
Mon Sep 02 18:32:12 EDT 2019 org.apache.commons.math.util.MathUtils,305
Timeout time : 19/09/02 18:44
