=================================================
Project : math_96	start : 19/09/02 13:43
Current failed test : org.apache.commons.math.complex.ComplexTest::testMath221 | 19/09/02 13:43
Mon Sep 02 13:43:59 EDT 2019 org.apache.commons.math.complex.Complex,277
Mon Sep 02 13:44:05 EDT 2019 org.apache.commons.math.complex.Complex,280
Mon Sep 02 13:45:02 EDT 2019 org.apache.commons.math.complex.Complex,363

----------------------------------------
----------------------------------------
Pass Single Test : [=>0,0]
if(isNaN()||rhs.isNaN()){
return NaN;
}
if(Double.isInfinite(real)||Double.isInfinite(imaginary)){
return INF;
}
return createComplex(real,-imaginary);

Time : 19/09/02 13:47
----------------------------------------

----------------------------------------
----------------------------------------
Pass Single Test : [=>0,0]
if(isNaN()||rhs.isNaN()){
return NaN;
}
if(Double.isInfinite(real)||Double.isInfinite(imaginary)){
return INF;
}
if(isNaN()){
return NaN;
}
return createComplex(real,-imaginary);

Time : 19/09/02 13:47
----------------------------------------
Mon Sep 02 13:51:40 EDT 2019 org.apache.commons.math.complex.Complex,358
Mon Sep 02 13:51:41 EDT 2019 org.apache.commons.math.complex.Complex,258
Mon Sep 02 13:51:56 EDT 2019 org.apache.commons.math.complex.Complex,355
Mon Sep 02 13:51:57 EDT 2019 org.apache.commons.math.complex.Complex,255
Mon Sep 02 13:51:57 EDT 2019 Mon Sep 02 13:51:57 EDT 2019 : org.apache.commons.math.complex.Complex,263=>Find no block
Mon Sep 02 13:51:58 EDT 2019 org.apache.commons.math.complex.Complex,254
Mon Sep 02 13:52:12 EDT 2019 org.apache.commons.math.complex.Complex,250
Mon Sep 02 13:52:40 EDT 2019 org.apache.commons.math.complex.Complex,248
Mon Sep 02 13:53:23 EDT 2019 org.apache.commons.math.complex.Complex,266
Mon Sep 02 13:54:28 EDT 2019 org.apache.commons.math.complex.Complex,872
Mon Sep 02 13:54:31 EDT 2019 org.apache.commons.math.complex.Complex,310
Mon Sep 02 13:55:36 EDT 2019 org.apache.commons.math.complex.Complex,299
Mon Sep 02 13:55:44 EDT 2019 org.apache.commons.math.complex.Complex,76
Mon Sep 02 13:55:46 EDT 2019 org.apache.commons.math.complex.Complex,77
Mon Sep 02 13:55:46 EDT 2019 org.apache.commons.math.complex.Complex,78
Mon Sep 02 13:55:47 EDT 2019 Mon Sep 02 13:55:47 EDT 2019 : org.apache.commons.math.complex.Complex,79=>Find no block
Mon Sep 02 13:55:47 EDT 2019 Mon Sep 02 13:55:47 EDT 2019 : org.apache.commons.math.complex.Complex,45=>Find no block
Mon Sep 02 13:55:48 EDT 2019 Mon Sep 02 13:55:48 EDT 2019 : org.apache.commons.math.complex.Complex,48=>Find no block
Mon Sep 02 13:55:49 EDT 2019 Mon Sep 02 13:55:49 EDT 2019 : org.apache.commons.math.complex.Complex,51=>Find no block
Mon Sep 02 13:55:49 EDT 2019 Mon Sep 02 13:55:49 EDT 2019 : org.apache.commons.math.complex.Complex,54=>Find no block
Mon Sep 02 13:55:50 EDT 2019 Mon Sep 02 13:55:50 EDT 2019 : org.apache.commons.math.complex.Complex,57=>Find no block
Mon Sep 02 13:55:51 EDT 2019 org.apache.commons.math.complex.Complex,92
Mon Sep 02 13:56:05 EDT 2019 org.apache.commons.math.complex.Complex,93
Mon Sep 02 13:56:05 EDT 2019 org.apache.commons.math.complex.Complex,96
Mon Sep 02 13:56:08 EDT 2019 org.apache.commons.math.complex.Complex,97
Mon Sep 02 13:56:08 EDT 2019 org.apache.commons.math.complex.Complex,100
Mon Sep 02 14:00:15 EDT 2019 org.apache.commons.math.complex.Complex,101
Mon Sep 02 14:00:16 EDT 2019 org.apache.commons.math.complex.Complex,102
Mon Sep 02 14:00:17 EDT 2019 org.apache.commons.math.complex.Complex,104
Mon Sep 02 14:03:39 EDT 2019 org.apache.commons.math.complex.Complex,105
Mon Sep 02 14:03:39 EDT 2019 org.apache.commons.math.complex.Complex,107
Mon Sep 02 14:03:40 EDT 2019 org.apache.commons.math.complex.Complex,108
Mon Sep 02 14:03:40 EDT 2019 org.apache.commons.math.complex.Complex,110
Mon Sep 02 14:06:50 EDT 2019 org.apache.commons.math.complex.Complex,111
Mon Sep 02 14:06:51 EDT 2019 org.apache.commons.math.complex.Complex,133
Mon Sep 02 14:09:55 EDT 2019 org.apache.commons.math.complex.Complex,152
Mon Sep 02 14:10:25 EDT 2019 org.apache.commons.math.complex.Complex,153
Mon Sep 02 14:10:26 EDT 2019 org.apache.commons.math.complex.Complex,155
Mon Sep 02 14:11:21 EDT 2019 org.apache.commons.math.complex.Complex,194
Mon Sep 02 14:11:22 EDT 2019 org.apache.commons.math.complex.Complex,195
Mon Sep 02 14:11:22 EDT 2019 org.apache.commons.math.complex.Complex,198
Mon Sep 02 14:11:53 EDT 2019 org.apache.commons.math.complex.Complex,199
Mon Sep 02 14:12:32 EDT 2019 org.apache.commons.math.complex.Complex,200
Mon Sep 02 14:13:08 EDT 2019 org.apache.commons.math.complex.Complex,201
Mon Sep 02 14:13:09 EDT 2019 org.apache.commons.math.complex.Complex,204
Mon Sep 02 14:13:45 EDT 2019 org.apache.commons.math.complex.Complex,205
Mon Sep 02 14:13:46 EDT 2019 org.apache.commons.math.complex.Complex,208
Mon Sep 02 14:22:38 EDT 2019 org.apache.commons.math.complex.Complex,209
Mon Sep 02 14:22:39 EDT 2019 org.apache.commons.math.complex.Complex,210
Mon Sep 02 14:22:39 EDT 2019 org.apache.commons.math.complex.Complex,212
Mon Sep 02 14:23:33 EDT 2019 org.apache.commons.math.complex.Complex,213
Mon Sep 02 14:27:33 EDT 2019 org.apache.commons.math.complex.Complex,214
Mon Sep 02 14:27:34 EDT 2019 org.apache.commons.math.complex.Complex,217
Mon Sep 02 14:27:34 EDT 2019 org.apache.commons.math.complex.Complex,218
Mon Sep 02 14:27:35 EDT 2019 org.apache.commons.math.complex.Complex,220
Mon Sep 02 14:28:57 EDT 2019 org.apache.commons.math.complex.Complex,221
Mon Sep 02 14:32:59 EDT 2019 org.apache.commons.math.complex.Complex,222
Mon Sep 02 14:32:59 EDT 2019 org.apache.commons.math.complex.Complex,249
Mon Sep 02 14:33:01 EDT 2019 org.apache.commons.math.complex.Complex,251
Mon Sep 02 14:33:03 EDT 2019 org.apache.commons.math.complex.Complex,256
Mon Sep 02 14:33:04 EDT 2019 Mon Sep 02 14:33:04 EDT 2019 : org.apache.commons.math.complex.Complex,260=>Find no block
Mon Sep 02 14:33:06 EDT 2019 org.apache.commons.math.complex.Complex,262
Mon Sep 02 14:33:08 EDT 2019 org.apache.commons.math.complex.Complex,278
Mon Sep 02 14:33:09 EDT 2019 org.apache.commons.math.complex.Complex,290
Mon Sep 02 14:33:17 EDT 2019 org.apache.commons.math.complex.Complex,323
Mon Sep 02 14:34:39 EDT 2019 org.apache.commons.math.complex.Complex,356
Mon Sep 02 14:34:40 EDT 2019 org.apache.commons.math.complex.Complex,361
Mon Sep 02 14:34:41 EDT 2019 org.apache.commons.math.complex.Complex,376
Mon Sep 02 14:34:42 EDT 2019 org.apache.commons.math.complex.Complex,377
Mon Sep 02 14:34:43 EDT 2019 org.apache.commons.math.complex.Complex,380
Mon Sep 02 14:36:39 EDT 2019 org.apache.commons.math.complex.Complex,402
Mon Sep 02 14:36:39 EDT 2019 org.apache.commons.math.complex.Complex,403
Mon Sep 02 14:36:40 EDT 2019 org.apache.commons.math.complex.Complex,406
Mon Sep 02 14:39:31 EDT 2019 org.apache.commons.math.complex.Complex,425
Mon Sep 02 14:39:56 EDT 2019 org.apache.commons.math.complex.Complex,426
Mon Sep 02 14:39:57 EDT 2019 org.apache.commons.math.complex.Complex,429
Mon Sep 02 14:41:03 EDT 2019 org.apache.commons.math.complex.Complex,448
Mon Sep 02 14:41:04 EDT 2019 org.apache.commons.math.complex.Complex,449
Mon Sep 02 14:41:05 EDT 2019 org.apache.commons.math.complex.Complex,452
Mon Sep 02 14:42:09 EDT 2019 org.apache.commons.math.complex.Complex,471
Mon Sep 02 14:42:09 EDT 2019 org.apache.commons.math.complex.Complex,472
Mon Sep 02 14:42:10 EDT 2019 org.apache.commons.math.complex.Complex,475
Mon Sep 02 14:43:42 EDT 2019 org.apache.commons.math.complex.Complex,506
Mon Sep 02 14:43:42 EDT 2019 org.apache.commons.math.complex.Complex,507
Mon Sep 02 14:43:43 EDT 2019 org.apache.commons.math.complex.Complex,510
Mon Sep 02 14:45:45 EDT 2019 org.apache.commons.math.complex.Complex,540
Mon Sep 02 14:45:46 EDT 2019 org.apache.commons.math.complex.Complex,541
Mon Sep 02 14:45:47 EDT 2019 org.apache.commons.math.complex.Complex,544
Mon Sep 02 14:47:55 EDT 2019 org.apache.commons.math.complex.Complex,575
Mon Sep 02 14:47:56 EDT 2019 org.apache.commons.math.complex.Complex,576
Mon Sep 02 14:47:56 EDT 2019 org.apache.commons.math.complex.Complex,579
Mon Sep 02 14:50:54 EDT 2019 org.apache.commons.math.complex.Complex,580
Mon Sep 02 14:50:55 EDT 2019 org.apache.commons.math.complex.Complex,613
Mon Sep 02 14:50:55 EDT 2019 org.apache.commons.math.complex.Complex,614
Mon Sep 02 14:50:56 EDT 2019 org.apache.commons.math.complex.Complex,617
Mon Sep 02 14:52:51 EDT 2019 org.apache.commons.math.complex.Complex,639
Mon Sep 02 14:52:53 EDT 2019 org.apache.commons.math.complex.Complex,640
Mon Sep 02 14:52:53 EDT 2019 org.apache.commons.math.complex.Complex,642
Mon Sep 02 14:54:18 EDT 2019 org.apache.commons.math.complex.Complex,672
Mon Sep 02 14:54:18 EDT 2019 org.apache.commons.math.complex.Complex,673
Mon Sep 02 14:54:19 EDT 2019 org.apache.commons.math.complex.Complex,676
Mon Sep 02 14:56:19 EDT 2019 org.apache.commons.math.complex.Complex,706
Mon Sep 02 14:56:20 EDT 2019 org.apache.commons.math.complex.Complex,707
Mon Sep 02 14:56:20 EDT 2019 org.apache.commons.math.complex.Complex,710
Mon Sep 02 14:58:25 EDT 2019 org.apache.commons.math.complex.Complex,748
Mon Sep 02 14:58:25 EDT 2019 org.apache.commons.math.complex.Complex,749
Mon Sep 02 14:58:26 EDT 2019 org.apache.commons.math.complex.Complex,752
Mon Sep 02 14:58:28 EDT 2019 org.apache.commons.math.complex.Complex,753
Mon Sep 02 14:58:29 EDT 2019 org.apache.commons.math.complex.Complex,756
Mon Sep 02 15:01:23 EDT 2019 org.apache.commons.math.complex.Complex,757
Mon Sep 02 15:01:23 EDT 2019 org.apache.commons.math.complex.Complex,758
Mon Sep 02 15:01:24 EDT 2019 org.apache.commons.math.complex.Complex,760
Mon Sep 02 15:01:24 EDT 2019 org.apache.commons.math.complex.Complex,784
Mon Sep 02 15:02:51 EDT 2019 org.apache.commons.math.complex.Complex,814
Mon Sep 02 15:02:52 EDT 2019 org.apache.commons.math.complex.Complex,815
Mon Sep 02 15:02:52 EDT 2019 org.apache.commons.math.complex.Complex,818
Mon Sep 02 15:06:15 EDT 2019 org.apache.commons.math.complex.Complex,819
Mon Sep 02 15:06:15 EDT 2019 org.apache.commons.math.complex.Complex,820
Mon Sep 02 15:06:16 EDT 2019 org.apache.commons.math.complex.Complex,822
Mon Sep 02 15:06:17 EDT 2019 org.apache.commons.math.complex.Complex,852
Mon Sep 02 15:06:17 EDT 2019 org.apache.commons.math.complex.Complex,853
Mon Sep 02 15:06:18 EDT 2019 org.apache.commons.math.complex.Complex,856
Mon Sep 02 15:09:42 EDT 2019 org.apache.commons.math.complex.Complex,857
Mon Sep 02 15:09:44 EDT 2019 org.apache.commons.math.complex.Complex,858
Mon Sep 02 15:09:49 EDT 2019 org.apache.commons.math.complex.Complex,860
Failed time : 19/09/02 15:09
