=================================================
Project : math_97	start : 19/09/02 13:43
Current failed test : org.apache.commons.math.analysis.BrentSolverTest::testRootEndpoints | 19/09/02 13:43
Mon Sep 02 13:43:50 EDT 2019 org.apache.commons.math.analysis.BrentSolver,141
Mon Sep 02 13:48:10 EDT 2019 org.apache.commons.math.analysis.UnivariateRealSolverImpl,169
Mon Sep 02 13:48:45 EDT 2019 org.apache.commons.math.analysis.BrentSolver,193
Mon Sep 02 13:52:42 EDT 2019 org.apache.commons.math.analysis.BrentSolver,194
Mon Sep 02 13:52:42 EDT 2019 org.apache.commons.math.analysis.BrentSolver,182
Mon Sep 02 14:19:39 EDT 2019 org.apache.commons.math.analysis.BrentSolver,183
Mon Sep 02 14:19:39 EDT 2019 org.apache.commons.math.analysis.BrentSolver,184
Mon Sep 02 14:19:40 EDT 2019 org.apache.commons.math.analysis.BrentSolver,185
Mon Sep 02 14:19:41 EDT 2019 org.apache.commons.math.analysis.BrentSolver,186
Mon Sep 02 14:19:41 EDT 2019 org.apache.commons.math.analysis.BrentSolver,187
Mon Sep 02 14:19:42 EDT 2019 org.apache.commons.math.analysis.BrentSolver,151

----------------------------------------
----------------------------------------
Pass Single Test : [=>0,0]
if(sign*ret>=0){
throw new IllegalArgumentException("Function values at endpoints do not have different signs."+"  Endpoints: ["+min);
}else {
ret=solve(min,yMin,max,yMax,min,yMin);
}
return ret;

Time : 19/09/02 14:21
----------------------------------------

----------------------------------------
----------------------------------------
Pass Single Test : [=>0,0]
clearResult();
if(sign*ret>=0){
throw new IllegalArgumentException("Function values at endpoints do not have different signs."+"  Endpoints: ["+min);
}else {
ret=solve(min,yMin,max,yMax,min,yMin);
}
return ret;

Time : 19/09/02 14:21
----------------------------------------

----------------------------------------
----------------------------------------
Pass Single Test : [=>0,0]
verifyInterval(min,max);
if(sign*ret>=0){
throw new IllegalArgumentException("Function values at endpoints do not have different signs."+"  Endpoints: ["+min);
}else {
ret=solve(min,yMin,max,yMax,min,yMin);
}
return ret;

Time : 19/09/02 14:22
----------------------------------------

----------------------------------------
----------------------------------------
Pass Single Test : [=>0,0]
clearResult();
verifyInterval(min,max);
if(sign*ret>=0){
throw new IllegalArgumentException("Function values at endpoints do not have different signs."+"  Endpoints: ["+min);
}else {
ret=solve(min,yMin,max,yMax,min,yMin);
}
return ret;

Time : 19/09/02 14:22
----------------------------------------
Mon Sep 02 14:26:21 EDT 2019 org.apache.commons.math.analysis.UnivariateRealSolverImpl,140
Mon Sep 02 14:26:34 EDT 2019 org.apache.commons.math.analysis.UnivariateRealSolverImpl,141
Mon Sep 02 14:26:34 EDT 2019 org.apache.commons.math.analysis.UnivariateRealSolverImpl,142
Mon Sep 02 14:26:35 EDT 2019 Mon Sep 02 14:26:35 EDT 2019 : org.apache.commons.math.analysis.UnivariateRealSolverImpl,143=>Find no block
Mon Sep 02 14:26:36 EDT 2019 org.apache.commons.math.analysis.BrentSolver,147
Mon Sep 02 14:26:37 EDT 2019 org.apache.commons.math.analysis.BrentSolver,175
Mon Sep 02 14:29:47 EDT 2019 org.apache.commons.math.analysis.BrentSolver,176
Mon Sep 02 14:29:47 EDT 2019 org.apache.commons.math.analysis.BrentSolver,178
Mon Sep 02 14:29:48 EDT 2019 org.apache.commons.math.analysis.BrentSolver,179
Mon Sep 02 16:58:20 EDT 2019 org.apache.commons.math.analysis.BrentSolver,180
Mon Sep 02 16:58:20 EDT 2019 org.apache.commons.math.analysis.BrentSolver,189
Mon Sep 02 16:58:21 EDT 2019 org.apache.commons.math.analysis.BrentSolver,128
Mon Sep 02 16:58:55 EDT 2019 org.apache.commons.math.analysis.BrentSolver,129
Mon Sep 02 16:58:56 EDT 2019 org.apache.commons.math.analysis.BrentSolver,131
Mon Sep 02 17:01:15 EDT 2019 org.apache.commons.math.analysis.BrentSolver,133
Mon Sep 02 17:03:38 EDT 2019 org.apache.commons.math.analysis.BrentSolver,134
Mon Sep 02 17:05:38 EDT 2019 org.apache.commons.math.analysis.BrentSolver,137

----------------------------------------
----------------------------------------
Pass Single Test : [=>0,0]
double yMax=f.value(max);
double sign=yMin*yMax;
sign=Math.max(ret*Math.abs(min),yMin);
if(sign>=0){
throw new IllegalArgumentException("Function values at endpoints do not have different signs."+"  Endpoints: ["+min);
}else {
ret=solve(min,yMin,max,yMax,min,yMin);
}

Time : 19/09/02 17:14
----------------------------------------
Mon Sep 02 17:15:46 EDT 2019 org.apache.commons.math.analysis.BrentSolver,138
Mon Sep 02 17:15:46 EDT 2019 org.apache.commons.math.analysis.UnivariateRealSolverImpl,149
Mon Sep 02 17:16:39 EDT 2019 Mon Sep 02 17:16:39 EDT 2019 : org.apache.commons.math.analysis.UnivariateRealSolverImpl,150=>Find no block
Mon Sep 02 17:16:39 EDT 2019 org.apache.commons.math.analysis.UnivariateRealSolverImpl,295
Mon Sep 02 17:17:08 EDT 2019 Mon Sep 02 17:17:08 EDT 2019 : org.apache.commons.math.analysis.UnivariateRealSolverImpl,300=>Find no block
Mon Sep 02 17:17:09 EDT 2019 Mon Sep 02 17:17:09 EDT 2019 : org.apache.commons.math.analysis.BrentSolver,43=>Find no block
Mon Sep 02 17:17:10 EDT 2019 org.apache.commons.math.analysis.BrentSolver,42
Mon Sep 02 17:17:11 EDT 2019 org.apache.commons.math.analysis.UnivariateRealSolverImpl,93
Mon Sep 02 17:19:28 EDT 2019 org.apache.commons.math.analysis.UnivariateRealSolverImpl,94
Mon Sep 02 17:22:09 EDT 2019 org.apache.commons.math.analysis.UnivariateRealSolverImpl,95
Mon Sep 02 17:22:56 EDT 2019 org.apache.commons.math.analysis.UnivariateRealSolverImpl,96
Mon Sep 02 17:24:56 EDT 2019 org.apache.commons.math.analysis.UnivariateRealSolverImpl,97
Mon Sep 02 17:25:49 EDT 2019 org.apache.commons.math.analysis.UnivariateRealSolverImpl,98
Mon Sep 02 17:26:44 EDT 2019 org.apache.commons.math.analysis.UnivariateRealSolverImpl,99
Mon Sep 02 17:27:22 EDT 2019 org.apache.commons.math.analysis.UnivariateRealSolverImpl,100
Mon Sep 02 17:28:26 EDT 2019 org.apache.commons.math.analysis.UnivariateRealSolverImpl,101
Mon Sep 02 17:28:26 EDT 2019 Mon Sep 02 17:28:26 EDT 2019 : org.apache.commons.math.analysis.UnivariateRealSolverImpl,102=>Find no block
Mon Sep 02 17:28:27 EDT 2019 org.apache.commons.math.analysis.UnivariateRealSolverImpl,87
Mon Sep 02 17:29:19 EDT 2019 Mon Sep 02 17:29:19 EDT 2019 : org.apache.commons.math.analysis.UnivariateRealSolverImpl,61=>Find no block
Mon Sep 02 17:29:19 EDT 2019 org.apache.commons.math.analysis.UnivariateRealSolverImpl,89
Mon Sep 02 17:30:10 EDT 2019 org.apache.commons.math.MathException,124
Mon Sep 02 17:30:11 EDT 2019 org.apache.commons.math.MathException,125
Mon Sep 02 17:30:12 EDT 2019 org.apache.commons.math.MathException,126
Mon Sep 02 17:30:12 EDT 2019 org.apache.commons.math.MathException,127
Mon Sep 02 17:30:13 EDT 2019 Mon Sep 02 17:30:13 EDT 2019 : org.apache.commons.math.MathException,128=>Find no block
Mon Sep 02 17:30:13 EDT 2019 org.apache.commons.math.MathException,138
Mon Sep 02 17:30:20 EDT 2019 org.apache.commons.math.MathException,139
Mon Sep 02 17:30:22 EDT 2019 org.apache.commons.math.MathException,140
Mon Sep 02 17:30:23 EDT 2019 org.apache.commons.math.MathException,141
Mon Sep 02 17:30:24 EDT 2019 Mon Sep 02 17:30:24 EDT 2019 : org.apache.commons.math.MathException,142=>Find no block
Mon Sep 02 17:30:24 EDT 2019 org.apache.commons.math.MathException,152
Mon Sep 02 17:30:26 EDT 2019 org.apache.commons.math.MathException,153
Mon Sep 02 17:30:27 EDT 2019 org.apache.commons.math.MathException,154
Mon Sep 02 17:30:27 EDT 2019 org.apache.commons.math.MathException,155
Mon Sep 02 17:30:28 EDT 2019 Mon Sep 02 17:30:28 EDT 2019 : org.apache.commons.math.MathException,156=>Find no block
Mon Sep 02 17:30:28 EDT 2019 org.apache.commons.math.MathException,169
Mon Sep 02 17:30:34 EDT 2019 org.apache.commons.math.MathException,170
Mon Sep 02 17:30:35 EDT 2019 org.apache.commons.math.MathException,171
Mon Sep 02 17:30:35 EDT 2019 org.apache.commons.math.MathException,172
Mon Sep 02 17:30:36 EDT 2019 Mon Sep 02 17:30:36 EDT 2019 : org.apache.commons.math.MathException,173=>Find no block
Mon Sep 02 17:30:36 EDT 2019 Mon Sep 02 17:30:36 EDT 2019 : org.apache.commons.math.MathException,47=>Find no block
Mon Sep 02 17:30:36 EDT 2019 Mon Sep 02 17:30:36 EDT 2019 : org.apache.commons.math.MathException,49=>Find no block
Mon Sep 02 17:30:37 EDT 2019 Mon Sep 02 17:30:37 EDT 2019 : org.apache.commons.math.MathException,50=>Find no block
Mon Sep 02 17:30:37 EDT 2019 Mon Sep 02 17:30:37 EDT 2019 : org.apache.commons.math.MathException,53=>Find no block
Mon Sep 02 17:30:38 EDT 2019 Mon Sep 02 17:30:38 EDT 2019 : org.apache.commons.math.MathException,51=>Find no block
Mon Sep 02 17:30:38 EDT 2019 Mon Sep 02 17:30:38 EDT 2019 : org.apache.commons.math.MathException,52=>Find no block
Mon Sep 02 17:30:38 EDT 2019 Mon Sep 02 17:30:38 EDT 2019 : org.apache.commons.math.MathException,54=>Find no block
Mon Sep 02 17:30:39 EDT 2019 Mon Sep 02 17:30:39 EDT 2019 : org.apache.commons.math.MathException,58=>Find no block
Mon Sep 02 17:30:39 EDT 2019 org.apache.commons.math.MathException,84
Mon Sep 02 17:30:41 EDT 2019 org.apache.commons.math.MathException,86
Mon Sep 02 17:30:41 EDT 2019 org.apache.commons.math.MathException,90
Mon Sep 02 17:30:43 EDT 2019 org.apache.commons.math.MathException,92
Mon Sep 02 17:30:43 EDT 2019 Mon Sep 02 17:30:43 EDT 2019 : org.apache.commons.math.MathException,97=>Find no block
Mon Sep 02 17:30:43 EDT 2019 Mon Sep 02 17:30:43 EDT 2019 : org.apache.commons.math.MathException,95=>Find no block
Mon Sep 02 17:30:44 EDT 2019 org.apache.commons.math.MathException,101
Mon Sep 02 17:30:45 EDT 2019 org.apache.commons.math.MathException,114
Mon Sep 02 17:31:09 EDT 2019 org.apache.commons.math.MathException,115
Mon Sep 02 17:31:10 EDT 2019 org.apache.commons.math.MathException,116
Mon Sep 02 17:31:10 EDT 2019 org.apache.commons.math.MathException,181
Mon Sep 02 17:31:12 EDT 2019 org.apache.commons.math.MathException,190
Mon Sep 02 17:31:13 EDT 2019 org.apache.commons.math.MathException,201
Mon Sep 02 17:31:15 EDT 2019 org.apache.commons.math.MathException,210
Mon Sep 02 17:31:16 EDT 2019 org.apache.commons.math.MathException,217
Mon Sep 02 17:31:18 EDT 2019 Mon Sep 02 17:31:18 EDT 2019 : org.apache.commons.math.MathException,218=>Find no block
Mon Sep 02 17:31:19 EDT 2019 Mon Sep 02 17:31:19 EDT 2019 : org.apache.commons.math.MathException,226=>Find no block
Mon Sep 02 17:31:19 EDT 2019 org.apache.commons.math.MathException,227
Mon Sep 02 17:31:55 EDT 2019 org.apache.commons.math.MathException,228
Mon Sep 02 17:31:57 EDT 2019 org.apache.commons.math.MathException,230
Mon Sep 02 17:31:58 EDT 2019 Mon Sep 02 17:31:58 EDT 2019 : org.apache.commons.math.MathException,231=>Find no block
Mon Sep 02 17:31:58 EDT 2019 Mon Sep 02 17:31:58 EDT 2019 : org.apache.commons.math.MathException,232=>Find no block
Mon Sep 02 17:31:59 EDT 2019 Mon Sep 02 17:31:59 EDT 2019 : org.apache.commons.math.MathException,240=>Find no block
Mon Sep 02 17:31:59 EDT 2019 org.apache.commons.math.MathException,241
Mon Sep 02 17:32:00 EDT 2019 org.apache.commons.math.MathException,242
Mon Sep 02 17:32:02 EDT 2019 org.apache.commons.math.MathException,243
Mon Sep 02 17:32:02 EDT 2019 org.apache.commons.math.MathException,244
Mon Sep 02 17:32:03 EDT 2019 Mon Sep 02 17:32:03 EDT 2019 : org.apache.commons.math.MathException,246=>Find no block
Mon Sep 02 17:32:03 EDT 2019 Mon Sep 02 17:32:03 EDT 2019 : org.apache.commons.math.MathException,247=>Find no block
Mon Sep 02 17:32:04 EDT 2019 org.apache.commons.math.MaxIterationsExceededException,43
Mon Sep 02 17:32:05 EDT 2019 org.apache.commons.math.MaxIterationsExceededException,45
Mon Sep 02 17:32:06 EDT 2019 Mon Sep 02 17:32:06 EDT 2019 : org.apache.commons.math.MaxIterationsExceededException,46=>Find no block
Mon Sep 02 17:32:06 EDT 2019 org.apache.commons.math.MaxIterationsExceededException,57
Mon Sep 02 17:32:45 EDT 2019 org.apache.commons.math.MaxIterationsExceededException,58
Mon Sep 02 17:32:46 EDT 2019 Mon Sep 02 17:32:46 EDT 2019 : org.apache.commons.math.MaxIterationsExceededException,59=>Find no block
Mon Sep 02 17:32:46 EDT 2019 org.apache.commons.math.MaxIterationsExceededException,65
Mon Sep 02 17:32:47 EDT 2019 org.apache.commons.math.ConvergenceException,34
Mon Sep 02 17:32:49 EDT 2019 Mon Sep 02 17:32:49 EDT 2019 : org.apache.commons.math.ConvergenceException,35=>Find no block
Mon Sep 02 17:32:50 EDT 2019 org.apache.commons.math.ConvergenceException,45
Mon Sep 02 17:33:15 EDT 2019 Mon Sep 02 17:33:15 EDT 2019 : org.apache.commons.math.ConvergenceException,46=>Find no block
Mon Sep 02 17:33:15 EDT 2019 org.apache.commons.math.ConvergenceException,53
Mon Sep 02 17:33:17 EDT 2019 Mon Sep 02 17:33:17 EDT 2019 : org.apache.commons.math.ConvergenceException,54=>Find no block
Mon Sep 02 17:33:17 EDT 2019 org.apache.commons.math.ConvergenceException,65
Mon Sep 02 17:33:49 EDT 2019 Mon Sep 02 17:33:49 EDT 2019 : org.apache.commons.math.ConvergenceException,66=>Find no block
Mon Sep 02 17:33:49 EDT 2019 org.apache.commons.math.analysis.BrentSolver,67
Mon Sep 02 17:35:31 EDT 2019 org.apache.commons.math.analysis.BrentSolver,68
Mon Sep 02 17:35:32 EDT 2019 org.apache.commons.math.analysis.BrentSolver,74
Mon Sep 02 17:45:34 EDT 2019 org.apache.commons.math.analysis.BrentSolver,75
Mon Sep 02 17:45:34 EDT 2019 org.apache.commons.math.analysis.BrentSolver,76
Mon Sep 02 17:45:35 EDT 2019 org.apache.commons.math.analysis.BrentSolver,77
Mon Sep 02 17:45:35 EDT 2019 org.apache.commons.math.analysis.BrentSolver,81
Mon Sep 02 17:54:37 EDT 2019 org.apache.commons.math.analysis.BrentSolver,82
Mon Sep 02 17:54:38 EDT 2019 org.apache.commons.math.analysis.BrentSolver,83
Mon Sep 02 17:54:38 EDT 2019 org.apache.commons.math.analysis.BrentSolver,84
Mon Sep 02 17:54:39 EDT 2019 org.apache.commons.math.analysis.BrentSolver,88
Mon Sep 02 17:55:56 EDT 2019 org.apache.commons.math.analysis.BrentSolver,89
Mon Sep 02 17:55:56 EDT 2019 org.apache.commons.math.analysis.BrentSolver,93
Mon Sep 02 18:05:54 EDT 2019 org.apache.commons.math.analysis.BrentSolver,94
Mon Sep 02 18:05:55 EDT 2019 org.apache.commons.math.analysis.BrentSolver,95
Mon Sep 02 18:05:55 EDT 2019 org.apache.commons.math.analysis.BrentSolver,96
Mon Sep 02 18:05:56 EDT 2019 org.apache.commons.math.analysis.BrentSolver,100
Mon Sep 02 18:07:26 EDT 2019 org.apache.commons.math.analysis.BrentSolver,101
Mon Sep 02 18:07:27 EDT 2019 org.apache.commons.math.analysis.BrentSolver,105
Mon Sep 02 18:08:49 EDT 2019 org.apache.commons.math.analysis.BrentSolver,196
Mon Sep 02 18:14:06 EDT 2019 org.apache.commons.math.analysis.BrentSolver,197
Mon Sep 02 18:18:39 EDT 2019 org.apache.commons.math.analysis.BrentSolver,199
Mon Sep 02 18:18:40 EDT 2019 org.apache.commons.math.analysis.BrentSolver,200
Mon Sep 02 18:18:40 EDT 2019 org.apache.commons.math.analysis.BrentSolver,201
Mon Sep 02 18:18:41 EDT 2019 org.apache.commons.math.analysis.BrentSolver,203
Mon Sep 02 18:18:41 EDT 2019 org.apache.commons.math.analysis.BrentSolver,206
Mon Sep 02 18:18:50 EDT 2019 org.apache.commons.math.analysis.BrentSolver,207
Mon Sep 02 18:18:50 EDT 2019 org.apache.commons.math.analysis.BrentSolver,209
Mon Sep 02 18:19:24 EDT 2019 org.apache.commons.math.analysis.BrentSolver,215
Mon Sep 02 18:19:24 EDT 2019 org.apache.commons.math.analysis.BrentSolver,217
Mon Sep 02 18:19:25 EDT 2019 org.apache.commons.math.analysis.BrentSolver,218
Mon Sep 02 18:19:25 EDT 2019 org.apache.commons.math.analysis.BrentSolver,221
Mon Sep 02 18:19:25 EDT 2019 org.apache.commons.math.analysis.BrentSolver,222
Mon Sep 02 18:19:26 EDT 2019 org.apache.commons.math.analysis.BrentSolver,223
Mon Sep 02 18:19:26 EDT 2019 org.apache.commons.math.analysis.BrentSolver,224
Mon Sep 02 18:19:27 EDT 2019 org.apache.commons.math.analysis.BrentSolver,226
Mon Sep 02 18:19:28 EDT 2019 org.apache.commons.math.analysis.BrentSolver,227
Mon Sep 02 18:19:28 EDT 2019 org.apache.commons.math.analysis.BrentSolver,229
Mon Sep 02 18:19:29 EDT 2019 org.apache.commons.math.analysis.BrentSolver,231
Mon Sep 02 18:19:29 EDT 2019 org.apache.commons.math.analysis.BrentSolver,236
Mon Sep 02 18:19:30 EDT 2019 org.apache.commons.math.analysis.BrentSolver,237
Mon Sep 02 18:19:30 EDT 2019 org.apache.commons.math.analysis.BrentSolver,239
Mon Sep 02 18:19:31 EDT 2019 org.apache.commons.math.analysis.BrentSolver,240
Mon Sep 02 18:19:31 EDT 2019 org.apache.commons.math.analysis.BrentSolver,244
Mon Sep 02 18:29:29 EDT 2019 org.apache.commons.math.analysis.BrentSolver,245
Mon Sep 02 18:29:30 EDT 2019 org.apache.commons.math.analysis.BrentSolver,247
Mon Sep 02 18:29:30 EDT 2019 org.apache.commons.math.analysis.BrentSolver,248
Mon Sep 02 18:29:31 EDT 2019 org.apache.commons.math.analysis.BrentSolver,249
Mon Sep 02 18:29:31 EDT 2019 org.apache.commons.math.analysis.BrentSolver,250
Mon Sep 02 18:29:32 EDT 2019 org.apache.commons.math.analysis.BrentSolver,251
Mon Sep 02 18:29:32 EDT 2019 org.apache.commons.math.analysis.BrentSolver,252
Mon Sep 02 18:29:32 EDT 2019 org.apache.commons.math.analysis.BrentSolver,254
Timeout time : 19/09/02 18:43
