=================================================
Project : math_98	start : 19/09/02 13:43
Current failed test : org.apache.commons.math.linear.BigMatrixImplTest::testMath209_purify_1 | 19/09/02 13:43
Mon Sep 02 13:44:28 EDT 2019 org.apache.commons.math.linear.BigMatrixImpl,986
Mon Sep 02 13:51:08 EDT 2019 org.apache.commons.math.linear.BigMatrixImpl,989
Mon Sep 02 13:58:45 EDT 2019 org.apache.commons.math.linear.BigMatrixImpl,990

----------------------------------------
----------------------------------------
Pass Single Test : [=>0,0]
 final int nRows=this.getRowDimension();
 final int nCols=this.getColumnDimension();
 final BigDecimal[] out=new BigDecimal[nRows];

Time : 19/09/02 13:59
----------------------------------------

----------------------------------------
----------------------------------------
Similar code block : 2.5634100936934288 : [/home/mmotwani/mywork1dir/Defects4Java7/defects4j/SIMFIX_RQ1/math/math_98_buggy/src/java/org/apache/commons/math/linear/BigMatrixImpl.java=>0,0]
 final int nRows=this.getRowDimension();
 final int nCols=m.getColumnDimension();
 final int nSum=this.getColumnDimension();
 final double[][] outData=new double[nRows][nCols];

Time : 19/09/02 13:59
----------------------------------------

----------------------------------------
----------------------------------------
Original source code : [/home/mmotwani/mywork1dir/Defects4Java7/defects4j/SIMFIX_RQ1/math/math_98_buggy/src/java/org/apache/commons/math/linear/BigMatrixImpl.java=>989,991]
 final int nRows=this.getRowDimension();
 final int nCols=this.getColumnDimension();
 final BigDecimal[] out=new BigDecimal[v.length];

Time : 19/09/02 13:59
----------------------------------------

----------------------------------------
----------------------------------------
Find a patch : [/home/mmotwani/mywork1dir/Defects4Java7/defects4j/SIMFIX_RQ1/math/math_98_buggy/src/java/org/apache/commons/math/linear/BigMatrixImpl.java=>989,991]
 final int nRows=this.getRowDimension();
 final int nCols=this.getColumnDimension();
 final BigDecimal[] out=new BigDecimal[nRows];

Time : 19/09/02 13:59
----------------------------------------
Success time : 19/09/02 13:59
Current failed test : org.apache.commons.math.linear.BigMatrixImplTest::testMath209_purify_2 | 19/09/02 13:59
Already fixed : org.apache.commons.math.linear.BigMatrixImplTest::testMath209_purify_2
Current failed test : org.apache.commons.math.linear.BigMatrixImplTest::testMath209_purify_3 | 19/09/02 13:59
Already fixed : org.apache.commons.math.linear.BigMatrixImplTest::testMath209_purify_3
Current failed test : org.apache.commons.math.linear.BigMatrixImplTest::testMath209_purify_4 | 19/09/02 13:59
Already fixed : org.apache.commons.math.linear.BigMatrixImplTest::testMath209_purify_4
Current failed test : org.apache.commons.math.linear.RealMatrixImplTest::testMath209_purify_1 | 19/09/02 13:59
Mon Sep 02 14:00:23 EDT 2019 org.apache.commons.math.linear.BigMatrixImpl,986
Mon Sep 02 14:06:44 EDT 2019 org.apache.commons.math.linear.BigMatrixImpl,989
Mon Sep 02 14:14:14 EDT 2019 org.apache.commons.math.linear.BigMatrixImpl,990
Mon Sep 02 14:16:55 EDT 2019 org.apache.commons.math.linear.BigMatrixImpl,991
Timeout time : 19/09/02 14:37
Current failed test : org.apache.commons.math.linear.RealMatrixImplTest::testMath209_purify_2 | 19/09/02 14:37
Mon Sep 02 14:37:53 EDT 2019 org.apache.commons.math.linear.BigMatrixImpl,986
Mon Sep 02 14:44:18 EDT 2019 org.apache.commons.math.linear.BigMatrixImpl,989
Mon Sep 02 14:51:53 EDT 2019 org.apache.commons.math.linear.BigMatrixImpl,990
Mon Sep 02 14:54:26 EDT 2019 org.apache.commons.math.linear.BigMatrixImpl,991
Timeout time : 19/09/02 15:14
Current failed test : org.apache.commons.math.linear.RealMatrixImplTest::testMath209_purify_3 | 19/09/02 15:14
Mon Sep 02 15:15:27 EDT 2019 org.apache.commons.math.linear.BigMatrixImpl,986
Mon Sep 02 15:22:04 EDT 2019 org.apache.commons.math.linear.BigMatrixImpl,989
Mon Sep 02 15:29:40 EDT 2019 org.apache.commons.math.linear.BigMatrixImpl,990
Mon Sep 02 15:32:19 EDT 2019 org.apache.commons.math.linear.BigMatrixImpl,991
Timeout time : 19/09/02 15:52
Current failed test : org.apache.commons.math.linear.RealMatrixImplTest::testMath209_purify_4 | 19/09/02 15:52
Mon Sep 02 15:53:18 EDT 2019 org.apache.commons.math.linear.BigMatrixImpl,986
Mon Sep 02 16:00:32 EDT 2019 org.apache.commons.math.linear.BigMatrixImpl,989
Mon Sep 02 16:07:57 EDT 2019 org.apache.commons.math.linear.BigMatrixImpl,990
Mon Sep 02 16:10:33 EDT 2019 org.apache.commons.math.linear.BigMatrixImpl,991
Timeout time : 19/09/02 16:30
