=================================================
Project : math_99	start : 19/09/02 13:43
Current failed test : org.apache.commons.math.util.MathUtilsTest::testGcd_purify_18 | 19/09/02 13:45
Mon Sep 02 13:46:29 EDT 2019 org.apache.commons.math.util.MathUtils,710
Mon Sep 02 13:46:33 EDT 2019 org.apache.commons.math.util.MathUtils,711
Mon Sep 02 13:46:34 EDT 2019 org.apache.commons.math.util.MathUtils,713
Mon Sep 02 13:49:50 EDT 2019 org.apache.commons.math.util.MathUtils,714
Mon Sep 02 13:49:51 EDT 2019 org.apache.commons.math.util.MathUtils,560
Mon Sep 02 13:50:34 EDT 2019 org.apache.commons.math.util.MathUtils,561
Mon Sep 02 13:50:35 EDT 2019 org.apache.commons.math.util.MathUtils,562
Mon Sep 02 13:50:36 EDT 2019 org.apache.commons.math.util.MathUtils,578
Mon Sep 02 13:50:39 EDT 2019 org.apache.commons.math.util.MathUtils,540

----------------------------------------
----------------------------------------
Pass Single Test : [=>0,0]
int u=p;
int v=q;
if((u==0)&&(v==0)){
return (Math.abs(u)+Math.abs(v));
}

Time : 19/09/02 13:51
----------------------------------------

----------------------------------------
----------------------------------------
Pass Single Test : [=>0,0]
int u=p;
int v=q;
if((v+1>=q)&&(v==0)){
return (Math.abs(u)+Math.abs(v));
}

Time : 19/09/02 14:02
----------------------------------------

----------------------------------------
----------------------------------------
Pass Single Test : [=>0,0]
int u=p;
int v=q;
if((Math.abs(SAFE_MIN-v)<=SAFE_MIN)){
return (Math.abs(u)+Math.abs(v));
}

Time : 19/09/02 14:13
----------------------------------------

----------------------------------------
----------------------------------------
Pass Single Test : [=>0,0]
int u=p;
int v=q;
if((u==0)&&(Math.abs(SAFE_MIN-v)<=SAFE_MIN)){
return (Math.abs(u)+Math.abs(v));
}

Time : 19/09/02 14:24
----------------------------------------

----------------------------------------
----------------------------------------
Pass Single Test : [=>0,0]
int u=p;
int v=q;
if(Math.abs(SAFE_MIN-SAFE_MIN)>SAFE_MIN){
return (Math.abs(u)+Math.abs(v));
}

Time : 19/09/02 14:35
----------------------------------------

----------------------------------------
----------------------------------------
Pass Single Test : [=>0,0]
int u=q;
int v=q;
if((u==0)||(v==0)){
return (Math.abs(u)+Math.abs(v));
}

Time : 19/09/02 14:45
----------------------------------------

----------------------------------------
----------------------------------------
Pass Single Test : [=>0,0]
int u=p;
int v=q;
if(u<v){
return (Math.abs(u)+Math.abs(v));
}

Time : 19/09/02 14:46
----------------------------------------

----------------------------------------
----------------------------------------
Pass Single Test : [=>0,0]
int u=p;
int v=q;
if(u==u&&(v==0)){
return (Math.abs(u)+Math.abs(v));
}

Time : 19/09/02 14:57
----------------------------------------
Timeout time : 19/09/02 15:07
Current failed test : org.apache.commons.math.util.MathUtilsTest::testGcd_purify_19 | 19/09/02 15:07
Mon Sep 02 15:08:44 EDT 2019 org.apache.commons.math.util.MathUtils,710
Mon Sep 02 15:08:48 EDT 2019 org.apache.commons.math.util.MathUtils,711
Mon Sep 02 15:08:49 EDT 2019 org.apache.commons.math.util.MathUtils,713
Mon Sep 02 15:15:16 EDT 2019 org.apache.commons.math.util.MathUtils,714
Mon Sep 02 15:15:17 EDT 2019 org.apache.commons.math.util.MathUtils,560
Mon Sep 02 15:16:34 EDT 2019 org.apache.commons.math.util.MathUtils,561
Mon Sep 02 15:16:35 EDT 2019 org.apache.commons.math.util.MathUtils,562
Mon Sep 02 15:16:36 EDT 2019 org.apache.commons.math.util.MathUtils,578
Mon Sep 02 15:16:39 EDT 2019 org.apache.commons.math.util.MathUtils,540

----------------------------------------
----------------------------------------
Pass Single Test : [=>0,0]
int u=p;
int v=q;
if((u==0)||((SAFE_MIN-u)<SAFE_MIN)){
return (Math.abs(u)+Math.abs(v));
}

Time : 19/09/02 15:18
----------------------------------------

----------------------------------------
----------------------------------------
Pass Single Test : [=>0,0]
int u=p;
int v=q;
if((u==0)&&(v==0)){
return (Math.abs(u)+Math.abs(v));
}

Time : 19/09/02 15:28
----------------------------------------

----------------------------------------
----------------------------------------
Pass Single Test : [=>0,0]
int u=p;
int v=q;
if((u==0)&&(Math.abs(SAFE_MIN-SAFE_MIN)<=Math.max(SAFE_MIN,SAFE_MIN*(Math.abs(SAFE_MIN)+Math.abs(SAFE_MIN))))){
return (Math.abs(u)+Math.abs(v));
}

Time : 19/09/02 15:40
----------------------------------------

----------------------------------------
----------------------------------------
Pass Single Test : [=>0,0]
int u=p;
int v=q;
if((u==0)&&(Math.abs(SAFE_MIN-v)<=SAFE_MIN)){
return (Math.abs(u)+Math.abs(v));
}

Time : 19/09/02 15:53
----------------------------------------

----------------------------------------
----------------------------------------
Pass Single Test : [=>0,0]
int u=p;
int v=q;
if(Math.abs(SAFE_MIN-SAFE_MIN)>SAFE_MIN){
return (Math.abs(u)+Math.abs(v));
}

Time : 19/09/02 16:05
----------------------------------------

----------------------------------------
----------------------------------------
Pass Single Test : [=>0,0]
int u=p;
int v=q;
if((u==0)&&u<v){
return (Math.abs(u)+Math.abs(v));
}

Time : 19/09/02 16:17
----------------------------------------
Timeout time : 19/09/02 16:27
Current failed test : org.apache.commons.math.util.MathUtilsTest::testLcm_purify_13 | 19/09/02 16:27
Mon Sep 02 16:28:28 EDT 2019 org.apache.commons.math.util.MathUtils,710
Mon Sep 02 16:28:31 EDT 2019 org.apache.commons.math.util.MathUtils,711
Mon Sep 02 16:28:32 EDT 2019 org.apache.commons.math.util.MathUtils,713
Mon Sep 02 16:34:33 EDT 2019 org.apache.commons.math.util.MathUtils,714
Mon Sep 02 16:34:34 EDT 2019 org.apache.commons.math.util.MathUtils,560
Mon Sep 02 16:35:50 EDT 2019 org.apache.commons.math.util.MathUtils,561
Mon Sep 02 16:35:51 EDT 2019 org.apache.commons.math.util.MathUtils,562
Mon Sep 02 16:35:52 EDT 2019 org.apache.commons.math.util.MathUtils,578
Mon Sep 02 16:35:55 EDT 2019 org.apache.commons.math.util.MathUtils,540
Mon Sep 02 16:47:48 EDT 2019 org.apache.commons.math.util.MathUtils,541
Mon Sep 02 16:47:49 EDT 2019 org.apache.commons.math.util.MathUtils,542
Mon Sep 02 16:51:59 EDT 2019 org.apache.commons.math.util.MathUtils,550
Mon Sep 02 16:52:25 EDT 2019 org.apache.commons.math.util.MathUtils,551
Mon Sep 02 16:52:25 EDT 2019 org.apache.commons.math.util.MathUtils,553
Mon Sep 02 16:53:34 EDT 2019 org.apache.commons.math.util.MathUtils,554
Mon Sep 02 16:53:34 EDT 2019 org.apache.commons.math.util.MathUtils,557
Mon Sep 02 16:56:08 EDT 2019 org.apache.commons.math.util.MathUtils,558
Mon Sep 02 16:56:08 EDT 2019 org.apache.commons.math.util.MathUtils,564

----------------------------------------
----------------------------------------
Pass Single Test : [=>0,0]
if(k==0){
throw MathRuntimeException.createArithmeticException("overflow: gcd({0}, {1}) is 2^31",new Object[]{p,q});
}

Time : 19/09/02 16:56
----------------------------------------

----------------------------------------
----------------------------------------
Pass Single Test : [=>0,0]
if(k==0){
throw MathRuntimeException.createArithmeticException("zero norm",null);
}

Time : 19/09/02 16:57
----------------------------------------

----------------------------------------
----------------------------------------
Pass Single Test : [=>0,0]
if(k==0){
throw MathRuntimeException.createArithmeticException("cannot normalize a zero norm vector",null);
}

Time : 19/09/02 16:58
----------------------------------------

----------------------------------------
----------------------------------------
Pass Single Test : [=>0,0]
if(k==0){
throw MathRuntimeException.createArithmeticException("zero norm for rotation axis",null);
}

Time : 19/09/02 17:00
----------------------------------------

----------------------------------------
----------------------------------------
Pass Single Test : [=>0,0]
if(k==0){
if((k==k)||(k==0)){
return 0;
}
throw MathRuntimeException.createArithmeticException("overflow: gcd({0}, {1}) is 2^31",new Object[]{p,q});
}

Time : 19/09/02 17:04
----------------------------------------

----------------------------------------
----------------------------------------
Pass Single Test : [=>0,0]
if(k!=31){
throw MathRuntimeException.createArithmeticException("overflow: gcd({0}, {1}) is 2^31",new Object[]{p,q});
}

Time : 19/09/02 17:04
----------------------------------------
Mon Sep 02 17:08:04 EDT 2019 org.apache.commons.math.util.MathUtils,571
Mon Sep 02 17:11:40 EDT 2019 org.apache.commons.math.util.MathUtils,577
Mon Sep 02 17:11:41 EDT 2019 org.apache.commons.math.util.MathUtils,581
Mon Sep 02 17:15:03 EDT 2019 org.apache.commons.math.util.MathUtils,582
Mon Sep 02 17:15:04 EDT 2019 org.apache.commons.math.util.MathUtils,584
Mon Sep 02 17:15:05 EDT 2019 org.apache.commons.math.util.MathUtils,587
Mon Sep 02 17:15:19 EDT 2019 org.apache.commons.math.util.MathUtils,590
Mon Sep 02 17:15:20 EDT 2019 org.apache.commons.math.util.MathUtils,591
Mon Sep 02 17:16:16 EDT 2019 org.apache.commons.math.util.MathUtils,748
Mon Sep 02 17:17:34 EDT 2019 org.apache.commons.math.util.MathUtils,749
Mon Sep 02 17:17:37 EDT 2019 org.apache.commons.math.util.MathUtils,752
Mon Sep 02 17:17:37 EDT 2019 Mon Sep 02 17:17:37 EDT 2019 : org.apache.commons.math.util.MathUtils,413=>Find no block
Mon Sep 02 17:17:38 EDT 2019 org.apache.commons.math.util.MathUtils,543
Mon Sep 02 17:17:39 EDT 2019 org.apache.commons.math.MathRuntimeException,105
Mon Sep 02 17:17:53 EDT 2019 org.apache.commons.math.MathRuntimeException,106
Mon Sep 02 17:17:54 EDT 2019 org.apache.commons.math.MathRuntimeException,107
Mon Sep 02 17:17:55 EDT 2019 Mon Sep 02 17:17:55 EDT 2019 : org.apache.commons.math.MathRuntimeException,108=>Find no block
Mon Sep 02 17:17:55 EDT 2019 org.apache.commons.math.MathRuntimeException,118
Mon Sep 02 17:17:58 EDT 2019 org.apache.commons.math.MathRuntimeException,119
Mon Sep 02 17:17:59 EDT 2019 org.apache.commons.math.MathRuntimeException,120
Mon Sep 02 17:17:59 EDT 2019 Mon Sep 02 17:17:59 EDT 2019 : org.apache.commons.math.MathRuntimeException,121=>Find no block
Mon Sep 02 17:18:00 EDT 2019 org.apache.commons.math.MathRuntimeException,134
Mon Sep 02 17:18:15 EDT 2019 org.apache.commons.math.MathRuntimeException,135
Mon Sep 02 17:18:16 EDT 2019 org.apache.commons.math.MathRuntimeException,136
Mon Sep 02 17:18:17 EDT 2019 Mon Sep 02 17:18:17 EDT 2019 : org.apache.commons.math.MathRuntimeException,137=>Find no block
Mon Sep 02 17:18:17 EDT 2019 Mon Sep 02 17:18:17 EDT 2019 : org.apache.commons.math.MathRuntimeException,43=>Find no block
Mon Sep 02 17:18:18 EDT 2019 org.apache.commons.math.MathRuntimeException,64
Mon Sep 02 17:18:21 EDT 2019 org.apache.commons.math.MathRuntimeException,66
Mon Sep 02 17:18:21 EDT 2019 org.apache.commons.math.MathRuntimeException,70
Mon Sep 02 17:18:25 EDT 2019 org.apache.commons.math.MathRuntimeException,72
Mon Sep 02 17:18:25 EDT 2019 Mon Sep 02 17:18:25 EDT 2019 : org.apache.commons.math.MathRuntimeException,77=>Find no block
Mon Sep 02 17:18:26 EDT 2019 Mon Sep 02 17:18:26 EDT 2019 : org.apache.commons.math.MathRuntimeException,75=>Find no block
Mon Sep 02 17:18:27 EDT 2019 org.apache.commons.math.MathRuntimeException,81
Mon Sep 02 17:18:30 EDT 2019 org.apache.commons.math.MathRuntimeException,94
Mon Sep 02 17:18:33 EDT 2019 org.apache.commons.math.MathRuntimeException,144
Mon Sep 02 17:18:36 EDT 2019 org.apache.commons.math.MathRuntimeException,152
Mon Sep 02 17:19:17 EDT 2019 org.apache.commons.math.MathRuntimeException,162
Mon Sep 02 17:19:20 EDT 2019 org.apache.commons.math.MathRuntimeException,167
Mon Sep 02 17:19:22 EDT 2019 org.apache.commons.math.MathRuntimeException,174
Mon Sep 02 17:19:25 EDT 2019 Mon Sep 02 17:19:25 EDT 2019 : org.apache.commons.math.MathRuntimeException,175=>Find no block
Mon Sep 02 17:19:26 EDT 2019 Mon Sep 02 17:19:26 EDT 2019 : org.apache.commons.math.MathRuntimeException,183=>Find no block
Mon Sep 02 17:19:26 EDT 2019 org.apache.commons.math.MathRuntimeException,184
Mon Sep 02 17:19:30 EDT 2019 org.apache.commons.math.MathRuntimeException,185
Mon Sep 02 17:19:30 EDT 2019 org.apache.commons.math.MathRuntimeException,187
Mon Sep 02 17:19:31 EDT 2019 Mon Sep 02 17:19:31 EDT 2019 : org.apache.commons.math.MathRuntimeException,188=>Find no block
Mon Sep 02 17:19:32 EDT 2019 Mon Sep 02 17:19:32 EDT 2019 : org.apache.commons.math.MathRuntimeException,189=>Find no block
Mon Sep 02 17:19:33 EDT 2019 org.apache.commons.math.MathRuntimeException,200
Mon Sep 02 17:19:39 EDT 2019 org.apache.commons.math.MathRuntimeException,222
Mon Sep 02 17:19:45 EDT 2019 org.apache.commons.math.MathRuntimeException,244
Mon Sep 02 17:19:49 EDT 2019 org.apache.commons.math.MathRuntimeException,269
Mon Sep 02 17:20:44 EDT 2019 org.apache.commons.math.MathRuntimeException,270
Mon Sep 02 17:20:44 EDT 2019 org.apache.commons.math.MathRuntimeException,271
Mon Sep 02 17:20:45 EDT 2019 org.apache.commons.math.MathRuntimeException,283
Mon Sep 02 17:20:48 EDT 2019 org.apache.commons.math.MathRuntimeException,305
Mon Sep 02 17:20:51 EDT 2019 org.apache.commons.math.MathRuntimeException,327
Mon Sep 02 17:20:53 EDT 2019 org.apache.commons.math.MathRuntimeException,349
Mon Sep 02 17:20:56 EDT 2019 org.apache.commons.math.MathRuntimeException,374
Mon Sep 02 17:20:59 EDT 2019 Mon Sep 02 17:20:59 EDT 2019 : org.apache.commons.math.MathRuntimeException,37=>Find no block
Mon Sep 02 17:21:00 EDT 2019 org.apache.commons.math.MathRuntimeException,327
Mon Sep 02 17:21:00 EDT 2019 org.apache.commons.math.MathRuntimeException,334
Mon Sep 02 17:21:14 EDT 2019 org.apache.commons.math.MathRuntimeException,305
Mon Sep 02 17:21:15 EDT 2019 org.apache.commons.math.MathRuntimeException,312
Mon Sep 02 17:21:15 EDT 2019 org.apache.commons.math.MathRuntimeException,283
Mon Sep 02 17:21:16 EDT 2019 org.apache.commons.math.MathRuntimeException,290
Mon Sep 02 17:21:17 EDT 2019 org.apache.commons.math.MathRuntimeException,244
Mon Sep 02 17:21:17 EDT 2019 org.apache.commons.math.MathRuntimeException,251
Mon Sep 02 17:21:18 EDT 2019 org.apache.commons.math.MathRuntimeException,222
Mon Sep 02 17:21:19 EDT 2019 org.apache.commons.math.MathRuntimeException,229
Mon Sep 02 17:21:19 EDT 2019 org.apache.commons.math.MathRuntimeException,200
Mon Sep 02 17:21:20 EDT 2019 org.apache.commons.math.MathRuntimeException,207
Mon Sep 02 17:21:20 EDT 2019 org.apache.commons.math.MathRuntimeException,374
Mon Sep 02 17:21:21 EDT 2019 org.apache.commons.math.MathRuntimeException,381
Mon Sep 02 17:21:22 EDT 2019 org.apache.commons.math.MathRuntimeException,349
Mon Sep 02 17:21:22 EDT 2019 org.apache.commons.math.MathRuntimeException,356
Mon Sep 02 17:21:23 EDT 2019 org.apache.commons.math.util.MathUtils,66
Mon Sep 02 17:21:26 EDT 2019 Mon Sep 02 17:21:26 EDT 2019 : org.apache.commons.math.util.MathUtils,67=>Find no block
Mon Sep 02 17:21:26 EDT 2019 org.apache.commons.math.util.MathUtils,80
Mon Sep 02 17:22:33 EDT 2019 org.apache.commons.math.util.MathUtils,81
Mon Sep 02 17:23:13 EDT 2019 org.apache.commons.math.util.MathUtils,82
Mon Sep 02 17:23:13 EDT 2019 org.apache.commons.math.util.MathUtils,84
Mon Sep 02 17:23:14 EDT 2019 org.apache.commons.math.util.MathUtils,98
Mon Sep 02 17:23:17 EDT 2019 org.apache.commons.math.util.MathUtils,114
Mon Sep 02 17:26:52 EDT 2019 org.apache.commons.math.util.MathUtils,116
Mon Sep 02 17:26:55 EDT 2019 org.apache.commons.math.util.MathUtils,120
Mon Sep 02 17:26:56 EDT 2019 org.apache.commons.math.util.MathUtils,121
Mon Sep 02 17:26:57 EDT 2019 org.apache.commons.math.util.MathUtils,123
Mon Sep 02 17:26:57 EDT 2019 org.apache.commons.math.util.MathUtils,124
Mon Sep 02 17:26:58 EDT 2019 org.apache.commons.math.util.MathUtils,126
Mon Sep 02 17:26:59 EDT 2019 org.apache.commons.math.util.MathUtils,130
Mon Sep 02 17:26:59 EDT 2019 org.apache.commons.math.util.MathUtils,137
Mon Sep 02 17:27:00 EDT 2019 org.apache.commons.math.util.MathUtils,138
Mon Sep 02 17:27:01 EDT 2019 org.apache.commons.math.util.MathUtils,140
Mon Sep 02 17:27:01 EDT 2019 org.apache.commons.math.util.MathUtils,144
Mon Sep 02 17:27:58 EDT 2019 org.apache.commons.math.util.MathUtils,173
Mon Sep 02 17:40:56 EDT 2019 org.apache.commons.math.util.MathUtils,174
Mon Sep 02 17:40:57 EDT 2019 org.apache.commons.math.util.MathUtils,177
Timeout time : 19/09/02 17:43
Current failed test : org.apache.commons.math.util.MathUtilsTest::testLcm_purify_14 | 19/09/02 17:43
Mon Sep 02 17:44:35 EDT 2019 org.apache.commons.math.util.MathUtils,710
Mon Sep 02 17:44:38 EDT 2019 org.apache.commons.math.util.MathUtils,711
Mon Sep 02 17:44:38 EDT 2019 org.apache.commons.math.util.MathUtils,713
Mon Sep 02 17:50:31 EDT 2019 org.apache.commons.math.util.MathUtils,714
Mon Sep 02 17:50:31 EDT 2019 org.apache.commons.math.util.MathUtils,560

----------------------------------------
----------------------------------------
Pass Single Test : [=>0,0]
v-=2;
while((u&1)==0&&(v&1)==0&&k<31){
u/=2;
v/=2;
k++;
}

Time : 19/09/02 17:51
----------------------------------------
Mon Sep 02 18:01:46 EDT 2019 org.apache.commons.math.util.MathUtils,561
Mon Sep 02 18:01:46 EDT 2019 org.apache.commons.math.util.MathUtils,562
Mon Sep 02 18:01:47 EDT 2019 org.apache.commons.math.util.MathUtils,578
Mon Sep 02 18:01:49 EDT 2019 org.apache.commons.math.util.MathUtils,540
Mon Sep 02 18:07:48 EDT 2019 org.apache.commons.math.util.MathUtils,541
Mon Sep 02 18:07:48 EDT 2019 org.apache.commons.math.util.MathUtils,542
Mon Sep 02 18:09:55 EDT 2019 org.apache.commons.math.util.MathUtils,550
Mon Sep 02 18:10:10 EDT 2019 org.apache.commons.math.util.MathUtils,551
Mon Sep 02 18:10:10 EDT 2019 org.apache.commons.math.util.MathUtils,553
Mon Sep 02 18:11:02 EDT 2019 org.apache.commons.math.util.MathUtils,554
Mon Sep 02 18:11:03 EDT 2019 org.apache.commons.math.util.MathUtils,557
Mon Sep 02 18:13:02 EDT 2019 org.apache.commons.math.util.MathUtils,558
Mon Sep 02 18:13:03 EDT 2019 org.apache.commons.math.util.MathUtils,564

----------------------------------------
----------------------------------------
Pass Single Test : [=>0,0]
if(k!=31){
throw MathRuntimeException.createArithmeticException("overflow: gcd({0}, {1}) is 2^31",new Object[]{p,q});
}

Time : 19/09/02 18:16
----------------------------------------
Mon Sep 02 18:18:26 EDT 2019 org.apache.commons.math.util.MathUtils,571
Mon Sep 02 18:22:12 EDT 2019 org.apache.commons.math.util.MathUtils,577
Mon Sep 02 18:22:12 EDT 2019 org.apache.commons.math.util.MathUtils,581
Mon Sep 02 18:26:02 EDT 2019 org.apache.commons.math.util.MathUtils,582
Mon Sep 02 18:26:03 EDT 2019 org.apache.commons.math.util.MathUtils,584
Mon Sep 02 18:26:04 EDT 2019 org.apache.commons.math.util.MathUtils,587
Mon Sep 02 18:26:18 EDT 2019 org.apache.commons.math.util.MathUtils,590
Mon Sep 02 18:26:19 EDT 2019 org.apache.commons.math.util.MathUtils,591
Mon Sep 02 18:27:15 EDT 2019 org.apache.commons.math.util.MathUtils,748
Mon Sep 02 18:28:40 EDT 2019 org.apache.commons.math.util.MathUtils,749
Mon Sep 02 18:28:43 EDT 2019 org.apache.commons.math.util.MathUtils,752
Mon Sep 02 18:28:43 EDT 2019 Mon Sep 02 18:28:43 EDT 2019 : org.apache.commons.math.util.MathUtils,413=>Find no block
Mon Sep 02 18:28:44 EDT 2019 org.apache.commons.math.util.MathUtils,543
Mon Sep 02 18:28:45 EDT 2019 org.apache.commons.math.MathRuntimeException,105
Mon Sep 02 18:28:59 EDT 2019 org.apache.commons.math.MathRuntimeException,106
Mon Sep 02 18:29:00 EDT 2019 org.apache.commons.math.MathRuntimeException,107
Mon Sep 02 18:29:01 EDT 2019 Mon Sep 02 18:29:01 EDT 2019 : org.apache.commons.math.MathRuntimeException,108=>Find no block
Mon Sep 02 18:29:02 EDT 2019 org.apache.commons.math.MathRuntimeException,118
Mon Sep 02 18:29:05 EDT 2019 org.apache.commons.math.MathRuntimeException,119
Mon Sep 02 18:29:05 EDT 2019 org.apache.commons.math.MathRuntimeException,120
Mon Sep 02 18:29:06 EDT 2019 Mon Sep 02 18:29:06 EDT 2019 : org.apache.commons.math.MathRuntimeException,121=>Find no block
Mon Sep 02 18:29:06 EDT 2019 org.apache.commons.math.MathRuntimeException,134
Mon Sep 02 18:29:21 EDT 2019 org.apache.commons.math.MathRuntimeException,135
Mon Sep 02 18:29:22 EDT 2019 org.apache.commons.math.MathRuntimeException,136
Mon Sep 02 18:29:22 EDT 2019 Mon Sep 02 18:29:22 EDT 2019 : org.apache.commons.math.MathRuntimeException,137=>Find no block
Mon Sep 02 18:29:23 EDT 2019 Mon Sep 02 18:29:23 EDT 2019 : org.apache.commons.math.MathRuntimeException,43=>Find no block
Mon Sep 02 18:29:23 EDT 2019 org.apache.commons.math.MathRuntimeException,64
Mon Sep 02 18:29:26 EDT 2019 org.apache.commons.math.MathRuntimeException,66
Mon Sep 02 18:29:27 EDT 2019 org.apache.commons.math.MathRuntimeException,70
Mon Sep 02 18:29:30 EDT 2019 org.apache.commons.math.MathRuntimeException,72
Mon Sep 02 18:29:31 EDT 2019 Mon Sep 02 18:29:31 EDT 2019 : org.apache.commons.math.MathRuntimeException,77=>Find no block
Mon Sep 02 18:29:31 EDT 2019 Mon Sep 02 18:29:31 EDT 2019 : org.apache.commons.math.MathRuntimeException,75=>Find no block
Mon Sep 02 18:29:32 EDT 2019 org.apache.commons.math.MathRuntimeException,81
Mon Sep 02 18:29:35 EDT 2019 org.apache.commons.math.MathRuntimeException,94
Mon Sep 02 18:29:38 EDT 2019 org.apache.commons.math.MathRuntimeException,144
Mon Sep 02 18:29:41 EDT 2019 org.apache.commons.math.MathRuntimeException,152
Mon Sep 02 18:30:22 EDT 2019 org.apache.commons.math.MathRuntimeException,162
Mon Sep 02 18:30:26 EDT 2019 org.apache.commons.math.MathRuntimeException,167
Mon Sep 02 18:30:28 EDT 2019 org.apache.commons.math.MathRuntimeException,174
Mon Sep 02 18:30:32 EDT 2019 Mon Sep 02 18:30:32 EDT 2019 : org.apache.commons.math.MathRuntimeException,175=>Find no block
Mon Sep 02 18:30:32 EDT 2019 Mon Sep 02 18:30:32 EDT 2019 : org.apache.commons.math.MathRuntimeException,183=>Find no block
Mon Sep 02 18:30:33 EDT 2019 org.apache.commons.math.MathRuntimeException,184
Mon Sep 02 18:30:36 EDT 2019 org.apache.commons.math.MathRuntimeException,185
Mon Sep 02 18:30:36 EDT 2019 org.apache.commons.math.MathRuntimeException,187
Mon Sep 02 18:30:37 EDT 2019 Mon Sep 02 18:30:37 EDT 2019 : org.apache.commons.math.MathRuntimeException,188=>Find no block
Mon Sep 02 18:30:37 EDT 2019 Mon Sep 02 18:30:37 EDT 2019 : org.apache.commons.math.MathRuntimeException,189=>Find no block
Mon Sep 02 18:30:38 EDT 2019 org.apache.commons.math.MathRuntimeException,200
Mon Sep 02 18:30:41 EDT 2019 org.apache.commons.math.MathRuntimeException,222
Mon Sep 02 18:30:44 EDT 2019 org.apache.commons.math.MathRuntimeException,244
Mon Sep 02 18:30:47 EDT 2019 org.apache.commons.math.MathRuntimeException,269
Mon Sep 02 18:31:45 EDT 2019 org.apache.commons.math.MathRuntimeException,270
Mon Sep 02 18:31:46 EDT 2019 org.apache.commons.math.MathRuntimeException,271
Mon Sep 02 18:31:47 EDT 2019 org.apache.commons.math.MathRuntimeException,283
Mon Sep 02 18:31:50 EDT 2019 org.apache.commons.math.MathRuntimeException,305
Mon Sep 02 18:31:53 EDT 2019 org.apache.commons.math.MathRuntimeException,327
Mon Sep 02 18:31:56 EDT 2019 org.apache.commons.math.MathRuntimeException,349
Mon Sep 02 18:31:59 EDT 2019 org.apache.commons.math.MathRuntimeException,374
Mon Sep 02 18:32:03 EDT 2019 Mon Sep 02 18:32:03 EDT 2019 : org.apache.commons.math.MathRuntimeException,37=>Find no block
Mon Sep 02 18:32:03 EDT 2019 org.apache.commons.math.MathRuntimeException,327
Mon Sep 02 18:32:04 EDT 2019 org.apache.commons.math.MathRuntimeException,334
Mon Sep 02 18:32:19 EDT 2019 org.apache.commons.math.MathRuntimeException,305
Mon Sep 02 18:32:20 EDT 2019 org.apache.commons.math.MathRuntimeException,312
Mon Sep 02 18:32:21 EDT 2019 org.apache.commons.math.MathRuntimeException,283
Mon Sep 02 18:32:21 EDT 2019 org.apache.commons.math.MathRuntimeException,290
Mon Sep 02 18:32:22 EDT 2019 org.apache.commons.math.MathRuntimeException,244
Mon Sep 02 18:32:23 EDT 2019 org.apache.commons.math.MathRuntimeException,251
Mon Sep 02 18:32:23 EDT 2019 org.apache.commons.math.MathRuntimeException,222
Mon Sep 02 18:32:24 EDT 2019 org.apache.commons.math.MathRuntimeException,229
Mon Sep 02 18:32:25 EDT 2019 org.apache.commons.math.MathRuntimeException,200
Mon Sep 02 18:32:25 EDT 2019 org.apache.commons.math.MathRuntimeException,207
Mon Sep 02 18:32:26 EDT 2019 org.apache.commons.math.MathRuntimeException,374
Mon Sep 02 18:32:26 EDT 2019 org.apache.commons.math.MathRuntimeException,381
Mon Sep 02 18:32:27 EDT 2019 org.apache.commons.math.MathRuntimeException,349
Mon Sep 02 18:32:28 EDT 2019 org.apache.commons.math.MathRuntimeException,356
Mon Sep 02 18:32:28 EDT 2019 org.apache.commons.math.util.MathUtils,66
Mon Sep 02 18:32:31 EDT 2019 Mon Sep 02 18:32:31 EDT 2019 : org.apache.commons.math.util.MathUtils,67=>Find no block
Mon Sep 02 18:32:32 EDT 2019 org.apache.commons.math.util.MathUtils,80
Mon Sep 02 18:33:40 EDT 2019 org.apache.commons.math.util.MathUtils,81
Mon Sep 02 18:34:23 EDT 2019 org.apache.commons.math.util.MathUtils,82
Mon Sep 02 18:34:24 EDT 2019 org.apache.commons.math.util.MathUtils,84
Mon Sep 02 18:34:24 EDT 2019 org.apache.commons.math.util.MathUtils,98
Mon Sep 02 18:34:27 EDT 2019 org.apache.commons.math.util.MathUtils,114
Mon Sep 02 18:38:11 EDT 2019 org.apache.commons.math.util.MathUtils,116
Mon Sep 02 18:38:14 EDT 2019 org.apache.commons.math.util.MathUtils,120
Mon Sep 02 18:38:15 EDT 2019 org.apache.commons.math.util.MathUtils,121
Mon Sep 02 18:38:15 EDT 2019 org.apache.commons.math.util.MathUtils,123
Mon Sep 02 18:38:16 EDT 2019 org.apache.commons.math.util.MathUtils,124
Mon Sep 02 18:38:17 EDT 2019 org.apache.commons.math.util.MathUtils,126
Mon Sep 02 18:38:17 EDT 2019 org.apache.commons.math.util.MathUtils,130
Mon Sep 02 18:38:18 EDT 2019 org.apache.commons.math.util.MathUtils,137
Mon Sep 02 18:38:18 EDT 2019 org.apache.commons.math.util.MathUtils,138
Mon Sep 02 18:38:19 EDT 2019 org.apache.commons.math.util.MathUtils,140
Mon Sep 02 18:38:20 EDT 2019 org.apache.commons.math.util.MathUtils,144
Mon Sep 02 18:39:14 EDT 2019 org.apache.commons.math.util.MathUtils,173
Mon Sep 02 18:52:13 EDT 2019 org.apache.commons.math.util.MathUtils,174
Mon Sep 02 18:52:13 EDT 2019 org.apache.commons.math.util.MathUtils,177
Timeout time : 19/09/02 18:59
