=================================================
Project : chart_10	start : 19/09/02 13:22
Current failed test : org.jfree.chart.imagemap.junit.StandardToolTipTagFragmentGeneratorTests::testGenerateURLFragment | 19/09/02 13:22
Mon Sep 02 13:22:51 EDT 2019 org.jfree.chart.imagemap.StandardToolTipTagFragmentGenerator,54
Mon Sep 02 13:22:57 EDT 2019 Mon Sep 02 13:22:57 EDT 2019 : org.jfree.chart.imagemap.StandardToolTipTagFragmentGenerator,55=>Find no block
Mon Sep 02 13:22:58 EDT 2019 org.jfree.chart.imagemap.StandardToolTipTagFragmentGenerator,65
Mon Sep 02 13:23:26 EDT 2019 Mon Sep 02 13:23:26 EDT 2019 : org.jfree.chart.imagemap.ImageMapUtilities,63=>Find no block
Mon Sep 02 13:23:27 EDT 2019 org.jfree.chart.imagemap.ImageMapUtilities,79
Mon Sep 02 13:23:32 EDT 2019 Mon Sep 02 13:23:32 EDT 2019 : org.jfree.chart.imagemap.ImageMapUtilities,83=>Find no block
Mon Sep 02 13:23:33 EDT 2019 org.jfree.chart.imagemap.ImageMapUtilities,102
Mon Sep 02 13:23:51 EDT 2019 org.jfree.chart.imagemap.ImageMapUtilities,103
Mon Sep 02 13:23:56 EDT 2019 org.jfree.chart.imagemap.ImageMapUtilities,104
Mon Sep 02 13:23:57 EDT 2019 org.jfree.chart.imagemap.ImageMapUtilities,108
Mon Sep 02 13:23:58 EDT 2019 org.jfree.chart.imagemap.ImageMapUtilities,111
Mon Sep 02 13:23:59 EDT 2019 Mon Sep 02 13:23:59 EDT 2019 : org.jfree.chart.imagemap.ImageMapUtilities,115=>Find no block
Mon Sep 02 13:24:00 EDT 2019 org.jfree.chart.imagemap.ImageMapUtilities,138
Mon Sep 02 13:24:44 EDT 2019 Mon Sep 02 13:24:44 EDT 2019 : org.jfree.chart.imagemap.ImageMapUtilities,140=>Find no block
Mon Sep 02 13:24:45 EDT 2019 org.jfree.chart.imagemap.ImageMapUtilities,152
Mon Sep 02 13:25:25 EDT 2019 org.jfree.chart.imagemap.ImageMapUtilities,176
Mon Sep 02 13:30:24 EDT 2019 org.jfree.chart.imagemap.ImageMapUtilities,177
Mon Sep 02 13:30:24 EDT 2019 org.jfree.chart.imagemap.ImageMapUtilities,179
Mon Sep 02 13:34:06 EDT 2019 org.jfree.chart.imagemap.ImageMapUtilities,180
Mon Sep 02 13:34:07 EDT 2019 org.jfree.chart.imagemap.ImageMapUtilities,181
Mon Sep 02 13:39:30 EDT 2019 org.jfree.chart.imagemap.ImageMapUtilities,182
Mon Sep 02 13:39:31 EDT 2019 org.jfree.chart.imagemap.ImageMapUtilities,183
Mon Sep 02 13:39:31 EDT 2019 org.jfree.chart.imagemap.ImageMapUtilities,184
Mon Sep 02 13:39:32 EDT 2019 org.jfree.chart.imagemap.ImageMapUtilities,185
Mon Sep 02 13:39:33 EDT 2019 org.jfree.chart.imagemap.ImageMapUtilities,187
Mon Sep 02 13:39:34 EDT 2019 org.jfree.chart.imagemap.ImageMapUtilities,190
Mon Sep 02 13:39:35 EDT 2019 org.jfree.chart.imagemap.ImageMapUtilities,191
Mon Sep 02 13:39:36 EDT 2019 org.jfree.chart.imagemap.ImageMapUtilities,192
Mon Sep 02 13:39:37 EDT 2019 org.jfree.chart.imagemap.ImageMapUtilities,197
Mon Sep 02 13:42:36 EDT 2019 org.jfree.chart.imagemap.ImageMapUtilities,198
Mon Sep 02 13:47:31 EDT 2019 org.jfree.chart.imagemap.ImageMapUtilities,213
Mon Sep 02 13:47:35 EDT 2019 org.jfree.chart.imagemap.ImageMapUtilities,214
Mon Sep 02 13:47:36 EDT 2019 org.jfree.chart.imagemap.ImageMapUtilities,216
Mon Sep 02 13:49:15 EDT 2019 org.jfree.chart.imagemap.ImageMapUtilities,217
Mon Sep 02 13:49:17 EDT 2019 org.jfree.chart.imagemap.ImageMapUtilities,218
Mon Sep 02 13:54:14 EDT 2019 org.jfree.chart.imagemap.ImageMapUtilities,219
Mon Sep 02 13:55:12 EDT 2019 org.jfree.chart.imagemap.ImageMapUtilities,220
Mon Sep 02 13:55:14 EDT 2019 org.jfree.chart.imagemap.ImageMapUtilities,221
Mon Sep 02 13:55:21 EDT 2019 org.jfree.chart.imagemap.ImageMapUtilities,223
Mon Sep 02 13:55:22 EDT 2019 org.jfree.chart.imagemap.ImageMapUtilities,224
Mon Sep 02 13:55:30 EDT 2019 org.jfree.chart.imagemap.ImageMapUtilities,226
Mon Sep 02 13:55:31 EDT 2019 org.jfree.chart.imagemap.ImageMapUtilities,227
Mon Sep 02 13:55:32 EDT 2019 org.jfree.chart.imagemap.ImageMapUtilities,229
Mon Sep 02 13:55:33 EDT 2019 org.jfree.chart.imagemap.ImageMapUtilities,230
Mon Sep 02 13:55:35 EDT 2019 org.jfree.chart.imagemap.ImageMapUtilities,232
Mon Sep 02 13:55:36 EDT 2019 org.jfree.chart.imagemap.ImageMapUtilities,233
Mon Sep 02 13:55:37 EDT 2019 org.jfree.chart.imagemap.ImageMapUtilities,235
Mon Sep 02 13:55:38 EDT 2019 org.jfree.chart.imagemap.ImageMapUtilities,236
Mon Sep 02 13:55:39 EDT 2019 org.jfree.chart.imagemap.ImageMapUtilities,239
Mon Sep 02 13:55:40 EDT 2019 org.jfree.chart.imagemap.ImageMapUtilities,242
Mon Sep 02 14:00:24 EDT 2019 org.jfree.chart.imagemap.OverLIBToolTipTagFragmentGenerator,55
Mon Sep 02 14:00:25 EDT 2019 Mon Sep 02 14:00:25 EDT 2019 : org.jfree.chart.imagemap.OverLIBToolTipTagFragmentGenerator,56=>Find no block
Mon Sep 02 14:00:27 EDT 2019 org.jfree.chart.imagemap.OverLIBToolTipTagFragmentGenerator,66
Failed time : 19/09/02 14:01
