=================================================
Project : chart_11	start : 19/09/02 13:22
Current failed test : org.jfree.chart.util.junit.ShapeUtilitiesTests::testEqualGeneralPaths | 19/09/02 13:22
Mon Sep 02 13:23:15 EDT 2019 org.jfree.chart.util.ShapeUtilities,265
Mon Sep 02 13:23:21 EDT 2019 org.jfree.chart.util.ShapeUtilities,268
Mon Sep 02 13:23:49 EDT 2019 org.jfree.chart.util.ShapeUtilities,271
Mon Sep 02 13:23:54 EDT 2019 org.jfree.chart.util.ShapeUtilities,274
Mon Sep 02 13:23:58 EDT 2019 org.jfree.chart.util.ShapeUtilities,275
Mon Sep 02 13:24:14 EDT 2019 org.jfree.chart.util.ShapeUtilities,276
Mon Sep 02 13:24:44 EDT 2019 org.jfree.chart.util.ShapeUtilities,277
Mon Sep 02 13:25:12 EDT 2019 org.jfree.chart.util.ShapeUtilities,278
Mon Sep 02 13:25:13 EDT 2019 org.jfree.chart.util.ShapeUtilities,279
Mon Sep 02 13:30:49 EDT 2019 org.jfree.chart.util.ShapeUtilities,280
Mon Sep 02 13:30:50 EDT 2019 org.jfree.chart.util.ShapeUtilities,283
Mon Sep 02 13:31:17 EDT 2019 org.jfree.chart.util.ShapeUtilities,284
Mon Sep 02 13:31:56 EDT 2019 org.jfree.chart.util.ShapeUtilities,285
Mon Sep 02 13:31:57 EDT 2019 org.jfree.chart.util.ShapeUtilities,288
Mon Sep 02 13:31:58 EDT 2019 org.jfree.chart.util.ShapeUtilities,291
Mon Sep 02 13:33:44 EDT 2019 org.jfree.chart.util.ShapeUtilities,292
Mon Sep 02 13:34:13 EDT 2019 org.jfree.chart.util.ShapeUtilities,293
Mon Sep 02 13:34:14 EDT 2019 Mon Sep 02 13:34:14 EDT 2019 : org.jfree.chart.util.ShapeUtilities,294=>Find no block
Mon Sep 02 13:34:15 EDT 2019 org.jfree.chart.util.ShapeUtilities,295
Mon Sep 02 13:38:02 EDT 2019 Mon Sep 02 13:38:02 EDT 2019 : org.jfree.chart.util.ShapeUtilities,389=>Find no block
Mon Sep 02 13:38:03 EDT 2019 Mon Sep 02 13:38:03 EDT 2019 : org.jfree.chart.util.ShapeUtilities,84=>Find no block
Mon Sep 02 13:38:04 EDT 2019 Mon Sep 02 13:38:04 EDT 2019 : org.jfree.chart.util.ShapeUtilities,85=>Find no block
Mon Sep 02 13:38:05 EDT 2019 org.jfree.chart.util.ShapeUtilities,103
Mon Sep 02 13:38:30 EDT 2019 org.jfree.chart.util.ShapeUtilities,105
Mon Sep 02 13:38:31 EDT 2019 Mon Sep 02 13:38:31 EDT 2019 : org.jfree.chart.util.ShapeUtilities,107=>Find no block
Mon Sep 02 13:38:32 EDT 2019 org.jfree.chart.util.ShapeUtilities,110
Mon Sep 02 13:39:43 EDT 2019 org.jfree.chart.util.ShapeUtilities,111
Mon Sep 02 13:39:44 EDT 2019 org.jfree.chart.util.ShapeUtilities,128
Mon Sep 02 13:40:03 EDT 2019 org.jfree.chart.util.ShapeUtilities,129
Mon Sep 02 13:40:07 EDT 2019 org.jfree.chart.util.ShapeUtilities,131
Mon Sep 02 13:40:09 EDT 2019 org.jfree.chart.util.ShapeUtilities,132
Mon Sep 02 13:40:10 EDT 2019 org.jfree.chart.util.ShapeUtilities,134
Mon Sep 02 13:40:11 EDT 2019 org.jfree.chart.util.ShapeUtilities,135
Mon Sep 02 13:40:12 EDT 2019 org.jfree.chart.util.ShapeUtilities,137
Mon Sep 02 13:40:14 EDT 2019 org.jfree.chart.util.ShapeUtilities,138
Mon Sep 02 13:40:15 EDT 2019 org.jfree.chart.util.ShapeUtilities,140
Mon Sep 02 13:40:16 EDT 2019 org.jfree.chart.util.ShapeUtilities,141
Mon Sep 02 13:40:17 EDT 2019 org.jfree.chart.util.ShapeUtilities,145
Mon Sep 02 13:40:18 EDT 2019 org.jfree.chart.util.ShapeUtilities,159
Mon Sep 02 13:40:22 EDT 2019 org.jfree.chart.util.ShapeUtilities,160
Mon Sep 02 13:40:23 EDT 2019 org.jfree.chart.util.ShapeUtilities,162
Mon Sep 02 13:40:26 EDT 2019 org.jfree.chart.util.ShapeUtilities,163
Mon Sep 02 13:40:27 EDT 2019 org.jfree.chart.util.ShapeUtilities,165
Mon Sep 02 13:40:31 EDT 2019 org.jfree.chart.util.ShapeUtilities,166
Mon Sep 02 13:40:32 EDT 2019 org.jfree.chart.util.ShapeUtilities,168
Mon Sep 02 13:40:37 EDT 2019 org.jfree.chart.util.ShapeUtilities,169
Mon Sep 02 13:40:38 EDT 2019 org.jfree.chart.util.ShapeUtilities,171
Mon Sep 02 13:41:34 EDT 2019 org.jfree.chart.util.ShapeUtilities,184
Mon Sep 02 13:42:01 EDT 2019 org.jfree.chart.util.ShapeUtilities,185
Mon Sep 02 13:42:03 EDT 2019 org.jfree.chart.util.ShapeUtilities,187
Mon Sep 02 13:42:33 EDT 2019 org.jfree.chart.util.ShapeUtilities,188
Mon Sep 02 13:42:35 EDT 2019 org.jfree.chart.util.ShapeUtilities,190
Mon Sep 02 13:42:39 EDT 2019 org.jfree.chart.util.ShapeUtilities,191
Mon Sep 02 13:42:41 EDT 2019 org.jfree.chart.util.ShapeUtilities,193
Mon Sep 02 13:45:17 EDT 2019 org.jfree.chart.util.ShapeUtilities,206
Mon Sep 02 13:45:47 EDT 2019 org.jfree.chart.util.ShapeUtilities,207
Mon Sep 02 13:45:48 EDT 2019 org.jfree.chart.util.ShapeUtilities,209
Mon Sep 02 13:46:18 EDT 2019 org.jfree.chart.util.ShapeUtilities,210
Mon Sep 02 13:46:20 EDT 2019 org.jfree.chart.util.ShapeUtilities,212
Mon Sep 02 13:46:25 EDT 2019 org.jfree.chart.util.ShapeUtilities,213
Mon Sep 02 13:46:27 EDT 2019 org.jfree.chart.util.ShapeUtilities,215
Mon Sep 02 13:47:30 EDT 2019 org.jfree.chart.util.ShapeUtilities,216
Mon Sep 02 13:47:31 EDT 2019 org.jfree.chart.util.ShapeUtilities,218
Mon Sep 02 13:48:33 EDT 2019 org.jfree.chart.util.ShapeUtilities,219
Mon Sep 02 13:48:34 EDT 2019 org.jfree.chart.util.ShapeUtilities,221
Mon Sep 02 13:49:35 EDT 2019 org.jfree.chart.util.ShapeUtilities,222
Mon Sep 02 13:49:37 EDT 2019 org.jfree.chart.util.ShapeUtilities,224
Mon Sep 02 13:50:43 EDT 2019 org.jfree.chart.util.ShapeUtilities,237
Mon Sep 02 13:50:44 EDT 2019 org.jfree.chart.util.ShapeUtilities,238
Mon Sep 02 13:50:46 EDT 2019 org.jfree.chart.util.ShapeUtilities,240
Mon Sep 02 13:50:47 EDT 2019 org.jfree.chart.util.ShapeUtilities,241
Mon Sep 02 13:50:48 EDT 2019 org.jfree.chart.util.ShapeUtilities,243
Mon Sep 02 13:50:53 EDT 2019 org.jfree.chart.util.ShapeUtilities,244
Mon Sep 02 13:50:54 EDT 2019 org.jfree.chart.util.ShapeUtilities,246
Mon Sep 02 13:52:53 EDT 2019 org.jfree.chart.util.ShapeUtilities,247
Mon Sep 02 13:52:54 EDT 2019 org.jfree.chart.util.ShapeUtilities,249
Mon Sep 02 13:54:54 EDT 2019 org.jfree.chart.util.ShapeUtilities,250
Mon Sep 02 13:54:56 EDT 2019 org.jfree.chart.util.ShapeUtilities,252
Mon Sep 02 13:57:02 EDT 2019 org.jfree.chart.util.ShapeUtilities,266
Mon Sep 02 13:57:03 EDT 2019 org.jfree.chart.util.ShapeUtilities,269
Mon Sep 02 13:57:04 EDT 2019 org.jfree.chart.util.ShapeUtilities,272
Mon Sep 02 13:57:06 EDT 2019 org.jfree.chart.util.ShapeUtilities,281
Mon Sep 02 13:57:07 EDT 2019 org.jfree.chart.util.ShapeUtilities,286
Mon Sep 02 13:57:08 EDT 2019 org.jfree.chart.util.ShapeUtilities,289
Mon Sep 02 13:57:09 EDT 2019 org.jfree.chart.util.ShapeUtilities,310
Mon Sep 02 13:57:45 EDT 2019 org.jfree.chart.util.ShapeUtilities,311
Mon Sep 02 13:57:47 EDT 2019 org.jfree.chart.util.ShapeUtilities,313
Mon Sep 02 13:58:54 EDT 2019 org.jfree.chart.util.ShapeUtilities,315
Mon Sep 02 13:58:55 EDT 2019 org.jfree.chart.util.ShapeUtilities,334
Mon Sep 02 13:58:56 EDT 2019 org.jfree.chart.util.ShapeUtilities,335
Mon Sep 02 13:58:58 EDT 2019 org.jfree.chart.util.ShapeUtilities,337
Mon Sep 02 13:59:32 EDT 2019 org.jfree.chart.util.ShapeUtilities,338
Mon Sep 02 13:59:33 EDT 2019 org.jfree.chart.util.ShapeUtilities,340
Mon Sep 02 14:02:25 EDT 2019 org.jfree.chart.util.ShapeUtilities,342
Mon Sep 02 14:02:26 EDT 2019 org.jfree.chart.util.ShapeUtilities,344
Mon Sep 02 14:02:27 EDT 2019 org.jfree.chart.util.ShapeUtilities,360
Mon Sep 02 14:02:31 EDT 2019 org.jfree.chart.util.ShapeUtilities,361
Mon Sep 02 14:02:32 EDT 2019 org.jfree.chart.util.ShapeUtilities,363
Mon Sep 02 14:03:21 EDT 2019 org.jfree.chart.util.ShapeUtilities,364
Mon Sep 02 14:03:22 EDT 2019 org.jfree.chart.util.ShapeUtilities,365
Mon Sep 02 14:03:23 EDT 2019 org.jfree.chart.util.ShapeUtilities,380
Mon Sep 02 14:06:49 EDT 2019 org.jfree.chart.util.ShapeUtilities,381
Mon Sep 02 14:06:50 EDT 2019 org.jfree.chart.util.ShapeUtilities,382
Mon Sep 02 14:06:51 EDT 2019 org.jfree.chart.util.ShapeUtilities,383
Mon Sep 02 14:06:52 EDT 2019 org.jfree.chart.util.ShapeUtilities,384
Mon Sep 02 14:06:53 EDT 2019 Mon Sep 02 14:06:53 EDT 2019 : org.jfree.chart.util.ShapeUtilities,386=>Find no block
Mon Sep 02 14:06:55 EDT 2019 org.jfree.chart.util.ShapeUtilities,400
Mon Sep 02 14:14:50 EDT 2019 org.jfree.chart.util.ShapeUtilities,401
Mon Sep 02 14:14:51 EDT 2019 org.jfree.chart.util.ShapeUtilities,402
Mon Sep 02 14:30:38 EDT 2019 org.jfree.chart.util.ShapeUtilities,403
Mon Sep 02 14:49:29 EDT 2019 org.jfree.chart.util.ShapeUtilities,404
Mon Sep 02 15:08:00 EDT 2019 org.jfree.chart.util.ShapeUtilities,405
Mon Sep 02 15:27:18 EDT 2019 org.jfree.chart.util.ShapeUtilities,406
Mon Sep 02 15:46:32 EDT 2019 org.jfree.chart.util.ShapeUtilities,407
Mon Sep 02 16:06:32 EDT 2019 org.jfree.chart.util.ShapeUtilities,408
Mon Sep 02 16:24:58 EDT 2019 org.jfree.chart.util.ShapeUtilities,409
Mon Sep 02 16:44:01 EDT 2019 org.jfree.chart.util.ShapeUtilities,410
Mon Sep 02 17:03:02 EDT 2019 org.jfree.chart.util.ShapeUtilities,411
Mon Sep 02 17:21:48 EDT 2019 org.jfree.chart.util.ShapeUtilities,412
Mon Sep 02 17:38:36 EDT 2019 org.jfree.chart.util.ShapeUtilities,413
Mon Sep 02 17:42:38 EDT 2019 org.jfree.chart.util.ShapeUtilities,414
Mon Sep 02 17:42:39 EDT 2019 org.jfree.chart.util.ShapeUtilities,426
Mon Sep 02 17:56:17 EDT 2019 org.jfree.chart.util.ShapeUtilities,427
Mon Sep 02 17:56:18 EDT 2019 org.jfree.chart.util.ShapeUtilities,428
Timeout time : 19/09/02 18:23
