=================================================
Project : chart_12	start : 19/09/02 13:22
Current failed test : org.jfree.chart.plot.junit.MultiplePiePlotTests::testConstructor | 19/09/02 13:22
Mon Sep 02 13:23:09 EDT 2019 org.jfree.chart.plot.MultiplePiePlot,166
Mon Sep 02 13:23:15 EDT 2019 org.jfree.chart.plot.MultiplePiePlot,135
Mon Sep 02 13:23:20 EDT 2019 Mon Sep 02 13:23:20 EDT 2019 : org.jfree.chart.plot.MultiplePiePlot,136=>Find no block
Mon Sep 02 13:23:22 EDT 2019 org.jfree.data.general.AbstractDataset,160
Mon Sep 02 13:23:35 EDT 2019 org.jfree.data.general.AbstractDataset,161
Mon Sep 02 13:23:36 EDT 2019 org.jfree.chart.plot.MultiplePiePlot,144
Mon Sep 02 13:24:47 EDT 2019 Mon Sep 02 13:24:47 EDT 2019 : org.jfree.chart.plot.MultiplePiePlot,111=>Find no block
Mon Sep 02 13:24:48 EDT 2019 org.jfree.chart.plot.MultiplePiePlot,145
Mon Sep 02 13:24:49 EDT 2019 org.jfree.chart.plot.MultiplePiePlot,146

----------------------------------------
----------------------------------------
Pass Single Test : [=>0,0]
if(dataset!=null){
dataset.addChangeListener(this);
}
this.dataset=dataset;
PiePlot piePlot=new PiePlot(null);
this.pieChart=new JFreeChart(piePlot);

Time : 19/09/02 13:25
----------------------------------------

----------------------------------------
----------------------------------------
Similar code block : 1.2416254115301733 : [/home/mmotwani/mywork1dir/Defects4Java7/defects4j/SIMFIX_RQ1/chart/chart_12_buggy/source/org/jfree/chart/plot/MultiplePiePlot.java=>0,0]
if(extract==null){
throw new IllegalArgumentException("Null \'extract\' argument.");
}
this.dataset=dataset;
if(dataset!=null){
dataset.addChangeListener(this);
}

Time : 19/09/02 13:26
----------------------------------------

----------------------------------------
----------------------------------------
Original source code : [/home/mmotwani/mywork1dir/Defects4Java7/defects4j/SIMFIX_RQ1/chart/chart_12_buggy/source/org/jfree/chart/plot/MultiplePiePlot.java=>145,147]
this.dataset=dataset;
PiePlot piePlot=new PiePlot(null);
this.pieChart=new JFreeChart(piePlot);

Time : 19/09/02 13:26
----------------------------------------

----------------------------------------
----------------------------------------
Find a patch : [/home/mmotwani/mywork1dir/Defects4Java7/defects4j/SIMFIX_RQ1/chart/chart_12_buggy/source/org/jfree/chart/plot/MultiplePiePlot.java=>145,147]
if(dataset!=null){
dataset.addChangeListener(this);
}
this.dataset=dataset;
PiePlot piePlot=new PiePlot(null);
this.pieChart=new JFreeChart(piePlot);

Time : 19/09/02 13:26
----------------------------------------
Success time : 19/09/02 13:26
