=================================================
Project : chart_13	start : 19/09/02 13:22
Current failed test : org.jfree.chart.block.junit.BorderArrangementTests::testSizingWithWidthConstraint | 19/09/02 13:22
Mon Sep 02 13:23:20 EDT 2019 org.jfree.chart.block.RectangleConstraint,89
Mon Sep 02 13:23:54 EDT 2019 Mon Sep 02 13:23:54 EDT 2019 : org.jfree.chart.block.RectangleConstraint,93=>Find no block
Mon Sep 02 13:23:56 EDT 2019 org.jfree.data.Range,85
Mon Sep 02 13:27:59 EDT 2019 org.jfree.data.Range,87
Mon Sep 02 13:28:01 EDT 2019 org.jfree.chart.block.BorderArrangement,147
Mon Sep 02 13:52:56 EDT 2019 org.jfree.chart.block.BorderArrangement,148
Mon Sep 02 13:52:58 EDT 2019 org.jfree.chart.block.BorderArrangement,149
Mon Sep 02 13:53:00 EDT 2019 org.jfree.chart.block.BorderArrangement,151
Mon Sep 02 13:53:01 EDT 2019 org.jfree.chart.block.BorderArrangement,152
Mon Sep 02 13:53:03 EDT 2019 org.jfree.chart.block.BorderArrangement,277
Mon Sep 02 13:53:39 EDT 2019 org.jfree.chart.block.BorderArrangement,278
Mon Sep 02 13:53:40 EDT 2019 org.jfree.chart.block.BorderArrangement,279
Mon Sep 02 13:55:21 EDT 2019 org.jfree.chart.block.BorderArrangement,282
Mon Sep 02 13:56:25 EDT 2019 org.jfree.chart.block.BorderArrangement,287
Mon Sep 02 13:57:28 EDT 2019 org.jfree.chart.block.BorderArrangement,292
Mon Sep 02 14:01:23 EDT 2019 org.jfree.chart.block.BorderArrangement,295
Mon Sep 02 14:01:24 EDT 2019 org.jfree.chart.block.BorderArrangement,296
Mon Sep 02 14:01:26 EDT 2019 org.jfree.chart.block.BorderArrangement,297
Mon Sep 02 14:01:27 EDT 2019 org.jfree.chart.block.BorderArrangement,298
Mon Sep 02 14:01:29 EDT 2019 org.jfree.chart.block.BorderArrangement,300
Mon Sep 02 14:03:49 EDT 2019 org.jfree.chart.block.BorderArrangement,301
Mon Sep 02 14:03:50 EDT 2019 org.jfree.chart.block.BorderArrangement,302
Mon Sep 02 14:03:51 EDT 2019 org.jfree.chart.block.BorderArrangement,306
Mon Sep 02 14:03:52 EDT 2019 org.jfree.chart.block.BorderArrangement,307
Mon Sep 02 14:03:54 EDT 2019 org.jfree.chart.block.BorderArrangement,308
Mon Sep 02 14:03:55 EDT 2019 org.jfree.chart.block.BorderArrangement,311
Mon Sep 02 14:06:14 EDT 2019 org.jfree.chart.block.BorderArrangement,312
Mon Sep 02 14:08:07 EDT 2019 org.jfree.chart.block.BorderArrangement,314
Mon Sep 02 14:11:19 EDT 2019 org.jfree.chart.block.BorderArrangement,315
Mon Sep 02 14:11:20 EDT 2019 org.jfree.chart.block.BorderArrangement,318
Mon Sep 02 14:11:22 EDT 2019 org.jfree.chart.block.BorderArrangement,319
Mon Sep 02 14:11:23 EDT 2019 org.jfree.chart.block.BorderArrangement,320
Mon Sep 02 14:11:25 EDT 2019 org.jfree.chart.block.BorderArrangement,322
Mon Sep 02 14:14:03 EDT 2019 org.jfree.chart.block.BorderArrangement,323
Mon Sep 02 14:14:04 EDT 2019 org.jfree.chart.block.BorderArrangement,424
Mon Sep 02 14:14:22 EDT 2019 org.jfree.chart.block.BorderArrangement,425
Mon Sep 02 14:14:24 EDT 2019 org.jfree.chart.block.BorderArrangement,426
Mon Sep 02 14:16:15 EDT 2019 org.jfree.chart.block.BorderArrangement,427
Mon Sep 02 14:17:59 EDT 2019 org.jfree.chart.block.BorderArrangement,435
Mon Sep 02 14:22:15 EDT 2019 org.jfree.chart.block.BorderArrangement,436
Mon Sep 02 14:22:17 EDT 2019 org.jfree.chart.block.BorderArrangement,443
Mon Sep 02 14:26:35 EDT 2019 org.jfree.chart.block.BorderArrangement,444
Mon Sep 02 14:26:37 EDT 2019 org.jfree.chart.block.BorderArrangement,445
Mon Sep 02 14:26:39 EDT 2019 org.jfree.chart.block.BorderArrangement,449
Mon Sep 02 14:26:41 EDT 2019 org.jfree.chart.block.BorderArrangement,450
Mon Sep 02 14:26:42 EDT 2019 org.jfree.chart.block.BorderArrangement,452
Mon Sep 02 14:31:38 EDT 2019 org.jfree.chart.block.BorderArrangement,453
Mon Sep 02 14:31:39 EDT 2019 org.jfree.chart.block.BorderArrangement,454
Mon Sep 02 14:31:41 EDT 2019 org.jfree.chart.block.BorderArrangement,458
Mon Sep 02 14:31:42 EDT 2019 org.jfree.chart.block.BorderArrangement,459
Mon Sep 02 14:31:44 EDT 2019 org.jfree.chart.block.BorderArrangement,461
Mon Sep 02 14:33:30 EDT 2019 org.jfree.chart.block.BorderArrangement,462
Mon Sep 02 14:34:26 EDT 2019 org.jfree.chart.block.BorderArrangement,463
Mon Sep 02 14:36:09 EDT 2019 org.jfree.chart.block.BorderArrangement,464
Mon Sep 02 14:36:36 EDT 2019 org.jfree.chart.block.BorderArrangement,465
Mon Sep 02 14:36:38 EDT 2019 org.jfree.chart.block.BorderArrangement,468
Mon Sep 02 14:37:26 EDT 2019 org.jfree.chart.block.BorderArrangement,472
Mon Sep 02 14:38:30 EDT 2019 org.jfree.chart.block.BorderArrangement,476
Mon Sep 02 14:39:33 EDT 2019 org.jfree.chart.block.BorderArrangement,477
Mon Sep 02 14:39:35 EDT 2019 org.jfree.chart.block.BorderArrangement,480
Mon Sep 02 14:40:38 EDT 2019 org.jfree.chart.block.BorderArrangement,481
Mon Sep 02 14:40:39 EDT 2019 org.jfree.chart.block.BorderArrangement,484
Mon Sep 02 14:41:45 EDT 2019 org.jfree.chart.block.BorderArrangement,485
Mon Sep 02 14:41:46 EDT 2019 org.jfree.chart.block.BorderArrangement,488
Mon Sep 02 14:42:50 EDT 2019 org.jfree.chart.block.AbstractBlock,438
Mon Sep 02 14:43:20 EDT 2019 org.jfree.chart.block.AbstractBlock,443
Mon Sep 02 14:43:45 EDT 2019 org.jfree.chart.block.AbstractBlock,453
Mon Sep 02 14:43:46 EDT 2019 org.jfree.chart.block.BorderArrangement,495
Mon Sep 02 14:43:51 EDT 2019 org.jfree.chart.block.BorderArrangement,496
Mon Sep 02 14:43:52 EDT 2019 org.jfree.chart.block.BorderArrangement,497
Mon Sep 02 14:43:54 EDT 2019 org.jfree.chart.block.BorderArrangement,498
Mon Sep 02 14:43:55 EDT 2019 org.jfree.chart.block.BorderArrangement,499
Mon Sep 02 14:43:56 EDT 2019 Mon Sep 02 14:43:56 EDT 2019 : org.jfree.chart.block.BorderArrangement,500=>Find no block
Mon Sep 02 14:43:58 EDT 2019 org.jfree.chart.block.AbstractBlock,151
Mon Sep 02 14:44:10 EDT 2019 org.jfree.chart.block.AbstractBlock,175
Mon Sep 02 14:44:22 EDT 2019 org.jfree.chart.block.EmptyBlock,85
Mon Sep 02 14:44:27 EDT 2019 org.jfree.chart.block.BorderArrangement,112
Mon Sep 02 14:45:33 EDT 2019 org.jfree.chart.block.BorderArrangement,113
Mon Sep 02 14:45:34 EDT 2019 org.jfree.chart.block.AbstractBlock,162
Mon Sep 02 14:46:45 EDT 2019 Mon Sep 02 14:46:45 EDT 2019 : org.jfree.chart.block.AbstractBlock,163=>Find no block
Mon Sep 02 14:46:46 EDT 2019 org.jfree.chart.block.AbstractBlock,186
Mon Sep 02 14:47:55 EDT 2019 Mon Sep 02 14:47:55 EDT 2019 : org.jfree.chart.block.AbstractBlock,187=>Find no block
Mon Sep 02 14:47:56 EDT 2019 Mon Sep 02 14:47:56 EDT 2019 : org.jfree.chart.block.EmptyBlock,70=>Find no block
Mon Sep 02 14:47:57 EDT 2019 org.jfree.chart.block.EmptyBlock,71

----------------------------------------
----------------------------------------
Pass Single Test : [=>0,0]
setHeight(width);
setHeight(height);

Time : 19/09/02 14:48
----------------------------------------
Mon Sep 02 14:49:19 EDT 2019 org.jfree.chart.block.EmptyBlock,72
Mon Sep 02 14:49:20 EDT 2019 Mon Sep 02 14:49:20 EDT 2019 : org.jfree.chart.block.EmptyBlock,73=>Find no block
Mon Sep 02 14:49:22 EDT 2019 org.jfree.chart.block.BorderArrangement,131
Mon Sep 02 14:49:38 EDT 2019 org.jfree.chart.block.BorderArrangement,133
Mon Sep 02 14:49:40 EDT 2019 org.jfree.chart.block.BorderArrangement,134
Mon Sep 02 14:50:05 EDT 2019 org.jfree.chart.block.BorderArrangement,135
Mon Sep 02 14:50:06 EDT 2019 org.jfree.chart.block.BorderArrangement,136
Mon Sep 02 15:28:14 EDT 2019 org.jfree.chart.block.BorderArrangement,170
Mon Sep 02 15:36:21 EDT 2019 org.jfree.chart.block.BlockContainer,182
Mon Sep 02 15:36:27 EDT 2019 org.jfree.chart.block.AbstractBlock,365
Mon Sep 02 15:36:55 EDT 2019 org.jfree.chart.block.AbstractBlock,368
Mon Sep 02 15:37:21 EDT 2019 Mon Sep 02 15:37:21 EDT 2019 : org.jfree.chart.block.AbstractBlock,369=>Find no block
Mon Sep 02 15:37:23 EDT 2019 org.jfree.chart.block.BorderArrangement,102
Mon Sep 02 15:55:20 EDT 2019 org.jfree.chart.block.BorderArrangement,103
Mon Sep 02 15:55:27 EDT 2019 org.jfree.chart.block.BorderArrangement,106
Mon Sep 02 15:55:34 EDT 2019 org.jfree.chart.block.BorderArrangement,109
Mon Sep 02 15:55:42 EDT 2019 org.jfree.chart.block.BorderArrangement,110
Mon Sep 02 15:55:51 EDT 2019 org.jfree.chart.block.RectangleConstraint,170
Mon Sep 02 15:56:01 EDT 2019 org.jfree.chart.block.RectangleConstraint,179
Mon Sep 02 15:56:14 EDT 2019 org.jfree.chart.block.RectangleConstraint,197
Mon Sep 02 15:56:23 EDT 2019 org.jfree.chart.block.RectangleConstraint,206
Mon Sep 02 15:56:41 EDT 2019 org.jfree.chart.block.AbstractBlock,383
Mon Sep 02 16:00:53 EDT 2019 org.jfree.chart.block.AbstractBlock,384
Mon Sep 02 16:00:54 EDT 2019 org.jfree.chart.block.AbstractBlock,385
Mon Sep 02 16:00:56 EDT 2019 org.jfree.chart.block.AbstractBlock,386
Mon Sep 02 16:00:58 EDT 2019 org.jfree.chart.block.AbstractBlock,401
Mon Sep 02 16:04:21 EDT 2019 org.jfree.chart.block.AbstractBlock,402
Mon Sep 02 16:04:22 EDT 2019 org.jfree.chart.block.AbstractBlock,403
Mon Sep 02 16:04:24 EDT 2019 org.jfree.chart.block.AbstractBlock,404
Mon Sep 02 16:04:25 EDT 2019 org.jfree.chart.block.AbstractBlock,422
Mon Sep 02 16:17:47 EDT 2019 org.jfree.chart.block.AbstractBlock,423
Mon Sep 02 16:18:31 EDT 2019 org.jfree.chart.block.AbstractBlock,424
Mon Sep 02 16:19:33 EDT 2019 org.jfree.chart.block.AbstractBlock,425
Mon Sep 02 16:20:23 EDT 2019 org.jfree.chart.block.AbstractBlock,426
Mon Sep 02 16:21:08 EDT 2019 org.jfree.chart.block.AbstractBlock,427
Mon Sep 02 16:21:41 EDT 2019 org.jfree.chart.block.AbstractBlock,428
Mon Sep 02 16:21:47 EDT 2019 org.jfree.chart.block.AbstractBlock,429
Mon Sep 02 16:22:16 EDT 2019 org.jfree.chart.block.AbstractBlock,430
Mon Sep 02 16:22:18 EDT 2019 org.jfree.chart.block.AbstractBlock,437
Mon Sep 02 16:22:20 EDT 2019 org.jfree.chart.block.AbstractBlock,440
Mon Sep 02 16:24:14 EDT 2019 org.jfree.chart.block.AbstractBlock,441
Mon Sep 02 16:24:15 EDT 2019 org.jfree.chart.block.AbstractBlock,442
Mon Sep 02 16:24:17 EDT 2019 org.jfree.chart.block.AbstractBlock,445
Mon Sep 02 16:24:19 EDT 2019 org.jfree.chart.block.AbstractBlock,446
Mon Sep 02 16:24:21 EDT 2019 org.jfree.chart.block.AbstractBlock,448
Mon Sep 02 16:24:22 EDT 2019 org.jfree.chart.block.AbstractBlock,452
Mon Sep 02 16:24:24 EDT 2019 org.jfree.chart.block.AbstractBlock,455
Mon Sep 02 16:26:31 EDT 2019 org.jfree.chart.block.AbstractBlock,456
Mon Sep 02 16:26:33 EDT 2019 org.jfree.chart.block.AbstractBlock,457
Mon Sep 02 16:26:34 EDT 2019 org.jfree.chart.block.AbstractBlock,460
Mon Sep 02 16:26:36 EDT 2019 org.jfree.chart.block.AbstractBlock,461
Mon Sep 02 16:26:37 EDT 2019 org.jfree.chart.block.AbstractBlock,463
Mon Sep 02 16:26:39 EDT 2019 org.jfree.chart.util.RectangleInsets,381
Mon Sep 02 16:38:23 EDT 2019 org.jfree.chart.util.RectangleInsets,382
Mon Sep 02 16:39:44 EDT 2019 org.jfree.chart.util.RectangleInsets,385
Mon Sep 02 16:39:46 EDT 2019 org.jfree.chart.util.RectangleInsets,411
Mon Sep 02 16:51:56 EDT 2019 org.jfree.chart.util.RectangleInsets,412
Mon Sep 02 16:53:17 EDT 2019 org.jfree.chart.util.RectangleInsets,415
Mon Sep 02 16:53:19 EDT 2019 org.jfree.chart.util.RectangleInsets,441
Mon Sep 02 17:05:58 EDT 2019 org.jfree.chart.util.RectangleInsets,442
Mon Sep 02 17:07:32 EDT 2019 org.jfree.chart.util.RectangleInsets,445
Mon Sep 02 17:07:34 EDT 2019 org.jfree.chart.util.RectangleInsets,471
Mon Sep 02 17:20:03 EDT 2019 org.jfree.chart.util.RectangleInsets,472
Mon Sep 02 17:21:34 EDT 2019 org.jfree.chart.util.RectangleInsets,475
Mon Sep 02 17:21:35 EDT 2019 org.jfree.chart.util.RectangleInsets,501
Mon Sep 02 17:22:33 EDT 2019 org.jfree.chart.util.RectangleInsets,523
Mon Sep 02 17:23:19 EDT 2019 Mon Sep 02 17:23:19 EDT 2019 : org.jfree.chart.block.RectangleConstraint,149=>Find no block
Mon Sep 02 17:23:21 EDT 2019 org.jfree.chart.block.RectangleConstraint,150
Mon Sep 02 17:24:06 EDT 2019 org.jfree.chart.block.RectangleConstraint,153
Mon Sep 02 17:24:48 EDT 2019 org.jfree.chart.block.RectangleConstraint,156
Mon Sep 02 17:27:04 EDT 2019 org.jfree.chart.block.RectangleConstraint,157
Mon Sep 02 17:29:50 EDT 2019 org.jfree.chart.block.RectangleConstraint,158
Mon Sep 02 17:31:47 EDT 2019 org.jfree.chart.block.RectangleConstraint,159
Mon Sep 02 17:33:39 EDT 2019 org.jfree.chart.block.RectangleConstraint,160
Mon Sep 02 17:35:30 EDT 2019 org.jfree.chart.block.RectangleConstraint,161
Mon Sep 02 17:35:31 EDT 2019 Mon Sep 02 17:35:31 EDT 2019 : org.jfree.chart.block.RectangleConstraint,162=>Find no block
Mon Sep 02 17:35:33 EDT 2019 Mon Sep 02 17:35:33 EDT 2019 : org.jfree.chart.block.RectangleConstraint,60=>Find no block
Mon Sep 02 17:35:34 EDT 2019 org.jfree.chart.block.RectangleConstraint,188
Mon Sep 02 17:35:40 EDT 2019 org.jfree.chart.block.RectangleConstraint,215
Mon Sep 02 17:35:45 EDT 2019 Mon Sep 02 17:35:45 EDT 2019 : org.jfree.chart.block.LengthConstraintType,74=>Find no block
Mon Sep 02 17:35:46 EDT 2019 org.jfree.chart.block.LengthConstraintType,75
Mon Sep 02 17:36:16 EDT 2019 Mon Sep 02 17:36:16 EDT 2019 : org.jfree.chart.block.LengthConstraintType,76=>Find no block
Mon Sep 02 17:36:17 EDT 2019 Mon Sep 02 17:36:17 EDT 2019 : org.jfree.chart.block.LengthConstraintType,55=>Find no block
Mon Sep 02 17:36:19 EDT 2019 Mon Sep 02 17:36:19 EDT 2019 : org.jfree.chart.block.LengthConstraintType,59=>Find no block
Mon Sep 02 17:36:20 EDT 2019 Mon Sep 02 17:36:20 EDT 2019 : org.jfree.chart.block.LengthConstraintType,63=>Find no block
Mon Sep 02 17:36:22 EDT 2019 Mon Sep 02 17:36:22 EDT 2019 : org.jfree.chart.util.Size2D,81=>Find no block
Mon Sep 02 17:36:24 EDT 2019 org.jfree.chart.util.Size2D,82
Mon Sep 02 17:37:53 EDT 2019 org.jfree.chart.util.Size2D,83
Mon Sep 02 17:37:54 EDT 2019 Mon Sep 02 17:37:54 EDT 2019 : org.jfree.chart.util.Size2D,84=>Find no block
Mon Sep 02 17:37:56 EDT 2019 org.jfree.chart.util.Size2D,92
Mon Sep 02 17:37:58 EDT 2019 org.jfree.chart.util.Size2D,110
Mon Sep 02 17:37:59 EDT 2019 org.jfree.chart.block.BlockContainer,168
Mon Sep 02 17:39:12 EDT 2019 org.jfree.chart.block.BlockContainer,169
Mon Sep 02 17:39:14 EDT 2019 Mon Sep 02 17:39:14 EDT 2019 : org.jfree.chart.block.BlockContainer,170=>Find no block
Mon Sep 02 17:39:15 EDT 2019 org.jfree.chart.block.AbstractBlock,416
Mon Sep 02 17:39:21 EDT 2019 org.jfree.chart.block.AbstractBlock,419
Mon Sep 02 17:53:15 EDT 2019 org.jfree.chart.block.AbstractBlock,474
Mon Sep 02 17:54:37 EDT 2019 org.jfree.chart.block.AbstractBlock,475
Mon Sep 02 17:54:39 EDT 2019 org.jfree.chart.block.AbstractBlock,476
Mon Sep 02 17:54:41 EDT 2019 org.jfree.chart.block.AbstractBlock,477
Mon Sep 02 17:54:42 EDT 2019 org.jfree.chart.block.AbstractBlock,478
Mon Sep 02 17:54:44 EDT 2019 org.jfree.chart.block.AbstractBlock,489
Mon Sep 02 17:56:08 EDT 2019 org.jfree.chart.block.AbstractBlock,490
Mon Sep 02 17:56:10 EDT 2019 org.jfree.chart.block.AbstractBlock,491
Mon Sep 02 17:56:11 EDT 2019 org.jfree.chart.block.AbstractBlock,492
Mon Sep 02 17:56:13 EDT 2019 org.jfree.chart.block.AbstractBlock,493
Mon Sep 02 17:56:14 EDT 2019 org.jfree.chart.util.RectangleInsets,396
Mon Sep 02 18:08:13 EDT 2019 org.jfree.chart.util.RectangleInsets,397
Mon Sep 02 18:09:29 EDT 2019 org.jfree.chart.util.RectangleInsets,400
Mon Sep 02 18:09:30 EDT 2019 org.jfree.chart.util.RectangleInsets,426
Mon Sep 02 18:21:10 EDT 2019 org.jfree.chart.util.RectangleInsets,427
Mon Sep 02 18:22:34 EDT 2019 org.jfree.chart.util.RectangleInsets,430
Mon Sep 02 18:22:36 EDT 2019 org.jfree.chart.util.RectangleInsets,456
Timeout time : 19/09/02 18:23
