=================================================
Project : chart_14	start : 19/09/02 13:22
Current failed test : org.jfree.chart.plot.junit.XYPlotTests::testRemoveDomainMarker | 19/09/02 13:22
Mon Sep 02 13:24:14 EDT 2019 org.jfree.chart.plot.XYPlot,2232
Mon Sep 02 13:24:43 EDT 2019 org.jfree.chart.plot.XYPlot,2248
Mon Sep 02 13:25:34 EDT 2019 org.jfree.chart.plot.XYPlot,2265
Mon Sep 02 13:26:24 EDT 2019 org.jfree.chart.plot.XYPlot,2285
Mon Sep 02 13:28:34 EDT 2019 org.jfree.chart.plot.XYPlot,2286
Mon Sep 02 13:28:36 EDT 2019 org.jfree.chart.plot.XYPlot,2293
Mon Sep 02 13:38:32 EDT 2019 org.jfree.chart.plot.XYPlot,2465
Mon Sep 02 13:38:58 EDT 2019 org.jfree.chart.plot.XYPlot,2481
Mon Sep 02 13:39:46 EDT 2019 org.jfree.chart.plot.XYPlot,2498
Mon Sep 02 13:40:34 EDT 2019 org.jfree.chart.plot.XYPlot,2517
Mon Sep 02 13:40:59 EDT 2019 org.jfree.chart.plot.XYPlot,2521
Mon Sep 02 13:43:15 EDT 2019 org.jfree.chart.plot.XYPlot,2522
Mon Sep 02 13:43:16 EDT 2019 org.jfree.chart.plot.XYPlot,2529
Mon Sep 02 13:51:42 EDT 2019 org.jfree.chart.plot.CategoryPlot,2106
Mon Sep 02 13:51:44 EDT 2019 org.jfree.chart.plot.CategoryPlot,2122
Mon Sep 02 13:51:46 EDT 2019 org.jfree.chart.plot.CategoryPlot,2139
Mon Sep 02 13:51:47 EDT 2019 org.jfree.chart.plot.CategoryPlot,2158
Mon Sep 02 13:51:49 EDT 2019 org.jfree.chart.plot.CategoryPlot,2159
Mon Sep 02 13:51:50 EDT 2019 org.jfree.chart.plot.CategoryPlot,2166
Mon Sep 02 13:51:52 EDT 2019 org.jfree.chart.plot.CategoryPlot,2378
Mon Sep 02 13:51:53 EDT 2019 org.jfree.chart.plot.CategoryPlot,2396
Mon Sep 02 13:51:55 EDT 2019 org.jfree.chart.plot.CategoryPlot,2415
Mon Sep 02 13:51:56 EDT 2019 org.jfree.chart.plot.CategoryPlot,2436
Mon Sep 02 13:51:58 EDT 2019 org.jfree.chart.plot.CategoryPlot,2440
Mon Sep 02 13:51:59 EDT 2019 org.jfree.chart.plot.CategoryPlot,2441
Mon Sep 02 13:52:00 EDT 2019 org.jfree.chart.plot.CategoryPlot,2448
Mon Sep 02 13:52:02 EDT 2019 org.jfree.chart.plot.CategoryPlot,430
Mon Sep 02 13:52:07 EDT 2019 Mon Sep 02 13:52:07 EDT 2019 : org.jfree.chart.plot.CategoryPlot,431=>Find no block
Mon Sep 02 13:52:09 EDT 2019 org.jfree.chart.plot.CategoryMarker,80
Mon Sep 02 13:52:22 EDT 2019 Mon Sep 02 13:52:22 EDT 2019 : org.jfree.chart.plot.CategoryMarker,81=>Find no block
Mon Sep 02 13:52:23 EDT 2019 org.jfree.chart.plot.CategoryMarker,91
Mon Sep 02 13:52:28 EDT 2019 Mon Sep 02 13:52:28 EDT 2019 : org.jfree.chart.plot.CategoryMarker,92=>Find no block
Mon Sep 02 13:52:30 EDT 2019 org.jfree.chart.plot.CategoryMarker,107
Mon Sep 02 13:55:27 EDT 2019 Mon Sep 02 13:55:27 EDT 2019 : org.jfree.chart.plot.CategoryMarker,72=>Find no block
Mon Sep 02 13:55:28 EDT 2019 org.jfree.chart.plot.CategoryMarker,108
Mon Sep 02 13:55:30 EDT 2019 org.jfree.chart.plot.CategoryMarker,109
Mon Sep 02 13:55:31 EDT 2019 Mon Sep 02 13:55:31 EDT 2019 : org.jfree.chart.plot.CategoryMarker,110=>Find no block
Mon Sep 02 13:55:33 EDT 2019 org.jfree.chart.plot.Marker,144
Mon Sep 02 13:55:38 EDT 2019 Mon Sep 02 13:55:38 EDT 2019 : org.jfree.chart.plot.Marker,145=>Find no block
Mon Sep 02 13:55:39 EDT 2019 org.jfree.chart.plot.Marker,153
Mon Sep 02 13:55:45 EDT 2019 Mon Sep 02 13:55:45 EDT 2019 : org.jfree.chart.plot.Marker,155=>Find no block
Mon Sep 02 13:55:47 EDT 2019 org.jfree.chart.plot.ValueMarker,68
Mon Sep 02 13:56:44 EDT 2019 org.jfree.chart.plot.ValueMarker,69
Mon Sep 02 13:56:45 EDT 2019 Mon Sep 02 13:56:45 EDT 2019 : org.jfree.chart.plot.ValueMarker,70=>Find no block
Mon Sep 02 13:56:47 EDT 2019 org.jfree.chart.plot.CategoryPlot,899
Mon Sep 02 13:57:57 EDT 2019 org.jfree.chart.plot.CategoryPlot,900
Mon Sep 02 13:57:59 EDT 2019 org.jfree.chart.plot.XYPlot,501
Mon Sep 02 13:58:00 EDT 2019 Mon Sep 02 13:58:00 EDT 2019 : org.jfree.chart.plot.XYPlot,502=>Find no block
Mon Sep 02 13:58:02 EDT 2019 org.jfree.chart.plot.Marker,490
Mon Sep 02 13:58:07 EDT 2019 org.jfree.chart.plot.Marker,493
Mon Sep 02 14:04:33 EDT 2019 org.jfree.chart.plot.Marker,494
Mon Sep 02 14:04:34 EDT 2019 Mon Sep 02 14:04:34 EDT 2019 : org.jfree.chart.plot.Marker,495=>Find no block
Mon Sep 02 14:04:36 EDT 2019 Mon Sep 02 14:04:36 EDT 2019 : org.jfree.chart.plot.Marker,173=>Find no block
Mon Sep 02 14:04:37 EDT 2019 Mon Sep 02 14:04:37 EDT 2019 : org.jfree.chart.plot.Marker,115=>Find no block
Mon Sep 02 14:04:39 EDT 2019 org.jfree.chart.plot.Marker,175
Mon Sep 02 14:06:29 EDT 2019 org.jfree.chart.plot.Marker,178
Mon Sep 02 14:07:32 EDT 2019 org.jfree.chart.plot.Marker,181
Mon Sep 02 14:08:07 EDT 2019 org.jfree.chart.plot.Marker,185
Mon Sep 02 14:10:57 EDT 2019 org.jfree.chart.plot.Marker,186
Mon Sep 02 14:16:33 EDT 2019 org.jfree.chart.plot.Marker,187
Mon Sep 02 14:21:45 EDT 2019 org.jfree.chart.plot.Marker,188
Mon Sep 02 14:26:23 EDT 2019 org.jfree.chart.plot.Marker,189
Mon Sep 02 14:29:49 EDT 2019 org.jfree.chart.plot.Marker,191
Mon Sep 02 14:33:32 EDT 2019 org.jfree.chart.plot.Marker,192
Mon Sep 02 14:36:17 EDT 2019 org.jfree.chart.plot.Marker,193
Timeout time : 19/09/02 14:39
Current failed test : org.jfree.chart.plot.junit.CategoryPlotTests::testRemoveDomainMarker | 19/09/02 14:39
Mon Sep 02 14:40:19 EDT 2019 org.jfree.chart.plot.XYPlot,2232
Mon Sep 02 14:40:45 EDT 2019 org.jfree.chart.plot.XYPlot,2248
Mon Sep 02 14:41:35 EDT 2019 org.jfree.chart.plot.XYPlot,2265
Mon Sep 02 14:42:25 EDT 2019 org.jfree.chart.plot.XYPlot,2285
Mon Sep 02 14:44:40 EDT 2019 org.jfree.chart.plot.XYPlot,2286
Mon Sep 02 14:44:41 EDT 2019 org.jfree.chart.plot.XYPlot,2293
Mon Sep 02 14:55:08 EDT 2019 org.jfree.chart.plot.XYPlot,2465
Mon Sep 02 14:55:34 EDT 2019 org.jfree.chart.plot.XYPlot,2481
Mon Sep 02 14:56:23 EDT 2019 org.jfree.chart.plot.XYPlot,2498
Mon Sep 02 14:57:11 EDT 2019 org.jfree.chart.plot.XYPlot,2517
Mon Sep 02 14:57:38 EDT 2019 org.jfree.chart.plot.XYPlot,2521
Mon Sep 02 14:59:47 EDT 2019 org.jfree.chart.plot.XYPlot,2522
Mon Sep 02 14:59:48 EDT 2019 org.jfree.chart.plot.XYPlot,2529
Mon Sep 02 15:07:53 EDT 2019 org.jfree.chart.plot.CategoryPlot,2106
Mon Sep 02 15:07:55 EDT 2019 org.jfree.chart.plot.CategoryPlot,2122
Mon Sep 02 15:07:56 EDT 2019 org.jfree.chart.plot.CategoryPlot,2139
Mon Sep 02 15:07:57 EDT 2019 org.jfree.chart.plot.CategoryPlot,2158
Mon Sep 02 15:07:59 EDT 2019 org.jfree.chart.plot.CategoryPlot,2159
Mon Sep 02 15:08:00 EDT 2019 org.jfree.chart.plot.CategoryPlot,2166
Mon Sep 02 15:08:02 EDT 2019 org.jfree.chart.plot.CategoryPlot,2378
Mon Sep 02 15:08:03 EDT 2019 org.jfree.chart.plot.CategoryPlot,2396
Mon Sep 02 15:08:05 EDT 2019 org.jfree.chart.plot.CategoryPlot,2415
Mon Sep 02 15:08:06 EDT 2019 org.jfree.chart.plot.CategoryPlot,2436
Mon Sep 02 15:08:08 EDT 2019 org.jfree.chart.plot.CategoryPlot,2440
Mon Sep 02 15:08:13 EDT 2019 org.jfree.chart.plot.CategoryPlot,2441
Mon Sep 02 15:08:26 EDT 2019 org.jfree.chart.plot.CategoryPlot,2448
Mon Sep 02 15:08:27 EDT 2019 org.jfree.chart.plot.CategoryPlot,430
Mon Sep 02 15:08:32 EDT 2019 Mon Sep 02 15:08:32 EDT 2019 : org.jfree.chart.plot.CategoryPlot,431=>Find no block
Mon Sep 02 15:08:34 EDT 2019 org.jfree.chart.plot.CategoryMarker,80
Mon Sep 02 15:08:47 EDT 2019 Mon Sep 02 15:08:47 EDT 2019 : org.jfree.chart.plot.CategoryMarker,81=>Find no block
Mon Sep 02 15:08:48 EDT 2019 org.jfree.chart.plot.CategoryMarker,91
Mon Sep 02 15:08:54 EDT 2019 Mon Sep 02 15:08:54 EDT 2019 : org.jfree.chart.plot.CategoryMarker,92=>Find no block
Mon Sep 02 15:08:56 EDT 2019 org.jfree.chart.plot.CategoryMarker,107
Mon Sep 02 15:12:05 EDT 2019 Mon Sep 02 15:12:05 EDT 2019 : org.jfree.chart.plot.CategoryMarker,72=>Find no block
Mon Sep 02 15:12:06 EDT 2019 org.jfree.chart.plot.CategoryMarker,108
Mon Sep 02 15:12:08 EDT 2019 org.jfree.chart.plot.CategoryMarker,109
Mon Sep 02 15:12:09 EDT 2019 Mon Sep 02 15:12:09 EDT 2019 : org.jfree.chart.plot.CategoryMarker,110=>Find no block
Mon Sep 02 15:12:10 EDT 2019 org.jfree.chart.plot.Marker,144
Mon Sep 02 15:12:15 EDT 2019 Mon Sep 02 15:12:15 EDT 2019 : org.jfree.chart.plot.Marker,145=>Find no block
Mon Sep 02 15:12:17 EDT 2019 org.jfree.chart.plot.Marker,153
Mon Sep 02 15:12:22 EDT 2019 Mon Sep 02 15:12:22 EDT 2019 : org.jfree.chart.plot.Marker,155=>Find no block
Mon Sep 02 15:12:23 EDT 2019 org.jfree.chart.plot.ValueMarker,68
Mon Sep 02 15:13:22 EDT 2019 org.jfree.chart.plot.ValueMarker,69
Mon Sep 02 15:13:23 EDT 2019 Mon Sep 02 15:13:23 EDT 2019 : org.jfree.chart.plot.ValueMarker,70=>Find no block
Mon Sep 02 15:13:24 EDT 2019 org.jfree.chart.plot.CategoryPlot,899
Mon Sep 02 15:14:36 EDT 2019 org.jfree.chart.plot.CategoryPlot,900
Mon Sep 02 15:14:37 EDT 2019 org.jfree.chart.plot.XYPlot,501
Mon Sep 02 15:14:39 EDT 2019 Mon Sep 02 15:14:39 EDT 2019 : org.jfree.chart.plot.XYPlot,502=>Find no block
Mon Sep 02 15:14:40 EDT 2019 org.jfree.chart.plot.Marker,490
Mon Sep 02 15:14:44 EDT 2019 org.jfree.chart.plot.Marker,493
Mon Sep 02 15:21:17 EDT 2019 org.jfree.chart.plot.Marker,494
Mon Sep 02 15:21:18 EDT 2019 Mon Sep 02 15:21:18 EDT 2019 : org.jfree.chart.plot.Marker,495=>Find no block
Mon Sep 02 15:21:20 EDT 2019 Mon Sep 02 15:21:20 EDT 2019 : org.jfree.chart.plot.Marker,173=>Find no block
Mon Sep 02 15:21:21 EDT 2019 Mon Sep 02 15:21:21 EDT 2019 : org.jfree.chart.plot.Marker,115=>Find no block
Mon Sep 02 15:21:22 EDT 2019 org.jfree.chart.plot.Marker,175
Mon Sep 02 15:23:17 EDT 2019 org.jfree.chart.plot.Marker,178
Mon Sep 02 15:24:24 EDT 2019 org.jfree.chart.plot.Marker,181
Mon Sep 02 15:25:08 EDT 2019 org.jfree.chart.plot.Marker,185
Mon Sep 02 15:28:00 EDT 2019 org.jfree.chart.plot.Marker,186
Mon Sep 02 15:33:38 EDT 2019 org.jfree.chart.plot.Marker,187
Mon Sep 02 15:39:00 EDT 2019 org.jfree.chart.plot.Marker,188
Mon Sep 02 15:43:39 EDT 2019 org.jfree.chart.plot.Marker,189
Mon Sep 02 15:47:44 EDT 2019 org.jfree.chart.plot.Marker,191
Mon Sep 02 15:52:13 EDT 2019 org.jfree.chart.plot.Marker,192
Timeout time : 19/09/02 15:55
Current failed test : org.jfree.chart.plot.junit.XYPlotTests::testRemoveRangeMarker | 19/09/02 15:55
Mon Sep 02 15:57:07 EDT 2019 org.jfree.chart.plot.XYPlot,2232
Mon Sep 02 15:58:17 EDT 2019 org.jfree.chart.plot.XYPlot,2248
Mon Sep 02 15:59:33 EDT 2019 org.jfree.chart.plot.XYPlot,2265
Mon Sep 02 16:00:25 EDT 2019 org.jfree.chart.plot.XYPlot,2285
Mon Sep 02 16:02:48 EDT 2019 org.jfree.chart.plot.XYPlot,2286
Mon Sep 02 16:02:50 EDT 2019 org.jfree.chart.plot.XYPlot,2293
Mon Sep 02 16:13:36 EDT 2019 org.jfree.chart.plot.XYPlot,2465
Mon Sep 02 16:14:03 EDT 2019 org.jfree.chart.plot.XYPlot,2481
Mon Sep 02 16:14:56 EDT 2019 org.jfree.chart.plot.XYPlot,2498
Mon Sep 02 16:15:48 EDT 2019 org.jfree.chart.plot.XYPlot,2517
Mon Sep 02 16:16:16 EDT 2019 org.jfree.chart.plot.XYPlot,2521
Mon Sep 02 16:18:44 EDT 2019 org.jfree.chart.plot.XYPlot,2522
Mon Sep 02 16:18:46 EDT 2019 org.jfree.chart.plot.XYPlot,2529
Mon Sep 02 16:27:20 EDT 2019 org.jfree.chart.plot.CategoryPlot,2106
Mon Sep 02 16:27:21 EDT 2019 org.jfree.chart.plot.CategoryPlot,2122
Mon Sep 02 16:27:23 EDT 2019 org.jfree.chart.plot.CategoryPlot,2139
Mon Sep 02 16:27:24 EDT 2019 org.jfree.chart.plot.CategoryPlot,2158
Mon Sep 02 16:27:26 EDT 2019 org.jfree.chart.plot.CategoryPlot,2159
Mon Sep 02 16:27:27 EDT 2019 org.jfree.chart.plot.CategoryPlot,2166
Mon Sep 02 16:27:29 EDT 2019 org.jfree.chart.plot.CategoryPlot,2378
Mon Sep 02 16:27:30 EDT 2019 org.jfree.chart.plot.CategoryPlot,2396
Mon Sep 02 16:27:31 EDT 2019 org.jfree.chart.plot.CategoryPlot,2415
Mon Sep 02 16:27:33 EDT 2019 org.jfree.chart.plot.CategoryPlot,2436
Mon Sep 02 16:27:35 EDT 2019 org.jfree.chart.plot.CategoryPlot,2440
Mon Sep 02 16:27:36 EDT 2019 org.jfree.chart.plot.CategoryPlot,2441
Mon Sep 02 16:27:38 EDT 2019 org.jfree.chart.plot.CategoryPlot,2448
Mon Sep 02 16:27:39 EDT 2019 org.jfree.chart.plot.CategoryPlot,430
Mon Sep 02 16:27:44 EDT 2019 Mon Sep 02 16:27:44 EDT 2019 : org.jfree.chart.plot.CategoryPlot,431=>Find no block
Mon Sep 02 16:27:46 EDT 2019 org.jfree.chart.plot.CategoryMarker,80
Mon Sep 02 16:28:00 EDT 2019 Mon Sep 02 16:28:00 EDT 2019 : org.jfree.chart.plot.CategoryMarker,81=>Find no block
Mon Sep 02 16:28:01 EDT 2019 org.jfree.chart.plot.CategoryMarker,91
Mon Sep 02 16:28:06 EDT 2019 Mon Sep 02 16:28:06 EDT 2019 : org.jfree.chart.plot.CategoryMarker,92=>Find no block
Mon Sep 02 16:28:08 EDT 2019 org.jfree.chart.plot.CategoryMarker,107
Mon Sep 02 16:31:02 EDT 2019 Mon Sep 02 16:31:02 EDT 2019 : org.jfree.chart.plot.CategoryMarker,72=>Find no block
Mon Sep 02 16:31:04 EDT 2019 org.jfree.chart.plot.CategoryMarker,108
Mon Sep 02 16:31:05 EDT 2019 org.jfree.chart.plot.CategoryMarker,109
Mon Sep 02 16:31:07 EDT 2019 Mon Sep 02 16:31:07 EDT 2019 : org.jfree.chart.plot.CategoryMarker,110=>Find no block
Mon Sep 02 16:31:08 EDT 2019 org.jfree.chart.plot.Marker,144
Mon Sep 02 16:31:14 EDT 2019 Mon Sep 02 16:31:14 EDT 2019 : org.jfree.chart.plot.Marker,145=>Find no block
Mon Sep 02 16:31:15 EDT 2019 org.jfree.chart.plot.Marker,153
Mon Sep 02 16:31:21 EDT 2019 Mon Sep 02 16:31:21 EDT 2019 : org.jfree.chart.plot.Marker,155=>Find no block
Mon Sep 02 16:31:22 EDT 2019 org.jfree.chart.plot.ValueMarker,68
Mon Sep 02 16:32:17 EDT 2019 org.jfree.chart.plot.ValueMarker,69
Mon Sep 02 16:32:19 EDT 2019 Mon Sep 02 16:32:19 EDT 2019 : org.jfree.chart.plot.ValueMarker,70=>Find no block
Mon Sep 02 16:32:20 EDT 2019 org.jfree.chart.plot.CategoryPlot,899
Mon Sep 02 16:33:28 EDT 2019 org.jfree.chart.plot.CategoryPlot,900
Mon Sep 02 16:33:30 EDT 2019 org.jfree.chart.plot.XYPlot,501
Mon Sep 02 16:33:31 EDT 2019 Mon Sep 02 16:33:31 EDT 2019 : org.jfree.chart.plot.XYPlot,502=>Find no block
Mon Sep 02 16:33:32 EDT 2019 org.jfree.chart.plot.Marker,490
Mon Sep 02 16:33:37 EDT 2019 org.jfree.chart.plot.Marker,493
Mon Sep 02 16:40:17 EDT 2019 org.jfree.chart.plot.Marker,494
Mon Sep 02 16:40:18 EDT 2019 Mon Sep 02 16:40:18 EDT 2019 : org.jfree.chart.plot.Marker,495=>Find no block
Mon Sep 02 16:40:20 EDT 2019 Mon Sep 02 16:40:20 EDT 2019 : org.jfree.chart.plot.Marker,173=>Find no block
Mon Sep 02 16:40:21 EDT 2019 Mon Sep 02 16:40:21 EDT 2019 : org.jfree.chart.plot.Marker,115=>Find no block
Mon Sep 02 16:40:23 EDT 2019 org.jfree.chart.plot.Marker,175
Mon Sep 02 16:42:23 EDT 2019 org.jfree.chart.plot.Marker,178
Mon Sep 02 16:43:28 EDT 2019 org.jfree.chart.plot.Marker,181
Mon Sep 02 16:44:02 EDT 2019 org.jfree.chart.plot.Marker,185
Mon Sep 02 16:46:59 EDT 2019 org.jfree.chart.plot.Marker,186
Mon Sep 02 16:52:48 EDT 2019 org.jfree.chart.plot.Marker,187
Mon Sep 02 16:58:19 EDT 2019 org.jfree.chart.plot.Marker,188
Mon Sep 02 17:03:06 EDT 2019 org.jfree.chart.plot.Marker,189
Mon Sep 02 17:06:48 EDT 2019 org.jfree.chart.plot.Marker,191
Mon Sep 02 17:10:38 EDT 2019 org.jfree.chart.plot.Marker,192
Timeout time : 19/09/02 17:11
Current failed test : org.jfree.chart.plot.junit.CategoryPlotTests::testRemoveRangeMarker | 19/09/02 17:11
Mon Sep 02 17:13:08 EDT 2019 org.jfree.chart.plot.XYPlot,2232
Mon Sep 02 17:13:35 EDT 2019 org.jfree.chart.plot.XYPlot,2248
Mon Sep 02 17:14:27 EDT 2019 org.jfree.chart.plot.XYPlot,2265
Mon Sep 02 17:15:18 EDT 2019 org.jfree.chart.plot.XYPlot,2285
Mon Sep 02 17:17:40 EDT 2019 org.jfree.chart.plot.XYPlot,2286
Mon Sep 02 17:17:42 EDT 2019 org.jfree.chart.plot.XYPlot,2293
Mon Sep 02 17:28:50 EDT 2019 org.jfree.chart.plot.XYPlot,2465
Mon Sep 02 17:29:18 EDT 2019 org.jfree.chart.plot.XYPlot,2481
Mon Sep 02 17:30:10 EDT 2019 org.jfree.chart.plot.XYPlot,2498
Mon Sep 02 17:31:04 EDT 2019 org.jfree.chart.plot.XYPlot,2517
Mon Sep 02 17:31:33 EDT 2019 org.jfree.chart.plot.XYPlot,2521
Mon Sep 02 17:34:02 EDT 2019 org.jfree.chart.plot.XYPlot,2522
Mon Sep 02 17:34:04 EDT 2019 org.jfree.chart.plot.XYPlot,2529
Mon Sep 02 17:42:40 EDT 2019 org.jfree.chart.plot.CategoryPlot,2106
Mon Sep 02 17:42:42 EDT 2019 org.jfree.chart.plot.CategoryPlot,2122
Mon Sep 02 17:42:44 EDT 2019 org.jfree.chart.plot.CategoryPlot,2139
Mon Sep 02 17:42:46 EDT 2019 org.jfree.chart.plot.CategoryPlot,2158
Mon Sep 02 17:42:47 EDT 2019 org.jfree.chart.plot.CategoryPlot,2159
Mon Sep 02 17:42:49 EDT 2019 org.jfree.chart.plot.CategoryPlot,2166
Mon Sep 02 17:42:51 EDT 2019 org.jfree.chart.plot.CategoryPlot,2378
Mon Sep 02 17:42:52 EDT 2019 org.jfree.chart.plot.CategoryPlot,2396
Mon Sep 02 17:42:54 EDT 2019 org.jfree.chart.plot.CategoryPlot,2415
Mon Sep 02 17:42:56 EDT 2019 org.jfree.chart.plot.CategoryPlot,2436
Mon Sep 02 17:42:58 EDT 2019 org.jfree.chart.plot.CategoryPlot,2440
Mon Sep 02 17:42:59 EDT 2019 org.jfree.chart.plot.CategoryPlot,2441
Mon Sep 02 17:43:00 EDT 2019 org.jfree.chart.plot.CategoryPlot,2448
Mon Sep 02 17:43:02 EDT 2019 org.jfree.chart.plot.CategoryPlot,430
Mon Sep 02 17:43:08 EDT 2019 Mon Sep 02 17:43:08 EDT 2019 : org.jfree.chart.plot.CategoryPlot,431=>Find no block
Mon Sep 02 17:43:10 EDT 2019 org.jfree.chart.plot.CategoryMarker,80
Mon Sep 02 17:43:25 EDT 2019 Mon Sep 02 17:43:25 EDT 2019 : org.jfree.chart.plot.CategoryMarker,81=>Find no block
Mon Sep 02 17:43:26 EDT 2019 org.jfree.chart.plot.CategoryMarker,91
Mon Sep 02 17:43:32 EDT 2019 Mon Sep 02 17:43:32 EDT 2019 : org.jfree.chart.plot.CategoryMarker,92=>Find no block
Mon Sep 02 17:43:33 EDT 2019 org.jfree.chart.plot.CategoryMarker,107
Mon Sep 02 17:46:41 EDT 2019 Mon Sep 02 17:46:41 EDT 2019 : org.jfree.chart.plot.CategoryMarker,72=>Find no block
Mon Sep 02 17:46:42 EDT 2019 org.jfree.chart.plot.CategoryMarker,108
Mon Sep 02 17:46:44 EDT 2019 org.jfree.chart.plot.CategoryMarker,109
Mon Sep 02 17:46:45 EDT 2019 Mon Sep 02 17:46:45 EDT 2019 : org.jfree.chart.plot.CategoryMarker,110=>Find no block
Mon Sep 02 17:46:47 EDT 2019 org.jfree.chart.plot.Marker,144
Mon Sep 02 17:46:53 EDT 2019 Mon Sep 02 17:46:53 EDT 2019 : org.jfree.chart.plot.Marker,145=>Find no block
Mon Sep 02 17:46:55 EDT 2019 org.jfree.chart.plot.Marker,153
Mon Sep 02 17:47:01 EDT 2019 Mon Sep 02 17:47:01 EDT 2019 : org.jfree.chart.plot.Marker,155=>Find no block
Mon Sep 02 17:47:03 EDT 2019 org.jfree.chart.plot.ValueMarker,68
Mon Sep 02 17:48:03 EDT 2019 org.jfree.chart.plot.ValueMarker,69
Mon Sep 02 17:48:04 EDT 2019 Mon Sep 02 17:48:04 EDT 2019 : org.jfree.chart.plot.ValueMarker,70=>Find no block
Mon Sep 02 17:48:06 EDT 2019 org.jfree.chart.plot.CategoryPlot,899
Mon Sep 02 17:49:19 EDT 2019 org.jfree.chart.plot.CategoryPlot,900
Mon Sep 02 17:49:20 EDT 2019 org.jfree.chart.plot.XYPlot,501
Mon Sep 02 17:49:22 EDT 2019 Mon Sep 02 17:49:22 EDT 2019 : org.jfree.chart.plot.XYPlot,502=>Find no block
Mon Sep 02 17:49:23 EDT 2019 org.jfree.chart.plot.Marker,490
Mon Sep 02 17:49:29 EDT 2019 org.jfree.chart.plot.Marker,493
Mon Sep 02 17:56:19 EDT 2019 org.jfree.chart.plot.Marker,494
Mon Sep 02 17:56:20 EDT 2019 Mon Sep 02 17:56:20 EDT 2019 : org.jfree.chart.plot.Marker,495=>Find no block
Mon Sep 02 17:56:21 EDT 2019 Mon Sep 02 17:56:21 EDT 2019 : org.jfree.chart.plot.Marker,173=>Find no block
Mon Sep 02 17:56:23 EDT 2019 Mon Sep 02 17:56:23 EDT 2019 : org.jfree.chart.plot.Marker,115=>Find no block
Mon Sep 02 17:56:25 EDT 2019 org.jfree.chart.plot.Marker,175
Mon Sep 02 17:58:20 EDT 2019 org.jfree.chart.plot.Marker,178
Mon Sep 02 17:59:27 EDT 2019 org.jfree.chart.plot.Marker,181
Mon Sep 02 18:00:03 EDT 2019 org.jfree.chart.plot.Marker,185
Mon Sep 02 18:02:59 EDT 2019 org.jfree.chart.plot.Marker,186
Mon Sep 02 18:08:47 EDT 2019 org.jfree.chart.plot.Marker,187
Mon Sep 02 18:14:11 EDT 2019 org.jfree.chart.plot.Marker,188
Mon Sep 02 18:18:50 EDT 2019 org.jfree.chart.plot.Marker,189
Mon Sep 02 18:22:22 EDT 2019 org.jfree.chart.plot.Marker,191
Mon Sep 02 18:26:08 EDT 2019 org.jfree.chart.plot.Marker,192
Timeout time : 19/09/02 18:28
