=================================================
Project : chart_15	start : 19/09/02 13:22
Current failed test : org.jfree.chart.plot.junit.PiePlot3DTests::testDrawWithNullDataset | 19/09/02 13:22
Mon Sep 02 13:23:51 EDT 2019 org.jfree.chart.plot.PiePlot,2613
Mon Sep 02 13:24:42 EDT 2019 org.jfree.data.general.DatasetUtilities,153
Mon Sep 02 13:25:16 EDT 2019 org.jfree.chart.plot.PiePlot,670
Mon Sep 02 13:25:20 EDT 2019 org.jfree.chart.plot.PiePlot,1398
Mon Sep 02 13:25:25 EDT 2019 org.jfree.chart.plot.PiePlot,1423
Mon Sep 02 13:25:30 EDT 2019 org.jfree.chart.plot.PiePlot,1448
Mon Sep 02 13:25:35 EDT 2019 org.jfree.chart.plot.PiePlot3D,230
Mon Sep 02 13:30:07 EDT 2019 org.jfree.chart.plot.PiePlot3D,231
Mon Sep 02 13:30:08 EDT 2019 org.jfree.chart.plot.PiePlot3D,233
Mon Sep 02 13:34:51 EDT 2019 org.jfree.chart.plot.PiePlot3D,234
Mon Sep 02 13:36:05 EDT 2019 org.jfree.chart.plot.PiePlot3D,239
Mon Sep 02 13:41:24 EDT 2019 org.jfree.chart.plot.PiePlot3D,241
Mon Sep 02 13:49:31 EDT 2019 org.jfree.chart.plot.PiePlot3D,242
Mon Sep 02 13:57:59 EDT 2019 org.jfree.chart.plot.PiePlot3D,245
Mon Sep 02 14:06:10 EDT 2019 org.jfree.chart.plot.PiePlot3D,246
Mon Sep 02 14:06:39 EDT 2019 org.jfree.chart.plot.PiePlot3D,247
Mon Sep 02 14:06:44 EDT 2019 org.jfree.chart.plot.PiePlot3D,248
Mon Sep 02 14:06:46 EDT 2019 org.jfree.chart.plot.PiePlot3D,250
Mon Sep 02 14:12:44 EDT 2019 org.jfree.chart.plot.PiePlot3D,252
Mon Sep 02 14:12:46 EDT 2019 org.jfree.chart.plot.PiePlot3D,266
Mon Sep 02 14:30:04 EDT 2019 org.jfree.chart.plot.PiePlot3D,267
Mon Sep 02 14:36:25 EDT 2019 org.jfree.chart.plot.PiePlot3D,268
Mon Sep 02 14:44:47 EDT 2019 org.jfree.chart.plot.PiePlot3D,269
Mon Sep 02 14:55:32 EDT 2019 org.jfree.chart.plot.PiePlot3D,272
Mon Sep 02 14:55:38 EDT 2019 org.jfree.chart.plot.PiePlot3D,280
Mon Sep 02 14:57:17 EDT 2019 org.jfree.chart.plot.Plot,931
Mon Sep 02 14:59:02 EDT 2019 org.jfree.chart.plot.Plot,932
Mon Sep 02 14:59:03 EDT 2019 Mon Sep 02 14:59:03 EDT 2019 : org.jfree.chart.plot.Plot,933=>Find no block
Mon Sep 02 14:59:05 EDT 2019 org.jfree.chart.plot.Plot,946
Mon Sep 02 14:59:48 EDT 2019 Mon Sep 02 14:59:48 EDT 2019 : org.jfree.chart.plot.Plot,947=>Find no block
Mon Sep 02 14:59:49 EDT 2019 org.jfree.chart.plot.PiePlot,706
Mon Sep 02 14:59:53 EDT 2019 org.jfree.chart.plot.PiePlot,2049
Mon Sep 02 15:01:50 EDT 2019 org.jfree.chart.plot.PiePlot,2050
Mon Sep 02 15:01:51 EDT 2019 org.jfree.chart.plot.PiePlot,2051
Mon Sep 02 15:01:53 EDT 2019 org.jfree.chart.plot.PiePlotState,89
Mon Sep 02 15:02:41 EDT 2019 org.jfree.chart.plot.PiePlotState,90
Mon Sep 02 15:02:50 EDT 2019 org.jfree.chart.plot.PiePlotState,91
Mon Sep 02 15:02:52 EDT 2019 Mon Sep 02 15:02:52 EDT 2019 : org.jfree.chart.plot.PiePlotState,92=>Find no block
Mon Sep 02 15:02:53 EDT 2019 org.jfree.chart.plot.PiePlotState,109
Mon Sep 02 15:03:21 EDT 2019 Mon Sep 02 15:03:21 EDT 2019 : org.jfree.chart.plot.PiePlotState,110=>Find no block
Mon Sep 02 15:03:22 EDT 2019 org.jfree.chart.plot.PiePlot,2611
Mon Sep 02 15:05:26 EDT 2019 org.jfree.chart.plot.PiePlot,2612
Mon Sep 02 15:05:27 EDT 2019 org.jfree.chart.ChartFactory,694
Mon Sep 02 15:07:50 EDT 2019 org.jfree.chart.ChartFactory,695
Mon Sep 02 15:07:51 EDT 2019 org.jfree.chart.ChartFactory,696
Mon Sep 02 15:07:53 EDT 2019 org.jfree.chart.ChartFactory,699
Mon Sep 02 15:07:54 EDT 2019 org.jfree.chart.ChartFactory,702
Mon Sep 02 15:07:56 EDT 2019 org.jfree.data.general.DatasetUtilities,152
Mon Sep 02 15:07:57 EDT 2019 org.jfree.chart.plot.PiePlot,551
Mon Sep 02 15:08:02 EDT 2019 org.jfree.chart.plot.PiePlot3D,151
Mon Sep 02 15:08:38 EDT 2019 Mon Sep 02 15:08:38 EDT 2019 : org.jfree.chart.plot.PiePlot3D,126=>Find no block
Mon Sep 02 15:08:40 EDT 2019 Mon Sep 02 15:08:40 EDT 2019 : org.jfree.chart.plot.PiePlot3D,134=>Find no block
Mon Sep 02 15:08:41 EDT 2019 org.jfree.chart.plot.PiePlot3D,152
Mon Sep 02 15:08:43 EDT 2019 Mon Sep 02 15:08:43 EDT 2019 : org.jfree.chart.plot.PiePlot3D,153=>Find no block
Mon Sep 02 15:08:45 EDT 2019 org.jfree.chart.plot.PiePlot,731
Mon Sep 02 15:15:12 EDT 2019 org.jfree.chart.plot.PiePlot,732
Mon Sep 02 15:19:56 EDT 2019 Mon Sep 02 15:19:56 EDT 2019 : org.jfree.chart.plot.PiePlot,735=>Find no block
Mon Sep 02 15:19:58 EDT 2019 org.jfree.chart.title.LegendTitle,472
Mon Sep 02 15:20:03 EDT 2019 org.jfree.chart.block.LineBorder,146
Mon Sep 02 15:20:17 EDT 2019 org.jfree.chart.plot.Plot,504
Mon Sep 02 15:20:55 EDT 2019 Mon Sep 02 15:20:55 EDT 2019 : org.jfree.chart.plot.Plot,505=>Find no block
Mon Sep 02 15:20:56 EDT 2019 org.jfree.chart.plot.Plot,519
Mon Sep 02 15:21:01 EDT 2019 org.jfree.chart.plot.Plot,522
Mon Sep 02 15:23:04 EDT 2019 org.jfree.chart.plot.Plot,523
Mon Sep 02 15:23:05 EDT 2019 org.jfree.chart.plot.Plot,524
Mon Sep 02 15:23:12 EDT 2019 org.jfree.chart.plot.Plot,525
Mon Sep 02 15:23:16 EDT 2019 Mon Sep 02 15:23:16 EDT 2019 : org.jfree.chart.plot.Plot,529=>Find no block
Mon Sep 02 15:23:18 EDT 2019 org.jfree.chart.util.RectangleInsets,192
Mon Sep 02 15:23:53 EDT 2019 Mon Sep 02 15:23:53 EDT 2019 : org.jfree.chart.renderer.RendererState,62=>Find no block
Mon Sep 02 15:23:55 EDT 2019 org.jfree.chart.renderer.RendererState,63
Mon Sep 02 15:24:00 EDT 2019 Mon Sep 02 15:24:00 EDT 2019 : org.jfree.chart.renderer.RendererState,64=>Find no block
Mon Sep 02 15:24:02 EDT 2019 org.jfree.chart.plot.Plot,963
Mon Sep 02 15:25:30 EDT 2019 org.jfree.chart.plot.Plot,966
Mon Sep 02 15:26:37 EDT 2019 org.jfree.chart.plot.Plot,969
Mon Sep 02 15:38:11 EDT 2019 org.jfree.chart.plot.Plot,970
Mon Sep 02 15:38:13 EDT 2019 org.jfree.chart.plot.Plot,985
Mon Sep 02 15:52:13 EDT 2019 org.jfree.chart.plot.Plot,986
Mon Sep 02 16:03:48 EDT 2019 org.jfree.chart.plot.Plot,988
Mon Sep 02 16:11:03 EDT 2019 org.jfree.chart.plot.Plot,989
Mon Sep 02 16:16:16 EDT 2019 org.jfree.chart.plot.Plot,990
Mon Sep 02 16:16:17 EDT 2019 Mon Sep 02 16:16:17 EDT 2019 : org.jfree.chart.plot.Plot,991=>Find no block
Mon Sep 02 16:16:19 EDT 2019 org.jfree.chart.plot.Plot,1005
Mon Sep 02 16:19:56 EDT 2019 Mon Sep 02 16:19:56 EDT 2019 : org.jfree.chart.plot.Plot,1018=>Find no block
Mon Sep 02 16:19:58 EDT 2019 org.jfree.chart.JFreeChart,1195
Mon Sep 02 16:23:04 EDT 2019 org.jfree.chart.JFreeChart,1197
Mon Sep 02 16:23:05 EDT 2019 org.jfree.chart.JFreeChart,1252
Mon Sep 02 16:31:46 EDT 2019 org.jfree.chart.JFreeChart,1305
Mon Sep 02 16:35:44 EDT 2019 org.jfree.chart.JFreeChart,1306
Mon Sep 02 16:35:46 EDT 2019 org.jfree.chart.JFreeChart,1308
Mon Sep 02 16:46:29 EDT 2019 org.jfree.chart.JFreeChart,1309
Mon Sep 02 16:46:30 EDT 2019 Mon Sep 02 16:46:30 EDT 2019 : org.jfree.chart.JFreeChart,1312=>Find no block
Mon Sep 02 16:46:32 EDT 2019 org.jfree.chart.JFreeChart,1343
Mon Sep 02 16:46:38 EDT 2019 org.jfree.chart.JFreeChart,1344
Mon Sep 02 16:46:40 EDT 2019 org.jfree.chart.text.TextBlock,105
Mon Sep 02 16:46:47 EDT 2019 org.jfree.chart.text.TextBlock,108
Mon Sep 02 16:47:52 EDT 2019 Mon Sep 02 16:47:52 EDT 2019 : org.jfree.chart.text.TextBlock,109=>Find no block
Mon Sep 02 16:47:54 EDT 2019 org.jfree.chart.text.TextBlock,274
Mon Sep 02 17:01:44 EDT 2019 Mon Sep 02 17:01:44 EDT 2019 : org.jfree.chart.text.G2TextMeasurer,61=>Find no block
Mon Sep 02 17:01:46 EDT 2019 org.jfree.chart.text.G2TextMeasurer,62
Mon Sep 02 17:01:52 EDT 2019 Mon Sep 02 17:01:52 EDT 2019 : org.jfree.chart.text.G2TextMeasurer,63=>Find no block
Mon Sep 02 17:01:54 EDT 2019 org.jfree.chart.text.G2TextMeasurer,75
Mon Sep 02 17:04:03 EDT 2019 org.jfree.chart.text.G2TextMeasurer,76
Mon Sep 02 17:04:05 EDT 2019 org.jfree.chart.text.G2TextMeasurer,78
Mon Sep 02 17:04:06 EDT 2019 org.jfree.chart.text.G2TextMeasurer,79
Mon Sep 02 17:04:08 EDT 2019 org.jfree.chart.text.TextUtilities,165
Mon Sep 02 17:04:14 EDT 2019 org.jfree.chart.text.TextUtilities,186
Mon Sep 02 17:05:51 EDT 2019 org.jfree.chart.text.TextUtilities,187
Mon Sep 02 17:05:52 EDT 2019 org.jfree.chart.text.TextUtilities,188
Mon Sep 02 17:07:33 EDT 2019 org.jfree.chart.text.TextUtilities,189
Mon Sep 02 17:09:20 EDT 2019 org.jfree.chart.text.TextUtilities,190
Mon Sep 02 17:11:33 EDT 2019 org.jfree.chart.text.TextUtilities,191
Mon Sep 02 17:11:34 EDT 2019 org.jfree.chart.text.TextUtilities,192
Mon Sep 02 17:20:10 EDT 2019 org.jfree.chart.text.TextUtilities,193
Mon Sep 02 17:21:43 EDT 2019 org.jfree.chart.text.TextUtilities,195
Mon Sep 02 17:21:44 EDT 2019 org.jfree.chart.text.TextUtilities,196
Mon Sep 02 17:21:46 EDT 2019 org.jfree.chart.text.TextUtilities,197
Mon Sep 02 17:21:48 EDT 2019 org.jfree.chart.text.TextUtilities,239
Mon Sep 02 17:23:24 EDT 2019 org.jfree.chart.text.TextUtilities,241
Mon Sep 02 17:23:58 EDT 2019 org.jfree.chart.text.TextUtilities,242
Mon Sep 02 17:26:17 EDT 2019 org.jfree.chart.text.TextUtilities,243
Mon Sep 02 17:28:36 EDT 2019 org.jfree.chart.text.TextUtilities,244
Mon Sep 02 17:28:53 EDT 2019 org.jfree.chart.text.TextUtilities,245
Mon Sep 02 17:28:54 EDT 2019 org.jfree.chart.text.TextUtilities,247
Mon Sep 02 17:34:46 EDT 2019 org.jfree.chart.text.TextUtilities,248
Mon Sep 02 17:34:48 EDT 2019 org.jfree.chart.text.TextUtilities,251
Mon Sep 02 17:36:23 EDT 2019 org.jfree.chart.text.TextUtilities,252
Mon Sep 02 17:36:25 EDT 2019 org.jfree.chart.text.TextUtilities,268
Mon Sep 02 17:38:33 EDT 2019 org.jfree.chart.text.TextUtilities,269
Mon Sep 02 17:38:35 EDT 2019 org.jfree.chart.text.TextUtilities,271
Mon Sep 02 17:41:28 EDT 2019 org.jfree.chart.title.TextTitle,439
Mon Sep 02 17:41:56 EDT 2019 org.jfree.chart.title.TextTitle,440
Mon Sep 02 17:41:58 EDT 2019 org.jfree.chart.title.TextTitle,441
Mon Sep 02 17:42:28 EDT 2019 org.jfree.chart.title.TextTitle,442
Mon Sep 02 17:42:29 EDT 2019 org.jfree.chart.title.TextTitle,443
Mon Sep 02 18:23:15 EDT 2019 org.jfree.chart.title.TextTitle,454
Mon Sep 02 18:23:16 EDT 2019 org.jfree.chart.title.TextTitle,455
Mon Sep 02 18:23:18 EDT 2019 org.jfree.chart.title.TextTitle,458
Mon Sep 02 18:23:19 EDT 2019 org.jfree.chart.title.TextTitle,459
Mon Sep 02 18:23:20 EDT 2019 org.jfree.chart.title.TextTitle,477
Timeout time : 19/09/02 18:23
