=================================================
Project : chart_16	start : 19/09/02 13:22
Current failed test : org.jfree.data.category.junit.DefaultIntervalCategoryDatasetTests::testGetColumnIndex | 19/09/02 13:23
Mon Sep 02 13:23:48 EDT 2019 org.jfree.data.category.DefaultIntervalCategoryDataset,207
Mon Sep 02 13:23:54 EDT 2019 org.jfree.data.category.DefaultIntervalCategoryDataset,208
Mon Sep 02 13:23:56 EDT 2019 org.jfree.data.category.DefaultIntervalCategoryDataset,91
Mon Sep 02 13:24:02 EDT 2019 Mon Sep 02 13:24:02 EDT 2019 : org.jfree.data.category.DefaultIntervalCategoryDataset,93=>Find no block
Mon Sep 02 13:24:03 EDT 2019 org.jfree.data.category.DefaultIntervalCategoryDataset,107
Mon Sep 02 13:24:09 EDT 2019 Mon Sep 02 13:24:09 EDT 2019 : org.jfree.data.category.DefaultIntervalCategoryDataset,108=>Find no block
Mon Sep 02 13:24:11 EDT 2019 Mon Sep 02 13:24:11 EDT 2019 : org.jfree.data.category.DefaultIntervalCategoryDataset,145=>Find no block
Mon Sep 02 13:24:13 EDT 2019 org.jfree.data.category.DefaultIntervalCategoryDataset,147
Mon Sep 02 13:52:58 EDT 2019 org.jfree.data.category.DefaultIntervalCategoryDataset,148
Mon Sep 02 13:53:00 EDT 2019 org.jfree.data.category.DefaultIntervalCategoryDataset,150
Timeout time : 19/09/02 13:53
Current failed test : org.jfree.data.category.junit.DefaultIntervalCategoryDatasetTests::testGetColumnCount | 19/09/02 13:53
Mon Sep 02 13:54:18 EDT 2019 org.jfree.data.category.DefaultIntervalCategoryDataset,207
Mon Sep 02 13:54:24 EDT 2019 org.jfree.data.category.DefaultIntervalCategoryDataset,208
Mon Sep 02 13:54:25 EDT 2019 org.jfree.data.category.DefaultIntervalCategoryDataset,91
Mon Sep 02 13:54:30 EDT 2019 Mon Sep 02 13:54:30 EDT 2019 : org.jfree.data.category.DefaultIntervalCategoryDataset,93=>Find no block
Mon Sep 02 13:54:32 EDT 2019 org.jfree.data.category.DefaultIntervalCategoryDataset,107
Mon Sep 02 13:54:38 EDT 2019 Mon Sep 02 13:54:38 EDT 2019 : org.jfree.data.category.DefaultIntervalCategoryDataset,108=>Find no block
Mon Sep 02 13:54:39 EDT 2019 Mon Sep 02 13:54:39 EDT 2019 : org.jfree.data.category.DefaultIntervalCategoryDataset,145=>Find no block
Mon Sep 02 13:54:41 EDT 2019 org.jfree.data.category.DefaultIntervalCategoryDataset,147
Timeout time : 19/09/02 14:24
Current failed test : org.jfree.data.category.junit.DefaultIntervalCategoryDatasetTests::testGetRowCount | 19/09/02 14:24
Mon Sep 02 14:24:48 EDT 2019 org.jfree.data.category.DefaultIntervalCategoryDataset,207
Mon Sep 02 14:24:53 EDT 2019 org.jfree.data.category.DefaultIntervalCategoryDataset,208
Mon Sep 02 14:24:54 EDT 2019 org.jfree.data.category.DefaultIntervalCategoryDataset,91
Mon Sep 02 14:25:00 EDT 2019 Mon Sep 02 14:25:00 EDT 2019 : org.jfree.data.category.DefaultIntervalCategoryDataset,93=>Find no block
Mon Sep 02 14:25:01 EDT 2019 org.jfree.data.category.DefaultIntervalCategoryDataset,107
Mon Sep 02 14:25:07 EDT 2019 Mon Sep 02 14:25:07 EDT 2019 : org.jfree.data.category.DefaultIntervalCategoryDataset,108=>Find no block
Mon Sep 02 14:25:08 EDT 2019 Mon Sep 02 14:25:08 EDT 2019 : org.jfree.data.category.DefaultIntervalCategoryDataset,145=>Find no block
Mon Sep 02 14:25:09 EDT 2019 org.jfree.data.category.DefaultIntervalCategoryDataset,147
Mon Sep 02 14:54:29 EDT 2019 org.jfree.data.category.DefaultIntervalCategoryDataset,148
Mon Sep 02 14:54:31 EDT 2019 org.jfree.data.category.DefaultIntervalCategoryDataset,150
Timeout time : 19/09/02 14:54
Current failed test : org.jfree.data.category.junit.DefaultIntervalCategoryDatasetTests::testCloning2_purify_1 | 19/09/02 14:54
Mon Sep 02 14:55:23 EDT 2019 org.jfree.data.category.DefaultIntervalCategoryDataset,207
Mon Sep 02 14:55:28 EDT 2019 org.jfree.data.category.DefaultIntervalCategoryDataset,208
Mon Sep 02 14:55:29 EDT 2019 org.jfree.data.category.DefaultIntervalCategoryDataset,91
Mon Sep 02 14:55:34 EDT 2019 Mon Sep 02 14:55:34 EDT 2019 : org.jfree.data.category.DefaultIntervalCategoryDataset,93=>Find no block
Mon Sep 02 14:55:35 EDT 2019 org.jfree.data.category.DefaultIntervalCategoryDataset,107
Mon Sep 02 14:55:40 EDT 2019 Mon Sep 02 14:55:40 EDT 2019 : org.jfree.data.category.DefaultIntervalCategoryDataset,108=>Find no block
Mon Sep 02 14:55:41 EDT 2019 Mon Sep 02 14:55:41 EDT 2019 : org.jfree.data.category.DefaultIntervalCategoryDataset,145=>Find no block
Mon Sep 02 14:55:43 EDT 2019 org.jfree.data.category.DefaultIntervalCategoryDataset,147
Mon Sep 02 15:25:23 EDT 2019 org.jfree.data.category.DefaultIntervalCategoryDataset,148
Timeout time : 19/09/02 15:25
Current failed test : org.jfree.data.category.junit.DefaultIntervalCategoryDatasetTests::testCloning2_purify_2 | 19/09/02 15:25
Mon Sep 02 15:25:57 EDT 2019 org.jfree.data.category.DefaultIntervalCategoryDataset,207
Mon Sep 02 15:26:03 EDT 2019 org.jfree.data.category.DefaultIntervalCategoryDataset,208
Mon Sep 02 15:26:05 EDT 2019 org.jfree.data.category.DefaultIntervalCategoryDataset,91
Mon Sep 02 15:26:17 EDT 2019 Mon Sep 02 15:26:17 EDT 2019 : org.jfree.data.category.DefaultIntervalCategoryDataset,93=>Find no block
Mon Sep 02 15:26:19 EDT 2019 org.jfree.data.category.DefaultIntervalCategoryDataset,107
Mon Sep 02 15:26:32 EDT 2019 Mon Sep 02 15:26:32 EDT 2019 : org.jfree.data.category.DefaultIntervalCategoryDataset,108=>Find no block
Mon Sep 02 15:26:33 EDT 2019 Mon Sep 02 15:26:33 EDT 2019 : org.jfree.data.category.DefaultIntervalCategoryDataset,145=>Find no block
Mon Sep 02 15:26:35 EDT 2019 org.jfree.data.category.DefaultIntervalCategoryDataset,147
Timeout time : 19/09/02 15:55
Current failed test : org.jfree.data.category.junit.DefaultIntervalCategoryDatasetTests::testCloning2_purify_3 | 19/09/02 15:55
Mon Sep 02 15:57:20 EDT 2019 org.jfree.data.category.DefaultIntervalCategoryDataset,207
Mon Sep 02 15:57:38 EDT 2019 org.jfree.data.category.DefaultIntervalCategoryDataset,208
Mon Sep 02 15:57:45 EDT 2019 org.jfree.data.category.DefaultIntervalCategoryDataset,91
Mon Sep 02 15:58:03 EDT 2019 Mon Sep 02 15:58:03 EDT 2019 : org.jfree.data.category.DefaultIntervalCategoryDataset,93=>Find no block
Mon Sep 02 15:58:12 EDT 2019 org.jfree.data.category.DefaultIntervalCategoryDataset,107
Mon Sep 02 15:58:32 EDT 2019 Mon Sep 02 15:58:32 EDT 2019 : org.jfree.data.category.DefaultIntervalCategoryDataset,108=>Find no block
Mon Sep 02 15:58:38 EDT 2019 Mon Sep 02 15:58:38 EDT 2019 : org.jfree.data.category.DefaultIntervalCategoryDataset,145=>Find no block
Mon Sep 02 15:58:49 EDT 2019 org.jfree.data.category.DefaultIntervalCategoryDataset,147
Timeout time : 19/09/02 16:27
Current failed test : org.jfree.data.category.junit.DefaultIntervalCategoryDatasetTests::testGetSeriesIndex | 19/09/02 16:27
Mon Sep 02 16:27:35 EDT 2019 org.jfree.data.category.DefaultIntervalCategoryDataset,207
Mon Sep 02 16:27:41 EDT 2019 org.jfree.data.category.DefaultIntervalCategoryDataset,208
Mon Sep 02 16:27:42 EDT 2019 org.jfree.data.category.DefaultIntervalCategoryDataset,91
Mon Sep 02 16:27:47 EDT 2019 Mon Sep 02 16:27:47 EDT 2019 : org.jfree.data.category.DefaultIntervalCategoryDataset,93=>Find no block
Mon Sep 02 16:27:49 EDT 2019 org.jfree.data.category.DefaultIntervalCategoryDataset,107
Mon Sep 02 16:27:54 EDT 2019 Mon Sep 02 16:27:54 EDT 2019 : org.jfree.data.category.DefaultIntervalCategoryDataset,108=>Find no block
Mon Sep 02 16:27:55 EDT 2019 Mon Sep 02 16:27:55 EDT 2019 : org.jfree.data.category.DefaultIntervalCategoryDataset,145=>Find no block
Mon Sep 02 16:27:57 EDT 2019 org.jfree.data.category.DefaultIntervalCategoryDataset,147
Timeout time : 19/09/02 16:57
Current failed test : org.jfree.data.category.junit.DefaultIntervalCategoryDatasetTests::testGetRowIndex | 19/09/02 16:57
Mon Sep 02 16:58:18 EDT 2019 org.jfree.data.category.DefaultIntervalCategoryDataset,207
Mon Sep 02 16:58:24 EDT 2019 org.jfree.data.category.DefaultIntervalCategoryDataset,208
Mon Sep 02 16:58:25 EDT 2019 org.jfree.data.category.DefaultIntervalCategoryDataset,91
Mon Sep 02 16:58:31 EDT 2019 Mon Sep 02 16:58:31 EDT 2019 : org.jfree.data.category.DefaultIntervalCategoryDataset,93=>Find no block
Mon Sep 02 16:58:33 EDT 2019 org.jfree.data.category.DefaultIntervalCategoryDataset,107
Mon Sep 02 16:58:39 EDT 2019 Mon Sep 02 16:58:39 EDT 2019 : org.jfree.data.category.DefaultIntervalCategoryDataset,108=>Find no block
Mon Sep 02 16:58:40 EDT 2019 Mon Sep 02 16:58:40 EDT 2019 : org.jfree.data.category.DefaultIntervalCategoryDataset,145=>Find no block
Mon Sep 02 16:58:42 EDT 2019 org.jfree.data.category.DefaultIntervalCategoryDataset,147
Timeout time : 19/09/02 17:28
Current failed test : org.jfree.data.category.junit.DefaultIntervalCategoryDatasetTests::testSetCategoryKeys | 19/09/02 17:28
Mon Sep 02 17:28:52 EDT 2019 org.jfree.data.category.DefaultIntervalCategoryDataset,207
Mon Sep 02 17:28:58 EDT 2019 org.jfree.data.category.DefaultIntervalCategoryDataset,208
Mon Sep 02 17:28:59 EDT 2019 org.jfree.data.category.DefaultIntervalCategoryDataset,91
Mon Sep 02 17:29:05 EDT 2019 Mon Sep 02 17:29:05 EDT 2019 : org.jfree.data.category.DefaultIntervalCategoryDataset,93=>Find no block
Mon Sep 02 17:29:06 EDT 2019 org.jfree.data.category.DefaultIntervalCategoryDataset,107
Mon Sep 02 17:29:12 EDT 2019 Mon Sep 02 17:29:12 EDT 2019 : org.jfree.data.category.DefaultIntervalCategoryDataset,108=>Find no block
Mon Sep 02 17:29:13 EDT 2019 Mon Sep 02 17:29:13 EDT 2019 : org.jfree.data.category.DefaultIntervalCategoryDataset,145=>Find no block
Mon Sep 02 17:29:14 EDT 2019 org.jfree.data.category.DefaultIntervalCategoryDataset,147
Timeout time : 19/09/02 17:58
Current failed test : org.jfree.data.category.junit.DefaultIntervalCategoryDatasetTests::testGetCategoryIndex | 19/09/02 17:58
Mon Sep 02 17:59:25 EDT 2019 org.jfree.data.category.DefaultIntervalCategoryDataset,207
Mon Sep 02 17:59:31 EDT 2019 org.jfree.data.category.DefaultIntervalCategoryDataset,208
Mon Sep 02 17:59:33 EDT 2019 org.jfree.data.category.DefaultIntervalCategoryDataset,91
Mon Sep 02 17:59:40 EDT 2019 Mon Sep 02 17:59:40 EDT 2019 : org.jfree.data.category.DefaultIntervalCategoryDataset,93=>Find no block
Mon Sep 02 17:59:42 EDT 2019 org.jfree.data.category.DefaultIntervalCategoryDataset,107
Mon Sep 02 17:59:48 EDT 2019 Mon Sep 02 17:59:48 EDT 2019 : org.jfree.data.category.DefaultIntervalCategoryDataset,108=>Find no block
Mon Sep 02 17:59:49 EDT 2019 Mon Sep 02 17:59:49 EDT 2019 : org.jfree.data.category.DefaultIntervalCategoryDataset,145=>Find no block
Mon Sep 02 17:59:51 EDT 2019 org.jfree.data.category.DefaultIntervalCategoryDataset,147
Timeout time : 19/09/02 18:29
