=================================================
Project : chart_17	start : 19/09/02 13:22
Current failed test : org.jfree.data.time.junit.TimeSeriesTests::testBug1832432 | 19/09/02 13:22
Mon Sep 02 13:23:07 EDT 2019 org.jfree.data.time.TimeSeries,880
Mon Sep 02 13:24:00 EDT 2019 org.jfree.data.time.TimeSeries,857
Mon Sep 02 13:26:16 EDT 2019 org.jfree.data.time.TimeSeries,876
Mon Sep 02 13:27:04 EDT 2019 org.jfree.data.time.TimeSeries,879
Mon Sep 02 13:27:05 EDT 2019 org.jfree.data.time.TimeSeries,140
Mon Sep 02 13:27:19 EDT 2019 Mon Sep 02 13:27:19 EDT 2019 : org.jfree.data.time.TimeSeries,142=>Find no block
Mon Sep 02 13:27:19 EDT 2019 Mon Sep 02 13:27:19 EDT 2019 : org.jfree.data.time.TimeSeries,141=>Find no block
Mon Sep 02 13:27:21 EDT 2019 Mon Sep 02 13:27:21 EDT 2019 : org.jfree.data.time.Day,83=>Find no block
Mon Sep 02 13:27:22 EDT 2019 Mon Sep 02 13:27:22 EDT 2019 : org.jfree.data.time.Day,88=>Find no block
Mon Sep 02 13:27:23 EDT 2019 Mon Sep 02 13:27:23 EDT 2019 : org.jfree.data.time.Day,92=>Find no block
Mon Sep 02 13:27:25 EDT 2019 Mon Sep 02 13:27:25 EDT 2019 : org.jfree.data.time.Day,96=>Find no block
Mon Sep 02 13:27:26 EDT 2019 Mon Sep 02 13:27:26 EDT 2019 : org.jfree.data.time.Year,96=>Find no block
Mon Sep 02 13:27:27 EDT 2019 org.jfree.data.time.Year,97
Mon Sep 02 13:34:24 EDT 2019 org.jfree.data.time.Year,103
Mon Sep 02 13:40:54 EDT 2019 org.jfree.data.time.Year,104
Mon Sep 02 13:40:55 EDT 2019 Mon Sep 02 13:40:55 EDT 2019 : org.jfree.data.time.Year,105=>Find no block
Mon Sep 02 13:40:57 EDT 2019 org.jfree.data.time.Year,136
Mon Sep 02 13:41:01 EDT 2019 org.jfree.data.time.Year,176
Mon Sep 02 13:41:26 EDT 2019 org.jfree.data.time.Year,177
Mon Sep 02 13:41:27 EDT 2019 Mon Sep 02 13:41:27 EDT 2019 : org.jfree.data.time.Year,178=>Find no block
Mon Sep 02 13:41:28 EDT 2019 org.jfree.data.time.Year,218
Mon Sep 02 13:41:29 EDT 2019 org.jfree.data.time.Year,233
Mon Sep 02 13:44:39 EDT 2019 org.jfree.data.time.Year,234
Mon Sep 02 13:44:41 EDT 2019 org.jfree.data.time.Year,237
Mon Sep 02 13:44:43 EDT 2019 org.jfree.data.time.Year,252
Mon Sep 02 13:48:04 EDT 2019 org.jfree.data.time.Year,253
Mon Sep 02 13:48:06 EDT 2019 org.jfree.data.time.Year,256
Mon Sep 02 13:48:08 EDT 2019 org.jfree.data.time.Year,317
Mon Sep 02 13:48:33 EDT 2019 org.jfree.data.time.Year,318
Mon Sep 02 13:48:35 EDT 2019 org.jfree.data.time.Year,319
Mon Sep 02 13:48:37 EDT 2019 Mon Sep 02 13:48:37 EDT 2019 : org.jfree.data.time.Year,320=>Find no block
Mon Sep 02 13:48:39 EDT 2019 org.jfree.data.time.Year,336
Mon Sep 02 13:50:02 EDT 2019 org.jfree.data.time.TimeSeries,586
Mon Sep 02 13:51:12 EDT 2019 Mon Sep 02 13:51:12 EDT 2019 : org.jfree.data.time.TimeSeries,587=>Find no block
Mon Sep 02 13:51:13 EDT 2019 org.jfree.data.time.TimeSeries,600
Mon Sep 02 13:53:45 EDT 2019 org.jfree.data.time.TimeSeries,601
Mon Sep 02 13:53:47 EDT 2019 Mon Sep 02 13:53:47 EDT 2019 : org.jfree.data.time.TimeSeries,602=>Find no block
Mon Sep 02 13:53:49 EDT 2019 org.jfree.data.time.TimeSeries,153
Mon Sep 02 13:54:05 EDT 2019 Mon Sep 02 13:54:05 EDT 2019 : org.jfree.data.time.TimeSeries,155=>Find no block
Mon Sep 02 13:54:06 EDT 2019 org.jfree.data.general.Series,313
Mon Sep 02 13:56:53 EDT 2019 org.jfree.data.general.Series,314
Mon Sep 02 13:56:54 EDT 2019 Mon Sep 02 13:56:54 EDT 2019 : org.jfree.data.general.Series,316=>Find no block
Mon Sep 02 13:56:56 EDT 2019 org.jfree.data.general.Series,326
Mon Sep 02 14:02:52 EDT 2019 org.jfree.data.general.Series,327
Mon Sep 02 14:02:53 EDT 2019 Mon Sep 02 14:02:53 EDT 2019 : org.jfree.data.general.Series,334=>Find no block
Mon Sep 02 14:02:55 EDT 2019 org.jfree.data.general.SeriesChangeEvent,61
Mon Sep 02 14:03:00 EDT 2019 Mon Sep 02 14:03:00 EDT 2019 : org.jfree.data.general.SeriesChangeEvent,62=>Find no block
Mon Sep 02 14:03:02 EDT 2019 org.jfree.data.time.TimeSeries,339
Mon Sep 02 14:03:32 EDT 2019 org.jfree.data.time.TimeSeries,370
Mon Sep 02 14:03:46 EDT 2019 org.jfree.data.time.TimeSeries,489
Mon Sep 02 14:04:11 EDT 2019 org.jfree.data.time.TimeSeries,492
Mon Sep 02 14:10:21 EDT 2019 org.jfree.data.time.TimeSeries,504
Mon Sep 02 14:16:26 EDT 2019 org.jfree.data.time.TimeSeries,505
Mon Sep 02 14:22:43 EDT 2019 org.jfree.data.time.TimeSeries,506
Mon Sep 02 14:52:49 EDT 2019 org.jfree.data.time.TimeSeries,507
Mon Sep 02 14:53:00 EDT 2019 org.jfree.data.time.TimeSeries,508
Mon Sep 02 14:53:02 EDT 2019 org.jfree.data.time.TimeSeries,511
Mon Sep 02 14:53:11 EDT 2019 org.jfree.data.time.TimeSeries,512
Mon Sep 02 14:53:13 EDT 2019 org.jfree.data.time.TimeSeries,513
Mon Sep 02 14:53:14 EDT 2019 org.jfree.data.time.TimeSeries,514
Mon Sep 02 14:53:16 EDT 2019 org.jfree.data.time.TimeSeries,534
Mon Sep 02 14:59:11 EDT 2019 org.jfree.data.time.TimeSeries,536
Mon Sep 02 14:59:12 EDT 2019 org.jfree.data.time.TimeSeries,540
Mon Sep 02 14:59:13 EDT 2019 org.jfree.data.time.TimeSeries,543
Mon Sep 02 14:59:14 EDT 2019 org.jfree.data.time.TimeSeries,544
Mon Sep 02 14:59:15 EDT 2019 Mon Sep 02 14:59:15 EDT 2019 : org.jfree.data.time.TimeSeries,548=>Find no block
Mon Sep 02 14:59:17 EDT 2019 org.jfree.data.time.TimeSeries,738
Mon Sep 02 15:02:16 EDT 2019 org.jfree.data.time.TimeSeries,739
Mon Sep 02 15:02:17 EDT 2019 org.jfree.data.time.TimeSeries,740
Mon Sep 02 15:02:19 EDT 2019 Mon Sep 02 15:02:19 EDT 2019 : org.jfree.data.time.TimeSeries,742=>Find no block
Mon Sep 02 15:02:20 EDT 2019 org.jfree.data.time.TimeSeries,746
Mon Sep 02 15:02:21 EDT 2019 Mon Sep 02 15:02:21 EDT 2019 : org.jfree.data.time.TimeSeries,750=>Find no block
Mon Sep 02 15:02:23 EDT 2019 Mon Sep 02 15:02:23 EDT 2019 : org.jfree.data.time.RegularTimePeriod,70=>Find no block
Mon Sep 02 15:02:25 EDT 2019 Mon Sep 02 15:02:25 EDT 2019 : org.jfree.data.time.TimeSeriesDataItem,92=>Find no block
Mon Sep 02 15:02:26 EDT 2019 org.jfree.data.time.TimeSeriesDataItem,93
Mon Sep 02 15:03:03 EDT 2019 org.jfree.data.time.TimeSeriesDataItem,96
Mon Sep 02 15:03:49 EDT 2019 org.jfree.data.time.TimeSeriesDataItem,97
Mon Sep 02 15:03:51 EDT 2019 Mon Sep 02 15:03:51 EDT 2019 : org.jfree.data.time.TimeSeriesDataItem,98=>Find no block
Mon Sep 02 15:03:52 EDT 2019 org.jfree.data.time.TimeSeriesDataItem,116
Mon Sep 02 15:03:57 EDT 2019 org.jfree.data.time.TimeSeries,238
Mon Sep 02 15:04:45 EDT 2019 org.jfree.data.general.Series,102
Mon Sep 02 15:04:50 EDT 2019 Mon Sep 02 15:04:50 EDT 2019 : org.jfree.data.general.Series,103=>Find no block
Mon Sep 02 15:04:51 EDT 2019 Mon Sep 02 15:04:51 EDT 2019 : org.jfree.data.general.Series,111=>Find no block
Mon Sep 02 15:04:53 EDT 2019 org.jfree.data.general.Series,112
Mon Sep 02 15:05:37 EDT 2019 org.jfree.data.general.Series,115
Mon Sep 02 15:07:42 EDT 2019 org.jfree.data.general.Series,116
Mon Sep 02 15:07:44 EDT 2019 org.jfree.data.general.Series,117
Mon Sep 02 15:07:45 EDT 2019 org.jfree.data.general.Series,118
Mon Sep 02 15:07:46 EDT 2019 org.jfree.data.general.Series,119
Mon Sep 02 15:07:48 EDT 2019 Mon Sep 02 15:07:48 EDT 2019 : org.jfree.data.general.Series,120=>Find no block
Mon Sep 02 15:07:50 EDT 2019 org.jfree.data.time.TimeSeries,172
Mon Sep 02 15:08:53 EDT 2019 org.jfree.data.time.TimeSeries,173
Mon Sep 02 15:08:55 EDT 2019 org.jfree.data.time.TimeSeries,174
Mon Sep 02 15:08:57 EDT 2019 org.jfree.data.time.TimeSeries,175
Mon Sep 02 15:08:59 EDT 2019 org.jfree.data.time.TimeSeries,176
Mon Sep 02 15:09:00 EDT 2019 org.jfree.data.time.TimeSeries,177
Mon Sep 02 15:09:02 EDT 2019 org.jfree.data.time.TimeSeries,178
Mon Sep 02 15:09:04 EDT 2019 Mon Sep 02 15:09:04 EDT 2019 : org.jfree.data.time.TimeSeries,179=>Find no block
Mon Sep 02 15:09:05 EDT 2019 Mon Sep 02 15:09:05 EDT 2019 : org.jfree.data.time.RegularTimePeriod,161=>Find no block
Mon Sep 02 15:09:07 EDT 2019 org.jfree.data.general.Series,113
Mon Sep 02 15:09:13 EDT 2019 org.jfree.data.general.Series,130
Mon Sep 02 15:09:56 EDT 2019 org.jfree.data.general.Series,142
Mon Sep 02 15:09:58 EDT 2019 org.jfree.data.general.Series,143
Mon Sep 02 15:09:59 EDT 2019 org.jfree.data.general.Series,145
Mon Sep 02 15:12:25 EDT 2019 org.jfree.data.general.Series,146
Mon Sep 02 15:12:27 EDT 2019 org.jfree.data.general.Series,147
Mon Sep 02 15:12:28 EDT 2019 Mon Sep 02 15:12:28 EDT 2019 : org.jfree.data.general.Series,148=>Find no block
Mon Sep 02 15:12:29 EDT 2019 org.jfree.data.general.Series,158
Mon Sep 02 15:12:35 EDT 2019 org.jfree.data.general.Series,170
Mon Sep 02 15:16:19 EDT 2019 org.jfree.data.general.Series,171
Mon Sep 02 15:16:20 EDT 2019 org.jfree.data.general.Series,172
Mon Sep 02 15:16:22 EDT 2019 Mon Sep 02 15:16:22 EDT 2019 : org.jfree.data.general.Series,174=>Find no block
Mon Sep 02 15:16:31 EDT 2019 org.jfree.data.general.Series,185
Mon Sep 02 15:16:36 EDT 2019 org.jfree.data.general.Series,197
Mon Sep 02 15:23:50 EDT 2019 org.jfree.data.general.Series,198
Mon Sep 02 15:23:52 EDT 2019 org.jfree.data.general.Series,199
Mon Sep 02 15:23:54 EDT 2019 Mon Sep 02 15:23:54 EDT 2019 : org.jfree.data.general.Series,201=>Find no block
Mon Sep 02 15:23:56 EDT 2019 org.jfree.data.general.Series,212
Mon Sep 02 15:24:01 EDT 2019 org.jfree.data.general.Series,241
Mon Sep 02 15:29:05 EDT 2019 org.jfree.data.general.Series,242
Mon Sep 02 15:29:06 EDT 2019 org.jfree.data.general.Series,243
Mon Sep 02 15:29:07 EDT 2019 org.jfree.data.general.Series,244
Mon Sep 02 15:29:09 EDT 2019 org.jfree.data.general.Series,256
Mon Sep 02 15:30:35 EDT 2019 org.jfree.data.general.Series,257
Mon Sep 02 15:30:38 EDT 2019 org.jfree.data.general.Series,259
Mon Sep 02 15:31:11 EDT 2019 org.jfree.data.general.Series,260
Mon Sep 02 15:31:13 EDT 2019 org.jfree.data.general.Series,262
Mon Sep 02 15:34:47 EDT 2019 org.jfree.data.general.Series,263
Mon Sep 02 15:34:48 EDT 2019 org.jfree.data.general.Series,264
Mon Sep 02 15:34:50 EDT 2019 org.jfree.data.general.Series,266
Mon Sep 02 15:34:56 EDT 2019 org.jfree.data.general.Series,267
Mon Sep 02 15:34:58 EDT 2019 org.jfree.data.general.Series,269
Mon Sep 02 15:35:40 EDT 2019 org.jfree.data.general.Series,279
Mon Sep 02 15:37:18 EDT 2019 org.jfree.data.general.Series,280
Mon Sep 02 15:37:20 EDT 2019 org.jfree.data.general.Series,282
Mon Sep 02 15:37:21 EDT 2019 org.jfree.data.general.Series,295
Mon Sep 02 15:38:41 EDT 2019 Mon Sep 02 15:38:41 EDT 2019 : org.jfree.data.general.Series,296=>Find no block
Mon Sep 02 15:38:42 EDT 2019 org.jfree.data.general.Series,305
Mon Sep 02 15:39:38 EDT 2019 Mon Sep 02 15:39:38 EDT 2019 : org.jfree.data.general.Series,306=>Find no block
Mon Sep 02 15:39:40 EDT 2019 org.jfree.data.general.Series,328
Mon Sep 02 15:39:42 EDT 2019 org.jfree.data.general.Series,329
Mon Sep 02 15:39:43 EDT 2019 org.jfree.data.general.Series,342
Mon Sep 02 15:40:26 EDT 2019 Mon Sep 02 15:40:26 EDT 2019 : org.jfree.data.general.Series,343=>Find no block
Mon Sep 02 15:40:27 EDT 2019 org.jfree.data.general.Series,351
Mon Sep 02 15:41:10 EDT 2019 Mon Sep 02 15:41:10 EDT 2019 : org.jfree.data.general.Series,352=>Find no block
Mon Sep 02 15:41:11 EDT 2019 org.jfree.data.general.Series,363
Mon Sep 02 15:43:39 EDT 2019 Mon Sep 02 15:43:39 EDT 2019 : org.jfree.data.general.Series,365=>Find no block
Mon Sep 02 15:43:40 EDT 2019 org.jfree.data.general.SeriesException,61
Mon Sep 02 15:43:46 EDT 2019 Mon Sep 02 15:43:46 EDT 2019 : org.jfree.data.general.SeriesException,62=>Find no block
Mon Sep 02 15:43:47 EDT 2019 org.jfree.data.time.TimeSeries,189
Mon Sep 02 15:43:59 EDT 2019 org.jfree.data.time.TimeSeries,202
Mon Sep 02 15:48:32 EDT 2019 org.jfree.data.time.TimeSeries,203
Mon Sep 02 15:48:40 EDT 2019 org.jfree.data.time.TimeSeries,204
Mon Sep 02 15:48:42 EDT 2019 Mon Sep 02 15:48:42 EDT 2019 : org.jfree.data.time.TimeSeries,205=>Find no block
Mon Sep 02 15:48:47 EDT 2019 org.jfree.data.time.TimeSeries,215
Mon Sep 02 15:49:01 EDT 2019 org.jfree.data.time.TimeSeries,227
Mon Sep 02 15:54:00 EDT 2019 org.jfree.data.time.TimeSeries,228
Mon Sep 02 15:54:02 EDT 2019 org.jfree.data.time.TimeSeries,229
Mon Sep 02 15:54:11 EDT 2019 Mon Sep 02 15:54:11 EDT 2019 : org.jfree.data.time.TimeSeries,230=>Find no block
Mon Sep 02 15:54:15 EDT 2019 org.jfree.data.time.TimeSeries,248
Mon Sep 02 15:55:42 EDT 2019 org.jfree.data.time.TimeSeries,260
Mon Sep 02 15:56:02 EDT 2019 org.jfree.data.time.TimeSeries,275
Mon Sep 02 15:56:41 EDT 2019 org.jfree.data.time.TimeSeries,276
Mon Sep 02 15:56:52 EDT 2019 org.jfree.data.time.TimeSeries,278
Mon Sep 02 16:01:39 EDT 2019 org.jfree.data.time.TimeSeries,279
Mon Sep 02 16:01:41 EDT 2019 org.jfree.data.time.TimeSeries,280
Mon Sep 02 16:01:43 EDT 2019 org.jfree.data.time.TimeSeries,281
Mon Sep 02 16:01:44 EDT 2019 Mon Sep 02 16:01:44 EDT 2019 : org.jfree.data.time.TimeSeries,283=>Find no block
Mon Sep 02 16:01:46 EDT 2019 org.jfree.data.time.TimeSeries,293
Mon Sep 02 16:01:52 EDT 2019 org.jfree.data.time.TimeSeries,309
Mon Sep 02 16:01:57 EDT 2019 org.jfree.data.time.TimeSeries,310
Mon Sep 02 16:01:59 EDT 2019 org.jfree.data.time.TimeSeries,312
Mon Sep 02 16:02:26 EDT 2019 org.jfree.data.time.TimeSeries,313
Mon Sep 02 16:02:28 EDT 2019 Mon Sep 02 16:02:28 EDT 2019 : org.jfree.data.time.TimeSeries,314=>Find no block
Mon Sep 02 16:02:30 EDT 2019 org.jfree.data.time.TimeSeries,326
Mon Sep 02 16:02:35 EDT 2019 org.jfree.data.time.TimeSeries,353
Mon Sep 02 16:06:12 EDT 2019 org.jfree.data.time.TimeSeries,354
Mon Sep 02 16:08:25 EDT 2019 org.jfree.data.time.TimeSeries,355
Mon Sep 02 16:08:27 EDT 2019 org.jfree.data.time.TimeSeries,358
Mon Sep 02 16:08:29 EDT 2019 org.jfree.data.time.TimeSeries,380
Mon Sep 02 16:08:48 EDT 2019 org.jfree.data.time.TimeSeries,381
Mon Sep 02 16:08:50 EDT 2019 org.jfree.data.time.TimeSeries,390
Mon Sep 02 16:14:50 EDT 2019 org.jfree.data.time.TimeSeries,391
Mon Sep 02 16:20:47 EDT 2019 org.jfree.data.time.TimeSeries,392
Mon Sep 02 16:20:50 EDT 2019 org.jfree.data.time.TimeSeries,394
Mon Sep 02 16:20:52 EDT 2019 org.jfree.data.time.TimeSeries,407
Mon Sep 02 16:31:08 EDT 2019 org.jfree.data.time.TimeSeries,408
Mon Sep 02 16:31:09 EDT 2019 org.jfree.data.time.TimeSeries,409
Mon Sep 02 16:31:11 EDT 2019 org.jfree.data.time.TimeSeries,410
Mon Sep 02 16:31:12 EDT 2019 org.jfree.data.time.TimeSeries,411
Mon Sep 02 16:31:14 EDT 2019 org.jfree.data.time.TimeSeries,412
Mon Sep 02 16:31:16 EDT 2019 org.jfree.data.time.TimeSeries,415
Mon Sep 02 16:31:17 EDT 2019 org.jfree.data.time.TimeSeries,428
Mon Sep 02 16:31:18 EDT 2019 org.jfree.data.time.TimeSeries,429
Mon Sep 02 16:31:20 EDT 2019 org.jfree.data.time.TimeSeries,431
Mon Sep 02 16:32:49 EDT 2019 org.jfree.data.time.TimeSeries,433
Mon Sep 02 16:32:51 EDT 2019 org.jfree.data.time.TimeSeries,444
Mon Sep 02 16:33:41 EDT 2019 org.jfree.data.time.TimeSeries,457
Mon Sep 02 16:35:15 EDT 2019 org.jfree.data.time.TimeSeries,458
Mon Sep 02 16:36:09 EDT 2019 org.jfree.data.time.TimeSeries,459
Failed time : 19/09/02 16:36
