=================================================
Project : chart_18	start : 19/09/02 13:22
Current failed test : org.jfree.data.category.junit.DefaultCategoryDatasetTests::testBug1835955 | 19/09/02 13:23
Mon Sep 02 13:23:56 EDT 2019 org.jfree.data.DefaultKeyedValues,316
Mon Sep 02 13:25:26 EDT 2019 org.jfree.data.DefaultKeyedValues,317
Mon Sep 02 13:25:27 EDT 2019 org.jfree.data.DefaultKeyedValues,318

----------------------------------------
----------------------------------------
Pass Single Test : [=>0,0]
if(index<=this.keys.size()){
rebuildIndex();
}

Time : 19/09/02 13:26
----------------------------------------

----------------------------------------
----------------------------------------
Similar code block : 1.2981462390204985 : [/home/mmotwani/mywork1dir/Defects4Java7/defects4j/SIMFIX_RQ1/chart/chart_18_buggy/source/org/jfree/data/DefaultKeyedValues.java=>0,0]
if(position<=this.data.size()){
this.data.add(position,item);
}else {
this.data.add(item);
}

Time : 19/09/02 13:26
----------------------------------------

----------------------------------------
----------------------------------------
Original source code : [/home/mmotwani/mywork1dir/Defects4Java7/defects4j/SIMFIX_RQ1/chart/chart_18_buggy/source/org/jfree/data/DefaultKeyedValues.java=>318,320]
if(index<this.keys.size()){
rebuildIndex();
}

Time : 19/09/02 13:26
----------------------------------------

----------------------------------------
----------------------------------------
Find a patch : [/home/mmotwani/mywork1dir/Defects4Java7/defects4j/SIMFIX_RQ1/chart/chart_18_buggy/source/org/jfree/data/DefaultKeyedValues.java=>318,320]
if(index<=this.keys.size()){
rebuildIndex();
}

Time : 19/09/02 13:26
----------------------------------------
Success time : 19/09/02 13:26
Current failed test : org.jfree.data.junit.DefaultKeyedValuesTests::testRemoveValue_purify_3 | 19/09/02 13:26
Mon Sep 02 13:27:21 EDT 2019 org.jfree.data.DefaultKeyedValues,316
Mon Sep 02 13:28:41 EDT 2019 org.jfree.data.DefaultKeyedValues,317
Mon Sep 02 13:28:42 EDT 2019 org.jfree.data.DefaultKeyedValues,318
Mon Sep 02 13:29:50 EDT 2019 Mon Sep 02 13:29:50 EDT 2019 : org.jfree.data.DefaultKeyedValues,321=>Find no block
Mon Sep 02 13:29:51 EDT 2019 org.jfree.data.DefaultKeyedValues,333
Mon Sep 02 13:31:42 EDT 2019 org.jfree.data.DefaultKeyedValues,334
Mon Sep 02 13:32:23 EDT 2019 org.jfree.data.DefaultKeyedValues,337
Mon Sep 02 13:32:24 EDT 2019 Mon Sep 02 13:32:24 EDT 2019 : org.jfree.data.DefaultKeyedValues,338=>Find no block
Mon Sep 02 13:32:25 EDT 2019 org.jfree.data.DefaultKeyedValues,335
Mon Sep 02 13:32:26 EDT 2019 org.jfree.data.DefaultKeyedValues2D,455
Mon Sep 02 13:34:23 EDT 2019 org.jfree.data.DefaultKeyedValues2D,456
Mon Sep 02 13:36:21 EDT 2019 org.jfree.data.DefaultKeyedValues2D,457
Mon Sep 02 13:36:22 EDT 2019 org.jfree.data.DefaultKeyedValues2D,458
Mon Sep 02 13:36:23 EDT 2019 Mon Sep 02 13:36:23 EDT 2019 : org.jfree.data.DefaultKeyedValues2D,459=>Find no block
Mon Sep 02 13:36:24 EDT 2019 org.jfree.data.DefaultKeyedValues2D,460
Mon Sep 02 13:36:25 EDT 2019 Mon Sep 02 13:36:25 EDT 2019 : org.jfree.data.DefaultKeyedValues2D,461=>Find no block
Mon Sep 02 13:36:26 EDT 2019 org.jfree.data.category.DefaultCategoryDataset,350
Mon Sep 02 13:36:57 EDT 2019 org.jfree.data.category.DefaultCategoryDataset,351
Mon Sep 02 13:36:58 EDT 2019 Mon Sep 02 13:36:58 EDT 2019 : org.jfree.data.category.DefaultCategoryDataset,352=>Find no block
Mon Sep 02 13:36:59 EDT 2019 org.jfree.data.DefaultKeyedValues,319
Mon Sep 02 13:37:00 EDT 2019 org.jfree.data.DefaultKeyedValues,299
Mon Sep 02 13:39:55 EDT 2019 org.jfree.data.DefaultKeyedValues,300
Mon Sep 02 13:44:13 EDT 2019 org.jfree.data.DefaultKeyedValues,301
Mon Sep 02 13:44:15 EDT 2019 org.jfree.data.DefaultKeyedValues,302
Mon Sep 02 13:44:17 EDT 2019 Mon Sep 02 13:44:17 EDT 2019 : org.jfree.data.DefaultKeyedValues,304=>Find no block
Mon Sep 02 13:44:18 EDT 2019 org.jfree.data.DefaultKeyedValues,234
Mon Sep 02 13:46:19 EDT 2019 org.jfree.data.DefaultKeyedValues,209
Mon Sep 02 13:47:33 EDT 2019 Mon Sep 02 13:47:33 EDT 2019 : org.jfree.data.DefaultKeyedValues,210=>Find no block
Mon Sep 02 13:47:35 EDT 2019 org.jfree.data.DefaultKeyedValues,197
Mon Sep 02 13:48:38 EDT 2019 Mon Sep 02 13:48:38 EDT 2019 : org.jfree.data.DefaultKeyedValues,198=>Find no block
Mon Sep 02 13:48:40 EDT 2019 org.jfree.data.DefaultKeyedValues,157
Mon Sep 02 13:51:18 EDT 2019 org.jfree.data.DefaultKeyedValues,229
Mon Sep 02 13:51:20 EDT 2019 org.jfree.data.DefaultKeyedValues,232
Mon Sep 02 13:53:49 EDT 2019 org.jfree.data.DefaultKeyedValues,233
Mon Sep 02 13:53:50 EDT 2019 org.jfree.data.DefaultKeyedValues,238
Mon Sep 02 13:53:52 EDT 2019 org.jfree.data.DefaultKeyedValues,239
Mon Sep 02 13:53:54 EDT 2019 org.jfree.data.DefaultKeyedValues,240
Mon Sep 02 13:53:55 EDT 2019 Mon Sep 02 13:53:55 EDT 2019 : org.jfree.data.DefaultKeyedValues,242=>Find no block
Mon Sep 02 13:53:57 EDT 2019 org.jfree.data.DefaultKeyedValues,150
Mon Sep 02 13:53:58 EDT 2019 org.jfree.data.DefaultKeyedValues,153
Mon Sep 02 13:54:00 EDT 2019 org.jfree.data.DefaultKeyedValues,154
Mon Sep 02 13:54:02 EDT 2019 org.jfree.data.DefaultKeyedValues,155
Mon Sep 02 13:54:03 EDT 2019 Mon Sep 02 13:54:03 EDT 2019 : org.jfree.data.DefaultKeyedValues,98=>Find no block
Mon Sep 02 13:54:04 EDT 2019 org.jfree.data.DefaultKeyedValues,99
Mon Sep 02 13:54:10 EDT 2019 org.jfree.data.DefaultKeyedValues,100
Mon Sep 02 13:54:11 EDT 2019 org.jfree.data.DefaultKeyedValues,101
Mon Sep 02 13:54:13 EDT 2019 Mon Sep 02 13:54:13 EDT 2019 : org.jfree.data.DefaultKeyedValues,102=>Find no block
Mon Sep 02 13:54:14 EDT 2019 org.jfree.data.DefaultKeyedValues2D,323
Mon Sep 02 13:54:21 EDT 2019 org.jfree.data.DefaultKeyedValues2D,189
Mon Sep 02 13:55:02 EDT 2019 org.jfree.data.DefaultKeyedValues2D,303
Mon Sep 02 13:56:14 EDT 2019 Mon Sep 02 13:56:14 EDT 2019 : org.jfree.data.DefaultKeyedValues2D,304=>Find no block
Mon Sep 02 13:56:15 EDT 2019 org.jfree.data.DefaultKeyedValues2D,333
Mon Sep 02 13:57:43 EDT 2019 org.jfree.data.DefaultKeyedValues2D,334
Mon Sep 02 13:57:44 EDT 2019 org.jfree.data.DefaultKeyedValues2D,182
Mon Sep 02 13:57:46 EDT 2019 org.jfree.data.DefaultKeyedValues2D,185
Mon Sep 02 13:57:48 EDT 2019 org.jfree.data.DefaultKeyedValues2D,320
Mon Sep 02 14:00:29 EDT 2019 org.jfree.data.DefaultKeyedValues2D,322
Mon Sep 02 14:00:30 EDT 2019 org.jfree.data.DefaultKeyedValues2D,326
Mon Sep 02 14:01:47 EDT 2019 org.jfree.data.DefaultKeyedValues2D,327
Mon Sep 02 14:01:49 EDT 2019 org.jfree.data.DefaultKeyedValues2D,337
Mon Sep 02 14:04:22 EDT 2019 org.jfree.data.DefaultKeyedValues2D,339
Mon Sep 02 14:04:24 EDT 2019 org.jfree.data.DefaultKeyedValues2D,340
Mon Sep 02 14:07:58 EDT 2019 org.jfree.data.DefaultKeyedValues2D,341
Mon Sep 02 14:08:00 EDT 2019 Mon Sep 02 14:08:00 EDT 2019 : org.jfree.data.DefaultKeyedValues2D,343=>Find no block
Mon Sep 02 14:08:01 EDT 2019 org.jfree.data.DefaultKeyedValues2D,95
Mon Sep 02 14:08:07 EDT 2019 Mon Sep 02 14:08:07 EDT 2019 : org.jfree.data.DefaultKeyedValues2D,96=>Find no block
Mon Sep 02 14:08:09 EDT 2019 Mon Sep 02 14:08:09 EDT 2019 : org.jfree.data.DefaultKeyedValues2D,103=>Find no block
Mon Sep 02 14:08:10 EDT 2019 org.jfree.data.DefaultKeyedValues2D,104
Mon Sep 02 14:08:16 EDT 2019 org.jfree.data.DefaultKeyedValues2D,105
Mon Sep 02 14:08:17 EDT 2019 org.jfree.data.DefaultKeyedValues2D,106
Mon Sep 02 14:08:19 EDT 2019 org.jfree.data.DefaultKeyedValues2D,107
Mon Sep 02 14:08:21 EDT 2019 Mon Sep 02 14:08:21 EDT 2019 : org.jfree.data.DefaultKeyedValues2D,108=>Find no block
Mon Sep 02 14:08:23 EDT 2019 org.jfree.data.category.DefaultCategoryDataset,233
Mon Sep 02 14:09:10 EDT 2019 Mon Sep 02 14:09:10 EDT 2019 : org.jfree.data.category.DefaultCategoryDataset,234=>Find no block
Mon Sep 02 14:09:12 EDT 2019 org.jfree.data.category.DefaultCategoryDataset,218
Mon Sep 02 14:10:07 EDT 2019 org.jfree.data.category.DefaultCategoryDataset,219
Mon Sep 02 14:10:09 EDT 2019 Mon Sep 02 14:10:09 EDT 2019 : org.jfree.data.category.DefaultCategoryDataset,220=>Find no block
Mon Sep 02 14:10:10 EDT 2019 Mon Sep 02 14:10:10 EDT 2019 : org.jfree.data.category.DefaultCategoryDataset,73=>Find no block
Mon Sep 02 14:10:12 EDT 2019 org.jfree.data.category.DefaultCategoryDataset,74
Mon Sep 02 14:10:17 EDT 2019 Mon Sep 02 14:10:17 EDT 2019 : org.jfree.data.category.DefaultCategoryDataset,75=>Find no block
Mon Sep 02 14:10:18 EDT 2019 org.jfree.data.general.AbstractDataset,170
Mon Sep 02 14:10:56 EDT 2019 Mon Sep 02 14:10:56 EDT 2019 : org.jfree.data.general.AbstractDataset,171=>Find no block
Mon Sep 02 14:10:58 EDT 2019 org.jfree.data.general.AbstractDataset,184
Mon Sep 02 14:14:10 EDT 2019 org.jfree.data.general.AbstractDataset,185
Mon Sep 02 14:14:11 EDT 2019 Mon Sep 02 14:14:11 EDT 2019 : org.jfree.data.general.AbstractDataset,192=>Find no block
Mon Sep 02 14:14:13 EDT 2019 org.jfree.data.general.DatasetChangeEvent,71
Mon Sep 02 14:14:18 EDT 2019 org.jfree.data.general.DatasetChangeEvent,72
Mon Sep 02 14:14:20 EDT 2019 Mon Sep 02 14:14:20 EDT 2019 : org.jfree.data.general.DatasetChangeEvent,73=>Find no block
Mon Sep 02 14:14:22 EDT 2019 Mon Sep 02 14:14:22 EDT 2019 : org.jfree.data.general.AbstractDataset,94=>Find no block
Mon Sep 02 14:14:23 EDT 2019 org.jfree.data.general.AbstractDataset,95
Mon Sep 02 14:14:58 EDT 2019 org.jfree.data.general.AbstractDataset,96
Mon Sep 02 14:14:59 EDT 2019 Mon Sep 02 14:14:59 EDT 2019 : org.jfree.data.general.AbstractDataset,97=>Find no block
Mon Sep 02 14:15:00 EDT 2019 org.jfree.data.general.DatasetGroup,63
Mon Sep 02 14:15:26 EDT 2019 org.jfree.data.general.DatasetGroup,64
Mon Sep 02 14:15:27 EDT 2019 Mon Sep 02 14:15:27 EDT 2019 : org.jfree.data.general.DatasetGroup,65=>Find no block
Mon Sep 02 14:15:29 EDT 2019 org.jfree.data.general.DatasetChangeEvent,83
Mon Sep 02 14:15:34 EDT 2019 org.jfree.data.general.AbstractDataset,107
Mon Sep 02 14:15:39 EDT 2019 org.jfree.data.general.AbstractDataset,118
Mon Sep 02 14:15:43 EDT 2019 org.jfree.data.general.AbstractDataset,119
Mon Sep 02 14:15:45 EDT 2019 org.jfree.data.general.AbstractDataset,121
Mon Sep 02 14:15:50 EDT 2019 Mon Sep 02 14:15:50 EDT 2019 : org.jfree.data.general.AbstractDataset,122=>Find no block
Mon Sep 02 14:15:51 EDT 2019 org.jfree.data.general.AbstractDataset,132
Mon Sep 02 14:16:58 EDT 2019 Mon Sep 02 14:16:58 EDT 2019 : org.jfree.data.general.AbstractDataset,133=>Find no block
Mon Sep 02 14:16:59 EDT 2019 org.jfree.data.general.AbstractDataset,144
Mon Sep 02 14:17:45 EDT 2019 Mon Sep 02 14:17:45 EDT 2019 : org.jfree.data.general.AbstractDataset,145=>Find no block
Mon Sep 02 14:17:46 EDT 2019 org.jfree.data.general.AbstractDataset,160
Mon Sep 02 14:18:00 EDT 2019 org.jfree.data.general.AbstractDataset,161
Mon Sep 02 14:18:02 EDT 2019 org.jfree.data.general.AbstractDataset,186
Mon Sep 02 14:18:03 EDT 2019 org.jfree.data.general.AbstractDataset,187
Mon Sep 02 14:18:04 EDT 2019 org.jfree.data.general.AbstractDataset,205
Mon Sep 02 14:22:54 EDT 2019 org.jfree.data.general.AbstractDataset,206
Mon Sep 02 14:22:55 EDT 2019 org.jfree.data.general.AbstractDataset,207
Mon Sep 02 14:22:57 EDT 2019 org.jfree.data.general.AbstractDataset,218
Mon Sep 02 14:23:02 EDT 2019 Mon Sep 02 14:23:02 EDT 2019 : org.jfree.data.general.AbstractDataset,219=>Find no block
Mon Sep 02 14:23:04 EDT 2019 org.jfree.data.general.AbstractDataset,231
Mon Sep 02 14:23:34 EDT 2019 org.jfree.data.general.AbstractDataset,232
Mon Sep 02 14:23:35 EDT 2019 org.jfree.data.general.AbstractDataset,233
Mon Sep 02 14:23:36 EDT 2019 Mon Sep 02 14:23:36 EDT 2019 : org.jfree.data.general.AbstractDataset,235=>Find no block
Mon Sep 02 14:23:37 EDT 2019 org.jfree.data.general.AbstractDataset,255
Mon Sep 02 14:24:07 EDT 2019 Mon Sep 02 14:24:07 EDT 2019 : org.jfree.data.general.AbstractDataset,256=>Find no block
Mon Sep 02 14:24:08 EDT 2019 Mon Sep 02 14:24:08 EDT 2019 : org.jfree.data.general.DatasetGroup,72=>Find no block
Mon Sep 02 14:24:10 EDT 2019 org.jfree.data.general.DatasetGroup,73
Mon Sep 02 14:24:15 EDT 2019 org.jfree.data.general.DatasetGroup,74
Mon Sep 02 14:24:17 EDT 2019 org.jfree.data.general.DatasetGroup,76
Mon Sep 02 14:24:23 EDT 2019 Mon Sep 02 14:24:23 EDT 2019 : org.jfree.data.general.DatasetGroup,77=>Find no block
Mon Sep 02 14:24:25 EDT 2019 org.jfree.data.general.DatasetGroup,85
Mon Sep 02 14:24:30 EDT 2019 org.jfree.data.general.DatasetGroup,96
Mon Sep 02 14:24:35 EDT 2019 org.jfree.data.general.DatasetGroup,107
Mon Sep 02 14:26:04 EDT 2019 org.jfree.data.general.DatasetGroup,108
Mon Sep 02 14:26:05 EDT 2019 org.jfree.data.general.DatasetGroup,110
Mon Sep 02 14:26:32 EDT 2019 org.jfree.data.general.DatasetGroup,111
Mon Sep 02 14:26:33 EDT 2019 org.jfree.data.general.DatasetGroup,113
Timeout time : 19/09/02 14:27
Current failed test : org.jfree.data.junit.DefaultKeyedValuesTests::testGetIndex2_purify_3 | 19/09/02 14:27
Already fixed : org.jfree.data.junit.DefaultKeyedValuesTests::testGetIndex2_purify_3
Current failed test : org.jfree.data.junit.DefaultKeyedValues2DTests::testRemoveColumnByKey_purify_1 | 19/09/02 14:27
Already fixed : org.jfree.data.junit.DefaultKeyedValues2DTests::testRemoveColumnByKey_purify_1
Current failed test : org.jfree.data.junit.DefaultKeyedValues2DTests::testRemoveColumnByKey_purify_2 | 19/09/02 14:27
Mon Sep 02 14:28:07 EDT 2019 org.jfree.data.DefaultKeyedValues,316
Mon Sep 02 14:29:29 EDT 2019 org.jfree.data.DefaultKeyedValues,317
Mon Sep 02 14:29:30 EDT 2019 org.jfree.data.DefaultKeyedValues,318
Mon Sep 02 14:30:45 EDT 2019 Mon Sep 02 14:30:45 EDT 2019 : org.jfree.data.DefaultKeyedValues,321=>Find no block
Mon Sep 02 14:30:46 EDT 2019 org.jfree.data.DefaultKeyedValues,333
Mon Sep 02 14:32:46 EDT 2019 org.jfree.data.DefaultKeyedValues,334
Mon Sep 02 14:33:31 EDT 2019 org.jfree.data.DefaultKeyedValues,337
Mon Sep 02 14:33:32 EDT 2019 Mon Sep 02 14:33:32 EDT 2019 : org.jfree.data.DefaultKeyedValues,338=>Find no block
Mon Sep 02 14:33:34 EDT 2019 org.jfree.data.DefaultKeyedValues,335
Mon Sep 02 14:33:35 EDT 2019 org.jfree.data.DefaultKeyedValues2D,455
Mon Sep 02 14:35:42 EDT 2019 org.jfree.data.DefaultKeyedValues2D,456
Mon Sep 02 14:37:47 EDT 2019 org.jfree.data.DefaultKeyedValues2D,457
Mon Sep 02 14:37:48 EDT 2019 org.jfree.data.DefaultKeyedValues2D,458
Mon Sep 02 14:37:50 EDT 2019 Mon Sep 02 14:37:50 EDT 2019 : org.jfree.data.DefaultKeyedValues2D,459=>Find no block
Mon Sep 02 14:37:51 EDT 2019 org.jfree.data.DefaultKeyedValues2D,460
Mon Sep 02 14:37:52 EDT 2019 Mon Sep 02 14:37:52 EDT 2019 : org.jfree.data.DefaultKeyedValues2D,461=>Find no block
Mon Sep 02 14:37:54 EDT 2019 org.jfree.data.category.DefaultCategoryDataset,350
Mon Sep 02 14:38:26 EDT 2019 org.jfree.data.category.DefaultCategoryDataset,351
Mon Sep 02 14:38:27 EDT 2019 Mon Sep 02 14:38:27 EDT 2019 : org.jfree.data.category.DefaultCategoryDataset,352=>Find no block
Mon Sep 02 14:38:29 EDT 2019 org.jfree.data.DefaultKeyedValues,319
Mon Sep 02 14:38:31 EDT 2019 org.jfree.data.DefaultKeyedValues,299
Mon Sep 02 14:41:30 EDT 2019 org.jfree.data.DefaultKeyedValues,300
Mon Sep 02 14:45:56 EDT 2019 org.jfree.data.DefaultKeyedValues,301
Mon Sep 02 14:45:58 EDT 2019 org.jfree.data.DefaultKeyedValues,302
Mon Sep 02 14:46:00 EDT 2019 Mon Sep 02 14:46:00 EDT 2019 : org.jfree.data.DefaultKeyedValues,304=>Find no block
Mon Sep 02 14:46:01 EDT 2019 org.jfree.data.DefaultKeyedValues,234
Mon Sep 02 14:47:54 EDT 2019 org.jfree.data.DefaultKeyedValues,209
Mon Sep 02 14:49:04 EDT 2019 Mon Sep 02 14:49:04 EDT 2019 : org.jfree.data.DefaultKeyedValues,210=>Find no block
Mon Sep 02 14:49:05 EDT 2019 org.jfree.data.DefaultKeyedValues,197
Mon Sep 02 14:50:04 EDT 2019 Mon Sep 02 14:50:04 EDT 2019 : org.jfree.data.DefaultKeyedValues,198=>Find no block
Mon Sep 02 14:50:05 EDT 2019 org.jfree.data.DefaultKeyedValues,157
Mon Sep 02 14:52:31 EDT 2019 org.jfree.data.DefaultKeyedValues,229
Mon Sep 02 14:52:33 EDT 2019 org.jfree.data.DefaultKeyedValues,232
Mon Sep 02 14:54:53 EDT 2019 org.jfree.data.DefaultKeyedValues,233
Mon Sep 02 14:54:55 EDT 2019 org.jfree.data.DefaultKeyedValues,238
Mon Sep 02 14:54:56 EDT 2019 org.jfree.data.DefaultKeyedValues,239
Mon Sep 02 14:54:57 EDT 2019 org.jfree.data.DefaultKeyedValues,240
Mon Sep 02 14:54:59 EDT 2019 Mon Sep 02 14:54:59 EDT 2019 : org.jfree.data.DefaultKeyedValues,242=>Find no block
Mon Sep 02 14:55:00 EDT 2019 org.jfree.data.DefaultKeyedValues,150
Mon Sep 02 14:55:01 EDT 2019 org.jfree.data.DefaultKeyedValues,153
Mon Sep 02 14:55:03 EDT 2019 org.jfree.data.DefaultKeyedValues,154
Mon Sep 02 14:55:04 EDT 2019 org.jfree.data.DefaultKeyedValues,155
Mon Sep 02 14:55:05 EDT 2019 Mon Sep 02 14:55:05 EDT 2019 : org.jfree.data.DefaultKeyedValues,98=>Find no block
Mon Sep 02 14:55:07 EDT 2019 org.jfree.data.DefaultKeyedValues,99
Mon Sep 02 14:55:11 EDT 2019 org.jfree.data.DefaultKeyedValues,100
Mon Sep 02 14:55:13 EDT 2019 org.jfree.data.DefaultKeyedValues,101
Mon Sep 02 14:55:14 EDT 2019 Mon Sep 02 14:55:14 EDT 2019 : org.jfree.data.DefaultKeyedValues,102=>Find no block
Mon Sep 02 14:55:16 EDT 2019 org.jfree.data.DefaultKeyedValues2D,323
Mon Sep 02 14:55:21 EDT 2019 org.jfree.data.DefaultKeyedValues2D,189
Mon Sep 02 14:56:00 EDT 2019 org.jfree.data.DefaultKeyedValues2D,303
Mon Sep 02 14:57:05 EDT 2019 Mon Sep 02 14:57:05 EDT 2019 : org.jfree.data.DefaultKeyedValues2D,304=>Find no block
Mon Sep 02 14:57:06 EDT 2019 org.jfree.data.DefaultKeyedValues2D,333
Mon Sep 02 14:58:26 EDT 2019 org.jfree.data.DefaultKeyedValues2D,334
Mon Sep 02 14:58:27 EDT 2019 org.jfree.data.DefaultKeyedValues2D,182
Mon Sep 02 14:58:29 EDT 2019 org.jfree.data.DefaultKeyedValues2D,185
Mon Sep 02 14:58:30 EDT 2019 org.jfree.data.DefaultKeyedValues2D,320
Mon Sep 02 15:01:04 EDT 2019 org.jfree.data.DefaultKeyedValues2D,322
Mon Sep 02 15:01:06 EDT 2019 org.jfree.data.DefaultKeyedValues2D,326
Mon Sep 02 15:02:21 EDT 2019 org.jfree.data.DefaultKeyedValues2D,327
Mon Sep 02 15:02:22 EDT 2019 org.jfree.data.DefaultKeyedValues2D,337
Mon Sep 02 15:05:00 EDT 2019 org.jfree.data.DefaultKeyedValues2D,339
Mon Sep 02 15:05:02 EDT 2019 org.jfree.data.DefaultKeyedValues2D,340
Mon Sep 02 15:08:40 EDT 2019 org.jfree.data.DefaultKeyedValues2D,341
Mon Sep 02 15:08:42 EDT 2019 Mon Sep 02 15:08:42 EDT 2019 : org.jfree.data.DefaultKeyedValues2D,343=>Find no block
Mon Sep 02 15:08:44 EDT 2019 org.jfree.data.DefaultKeyedValues2D,95
Mon Sep 02 15:08:49 EDT 2019 Mon Sep 02 15:08:49 EDT 2019 : org.jfree.data.DefaultKeyedValues2D,96=>Find no block
Mon Sep 02 15:08:50 EDT 2019 Mon Sep 02 15:08:50 EDT 2019 : org.jfree.data.DefaultKeyedValues2D,103=>Find no block
Mon Sep 02 15:08:52 EDT 2019 org.jfree.data.DefaultKeyedValues2D,104
Mon Sep 02 15:08:58 EDT 2019 org.jfree.data.DefaultKeyedValues2D,105
Mon Sep 02 15:09:00 EDT 2019 org.jfree.data.DefaultKeyedValues2D,106
Mon Sep 02 15:09:01 EDT 2019 org.jfree.data.DefaultKeyedValues2D,107
Mon Sep 02 15:09:03 EDT 2019 Mon Sep 02 15:09:03 EDT 2019 : org.jfree.data.DefaultKeyedValues2D,108=>Find no block
Mon Sep 02 15:09:05 EDT 2019 org.jfree.data.category.DefaultCategoryDataset,233
Mon Sep 02 15:09:58 EDT 2019 Mon Sep 02 15:09:58 EDT 2019 : org.jfree.data.category.DefaultCategoryDataset,234=>Find no block
Mon Sep 02 15:09:59 EDT 2019 org.jfree.data.category.DefaultCategoryDataset,218
Mon Sep 02 15:10:58 EDT 2019 org.jfree.data.category.DefaultCategoryDataset,219
Mon Sep 02 15:10:59 EDT 2019 Mon Sep 02 15:10:59 EDT 2019 : org.jfree.data.category.DefaultCategoryDataset,220=>Find no block
Mon Sep 02 15:11:00 EDT 2019 Mon Sep 02 15:11:00 EDT 2019 : org.jfree.data.category.DefaultCategoryDataset,73=>Find no block
Mon Sep 02 15:11:01 EDT 2019 org.jfree.data.category.DefaultCategoryDataset,74
Mon Sep 02 15:11:07 EDT 2019 Mon Sep 02 15:11:07 EDT 2019 : org.jfree.data.category.DefaultCategoryDataset,75=>Find no block
Mon Sep 02 15:11:09 EDT 2019 org.jfree.data.general.AbstractDataset,170
Mon Sep 02 15:11:48 EDT 2019 Mon Sep 02 15:11:48 EDT 2019 : org.jfree.data.general.AbstractDataset,171=>Find no block
Mon Sep 02 15:11:49 EDT 2019 org.jfree.data.general.AbstractDataset,184
Mon Sep 02 15:15:03 EDT 2019 org.jfree.data.general.AbstractDataset,185
Mon Sep 02 15:15:05 EDT 2019 Mon Sep 02 15:15:05 EDT 2019 : org.jfree.data.general.AbstractDataset,192=>Find no block
Mon Sep 02 15:15:06 EDT 2019 org.jfree.data.general.DatasetChangeEvent,71
Mon Sep 02 15:15:11 EDT 2019 org.jfree.data.general.DatasetChangeEvent,72
Mon Sep 02 15:15:12 EDT 2019 Mon Sep 02 15:15:12 EDT 2019 : org.jfree.data.general.DatasetChangeEvent,73=>Find no block
Mon Sep 02 15:15:14 EDT 2019 Mon Sep 02 15:15:14 EDT 2019 : org.jfree.data.general.AbstractDataset,94=>Find no block
Mon Sep 02 15:15:15 EDT 2019 org.jfree.data.general.AbstractDataset,95
Mon Sep 02 15:15:48 EDT 2019 org.jfree.data.general.AbstractDataset,96
Mon Sep 02 15:15:49 EDT 2019 Mon Sep 02 15:15:49 EDT 2019 : org.jfree.data.general.AbstractDataset,97=>Find no block
Mon Sep 02 15:15:51 EDT 2019 org.jfree.data.general.DatasetGroup,63
Mon Sep 02 15:16:22 EDT 2019 org.jfree.data.general.DatasetGroup,64
Mon Sep 02 15:16:31 EDT 2019 Mon Sep 02 15:16:31 EDT 2019 : org.jfree.data.general.DatasetGroup,65=>Find no block
Mon Sep 02 15:16:33 EDT 2019 org.jfree.data.general.DatasetChangeEvent,83
Mon Sep 02 15:16:38 EDT 2019 org.jfree.data.general.AbstractDataset,107
Mon Sep 02 15:16:43 EDT 2019 org.jfree.data.general.AbstractDataset,118
Mon Sep 02 15:16:48 EDT 2019 org.jfree.data.general.AbstractDataset,119
Mon Sep 02 15:16:49 EDT 2019 org.jfree.data.general.AbstractDataset,121
Mon Sep 02 15:16:54 EDT 2019 Mon Sep 02 15:16:54 EDT 2019 : org.jfree.data.general.AbstractDataset,122=>Find no block
Mon Sep 02 15:16:55 EDT 2019 org.jfree.data.general.AbstractDataset,132
Mon Sep 02 15:18:04 EDT 2019 Mon Sep 02 15:18:04 EDT 2019 : org.jfree.data.general.AbstractDataset,133=>Find no block
Mon Sep 02 15:18:06 EDT 2019 org.jfree.data.general.AbstractDataset,144
Mon Sep 02 15:18:53 EDT 2019 Mon Sep 02 15:18:53 EDT 2019 : org.jfree.data.general.AbstractDataset,145=>Find no block
Mon Sep 02 15:19:02 EDT 2019 org.jfree.data.general.AbstractDataset,160
Mon Sep 02 15:19:17 EDT 2019 org.jfree.data.general.AbstractDataset,161
Mon Sep 02 15:19:19 EDT 2019 org.jfree.data.general.AbstractDataset,186
Mon Sep 02 15:19:20 EDT 2019 org.jfree.data.general.AbstractDataset,187
Mon Sep 02 15:19:21 EDT 2019 org.jfree.data.general.AbstractDataset,205
Mon Sep 02 15:24:13 EDT 2019 org.jfree.data.general.AbstractDataset,206
Mon Sep 02 15:24:15 EDT 2019 org.jfree.data.general.AbstractDataset,207
Mon Sep 02 15:24:17 EDT 2019 org.jfree.data.general.AbstractDataset,218
Mon Sep 02 15:24:22 EDT 2019 Mon Sep 02 15:24:22 EDT 2019 : org.jfree.data.general.AbstractDataset,219=>Find no block
Mon Sep 02 15:24:24 EDT 2019 org.jfree.data.general.AbstractDataset,231
Mon Sep 02 15:25:03 EDT 2019 org.jfree.data.general.AbstractDataset,232
Mon Sep 02 15:25:05 EDT 2019 org.jfree.data.general.AbstractDataset,233
Mon Sep 02 15:25:06 EDT 2019 Mon Sep 02 15:25:06 EDT 2019 : org.jfree.data.general.AbstractDataset,235=>Find no block
Mon Sep 02 15:25:08 EDT 2019 org.jfree.data.general.AbstractDataset,255
Mon Sep 02 15:25:47 EDT 2019 Mon Sep 02 15:25:47 EDT 2019 : org.jfree.data.general.AbstractDataset,256=>Find no block
Mon Sep 02 15:25:49 EDT 2019 Mon Sep 02 15:25:49 EDT 2019 : org.jfree.data.general.DatasetGroup,72=>Find no block
Mon Sep 02 15:25:51 EDT 2019 org.jfree.data.general.DatasetGroup,73
Mon Sep 02 15:25:56 EDT 2019 org.jfree.data.general.DatasetGroup,74
Mon Sep 02 15:25:58 EDT 2019 org.jfree.data.general.DatasetGroup,76
Mon Sep 02 15:26:04 EDT 2019 Mon Sep 02 15:26:04 EDT 2019 : org.jfree.data.general.DatasetGroup,77=>Find no block
Mon Sep 02 15:26:06 EDT 2019 org.jfree.data.general.DatasetGroup,85
Mon Sep 02 15:26:17 EDT 2019 org.jfree.data.general.DatasetGroup,96
Mon Sep 02 15:26:31 EDT 2019 org.jfree.data.general.DatasetGroup,107
Mon Sep 02 15:27:57 EDT 2019 org.jfree.data.general.DatasetGroup,108
Mon Sep 02 15:27:58 EDT 2019 org.jfree.data.general.DatasetGroup,110
Timeout time : 19/09/02 15:28
