=================================================
Project : chart_19	start : 19/09/02 13:22
Current failed test : org.jfree.chart.plot.junit.CategoryPlotTests::testGetDomainAxisIndex_purify_5 | 19/09/02 13:23
Mon Sep 02 13:24:19 EDT 2019 org.jfree.chart.plot.CategoryPlot,698
Mon Sep 02 13:24:48 EDT 2019 org.jfree.chart.plot.CategoryPlot,973
Mon Sep 02 13:30:52 EDT 2019 org.jfree.chart.plot.CategoryPlot,974
Mon Sep 02 13:30:53 EDT 2019 org.jfree.chart.plot.CategoryPlot,975
Mon Sep 02 13:30:54 EDT 2019 org.jfree.chart.plot.CategoryPlot,976
Mon Sep 02 13:30:55 EDT 2019 org.jfree.chart.plot.CategoryPlot,981
Mon Sep 02 13:30:56 EDT 2019 org.jfree.chart.plot.CategoryPlot,657
Mon Sep 02 13:31:44 EDT 2019 org.jfree.chart.plot.CategoryPlot,661
Mon Sep 02 13:34:56 EDT 2019 org.jfree.chart.plot.CategoryPlot,662
Mon Sep 02 13:34:58 EDT 2019 org.jfree.chart.axis.NumberAxis,431
Mon Sep 02 13:35:24 EDT 2019 org.jfree.chart.plot.CategoryPlot,640
Mon Sep 02 13:36:35 EDT 2019 Mon Sep 02 13:36:35 EDT 2019 : org.jfree.chart.plot.CategoryPlot,641=>Find no block
Mon Sep 02 13:36:36 EDT 2019 org.jfree.chart.plot.CategoryPlot,652
Mon Sep 02 13:38:35 EDT 2019 org.jfree.chart.plot.CategoryPlot,653
Mon Sep 02 13:39:43 EDT 2019 org.jfree.chart.plot.CategoryPlot,656
Mon Sep 02 13:39:45 EDT 2019 org.jfree.chart.plot.CategoryPlot,659
Mon Sep 02 13:44:13 EDT 2019 org.jfree.chart.plot.CategoryPlot,660
Mon Sep 02 13:44:14 EDT 2019 org.jfree.chart.plot.CategoryPlot,664
Mon Sep 02 13:49:19 EDT 2019 org.jfree.chart.plot.CategoryPlot,665
Mon Sep 02 13:49:21 EDT 2019 Mon Sep 02 13:49:21 EDT 2019 : org.jfree.chart.plot.CategoryPlot,667=>Find no block
Mon Sep 02 13:49:22 EDT 2019 org.jfree.chart.plot.CategoryPlot,931
Mon Sep 02 13:49:24 EDT 2019 org.jfree.chart.plot.CategoryPlot,935
Mon Sep 02 13:49:25 EDT 2019 org.jfree.chart.plot.CategoryPlot,936
Mon Sep 02 13:49:27 EDT 2019 org.jfree.chart.axis.ValueAxis,1027
Mon Sep 02 13:49:32 EDT 2019 org.jfree.chart.plot.CategoryPlot,914
Mon Sep 02 13:50:56 EDT 2019 Mon Sep 02 13:50:56 EDT 2019 : org.jfree.chart.plot.CategoryPlot,915=>Find no block
Mon Sep 02 13:50:58 EDT 2019 org.jfree.chart.plot.CategoryPlot,926
Mon Sep 02 13:55:48 EDT 2019 org.jfree.chart.plot.CategoryPlot,927
Mon Sep 02 13:55:50 EDT 2019 org.jfree.chart.plot.CategoryPlot,930
Mon Sep 02 13:55:51 EDT 2019 org.jfree.chart.plot.CategoryPlot,933
Mon Sep 02 14:01:25 EDT 2019 org.jfree.chart.plot.CategoryPlot,934
Mon Sep 02 14:01:26 EDT 2019 org.jfree.chart.plot.CategoryPlot,938
Mon Sep 02 14:01:28 EDT 2019 org.jfree.chart.plot.CategoryPlot,939
Mon Sep 02 14:01:29 EDT 2019 Mon Sep 02 14:01:29 EDT 2019 : org.jfree.chart.plot.CategoryPlot,941=>Find no block
Mon Sep 02 14:01:31 EDT 2019 org.jfree.chart.plot.CategoryPlot,3151
Mon Sep 02 14:02:47 EDT 2019 org.jfree.chart.util.AbstractObjectList,164
Mon Sep 02 14:06:10 EDT 2019 org.jfree.chart.plot.CategoryPlot,473
Mon Sep 02 14:10:09 EDT 2019 org.jfree.chart.plot.CategoryPlot,474
Mon Sep 02 14:10:10 EDT 2019 org.jfree.chart.axis.Axis,763
Mon Sep 02 14:22:48 EDT 2019 org.jfree.chart.axis.Axis,764
Mon Sep 02 14:22:49 EDT 2019 org.jfree.chart.axis.Axis,765
Mon Sep 02 14:22:51 EDT 2019 Mon Sep 02 14:22:51 EDT 2019 : org.jfree.chart.axis.Axis,767=>Find no block
Mon Sep 02 14:22:53 EDT 2019 org.jfree.chart.plot.CategoryPlot,858
Mon Sep 02 14:23:43 EDT 2019 org.jfree.chart.axis.CategoryAxis,197
Mon Sep 02 14:26:27 EDT 2019 org.jfree.chart.axis.CategoryAxis,199
Mon Sep 02 14:26:28 EDT 2019 org.jfree.chart.axis.CategoryAxis,200
Mon Sep 02 14:27:59 EDT 2019 org.jfree.chart.axis.CategoryAxis,201
Mon Sep 02 14:29:05 EDT 2019 org.jfree.chart.axis.CategoryAxis,202
Mon Sep 02 14:29:45 EDT 2019 org.jfree.chart.axis.CategoryAxis,203
Mon Sep 02 14:30:32 EDT 2019 org.jfree.chart.axis.CategoryAxis,205
Mon Sep 02 14:31:33 EDT 2019 org.jfree.chart.axis.CategoryAxis,207
Mon Sep 02 14:32:50 EDT 2019 org.jfree.chart.axis.CategoryAxis,208
Mon Sep 02 14:33:41 EDT 2019 org.jfree.chart.axis.CategoryAxis,209
Mon Sep 02 14:34:25 EDT 2019 org.jfree.chart.axis.CategoryAxis,210
Mon Sep 02 14:34:51 EDT 2019 org.jfree.chart.axis.CategoryAxis,211
Mon Sep 02 14:34:52 EDT 2019 Mon Sep 02 14:34:52 EDT 2019 : org.jfree.chart.axis.CategoryAxis,213=>Find no block
Mon Sep 02 14:34:54 EDT 2019 Mon Sep 02 14:34:54 EDT 2019 : org.jfree.chart.axis.CategoryAxis,827=>Find no block
Mon Sep 02 14:34:55 EDT 2019 org.jfree.chart.axis.NumberAxis,490
Mon Sep 02 14:43:04 EDT 2019 Mon Sep 02 14:43:04 EDT 2019 : org.jfree.chart.axis.CategoryLabelPositions,256=>Find no block
Mon Sep 02 14:43:05 EDT 2019 org.jfree.chart.axis.CategoryLabelPositions,258
Mon Sep 02 14:44:52 EDT 2019 org.jfree.chart.axis.CategoryLabelPositions,261
Mon Sep 02 14:44:58 EDT 2019 org.jfree.chart.axis.CategoryLabelPositions,264
Mon Sep 02 14:45:04 EDT 2019 org.jfree.chart.axis.CategoryLabelPositions,267
Mon Sep 02 14:45:10 EDT 2019 org.jfree.chart.axis.CategoryLabelPositions,271
Mon Sep 02 14:47:04 EDT 2019 org.jfree.chart.axis.CategoryLabelPositions,272
Mon Sep 02 14:47:36 EDT 2019 org.jfree.chart.axis.CategoryLabelPositions,273
Mon Sep 02 14:48:08 EDT 2019 org.jfree.chart.axis.CategoryLabelPositions,274
Mon Sep 02 14:48:09 EDT 2019 Mon Sep 02 14:48:09 EDT 2019 : org.jfree.chart.axis.CategoryLabelPositions,276=>Find no block
Mon Sep 02 14:48:11 EDT 2019 Mon Sep 02 14:48:11 EDT 2019 : org.jfree.chart.axis.CategoryLabelPositions,64=>Find no block
Mon Sep 02 14:48:12 EDT 2019 Mon Sep 02 14:48:12 EDT 2019 : org.jfree.chart.axis.CategoryLabelPositions,83=>Find no block
Mon Sep 02 14:48:13 EDT 2019 Mon Sep 02 14:48:13 EDT 2019 : org.jfree.chart.axis.CategoryLabelPositions,108=>Find no block
Mon Sep 02 14:48:15 EDT 2019 Mon Sep 02 14:48:15 EDT 2019 : org.jfree.chart.axis.CategoryLabelPositions,132=>Find no block
Mon Sep 02 14:48:16 EDT 2019 Mon Sep 02 14:48:16 EDT 2019 : org.jfree.chart.axis.CategoryLabelPositions,136=>Find no block
Mon Sep 02 14:48:18 EDT 2019 org.jfree.chart.axis.CategoryLabelPositions,149
Mon Sep 02 14:48:23 EDT 2019 org.jfree.chart.axis.CategoryLabelPositions,183
Mon Sep 02 14:48:28 EDT 2019 org.jfree.chart.axis.CategoryLabelPosition,104
Mon Sep 02 14:48:40 EDT 2019 Mon Sep 02 14:48:40 EDT 2019 : org.jfree.chart.axis.CategoryLabelPosition,106=>Find no block
Mon Sep 02 14:48:42 EDT 2019 org.jfree.chart.axis.CategoryLabelPosition,123
Mon Sep 02 14:49:07 EDT 2019 Mon Sep 02 14:49:07 EDT 2019 : org.jfree.chart.axis.CategoryLabelPosition,125=>Find no block
Mon Sep 02 14:49:09 EDT 2019 Mon Sep 02 14:49:09 EDT 2019 : org.jfree.chart.axis.CategoryLabelPosition,148=>Find no block
Mon Sep 02 14:49:10 EDT 2019 org.jfree.chart.axis.CategoryLabelPosition,150
Mon Sep 02 14:50:09 EDT 2019 org.jfree.chart.axis.CategoryLabelPosition,154
Mon Sep 02 14:50:14 EDT 2019 org.jfree.chart.axis.CategoryLabelPosition,158
Mon Sep 02 14:51:13 EDT 2019 org.jfree.chart.axis.CategoryLabelPosition,162
Mon Sep 02 14:51:51 EDT 2019 org.jfree.chart.axis.CategoryLabelPosition,166
Mon Sep 02 14:52:56 EDT 2019 org.jfree.chart.axis.CategoryLabelPosition,167
Mon Sep 02 14:53:58 EDT 2019 org.jfree.chart.axis.CategoryLabelPosition,168
Mon Sep 02 14:55:13 EDT 2019 org.jfree.chart.axis.CategoryLabelPosition,169
Mon Sep 02 14:56:11 EDT 2019 org.jfree.chart.axis.CategoryLabelPosition,170
Mon Sep 02 14:56:57 EDT 2019 org.jfree.chart.axis.CategoryLabelPosition,171
Mon Sep 02 14:56:58 EDT 2019 Mon Sep 02 14:56:58 EDT 2019 : org.jfree.chart.axis.CategoryLabelPosition,173=>Find no block
Mon Sep 02 14:56:59 EDT 2019 Mon Sep 02 14:56:59 EDT 2019 : org.jfree.chart.axis.CategoryLabelWidthType,72=>Find no block
Mon Sep 02 14:57:01 EDT 2019 org.jfree.chart.axis.CategoryLabelWidthType,73
Mon Sep 02 14:57:45 EDT 2019 org.jfree.chart.axis.CategoryLabelWidthType,76
Mon Sep 02 14:58:16 EDT 2019 Mon Sep 02 14:58:16 EDT 2019 : org.jfree.chart.axis.CategoryLabelWidthType,77=>Find no block
Mon Sep 02 14:58:17 EDT 2019 Mon Sep 02 14:58:17 EDT 2019 : org.jfree.chart.axis.CategoryLabelWidthType,56=>Find no block
Mon Sep 02 14:58:18 EDT 2019 Mon Sep 02 14:58:18 EDT 2019 : org.jfree.chart.axis.CategoryLabelWidthType,62=>Find no block
Mon Sep 02 14:58:19 EDT 2019 org.jfree.chart.plot.CategoryPlot,481
Mon Sep 02 15:02:09 EDT 2019 org.jfree.chart.plot.CategoryPlot,482
Mon Sep 02 15:02:11 EDT 2019 org.jfree.chart.plot.CategoryPlot,3149
Mon Sep 02 15:03:18 EDT 2019 org.jfree.chart.plot.CategoryPlot,1134
Mon Sep 02 15:03:19 EDT 2019 org.jfree.chart.plot.CategoryPlot,1845
Mon Sep 02 15:05:56 EDT 2019 org.jfree.chart.plot.CategoryPlot,3144
Mon Sep 02 15:07:03 EDT 2019 org.jfree.chart.plot.CategoryPlot,3145
Mon Sep 02 15:07:04 EDT 2019 org.jfree.chart.plot.CategoryPlot,3147
Mon Sep 02 15:08:49 EDT 2019 org.jfree.chart.plot.CategoryPlot,3148
Mon Sep 02 15:08:50 EDT 2019 org.jfree.chart.plot.CategoryPlot,3157
Mon Sep 02 15:20:20 EDT 2019 org.jfree.chart.plot.CategoryPlot,3158
Mon Sep 02 15:20:21 EDT 2019 org.jfree.chart.plot.CategoryPlot,3165
Mon Sep 02 15:23:17 EDT 2019 org.jfree.chart.plot.CategoryPlot,3212
Mon Sep 02 15:40:04 EDT 2019 org.jfree.chart.plot.CategoryPlot,3213
Mon Sep 02 15:51:28 EDT 2019 org.jfree.chart.plot.CategoryPlot,3214
Timeout time : 19/09/02 15:54
Current failed test : org.jfree.chart.plot.junit.CategoryPlotTests::testGetRangeAxisIndex_purify_5 | 19/09/02 15:54
Mon Sep 02 15:56:04 EDT 2019 org.jfree.chart.plot.CategoryPlot,698
Mon Sep 02 15:57:13 EDT 2019 org.jfree.chart.plot.CategoryPlot,973
Mon Sep 02 16:04:17 EDT 2019 org.jfree.chart.plot.CategoryPlot,974
Mon Sep 02 16:04:19 EDT 2019 org.jfree.chart.plot.CategoryPlot,975
Mon Sep 02 16:04:20 EDT 2019 org.jfree.chart.plot.CategoryPlot,976
Mon Sep 02 16:04:22 EDT 2019 org.jfree.chart.plot.CategoryPlot,981
Mon Sep 02 16:04:23 EDT 2019 org.jfree.chart.plot.CategoryPlot,657
Mon Sep 02 16:05:18 EDT 2019 org.jfree.chart.plot.CategoryPlot,661
Mon Sep 02 16:08:46 EDT 2019 org.jfree.chart.plot.CategoryPlot,662
Mon Sep 02 16:08:47 EDT 2019 org.jfree.chart.axis.NumberAxis,431
Mon Sep 02 16:09:17 EDT 2019 org.jfree.chart.plot.CategoryPlot,640
Mon Sep 02 16:10:36 EDT 2019 Mon Sep 02 16:10:36 EDT 2019 : org.jfree.chart.plot.CategoryPlot,641=>Find no block
Mon Sep 02 16:10:37 EDT 2019 org.jfree.chart.plot.CategoryPlot,652
Mon Sep 02 16:12:45 EDT 2019 org.jfree.chart.plot.CategoryPlot,653
Mon Sep 02 16:13:58 EDT 2019 org.jfree.chart.plot.CategoryPlot,656
Mon Sep 02 16:14:00 EDT 2019 org.jfree.chart.plot.CategoryPlot,659
Mon Sep 02 16:18:44 EDT 2019 org.jfree.chart.plot.CategoryPlot,660
Mon Sep 02 16:18:46 EDT 2019 org.jfree.chart.plot.CategoryPlot,664
Mon Sep 02 16:23:50 EDT 2019 org.jfree.chart.plot.CategoryPlot,665
Mon Sep 02 16:23:52 EDT 2019 Mon Sep 02 16:23:52 EDT 2019 : org.jfree.chart.plot.CategoryPlot,667=>Find no block
Mon Sep 02 16:23:55 EDT 2019 org.jfree.chart.plot.CategoryPlot,931
Mon Sep 02 16:23:56 EDT 2019 org.jfree.chart.plot.CategoryPlot,935
Mon Sep 02 16:23:58 EDT 2019 org.jfree.chart.plot.CategoryPlot,936
Mon Sep 02 16:24:00 EDT 2019 org.jfree.chart.axis.ValueAxis,1027
Mon Sep 02 16:24:06 EDT 2019 org.jfree.chart.plot.CategoryPlot,914
Mon Sep 02 16:25:34 EDT 2019 Mon Sep 02 16:25:34 EDT 2019 : org.jfree.chart.plot.CategoryPlot,915=>Find no block
Mon Sep 02 16:25:36 EDT 2019 org.jfree.chart.plot.CategoryPlot,926
Mon Sep 02 16:30:23 EDT 2019 org.jfree.chart.plot.CategoryPlot,927
Mon Sep 02 16:30:24 EDT 2019 org.jfree.chart.plot.CategoryPlot,930
Mon Sep 02 16:30:26 EDT 2019 org.jfree.chart.plot.CategoryPlot,933
Mon Sep 02 16:35:59 EDT 2019 org.jfree.chart.plot.CategoryPlot,934
Mon Sep 02 16:36:01 EDT 2019 org.jfree.chart.plot.CategoryPlot,938
Mon Sep 02 16:36:03 EDT 2019 org.jfree.chart.plot.CategoryPlot,939
Mon Sep 02 16:36:04 EDT 2019 Mon Sep 02 16:36:04 EDT 2019 : org.jfree.chart.plot.CategoryPlot,941=>Find no block
Mon Sep 02 16:36:06 EDT 2019 org.jfree.chart.plot.CategoryPlot,3151
Mon Sep 02 16:37:27 EDT 2019 org.jfree.chart.util.AbstractObjectList,164
Mon Sep 02 16:40:55 EDT 2019 org.jfree.chart.plot.CategoryPlot,473
Mon Sep 02 16:44:53 EDT 2019 org.jfree.chart.plot.CategoryPlot,474
Mon Sep 02 16:44:55 EDT 2019 org.jfree.chart.axis.Axis,763
Mon Sep 02 16:58:10 EDT 2019 org.jfree.chart.axis.Axis,764
Mon Sep 02 16:58:12 EDT 2019 org.jfree.chart.axis.Axis,765
Mon Sep 02 16:58:13 EDT 2019 Mon Sep 02 16:58:13 EDT 2019 : org.jfree.chart.axis.Axis,767=>Find no block
Mon Sep 02 16:58:15 EDT 2019 org.jfree.chart.plot.CategoryPlot,858
Mon Sep 02 16:59:06 EDT 2019 org.jfree.chart.axis.CategoryAxis,197
Mon Sep 02 17:01:56 EDT 2019 org.jfree.chart.axis.CategoryAxis,199
Mon Sep 02 17:01:57 EDT 2019 org.jfree.chart.axis.CategoryAxis,200
Mon Sep 02 17:03:30 EDT 2019 org.jfree.chart.axis.CategoryAxis,201
Mon Sep 02 17:04:42 EDT 2019 org.jfree.chart.axis.CategoryAxis,202
Mon Sep 02 17:05:26 EDT 2019 org.jfree.chart.axis.CategoryAxis,203
Mon Sep 02 17:06:16 EDT 2019 org.jfree.chart.axis.CategoryAxis,205
Mon Sep 02 17:07:18 EDT 2019 org.jfree.chart.axis.CategoryAxis,207
Mon Sep 02 17:08:40 EDT 2019 org.jfree.chart.axis.CategoryAxis,208
Mon Sep 02 17:09:35 EDT 2019 org.jfree.chart.axis.CategoryAxis,209
Mon Sep 02 17:10:20 EDT 2019 org.jfree.chart.axis.CategoryAxis,210
Mon Sep 02 17:10:48 EDT 2019 org.jfree.chart.axis.CategoryAxis,211
Mon Sep 02 17:10:50 EDT 2019 Mon Sep 02 17:10:50 EDT 2019 : org.jfree.chart.axis.CategoryAxis,213=>Find no block
Mon Sep 02 17:10:52 EDT 2019 Mon Sep 02 17:10:52 EDT 2019 : org.jfree.chart.axis.CategoryAxis,827=>Find no block
Mon Sep 02 17:10:53 EDT 2019 org.jfree.chart.axis.NumberAxis,490
Mon Sep 02 17:19:28 EDT 2019 Mon Sep 02 17:19:28 EDT 2019 : org.jfree.chart.axis.CategoryLabelPositions,256=>Find no block
Mon Sep 02 17:19:29 EDT 2019 org.jfree.chart.axis.CategoryLabelPositions,258
Mon Sep 02 17:21:27 EDT 2019 org.jfree.chart.axis.CategoryLabelPositions,261
Mon Sep 02 17:21:32 EDT 2019 org.jfree.chart.axis.CategoryLabelPositions,264
Mon Sep 02 17:21:38 EDT 2019 org.jfree.chart.axis.CategoryLabelPositions,267
Mon Sep 02 17:21:43 EDT 2019 org.jfree.chart.axis.CategoryLabelPositions,271
Mon Sep 02 17:23:42 EDT 2019 org.jfree.chart.axis.CategoryLabelPositions,272
Mon Sep 02 17:24:16 EDT 2019 org.jfree.chart.axis.CategoryLabelPositions,273
Mon Sep 02 17:24:50 EDT 2019 org.jfree.chart.axis.CategoryLabelPositions,274
Mon Sep 02 17:24:51 EDT 2019 Mon Sep 02 17:24:51 EDT 2019 : org.jfree.chart.axis.CategoryLabelPositions,276=>Find no block
Mon Sep 02 17:24:53 EDT 2019 Mon Sep 02 17:24:53 EDT 2019 : org.jfree.chart.axis.CategoryLabelPositions,64=>Find no block
Mon Sep 02 17:24:55 EDT 2019 Mon Sep 02 17:24:55 EDT 2019 : org.jfree.chart.axis.CategoryLabelPositions,83=>Find no block
Mon Sep 02 17:24:56 EDT 2019 Mon Sep 02 17:24:56 EDT 2019 : org.jfree.chart.axis.CategoryLabelPositions,108=>Find no block
Mon Sep 02 17:24:58 EDT 2019 Mon Sep 02 17:24:58 EDT 2019 : org.jfree.chart.axis.CategoryLabelPositions,132=>Find no block
Mon Sep 02 17:24:59 EDT 2019 Mon Sep 02 17:24:59 EDT 2019 : org.jfree.chart.axis.CategoryLabelPositions,136=>Find no block
Mon Sep 02 17:25:01 EDT 2019 org.jfree.chart.axis.CategoryLabelPositions,149
Mon Sep 02 17:25:07 EDT 2019 org.jfree.chart.axis.CategoryLabelPositions,183
Mon Sep 02 17:25:12 EDT 2019 org.jfree.chart.axis.CategoryLabelPosition,104
Mon Sep 02 17:25:26 EDT 2019 Mon Sep 02 17:25:26 EDT 2019 : org.jfree.chart.axis.CategoryLabelPosition,106=>Find no block
Mon Sep 02 17:25:28 EDT 2019 org.jfree.chart.axis.CategoryLabelPosition,123
Mon Sep 02 17:25:56 EDT 2019 Mon Sep 02 17:25:56 EDT 2019 : org.jfree.chart.axis.CategoryLabelPosition,125=>Find no block
Mon Sep 02 17:25:58 EDT 2019 Mon Sep 02 17:25:58 EDT 2019 : org.jfree.chart.axis.CategoryLabelPosition,148=>Find no block
Mon Sep 02 17:25:59 EDT 2019 org.jfree.chart.axis.CategoryLabelPosition,150
Mon Sep 02 17:27:01 EDT 2019 org.jfree.chart.axis.CategoryLabelPosition,154
Mon Sep 02 17:27:06 EDT 2019 org.jfree.chart.axis.CategoryLabelPosition,158
Mon Sep 02 17:28:09 EDT 2019 org.jfree.chart.axis.CategoryLabelPosition,162
Mon Sep 02 17:28:58 EDT 2019 org.jfree.chart.axis.CategoryLabelPosition,166
Mon Sep 02 17:30:11 EDT 2019 org.jfree.chart.axis.CategoryLabelPosition,167
Mon Sep 02 17:31:21 EDT 2019 org.jfree.chart.axis.CategoryLabelPosition,168
Mon Sep 02 17:32:50 EDT 2019 org.jfree.chart.axis.CategoryLabelPosition,169
Mon Sep 02 17:33:53 EDT 2019 org.jfree.chart.axis.CategoryLabelPosition,170
Mon Sep 02 17:34:44 EDT 2019 org.jfree.chart.axis.CategoryLabelPosition,171
Mon Sep 02 17:34:45 EDT 2019 Mon Sep 02 17:34:45 EDT 2019 : org.jfree.chart.axis.CategoryLabelPosition,173=>Find no block
Mon Sep 02 17:34:47 EDT 2019 Mon Sep 02 17:34:47 EDT 2019 : org.jfree.chart.axis.CategoryLabelWidthType,72=>Find no block
Mon Sep 02 17:34:48 EDT 2019 org.jfree.chart.axis.CategoryLabelWidthType,73
Mon Sep 02 17:35:39 EDT 2019 org.jfree.chart.axis.CategoryLabelWidthType,76
Mon Sep 02 17:36:12 EDT 2019 Mon Sep 02 17:36:12 EDT 2019 : org.jfree.chart.axis.CategoryLabelWidthType,77=>Find no block
Mon Sep 02 17:36:13 EDT 2019 Mon Sep 02 17:36:13 EDT 2019 : org.jfree.chart.axis.CategoryLabelWidthType,56=>Find no block
Mon Sep 02 17:36:15 EDT 2019 Mon Sep 02 17:36:15 EDT 2019 : org.jfree.chart.axis.CategoryLabelWidthType,62=>Find no block
Mon Sep 02 17:36:16 EDT 2019 org.jfree.chart.plot.CategoryPlot,481
Mon Sep 02 17:40:28 EDT 2019 org.jfree.chart.plot.CategoryPlot,482
Mon Sep 02 17:40:29 EDT 2019 org.jfree.chart.plot.CategoryPlot,3149
Mon Sep 02 17:41:32 EDT 2019 org.jfree.chart.plot.CategoryPlot,1134
Mon Sep 02 17:41:34 EDT 2019 org.jfree.chart.plot.CategoryPlot,1845
Mon Sep 02 17:44:21 EDT 2019 org.jfree.chart.plot.CategoryPlot,3144
Mon Sep 02 17:45:35 EDT 2019 org.jfree.chart.plot.CategoryPlot,3145
Mon Sep 02 17:45:37 EDT 2019 org.jfree.chart.plot.CategoryPlot,3147
Mon Sep 02 17:47:31 EDT 2019 org.jfree.chart.plot.CategoryPlot,3148
Mon Sep 02 17:47:33 EDT 2019 org.jfree.chart.plot.CategoryPlot,3157
Mon Sep 02 17:59:19 EDT 2019 org.jfree.chart.plot.CategoryPlot,3158
Mon Sep 02 17:59:20 EDT 2019 org.jfree.chart.plot.CategoryPlot,3165
Mon Sep 02 18:02:18 EDT 2019 org.jfree.chart.plot.CategoryPlot,3212
Mon Sep 02 18:19:19 EDT 2019 org.jfree.chart.plot.CategoryPlot,3213
Timeout time : 19/09/02 18:25
