=================================================
Project : chart_2	start : 19/09/02 13:22
Current failed test : org.jfree.data.general.junit.DatasetUtilitiesTests::testBug2849731_3_purify_1 | 19/09/02 13:23
Mon Sep 02 13:24:11 EDT 2019 org.jfree.data.xy.XYIntervalDataItem,64
Mon Sep 02 13:24:18 EDT 2019 Mon Sep 02 13:24:18 EDT 2019 : org.jfree.data.xy.XYIntervalDataItem,65=>Find no block
Mon Sep 02 13:24:19 EDT 2019 Mon Sep 02 13:24:19 EDT 2019 : org.jfree.data.xy.XYInterval,78=>Find no block
Mon Sep 02 13:24:20 EDT 2019 org.jfree.data.xy.XYInterval,79
Mon Sep 02 13:27:03 EDT 2019 org.jfree.data.xy.XYInterval,80
Mon Sep 02 13:27:04 EDT 2019 org.jfree.data.xy.XYInterval,81
Mon Sep 02 13:27:05 EDT 2019 org.jfree.data.xy.XYInterval,82
Mon Sep 02 13:27:06 EDT 2019 org.jfree.data.xy.XYInterval,83
Mon Sep 02 13:27:07 EDT 2019 Mon Sep 02 13:27:07 EDT 2019 : org.jfree.data.xy.XYInterval,84=>Find no block
Mon Sep 02 13:27:07 EDT 2019 Mon Sep 02 13:27:07 EDT 2019 : org.jfree.data.xy.XYIntervalSeriesCollection,73=>Find no block
Mon Sep 02 13:27:08 EDT 2019 org.jfree.data.xy.XYIntervalSeriesCollection,74
Mon Sep 02 13:27:29 EDT 2019 Mon Sep 02 13:27:29 EDT 2019 : org.jfree.data.xy.XYIntervalSeriesCollection,75=>Find no block
Mon Sep 02 13:27:30 EDT 2019 org.jfree.data.xy.XYIntervalSeriesCollection,84
Mon Sep 02 13:27:34 EDT 2019 org.jfree.data.xy.XYIntervalSeriesCollection,87
Mon Sep 02 13:33:12 EDT 2019 org.jfree.data.xy.XYIntervalSeriesCollection,88
Mon Sep 02 13:33:13 EDT 2019 org.jfree.data.xy.XYIntervalSeriesCollection,89
Mon Sep 02 13:33:14 EDT 2019 Mon Sep 02 13:33:14 EDT 2019 : org.jfree.data.xy.XYIntervalSeriesCollection,91=>Find no block
Mon Sep 02 13:33:15 EDT 2019 org.jfree.data.xy.XYIntervalSeriesCollection,99
Mon Sep 02 13:33:53 EDT 2019 org.jfree.data.xy.XYIntervalSeriesCollection,113
Mon Sep 02 13:38:36 EDT 2019 org.jfree.data.xy.XYIntervalSeriesCollection,116
Mon Sep 02 13:45:40 EDT 2019 org.jfree.data.xy.XYIntervalSeriesCollection,147
Mon Sep 02 13:46:19 EDT 2019 org.jfree.data.xy.XYIntervalSeries,64
Mon Sep 02 13:46:24 EDT 2019 Mon Sep 02 13:46:24 EDT 2019 : org.jfree.data.xy.XYIntervalSeries,65=>Find no block
Mon Sep 02 13:46:26 EDT 2019 org.jfree.data.xy.XYIntervalSeries,79
Mon Sep 02 13:46:52 EDT 2019 Mon Sep 02 13:46:52 EDT 2019 : org.jfree.data.xy.XYIntervalSeries,80=>Find no block
Mon Sep 02 13:46:53 EDT 2019 org.jfree.data.xy.XYIntervalSeries,94
Mon Sep 02 13:46:59 EDT 2019 Mon Sep 02 13:46:59 EDT 2019 : org.jfree.data.xy.XYIntervalSeries,95=>Find no block
Mon Sep 02 13:47:00 EDT 2019 org.jfree.data.xy.XYIntervalSeries,189
Mon Sep 02 13:47:33 EDT 2019 org.jfree.data.xy.XYIntervalDataItem,97
Mon Sep 02 13:48:39 EDT 2019 org.jfree.data.xy.XYIntervalDataItem,98
Timeout time : 19/09/02 13:49
Current failed test : org.jfree.data.general.junit.DatasetUtilitiesTests::testBug2849731_3_purify_2 | 19/09/02 13:49
Mon Sep 02 13:50:13 EDT 2019 org.jfree.data.xy.XYIntervalDataItem,64
Mon Sep 02 13:50:17 EDT 2019 Mon Sep 02 13:50:17 EDT 2019 : org.jfree.data.xy.XYIntervalDataItem,65=>Find no block
Mon Sep 02 13:50:19 EDT 2019 Mon Sep 02 13:50:19 EDT 2019 : org.jfree.data.xy.XYInterval,78=>Find no block
Mon Sep 02 13:50:20 EDT 2019 org.jfree.data.xy.XYInterval,79
Mon Sep 02 13:53:02 EDT 2019 org.jfree.data.xy.XYInterval,80
Mon Sep 02 13:53:03 EDT 2019 org.jfree.data.xy.XYInterval,81
Mon Sep 02 13:53:05 EDT 2019 org.jfree.data.xy.XYInterval,82
Mon Sep 02 13:53:06 EDT 2019 org.jfree.data.xy.XYInterval,83
Mon Sep 02 13:53:07 EDT 2019 Mon Sep 02 13:53:07 EDT 2019 : org.jfree.data.xy.XYInterval,84=>Find no block
Mon Sep 02 13:53:08 EDT 2019 Mon Sep 02 13:53:08 EDT 2019 : org.jfree.data.xy.XYIntervalSeriesCollection,73=>Find no block
Mon Sep 02 13:53:09 EDT 2019 org.jfree.data.xy.XYIntervalSeriesCollection,74
Mon Sep 02 13:53:30 EDT 2019 Mon Sep 02 13:53:30 EDT 2019 : org.jfree.data.xy.XYIntervalSeriesCollection,75=>Find no block
Mon Sep 02 13:53:31 EDT 2019 org.jfree.data.xy.XYIntervalSeriesCollection,84
Mon Sep 02 13:53:36 EDT 2019 org.jfree.data.xy.XYIntervalSeriesCollection,87
Mon Sep 02 13:59:17 EDT 2019 org.jfree.data.xy.XYIntervalSeriesCollection,88
Mon Sep 02 13:59:18 EDT 2019 org.jfree.data.xy.XYIntervalSeriesCollection,89
Mon Sep 02 13:59:19 EDT 2019 Mon Sep 02 13:59:19 EDT 2019 : org.jfree.data.xy.XYIntervalSeriesCollection,91=>Find no block
Mon Sep 02 13:59:20 EDT 2019 org.jfree.data.xy.XYIntervalSeriesCollection,99
Mon Sep 02 13:59:58 EDT 2019 org.jfree.data.xy.XYIntervalSeriesCollection,113
Mon Sep 02 14:04:42 EDT 2019 org.jfree.data.xy.XYIntervalSeriesCollection,116
Mon Sep 02 14:11:44 EDT 2019 org.jfree.data.xy.XYIntervalSeriesCollection,147
Mon Sep 02 14:12:20 EDT 2019 org.jfree.data.xy.XYIntervalSeries,64
Mon Sep 02 14:12:24 EDT 2019 Mon Sep 02 14:12:24 EDT 2019 : org.jfree.data.xy.XYIntervalSeries,65=>Find no block
Mon Sep 02 14:12:25 EDT 2019 org.jfree.data.xy.XYIntervalSeries,79
Mon Sep 02 14:12:51 EDT 2019 Mon Sep 02 14:12:51 EDT 2019 : org.jfree.data.xy.XYIntervalSeries,80=>Find no block
Mon Sep 02 14:12:52 EDT 2019 org.jfree.data.xy.XYIntervalSeries,94
Mon Sep 02 14:12:58 EDT 2019 Mon Sep 02 14:12:58 EDT 2019 : org.jfree.data.xy.XYIntervalSeries,95=>Find no block
Mon Sep 02 14:12:59 EDT 2019 org.jfree.data.xy.XYIntervalSeries,189
Mon Sep 02 14:13:30 EDT 2019 org.jfree.data.xy.XYIntervalDataItem,97
Mon Sep 02 14:14:36 EDT 2019 org.jfree.data.xy.XYIntervalDataItem,98
Timeout time : 19/09/02 14:15
Current failed test : org.jfree.data.general.junit.DatasetUtilitiesTests::testBug2849731_3_purify_3 | 19/09/02 14:15
Mon Sep 02 14:16:17 EDT 2019 org.jfree.data.xy.XYIntervalDataItem,64
Mon Sep 02 14:16:21 EDT 2019 Mon Sep 02 14:16:21 EDT 2019 : org.jfree.data.xy.XYIntervalDataItem,65=>Find no block
Mon Sep 02 14:16:22 EDT 2019 Mon Sep 02 14:16:22 EDT 2019 : org.jfree.data.xy.XYInterval,78=>Find no block
Mon Sep 02 14:16:23 EDT 2019 org.jfree.data.xy.XYInterval,79
Mon Sep 02 14:19:05 EDT 2019 org.jfree.data.xy.XYInterval,80
Mon Sep 02 14:19:06 EDT 2019 org.jfree.data.xy.XYInterval,81
Mon Sep 02 14:19:07 EDT 2019 org.jfree.data.xy.XYInterval,82
Mon Sep 02 14:19:08 EDT 2019 org.jfree.data.xy.XYInterval,83
Mon Sep 02 14:19:09 EDT 2019 Mon Sep 02 14:19:09 EDT 2019 : org.jfree.data.xy.XYInterval,84=>Find no block
Mon Sep 02 14:19:10 EDT 2019 Mon Sep 02 14:19:10 EDT 2019 : org.jfree.data.xy.XYIntervalSeriesCollection,73=>Find no block
Mon Sep 02 14:19:11 EDT 2019 org.jfree.data.xy.XYIntervalSeriesCollection,74
Mon Sep 02 14:19:32 EDT 2019 Mon Sep 02 14:19:32 EDT 2019 : org.jfree.data.xy.XYIntervalSeriesCollection,75=>Find no block
Mon Sep 02 14:19:33 EDT 2019 org.jfree.data.xy.XYIntervalSeriesCollection,84
Mon Sep 02 14:19:37 EDT 2019 org.jfree.data.xy.XYIntervalSeriesCollection,87
Mon Sep 02 14:25:19 EDT 2019 org.jfree.data.xy.XYIntervalSeriesCollection,88
Mon Sep 02 14:25:20 EDT 2019 org.jfree.data.xy.XYIntervalSeriesCollection,89
Mon Sep 02 14:25:22 EDT 2019 Mon Sep 02 14:25:22 EDT 2019 : org.jfree.data.xy.XYIntervalSeriesCollection,91=>Find no block
Mon Sep 02 14:25:23 EDT 2019 org.jfree.data.xy.XYIntervalSeriesCollection,99
Mon Sep 02 14:26:00 EDT 2019 org.jfree.data.xy.XYIntervalSeriesCollection,113
Mon Sep 02 14:30:46 EDT 2019 org.jfree.data.xy.XYIntervalSeriesCollection,116
Mon Sep 02 14:37:49 EDT 2019 org.jfree.data.xy.XYIntervalSeriesCollection,147
Mon Sep 02 14:38:25 EDT 2019 org.jfree.data.xy.XYIntervalSeries,64
Mon Sep 02 14:38:29 EDT 2019 Mon Sep 02 14:38:29 EDT 2019 : org.jfree.data.xy.XYIntervalSeries,65=>Find no block
Mon Sep 02 14:38:30 EDT 2019 org.jfree.data.xy.XYIntervalSeries,79
Mon Sep 02 14:38:56 EDT 2019 Mon Sep 02 14:38:56 EDT 2019 : org.jfree.data.xy.XYIntervalSeries,80=>Find no block
Mon Sep 02 14:38:57 EDT 2019 org.jfree.data.xy.XYIntervalSeries,94
Mon Sep 02 14:39:02 EDT 2019 Mon Sep 02 14:39:02 EDT 2019 : org.jfree.data.xy.XYIntervalSeries,95=>Find no block
Mon Sep 02 14:39:03 EDT 2019 org.jfree.data.xy.XYIntervalSeries,189
Mon Sep 02 14:39:34 EDT 2019 org.jfree.data.xy.XYIntervalDataItem,97
Mon Sep 02 14:40:39 EDT 2019 org.jfree.data.xy.XYIntervalDataItem,98
Timeout time : 19/09/02 14:41
Current failed test : org.jfree.data.general.junit.DatasetUtilitiesTests::testBug2849731_3_purify_4 | 19/09/02 14:41
Mon Sep 02 14:42:18 EDT 2019 org.jfree.data.xy.XYIntervalDataItem,64
Mon Sep 02 14:42:22 EDT 2019 Mon Sep 02 14:42:22 EDT 2019 : org.jfree.data.xy.XYIntervalDataItem,65=>Find no block
Mon Sep 02 14:42:23 EDT 2019 Mon Sep 02 14:42:23 EDT 2019 : org.jfree.data.xy.XYInterval,78=>Find no block
Mon Sep 02 14:42:24 EDT 2019 org.jfree.data.xy.XYInterval,79
Mon Sep 02 14:45:06 EDT 2019 org.jfree.data.xy.XYInterval,80
Mon Sep 02 14:45:07 EDT 2019 org.jfree.data.xy.XYInterval,81
Mon Sep 02 14:45:08 EDT 2019 org.jfree.data.xy.XYInterval,82
Mon Sep 02 14:45:09 EDT 2019 org.jfree.data.xy.XYInterval,83
Mon Sep 02 14:45:11 EDT 2019 Mon Sep 02 14:45:11 EDT 2019 : org.jfree.data.xy.XYInterval,84=>Find no block
Mon Sep 02 14:45:12 EDT 2019 Mon Sep 02 14:45:12 EDT 2019 : org.jfree.data.xy.XYIntervalSeriesCollection,73=>Find no block
Mon Sep 02 14:45:13 EDT 2019 org.jfree.data.xy.XYIntervalSeriesCollection,74
Mon Sep 02 14:45:35 EDT 2019 Mon Sep 02 14:45:35 EDT 2019 : org.jfree.data.xy.XYIntervalSeriesCollection,75=>Find no block
Mon Sep 02 14:45:36 EDT 2019 org.jfree.data.xy.XYIntervalSeriesCollection,84
Mon Sep 02 14:45:40 EDT 2019 org.jfree.data.xy.XYIntervalSeriesCollection,87
Mon Sep 02 14:51:22 EDT 2019 org.jfree.data.xy.XYIntervalSeriesCollection,88
Mon Sep 02 14:51:23 EDT 2019 org.jfree.data.xy.XYIntervalSeriesCollection,89
Mon Sep 02 14:51:24 EDT 2019 Mon Sep 02 14:51:24 EDT 2019 : org.jfree.data.xy.XYIntervalSeriesCollection,91=>Find no block
Mon Sep 02 14:51:25 EDT 2019 org.jfree.data.xy.XYIntervalSeriesCollection,99
Mon Sep 02 14:52:02 EDT 2019 org.jfree.data.xy.XYIntervalSeriesCollection,113
Mon Sep 02 14:56:48 EDT 2019 org.jfree.data.xy.XYIntervalSeriesCollection,116
Mon Sep 02 15:03:52 EDT 2019 org.jfree.data.xy.XYIntervalSeriesCollection,147
Mon Sep 02 15:04:27 EDT 2019 org.jfree.data.xy.XYIntervalSeries,64
Mon Sep 02 15:04:31 EDT 2019 Mon Sep 02 15:04:31 EDT 2019 : org.jfree.data.xy.XYIntervalSeries,65=>Find no block
Mon Sep 02 15:04:32 EDT 2019 org.jfree.data.xy.XYIntervalSeries,79
Mon Sep 02 15:04:58 EDT 2019 Mon Sep 02 15:04:58 EDT 2019 : org.jfree.data.xy.XYIntervalSeries,80=>Find no block
Mon Sep 02 15:04:59 EDT 2019 org.jfree.data.xy.XYIntervalSeries,94
Mon Sep 02 15:05:04 EDT 2019 Mon Sep 02 15:05:04 EDT 2019 : org.jfree.data.xy.XYIntervalSeries,95=>Find no block
Mon Sep 02 15:05:05 EDT 2019 org.jfree.data.xy.XYIntervalSeries,189
Mon Sep 02 15:05:38 EDT 2019 org.jfree.data.xy.XYIntervalDataItem,97
Mon Sep 02 15:06:45 EDT 2019 org.jfree.data.xy.XYIntervalDataItem,98
Timeout time : 19/09/02 15:07
Current failed test : org.jfree.data.general.junit.DatasetUtilitiesTests::testBug2849731_3_purify_5 | 19/09/02 15:07
Mon Sep 02 15:08:27 EDT 2019 org.jfree.data.xy.XYIntervalDataItem,64
Mon Sep 02 15:08:32 EDT 2019 Mon Sep 02 15:08:32 EDT 2019 : org.jfree.data.xy.XYIntervalDataItem,65=>Find no block
Mon Sep 02 15:08:33 EDT 2019 Mon Sep 02 15:08:33 EDT 2019 : org.jfree.data.xy.XYInterval,78=>Find no block
Mon Sep 02 15:08:34 EDT 2019 org.jfree.data.xy.XYInterval,79
Mon Sep 02 15:11:22 EDT 2019 org.jfree.data.xy.XYInterval,80
Mon Sep 02 15:11:23 EDT 2019 org.jfree.data.xy.XYInterval,81
Mon Sep 02 15:11:25 EDT 2019 org.jfree.data.xy.XYInterval,82
Mon Sep 02 15:11:26 EDT 2019 org.jfree.data.xy.XYInterval,83
Mon Sep 02 15:11:27 EDT 2019 Mon Sep 02 15:11:27 EDT 2019 : org.jfree.data.xy.XYInterval,84=>Find no block
Mon Sep 02 15:11:28 EDT 2019 Mon Sep 02 15:11:28 EDT 2019 : org.jfree.data.xy.XYIntervalSeriesCollection,73=>Find no block
Mon Sep 02 15:11:29 EDT 2019 org.jfree.data.xy.XYIntervalSeriesCollection,74
Mon Sep 02 15:12:00 EDT 2019 Mon Sep 02 15:12:00 EDT 2019 : org.jfree.data.xy.XYIntervalSeriesCollection,75=>Find no block
Mon Sep 02 15:12:01 EDT 2019 org.jfree.data.xy.XYIntervalSeriesCollection,84
Mon Sep 02 15:12:06 EDT 2019 org.jfree.data.xy.XYIntervalSeriesCollection,87
Mon Sep 02 15:17:48 EDT 2019 org.jfree.data.xy.XYIntervalSeriesCollection,88
Mon Sep 02 15:17:49 EDT 2019 org.jfree.data.xy.XYIntervalSeriesCollection,89
Mon Sep 02 15:17:50 EDT 2019 Mon Sep 02 15:17:50 EDT 2019 : org.jfree.data.xy.XYIntervalSeriesCollection,91=>Find no block
Mon Sep 02 15:17:52 EDT 2019 org.jfree.data.xy.XYIntervalSeriesCollection,99
Mon Sep 02 15:18:29 EDT 2019 org.jfree.data.xy.XYIntervalSeriesCollection,113
Mon Sep 02 15:23:27 EDT 2019 org.jfree.data.xy.XYIntervalSeriesCollection,116
Mon Sep 02 15:30:57 EDT 2019 org.jfree.data.xy.XYIntervalSeriesCollection,147
Mon Sep 02 15:31:34 EDT 2019 org.jfree.data.xy.XYIntervalSeries,64
Mon Sep 02 15:31:39 EDT 2019 Mon Sep 02 15:31:39 EDT 2019 : org.jfree.data.xy.XYIntervalSeries,65=>Find no block
Mon Sep 02 15:31:40 EDT 2019 org.jfree.data.xy.XYIntervalSeries,79
Mon Sep 02 15:32:06 EDT 2019 Mon Sep 02 15:32:06 EDT 2019 : org.jfree.data.xy.XYIntervalSeries,80=>Find no block
Mon Sep 02 15:32:08 EDT 2019 org.jfree.data.xy.XYIntervalSeries,94
Mon Sep 02 15:32:19 EDT 2019 Mon Sep 02 15:32:19 EDT 2019 : org.jfree.data.xy.XYIntervalSeries,95=>Find no block
Mon Sep 02 15:32:20 EDT 2019 org.jfree.data.xy.XYIntervalSeries,189
Mon Sep 02 15:32:53 EDT 2019 org.jfree.data.xy.XYIntervalDataItem,97
Timeout time : 19/09/02 15:33
Current failed test : org.jfree.data.general.junit.DatasetUtilitiesTests::testBug2849731_3_purify_6 | 19/09/02 15:33
Mon Sep 02 15:34:23 EDT 2019 org.jfree.data.xy.XYIntervalDataItem,64
Mon Sep 02 15:34:28 EDT 2019 Mon Sep 02 15:34:28 EDT 2019 : org.jfree.data.xy.XYIntervalDataItem,65=>Find no block
Mon Sep 02 15:34:30 EDT 2019 Mon Sep 02 15:34:30 EDT 2019 : org.jfree.data.xy.XYInterval,78=>Find no block
Mon Sep 02 15:34:31 EDT 2019 org.jfree.data.xy.XYInterval,79
Mon Sep 02 15:37:19 EDT 2019 org.jfree.data.xy.XYInterval,80
Mon Sep 02 15:37:21 EDT 2019 org.jfree.data.xy.XYInterval,81
Mon Sep 02 15:37:22 EDT 2019 org.jfree.data.xy.XYInterval,82
Mon Sep 02 15:37:24 EDT 2019 org.jfree.data.xy.XYInterval,83
Mon Sep 02 15:37:25 EDT 2019 Mon Sep 02 15:37:25 EDT 2019 : org.jfree.data.xy.XYInterval,84=>Find no block
Mon Sep 02 15:37:26 EDT 2019 Mon Sep 02 15:37:26 EDT 2019 : org.jfree.data.xy.XYIntervalSeriesCollection,73=>Find no block
Mon Sep 02 15:37:28 EDT 2019 org.jfree.data.xy.XYIntervalSeriesCollection,74
Mon Sep 02 15:37:50 EDT 2019 Mon Sep 02 15:37:50 EDT 2019 : org.jfree.data.xy.XYIntervalSeriesCollection,75=>Find no block
Mon Sep 02 15:37:51 EDT 2019 org.jfree.data.xy.XYIntervalSeriesCollection,84
Mon Sep 02 15:37:56 EDT 2019 org.jfree.data.xy.XYIntervalSeriesCollection,87
Mon Sep 02 15:43:59 EDT 2019 org.jfree.data.xy.XYIntervalSeriesCollection,88
Mon Sep 02 15:44:01 EDT 2019 org.jfree.data.xy.XYIntervalSeriesCollection,89
Mon Sep 02 15:44:02 EDT 2019 Mon Sep 02 15:44:02 EDT 2019 : org.jfree.data.xy.XYIntervalSeriesCollection,91=>Find no block
Mon Sep 02 15:44:09 EDT 2019 org.jfree.data.xy.XYIntervalSeriesCollection,99
Mon Sep 02 15:45:03 EDT 2019 org.jfree.data.xy.XYIntervalSeriesCollection,113
Mon Sep 02 15:50:50 EDT 2019 org.jfree.data.xy.XYIntervalSeriesCollection,116
Mon Sep 02 15:59:18 EDT 2019 org.jfree.data.xy.XYIntervalSeriesCollection,147
Timeout time : 19/09/02 15:59
Current failed test : org.jfree.data.general.junit.DatasetUtilitiesTests::testBug2849731_2_purify_1 | 19/09/02 15:59
Mon Sep 02 16:00:23 EDT 2019 org.jfree.data.xy.XYIntervalDataItem,64
Mon Sep 02 16:00:28 EDT 2019 Mon Sep 02 16:00:28 EDT 2019 : org.jfree.data.xy.XYIntervalDataItem,65=>Find no block
Mon Sep 02 16:00:30 EDT 2019 Mon Sep 02 16:00:30 EDT 2019 : org.jfree.data.xy.XYInterval,78=>Find no block
Mon Sep 02 16:00:31 EDT 2019 org.jfree.data.xy.XYInterval,79
Mon Sep 02 16:03:20 EDT 2019 org.jfree.data.xy.XYInterval,80
Mon Sep 02 16:03:21 EDT 2019 org.jfree.data.xy.XYInterval,81
Mon Sep 02 16:03:23 EDT 2019 org.jfree.data.xy.XYInterval,82
Mon Sep 02 16:03:24 EDT 2019 org.jfree.data.xy.XYInterval,83
Mon Sep 02 16:03:25 EDT 2019 Mon Sep 02 16:03:25 EDT 2019 : org.jfree.data.xy.XYInterval,84=>Find no block
Mon Sep 02 16:03:27 EDT 2019 Mon Sep 02 16:03:27 EDT 2019 : org.jfree.data.xy.XYIntervalSeriesCollection,73=>Find no block
Mon Sep 02 16:03:28 EDT 2019 org.jfree.data.xy.XYIntervalSeriesCollection,74
Mon Sep 02 16:03:50 EDT 2019 Mon Sep 02 16:03:50 EDT 2019 : org.jfree.data.xy.XYIntervalSeriesCollection,75=>Find no block
Mon Sep 02 16:03:51 EDT 2019 org.jfree.data.xy.XYIntervalSeriesCollection,84
Mon Sep 02 16:03:56 EDT 2019 org.jfree.data.xy.XYIntervalSeriesCollection,87
Mon Sep 02 16:09:47 EDT 2019 org.jfree.data.xy.XYIntervalSeriesCollection,88
Mon Sep 02 16:09:49 EDT 2019 org.jfree.data.xy.XYIntervalSeriesCollection,89
Mon Sep 02 16:09:50 EDT 2019 Mon Sep 02 16:09:50 EDT 2019 : org.jfree.data.xy.XYIntervalSeriesCollection,91=>Find no block
Mon Sep 02 16:09:51 EDT 2019 org.jfree.data.xy.XYIntervalSeriesCollection,99
Mon Sep 02 16:10:31 EDT 2019 org.jfree.data.xy.XYIntervalSeriesCollection,113
Mon Sep 02 16:15:23 EDT 2019 org.jfree.data.xy.XYIntervalSeriesCollection,116
Mon Sep 02 16:22:41 EDT 2019 org.jfree.data.xy.XYIntervalSeriesCollection,147
Mon Sep 02 16:23:19 EDT 2019 org.jfree.data.xy.XYIntervalSeries,64
Mon Sep 02 16:23:24 EDT 2019 Mon Sep 02 16:23:24 EDT 2019 : org.jfree.data.xy.XYIntervalSeries,65=>Find no block
Mon Sep 02 16:23:25 EDT 2019 org.jfree.data.xy.XYIntervalSeries,79
Mon Sep 02 16:23:51 EDT 2019 Mon Sep 02 16:23:51 EDT 2019 : org.jfree.data.xy.XYIntervalSeries,80=>Find no block
Mon Sep 02 16:23:53 EDT 2019 org.jfree.data.xy.XYIntervalSeries,94
Mon Sep 02 16:23:58 EDT 2019 Mon Sep 02 16:23:58 EDT 2019 : org.jfree.data.xy.XYIntervalSeries,95=>Find no block
Mon Sep 02 16:24:00 EDT 2019 org.jfree.data.xy.XYIntervalSeries,189
Mon Sep 02 16:24:33 EDT 2019 org.jfree.data.xy.XYIntervalDataItem,97
Timeout time : 19/09/02 16:25
Current failed test : org.jfree.data.general.junit.DatasetUtilitiesTests::testBug2849731_2_purify_2 | 19/09/02 16:25
Mon Sep 02 16:26:26 EDT 2019 org.jfree.data.xy.XYIntervalDataItem,64
Mon Sep 02 16:26:31 EDT 2019 Mon Sep 02 16:26:31 EDT 2019 : org.jfree.data.xy.XYIntervalDataItem,65=>Find no block
Mon Sep 02 16:26:32 EDT 2019 Mon Sep 02 16:26:32 EDT 2019 : org.jfree.data.xy.XYInterval,78=>Find no block
Mon Sep 02 16:26:34 EDT 2019 org.jfree.data.xy.XYInterval,79
Mon Sep 02 16:29:20 EDT 2019 org.jfree.data.xy.XYInterval,80
Mon Sep 02 16:29:21 EDT 2019 org.jfree.data.xy.XYInterval,81
Mon Sep 02 16:29:23 EDT 2019 org.jfree.data.xy.XYInterval,82
Mon Sep 02 16:29:24 EDT 2019 org.jfree.data.xy.XYInterval,83
Mon Sep 02 16:29:25 EDT 2019 Mon Sep 02 16:29:25 EDT 2019 : org.jfree.data.xy.XYInterval,84=>Find no block
Mon Sep 02 16:29:27 EDT 2019 Mon Sep 02 16:29:27 EDT 2019 : org.jfree.data.xy.XYIntervalSeriesCollection,73=>Find no block
Mon Sep 02 16:29:28 EDT 2019 org.jfree.data.xy.XYIntervalSeriesCollection,74
Mon Sep 02 16:29:49 EDT 2019 Mon Sep 02 16:29:49 EDT 2019 : org.jfree.data.xy.XYIntervalSeriesCollection,75=>Find no block
Mon Sep 02 16:29:51 EDT 2019 org.jfree.data.xy.XYIntervalSeriesCollection,84
Mon Sep 02 16:29:55 EDT 2019 org.jfree.data.xy.XYIntervalSeriesCollection,87
Mon Sep 02 16:35:46 EDT 2019 org.jfree.data.xy.XYIntervalSeriesCollection,88
Mon Sep 02 16:35:48 EDT 2019 org.jfree.data.xy.XYIntervalSeriesCollection,89
Mon Sep 02 16:35:49 EDT 2019 Mon Sep 02 16:35:49 EDT 2019 : org.jfree.data.xy.XYIntervalSeriesCollection,91=>Find no block
Mon Sep 02 16:35:50 EDT 2019 org.jfree.data.xy.XYIntervalSeriesCollection,99
Mon Sep 02 16:36:30 EDT 2019 org.jfree.data.xy.XYIntervalSeriesCollection,113
Mon Sep 02 16:41:27 EDT 2019 org.jfree.data.xy.XYIntervalSeriesCollection,116
Mon Sep 02 16:48:45 EDT 2019 org.jfree.data.xy.XYIntervalSeriesCollection,147
Mon Sep 02 16:49:22 EDT 2019 org.jfree.data.xy.XYIntervalSeries,64
Mon Sep 02 16:49:27 EDT 2019 Mon Sep 02 16:49:27 EDT 2019 : org.jfree.data.xy.XYIntervalSeries,65=>Find no block
Mon Sep 02 16:49:28 EDT 2019 org.jfree.data.xy.XYIntervalSeries,79
Mon Sep 02 16:49:55 EDT 2019 Mon Sep 02 16:49:55 EDT 2019 : org.jfree.data.xy.XYIntervalSeries,80=>Find no block
Mon Sep 02 16:49:56 EDT 2019 org.jfree.data.xy.XYIntervalSeries,94
Mon Sep 02 16:50:02 EDT 2019 Mon Sep 02 16:50:02 EDT 2019 : org.jfree.data.xy.XYIntervalSeries,95=>Find no block
Mon Sep 02 16:50:03 EDT 2019 org.jfree.data.xy.XYIntervalSeries,189
Mon Sep 02 16:50:36 EDT 2019 org.jfree.data.xy.XYIntervalDataItem,97
Timeout time : 19/09/02 16:51
Current failed test : org.jfree.data.general.junit.DatasetUtilitiesTests::testBug2849731_2_purify_3 | 19/09/02 16:51
Mon Sep 02 16:52:33 EDT 2019 org.jfree.data.xy.XYIntervalDataItem,64
Mon Sep 02 16:52:38 EDT 2019 Mon Sep 02 16:52:38 EDT 2019 : org.jfree.data.xy.XYIntervalDataItem,65=>Find no block
Mon Sep 02 16:52:40 EDT 2019 Mon Sep 02 16:52:40 EDT 2019 : org.jfree.data.xy.XYInterval,78=>Find no block
Mon Sep 02 16:52:41 EDT 2019 org.jfree.data.xy.XYInterval,79
Mon Sep 02 16:55:28 EDT 2019 org.jfree.data.xy.XYInterval,80
Mon Sep 02 16:55:29 EDT 2019 org.jfree.data.xy.XYInterval,81
Mon Sep 02 16:55:31 EDT 2019 org.jfree.data.xy.XYInterval,82
Mon Sep 02 16:55:32 EDT 2019 org.jfree.data.xy.XYInterval,83
Mon Sep 02 16:55:34 EDT 2019 Mon Sep 02 16:55:34 EDT 2019 : org.jfree.data.xy.XYInterval,84=>Find no block
Mon Sep 02 16:55:35 EDT 2019 Mon Sep 02 16:55:35 EDT 2019 : org.jfree.data.xy.XYIntervalSeriesCollection,73=>Find no block
Mon Sep 02 16:55:37 EDT 2019 org.jfree.data.xy.XYIntervalSeriesCollection,74
Mon Sep 02 16:55:59 EDT 2019 Mon Sep 02 16:55:59 EDT 2019 : org.jfree.data.xy.XYIntervalSeriesCollection,75=>Find no block
Mon Sep 02 16:56:00 EDT 2019 org.jfree.data.xy.XYIntervalSeriesCollection,84
Mon Sep 02 16:56:05 EDT 2019 org.jfree.data.xy.XYIntervalSeriesCollection,87
Mon Sep 02 17:01:57 EDT 2019 org.jfree.data.xy.XYIntervalSeriesCollection,88
Mon Sep 02 17:01:59 EDT 2019 org.jfree.data.xy.XYIntervalSeriesCollection,89
Mon Sep 02 17:02:00 EDT 2019 Mon Sep 02 17:02:00 EDT 2019 : org.jfree.data.xy.XYIntervalSeriesCollection,91=>Find no block
Mon Sep 02 17:02:02 EDT 2019 org.jfree.data.xy.XYIntervalSeriesCollection,99
Mon Sep 02 17:02:41 EDT 2019 org.jfree.data.xy.XYIntervalSeriesCollection,113
Mon Sep 02 17:07:36 EDT 2019 org.jfree.data.xy.XYIntervalSeriesCollection,116
Mon Sep 02 17:14:50 EDT 2019 org.jfree.data.xy.XYIntervalSeriesCollection,147
Mon Sep 02 17:15:27 EDT 2019 org.jfree.data.xy.XYIntervalSeries,64
Mon Sep 02 17:15:32 EDT 2019 Mon Sep 02 17:15:32 EDT 2019 : org.jfree.data.xy.XYIntervalSeries,65=>Find no block
Mon Sep 02 17:15:34 EDT 2019 org.jfree.data.xy.XYIntervalSeries,79
Mon Sep 02 17:16:00 EDT 2019 Mon Sep 02 17:16:00 EDT 2019 : org.jfree.data.xy.XYIntervalSeries,80=>Find no block
Mon Sep 02 17:16:01 EDT 2019 org.jfree.data.xy.XYIntervalSeries,94
Mon Sep 02 17:16:06 EDT 2019 Mon Sep 02 17:16:06 EDT 2019 : org.jfree.data.xy.XYIntervalSeries,95=>Find no block
Mon Sep 02 17:16:08 EDT 2019 org.jfree.data.xy.XYIntervalSeries,189
Mon Sep 02 17:16:40 EDT 2019 org.jfree.data.xy.XYIntervalDataItem,97
Timeout time : 19/09/02 17:17
Current failed test : org.jfree.data.general.junit.DatasetUtilitiesTests::testBug2849731_2_purify_4 | 19/09/02 17:17
Mon Sep 02 17:18:37 EDT 2019 org.jfree.data.xy.XYIntervalDataItem,64
Mon Sep 02 17:18:42 EDT 2019 Mon Sep 02 17:18:42 EDT 2019 : org.jfree.data.xy.XYIntervalDataItem,65=>Find no block
Mon Sep 02 17:18:43 EDT 2019 Mon Sep 02 17:18:43 EDT 2019 : org.jfree.data.xy.XYInterval,78=>Find no block
Mon Sep 02 17:18:45 EDT 2019 org.jfree.data.xy.XYInterval,79
Mon Sep 02 17:21:31 EDT 2019 org.jfree.data.xy.XYInterval,80
Mon Sep 02 17:21:33 EDT 2019 org.jfree.data.xy.XYInterval,81
Mon Sep 02 17:21:34 EDT 2019 org.jfree.data.xy.XYInterval,82
Mon Sep 02 17:21:35 EDT 2019 org.jfree.data.xy.XYInterval,83
Mon Sep 02 17:21:36 EDT 2019 Mon Sep 02 17:21:36 EDT 2019 : org.jfree.data.xy.XYInterval,84=>Find no block
Mon Sep 02 17:21:38 EDT 2019 Mon Sep 02 17:21:38 EDT 2019 : org.jfree.data.xy.XYIntervalSeriesCollection,73=>Find no block
Mon Sep 02 17:21:39 EDT 2019 org.jfree.data.xy.XYIntervalSeriesCollection,74
Mon Sep 02 17:22:01 EDT 2019 Mon Sep 02 17:22:01 EDT 2019 : org.jfree.data.xy.XYIntervalSeriesCollection,75=>Find no block
Mon Sep 02 17:22:03 EDT 2019 org.jfree.data.xy.XYIntervalSeriesCollection,84
Mon Sep 02 17:22:08 EDT 2019 org.jfree.data.xy.XYIntervalSeriesCollection,87
Mon Sep 02 17:27:59 EDT 2019 org.jfree.data.xy.XYIntervalSeriesCollection,88
Mon Sep 02 17:28:00 EDT 2019 org.jfree.data.xy.XYIntervalSeriesCollection,89
Mon Sep 02 17:28:01 EDT 2019 Mon Sep 02 17:28:01 EDT 2019 : org.jfree.data.xy.XYIntervalSeriesCollection,91=>Find no block
Mon Sep 02 17:28:02 EDT 2019 org.jfree.data.xy.XYIntervalSeriesCollection,99
Mon Sep 02 17:28:44 EDT 2019 org.jfree.data.xy.XYIntervalSeriesCollection,113
Mon Sep 02 17:33:39 EDT 2019 org.jfree.data.xy.XYIntervalSeriesCollection,116
Mon Sep 02 17:40:53 EDT 2019 org.jfree.data.xy.XYIntervalSeriesCollection,147
Mon Sep 02 17:41:30 EDT 2019 org.jfree.data.xy.XYIntervalSeries,64
Mon Sep 02 17:41:34 EDT 2019 Mon Sep 02 17:41:34 EDT 2019 : org.jfree.data.xy.XYIntervalSeries,65=>Find no block
Mon Sep 02 17:41:36 EDT 2019 org.jfree.data.xy.XYIntervalSeries,79
Mon Sep 02 17:42:01 EDT 2019 Mon Sep 02 17:42:01 EDT 2019 : org.jfree.data.xy.XYIntervalSeries,80=>Find no block
Mon Sep 02 17:42:03 EDT 2019 org.jfree.data.xy.XYIntervalSeries,94
Mon Sep 02 17:42:08 EDT 2019 Mon Sep 02 17:42:08 EDT 2019 : org.jfree.data.xy.XYIntervalSeries,95=>Find no block
Mon Sep 02 17:42:09 EDT 2019 org.jfree.data.xy.XYIntervalSeries,189
Mon Sep 02 17:42:42 EDT 2019 org.jfree.data.xy.XYIntervalDataItem,97
Timeout time : 19/09/02 17:43
Current failed test : org.jfree.data.general.junit.DatasetUtilitiesTests::testBug2849731_2_purify_5 | 19/09/02 17:43
Mon Sep 02 17:44:38 EDT 2019 org.jfree.data.xy.XYIntervalDataItem,64
Mon Sep 02 17:44:43 EDT 2019 Mon Sep 02 17:44:43 EDT 2019 : org.jfree.data.xy.XYIntervalDataItem,65=>Find no block
Mon Sep 02 17:44:45 EDT 2019 Mon Sep 02 17:44:45 EDT 2019 : org.jfree.data.xy.XYInterval,78=>Find no block
Mon Sep 02 17:44:46 EDT 2019 org.jfree.data.xy.XYInterval,79
Mon Sep 02 17:47:31 EDT 2019 org.jfree.data.xy.XYInterval,80
Mon Sep 02 17:47:33 EDT 2019 org.jfree.data.xy.XYInterval,81
Mon Sep 02 17:47:34 EDT 2019 org.jfree.data.xy.XYInterval,82
Mon Sep 02 17:47:35 EDT 2019 org.jfree.data.xy.XYInterval,83
Mon Sep 02 17:47:37 EDT 2019 Mon Sep 02 17:47:37 EDT 2019 : org.jfree.data.xy.XYInterval,84=>Find no block
Mon Sep 02 17:47:38 EDT 2019 Mon Sep 02 17:47:38 EDT 2019 : org.jfree.data.xy.XYIntervalSeriesCollection,73=>Find no block
Mon Sep 02 17:47:39 EDT 2019 org.jfree.data.xy.XYIntervalSeriesCollection,74
Mon Sep 02 17:48:01 EDT 2019 Mon Sep 02 17:48:01 EDT 2019 : org.jfree.data.xy.XYIntervalSeriesCollection,75=>Find no block
Mon Sep 02 17:48:02 EDT 2019 org.jfree.data.xy.XYIntervalSeriesCollection,84
Mon Sep 02 17:48:07 EDT 2019 org.jfree.data.xy.XYIntervalSeriesCollection,87
Mon Sep 02 17:53:57 EDT 2019 org.jfree.data.xy.XYIntervalSeriesCollection,88
Mon Sep 02 17:53:59 EDT 2019 org.jfree.data.xy.XYIntervalSeriesCollection,89
Mon Sep 02 17:54:00 EDT 2019 Mon Sep 02 17:54:00 EDT 2019 : org.jfree.data.xy.XYIntervalSeriesCollection,91=>Find no block
Mon Sep 02 17:54:01 EDT 2019 org.jfree.data.xy.XYIntervalSeriesCollection,99
Mon Sep 02 17:54:41 EDT 2019 org.jfree.data.xy.XYIntervalSeriesCollection,113
Mon Sep 02 17:59:36 EDT 2019 org.jfree.data.xy.XYIntervalSeriesCollection,116
Mon Sep 02 18:06:53 EDT 2019 org.jfree.data.xy.XYIntervalSeriesCollection,147
Mon Sep 02 18:07:30 EDT 2019 org.jfree.data.xy.XYIntervalSeries,64
Mon Sep 02 18:07:34 EDT 2019 Mon Sep 02 18:07:34 EDT 2019 : org.jfree.data.xy.XYIntervalSeries,65=>Find no block
Mon Sep 02 18:07:35 EDT 2019 org.jfree.data.xy.XYIntervalSeries,79
Mon Sep 02 18:08:02 EDT 2019 Mon Sep 02 18:08:02 EDT 2019 : org.jfree.data.xy.XYIntervalSeries,80=>Find no block
Mon Sep 02 18:08:03 EDT 2019 org.jfree.data.xy.XYIntervalSeries,94
Mon Sep 02 18:08:08 EDT 2019 Mon Sep 02 18:08:08 EDT 2019 : org.jfree.data.xy.XYIntervalSeries,95=>Find no block
Mon Sep 02 18:08:09 EDT 2019 org.jfree.data.xy.XYIntervalSeries,189
Mon Sep 02 18:08:41 EDT 2019 org.jfree.data.xy.XYIntervalDataItem,97

----------------------------------------
----------------------------------------
Pass Single Test : [=>0,0]
XYInterval interval=(XYInterval)getObject();
if(interval!=null){
return interval.getXHigh();
}else {
return Double.NaN;
}

Time : 19/09/02 18:09
----------------------------------------
Timeout time : 19/09/02 18:09
Current failed test : org.jfree.data.general.junit.DatasetUtilitiesTests::testBug2849731_2_purify_6 | 19/09/02 18:09
Mon Sep 02 18:10:42 EDT 2019 org.jfree.data.xy.XYIntervalDataItem,64
Mon Sep 02 18:10:47 EDT 2019 Mon Sep 02 18:10:47 EDT 2019 : org.jfree.data.xy.XYIntervalDataItem,65=>Find no block
Mon Sep 02 18:10:48 EDT 2019 Mon Sep 02 18:10:48 EDT 2019 : org.jfree.data.xy.XYInterval,78=>Find no block
Mon Sep 02 18:10:50 EDT 2019 org.jfree.data.xy.XYInterval,79
Mon Sep 02 18:13:35 EDT 2019 org.jfree.data.xy.XYInterval,80
Mon Sep 02 18:13:37 EDT 2019 org.jfree.data.xy.XYInterval,81
Mon Sep 02 18:13:38 EDT 2019 org.jfree.data.xy.XYInterval,82
Mon Sep 02 18:13:39 EDT 2019 org.jfree.data.xy.XYInterval,83
Mon Sep 02 18:13:40 EDT 2019 Mon Sep 02 18:13:40 EDT 2019 : org.jfree.data.xy.XYInterval,84=>Find no block
Mon Sep 02 18:13:42 EDT 2019 Mon Sep 02 18:13:42 EDT 2019 : org.jfree.data.xy.XYIntervalSeriesCollection,73=>Find no block
Mon Sep 02 18:13:43 EDT 2019 org.jfree.data.xy.XYIntervalSeriesCollection,74
Mon Sep 02 18:14:05 EDT 2019 Mon Sep 02 18:14:05 EDT 2019 : org.jfree.data.xy.XYIntervalSeriesCollection,75=>Find no block
Mon Sep 02 18:14:06 EDT 2019 org.jfree.data.xy.XYIntervalSeriesCollection,84
Mon Sep 02 18:14:11 EDT 2019 org.jfree.data.xy.XYIntervalSeriesCollection,87
Mon Sep 02 18:20:01 EDT 2019 org.jfree.data.xy.XYIntervalSeriesCollection,88
Mon Sep 02 18:20:02 EDT 2019 org.jfree.data.xy.XYIntervalSeriesCollection,89
Mon Sep 02 18:20:03 EDT 2019 Mon Sep 02 18:20:03 EDT 2019 : org.jfree.data.xy.XYIntervalSeriesCollection,91=>Find no block
Mon Sep 02 18:20:04 EDT 2019 org.jfree.data.xy.XYIntervalSeriesCollection,99
Mon Sep 02 18:20:42 EDT 2019 org.jfree.data.xy.XYIntervalSeriesCollection,113
Mon Sep 02 18:25:34 EDT 2019 org.jfree.data.xy.XYIntervalSeriesCollection,116
Mon Sep 02 18:32:48 EDT 2019 org.jfree.data.xy.XYIntervalSeriesCollection,147
Mon Sep 02 18:33:25 EDT 2019 org.jfree.data.xy.XYIntervalSeries,64
Mon Sep 02 18:33:30 EDT 2019 Mon Sep 02 18:33:30 EDT 2019 : org.jfree.data.xy.XYIntervalSeries,65=>Find no block
Mon Sep 02 18:33:31 EDT 2019 org.jfree.data.xy.XYIntervalSeries,79
Mon Sep 02 18:33:58 EDT 2019 Mon Sep 02 18:33:58 EDT 2019 : org.jfree.data.xy.XYIntervalSeries,80=>Find no block
Mon Sep 02 18:33:59 EDT 2019 org.jfree.data.xy.XYIntervalSeries,94
Mon Sep 02 18:34:04 EDT 2019 Mon Sep 02 18:34:04 EDT 2019 : org.jfree.data.xy.XYIntervalSeries,95=>Find no block
Mon Sep 02 18:34:06 EDT 2019 org.jfree.data.xy.XYIntervalSeries,189
Mon Sep 02 18:34:38 EDT 2019 org.jfree.data.xy.XYIntervalDataItem,97
Timeout time : 19/09/02 18:35
