=================================================
Project : chart_21	start : 19/09/02 13:22
Current failed test : org.jfree.data.statistics.junit.DefaultBoxAndWhiskerCategoryDatasetTests::testGetRangeBounds_purify_7 | 19/09/02 13:23
Mon Sep 02 13:23:41 EDT 2019 org.jfree.data.statistics.DefaultBoxAndWhiskerCategoryDataset,173
Mon Sep 02 13:25:04 EDT 2019 org.jfree.data.statistics.DefaultBoxAndWhiskerCategoryDataset,174
Mon Sep 02 13:25:05 EDT 2019 org.jfree.data.statistics.DefaultBoxAndWhiskerCategoryDataset,175
Mon Sep 02 13:25:06 EDT 2019 org.jfree.data.Range,335
Mon Sep 02 13:25:11 EDT 2019 org.jfree.data.Range,365
Mon Sep 02 13:25:23 EDT 2019 org.jfree.data.statistics.DefaultBoxAndWhiskerCategoryDataset,155
Mon Sep 02 13:25:54 EDT 2019 org.jfree.data.statistics.DefaultBoxAndWhiskerCategoryDataset,183
Mon Sep 02 13:27:13 EDT 2019 org.jfree.data.statistics.DefaultBoxAndWhiskerCategoryDataset,740
Mon Sep 02 13:27:43 EDT 2019 org.jfree.data.statistics.DefaultBoxAndWhiskerCategoryDataset,741
Mon Sep 02 13:27:44 EDT 2019 Mon Sep 02 13:27:44 EDT 2019 : org.jfree.data.statistics.DefaultBoxAndWhiskerCategoryDataset,742=>Find no block
Mon Sep 02 13:27:45 EDT 2019 org.jfree.data.KeyedObject,103
Mon Sep 02 13:28:08 EDT 2019 Mon Sep 02 13:28:08 EDT 2019 : org.jfree.data.KeyedObject,104=>Find no block
Mon Sep 02 13:28:09 EDT 2019 org.jfree.data.KeyedObjects,203
Mon Sep 02 13:30:59 EDT 2019 org.jfree.data.KeyedObjects,204
Mon Sep 02 13:31:00 EDT 2019 Mon Sep 02 13:31:00 EDT 2019 : org.jfree.data.KeyedObjects,205=>Find no block
Mon Sep 02 13:31:01 EDT 2019 org.jfree.data.KeyedObjects2D,272

----------------------------------------
----------------------------------------
Pass Single Test : [=>0,0]
this.rowKeys.remove(rowKey);
if(rowIndex>=0){
row=(KeyedObjects)this.rows.get(rowIndex);
}else {
this.rowKeys.add(rowKey);
row=new KeyedObjects();
this.rows.add(row);
}

Time : 19/09/02 13:33
----------------------------------------
Mon Sep 02 13:34:05 EDT 2019 org.jfree.data.statistics.BoxAndWhiskerItem,147
Mon Sep 02 13:34:09 EDT 2019 Mon Sep 02 13:34:09 EDT 2019 : org.jfree.data.statistics.BoxAndWhiskerItem,152=>Find no block
Mon Sep 02 13:34:10 EDT 2019 org.jfree.data.statistics.DefaultBoxAndWhiskerCategoryDataset,172
Mon Sep 02 13:34:11 EDT 2019 org.jfree.data.Range,330
Mon Sep 02 13:34:36 EDT 2019 org.jfree.data.Range,333
Mon Sep 02 13:38:12 EDT 2019 org.jfree.data.Range,334
Mon Sep 02 13:38:14 EDT 2019 org.jfree.data.Range,337
Mon Sep 02 13:38:15 EDT 2019 org.jfree.data.Range,340
Mon Sep 02 13:38:16 EDT 2019 org.jfree.data.statistics.DefaultBoxAndWhiskerCategoryDataset,532
Mon Sep 02 13:38:20 EDT 2019 org.jfree.data.KeyedObjects,136
Mon Sep 02 13:45:52 EDT 2019 org.jfree.data.KeyedObject,85
Mon Sep 02 13:46:21 EDT 2019 org.jfree.data.KeyedObjects,134
Mon Sep 02 13:48:35 EDT 2019 org.jfree.data.KeyedObjects,135
Mon Sep 02 13:48:37 EDT 2019 org.jfree.data.KeyedObjects2D,150
Mon Sep 02 13:49:19 EDT 2019 org.jfree.data.KeyedObjects2D,187
Mon Sep 02 13:49:59 EDT 2019 org.jfree.data.KeyedObjects2D,250
Mon Sep 02 13:50:47 EDT 2019 Mon Sep 02 13:50:47 EDT 2019 : org.jfree.data.KeyedObjects2D,251=>Find no block
Mon Sep 02 13:50:48 EDT 2019 org.jfree.data.KeyedObjects2D,263
Mon Sep 02 13:51:26 EDT 2019 org.jfree.data.KeyedObjects2D,266
Mon Sep 02 13:51:53 EDT 2019 org.jfree.data.KeyedObjects2D,270
Mon Sep 02 13:55:43 EDT 2019 org.jfree.data.KeyedObjects2D,271
Mon Sep 02 13:55:45 EDT 2019 org.jfree.data.KeyedObjects2D,275
Mon Sep 02 13:55:46 EDT 2019 org.jfree.data.KeyedObjects2D,276
Mon Sep 02 13:55:48 EDT 2019 org.jfree.data.KeyedObjects2D,277
Mon Sep 02 13:55:49 EDT 2019 org.jfree.data.KeyedObjects2D,279
Mon Sep 02 14:01:50 EDT 2019 org.jfree.data.KeyedObjects2D,280
Mon Sep 02 14:03:54 EDT 2019 org.jfree.data.KeyedObjects2D,281
Mon Sep 02 14:07:51 EDT 2019 org.jfree.data.KeyedObjects2D,282
Mon Sep 02 14:07:52 EDT 2019 Mon Sep 02 14:07:52 EDT 2019 : org.jfree.data.KeyedObjects2D,285=>Find no block
Mon Sep 02 14:07:54 EDT 2019 Mon Sep 02 14:07:54 EDT 2019 : org.jfree.data.statistics.BoxAndWhiskerItem,113=>Find no block
Mon Sep 02 14:07:55 EDT 2019 org.jfree.data.statistics.BoxAndWhiskerItem,115
Mon Sep 02 14:08:10 EDT 2019 org.jfree.data.statistics.BoxAndWhiskerItem,116
Mon Sep 02 14:08:12 EDT 2019 org.jfree.data.statistics.BoxAndWhiskerItem,117
Mon Sep 02 14:08:13 EDT 2019 org.jfree.data.statistics.BoxAndWhiskerItem,118
Mon Sep 02 14:08:15 EDT 2019 org.jfree.data.statistics.BoxAndWhiskerItem,119
Mon Sep 02 14:08:16 EDT 2019 org.jfree.data.statistics.BoxAndWhiskerItem,120
Mon Sep 02 14:08:18 EDT 2019 org.jfree.data.statistics.BoxAndWhiskerItem,121
Mon Sep 02 14:08:20 EDT 2019 org.jfree.data.statistics.BoxAndWhiskerItem,122
Mon Sep 02 14:08:22 EDT 2019 org.jfree.data.statistics.BoxAndWhiskerItem,123
Mon Sep 02 14:08:23 EDT 2019 Mon Sep 02 14:08:23 EDT 2019 : org.jfree.data.statistics.BoxAndWhiskerItem,125=>Find no block
Mon Sep 02 14:08:25 EDT 2019 org.jfree.data.statistics.BoxAndWhiskerItem,214
Mon Sep 02 14:08:30 EDT 2019 org.jfree.data.statistics.BoxAndWhiskerItem,223
Mon Sep 02 14:08:35 EDT 2019 org.jfree.data.statistics.DefaultBoxAndWhiskerCategoryDataset,147
Mon Sep 02 14:09:34 EDT 2019 org.jfree.data.statistics.DefaultBoxAndWhiskerCategoryDataset,150
Mon Sep 02 14:09:36 EDT 2019 org.jfree.data.statistics.DefaultBoxAndWhiskerCategoryDataset,151

----------------------------------------
----------------------------------------
Pass Single Test : [=>0,0]
int r=this.data.getRowIndex(rowKey);
int c=this.data.getColumnIndex(columnKey);
if((this.maximumRangeValueRow==r&&this.maximumRangeValueColumn==c)||(this.minimumRangeValueRow==r&&this.minimumRangeValueColumn==c)){
r++;
updateBounds();
}

Time : 19/09/02 14:10
----------------------------------------
Mon Sep 02 14:11:03 EDT 2019 org.jfree.data.statistics.DefaultBoxAndWhiskerCategoryDataset,152
Mon Sep 02 14:11:04 EDT 2019 org.jfree.data.statistics.DefaultBoxAndWhiskerCategoryDataset,158
Mon Sep 02 14:13:13 EDT 2019 org.jfree.data.statistics.DefaultBoxAndWhiskerCategoryDataset,159
Mon Sep 02 14:13:14 EDT 2019 org.jfree.data.statistics.DefaultBoxAndWhiskerCategoryDataset,160
Mon Sep 02 14:13:15 EDT 2019 org.jfree.data.statistics.DefaultBoxAndWhiskerCategoryDataset,162
Mon Sep 02 14:14:05 EDT 2019 org.jfree.data.statistics.DefaultBoxAndWhiskerCategoryDataset,163
Mon Sep 02 14:14:06 EDT 2019 org.jfree.data.statistics.DefaultBoxAndWhiskerCategoryDataset,164
Mon Sep 02 14:14:07 EDT 2019 org.jfree.data.statistics.DefaultBoxAndWhiskerCategoryDataset,167
Mon Sep 02 14:17:05 EDT 2019 org.jfree.data.statistics.DefaultBoxAndWhiskerCategoryDataset,168
Mon Sep 02 14:17:06 EDT 2019 org.jfree.data.statistics.DefaultBoxAndWhiskerCategoryDataset,169
Mon Sep 02 14:17:08 EDT 2019 org.jfree.data.statistics.DefaultBoxAndWhiskerCategoryDataset,170
Mon Sep 02 14:17:09 EDT 2019 org.jfree.data.statistics.DefaultBoxAndWhiskerCategoryDataset,178
Mon Sep 02 14:19:55 EDT 2019 org.jfree.data.statistics.DefaultBoxAndWhiskerCategoryDataset,179
Mon Sep 02 14:19:57 EDT 2019 org.jfree.data.statistics.DefaultBoxAndWhiskerCategoryDataset,180
Mon Sep 02 14:19:58 EDT 2019 org.jfree.data.statistics.DefaultBoxAndWhiskerCategoryDataset,181
Mon Sep 02 14:20:00 EDT 2019 org.jfree.data.statistics.DefaultBoxAndWhiskerCategoryDataset,189
Mon Sep 02 14:23:53 EDT 2019 org.jfree.data.statistics.DefaultBoxAndWhiskerCategoryDataset,191
Mon Sep 02 14:23:54 EDT 2019 Mon Sep 02 14:23:54 EDT 2019 : org.jfree.data.statistics.DefaultBoxAndWhiskerCategoryDataset,193=>Find no block
Mon Sep 02 14:23:56 EDT 2019 Mon Sep 02 14:23:56 EDT 2019 : org.jfree.data.KeyedObject,74=>Find no block
Mon Sep 02 14:23:57 EDT 2019 org.jfree.data.KeyedObject,75
Mon Sep 02 14:24:33 EDT 2019 org.jfree.data.KeyedObject,76
Mon Sep 02 14:24:34 EDT 2019 Mon Sep 02 14:24:34 EDT 2019 : org.jfree.data.KeyedObject,77=>Find no block
Mon Sep 02 14:24:36 EDT 2019 Mon Sep 02 14:24:36 EDT 2019 : org.jfree.data.KeyedObjects,67=>Find no block
Mon Sep 02 14:24:37 EDT 2019 org.jfree.data.KeyedObjects,68
Mon Sep 02 14:24:52 EDT 2019 Mon Sep 02 14:24:52 EDT 2019 : org.jfree.data.KeyedObjects,69=>Find no block
Mon Sep 02 14:24:54 EDT 2019 org.jfree.data.KeyedObjects,128
Mon Sep 02 14:25:37 EDT 2019 org.jfree.data.KeyedObjects,131
Mon Sep 02 14:27:41 EDT 2019 org.jfree.data.KeyedObjects,132
Mon Sep 02 14:31:33 EDT 2019 org.jfree.data.KeyedObjects,133
Mon Sep 02 14:31:35 EDT 2019 org.jfree.data.KeyedObjects,140
Mon Sep 02 14:33:45 EDT 2019 org.jfree.data.KeyedObjects,201
Mon Sep 02 14:40:39 EDT 2019 org.jfree.data.KeyedObjects,202
Mon Sep 02 14:40:40 EDT 2019 org.jfree.data.KeyedObjects,207
Mon Sep 02 14:40:42 EDT 2019 org.jfree.data.KeyedObjects,208
Mon Sep 02 14:40:43 EDT 2019 Mon Sep 02 14:40:43 EDT 2019 : org.jfree.data.KeyedObjects,210=>Find no block
Mon Sep 02 14:40:44 EDT 2019 org.jfree.data.general.DatasetChangeEvent,73
Mon Sep 02 14:40:49 EDT 2019 org.jfree.data.general.DatasetChangeEvent,74
Mon Sep 02 14:40:50 EDT 2019 Mon Sep 02 14:40:50 EDT 2019 : org.jfree.data.general.DatasetChangeEvent,75=>Find no block
Mon Sep 02 14:40:52 EDT 2019 org.jfree.data.general.AbstractDataset,172
Mon Sep 02 14:41:27 EDT 2019 Mon Sep 02 14:41:27 EDT 2019 : org.jfree.data.general.AbstractDataset,173=>Find no block
Mon Sep 02 14:41:29 EDT 2019 org.jfree.data.general.AbstractDataset,186
Mon Sep 02 14:44:35 EDT 2019 org.jfree.data.general.AbstractDataset,187
Mon Sep 02 14:44:36 EDT 2019 Mon Sep 02 14:44:36 EDT 2019 : org.jfree.data.general.AbstractDataset,194=>Find no block
Mon Sep 02 14:44:38 EDT 2019 Mon Sep 02 14:44:38 EDT 2019 : org.jfree.data.KeyedObjects2D,74=>Find no block
Mon Sep 02 14:44:40 EDT 2019 org.jfree.data.KeyedObjects2D,75
Mon Sep 02 14:44:45 EDT 2019 org.jfree.data.KeyedObjects2D,76
Mon Sep 02 14:44:47 EDT 2019 org.jfree.data.KeyedObjects2D,77
Mon Sep 02 14:44:49 EDT 2019 Mon Sep 02 14:44:49 EDT 2019 : org.jfree.data.KeyedObjects2D,78=>Find no block
Mon Sep 02 14:44:50 EDT 2019 Mon Sep 02 14:44:50 EDT 2019 : org.jfree.data.statistics.DefaultBoxAndWhiskerCategoryDataset,106=>Find no block
Mon Sep 02 14:44:52 EDT 2019 org.jfree.data.statistics.DefaultBoxAndWhiskerCategoryDataset,107
Mon Sep 02 14:45:22 EDT 2019 org.jfree.data.statistics.DefaultBoxAndWhiskerCategoryDataset,108
Mon Sep 02 14:45:24 EDT 2019 org.jfree.data.statistics.DefaultBoxAndWhiskerCategoryDataset,109
Mon Sep 02 14:45:26 EDT 2019 org.jfree.data.statistics.DefaultBoxAndWhiskerCategoryDataset,110
Mon Sep 02 14:45:27 EDT 2019 org.jfree.data.statistics.DefaultBoxAndWhiskerCategoryDataset,111
Mon Sep 02 14:45:28 EDT 2019 org.jfree.data.statistics.DefaultBoxAndWhiskerCategoryDataset,112
Mon Sep 02 14:45:30 EDT 2019 org.jfree.data.statistics.DefaultBoxAndWhiskerCategoryDataset,113
Mon Sep 02 14:45:32 EDT 2019 org.jfree.data.statistics.DefaultBoxAndWhiskerCategoryDataset,114
Mon Sep 02 14:45:34 EDT 2019 Mon Sep 02 14:45:34 EDT 2019 : org.jfree.data.statistics.DefaultBoxAndWhiskerCategoryDataset,115=>Find no block
Mon Sep 02 14:45:36 EDT 2019 org.jfree.data.general.DatasetGroup,65
Mon Sep 02 14:46:03 EDT 2019 org.jfree.data.general.DatasetGroup,66
Mon Sep 02 14:46:04 EDT 2019 Mon Sep 02 14:46:04 EDT 2019 : org.jfree.data.general.DatasetGroup,67=>Find no block
Mon Sep 02 14:46:06 EDT 2019 Mon Sep 02 14:46:06 EDT 2019 : org.jfree.data.general.AbstractDataset,96=>Find no block
Mon Sep 02 14:46:07 EDT 2019 org.jfree.data.general.AbstractDataset,97
Mon Sep 02 14:46:42 EDT 2019 org.jfree.data.general.AbstractDataset,98
Mon Sep 02 14:46:43 EDT 2019 Mon Sep 02 14:46:43 EDT 2019 : org.jfree.data.general.AbstractDataset,99=>Find no block
Mon Sep 02 14:46:45 EDT 2019 Mon Sep 02 14:46:45 EDT 2019 : org.jfree.data.Range,85=>Find no block
Mon Sep 02 14:46:46 EDT 2019 org.jfree.data.Range,86
Mon Sep 02 14:48:51 EDT 2019 org.jfree.data.Range,91

----------------------------------------
----------------------------------------
Pass Single Test : [=>0,0]
if(lower>upper){
String msg="Range(double, double): require lower ("+lower;
throw new IllegalArgumentException(msg);
}
this.lower=upper;
this.upper=upper;

Time : 19/09/02 14:50
----------------------------------------
Mon Sep 02 15:00:49 EDT 2019 org.jfree.data.Range,92
Mon Sep 02 15:00:51 EDT 2019 Mon Sep 02 15:00:51 EDT 2019 : org.jfree.data.Range,93=>Find no block
Mon Sep 02 15:00:52 EDT 2019 Mon Sep 02 15:00:52 EDT 2019 : org.jfree.data.general.DatasetGroup,74=>Find no block
Mon Sep 02 15:00:53 EDT 2019 org.jfree.data.general.DatasetGroup,75
Mon Sep 02 15:00:58 EDT 2019 org.jfree.data.general.DatasetGroup,76
Mon Sep 02 15:00:59 EDT 2019 org.jfree.data.general.DatasetGroup,78
Mon Sep 02 15:01:03 EDT 2019 Mon Sep 02 15:01:03 EDT 2019 : org.jfree.data.general.DatasetGroup,79=>Find no block
Mon Sep 02 15:01:05 EDT 2019 org.jfree.data.general.DatasetGroup,87
Mon Sep 02 15:01:09 EDT 2019 org.jfree.data.general.DatasetGroup,98
Mon Sep 02 15:01:14 EDT 2019 org.jfree.data.general.DatasetGroup,109
Mon Sep 02 15:02:39 EDT 2019 org.jfree.data.general.DatasetGroup,110
Mon Sep 02 15:02:41 EDT 2019 org.jfree.data.general.DatasetGroup,112
Mon Sep 02 15:03:16 EDT 2019 org.jfree.data.general.DatasetGroup,113
Mon Sep 02 15:03:17 EDT 2019 org.jfree.data.general.DatasetGroup,115
Mon Sep 02 15:14:51 EDT 2019 org.jfree.data.general.DatasetGroup,116
Mon Sep 02 15:14:52 EDT 2019 org.jfree.data.general.DatasetGroup,117
Mon Sep 02 15:14:53 EDT 2019 org.jfree.data.general.DatasetGroup,119
Mon Sep 02 15:14:55 EDT 2019 org.jfree.data.general.DatasetChangeEvent,85
Mon Sep 02 15:14:59 EDT 2019 org.jfree.data.general.AbstractDataset,109
Mon Sep 02 15:15:04 EDT 2019 org.jfree.data.general.AbstractDataset,120
Mon Sep 02 15:15:08 EDT 2019 org.jfree.data.general.AbstractDataset,121
Mon Sep 02 15:15:10 EDT 2019 org.jfree.data.general.AbstractDataset,123
Mon Sep 02 15:15:15 EDT 2019 Mon Sep 02 15:15:15 EDT 2019 : org.jfree.data.general.AbstractDataset,124=>Find no block
Mon Sep 02 15:15:16 EDT 2019 org.jfree.data.general.AbstractDataset,134
Mon Sep 02 15:16:22 EDT 2019 Mon Sep 02 15:16:22 EDT 2019 : org.jfree.data.general.AbstractDataset,135=>Find no block
Mon Sep 02 15:16:28 EDT 2019 org.jfree.data.general.AbstractDataset,146
Mon Sep 02 15:17:15 EDT 2019 Mon Sep 02 15:17:15 EDT 2019 : org.jfree.data.general.AbstractDataset,147=>Find no block
Mon Sep 02 15:17:16 EDT 2019 org.jfree.data.general.AbstractDataset,162
Mon Sep 02 15:17:29 EDT 2019 org.jfree.data.general.AbstractDataset,163
Mon Sep 02 15:17:30 EDT 2019 org.jfree.data.general.AbstractDataset,188
Mon Sep 02 15:17:32 EDT 2019 org.jfree.data.general.AbstractDataset,189
Mon Sep 02 15:17:34 EDT 2019 org.jfree.data.general.AbstractDataset,207
Mon Sep 02 15:22:09 EDT 2019 org.jfree.data.general.AbstractDataset,208
Mon Sep 02 15:22:10 EDT 2019 org.jfree.data.general.AbstractDataset,209
Mon Sep 02 15:22:12 EDT 2019 org.jfree.data.general.AbstractDataset,220
Mon Sep 02 15:22:17 EDT 2019 Mon Sep 02 15:22:17 EDT 2019 : org.jfree.data.general.AbstractDataset,221=>Find no block
Mon Sep 02 15:22:18 EDT 2019 org.jfree.data.general.AbstractDataset,233
Mon Sep 02 15:22:46 EDT 2019 org.jfree.data.general.AbstractDataset,234
Mon Sep 02 15:22:48 EDT 2019 org.jfree.data.general.AbstractDataset,235
Mon Sep 02 15:22:49 EDT 2019 Mon Sep 02 15:22:49 EDT 2019 : org.jfree.data.general.AbstractDataset,237=>Find no block
Mon Sep 02 15:22:51 EDT 2019 org.jfree.data.general.AbstractDataset,257
Mon Sep 02 15:23:22 EDT 2019 Mon Sep 02 15:23:22 EDT 2019 : org.jfree.data.general.AbstractDataset,258=>Find no block
Mon Sep 02 15:23:24 EDT 2019 org.jfree.data.KeyedObjects2D,88
Mon Sep 02 15:24:06 EDT 2019 org.jfree.data.KeyedObjects2D,99
Mon Sep 02 15:24:52 EDT 2019 org.jfree.data.KeyedObjects2D,113
Mon Sep 02 15:33:30 EDT 2019 org.jfree.data.KeyedObjects2D,114
Mon Sep 02 15:33:32 EDT 2019 org.jfree.data.KeyedObjects2D,115
Mon Sep 02 15:33:33 EDT 2019 org.jfree.data.KeyedObjects2D,116
Mon Sep 02 15:33:34 EDT 2019 org.jfree.data.KeyedObjects2D,117
Mon Sep 02 15:33:35 EDT 2019 org.jfree.data.KeyedObjects2D,118
Mon Sep 02 15:33:37 EDT 2019 org.jfree.data.KeyedObjects2D,119
Mon Sep 02 15:33:38 EDT 2019 org.jfree.data.KeyedObjects2D,120
Mon Sep 02 15:33:40 EDT 2019 org.jfree.data.KeyedObjects2D,124
Mon Sep 02 15:33:41 EDT 2019 org.jfree.data.KeyedObjects2D,137
Mon Sep 02 15:34:18 EDT 2019 org.jfree.data.KeyedObjects2D,161
Mon Sep 02 15:34:52 EDT 2019 org.jfree.data.KeyedObjects2D,174
Mon Sep 02 15:35:30 EDT 2019 org.jfree.data.KeyedObjects2D,198
Mon Sep 02 15:36:08 EDT 2019 org.jfree.data.KeyedObjects2D,215
Mon Sep 02 15:36:10 EDT 2019 org.jfree.data.KeyedObjects2D,216
Mon Sep 02 15:36:11 EDT 2019 org.jfree.data.KeyedObjects2D,218
Mon Sep 02 15:36:13 EDT 2019 org.jfree.data.KeyedObjects2D,219
Mon Sep 02 15:36:14 EDT 2019 org.jfree.data.KeyedObjects2D,221
Mon Sep 02 15:39:06 EDT 2019 org.jfree.data.KeyedObjects2D,222
Mon Sep 02 15:39:08 EDT 2019 org.jfree.data.KeyedObjects2D,223
Mon Sep 02 15:39:09 EDT 2019 org.jfree.data.KeyedObjects2D,226
Mon Sep 02 15:43:37 EDT 2019 org.jfree.data.KeyedObjects2D,227
Mon Sep 02 15:43:39 EDT 2019 org.jfree.data.KeyedObjects2D,228
Mon Sep 02 15:43:40 EDT 2019 org.jfree.data.KeyedObjects2D,231
Timeout time : 19/09/02 15:53
Current failed test : org.jfree.data.statistics.junit.DefaultBoxAndWhiskerCategoryDatasetTests::testGetRangeBounds_purify_8 | 19/09/02 15:53
Mon Sep 02 15:54:55 EDT 2019 org.jfree.data.statistics.DefaultBoxAndWhiskerCategoryDataset,173
Mon Sep 02 15:56:57 EDT 2019 org.jfree.data.statistics.DefaultBoxAndWhiskerCategoryDataset,174
Mon Sep 02 15:57:01 EDT 2019 org.jfree.data.statistics.DefaultBoxAndWhiskerCategoryDataset,175
Mon Sep 02 15:57:12 EDT 2019 org.jfree.data.Range,335
Mon Sep 02 15:57:32 EDT 2019 org.jfree.data.Range,365
Mon Sep 02 15:58:01 EDT 2019 org.jfree.data.statistics.DefaultBoxAndWhiskerCategoryDataset,155
Mon Sep 02 15:59:04 EDT 2019 org.jfree.data.statistics.DefaultBoxAndWhiskerCategoryDataset,183
Mon Sep 02 16:00:30 EDT 2019 org.jfree.data.statistics.DefaultBoxAndWhiskerCategoryDataset,740
Mon Sep 02 16:01:05 EDT 2019 org.jfree.data.statistics.DefaultBoxAndWhiskerCategoryDataset,741
Mon Sep 02 16:01:07 EDT 2019 Mon Sep 02 16:01:07 EDT 2019 : org.jfree.data.statistics.DefaultBoxAndWhiskerCategoryDataset,742=>Find no block
Mon Sep 02 16:01:08 EDT 2019 org.jfree.data.KeyedObject,103
Mon Sep 02 16:01:35 EDT 2019 Mon Sep 02 16:01:35 EDT 2019 : org.jfree.data.KeyedObject,104=>Find no block
Mon Sep 02 16:01:37 EDT 2019 org.jfree.data.KeyedObjects,203
Mon Sep 02 16:04:41 EDT 2019 org.jfree.data.KeyedObjects,204
Mon Sep 02 16:04:43 EDT 2019 Mon Sep 02 16:04:43 EDT 2019 : org.jfree.data.KeyedObjects,205=>Find no block
Mon Sep 02 16:04:45 EDT 2019 org.jfree.data.KeyedObjects2D,272

----------------------------------------
----------------------------------------
Pass Single Test : [=>0,0]
this.rowKeys.remove(rowKey);
if(rowIndex>=0){
row=(KeyedObjects)this.rows.get(rowIndex);
}else {
this.rowKeys.add(rowKey);
row=new KeyedObjects();
this.rows.add(row);
}

Time : 19/09/02 16:07
----------------------------------------
Mon Sep 02 16:08:08 EDT 2019 org.jfree.data.statistics.BoxAndWhiskerItem,147
Mon Sep 02 16:08:12 EDT 2019 Mon Sep 02 16:08:12 EDT 2019 : org.jfree.data.statistics.BoxAndWhiskerItem,152=>Find no block
Mon Sep 02 16:08:14 EDT 2019 org.jfree.data.statistics.DefaultBoxAndWhiskerCategoryDataset,172
Mon Sep 02 16:08:15 EDT 2019 org.jfree.data.Range,330
Mon Sep 02 16:08:43 EDT 2019 org.jfree.data.Range,333
Mon Sep 02 16:12:36 EDT 2019 org.jfree.data.Range,334
Mon Sep 02 16:12:37 EDT 2019 org.jfree.data.Range,337
Mon Sep 02 16:12:39 EDT 2019 org.jfree.data.Range,340
Mon Sep 02 16:12:40 EDT 2019 org.jfree.data.statistics.DefaultBoxAndWhiskerCategoryDataset,532
Mon Sep 02 16:12:45 EDT 2019 org.jfree.data.KeyedObjects,136
Mon Sep 02 16:20:23 EDT 2019 org.jfree.data.KeyedObject,85
Mon Sep 02 16:20:53 EDT 2019 org.jfree.data.KeyedObjects,134
Mon Sep 02 16:23:09 EDT 2019 org.jfree.data.KeyedObjects,135
Mon Sep 02 16:23:11 EDT 2019 org.jfree.data.KeyedObjects2D,150
Mon Sep 02 16:23:52 EDT 2019 org.jfree.data.KeyedObjects2D,187
Mon Sep 02 16:24:36 EDT 2019 org.jfree.data.KeyedObjects2D,250
Mon Sep 02 16:25:28 EDT 2019 Mon Sep 02 16:25:28 EDT 2019 : org.jfree.data.KeyedObjects2D,251=>Find no block
Mon Sep 02 16:25:29 EDT 2019 org.jfree.data.KeyedObjects2D,263
Mon Sep 02 16:26:08 EDT 2019 org.jfree.data.KeyedObjects2D,266
Mon Sep 02 16:26:34 EDT 2019 org.jfree.data.KeyedObjects2D,270
Mon Sep 02 16:30:21 EDT 2019 org.jfree.data.KeyedObjects2D,271
Mon Sep 02 16:30:22 EDT 2019 org.jfree.data.KeyedObjects2D,275
Mon Sep 02 16:30:24 EDT 2019 org.jfree.data.KeyedObjects2D,276
Mon Sep 02 16:30:26 EDT 2019 org.jfree.data.KeyedObjects2D,277
Mon Sep 02 16:30:27 EDT 2019 org.jfree.data.KeyedObjects2D,279
Mon Sep 02 16:36:30 EDT 2019 org.jfree.data.KeyedObjects2D,280
Mon Sep 02 16:38:41 EDT 2019 org.jfree.data.KeyedObjects2D,281
Mon Sep 02 16:42:46 EDT 2019 org.jfree.data.KeyedObjects2D,282
Mon Sep 02 16:42:48 EDT 2019 Mon Sep 02 16:42:48 EDT 2019 : org.jfree.data.KeyedObjects2D,285=>Find no block
Mon Sep 02 16:42:49 EDT 2019 Mon Sep 02 16:42:49 EDT 2019 : org.jfree.data.statistics.BoxAndWhiskerItem,113=>Find no block
Mon Sep 02 16:42:52 EDT 2019 org.jfree.data.statistics.BoxAndWhiskerItem,115
Mon Sep 02 16:43:07 EDT 2019 org.jfree.data.statistics.BoxAndWhiskerItem,116
Mon Sep 02 16:43:08 EDT 2019 org.jfree.data.statistics.BoxAndWhiskerItem,117
Mon Sep 02 16:43:10 EDT 2019 org.jfree.data.statistics.BoxAndWhiskerItem,118
Mon Sep 02 16:43:11 EDT 2019 org.jfree.data.statistics.BoxAndWhiskerItem,119
Mon Sep 02 16:43:12 EDT 2019 org.jfree.data.statistics.BoxAndWhiskerItem,120
Mon Sep 02 16:43:13 EDT 2019 org.jfree.data.statistics.BoxAndWhiskerItem,121
Mon Sep 02 16:43:15 EDT 2019 org.jfree.data.statistics.BoxAndWhiskerItem,122
Mon Sep 02 16:43:16 EDT 2019 org.jfree.data.statistics.BoxAndWhiskerItem,123
Mon Sep 02 16:43:18 EDT 2019 Mon Sep 02 16:43:18 EDT 2019 : org.jfree.data.statistics.BoxAndWhiskerItem,125=>Find no block
Mon Sep 02 16:43:19 EDT 2019 org.jfree.data.statistics.BoxAndWhiskerItem,214
Mon Sep 02 16:43:24 EDT 2019 org.jfree.data.statistics.BoxAndWhiskerItem,223
Mon Sep 02 16:43:29 EDT 2019 org.jfree.data.statistics.DefaultBoxAndWhiskerCategoryDataset,147
Mon Sep 02 16:44:29 EDT 2019 org.jfree.data.statistics.DefaultBoxAndWhiskerCategoryDataset,150
Mon Sep 02 16:44:31 EDT 2019 org.jfree.data.statistics.DefaultBoxAndWhiskerCategoryDataset,151

----------------------------------------
----------------------------------------
Pass Single Test : [=>0,0]
int r=this.data.getRowIndex(rowKey);
int c=this.data.getColumnIndex(columnKey);
if((this.maximumRangeValueRow==r&&this.maximumRangeValueColumn==c)||(this.minimumRangeValueRow==r&&this.minimumRangeValueColumn==c)){
r++;
updateBounds();
}

Time : 19/09/02 16:45
----------------------------------------
Mon Sep 02 16:46:02 EDT 2019 org.jfree.data.statistics.DefaultBoxAndWhiskerCategoryDataset,152
Mon Sep 02 16:46:03 EDT 2019 org.jfree.data.statistics.DefaultBoxAndWhiskerCategoryDataset,158
Mon Sep 02 16:48:25 EDT 2019 org.jfree.data.statistics.DefaultBoxAndWhiskerCategoryDataset,159
Mon Sep 02 16:48:26 EDT 2019 org.jfree.data.statistics.DefaultBoxAndWhiskerCategoryDataset,160
Mon Sep 02 16:48:28 EDT 2019 org.jfree.data.statistics.DefaultBoxAndWhiskerCategoryDataset,162
Mon Sep 02 16:49:21 EDT 2019 org.jfree.data.statistics.DefaultBoxAndWhiskerCategoryDataset,163
Mon Sep 02 16:49:22 EDT 2019 org.jfree.data.statistics.DefaultBoxAndWhiskerCategoryDataset,164
Mon Sep 02 16:49:24 EDT 2019 org.jfree.data.statistics.DefaultBoxAndWhiskerCategoryDataset,167
Mon Sep 02 16:52:25 EDT 2019 org.jfree.data.statistics.DefaultBoxAndWhiskerCategoryDataset,168
Mon Sep 02 16:52:26 EDT 2019 org.jfree.data.statistics.DefaultBoxAndWhiskerCategoryDataset,169
Mon Sep 02 16:52:28 EDT 2019 org.jfree.data.statistics.DefaultBoxAndWhiskerCategoryDataset,170
Mon Sep 02 16:52:30 EDT 2019 org.jfree.data.statistics.DefaultBoxAndWhiskerCategoryDataset,178
Mon Sep 02 16:55:25 EDT 2019 org.jfree.data.statistics.DefaultBoxAndWhiskerCategoryDataset,179
Mon Sep 02 16:55:27 EDT 2019 org.jfree.data.statistics.DefaultBoxAndWhiskerCategoryDataset,180
Mon Sep 02 16:55:29 EDT 2019 org.jfree.data.statistics.DefaultBoxAndWhiskerCategoryDataset,181
Mon Sep 02 16:55:31 EDT 2019 org.jfree.data.statistics.DefaultBoxAndWhiskerCategoryDataset,189
Mon Sep 02 16:59:37 EDT 2019 org.jfree.data.statistics.DefaultBoxAndWhiskerCategoryDataset,191
Mon Sep 02 16:59:38 EDT 2019 Mon Sep 02 16:59:38 EDT 2019 : org.jfree.data.statistics.DefaultBoxAndWhiskerCategoryDataset,193=>Find no block
Mon Sep 02 16:59:40 EDT 2019 Mon Sep 02 16:59:40 EDT 2019 : org.jfree.data.KeyedObject,74=>Find no block
Mon Sep 02 16:59:41 EDT 2019 org.jfree.data.KeyedObject,75
Mon Sep 02 17:00:17 EDT 2019 org.jfree.data.KeyedObject,76
Mon Sep 02 17:00:18 EDT 2019 Mon Sep 02 17:00:18 EDT 2019 : org.jfree.data.KeyedObject,77=>Find no block
Mon Sep 02 17:00:20 EDT 2019 Mon Sep 02 17:00:20 EDT 2019 : org.jfree.data.KeyedObjects,67=>Find no block
Mon Sep 02 17:00:21 EDT 2019 org.jfree.data.KeyedObjects,68
Mon Sep 02 17:00:38 EDT 2019 Mon Sep 02 17:00:38 EDT 2019 : org.jfree.data.KeyedObjects,69=>Find no block
Mon Sep 02 17:00:39 EDT 2019 org.jfree.data.KeyedObjects,128
Mon Sep 02 17:01:23 EDT 2019 org.jfree.data.KeyedObjects,131
Mon Sep 02 17:03:31 EDT 2019 org.jfree.data.KeyedObjects,132
Mon Sep 02 17:07:33 EDT 2019 org.jfree.data.KeyedObjects,133
Mon Sep 02 17:07:35 EDT 2019 org.jfree.data.KeyedObjects,140
Mon Sep 02 17:09:51 EDT 2019 org.jfree.data.KeyedObjects,201
Mon Sep 02 17:16:59 EDT 2019 org.jfree.data.KeyedObjects,202
Mon Sep 02 17:17:01 EDT 2019 org.jfree.data.KeyedObjects,207
Mon Sep 02 17:17:02 EDT 2019 org.jfree.data.KeyedObjects,208
Mon Sep 02 17:17:04 EDT 2019 Mon Sep 02 17:17:04 EDT 2019 : org.jfree.data.KeyedObjects,210=>Find no block
Mon Sep 02 17:17:05 EDT 2019 org.jfree.data.general.DatasetChangeEvent,73
Mon Sep 02 17:17:10 EDT 2019 org.jfree.data.general.DatasetChangeEvent,74
Mon Sep 02 17:17:12 EDT 2019 Mon Sep 02 17:17:12 EDT 2019 : org.jfree.data.general.DatasetChangeEvent,75=>Find no block
Mon Sep 02 17:17:13 EDT 2019 org.jfree.data.general.AbstractDataset,172
Mon Sep 02 17:17:51 EDT 2019 Mon Sep 02 17:17:51 EDT 2019 : org.jfree.data.general.AbstractDataset,173=>Find no block
Mon Sep 02 17:17:52 EDT 2019 org.jfree.data.general.AbstractDataset,186
Mon Sep 02 17:21:12 EDT 2019 org.jfree.data.general.AbstractDataset,187
Mon Sep 02 17:21:14 EDT 2019 Mon Sep 02 17:21:14 EDT 2019 : org.jfree.data.general.AbstractDataset,194=>Find no block
Mon Sep 02 17:21:15 EDT 2019 Mon Sep 02 17:21:15 EDT 2019 : org.jfree.data.KeyedObjects2D,74=>Find no block
Mon Sep 02 17:21:16 EDT 2019 org.jfree.data.KeyedObjects2D,75
Mon Sep 02 17:21:22 EDT 2019 org.jfree.data.KeyedObjects2D,76
Mon Sep 02 17:21:23 EDT 2019 org.jfree.data.KeyedObjects2D,77
Mon Sep 02 17:21:25 EDT 2019 Mon Sep 02 17:21:25 EDT 2019 : org.jfree.data.KeyedObjects2D,78=>Find no block
Mon Sep 02 17:21:26 EDT 2019 Mon Sep 02 17:21:26 EDT 2019 : org.jfree.data.statistics.DefaultBoxAndWhiskerCategoryDataset,106=>Find no block
Mon Sep 02 17:21:28 EDT 2019 org.jfree.data.statistics.DefaultBoxAndWhiskerCategoryDataset,107
Mon Sep 02 17:21:57 EDT 2019 org.jfree.data.statistics.DefaultBoxAndWhiskerCategoryDataset,108
Mon Sep 02 17:21:59 EDT 2019 org.jfree.data.statistics.DefaultBoxAndWhiskerCategoryDataset,109
Mon Sep 02 17:22:01 EDT 2019 org.jfree.data.statistics.DefaultBoxAndWhiskerCategoryDataset,110
Mon Sep 02 17:22:03 EDT 2019 org.jfree.data.statistics.DefaultBoxAndWhiskerCategoryDataset,111
Mon Sep 02 17:22:05 EDT 2019 org.jfree.data.statistics.DefaultBoxAndWhiskerCategoryDataset,112
Mon Sep 02 17:22:06 EDT 2019 org.jfree.data.statistics.DefaultBoxAndWhiskerCategoryDataset,113
Mon Sep 02 17:22:08 EDT 2019 org.jfree.data.statistics.DefaultBoxAndWhiskerCategoryDataset,114
Mon Sep 02 17:22:09 EDT 2019 Mon Sep 02 17:22:09 EDT 2019 : org.jfree.data.statistics.DefaultBoxAndWhiskerCategoryDataset,115=>Find no block
Mon Sep 02 17:22:11 EDT 2019 org.jfree.data.general.DatasetGroup,65
Mon Sep 02 17:22:39 EDT 2019 org.jfree.data.general.DatasetGroup,66
Mon Sep 02 17:22:41 EDT 2019 Mon Sep 02 17:22:41 EDT 2019 : org.jfree.data.general.DatasetGroup,67=>Find no block
Mon Sep 02 17:22:42 EDT 2019 Mon Sep 02 17:22:42 EDT 2019 : org.jfree.data.general.AbstractDataset,96=>Find no block
Mon Sep 02 17:22:44 EDT 2019 org.jfree.data.general.AbstractDataset,97
Mon Sep 02 17:23:20 EDT 2019 org.jfree.data.general.AbstractDataset,98
Mon Sep 02 17:23:22 EDT 2019 Mon Sep 02 17:23:22 EDT 2019 : org.jfree.data.general.AbstractDataset,99=>Find no block
Mon Sep 02 17:23:23 EDT 2019 Mon Sep 02 17:23:23 EDT 2019 : org.jfree.data.Range,85=>Find no block
Mon Sep 02 17:23:24 EDT 2019 org.jfree.data.Range,86
Mon Sep 02 17:25:35 EDT 2019 org.jfree.data.Range,91

----------------------------------------
----------------------------------------
Pass Single Test : [=>0,0]
if(lower>upper){
String msg="Range(double, double): require lower ("+lower;
throw new IllegalArgumentException(msg);
}
this.lower=upper;
this.upper=upper;

Time : 19/09/02 17:27
----------------------------------------
Mon Sep 02 17:37:40 EDT 2019 org.jfree.data.Range,92
Mon Sep 02 17:37:41 EDT 2019 Mon Sep 02 17:37:41 EDT 2019 : org.jfree.data.Range,93=>Find no block
Mon Sep 02 17:37:43 EDT 2019 Mon Sep 02 17:37:43 EDT 2019 : org.jfree.data.general.DatasetGroup,74=>Find no block
Mon Sep 02 17:37:44 EDT 2019 org.jfree.data.general.DatasetGroup,75
Mon Sep 02 17:37:49 EDT 2019 org.jfree.data.general.DatasetGroup,76
Mon Sep 02 17:37:51 EDT 2019 org.jfree.data.general.DatasetGroup,78
Mon Sep 02 17:37:56 EDT 2019 Mon Sep 02 17:37:56 EDT 2019 : org.jfree.data.general.DatasetGroup,79=>Find no block
Mon Sep 02 17:37:58 EDT 2019 org.jfree.data.general.DatasetGroup,87
Mon Sep 02 17:38:03 EDT 2019 org.jfree.data.general.DatasetGroup,98
Mon Sep 02 17:38:08 EDT 2019 org.jfree.data.general.DatasetGroup,109
Mon Sep 02 17:39:37 EDT 2019 org.jfree.data.general.DatasetGroup,110
Mon Sep 02 17:39:39 EDT 2019 org.jfree.data.general.DatasetGroup,112
Mon Sep 02 17:40:07 EDT 2019 org.jfree.data.general.DatasetGroup,113
Mon Sep 02 17:40:08 EDT 2019 org.jfree.data.general.DatasetGroup,115
Mon Sep 02 17:52:17 EDT 2019 org.jfree.data.general.DatasetGroup,116
Mon Sep 02 17:52:18 EDT 2019 org.jfree.data.general.DatasetGroup,117
Mon Sep 02 17:52:20 EDT 2019 org.jfree.data.general.DatasetGroup,119
Mon Sep 02 17:52:21 EDT 2019 org.jfree.data.general.DatasetChangeEvent,85
Mon Sep 02 17:52:27 EDT 2019 org.jfree.data.general.AbstractDataset,109
Mon Sep 02 17:52:32 EDT 2019 org.jfree.data.general.AbstractDataset,120
Mon Sep 02 17:52:39 EDT 2019 org.jfree.data.general.AbstractDataset,121
Mon Sep 02 17:52:40 EDT 2019 org.jfree.data.general.AbstractDataset,123
Mon Sep 02 17:52:45 EDT 2019 Mon Sep 02 17:52:45 EDT 2019 : org.jfree.data.general.AbstractDataset,124=>Find no block
Mon Sep 02 17:52:47 EDT 2019 org.jfree.data.general.AbstractDataset,134
Mon Sep 02 17:53:56 EDT 2019 Mon Sep 02 17:53:56 EDT 2019 : org.jfree.data.general.AbstractDataset,135=>Find no block
Mon Sep 02 17:53:58 EDT 2019 org.jfree.data.general.AbstractDataset,146
Mon Sep 02 17:54:44 EDT 2019 Mon Sep 02 17:54:44 EDT 2019 : org.jfree.data.general.AbstractDataset,147=>Find no block
Mon Sep 02 17:54:46 EDT 2019 org.jfree.data.general.AbstractDataset,162
Mon Sep 02 17:55:00 EDT 2019 org.jfree.data.general.AbstractDataset,163
Mon Sep 02 17:55:02 EDT 2019 org.jfree.data.general.AbstractDataset,188
Mon Sep 02 17:55:04 EDT 2019 org.jfree.data.general.AbstractDataset,189
Mon Sep 02 17:55:05 EDT 2019 org.jfree.data.general.AbstractDataset,207
Mon Sep 02 17:59:50 EDT 2019 org.jfree.data.general.AbstractDataset,208
Mon Sep 02 17:59:52 EDT 2019 org.jfree.data.general.AbstractDataset,209
Mon Sep 02 17:59:53 EDT 2019 org.jfree.data.general.AbstractDataset,220
Mon Sep 02 18:00:01 EDT 2019 Mon Sep 02 18:00:01 EDT 2019 : org.jfree.data.general.AbstractDataset,221=>Find no block
Mon Sep 02 18:00:03 EDT 2019 org.jfree.data.general.AbstractDataset,233
Mon Sep 02 18:00:35 EDT 2019 org.jfree.data.general.AbstractDataset,234
Mon Sep 02 18:00:37 EDT 2019 org.jfree.data.general.AbstractDataset,235
Mon Sep 02 18:00:39 EDT 2019 Mon Sep 02 18:00:39 EDT 2019 : org.jfree.data.general.AbstractDataset,237=>Find no block
Mon Sep 02 18:00:40 EDT 2019 org.jfree.data.general.AbstractDataset,257
Mon Sep 02 18:01:08 EDT 2019 Mon Sep 02 18:01:08 EDT 2019 : org.jfree.data.general.AbstractDataset,258=>Find no block
Mon Sep 02 18:01:09 EDT 2019 org.jfree.data.KeyedObjects2D,88
Mon Sep 02 18:01:47 EDT 2019 org.jfree.data.KeyedObjects2D,99
Mon Sep 02 18:02:23 EDT 2019 org.jfree.data.KeyedObjects2D,113
Mon Sep 02 18:11:04 EDT 2019 org.jfree.data.KeyedObjects2D,114
Mon Sep 02 18:11:05 EDT 2019 org.jfree.data.KeyedObjects2D,115
Mon Sep 02 18:11:07 EDT 2019 org.jfree.data.KeyedObjects2D,116
Mon Sep 02 18:11:08 EDT 2019 org.jfree.data.KeyedObjects2D,117
Mon Sep 02 18:11:09 EDT 2019 org.jfree.data.KeyedObjects2D,118
Mon Sep 02 18:11:11 EDT 2019 org.jfree.data.KeyedObjects2D,119
Mon Sep 02 18:11:13 EDT 2019 org.jfree.data.KeyedObjects2D,120
Mon Sep 02 18:11:14 EDT 2019 org.jfree.data.KeyedObjects2D,124
Mon Sep 02 18:11:16 EDT 2019 org.jfree.data.KeyedObjects2D,137
Mon Sep 02 18:11:54 EDT 2019 org.jfree.data.KeyedObjects2D,161
Mon Sep 02 18:12:28 EDT 2019 org.jfree.data.KeyedObjects2D,174
Mon Sep 02 18:13:07 EDT 2019 org.jfree.data.KeyedObjects2D,198
Mon Sep 02 18:13:41 EDT 2019 org.jfree.data.KeyedObjects2D,215
Mon Sep 02 18:13:43 EDT 2019 org.jfree.data.KeyedObjects2D,216
Mon Sep 02 18:13:44 EDT 2019 org.jfree.data.KeyedObjects2D,218
Mon Sep 02 18:13:46 EDT 2019 org.jfree.data.KeyedObjects2D,219
Mon Sep 02 18:13:47 EDT 2019 org.jfree.data.KeyedObjects2D,221
Mon Sep 02 18:16:40 EDT 2019 org.jfree.data.KeyedObjects2D,222
Mon Sep 02 18:16:41 EDT 2019 org.jfree.data.KeyedObjects2D,223
Mon Sep 02 18:16:43 EDT 2019 org.jfree.data.KeyedObjects2D,226
Mon Sep 02 18:21:07 EDT 2019 org.jfree.data.KeyedObjects2D,227
Mon Sep 02 18:21:08 EDT 2019 org.jfree.data.KeyedObjects2D,228
Mon Sep 02 18:21:10 EDT 2019 org.jfree.data.KeyedObjects2D,231
Timeout time : 19/09/02 18:24
