=================================================
Project : chart_22	start : 19/09/02 13:22
Current failed test : org.jfree.data.junit.KeyedObjects2DTests::testRemoveRowByKey_purify_3 | 19/09/02 13:24
Mon Sep 02 13:24:42 EDT 2019 org.jfree.data.UnknownKeyException,56
Mon Sep 02 13:24:48 EDT 2019 Mon Sep 02 13:24:48 EDT 2019 : org.jfree.data.UnknownKeyException,57=>Find no block
Mon Sep 02 13:24:49 EDT 2019 org.jfree.data.KeyedObjects2D,370
Mon Sep 02 13:37:47 EDT 2019 org.jfree.data.KeyedObjects2D,371
Mon Sep 02 13:37:48 EDT 2019 org.jfree.data.KeyedObjects2D,375
Mon Sep 02 13:37:49 EDT 2019 org.jfree.data.KeyedObjects2D,376
Mon Sep 02 13:37:50 EDT 2019 org.jfree.data.KeyedObjects2D,377
Mon Sep 02 13:37:52 EDT 2019 org.jfree.data.KeyedObjects2D,378
Mon Sep 02 13:37:53 EDT 2019 org.jfree.data.KeyedObjects,171
Mon Sep 02 13:40:04 EDT 2019 org.jfree.data.KeyedObjects,266
Timeout time : 19/09/02 13:44
Current failed test : org.jfree.data.junit.KeyedObjects2DTests::testRemoveRowByKey_purify_4 | 19/09/02 13:44
Mon Sep 02 13:45:19 EDT 2019 org.jfree.data.UnknownKeyException,56
Mon Sep 02 13:45:24 EDT 2019 Mon Sep 02 13:45:24 EDT 2019 : org.jfree.data.UnknownKeyException,57=>Find no block
Mon Sep 02 13:45:26 EDT 2019 org.jfree.data.KeyedObjects2D,370
Mon Sep 02 13:59:36 EDT 2019 org.jfree.data.KeyedObjects2D,371
Mon Sep 02 13:59:37 EDT 2019 org.jfree.data.KeyedObjects2D,375
Mon Sep 02 13:59:38 EDT 2019 org.jfree.data.KeyedObjects2D,376
Mon Sep 02 13:59:39 EDT 2019 org.jfree.data.KeyedObjects2D,377
Mon Sep 02 13:59:41 EDT 2019 org.jfree.data.KeyedObjects2D,378
Mon Sep 02 13:59:42 EDT 2019 org.jfree.data.KeyedObjects,171
Mon Sep 02 14:01:59 EDT 2019 org.jfree.data.KeyedObjects,266
Timeout time : 19/09/02 14:05
Current failed test : org.jfree.data.junit.KeyedObjects2DTests::testSetObject_purify_3 | 19/09/02 14:05
Mon Sep 02 14:05:49 EDT 2019 org.jfree.data.UnknownKeyException,56
Mon Sep 02 14:05:54 EDT 2019 Mon Sep 02 14:05:54 EDT 2019 : org.jfree.data.UnknownKeyException,57=>Find no block
Mon Sep 02 14:05:55 EDT 2019 org.jfree.data.KeyedObjects2D,370
Mon Sep 02 14:19:50 EDT 2019 org.jfree.data.KeyedObjects2D,371
Mon Sep 02 14:19:52 EDT 2019 org.jfree.data.KeyedObjects2D,375
Mon Sep 02 14:19:53 EDT 2019 org.jfree.data.KeyedObjects2D,376
Mon Sep 02 14:19:55 EDT 2019 org.jfree.data.KeyedObjects2D,377
Mon Sep 02 14:19:56 EDT 2019 org.jfree.data.KeyedObjects2D,378
Mon Sep 02 14:19:58 EDT 2019 org.jfree.data.KeyedObjects,171
Mon Sep 02 14:22:13 EDT 2019 org.jfree.data.KeyedObjects,266
Timeout time : 19/09/02 14:25
Current failed test : org.jfree.data.junit.KeyedObjects2DTests::testSetObject_purify_4 | 19/09/02 14:25
Mon Sep 02 14:26:19 EDT 2019 org.jfree.data.UnknownKeyException,56
Mon Sep 02 14:26:25 EDT 2019 Mon Sep 02 14:26:25 EDT 2019 : org.jfree.data.UnknownKeyException,57=>Find no block
Mon Sep 02 14:26:26 EDT 2019 org.jfree.data.KeyedObjects2D,370
Mon Sep 02 14:40:09 EDT 2019 org.jfree.data.KeyedObjects2D,371
Mon Sep 02 14:40:10 EDT 2019 org.jfree.data.KeyedObjects2D,375
Mon Sep 02 14:40:11 EDT 2019 org.jfree.data.KeyedObjects2D,376
Mon Sep 02 14:40:13 EDT 2019 org.jfree.data.KeyedObjects2D,377
Mon Sep 02 14:40:14 EDT 2019 org.jfree.data.KeyedObjects2D,378
Mon Sep 02 14:40:15 EDT 2019 org.jfree.data.KeyedObjects,171
Mon Sep 02 14:42:32 EDT 2019 org.jfree.data.KeyedObjects,266
Timeout time : 19/09/02 14:46
Current failed test : org.jfree.data.junit.KeyedObjects2DTests::testRemoveValue_purify_2 | 19/09/02 14:46
Mon Sep 02 14:46:52 EDT 2019 org.jfree.data.UnknownKeyException,56
Mon Sep 02 14:46:58 EDT 2019 Mon Sep 02 14:46:58 EDT 2019 : org.jfree.data.UnknownKeyException,57=>Find no block
Mon Sep 02 14:46:59 EDT 2019 org.jfree.data.KeyedObjects2D,370
Mon Sep 02 15:00:14 EDT 2019 org.jfree.data.KeyedObjects2D,371
Mon Sep 02 15:00:15 EDT 2019 org.jfree.data.KeyedObjects2D,375
Mon Sep 02 15:00:16 EDT 2019 org.jfree.data.KeyedObjects2D,376
Mon Sep 02 15:00:18 EDT 2019 org.jfree.data.KeyedObjects2D,377
Mon Sep 02 15:00:19 EDT 2019 org.jfree.data.KeyedObjects2D,378
Mon Sep 02 15:00:20 EDT 2019 org.jfree.data.KeyedObjects,171
Mon Sep 02 15:02:33 EDT 2019 org.jfree.data.KeyedObjects,266
Timeout time : 19/09/02 15:06
Current failed test : org.jfree.data.junit.KeyedObjects2DTests::testRemoveColumnByIndex_purify_1 | 19/09/02 15:06
Mon Sep 02 15:07:23 EDT 2019 org.jfree.data.UnknownKeyException,56
Mon Sep 02 15:07:28 EDT 2019 Mon Sep 02 15:07:28 EDT 2019 : org.jfree.data.UnknownKeyException,57=>Find no block
Mon Sep 02 15:07:29 EDT 2019 org.jfree.data.KeyedObjects2D,370

----------------------------------------
----------------------------------------
Pass Single Test : [=>0,0]
int index=getColumnIndex(columnKey);
if(index<0){
throw new UnknownKeyException("Column key ("+columnKey);
}
Iterator iterator=this.rows.iterator();
while(iterator.hasNext()){
KeyedObjects rowData=(KeyedObjects)iterator.next();
this.rows.remove(index);
rowData.removeValue(columnKey);
}
this.columnKeys.remove(columnKey);

Time : 19/09/02 15:13
----------------------------------------

----------------------------------------
----------------------------------------
Similar code block : 1.3342188879607142 : [/home/mmotwani/mywork1dir/Defects4Java7/defects4j/SIMFIX_RQ1/chart/chart_22_buggy/source/org/jfree/data/KeyedObjects2D.java=>0,0]
if(seriesIndex>=0){
this.seriesKeys.remove(seriesIndex);
this.seriesList.remove(seriesIndex);
notifyListeners(new DatasetChangeEvent(this,this));
}

Time : 19/09/02 15:13
----------------------------------------

----------------------------------------
----------------------------------------
Original source code : [/home/mmotwani/mywork1dir/Defects4Java7/defects4j/SIMFIX_RQ1/chart/chart_22_buggy/source/org/jfree/data/KeyedObjects2D.java=>370,380]
int index=getColumnIndex(columnKey);
if(index<0){
throw new UnknownKeyException("Column key ("+columnKey);
}
Iterator iterator=this.rows.iterator();
while(iterator.hasNext()){
KeyedObjects rowData=(KeyedObjects)iterator.next();
rowData.removeValue(columnKey);
}
this.columnKeys.remove(columnKey);

Time : 19/09/02 15:13
----------------------------------------

----------------------------------------
----------------------------------------
Find a patch : [/home/mmotwani/mywork1dir/Defects4Java7/defects4j/SIMFIX_RQ1/chart/chart_22_buggy/source/org/jfree/data/KeyedObjects2D.java=>370,380]
int index=getColumnIndex(columnKey);
if(index<0){
throw new UnknownKeyException("Column key ("+columnKey);
}
Iterator iterator=this.rows.iterator();
while(iterator.hasNext()){
KeyedObjects rowData=(KeyedObjects)iterator.next();
this.rows.remove(index);
rowData.removeValue(columnKey);
}
this.columnKeys.remove(columnKey);

Time : 19/09/02 15:13
----------------------------------------
Success time : 19/09/02 15:13
Current failed test : org.jfree.data.junit.KeyedObjects2DTests::testRemoveColumnByIndex_purify_2 | 19/09/02 15:13
Mon Sep 02 15:14:44 EDT 2019 org.jfree.data.UnknownKeyException,56
Mon Sep 02 15:14:49 EDT 2019 Mon Sep 02 15:14:49 EDT 2019 : org.jfree.data.UnknownKeyException,57=>Find no block
Mon Sep 02 15:14:50 EDT 2019 org.jfree.data.KeyedObjects2D,370
Mon Sep 02 15:29:03 EDT 2019 org.jfree.data.KeyedObjects2D,371
Mon Sep 02 15:29:04 EDT 2019 org.jfree.data.KeyedObjects2D,375
Mon Sep 02 15:29:06 EDT 2019 org.jfree.data.KeyedObjects2D,376
Mon Sep 02 15:29:07 EDT 2019 org.jfree.data.KeyedObjects2D,377
Mon Sep 02 15:29:08 EDT 2019 org.jfree.data.KeyedObjects2D,378
Mon Sep 02 15:29:10 EDT 2019 org.jfree.data.KeyedObjects,171
Mon Sep 02 15:31:27 EDT 2019 org.jfree.data.KeyedObjects,266
Timeout time : 19/09/02 15:34
Current failed test : org.jfree.data.junit.KeyedObjects2DTests::testRemoveColumnByIndex_purify_3 | 19/09/02 15:34
Already fixed : org.jfree.data.junit.KeyedObjects2DTests::testRemoveColumnByIndex_purify_3
Current failed test : org.jfree.data.junit.KeyedObjects2DTests::testRemoveColumnByIndex_purify_4 | 19/09/02 15:34
Already fixed : org.jfree.data.junit.KeyedObjects2DTests::testRemoveColumnByIndex_purify_4
Current failed test : org.jfree.data.junit.KeyedObjects2DTests::testGetValueByKey_purify_4 | 19/09/02 15:34
Mon Sep 02 15:35:21 EDT 2019 org.jfree.data.UnknownKeyException,56
Mon Sep 02 15:35:26 EDT 2019 Mon Sep 02 15:35:26 EDT 2019 : org.jfree.data.UnknownKeyException,57=>Find no block
Mon Sep 02 15:35:27 EDT 2019 org.jfree.data.KeyedObjects2D,370
Mon Sep 02 15:50:27 EDT 2019 org.jfree.data.KeyedObjects2D,371
Mon Sep 02 15:50:29 EDT 2019 org.jfree.data.KeyedObjects2D,375
Mon Sep 02 15:50:38 EDT 2019 org.jfree.data.KeyedObjects2D,376
Mon Sep 02 15:50:39 EDT 2019 org.jfree.data.KeyedObjects2D,377
Mon Sep 02 15:50:48 EDT 2019 org.jfree.data.KeyedObjects2D,378
Mon Sep 02 15:50:50 EDT 2019 org.jfree.data.KeyedObjects,171
Mon Sep 02 15:53:55 EDT 2019 org.jfree.data.KeyedObjects,266
Timeout time : 19/09/02 15:55
Current failed test : org.jfree.data.junit.KeyedObjects2DTests::testGetValueByKey_purify_5 | 19/09/02 15:55
Mon Sep 02 15:56:29 EDT 2019 org.jfree.data.UnknownKeyException,56
Mon Sep 02 15:56:51 EDT 2019 Mon Sep 02 15:56:51 EDT 2019 : org.jfree.data.UnknownKeyException,57=>Find no block
Mon Sep 02 15:56:57 EDT 2019 org.jfree.data.KeyedObjects2D,370
Mon Sep 02 16:11:41 EDT 2019 org.jfree.data.KeyedObjects2D,371
Mon Sep 02 16:11:43 EDT 2019 org.jfree.data.KeyedObjects2D,375
Mon Sep 02 16:11:45 EDT 2019 org.jfree.data.KeyedObjects2D,376
Mon Sep 02 16:11:47 EDT 2019 org.jfree.data.KeyedObjects2D,377
Mon Sep 02 16:11:48 EDT 2019 org.jfree.data.KeyedObjects2D,378
Mon Sep 02 16:11:50 EDT 2019 org.jfree.data.KeyedObjects,171
Mon Sep 02 16:14:12 EDT 2019 org.jfree.data.KeyedObjects,266
Timeout time : 19/09/02 16:16
Current failed test : org.jfree.data.junit.KeyedObjects2DTests::testRemoveColumnByKey_purify_1 | 19/09/02 16:16
Mon Sep 02 16:16:52 EDT 2019 org.jfree.data.UnknownKeyException,56
Mon Sep 02 16:16:58 EDT 2019 Mon Sep 02 16:16:58 EDT 2019 : org.jfree.data.UnknownKeyException,57=>Find no block
Mon Sep 02 16:17:01 EDT 2019 org.jfree.data.KeyedObjects2D,370

----------------------------------------
----------------------------------------
Pass Single Test : [=>0,0]
iterator.next();
while(iterator.hasNext()){
KeyedObjects rowData=(KeyedObjects)iterator.next();
rowData.removeValue(columnKey);
}

Time : 19/09/02 16:20
----------------------------------------

----------------------------------------
----------------------------------------
Similar code block : 1.453820966476532 : [/home/mmotwani/mywork1dir/Defects4Java7/defects4j/SIMFIX_RQ1/chart/chart_22_buggy/source/org/jfree/data/KeyedObjects2D.java=>0,0]
if(!Arrays.equals(d1,d2)){
return false;
}
iterator1.next();
iterator2.next();
done=iterator1.isDone()&&iterator2.isDone();

Time : 19/09/02 16:20
----------------------------------------

----------------------------------------
----------------------------------------
Original source code : [/home/mmotwani/mywork1dir/Defects4Java7/defects4j/SIMFIX_RQ1/chart/chart_22_buggy/source/org/jfree/data/KeyedObjects2D.java=>376,379]
while(iterator.hasNext()){
KeyedObjects rowData=(KeyedObjects)iterator.next();
rowData.removeValue(columnKey);
}

Time : 19/09/02 16:20
----------------------------------------

----------------------------------------
----------------------------------------
Find a patch : [/home/mmotwani/mywork1dir/Defects4Java7/defects4j/SIMFIX_RQ1/chart/chart_22_buggy/source/org/jfree/data/KeyedObjects2D.java=>376,379]
iterator.next();
while(iterator.hasNext()){
KeyedObjects rowData=(KeyedObjects)iterator.next();
rowData.removeValue(columnKey);
}

Time : 19/09/02 16:20
----------------------------------------
Success time : 19/09/02 16:20
Current failed test : org.jfree.data.junit.KeyedObjects2DTests::testRemoveColumnByKey_purify_2 | 19/09/02 16:20
Already fixed : org.jfree.data.junit.KeyedObjects2DTests::testRemoveColumnByKey_purify_2
Current failed test : org.jfree.data.junit.KeyedObjects2DTests::testRemoveColumnByKey_purify_3 | 19/09/02 16:21
Already fixed : org.jfree.data.junit.KeyedObjects2DTests::testRemoveColumnByKey_purify_3
Current failed test : org.jfree.data.junit.KeyedObjects2DTests::testRemoveColumnByKey_purify_4 | 19/09/02 16:21
Already fixed : org.jfree.data.junit.KeyedObjects2DTests::testRemoveColumnByKey_purify_4
