=================================================
Project : chart_24	start : 19/09/02 13:22
Current failed test : org.jfree.chart.renderer.junit.GrayPaintScaleTests::testGetPaint | 19/09/02 13:22
Mon Sep 02 13:23:04 EDT 2019 org.jfree.chart.renderer.GrayPaintScale,124
Mon Sep 02 13:26:06 EDT 2019 org.jfree.chart.renderer.GrayPaintScale,125
Mon Sep 02 13:26:07 EDT 2019 org.jfree.chart.renderer.GrayPaintScale,126
Mon Sep 02 13:26:08 EDT 2019 org.jfree.chart.renderer.GrayPaintScale,128
Mon Sep 02 13:26:09 EDT 2019 org.jfree.chart.renderer.GrayPaintScale,72
Mon Sep 02 13:26:14 EDT 2019 Mon Sep 02 13:26:14 EDT 2019 : org.jfree.chart.renderer.GrayPaintScale,73=>Find no block
Mon Sep 02 13:26:16 EDT 2019 Mon Sep 02 13:26:16 EDT 2019 : org.jfree.chart.renderer.GrayPaintScale,84=>Find no block
Mon Sep 02 13:26:17 EDT 2019 org.jfree.chart.renderer.GrayPaintScale,85
Mon Sep 02 13:28:23 EDT 2019 org.jfree.chart.renderer.GrayPaintScale,89
Mon Sep 02 13:29:53 EDT 2019 org.jfree.chart.renderer.GrayPaintScale,90
Mon Sep 02 13:29:54 EDT 2019 Mon Sep 02 13:29:54 EDT 2019 : org.jfree.chart.renderer.GrayPaintScale,91=>Find no block
Mon Sep 02 13:29:55 EDT 2019 org.jfree.chart.renderer.GrayPaintScale,86
Mon Sep 02 13:29:56 EDT 2019 org.jfree.chart.renderer.GrayPaintScale,101
Mon Sep 02 13:30:00 EDT 2019 org.jfree.chart.renderer.GrayPaintScale,112
Mon Sep 02 13:30:04 EDT 2019 org.jfree.chart.renderer.GrayPaintScale,145
Mon Sep 02 13:31:22 EDT 2019 org.jfree.chart.renderer.GrayPaintScale,146
Mon Sep 02 13:31:23 EDT 2019 org.jfree.chart.renderer.GrayPaintScale,148
Mon Sep 02 13:31:46 EDT 2019 org.jfree.chart.renderer.GrayPaintScale,149
Mon Sep 02 13:31:47 EDT 2019 org.jfree.chart.renderer.GrayPaintScale,151
Mon Sep 02 13:37:59 EDT 2019 org.jfree.chart.renderer.GrayPaintScale,152
Mon Sep 02 13:38:01 EDT 2019 org.jfree.chart.renderer.GrayPaintScale,153
Mon Sep 02 13:38:02 EDT 2019 org.jfree.chart.renderer.GrayPaintScale,155
Mon Sep 02 13:39:17 EDT 2019 org.jfree.chart.renderer.GrayPaintScale,156
Mon Sep 02 13:39:18 EDT 2019 org.jfree.chart.renderer.GrayPaintScale,158
Mon Sep 02 13:40:33 EDT 2019 org.jfree.chart.renderer.GrayPaintScale,170
Failed time : 19/09/02 13:40
