=================================================
Project : chart_25	start : 19/09/02 13:22
Current failed test : org.jfree.chart.renderer.category.junit.StatisticalBarRendererTests::testDrawWithNullMeanVertical | 19/09/02 13:22
Mon Sep 02 13:23:35 EDT 2019 Mon Sep 02 13:23:35 EDT 2019 : org.jfree.data.statistics.DefaultStatisticalCategoryDataset,90=>Find no block
Mon Sep 02 13:23:37 EDT 2019 org.jfree.data.statistics.DefaultStatisticalCategoryDataset,91
Mon Sep 02 13:23:43 EDT 2019 org.jfree.data.statistics.DefaultStatisticalCategoryDataset,92
Mon Sep 02 13:23:44 EDT 2019 org.jfree.data.statistics.DefaultStatisticalCategoryDataset,93
Mon Sep 02 13:23:46 EDT 2019 org.jfree.data.statistics.DefaultStatisticalCategoryDataset,94
Mon Sep 02 13:23:47 EDT 2019 org.jfree.data.statistics.DefaultStatisticalCategoryDataset,95
Mon Sep 02 13:23:48 EDT 2019 Mon Sep 02 13:23:48 EDT 2019 : org.jfree.data.statistics.DefaultStatisticalCategoryDataset,96=>Find no block
Mon Sep 02 13:23:50 EDT 2019 org.jfree.data.statistics.DefaultStatisticalCategoryDataset,107

----------------------------------------
----------------------------------------
Pass Single Test : [=>0,0]
if(masd==null){
result=masd.getMean();
}

Time : 19/09/02 13:24
----------------------------------------

----------------------------------------
----------------------------------------
Similar code block : 1.179039286288123 : [/home/mmotwani/mywork1dir/Defects4Java7/defects4j/SIMFIX_RQ1/chart/chart_25_buggy/source/org/jfree/data/statistics/DefaultStatisticalCategoryDataset.java=>0,0]
if(object==null){
return null;
}
Class c=object.getClass();
Object result=null;

Time : 19/09/02 13:24
----------------------------------------

----------------------------------------
----------------------------------------
Original source code : [/home/mmotwani/mywork1dir/Defects4Java7/defects4j/SIMFIX_RQ1/chart/chart_25_buggy/source/org/jfree/data/statistics/DefaultStatisticalCategoryDataset.java=>110,112]
if(masd!=null){
result=masd.getMean();
}

Time : 19/09/02 13:24
----------------------------------------

----------------------------------------
----------------------------------------
Find a patch : [/home/mmotwani/mywork1dir/Defects4Java7/defects4j/SIMFIX_RQ1/chart/chart_25_buggy/source/org/jfree/data/statistics/DefaultStatisticalCategoryDataset.java=>110,112]
if(masd==null){
result=masd.getMean();
}

Time : 19/09/02 13:24
----------------------------------------
Success time : 19/09/02 13:24
Current failed test : org.jfree.chart.renderer.category.junit.StatisticalBarRendererTests::testDrawWithNullDeviationVertical | 19/09/02 13:24
Already fixed : org.jfree.chart.renderer.category.junit.StatisticalBarRendererTests::testDrawWithNullDeviationVertical
Current failed test : org.jfree.chart.renderer.category.junit.StatisticalBarRendererTests::testDrawWithNullDeviationHorizontal | 19/09/02 13:24
Already fixed : org.jfree.chart.renderer.category.junit.StatisticalBarRendererTests::testDrawWithNullDeviationHorizontal
Current failed test : org.jfree.chart.renderer.category.junit.StatisticalBarRendererTests::testDrawWithNullMeanHorizontal | 19/09/02 13:24
Already fixed : org.jfree.chart.renderer.category.junit.StatisticalBarRendererTests::testDrawWithNullMeanHorizontal
