=================================================
Project : chart_26	start : 19/09/02 13:22
Current failed test : org.jfree.chart.junit.AreaChartTests::testDrawWithNullInfo | 19/09/02 13:22
Mon Sep 02 13:24:16 EDT 2019 org.jfree.chart.plot.CategoryPlot,2547
Mon Sep 02 13:24:24 EDT 2019 org.jfree.chart.plot.Plot,1385
Mon Sep 02 13:29:58 EDT 2019 org.jfree.chart.axis.CategoryAxis,736
Mon Sep 02 13:30:03 EDT 2019 org.jfree.chart.axis.CategoryAxis,741
Mon Sep 02 13:30:09 EDT 2019 org.jfree.chart.axis.CategoryAxis,746
Mon Sep 02 13:30:54 EDT 2019 org.jfree.chart.axis.CategoryAxis,747
Mon Sep 02 13:30:55 EDT 2019 org.jfree.chart.axis.CategoryAxis,748
Mon Sep 02 14:25:14 EDT 2019 org.jfree.chart.axis.CategoryAxis,749
Mon Sep 02 14:34:59 EDT 2019 org.jfree.chart.axis.CategoryAxis,750
Mon Sep 02 14:35:00 EDT 2019 org.jfree.chart.axis.CategoryAxis,752
Mon Sep 02 14:50:48 EDT 2019 org.jfree.chart.axis.CategoryAxis,753
Mon Sep 02 14:50:50 EDT 2019 org.jfree.chart.axis.CategoryAxis,756
Mon Sep 02 14:50:51 EDT 2019 org.jfree.chart.axis.CategoryAxis,768
Mon Sep 02 14:54:21 EDT 2019 org.jfree.chart.axis.CategoryAxis,769
Mon Sep 02 14:54:22 EDT 2019 org.jfree.chart.axis.CategoryAxis,770
Mon Sep 02 15:07:26 EDT 2019 org.jfree.chart.axis.CategoryAxis,771
Mon Sep 02 15:07:27 EDT 2019 org.jfree.chart.axis.CategoryAxis,781
Mon Sep 02 15:12:23 EDT 2019 org.jfree.chart.axis.CategoryAxis,973
Mon Sep 02 15:13:15 EDT 2019 org.jfree.chart.axis.CategoryAxis,976
Mon Sep 02 15:14:00 EDT 2019 org.jfree.chart.axis.CategoryAxis,980
Mon Sep 02 15:15:49 EDT 2019 org.jfree.chart.axis.CategoryAxis,981
Mon Sep 02 15:17:29 EDT 2019 org.jfree.chart.axis.CategoryAxis,982
Mon Sep 02 15:17:30 EDT 2019 org.jfree.chart.axis.CategoryAxis,984
Mon Sep 02 16:27:47 EDT 2019 org.jfree.chart.axis.CategoryAxis,985
Mon Sep 02 16:29:06 EDT 2019 org.jfree.chart.axis.CategoryAxis,987
Mon Sep 02 16:29:07 EDT 2019 org.jfree.chart.axis.CategoryAxis,988
Mon Sep 02 16:29:09 EDT 2019 org.jfree.chart.axis.CategoryAxis,989
Mon Sep 02 16:29:10 EDT 2019 org.jfree.chart.axis.CategoryAxis,992
Mon Sep 02 16:38:29 EDT 2019 org.jfree.chart.axis.CategoryAxis,993
Mon Sep 02 16:38:31 EDT 2019 org.jfree.chart.axis.CategoryAxis,1005
Mon Sep 02 16:51:31 EDT 2019 org.jfree.chart.axis.CategoryAxis,1006
Mon Sep 02 16:51:33 EDT 2019 org.jfree.chart.axis.CategoryAxis,1007
Mon Sep 02 16:51:34 EDT 2019 org.jfree.chart.axis.CategoryAxis,1026
Timeout time : 19/09/02 18:24
