=================================================
Project : chart_3	start : 19/09/02 13:22
Current failed test : org.jfree.data.time.junit.TimeSeriesTests::testCreateCopy3 | 19/09/02 13:22
Mon Sep 02 13:22:55 EDT 2019 org.jfree.data.time.TimeSeries,1050
Mon Sep 02 13:23:56 EDT 2019 org.jfree.data.time.TimeSeries,1053
Mon Sep 02 13:24:53 EDT 2019 org.jfree.data.time.TimeSeries,1056
Mon Sep 02 13:44:03 EDT 2019 org.jfree.data.time.TimeSeries,1057
Mon Sep 02 14:06:41 EDT 2019 org.jfree.data.time.TimeSeries,1058
Mon Sep 02 14:06:42 EDT 2019 org.jfree.data.time.TimeSeries,1059
Mon Sep 02 14:06:44 EDT 2019 org.jfree.data.time.TimeSeries,1060
Mon Sep 02 14:06:45 EDT 2019 org.jfree.data.time.TimeSeries,1062
Mon Sep 02 14:06:46 EDT 2019 org.jfree.data.time.TimeSeries,1064
Mon Sep 02 14:06:47 EDT 2019 Mon Sep 02 14:06:47 EDT 2019 : org.jfree.data.time.TimeSeries,1068=>Find no block
Mon Sep 02 14:06:48 EDT 2019 org.jfree.data.time.TimeSeries,1071
Mon Sep 02 14:09:26 EDT 2019 org.jfree.data.time.TimeSeries,564
Mon Sep 02 14:11:21 EDT 2019 Mon Sep 02 14:11:21 EDT 2019 : org.jfree.data.time.TimeSeries,565=>Find no block
Mon Sep 02 14:11:23 EDT 2019 org.jfree.data.general.Series,243
Mon Sep 02 14:18:24 EDT 2019 org.jfree.data.general.Series,244
Mon Sep 02 14:18:25 EDT 2019 org.jfree.data.general.Series,245
Mon Sep 02 14:18:27 EDT 2019 org.jfree.data.general.Series,246
Mon Sep 02 14:18:28 EDT 2019 org.jfree.data.time.TimeSeries,345
Mon Sep 02 14:18:32 EDT 2019 org.jfree.data.time.TimeSeries,360
Mon Sep 02 14:18:36 EDT 2019 org.jfree.data.time.TimeSeries,653
Mon Sep 02 14:20:08 EDT 2019 Mon Sep 02 14:20:08 EDT 2019 : org.jfree.data.time.TimeSeries,654=>Find no block
Mon Sep 02 14:20:09 EDT 2019 org.jfree.data.time.TimeSeries,666
Mon Sep 02 14:23:53 EDT 2019 org.jfree.data.time.TimeSeries,667
Mon Sep 02 14:23:54 EDT 2019 Mon Sep 02 14:23:54 EDT 2019 : org.jfree.data.time.TimeSeries,668=>Find no block
Mon Sep 02 14:23:55 EDT 2019 org.jfree.data.time.Year,171
Mon Sep 02 14:23:59 EDT 2019 org.jfree.data.time.Year,253
Mon Sep 02 14:24:01 EDT 2019 org.jfree.data.time.Year,348
Mon Sep 02 14:24:39 EDT 2019 org.jfree.data.time.Year,349
Mon Sep 02 14:24:40 EDT 2019 org.jfree.data.time.Year,350
Mon Sep 02 14:24:41 EDT 2019 Mon Sep 02 14:24:41 EDT 2019 : org.jfree.data.time.Year,351=>Find no block
Mon Sep 02 14:24:42 EDT 2019 org.jfree.data.time.Year,367
Mon Sep 02 14:27:46 EDT 2019 org.jfree.data.time.TimeSeriesDataItem,121
Mon Sep 02 14:28:03 EDT 2019 Mon Sep 02 14:28:03 EDT 2019 : org.jfree.data.time.TimeSeriesDataItem,122=>Find no block
Mon Sep 02 14:28:04 EDT 2019 Mon Sep 02 14:28:04 EDT 2019 : org.jfree.data.time.Year,114=>Find no block
Mon Sep 02 14:28:05 EDT 2019 org.jfree.data.time.Year,115
Mon Sep 02 14:37:29 EDT 2019 org.jfree.data.time.Year,119
Mon Sep 02 14:46:14 EDT 2019 org.jfree.data.time.Year,120
Mon Sep 02 14:46:15 EDT 2019 Mon Sep 02 14:46:15 EDT 2019 : org.jfree.data.time.Year,121=>Find no block
Mon Sep 02 14:46:17 EDT 2019 org.jfree.data.time.Year,211
Mon Sep 02 14:46:54 EDT 2019 org.jfree.data.time.Year,212
Mon Sep 02 14:46:55 EDT 2019 Mon Sep 02 14:46:55 EDT 2019 : org.jfree.data.time.Year,213=>Find no block
Mon Sep 02 14:46:56 EDT 2019 org.jfree.data.time.Year,268
Mon Sep 02 14:50:52 EDT 2019 org.jfree.data.time.Year,269
Mon Sep 02 14:50:54 EDT 2019 org.jfree.data.time.Year,272
Mon Sep 02 14:50:55 EDT 2019 org.jfree.data.time.Year,287
Mon Sep 02 14:54:53 EDT 2019 org.jfree.data.time.Year,288
Mon Sep 02 14:54:54 EDT 2019 org.jfree.data.time.Year,291
Mon Sep 02 14:54:55 EDT 2019 org.jfree.data.time.TimeSeries,680
Mon Sep 02 14:54:57 EDT 2019 Mon Sep 02 14:54:57 EDT 2019 : org.jfree.data.time.TimeSeries,681=>Find no block
Mon Sep 02 14:54:58 EDT 2019 org.jfree.data.time.TimeSeries,693
Mon Sep 02 14:54:59 EDT 2019 org.jfree.data.time.TimeSeries,694
Mon Sep 02 14:55:00 EDT 2019 Mon Sep 02 14:55:00 EDT 2019 : org.jfree.data.time.TimeSeries,695=>Find no block
Mon Sep 02 14:55:01 EDT 2019 org.jfree.data.time.TimeSeries,429
Mon Sep 02 14:55:39 EDT 2019 org.jfree.data.time.TimeSeries,463
Mon Sep 02 14:55:55 EDT 2019 org.jfree.data.time.TimeSeries,584
Mon Sep 02 15:05:37 EDT 2019 org.jfree.data.time.TimeSeries,603
Mon Sep 02 15:21:52 EDT 2019 org.jfree.data.time.TimeSeries,604
Mon Sep 02 15:24:53 EDT 2019 org.jfree.data.time.TimeSeries,605
Mon Sep 02 15:25:09 EDT 2019 org.jfree.data.time.TimeSeries,606
Mon Sep 02 15:25:11 EDT 2019 org.jfree.data.time.TimeSeries,878
Mon Sep 02 15:37:39 EDT 2019 org.jfree.data.time.TimeSeries,879
Mon Sep 02 15:37:40 EDT 2019 Mon Sep 02 15:37:40 EDT 2019 : org.jfree.data.time.TimeSeries,881=>Find no block
Mon Sep 02 15:37:41 EDT 2019 org.jfree.data.time.TimeSeries,885
Mon Sep 02 15:43:39 EDT 2019 org.jfree.data.time.TimeSeries,1269
Mon Sep 02 15:44:51 EDT 2019 org.jfree.data.time.TimeSeries,1273
Mon Sep 02 15:44:52 EDT 2019 org.jfree.data.time.TimeSeries,1292
Mon Sep 02 15:46:12 EDT 2019 org.jfree.data.time.TimeSeries,1296
Mon Sep 02 15:46:19 EDT 2019 Mon Sep 02 15:46:19 EDT 2019 : org.jfree.data.time.RegularTimePeriod,71=>Find no block
Mon Sep 02 15:46:20 EDT 2019 Mon Sep 02 15:46:20 EDT 2019 : org.jfree.data.time.TimeSeriesDataItem,105=>Find no block
Mon Sep 02 15:46:26 EDT 2019 org.jfree.data.time.TimeSeriesDataItem,106
Mon Sep 02 15:46:32 EDT 2019 org.jfree.data.time.TimeSeriesDataItem,109
Mon Sep 02 15:47:58 EDT 2019 org.jfree.data.time.TimeSeriesDataItem,110
Mon Sep 02 15:47:59 EDT 2019 org.jfree.data.time.TimeSeriesDataItem,111
Mon Sep 02 15:48:09 EDT 2019 Mon Sep 02 15:48:09 EDT 2019 : org.jfree.data.time.TimeSeriesDataItem,112=>Find no block
Mon Sep 02 15:48:12 EDT 2019 org.jfree.data.time.TimeSeriesDataItem,130
Mon Sep 02 15:48:24 EDT 2019 org.jfree.data.time.TimeSeriesDataItem,141
Mon Sep 02 15:48:40 EDT 2019 org.jfree.data.time.TimeSeriesDataItem,266
Mon Sep 02 15:55:18 EDT 2019 org.jfree.data.time.TimeSeriesDataItem,268
Mon Sep 02 15:55:26 EDT 2019 Mon Sep 02 15:55:26 EDT 2019 : org.jfree.data.time.TimeSeriesDataItem,272=>Find no block
Mon Sep 02 15:55:33 EDT 2019 org.jfree.data.time.TimeSeriesDataItem,273
Mon Sep 02 15:55:37 EDT 2019 org.jfree.data.time.TimeSeries,576
Mon Sep 02 15:57:12 EDT 2019 org.jfree.data.time.TimeSeries,579
Mon Sep 02 16:00:37 EDT 2019 org.jfree.data.time.TimeSeries,580
Mon Sep 02 16:00:38 EDT 2019 org.jfree.data.time.TimeSeries,581
Mon Sep 02 16:01:42 EDT 2019 org.jfree.data.time.TimeSeries,582
Mon Sep 02 16:01:48 EDT 2019 org.jfree.data.time.TimeSeries,596
Mon Sep 02 16:03:49 EDT 2019 org.jfree.data.time.TimeSeries,597
Mon Sep 02 16:03:51 EDT 2019 org.jfree.data.time.TimeSeries,598
Mon Sep 02 16:23:54 EDT 2019 org.jfree.data.time.TimeSeries,599
Mon Sep 02 16:23:55 EDT 2019 org.jfree.data.time.TimeSeries,600
Mon Sep 02 16:23:56 EDT 2019 org.jfree.data.time.TimeSeries,626

----------------------------------------
----------------------------------------
Pass Single Test : [=>0,0]
findBoundsByIteration();
if(added){
updateBoundsForAddedItem(item);
if(getItemCount()>this.maximumItemCount){
TimeSeriesDataItem d=(TimeSeriesDataItem)this.data.remove(0);
updateBoundsForRemovedItem(d);
}
removeAgedItems(false);
if(notify){
fireSeriesChanged();
}
}

Time : 19/09/02 16:26
----------------------------------------

----------------------------------------
----------------------------------------
Similar code block : 1.5145909208469572 : [/home/mmotwani/mywork1dir/Defects4Java7/defects4j/SIMFIX_RQ1/chart/chart_3_buggy/source/org/jfree/data/time/TimeSeries.java=>0,0]
if(end<start){
throw new IllegalArgumentException("Requires start <= end.");
}
for(int i=0;i<=(end-start);i++){
this.data.remove(start);
}
findBoundsByIteration();
if(this.data.isEmpty()){
this.timePeriodClass=null;
}
if(notify){
fireSeriesChanged();
}

Time : 19/09/02 16:27
----------------------------------------

----------------------------------------
----------------------------------------
Original source code : [/home/mmotwani/mywork1dir/Defects4Java7/defects4j/SIMFIX_RQ1/chart/chart_3_buggy/source/org/jfree/data/time/TimeSeries.java=>626,640]
if(added){
updateBoundsForAddedItem(item);
if(getItemCount()>this.maximumItemCount){
TimeSeriesDataItem d=(TimeSeriesDataItem)this.data.remove(0);
updateBoundsForRemovedItem(d);
}
removeAgedItems(false);
if(notify){
fireSeriesChanged();
}
}

Time : 19/09/02 16:27
----------------------------------------

----------------------------------------
----------------------------------------
Find a patch : [/home/mmotwani/mywork1dir/Defects4Java7/defects4j/SIMFIX_RQ1/chart/chart_3_buggy/source/org/jfree/data/time/TimeSeries.java=>626,640]
findBoundsByIteration();
if(added){
updateBoundsForAddedItem(item);
if(getItemCount()>this.maximumItemCount){
TimeSeriesDataItem d=(TimeSeriesDataItem)this.data.remove(0);
updateBoundsForRemovedItem(d);
}
removeAgedItems(false);
if(notify){
fireSeriesChanged();
}
}

Time : 19/09/02 16:27
----------------------------------------
Success time : 19/09/02 16:27
