=================================================
Project : chart_4	start : 19/09/02 13:22
Current failed test : org.jfree.chart.axis.junit.LogAxisTests::testXYAutoRange1 | 19/09/02 13:22
Mon Sep 02 13:23:44 EDT 2019 org.jfree.chart.plot.XYPlot,4479
Mon Sep 02 13:24:22 EDT 2019 org.jfree.data.general.DatasetUtilities,647
Mon Sep 02 13:25:27 EDT 2019 org.jfree.data.xy.XYSeries,192
Mon Sep 02 13:25:31 EDT 2019 org.jfree.data.xy.XYSeries,207
Mon Sep 02 13:25:36 EDT 2019 org.jfree.data.xy.XYSeriesCollection,577
Mon Sep 02 13:39:07 EDT 2019 org.jfree.data.xy.XYSeriesCollection,578
Mon Sep 02 13:39:11 EDT 2019 org.jfree.data.xy.XYSeriesCollection,581
Mon Sep 02 13:40:10 EDT 2019 org.jfree.data.xy.XYSeriesCollection,582
Mon Sep 02 13:40:11 EDT 2019 org.jfree.data.xy.XYSeriesCollection,583
Mon Sep 02 13:46:09 EDT 2019 org.jfree.data.xy.XYSeriesCollection,584
Mon Sep 02 13:46:11 EDT 2019 org.jfree.data.xy.XYSeriesCollection,585
Mon Sep 02 13:46:12 EDT 2019 org.jfree.data.xy.XYSeriesCollection,586
Mon Sep 02 13:46:14 EDT 2019 org.jfree.data.xy.XYSeriesCollection,587
Mon Sep 02 13:46:15 EDT 2019 org.jfree.data.xy.XYSeriesCollection,588
Mon Sep 02 13:46:17 EDT 2019 org.jfree.data.xy.XYSeriesCollection,590
Mon Sep 02 13:46:18 EDT 2019 org.jfree.data.xy.XYSeriesCollection,591
Mon Sep 02 13:46:20 EDT 2019 org.jfree.data.xy.XYSeriesCollection,592
Mon Sep 02 13:46:22 EDT 2019 org.jfree.data.xy.XYSeriesCollection,595
Mon Sep 02 13:46:23 EDT 2019 org.jfree.data.xy.XYSeriesCollection,599
Mon Sep 02 13:46:24 EDT 2019 org.jfree.data.general.DatasetUtilities,670
Mon Sep 02 13:47:11 EDT 2019 org.jfree.data.general.DatasetUtilities,671
Mon Sep 02 13:47:13 EDT 2019 Mon Sep 02 13:47:13 EDT 2019 : org.jfree.data.general.DatasetUtilities,672=>Find no block
Mon Sep 02 13:47:14 EDT 2019 org.jfree.data.xy.IntervalXYDelegate,150
Mon Sep 02 13:47:18 EDT 2019 org.jfree.data.xy.IntervalXYDelegate,177
Mon Sep 02 13:47:22 EDT 2019 org.jfree.data.xy.IntervalXYDelegate,240
Mon Sep 02 13:47:53 EDT 2019 org.jfree.data.xy.IntervalXYDelegate,247
Mon Sep 02 13:47:54 EDT 2019 org.jfree.data.xy.IntervalXYDelegate,367
Mon Sep 02 13:50:57 EDT 2019 org.jfree.data.xy.IntervalXYDelegate,368
Mon Sep 02 13:52:10 EDT 2019 org.jfree.data.xy.IntervalXYDelegate,369
Mon Sep 02 13:52:11 EDT 2019 org.jfree.data.xy.IntervalXYDelegate,370
Mon Sep 02 13:52:12 EDT 2019 org.jfree.data.xy.IntervalXYDelegate,371
Mon Sep 02 13:52:13 EDT 2019 org.jfree.data.xy.IntervalXYDelegate,374
Mon Sep 02 13:52:14 EDT 2019 org.jfree.data.general.DatasetUtilities,663
Mon Sep 02 13:53:33 EDT 2019 org.jfree.data.general.DatasetUtilities,667
Mon Sep 02 13:55:55 EDT 2019 org.jfree.data.general.DatasetUtilities,669
Mon Sep 02 13:55:56 EDT 2019 org.jfree.data.general.DatasetUtilities,676
Mon Sep 02 13:55:57 EDT 2019 org.jfree.chart.plot.XYPlot,1749
Mon Sep 02 13:56:29 EDT 2019 org.jfree.data.xy.XYSeries,143
Mon Sep 02 13:56:34 EDT 2019 Mon Sep 02 13:56:34 EDT 2019 : org.jfree.data.xy.XYSeries,144=>Find no block
Mon Sep 02 13:56:35 EDT 2019 org.jfree.data.xy.XYDataItem,218
Mon Sep 02 13:58:20 EDT 2019 org.jfree.data.xy.XYDataItem,219
Mon Sep 02 14:00:14 EDT 2019 org.jfree.data.xy.XYDataItem,220
Mon Sep 02 14:00:15 EDT 2019 org.jfree.data.xy.XYDataItem,222
Mon Sep 02 14:00:16 EDT 2019 org.jfree.data.xy.XYDataItem,226
Mon Sep 02 14:00:17 EDT 2019 org.jfree.data.xy.XYDataItem,227
Mon Sep 02 14:00:19 EDT 2019 Mon Sep 02 14:00:19 EDT 2019 : org.jfree.data.xy.XYDataItem,233=>Find no block
Mon Sep 02 14:00:20 EDT 2019 org.jfree.data.xy.XYDataItem,242
Mon Sep 02 14:04:25 EDT 2019 org.jfree.chart.plot.XYPlot,1576
Mon Sep 02 14:04:29 EDT 2019 org.jfree.data.xy.XYSeriesCollection,253
Mon Sep 02 14:09:21 EDT 2019 org.jfree.data.xy.XYSeriesCollection,256
Mon Sep 02 14:16:47 EDT 2019 org.jfree.data.xy.XYSeriesCollection,118
Mon Sep 02 14:21:44 EDT 2019 org.jfree.data.xy.XYSeriesCollection,119
Mon Sep 02 14:21:45 EDT 2019 org.jfree.data.xy.AbstractXYDataset,127
Mon Sep 02 14:22:27 EDT 2019 org.jfree.data.xy.AbstractXYDataset,128
Mon Sep 02 14:22:28 EDT 2019 Mon Sep 02 14:22:28 EDT 2019 : org.jfree.data.xy.AbstractXYDataset,129=>Find no block
Mon Sep 02 14:22:29 EDT 2019 org.jfree.chart.ChartFactory,1482
Mon Sep 02 14:23:48 EDT 2019 org.jfree.chart.ChartFactory,1485
Mon Sep 02 14:26:01 EDT 2019 org.jfree.chart.ChartFactory,1486
Mon Sep 02 14:27:24 EDT 2019 org.jfree.chart.ChartFactory,1487
Mon Sep 02 14:28:34 EDT 2019 org.jfree.chart.ChartFactory,1488
Mon Sep 02 14:30:35 EDT 2019 org.jfree.chart.ChartFactory,1490
Mon Sep 02 14:34:12 EDT 2019 org.jfree.data.xy.XYSeries,703
Mon Sep 02 14:35:14 EDT 2019 org.jfree.data.xy.XYSeries,707
Mon Sep 02 14:35:15 EDT 2019 org.jfree.data.xy.XYSeries,726
Mon Sep 02 14:36:19 EDT 2019 org.jfree.data.xy.XYSeries,730
Mon Sep 02 14:36:20 EDT 2019 org.jfree.data.xy.XYSeries,509
Mon Sep 02 16:31:29 EDT 2019 org.jfree.data.xy.XYSeries,510
Mon Sep 02 16:36:53 EDT 2019 org.jfree.data.xy.XYSeries,511
Mon Sep 02 16:36:59 EDT 2019 Mon Sep 02 16:36:59 EDT 2019 : org.jfree.data.xy.XYSeries,532=>Find no block
Mon Sep 02 16:37:00 EDT 2019 org.jfree.data.xy.XYSeriesCollection,213
Mon Sep 02 16:37:41 EDT 2019 Mon Sep 02 16:37:41 EDT 2019 : org.jfree.data.xy.XYSeriesCollection,113=>Find no block
Mon Sep 02 16:37:42 EDT 2019 org.jfree.data.xy.XYSeriesCollection,114
Mon Sep 02 16:41:54 EDT 2019 org.jfree.data.xy.XYSeriesCollection,115
Mon Sep 02 16:41:56 EDT 2019 org.jfree.data.xy.XYSeriesCollection,116
Mon Sep 02 16:41:57 EDT 2019 org.jfree.data.xy.XYSeriesCollection,117
Mon Sep 02 16:41:58 EDT 2019 org.jfree.data.xy.XYSeriesCollection,121
Mon Sep 02 16:42:00 EDT 2019 Mon Sep 02 16:42:00 EDT 2019 : org.jfree.data.xy.XYSeriesCollection,122=>Find no block
Mon Sep 02 16:42:01 EDT 2019 org.jfree.data.general.Series,102
Mon Sep 02 16:42:06 EDT 2019 Mon Sep 02 16:42:06 EDT 2019 : org.jfree.data.general.Series,103=>Find no block
Mon Sep 02 16:42:16 EDT 2019 Mon Sep 02 16:42:16 EDT 2019 : org.jfree.data.general.Series,111=>Find no block
Mon Sep 02 16:42:17 EDT 2019 org.jfree.data.general.Series,112
Mon Sep 02 16:42:52 EDT 2019 org.jfree.data.general.Series,115
Mon Sep 02 16:45:35 EDT 2019 org.jfree.data.general.Series,116
Mon Sep 02 16:45:37 EDT 2019 org.jfree.data.general.Series,117
Mon Sep 02 16:45:38 EDT 2019 org.jfree.data.general.Series,118
Mon Sep 02 16:45:40 EDT 2019 org.jfree.data.general.Series,119
Mon Sep 02 16:45:41 EDT 2019 Mon Sep 02 16:45:41 EDT 2019 : org.jfree.data.general.Series,120=>Find no block
Mon Sep 02 16:45:42 EDT 2019 org.jfree.data.general.Series,295
Mon Sep 02 16:47:21 EDT 2019 Mon Sep 02 16:47:21 EDT 2019 : org.jfree.data.general.Series,296=>Find no block
Mon Sep 02 16:47:22 EDT 2019 org.jfree.data.general.Series,313
Mon Sep 02 16:48:50 EDT 2019 org.jfree.data.general.Series,314
Mon Sep 02 16:48:51 EDT 2019 Mon Sep 02 16:48:51 EDT 2019 : org.jfree.data.general.Series,316=>Find no block
Mon Sep 02 16:48:52 EDT 2019 org.jfree.data.general.Series,326
Mon Sep 02 16:56:10 EDT 2019 org.jfree.data.general.Series,327
Mon Sep 02 16:56:11 EDT 2019 Mon Sep 02 16:56:11 EDT 2019 : org.jfree.data.general.Series,334=>Find no block
Mon Sep 02 16:56:13 EDT 2019 org.jfree.data.general.SeriesChangeEvent,69
Mon Sep 02 16:56:17 EDT 2019 Mon Sep 02 16:56:17 EDT 2019 : org.jfree.data.general.SeriesChangeEvent,70=>Find no block
Mon Sep 02 16:56:19 EDT 2019 org.jfree.data.general.SeriesChangeEvent,81
Mon Sep 02 16:56:24 EDT 2019 org.jfree.data.general.SeriesChangeEvent,82
Mon Sep 02 16:56:25 EDT 2019 Mon Sep 02 16:56:25 EDT 2019 : org.jfree.data.general.SeriesChangeEvent,83=>Find no block
Mon Sep 02 16:56:26 EDT 2019 org.jfree.data.xy.XYSeries,248
Mon Sep 02 17:03:27 EDT 2019 org.jfree.data.xy.XYSeries,249
Mon Sep 02 17:03:29 EDT 2019 org.jfree.data.xy.XYSeries,250
Mon Sep 02 17:03:30 EDT 2019 org.jfree.data.xy.XYSeries,251
Mon Sep 02 17:03:32 EDT 2019 org.jfree.data.xy.XYSeries,252
Mon Sep 02 17:03:33 EDT 2019 org.jfree.data.xy.XYSeries,253
Mon Sep 02 17:03:35 EDT 2019 org.jfree.data.xy.XYSeries,254
Mon Sep 02 17:03:36 EDT 2019 Mon Sep 02 17:03:36 EDT 2019 : org.jfree.data.xy.XYSeries,256=>Find no block
Mon Sep 02 17:03:38 EDT 2019 org.jfree.data.xy.XYSeries,344
Mon Sep 02 17:03:39 EDT 2019 org.jfree.data.xy.XYSeries,412
Mon Sep 02 17:04:26 EDT 2019 Mon Sep 02 17:04:26 EDT 2019 : org.jfree.data.xy.XYSeries,413=>Find no block
Mon Sep 02 17:04:27 EDT 2019 org.jfree.data.xy.XYSeries,490
Mon Sep 02 17:07:11 EDT 2019 org.jfree.data.xy.XYSeries,491
Mon Sep 02 17:07:12 EDT 2019 Mon Sep 02 17:07:12 EDT 2019 : org.jfree.data.xy.XYSeries,492=>Find no block
Mon Sep 02 17:07:14 EDT 2019 org.jfree.data.xy.XYSeries,504
Mon Sep 02 17:07:51 EDT 2019 org.jfree.data.xy.XYSeries,507
Mon Sep 02 17:09:16 EDT 2019 org.jfree.data.xy.XYSeries,508
Mon Sep 02 17:21:53 EDT 2019 org.jfree.data.xy.XYSeries,544
Mon Sep 02 17:24:30 EDT 2019 org.jfree.data.xy.XYSeries,545
Mon Sep 02 17:25:49 EDT 2019 org.jfree.data.xy.XYSeries,549
Mon Sep 02 17:28:06 EDT 2019 org.jfree.data.xy.XYSeries,550
Mon Sep 02 17:28:08 EDT 2019 Mon Sep 02 17:28:08 EDT 2019 : org.jfree.data.xy.XYSeries,552=>Find no block
Mon Sep 02 17:28:09 EDT 2019 org.jfree.data.xy.XYSeries,699
Mon Sep 02 17:29:46 EDT 2019 org.jfree.data.xy.XYSeries,700
Mon Sep 02 17:29:47 EDT 2019 org.jfree.data.xy.XYSeries,722
Mon Sep 02 17:31:07 EDT 2019 org.jfree.data.xy.XYSeries,723
Mon Sep 02 17:31:08 EDT 2019 Mon Sep 02 17:31:08 EDT 2019 : org.jfree.data.xy.XYDataItem,83=>Find no block
Mon Sep 02 17:31:10 EDT 2019 org.jfree.data.xy.XYDataItem,84
Mon Sep 02 17:31:42 EDT 2019 org.jfree.data.xy.XYDataItem,87
Mon Sep 02 17:32:37 EDT 2019 org.jfree.data.xy.XYDataItem,88
Mon Sep 02 17:32:38 EDT 2019 org.jfree.data.xy.XYDataItem,89
Mon Sep 02 17:32:39 EDT 2019 Mon Sep 02 17:32:39 EDT 2019 : org.jfree.data.xy.XYDataItem,90=>Find no block
Mon Sep 02 17:32:41 EDT 2019 org.jfree.data.xy.XYDataItem,108
Mon Sep 02 17:32:45 EDT 2019 org.jfree.data.xy.XYDataItem,123
Mon Sep 02 17:32:50 EDT 2019 org.jfree.data.xy.XYDataItem,132
Mon Sep 02 17:32:55 EDT 2019 org.jfree.data.xy.XYDataItem,146
Mon Sep 02 17:35:18 EDT 2019 org.jfree.data.xy.XYDataItem,147
Mon Sep 02 17:36:12 EDT 2019 org.jfree.data.xy.XYDataItem,148
Mon Sep 02 17:36:13 EDT 2019 org.jfree.data.xy.XYDataItem,150
Mon Sep 02 17:36:15 EDT 2019 org.jfree.data.xy.XYDataItem,252
Mon Sep 02 17:40:56 EDT 2019 org.jfree.data.xy.XYDataItem,254
Mon Sep 02 17:40:57 EDT 2019 Mon Sep 02 17:40:57 EDT 2019 : org.jfree.data.xy.XYDataItem,258=>Find no block
Mon Sep 02 17:40:58 EDT 2019 org.jfree.data.xy.XYDataItem,259
Mon Sep 02 17:40:59 EDT 2019 org.jfree.data.xy.XYSeries,170
Mon Sep 02 17:46:25 EDT 2019 Mon Sep 02 17:46:25 EDT 2019 : org.jfree.data.xy.XYSeries,112=>Find no block
Mon Sep 02 17:46:26 EDT 2019 org.jfree.data.xy.XYSeries,171
Mon Sep 02 17:46:27 EDT 2019 org.jfree.data.xy.XYSeries,172
Mon Sep 02 17:46:28 EDT 2019 org.jfree.data.xy.XYSeries,173
Mon Sep 02 17:46:29 EDT 2019 org.jfree.data.xy.XYSeries,174
Mon Sep 02 17:46:31 EDT 2019 org.jfree.data.xy.XYSeries,175
Mon Sep 02 17:46:32 EDT 2019 org.jfree.data.xy.XYSeries,176
Mon Sep 02 17:46:33 EDT 2019 org.jfree.data.xy.XYSeries,177
Mon Sep 02 17:46:34 EDT 2019 Mon Sep 02 17:46:34 EDT 2019 : org.jfree.data.xy.XYSeries,178=>Find no block
Mon Sep 02 17:46:36 EDT 2019 org.jfree.chart.plot.XYPlot,1591
Mon Sep 02 17:53:01 EDT 2019 org.jfree.chart.plot.XYPlot,1589
Mon Sep 02 18:00:04 EDT 2019 org.jfree.chart.plot.XYPlot,1590
Mon Sep 02 18:00:05 EDT 2019 org.jfree.chart.plot.XYPlot,1593
Mon Sep 02 18:00:07 EDT 2019 Mon Sep 02 18:00:07 EDT 2019 : org.jfree.data.xy.AbstractIntervalXYDataset,51=>Find no block
Mon Sep 02 18:00:08 EDT 2019 org.jfree.chart.axis.NumberAxis,260
Mon Sep 02 18:03:22 EDT 2019 org.jfree.chart.axis.NumberAxis,261
Mon Sep 02 18:03:24 EDT 2019 org.jfree.chart.axis.NumberAxis,262
Mon Sep 02 18:03:25 EDT 2019 org.jfree.chart.axis.NumberAxis,263
Mon Sep 02 18:03:26 EDT 2019 org.jfree.chart.axis.NumberAxis,265
Mon Sep 02 18:03:28 EDT 2019 Mon Sep 02 18:03:28 EDT 2019 : org.jfree.chart.axis.NumberAxis,267=>Find no block
Mon Sep 02 18:03:29 EDT 2019 org.jfree.data.xy.IntervalXYDelegate,389
Mon Sep 02 18:03:34 EDT 2019 Mon Sep 02 18:03:34 EDT 2019 : org.jfree.data.xy.IntervalXYDelegate,392=>Find no block
Mon Sep 02 18:03:35 EDT 2019 org.jfree.chart.plot.XYPlot,648
Mon Sep 02 18:06:06 EDT 2019 org.jfree.chart.plot.XYPlot,4473
Mon Sep 02 18:07:15 EDT 2019 org.jfree.chart.plot.XYPlot,4474
Mon Sep 02 18:07:17 EDT 2019 org.jfree.chart.plot.XYPlot,4475
Mon Sep 02 18:07:18 EDT 2019 org.jfree.chart.plot.XYPlot,4493
Mon Sep 02 18:15:18 EDT 2019 Mon Sep 02 18:15:18 EDT 2019 : org.jfree.data.xy.IntervalXYDelegate,132=>Find no block
Mon Sep 02 18:15:19 EDT 2019 org.jfree.data.xy.IntervalXYDelegate,133
Mon Sep 02 18:15:20 EDT 2019 org.jfree.data.xy.IntervalXYDelegate,136
Mon Sep 02 18:17:31 EDT 2019 org.jfree.data.xy.IntervalXYDelegate,137
Mon Sep 02 18:17:32 EDT 2019 org.jfree.data.xy.IntervalXYDelegate,138
Mon Sep 02 18:17:33 EDT 2019 org.jfree.data.xy.IntervalXYDelegate,139
Mon Sep 02 18:17:34 EDT 2019 org.jfree.data.xy.IntervalXYDelegate,140
Mon Sep 02 18:17:35 EDT 2019 Mon Sep 02 18:17:35 EDT 2019 : org.jfree.data.xy.IntervalXYDelegate,141=>Find no block
Mon Sep 02 18:17:37 EDT 2019 org.jfree.chart.plot.XYPlot,1744
Timeout time : 19/09/02 18:23
