=================================================
Project : chart_5	start : 19/09/01 15:53
=================================================
Project : chart_5	start : 19/09/01 15:57
Current failed test : org.jfree.data.xy.junit.XYSeriesTests::testBug1955483 | 19/09/01 15:57
Sun Sep 01 15:59:05 EDT 2019 org.jfree.data.general.Series,295
Sun Sep 01 16:01:22 EDT 2019 org.jfree.data.xy.XYDataItem,120
Sun Sep 01 16:01:33 EDT 2019 org.jfree.data.xy.XYDataItem,179
Sun Sep 01 16:03:52 EDT 2019 org.jfree.data.xy.XYDataItem,180
Sun Sep 01 16:05:35 EDT 2019 org.jfree.data.xy.XYDataItem,181
Sun Sep 01 16:05:38 EDT 2019 org.jfree.data.xy.XYDataItem,183
Sun Sep 01 16:05:42 EDT 2019 org.jfree.data.xy.XYDataItem,187
Sun Sep 01 16:05:45 EDT 2019 Sun Sep 01 16:05:45 EDT 2019 : org.jfree.data.xy.XYDataItem,194=>Find no block
Sun Sep 01 16:05:48 EDT 2019 org.jfree.data.xy.XYDataItem,203
Sun Sep 01 16:09:58 EDT 2019 org.jfree.data.xy.XYDataItem,96
Sun Sep 01 16:10:07 EDT 2019 org.jfree.data.xy.XYDataItem,188
Sun Sep 01 16:10:09 EDT 2019 org.jfree.data.xy.XYSeries,454
Sun Sep 01 16:10:54 EDT 2019 org.jfree.data.xy.XYSeries,353
Sun Sep 01 16:26:31 EDT 2019 org.jfree.data.xy.XYSeries,354
Sun Sep 01 16:33:18 EDT 2019 org.jfree.data.xy.XYSeries,355
Sun Sep 01 16:33:30 EDT 2019 Sun Sep 01 16:33:30 EDT 2019 : org.jfree.data.xy.XYSeries,376=>Find no block
Sun Sep 01 16:33:33 EDT 2019 Sun Sep 01 16:33:33 EDT 2019 : org.jfree.data.xy.XYDataItem,72=>Find no block
Sun Sep 01 16:33:35 EDT 2019 org.jfree.data.xy.XYDataItem,73
Sun Sep 01 16:34:22 EDT 2019 org.jfree.data.xy.XYDataItem,76
Sun Sep 01 16:35:14 EDT 2019 org.jfree.data.xy.XYDataItem,77
Sun Sep 01 16:35:17 EDT 2019 Sun Sep 01 16:35:17 EDT 2019 : org.jfree.data.xy.XYDataItem,78=>Find no block
Sun Sep 01 16:35:20 EDT 2019 org.jfree.data.xy.XYSeries,186
Sun Sep 01 16:36:42 EDT 2019 org.jfree.data.general.Series,295
Sun Sep 01 16:36:44 EDT 2019 Sun Sep 01 16:36:44 EDT 2019 : org.jfree.data.general.Series,296=>Find no block
Sun Sep 01 16:36:47 EDT 2019 org.jfree.data.general.SeriesChangeEvent,61
Sun Sep 01 16:36:56 EDT 2019 Sun Sep 01 16:36:56 EDT 2019 : org.jfree.data.general.SeriesChangeEvent,62=>Find no block
Sun Sep 01 16:36:59 EDT 2019 org.jfree.data.general.Series,313
Sun Sep 01 16:38:47 EDT 2019 org.jfree.data.general.Series,314
Sun Sep 01 16:38:50 EDT 2019 Sun Sep 01 16:38:50 EDT 2019 : org.jfree.data.general.Series,316=>Find no block
Sun Sep 01 16:38:53 EDT 2019 org.jfree.data.general.Series,326
Sun Sep 01 16:49:11 EDT 2019 org.jfree.data.general.Series,327
Sun Sep 01 16:49:13 EDT 2019 Sun Sep 01 16:49:13 EDT 2019 : org.jfree.data.general.Series,334=>Find no block
Sun Sep 01 16:49:16 EDT 2019 org.jfree.data.xy.XYSeries,153
Sun Sep 01 16:51:51 EDT 2019 Sun Sep 01 16:51:51 EDT 2019 : org.jfree.data.xy.XYSeries,109=>Find no block
Sun Sep 01 16:51:55 EDT 2019 org.jfree.data.xy.XYSeries,154
Sun Sep 01 16:51:57 EDT 2019 org.jfree.data.xy.XYSeries,155
Sun Sep 01 16:52:01 EDT 2019 org.jfree.data.xy.XYSeries,156
Sun Sep 01 16:52:05 EDT 2019 Sun Sep 01 16:52:05 EDT 2019 : org.jfree.data.xy.XYSeries,157=>Find no block
Sun Sep 01 16:52:08 EDT 2019 org.jfree.data.xy.XYSeries,255
Sun Sep 01 16:53:07 EDT 2019 Sun Sep 01 16:53:07 EDT 2019 : org.jfree.data.xy.XYSeries,256=>Find no block
Sun Sep 01 16:53:10 EDT 2019 org.jfree.data.xy.XYSeries,333
Sun Sep 01 16:55:58 EDT 2019 org.jfree.data.xy.XYSeries,334
Sun Sep 01 16:56:01 EDT 2019 Sun Sep 01 16:56:01 EDT 2019 : org.jfree.data.xy.XYSeries,335=>Find no block
Sun Sep 01 16:56:04 EDT 2019 org.jfree.data.xy.XYSeries,348
Sun Sep 01 16:56:48 EDT 2019 org.jfree.data.xy.XYSeries,352
Sun Sep 01 17:03:45 EDT 2019 org.jfree.data.xy.XYSeries,388
Sun Sep 01 17:06:52 EDT 2019 org.jfree.data.xy.XYSeries,391
Sun Sep 01 17:08:32 EDT 2019 org.jfree.data.xy.XYSeries,392
Sun Sep 01 17:08:34 EDT 2019 Sun Sep 01 17:08:34 EDT 2019 : org.jfree.data.xy.XYSeries,394=>Find no block
Sun Sep 01 17:08:36 EDT 2019 org.jfree.data.general.Series,102
Sun Sep 01 17:08:43 EDT 2019 Sun Sep 01 17:08:43 EDT 2019 : org.jfree.data.general.Series,103=>Find no block
Sun Sep 01 17:08:46 EDT 2019 Sun Sep 01 17:08:46 EDT 2019 : org.jfree.data.general.Series,111=>Find no block
Sun Sep 01 17:08:48 EDT 2019 org.jfree.data.general.Series,112
Sun Sep 01 17:09:28 EDT 2019 org.jfree.data.general.Series,115
Sun Sep 01 17:12:46 EDT 2019 org.jfree.data.general.Series,116
Sun Sep 01 17:12:48 EDT 2019 org.jfree.data.general.Series,117
Sun Sep 01 17:12:50 EDT 2019 org.jfree.data.general.Series,118
Sun Sep 01 17:12:52 EDT 2019 org.jfree.data.general.Series,119
Sun Sep 01 17:12:54 EDT 2019 Sun Sep 01 17:12:54 EDT 2019 : org.jfree.data.general.Series,120=>Find no block
Sun Sep 01 17:12:56 EDT 2019 org.jfree.data.xy.XYSeries,177
Sun Sep 01 17:13:03 EDT 2019 org.jfree.data.xy.XYSeries,465
Sun Sep 01 17:14:23 EDT 2019 org.jfree.data.xy.XYSeries,125
Sun Sep 01 17:14:30 EDT 2019 Sun Sep 01 17:14:30 EDT 2019 : org.jfree.data.xy.XYSeries,126=>Find no block
Sun Sep 01 17:14:32 EDT 2019 org.jfree.data.xy.XYSeries,527
Sun Sep 01 17:14:40 EDT 2019 org.jfree.data.xy.XYSeries,564
Sun Sep 01 17:17:18 EDT 2019 org.jfree.data.xy.XYSeries,563
Sun Sep 01 17:17:20 EDT 2019 org.jfree.data.xy.XYSeries,570
Sun Sep 01 17:17:22 EDT 2019 org.jfree.data.xy.XYSeries,541
Sun Sep 01 17:17:24 EDT 2019 org.jfree.data.xy.XYSeries,546
Sun Sep 01 17:20:53 EDT 2019 org.jfree.data.xy.XYSeries,547
Sun Sep 01 17:20:56 EDT 2019 org.jfree.data.xy.XYSeries,548
Sun Sep 01 17:30:31 EDT 2019 org.jfree.data.xy.XYSeries,574
Sun Sep 01 17:43:43 EDT 2019 org.jfree.data.xy.XYSeries,575
Sun Sep 01 17:43:46 EDT 2019 org.jfree.data.xy.XYSeries,590
Sun Sep 01 17:56:47 EDT 2019 org.jfree.data.xy.XYDataItem,191
Sun Sep 01 17:56:49 EDT 2019 org.jfree.data.xy.XYSeries,281
Sun Sep 01 17:58:00 EDT 2019 Sun Sep 01 17:58:00 EDT 2019 : org.jfree.data.xy.XYSeries,282=>Find no block
Sun Sep 01 17:58:03 EDT 2019 org.jfree.data.xy.XYSeries,589
Sun Sep 01 17:58:05 EDT 2019 org.jfree.data.xy.XYSeries,315
Sun Sep 01 17:59:01 EDT 2019 Sun Sep 01 17:59:01 EDT 2019 : org.jfree.data.xy.XYSeries,316=>Find no block
Sun Sep 01 17:59:03 EDT 2019 org.jfree.data.general.SeriesException,61
Sun Sep 01 17:59:10 EDT 2019 Sun Sep 01 17:59:10 EDT 2019 : org.jfree.data.general.SeriesException,62=>Find no block
Sun Sep 01 17:59:14 EDT 2019 org.jfree.data.general.Series,113
Sun Sep 01 17:59:16 EDT 2019 org.jfree.data.general.Series,130
Sun Sep 01 17:59:56 EDT 2019 org.jfree.data.general.Series,142
Sun Sep 01 17:59:58 EDT 2019 org.jfree.data.general.Series,143
Sun Sep 01 18:00:00 EDT 2019 org.jfree.data.general.Series,145
Sun Sep 01 18:03:41 EDT 2019 org.jfree.data.general.Series,146
Sun Sep 01 18:03:44 EDT 2019 org.jfree.data.general.Series,147
Sun Sep 01 18:03:46 EDT 2019 Sun Sep 01 18:03:46 EDT 2019 : org.jfree.data.general.Series,148=>Find no block
Sun Sep 01 18:03:48 EDT 2019 org.jfree.data.general.Series,158
Sun Sep 01 18:03:56 EDT 2019 org.jfree.data.general.Series,170
Sun Sep 01 18:09:46 EDT 2019 org.jfree.data.general.Series,171
Sun Sep 01 18:09:49 EDT 2019 org.jfree.data.general.Series,172
Sun Sep 01 18:09:51 EDT 2019 Sun Sep 01 18:09:51 EDT 2019 : org.jfree.data.general.Series,174=>Find no block
Sun Sep 01 18:09:53 EDT 2019 org.jfree.data.general.Series,185
Sun Sep 01 18:10:02 EDT 2019 org.jfree.data.general.Series,197
Sun Sep 01 18:21:06 EDT 2019 org.jfree.data.general.Series,198
Sun Sep 01 18:21:07 EDT 2019 org.jfree.data.general.Series,199
Sun Sep 01 18:21:09 EDT 2019 Sun Sep 01 18:21:09 EDT 2019 : org.jfree.data.general.Series,201=>Find no block
Sun Sep 01 18:21:11 EDT 2019 org.jfree.data.general.Series,212
Sun Sep 01 18:21:17 EDT 2019 org.jfree.data.general.Series,241
Sun Sep 01 18:29:26 EDT 2019 org.jfree.data.general.Series,242
Sun Sep 01 18:29:28 EDT 2019 org.jfree.data.general.Series,243
Sun Sep 01 18:29:30 EDT 2019 org.jfree.data.general.Series,244
Sun Sep 01 18:29:32 EDT 2019 org.jfree.data.general.Series,256
Sun Sep 01 18:31:46 EDT 2019 org.jfree.data.general.Series,257
Sun Sep 01 18:31:49 EDT 2019 org.jfree.data.general.Series,259
Sun Sep 01 18:32:28 EDT 2019 org.jfree.data.general.Series,260
Sun Sep 01 18:32:30 EDT 2019 org.jfree.data.general.Series,262
Sun Sep 01 18:38:17 EDT 2019 org.jfree.data.general.Series,263
Sun Sep 01 18:38:19 EDT 2019 org.jfree.data.general.Series,264
Sun Sep 01 18:38:21 EDT 2019 org.jfree.data.general.Series,266
Sun Sep 01 18:38:28 EDT 2019 org.jfree.data.general.Series,267
Sun Sep 01 18:38:30 EDT 2019 org.jfree.data.general.Series,269
Sun Sep 01 18:39:21 EDT 2019 org.jfree.data.general.Series,279
Sun Sep 01 18:41:29 EDT 2019 org.jfree.data.general.Series,280
Sun Sep 01 18:41:32 EDT 2019 org.jfree.data.general.Series,282
Sun Sep 01 18:41:34 EDT 2019 org.jfree.data.general.Series,305
Sun Sep 01 18:43:01 EDT 2019 Sun Sep 01 18:43:01 EDT 2019 : org.jfree.data.general.Series,306=>Find no block
Sun Sep 01 18:43:03 EDT 2019 org.jfree.data.general.Series,328
Sun Sep 01 18:43:05 EDT 2019 org.jfree.data.general.Series,329
Sun Sep 01 18:43:07 EDT 2019 org.jfree.data.general.Series,342
Sun Sep 01 18:44:14 EDT 2019 Sun Sep 01 18:44:14 EDT 2019 : org.jfree.data.general.Series,343=>Find no block
Sun Sep 01 18:44:16 EDT 2019 org.jfree.data.general.Series,351
Sun Sep 01 18:45:26 EDT 2019 Sun Sep 01 18:45:26 EDT 2019 : org.jfree.data.general.Series,352=>Find no block
Sun Sep 01 18:45:29 EDT 2019 org.jfree.data.general.Series,363
Sun Sep 01 18:49:12 EDT 2019 Sun Sep 01 18:49:12 EDT 2019 : org.jfree.data.general.Series,365=>Find no block
Sun Sep 01 18:49:15 EDT 2019 org.jfree.data.xy.XYSeries,137
Sun Sep 01 18:49:37 EDT 2019 Sun Sep 01 18:49:37 EDT 2019 : org.jfree.data.xy.XYSeries,138=>Find no block
Sun Sep 01 18:49:38 EDT 2019 org.jfree.data.xy.XYSeries,167
Sun Sep 01 18:49:44 EDT 2019 org.jfree.data.xy.XYSeries,196
Sun Sep 01 18:51:03 EDT 2019 org.jfree.data.xy.XYSeries,207
Sun Sep 01 18:51:11 EDT 2019 org.jfree.data.xy.XYSeries,225
Sun Sep 01 19:01:43 EDT 2019 org.jfree.data.xy.XYSeries,226
Sun Sep 01 19:01:45 EDT 2019 org.jfree.data.xy.XYSeries,227
Sun Sep 01 19:01:48 EDT 2019 org.jfree.data.xy.XYSeries,228
Sun Sep 01 19:01:50 EDT 2019 org.jfree.data.xy.XYSeries,229
Sun Sep 01 19:01:52 EDT 2019 org.jfree.data.xy.XYSeries,231
Sun Sep 01 19:01:54 EDT 2019 org.jfree.data.xy.XYSeries,232
Sun Sep 01 19:01:56 EDT 2019 Sun Sep 01 19:01:56 EDT 2019 : org.jfree.data.xy.XYSeries,234=>Find no block
Sun Sep 01 19:01:58 EDT 2019 org.jfree.data.xy.XYSeries,244
Sun Sep 01 19:03:47 EDT 2019 Sun Sep 01 19:03:47 EDT 2019 : org.jfree.data.xy.XYSeries,245=>Find no block
Sun Sep 01 19:03:49 EDT 2019 org.jfree.data.xy.XYSeries,269
Sun Sep 01 19:05:15 EDT 2019 Sun Sep 01 19:05:15 EDT 2019 : org.jfree.data.xy.XYSeries,270=>Find no block
Sun Sep 01 19:05:17 EDT 2019 org.jfree.data.xy.XYSeries,296
Sun Sep 01 19:06:53 EDT 2019 Sun Sep 01 19:06:53 EDT 2019 : org.jfree.data.xy.XYSeries,297=>Find no block
Sun Sep 01 19:06:55 EDT 2019 org.jfree.data.xy.XYSeries,349
Sun Sep 01 19:06:58 EDT 2019 org.jfree.data.xy.XYSeries,358
Sun Sep 01 19:07:00 EDT 2019 org.jfree.data.xy.XYSeries,360
Sun Sep 01 19:10:52 EDT 2019 Sun Sep 01 19:10:52 EDT 2019 : org.jfree.data.xy.XYSeries,362=>Find no block
Sun Sep 01 19:10:54 EDT 2019 org.jfree.data.xy.XYSeries,363
Sun Sep 01 19:10:56 EDT 2019 org.jfree.data.xy.XYSeries,365
Sun Sep 01 19:10:58 EDT 2019 org.jfree.data.xy.XYSeries,366
Sun Sep 01 19:11:00 EDT 2019 org.jfree.data.xy.XYSeries,369
Sun Sep 01 19:11:02 EDT 2019 Sun Sep 01 19:11:02 EDT 2019 : org.jfree.data.xy.XYSeries,371=>Find no block
Sun Sep 01 19:11:05 EDT 2019 org.jfree.data.xy.XYSeries,373
Sun Sep 01 19:11:07 EDT 2019 org.jfree.data.xy.XYSeries,378
Sun Sep 01 19:11:10 EDT 2019 org.jfree.data.xy.XYSeries,381
Sun Sep 01 19:11:12 EDT 2019 org.jfree.data.xy.XYSeries,382
Sun Sep 01 19:11:14 EDT 2019 org.jfree.data.xy.XYSeries,383
Sun Sep 01 19:11:16 EDT 2019 org.jfree.data.xy.XYSeries,386
Sun Sep 01 19:15:35 EDT 2019 org.jfree.data.xy.XYSeries,389
Sun Sep 01 19:15:37 EDT 2019 org.jfree.data.xy.XYSeries,404
Sun Sep 01 19:28:05 EDT 2019 org.jfree.data.xy.XYSeries,405
Sun Sep 01 19:28:11 EDT 2019 org.jfree.data.xy.XYSeries,407
Sun Sep 01 19:40:15 EDT 2019 Sun Sep 01 19:40:15 EDT 2019 : org.jfree.data.xy.XYSeries,408=>Find no block
Sun Sep 01 19:40:17 EDT 2019 org.jfree.data.xy.XYSeries,419
Sun Sep 01 19:43:52 EDT 2019 org.jfree.data.xy.XYSeries,420
Sun Sep 01 19:43:54 EDT 2019 org.jfree.data.xy.XYSeries,421
Sun Sep 01 19:43:59 EDT 2019 org.jfree.data.xy.XYSeries,433
Sun Sep 01 19:44:06 EDT 2019 org.jfree.data.xy.XYSeries,440
Sun Sep 01 19:44:46 EDT 2019 org.jfree.data.xy.XYSeries,441
Sun Sep 01 19:44:48 EDT 2019 org.jfree.data.xy.XYSeries,442
Sun Sep 01 19:44:53 EDT 2019 Sun Sep 01 19:44:53 EDT 2019 : org.jfree.data.xy.XYSeries,444=>Find no block
Sun Sep 01 19:44:55 EDT 2019 org.jfree.data.xy.XYSeries,476
=================================================
Project : chart_5	start : 19/09/02 12:59
Current failed test : org.jfree.data.xy.junit.XYSeriesTests::testBug1955483 | 19/09/02 12:59
Mon Sep 02 12:59:54 EDT 2019 org.jfree.data.xy.XYSeries,527
Mon Sep 02 13:00:00 EDT 2019 org.jfree.data.xy.XYSeries,564
Mon Sep 02 13:01:49 EDT 2019 org.jfree.data.xy.XYSeries,563
Mon Sep 02 13:01:50 EDT 2019 org.jfree.data.xy.XYSeries,570
Mon Sep 02 13:04:47 EDT 2019 org.jfree.data.xy.XYSeries,541
Mon Sep 02 13:05:15 EDT 2019 org.jfree.data.xy.XYSeries,546
Mon Sep 02 13:07:37 EDT 2019 org.jfree.data.xy.XYSeries,547
Mon Sep 02 13:07:38 EDT 2019 org.jfree.data.xy.XYSeries,548
Mon Sep 02 13:14:27 EDT 2019 org.jfree.data.xy.XYSeries,574
Mon Sep 02 13:24:03 EDT 2019 org.jfree.data.xy.XYSeries,575
Mon Sep 02 13:24:04 EDT 2019 org.jfree.data.xy.XYSeries,590
Mon Sep 02 13:33:45 EDT 2019 org.jfree.data.xy.XYDataItem,191
Mon Sep 02 13:34:11 EDT 2019 org.jfree.data.xy.XYSeries,589
Mon Sep 02 13:34:12 EDT 2019 org.jfree.data.xy.XYDataItem,179
Mon Sep 02 13:35:25 EDT 2019 org.jfree.data.xy.XYDataItem,180
Mon Sep 02 13:36:30 EDT 2019 org.jfree.data.xy.XYDataItem,181
Mon Sep 02 13:36:31 EDT 2019 org.jfree.data.xy.XYDataItem,183
Mon Sep 02 13:36:31 EDT 2019 org.jfree.data.xy.XYDataItem,187
Mon Sep 02 13:36:32 EDT 2019 Mon Sep 02 13:36:32 EDT 2019 : org.jfree.data.xy.XYDataItem,194=>Find no block
Mon Sep 02 13:36:33 EDT 2019 org.jfree.data.xy.XYDataItem,203
Mon Sep 02 13:39:19 EDT 2019 org.jfree.data.xy.XYDataItem,96
Mon Sep 02 13:39:23 EDT 2019 Mon Sep 02 13:39:23 EDT 2019 : org.jfree.data.xy.XYDataItem,72=>Find no block
Mon Sep 02 13:39:24 EDT 2019 org.jfree.data.xy.XYDataItem,73
Mon Sep 02 13:39:25 EDT 2019 org.jfree.data.xy.XYDataItem,76
Mon Sep 02 13:39:56 EDT 2019 org.jfree.data.xy.XYDataItem,77
Mon Sep 02 13:39:57 EDT 2019 Mon Sep 02 13:39:57 EDT 2019 : org.jfree.data.xy.XYDataItem,78=>Find no block
Mon Sep 02 13:39:58 EDT 2019 org.jfree.data.xy.XYSeries,186
Mon Sep 02 13:40:50 EDT 2019 org.jfree.data.general.SeriesChangeEvent,61
Mon Sep 02 13:40:53 EDT 2019 Mon Sep 02 13:40:53 EDT 2019 : org.jfree.data.general.SeriesChangeEvent,62=>Find no block
Mon Sep 02 13:40:54 EDT 2019 org.jfree.data.general.Series,313
Mon Sep 02 13:42:19 EDT 2019 org.jfree.data.general.Series,314
Mon Sep 02 13:42:22 EDT 2019 Mon Sep 02 13:42:22 EDT 2019 : org.jfree.data.general.Series,316=>Find no block
Mon Sep 02 13:42:23 EDT 2019 org.jfree.data.general.Series,326
Mon Sep 02 13:49:06 EDT 2019 org.jfree.data.general.Series,327
Mon Sep 02 13:49:07 EDT 2019 Mon Sep 02 13:49:07 EDT 2019 : org.jfree.data.general.Series,334=>Find no block
Mon Sep 02 13:49:08 EDT 2019 org.jfree.data.xy.XYSeries,153
Mon Sep 02 13:50:49 EDT 2019 Mon Sep 02 13:50:49 EDT 2019 : org.jfree.data.xy.XYSeries,109=>Find no block
Mon Sep 02 13:50:50 EDT 2019 org.jfree.data.xy.XYSeries,154
Mon Sep 02 13:50:51 EDT 2019 org.jfree.data.xy.XYSeries,155
Mon Sep 02 13:50:52 EDT 2019 org.jfree.data.xy.XYSeries,156
Mon Sep 02 13:50:54 EDT 2019 Mon Sep 02 13:50:54 EDT 2019 : org.jfree.data.xy.XYSeries,157=>Find no block
Mon Sep 02 13:50:55 EDT 2019 org.jfree.data.general.Series,102
Mon Sep 02 13:50:59 EDT 2019 Mon Sep 02 13:50:59 EDT 2019 : org.jfree.data.general.Series,103=>Find no block
Mon Sep 02 13:51:00 EDT 2019 Mon Sep 02 13:51:00 EDT 2019 : org.jfree.data.general.Series,111=>Find no block
Mon Sep 02 13:51:01 EDT 2019 org.jfree.data.general.Series,112
Mon Sep 02 13:51:30 EDT 2019 org.jfree.data.general.Series,115
Mon Sep 02 13:53:48 EDT 2019 org.jfree.data.general.Series,116
Mon Sep 02 13:53:49 EDT 2019 org.jfree.data.general.Series,117
Mon Sep 02 13:53:50 EDT 2019 org.jfree.data.general.Series,118
Mon Sep 02 13:53:52 EDT 2019 org.jfree.data.general.Series,119
Mon Sep 02 13:53:53 EDT 2019 Mon Sep 02 13:53:53 EDT 2019 : org.jfree.data.general.Series,120=>Find no block
Mon Sep 02 13:53:54 EDT 2019 org.jfree.data.general.SeriesException,61
Mon Sep 02 13:53:58 EDT 2019 Mon Sep 02 13:53:58 EDT 2019 : org.jfree.data.general.SeriesException,62=>Find no block
Mon Sep 02 13:53:59 EDT 2019 org.jfree.data.general.Series,113
Mon Sep 02 13:54:00 EDT 2019 org.jfree.data.general.Series,130
Mon Sep 02 13:54:28 EDT 2019 org.jfree.data.general.Series,142
Mon Sep 02 13:54:29 EDT 2019 org.jfree.data.general.Series,143
Mon Sep 02 13:54:30 EDT 2019 org.jfree.data.general.Series,145
Mon Sep 02 13:57:03 EDT 2019 org.jfree.data.general.Series,146
Mon Sep 02 13:57:04 EDT 2019 org.jfree.data.general.Series,147
Mon Sep 02 13:57:05 EDT 2019 Mon Sep 02 13:57:05 EDT 2019 : org.jfree.data.general.Series,148=>Find no block
Mon Sep 02 13:57:07 EDT 2019 org.jfree.data.general.Series,158
Mon Sep 02 13:57:11 EDT 2019 org.jfree.data.general.Series,170
Mon Sep 02 14:01:14 EDT 2019 org.jfree.data.general.Series,171
Mon Sep 02 14:01:15 EDT 2019 org.jfree.data.general.Series,172
Mon Sep 02 14:01:16 EDT 2019 Mon Sep 02 14:01:16 EDT 2019 : org.jfree.data.general.Series,174=>Find no block
Mon Sep 02 14:01:17 EDT 2019 org.jfree.data.general.Series,185
Mon Sep 02 14:01:20 EDT 2019 org.jfree.data.general.Series,197
Mon Sep 02 14:09:08 EDT 2019 org.jfree.data.general.Series,198
Mon Sep 02 14:09:09 EDT 2019 org.jfree.data.general.Series,199
Mon Sep 02 14:09:10 EDT 2019 Mon Sep 02 14:09:10 EDT 2019 : org.jfree.data.general.Series,201=>Find no block
Mon Sep 02 14:09:11 EDT 2019 org.jfree.data.general.Series,212
Mon Sep 02 14:09:15 EDT 2019 org.jfree.data.general.Series,241
Mon Sep 02 14:15:42 EDT 2019 org.jfree.data.general.Series,242
Mon Sep 02 14:15:43 EDT 2019 org.jfree.data.general.Series,243
Mon Sep 02 14:15:44 EDT 2019 org.jfree.data.general.Series,244
Mon Sep 02 14:15:45 EDT 2019 org.jfree.data.general.Series,256
Mon Sep 02 14:17:19 EDT 2019 org.jfree.data.general.Series,257
Mon Sep 02 14:17:20 EDT 2019 org.jfree.data.general.Series,259
Mon Sep 02 14:17:49 EDT 2019 org.jfree.data.general.Series,260
Mon Sep 02 14:17:50 EDT 2019 org.jfree.data.general.Series,262
Mon Sep 02 14:22:05 EDT 2019 org.jfree.data.general.Series,263
Mon Sep 02 14:22:06 EDT 2019 org.jfree.data.general.Series,264
Mon Sep 02 14:22:07 EDT 2019 org.jfree.data.general.Series,266
Mon Sep 02 14:22:11 EDT 2019 org.jfree.data.general.Series,267
Mon Sep 02 14:22:12 EDT 2019 org.jfree.data.general.Series,269
Mon Sep 02 14:22:50 EDT 2019 org.jfree.data.general.Series,279
Mon Sep 02 14:24:22 EDT 2019 org.jfree.data.general.Series,280
Mon Sep 02 14:24:23 EDT 2019 org.jfree.data.general.Series,282
Mon Sep 02 14:24:24 EDT 2019 org.jfree.data.general.Series,295
Mon Sep 02 14:25:49 EDT 2019 Mon Sep 02 14:25:49 EDT 2019 : org.jfree.data.general.Series,296=>Find no block
Mon Sep 02 14:25:50 EDT 2019 org.jfree.data.general.Series,305
Mon Sep 02 14:26:53 EDT 2019 Mon Sep 02 14:26:53 EDT 2019 : org.jfree.data.general.Series,306=>Find no block
Mon Sep 02 14:26:54 EDT 2019 org.jfree.data.general.Series,328
Mon Sep 02 14:26:55 EDT 2019 org.jfree.data.general.Series,329
Mon Sep 02 14:26:56 EDT 2019 org.jfree.data.general.Series,342
Mon Sep 02 14:27:41 EDT 2019 Mon Sep 02 14:27:41 EDT 2019 : org.jfree.data.general.Series,343=>Find no block
Mon Sep 02 14:27:42 EDT 2019 org.jfree.data.general.Series,351
Mon Sep 02 14:28:28 EDT 2019 Mon Sep 02 14:28:28 EDT 2019 : org.jfree.data.general.Series,352=>Find no block
Mon Sep 02 14:28:29 EDT 2019 org.jfree.data.general.Series,363
Mon Sep 02 14:31:04 EDT 2019 Mon Sep 02 14:31:04 EDT 2019 : org.jfree.data.general.Series,365=>Find no block
Mon Sep 02 14:31:04 EDT 2019 org.jfree.data.xy.XYSeries,125
Mon Sep 02 14:31:08 EDT 2019 Mon Sep 02 14:31:08 EDT 2019 : org.jfree.data.xy.XYSeries,126=>Find no block
Mon Sep 02 14:31:09 EDT 2019 org.jfree.data.xy.XYSeries,137
Mon Sep 02 14:31:25 EDT 2019 Mon Sep 02 14:31:25 EDT 2019 : org.jfree.data.xy.XYSeries,138=>Find no block
Mon Sep 02 14:31:26 EDT 2019 org.jfree.data.xy.XYSeries,167
Mon Sep 02 14:31:29 EDT 2019 org.jfree.data.xy.XYSeries,177
Mon Sep 02 14:31:33 EDT 2019 org.jfree.data.xy.XYSeries,196
Mon Sep 02 14:32:28 EDT 2019 org.jfree.data.xy.XYSeries,207
Mon Sep 02 14:32:32 EDT 2019 org.jfree.data.xy.XYSeries,225
Mon Sep 02 14:40:14 EDT 2019 org.jfree.data.xy.XYSeries,226
Mon Sep 02 14:40:15 EDT 2019 org.jfree.data.xy.XYSeries,227
Mon Sep 02 14:40:16 EDT 2019 org.jfree.data.xy.XYSeries,228
Mon Sep 02 14:40:17 EDT 2019 org.jfree.data.xy.XYSeries,229
Mon Sep 02 14:40:18 EDT 2019 org.jfree.data.xy.XYSeries,231
Mon Sep 02 14:40:19 EDT 2019 org.jfree.data.xy.XYSeries,232
Mon Sep 02 14:40:20 EDT 2019 Mon Sep 02 14:40:20 EDT 2019 : org.jfree.data.xy.XYSeries,234=>Find no block
Mon Sep 02 14:40:21 EDT 2019 org.jfree.data.xy.XYSeries,244
Mon Sep 02 14:41:37 EDT 2019 Mon Sep 02 14:41:37 EDT 2019 : org.jfree.data.xy.XYSeries,245=>Find no block
Mon Sep 02 14:41:38 EDT 2019 org.jfree.data.xy.XYSeries,255
Mon Sep 02 14:42:17 EDT 2019 Mon Sep 02 14:42:17 EDT 2019 : org.jfree.data.xy.XYSeries,256=>Find no block
Mon Sep 02 14:42:18 EDT 2019 org.jfree.data.xy.XYSeries,269
Mon Sep 02 14:43:18 EDT 2019 Mon Sep 02 14:43:18 EDT 2019 : org.jfree.data.xy.XYSeries,270=>Find no block
Mon Sep 02 14:43:18 EDT 2019 org.jfree.data.xy.XYSeries,281
Mon Sep 02 14:44:11 EDT 2019 Mon Sep 02 14:44:11 EDT 2019 : org.jfree.data.xy.XYSeries,282=>Find no block
Mon Sep 02 14:44:12 EDT 2019 org.jfree.data.xy.XYSeries,296
Mon Sep 02 14:45:17 EDT 2019 Mon Sep 02 14:45:17 EDT 2019 : org.jfree.data.xy.XYSeries,297=>Find no block
Mon Sep 02 14:45:18 EDT 2019 org.jfree.data.xy.XYSeries,315
Mon Sep 02 14:45:59 EDT 2019 Mon Sep 02 14:45:59 EDT 2019 : org.jfree.data.xy.XYSeries,316=>Find no block
Mon Sep 02 14:46:00 EDT 2019 org.jfree.data.xy.XYSeries,333
Mon Sep 02 14:47:53 EDT 2019 org.jfree.data.xy.XYSeries,334
Mon Sep 02 14:47:54 EDT 2019 Mon Sep 02 14:47:54 EDT 2019 : org.jfree.data.xy.XYSeries,335=>Find no block
Mon Sep 02 14:47:54 EDT 2019 org.jfree.data.xy.XYSeries,348
Mon Sep 02 14:48:22 EDT 2019 org.jfree.data.xy.XYSeries,349
Mon Sep 02 14:48:23 EDT 2019 org.jfree.data.xy.XYSeries,352
Mon Sep 02 15:06:16 EDT 2019 org.jfree.data.xy.XYSeries,353
Mon Sep 02 15:06:30 EDT 2019 org.jfree.data.xy.XYSeries,354
Mon Sep 02 15:06:31 EDT 2019 org.jfree.data.xy.XYSeries,355
Mon Sep 02 15:06:35 EDT 2019 org.jfree.data.xy.XYSeries,358
Mon Sep 02 15:06:36 EDT 2019 org.jfree.data.xy.XYSeries,360
Mon Sep 02 15:09:18 EDT 2019 Mon Sep 02 15:09:18 EDT 2019 : org.jfree.data.xy.XYSeries,362=>Find no block
Mon Sep 02 15:09:19 EDT 2019 org.jfree.data.xy.XYSeries,363
Mon Sep 02 15:09:20 EDT 2019 org.jfree.data.xy.XYSeries,365
Mon Sep 02 15:09:21 EDT 2019 org.jfree.data.xy.XYSeries,366
Mon Sep 02 15:09:22 EDT 2019 org.jfree.data.xy.XYSeries,369
Mon Sep 02 15:09:23 EDT 2019 Mon Sep 02 15:09:23 EDT 2019 : org.jfree.data.xy.XYSeries,371=>Find no block
Mon Sep 02 15:09:24 EDT 2019 org.jfree.data.xy.XYSeries,373
Mon Sep 02 15:09:25 EDT 2019 Mon Sep 02 15:09:25 EDT 2019 : org.jfree.data.xy.XYSeries,376=>Find no block
Mon Sep 02 15:09:26 EDT 2019 org.jfree.data.xy.XYSeries,378
Mon Sep 02 15:09:27 EDT 2019 org.jfree.data.xy.XYSeries,381
Mon Sep 02 15:09:28 EDT 2019 org.jfree.data.xy.XYSeries,382
Mon Sep 02 15:09:29 EDT 2019 org.jfree.data.xy.XYSeries,383
Mon Sep 02 15:09:30 EDT 2019 org.jfree.data.xy.XYSeries,386
Mon Sep 02 15:12:52 EDT 2019 org.jfree.data.xy.XYSeries,388
Mon Sep 02 15:12:53 EDT 2019 org.jfree.data.xy.XYSeries,389
Mon Sep 02 15:12:54 EDT 2019 org.jfree.data.xy.XYSeries,391
Mon Sep 02 15:14:05 EDT 2019 org.jfree.data.xy.XYSeries,392
Mon Sep 02 15:14:07 EDT 2019 Mon Sep 02 15:14:07 EDT 2019 : org.jfree.data.xy.XYSeries,394=>Find no block
Mon Sep 02 15:14:08 EDT 2019 org.jfree.data.xy.XYSeries,404
Mon Sep 02 15:23:28 EDT 2019 org.jfree.data.xy.XYSeries,405
Mon Sep 02 15:23:29 EDT 2019 org.jfree.data.xy.XYSeries,407
Mon Sep 02 15:32:46 EDT 2019 Mon Sep 02 15:32:46 EDT 2019 : org.jfree.data.xy.XYSeries,408=>Find no block
Mon Sep 02 15:32:47 EDT 2019 org.jfree.data.xy.XYSeries,419
Mon Sep 02 15:35:24 EDT 2019 org.jfree.data.xy.XYSeries,420
Mon Sep 02 15:35:25 EDT 2019 org.jfree.data.xy.XYSeries,421
Mon Sep 02 15:35:26 EDT 2019 org.jfree.data.xy.XYSeries,433
Mon Sep 02 15:35:30 EDT 2019 org.jfree.data.xy.XYSeries,440
Mon Sep 02 15:36:04 EDT 2019 org.jfree.data.xy.XYSeries,441
Mon Sep 02 15:36:05 EDT 2019 org.jfree.data.xy.XYSeries,442
Mon Sep 02 15:36:06 EDT 2019 Mon Sep 02 15:36:06 EDT 2019 : org.jfree.data.xy.XYSeries,444=>Find no block
Mon Sep 02 15:36:07 EDT 2019 org.jfree.data.xy.XYSeries,454
Mon Sep 02 15:36:36 EDT 2019 org.jfree.data.xy.XYSeries,465
Mon Sep 02 15:37:31 EDT 2019 org.jfree.data.xy.XYSeries,476
Mon Sep 02 15:38:20 EDT 2019 org.jfree.data.xy.XYSeries,489
Mon Sep 02 15:40:02 EDT 2019 org.jfree.data.xy.XYSeries,490
Mon Sep 02 15:40:03 EDT 2019 org.jfree.data.xy.XYSeries,491
Mon Sep 02 15:40:04 EDT 2019 Mon Sep 02 15:40:04 EDT 2019 : org.jfree.data.xy.XYSeries,492=>Find no block
Mon Sep 02 15:40:05 EDT 2019 org.jfree.data.xy.XYSeries,504
Mon Sep 02 15:45:26 EDT 2019 org.jfree.data.xy.XYSeries,505
Mon Sep 02 15:50:07 EDT 2019 org.jfree.data.xy.XYSeries,506
Mon Sep 02 15:50:08 EDT 2019 org.jfree.data.xy.XYSeries,509
Mon Sep 02 15:50:09 EDT 2019 org.jfree.data.xy.XYSeries,510
Mon Sep 02 15:50:10 EDT 2019 org.jfree.data.xy.XYSeries,511
Mon Sep 02 15:50:12 EDT 2019 Mon Sep 02 15:50:12 EDT 2019 : org.jfree.data.xy.XYSeries,513=>Find no block
Mon Sep 02 15:50:13 EDT 2019 org.jfree.data.xy.XYSeries,542
Mon Sep 02 15:50:14 EDT 2019 org.jfree.data.xy.XYSeries,549
Mon Sep 02 15:57:01 EDT 2019 org.jfree.data.xy.XYSeries,551
Mon Sep 02 16:03:46 EDT 2019 Mon Sep 02 16:03:46 EDT 2019 : org.jfree.data.xy.XYSeries,555=>Find no block
Mon Sep 02 16:03:48 EDT 2019 Mon Sep 02 16:03:48 EDT 2019 : org.jfree.data.xy.XYSeries,553=>Find no block
Mon Sep 02 16:03:49 EDT 2019 org.jfree.data.xy.XYSeries,554
Mon Sep 02 16:03:50 EDT 2019 org.jfree.data.xy.XYSeries,556
Mon Sep 02 16:05:21 EDT 2019 Mon Sep 02 16:05:21 EDT 2019 : org.jfree.data.xy.XYSeries,557=>Find no block
Mon Sep 02 16:05:23 EDT 2019 org.jfree.data.xy.XYSeries,567
Mon Sep 02 16:05:24 EDT 2019 org.jfree.data.xy.XYSeries,571
Mon Sep 02 16:05:25 EDT 2019 org.jfree.data.xy.XYSeries,593
Mon Sep 02 16:05:26 EDT 2019 org.jfree.data.xy.XYSeries,594
Mon Sep 02 16:05:27 EDT 2019 org.jfree.data.xy.XYSeries,595
Mon Sep 02 16:05:28 EDT 2019 org.jfree.data.xy.XYSeries,596
Mon Sep 02 16:05:29 EDT 2019 org.jfree.data.xy.XYSeries,599
Mon Sep 02 16:05:30 EDT 2019 org.jfree.data.xy.XYSeries,611
Failed time : 19/09/02 16:12
