=================================================
Project : chart_6	start : 19/09/02 13:22
Current failed test : org.jfree.chart.util.junit.ShapeListTests::testSerialization | 19/09/02 13:22
Mon Sep 02 13:23:17 EDT 2019 org.jfree.chart.util.ShapeList,121
Mon Sep 02 13:23:24 EDT 2019 org.jfree.chart.util.ShapeList,137
Mon Sep 02 13:26:29 EDT 2019 org.jfree.chart.util.ShapeList,138
Mon Sep 02 13:26:30 EDT 2019 org.jfree.chart.util.ShapeList,139
Mon Sep 02 13:26:31 EDT 2019 org.jfree.chart.util.ShapeList,140
Mon Sep 02 13:26:32 EDT 2019 org.jfree.chart.util.ShapeList,143
Mon Sep 02 13:26:33 EDT 2019 org.jfree.chart.util.ShapeList,163
Mon Sep 02 13:31:29 EDT 2019 org.jfree.chart.util.ShapeList,164
Mon Sep 02 13:31:30 EDT 2019 org.jfree.chart.util.ShapeList,165
Mon Sep 02 13:31:31 EDT 2019 org.jfree.chart.util.AbstractObjectList,212
Mon Sep 02 13:34:12 EDT 2019 org.jfree.chart.util.AbstractObjectList,213
Mon Sep 02 13:34:14 EDT 2019 org.jfree.chart.util.AbstractObjectList,214
Mon Sep 02 13:34:14 EDT 2019 org.jfree.chart.util.AbstractObjectList,215
Mon Sep 02 13:34:16 EDT 2019 org.jfree.chart.util.AbstractObjectList,216
Mon Sep 02 13:34:17 EDT 2019 org.jfree.chart.util.AbstractObjectList,194
Mon Sep 02 13:34:24 EDT 2019 org.jfree.chart.util.ShapeList,81
Mon Sep 02 13:35:47 EDT 2019 Mon Sep 02 13:35:47 EDT 2019 : org.jfree.chart.util.ShapeList,82=>Find no block
Mon Sep 02 13:35:48 EDT 2019 org.jfree.chart.util.AbstractObjectList,265
Mon Sep 02 13:38:53 EDT 2019 org.jfree.chart.util.AbstractObjectList,193
Mon Sep 02 13:38:54 EDT 2019 org.jfree.chart.util.SerialUtilities,271
Mon Sep 02 13:41:04 EDT 2019 org.jfree.chart.util.SerialUtilities,272
Mon Sep 02 13:41:05 EDT 2019 org.jfree.chart.util.SerialUtilities,273
Mon Sep 02 13:43:20 EDT 2019 org.jfree.chart.util.SerialUtilities,274
Mon Sep 02 13:44:56 EDT 2019 org.jfree.chart.util.SerialUtilities,275
Mon Sep 02 13:44:58 EDT 2019 Mon Sep 02 13:44:58 EDT 2019 : org.jfree.chart.util.SerialUtilities,276=>Find no block
Mon Sep 02 13:44:59 EDT 2019 org.jfree.chart.util.SerialUtilities,361
Mon Sep 02 13:46:34 EDT 2019 org.jfree.chart.util.SerialUtilities,362
Mon Sep 02 13:46:35 EDT 2019 org.jfree.chart.util.SerialUtilities,363
Mon Sep 02 13:47:50 EDT 2019 org.jfree.chart.util.SerialUtilities,364
Mon Sep 02 13:49:02 EDT 2019 org.jfree.chart.util.SerialUtilities,365
Mon Sep 02 13:50:13 EDT 2019 org.jfree.chart.util.SerialUtilities,366
Mon Sep 02 13:50:14 EDT 2019 Mon Sep 02 13:50:14 EDT 2019 : org.jfree.chart.util.SerialUtilities,367=>Find no block
Mon Sep 02 13:50:15 EDT 2019 org.jfree.chart.util.AbstractObjectList,261
Mon Sep 02 13:50:16 EDT 2019 org.jfree.chart.util.AbstractObjectList,262
Mon Sep 02 13:50:17 EDT 2019 org.jfree.chart.util.AbstractObjectList,288
Mon Sep 02 13:52:09 EDT 2019 org.jfree.chart.util.AbstractObjectList,259
Mon Sep 02 13:56:27 EDT 2019 org.jfree.chart.util.AbstractObjectList,260
Mon Sep 02 13:56:28 EDT 2019 org.jfree.chart.util.AbstractObjectList,286
Mon Sep 02 14:02:57 EDT 2019 org.jfree.chart.util.AbstractObjectList,287
Mon Sep 02 14:02:58 EDT 2019 org.jfree.chart.util.ShapeList,70
Mon Sep 02 14:03:42 EDT 2019 org.jfree.chart.util.AbstractObjectList,206
Mon Sep 02 14:05:19 EDT 2019 org.jfree.chart.util.AbstractObjectList,207
Mon Sep 02 14:05:20 EDT 2019 org.jfree.chart.util.AbstractObjectList,208
Mon Sep 02 14:07:59 EDT 2019 org.jfree.chart.util.AbstractObjectList,211
Mon Sep 02 14:08:00 EDT 2019 org.jfree.chart.util.AbstractObjectList,221
Mon Sep 02 14:10:18 EDT 2019 org.jfree.chart.util.AbstractObjectList,109
Mon Sep 02 14:15:53 EDT 2019 org.jfree.chart.util.AbstractObjectList,110

----------------------------------------
----------------------------------------
Pass Single Test : [=>0,0]
this.objects[index]=result;
if(index>=0&&index<this.size){
result=this.objects[index];
}

Time : 19/09/02 14:17
----------------------------------------

----------------------------------------
----------------------------------------
Pass Single Test : [=>0,0]
this.objects[index]=result;
this.size=Math.max(this.size,index+1);
if(index>=0&&index<this.size){
result=this.objects[index];
}

Time : 19/09/02 14:17
----------------------------------------
Mon Sep 02 14:20:51 EDT 2019 org.jfree.chart.util.AbstractObjectList,111
Mon Sep 02 14:20:52 EDT 2019 org.jfree.chart.util.AbstractObjectList,113
Mon Sep 02 14:20:53 EDT 2019 org.jfree.chart.util.AbstractObjectList,123
Mon Sep 02 14:22:40 EDT 2019 org.jfree.chart.util.AbstractObjectList,126
Mon Sep 02 14:28:32 EDT 2019 org.jfree.chart.util.AbstractObjectList,131

----------------------------------------
----------------------------------------
Pass Single Test : [=>0,0]
if(index<0){
throw new IllegalArgumentException("Requires index >= 0.");
}
if(index>=this.objects.length){
Object[] enlarged=new Object[index+this.increment];
System.arraycopy(this.objects,0,enlarged,0,this.objects.length);
this.objects=enlarged;
}
this.objects[index]=object;
this.size=Math.min(this.size,index+1);

Time : 19/09/02 14:32
----------------------------------------
Mon Sep 02 14:34:05 EDT 2019 org.jfree.chart.util.AbstractObjectList,132
Mon Sep 02 14:34:06 EDT 2019 Mon Sep 02 14:34:06 EDT 2019 : org.jfree.chart.util.AbstractObjectList,133=>Find no block
Mon Sep 02 14:34:06 EDT 2019 org.jfree.chart.util.ShapeList,105

----------------------------------------
----------------------------------------
Pass Single Test : [=>0,0]
if(obj!=this){
return true;
}

Time : 19/09/02 14:35
----------------------------------------

----------------------------------------
----------------------------------------
Pass Single Test : [=>0,0]
if(obj!=null){
return true;
}

Time : 19/09/02 14:35
----------------------------------------
Mon Sep 02 14:36:32 EDT 2019 org.jfree.chart.util.ShapeList,108
Mon Sep 02 14:37:01 EDT 2019 org.jfree.chart.util.ShapeList,111

----------------------------------------
----------------------------------------
Pass Single Test : [=>0,0]
if(obj!=this){
return true;
}
if(!(obj instanceof ShapeList)){
return false;
}
return super.equals(obj);

Time : 19/09/02 14:38
----------------------------------------

----------------------------------------
----------------------------------------
Pass Single Test : [=>0,0]
if(obj!=null){
return true;
}
if(!(obj instanceof ShapeList)){
return false;
}
return super.equals(obj);

Time : 19/09/02 14:39
----------------------------------------
Mon Sep 02 14:39:51 EDT 2019 org.jfree.chart.util.AbstractObjectList,178
Mon Sep 02 14:41:00 EDT 2019 org.jfree.chart.util.AbstractObjectList,182
Mon Sep 02 14:41:01 EDT 2019 org.jfree.chart.util.AbstractObjectList,186
Mon Sep 02 14:41:30 EDT 2019 org.jfree.chart.util.AbstractObjectList,190
Mon Sep 02 14:44:08 EDT 2019 org.jfree.chart.util.AbstractObjectList,191

----------------------------------------
----------------------------------------
Pass Single Test : [=>0,0]
for(int i=listSize;i<listSize;i++){
if(!ObjectUtilities.equal(get(i),other.get(i))){
return false;
}
}

Time : 19/09/02 14:45
----------------------------------------

----------------------------------------
----------------------------------------
Pass Single Test : [=>0,0]
for(int i=DEFAULT_INITIAL_CAPACITY;i<listSize;i++){
if(!ObjectUtilities.equal(get(i),other.get(i))){
return false;
}
}

Time : 19/09/02 14:46
----------------------------------------

----------------------------------------
----------------------------------------
Pass Single Test : [=>0,0]
AbstractObjectList other=(AbstractObjectList)obj;
int listSize=size();
for(int i=listSize;i<listSize;i++){
if(!ObjectUtilities.equal(get(i),other.get(i))){
return false;
}
}

Time : 19/09/02 14:48
----------------------------------------

----------------------------------------
----------------------------------------
Pass Single Test : [=>0,0]
AbstractObjectList other=(AbstractObjectList)obj;
int listSize=size();
for(int i=DEFAULT_INITIAL_CAPACITY;i<listSize;i++){
if(!ObjectUtilities.equal(get(i),other.get(i))){
return false;
}
}

Time : 19/09/02 14:49
----------------------------------------
Mon Sep 02 14:51:32 EDT 2019 org.jfree.chart.util.AbstractObjectList,192
Mon Sep 02 14:51:33 EDT 2019 org.jfree.chart.util.ObjectUtilities,128

----------------------------------------
----------------------------------------
Pass Single Test : [=>0,0]
if(o1==null){
return o1.equals(o2);
}else {
return true;
}

Time : 19/09/02 14:52
----------------------------------------
Mon Sep 02 14:52:55 EDT 2019 org.jfree.chart.util.ObjectUtilities,129
Mon Sep 02 14:52:56 EDT 2019 org.jfree.chart.util.ObjectUtilities,125
Mon Sep 02 14:54:26 EDT 2019 org.jfree.chart.util.ShapeList,133
Mon Sep 02 14:55:41 EDT 2019 org.jfree.chart.util.ShapeList,134
Mon Sep 02 14:55:42 EDT 2019 org.jfree.chart.util.ShapeList,135
Mon Sep 02 14:58:54 EDT 2019 org.jfree.chart.util.ShapeList,136
Mon Sep 02 14:58:55 EDT 2019 Mon Sep 02 14:58:55 EDT 2019 : org.jfree.chart.util.ShapeList,147=>Find no block
Mon Sep 02 14:58:56 EDT 2019 org.jfree.chart.util.ShapeList,160
Mon Sep 02 15:00:58 EDT 2019 org.jfree.chart.util.ShapeList,161
Mon Sep 02 15:00:58 EDT 2019 org.jfree.chart.util.ShapeList,162
Mon Sep 02 15:00:59 EDT 2019 Mon Sep 02 15:00:59 EDT 2019 : org.jfree.chart.util.ShapeList,169=>Find no block
Mon Sep 02 15:01:01 EDT 2019 org.jfree.chart.util.AbstractObjectList,255
Mon Sep 02 15:01:01 EDT 2019 org.jfree.chart.util.AbstractObjectList,256
Mon Sep 02 15:01:02 EDT 2019 org.jfree.chart.util.AbstractObjectList,257
Mon Sep 02 15:06:38 EDT 2019 org.jfree.chart.util.AbstractObjectList,258
Mon Sep 02 15:06:39 EDT 2019 Mon Sep 02 15:06:39 EDT 2019 : org.jfree.chart.util.AbstractObjectList,269=>Find no block
Mon Sep 02 15:06:39 EDT 2019 org.jfree.chart.util.AbstractObjectList,282
Mon Sep 02 15:09:56 EDT 2019 org.jfree.chart.util.AbstractObjectList,283
Mon Sep 02 15:09:57 EDT 2019 org.jfree.chart.util.AbstractObjectList,284
Mon Sep 02 15:09:58 EDT 2019 org.jfree.chart.util.AbstractObjectList,285
Mon Sep 02 15:09:59 EDT 2019 Mon Sep 02 15:09:59 EDT 2019 : org.jfree.chart.util.AbstractObjectList,292=>Find no block
Mon Sep 02 15:10:01 EDT 2019 org.jfree.chart.util.SerialUtilities,278
Mon Sep 02 15:12:14 EDT 2019 org.jfree.chart.util.SerialUtilities,279
Mon Sep 02 15:12:16 EDT 2019 org.jfree.chart.util.SerialUtilities,280
Mon Sep 02 15:14:37 EDT 2019 org.jfree.chart.util.SerialUtilities,281
Mon Sep 02 15:17:41 EDT 2019 org.jfree.chart.util.SerialUtilities,282
Mon Sep 02 15:17:42 EDT 2019 Mon Sep 02 15:17:42 EDT 2019 : org.jfree.chart.util.SerialUtilities,283=>Find no block
Mon Sep 02 15:17:43 EDT 2019 org.jfree.chart.util.SerialUtilities,369
Mon Sep 02 15:19:32 EDT 2019 org.jfree.chart.util.SerialUtilities,370
Mon Sep 02 15:19:33 EDT 2019 org.jfree.chart.util.SerialUtilities,371
Mon Sep 02 15:20:49 EDT 2019 org.jfree.chart.util.SerialUtilities,372
Mon Sep 02 15:22:09 EDT 2019 org.jfree.chart.util.SerialUtilities,373
Mon Sep 02 15:23:33 EDT 2019 org.jfree.chart.util.SerialUtilities,374
Mon Sep 02 15:23:34 EDT 2019 Mon Sep 02 15:23:34 EDT 2019 : org.jfree.chart.util.SerialUtilities,375=>Find no block
Mon Sep 02 15:23:36 EDT 2019 org.jfree.chart.util.SerialUtilities,263
Mon Sep 02 15:23:49 EDT 2019 org.jfree.chart.util.SerialUtilities,266
Mon Sep 02 15:24:58 EDT 2019 org.jfree.chart.util.SerialUtilities,267
Mon Sep 02 15:24:59 EDT 2019 org.jfree.chart.util.SerialUtilities,268
Mon Sep 02 15:39:58 EDT 2019 org.jfree.chart.util.SerialUtilities,269
Mon Sep 02 15:40:20 EDT 2019 org.jfree.chart.util.SerialUtilities,270
Mon Sep 02 15:40:22 EDT 2019 org.jfree.chart.util.SerialUtilities,277
Mon Sep 02 15:40:23 EDT 2019 org.jfree.chart.util.SerialUtilities,340
Mon Sep 02 15:56:53 EDT 2019 org.jfree.chart.util.SerialUtilities,355
Mon Sep 02 15:56:57 EDT 2019 org.jfree.chart.util.SerialUtilities,358
Mon Sep 02 16:11:10 EDT 2019 org.jfree.chart.util.SerialUtilities,359
Mon Sep 02 16:11:24 EDT 2019 org.jfree.chart.util.SerialUtilities,360
Mon Sep 02 16:11:25 EDT 2019 org.jfree.chart.util.SerialUtilities,368
Mon Sep 02 16:11:27 EDT 2019 Mon Sep 02 16:11:27 EDT 2019 : org.jfree.chart.util.SerialUtilities,421=>Find no block
Mon Sep 02 16:11:28 EDT 2019 org.jfree.chart.util.SerialUtilities,92
Mon Sep 02 16:11:50 EDT 2019 Mon Sep 02 16:11:50 EDT 2019 : org.jfree.chart.util.ObjectUtilities,80=>Find no block
Mon Sep 02 16:11:51 EDT 2019 org.jfree.chart.util.AbstractObjectList,149
Mon Sep 02 16:11:56 EDT 2019 org.jfree.chart.util.ShapeList,59
Mon Sep 02 16:12:00 EDT 2019 Mon Sep 02 16:12:00 EDT 2019 : org.jfree.chart.util.ShapeList,60=>Find no block
Mon Sep 02 16:12:01 EDT 2019 org.jfree.chart.util.AbstractObjectList,77
Mon Sep 02 16:12:06 EDT 2019 Mon Sep 02 16:12:06 EDT 2019 : org.jfree.chart.util.AbstractObjectList,78=>Find no block
Mon Sep 02 16:12:07 EDT 2019 org.jfree.chart.util.AbstractObjectList,86
Mon Sep 02 16:12:11 EDT 2019 Mon Sep 02 16:12:11 EDT 2019 : org.jfree.chart.util.AbstractObjectList,87=>Find no block
Mon Sep 02 16:12:12 EDT 2019 Mon Sep 02 16:12:12 EDT 2019 : org.jfree.chart.util.AbstractObjectList,95=>Find no block
Mon Sep 02 16:12:14 EDT 2019 Mon Sep 02 16:12:14 EDT 2019 : org.jfree.chart.util.AbstractObjectList,68=>Find no block
Mon Sep 02 16:12:15 EDT 2019 Mon Sep 02 16:12:15 EDT 2019 : org.jfree.chart.util.AbstractObjectList,71=>Find no block
Mon Sep 02 16:12:16 EDT 2019 org.jfree.chart.util.AbstractObjectList,96
Mon Sep 02 16:12:57 EDT 2019 org.jfree.chart.util.AbstractObjectList,97
Mon Sep 02 16:12:58 EDT 2019 Mon Sep 02 16:12:58 EDT 2019 : org.jfree.chart.util.AbstractObjectList,98=>Find no block
Mon Sep 02 16:13:00 EDT 2019 Mon Sep 02 16:13:00 EDT 2019 : org.jfree.chart.util.SerialUtilities,80=>Find no block
Mon Sep 02 16:13:01 EDT 2019 Mon Sep 02 16:13:01 EDT 2019 : org.jfree.chart.util.SerialUtilities,81=>Find no block
Mon Sep 02 16:13:02 EDT 2019 org.jfree.chart.util.SerialUtilities,109
Mon Sep 02 16:13:03 EDT 2019 org.jfree.chart.util.SerialUtilities,110
Mon Sep 02 16:13:04 EDT 2019 org.jfree.chart.util.SerialUtilities,112
Mon Sep 02 16:14:29 EDT 2019 org.jfree.chart.util.SerialUtilities,113
Mon Sep 02 16:14:31 EDT 2019 org.jfree.chart.util.SerialUtilities,114
Mon Sep 02 16:20:51 EDT 2019 org.jfree.chart.util.SerialUtilities,115
Mon Sep 02 16:20:57 EDT 2019 org.jfree.chart.util.SerialUtilities,116
Mon Sep 02 16:20:58 EDT 2019 org.jfree.chart.util.SerialUtilities,117
Mon Sep 02 16:21:06 EDT 2019 org.jfree.chart.util.SerialUtilities,119
Mon Sep 02 16:21:08 EDT 2019 org.jfree.chart.util.SerialUtilities,120
Mon Sep 02 16:21:09 EDT 2019 org.jfree.chart.util.SerialUtilities,121
Mon Sep 02 16:21:10 EDT 2019 org.jfree.chart.util.SerialUtilities,122
Mon Sep 02 16:21:12 EDT 2019 org.jfree.chart.util.SerialUtilities,123
Mon Sep 02 16:21:13 EDT 2019 org.jfree.chart.util.SerialUtilities,124
Mon Sep 02 16:21:14 EDT 2019 org.jfree.chart.util.SerialUtilities,125
Mon Sep 02 16:21:15 EDT 2019 org.jfree.chart.util.SerialUtilities,126
Mon Sep 02 16:21:16 EDT 2019 org.jfree.chart.util.SerialUtilities,127
Mon Sep 02 16:21:17 EDT 2019 org.jfree.chart.util.SerialUtilities,130
Mon Sep 02 16:24:57 EDT 2019 org.jfree.chart.util.SerialUtilities,145
Mon Sep 02 16:24:58 EDT 2019 org.jfree.chart.util.SerialUtilities,146
Mon Sep 02 16:25:00 EDT 2019 org.jfree.chart.util.SerialUtilities,148
Mon Sep 02 16:28:48 EDT 2019 org.jfree.chart.util.SerialUtilities,149
Mon Sep 02 16:28:58 EDT 2019 org.jfree.chart.util.SerialUtilities,150
Mon Sep 02 16:28:59 EDT 2019 org.jfree.chart.util.SerialUtilities,151
Mon Sep 02 16:29:01 EDT 2019 org.jfree.chart.util.SerialUtilities,152
Mon Sep 02 16:29:05 EDT 2019 org.jfree.chart.util.SerialUtilities,154
Mon Sep 02 16:29:06 EDT 2019 org.jfree.chart.util.SerialUtilities,155
Mon Sep 02 16:29:08 EDT 2019 org.jfree.chart.util.SerialUtilities,156
Mon Sep 02 16:29:09 EDT 2019 org.jfree.chart.util.SerialUtilities,157
Mon Sep 02 16:29:10 EDT 2019 org.jfree.chart.util.SerialUtilities,158
Mon Sep 02 16:29:11 EDT 2019 org.jfree.chart.util.SerialUtilities,159
Mon Sep 02 16:29:12 EDT 2019 org.jfree.chart.util.SerialUtilities,160
Mon Sep 02 16:29:14 EDT 2019 org.jfree.chart.util.SerialUtilities,161
Mon Sep 02 16:29:15 EDT 2019 org.jfree.chart.util.SerialUtilities,162
Mon Sep 02 16:29:16 EDT 2019 Mon Sep 02 16:29:16 EDT 2019 : org.jfree.chart.util.SerialUtilities,163=>Find no block
Mon Sep 02 16:29:17 EDT 2019 org.jfree.chart.util.SerialUtilities,166
Mon Sep 02 16:29:21 EDT 2019 Mon Sep 02 16:29:21 EDT 2019 : org.jfree.chart.util.SerialUtilities,169=>Find no block
Mon Sep 02 16:29:22 EDT 2019 org.jfree.chart.util.SerialUtilities,185
Mon Sep 02 16:29:24 EDT 2019 org.jfree.chart.util.SerialUtilities,186
Mon Sep 02 16:29:25 EDT 2019 org.jfree.chart.util.SerialUtilities,188
Mon Sep 02 16:30:39 EDT 2019 org.jfree.chart.util.SerialUtilities,189
Mon Sep 02 16:30:40 EDT 2019 org.jfree.chart.util.SerialUtilities,190
Mon Sep 02 16:34:56 EDT 2019 org.jfree.chart.util.SerialUtilities,191
Mon Sep 02 16:35:01 EDT 2019 org.jfree.chart.util.SerialUtilities,192
Mon Sep 02 16:35:02 EDT 2019 org.jfree.chart.util.SerialUtilities,193
Mon Sep 02 16:36:39 EDT 2019 org.jfree.chart.util.SerialUtilities,194
Mon Sep 02 16:36:40 EDT 2019 org.jfree.chart.util.SerialUtilities,195
Mon Sep 02 16:38:09 EDT 2019 org.jfree.chart.util.SerialUtilities,196
Mon Sep 02 16:39:35 EDT 2019 org.jfree.chart.util.SerialUtilities,197
Mon Sep 02 16:41:08 EDT 2019 org.jfree.chart.util.SerialUtilities,198
Mon Sep 02 16:42:29 EDT 2019 org.jfree.chart.util.SerialUtilities,199
Mon Sep 02 16:42:30 EDT 2019 Mon Sep 02 16:42:30 EDT 2019 : org.jfree.chart.util.SerialUtilities,201=>Find no block
Mon Sep 02 16:42:31 EDT 2019 org.jfree.chart.util.SerialUtilities,203
Mon Sep 02 16:42:32 EDT 2019 org.jfree.chart.util.SerialUtilities,206
Mon Sep 02 16:45:58 EDT 2019 org.jfree.chart.util.SerialUtilities,224
Mon Sep 02 16:45:59 EDT 2019 org.jfree.chart.util.SerialUtilities,225
Mon Sep 02 16:46:01 EDT 2019 org.jfree.chart.util.SerialUtilities,227
Mon Sep 02 16:48:22 EDT 2019 org.jfree.chart.util.SerialUtilities,228
Mon Sep 02 16:48:26 EDT 2019 org.jfree.chart.util.SerialUtilities,229
Mon Sep 02 16:48:28 EDT 2019 org.jfree.chart.util.SerialUtilities,230
Mon Sep 02 16:49:53 EDT 2019 org.jfree.chart.util.SerialUtilities,231
Mon Sep 02 16:49:55 EDT 2019 org.jfree.chart.util.SerialUtilities,232
Mon Sep 02 16:51:19 EDT 2019 org.jfree.chart.util.SerialUtilities,233
Mon Sep 02 16:53:25 EDT 2019 org.jfree.chart.util.SerialUtilities,234
Mon Sep 02 16:55:35 EDT 2019 org.jfree.chart.util.SerialUtilities,235
Mon Sep 02 16:57:00 EDT 2019 org.jfree.chart.util.SerialUtilities,236
Mon Sep 02 16:58:31 EDT 2019 org.jfree.chart.util.SerialUtilities,237
Mon Sep 02 16:58:32 EDT 2019 Mon Sep 02 16:58:32 EDT 2019 : org.jfree.chart.util.SerialUtilities,238=>Find no block
Mon Sep 02 16:58:33 EDT 2019 org.jfree.chart.util.SerialUtilities,240
Mon Sep 02 16:58:38 EDT 2019 org.jfree.chart.util.SerialUtilities,241
Mon Sep 02 16:58:39 EDT 2019 org.jfree.chart.util.SerialUtilities,245
Failed time : 19/09/02 16:58
