=================================================
Project : chart_9	start : 19/09/02 13:22
Current failed test : org.jfree.data.time.junit.TimeSeriesTests::testBug1864222 | 19/09/02 13:22
Mon Sep 02 13:22:55 EDT 2019 org.jfree.data.time.TimeSeries,883
Mon Sep 02 13:23:50 EDT 2019 org.jfree.data.time.TimeSeries,921
Mon Sep 02 13:24:19 EDT 2019 org.jfree.data.time.TimeSeries,924
Mon Sep 02 13:25:00 EDT 2019 org.jfree.data.time.TimeSeries,927
Mon Sep 02 13:25:34 EDT 2019 org.jfree.data.time.TimeSeries,931
Mon Sep 02 13:26:43 EDT 2019 org.jfree.data.time.TimeSeries,932

----------------------------------------
----------------------------------------
Pass Single Test : [=>0,0]
if(startIndex!=this.data.size()){
emptyRange=true;
}

Time : 19/09/02 13:29
----------------------------------------
Mon Sep 02 13:35:12 EDT 2019 org.jfree.data.time.TimeSeries,933
Mon Sep 02 13:35:13 EDT 2019 org.jfree.data.time.TimeSeries,934
Mon Sep 02 13:35:14 EDT 2019 org.jfree.data.time.TimeSeries,935
Mon Sep 02 13:35:15 EDT 2019 org.jfree.data.time.TimeSeries,939

----------------------------------------
----------------------------------------
Pass Single Test : [=>0,0]
if(startIndex<0){
startIndex=-(startIndex+1);
if(startIndex==this.data.size()){
emptyRange=true;
}
}
data.clear();
int endIndex=getIndex(end);
if(endIndex<0){
endIndex=-(endIndex+1);
endIndex=endIndex-1;
}

Time : 19/09/02 13:38
----------------------------------------
Mon Sep 02 13:38:24 EDT 2019 org.jfree.data.time.TimeSeries,940
Mon Sep 02 13:38:25 EDT 2019 org.jfree.data.time.TimeSeries,941
Mon Sep 02 13:38:26 EDT 2019 org.jfree.data.time.TimeSeries,942
Mon Sep 02 13:38:27 EDT 2019 org.jfree.data.time.TimeSeries,944
Mon Sep 02 13:38:56 EDT 2019 org.jfree.data.time.TimeSeries,947
Mon Sep 02 13:39:58 EDT 2019 org.jfree.data.time.TimeSeries,953
Mon Sep 02 13:39:59 EDT 2019 org.jfree.data.time.TimeSeries,879
Mon Sep 02 13:40:57 EDT 2019 org.jfree.data.time.TimeSeries,882
Mon Sep 02 13:40:58 EDT 2019 Mon Sep 02 13:40:58 EDT 2019 : org.jfree.data.time.Day,122=>Find no block
Mon Sep 02 13:40:59 EDT 2019 org.jfree.data.time.Day,123
Mon Sep 02 13:42:30 EDT 2019 org.jfree.data.time.Day,124
Mon Sep 02 13:42:32 EDT 2019 Mon Sep 02 13:42:32 EDT 2019 : org.jfree.data.time.Day,125=>Find no block
Mon Sep 02 13:42:33 EDT 2019 org.jfree.data.time.SerialDate,500
Mon Sep 02 13:42:43 EDT 2019 org.jfree.data.time.SpreadsheetDate,452
Mon Sep 02 13:42:48 EDT 2019 org.jfree.data.time.Day,302
Mon Sep 02 13:43:36 EDT 2019 org.jfree.data.time.TimeSeries,430
Mon Sep 02 13:44:11 EDT 2019 org.jfree.data.time.TimeSeries,433
Mon Sep 02 13:45:55 EDT 2019 org.jfree.data.time.TimeSeries,435
Mon Sep 02 13:45:57 EDT 2019 org.jfree.data.time.Day,183
Mon Sep 02 13:46:01 EDT 2019 org.jfree.data.time.Day,404
Mon Sep 02 13:46:28 EDT 2019 org.jfree.data.time.Day,405
Mon Sep 02 13:46:30 EDT 2019 org.jfree.data.time.Day,406
Mon Sep 02 13:46:31 EDT 2019 Mon Sep 02 13:46:31 EDT 2019 : org.jfree.data.time.Day,407=>Find no block
Mon Sep 02 13:46:33 EDT 2019 org.jfree.data.time.Day,423
Mon Sep 02 13:48:37 EDT 2019 org.jfree.data.time.SpreadsheetDate,211
Mon Sep 02 13:48:41 EDT 2019 org.jfree.data.time.SpreadsheetDate,308
Mon Sep 02 13:48:45 EDT 2019 org.jfree.data.time.Day,250
Mon Sep 02 13:49:16 EDT 2019 org.jfree.data.time.Day,251
Mon Sep 02 13:49:18 EDT 2019 Mon Sep 02 13:49:18 EDT 2019 : org.jfree.data.time.Day,252=>Find no block
Mon Sep 02 13:49:19 EDT 2019 org.jfree.data.time.Day,317
Mon Sep 02 14:02:03 EDT 2019 org.jfree.data.time.Day,318
Mon Sep 02 14:02:04 EDT 2019 org.jfree.data.time.Day,319
Mon Sep 02 14:02:05 EDT 2019 org.jfree.data.time.Day,320
Mon Sep 02 14:02:06 EDT 2019 org.jfree.data.time.Day,321
Mon Sep 02 14:02:07 EDT 2019 org.jfree.data.time.Day,322
Mon Sep 02 14:02:08 EDT 2019 org.jfree.data.time.Day,324
Mon Sep 02 14:02:10 EDT 2019 org.jfree.data.time.Day,339
Mon Sep 02 14:14:41 EDT 2019 org.jfree.data.time.Day,340
Mon Sep 02 14:14:42 EDT 2019 org.jfree.data.time.Day,341
Mon Sep 02 14:14:43 EDT 2019 org.jfree.data.time.Day,342
Mon Sep 02 14:14:44 EDT 2019 org.jfree.data.time.Day,343
Mon Sep 02 14:14:45 EDT 2019 org.jfree.data.time.Day,344
Mon Sep 02 14:14:46 EDT 2019 org.jfree.data.time.Day,346
Mon Sep 02 14:14:47 EDT 2019 Mon Sep 02 14:14:47 EDT 2019 : org.jfree.data.time.SerialDate,210=>Find no block
Mon Sep 02 14:14:49 EDT 2019 Mon Sep 02 14:14:49 EDT 2019 : org.jfree.data.time.SerialDate,211=>Find no block
Mon Sep 02 14:14:50 EDT 2019 org.jfree.data.time.SerialDate,499
Mon Sep 02 14:14:51 EDT 2019 org.jfree.data.time.SerialDate,526
Mon Sep 02 14:15:19 EDT 2019 org.jfree.data.time.SerialDate,527
Mon Sep 02 14:15:20 EDT 2019 org.jfree.data.time.SerialDate,528
Mon Sep 02 14:15:21 EDT 2019 org.jfree.data.time.SerialDate,529
Mon Sep 02 14:15:22 EDT 2019 org.jfree.data.time.SerialDate,792
Mon Sep 02 14:15:25 EDT 2019 Mon Sep 02 14:15:25 EDT 2019 : org.jfree.data.time.SpreadsheetDate,107=>Find no block
Mon Sep 02 14:15:26 EDT 2019 org.jfree.data.time.SpreadsheetDate,109
Mon Sep 02 14:27:19 EDT 2019 org.jfree.data.time.SpreadsheetDate,110
Mon Sep 02 14:27:20 EDT 2019 org.jfree.data.time.SpreadsheetDate,118
Mon Sep 02 14:32:20 EDT 2019 org.jfree.data.time.SpreadsheetDate,120
Mon Sep 02 14:32:21 EDT 2019 org.jfree.data.time.SpreadsheetDate,128
Mon Sep 02 14:46:36 EDT 2019 org.jfree.data.time.SpreadsheetDate,129
Mon Sep 02 14:46:37 EDT 2019 org.jfree.data.time.SpreadsheetDate,136
Mon Sep 02 14:58:17 EDT 2019 Mon Sep 02 14:58:17 EDT 2019 : org.jfree.data.time.SpreadsheetDate,138=>Find no block
Mon Sep 02 14:58:18 EDT 2019 org.jfree.data.time.SpreadsheetDate,231
Mon Sep 02 14:58:33 EDT 2019 org.jfree.data.time.SpreadsheetDate,240
Mon Sep 02 14:58:49 EDT 2019 org.jfree.data.time.SpreadsheetDate,249
Mon Sep 02 14:58:52 EDT 2019 org.jfree.data.time.SpreadsheetDate,449

----------------------------------------
----------------------------------------
Pass Single Test : [=>0,0]
 final int yy=((y-1900)*365)+SerialDate.leapYearCount(y-1);
int mm=SerialDate.AGGREGATE_DAYS_TO_END_OF_PRECEDING_MONTH[m];
if(m>MonthConstants.FEBRUARY){
if(SerialDate.isLeapYear(y)){
mm=mm+1;
}
}
 final int dd=y;
return yy+mm;

Time : 19/09/02 14:59
----------------------------------------

----------------------------------------
----------------------------------------
Pass Single Test : [=>0,0]
 final int yy=((y-1900)*365)+SerialDate.leapYearCount(y-1);
int mm=SerialDate.AGGREGATE_DAYS_TO_END_OF_PRECEDING_MONTH[m];
if(m>MonthConstants.FEBRUARY){
if(SerialDate.isLeapYear(y)){
mm=mm+1;
}
}
 final double dd=d;
return yy+mm;

Time : 19/09/02 15:00
----------------------------------------
Mon Sep 02 15:00:52 EDT 2019 org.jfree.data.time.SpreadsheetDate,450
Mon Sep 02 15:00:53 EDT 2019 org.jfree.data.time.SpreadsheetDate,451
Mon Sep 02 15:00:54 EDT 2019 org.jfree.data.time.SpreadsheetDate,456
Mon Sep 02 15:00:55 EDT 2019 org.jfree.data.time.SpreadsheetDate,457
Mon Sep 02 15:00:57 EDT 2019 org.jfree.data.time.TimeSeries,142
Mon Sep 02 15:01:12 EDT 2019 Mon Sep 02 15:01:12 EDT 2019 : org.jfree.data.time.TimeSeries,144=>Find no block
Mon Sep 02 15:01:13 EDT 2019 Mon Sep 02 15:01:13 EDT 2019 : org.jfree.data.time.TimeSeries,143=>Find no block
Mon Sep 02 15:01:14 EDT 2019 Mon Sep 02 15:01:14 EDT 2019 : org.jfree.data.time.SerialDate,92=>Find no block
Mon Sep 02 15:01:16 EDT 2019 Mon Sep 02 15:01:16 EDT 2019 : org.jfree.data.time.SerialDate,137=>Find no block
Mon Sep 02 15:01:17 EDT 2019 Mon Sep 02 15:01:17 EDT 2019 : org.jfree.data.time.SerialDate,141=>Find no block
Mon Sep 02 15:01:18 EDT 2019 Mon Sep 02 15:01:18 EDT 2019 : org.jfree.data.time.SerialDate,145=>Find no block
Mon Sep 02 15:01:19 EDT 2019 Mon Sep 02 15:01:19 EDT 2019 : org.jfree.data.time.SerialDate,149=>Find no block
Mon Sep 02 15:01:20 EDT 2019 Mon Sep 02 15:01:20 EDT 2019 : org.jfree.data.time.SerialDate,156=>Find no block
Mon Sep 02 15:01:21 EDT 2019 org.jfree.data.time.SerialDate,544
Mon Sep 02 15:04:33 EDT 2019 org.jfree.data.time.SerialDate,545
Mon Sep 02 15:04:34 EDT 2019 org.jfree.data.time.SerialDate,546
Mon Sep 02 15:04:34 EDT 2019 org.jfree.data.time.TimeSeriesDataItem,203
Mon Sep 02 15:04:52 EDT 2019 org.jfree.data.time.TimeSeriesDataItem,204
Mon Sep 02 15:04:53 EDT 2019 org.jfree.data.time.TimeSeriesDataItem,205
Mon Sep 02 15:04:54 EDT 2019 Mon Sep 02 15:04:54 EDT 2019 : org.jfree.data.time.TimeSeriesDataItem,206=>Find no block
Mon Sep 02 15:04:55 EDT 2019 org.jfree.data.time.TimeSeriesDataItem,215

----------------------------------------
----------------------------------------
Pass Single Test : [=>0,0]
int result;
if(o1 instanceof TimeSeriesDataItem){
TimeSeriesDataItem datapair=(TimeSeriesDataItem)o1;
result=getPeriod().compareTo(datapair.getPeriod());
}else {
result=1;
}
result=this.value.hashCode();
return result;

Time : 19/09/02 15:05
----------------------------------------

----------------------------------------
----------------------------------------
Pass Single Test : [=>0,0]
int result;
if(o1 instanceof TimeSeriesDataItem){
TimeSeriesDataItem datapair=(TimeSeriesDataItem)o1;
result=getPeriod().compareTo(datapair.getPeriod());
}else {
result=1;
}
result=29*result+(this.value!=null?this.value.hashCode():0);
return result;

Time : 19/09/02 15:06
----------------------------------------

----------------------------------------
----------------------------------------
Pass Single Test : [=>0,0]
int result;
if(o1 instanceof TimeSeriesDataItem){
TimeSeriesDataItem datapair=(TimeSeriesDataItem)o1;
result=getPeriod().compareTo(datapair.getPeriod());
}else {
result=1;
}
result=(this.period!=null?this.period.hashCode():0);
return result;

Time : 19/09/02 15:06
----------------------------------------

----------------------------------------
----------------------------------------
Pass Single Test : [=>0,0]
int result;
if(o1 instanceof TimeSeriesDataItem){
TimeSeriesDataItem datapair=(TimeSeriesDataItem)o1;
result=getPeriod().compareTo(datapair.getPeriod());
}else {
result=1;
}
result=(this.period!=null?this.period.hashCode():0);
result=29*result+(this.value!=null?this.value.hashCode():0);
return result;

Time : 19/09/02 15:07
----------------------------------------
Mon Sep 02 15:08:26 EDT 2019 Mon Sep 02 15:08:26 EDT 2019 : org.jfree.data.time.Day,83=>Find no block
Mon Sep 02 15:08:27 EDT 2019 Mon Sep 02 15:08:27 EDT 2019 : org.jfree.data.time.Day,88=>Find no block
Mon Sep 02 15:08:28 EDT 2019 Mon Sep 02 15:08:28 EDT 2019 : org.jfree.data.time.Day,92=>Find no block
Mon Sep 02 15:08:29 EDT 2019 Mon Sep 02 15:08:29 EDT 2019 : org.jfree.data.time.Day,96=>Find no block
Mon Sep 02 15:08:30 EDT 2019 org.jfree.data.time.TimeSeries,561
Mon Sep 02 15:09:41 EDT 2019 Mon Sep 02 15:09:41 EDT 2019 : org.jfree.data.time.TimeSeries,562=>Find no block
Mon Sep 02 15:09:42 EDT 2019 org.jfree.data.time.TimeSeries,574

----------------------------------------
----------------------------------------
Pass Single Test : [=>0,0]
this.maximumItemCount+=maximumItemCount;
TimeSeriesDataItem item=new TimeSeriesDataItem(period,value);
add(item,notify);

Time : 19/09/02 15:10
----------------------------------------

----------------------------------------
----------------------------------------
Pass Single Test : [=>0,0]
maximumItemCount++;
TimeSeriesDataItem item=new TimeSeriesDataItem(period,value);
add(item,notify);

Time : 19/09/02 15:11
----------------------------------------
Mon Sep 02 15:13:06 EDT 2019 org.jfree.data.time.TimeSeries,575
Mon Sep 02 15:13:07 EDT 2019 Mon Sep 02 15:13:07 EDT 2019 : org.jfree.data.time.TimeSeries,576=>Find no block
Mon Sep 02 15:13:08 EDT 2019 Mon Sep 02 15:13:08 EDT 2019 : org.jfree.data.time.Year,96=>Find no block
Mon Sep 02 15:13:09 EDT 2019 org.jfree.data.time.Year,97
Mon Sep 02 15:21:44 EDT 2019 org.jfree.data.time.Year,103
Mon Sep 02 15:29:52 EDT 2019 org.jfree.data.time.Year,104
Mon Sep 02 15:29:53 EDT 2019 Mon Sep 02 15:29:53 EDT 2019 : org.jfree.data.time.Year,105=>Find no block
Mon Sep 02 15:29:54 EDT 2019 org.jfree.data.time.Year,136
Mon Sep 02 15:29:56 EDT 2019 org.jfree.data.time.Year,176
Mon Sep 02 15:29:57 EDT 2019 org.jfree.data.time.Year,177
Mon Sep 02 15:29:58 EDT 2019 Mon Sep 02 15:29:58 EDT 2019 : org.jfree.data.time.Year,178=>Find no block
Mon Sep 02 15:29:59 EDT 2019 org.jfree.data.time.Year,218
Mon Sep 02 15:30:00 EDT 2019 org.jfree.data.time.Year,233
Mon Sep 02 15:33:45 EDT 2019 org.jfree.data.time.Year,234
Mon Sep 02 15:33:46 EDT 2019 org.jfree.data.time.Year,237
Mon Sep 02 15:33:47 EDT 2019 org.jfree.data.time.Year,252
Mon Sep 02 15:37:27 EDT 2019 org.jfree.data.time.Year,253
Mon Sep 02 15:37:28 EDT 2019 org.jfree.data.time.Year,256
Mon Sep 02 15:37:30 EDT 2019 org.jfree.data.time.Year,317
Mon Sep 02 15:37:54 EDT 2019 org.jfree.data.time.Year,318
Mon Sep 02 15:37:55 EDT 2019 org.jfree.data.time.Year,319
Mon Sep 02 15:37:57 EDT 2019 Mon Sep 02 15:37:57 EDT 2019 : org.jfree.data.time.Year,320=>Find no block
Mon Sep 02 15:37:58 EDT 2019 org.jfree.data.time.Year,336
Mon Sep 02 15:39:34 EDT 2019 org.jfree.data.time.TimeSeries,588
Mon Sep 02 15:39:35 EDT 2019 Mon Sep 02 15:39:35 EDT 2019 : org.jfree.data.time.TimeSeries,589=>Find no block
Mon Sep 02 15:39:37 EDT 2019 org.jfree.data.time.TimeSeries,602
Mon Sep 02 15:39:38 EDT 2019 org.jfree.data.time.TimeSeries,603
Mon Sep 02 15:39:39 EDT 2019 Mon Sep 02 15:39:39 EDT 2019 : org.jfree.data.time.TimeSeries,604=>Find no block
Mon Sep 02 15:39:40 EDT 2019 org.jfree.data.time.TimeSeriesDataItem,107
Mon Sep 02 15:39:57 EDT 2019 Mon Sep 02 15:39:57 EDT 2019 : org.jfree.data.time.TimeSeriesDataItem,108=>Find no block
Mon Sep 02 15:39:58 EDT 2019 org.jfree.data.time.TimeSeries,155
Mon Sep 02 15:40:14 EDT 2019 Mon Sep 02 15:40:14 EDT 2019 : org.jfree.data.time.TimeSeries,157=>Find no block
Mon Sep 02 15:40:15 EDT 2019 org.jfree.data.general.SeriesChangeEvent,61
Mon Sep 02 15:40:19 EDT 2019 Mon Sep 02 15:40:19 EDT 2019 : org.jfree.data.general.SeriesChangeEvent,62=>Find no block
Mon Sep 02 15:40:21 EDT 2019 org.jfree.data.general.Series,313
Mon Sep 02 15:42:18 EDT 2019 org.jfree.data.general.Series,314
Mon Sep 02 15:42:19 EDT 2019 Mon Sep 02 15:42:19 EDT 2019 : org.jfree.data.general.Series,316=>Find no block
Mon Sep 02 15:42:20 EDT 2019 org.jfree.data.general.Series,326
Mon Sep 02 15:50:00 EDT 2019 org.jfree.data.general.Series,327
Mon Sep 02 15:50:06 EDT 2019 Mon Sep 02 15:50:06 EDT 2019 : org.jfree.data.general.Series,334=>Find no block
Mon Sep 02 15:50:08 EDT 2019 Mon Sep 02 15:50:08 EDT 2019 : org.jfree.data.time.RegularTimePeriod,70=>Find no block
Mon Sep 02 15:50:10 EDT 2019 Mon Sep 02 15:50:10 EDT 2019 : org.jfree.data.time.TimeSeriesDataItem,92=>Find no block
Mon Sep 02 15:50:11 EDT 2019 org.jfree.data.time.TimeSeriesDataItem,93
Mon Sep 02 15:50:12 EDT 2019 org.jfree.data.time.TimeSeriesDataItem,96
Mon Sep 02 15:51:29 EDT 2019 org.jfree.data.time.TimeSeriesDataItem,97
Mon Sep 02 15:51:30 EDT 2019 Mon Sep 02 15:51:30 EDT 2019 : org.jfree.data.time.TimeSeriesDataItem,98=>Find no block
Mon Sep 02 15:51:37 EDT 2019 org.jfree.data.time.TimeSeriesDataItem,116
Mon Sep 02 15:51:49 EDT 2019 org.jfree.data.time.TimeSeries,341
Mon Sep 02 15:52:39 EDT 2019 org.jfree.data.time.TimeSeries,372
Mon Sep 02 15:53:18 EDT 2019 org.jfree.data.time.TimeSeries,491
Mon Sep 02 15:54:14 EDT 2019 org.jfree.data.time.TimeSeries,494
Mon Sep 02 16:02:23 EDT 2019 org.jfree.data.time.TimeSeries,506
Mon Sep 02 16:09:40 EDT 2019 org.jfree.data.time.TimeSeries,507
Mon Sep 02 16:17:14 EDT 2019 org.jfree.data.time.TimeSeries,508

----------------------------------------
----------------------------------------
Pass Single Test : [=>0,0]
if(count==0){
this.data.remove(item);
added=true;
}else {
RegularTimePeriod last=getTimePeriod(getItemCount()-1);
if(item.getPeriod().compareTo(last)>0){
this.data.add(item);
added=true;
}else {
int index=Collections.binarySearch(this.data,item);
if(index<0){
this.data.add(-index-1,item);
added=true;
}else {
StringBuffer b=new StringBuffer();
b.append("You are attempting to add an observation for ");
b.append("the time period ");
b.append(item.getPeriod().toString());
b.append(" but the series already contains an observation");
b.append(" for that time period. Duplicates are not ");
b.append("permitted.  Try using the addOrUpdate() method.");
throw new SeriesException(b.toString());
}
}
}

Time : 19/09/02 16:46
----------------------------------------
Mon Sep 02 16:47:24 EDT 2019 org.jfree.data.time.TimeSeries,509
Mon Sep 02 16:47:39 EDT 2019 org.jfree.data.time.TimeSeries,510
Mon Sep 02 16:47:40 EDT 2019 org.jfree.data.time.TimeSeries,513
Mon Sep 02 16:47:49 EDT 2019 org.jfree.data.time.TimeSeries,514
Mon Sep 02 16:47:50 EDT 2019 org.jfree.data.time.TimeSeries,515
Mon Sep 02 16:47:52 EDT 2019 org.jfree.data.time.TimeSeries,516
Mon Sep 02 16:47:53 EDT 2019 org.jfree.data.time.TimeSeries,536

----------------------------------------
----------------------------------------
Pass Single Test : [=>0,0]
if(getItemCount()>count){
this.data.remove(0);
}

Time : 19/09/02 16:48
----------------------------------------

----------------------------------------
----------------------------------------
Pass Single Test : [=>0,0]
this.maximumItemCount=count;
if(getItemCount()>this.maximumItemCount){
this.data.remove(0);
}

Time : 19/09/02 16:49
----------------------------------------

----------------------------------------
----------------------------------------
Pass Single Test : [=>0,0]
if(count<0){
throw new IllegalArgumentException("Negative \'maximum\' argument.");
}
if(getItemCount()>count){
this.data.remove(0);
}

Time : 19/09/02 16:49
----------------------------------------

----------------------------------------
----------------------------------------
Pass Single Test : [=>0,0]
this.maximumItemCount=count;
if(getItemCount()>count){
this.data.remove(0);
}

Time : 19/09/02 16:50
----------------------------------------

----------------------------------------
----------------------------------------
Pass Single Test : [=>0,0]
if(count<0){
throw new IllegalArgumentException("Negative \'maximum\' argument.");
}
this.maximumItemCount=count;
if(getItemCount()>this.maximumItemCount){
this.data.remove(0);
}

Time : 19/09/02 16:50
----------------------------------------

----------------------------------------
----------------------------------------
Pass Single Test : [=>0,0]
if(count<0){
throw new IllegalArgumentException("Negative \'maximum\' argument.");
}
this.maximumItemCount=count;
if(getItemCount()>count){
this.data.remove(0);
}

Time : 19/09/02 16:51
----------------------------------------

----------------------------------------
----------------------------------------
Pass Single Test : [=>0,0]
if(notify){
this.data.remove(count);
fireSeriesChanged();
}

Time : 19/09/02 16:53
----------------------------------------

----------------------------------------
----------------------------------------
Pass Single Test : [=>0,0]
this.data.remove(count);
if(added){
if(getItemCount()>this.maximumItemCount){
this.data.remove(0);
}
removeAgedItems(false);
if(notify){
fireSeriesChanged();
}
}

Time : 19/09/02 16:54
----------------------------------------

----------------------------------------
----------------------------------------
Pass Single Test : [=>0,0]
this.maximumItemCount=count;
if(added){
if(getItemCount()>this.maximumItemCount){
this.data.remove(0);
}
removeAgedItems(false);
if(notify){
fireSeriesChanged();
}
}

Time : 19/09/02 16:55
----------------------------------------
Mon Sep 02 16:58:17 EDT 2019 org.jfree.data.time.TimeSeries,538
Mon Sep 02 16:58:19 EDT 2019 org.jfree.data.time.TimeSeries,542
Mon Sep 02 16:58:20 EDT 2019 org.jfree.data.time.TimeSeries,545
Mon Sep 02 16:58:21 EDT 2019 org.jfree.data.time.TimeSeries,546
Mon Sep 02 16:58:22 EDT 2019 Mon Sep 02 16:58:22 EDT 2019 : org.jfree.data.time.TimeSeries,550=>Find no block
Mon Sep 02 16:58:24 EDT 2019 org.jfree.data.time.TimeSeries,740
Mon Sep 02 17:02:00 EDT 2019 org.jfree.data.time.TimeSeries,741
Mon Sep 02 17:02:01 EDT 2019 org.jfree.data.time.TimeSeries,742
Mon Sep 02 17:02:03 EDT 2019 Mon Sep 02 17:02:03 EDT 2019 : org.jfree.data.time.TimeSeries,744=>Find no block
Mon Sep 02 17:02:04 EDT 2019 org.jfree.data.time.TimeSeries,748
Mon Sep 02 17:02:05 EDT 2019 Mon Sep 02 17:02:05 EDT 2019 : org.jfree.data.time.TimeSeries,752=>Find no block
Mon Sep 02 17:02:06 EDT 2019 org.jfree.data.time.TimeSeries,240
Mon Sep 02 17:03:02 EDT 2019 org.jfree.data.general.Series,102
Mon Sep 02 17:03:06 EDT 2019 Mon Sep 02 17:03:06 EDT 2019 : org.jfree.data.general.Series,103=>Find no block
Mon Sep 02 17:03:08 EDT 2019 Mon Sep 02 17:03:08 EDT 2019 : org.jfree.data.general.Series,111=>Find no block
Mon Sep 02 17:03:09 EDT 2019 org.jfree.data.general.Series,112
Mon Sep 02 17:03:39 EDT 2019 org.jfree.data.general.Series,115
Mon Sep 02 17:05:55 EDT 2019 org.jfree.data.general.Series,116
Mon Sep 02 17:05:56 EDT 2019 org.jfree.data.general.Series,117
Mon Sep 02 17:05:57 EDT 2019 org.jfree.data.general.Series,118
Mon Sep 02 17:05:59 EDT 2019 org.jfree.data.general.Series,119
Mon Sep 02 17:06:00 EDT 2019 Mon Sep 02 17:06:00 EDT 2019 : org.jfree.data.general.Series,120=>Find no block
Mon Sep 02 17:06:01 EDT 2019 Mon Sep 02 17:06:01 EDT 2019 : org.jfree.data.time.RegularTimePeriod,161=>Find no block
Mon Sep 02 17:06:02 EDT 2019 org.jfree.data.time.TimeSeries,174
Mon Sep 02 17:07:12 EDT 2019 org.jfree.data.time.TimeSeries,175
Mon Sep 02 17:07:13 EDT 2019 org.jfree.data.time.TimeSeries,176
Mon Sep 02 17:07:15 EDT 2019 org.jfree.data.time.TimeSeries,177
Mon Sep 02 17:07:16 EDT 2019 org.jfree.data.time.TimeSeries,178
Mon Sep 02 17:07:17 EDT 2019 org.jfree.data.time.TimeSeries,179
Mon Sep 02 17:07:18 EDT 2019 org.jfree.data.time.TimeSeries,180
Mon Sep 02 17:07:20 EDT 2019 Mon Sep 02 17:07:20 EDT 2019 : org.jfree.data.time.TimeSeries,181=>Find no block
Mon Sep 02 17:07:21 EDT 2019 org.jfree.data.general.SeriesException,61
Mon Sep 02 17:07:25 EDT 2019 Mon Sep 02 17:07:25 EDT 2019 : org.jfree.data.general.SeriesException,62=>Find no block
Mon Sep 02 17:07:26 EDT 2019 org.jfree.data.general.Series,113
Mon Sep 02 17:07:27 EDT 2019 org.jfree.data.general.Series,130
Mon Sep 02 17:07:56 EDT 2019 org.jfree.data.general.Series,142
Mon Sep 02 17:07:57 EDT 2019 org.jfree.data.general.Series,143
Failed time : 19/09/02 17:07
