=================================================
Project : time_1	start : 19/09/02 15:28
Current failed test : org.joda.time.TestPartial_Constructors::testConstructorEx7_TypeArray_intArray_purify_3 | 19/09/02 15:30
Mon Sep 02 15:33:23 EDT 2019 org.joda.time.Partial,219
Mon Sep 02 15:33:30 EDT 2019 org.joda.time.field.UnsupportedDurationField,227
Mon Sep 02 15:33:55 EDT 2019 org.joda.time.field.UnsupportedDurationField,228
Mon Sep 02 15:33:56 EDT 2019 Mon Sep 02 15:33:56 EDT 2019 : org.joda.time.field.UnsupportedDurationField,32=>Find no block
Mon Sep 02 15:33:57 EDT 2019 org.joda.time.DurationFieldType,286

----------------------------------------
----------------------------------------
Pass Single Test : [=>0,0]
case ERAS :
return chronology.days();


Time : 19/09/02 15:38
----------------------------------------

----------------------------------------
----------------------------------------
Pass Single Test : [=>0,0]
case ERAS :
return chronology.hours();


Time : 19/09/02 15:39
----------------------------------------

----------------------------------------
----------------------------------------
Pass Single Test : [=>0,0]
case ERAS :
return chronology.seconds();


Time : 19/09/02 15:40
----------------------------------------

----------------------------------------
----------------------------------------
Pass Single Test : [=>0,0]
case ERAS :
return chronology.days();

case CENTURIES :


Time : 19/09/02 15:44
----------------------------------------

----------------------------------------
----------------------------------------
Pass Single Test : [=>0,0]
case ERAS :
return chronology.hours();

case CENTURIES :


Time : 19/09/02 15:46
----------------------------------------

----------------------------------------
----------------------------------------
Pass Single Test : [=>0,0]
case ERAS :
return chronology.seconds();

case CENTURIES :


Time : 19/09/02 15:48
----------------------------------------
Mon Sep 02 15:49:39 EDT 2019 org.joda.time.chrono.GJEraDateTimeField,136
Mon Sep 02 15:49:47 EDT 2019 org.joda.time.chrono.GJEraDateTimeField,140
Mon Sep 02 15:49:55 EDT 2019 org.joda.time.DateTimeFieldType,484
Mon Sep 02 16:07:15 EDT 2019 Mon Sep 02 16:07:15 EDT 2019 : org.joda.time.Partial,176=>Find no block
Mon Sep 02 16:07:16 EDT 2019 org.joda.time.Partial,175
Mon Sep 02 16:07:20 EDT 2019 org.joda.time.field.BaseDurationField,153
Mon Sep 02 16:07:24 EDT 2019 org.joda.time.Partial,217
Mon Sep 02 16:36:10 EDT 2019 org.joda.time.Partial,218
Mon Sep 02 16:45:32 EDT 2019 org.joda.time.Partial,221
Mon Sep 02 16:45:33 EDT 2019 org.joda.time.Partial,250
Mon Sep 02 16:50:50 EDT 2019 Mon Sep 02 16:50:50 EDT 2019 : org.joda.time.Partial,251=>Find no block
Mon Sep 02 16:50:52 EDT 2019 org.joda.time.Partial,248
Mon Sep 02 16:50:54 EDT 2019 org.joda.time.Partial,249
Mon Sep 02 16:50:54 EDT 2019 org.joda.time.Partial,212
Mon Sep 02 17:12:11 EDT 2019 org.joda.time.Partial,213
Mon Sep 02 17:18:40 EDT 2019 org.joda.time.Partial,214
Mon Sep 02 17:18:47 EDT 2019 org.joda.time.Partial,215
Mon Sep 02 17:18:49 EDT 2019 org.joda.time.Partial,216
Mon Sep 02 17:18:50 EDT 2019 org.joda.time.Partial,245
Mon Sep 02 17:21:01 EDT 2019 org.joda.time.Partial,207
Mon Sep 02 17:21:02 EDT 2019 org.joda.time.Partial,208
Mon Sep 02 17:21:04 EDT 2019 org.joda.time.Partial,202
Mon Sep 02 17:24:34 EDT 2019 org.joda.time.Partial,199
Mon Sep 02 17:33:09 EDT 2019 org.joda.time.Partial,196
Mon Sep 02 17:33:21 EDT 2019 org.joda.time.Partial,335
Mon Sep 02 17:39:10 EDT 2019 org.joda.time.Partial,190
Mon Sep 02 17:42:40 EDT 2019 org.joda.time.Partial,191
Mon Sep 02 17:42:42 EDT 2019 org.joda.time.Partial,192
Mon Sep 02 17:46:00 EDT 2019 org.joda.time.Partial,193
Mon Sep 02 17:46:13 EDT 2019 org.joda.time.Partial,323
Mon Sep 02 17:46:17 EDT 2019 org.joda.time.Partial,311
Mon Sep 02 17:46:35 EDT 2019 org.joda.time.DurationFieldType,292
Mon Sep 02 17:51:41 EDT 2019 org.joda.time.DateTimeFieldType,378
Mon Sep 02 17:51:52 EDT 2019 org.joda.time.chrono.BasicMonthOfYearDateTimeField,340
Mon Sep 02 17:51:57 EDT 2019 org.joda.time.chrono.BasicMonthOfYearDateTimeField,345
Mon Sep 02 17:53:08 EDT 2019 org.joda.time.field.BaseDurationField,155
Mon Sep 02 17:53:09 EDT 2019 Mon Sep 02 17:53:09 EDT 2019 : org.joda.time.field.BaseDurationField,38=>Find no block
Mon Sep 02 17:53:11 EDT 2019 org.joda.time.field.BaseDurationField,146
Mon Sep 02 17:55:02 EDT 2019 org.joda.time.field.BaseDurationField,147
Mon Sep 02 17:55:04 EDT 2019 org.joda.time.field.BaseDurationField,149
Mon Sep 02 17:55:05 EDT 2019 org.joda.time.field.BaseDurationField,152
Mon Sep 02 17:55:07 EDT 2019 org.joda.time.chrono.GregorianChronology,131
Mon Sep 02 17:56:47 EDT 2019 org.joda.time.chrono.GregorianChronology,132
Mon Sep 02 17:56:49 EDT 2019 org.joda.time.DurationFieldType,294
Timeout time : 19/09/02 18:03
Current failed test : org.joda.time.TestPartial_Constructors::testConstructorEx7_TypeArray_intArray_purify_4 | 19/09/02 18:03
Mon Sep 02 18:06:59 EDT 2019 org.joda.time.Partial,219
Mon Sep 02 18:07:04 EDT 2019 org.joda.time.field.UnsupportedDurationField,227
Mon Sep 02 18:07:29 EDT 2019 org.joda.time.field.UnsupportedDurationField,228
Mon Sep 02 18:07:31 EDT 2019 Mon Sep 02 18:07:31 EDT 2019 : org.joda.time.field.UnsupportedDurationField,32=>Find no block
Mon Sep 02 18:07:33 EDT 2019 org.joda.time.DurationFieldType,286

----------------------------------------
----------------------------------------
Pass Single Test : [=>0,0]
case ERAS :
return chronology.weekyears();


Time : 19/09/02 18:10
----------------------------------------

----------------------------------------
----------------------------------------
Pass Single Test : [=>0,0]
case ERAS :
return chronology.months();


Time : 19/09/02 18:12
----------------------------------------

----------------------------------------
----------------------------------------
Pass Single Test : [=>0,0]
case ERAS :
return chronology.days();


Time : 19/09/02 18:14
----------------------------------------

----------------------------------------
----------------------------------------
Pass Single Test : [=>0,0]
case ERAS :
return chronology.weekyears();

case CENTURIES :


Time : 19/09/02 18:17
----------------------------------------

----------------------------------------
----------------------------------------
Pass Single Test : [=>0,0]
case ERAS :
return chronology.months();

case CENTURIES :


Time : 19/09/02 18:18
----------------------------------------

----------------------------------------
----------------------------------------
Pass Single Test : [=>0,0]
case ERAS :
return chronology.days();

case CENTURIES :


Time : 19/09/02 18:20
----------------------------------------
Mon Sep 02 18:22:27 EDT 2019 org.joda.time.chrono.GJEraDateTimeField,136
Mon Sep 02 18:22:31 EDT 2019 org.joda.time.chrono.GJEraDateTimeField,140
Mon Sep 02 18:22:37 EDT 2019 org.joda.time.DateTimeFieldType,484
Mon Sep 02 18:37:25 EDT 2019 Mon Sep 02 18:37:25 EDT 2019 : org.joda.time.Partial,176=>Find no block
Mon Sep 02 18:37:27 EDT 2019 org.joda.time.Partial,175
Mon Sep 02 18:37:31 EDT 2019 org.joda.time.field.BaseDurationField,153
Mon Sep 02 18:37:37 EDT 2019 org.joda.time.Partial,217

----------------------------------------
----------------------------------------
Pass Single Test : [=>0,0]
if(compare!=0){
if(types[i-1].getRangeDurationType()==null){
if(loopType.getRangeDurationType()==null){
throw new IllegalArgumentException("Types array must not contain duplicate: "+types[i-1].getName());
}
}else {
if(loopType.getRangeDurationType()==null){
throw new IllegalArgumentException("Types array must be in order largest-smallest: "+types[i-1].getName());
}
DurationField lastRangeField=types[i-1].getRangeDurationType().getField(iChronology);
DurationField loopRangeField=loopType.getRangeDurationType().getField(iChronology);
if(lastRangeField.compareTo(loopRangeField)<0){
throw new IllegalArgumentException("Types array must be in order largest-smallest: "+types[i-1].getName());
}
if(lastRangeField.compareTo(loopRangeField)==0){
throw new IllegalArgumentException("Types array must not contain duplicate: "+types[i-1].getName());
}
}
}

Time : 19/09/02 19:17
----------------------------------------

----------------------------------------
----------------------------------------
Pass Single Test : [=>0,0]
if(i!=0){
if(types[i-1].getRangeDurationType()==null){
if(loopType.getRangeDurationType()==null){
throw new IllegalArgumentException("Types array must not contain duplicate: "+types[i-1].getName());
}
}else {
if(loopType.getRangeDurationType()==null){
throw new IllegalArgumentException("Types array must be in order largest-smallest: "+types[i-1].getName());
}
DurationField lastRangeField=types[i-1].getRangeDurationType().getField(iChronology);
DurationField loopRangeField=loopType.getRangeDurationType().getField(iChronology);
if(lastRangeField.compareTo(loopRangeField)<0){
throw new IllegalArgumentException("Types array must be in order largest-smallest: "+types[i-1].getName());
}
if(lastRangeField.compareTo(loopRangeField)==0){
throw new IllegalArgumentException("Types array must not contain duplicate: "+types[i-1].getName());
}
}
}

Time : 19/09/02 19:20
----------------------------------------
Mon Sep 02 19:21:25 EDT 2019 org.joda.time.Partial,218
Mon Sep 02 19:30:59 EDT 2019 org.joda.time.Partial,221
Mon Sep 02 19:31:00 EDT 2019 org.joda.time.Partial,250
Mon Sep 02 19:35:23 EDT 2019 Mon Sep 02 19:35:23 EDT 2019 : org.joda.time.Partial,251=>Find no block
Mon Sep 02 19:35:24 EDT 2019 org.joda.time.Partial,248
Mon Sep 02 19:35:25 EDT 2019 org.joda.time.Partial,249
Mon Sep 02 19:35:26 EDT 2019 org.joda.time.Partial,212
Mon Sep 02 19:51:39 EDT 2019 org.joda.time.Partial,213
Mon Sep 02 19:57:17 EDT 2019 org.joda.time.Partial,214
Mon Sep 02 19:57:21 EDT 2019 org.joda.time.Partial,215
Mon Sep 02 19:57:22 EDT 2019 org.joda.time.Partial,216
Mon Sep 02 19:57:23 EDT 2019 org.joda.time.Partial,245
Mon Sep 02 19:59:15 EDT 2019 org.joda.time.Partial,207
Mon Sep 02 19:59:16 EDT 2019 org.joda.time.Partial,208
Mon Sep 02 19:59:17 EDT 2019 org.joda.time.Partial,202
Mon Sep 02 20:02:06 EDT 2019 org.joda.time.Partial,199
Mon Sep 02 20:08:27 EDT 2019 org.joda.time.Partial,196
Mon Sep 02 20:08:37 EDT 2019 org.joda.time.Partial,335
Mon Sep 02 20:12:07 EDT 2019 org.joda.time.Partial,190
Mon Sep 02 20:14:32 EDT 2019 org.joda.time.Partial,191
Mon Sep 02 20:14:32 EDT 2019 org.joda.time.Partial,192
Mon Sep 02 20:16:48 EDT 2019 org.joda.time.Partial,193
Mon Sep 02 20:16:57 EDT 2019 org.joda.time.Partial,323
Mon Sep 02 20:17:00 EDT 2019 org.joda.time.Partial,311
Mon Sep 02 20:17:14 EDT 2019 org.joda.time.DurationFieldType,292
Mon Sep 02 20:20:51 EDT 2019 org.joda.time.DateTimeFieldType,378
Mon Sep 02 20:21:00 EDT 2019 org.joda.time.chrono.BasicMonthOfYearDateTimeField,340
Mon Sep 02 20:21:02 EDT 2019 org.joda.time.chrono.BasicMonthOfYearDateTimeField,345
Mon Sep 02 20:21:49 EDT 2019 org.joda.time.field.BaseDurationField,155
Mon Sep 02 20:21:49 EDT 2019 Mon Sep 02 20:21:49 EDT 2019 : org.joda.time.field.BaseDurationField,38=>Find no block
Mon Sep 02 20:21:50 EDT 2019 org.joda.time.field.BaseDurationField,146

----------------------------------------
----------------------------------------
Pass Single Test : [=>0,0]
long otherMillis=otherField.getUnitMillis();
long thisMillis=getUnitMillis();
thisMillis=(int)(otherMillis/getUnitMillis());
if(thisMillis==otherMillis){
return 0;
}
if(thisMillis<otherMillis){
return -1;
}else {
return 1;
}

Time : 19/09/02 20:22
----------------------------------------
Mon Sep 02 20:23:28 EDT 2019 org.joda.time.field.BaseDurationField,147
Mon Sep 02 20:23:29 EDT 2019 org.joda.time.field.BaseDurationField,149
Mon Sep 02 20:23:29 EDT 2019 org.joda.time.field.BaseDurationField,152
Mon Sep 02 20:23:30 EDT 2019 org.joda.time.chrono.GregorianChronology,131
Mon Sep 02 20:24:32 EDT 2019 org.joda.time.chrono.GregorianChronology,132
Mon Sep 02 20:24:33 EDT 2019 org.joda.time.DurationFieldType,294
Mon Sep 02 20:28:54 EDT 2019 org.joda.time.DurationFieldType,298
Mon Sep 02 20:32:58 EDT 2019 org.joda.time.field.BaseDateTimeField,818
Mon Sep 02 20:33:39 EDT 2019 org.joda.time.field.BaseDateTimeField,804
Mon Sep 02 20:34:05 EDT 2019 Mon Sep 02 20:34:05 EDT 2019 : org.joda.time.chrono.BaseChronology,213=>Find no block
Mon Sep 02 20:34:05 EDT 2019 org.joda.time.chrono.BaseChronology,199
Timeout time : 19/09/02 20:37
