=================================================
Project : time_10	start : 19/09/02 15:32
Current failed test : org.joda.time.TestDays::testFactory_daysBetween_RPartial_MonthDay | 19/09/02 15:32
Mon Sep 02 15:33:44 EDT 2019 org.joda.time.DateTimeFieldType,378
Mon Sep 02 15:33:55 EDT 2019 org.joda.time.IllegalFieldValueException,108
Mon Sep 02 15:33:58 EDT 2019 org.joda.time.IllegalFieldValueException,109
Mon Sep 02 15:33:58 EDT 2019 org.joda.time.IllegalFieldValueException,110
Mon Sep 02 15:33:59 EDT 2019 org.joda.time.IllegalFieldValueException,111
Mon Sep 02 15:34:00 EDT 2019 org.joda.time.IllegalFieldValueException,112
Mon Sep 02 15:34:00 EDT 2019 org.joda.time.IllegalFieldValueException,113
Mon Sep 02 15:34:01 EDT 2019 org.joda.time.IllegalFieldValueException,114
Mon Sep 02 15:34:02 EDT 2019 org.joda.time.IllegalFieldValueException,115
Mon Sep 02 15:34:02 EDT 2019 org.joda.time.IllegalFieldValueException,116
Mon Sep 02 15:34:03 EDT 2019 Mon Sep 02 15:34:03 EDT 2019 : org.joda.time.IllegalFieldValueException,117=>Find no block
Mon Sep 02 15:34:03 EDT 2019 org.joda.time.IllegalFieldValueException,41
Mon Sep 02 16:08:56 EDT 2019 org.joda.time.IllegalFieldValueException,44
Mon Sep 02 16:08:58 EDT 2019 org.joda.time.IllegalFieldValueException,50
Mon Sep 02 16:09:00 EDT 2019 org.joda.time.IllegalFieldValueException,53
Mon Sep 02 16:09:02 EDT 2019 org.joda.time.IllegalFieldValueException,59
Mon Sep 02 16:41:47 EDT 2019 org.joda.time.IllegalFieldValueException,63
Mon Sep 02 17:17:49 EDT 2019 org.joda.time.IllegalFieldValueException,314
Mon Sep 02 17:17:56 EDT 2019 org.joda.time.field.FieldUtils,218
Mon Sep 02 17:34:49 EDT 2019 org.joda.time.MonthDay,334
Mon Sep 02 17:34:57 EDT 2019 Mon Sep 02 17:34:57 EDT 2019 : org.joda.time.MonthDay,335=>Find no block
Mon Sep 02 17:35:00 EDT 2019 org.joda.time.MonthDay,352
Mon Sep 02 17:36:59 EDT 2019 Mon Sep 02 17:36:59 EDT 2019 : org.joda.time.MonthDay,353=>Find no block
Mon Sep 02 17:37:02 EDT 2019 Mon Sep 02 17:37:02 EDT 2019 : org.joda.time.MonthDay,79=>Find no block
Mon Sep 02 17:37:05 EDT 2019 Mon Sep 02 17:37:05 EDT 2019 : org.joda.time.MonthDay,84=>Find no block
Mon Sep 02 17:37:08 EDT 2019 org.joda.time.MonthDay,395
Mon Sep 02 17:37:17 EDT 2019 Mon Sep 02 17:37:17 EDT 2019 : org.joda.time.MonthDay,408=>Find no block
Mon Sep 02 17:37:21 EDT 2019 org.joda.time.MonthDay,410
Mon Sep 02 17:49:48 EDT 2019 org.joda.time.MonthDay,412
Mon Sep 02 17:49:52 EDT 2019 org.joda.time.MonthDay,426
Mon Sep 02 17:49:59 EDT 2019 org.joda.time.chrono.BasicGJChronology,129
Mon Sep 02 17:51:29 EDT 2019 org.joda.time.chrono.BasicDayOfMonthDateTimeField,89
Mon Sep 02 18:17:33 EDT 2019 org.joda.time.chrono.BasicMonthOfYearDateTimeField,93
Mon Sep 02 18:31:25 EDT 2019 org.joda.time.chrono.BasicMonthOfYearDateTimeField,260
Mon Sep 02 18:46:13 EDT 2019 org.joda.time.chrono.BasicMonthOfYearDateTimeField,262
Mon Sep 02 18:46:16 EDT 2019 Mon Sep 02 18:46:16 EDT 2019 : org.joda.time.format.DateTimeFormat,147=>Find no block
Mon Sep 02 18:46:19 EDT 2019 Mon Sep 02 18:46:19 EDT 2019 : org.joda.time.format.DateTimeFormat,149=>Find no block
Mon Sep 02 18:46:21 EDT 2019 org.joda.time.format.DateTimeFormat,170
Mon Sep 02 18:46:29 EDT 2019 org.joda.time.format.DateTimeFormat,400
Timeout time : 19/09/02 20:34
