=================================================
Project : time_12	start : 19/09/02 15:32
Current failed test : org.joda.time.TestLocalDate_Constructors::testFactory_fromDateFields_beforeYearZero3 | 19/09/02 15:34
Mon Sep 02 15:35:47 EDT 2019 org.joda.time.field.PreciseDurationDateTimeField,129
Mon Sep 02 15:59:52 EDT 2019 org.joda.time.LocalDateTime,2016
Mon Sep 02 16:04:59 EDT 2019 org.joda.time.LocalDateTime,199
Mon Sep 02 16:06:25 EDT 2019 org.joda.time.LocalDateTime,200
Mon Sep 02 16:06:30 EDT 2019 org.joda.time.LocalDateTime,612
Mon Sep 02 16:06:46 EDT 2019 org.joda.time.LocalDateTime,615
Mon Sep 02 16:12:31 EDT 2019 org.joda.time.LocalDate,210
Timeout time : 19/09/02 16:12
Current failed test : org.joda.time.TestLocalDateTime_Constructors::testFactory_fromDateFields_beforeYearZero1 | 19/09/02 16:12
Mon Sep 02 16:14:41 EDT 2019 org.joda.time.field.PreciseDurationDateTimeField,129
Mon Sep 02 16:45:20 EDT 2019 org.joda.time.LocalDateTime,2016
Mon Sep 02 16:50:25 EDT 2019 org.joda.time.LocalDateTime,199
Timeout time : 19/09/02 16:51
Current failed test : org.joda.time.TestLocalDate_Constructors::testFactory_fromCalendarFields_beforeYearZero1 | 19/09/02 16:51
Mon Sep 02 16:53:38 EDT 2019 org.joda.time.field.PreciseDurationDateTimeField,129
Mon Sep 02 17:22:34 EDT 2019 org.joda.time.LocalDateTime,2016
Mon Sep 02 17:27:21 EDT 2019 org.joda.time.LocalDateTime,199
Mon Sep 02 17:28:56 EDT 2019 org.joda.time.LocalDateTime,200
Mon Sep 02 17:28:59 EDT 2019 org.joda.time.LocalDateTime,612
Mon Sep 02 17:29:13 EDT 2019 org.joda.time.LocalDateTime,615
Timeout time : 19/09/02 17:30
Current failed test : org.joda.time.TestLocalDateTime_Constructors::testFactory_fromDateFields_beforeYearZero3 | 19/09/02 17:30
Mon Sep 02 17:33:06 EDT 2019 org.joda.time.field.PreciseDurationDateTimeField,129
Mon Sep 02 18:05:26 EDT 2019 org.joda.time.LocalDateTime,2016
Timeout time : 19/09/02 18:10
Current failed test : org.joda.time.TestLocalDate_Constructors::testFactory_fromCalendarFields_beforeYearZero3 | 19/09/02 18:10
Mon Sep 02 18:12:10 EDT 2019 org.joda.time.field.PreciseDurationDateTimeField,129
Mon Sep 02 18:42:51 EDT 2019 org.joda.time.LocalDateTime,2016
Mon Sep 02 18:48:05 EDT 2019 org.joda.time.LocalDateTime,199
Timeout time : 19/09/02 18:49
Current failed test : org.joda.time.TestLocalDateTime_Constructors::testFactory_fromCalendarFields_beforeYearZero1 | 19/09/02 18:49
Mon Sep 02 18:51:06 EDT 2019 org.joda.time.field.PreciseDurationDateTimeField,129
Mon Sep 02 19:20:56 EDT 2019 org.joda.time.LocalDateTime,2016
Mon Sep 02 19:25:43 EDT 2019 org.joda.time.LocalDateTime,199
Mon Sep 02 19:27:14 EDT 2019 org.joda.time.LocalDateTime,200
Mon Sep 02 19:27:16 EDT 2019 org.joda.time.LocalDateTime,612
Mon Sep 02 19:27:31 EDT 2019 org.joda.time.LocalDateTime,615
Timeout time : 19/09/02 19:28
Current failed test : org.joda.time.TestLocalDate_Constructors::testFactory_fromDateFields_beforeYearZero1 | 19/09/02 19:28
Mon Sep 02 19:29:59 EDT 2019 org.joda.time.field.PreciseDurationDateTimeField,129
Mon Sep 02 19:56:13 EDT 2019 org.joda.time.LocalDateTime,2016
Mon Sep 02 20:00:40 EDT 2019 org.joda.time.LocalDateTime,199
Mon Sep 02 20:02:10 EDT 2019 org.joda.time.LocalDateTime,200
Mon Sep 02 20:02:13 EDT 2019 org.joda.time.LocalDateTime,612
Mon Sep 02 20:02:25 EDT 2019 org.joda.time.LocalDateTime,615
Timeout time : 19/09/02 20:07
Current failed test : org.joda.time.TestLocalDateTime_Constructors::testFactory_fromCalendarFields_beforeYearZero3 | 19/09/02 20:07
Mon Sep 02 20:09:16 EDT 2019 org.joda.time.field.PreciseDurationDateTimeField,129
Mon Sep 02 20:35:06 EDT 2019 org.joda.time.LocalDateTime,2016
Mon Sep 02 20:36:46 EDT 2019 org.joda.time.LocalDateTime,199
Mon Sep 02 20:37:49 EDT 2019 org.joda.time.LocalDateTime,200
Mon Sep 02 20:37:49 EDT 2019 org.joda.time.LocalDateTime,612
Mon Sep 02 20:37:56 EDT 2019 org.joda.time.LocalDateTime,615
Mon Sep 02 20:40:43 EDT 2019 org.joda.time.LocalDate,210
Mon Sep 02 20:42:10 EDT 2019 org.joda.time.LocalDate,211
Mon Sep 02 20:42:10 EDT 2019 org.joda.time.LocalDate,1805
Mon Sep 02 20:43:50 EDT 2019 org.joda.time.LocalDateTime,196
Mon Sep 02 20:43:52 EDT 2019 org.joda.time.LocalDate,207
Mon Sep 02 20:43:52 EDT 2019 org.joda.time.LocalDateTime,597
Mon Sep 02 20:45:29 EDT 2019 org.joda.time.LocalDateTime,600
Timeout time : 19/09/02 20:46
