=================================================
Project : time_13	start : 19/09/02 15:32
Current failed test : org.joda.time.format.TestISOPeriodFormat::testFormatStandard_negative_purify_1 | 19/09/02 15:34
Mon Sep 02 15:35:02 EDT 2019 org.joda.time.Period,967

----------------------------------------
----------------------------------------
Pass Single Test : [=>0,0]
int[] values=getValues();
getPeriodType().setIndexedField(this,PeriodType.YEAR_INDEX,values,millis);
return new Period(values,getPeriodType());

Time : 19/09/02 15:35
----------------------------------------

----------------------------------------
----------------------------------------
Pass Single Test : [=>0,0]
int[] values=getValues();
getPeriodType().setIndexedField(this,PeriodType.MONTH_INDEX,values,millis);
return new Period(values,getPeriodType());

Time : 19/09/02 15:37
----------------------------------------

----------------------------------------
----------------------------------------
Pass Single Test : [=>0,0]
int[] values=getValues();
getPeriodType().setIndexedField(this,PeriodType.WEEK_INDEX,values,millis);
return new Period(values,getPeriodType());

Time : 19/09/02 15:38
----------------------------------------

----------------------------------------
----------------------------------------
Pass Single Test : [=>0,0]
int[] values=getValues();
getPeriodType().setIndexedField(this,PeriodType.DAY_INDEX,values,millis);
return new Period(values,getPeriodType());

Time : 19/09/02 15:39
----------------------------------------

----------------------------------------
----------------------------------------
Pass Single Test : [=>0,0]
int[] values=getValues();
getPeriodType().setIndexedField(this,PeriodType.HOUR_INDEX,values,millis);
return new Period(values,getPeriodType());

Time : 19/09/02 15:40
----------------------------------------

----------------------------------------
----------------------------------------
Pass Single Test : [=>0,0]
int[] values=getValues();
getPeriodType().setIndexedField(this,PeriodType.MINUTE_INDEX,values,millis);
return new Period(values,getPeriodType());

Time : 19/09/02 15:41
----------------------------------------

----------------------------------------
----------------------------------------
Pass Single Test : [=>0,0]
int[] values=getValues();
getPeriodType().setIndexedField(this,PeriodType.SECOND_INDEX,values,millis);
return new Period(values,getPeriodType());

Time : 19/09/02 15:43
----------------------------------------

----------------------------------------
----------------------------------------
Pass Single Test : [=>0,0]
if(millis==0){
return this;
}
int[] values=getValues();
getPeriodType().setIndexedField(this,PeriodType.MILLI_INDEX,values,millis);
return new Period(values,getPeriodType());

Time : 19/09/02 15:44
----------------------------------------

----------------------------------------
----------------------------------------
Similar code block : 2.603575446812632 : [/home/mmotwani/mywork1dir/Defects4Java7/defects4j/SIMFIX_RQ1/time/time_13_buggy/src/main/java/org/joda/time/Period.java=>0,0]
if(millis==0){
return this;
}
int[] values=getValues();
getPeriodType().addIndexedField(this,PeriodType.MILLI_INDEX,values,millis);
return new Period(values,getPeriodType());

Time : 19/09/02 15:45
----------------------------------------

----------------------------------------
----------------------------------------
Original source code : [/home/mmotwani/mywork1dir/Defects4Java7/defects4j/SIMFIX_RQ1/time/time_13_buggy/src/main/java/org/joda/time/Period.java=>967,969]
int[] values=getValues();
getPeriodType().setIndexedField(this,PeriodType.MILLI_INDEX,values,millis);
return new Period(values,getPeriodType());

Time : 19/09/02 15:45
----------------------------------------

----------------------------------------
----------------------------------------
Find a patch : [/home/mmotwani/mywork1dir/Defects4Java7/defects4j/SIMFIX_RQ1/time/time_13_buggy/src/main/java/org/joda/time/Period.java=>967,969]
if(millis==0){
return this;
}
int[] values=getValues();
getPeriodType().setIndexedField(this,PeriodType.MILLI_INDEX,values,millis);
return new Period(values,getPeriodType());

Time : 19/09/02 15:45
----------------------------------------
Success time : 19/09/02 15:45
Current failed test : org.joda.time.format.TestISOPeriodFormat::testFormatStandard_negative_purify_6 | 19/09/02 15:45
Mon Sep 02 15:47:43 EDT 2019 org.joda.time.Period,967
Mon Sep 02 15:57:28 EDT 2019 org.joda.time.Period,968
Mon Sep 02 15:57:33 EDT 2019 org.joda.time.Period,969
Mon Sep 02 15:57:36 EDT 2019 org.joda.time.format.FormatUtils,337
Mon Sep 02 16:00:06 EDT 2019 org.joda.time.format.FormatUtils,338
Mon Sep 02 16:00:07 EDT 2019 org.joda.time.format.FormatUtils,237

----------------------------------------
----------------------------------------
Pass Single Test : [=>0,0]
if(value<=0){
buf.append('-');
if(value!=Integer.MIN_VALUE){
value=-value;
}else {
buf.append(""+-(long)Integer.MIN_VALUE);
return ;
}
}

Time : 19/09/02 16:41
----------------------------------------
Mon Sep 02 16:46:00 EDT 2019 org.joda.time.format.FormatUtils,238
Mon Sep 02 16:46:03 EDT 2019 org.joda.time.format.FormatUtils,239
Mon Sep 02 16:46:06 EDT 2019 org.joda.time.format.FormatUtils,81
Mon Sep 02 17:05:34 EDT 2019 org.joda.time.format.FormatUtils,251
Mon Sep 02 17:35:57 EDT 2019 org.joda.time.format.FormatUtils,252
Mon Sep 02 17:36:01 EDT 2019 org.joda.time.format.FormatUtils,254
Mon Sep 02 17:36:03 EDT 2019 Mon Sep 02 17:36:03 EDT 2019 : org.joda.time.format.FormatUtils,255=>Find no block
Mon Sep 02 17:36:07 EDT 2019 org.joda.time.format.FormatUtils,247
Mon Sep 02 17:36:09 EDT 2019 org.joda.time.Period,226
Mon Sep 02 17:36:17 EDT 2019 org.joda.time.Period,212
Mon Sep 02 17:36:26 EDT 2019 org.joda.time.format.PeriodFormatterBuilder,1103
Mon Sep 02 17:40:02 EDT 2019 org.joda.time.Period,110
Mon Sep 02 17:40:09 EDT 2019 org.joda.time.format.PeriodFormatterBuilder,1651
Mon Sep 02 17:45:36 EDT 2019 org.joda.time.format.PeriodFormatterBuilder,1098
Mon Sep 02 17:51:28 EDT 2019 org.joda.time.format.PeriodFormatterBuilder,1100
Mon Sep 02 17:51:31 EDT 2019 org.joda.time.format.PeriodFormatterBuilder,1101
Mon Sep 02 17:51:34 EDT 2019 org.joda.time.format.PeriodFormatterBuilder,1106
Mon Sep 02 17:51:37 EDT 2019 org.joda.time.format.PeriodFormatterBuilder,1674
Mon Sep 02 18:00:58 EDT 2019 org.joda.time.format.PeriodFormatterBuilder,1127
Mon Sep 02 18:06:43 EDT 2019 org.joda.time.format.PeriodFormatterBuilder,1140
Timeout time : 19/09/02 18:17
