=================================================
Project : time_14	start : 19/09/02 15:32
Current failed test : org.joda.time.TestMonthDay_Basics::testPlusMonths_int_negativeFromLeap | 19/09/02 15:32
Mon Sep 02 15:35:26 EDT 2019 org.joda.time.IllegalFieldValueException,314
Mon Sep 02 15:35:30 EDT 2019 org.joda.time.chrono.BasicMonthOfYearDateTimeField,206
Mon Sep 02 15:37:42 EDT 2019 org.joda.time.chrono.BasicMonthOfYearDateTimeField,210
Mon Sep 02 15:49:44 EDT 2019 org.joda.time.chrono.BasicMonthOfYearDateTimeField,211
Mon Sep 02 15:49:48 EDT 2019 org.joda.time.chrono.BasicMonthOfYearDateTimeField,212
Mon Sep 02 15:49:54 EDT 2019 org.joda.time.chrono.BasicMonthOfYearDateTimeField,213
Mon Sep 02 15:49:55 EDT 2019 org.joda.time.MonthDay,518
Mon Sep 02 16:01:34 EDT 2019 org.joda.time.MonthDay,519
Mon Sep 02 16:01:38 EDT 2019 org.joda.time.MonthDay,515
Mon Sep 02 16:01:41 EDT 2019 org.joda.time.MonthDay,514
Mon Sep 02 16:01:43 EDT 2019 org.joda.time.DateTimeUtils,347

----------------------------------------
----------------------------------------
Pass Single Test : [=>0,0]
if(loopField.getRangeDurationField().getType()!=null){
return false;
}

Time : 19/09/02 16:06
----------------------------------------

----------------------------------------
----------------------------------------
Pass Single Test : [=>0,0]
for(int i=0;i<partial.size();i++){
DateTimeField loopField=partial.getField(i);
if(i>0){
if(loopField.getRangeDurationField().getType()!=lastType){
return false;
}
}
lastType=loopField.getDurationField().getType();
}
return false;

Time : 19/09/02 16:16
----------------------------------------
Mon Sep 02 16:21:04 EDT 2019 org.joda.time.DateTimeUtils,334
Mon Sep 02 16:25:42 EDT 2019 org.joda.time.DateTimeUtils,337
Mon Sep 02 16:39:18 EDT 2019 org.joda.time.DateTimeUtils,338
Mon Sep 02 16:39:20 EDT 2019 org.joda.time.DateTimeUtils,339
Mon Sep 02 16:39:23 EDT 2019 org.joda.time.DateTimeUtils,340
Mon Sep 02 16:39:25 EDT 2019 org.joda.time.DateTimeUtils,341
Mon Sep 02 16:39:28 EDT 2019 org.joda.time.DateTimeUtils,345
Mon Sep 02 16:39:31 EDT 2019 org.joda.time.MonthDay,592
Mon Sep 02 16:42:41 EDT 2019 org.joda.time.MonthDay,652
Mon Sep 02 16:45:42 EDT 2019 org.joda.time.chrono.BasicGJChronology,129
Mon Sep 02 16:47:02 EDT 2019 org.joda.time.chrono.BasicDayOfMonthDateTimeField,89
Mon Sep 02 17:10:04 EDT 2019 org.joda.time.base.AbstractPartial,223
Mon Sep 02 17:17:34 EDT 2019 org.joda.time.MonthDay,352
Mon Sep 02 17:19:13 EDT 2019 Mon Sep 02 17:19:13 EDT 2019 : org.joda.time.MonthDay,353=>Find no block
Mon Sep 02 17:19:15 EDT 2019 org.joda.time.MonthDay,410
Mon Sep 02 17:32:03 EDT 2019 org.joda.time.MonthDay,412
Mon Sep 02 17:32:06 EDT 2019 Mon Sep 02 17:32:06 EDT 2019 : org.joda.time.MonthDay,408=>Find no block
Mon Sep 02 17:32:09 EDT 2019 org.joda.time.base.AbstractPartial,204
Mon Sep 02 17:36:58 EDT 2019 org.joda.time.base.AbstractPartial,219
Mon Sep 02 17:37:00 EDT 2019 org.joda.time.base.AbstractPartial,220
Mon Sep 02 17:48:05 EDT 2019 org.joda.time.MonthDay,426
Mon Sep 02 17:48:14 EDT 2019 org.joda.time.base.AbstractPartial,202
Mon Sep 02 17:52:58 EDT 2019 org.joda.time.base.AbstractPartial,203
Mon Sep 02 17:53:02 EDT 2019 org.joda.time.MonthDay,395
Mon Sep 02 17:53:10 EDT 2019 Mon Sep 02 17:53:10 EDT 2019 : org.joda.time.MonthDay,79=>Find no block
Mon Sep 02 17:53:12 EDT 2019 Mon Sep 02 17:53:12 EDT 2019 : org.joda.time.MonthDay,84=>Find no block
Mon Sep 02 17:53:15 EDT 2019 org.joda.time.MonthDay,780
Mon Sep 02 17:56:20 EDT 2019 org.joda.time.MonthDay,781
Mon Sep 02 17:56:24 EDT 2019 org.joda.time.MonthDay,782
Mon Sep 02 17:56:27 EDT 2019 org.joda.time.MonthDay,783
Mon Sep 02 17:56:31 EDT 2019 org.joda.time.format.DateTimeFormat,555
Mon Sep 02 18:03:00 EDT 2019 org.joda.time.format.DateTimeFormat,557
Mon Sep 02 18:12:39 EDT 2019 org.joda.time.chrono.BasicChronology,575
Mon Sep 02 18:22:31 EDT 2019 org.joda.time.chrono.BasicChronology,576
Mon Sep 02 18:22:33 EDT 2019 org.joda.time.chrono.BasicChronology,577
Mon Sep 02 18:22:36 EDT 2019 org.joda.time.field.FieldUtils,218
Mon Sep 02 18:38:22 EDT 2019 org.joda.time.base.BasePartial,237
Mon Sep 02 18:38:29 EDT 2019 org.joda.time.base.AbstractPartial,267
Mon Sep 02 18:47:55 EDT 2019 org.joda.time.format.ISODateTimeFormat,328
Mon Sep 02 20:34:35 EDT 2019 org.joda.time.format.ISODateTimeFormat,329
Mon Sep 02 20:34:35 EDT 2019 org.joda.time.chrono.BasicDayOfMonthDateTimeField,82
Mon Sep 02 20:34:36 EDT 2019 org.joda.time.chrono.BasicDayOfMonthDateTimeField,83
Mon Sep 02 20:34:37 EDT 2019 org.joda.time.chrono.BasicDayOfMonthDateTimeField,84
Mon Sep 02 20:34:37 EDT 2019 org.joda.time.format.ISODateTimeFormat,595
Timeout time : 19/09/02 20:35
