=================================================
Project : time_15	start : 19/09/02 15:32
Current failed test : org.joda.time.field.TestFieldUtils::testSafeMultiplyLongInt | 19/09/02 15:32
Mon Sep 02 15:34:01 EDT 2019 org.joda.time.field.FieldUtils,140
Mon Sep 02 15:34:08 EDT 2019 org.joda.time.field.FieldUtils,138
Mon Sep 02 15:34:21 EDT 2019 org.joda.time.field.FieldUtils,142
Mon Sep 02 15:35:07 EDT 2019 org.joda.time.field.FieldUtils,144
Mon Sep 02 15:51:50 EDT 2019 org.joda.time.field.FieldUtils,145
Mon Sep 02 15:51:52 EDT 2019 org.joda.time.field.FieldUtils,148
Mon Sep 02 16:16:30 EDT 2019 Mon Sep 02 16:16:30 EDT 2019 : org.joda.time.field.FieldUtils,136=>Find no block
Mon Sep 02 16:16:32 EDT 2019 org.joda.time.IllegalFieldValueException,108
Mon Sep 02 16:16:39 EDT 2019 org.joda.time.IllegalFieldValueException,109
Mon Sep 02 16:16:41 EDT 2019 org.joda.time.IllegalFieldValueException,110
Mon Sep 02 16:16:44 EDT 2019 org.joda.time.IllegalFieldValueException,111
Mon Sep 02 16:16:46 EDT 2019 org.joda.time.IllegalFieldValueException,112
Mon Sep 02 16:16:48 EDT 2019 org.joda.time.IllegalFieldValueException,113
Mon Sep 02 16:16:51 EDT 2019 org.joda.time.IllegalFieldValueException,114
Mon Sep 02 16:16:53 EDT 2019 org.joda.time.IllegalFieldValueException,115
Mon Sep 02 16:16:56 EDT 2019 org.joda.time.IllegalFieldValueException,116
Mon Sep 02 16:16:58 EDT 2019 Mon Sep 02 16:16:58 EDT 2019 : org.joda.time.IllegalFieldValueException,117=>Find no block
Mon Sep 02 16:17:00 EDT 2019 org.joda.time.IllegalFieldValueException,129
Mon Sep 02 16:17:07 EDT 2019 org.joda.time.IllegalFieldValueException,130
Mon Sep 02 16:17:09 EDT 2019 org.joda.time.IllegalFieldValueException,131
Mon Sep 02 16:17:11 EDT 2019 org.joda.time.IllegalFieldValueException,132
Mon Sep 02 16:17:13 EDT 2019 org.joda.time.IllegalFieldValueException,133
Mon Sep 02 16:17:15 EDT 2019 org.joda.time.IllegalFieldValueException,134
Mon Sep 02 16:17:17 EDT 2019 org.joda.time.IllegalFieldValueException,135
Mon Sep 02 16:17:21 EDT 2019 org.joda.time.IllegalFieldValueException,136
Mon Sep 02 16:17:22 EDT 2019 org.joda.time.IllegalFieldValueException,137
Mon Sep 02 16:17:24 EDT 2019 Mon Sep 02 16:17:24 EDT 2019 : org.joda.time.IllegalFieldValueException,138=>Find no block
Mon Sep 02 16:17:26 EDT 2019 org.joda.time.IllegalFieldValueException,150
Mon Sep 02 16:17:33 EDT 2019 org.joda.time.IllegalFieldValueException,151
Mon Sep 02 16:17:34 EDT 2019 org.joda.time.IllegalFieldValueException,152
Mon Sep 02 16:17:36 EDT 2019 org.joda.time.IllegalFieldValueException,153
Mon Sep 02 16:17:38 EDT 2019 org.joda.time.IllegalFieldValueException,154
Mon Sep 02 16:17:40 EDT 2019 org.joda.time.IllegalFieldValueException,155
Mon Sep 02 16:17:42 EDT 2019 org.joda.time.IllegalFieldValueException,156
Mon Sep 02 16:17:44 EDT 2019 org.joda.time.IllegalFieldValueException,157
Mon Sep 02 16:17:46 EDT 2019 org.joda.time.IllegalFieldValueException,158
Mon Sep 02 16:17:49 EDT 2019 Mon Sep 02 16:17:49 EDT 2019 : org.joda.time.IllegalFieldValueException,159=>Find no block
Mon Sep 02 16:17:51 EDT 2019 org.joda.time.IllegalFieldValueException,171
Mon Sep 02 16:17:57 EDT 2019 org.joda.time.IllegalFieldValueException,172
Mon Sep 02 16:17:58 EDT 2019 org.joda.time.IllegalFieldValueException,173
Mon Sep 02 16:18:00 EDT 2019 org.joda.time.IllegalFieldValueException,174
Mon Sep 02 16:18:03 EDT 2019 org.joda.time.IllegalFieldValueException,175
Mon Sep 02 16:18:05 EDT 2019 org.joda.time.IllegalFieldValueException,176
Mon Sep 02 16:18:08 EDT 2019 org.joda.time.IllegalFieldValueException,177
Mon Sep 02 16:18:10 EDT 2019 org.joda.time.IllegalFieldValueException,178
Mon Sep 02 16:18:12 EDT 2019 org.joda.time.IllegalFieldValueException,179
Mon Sep 02 16:18:14 EDT 2019 Mon Sep 02 16:18:14 EDT 2019 : org.joda.time.IllegalFieldValueException,180=>Find no block
Mon Sep 02 16:18:16 EDT 2019 org.joda.time.IllegalFieldValueException,189
Mon Sep 02 16:18:22 EDT 2019 org.joda.time.IllegalFieldValueException,190
Mon Sep 02 16:18:25 EDT 2019 org.joda.time.IllegalFieldValueException,191
Mon Sep 02 16:18:27 EDT 2019 org.joda.time.IllegalFieldValueException,192
Mon Sep 02 16:18:29 EDT 2019 org.joda.time.IllegalFieldValueException,193
Mon Sep 02 16:18:31 EDT 2019 org.joda.time.IllegalFieldValueException,194
Mon Sep 02 16:18:33 EDT 2019 org.joda.time.IllegalFieldValueException,195
Mon Sep 02 16:18:34 EDT 2019 org.joda.time.IllegalFieldValueException,196
Mon Sep 02 16:18:37 EDT 2019 org.joda.time.IllegalFieldValueException,197
Mon Sep 02 16:18:39 EDT 2019 Mon Sep 02 16:18:39 EDT 2019 : org.joda.time.IllegalFieldValueException,198=>Find no block
Mon Sep 02 16:18:42 EDT 2019 org.joda.time.IllegalFieldValueException,207
Mon Sep 02 16:18:48 EDT 2019 org.joda.time.IllegalFieldValueException,208
Mon Sep 02 16:18:51 EDT 2019 org.joda.time.IllegalFieldValueException,209
Mon Sep 02 16:18:53 EDT 2019 org.joda.time.IllegalFieldValueException,210
Mon Sep 02 16:18:55 EDT 2019 org.joda.time.IllegalFieldValueException,211
Mon Sep 02 16:18:56 EDT 2019 org.joda.time.IllegalFieldValueException,212
Mon Sep 02 16:18:59 EDT 2019 org.joda.time.IllegalFieldValueException,213
Mon Sep 02 16:19:01 EDT 2019 org.joda.time.IllegalFieldValueException,214
Mon Sep 02 16:19:03 EDT 2019 org.joda.time.IllegalFieldValueException,215
Mon Sep 02 16:19:05 EDT 2019 Mon Sep 02 16:19:05 EDT 2019 : org.joda.time.IllegalFieldValueException,216=>Find no block
Mon Sep 02 16:19:08 EDT 2019 org.joda.time.IllegalFieldValueException,225
Mon Sep 02 16:19:14 EDT 2019 org.joda.time.IllegalFieldValueException,226
Mon Sep 02 16:19:16 EDT 2019 org.joda.time.IllegalFieldValueException,227
Mon Sep 02 16:19:18 EDT 2019 org.joda.time.IllegalFieldValueException,228
Mon Sep 02 16:19:20 EDT 2019 org.joda.time.IllegalFieldValueException,229
Mon Sep 02 16:19:22 EDT 2019 org.joda.time.IllegalFieldValueException,230
Mon Sep 02 16:19:25 EDT 2019 org.joda.time.IllegalFieldValueException,231
Mon Sep 02 16:19:26 EDT 2019 org.joda.time.IllegalFieldValueException,232
Mon Sep 02 16:19:29 EDT 2019 org.joda.time.IllegalFieldValueException,233
Mon Sep 02 16:19:31 EDT 2019 Mon Sep 02 16:19:31 EDT 2019 : org.joda.time.IllegalFieldValueException,234=>Find no block
Mon Sep 02 16:19:34 EDT 2019 org.joda.time.IllegalFieldValueException,41
Mon Sep 02 16:58:27 EDT 2019 org.joda.time.IllegalFieldValueException,44
Mon Sep 02 16:58:29 EDT 2019 org.joda.time.IllegalFieldValueException,45
Mon Sep 02 16:58:31 EDT 2019 org.joda.time.IllegalFieldValueException,46
Mon Sep 02 16:58:33 EDT 2019 org.joda.time.IllegalFieldValueException,48
Mon Sep 02 16:58:35 EDT 2019 org.joda.time.IllegalFieldValueException,50
Mon Sep 02 16:58:37 EDT 2019 org.joda.time.IllegalFieldValueException,51
Mon Sep 02 16:58:39 EDT 2019 org.joda.time.IllegalFieldValueException,53
Mon Sep 02 16:58:41 EDT 2019 org.joda.time.IllegalFieldValueException,59
Mon Sep 02 17:28:13 EDT 2019 org.joda.time.IllegalFieldValueException,60
Mon Sep 02 17:28:15 EDT 2019 org.joda.time.IllegalFieldValueException,63
Mon Sep 02 18:06:31 EDT 2019 org.joda.time.IllegalFieldValueException,74
Mon Sep 02 18:32:47 EDT 2019 org.joda.time.IllegalFieldValueException,76
Mon Sep 02 18:32:50 EDT 2019 org.joda.time.IllegalFieldValueException,77
Mon Sep 02 18:32:52 EDT 2019 org.joda.time.IllegalFieldValueException,79
Mon Sep 02 18:32:55 EDT 2019 org.joda.time.IllegalFieldValueException,80
Mon Sep 02 18:32:57 EDT 2019 org.joda.time.IllegalFieldValueException,81
Mon Sep 02 18:32:59 EDT 2019 org.joda.time.IllegalFieldValueException,84
Mon Sep 02 18:33:02 EDT 2019 org.joda.time.IllegalFieldValueException,86
Mon Sep 02 18:33:04 EDT 2019 org.joda.time.IllegalFieldValueException,243
Mon Sep 02 18:33:12 EDT 2019 org.joda.time.IllegalFieldValueException,252
Mon Sep 02 18:33:19 EDT 2019 org.joda.time.IllegalFieldValueException,261
Mon Sep 02 18:33:27 EDT 2019 org.joda.time.IllegalFieldValueException,270
Mon Sep 02 18:33:35 EDT 2019 org.joda.time.IllegalFieldValueException,279
Mon Sep 02 18:33:55 EDT 2019 org.joda.time.IllegalFieldValueException,288
Mon Sep 02 18:35:37 EDT 2019 org.joda.time.IllegalFieldValueException,289
Mon Sep 02 18:37:01 EDT 2019 org.joda.time.IllegalFieldValueException,290
Mon Sep 02 18:37:03 EDT 2019 org.joda.time.IllegalFieldValueException,292
Mon Sep 02 18:37:06 EDT 2019 org.joda.time.IllegalFieldValueException,301
Mon Sep 02 18:37:12 EDT 2019 org.joda.time.IllegalFieldValueException,310
Mon Sep 02 18:37:21 EDT 2019 org.joda.time.IllegalFieldValueException,314
Mon Sep 02 18:37:28 EDT 2019 org.joda.time.IllegalFieldValueException,323
Mon Sep 02 18:37:49 EDT 2019 org.joda.time.IllegalFieldValueException,324
Mon Sep 02 18:37:51 EDT 2019 org.joda.time.IllegalFieldValueException,325
Mon Sep 02 18:37:53 EDT 2019 org.joda.time.IllegalFieldValueException,326
Mon Sep 02 18:37:55 EDT 2019 Mon Sep 02 18:37:55 EDT 2019 : org.joda.time.IllegalFieldValueException,328=>Find no block
Mon Sep 02 18:37:57 EDT 2019 org.joda.time.field.FieldUtils,36
Mon Sep 02 18:38:04 EDT 2019 Mon Sep 02 18:38:04 EDT 2019 : org.joda.time.field.FieldUtils,37=>Find no block
Mon Sep 02 18:38:06 EDT 2019 org.joda.time.field.FieldUtils,49
Mon Sep 02 18:44:17 EDT 2019 org.joda.time.field.FieldUtils,50
Mon Sep 02 18:44:20 EDT 2019 org.joda.time.field.FieldUtils,52
Mon Sep 02 18:53:08 EDT 2019 org.joda.time.field.FieldUtils,64
Mon Sep 02 19:00:36 EDT 2019 org.joda.time.field.FieldUtils,66
Mon Sep 02 19:03:37 EDT 2019 org.joda.time.field.FieldUtils,67
Mon Sep 02 19:03:39 EDT 2019 org.joda.time.field.FieldUtils,70
Mon Sep 02 19:03:41 EDT 2019 org.joda.time.field.FieldUtils,82
Mon Sep 02 19:10:05 EDT 2019 org.joda.time.field.FieldUtils,84
Mon Sep 02 19:10:07 EDT 2019 org.joda.time.field.FieldUtils,85
Mon Sep 02 19:10:09 EDT 2019 org.joda.time.field.FieldUtils,88
Mon Sep 02 19:10:11 EDT 2019 org.joda.time.field.FieldUtils,100
Mon Sep 02 19:17:16 EDT 2019 org.joda.time.field.FieldUtils,102
Mon Sep 02 19:24:33 EDT 2019 org.joda.time.field.FieldUtils,103
Mon Sep 02 19:24:35 EDT 2019 org.joda.time.field.FieldUtils,106
Mon Sep 02 19:24:37 EDT 2019 org.joda.time.field.FieldUtils,119
Mon Sep 02 19:38:46 EDT 2019 org.joda.time.field.FieldUtils,120
Mon Sep 02 20:08:48 EDT 2019 org.joda.time.field.FieldUtils,121
Mon Sep 02 20:08:50 EDT 2019 org.joda.time.field.FieldUtils,123
Mon Sep 02 20:08:52 EDT 2019 org.joda.time.field.FieldUtils,146
Mon Sep 02 20:08:53 EDT 2019 org.joda.time.field.FieldUtils,160
Mon Sep 02 20:13:58 EDT 2019 org.joda.time.field.FieldUtils,161
Mon Sep 02 20:14:00 EDT 2019 org.joda.time.field.FieldUtils,163
Mon Sep 02 20:19:22 EDT 2019 org.joda.time.field.FieldUtils,164
Mon Sep 02 20:19:24 EDT 2019 org.joda.time.field.FieldUtils,166
Mon Sep 02 20:21:35 EDT 2019 org.joda.time.field.FieldUtils,167
Mon Sep 02 20:21:37 EDT 2019 org.joda.time.field.FieldUtils,169
Timeout time : 19/09/02 20:34
