=================================================
Project : time_16	start : 19/09/02 15:32
Current failed test : org.joda.time.format.TestDateTimeFormatter::testParseInto_monthOnly_baseStartYear | 19/09/02 15:32
Mon Sep 02 15:34:10 EDT 2019 org.joda.time.format.DateTimeFormatter,698
Mon Sep 02 15:36:25 EDT 2019 org.joda.time.format.DateTimeFormatter,699
Mon Sep 02 15:36:29 EDT 2019 org.joda.time.format.DateTimeFormatter,703
Mon Sep 02 15:43:20 EDT 2019 org.joda.time.format.DateTimeFormatter,704
Mon Sep 02 15:51:44 EDT 2019 org.joda.time.format.DateTimeFormatter,705
Mon Sep 02 15:59:36 EDT 2019 org.joda.time.format.DateTimeFormatter,706
Mon Sep 02 16:05:37 EDT 2019 org.joda.time.format.DateTimeFormatter,708
Mon Sep 02 16:18:49 EDT 2019 org.joda.time.format.DateTimeFormatter,710
Mon Sep 02 16:43:37 EDT 2019 org.joda.time.format.DateTimeFormatter,711
Mon Sep 02 17:09:20 EDT 2019 org.joda.time.format.DateTimeFormatter,712
Mon Sep 02 17:09:23 EDT 2019 org.joda.time.format.DateTimeFormatter,717
Mon Sep 02 17:09:26 EDT 2019 org.joda.time.format.DateTimeFormatter,719
Mon Sep 02 17:24:42 EDT 2019 org.joda.time.format.DateTimeFormatter,720
Mon Sep 02 17:24:45 EDT 2019 org.joda.time.format.DateTimeFormatter,723
Mon Sep 02 17:27:16 EDT 2019 org.joda.time.format.DateTimeParserBucket,357
Mon Sep 02 17:27:44 EDT 2019 org.joda.time.format.DateTimeParserBucket,358
Mon Sep 02 17:27:46 EDT 2019 org.joda.time.base.BaseDateTime,329
Mon Sep 02 17:36:03 EDT 2019 Mon Sep 02 17:36:03 EDT 2019 : org.joda.time.base.BaseDateTime,330=>Find no block
Mon Sep 02 17:36:07 EDT 2019 org.joda.time.MutableDateTime,564
Mon Sep 02 17:36:15 EDT 2019 Mon Sep 02 17:36:15 EDT 2019 : org.joda.time.MutableDateTime,565=>Find no block
Mon Sep 02 17:36:18 EDT 2019 org.joda.time.MutableDateTime,351
Mon Sep 02 17:37:57 EDT 2019 Mon Sep 02 17:37:57 EDT 2019 : org.joda.time.MutableDateTime,353=>Find no block
Mon Sep 02 17:38:00 EDT 2019 org.joda.time.field.BaseDurationField,150
Mon Sep 02 17:38:08 EDT 2019 org.joda.time.format.DateTimeParserBucket,518
Mon Sep 02 17:38:58 EDT 2019 org.joda.time.format.DateTimeParserBucket,421
Mon Sep 02 17:43:48 EDT 2019 org.joda.time.format.DateTimeParserBucket,422
Mon Sep 02 17:43:50 EDT 2019 org.joda.time.format.DateTimeParserBucket,423
Mon Sep 02 17:43:54 EDT 2019 org.joda.time.format.ISODateTimeFormat,971
Mon Sep 02 18:35:16 EDT 2019 org.joda.time.format.ISODateTimeFormat,972
Mon Sep 02 18:35:19 EDT 2019 org.joda.time.format.ISODateTimeFormat,977
Mon Sep 02 19:24:03 EDT 2019 org.joda.time.format.ISODateTimeFormat,935
Mon Sep 02 20:07:25 EDT 2019 org.joda.time.format.ISODateTimeFormat,936
Mon Sep 02 20:07:26 EDT 2019 org.joda.time.format.ISODateTimeFormat,941
Timeout time : 19/09/02 20:34
