=================================================
Project : time_18	start : 19/09/02 15:32
Current failed test : org.joda.time.chrono.TestGJChronology::testLeapYearRulesConstruction | 19/09/02 15:32
Mon Sep 02 15:34:23 EDT 2019 org.joda.time.IllegalFieldValueException,314
Mon Sep 02 15:34:28 EDT 2019 org.joda.time.chrono.GJChronology,356
Mon Sep 02 15:36:06 EDT 2019 org.joda.time.chrono.GJChronology,364
Mon Sep 02 16:46:43 EDT 2019 org.joda.time.field.FieldUtils,233
Mon Sep 02 16:56:18 EDT 2019 org.joda.time.DateMidnight,343
Mon Sep 02 16:56:56 EDT 2019 org.joda.time.IllegalFieldValueException,53
Mon Sep 02 17:15:53 EDT 2019 org.joda.time.IllegalFieldValueException,50
Mon Sep 02 17:15:56 EDT 2019 org.joda.time.IllegalFieldValueException,108
Mon Sep 02 17:16:02 EDT 2019 org.joda.time.IllegalFieldValueException,109
Mon Sep 02 17:16:04 EDT 2019 org.joda.time.IllegalFieldValueException,110
Mon Sep 02 17:16:07 EDT 2019 org.joda.time.IllegalFieldValueException,111
Mon Sep 02 17:16:09 EDT 2019 org.joda.time.IllegalFieldValueException,112
Mon Sep 02 17:16:12 EDT 2019 org.joda.time.IllegalFieldValueException,113
Mon Sep 02 17:16:14 EDT 2019 org.joda.time.IllegalFieldValueException,114
Mon Sep 02 17:16:16 EDT 2019 org.joda.time.IllegalFieldValueException,115
Mon Sep 02 17:16:19 EDT 2019 org.joda.time.IllegalFieldValueException,116
Mon Sep 02 17:16:21 EDT 2019 Mon Sep 02 17:16:21 EDT 2019 : org.joda.time.IllegalFieldValueException,117=>Find no block
Mon Sep 02 17:16:23 EDT 2019 org.joda.time.IllegalFieldValueException,41
Mon Sep 02 17:34:29 EDT 2019 org.joda.time.IllegalFieldValueException,44
Mon Sep 02 17:34:31 EDT 2019 org.joda.time.IllegalFieldValueException,59
Mon Sep 02 18:07:53 EDT 2019 org.joda.time.IllegalFieldValueException,63
Mon Sep 02 18:44:35 EDT 2019 org.joda.time.DateTimeFieldType,378
Mon Sep 02 18:44:49 EDT 2019 org.joda.time.chrono.GJChronology,123
Mon Sep 02 18:46:10 EDT 2019 org.joda.time.chrono.GJChronology,194
Mon Sep 02 18:46:18 EDT 2019 org.joda.time.Instant,144
Mon Sep 02 18:46:25 EDT 2019 org.joda.time.chrono.JulianChronology,224
Mon Sep 02 19:20:08 EDT 2019 org.joda.time.chrono.GJChronology,489
Mon Sep 02 19:28:57 EDT 2019 org.joda.time.chrono.GJChronology,490
Mon Sep 02 19:28:59 EDT 2019 org.joda.time.chrono.GJChronology,491
Mon Sep 02 19:37:15 EDT 2019 org.joda.time.chrono.GJChronology,492
Mon Sep 02 19:45:05 EDT 2019 org.joda.time.chrono.GJChronology,493
Mon Sep 02 19:53:33 EDT 2019 org.joda.time.chrono.GJChronology,494
Mon Sep 02 20:01:47 EDT 2019 org.joda.time.chrono.GJChronology,495
Mon Sep 02 20:10:02 EDT 2019 org.joda.time.chrono.GJChronology,496
Mon Sep 02 20:18:39 EDT 2019 org.joda.time.chrono.GJChronology,497
Mon Sep 02 20:26:57 EDT 2019 org.joda.time.chrono.GJChronology,498
Timeout time : 19/09/02 20:34
