=================================================
Project : time_19	start : 19/09/02 15:32
Current failed test : org.joda.time.TestDateTimeZoneCutover::testDateTimeCreation_london | 19/09/02 15:32
Mon Sep 02 15:34:59 EDT 2019 org.joda.time.DateTime,331
Mon Sep 02 15:35:16 EDT 2019 Mon Sep 02 15:35:16 EDT 2019 : org.joda.time.DateTime,333=>Find no block
Mon Sep 02 15:35:17 EDT 2019 org.joda.time.tz.CachedDateTimeZone,210
Mon Sep 02 15:51:51 EDT 2019 org.joda.time.format.DateTimeFormatterBuilder,2116
Mon Sep 02 16:12:11 EDT 2019 org.joda.time.format.DateTimeFormatterBuilder,2117
Mon Sep 02 16:12:14 EDT 2019 org.joda.time.base.AbstractInstant,424
Mon Sep 02 16:16:39 EDT 2019 org.joda.time.format.DateTimeFormatterBuilder,1924
Mon Sep 02 16:57:03 EDT 2019 org.joda.time.format.DateTimeFormatterBuilder,1925
Mon Sep 02 16:57:05 EDT 2019 org.joda.time.format.DateTimeFormatterBuilder,1926
Mon Sep 02 16:57:09 EDT 2019 org.joda.time.format.DateTimeFormatterBuilder,1933
Mon Sep 02 17:23:27 EDT 2019 org.joda.time.chrono.BasicGJChronology,190
Mon Sep 02 17:23:57 EDT 2019 Mon Sep 02 17:23:57 EDT 2019 : org.joda.time.base.BaseDateTime,225=>Find no block
Mon Sep 02 17:23:59 EDT 2019 org.joda.time.base.BaseDateTime,223
Mon Sep 02 17:24:05 EDT 2019 org.joda.time.format.ISODateTimeFormat,953
Mon Sep 02 18:15:30 EDT 2019 org.joda.time.format.ISODateTimeFormat,954
Mon Sep 02 18:15:33 EDT 2019 org.joda.time.format.ISODateTimeFormat,959
Mon Sep 02 19:05:12 EDT 2019 org.joda.time.format.ISODateTimeFormat,916
Mon Sep 02 19:49:40 EDT 2019 org.joda.time.format.ISODateTimeFormat,917
Mon Sep 02 19:49:41 EDT 2019 org.joda.time.format.ISODateTimeFormat,922
Mon Sep 02 20:32:52 EDT 2019 org.joda.time.format.DateTimeFormatterBuilder,1875
Mon Sep 02 20:32:59 EDT 2019 Mon Sep 02 20:32:59 EDT 2019 : org.joda.time.format.DateTimeFormatterBuilder,1878=>Find no block
Mon Sep 02 20:33:00 EDT 2019 Mon Sep 02 20:33:00 EDT 2019 : org.joda.time.format.DateTimeFormatterBuilder,1879=>Find no block
Mon Sep 02 20:33:02 EDT 2019 org.joda.time.format.ISODateTimeFormat,879
Timeout time : 19/09/02 20:35
