=================================================
Project : time_20	start : 19/09/02 15:32
Current failed test : org.joda.time.format.TestDateTimeFormatterBuilder::test_printParseZoneDawsonCreek | 19/09/02 15:32
Mon Sep 02 15:34:06 EDT 2019 org.joda.time.format.DateTimeFormatterBuilder,2519
Mon Sep 02 15:34:33 EDT 2019 Mon Sep 02 15:34:33 EDT 2019 : org.joda.time.format.DateTimeFormatterBuilder,2520=>Find no block
Mon Sep 02 15:34:34 EDT 2019 org.joda.time.format.DateTimeFormatterBuilder,2537
Mon Sep 02 15:34:38 EDT 2019 org.joda.time.format.DateTimeFormatterBuilder,2541
Mon Sep 02 15:46:54 EDT 2019 org.joda.time.format.DateTimeFormatterBuilder,2542
Mon Sep 02 15:46:55 EDT 2019 org.joda.time.format.DateTimeFormatterBuilder,2543
Mon Sep 02 15:46:56 EDT 2019 org.joda.time.format.DateTimeFormatterBuilder,2544
Mon Sep 02 15:46:57 EDT 2019 org.joda.time.format.DateTimeFormatterBuilder,2545
Mon Sep 02 15:47:04 EDT 2019 Mon Sep 02 15:47:04 EDT 2019 : org.joda.time.format.DateTimeFormatterBuilder,2547=>Find no block
Mon Sep 02 15:47:07 EDT 2019 org.joda.time.format.DateTimeFormatterBuilder,1030
Mon Sep 02 15:49:22 EDT 2019 Mon Sep 02 15:49:22 EDT 2019 : org.joda.time.format.DateTimeFormatterBuilder,2498=>Find no block
Mon Sep 02 15:49:26 EDT 2019 Mon Sep 02 15:49:26 EDT 2019 : org.joda.time.format.DateTimeFormatterBuilder,2501=>Find no block
Mon Sep 02 15:49:28 EDT 2019 Mon Sep 02 15:49:28 EDT 2019 : org.joda.time.format.DateTimeFormatterBuilder,2502=>Find no block
Mon Sep 02 15:49:29 EDT 2019 Mon Sep 02 15:49:29 EDT 2019 : org.joda.time.format.DateTimeFormatterBuilder,2505=>Find no block
Mon Sep 02 15:49:30 EDT 2019 Mon Sep 02 15:49:30 EDT 2019 : org.joda.time.format.DateTimeFormatterBuilder,2506=>Find no block
Mon Sep 02 15:49:32 EDT 2019 Mon Sep 02 15:49:32 EDT 2019 : org.joda.time.format.DateTimeFormatterBuilder,2507=>Find no block
Mon Sep 02 15:49:39 EDT 2019 Mon Sep 02 15:49:39 EDT 2019 : org.joda.time.format.DateTimeFormatterBuilder,2508=>Find no block
Mon Sep 02 15:49:40 EDT 2019 Mon Sep 02 15:49:40 EDT 2019 : org.joda.time.format.DateTimeFormatterBuilder,2509=>Find no block
Mon Sep 02 15:49:41 EDT 2019 Mon Sep 02 15:49:41 EDT 2019 : org.joda.time.format.DateTimeFormatterBuilder,2510=>Find no block
Mon Sep 02 15:49:47 EDT 2019 org.joda.time.format.DateTimeFormatterBuilder,2513
Mon Sep 02 15:49:49 EDT 2019 org.joda.time.format.DateTimeParserBucket,159
Mon Sep 02 15:57:21 EDT 2019 org.joda.time.format.DateTimeParserBucket,160
Mon Sep 02 15:57:26 EDT 2019 Mon Sep 02 15:57:26 EDT 2019 : org.joda.time.format.DateTimeParserBucket,161=>Find no block
Mon Sep 02 15:57:33 EDT 2019 org.joda.time.DateTimeZone,374
Mon Sep 02 15:57:42 EDT 2019 org.joda.time.format.DateTimeFormatterBuilder,1094
Mon Sep 02 15:57:53 EDT 2019 org.joda.time.format.DateTimeFormatterBuilder,1095
Mon Sep 02 15:58:03 EDT 2019 org.joda.time.format.DateTimeFormat,377
Mon Sep 02 15:58:14 EDT 2019 Mon Sep 02 15:58:14 EDT 2019 : org.joda.time.format.DateTimeFormat,378=>Find no block
Mon Sep 02 15:58:20 EDT 2019 org.joda.time.DateTime,407
Mon Sep 02 15:58:43 EDT 2019 Mon Sep 02 15:58:43 EDT 2019 : org.joda.time.DateTime,409=>Find no block
Mon Sep 02 15:58:50 EDT 2019 org.joda.time.format.DateTimeFormatter,866
Mon Sep 02 17:54:22 EDT 2019 org.joda.time.format.DateTimeFormat,508
Mon Sep 02 17:58:50 EDT 2019 org.joda.time.format.DateTimeFormat,509
Mon Sep 02 18:04:02 EDT 2019 org.joda.time.format.FormatUtils,373
Mon Sep 02 18:09:21 EDT 2019 org.joda.time.format.FormatUtils,369
Mon Sep 02 18:16:27 EDT 2019 org.joda.time.format.DateTimeFormat,457
Mon Sep 02 18:28:35 EDT 2019 org.joda.time.format.DateTimeFormat,458
Mon Sep 02 18:28:39 EDT 2019 org.joda.time.format.DateTimeFormat,462
Mon Sep 02 18:28:42 EDT 2019 org.joda.time.format.DateTimeFormat,499
Mon Sep 02 18:34:01 EDT 2019 org.joda.time.format.DateTimeFormat,500
Mon Sep 02 18:39:59 EDT 2019 org.joda.time.format.DateTimeFormat,662
Mon Sep 02 18:47:05 EDT 2019 org.joda.time.format.DateTimeFormat,632
Mon Sep 02 18:47:22 EDT 2019 org.joda.time.format.DateTimeFormat,633
Mon Sep 02 18:47:26 EDT 2019 org.joda.time.format.DateTimeFormat,634
Mon Sep 02 18:47:37 EDT 2019 Mon Sep 02 18:47:37 EDT 2019 : org.joda.time.format.DateTimeFormat,635=>Find no block
Mon Sep 02 18:47:41 EDT 2019 org.joda.time.format.DateTimeFormat,470
Mon Sep 02 18:57:45 EDT 2019 org.joda.time.format.DateTimeFormat,471
Mon Sep 02 19:01:35 EDT 2019 org.joda.time.format.DateTimeFormat,453
Mon Sep 02 19:20:22 EDT 2019 org.joda.time.format.DateTimeFormat,456
Mon Sep 02 19:20:25 EDT 2019 Mon Sep 02 19:20:25 EDT 2019 : org.joda.time.format.DateTimeFormat,465=>Find no block
Mon Sep 02 19:20:28 EDT 2019 org.joda.time.format.DateTimeFormat,477
Mon Sep 02 20:00:44 EDT 2019 org.joda.time.format.FormatUtils,357
Mon Sep 02 20:04:05 EDT 2019 org.joda.time.format.FormatUtils,359
Mon Sep 02 20:09:36 EDT 2019 org.joda.time.format.FormatUtils,360
Mon Sep 02 20:09:39 EDT 2019 org.joda.time.format.FormatUtils,365
Mon Sep 02 20:09:45 EDT 2019 org.joda.time.format.DateTimeFormat,424
Mon Sep 02 20:09:47 EDT 2019 org.joda.time.format.DateTimeFormatter,848
Mon Sep 02 20:09:48 EDT 2019 org.joda.time.format.DateTimeFormatter,842
Mon Sep 02 20:10:27 EDT 2019 org.joda.time.format.DateTimeFormatter,844
Mon Sep 02 20:10:29 EDT 2019 org.joda.time.format.DateTimeFormatter,845
Mon Sep 02 20:14:23 EDT 2019 org.joda.time.format.DateTimeFormatter,846
Mon Sep 02 20:14:26 EDT 2019 org.joda.time.format.DateTimeFormatter,847
Mon Sep 02 20:14:28 EDT 2019 org.joda.time.format.DateTimeFormat,486
Mon Sep 02 20:20:28 EDT 2019 org.joda.time.format.DateTimeFormat,488
Timeout time : 19/09/02 20:34
