=================================================
Project : time_22	start : 19/09/02 15:32
Current failed test : org.joda.time.TestDuration_Basics::testToPeriod_fixedZone | 19/09/02 15:32
Mon Sep 02 15:34:22 EDT 2019 org.joda.time.tz.FixedDateTimeZone,61
Mon Sep 02 15:34:26 EDT 2019 org.joda.time.base.AbstractDuration,80
Mon Sep 02 15:34:29 EDT 2019 org.joda.time.tz.FixedDateTimeZone,57
Mon Sep 02 15:35:46 EDT 2019 org.joda.time.Period,382
Mon Sep 02 15:36:02 EDT 2019 Mon Sep 02 15:36:02 EDT 2019 : org.joda.time.Period,383=>Find no block
Mon Sep 02 15:36:03 EDT 2019 org.joda.time.DateTimeZone,237
Mon Sep 02 15:36:06 EDT 2019 org.joda.time.DateTimeZone,254
Mon Sep 02 15:36:10 EDT 2019 org.joda.time.DateTimeZone,257
Mon Sep 02 15:37:48 EDT 2019 org.joda.time.DateTimeZone,260
Mon Sep 02 16:25:37 EDT 2019 org.joda.time.DateTimeZone,262
Mon Sep 02 16:32:22 EDT 2019 org.joda.time.DateTimeZone,263
Mon Sep 02 16:36:53 EDT 2019 org.joda.time.DateTimeZone,266
Mon Sep 02 16:36:56 EDT 2019 org.joda.time.DateTimeZone,268
Mon Sep 02 16:46:25 EDT 2019 Mon Sep 02 16:46:25 EDT 2019 : org.joda.time.DateTimeZone,271=>Find no block
Mon Sep 02 16:46:27 EDT 2019 org.joda.time.DateTimeZone,272
Mon Sep 02 16:46:41 EDT 2019 org.joda.time.base.BasePeriod,222
Mon Sep 02 16:46:47 EDT 2019 Mon Sep 02 16:46:47 EDT 2019 : org.joda.time.base.BasePeriod,224=>Find no block
Mon Sep 02 16:46:49 EDT 2019 org.joda.time.DateTimeZone,282

----------------------------------------
----------------------------------------
Pass Single Test : [=>0,0]
String id=printOffset(millisOffset);
return getDefault();

Time : 19/09/02 16:48
----------------------------------------
Mon Sep 02 16:50:25 EDT 2019 org.joda.time.DateTimeZone,283
Mon Sep 02 16:50:28 EDT 2019 org.joda.time.DateTimeZone,349
Mon Sep 02 16:56:10 EDT 2019 org.joda.time.DateTimeZone,352
Mon Sep 02 16:56:16 EDT 2019 org.joda.time.DateTimeZone,353
Mon Sep 02 16:56:19 EDT 2019 org.joda.time.DateTimeZone,356
Mon Sep 02 17:11:38 EDT 2019 org.joda.time.DateTimeZone,357
Mon Sep 02 17:11:40 EDT 2019 org.joda.time.DateTimeZone,363
Mon Sep 02 17:18:39 EDT 2019 org.joda.time.DateTimeZone,364
Mon Sep 02 17:30:31 EDT 2019 org.joda.time.DateTimeZone,365
Mon Sep 02 17:30:33 EDT 2019 org.joda.time.DateTimeZone,631
Mon Sep 02 17:37:11 EDT 2019 org.joda.time.DateTimeZone,632
Mon Sep 02 17:53:33 EDT 2019 org.joda.time.DateTimeZone,633
Mon Sep 02 17:53:36 EDT 2019 org.joda.time.DateTimeZone,639
Mon Sep 02 18:26:01 EDT 2019 org.joda.time.DateTimeZone,640
Mon Sep 02 18:42:56 EDT 2019 org.joda.time.DateTimeZone,641
Mon Sep 02 19:03:59 EDT 2019 org.joda.time.DateTimeZone,643
Mon Sep 02 19:25:24 EDT 2019 org.joda.time.DateTimeZone,644
Mon Sep 02 19:42:21 EDT 2019 org.joda.time.DateTimeZone,645
Mon Sep 02 20:02:37 EDT 2019 org.joda.time.DateTimeZone,646
Mon Sep 02 20:19:16 EDT 2019 org.joda.time.DateTimeZone,647
Timeout time : 19/09/02 20:34
