=================================================
Project : time_23	start : 19/09/02 15:32
Current failed test : org.joda.time.TestDateTimeZone::testForID_String_old | 19/09/02 15:33
Mon Sep 02 15:34:43 EDT 2019 org.joda.time.DateTimeZone,314
Mon Sep 02 15:35:31 EDT 2019 org.joda.time.DateTimeZone,320
Mon Sep 02 15:36:23 EDT 2019 org.joda.time.DateTimeZone,302
Mon Sep 02 15:36:27 EDT 2019 org.joda.time.DateTimeZone,305
Mon Sep 02 15:38:58 EDT 2019 org.joda.time.DateTimeZone,306
Mon Sep 02 15:38:59 EDT 2019 org.joda.time.DateTimeZone,311
Mon Sep 02 15:40:30 EDT 2019 org.joda.time.DateTimeZone,312
Mon Sep 02 15:43:47 EDT 2019 org.joda.time.DateTimeZone,313
Mon Sep 02 15:43:48 EDT 2019 org.joda.time.DateTimeZone,316
Mon Sep 02 15:48:12 EDT 2019 org.joda.time.DateTimeZone,319
Mon Sep 02 15:48:18 EDT 2019 org.joda.time.DateTimeZone,559
Mon Sep 02 15:48:28 EDT 2019 org.joda.time.DateTimeZone,560
Mon Sep 02 15:48:39 EDT 2019 org.joda.time.DateTimeZone,562
Mon Sep 02 15:50:50 EDT 2019 org.joda.time.DateTimeZone,563
Mon Sep 02 15:50:51 EDT 2019 org.joda.time.DateTimeZone,564
Mon Sep 02 16:07:35 EDT 2019 org.joda.time.DateTimeZone,565
Mon Sep 02 16:22:07 EDT 2019 org.joda.time.DateTimeZone,566
Mon Sep 02 16:38:42 EDT 2019 org.joda.time.DateTimeZone,567
Mon Sep 02 16:54:24 EDT 2019 org.joda.time.DateTimeZone,568
Mon Sep 02 17:09:00 EDT 2019 org.joda.time.DateTimeZone,569
Mon Sep 02 17:24:04 EDT 2019 org.joda.time.DateTimeZone,570
Mon Sep 02 17:40:30 EDT 2019 org.joda.time.DateTimeZone,571
Mon Sep 02 17:57:14 EDT 2019 org.joda.time.DateTimeZone,572
Mon Sep 02 18:13:12 EDT 2019 org.joda.time.DateTimeZone,573
Mon Sep 02 18:29:05 EDT 2019 org.joda.time.DateTimeZone,574
Mon Sep 02 18:45:21 EDT 2019 org.joda.time.DateTimeZone,575
Mon Sep 02 19:01:04 EDT 2019 org.joda.time.DateTimeZone,576
Mon Sep 02 19:16:13 EDT 2019 org.joda.time.DateTimeZone,577
Mon Sep 02 19:31:04 EDT 2019 org.joda.time.DateTimeZone,578
Mon Sep 02 19:44:21 EDT 2019 org.joda.time.DateTimeZone,579
Mon Sep 02 19:58:09 EDT 2019 org.joda.time.DateTimeZone,580
Mon Sep 02 20:11:52 EDT 2019 org.joda.time.DateTimeZone,581
Mon Sep 02 20:25:57 EDT 2019 org.joda.time.DateTimeZone,582
Timeout time : 19/09/02 20:35
