=================================================
Project : time_24	start : 19/09/02 15:32
Current failed test : org.joda.time.format.TestDateTimeFormatter::testParseLocalDate_weekyear_month_week_2010 | 19/09/02 15:33
Mon Sep 02 15:34:01 EDT 2019 org.joda.time.LocalDate,1735
Mon Sep 02 15:36:40 EDT 2019 org.joda.time.format.DateTimeFormat,530
Mon Sep 02 15:39:23 EDT 2019 org.joda.time.format.DateTimeFormat,531
Mon Sep 02 15:42:09 EDT 2019 org.joda.time.LocalDate,496
Mon Sep 02 16:09:49 EDT 2019 org.joda.time.LocalDate,515
Mon Sep 02 16:11:27 EDT 2019 org.joda.time.chrono.GJChronology,331
Mon Sep 02 16:13:12 EDT 2019 org.joda.time.chrono.GJChronology,336
Mon Sep 02 17:27:09 EDT 2019 org.joda.time.chrono.GJChronology,338
Mon Sep 02 17:27:11 EDT 2019 org.joda.time.chrono.GJChronology,347
Mon Sep 02 17:27:16 EDT 2019 org.joda.time.LocalDate,490
Mon Sep 02 17:27:19 EDT 2019 org.joda.time.LocalDate,493
Mon Sep 02 17:27:21 EDT 2019 org.joda.time.LocalDate,508
Mon Sep 02 17:27:36 EDT 2019 org.joda.time.LocalDate,511
Mon Sep 02 17:37:37 EDT 2019 org.joda.time.LocalDate,512
Mon Sep 02 17:37:41 EDT 2019 org.joda.time.format.DateTimeParserBucket,488
Mon Sep 02 17:40:29 EDT 2019 org.joda.time.format.DateTimeFormatter,610
Mon Sep 02 17:47:45 EDT 2019 org.joda.time.format.DateTimeFormatter,611
Mon Sep 02 17:47:48 EDT 2019 org.joda.time.format.DateTimeFormatter,612
Mon Sep 02 17:47:51 EDT 2019 org.joda.time.format.DateTimeFormatterBuilder,2546
Mon Sep 02 18:27:38 EDT 2019 org.joda.time.format.DateTimeFormatterBuilder,2547
Mon Sep 02 18:27:40 EDT 2019 org.joda.time.format.DateTimeFormatterBuilder,2551
Mon Sep 02 18:27:43 EDT 2019 org.joda.time.format.DateTimeFormatterBuilder,2553
Mon Sep 02 18:27:45 EDT 2019 org.joda.time.format.DateTimeFormatterBuilder,2556
Mon Sep 02 18:27:49 EDT 2019 org.joda.time.format.DateTimeFormatterBuilder,2557
Mon Sep 02 18:27:51 EDT 2019 org.joda.time.format.DateTimeFormatterBuilder,2558
Mon Sep 02 18:27:53 EDT 2019 Mon Sep 02 18:27:53 EDT 2019 : org.joda.time.format.DateTimeFormatterBuilder,2560=>Find no block
Mon Sep 02 18:27:56 EDT 2019 org.joda.time.format.DateTimeFormatter,531
Mon Sep 02 18:47:03 EDT 2019 org.joda.time.format.DateTimeFormatter,532
Mon Sep 02 18:50:33 EDT 2019 org.joda.time.format.DateTimeFormatter,535
Mon Sep 02 18:50:36 EDT 2019 Mon Sep 02 18:50:36 EDT 2019 : org.joda.time.format.DateTimeFormatter,536=>Find no block
Mon Sep 02 18:50:39 EDT 2019 org.joda.time.format.DateTimeFormatterBuilder,1427
Mon Sep 02 18:52:30 EDT 2019 org.joda.time.format.DateTimeFormatterBuilder,1429
Mon Sep 02 18:52:32 EDT 2019 Mon Sep 02 18:52:32 EDT 2019 : org.joda.time.format.DateTimeFormatterBuilder,1432=>Find no block
Mon Sep 02 18:52:35 EDT 2019 Mon Sep 02 18:52:35 EDT 2019 : org.joda.time.format.DateTimeFormatterBuilder,1436=>Find no block
Mon Sep 02 18:52:38 EDT 2019 org.joda.time.format.DateTimeFormatterBuilder,1161
Mon Sep 02 18:55:08 EDT 2019 Mon Sep 02 18:55:08 EDT 2019 : org.joda.time.format.DateTimeFormatterBuilder,1162=>Find no block
Mon Sep 02 18:55:10 EDT 2019 org.joda.time.LocalDate,570
Mon Sep 02 18:58:16 EDT 2019 org.joda.time.LocalDate,573
Mon Sep 02 19:01:36 EDT 2019 org.joda.time.LocalDate,574
Mon Sep 02 19:01:37 EDT 2019 org.joda.time.LocalDate,575
Mon Sep 02 19:01:40 EDT 2019 org.joda.time.LocalDate,576
Mon Sep 02 19:01:43 EDT 2019 org.joda.time.field.BaseDurationField,150
Mon Sep 02 19:01:51 EDT 2019 org.joda.time.format.DateTimeFormat,467
Mon Sep 02 19:10:29 EDT 2019 org.joda.time.format.DateTimeFormat,468
Mon Sep 02 19:13:35 EDT 2019 org.joda.time.chrono.BasicChronology,518
Mon Sep 02 19:20:50 EDT 2019 org.joda.time.chrono.GJChronology,404
Mon Sep 02 19:20:57 EDT 2019 org.joda.time.format.DateTimeFormatter,759
Mon Sep 02 19:21:10 EDT 2019 org.joda.time.LocalDateTime,698
Mon Sep 02 19:21:17 EDT 2019 org.joda.time.chrono.BasicWeekOfWeekyearDateTimeField,79
Mon Sep 02 19:21:23 EDT 2019 org.joda.time.chrono.BasicWeekOfWeekyearDateTimeField,111
Mon Sep 02 19:29:22 EDT 2019 org.joda.time.chrono.BasicWeekOfWeekyearDateTimeField,54

----------------------------------------
----------------------------------------
Pass Single Test : [=>0,0]
return iChronology.getMillisOfDay(instant);

Time : 19/09/02 19:42
----------------------------------------
Mon Sep 02 19:44:28 EDT 2019 org.joda.time.chrono.GJChronology,123
Mon Sep 02 19:45:42 EDT 2019 org.joda.time.LocalDate,396
Mon Sep 02 19:58:43 EDT 2019 org.joda.time.LocalDate,397
Mon Sep 02 19:58:45 EDT 2019 org.joda.time.LocalDate,398
Mon Sep 02 19:58:47 EDT 2019 org.joda.time.LocalDate,399
Mon Sep 02 19:58:49 EDT 2019 org.joda.time.LocalDate,400
Mon Sep 02 19:58:51 EDT 2019 Mon Sep 02 19:58:51 EDT 2019 : org.joda.time.LocalDate,401=>Find no block
Mon Sep 02 19:58:53 EDT 2019 org.joda.time.chrono.GJChronology,632
Mon Sep 02 20:14:57 EDT 2019 org.joda.time.chrono.GJChronology,852
Timeout time : 19/09/02 20:34
