=================================================
Project : time_25	start : 19/09/02 15:32
Current failed test : org.joda.time.TestDateTimeZoneCutover::test_DateTime_constructor_Moscow_Autumn | 19/09/02 15:32
Mon Sep 02 15:35:02 EDT 2019 org.joda.time.tz.DateTimeZoneBuilder,552
Mon Sep 02 15:36:19 EDT 2019 org.joda.time.DateTime,160
Mon Sep 02 15:37:43 EDT 2019 Mon Sep 02 15:37:43 EDT 2019 : org.joda.time.DateTime,161=>Find no block
Mon Sep 02 15:37:44 EDT 2019 org.joda.time.DateTime,285
Mon Sep 02 15:37:59 EDT 2019 Mon Sep 02 15:37:59 EDT 2019 : org.joda.time.DateTime,287=>Find no block
Mon Sep 02 15:37:59 EDT 2019 org.joda.time.tz.CachedDateTimeZone,210
Mon Sep 02 15:58:28 EDT 2019 org.joda.time.chrono.BasicGJChronology,190
Mon Sep 02 15:59:04 EDT 2019 org.joda.time.tz.CachedDateTimeZone,170
Mon Sep 02 16:11:10 EDT 2019 org.joda.time.tz.CachedDateTimeZone,171
Mon Sep 02 16:11:12 EDT 2019 Mon Sep 02 16:11:12 EDT 2019 : org.joda.time.tz.CachedDateTimeZone,172=>Find no block
Mon Sep 02 16:11:13 EDT 2019 org.joda.time.base.BaseDateTime,110
Mon Sep 02 16:11:20 EDT 2019 Mon Sep 02 16:11:20 EDT 2019 : org.joda.time.base.BaseDateTime,111=>Find no block
Mon Sep 02 16:11:22 EDT 2019 org.joda.time.DateTimeZone,893
Mon Sep 02 16:18:05 EDT 2019 org.joda.time.DateTimeZone,894
Mon Sep 02 16:18:08 EDT 2019 org.joda.time.DateTimeZone,895
Mon Sep 02 16:18:10 EDT 2019 org.joda.time.format.DateTimeFormatterBuilder,2091
Mon Sep 02 16:41:52 EDT 2019 org.joda.time.tz.CachedDateTimeZone,123
Mon Sep 02 16:48:44 EDT 2019 org.joda.time.base.AbstractInstant,424
Mon Sep 02 16:53:36 EDT 2019 org.joda.time.format.DateTimeFormatterBuilder,1895
Mon Sep 02 17:31:13 EDT 2019 org.joda.time.format.DateTimeFormatterBuilder,1896
Mon Sep 02 17:31:15 EDT 2019 org.joda.time.format.DateTimeFormatterBuilder,1897
Mon Sep 02 17:31:18 EDT 2019 org.joda.time.format.DateTimeFormatterBuilder,1904
Mon Sep 02 18:00:40 EDT 2019 org.joda.time.format.DateTimeFormatterBuilder,2115
Mon Sep 02 18:37:08 EDT 2019 org.joda.time.format.DateTimeFormatterBuilder,2116
Mon Sep 02 18:37:10 EDT 2019 org.joda.time.format.DateTimeFormatterBuilder,2117
Mon Sep 02 18:37:12 EDT 2019 org.joda.time.format.DateTimeFormatterBuilder,2109
Mon Sep 02 18:54:45 EDT 2019 Mon Sep 02 18:54:45 EDT 2019 : org.joda.time.base.BaseDateTime,225=>Find no block
Mon Sep 02 18:54:47 EDT 2019 org.joda.time.base.BaseDateTime,223
Mon Sep 02 18:54:57 EDT 2019 org.joda.time.format.DateTimeFormatterBuilder,2090
Mon Sep 02 18:55:00 EDT 2019 org.joda.time.format.DateTimeFormatterBuilder,2097
Mon Sep 02 19:29:06 EDT 2019 org.joda.time.format.DateTimeFormatterBuilder,2098
Mon Sep 02 19:43:16 EDT 2019 org.joda.time.format.DateTimeFormatterBuilder,2099
Mon Sep 02 19:43:22 EDT 2019 org.joda.time.format.DateTimeFormatterBuilder,2102
Mon Sep 02 19:53:12 EDT 2019 org.joda.time.format.DateTimeFormatterBuilder,2103
Mon Sep 02 19:53:14 EDT 2019 org.joda.time.format.DateTimeFormatterBuilder,2107
Mon Sep 02 20:24:32 EDT 2019 org.joda.time.format.DateTimeFormatterBuilder,2108
Mon Sep 02 20:24:34 EDT 2019 org.joda.time.format.DateTimeFormatterBuilder,2111
Timeout time : 19/09/02 20:35
