=================================================
Project : time_26	start : 19/09/02 15:32
Current failed test : org.joda.time.TestDateTimeZoneCutover::testWithSecondOfMinuteInDstChange_purify_2 | 19/09/02 15:40
Mon Sep 02 15:42:49 EDT 2019 org.joda.time.tz.ZoneInfoProvider,162
Mon Sep 02 15:45:50 EDT 2019 org.joda.time.DateTime,1694
Timeout time : 19/09/02 16:12
Current failed test : org.joda.time.TestDateTimeZoneCutover::testBug2182444_ausNSW_purify_8 | 19/09/02 16:12
Mon Sep 02 16:16:36 EDT 2019 org.joda.time.tz.ZoneInfoProvider,162
Mon Sep 02 16:20:03 EDT 2019 org.joda.time.DateTime,1694
Timeout time : 19/09/02 16:46
Current failed test : org.joda.time.TestDateTimeZoneCutover::testBug2182444_ausNSW_purify_9 | 19/09/02 16:46
Mon Sep 02 16:50:45 EDT 2019 org.joda.time.tz.ZoneInfoProvider,162
Mon Sep 02 16:54:21 EDT 2019 org.joda.time.DateTime,1694

----------------------------------------
----------------------------------------
Pass Single Test : [=>0,0]
return withMillis(getChronology().millis().add(getMillis(),millis));

Time : 19/09/02 16:56
----------------------------------------

----------------------------------------
----------------------------------------
Pass Single Test : [=>0,0]
if(millis==0){
return this;
}
return withMillis(getChronology().millis().add(getMillis(),millis));

Time : 19/09/02 16:59
----------------------------------------
Timeout time : 19/09/02 17:21
Current failed test : org.joda.time.TestDateTimeZoneCutover::testBug2182444_usCentral_purify_6 | 19/09/02 17:21
Mon Sep 02 17:25:05 EDT 2019 org.joda.time.tz.ZoneInfoProvider,162
Mon Sep 02 17:28:42 EDT 2019 org.joda.time.DateTime,1694
Timeout time : 19/09/02 17:55
Current failed test : org.joda.time.TestDateTimeZoneCutover::testBug2182444_usCentral_purify_7 | 19/09/02 17:55
Mon Sep 02 17:59:17 EDT 2019 org.joda.time.tz.ZoneInfoProvider,162
Mon Sep 02 18:03:06 EDT 2019 org.joda.time.DateTime,1694

----------------------------------------
----------------------------------------
Pass Single Test : [=>0,0]
return withMillis(getChronology().millis().add(getMillis(),millis));

Time : 19/09/02 18:05
----------------------------------------

----------------------------------------
----------------------------------------
Pass Single Test : [=>0,0]
if(millis==0){
return this;
}
return withMillis(getChronology().millis().add(getMillis(),millis));

Time : 19/09/02 18:08
----------------------------------------
Timeout time : 19/09/02 18:29
Current failed test : org.joda.time.TestDateTimeZoneCutover::testWithHourOfDayInDstChange_purify_2 | 19/09/02 18:29
Mon Sep 02 18:33:14 EDT 2019 org.joda.time.tz.ZoneInfoProvider,162
Mon Sep 02 18:37:03 EDT 2019 org.joda.time.DateTime,1694
Timeout time : 19/09/02 19:03
Current failed test : org.joda.time.TestDateTimeZoneCutover::testWithMillisOfSecondInDstChange_NewYork_winter_purify_2 | 19/09/02 19:03
Mon Sep 02 19:06:51 EDT 2019 org.joda.time.tz.ZoneInfoProvider,162
Mon Sep 02 19:10:06 EDT 2019 org.joda.time.DateTime,1694
Timeout time : 19/09/02 19:37
Current failed test : org.joda.time.TestDateTimeZoneCutover::testWithMinuteOfHourInDstChange_mockZone_purify_4 | 19/09/02 19:37
Mon Sep 02 19:40:49 EDT 2019 org.joda.time.tz.ZoneInfoProvider,162
Mon Sep 02 19:43:52 EDT 2019 org.joda.time.DateTime,1694
Timeout time : 19/09/02 20:10
Current failed test : org.joda.time.TestDateTimeZoneCutover::testWithMinuteOfHourInDstChange_purify_2 | 19/09/02 20:10
Mon Sep 02 20:14:38 EDT 2019 org.joda.time.tz.ZoneInfoProvider,162
Mon Sep 02 20:17:59 EDT 2019 org.joda.time.DateTime,1694
Mon Sep 02 20:43:07 EDT 2019 org.joda.time.DateTime,518
Timeout time : 19/09/02 20:44
Current failed test : org.joda.time.TestDateTimeZoneCutover::testWithMillisOfSecondInDstChange_Paris_summer_purify_2 | 19/09/02 20:44
Mon Sep 02 20:46:26 EDT 2019 org.joda.time.tz.ZoneInfoProvider,162
Mon Sep 02 20:47:46 EDT 2019 org.joda.time.DateTime,1694
Mon Sep 02 21:01:47 EDT 2019 org.joda.time.DateTime,518
Mon Sep 02 21:03:30 EDT 2019 org.joda.time.DateTime,519
Mon Sep 02 21:04:59 EDT 2019 org.joda.time.DateTime,522
Mon Sep 02 21:05:00 EDT 2019 org.joda.time.DateTime,1662
Mon Sep 02 21:16:17 EDT 2019 org.joda.time.DateTime,1646
Timeout time : 19/09/02 21:16
