=================================================
Project : time_27	start : 19/09/02 15:32
Current failed test : org.joda.time.format.TestPeriodFormatterBuilder::testBug2495455 | 19/09/02 15:32
Mon Sep 02 15:33:52 EDT 2019 org.joda.time.format.PeriodFormatterBuilder,1736
Mon Sep 02 15:54:24 EDT 2019 org.joda.time.format.PeriodFormatterBuilder,1351
Mon Sep 02 16:17:41 EDT 2019 org.joda.time.format.PeriodFormatterBuilder,192
Mon Sep 02 16:17:58 EDT 2019 org.joda.time.format.PeriodFormatterBuilder,195
Mon Sep 02 16:19:30 EDT 2019 org.joda.time.format.PeriodFormatterBuilder,196
Mon Sep 02 16:19:33 EDT 2019 org.joda.time.format.PeriodFormatterBuilder,197
Mon Sep 02 16:19:35 EDT 2019 org.joda.time.format.PeriodFormatterBuilder,818
Mon Sep 02 16:20:02 EDT 2019 org.joda.time.format.PeriodFormatter,324
Mon Sep 02 16:32:04 EDT 2019 org.joda.time.format.PeriodFormatter,326
Mon Sep 02 16:50:55 EDT 2019 org.joda.time.format.PeriodFormatterBuilder,1304
Mon Sep 02 16:51:05 EDT 2019 org.joda.time.format.PeriodFormatterBuilder,1305
Mon Sep 02 16:51:08 EDT 2019 org.joda.time.MutablePeriod,925
Mon Sep 02 16:51:15 EDT 2019 Mon Sep 02 16:51:15 EDT 2019 : org.joda.time.MutablePeriod,926=>Find no block
Mon Sep 02 16:51:17 EDT 2019 org.joda.time.MutablePeriod,947
Mon Sep 02 16:51:24 EDT 2019 Mon Sep 02 16:51:24 EDT 2019 : org.joda.time.MutablePeriod,948=>Find no block
Mon Sep 02 16:51:27 EDT 2019 org.joda.time.format.PeriodFormatterBuilder,1303
Mon Sep 02 18:46:13 EDT 2019 org.joda.time.format.PeriodFormatterBuilder,1520
Mon Sep 02 18:51:11 EDT 2019 org.joda.time.format.PeriodFormatterBuilder,1521
Mon Sep 02 18:54:58 EDT 2019 org.joda.time.format.PeriodFormatterBuilder,1523
Mon Sep 02 18:58:49 EDT 2019 org.joda.time.format.PeriodFormatterBuilder,898
Mon Sep 02 18:58:55 EDT 2019 org.joda.time.format.PeriodFormatterBuilder,901
Mon Sep 02 19:04:18 EDT 2019 org.joda.time.format.PeriodFormatterBuilder,1720
Mon Sep 02 19:58:55 EDT 2019 org.joda.time.format.PeriodFormatterBuilder,1721
Mon Sep 02 19:58:57 EDT 2019 org.joda.time.format.PeriodFormatterBuilder,1722
Mon Sep 02 19:58:59 EDT 2019 org.joda.time.format.PeriodFormatterBuilder,896
Mon Sep 02 19:59:17 EDT 2019 org.joda.time.base.AbstractPeriod,124
Mon Sep 02 19:59:23 EDT 2019 org.joda.time.format.PeriodFormatter,321
Mon Sep 02 19:59:25 EDT 2019 org.joda.time.format.PeriodFormatterBuilder,874
Mon Sep 02 20:10:49 EDT 2019 org.joda.time.format.PeriodFormatterBuilder,875
Mon Sep 02 20:10:51 EDT 2019 org.joda.time.format.PeriodFormatterBuilder,876
Mon Sep 02 20:10:53 EDT 2019 org.joda.time.format.PeriodFormatterBuilder,877
Mon Sep 02 20:10:56 EDT 2019 org.joda.time.format.PeriodFormatter,320
Mon Sep 02 20:10:57 EDT 2019 org.joda.time.format.PeriodFormatterBuilder,1218
Mon Sep 02 20:12:11 EDT 2019 org.joda.time.format.PeriodFormatterBuilder,1222
Mon Sep 02 20:12:14 EDT 2019 org.joda.time.format.PeriodFormatterBuilder,889
Mon Sep 02 20:17:33 EDT 2019 org.joda.time.format.PeriodFormatterBuilder,883
Mon Sep 02 20:21:45 EDT 2019 org.joda.time.format.PeriodFormatterBuilder,884
Mon Sep 02 20:21:48 EDT 2019 org.joda.time.format.PeriodFormatterBuilder,885
Mon Sep 02 20:21:51 EDT 2019 org.joda.time.format.PeriodFormatterBuilder,887
Mon Sep 02 20:23:24 EDT 2019 org.joda.time.format.PeriodFormatterBuilder,888
Mon Sep 02 20:23:26 EDT 2019 Mon Sep 02 20:23:26 EDT 2019 : org.joda.time.format.PeriodFormatterBuilder,892=>Find no block
Mon Sep 02 20:23:28 EDT 2019 org.joda.time.format.PeriodFormatter,304
Mon Sep 02 20:24:42 EDT 2019 org.joda.time.format.PeriodFormatter,302
Mon Sep 02 20:24:44 EDT 2019 org.joda.time.format.PeriodFormatterBuilder,1565
Mon Sep 02 20:26:05 EDT 2019 org.joda.time.format.PeriodFormatterBuilder,1566
Mon Sep 02 20:26:08 EDT 2019 org.joda.time.Period,594
Mon Sep 02 20:26:16 EDT 2019 Mon Sep 02 20:26:16 EDT 2019 : org.joda.time.Period,595=>Find no block
Mon Sep 02 20:26:18 EDT 2019 org.joda.time.format.PeriodFormatter,315
Mon Sep 02 20:26:19 EDT 2019 org.joda.time.format.PeriodFormatter,317
Mon Sep 02 20:26:22 EDT 2019 org.joda.time.format.PeriodFormatter,318
Mon Sep 02 20:26:24 EDT 2019 org.joda.time.format.PeriodFormatter,319
Mon Sep 02 20:26:26 EDT 2019 org.joda.time.convert.ReadablePeriodConverter,70
Mon Sep 02 20:27:42 EDT 2019 org.joda.time.convert.ReadablePeriodConverter,71
Mon Sep 02 20:27:44 EDT 2019 org.joda.time.MutablePeriod,172
Mon Sep 02 20:28:19 EDT 2019 Mon Sep 02 20:28:19 EDT 2019 : org.joda.time.MutablePeriod,173=>Find no block
Mon Sep 02 20:28:21 EDT 2019 org.joda.time.format.PeriodFormatterBuilder,1744
Timeout time : 19/09/02 20:34
