=================================================
Project : time_5	start : 19/09/02 15:32
Current failed test : org.joda.time.TestPeriod_Basics::testNormalizedStandard_periodType_months1 | 19/09/02 15:33
Mon Sep 02 15:34:57 EDT 2019 org.joda.time.PeriodType,690
Mon Sep 02 15:35:03 EDT 2019 org.joda.time.PeriodType,535
Mon Sep 02 15:35:08 EDT 2019 org.joda.time.PeriodType,538
Mon Sep 02 15:36:34 EDT 2019 org.joda.time.PeriodType,539
Mon Sep 02 15:40:16 EDT 2019 org.joda.time.PeriodType,540
Mon Sep 02 15:44:15 EDT 2019 org.joda.time.PeriodType,541
Mon Sep 02 15:44:19 EDT 2019 org.joda.time.PeriodType,543
Mon Sep 02 15:51:13 EDT 2019 org.joda.time.PeriodType,546
Mon Sep 02 15:59:11 EDT 2019 org.joda.time.PeriodType,549
Mon Sep 02 16:03:49 EDT 2019 org.joda.time.PeriodType,552
Mon Sep 02 16:08:21 EDT 2019 org.joda.time.PeriodType,553
Mon Sep 02 16:08:23 EDT 2019 org.joda.time.PeriodType,555
Mon Sep 02 16:13:23 EDT 2019 org.joda.time.PeriodType,556
Mon Sep 02 16:13:25 EDT 2019 org.joda.time.PeriodType,558
Mon Sep 02 16:18:23 EDT 2019 org.joda.time.PeriodType,559
Mon Sep 02 16:18:25 EDT 2019 org.joda.time.PeriodType,561
Mon Sep 02 16:22:28 EDT 2019 org.joda.time.PeriodType,562
Mon Sep 02 16:22:29 EDT 2019 org.joda.time.PeriodType,564
Mon Sep 02 16:22:34 EDT 2019 org.joda.time.PeriodType,569
Mon Sep 02 16:25:02 EDT 2019 org.joda.time.PeriodType,570
Mon Sep 02 16:27:03 EDT 2019 org.joda.time.PeriodType,571
Mon Sep 02 16:28:19 EDT 2019 org.joda.time.PeriodType,575
Mon Sep 02 16:34:10 EDT 2019 org.joda.time.PeriodType,576
Mon Sep 02 16:34:11 EDT 2019 org.joda.time.DurationFieldType,269
Mon Sep 02 16:35:50 EDT 2019 org.joda.time.DurationFieldType,270
Mon Sep 02 16:35:52 EDT 2019 org.joda.time.Period,1631
Mon Sep 02 16:39:32 EDT 2019 org.joda.time.Period,895
Mon Sep 02 16:46:00 EDT 2019 org.joda.time.Period,896
Mon Sep 02 16:46:02 EDT 2019 org.joda.time.Period,1629
Mon Sep 02 16:54:29 EDT 2019 org.joda.time.Period,1630
Mon Sep 02 16:54:31 EDT 2019 org.joda.time.Period,1628
Mon Sep 02 16:54:31 EDT 2019 org.joda.time.PeriodType,222
Mon Sep 02 17:04:50 EDT 2019 org.joda.time.PeriodType,223
Mon Sep 02 17:04:55 EDT 2019 org.joda.time.PeriodType,224
Mon Sep 02 17:04:56 EDT 2019 org.joda.time.PeriodType,232
Mon Sep 02 17:04:58 EDT 2019 org.joda.time.PeriodType,234
Mon Sep 02 17:04:59 EDT 2019 org.joda.time.PeriodType,278
Mon Sep 02 17:12:48 EDT 2019 org.joda.time.PeriodType,279
Mon Sep 02 17:12:52 EDT 2019 org.joda.time.PeriodType,280
Mon Sep 02 17:12:53 EDT 2019 org.joda.time.PeriodType,287
Mon Sep 02 17:12:54 EDT 2019 org.joda.time.PeriodType,289
Mon Sep 02 17:12:55 EDT 2019 org.joda.time.PeriodType,502
Mon Sep 02 17:17:05 EDT 2019 org.joda.time.PeriodType,505
Mon Sep 02 17:33:03 EDT 2019 org.joda.time.PeriodType,506
Mon Sep 02 17:33:05 EDT 2019 org.joda.time.PeriodType,510
Mon Sep 02 17:42:03 EDT 2019 org.joda.time.PeriodType,511
Mon Sep 02 17:45:43 EDT 2019 org.joda.time.PeriodType,512
Mon Sep 02 17:51:34 EDT 2019 org.joda.time.PeriodType,513
Mon Sep 02 17:51:36 EDT 2019 org.joda.time.PeriodType,514
Mon Sep 02 17:57:20 EDT 2019 org.joda.time.PeriodType,515
Mon Sep 02 18:02:16 EDT 2019 org.joda.time.PeriodType,516
Mon Sep 02 18:07:19 EDT 2019 org.joda.time.PeriodType,517
Mon Sep 02 18:12:26 EDT 2019 org.joda.time.PeriodType,518
Mon Sep 02 18:17:14 EDT 2019 org.joda.time.PeriodType,519
Mon Sep 02 18:22:25 EDT 2019 org.joda.time.PeriodType,520
Mon Sep 02 18:28:02 EDT 2019 org.joda.time.PeriodType,521
Mon Sep 02 18:33:25 EDT 2019 org.joda.time.PeriodType,522
Mon Sep 02 18:38:17 EDT 2019 org.joda.time.PeriodType,523
Mon Sep 02 18:43:33 EDT 2019 org.joda.time.PeriodType,524
Mon Sep 02 18:48:19 EDT 2019 org.joda.time.PeriodType,525
Mon Sep 02 18:52:53 EDT 2019 org.joda.time.PeriodType,526
Mon Sep 02 18:57:10 EDT 2019 org.joda.time.PeriodType,527
Mon Sep 02 19:01:10 EDT 2019 org.joda.time.PeriodType,528
Mon Sep 02 19:01:10 EDT 2019 org.joda.time.PeriodType,530
Mon Sep 02 19:03:00 EDT 2019 org.joda.time.PeriodType,531
Mon Sep 02 19:03:01 EDT 2019 org.joda.time.PeriodType,532
Mon Sep 02 19:03:03 EDT 2019 org.joda.time.PeriodType,725
Mon Sep 02 19:05:55 EDT 2019 org.joda.time.PeriodType,761
Mon Sep 02 19:08:53 EDT 2019 org.joda.time.PeriodType,770
Mon Sep 02 19:12:05 EDT 2019 org.joda.time.PeriodType,851
Mon Sep 02 19:18:07 EDT 2019 org.joda.time.PeriodType,852
Mon Sep 02 19:22:46 EDT 2019 org.joda.time.PeriodType,853
Mon Sep 02 19:22:46 EDT 2019 org.joda.time.PeriodType,855
Mon Sep 02 19:22:47 EDT 2019 org.joda.time.Period,1625
Mon Sep 02 19:30:22 EDT 2019 org.joda.time.Period,1626
Mon Sep 02 19:43:30 EDT 2019 org.joda.time.Period,1627
Mon Sep 02 19:43:31 EDT 2019 org.joda.time.Period,1617
Mon Sep 02 19:45:38 EDT 2019 org.joda.time.Period,1618
Mon Sep 02 19:45:39 EDT 2019 org.joda.time.Period,1619
Mon Sep 02 19:48:12 EDT 2019 org.joda.time.Period,1620
Mon Sep 02 19:51:46 EDT 2019 org.joda.time.Period,1621
Mon Sep 02 19:54:32 EDT 2019 org.joda.time.Period,1622
Mon Sep 02 19:57:23 EDT 2019 org.joda.time.Period,1623
Mon Sep 02 19:58:40 EDT 2019 org.joda.time.Period,1624
Mon Sep 02 20:02:56 EDT 2019 Mon Sep 02 20:02:56 EDT 2019 : org.joda.time.Period,445=>Find no block
Mon Sep 02 20:02:57 EDT 2019 org.joda.time.PeriodType,688
Mon Sep 02 20:07:07 EDT 2019 org.joda.time.PeriodType,689
Mon Sep 02 20:07:08 EDT 2019 org.joda.time.Period,444
Mon Sep 02 20:08:30 EDT 2019 org.joda.time.PeriodType,372
Mon Sep 02 20:12:40 EDT 2019 org.joda.time.PeriodType,373
Mon Sep 02 20:12:43 EDT 2019 org.joda.time.PeriodType,374
Mon Sep 02 20:12:43 EDT 2019 org.joda.time.PeriodType,379
Mon Sep 02 20:12:44 EDT 2019 org.joda.time.PeriodType,381
Mon Sep 02 20:12:45 EDT 2019 org.joda.time.PeriodType,779
Mon Sep 02 20:15:46 EDT 2019 org.joda.time.PeriodType,809
Mon Sep 02 20:19:08 EDT 2019 org.joda.time.PeriodType,163
Mon Sep 02 20:25:26 EDT 2019 org.joda.time.PeriodType,164
Mon Sep 02 20:25:29 EDT 2019 org.joda.time.PeriodType,165
Mon Sep 02 20:25:29 EDT 2019 org.joda.time.PeriodType,173
Mon Sep 02 20:25:30 EDT 2019 org.joda.time.PeriodType,175
Mon Sep 02 20:25:30 EDT 2019 org.joda.time.PeriodType,193
Mon Sep 02 20:30:42 EDT 2019 org.joda.time.PeriodType,194
Mon Sep 02 20:31:11 EDT 2019 org.joda.time.PeriodType,195
Mon Sep 02 20:31:11 EDT 2019 org.joda.time.PeriodType,205
Mon Sep 02 20:31:12 EDT 2019 org.joda.time.PeriodType,207
Mon Sep 02 20:31:12 EDT 2019 org.joda.time.PeriodType,818
Mon Sep 02 20:33:56 EDT 2019 org.joda.time.Period,737
Timeout time : 19/09/02 20:35
