=================================================
Project : time_6	start : 19/09/02 15:32
Current failed test : org.joda.time.chrono.TestGJDate::test_plusYears_positiveToZero_crossCutover | 19/09/02 15:34
Mon Sep 02 15:36:48 EDT 2019 org.joda.time.chrono.GJChronology,975
Timeout time : 19/09/02 16:36
Current failed test : org.joda.time.chrono.TestGJDate::test_plusWeekyears_positiveToZero_crossCutover | 19/09/02 16:36
Mon Sep 02 16:39:13 EDT 2019 org.joda.time.chrono.GJChronology,975
Timeout time : 19/09/02 17:39
Current failed test : org.joda.time.chrono.TestGJDate::test_cutoverPreZero | 19/09/02 17:39
Mon Sep 02 17:41:48 EDT 2019 org.joda.time.chrono.GJChronology,975
Mon Sep 02 18:39:34 EDT 2019 org.joda.time.chrono.GJChronology,976
Mon Sep 02 18:39:35 EDT 2019 org.joda.time.chrono.GJChronology,978
Mon Sep 02 18:39:37 EDT 2019 org.joda.time.chrono.GJChronology,979
Mon Sep 02 18:39:38 EDT 2019 org.joda.time.LocalDate,1965
Timeout time : 19/09/02 18:42
Current failed test : org.joda.time.chrono.TestGJDate::test_plusYears_positiveToNegative_crossCutover | 19/09/02 18:42
Mon Sep 02 18:44:39 EDT 2019 org.joda.time.chrono.GJChronology,975
Mon Sep 02 19:29:07 EDT 2019 org.joda.time.chrono.GJChronology,976
Mon Sep 02 19:29:07 EDT 2019 org.joda.time.chrono.GJChronology,978
Mon Sep 02 19:29:08 EDT 2019 org.joda.time.chrono.GJChronology,979
Mon Sep 02 19:29:09 EDT 2019 org.joda.time.LocalDate,1965
Mon Sep 02 19:33:19 EDT 2019 org.joda.time.IllegalFieldValueException,314
Mon Sep 02 19:33:22 EDT 2019 org.joda.time.LocalDate,1500
Mon Sep 02 19:40:59 EDT 2019 org.joda.time.LocalDate,1531
Timeout time : 19/09/02 19:44
Current failed test : org.joda.time.chrono.TestGJDate::test_plusWeekyears_positiveToNegative_crossCutover | 19/09/02 19:44
Mon Sep 02 19:46:34 EDT 2019 org.joda.time.chrono.GJChronology,975
Mon Sep 02 20:26:35 EDT 2019 org.joda.time.chrono.GJChronology,976
Mon Sep 02 20:26:36 EDT 2019 org.joda.time.chrono.GJChronology,978
Mon Sep 02 20:26:37 EDT 2019 org.joda.time.chrono.GJChronology,979
Mon Sep 02 20:26:38 EDT 2019 org.joda.time.LocalDate,1965
Mon Sep 02 20:29:44 EDT 2019 org.joda.time.IllegalFieldValueException,314
Mon Sep 02 20:29:46 EDT 2019 org.joda.time.LocalDate,1500
Mon Sep 02 20:34:51 EDT 2019 org.joda.time.LocalDate,1531
Mon Sep 02 20:39:37 EDT 2019 org.joda.time.LocalDate,1663
Mon Sep 02 20:46:23 EDT 2019 org.joda.time.LocalDate,1708
Timeout time : 19/09/02 20:46
