=================================================
Project : time_7	start : 19/09/02 15:32
Current failed test : org.joda.time.format.TestDateTimeFormatter::testParseInto_monthDay_feb29_newYork_startOfYear | 19/09/02 15:33
Mon Sep 02 15:35:06 EDT 2019 Mon Sep 02 15:35:06 EDT 2019 : org.joda.time.format.DateTimeParserBucket,373=>Find no block
Mon Sep 02 15:35:07 EDT 2019 org.joda.time.format.DateTimeParserBucket,374
Mon Sep 02 15:37:08 EDT 2019 org.joda.time.format.DateTimeParserBucket,375
Mon Sep 02 15:37:09 EDT 2019 org.joda.time.format.DateTimeParserBucket,377
Mon Sep 02 15:43:38 EDT 2019 org.joda.time.IllegalFieldValueException,314
Mon Sep 02 15:43:41 EDT 2019 org.joda.time.IllegalFieldValueException,323
Mon Sep 02 15:44:01 EDT 2019 org.joda.time.IllegalFieldValueException,325
Mon Sep 02 15:44:02 EDT 2019 org.joda.time.IllegalFieldValueException,326
Mon Sep 02 15:44:05 EDT 2019 Mon Sep 02 15:44:05 EDT 2019 : org.joda.time.IllegalFieldValueException,328=>Find no block
Mon Sep 02 15:44:09 EDT 2019 org.joda.time.format.DateTimeFormatter,701
Mon Sep 02 15:48:39 EDT 2019 org.joda.time.format.DateTimeFormatter,702
Mon Sep 02 15:48:46 EDT 2019 org.joda.time.format.DateTimeFormatter,706
Mon Sep 02 16:02:00 EDT 2019 org.joda.time.format.DateTimeFormatter,707
Mon Sep 02 16:12:55 EDT 2019 org.joda.time.format.DateTimeFormatter,708
Mon Sep 02 16:21:18 EDT 2019 org.joda.time.format.DateTimeFormatter,709

----------------------------------------
----------------------------------------
Pass Single Test : [=>0,0]
long instantLocal=instantMillis+chrono.getZone().getOffset(instantMillis);
chrono=selectChronology(chrono);
int defaultYear=chrono.year().get(instantMillis);

Time : 19/09/02 16:32
----------------------------------------

----------------------------------------
----------------------------------------
Similar code block : 0.9714759713788307 : [/home/mmotwani/mywork1dir/Defects4Java7/defects4j/SIMFIX_RQ1/time/time_7_buggy/src/main/java/org/joda/time/format/DateTimeFormatter.java=>0,0]
int millisOfDay=ISOChronology.getInstanceUTC().millisOfDay().get(millis);
setMillis(getChronology().millisOfDay().set(getMillis(),millisOfDay));

Time : 19/09/02 16:33
----------------------------------------

----------------------------------------
----------------------------------------
Original source code : [/home/mmotwani/mywork1dir/Defects4Java7/defects4j/SIMFIX_RQ1/time/time_7_buggy/src/main/java/org/joda/time/format/DateTimeFormatter.java=>708,710]
long instantLocal=instantMillis+chrono.getZone().getOffset(instantMillis);
chrono=selectChronology(chrono);
int defaultYear=chrono.year().get(instantLocal);

Time : 19/09/02 16:33
----------------------------------------

----------------------------------------
----------------------------------------
Find a patch : [/home/mmotwani/mywork1dir/Defects4Java7/defects4j/SIMFIX_RQ1/time/time_7_buggy/src/main/java/org/joda/time/format/DateTimeFormatter.java=>708,710]
long instantLocal=instantMillis+chrono.getZone().getOffset(instantMillis);
chrono=selectChronology(chrono);
int defaultYear=chrono.year().get(instantMillis);

Time : 19/09/02 16:33
----------------------------------------
Success time : 19/09/02 16:33
