=================================================
Project : time_8	start : 19/09/02 15:32
Current failed test : org.joda.time.TestDateTimeZone::testForOffsetHoursMinutes_int_int | 19/09/02 15:33
Mon Sep 02 15:35:25 EDT 2019 org.joda.time.DateTimeZone,280
Mon Sep 02 15:37:20 EDT 2019 org.joda.time.DateTimeZone,218
Mon Sep 02 15:40:59 EDT 2019 org.joda.time.DateTimeZone,274
Mon Sep 02 15:41:03 EDT 2019 org.joda.time.DateTimeZone,660
Mon Sep 02 17:04:33 EDT 2019 org.joda.time.DateTimeZone,661
Mon Sep 02 17:04:35 EDT 2019 org.joda.time.DateTimeZone,383
Mon Sep 02 17:10:36 EDT 2019 org.joda.time.DateTimeZone,384
Mon Sep 02 17:10:38 EDT 2019 org.joda.time.DateTimeZone,385
Mon Sep 02 17:10:40 EDT 2019 org.joda.time.format.DateTimeFormatterBuilder,2308
Mon Sep 02 18:11:13 EDT 2019 org.joda.time.DateTimeZone,216
Mon Sep 02 18:15:05 EDT 2019 org.joda.time.DateTimeZone,217
Mon Sep 02 18:15:06 EDT 2019 org.joda.time.DateTimeZone,220
Mon Sep 02 18:15:07 EDT 2019 org.joda.time.DateTimeZone,221
Mon Sep 02 18:15:08 EDT 2019 org.joda.time.DateTimeZone,215
Mon Sep 02 18:15:09 EDT 2019 org.joda.time.DateTimeZone,629
Mon Sep 02 18:15:14 EDT 2019 org.joda.time.DateTimeZone,631
Mon Sep 02 18:15:19 EDT 2019 org.joda.time.DateTimeZone,634
Mon Sep 02 18:15:23 EDT 2019 org.joda.time.DateTimeZone,629
Mon Sep 02 18:15:24 EDT 2019 org.joda.time.DateTimeZone,643
Mon Sep 02 18:15:29 EDT 2019 org.joda.time.DateTimeZone,695
Mon Sep 02 18:22:10 EDT 2019 org.joda.time.DateTimeZone,696
Mon Sep 02 18:22:11 EDT 2019 org.joda.time.DateTimeZone,700
Mon Sep 02 18:29:11 EDT 2019 org.joda.time.tz.ZoneInfoProvider,142
Mon Sep 02 18:29:27 EDT 2019 org.joda.time.DateTimeZone,288
Mon Sep 02 18:32:37 EDT 2019 org.joda.time.DateTimeZone,273
Mon Sep 02 18:32:37 EDT 2019 org.joda.time.DateTimeZone,276
Mon Sep 02 18:33:37 EDT 2019 org.joda.time.DateTimeZone,279
Mon Sep 02 18:33:39 EDT 2019 org.joda.time.DateTimeZone,282
Mon Sep 02 19:07:16 EDT 2019 org.joda.time.DateTimeZone,284
Mon Sep 02 19:08:48 EDT 2019 org.joda.time.DateTimeZone,285
Mon Sep 02 19:08:48 EDT 2019 org.joda.time.DateTimeZone,290
Mon Sep 02 19:28:13 EDT 2019 Mon Sep 02 19:28:13 EDT 2019 : org.joda.time.DateTimeZone,293=>Find no block
Mon Sep 02 19:28:14 EDT 2019 org.joda.time.DateTimeZone,294
Mon Sep 02 19:28:24 EDT 2019 org.joda.time.DateTimeZone,304
Mon Sep 02 19:28:28 EDT 2019 org.joda.time.DateTimeZone,307
Mon Sep 02 19:30:04 EDT 2019 org.joda.time.DateTimeZone,308
Mon Sep 02 19:30:05 EDT 2019 org.joda.time.format.DateTimeFormatterBuilder,2310
Mon Sep 02 19:30:05 EDT 2019 org.joda.time.format.DateTimeFormatterBuilder,2309
Mon Sep 02 19:30:06 EDT 2019 org.joda.time.format.DateTimeFormatterBuilder,2386
Mon Sep 02 19:30:25 EDT 2019 org.joda.time.format.DateTimeFormatterBuilder,2356
Mon Sep 02 19:35:58 EDT 2019 org.joda.time.format.DateTimeFormatterBuilder,2357
Mon Sep 02 19:35:59 EDT 2019 org.joda.time.format.DateTimeFormatterBuilder,2358
Mon Sep 02 19:36:00 EDT 2019 org.joda.time.format.DateTimeFormatterBuilder,2315
Mon Sep 02 19:55:09 EDT 2019 org.joda.time.format.DateTimeFormatterBuilder,2316
Mon Sep 02 20:02:07 EDT 2019 org.joda.time.format.DateTimeFormatterBuilder,2330
Mon Sep 02 20:10:02 EDT 2019 org.joda.time.format.DateTimeFormatterBuilder,2337
Timeout time : 19/09/02 20:35
