java version "1.7.0_231"
OpenJDK Runtime Environment (rhel-2.6.19.1.el7_6-x86_64 u231-b01)
OpenJDK 64-Bit Server VM (build 24.231-b01, mixed mode)
Check out 283 to /mnt/nfs/work1/brun/mmotwani/Defects4Java7/defects4j/SIMFI OK
Init local repository...................................................... OK
Tag post-fix revision...................................................... OK
Apply patch................................................................ OK
Run post-checkout hook..................................................... OK
Initialize fixed program version........................................... OK
Apply patch................................................................ OK
Initialize buggy program version........................................... OK
Diff 283:281............................................................... OK
Apply patch................................................................ OK
Tag pre-fix revision....................................................... OK
Check out program version: Chart-20b....................................... OK
Running ant (compile)...................................................... OK
Running ant (compile.tests)................................................ OK
Running ant (compile.tests)................................................ OK
Running ant (run.dev.tests)................................................ OK
Failing tests: 1
  - org.jfree.chart.plot.junit.ValueMarkerTests::test1808376
/home/mmotwani/mywork1dir/Defects4Java7/defects4j/SIMFIX_RQ2_80_1
PURIFY IS FALSE
=================================================
Project : chart_20	start : 19/10/22 13:53

readFailedTest: path is /mnt/nfs/work1/brun/mmotwani/SimFix/d4j-info/failed_tests/chart/20.txt#ATTEMPTS: 1

# FAILING TESTS: 1
TIMEOUT : 18000000
===========
locations= [<org.jfree.chart.plot.Marker,265>, <org.jfree.chart.plot.Marker,211>, <org.jfree.chart.plot.Marker,238>, <org.jfree.chart.plot.ValueMarker,107>, <org.jfree.chart.plot.ValueMarker,95>, <org.jfree.chart.plot.ValueMarker,96>, <org.jfree.chart.plot.ValueMarker,97>, <org.jfree.chart.text.TextAnchor,126>, <org.jfree.chart.text.TextAnchor,127>, <org.jfree.chart.text.TextAnchor,128>, <org.jfree.chart.text.TextAnchor,60>, <org.jfree.chart.text.TextAnchor,64>, <org.jfree.chart.text.TextAnchor,68>, <org.jfree.chart.text.TextAnchor,72>, <org.jfree.chart.text.TextAnchor,76>, <org.jfree.chart.text.TextAnchor,80>, <org.jfree.chart.text.TextAnchor,84>, <org.jfree.chart.text.TextAnchor,88>, <org.jfree.chart.text.TextAnchor,91>, <org.jfree.chart.text.TextAnchor,95>, <org.jfree.chart.text.TextAnchor,99>, <org.jfree.chart.text.TextAnchor,103>, <org.jfree.chart.text.TextAnchor,107>, <org.jfree.chart.text.TextAnchor,111>, <org.jfree.chart.text.TextAnchor,115>, <org.jfree.chart.util.RectangleInsets,79>, <org.jfree.chart.util.RectangleInsets,80>, <org.jfree.chart.util.RectangleInsets,93>, <org.jfree.chart.util.RectangleInsets,94>, <org.jfree.chart.util.RectangleInsets,97>, <org.jfree.chart.util.RectangleInsets,98>, <org.jfree.chart.util.RectangleInsets,99>, <org.jfree.chart.util.RectangleInsets,100>, <org.jfree.chart.util.RectangleInsets,101>, <org.jfree.chart.util.RectangleInsets,102>, <org.jfree.chart.util.RectangleInsets,42>, <org.jfree.chart.util.UnitType,71>, <org.jfree.chart.util.UnitType,72>, <org.jfree.chart.util.UnitType,73>, <org.jfree.chart.util.UnitType,58>, <org.jfree.chart.util.UnitType,61>, <org.jfree.chart.util.RectangleAnchor,83>, <org.jfree.chart.util.RectangleAnchor,84>, <org.jfree.chart.util.RectangleAnchor,85>, <org.jfree.chart.util.RectangleAnchor,40>, <org.jfree.chart.util.RectangleAnchor,44>, <org.jfree.chart.util.RectangleAnchor,48>, <org.jfree.chart.util.RectangleAnchor,52>, <org.jfree.chart.util.RectangleAnchor,56>, <org.jfree.chart.util.RectangleAnchor,60>, <org.jfree.chart.util.RectangleAnchor,64>, <org.jfree.chart.util.RectangleAnchor,68>, <org.jfree.chart.util.RectangleAnchor,72>, <org.jfree.chart.plot.Marker,175>, <org.jfree.chart.plot.Marker,117>, <org.jfree.chart.plot.Marker,177>, <org.jfree.chart.plot.Marker,180>, <org.jfree.chart.plot.Marker,183>, <org.jfree.chart.plot.Marker,187>, <org.jfree.chart.plot.Marker,188>, <org.jfree.chart.plot.Marker,189>, <org.jfree.chart.plot.Marker,190>, <org.jfree.chart.plot.Marker,191>, <org.jfree.chart.plot.Marker,193>, <org.jfree.chart.plot.Marker,194>, <org.jfree.chart.plot.Marker,195>, <org.jfree.chart.plot.Marker,196>, <org.jfree.chart.plot.Marker,197>, <org.jfree.chart.plot.Marker,198>, <org.jfree.chart.plot.Marker,200>, <org.jfree.chart.plot.Marker,201>, <org.jfree.chart.util.LengthAdjustmentType,78>, <org.jfree.chart.util.LengthAdjustmentType,79>, <org.jfree.chart.util.LengthAdjustmentType,80>, <org.jfree.chart.util.LengthAdjustmentType,59>, <org.jfree.chart.util.LengthAdjustmentType,63>, <org.jfree.chart.util.LengthAdjustmentType,67>, <org.jfree.chart.text.TextAnchor,136>, <org.jfree.chart.text.TextAnchor,149>, <org.jfree.chart.text.TextAnchor,150>, <org.jfree.chart.text.TextAnchor,152>, <org.jfree.chart.text.TextAnchor,153>, <org.jfree.chart.text.TextAnchor,156>, <org.jfree.chart.text.TextAnchor,157>, <org.jfree.chart.text.TextAnchor,158>, <org.jfree.chart.text.TextAnchor,161>, <org.jfree.chart.text.TextAnchor,170>, <org.jfree.chart.text.TextAnchor,181>, <org.jfree.chart.text.TextAnchor,182>, <org.jfree.chart.text.TextAnchor,183>, <org.jfree.chart.text.TextAnchor,185>, <org.jfree.chart.text.TextAnchor,186>, <org.jfree.chart.text.TextAnchor,188>, <org.jfree.chart.text.TextAnchor,189>, <org.jfree.chart.text.TextAnchor,191>, <org.jfree.chart.text.TextAnchor,192>, <org.jfree.chart.text.TextAnchor,194>, <org.jfree.chart.text.TextAnchor,195>, <org.jfree.chart.text.TextAnchor,197>, <org.jfree.chart.text.TextAnchor,198>, <org.jfree.chart.text.TextAnchor,200>, <org.jfree.chart.text.TextAnchor,201>, <org.jfree.chart.text.TextAnchor,203>, <org.jfree.chart.text.TextAnchor,204>, <org.jfree.chart.text.TextAnchor,206>, <org.jfree.chart.text.TextAnchor,207>, <org.jfree.chart.text.TextAnchor,209>, <org.jfree.chart.text.TextAnchor,210>, <org.jfree.chart.text.TextAnchor,212>, <org.jfree.chart.text.TextAnchor,213>, <org.jfree.chart.text.TextAnchor,215>, <org.jfree.chart.text.TextAnchor,216>, <org.jfree.chart.text.TextAnchor,218>, <org.jfree.chart.text.TextAnchor,219>, <org.jfree.chart.text.TextAnchor,221>, <org.jfree.chart.text.TextAnchor,222>, <org.jfree.chart.text.TextAnchor,224>, <org.jfree.chart.text.TextAnchor,225>, <org.jfree.chart.text.TextAnchor,227>, <org.jfree.chart.util.RectangleInsets,66>, <org.jfree.chart.util.RectangleInsets,67>, <org.jfree.chart.util.RectangleInsets,95>, <org.jfree.chart.util.RectangleInsets,111>, <org.jfree.chart.util.RectangleInsets,120>, <org.jfree.chart.util.RectangleInsets,129>, <org.jfree.chart.util.RectangleInsets,138>, <org.jfree.chart.util.RectangleInsets,147>, <org.jfree.chart.util.RectangleInsets,158>, <org.jfree.chart.util.RectangleInsets,159>, <org.jfree.chart.util.RectangleInsets,161>, <org.jfree.chart.util.RectangleInsets,162>, <org.jfree.chart.util.RectangleInsets,164>, <org.jfree.chart.util.RectangleInsets,165>, <org.jfree.chart.util.RectangleInsets,166>, <org.jfree.chart.util.RectangleInsets,168>, <org.jfree.chart.util.RectangleInsets,169>, <org.jfree.chart.util.RectangleInsets,171>, <org.jfree.chart.util.RectangleInsets,172>, <org.jfree.chart.util.RectangleInsets,174>, <org.jfree.chart.util.RectangleInsets,175>, <org.jfree.chart.util.RectangleInsets,177>, <org.jfree.chart.util.RectangleInsets,178>, <org.jfree.chart.util.RectangleInsets,180>, <org.jfree.chart.util.RectangleInsets,191>, <org.jfree.chart.util.RectangleInsets,192>, <org.jfree.chart.util.RectangleInsets,193>, <org.jfree.chart.util.RectangleInsets,194>, <org.jfree.chart.util.RectangleInsets,195>, <org.jfree.chart.util.RectangleInsets,196>, <org.jfree.chart.util.RectangleInsets,197>, <org.jfree.chart.util.RectangleInsets,198>, <org.jfree.chart.util.RectangleInsets,199>, <org.jfree.chart.util.RectangleInsets,200>, <org.jfree.chart.util.RectangleInsets,210>, <org.jfree.chart.util.RectangleInsets,229>, <org.jfree.chart.util.RectangleInsets,230>, <org.jfree.chart.util.RectangleInsets,232>, <org.jfree.chart.util.RectangleInsets,233>, <org.jfree.chart.util.RectangleInsets,234>, <org.jfree.chart.util.RectangleInsets,235>, <org.jfree.chart.util.RectangleInsets,236>, <org.jfree.chart.util.RectangleInsets,237>, <org.jfree.chart.util.RectangleInsets,238>, <org.jfree.chart.util.RectangleInsets,239>, <org.jfree.chart.util.RectangleInsets,240>, <org.jfree.chart.util.RectangleInsets,241>, <org.jfree.chart.util.RectangleInsets,242>, <org.jfree.chart.util.RectangleInsets,243>, <org.jfree.chart.util.RectangleInsets,244>, <org.jfree.chart.util.RectangleInsets,246>, <org.jfree.chart.util.RectangleInsets,247>, <org.jfree.chart.util.RectangleInsets,248>, <org.jfree.chart.util.RectangleInsets,249>, <org.jfree.chart.util.RectangleInsets,250>, <org.jfree.chart.util.RectangleInsets,251>, <org.jfree.chart.util.RectangleInsets,252>, <org.jfree.chart.util.RectangleInsets,253>, <org.jfree.chart.util.RectangleInsets,254>, <org.jfree.chart.util.RectangleInsets,256>, <org.jfree.chart.util.RectangleInsets,267>, <org.jfree.chart.util.RectangleInsets,281>, <org.jfree.chart.util.RectangleInsets,282>, <org.jfree.chart.util.RectangleInsets,284>, <org.jfree.chart.util.RectangleInsets,285>, <org.jfree.chart.util.RectangleInsets,286>, <org.jfree.chart.util.RectangleInsets,287>, <org.jfree.chart.util.RectangleInsets,288>, <org.jfree.chart.util.RectangleInsets,290>, <org.jfree.chart.util.RectangleInsets,291>, <org.jfree.chart.util.RectangleInsets,292>, <org.jfree.chart.util.RectangleInsets,293>, <org.jfree.chart.util.RectangleInsets,294>, <org.jfree.chart.util.RectangleInsets,296>, <org.jfree.chart.util.RectangleInsets,312>, <org.jfree.chart.util.RectangleInsets,327>, <org.jfree.chart.util.RectangleInsets,328>, <org.jfree.chart.util.RectangleInsets,330>, <org.jfree.chart.util.RectangleInsets,331>, <org.jfree.chart.util.RectangleInsets,332>, <org.jfree.chart.util.RectangleInsets,333>]
======================org.jfree.chart.plot.Marker,265
org.jfree.chart.plot.Marker,211
org.jfree.chart.plot.Marker,238
org.jfree.chart.plot.ValueMarker,107
========
return Math.log(value)/this.value;

========
COMMAND:cd /home/mmotwani/mywork1dir/Defects4Java7/defects4j/SIMFIX_RQ2_80_1/chart/chart_20_buggy && /usr/bin/timeout 120 /mnt/nfs/work1/brun/mmotwani/Defects4Java7/defects4j//framework/bin/defects4j compile
FAILED TEST:org.jfree.chart.plot.junit.ValueMarkerTests::test1808376
COUNT THESE===> Subject [_name=chart, _id=20, _ssrc=/source, _tsrc=/tests, _sbin=/build, _tbin=/build-tests, _dependency=null] org.jfree.chart.plot.junit.ValueMarkerTests test1808376
TESTING : org.jfree.chart.plot.junit.ValueMarkerTests::test1808376
COMMAND:cd /home/mmotwani/mywork1dir/Defects4Java7/defects4j/SIMFIX_RQ2_80_1/chart/chart_20_buggy && /usr/bin/timeout 30 /mnt/nfs/work1/brun/mmotwani/Defects4Java7/defects4j//framework/bin/defects4j test -t org.jfree.chart.plot.junit.ValueMarkerTests::test1808376
  - org.jfree.chart.plot.junit.ValueMarkerTests::test1808376
Failing tests: 1
Running ant (run.dev.tests)................................................ OK
Running ant (compile.tests)................................................ OK
========
return value-(value-value)*(jmax-value)/this.value;

========
COMMAND:cd /home/mmotwani/mywork1dir/Defects4Java7/defects4j/SIMFIX_RQ2_80_1/chart/chart_20_buggy && /usr/bin/timeout 120 /mnt/nfs/work1/brun/mmotwani/Defects4Java7/defects4j//framework/bin/defects4j compile
========
return value+(value-value)*(value-jmin)/this.value;

========
COMMAND:cd /home/mmotwani/mywork1dir/Defects4Java7/defects4j/SIMFIX_RQ2_80_1/chart/chart_20_buggy && /usr/bin/timeout 120 /mnt/nfs/work1/brun/mmotwani/Defects4Java7/defects4j//framework/bin/defects4j compile
org.jfree.chart.plot.ValueMarker,95
========
super(paint,stroke,outlinePaint,stroke,alpha);
this.value=value;

========
COMMAND:cd /home/mmotwani/mywork1dir/Defects4Java7/defects4j/SIMFIX_RQ2_80_1/chart/chart_20_buggy && /usr/bin/timeout 120 /mnt/nfs/work1/brun/mmotwani/Defects4Java7/defects4j//framework/bin/defects4j compile
FAILED TEST:org.jfree.chart.plot.junit.ValueMarkerTests::test1808376
COUNT THESE===> Subject [_name=chart, _id=20, _ssrc=/source, _tsrc=/tests, _sbin=/build, _tbin=/build-tests, _dependency=null] org.jfree.chart.plot.junit.ValueMarkerTests test1808376
TESTING : org.jfree.chart.plot.junit.ValueMarkerTests::test1808376
COMMAND:cd /home/mmotwani/mywork1dir/Defects4Java7/defects4j/SIMFIX_RQ2_80_1/chart/chart_20_buggy && /usr/bin/timeout 30 /mnt/nfs/work1/brun/mmotwani/Defects4Java7/defects4j//framework/bin/defects4j test -t org.jfree.chart.plot.junit.ValueMarkerTests::test1808376
  - org.jfree.chart.plot.junit.ValueMarkerTests::test1808376
Failing tests: 1
Running ant (run.dev.tests)................................................ OK
Running ant (compile.tests)................................................ OK
========
super(paint,stroke,paint,outlineStroke,alpha);
this.value=value;

========
COMMAND:cd /home/mmotwani/mywork1dir/Defects4Java7/defects4j/SIMFIX_RQ2_80_1/chart/chart_20_buggy && /usr/bin/timeout 120 /mnt/nfs/work1/brun/mmotwani/Defects4Java7/defects4j//framework/bin/defects4j compile
FAILED TEST:org.jfree.chart.plot.junit.ValueMarkerTests::test1808376
COUNT THESE===> Subject [_name=chart, _id=20, _ssrc=/source, _tsrc=/tests, _sbin=/build, _tbin=/build-tests, _dependency=null] org.jfree.chart.plot.junit.ValueMarkerTests test1808376
TESTING : org.jfree.chart.plot.junit.ValueMarkerTests::test1808376
COMMAND:cd /home/mmotwani/mywork1dir/Defects4Java7/defects4j/SIMFIX_RQ2_80_1/chart/chart_20_buggy && /usr/bin/timeout 30 /mnt/nfs/work1/brun/mmotwani/Defects4Java7/defects4j//framework/bin/defects4j test -t org.jfree.chart.plot.junit.ValueMarkerTests::test1808376
  - org.jfree.chart.plot.junit.ValueMarkerTests::test1808376
Failing tests: 1
Running ant (run.dev.tests)................................................ OK
Running ant (compile.tests)................................................ OK
========
super(paint,stroke,outlinePaint,outlineStroke,alpha);
this.value=value;

========
COMMAND:cd /home/mmotwani/mywork1dir/Defects4Java7/defects4j/SIMFIX_RQ2_80_1/chart/chart_20_buggy && /usr/bin/timeout 120 /mnt/nfs/work1/brun/mmotwani/Defects4Java7/defects4j//framework/bin/defects4j compile
FAILED TEST:org.jfree.chart.plot.junit.ValueMarkerTests::test1808376
COUNT THESE===> Subject [_name=chart, _id=20, _ssrc=/source, _tsrc=/tests, _sbin=/build, _tbin=/build-tests, _dependency=null] org.jfree.chart.plot.junit.ValueMarkerTests test1808376
TESTING : org.jfree.chart.plot.junit.ValueMarkerTests::test1808376
COMMAND:cd /home/mmotwani/mywork1dir/Defects4Java7/defects4j/SIMFIX_RQ2_80_1/chart/chart_20_buggy && /usr/bin/timeout 30 /mnt/nfs/work1/brun/mmotwani/Defects4Java7/defects4j//framework/bin/defects4j test -t org.jfree.chart.plot.junit.ValueMarkerTests::test1808376
Failing tests: 0
TESTING : chart_20
COMMAND:cd /home/mmotwani/mywork1dir/Defects4Java7/defects4j/SIMFIX_RQ2_80_1/chart/chart_20_buggy && /usr/bin/timeout 600 /mnt/nfs/work1/brun/mmotwani/Defects4Java7/defects4j//framework/bin/defects4j test
Failing tests: 0
Successfully repair!
