java version "1.7.0_231"
OpenJDK Runtime Environment (rhel-2.6.19.1.el7_6-x86_64 u231-b01)
OpenJDK 64-Bit Server VM (build 24.231-b01, mixed mode)
Check out 2266 to /mnt/nfs/work1/brun/mmotwani/Defects4Java7/defects4j/SIMF OK
Init local repository...................................................... OK
Tag post-fix revision...................................................... OK
Apply patch................................................................ OK
Run post-checkout hook..................................................... OK
Initialize fixed program version........................................... OK
Apply patch................................................................ OK
Initialize buggy program version........................................... OK
Diff 2266:2264............................................................. OK
Apply patch................................................................ OK
Tag pre-fix revision....................................................... OK
Check out program version: Chart-1b........................................ OK
Running ant (compile)...................................................... OK
Running ant (compile.tests)................................................ OK
Running ant (compile.tests)................................................ OK
Running ant (run.dev.tests)................................................ OK
Failing tests: 1
  - org.jfree.chart.renderer.category.junit.AbstractCategoryItemRendererTests::test2947660
/home/mmotwani/mywork1dir/Defects4Java7/defects4j/SIMFIX_RQ2_20_4
PURIFY IS FALSE
=================================================
Project : chart_1	start : 19/10/16 17:32

readFailedTest: path is /mnt/nfs/work1/brun/mmotwani/SimFix/d4j-info/failed_tests/chart/1.txt#ATTEMPTS: 1

# FAILING TESTS: 1
TIMEOUT : 18000000
===========
locations= [<org.jfree.chart.renderer.category.AbstractCategoryItemRenderer,1791>, <org.jfree.chart.renderer.category.AbstractCategoryItemRenderer,1792>, <org.jfree.chart.renderer.category.AbstractCategoryItemRenderer,1793>, <org.jfree.chart.renderer.category.AbstractCategoryItemRenderer,1795>, <org.jfree.chart.renderer.category.AbstractCategoryItemRenderer,1796>, <org.jfree.chart.renderer.category.AbstractCategoryItemRenderer,1797>, <org.jfree.chart.renderer.category.AbstractCategoryItemRenderer,1798>, <org.jfree.data.general.AbstractDataset,191>, <org.jfree.data.general.AbstractDataset,192>, <org.jfree.chart.plot.CategoryPlot,567>, <org.jfree.chart.plot.CategoryPlot,568>, <org.jfree.chart.plot.CategoryPlot,1045>, <org.jfree.chart.plot.CategoryPlot,1046>, <org.jfree.chart.plot.CategoryPlot,1339>, <org.jfree.chart.plot.CategoryPlot,1340>, <org.jfree.chart.plot.CategoryPlot,1352>, <org.jfree.chart.plot.CategoryPlot,1353>, <org.jfree.chart.plot.CategoryPlot,1356>, <org.jfree.chart.plot.CategoryPlot,1357>, <org.jfree.chart.plot.CategoryPlot,1358>, <org.jfree.chart.plot.CategoryPlot,1362>, <org.jfree.chart.plot.CategoryPlot,1365>, <org.jfree.chart.plot.CategoryPlot,1367>, <org.jfree.chart.plot.CategoryPlot,1613>, <org.jfree.chart.plot.CategoryPlot,1614>, <org.jfree.chart.plot.CategoryPlot,1665>, <org.jfree.chart.plot.CategoryPlot,1667>, <org.jfree.chart.plot.CategoryPlot,1672>, <org.jfree.chart.plot.CategoryPlot,1673>, <org.jfree.chart.plot.CategoryPlot,1674>, <org.jfree.chart.plot.CategoryPlot,1675>, <org.jfree.chart.plot.CategoryPlot,1678>, <org.jfree.chart.plot.CategoryPlot,1679>, <org.jfree.chart.plot.CategoryPlot,1681>, <org.jfree.chart.plot.CategoryPlot,1682>, <org.jfree.chart.plot.CategoryPlot,1684>, <org.jfree.chart.plot.CategoryPlot,1727>, <org.jfree.chart.LegendItemCollection,68>, <org.jfree.chart.LegendItemCollection,69>, <org.jfree.chart.LegendItemCollection,70>, <org.jfree.chart.LegendItemCollection,107>, <org.jfree.chart.renderer.category.LineAndShapeRenderer,201>, <org.jfree.chart.renderer.category.LineAndShapeRenderer,202>, <org.jfree.chart.renderer.category.LineAndShapeRenderer,211>, <org.jfree.chart.renderer.category.LineAndShapeRenderer,212>, <org.jfree.chart.renderer.category.LineAndShapeRenderer,213>, <org.jfree.chart.renderer.category.LineAndShapeRenderer,214>, <org.jfree.chart.renderer.category.LineAndShapeRenderer,215>, <org.jfree.chart.renderer.category.LineAndShapeRenderer,216>, <org.jfree.chart.renderer.category.LineAndShapeRenderer,217>, <org.jfree.chart.renderer.category.LineAndShapeRenderer,218>, <org.jfree.chart.renderer.category.LineAndShapeRenderer,219>, <org.jfree.chart.renderer.category.LineAndShapeRenderer,220>, <org.jfree.chart.renderer.category.LineAndShapeRenderer,221>, <org.jfree.chart.renderer.category.LineAndShapeRenderer,222>, <org.jfree.chart.renderer.category.LineAndShapeRenderer,223>, <org.jfree.data.category.DefaultCategoryDataset,259>, <org.jfree.data.category.DefaultCategoryDataset,260>, <org.jfree.chart.renderer.AbstractRenderer,2892>, <org.jfree.chart.renderer.AbstractRenderer,2895>, <org.jfree.chart.renderer.AbstractRenderer,2896>, <org.jfree.chart.renderer.category.AbstractCategoryItemRenderer,293>, <org.jfree.chart.renderer.category.AbstractCategoryItemRenderer,296>, <org.jfree.chart.renderer.category.AbstractCategoryItemRenderer,297>, <org.jfree.chart.util.AbstractObjectList,109>, <org.jfree.chart.util.AbstractObjectList,110>, <org.jfree.chart.util.AbstractObjectList,111>, <org.jfree.chart.util.AbstractObjectList,113>, <org.jfree.chart.util.AbstractObjectList,123>, <org.jfree.chart.util.AbstractObjectList,126>, <org.jfree.chart.util.AbstractObjectList,131>, <org.jfree.chart.util.AbstractObjectList,132>, <org.jfree.chart.util.AbstractObjectList,133>, <org.jfree.chart.util.AbstractObjectList,161>, <org.jfree.chart.util.AbstractObjectList,162>, <org.jfree.chart.util.AbstractObjectList,163>, <org.jfree.chart.util.ObjectList,85>, <org.jfree.chart.util.ObjectList,95>, <org.jfree.chart.util.ObjectList,96>, <org.jfree.chart.util.ObjectList,107>, <org.jfree.chart.event.ChartChangeEvent,131>, <org.jfree.chart.event.ChartChangeEvent,132>, <org.jfree.data.general.AbstractDataset,95>, <org.jfree.data.general.AbstractDataset,96>, <org.jfree.data.general.AbstractDataset,97>, <org.jfree.data.general.AbstractDataset,98>, <org.jfree.data.general.AbstractDataset,133>, <org.jfree.data.general.AbstractDataset,134>, <org.jfree.data.general.AbstractDataset,176>, <org.jfree.data.general.AbstractDataset,177>, <org.jfree.data.general.AbstractDataset,189>, <org.jfree.data.general.AbstractDataset,190>, <org.jfree.data.general.AbstractDataset,196>, <org.jfree.data.general.DatasetGroup,63>, <org.jfree.data.general.DatasetGroup,64>, <org.jfree.data.general.DatasetGroup,65>, <org.jfree.chart.util.ResourceBundleWrapper,122>, <org.jfree.chart.util.ResourceBundleWrapper,128>, <org.jfree.chart.plot.Plot,306>, <org.jfree.chart.plot.Plot,277>, <org.jfree.chart.plot.Plot,280>, <org.jfree.chart.plot.Plot,308>, <org.jfree.chart.plot.Plot,309>, <org.jfree.chart.plot.Plot,310>, <org.jfree.chart.plot.Plot,311>, <org.jfree.chart.plot.Plot,312>, <org.jfree.chart.plot.Plot,313>, <org.jfree.chart.plot.Plot,314>, <org.jfree.chart.plot.Plot,315>, <org.jfree.chart.plot.Plot,316>, <org.jfree.chart.plot.Plot,318>, <org.jfree.chart.plot.Plot,319>, <org.jfree.chart.plot.Plot,320>, <org.jfree.chart.plot.Plot,322>, <org.jfree.chart.plot.Plot,324>, <org.jfree.chart.plot.Plot,325>, <org.jfree.chart.plot.Plot,327>, <org.jfree.chart.plot.Plot,203>, <org.jfree.chart.plot.Plot,206>, <org.jfree.chart.plot.Plot,210>, <org.jfree.chart.plot.Plot,214>, <org.jfree.chart.plot.Plot,223>, <org.jfree.chart.plot.Plot,232>, <org.jfree.chart.plot.Plot,236>, <org.jfree.chart.plot.Plot,456>, <org.jfree.chart.plot.Plot,969>, <org.jfree.chart.plot.Plot,972>, <org.jfree.chart.plot.Plot,973>, <org.jfree.chart.plot.Plot,978>, <org.jfree.chart.plot.Plot,986>, <org.jfree.chart.plot.Plot,987>, <org.jfree.chart.util.RectangleInsets,102>, <org.jfree.chart.util.RectangleInsets,103>, <org.jfree.chart.util.RectangleInsets,116>, <org.jfree.chart.util.RectangleInsets,117>, <org.jfree.chart.util.RectangleInsets,120>, <org.jfree.chart.util.RectangleInsets,121>, <org.jfree.chart.util.RectangleInsets,122>, <org.jfree.chart.util.RectangleInsets,123>, <org.jfree.chart.util.RectangleInsets,124>, <org.jfree.chart.util.RectangleInsets,125>, <org.jfree.chart.util.RectangleInsets,65>, <org.jfree.chart.util.UnitType,69>, <org.jfree.chart.util.UnitType,70>, <org.jfree.chart.util.UnitType,71>, <org.jfree.chart.util.UnitType,56>, <org.jfree.chart.util.UnitType,59>, <org.jfree.chart.plot.CategoryPlot,584>, <org.jfree.chart.plot.CategoryPlot,361>, <org.jfree.chart.plot.CategoryPlot,368>, <org.jfree.chart.plot.CategoryPlot,374>, <org.jfree.chart.plot.CategoryPlot,509>, <org.jfree.chart.plot.CategoryPlot,586>, <org.jfree.chart.plot.CategoryPlot,589>, <org.jfree.chart.plot.CategoryPlot,590>, <org.jfree.chart.plot.CategoryPlot,591>, <org.jfree.chart.plot.CategoryPlot,592>, <org.jfree.chart.plot.CategoryPlot,594>, <org.jfree.chart.plot.CategoryPlot,595>, <org.jfree.chart.plot.CategoryPlot,597>, <org.jfree.chart.plot.CategoryPlot,599>, <org.jfree.chart.plot.CategoryPlot,600>, <org.jfree.chart.plot.CategoryPlot,601>, <org.jfree.chart.plot.CategoryPlot,605>, <org.jfree.chart.plot.CategoryPlot,607>, <org.jfree.chart.plot.CategoryPlot,608>, <org.jfree.chart.plot.CategoryPlot,610>, <org.jfree.chart.plot.CategoryPlot,611>, <org.jfree.chart.plot.CategoryPlot,616>, <org.jfree.chart.plot.CategoryPlot,617>, <org.jfree.chart.plot.CategoryPlot,618>, <org.jfree.chart.plot.CategoryPlot,622>, <org.jfree.chart.plot.CategoryPlot,624>, <org.jfree.chart.plot.CategoryPlot,625>, <org.jfree.chart.plot.CategoryPlot,626>, <org.jfree.chart.plot.CategoryPlot,631>, <org.jfree.chart.plot.CategoryPlot,632>, <org.jfree.chart.plot.CategoryPlot,634>, <org.jfree.chart.plot.CategoryPlot,635>, <org.jfree.chart.plot.CategoryPlot,636>, <org.jfree.chart.plot.CategoryPlot,637>, <org.jfree.chart.plot.CategoryPlot,639>, <org.jfree.chart.plot.CategoryPlot,640>, <org.jfree.chart.plot.CategoryPlot,641>, <org.jfree.chart.plot.CategoryPlot,643>, <org.jfree.chart.plot.CategoryPlot,644>, <org.jfree.chart.plot.CategoryPlot,645>, <org.jfree.chart.plot.CategoryPlot,647>, <org.jfree.chart.plot.CategoryPlot,648>, <org.jfree.chart.plot.CategoryPlot,649>, <org.jfree.chart.plot.CategoryPlot,651>, <org.jfree.chart.plot.CategoryPlot,652>, <org.jfree.chart.plot.CategoryPlot,653>, <org.jfree.chart.plot.CategoryPlot,654>, <org.jfree.chart.plot.CategoryPlot,656>, <org.jfree.chart.plot.CategoryPlot,658>, <org.jfree.chart.plot.CategoryPlot,659>, <org.jfree.chart.plot.CategoryPlot,660>, <org.jfree.chart.plot.CategoryPlot,662>, <org.jfree.chart.plot.CategoryPlot,663>]
======================org.jfree.chart.renderer.category.AbstractCategoryItemRenderer,1791
========
LegendItemCollection result=new LegendItemCollection();
if(this.plot!=null){
return result;
}

========
COMMAND:cd /home/mmotwani/mywork1dir/Defects4Java7/defects4j/SIMFIX_RQ2_20_4/chart/chart_1_buggy && /usr/bin/timeout 120 /mnt/nfs/work1/brun/mmotwani/Defects4Java7/defects4j//framework/bin/defects4j compile
FAILED TEST:org.jfree.chart.renderer.category.junit.AbstractCategoryItemRendererTests::test2947660
COUNT THESE===> Subject [_name=chart, _id=1, _ssrc=/source, _tsrc=/tests, _sbin=/build, _tbin=/build-tests, _dependency=null] org.jfree.chart.renderer.category.junit.AbstractCategoryItemRendererTests test2947660
TESTING : org.jfree.chart.renderer.category.junit.AbstractCategoryItemRendererTests::test2947660
COMMAND:cd /home/mmotwani/mywork1dir/Defects4Java7/defects4j/SIMFIX_RQ2_20_4/chart/chart_1_buggy && /usr/bin/timeout 30 /mnt/nfs/work1/brun/mmotwani/Defects4Java7/defects4j//framework/bin/defects4j test -t org.jfree.chart.renderer.category.junit.AbstractCategoryItemRendererTests::test2947660
  - org.jfree.chart.renderer.category.junit.AbstractCategoryItemRendererTests::test2947660
Failing tests: 1
Running ant (run.dev.tests)................................................ OK
Running ant (compile.tests)................................................ OK
========
LegendItemCollection result=new LegendItemCollection();
if(plot==null){
return result;
}

========
COMMAND:cd /home/mmotwani/mywork1dir/Defects4Java7/defects4j/SIMFIX_RQ2_20_4/chart/chart_1_buggy && /usr/bin/timeout 120 /mnt/nfs/work1/brun/mmotwani/Defects4Java7/defects4j//framework/bin/defects4j compile
FAILED TEST:org.jfree.chart.renderer.category.junit.AbstractCategoryItemRendererTests::test2947660
COUNT THESE===> Subject [_name=chart, _id=1, _ssrc=/source, _tsrc=/tests, _sbin=/build, _tbin=/build-tests, _dependency=null] org.jfree.chart.renderer.category.junit.AbstractCategoryItemRendererTests test2947660
TESTING : org.jfree.chart.renderer.category.junit.AbstractCategoryItemRendererTests::test2947660
COMMAND:cd /home/mmotwani/mywork1dir/Defects4Java7/defects4j/SIMFIX_RQ2_20_4/chart/chart_1_buggy && /usr/bin/timeout 30 /mnt/nfs/work1/brun/mmotwani/Defects4Java7/defects4j//framework/bin/defects4j test -t org.jfree.chart.renderer.category.junit.AbstractCategoryItemRendererTests::test2947660
  - org.jfree.chart.renderer.category.junit.AbstractCategoryItemRendererTests::test2947660
Failing tests: 1
Running ant (run.dev.tests)................................................ OK
Running ant (compile.tests)................................................ OK
========
this.plot=plot;
LegendItemCollection result=new LegendItemCollection();
if(this.plot==null){
return result;
}

========
COMMAND:cd /home/mmotwani/mywork1dir/Defects4Java7/defects4j/SIMFIX_RQ2_20_4/chart/chart_1_buggy && /usr/bin/timeout 120 /mnt/nfs/work1/brun/mmotwani/Defects4Java7/defects4j//framework/bin/defects4j compile
FAILED TEST:org.jfree.chart.renderer.category.junit.AbstractCategoryItemRendererTests::test2947660
COUNT THESE===> Subject [_name=chart, _id=1, _ssrc=/source, _tsrc=/tests, _sbin=/build, _tbin=/build-tests, _dependency=null] org.jfree.chart.renderer.category.junit.AbstractCategoryItemRendererTests test2947660
TESTING : org.jfree.chart.renderer.category.junit.AbstractCategoryItemRendererTests::test2947660
COMMAND:cd /home/mmotwani/mywork1dir/Defects4Java7/defects4j/SIMFIX_RQ2_20_4/chart/chart_1_buggy && /usr/bin/timeout 30 /mnt/nfs/work1/brun/mmotwani/Defects4Java7/defects4j//framework/bin/defects4j test -t org.jfree.chart.renderer.category.junit.AbstractCategoryItemRendererTests::test2947660
  - org.jfree.chart.renderer.category.junit.AbstractCategoryItemRendererTests::test2947660
Failing tests: 1
Running ant (run.dev.tests)................................................ OK
Running ant (compile.tests)................................................ OK
========
this.plot=plot;
LegendItemCollection result=new LegendItemCollection();
if(plot==null){
return result;
}

========
COMMAND:cd /home/mmotwani/mywork1dir/Defects4Java7/defects4j/SIMFIX_RQ2_20_4/chart/chart_1_buggy && /usr/bin/timeout 120 /mnt/nfs/work1/brun/mmotwani/Defects4Java7/defects4j//framework/bin/defects4j compile
FAILED TEST:org.jfree.chart.renderer.category.junit.AbstractCategoryItemRendererTests::test2947660
COUNT THESE===> Subject [_name=chart, _id=1, _ssrc=/source, _tsrc=/tests, _sbin=/build, _tbin=/build-tests, _dependency=null] org.jfree.chart.renderer.category.junit.AbstractCategoryItemRendererTests test2947660
TESTING : org.jfree.chart.renderer.category.junit.AbstractCategoryItemRendererTests::test2947660
COMMAND:cd /home/mmotwani/mywork1dir/Defects4Java7/defects4j/SIMFIX_RQ2_20_4/chart/chart_1_buggy && /usr/bin/timeout 30 /mnt/nfs/work1/brun/mmotwani/Defects4Java7/defects4j//framework/bin/defects4j test -t org.jfree.chart.renderer.category.junit.AbstractCategoryItemRendererTests::test2947660
  - org.jfree.chart.renderer.category.junit.AbstractCategoryItemRendererTests::test2947660
Failing tests: 1
Running ant (run.dev.tests)................................................ OK
Running ant (compile.tests)................................................ OK
========
LegendItemCollection result=new LegendItemCollection();
if(this.plot==PlotOrientation.HORIZONTAL){
return result;
}

========
COMMAND:cd /home/mmotwani/mywork1dir/Defects4Java7/defects4j/SIMFIX_RQ2_20_4/chart/chart_1_buggy && /usr/bin/timeout 120 /mnt/nfs/work1/brun/mmotwani/Defects4Java7/defects4j//framework/bin/defects4j compile
========
LegendItemCollection result=new LegendItemCollection();
if(this.plot==AreaRendererEndType.LEVEL){
return result;
}

========
COMMAND:cd /home/mmotwani/mywork1dir/Defects4Java7/defects4j/SIMFIX_RQ2_20_4/chart/chart_1_buggy && /usr/bin/timeout 120 /mnt/nfs/work1/brun/mmotwani/Defects4Java7/defects4j//framework/bin/defects4j compile
org.jfree.chart.renderer.category.AbstractCategoryItemRenderer,1792
UNKNOWN ASTNode type : catch (NoSuchMethodException e) {
  result=object;
}

========
if(this.plot!=null){
return result;
}

========
COMMAND:cd /home/mmotwani/mywork1dir/Defects4Java7/defects4j/SIMFIX_RQ2_20_4/chart/chart_1_buggy && /usr/bin/timeout 120 /mnt/nfs/work1/brun/mmotwani/Defects4Java7/defects4j//framework/bin/defects4j compile
FAILED TEST:org.jfree.chart.renderer.category.junit.AbstractCategoryItemRendererTests::test2947660
COUNT THESE===> Subject [_name=chart, _id=1, _ssrc=/source, _tsrc=/tests, _sbin=/build, _tbin=/build-tests, _dependency=null] org.jfree.chart.renderer.category.junit.AbstractCategoryItemRendererTests test2947660
TESTING : org.jfree.chart.renderer.category.junit.AbstractCategoryItemRendererTests::test2947660
COMMAND:cd /home/mmotwani/mywork1dir/Defects4Java7/defects4j/SIMFIX_RQ2_20_4/chart/chart_1_buggy && /usr/bin/timeout 30 /mnt/nfs/work1/brun/mmotwani/Defects4Java7/defects4j//framework/bin/defects4j test -t org.jfree.chart.renderer.category.junit.AbstractCategoryItemRendererTests::test2947660
  - org.jfree.chart.renderer.category.junit.AbstractCategoryItemRendererTests::test2947660
Failing tests: 1
Running ant (run.dev.tests)................................................ OK
Running ant (compile.tests)................................................ OK
========
if(plot==null){
return result;
}

========
COMMAND:cd /home/mmotwani/mywork1dir/Defects4Java7/defects4j/SIMFIX_RQ2_20_4/chart/chart_1_buggy && /usr/bin/timeout 120 /mnt/nfs/work1/brun/mmotwani/Defects4Java7/defects4j//framework/bin/defects4j compile
FAILED TEST:org.jfree.chart.renderer.category.junit.AbstractCategoryItemRendererTests::test2947660
COUNT THESE===> Subject [_name=chart, _id=1, _ssrc=/source, _tsrc=/tests, _sbin=/build, _tbin=/build-tests, _dependency=null] org.jfree.chart.renderer.category.junit.AbstractCategoryItemRendererTests test2947660
TESTING : org.jfree.chart.renderer.category.junit.AbstractCategoryItemRendererTests::test2947660
COMMAND:cd /home/mmotwani/mywork1dir/Defects4Java7/defects4j/SIMFIX_RQ2_20_4/chart/chart_1_buggy && /usr/bin/timeout 30 /mnt/nfs/work1/brun/mmotwani/Defects4Java7/defects4j//framework/bin/defects4j test -t org.jfree.chart.renderer.category.junit.AbstractCategoryItemRendererTests::test2947660
  - org.jfree.chart.renderer.category.junit.AbstractCategoryItemRendererTests::test2947660
Failing tests: 1
Running ant (run.dev.tests)................................................ OK
Running ant (compile.tests)................................................ OK
========
this.plot=plot;
if(this.plot==null){
return result;
}

========
COMMAND:cd /home/mmotwani/mywork1dir/Defects4Java7/defects4j/SIMFIX_RQ2_20_4/chart/chart_1_buggy && /usr/bin/timeout 120 /mnt/nfs/work1/brun/mmotwani/Defects4Java7/defects4j//framework/bin/defects4j compile
FAILED TEST:org.jfree.chart.renderer.category.junit.AbstractCategoryItemRendererTests::test2947660
COUNT THESE===> Subject [_name=chart, _id=1, _ssrc=/source, _tsrc=/tests, _sbin=/build, _tbin=/build-tests, _dependency=null] org.jfree.chart.renderer.category.junit.AbstractCategoryItemRendererTests test2947660
TESTING : org.jfree.chart.renderer.category.junit.AbstractCategoryItemRendererTests::test2947660
COMMAND:cd /home/mmotwani/mywork1dir/Defects4Java7/defects4j/SIMFIX_RQ2_20_4/chart/chart_1_buggy && /usr/bin/timeout 30 /mnt/nfs/work1/brun/mmotwani/Defects4Java7/defects4j//framework/bin/defects4j test -t org.jfree.chart.renderer.category.junit.AbstractCategoryItemRendererTests::test2947660
  - org.jfree.chart.renderer.category.junit.AbstractCategoryItemRendererTests::test2947660
Failing tests: 1
Running ant (run.dev.tests)................................................ OK
Running ant (compile.tests)................................................ OK
========
this.plot=plot;
if(plot==null){
return result;
}

========
COMMAND:cd /home/mmotwani/mywork1dir/Defects4Java7/defects4j/SIMFIX_RQ2_20_4/chart/chart_1_buggy && /usr/bin/timeout 120 /mnt/nfs/work1/brun/mmotwani/Defects4Java7/defects4j//framework/bin/defects4j compile
FAILED TEST:org.jfree.chart.renderer.category.junit.AbstractCategoryItemRendererTests::test2947660
COUNT THESE===> Subject [_name=chart, _id=1, _ssrc=/source, _tsrc=/tests, _sbin=/build, _tbin=/build-tests, _dependency=null] org.jfree.chart.renderer.category.junit.AbstractCategoryItemRendererTests test2947660
TESTING : org.jfree.chart.renderer.category.junit.AbstractCategoryItemRendererTests::test2947660
COMMAND:cd /home/mmotwani/mywork1dir/Defects4Java7/defects4j/SIMFIX_RQ2_20_4/chart/chart_1_buggy && /usr/bin/timeout 30 /mnt/nfs/work1/brun/mmotwani/Defects4Java7/defects4j//framework/bin/defects4j test -t org.jfree.chart.renderer.category.junit.AbstractCategoryItemRendererTests::test2947660
  - org.jfree.chart.renderer.category.junit.AbstractCategoryItemRendererTests::test2947660
Failing tests: 1
Running ant (run.dev.tests)................................................ OK
Running ant (compile.tests)................................................ OK
========
if(this.plot==AreaRendererEndType.LEVEL){
return result;
}

========
COMMAND:cd /home/mmotwani/mywork1dir/Defects4Java7/defects4j/SIMFIX_RQ2_20_4/chart/chart_1_buggy && /usr/bin/timeout 120 /mnt/nfs/work1/brun/mmotwani/Defects4Java7/defects4j//framework/bin/defects4j compile
========
if(this.plot==PlotOrientation.HORIZONTAL){
return result;
}

========
COMMAND:cd /home/mmotwani/mywork1dir/Defects4Java7/defects4j/SIMFIX_RQ2_20_4/chart/chart_1_buggy && /usr/bin/timeout 120 /mnt/nfs/work1/brun/mmotwani/Defects4Java7/defects4j//framework/bin/defects4j compile
org.jfree.chart.renderer.category.AbstractCategoryItemRenderer,1793
org.jfree.chart.renderer.category.AbstractCategoryItemRenderer,1795
========
if(this.plot.getDataset(index)!=null){
return result;
}
if(this.plot==null){
return result;
}
int index=this.plot.getIndexOf(this);
CategoryDataset dataset=this.plot.getDataset(index);

========
COMMAND:cd /home/mmotwani/mywork1dir/Defects4Java7/defects4j/SIMFIX_RQ2_20_4/chart/chart_1_buggy && /usr/bin/timeout 120 /mnt/nfs/work1/brun/mmotwani/Defects4Java7/defects4j//framework/bin/defects4j compile
========
if(columnCount<0){
return ;
}
if(this.plot==null){
return result;
}
int index=this.plot.getIndexOf(this);
CategoryDataset dataset=this.plot.getDataset(index);

========
COMMAND:cd /home/mmotwani/mywork1dir/Defects4Java7/defects4j/SIMFIX_RQ2_20_4/chart/chart_1_buggy && /usr/bin/timeout 120 /mnt/nfs/work1/brun/mmotwani/Defects4Java7/defects4j//framework/bin/defects4j compile
========
if(plot.getDataset()!=null){
index=dataset.getColumnCount();
}
if(this.plot==null){
return result;
}
int index=this.plot.getIndexOf(this);
CategoryDataset dataset=this.plot.getDataset(index);

========
COMMAND:cd /home/mmotwani/mywork1dir/Defects4Java7/defects4j/SIMFIX_RQ2_20_4/chart/chart_1_buggy && /usr/bin/timeout 120 /mnt/nfs/work1/brun/mmotwani/Defects4Java7/defects4j//framework/bin/defects4j compile
========
if(dataset==null){
return null;
}
if(this.plot==null){
return result;
}
int index=this.plot.getIndexOf(this);
CategoryDataset dataset=this.plot.getDataset(index);

========
COMMAND:cd /home/mmotwani/mywork1dir/Defects4Java7/defects4j/SIMFIX_RQ2_20_4/chart/chart_1_buggy && /usr/bin/timeout 120 /mnt/nfs/work1/brun/mmotwani/Defects4Java7/defects4j//framework/bin/defects4j compile
========
if(plot==null){
return result;
}
int index=this.plot.getIndexOf(this);
CategoryDataset dataset=this.plot.getDataset(index);

========
COMMAND:cd /home/mmotwani/mywork1dir/Defects4Java7/defects4j/SIMFIX_RQ2_20_4/chart/chart_1_buggy && /usr/bin/timeout 120 /mnt/nfs/work1/brun/mmotwani/Defects4Java7/defects4j//framework/bin/defects4j compile
FAILED TEST:org.jfree.chart.renderer.category.junit.AbstractCategoryItemRendererTests::test2947660
COUNT THESE===> Subject [_name=chart, _id=1, _ssrc=/source, _tsrc=/tests, _sbin=/build, _tbin=/build-tests, _dependency=null] org.jfree.chart.renderer.category.junit.AbstractCategoryItemRendererTests test2947660
TESTING : org.jfree.chart.renderer.category.junit.AbstractCategoryItemRendererTests::test2947660
COMMAND:cd /home/mmotwani/mywork1dir/Defects4Java7/defects4j/SIMFIX_RQ2_20_4/chart/chart_1_buggy && /usr/bin/timeout 30 /mnt/nfs/work1/brun/mmotwani/Defects4Java7/defects4j//framework/bin/defects4j test -t org.jfree.chart.renderer.category.junit.AbstractCategoryItemRendererTests::test2947660
  - org.jfree.chart.renderer.category.junit.AbstractCategoryItemRendererTests::test2947660
Failing tests: 1
Running ant (run.dev.tests)................................................ OK
Running ant (compile.tests)................................................ OK
========
this.plot=plot;
if(this.plot==null){
return result;
}
int index=this.plot.getIndexOf(this);
CategoryDataset dataset=this.plot.getDataset(index);

========
COMMAND:cd /home/mmotwani/mywork1dir/Defects4Java7/defects4j/SIMFIX_RQ2_20_4/chart/chart_1_buggy && /usr/bin/timeout 120 /mnt/nfs/work1/brun/mmotwani/Defects4Java7/defects4j//framework/bin/defects4j compile
FAILED TEST:org.jfree.chart.renderer.category.junit.AbstractCategoryItemRendererTests::test2947660
COUNT THESE===> Subject [_name=chart, _id=1, _ssrc=/source, _tsrc=/tests, _sbin=/build, _tbin=/build-tests, _dependency=null] org.jfree.chart.renderer.category.junit.AbstractCategoryItemRendererTests test2947660
TESTING : org.jfree.chart.renderer.category.junit.AbstractCategoryItemRendererTests::test2947660
COMMAND:cd /home/mmotwani/mywork1dir/Defects4Java7/defects4j/SIMFIX_RQ2_20_4/chart/chart_1_buggy && /usr/bin/timeout 30 /mnt/nfs/work1/brun/mmotwani/Defects4Java7/defects4j//framework/bin/defects4j test -t org.jfree.chart.renderer.category.junit.AbstractCategoryItemRendererTests::test2947660
  - org.jfree.chart.renderer.category.junit.AbstractCategoryItemRendererTests::test2947660
Failing tests: 1
Running ant (run.dev.tests)................................................ OK
Running ant (compile.tests)................................................ OK
========
this.plot=plot;
if(plot==null){
return result;
}
int index=this.plot.getIndexOf(this);
CategoryDataset dataset=this.plot.getDataset(index);

========
COMMAND:cd /home/mmotwani/mywork1dir/Defects4Java7/defects4j/SIMFIX_RQ2_20_4/chart/chart_1_buggy && /usr/bin/timeout 120 /mnt/nfs/work1/brun/mmotwani/Defects4Java7/defects4j//framework/bin/defects4j compile
FAILED TEST:org.jfree.chart.renderer.category.junit.AbstractCategoryItemRendererTests::test2947660
COUNT THESE===> Subject [_name=chart, _id=1, _ssrc=/source, _tsrc=/tests, _sbin=/build, _tbin=/build-tests, _dependency=null] org.jfree.chart.renderer.category.junit.AbstractCategoryItemRendererTests test2947660
TESTING : org.jfree.chart.renderer.category.junit.AbstractCategoryItemRendererTests::test2947660
COMMAND:cd /home/mmotwani/mywork1dir/Defects4Java7/defects4j/SIMFIX_RQ2_20_4/chart/chart_1_buggy && /usr/bin/timeout 30 /mnt/nfs/work1/brun/mmotwani/Defects4Java7/defects4j//framework/bin/defects4j test -t org.jfree.chart.renderer.category.junit.AbstractCategoryItemRendererTests::test2947660
  - org.jfree.chart.renderer.category.junit.AbstractCategoryItemRendererTests::test2947660
Failing tests: 1
Running ant (run.dev.tests)................................................ OK
Running ant (compile.tests)................................................ OK
========
if(this.plot==null){
return result;
}
if(columnCount<0){
return ;
}
int index=this.plot.getIndexOf(this);
CategoryDataset dataset=this.plot.getDataset(index);

========
COMMAND:cd /home/mmotwani/mywork1dir/Defects4Java7/defects4j/SIMFIX_RQ2_20_4/chart/chart_1_buggy && /usr/bin/timeout 120 /mnt/nfs/work1/brun/mmotwani/Defects4Java7/defects4j//framework/bin/defects4j compile
========
if(dataset==null){
return ;
}
if(this.plot==null){
return result;
}
int index=this.plot.getIndexOf(this);
CategoryDataset dataset=this.plot.getDataset(index);

========
COMMAND:cd /home/mmotwani/mywork1dir/Defects4Java7/defects4j/SIMFIX_RQ2_20_4/chart/chart_1_buggy && /usr/bin/timeout 120 /mnt/nfs/work1/brun/mmotwani/Defects4Java7/defects4j//framework/bin/defects4j compile
========
if(this.plot!=null){
return result;
}
int index=this.plot.getIndexOf(this);
CategoryDataset dataset=this.plot.getDataset(index);

========
COMMAND:cd /home/mmotwani/mywork1dir/Defects4Java7/defects4j/SIMFIX_RQ2_20_4/chart/chart_1_buggy && /usr/bin/timeout 120 /mnt/nfs/work1/brun/mmotwani/Defects4Java7/defects4j//framework/bin/defects4j compile
FAILED TEST:org.jfree.chart.renderer.category.junit.AbstractCategoryItemRendererTests::test2947660
COUNT THESE===> Subject [_name=chart, _id=1, _ssrc=/source, _tsrc=/tests, _sbin=/build, _tbin=/build-tests, _dependency=null] org.jfree.chart.renderer.category.junit.AbstractCategoryItemRendererTests test2947660
TESTING : org.jfree.chart.renderer.category.junit.AbstractCategoryItemRendererTests::test2947660
COMMAND:cd /home/mmotwani/mywork1dir/Defects4Java7/defects4j/SIMFIX_RQ2_20_4/chart/chart_1_buggy && /usr/bin/timeout 30 /mnt/nfs/work1/brun/mmotwani/Defects4Java7/defects4j//framework/bin/defects4j test -t org.jfree.chart.renderer.category.junit.AbstractCategoryItemRendererTests::test2947660
  - org.jfree.chart.renderer.category.junit.AbstractCategoryItemRendererTests::test2947660
Failing tests: 1
Running ant (run.dev.tests)................................................ OK
Running ant (compile.tests)................................................ OK
========
setPlot(plot);
if(this.plot==null){
return result;
}
int index=this.plot.getIndexOf(this);
CategoryDataset dataset=this.plot.getDataset(index);

========
COMMAND:cd /home/mmotwani/mywork1dir/Defects4Java7/defects4j/SIMFIX_RQ2_20_4/chart/chart_1_buggy && /usr/bin/timeout 120 /mnt/nfs/work1/brun/mmotwani/Defects4Java7/defects4j//framework/bin/defects4j compile
FAILED TEST:org.jfree.chart.renderer.category.junit.AbstractCategoryItemRendererTests::test2947660
COUNT THESE===> Subject [_name=chart, _id=1, _ssrc=/source, _tsrc=/tests, _sbin=/build, _tbin=/build-tests, _dependency=null] org.jfree.chart.renderer.category.junit.AbstractCategoryItemRendererTests test2947660
TESTING : org.jfree.chart.renderer.category.junit.AbstractCategoryItemRendererTests::test2947660
COMMAND:cd /home/mmotwani/mywork1dir/Defects4Java7/defects4j/SIMFIX_RQ2_20_4/chart/chart_1_buggy && /usr/bin/timeout 30 /mnt/nfs/work1/brun/mmotwani/Defects4Java7/defects4j//framework/bin/defects4j test -t org.jfree.chart.renderer.category.junit.AbstractCategoryItemRendererTests::test2947660
  - org.jfree.chart.renderer.category.junit.AbstractCategoryItemRendererTests::test2947660
Failing tests: 1
Running ant (run.dev.tests)................................................ OK
Running ant (compile.tests)................................................ OK
========
setPlot(plot);
if(this.plot!=null){
return result;
}
int index=this.plot.getIndexOf(this);
CategoryDataset dataset=this.plot.getDataset(index);

========
COMMAND:cd /home/mmotwani/mywork1dir/Defects4Java7/defects4j/SIMFIX_RQ2_20_4/chart/chart_1_buggy && /usr/bin/timeout 120 /mnt/nfs/work1/brun/mmotwani/Defects4Java7/defects4j//framework/bin/defects4j compile
FAILED TEST:org.jfree.chart.renderer.category.junit.AbstractCategoryItemRendererTests::test2947660
COUNT THESE===> Subject [_name=chart, _id=1, _ssrc=/source, _tsrc=/tests, _sbin=/build, _tbin=/build-tests, _dependency=null] org.jfree.chart.renderer.category.junit.AbstractCategoryItemRendererTests test2947660
TESTING : org.jfree.chart.renderer.category.junit.AbstractCategoryItemRendererTests::test2947660
COMMAND:cd /home/mmotwani/mywork1dir/Defects4Java7/defects4j/SIMFIX_RQ2_20_4/chart/chart_1_buggy && /usr/bin/timeout 30 /mnt/nfs/work1/brun/mmotwani/Defects4Java7/defects4j//framework/bin/defects4j test -t org.jfree.chart.renderer.category.junit.AbstractCategoryItemRendererTests::test2947660
  - org.jfree.chart.renderer.category.junit.AbstractCategoryItemRendererTests::test2947660
Failing tests: 1
Running ant (run.dev.tests)................................................ OK
Running ant (compile.tests)................................................ OK
========
if(this.plot==null){
return result;
}
int index=this.plot.getIndexOf(this);
if(!isSeriesVisible(columnCount)||!isSeriesVisibleInLegend(series)){
return null;
}
CategoryDataset dataset=this.plot.getDataset(index);

========
COMMAND:cd /home/mmotwani/mywork1dir/Defects4Java7/defects4j/SIMFIX_RQ2_20_4/chart/chart_1_buggy && /usr/bin/timeout 120 /mnt/nfs/work1/brun/mmotwani/Defects4Java7/defects4j//framework/bin/defects4j compile
========
if(plot==null){
return result;
}
int index=this.plot.getIndexOf(this);
if(!isSeriesVisible(columnCount)||!isSeriesVisibleInLegend(series)){
return null;
}
CategoryDataset dataset=this.plot.getDataset(index);

========
COMMAND:cd /home/mmotwani/mywork1dir/Defects4Java7/defects4j/SIMFIX_RQ2_20_4/chart/chart_1_buggy && /usr/bin/timeout 120 /mnt/nfs/work1/brun/mmotwani/Defects4Java7/defects4j//framework/bin/defects4j compile
========
if(index>=0){
return (TimeSeriesDataItem)this.foregroundAnnotations.get(index);
}else {
return null;
}
if(this.plot==null){
return result;
}
int index=this.plot.getIndexOf(this);
CategoryDataset dataset=this.plot.getDataset(index);

========
COMMAND:cd /home/mmotwani/mywork1dir/Defects4Java7/defects4j/SIMFIX_RQ2_20_4/chart/chart_1_buggy && /usr/bin/timeout 120 /mnt/nfs/work1/brun/mmotwani/Defects4Java7/defects4j//framework/bin/defects4j compile
========
if(index>=0){
return getDataItem(index);
}else {
return null;
}
if(this.plot==null){
return result;
}
int index=this.plot.getIndexOf(this);
CategoryDataset dataset=this.plot.getDataset(index);

========
COMMAND:cd /home/mmotwani/mywork1dir/Defects4Java7/defects4j/SIMFIX_RQ2_20_4/chart/chart_1_buggy && /usr/bin/timeout 120 /mnt/nfs/work1/brun/mmotwani/Defects4Java7/defects4j//framework/bin/defects4j compile
========
if(index>=0){
return getValue(index);
}else {
return null;
}
if(this.plot==null){
return result;
}
int index=this.plot.getIndexOf(this);
CategoryDataset dataset=this.plot.getDataset(index);

========
COMMAND:cd /home/mmotwani/mywork1dir/Defects4Java7/defects4j/SIMFIX_RQ2_20_4/chart/chart_1_buggy && /usr/bin/timeout 120 /mnt/nfs/work1/brun/mmotwani/Defects4Java7/defects4j//framework/bin/defects4j compile
========
removeValue(index);
if(this.plot==null){
return result;
}
int index=this.plot.getIndexOf(this);
CategoryDataset dataset=this.plot.getDataset(index);

========
COMMAND:cd /home/mmotwani/mywork1dir/Defects4Java7/defects4j/SIMFIX_RQ2_20_4/chart/chart_1_buggy && /usr/bin/timeout 120 /mnt/nfs/work1/brun/mmotwani/Defects4Java7/defects4j//framework/bin/defects4j compile
========
removeRow(index);
if(this.plot==null){
return result;
}
int index=this.plot.getIndexOf(this);
CategoryDataset dataset=this.plot.getDataset(index);

========
COMMAND:cd /home/mmotwani/mywork1dir/Defects4Java7/defects4j/SIMFIX_RQ2_20_4/chart/chart_1_buggy && /usr/bin/timeout 120 /mnt/nfs/work1/brun/mmotwani/Defects4Java7/defects4j//framework/bin/defects4j compile
========
if(index>=0){
return (KeyedObjects)this.foregroundAnnotations.get(rowCount).getObject(index);
}else {
return null;
}
if(this.plot==null){
return result;
}
int index=this.plot.getIndexOf(this);
CategoryDataset dataset=this.plot.getDataset(index);

========
COMMAND:cd /home/mmotwani/mywork1dir/Defects4Java7/defects4j/SIMFIX_RQ2_20_4/chart/chart_1_buggy && /usr/bin/timeout 120 /mnt/nfs/work1/brun/mmotwani/Defects4Java7/defects4j//framework/bin/defects4j compile
========
if(this.plot==PlotOrientation.HORIZONTAL){
return result;
}
int index=this.plot.getIndexOf(this);
CategoryDataset dataset=this.plot.getDataset(index);

========
COMMAND:cd /home/mmotwani/mywork1dir/Defects4Java7/defects4j/SIMFIX_RQ2_20_4/chart/chart_1_buggy && /usr/bin/timeout 120 /mnt/nfs/work1/brun/mmotwani/Defects4Java7/defects4j//framework/bin/defects4j compile
========
if(index>=0){
result=getSeries(index);
}
if(this.plot==null){
return result;
}
int index=this.plot.getIndexOf(this);
CategoryDataset dataset=this.plot.getDataset(index);

========
COMMAND:cd /home/mmotwani/mywork1dir/Defects4Java7/defects4j/SIMFIX_RQ2_20_4/chart/chart_1_buggy && /usr/bin/timeout 120 /mnt/nfs/work1/brun/mmotwani/Defects4Java7/defects4j//framework/bin/defects4j compile
========
if(index>=0){
TimeSeriesDataItem (TimeSeriesDataItem)this.foregroundAnnotations.remove(index)=(TimeSeriesDataItem)this.foregroundAnnotations.remove(index);
updateBoundsForRemovedItem(item);
if(this.data.isEmpty()){
this.dataset=null;
}
fireSeriesChanged();
}
if(this.plot==null){
return result;
}
int index=this.plot.getIndexOf(this);
CategoryDataset dataset=this.plot.getDataset(index);

========
COMMAND:cd /home/mmotwani/mywork1dir/Defects4Java7/defects4j/SIMFIX_RQ2_20_4/chart/chart_1_buggy && /usr/bin/timeout 120 /mnt/nfs/work1/brun/mmotwani/Defects4Java7/defects4j//framework/bin/defects4j compile
========
if(getRenderer(index)!=null){
existing.removeChangeListener(this);
}
if(this.plot==null){
return result;
}
int index=this.plot.getIndexOf(this);
CategoryDataset dataset=this.plot.getDataset(index);

========
COMMAND:cd /home/mmotwani/mywork1dir/Defects4Java7/defects4j/SIMFIX_RQ2_20_4/chart/chart_1_buggy && /usr/bin/timeout 120 /mnt/nfs/work1/brun/mmotwani/Defects4Java7/defects4j//framework/bin/defects4j compile
========
if((CategoryItemRenderer)this.toolTipGeneratorList.get(index)!=null){
existing.removeChangeListener(this);
}
if(this.plot==null){
return result;
}
int index=this.plot.getIndexOf(this);
CategoryDataset dataset=this.plot.getDataset(index);

========
COMMAND:cd /home/mmotwani/mywork1dir/Defects4Java7/defects4j/SIMFIX_RQ2_20_4/chart/chart_1_buggy && /usr/bin/timeout 120 /mnt/nfs/work1/brun/mmotwani/Defects4Java7/defects4j//framework/bin/defects4j compile
========
fireDatasetChanged(new PieDatasetChangeInfo(PieDatasetChangeType.ADD,index,index));
if(this.plot==null){
return result;
}
int index=this.plot.getIndexOf(this);
CategoryDataset dataset=this.plot.getDataset(index);

========
COMMAND:cd /home/mmotwani/mywork1dir/Defects4Java7/defects4j/SIMFIX_RQ2_20_4/chart/chart_1_buggy && /usr/bin/timeout 120 /mnt/nfs/work1/brun/mmotwani/Defects4Java7/defects4j//framework/bin/defects4j compile
========
if(this.plot==null){
return result;
}
double index=this.plot.getIndexOf(this);
CategoryDataset dataset=this.plot.getDataset(index);

========
COMMAND:cd /home/mmotwani/mywork1dir/Defects4Java7/defects4j/SIMFIX_RQ2_20_4/chart/chart_1_buggy && /usr/bin/timeout 120 /mnt/nfs/work1/brun/mmotwani/Defects4Java7/defects4j//framework/bin/defects4j compile
========
if(rowCount==0||index==0){
return true;
}
if(this.plot==null){
return result;
}
int index=this.plot.getIndexOf(this);
CategoryDataset dataset=this.plot.getDataset(index);

========
COMMAND:cd /home/mmotwani/mywork1dir/Defects4Java7/defects4j/SIMFIX_RQ2_20_4/chart/chart_1_buggy && /usr/bin/timeout 120 /mnt/nfs/work1/brun/mmotwani/Defects4Java7/defects4j//framework/bin/defects4j compile
org.jfree.chart.renderer.category.AbstractCategoryItemRenderer,1796
========
if(this.plot==null){
return result;
}
int index=this.plot.getIndexOf(this);
CategoryDataset dataset=this.plot.getDataset(index);
if(dataset!=null){
return result;
}

========
COMMAND:cd /home/mmotwani/mywork1dir/Defects4Java7/defects4j/SIMFIX_RQ2_20_4/chart/chart_1_buggy && /usr/bin/timeout 120 /mnt/nfs/work1/brun/mmotwani/Defects4Java7/defects4j//framework/bin/defects4j compile
FAILED TEST:org.jfree.chart.renderer.category.junit.AbstractCategoryItemRendererTests::test2947660
COUNT THESE===> Subject [_name=chart, _id=1, _ssrc=/source, _tsrc=/tests, _sbin=/build, _tbin=/build-tests, _dependency=null] org.jfree.chart.renderer.category.junit.AbstractCategoryItemRendererTests test2947660
TESTING : org.jfree.chart.renderer.category.junit.AbstractCategoryItemRendererTests::test2947660
COMMAND:cd /home/mmotwani/mywork1dir/Defects4Java7/defects4j/SIMFIX_RQ2_20_4/chart/chart_1_buggy && /usr/bin/timeout 30 /mnt/nfs/work1/brun/mmotwani/Defects4Java7/defects4j//framework/bin/defects4j test -t org.jfree.chart.renderer.category.junit.AbstractCategoryItemRendererTests::test2947660
  - org.jfree.chart.renderer.category.junit.AbstractCategoryItemRendererTests::test2947660
Failing tests: 1
Running ant (run.dev.tests)................................................ OK
Running ant (compile.tests)................................................ OK
========
int index=this.plot.getIndexOf(this);
CategoryDataset dataset=this.plot.getDataset(index);
if(dataset==null){
return result;
}

========
COMMAND:cd /home/mmotwani/mywork1dir/Defects4Java7/defects4j/SIMFIX_RQ2_20_4/chart/chart_1_buggy && /usr/bin/timeout 120 /mnt/nfs/work1/brun/mmotwani/Defects4Java7/defects4j//framework/bin/defects4j compile
FAILED TEST:org.jfree.chart.renderer.category.junit.AbstractCategoryItemRendererTests::test2947660
COUNT THESE===> Subject [_name=chart, _id=1, _ssrc=/source, _tsrc=/tests, _sbin=/build, _tbin=/build-tests, _dependency=null] org.jfree.chart.renderer.category.junit.AbstractCategoryItemRendererTests test2947660
TESTING : org.jfree.chart.renderer.category.junit.AbstractCategoryItemRendererTests::test2947660
COMMAND:cd /home/mmotwani/mywork1dir/Defects4Java7/defects4j/SIMFIX_RQ2_20_4/chart/chart_1_buggy && /usr/bin/timeout 30 /mnt/nfs/work1/brun/mmotwani/Defects4Java7/defects4j//framework/bin/defects4j test -t org.jfree.chart.renderer.category.junit.AbstractCategoryItemRendererTests::test2947660
Failing tests: 0
TESTING : chart_1
COMMAND:cd /home/mmotwani/mywork1dir/Defects4Java7/defects4j/SIMFIX_RQ2_20_4/chart/chart_1_buggy && /usr/bin/timeout 600 /mnt/nfs/work1/brun/mmotwani/Defects4Java7/defects4j//framework/bin/defects4j test
Failing tests: 0
Successfully repair!
