java version "1.7.0_231"
OpenJDK Runtime Environment (rhel-2.6.19.1.el7_6-x86_64 u231-b01)
OpenJDK 64-Bit Server VM (build 24.231-b01, mixed mode)
Check out ee834409 to /mnt/nfs/work1/brun/mmotwani/Defects4Java7/defects4j/ OK
Init local repository...................................................... OK
Tag post-fix revision...................................................... OK
Run post-checkout hook..................................................... OK
Initialize fixed program version........................................... OK
Apply patch................................................................ OK
Initialize buggy program version........................................... OK
Diff ee834409:760bded3..................................................... OK
Apply patch................................................................ OK
Tag pre-fix revision....................................................... OK
Check out program version: Closure-73b..................................... OK
Running ant (compile)...................................................... OK
Running ant (compile.tests)................................................ OK
Running ant (compile.tests)................................................ OK
Running ant (run.dev.tests)................................................ OK
Failing tests: 1
  - com.google.javascript.jscomp.CodePrinterTest::testUnicode
/home/mmotwani/mywork1dir/Defects4Java7/defects4j/SIMFIX_RQ2_60_1
PURIFY IS FALSE
=================================================
Project : closure_73	start : 19/11/01 11:26

Field type inconsistancy 'THIS' with types : Token and int
Variable type inconsistancy of 'name' in method 'visit,NodeTraversal,Node,Node' with types : String and Name
Field type inconsistancy 'errors' with types : JSError[] and List<JSError>
Field type inconsistancy 'type' with types : JSType and Type
readFailedTest: path is /mnt/nfs/work1/brun/mmotwani/SimFix/d4j-info/failed_tests/closure/73.txt#ATTEMPTS: 1

# FAILING TESTS: 1
TIMEOUT : 18000000
===========
locations= [<com.google.javascript.jscomp.CodeGenerator,1051>, <com.google.javascript.jscomp.CodeGenerator,1160>, <com.google.javascript.jscomp.CodeGenerator,1164>, <com.google.javascript.jscomp.CodeGenerator,1165>, <com.google.javascript.jscomp.CodeGenerator,1177>, <com.google.javascript.jscomp.CodeGenerator,1187>, <com.google.javascript.jscomp.CodeGenerator,1192>, <com.google.javascript.jscomp.Compiler,1243>, <com.google.javascript.jscomp.Compiler,1244>, <com.google.javascript.jscomp.Compiler,1246>, <com.google.javascript.jscomp.Compiler,1247>, <com.google.javascript.jscomp.Compiler,1249>, <com.google.javascript.jscomp.Compiler,1250>, <com.google.javascript.jscomp.Compiler,244>, <com.google.javascript.jscomp.Compiler,274>, <com.google.javascript.jscomp.ComposeWarningsGuard,105>, <com.google.javascript.jscomp.ComposeWarningsGuard,106>, <com.google.javascript.jscomp.ComposeWarningsGuard,108>, <com.google.javascript.jscomp.ComposeWarningsGuard,109>, <com.google.javascript.jscomp.ComposeWarningsGuard,111>, <com.google.javascript.jscomp.ComposeWarningsGuard,114>, <com.google.javascript.jscomp.ComposeWarningsGuard,116>, <com.google.javascript.jscomp.CodeGenerator,628>, <com.google.javascript.jscomp.CodeGenerator,634>, <com.google.javascript.jscomp.CodeGenerator,635>, <com.google.javascript.jscomp.CodeGenerator,940>, <com.google.javascript.jscomp.CodeGenerator,943>, <com.google.javascript.jscomp.CodeGenerator,944>, <com.google.javascript.jscomp.CodeGenerator,952>, <com.google.javascript.jscomp.CodeGenerator,959>, <com.google.javascript.jscomp.CodeGenerator,960>, <com.google.javascript.jscomp.CodeGenerator,961>, <com.google.javascript.jscomp.CodeGenerator,964>, <com.google.javascript.jscomp.Compiler,238>, <com.google.javascript.jscomp.Compiler,240>, <com.google.javascript.jscomp.CompilerOptions,933>, <com.google.javascript.jscomp.DiagnosticGroup,116>, <com.google.javascript.jscomp.DiagnosticGroup,117>, <com.google.javascript.jscomp.DiagnosticGroup,118>, <com.google.javascript.jscomp.CodeGenerator,993>, <com.google.javascript.jscomp.CodeGenerator,994>, <com.google.javascript.jscomp.CodeGenerator,995>, <com.google.javascript.jscomp.CodeGenerator,996>, <com.google.javascript.jscomp.CodeGenerator,997>, <com.google.javascript.jscomp.CodeGenerator,1034>, <com.google.javascript.jscomp.CodeGenerator,1045>, <com.google.javascript.jscomp.CodeGenerator,1046>, <com.google.javascript.jscomp.CodeGenerator,1056>, <com.google.javascript.jscomp.CodeGenerator,1057>, <com.google.javascript.jscomp.DiagnosticGroup,59>, <com.google.javascript.jscomp.DiagnosticGroup,60>, <com.google.javascript.jscomp.DiagnosticGroup,61>, <com.google.javascript.jscomp.DiagnosticGroup,62>, <com.google.javascript.jscomp.DiagnosticGroup,70>, <com.google.javascript.jscomp.DiagnosticGroup,71>, <com.google.javascript.jscomp.DiagnosticGroup,73>, <com.google.javascript.jscomp.DiagnosticGroupWarningsGuard,43>, <com.google.javascript.jscomp.DiagnosticGroupWarningsGuard,56>, <com.google.javascript.jscomp.parsing.TypeSafeDispatcher,257>, <com.google.javascript.jscomp.parsing.IRFactory,839>, <com.google.javascript.jscomp.parsing.IRFactory,840>, <com.google.javascript.rhino.Node,519>, <com.google.javascript.jscomp.parsing.IRFactory,1249>, <com.google.javascript.jscomp.CodeGenerator,191>, <com.google.javascript.jscomp.CodeGenerator,192>, <com.google.javascript.jscomp.CodeGenerator,193>, <com.google.javascript.jscomp.CodeGenerator,194>, <com.google.javascript.jscomp.CodeGenerator,199>, <com.google.javascript.jscomp.CodeGenerator,202>, <com.google.javascript.jscomp.parsing.IRFactory,970>, <com.google.javascript.jscomp.parsing.IRFactory,971>, <com.google.javascript.jscomp.CodeGenerator,381>, <com.google.javascript.jscomp.CodeGenerator,176>, <com.google.javascript.jscomp.CodeGenerator,177>, <com.google.javascript.jscomp.CodeGenerator,178>, <com.google.javascript.jscomp.CodeConsumer,229>, <com.google.javascript.jscomp.CodeConsumer,200>, <com.google.javascript.jscomp.CodeConsumer,201>, <com.google.javascript.jscomp.CodeConsumer,204>, <com.google.javascript.jscomp.CodeConsumer,206>, <com.google.javascript.jscomp.CodeConsumer,207>, <com.google.javascript.jscomp.CodeConsumer,209>, <com.google.javascript.jscomp.CodeConsumer,213>, <com.google.javascript.jscomp.CodeConsumer,217>, <com.google.javascript.jscomp.CodeConsumer,223>, <com.google.javascript.jscomp.CodeConsumer,228>, <com.google.javascript.jscomp.CodeConsumer,231>, <com.google.javascript.jscomp.CodeGenerator,1139>, <com.google.javascript.jscomp.parsing.TypeSafeDispatcher,266>, <com.google.javascript.jscomp.parsing.TypeSafeDispatcher,267>, <com.google.javascript.jscomp.parsing.TypeSafeDispatcher,268>, <com.google.javascript.jscomp.parsing.TypeSafeDispatcher,269>, <com.google.javascript.jscomp.parsing.IRFactory,954>, <com.google.javascript.jscomp.parsing.IRFactory,959>, <com.google.javascript.jscomp.parsing.IRFactory,960>, <com.google.javascript.jscomp.parsing.IRFactory,961>, <com.google.javascript.jscomp.parsing.IRFactory,962>, <com.google.javascript.jscomp.parsing.IRFactory,963>, <com.google.javascript.jscomp.parsing.IRFactory,968>, <com.google.javascript.jscomp.parsing.IRFactory,969>, <com.google.javascript.jscomp.parsing.IRFactory,973>, <com.google.javascript.jscomp.CodeGenerator,893>, <com.google.javascript.jscomp.CodeGenerator,894>, <com.google.javascript.jscomp.CodeGenerator,895>, <com.google.javascript.jscomp.Compiler,1682>, <com.google.javascript.jscomp.Compiler,1683>, <com.google.javascript.jscomp.parsing.IRFactory,137>, <com.google.javascript.jscomp.parsing.IRFactory,138>, <com.google.javascript.rhino.Node,1190>, <com.google.javascript.jscomp.parsing.ParserRunner,108>, <com.google.javascript.jscomp.parsing.ParserRunner,109>, <com.google.javascript.jscomp.parsing.ParserRunner,63>, <com.google.javascript.jscomp.CodePrinter,461>, <com.google.javascript.jscomp.CodePrinter,475>, <com.google.javascript.jscomp.Compiler,891>, <com.google.javascript.jscomp.Compiler,898>, <com.google.javascript.jscomp.CompilerOptions,1147>, <com.google.javascript.jscomp.CompilerOptions,1148>, <com.google.javascript.jscomp.CompilerOptions,1149>, <com.google.javascript.jscomp.BasicErrorManager,81>, <com.google.javascript.jscomp.BasicErrorManager,85>, <com.google.javascript.jscomp.BasicErrorManager,97>, <com.google.javascript.jscomp.BasicErrorManager,98>, <com.google.javascript.jscomp.BasicErrorManager,103>, <com.google.javascript.jscomp.CodeGenerator,863>, <com.google.javascript.jscomp.CodeGenerator,864>, <com.google.javascript.jscomp.CodeGenerator,892>, <com.google.javascript.jscomp.CodeGenerator,901>, <com.google.javascript.jscomp.Compiler,177>, <com.google.javascript.jscomp.Compiler,178>, <com.google.javascript.jscomp.Compiler,225>, <com.google.javascript.jscomp.LoggerErrorManager,37>, <com.google.javascript.jscomp.LoggerErrorManager,38>, <com.google.javascript.jscomp.LoggerErrorManager,39>, <com.google.javascript.jscomp.LoggerErrorManager,40>, <com.google.javascript.jscomp.NodeUtil,1101>, <com.google.javascript.jscomp.NodeUtil,1166>, <com.google.javascript.jscomp.CodeGenerator,188>, <com.google.javascript.jscomp.CodeGenerator,871>, <com.google.javascript.jscomp.CodeGenerator,878>, <com.google.javascript.jscomp.CodeGenerator,880>, <com.google.javascript.jscomp.Compiler,1228>, <com.google.javascript.jscomp.Compiler,1233>, <com.google.javascript.jscomp.NodeUtil,2421>, <com.google.javascript.jscomp.NodeUtil,2422>, <com.google.javascript.jscomp.NodeUtil,2423>, <com.google.javascript.jscomp.NodeUtil,2424>, <com.google.javascript.jscomp.NodeUtil,2425>, <com.google.javascript.jscomp.NodeUtil,2429>, <com.google.javascript.jscomp.CodePrinter,539>, <com.google.javascript.jscomp.CodePrinter,540>, <com.google.javascript.jscomp.CodeConsumer,62>, <com.google.javascript.jscomp.CodeConsumer,63>, <com.google.javascript.jscomp.CodePrinter,416>, <com.google.javascript.jscomp.CodePrinter,417>, <com.google.javascript.jscomp.CodePrinter,418>, <com.google.javascript.jscomp.CodePrinter,479>, <com.google.javascript.jscomp.CodePrinter,480>, <com.google.javascript.jscomp.CodeGenerator,71>, <com.google.javascript.jscomp.CodeGenerator,72>, <com.google.javascript.jscomp.CodeGenerator,75>, <com.google.javascript.jscomp.CodeGenerator,76>, <com.google.javascript.jscomp.CodeGenerator,391>, <com.google.javascript.jscomp.CodeGenerator,1062>, <com.google.javascript.jscomp.CodeGenerator,1063>, <com.google.javascript.jscomp.Compiler,263>, <com.google.javascript.jscomp.Compiler,1764>, <com.google.javascript.jscomp.CompilerOptions,940>, <com.google.javascript.jscomp.CompilerOptions,941>, <com.google.javascript.jscomp.CompilerOptions,951>, <com.google.javascript.jscomp.CompilerOptions,952>, <com.google.javascript.jscomp.CompilerOptions,956>, <com.google.javascript.jscomp.DiagnosticGroup,109>, <com.google.javascript.jscomp.DiagnosticGroup,128>, <com.google.javascript.jscomp.WarningsGuard,82>, <com.google.javascript.jscomp.DiagnosticGroupWarningsGuard,48>, <com.google.javascript.jscomp.ComposeWarningsGuard,70>, <com.google.javascript.jscomp.ComposeWarningsGuard,71>, <com.google.javascript.jscomp.ComposeWarningsGuard,76>, <com.google.javascript.jscomp.ComposeWarningsGuard,51>, <com.google.javascript.jscomp.CodeConsumer,135>, <com.google.javascript.jscomp.CodeConsumer,136>, <com.google.javascript.jscomp.CodeConsumer,139>, <com.google.javascript.jscomp.CodeConsumer,143>, <com.google.javascript.jscomp.CodeConsumer,144>, <com.google.javascript.jscomp.CodeConsumer,146>, <com.google.javascript.jscomp.CodeConsumer,154>, <com.google.javascript.jscomp.CodeConsumer,160>, <com.google.javascript.jscomp.CodeConsumer,161>, <com.google.javascript.jscomp.CodeConsumer,182>, <com.google.javascript.jscomp.CodeConsumer,184>, <com.google.javascript.jscomp.CodeConsumer,188>, <com.google.javascript.jscomp.CodeConsumer,189>, <com.google.javascript.jscomp.CodeConsumer,196>, <com.google.javascript.jscomp.CodeConsumer,197>, <com.google.javascript.jscomp.CodeConsumer,262>, <com.google.javascript.jscomp.CodeConsumer,287>, <com.google.javascript.jscomp.CodePrinter,184>, <com.google.javascript.jscomp.CodePrinter,407>, <com.google.javascript.jscomp.CodePrinter,393>]
======================com.google.javascript.jscomp.CodeGenerator,1051
========
if(c>0x1f&&c<0x7f){
sb.append(c);
}else {
appendHexJavaScriptRepresentation(sb,c);
}

========
COMMAND:cd /home/mmotwani/mywork1dir/Defects4Java7/defects4j/SIMFIX_RQ2_60_1/closure/closure_73_buggy && /usr/bin/timeout 120 /mnt/nfs/work1/brun/mmotwani/Defects4Java7/defects4j//framework/bin/defects4j compile
FAILED TEST:com.google.javascript.jscomp.CodePrinterTest::testUnicode
COUNT THESE===> Subject [_name=closure, _id=73, _ssrc=/src, _tsrc=/test, _sbin=/build/classes, _tbin=/build/test, _dependency=null] com.google.javascript.jscomp.CodePrinterTest testUnicode
TESTING : com.google.javascript.jscomp.CodePrinterTest::testUnicode
COMMAND:cd /home/mmotwani/mywork1dir/Defects4Java7/defects4j/SIMFIX_RQ2_60_1/closure/closure_73_buggy && /usr/bin/timeout 30 /mnt/nfs/work1/brun/mmotwani/Defects4Java7/defects4j//framework/bin/defects4j test -t com.google.javascript.jscomp.CodePrinterTest::testUnicode
Failing tests: 0
TESTING : closure_73
COMMAND:cd /home/mmotwani/mywork1dir/Defects4Java7/defects4j/SIMFIX_RQ2_60_1/closure/closure_73_buggy && /usr/bin/timeout 600 /mnt/nfs/work1/brun/mmotwani/Defects4Java7/defects4j//framework/bin/defects4j test
Failing tests: 0
Successfully repair!
