java version "1.7.0_231"
OpenJDK Runtime Environment (rhel-2.6.19.1.el7_6-x86_64 u231-b01)
OpenJDK 64-Bit Server VM (build 24.231-b01, mixed mode)
Check out 4b15b25f to /mnt/nfs/work1/brun/mmotwani/Defects4Java7/defects4j/ OK
Init local repository...................................................... OK
Tag post-fix revision...................................................... OK
Run post-checkout hook..................................................... OK
Initialize fixed program version........................................... OK
Apply patch................................................................ OK
Initialize buggy program version........................................... OK
Diff 4b15b25f:b7c2861b..................................................... OK
Apply patch................................................................ OK
Tag pre-fix revision....................................................... OK
Check out program version: Closure-14b..................................... OK
Running ant (compile)...................................................... OK
Running ant (compile.tests)................................................ OK
Running ant (compile.tests)................................................ OK
Running ant (run.dev.tests)................................................ OK
Failing tests: 3
  - com.google.javascript.jscomp.CheckMissingReturnTest::testIssue779
  - com.google.javascript.jscomp.ControlFlowAnalysisTest::testDeepNestedFinally
  - com.google.javascript.jscomp.ControlFlowAnalysisTest::testDeepNestedBreakwithFinally
/home/mmotwani/mywork1dir/Defects4Java7/defects4j/SIMFIX_RQ2_60_5
PURIFY IS FALSE
=================================================
Project : closure_14	start : 19/10/22 08:32

Field type inconsistancy 'errors' with types : List<JSError> and JSError[]
Field type inconsistancy 'type' with types : JSType and Type
Variable type inconsistancy of 'name' in method 'visit,NodeTraversal,Node,Node' with types : Name and String
Variable type inconsistancy of 'start' in method 'parseRegExp,String,String' with types : int and char
Variable type inconsistancy of 'end' in method 'parseRegExp,String,String' with types : int and char
Field type inconsistancy 'SUPER' with types : FunctionInjector.Reference and SimpleReference<SimpleSlot>
Field type inconsistancy 'THIS' with types : Token and int
readFailedTest: path is /mnt/nfs/work1/brun/mmotwani/SimFix/d4j-info/failed_tests/closure/14.txt#ATTEMPTS: 3

# FAILING TESTS: 3
TIMEOUT : 18000000
===========
locations= [<com.google.javascript.jscomp.ControlFlowAnalysis,767>, <com.google.javascript.jscomp.ControlFlowAnalysis,768>, <com.google.javascript.jscomp.parsing.IRFactory,1006>, <com.google.javascript.jscomp.parsing.IRFactory,1013>, <com.google.javascript.jscomp.parsing.IRFactory,1014>, <com.google.javascript.jscomp.ControlFlowAnalysis,491>, <com.google.javascript.jscomp.ControlFlowAnalysis,751>, <com.google.javascript.jscomp.ControlFlowAnalysis,752>, <com.google.javascript.jscomp.ControlFlowAnalysis,764>, <com.google.javascript.jscomp.ControlFlowAnalysis,765>, <com.google.javascript.jscomp.ControlFlowAnalysis,766>, <com.google.javascript.jscomp.ControlFlowAnalysis,770>, <com.google.javascript.jscomp.ControlFlowAnalysis,841>, <com.google.javascript.jscomp.ControlFlowAnalysis,842>, <com.google.javascript.jscomp.ControlFlowAnalysis,854>, <com.google.javascript.jscomp.ControlFlowAnalysis,855>, <com.google.javascript.jscomp.parsing.TypeSafeDispatcher,266>, <com.google.javascript.jscomp.parsing.IRFactory,987>, <com.google.javascript.jscomp.parsing.IRFactory,989>, <com.google.javascript.jscomp.parsing.IRFactory,990>, <com.google.javascript.jscomp.parsing.IRFactory,992>, <com.google.javascript.jscomp.parsing.IRFactory,1002>, <com.google.javascript.jscomp.parsing.IRFactory,1004>, <com.google.javascript.jscomp.parsing.IRFactory,1005>, <com.google.javascript.jscomp.parsing.IRFactory,1012>, <com.google.javascript.jscomp.parsing.IRFactory,1017>, <com.google.javascript.jscomp.NodeUtil,2750>, <com.google.javascript.jscomp.NodeUtil,2751>, <com.google.javascript.jscomp.NodeUtil,2759>, <com.google.javascript.jscomp.NodeUtil,2760>, <com.google.javascript.jscomp.NodeUtil,2768>, <com.google.javascript.jscomp.NodeUtil,2769>, <com.google.javascript.jscomp.ControlFlowAnalysis,230>, <com.google.javascript.jscomp.ControlFlowAnalysis,231>, <com.google.javascript.jscomp.ControlFlowAnalysis,285>, <com.google.javascript.jscomp.ControlFlowAnalysis,286>, <com.google.javascript.jscomp.ControlFlowAnalysis,287>, <com.google.javascript.jscomp.ControlFlowAnalysis,332>, <com.google.javascript.jscomp.ControlFlowAnalysis,333>, <com.google.javascript.jscomp.ControlFlowAnalysis,544>, <com.google.javascript.jscomp.ControlFlowAnalysis,545>, <com.google.javascript.jscomp.ControlFlowAnalysis,750>, <com.google.javascript.jscomp.ControlFlowAnalysis,757>, <com.google.javascript.rhino.jstype.UnknownType,90>, <com.google.javascript.jscomp.parsing.IRFactory,1174>, <com.google.javascript.jscomp.parsing.TypeSafeDispatcher,264>, <com.google.javascript.jscomp.parsing.IRFactory,505>, <com.google.javascript.jscomp.parsing.IRFactory,507>, <com.google.javascript.jscomp.parsing.IRFactory,508>, <com.google.javascript.jscomp.parsing.IRFactory,981>, <com.google.javascript.jscomp.type.ChainableReverseAbstractInterpreter,250>, <com.google.javascript.jscomp.ControlFlowAnalysis,329>, <com.google.javascript.jscomp.ControlFlowAnalysis,330>, <com.google.javascript.jscomp.ControlFlowAnalysis,540>, <com.google.javascript.jscomp.ControlFlowAnalysis,541>, <com.google.javascript.jscomp.ControlFlowAnalysis,555>, <com.google.javascript.jscomp.ControlFlowAnalysis,575>, <com.google.javascript.jscomp.ControlFlowAnalysis,576>, <com.google.javascript.jscomp.ControlFlowAnalysis,579>, <com.google.javascript.jscomp.ControlFlowAnalysis,581>, <com.google.javascript.jscomp.ControlFlowAnalysis,597>, <com.google.javascript.jscomp.ControlFlowAnalysis,647>, <com.google.javascript.jscomp.ControlFlowAnalysis,648>, <com.google.javascript.jscomp.ControlFlowAnalysis,653>, <com.google.javascript.jscomp.ControlFlowAnalysis,664>, <com.google.javascript.jscomp.ControlFlowAnalysis,837>, <com.google.javascript.jscomp.ControlFlowAnalysis,838>, <com.google.javascript.jscomp.ControlFlowAnalysis,840>, <com.google.javascript.jscomp.ControlFlowAnalysis,844>, <com.google.javascript.jscomp.ControlFlowAnalysis,898>, <com.google.javascript.jscomp.ControlFlowAnalysis,899>, <com.google.javascript.jscomp.ControlFlowAnalysis,900>, <com.google.javascript.jscomp.ControlFlowAnalysis,904>, <com.google.javascript.jscomp.CheckMissingReturn,63>, <com.google.javascript.jscomp.ControlFlowAnalysis,515>, <com.google.javascript.jscomp.Compiler,1501>, <com.google.javascript.jscomp.Compiler,1502>, <com.google.javascript.jscomp.Compiler,1503>, <com.google.javascript.jscomp.Compiler,1533>, <com.google.javascript.jscomp.Compiler,1534>, <com.google.javascript.jscomp.ControlFlowAnalysis,168>, <com.google.javascript.jscomp.ControlFlowAnalysis,169>, <com.google.javascript.jscomp.ControlFlowAnalysis,170>, <com.google.javascript.jscomp.ControlFlowAnalysis,175>, <com.google.javascript.jscomp.NodeUtil,1683>, <com.google.javascript.jscomp.ControlFlowAnalysis,260>, <com.google.javascript.jscomp.parsing.IRFactory,224>, <com.google.javascript.jscomp.Compiler,1520>, <com.google.javascript.jscomp.Compiler,1527>, <com.google.javascript.rhino.Node,1966>, <com.google.javascript.rhino.Node,1967>, <com.google.javascript.jscomp.parsing.IRFactory,225>, <com.google.javascript.jscomp.parsing.IRFactory,226>, <com.google.javascript.jscomp.AstValidator,134>, <com.google.javascript.jscomp.AstValidator,135>, <com.google.javascript.jscomp.AstValidator,509>, <com.google.javascript.jscomp.AstValidator,510>, <com.google.javascript.jscomp.AstValidator,511>, <com.google.javascript.jscomp.AstValidator,512>, <com.google.javascript.jscomp.AstValidator,514>, <com.google.javascript.jscomp.AstValidator,517>, <com.google.javascript.jscomp.AstValidator,518>, <com.google.javascript.jscomp.AstValidator,519>, <com.google.javascript.jscomp.AstValidator,520>, <com.google.javascript.jscomp.AstValidator,526>, <com.google.javascript.jscomp.AstValidator,527>, <com.google.javascript.jscomp.AstValidator,528>, <com.google.javascript.jscomp.AstValidator,531>, <com.google.javascript.jscomp.AstValidator,534>, <com.google.javascript.jscomp.ControlFlowAnalysis,646>, <com.google.javascript.jscomp.ControlFlowAnalysis,655>, <com.google.javascript.jscomp.CheckMissingReturn,98>, <com.google.javascript.jscomp.CheckMissingReturn,102>, <com.google.javascript.jscomp.CheckMissingReturn,109>, <com.google.javascript.jscomp.CheckMissingReturn,110>, <com.google.javascript.jscomp.CheckMissingReturn,114>, <com.google.javascript.jscomp.CheckMissingReturn,123>, <com.google.javascript.jscomp.CheckMissingReturn,124>, <com.google.javascript.jscomp.CheckMissingReturn,125>, <com.google.javascript.jscomp.CheckMissingReturn,168>, <com.google.javascript.jscomp.CheckMissingReturn,50>, <com.google.javascript.jscomp.CheckMissingReturn,61>, <com.google.javascript.jscomp.CheckMissingReturn,62>, <com.google.javascript.jscomp.CheckMissingReturn,64>, <com.google.javascript.jscomp.CheckMissingReturn,65>, <com.google.javascript.jscomp.CheckMissingReturn,71>, <com.google.javascript.jscomp.CheckMissingReturn,72>, <com.google.javascript.jscomp.CheckMissingReturn,73>, <com.google.javascript.jscomp.CheckMissingReturn,78>, <com.google.javascript.jscomp.CheckPathsBetweenNodes,102>, <com.google.javascript.jscomp.CheckPathsBetweenNodes,103>, <com.google.javascript.jscomp.CheckPathsBetweenNodes,111>, <com.google.javascript.jscomp.CheckPathsBetweenNodes,112>, <com.google.javascript.jscomp.CheckPathsBetweenNodes,113>, <com.google.javascript.jscomp.CheckPathsBetweenNodes,114>, <com.google.javascript.jscomp.CheckPathsBetweenNodes,143>, <com.google.javascript.jscomp.CheckPathsBetweenNodes,148>, <com.google.javascript.jscomp.CheckPathsBetweenNodes,165>, <com.google.javascript.jscomp.CheckPathsBetweenNodes,167>, <com.google.javascript.jscomp.CheckPathsBetweenNodes,169>, <com.google.javascript.jscomp.CheckPathsBetweenNodes,170>, <com.google.javascript.jscomp.CheckPathsBetweenNodes,172>, <com.google.javascript.jscomp.CheckPathsBetweenNodes,175>, <com.google.javascript.jscomp.CheckPathsBetweenNodes,178>, <com.google.javascript.jscomp.CheckPathsBetweenNodes,180>, <com.google.javascript.jscomp.CheckPathsBetweenNodes,183>, <com.google.javascript.jscomp.CheckPathsBetweenNodes,187>, <com.google.javascript.jscomp.CheckPathsBetweenNodes,188>, <com.google.javascript.jscomp.CheckPathsBetweenNodes,189>, <com.google.javascript.jscomp.CheckPathsBetweenNodes,191>, <com.google.javascript.jscomp.CheckPathsBetweenNodes,192>, <com.google.javascript.jscomp.parsing.TypeSafeDispatcher,175>, <com.google.javascript.jscomp.parsing.TypeSafeDispatcher,176>, <com.google.javascript.jscomp.parsing.IRFactory,914>, <com.google.javascript.jscomp.NodeUtil,1680>, <com.google.javascript.jscomp.parsing.IRFactory,222>, <com.google.javascript.jscomp.parsing.IRFactory,223>, <com.google.javascript.jscomp.parsing.IRFactory,235>, <com.google.javascript.jscomp.ControlFlowAnalysis,363>, <com.google.javascript.rhino.jstype.UnknownType,120>, <com.google.javascript.jscomp.graph.Graph,246>, <com.google.javascript.jscomp.graph.Graph,247>, <com.google.javascript.jscomp.graph.Graph,249>, <com.google.javascript.jscomp.graph.Graph,250>, <com.google.javascript.jscomp.graph.Graph,257>, <com.google.javascript.jscomp.graph.Graph,259>, <com.google.javascript.jscomp.graph.Graph,260>, <com.google.javascript.jscomp.graph.Graph,267>, <com.google.javascript.jscomp.graph.Graph,268>, <com.google.javascript.jscomp.graph.Graph,270>, <com.google.javascript.jscomp.graph.Graph,271>, <com.google.javascript.jscomp.graph.Graph,278>, <com.google.javascript.jscomp.graph.Graph,280>, <com.google.javascript.jscomp.graph.Graph,281>, <com.google.javascript.jscomp.graph.Graph,338>, <com.google.javascript.jscomp.graph.Graph,339>, <com.google.javascript.jscomp.graph.Graph,340>, <com.google.javascript.jscomp.graph.Graph,341>, <com.google.javascript.jscomp.graph.Graph,342>, <com.google.javascript.jscomp.graph.Graph,343>, <com.google.javascript.jscomp.graph.Graph,349>, <com.google.javascript.jscomp.graph.Graph,350>, <com.google.javascript.jscomp.graph.Graph,351>, <com.google.javascript.jscomp.graph.Graph,352>, <com.google.javascript.jscomp.graph.LinkedDirectedGraph,210>, <com.google.javascript.jscomp.graph.LinkedDirectedGraph,313>, <com.google.javascript.jscomp.graph.LinkedDirectedGraph,314>, <com.google.javascript.jscomp.graph.LinkedDirectedGraph,315>, <com.google.javascript.jscomp.graph.LinkedDirectedGraph,316>, <com.google.javascript.jscomp.graph.LinkedDirectedGraph,317>, <com.google.javascript.jscomp.graph.LinkedDirectedGraph,318>, <com.google.javascript.jscomp.graph.LinkedDirectedGraph,319>, <com.google.javascript.jscomp.graph.LinkedDirectedGraph,573>, <com.google.javascript.jscomp.graph.LinkedDirectedGraph,578>, <com.google.javascript.jscomp.graph.LinkedDirectedGraph,579>, <com.google.javascript.jscomp.JSError,193>, <com.google.javascript.jscomp.CheckPathsBetweenNodes,87>, <com.google.javascript.jscomp.CheckPathsBetweenNodes,88>, <com.google.javascript.jscomp.CheckPathsBetweenNodes,89>, <com.google.javascript.jscomp.CheckPathsBetweenNodes,90>]
======================com.google.javascript.jscomp.ControlFlowAnalysis,767
========
for(Node finallyNode : cfa.finallyMap.get(parent)){
cfa.createEdge(fromNode,Branch.ON_EX,finallyNode);
}

========
COMMAND:cd /home/mmotwani/mywork1dir/Defects4Java7/defects4j/SIMFIX_RQ2_60_5/closure/closure_14_buggy && /usr/bin/timeout 120 /mnt/nfs/work1/brun/mmotwani/Defects4Java7/defects4j//framework/bin/defects4j compile
FAILED TEST:com.google.javascript.jscomp.CheckMissingReturnTest::testIssue779
COUNT THESE===> Subject [_name=closure, _id=14, _ssrc=/src, _tsrc=/test, _sbin=/build/classes, _tbin=/build/test, _dependency=null] com.google.javascript.jscomp.CheckMissingReturnTest testIssue779
TESTING : com.google.javascript.jscomp.CheckMissingReturnTest::testIssue779
COMMAND:cd /home/mmotwani/mywork1dir/Defects4Java7/defects4j/SIMFIX_RQ2_60_5/closure/closure_14_buggy && /usr/bin/timeout 30 /mnt/nfs/work1/brun/mmotwani/Defects4Java7/defects4j//framework/bin/defects4j test -t com.google.javascript.jscomp.CheckMissingReturnTest::testIssue779
Failing tests: 0
FAILED TEST:com.google.javascript.jscomp.ControlFlowAnalysisTest::testDeepNestedFinally
COUNT THESE===> Subject [_name=closure, _id=14, _ssrc=/src, _tsrc=/test, _sbin=/build/classes, _tbin=/build/test, _dependency=null] com.google.javascript.jscomp.ControlFlowAnalysisTest testDeepNestedFinally
TESTING : com.google.javascript.jscomp.ControlFlowAnalysisTest::testDeepNestedFinally
COMMAND:cd /home/mmotwani/mywork1dir/Defects4Java7/defects4j/SIMFIX_RQ2_60_5/closure/closure_14_buggy && /usr/bin/timeout 30 /mnt/nfs/work1/brun/mmotwani/Defects4Java7/defects4j//framework/bin/defects4j test -t com.google.javascript.jscomp.ControlFlowAnalysisTest::testDeepNestedFinally
Failing tests: 0
FAILED TEST:com.google.javascript.jscomp.ControlFlowAnalysisTest::testDeepNestedBreakwithFinally
COUNT THESE===> Subject [_name=closure, _id=14, _ssrc=/src, _tsrc=/test, _sbin=/build/classes, _tbin=/build/test, _dependency=null] com.google.javascript.jscomp.ControlFlowAnalysisTest testDeepNestedBreakwithFinally
TESTING : com.google.javascript.jscomp.ControlFlowAnalysisTest::testDeepNestedBreakwithFinally
COMMAND:cd /home/mmotwani/mywork1dir/Defects4Java7/defects4j/SIMFIX_RQ2_60_5/closure/closure_14_buggy && /usr/bin/timeout 30 /mnt/nfs/work1/brun/mmotwani/Defects4Java7/defects4j//framework/bin/defects4j test -t com.google.javascript.jscomp.ControlFlowAnalysisTest::testDeepNestedBreakwithFinally
Failing tests: 0
TESTING : closure_14
COMMAND:cd /home/mmotwani/mywork1dir/Defects4Java7/defects4j/SIMFIX_RQ2_60_5/closure/closure_14_buggy && /usr/bin/timeout 600 /mnt/nfs/work1/brun/mmotwani/Defects4Java7/defects4j//framework/bin/defects4j test
Failing tests: 0
Successfully repair!
