java version "1.7.0_231"
OpenJDK Runtime Environment (rhel-2.6.19.1.el7_6-x86_64 u231-b01)
OpenJDK 64-Bit Server VM (build 24.231-b01, mixed mode)
Check out 4b15b25f to /mnt/nfs/work1/brun/mmotwani/Defects4Java7/defects4j/ OK
Init local repository...................................................... OK
Tag post-fix revision...................................................... OK
Run post-checkout hook..................................................... OK
Initialize fixed program version........................................... OK
Apply patch................................................................ OK
Initialize buggy program version........................................... OK
Diff 4b15b25f:b7c2861b..................................................... OK
Apply patch................................................................ OK
Tag pre-fix revision....................................................... OK
Check out program version: Closure-14b..................................... OK
Running ant (compile)...................................................... OK
Running ant (compile.tests)................................................ OK
Running ant (compile.tests)................................................ OK
Running ant (run.dev.tests)................................................ OK
Failing tests: 3
  - com.google.javascript.jscomp.CheckMissingReturnTest::testIssue779
  - com.google.javascript.jscomp.ControlFlowAnalysisTest::testDeepNestedFinally
  - com.google.javascript.jscomp.ControlFlowAnalysisTest::testDeepNestedBreakwithFinally
/home/mmotwani/mywork1dir/Defects4Java7/defects4j/SIMFIX_RQ2_40_2
PURIFY IS FALSE
=================================================
Project : closure_14	start : 19/10/18 02:17

Field type inconsistancy 'THIS' with types : Token and int
Variable type inconsistancy of 'start' in method 'parseRegExp,String,String' with types : int and char
Variable type inconsistancy of 'end' in method 'parseRegExp,String,String' with types : int and char
Variable type inconsistancy of 'name' in method 'visit,NodeTraversal,Node,Node' with types : Name and String
Field type inconsistancy 'type' with types : Type and JSType
Field type inconsistancy 'SUPER' with types : SimpleReference<SimpleSlot> and FunctionInjector.Reference
Field type inconsistancy 'errors' with types : List<JSError> and JSError[]
readFailedTest: path is /mnt/nfs/work1/brun/mmotwani/SimFix/d4j-info/failed_tests/closure/14.txt#ATTEMPTS: 3

# FAILING TESTS: 3
TIMEOUT : 18000000
===========
locations= [<com.google.javascript.jscomp.ControlFlowAnalysis,767>, <com.google.javascript.jscomp.ControlFlowAnalysis,768>, <com.google.javascript.jscomp.parsing.TypeSafeDispatcher,266>, <com.google.javascript.jscomp.parsing.IRFactory,987>, <com.google.javascript.jscomp.parsing.IRFactory,989>, <com.google.javascript.jscomp.parsing.IRFactory,990>, <com.google.javascript.jscomp.parsing.IRFactory,992>, <com.google.javascript.jscomp.parsing.IRFactory,1002>, <com.google.javascript.jscomp.parsing.IRFactory,1004>, <com.google.javascript.jscomp.parsing.IRFactory,1005>, <com.google.javascript.jscomp.parsing.IRFactory,1006>, <com.google.javascript.jscomp.parsing.IRFactory,1012>, <com.google.javascript.jscomp.parsing.IRFactory,1013>, <com.google.javascript.jscomp.parsing.IRFactory,1014>, <com.google.javascript.jscomp.parsing.IRFactory,1017>, <com.google.javascript.jscomp.NodeUtil,1683>, <com.google.javascript.jscomp.NodeUtil,2750>, <com.google.javascript.jscomp.NodeUtil,2751>, <com.google.javascript.jscomp.NodeUtil,2759>, <com.google.javascript.jscomp.NodeUtil,2760>, <com.google.javascript.jscomp.NodeUtil,2768>, <com.google.javascript.jscomp.NodeUtil,2769>, <com.google.javascript.jscomp.ControlFlowAnalysis,230>, <com.google.javascript.jscomp.ControlFlowAnalysis,231>, <com.google.javascript.jscomp.ControlFlowAnalysis,260>, <com.google.javascript.jscomp.ControlFlowAnalysis,285>, <com.google.javascript.jscomp.ControlFlowAnalysis,286>, <com.google.javascript.jscomp.ControlFlowAnalysis,287>, <com.google.javascript.jscomp.ControlFlowAnalysis,332>, <com.google.javascript.jscomp.ControlFlowAnalysis,333>, <com.google.javascript.jscomp.ControlFlowAnalysis,491>, <com.google.javascript.jscomp.ControlFlowAnalysis,544>, <com.google.javascript.jscomp.ControlFlowAnalysis,545>, <com.google.javascript.jscomp.ControlFlowAnalysis,750>, <com.google.javascript.jscomp.ControlFlowAnalysis,751>, <com.google.javascript.jscomp.ControlFlowAnalysis,752>, <com.google.javascript.jscomp.ControlFlowAnalysis,757>, <com.google.javascript.jscomp.ControlFlowAnalysis,764>, <com.google.javascript.jscomp.ControlFlowAnalysis,765>, <com.google.javascript.jscomp.ControlFlowAnalysis,766>, <com.google.javascript.jscomp.ControlFlowAnalysis,770>, <com.google.javascript.jscomp.Compiler,1501>, <com.google.javascript.jscomp.Compiler,1502>, <com.google.javascript.jscomp.Compiler,1503>, <com.google.javascript.jscomp.Compiler,1520>, <com.google.javascript.jscomp.Compiler,1527>, <com.google.javascript.jscomp.Compiler,1533>, <com.google.javascript.jscomp.Compiler,1534>, <com.google.javascript.jscomp.ControlFlowAnalysis,168>, <com.google.javascript.jscomp.ControlFlowAnalysis,169>, <com.google.javascript.jscomp.ControlFlowAnalysis,170>, <com.google.javascript.jscomp.ControlFlowAnalysis,175>, <com.google.javascript.jscomp.ControlFlowAnalysis,363>, <com.google.javascript.jscomp.ControlFlowAnalysis,515>, <com.google.javascript.jscomp.parsing.IRFactory,222>, <com.google.javascript.jscomp.parsing.IRFactory,223>, <com.google.javascript.jscomp.parsing.IRFactory,235>, <com.google.javascript.jscomp.parsing.TypeSafeDispatcher,175>, <com.google.javascript.jscomp.parsing.TypeSafeDispatcher,176>, <com.google.javascript.jscomp.parsing.IRFactory,914>, <com.google.javascript.jscomp.NodeUtil,1680>, <com.google.javascript.jscomp.parsing.IRFactory,224>, <com.google.javascript.jscomp.ControlFlowAnalysis,298>, <com.google.javascript.jscomp.ControlFlowAnalysis,299>, <com.google.javascript.jscomp.ControlFlowAnalysis,358>, <com.google.javascript.jscomp.ControlFlowAnalysis,359>, <com.google.javascript.jscomp.ControlFlowAnalysis,360>, <com.google.javascript.jscomp.ControlFlowAnalysis,362>, <com.google.javascript.jscomp.ControlFlowAnalysis,368>, <com.google.javascript.jscomp.ControlFlowAnalysis,370>, <com.google.javascript.jscomp.ControlFlowAnalysis,837>, <com.google.javascript.jscomp.ControlFlowAnalysis,838>, <com.google.javascript.jscomp.ControlFlowAnalysis,840>, <com.google.javascript.jscomp.ControlFlowAnalysis,841>, <com.google.javascript.jscomp.ControlFlowAnalysis,842>, <com.google.javascript.jscomp.ControlFlowAnalysis,854>, <com.google.javascript.jscomp.ControlFlowAnalysis,855>, <com.google.javascript.jscomp.graph.LinkedDirectedGraph,567>, <com.google.javascript.jscomp.graph.LinkedDirectedGraph,568>, <com.google.javascript.jscomp.Compiler,2103>, <com.google.javascript.jscomp.Compiler,2104>, <com.google.javascript.jscomp.Compiler,2105>, <com.google.javascript.jscomp.Compiler,2106>, <com.google.javascript.jscomp.TypeValidator,206>, <com.google.javascript.jscomp.TypeValidator,209>, <com.google.javascript.jscomp.TypeCheck,643>, <com.google.javascript.jscomp.TypeCheck,644>, <com.google.javascript.jscomp.TypeCheck,645>, <com.google.javascript.jscomp.TypeCheck,646>, <com.google.javascript.jscomp.TypeCheck,667>, <com.google.javascript.jscomp.TypeCheck,668>, <com.google.javascript.jscomp.TypeCheck,770>, <com.google.javascript.jscomp.TypeCheck,771>, <com.google.javascript.jscomp.TypeCheck,1639>, <com.google.javascript.rhino.jstype.JSType,203>, <com.google.javascript.rhino.jstype.NumberType,112>, <com.google.javascript.rhino.jstype.UnknownType,85>, <com.google.javascript.rhino.jstype.UnknownType,90>, <com.google.javascript.rhino.jstype.UnknownType,120>, <com.google.javascript.rhino.Node,1966>, <com.google.javascript.rhino.Node,1967>, <com.google.javascript.jscomp.parsing.IRFactory,225>, <com.google.javascript.jscomp.parsing.IRFactory,226>, <com.google.javascript.jscomp.parsing.TypeSafeDispatcher,184>, <com.google.javascript.jscomp.parsing.TypeSafeDispatcher,206>, <com.google.javascript.jscomp.parsing.TypeSafeDispatcher,207>, <com.google.javascript.jscomp.parsing.TypeSafeDispatcher,240>, <com.google.javascript.jscomp.parsing.TypeSafeDispatcher,242>, <com.google.javascript.jscomp.parsing.TypeSafeDispatcher,280>, <com.google.javascript.jscomp.parsing.IRFactory,503>, <com.google.javascript.jscomp.parsing.IRFactory,504>, <com.google.javascript.jscomp.parsing.IRFactory,505>, <com.google.javascript.jscomp.parsing.IRFactory,507>, <com.google.javascript.jscomp.parsing.IRFactory,508>, <com.google.javascript.jscomp.parsing.IRFactory,510>, <com.google.javascript.jscomp.parsing.IRFactory,712>, <com.google.javascript.jscomp.parsing.IRFactory,713>, <com.google.javascript.jscomp.parsing.IRFactory,714>, <com.google.javascript.jscomp.parsing.IRFactory,715>, <com.google.javascript.jscomp.parsing.IRFactory,718>, <com.google.javascript.jscomp.parsing.IRFactory,740>, <com.google.javascript.jscomp.parsing.IRFactory,745>, <com.google.javascript.jscomp.parsing.IRFactory,746>, <com.google.javascript.jscomp.parsing.IRFactory,747>, <com.google.javascript.jscomp.parsing.IRFactory,748>, <com.google.javascript.jscomp.parsing.IRFactory,749>, <com.google.javascript.jscomp.parsing.IRFactory,752>, <com.google.javascript.jscomp.parsing.IRFactory,754>, <com.google.javascript.jscomp.parsing.IRFactory,755>, <com.google.javascript.jscomp.parsing.IRFactory,757>, <com.google.javascript.jscomp.parsing.IRFactory,759>, <com.google.javascript.jscomp.parsing.IRFactory,761>, <com.google.javascript.jscomp.parsing.IRFactory,762>, <com.google.javascript.jscomp.parsing.IRFactory,763>, <com.google.javascript.jscomp.parsing.IRFactory,764>, <com.google.javascript.jscomp.parsing.IRFactory,765>, <com.google.javascript.jscomp.parsing.IRFactory,1094>, <com.google.javascript.jscomp.NodeTraversal,671>, <com.google.javascript.jscomp.NodeUtil,77>, <com.google.javascript.jscomp.NodeUtil,114>, <com.google.javascript.jscomp.type.ChainableReverseAbstractInterpreter,149>, <com.google.javascript.jscomp.type.ChainableReverseAbstractInterpreter,630>, <com.google.javascript.jscomp.type.ChainableReverseAbstractInterpreter,682>, <com.google.javascript.jscomp.type.SemanticReverseAbstractInterpreter,235>, <com.google.javascript.jscomp.type.SemanticReverseAbstractInterpreter,236>, <com.google.javascript.jscomp.type.SemanticReverseAbstractInterpreter,268>, <com.google.javascript.jscomp.type.SemanticReverseAbstractInterpreter,290>, <com.google.javascript.jscomp.type.SemanticReverseAbstractInterpreter,291>, <com.google.javascript.jscomp.type.ChainableReverseAbstractInterpreter,230>, <com.google.javascript.jscomp.type.ChainableReverseAbstractInterpreter,250>, <com.google.javascript.jscomp.type.SemanticReverseAbstractInterpreter,110>, <com.google.javascript.jscomp.TypeInference,232>, <com.google.javascript.jscomp.ControlFlowAnalysis,301>, <com.google.javascript.jscomp.ControlFlowAnalysis,302>, <com.google.javascript.jscomp.ControlFlowAnalysis,338>, <com.google.javascript.jscomp.ControlFlowAnalysis,339>, <com.google.javascript.jscomp.ControlFlowAnalysis,350>, <com.google.javascript.jscomp.ControlFlowAnalysis,374>, <com.google.javascript.jscomp.ControlFlowAnalysis,378>, <com.google.javascript.jscomp.ControlFlowAnalysis,380>, <com.google.javascript.jscomp.ControlFlowAnalysis,382>, <com.google.javascript.jscomp.ControlFlowAnalysis,552>, <com.google.javascript.jscomp.ControlFlowAnalysis,554>, <com.google.javascript.jscomp.ControlFlowAnalysis,555>, <com.google.javascript.jscomp.ControlFlowAnalysis,558>, <com.google.javascript.jscomp.ControlFlowAnalysis,560>, <com.google.javascript.jscomp.ControlFlowAnalysis,570>, <com.google.javascript.jscomp.ControlFlowAnalysis,571>, <com.google.javascript.jscomp.ControlFlowAnalysis,573>, <com.google.javascript.jscomp.ControlFlowAnalysis,575>, <com.google.javascript.jscomp.ControlFlowAnalysis,576>, <com.google.javascript.jscomp.ControlFlowAnalysis,579>, <com.google.javascript.jscomp.ControlFlowAnalysis,581>, <com.google.javascript.jscomp.ControlFlowAnalysis,583>, <com.google.javascript.jscomp.ControlFlowAnalysis,592>, <com.google.javascript.jscomp.ControlFlowAnalysis,572>, <com.google.javascript.jscomp.ControlFlowAnalysis,594>, <com.google.javascript.jscomp.ControlFlowAnalysis,597>, <com.google.javascript.jscomp.ControlFlowAnalysis,599>, <com.google.javascript.jscomp.ControlFlowAnalysis,646>, <com.google.javascript.jscomp.ControlFlowAnalysis,647>, <com.google.javascript.jscomp.ControlFlowAnalysis,648>, <com.google.javascript.jscomp.ControlFlowAnalysis,653>, <com.google.javascript.jscomp.ControlFlowAnalysis,655>, <com.google.javascript.jscomp.ControlFlowAnalysis,664>, <com.google.javascript.jscomp.ControlFlowAnalysis,722>, <com.google.javascript.jscomp.ControlFlowAnalysis,747>, <com.google.javascript.jscomp.ControlFlowAnalysis,806>, <com.google.javascript.jscomp.ControlFlowAnalysis,844>, <com.google.javascript.jscomp.ControlFlowAnalysis,878>, <com.google.javascript.jscomp.ControlFlowAnalysis,895>, <com.google.javascript.jscomp.ControlFlowAnalysis,898>, <com.google.javascript.jscomp.ControlFlowAnalysis,899>, <com.google.javascript.jscomp.ControlFlowAnalysis,900>, <com.google.javascript.jscomp.ControlFlowAnalysis,904>, <com.google.javascript.jscomp.ControlFlowAnalysis,937>, <com.google.javascript.jscomp.ControlFlowAnalysis,942>, <com.google.javascript.jscomp.ControlFlowAnalysis,946>, <com.google.javascript.jscomp.ControlFlowAnalysis,948>, <com.google.javascript.jscomp.graph.Graph,246>]
======================com.google.javascript.jscomp.ControlFlowAnalysis,767
========
for(Node finallyNode : cfa.finallyMap.get(parent)){
cfa.createEdge(fromNode,Branch.ON_EX,finallyNode);
}

========
COMMAND:cd /home/mmotwani/mywork1dir/Defects4Java7/defects4j/SIMFIX_RQ2_40_2/closure/closure_14_buggy && /usr/bin/timeout 120 /mnt/nfs/work1/brun/mmotwani/Defects4Java7/defects4j//framework/bin/defects4j compile
FAILED TEST:com.google.javascript.jscomp.CheckMissingReturnTest::testIssue779
COUNT THESE===> Subject [_name=closure, _id=14, _ssrc=/src, _tsrc=/test, _sbin=/build/classes, _tbin=/build/test, _dependency=null] com.google.javascript.jscomp.CheckMissingReturnTest testIssue779
TESTING : com.google.javascript.jscomp.CheckMissingReturnTest::testIssue779
COMMAND:cd /home/mmotwani/mywork1dir/Defects4Java7/defects4j/SIMFIX_RQ2_40_2/closure/closure_14_buggy && /usr/bin/timeout 30 /mnt/nfs/work1/brun/mmotwani/Defects4Java7/defects4j//framework/bin/defects4j test -t com.google.javascript.jscomp.CheckMissingReturnTest::testIssue779
Failing tests: 0
FAILED TEST:com.google.javascript.jscomp.ControlFlowAnalysisTest::testDeepNestedFinally
COUNT THESE===> Subject [_name=closure, _id=14, _ssrc=/src, _tsrc=/test, _sbin=/build/classes, _tbin=/build/test, _dependency=null] com.google.javascript.jscomp.ControlFlowAnalysisTest testDeepNestedFinally
TESTING : com.google.javascript.jscomp.ControlFlowAnalysisTest::testDeepNestedFinally
COMMAND:cd /home/mmotwani/mywork1dir/Defects4Java7/defects4j/SIMFIX_RQ2_40_2/closure/closure_14_buggy && /usr/bin/timeout 30 /mnt/nfs/work1/brun/mmotwani/Defects4Java7/defects4j//framework/bin/defects4j test -t com.google.javascript.jscomp.ControlFlowAnalysisTest::testDeepNestedFinally
Failing tests: 0
FAILED TEST:com.google.javascript.jscomp.ControlFlowAnalysisTest::testDeepNestedBreakwithFinally
COUNT THESE===> Subject [_name=closure, _id=14, _ssrc=/src, _tsrc=/test, _sbin=/build/classes, _tbin=/build/test, _dependency=null] com.google.javascript.jscomp.ControlFlowAnalysisTest testDeepNestedBreakwithFinally
TESTING : com.google.javascript.jscomp.ControlFlowAnalysisTest::testDeepNestedBreakwithFinally
COMMAND:cd /home/mmotwani/mywork1dir/Defects4Java7/defects4j/SIMFIX_RQ2_40_2/closure/closure_14_buggy && /usr/bin/timeout 30 /mnt/nfs/work1/brun/mmotwani/Defects4Java7/defects4j//framework/bin/defects4j test -t com.google.javascript.jscomp.ControlFlowAnalysisTest::testDeepNestedBreakwithFinally
Failing tests: 0
TESTING : closure_14
COMMAND:cd /home/mmotwani/mywork1dir/Defects4Java7/defects4j/SIMFIX_RQ2_40_2/closure/closure_14_buggy && /usr/bin/timeout 600 /mnt/nfs/work1/brun/mmotwani/Defects4Java7/defects4j//framework/bin/defects4j test
Failing tests: 0
Successfully repair!
