java version "1.7.0_231"
OpenJDK Runtime Environment (rhel-2.6.19.1.el7_6-x86_64 u231-b01)
OpenJDK 64-Bit Server VM (build 24.231-b01, mixed mode)
Check out 0603aef5 to /mnt/nfs/work1/brun/mmotwani/Defects4Java7/defects4j/ OK
Init local repository...................................................... OK
Tag post-fix revision...................................................... OK
Run post-checkout hook..................................................... OK
Initialize fixed program version........................................... OK
Apply patch................................................................ OK
Initialize buggy program version........................................... OK
Diff 0603aef5:575be164..................................................... OK
Apply patch................................................................ OK
Tag pre-fix revision....................................................... OK
Check out program version: Lang-33b........................................ OK
Running ant (compile)...................................................... OK
Running ant (compile.tests)................................................ OK
Running ant (compile.tests)................................................ OK
Running ant (run.dev.tests)................................................ OK
Failing tests: 1
  - org.apache.commons.lang3.ClassUtilsTest::testToClass_object
/home/mmotwani/mywork1dir/Defects4Java7/defects4j/SIMFIX_RQ2_40_1
PURIFY IS FALSE
=================================================
Project : lang_33	start : 19/10/17 18:42

readFailedTest: path is /mnt/nfs/work1/brun/mmotwani/SimFix/d4j-info/failed_tests/lang/33.txt#ATTEMPTS: 2

# FAILING TESTS: 2
TIMEOUT : 18000000
===========
locations= [<org.apache.commons.lang3.ClassUtils,903>, <org.apache.commons.lang3.ClassUtils,904>, <org.apache.commons.lang3.ClassUtils,905>, <org.apache.commons.lang3.ClassUtils,906>, <org.apache.commons.lang3.ClassUtils,908>, <org.apache.commons.lang3.ClassUtils,909>, <org.apache.commons.lang3.ClassUtils,910>, <org.apache.commons.lang3.ClassUtils,912>, <org.apache.commons.lang3.ArrayUtils,55>, <org.apache.commons.lang3.ArrayUtils,59>, <org.apache.commons.lang3.ArrayUtils,63>, <org.apache.commons.lang3.ArrayUtils,67>, <org.apache.commons.lang3.ArrayUtils,71>, <org.apache.commons.lang3.ArrayUtils,75>, <org.apache.commons.lang3.ArrayUtils,79>, <org.apache.commons.lang3.ArrayUtils,83>, <org.apache.commons.lang3.ArrayUtils,87>, <org.apache.commons.lang3.ArrayUtils,91>, <org.apache.commons.lang3.ArrayUtils,95>, <org.apache.commons.lang3.ArrayUtils,99>, <org.apache.commons.lang3.ArrayUtils,103>, <org.apache.commons.lang3.ArrayUtils,107>, <org.apache.commons.lang3.ArrayUtils,111>, <org.apache.commons.lang3.ArrayUtils,115>, <org.apache.commons.lang3.ArrayUtils,119>, <org.apache.commons.lang3.ArrayUtils,123>, <org.apache.commons.lang3.ArrayUtils,127>, <org.apache.commons.lang3.ClassUtils,58>, <org.apache.commons.lang3.ClassUtils,68>, <org.apache.commons.lang3.ClassUtils,73>, <org.apache.commons.lang3.ClassUtils,75>, <org.apache.commons.lang3.ClassUtils,76>, <org.apache.commons.lang3.ClassUtils,77>, <org.apache.commons.lang3.ClassUtils,78>, <org.apache.commons.lang3.ClassUtils,79>, <org.apache.commons.lang3.ClassUtils,80>, <org.apache.commons.lang3.ClassUtils,81>, <org.apache.commons.lang3.ClassUtils,82>, <org.apache.commons.lang3.ClassUtils,83>, <org.apache.commons.lang3.ClassUtils,89>, <org.apache.commons.lang3.ClassUtils,91>, <org.apache.commons.lang3.ClassUtils,92>, <org.apache.commons.lang3.ClassUtils,93>, <org.apache.commons.lang3.ClassUtils,94>, <org.apache.commons.lang3.ClassUtils,96>, <org.apache.commons.lang3.ClassUtils,102>, <org.apache.commons.lang3.ClassUtils,107>, <org.apache.commons.lang3.ClassUtils,124>, <org.apache.commons.lang3.ClassUtils,125>, <org.apache.commons.lang3.ClassUtils,126>, <org.apache.commons.lang3.ClassUtils,127>, <org.apache.commons.lang3.ClassUtils,128>, <org.apache.commons.lang3.ClassUtils,129>, <org.apache.commons.lang3.ClassUtils,130>, <org.apache.commons.lang3.ClassUtils,131>, <org.apache.commons.lang3.ClassUtils,132>, <org.apache.commons.lang3.ClassUtils,116>, <org.apache.commons.lang3.ClassUtils,117>, <org.apache.commons.lang3.ClassUtils,118>, <org.apache.commons.lang3.ClassUtils,143>, <org.apache.commons.lang3.ClassUtils,144>, <org.apache.commons.lang3.ClassUtils,156>, <org.apache.commons.lang3.ClassUtils,157>, <org.apache.commons.lang3.ClassUtils,159>, <org.apache.commons.lang3.ClassUtils,169>, <org.apache.commons.lang3.ClassUtils,170>, <org.apache.commons.lang3.ClassUtils,172>, <org.apache.commons.lang3.ClassUtils,184>, <org.apache.commons.lang3.ClassUtils,185>, <org.apache.commons.lang3.ClassUtils,187>, <org.apache.commons.lang3.ClassUtils,188>, <org.apache.commons.lang3.ClassUtils,191>, <org.apache.commons.lang3.ClassUtils,194>, <org.apache.commons.lang3.ClassUtils,195>, <org.apache.commons.lang3.ClassUtils,196>, <org.apache.commons.lang3.ClassUtils,197>, <org.apache.commons.lang3.ClassUtils,200>, <org.apache.commons.lang3.ClassUtils,201>, <org.apache.commons.lang3.ClassUtils,205>, <org.apache.commons.lang3.ClassUtils,206>, <org.apache.commons.lang3.ClassUtils,209>, <org.apache.commons.lang3.ClassUtils,210>, <org.apache.commons.lang3.ClassUtils,212>, <org.apache.commons.lang3.ClassUtils,213>, <org.apache.commons.lang3.ClassUtils,214>, <org.apache.commons.lang3.ClassUtils,216>, <org.apache.commons.lang3.ClassUtils,229>, <org.apache.commons.lang3.ClassUtils,230>, <org.apache.commons.lang3.ClassUtils,232>, <org.apache.commons.lang3.ClassUtils,242>, <org.apache.commons.lang3.ClassUtils,243>, <org.apache.commons.lang3.ClassUtils,245>, <org.apache.commons.lang3.ClassUtils,258>, <org.apache.commons.lang3.ClassUtils,259>, <org.apache.commons.lang3.ClassUtils,263>, <org.apache.commons.lang3.ClassUtils,264>, <org.apache.commons.lang3.ClassUtils,267>, <org.apache.commons.lang3.ClassUtils,268>, <org.apache.commons.lang3.ClassUtils,271>, <org.apache.commons.lang3.ClassUtils,272>, <org.apache.commons.lang3.ClassUtils,273>, <org.apache.commons.lang3.ClassUtils,275>, <org.apache.commons.lang3.ClassUtils,288>, <org.apache.commons.lang3.ClassUtils,289>, <org.apache.commons.lang3.ClassUtils,291>, <org.apache.commons.lang3.ClassUtils,292>, <org.apache.commons.lang3.ClassUtils,293>, <org.apache.commons.lang3.ClassUtils,294>, <org.apache.commons.lang3.ClassUtils,295>, <org.apache.commons.lang3.ClassUtils,297>, <org.apache.commons.lang3.ClassUtils,314>, <org.apache.commons.lang3.ClassUtils,315>, <org.apache.commons.lang3.ClassUtils,318>, <org.apache.commons.lang3.ClassUtils,319>, <org.apache.commons.lang3.ClassUtils,321>, <org.apache.commons.lang3.ClassUtils,331>, <org.apache.commons.lang3.ClassUtils,332>, <org.apache.commons.lang3.ClassUtils,334>, <org.apache.commons.lang3.ClassUtils,335>, <org.apache.commons.lang3.ClassUtils,336>, <org.apache.commons.lang3.ClassUtils,340>, <org.apache.commons.lang3.ClassUtils,341>, <org.apache.commons.lang3.ClassUtils,342>, <org.apache.commons.lang3.ClassUtils,359>, <org.apache.commons.lang3.ClassUtils,360>, <org.apache.commons.lang3.ClassUtils,362>, <org.apache.commons.lang3.ClassUtils,363>, <org.apache.commons.lang3.ClassUtils,365>, <org.apache.commons.lang3.ClassUtils,368>, <org.apache.commons.lang3.ClassUtils,366>, <org.apache.commons.lang3.ClassUtils,367>, <org.apache.commons.lang3.ClassUtils,369>, <org.apache.commons.lang3.ClassUtils,370>, <org.apache.commons.lang3.ClassUtils,386>, <org.apache.commons.lang3.ClassUtils,387>, <org.apache.commons.lang3.ClassUtils,389>, <org.apache.commons.lang3.ClassUtils,390>, <org.apache.commons.lang3.ClassUtils,391>, <org.apache.commons.lang3.ClassUtils,392>, <org.apache.commons.lang3.ClassUtils,394>, <org.apache.commons.lang3.ClassUtils,396>, <org.apache.commons.lang3.ClassUtils,397>, <org.apache.commons.lang3.ClassUtils,439>, <org.apache.commons.lang3.ClassUtils,475>, <org.apache.commons.lang3.ClassUtils,476>, <org.apache.commons.lang3.ClassUtils,478>, <org.apache.commons.lang3.ClassUtils,479>, <org.apache.commons.lang3.ClassUtils,481>, <org.apache.commons.lang3.ClassUtils,482>, <org.apache.commons.lang3.ClassUtils,484>, <org.apache.commons.lang3.ClassUtils,485>, <org.apache.commons.lang3.ClassUtils,486>, <org.apache.commons.lang3.ClassUtils,489>, <org.apache.commons.lang3.ClassUtils,524>, <org.apache.commons.lang3.ClassUtils,555>, <org.apache.commons.lang3.ClassUtils,556>, <org.apache.commons.lang3.ClassUtils,559>, <org.apache.commons.lang3.ClassUtils,560>, <org.apache.commons.lang3.ClassUtils,563>, <org.apache.commons.lang3.ClassUtils,564>, <org.apache.commons.lang3.ClassUtils,565>, <org.apache.commons.lang3.ClassUtils,566>, <org.apache.commons.lang3.ClassUtils,567>, <org.apache.commons.lang3.ClassUtils,570>, <org.apache.commons.lang3.ClassUtils,571>, <org.apache.commons.lang3.ClassUtils,572>, <org.apache.commons.lang3.ClassUtils,573>, <org.apache.commons.lang3.ClassUtils,577>, <org.apache.commons.lang3.ClassUtils,578>, <org.apache.commons.lang3.ClassUtils,580>, <org.apache.commons.lang3.ClassUtils,581>, <org.apache.commons.lang3.ClassUtils,582>, <org.apache.commons.lang3.ClassUtils,584>, <org.apache.commons.lang3.ClassUtils,585>, <org.apache.commons.lang3.ClassUtils,589>, <org.apache.commons.lang3.ClassUtils,590>, <org.apache.commons.lang3.ClassUtils,593>, <org.apache.commons.lang3.ClassUtils,594>, <org.apache.commons.lang3.ClassUtils,596>, <org.apache.commons.lang3.ClassUtils,597>, <org.apache.commons.lang3.ClassUtils,599>, <org.apache.commons.lang3.ClassUtils,600>, <org.apache.commons.lang3.ClassUtils,602>, <org.apache.commons.lang3.ClassUtils,603>, <org.apache.commons.lang3.ClassUtils,608>, <org.apache.commons.lang3.ClassUtils,609>, <org.apache.commons.lang3.ClassUtils,614>, <org.apache.commons.lang3.ClassUtils,615>, <org.apache.commons.lang3.ClassUtils,622>, <org.apache.commons.lang3.ClassUtils,624>, <org.apache.commons.lang3.ClassUtils,640>, <org.apache.commons.lang3.ClassUtils,641>, <org.apache.commons.lang3.ClassUtils,642>, <org.apache.commons.lang3.ClassUtils,644>, <org.apache.commons.lang3.ClassUtils,658>, <org.apache.commons.lang3.ClassUtils,659>, <org.apache.commons.lang3.ClassUtils,662>, <org.apache.commons.lang3.ClassUtils,663>, <org.apache.commons.lang3.ClassUtils,666>, <org.apache.commons.lang3.ClassUtils,667>]
======================org.apache.commons.lang3.ClassUtils,903
========
if(valid.length==0){
return ArrayUtils.EMPTY_CLASS_ARRAY;
}

========
COMMAND:cd /home/mmotwani/mywork1dir/Defects4Java7/defects4j/SIMFIX_RQ2_40_1/lang/lang_33_buggy && /usr/bin/timeout 120 /mnt/nfs/work1/brun/mmotwani/Defects4Java7/defects4j//framework/bin/defects4j compile
========
if(array==null||array.length==0){
return ArrayUtils.EMPTY_CLASS_ARRAY;
}

========
COMMAND:cd /home/mmotwani/mywork1dir/Defects4Java7/defects4j/SIMFIX_RQ2_40_1/lang/lang_33_buggy && /usr/bin/timeout 120 /mnt/nfs/work1/brun/mmotwani/Defects4Java7/defects4j//framework/bin/defects4j compile
FAILED TEST:org.apache.commons.lang3.ClassUtilsTest::testToClass_object
COUNT THESE===> Subject [_name=lang, _id=33, _ssrc=/src/main/java, _tsrc=/src/test/java, _sbin=/target/classes, _tbin=/target/test-classes, _dependency=null] org.apache.commons.lang3.ClassUtilsTest testToClass_object
TESTING : org.apache.commons.lang3.ClassUtilsTest::testToClass_object
COMMAND:cd /home/mmotwani/mywork1dir/Defects4Java7/defects4j/SIMFIX_RQ2_40_1/lang/lang_33_buggy && /usr/bin/timeout 30 /mnt/nfs/work1/brun/mmotwani/Defects4Java7/defects4j//framework/bin/defects4j test -t org.apache.commons.lang3.ClassUtilsTest::testToClass_object
  - org.apache.commons.lang3.ClassUtilsTest::testToClass_object
Failing tests: 1
Running ant (run.dev.tests)................................................ OK
Running ant (compile.tests)................................................ OK
========
if(array==0){
return ArrayUtils.EMPTY_CLASS_ARRAY;
}

========
COMMAND:cd /home/mmotwani/mywork1dir/Defects4Java7/defects4j/SIMFIX_RQ2_40_1/lang/lang_33_buggy && /usr/bin/timeout 120 /mnt/nfs/work1/brun/mmotwani/Defects4Java7/defects4j//framework/bin/defects4j compile
========
if(entry.length==0){
return ArrayUtils.EMPTY_CLASS_ARRAY;
}

========
COMMAND:cd /home/mmotwani/mywork1dir/Defects4Java7/defects4j/SIMFIX_RQ2_40_1/lang/lang_33_buggy && /usr/bin/timeout 120 /mnt/nfs/work1/brun/mmotwani/Defects4Java7/defects4j//framework/bin/defects4j compile
========
if(chars.length==0){
return ArrayUtils.EMPTY_CLASS_ARRAY;
}

========
COMMAND:cd /home/mmotwani/mywork1dir/Defects4Java7/defects4j/SIMFIX_RQ2_40_1/lang/lang_33_buggy && /usr/bin/timeout 120 /mnt/nfs/work1/brun/mmotwani/Defects4Java7/defects4j//framework/bin/defects4j compile
========
if(classes.length==0){
return ArrayUtils.EMPTY_CLASS_ARRAY;
}

========
COMMAND:cd /home/mmotwani/mywork1dir/Defects4Java7/defects4j/SIMFIX_RQ2_40_1/lang/lang_33_buggy && /usr/bin/timeout 120 /mnt/nfs/work1/brun/mmotwani/Defects4Java7/defects4j//framework/bin/defects4j compile
========
if(lhs.length==0){
return ArrayUtils.EMPTY_CLASS_ARRAY;
}

========
COMMAND:cd /home/mmotwani/mywork1dir/Defects4Java7/defects4j/SIMFIX_RQ2_40_1/lang/lang_33_buggy && /usr/bin/timeout 120 /mnt/nfs/work1/brun/mmotwani/Defects4Java7/defects4j//framework/bin/defects4j compile
========
if(array.length!=0){
return ArrayUtils.EMPTY_CLASS_ARRAY;
}

========
COMMAND:cd /home/mmotwani/mywork1dir/Defects4Java7/defects4j/SIMFIX_RQ2_40_1/lang/lang_33_buggy && /usr/bin/timeout 120 /mnt/nfs/work1/brun/mmotwani/Defects4Java7/defects4j//framework/bin/defects4j compile
FAILED TEST:org.apache.commons.lang3.ClassUtilsTest::testToClass_object
COUNT THESE===> Subject [_name=lang, _id=33, _ssrc=/src/main/java, _tsrc=/src/test/java, _sbin=/target/classes, _tbin=/target/test-classes, _dependency=null] org.apache.commons.lang3.ClassUtilsTest testToClass_object
TESTING : org.apache.commons.lang3.ClassUtilsTest::testToClass_object
COMMAND:cd /home/mmotwani/mywork1dir/Defects4Java7/defects4j/SIMFIX_RQ2_40_1/lang/lang_33_buggy && /usr/bin/timeout 30 /mnt/nfs/work1/brun/mmotwani/Defects4Java7/defects4j//framework/bin/defects4j test -t org.apache.commons.lang3.ClassUtilsTest::testToClass_object
  - org.apache.commons.lang3.ClassUtilsTest::testToClass_object
Failing tests: 1
Running ant (run.dev.tests)................................................ OK
Running ant (compile.tests)................................................ OK
========
if(lhs.length!=0){
return ArrayUtils.EMPTY_CLASS_ARRAY;
}

========
COMMAND:cd /home/mmotwani/mywork1dir/Defects4Java7/defects4j/SIMFIX_RQ2_40_1/lang/lang_33_buggy && /usr/bin/timeout 120 /mnt/nfs/work1/brun/mmotwani/Defects4Java7/defects4j//framework/bin/defects4j compile
========
if(length==0){
return ArrayUtils.EMPTY_CLASS_ARRAY;
}

========
COMMAND:cd /home/mmotwani/mywork1dir/Defects4Java7/defects4j/SIMFIX_RQ2_40_1/lang/lang_33_buggy && /usr/bin/timeout 120 /mnt/nfs/work1/brun/mmotwani/Defects4Java7/defects4j//framework/bin/defects4j compile
========
if(options.length==0){
return ArrayUtils.EMPTY_CLASS_ARRAY;
}

========
COMMAND:cd /home/mmotwani/mywork1dir/Defects4Java7/defects4j/SIMFIX_RQ2_40_1/lang/lang_33_buggy && /usr/bin/timeout 120 /mnt/nfs/work1/brun/mmotwani/Defects4Java7/defects4j//framework/bin/defects4j compile
========
if(array2.length==0){
return ArrayUtils.EMPTY_CLASS_ARRAY;
}

========
COMMAND:cd /home/mmotwani/mywork1dir/Defects4Java7/defects4j/SIMFIX_RQ2_40_1/lang/lang_33_buggy && /usr/bin/timeout 120 /mnt/nfs/work1/brun/mmotwani/Defects4Java7/defects4j//framework/bin/defects4j compile
========
if(array.length==length){
return ArrayUtils.EMPTY_CLASS_ARRAY;
}

========
COMMAND:cd /home/mmotwani/mywork1dir/Defects4Java7/defects4j/SIMFIX_RQ2_40_1/lang/lang_33_buggy && /usr/bin/timeout 120 /mnt/nfs/work1/brun/mmotwani/Defects4Java7/defects4j//framework/bin/defects4j compile
========
if(searchList.length==0){
return ArrayUtils.EMPTY_CLASS_ARRAY;
}

========
COMMAND:cd /home/mmotwani/mywork1dir/Defects4Java7/defects4j/SIMFIX_RQ2_40_1/lang/lang_33_buggy && /usr/bin/timeout 120 /mnt/nfs/work1/brun/mmotwani/Defects4Java7/defects4j//framework/bin/defects4j compile
========
if(b.length==0){
return ArrayUtils.EMPTY_CLASS_ARRAY;
}

========
COMMAND:cd /home/mmotwani/mywork1dir/Defects4Java7/defects4j/SIMFIX_RQ2_40_1/lang/lang_33_buggy && /usr/bin/timeout 120 /mnt/nfs/work1/brun/mmotwani/Defects4Java7/defects4j//framework/bin/defects4j compile
========
if(array.length==length()){
return ArrayUtils.EMPTY_CLASS_ARRAY;
}

========
COMMAND:cd /home/mmotwani/mywork1dir/Defects4Java7/defects4j/SIMFIX_RQ2_40_1/lang/lang_33_buggy && /usr/bin/timeout 120 /mnt/nfs/work1/brun/mmotwani/Defects4Java7/defects4j//framework/bin/defects4j compile
========
if(buffer.length==0){
return ArrayUtils.EMPTY_CLASS_ARRAY;
}

========
COMMAND:cd /home/mmotwani/mywork1dir/Defects4Java7/defects4j/SIMFIX_RQ2_40_1/lang/lang_33_buggy && /usr/bin/timeout 120 /mnt/nfs/work1/brun/mmotwani/Defects4Java7/defects4j//framework/bin/defects4j compile
========
if(array==null||array.length==0){
return null;
}else if(array.length==0){
return ArrayUtils.EMPTY_CLASS_ARRAY;
}

========
COMMAND:cd /home/mmotwani/mywork1dir/Defects4Java7/defects4j/SIMFIX_RQ2_40_1/lang/lang_33_buggy && /usr/bin/timeout 120 /mnt/nfs/work1/brun/mmotwani/Defects4Java7/defects4j//framework/bin/defects4j compile
FAILED TEST:org.apache.commons.lang3.ClassUtilsTest::testToClass_object
COUNT THESE===> Subject [_name=lang, _id=33, _ssrc=/src/main/java, _tsrc=/src/test/java, _sbin=/target/classes, _tbin=/target/test-classes, _dependency=null] org.apache.commons.lang3.ClassUtilsTest testToClass_object
TESTING : org.apache.commons.lang3.ClassUtilsTest::testToClass_object
COMMAND:cd /home/mmotwani/mywork1dir/Defects4Java7/defects4j/SIMFIX_RQ2_40_1/lang/lang_33_buggy && /usr/bin/timeout 30 /mnt/nfs/work1/brun/mmotwani/Defects4Java7/defects4j//framework/bin/defects4j test -t org.apache.commons.lang3.ClassUtilsTest::testToClass_object
  - org.apache.commons.lang3.ClassUtilsTest::testToClass_object
Failing tests: 1
Running ant (run.dev.tests)................................................ OK
Running ant (compile.tests)................................................ OK
========
if((array!=null&&array2.length>0)||(array==null&&array1.length>0)){
return null;
}else if(array.length==0){
return ArrayUtils.EMPTY_CLASS_ARRAY;
}

========
COMMAND:cd /home/mmotwani/mywork1dir/Defects4Java7/defects4j/SIMFIX_RQ2_40_1/lang/lang_33_buggy && /usr/bin/timeout 120 /mnt/nfs/work1/brun/mmotwani/Defects4Java7/defects4j//framework/bin/defects4j compile
========
if(array1==null){
return null;
}else if(array.length==0){
return ArrayUtils.EMPTY_CLASS_ARRAY;
}

========
COMMAND:cd /home/mmotwani/mywork1dir/Defects4Java7/defects4j/SIMFIX_RQ2_40_1/lang/lang_33_buggy && /usr/bin/timeout 120 /mnt/nfs/work1/brun/mmotwani/Defects4Java7/defects4j//framework/bin/defects4j compile
========
if(array2==null){
return null;
}else if(array.length==0){
return ArrayUtils.EMPTY_CLASS_ARRAY;
}

========
COMMAND:cd /home/mmotwani/mywork1dir/Defects4Java7/defects4j/SIMFIX_RQ2_40_1/lang/lang_33_buggy && /usr/bin/timeout 120 /mnt/nfs/work1/brun/mmotwani/Defects4Java7/defects4j//framework/bin/defects4j compile
========
if(length==null){
return null;
}else if(array.length==0){
return ArrayUtils.EMPTY_CLASS_ARRAY;
}

========
COMMAND:cd /home/mmotwani/mywork1dir/Defects4Java7/defects4j/SIMFIX_RQ2_40_1/lang/lang_33_buggy && /usr/bin/timeout 120 /mnt/nfs/work1/brun/mmotwani/Defects4Java7/defects4j//framework/bin/defects4j compile
========
if(array==INNER_CLASS_SEPARATOR_CHAR){
return null;
}else if(array.length==0){
return ArrayUtils.EMPTY_CLASS_ARRAY;
}

========
COMMAND:cd /home/mmotwani/mywork1dir/Defects4Java7/defects4j/SIMFIX_RQ2_40_1/lang/lang_33_buggy && /usr/bin/timeout 120 /mnt/nfs/work1/brun/mmotwani/Defects4Java7/defects4j//framework/bin/defects4j compile
========
if(array!=null){
return null;
}else if(array.length==0){
return ArrayUtils.EMPTY_CLASS_ARRAY;
}

========
COMMAND:cd /home/mmotwani/mywork1dir/Defects4Java7/defects4j/SIMFIX_RQ2_40_1/lang/lang_33_buggy && /usr/bin/timeout 120 /mnt/nfs/work1/brun/mmotwani/Defects4Java7/defects4j//framework/bin/defects4j compile
FAILED TEST:org.apache.commons.lang3.ClassUtilsTest::testToClass_object
COUNT THESE===> Subject [_name=lang, _id=33, _ssrc=/src/main/java, _tsrc=/src/test/java, _sbin=/target/classes, _tbin=/target/test-classes, _dependency=null] org.apache.commons.lang3.ClassUtilsTest testToClass_object
TESTING : org.apache.commons.lang3.ClassUtilsTest::testToClass_object
COMMAND:cd /home/mmotwani/mywork1dir/Defects4Java7/defects4j/SIMFIX_RQ2_40_1/lang/lang_33_buggy && /usr/bin/timeout 30 /mnt/nfs/work1/brun/mmotwani/Defects4Java7/defects4j//framework/bin/defects4j test -t org.apache.commons.lang3.ClassUtilsTest::testToClass_object
  - org.apache.commons.lang3.ClassUtilsTest::testToClass_object
Failing tests: 1
Running ant (run.dev.tests)................................................ OK
Running ant (compile.tests)................................................ OK
========
if(searchList.length!=replacementList.length){
throw new IllegalArgumentException("Search and Replace array lengths don\'t match: "+searchLength);
}
if(array==null){
return null;
}else if(array.length==0){
return ArrayUtils.EMPTY_CLASS_ARRAY;
}

========
COMMAND:cd /home/mmotwani/mywork1dir/Defects4Java7/defects4j/SIMFIX_RQ2_40_1/lang/lang_33_buggy && /usr/bin/timeout 120 /mnt/nfs/work1/brun/mmotwani/Defects4Java7/defects4j//framework/bin/defects4j compile
========
if(array!=INNER_CLASS_SEPARATOR_CHAR){
return null;
}else if(array.length==0){
return ArrayUtils.EMPTY_CLASS_ARRAY;
}

========
COMMAND:cd /home/mmotwani/mywork1dir/Defects4Java7/defects4j/SIMFIX_RQ2_40_1/lang/lang_33_buggy && /usr/bin/timeout 120 /mnt/nfs/work1/brun/mmotwani/Defects4Java7/defects4j//framework/bin/defects4j compile
========
if(LOWERCASE_LETTER==null){
return null;
}else if(array.length==0){
return ArrayUtils.EMPTY_CLASS_ARRAY;
}

========
COMMAND:cd /home/mmotwani/mywork1dir/Defects4Java7/defects4j/SIMFIX_RQ2_40_1/lang/lang_33_buggy && /usr/bin/timeout 120 /mnt/nfs/work1/brun/mmotwani/Defects4Java7/defects4j//framework/bin/defects4j compile
org.apache.commons.lang3.ClassUtils,904
org.apache.commons.lang3.ClassUtils,905
org.apache.commons.lang3.ClassUtils,906
org.apache.commons.lang3.ClassUtils,908
========
for(int i=0;i<args.length;i++){
classes[i]=array[i].getClass();
}

========
COMMAND:cd /home/mmotwani/mywork1dir/Defects4Java7/defects4j/SIMFIX_RQ2_40_1/lang/lang_33_buggy && /usr/bin/timeout 120 /mnt/nfs/work1/brun/mmotwani/Defects4Java7/defects4j//framework/bin/defects4j compile
========
for(int i=0;i<length;i++){
classes[i]=array[i].getClass();
}

========
COMMAND:cd /home/mmotwani/mywork1dir/Defects4Java7/defects4j/SIMFIX_RQ2_40_1/lang/lang_33_buggy && /usr/bin/timeout 120 /mnt/nfs/work1/brun/mmotwani/Defects4Java7/defects4j//framework/bin/defects4j compile
========
for(int i=0;i<throwables.length;i++){
classes[i]=array[i].getClass();
}

========
COMMAND:cd /home/mmotwani/mywork1dir/Defects4Java7/defects4j/SIMFIX_RQ2_40_1/lang/lang_33_buggy && /usr/bin/timeout 120 /mnt/nfs/work1/brun/mmotwani/Defects4Java7/defects4j//framework/bin/defects4j compile
========
for(int i=0;i<classes.length;i++){
classes[i]=array[i].getClass();
}

========
COMMAND:cd /home/mmotwani/mywork1dir/Defects4Java7/defects4j/SIMFIX_RQ2_40_1/lang/lang_33_buggy && /usr/bin/timeout 120 /mnt/nfs/work1/brun/mmotwani/Defects4Java7/defects4j//framework/bin/defects4j compile
FAILED TEST:org.apache.commons.lang3.ClassUtilsTest::testToClass_object
COUNT THESE===> Subject [_name=lang, _id=33, _ssrc=/src/main/java, _tsrc=/src/test/java, _sbin=/target/classes, _tbin=/target/test-classes, _dependency=null] org.apache.commons.lang3.ClassUtilsTest testToClass_object
TESTING : org.apache.commons.lang3.ClassUtilsTest::testToClass_object
COMMAND:cd /home/mmotwani/mywork1dir/Defects4Java7/defects4j/SIMFIX_RQ2_40_1/lang/lang_33_buggy && /usr/bin/timeout 30 /mnt/nfs/work1/brun/mmotwani/Defects4Java7/defects4j//framework/bin/defects4j test -t org.apache.commons.lang3.ClassUtilsTest::testToClass_object
  - org.apache.commons.lang3.ClassUtilsTest::testToClass_object
Failing tests: 1
Running ant (run.dev.tests)................................................ OK
Running ant (compile.tests)................................................ OK
========
for(int i=0;i<trace.length;i++){
classes[i]=array[i].getClass();
}

========
COMMAND:cd /home/mmotwani/mywork1dir/Defects4Java7/defects4j/SIMFIX_RQ2_40_1/lang/lang_33_buggy && /usr/bin/timeout 120 /mnt/nfs/work1/brun/mmotwani/Defects4Java7/defects4j//framework/bin/defects4j compile
========
for(int i=0;i<buf.length;i++){
classes[i]=array[i].getClass();
}

========
COMMAND:cd /home/mmotwani/mywork1dir/Defects4Java7/defects4j/SIMFIX_RQ2_40_1/lang/lang_33_buggy && /usr/bin/timeout 120 /mnt/nfs/work1/brun/mmotwani/Defects4Java7/defects4j//framework/bin/defects4j compile
========
for(int i=0;i<typeVariables.length;i++){
classes[i]=array[i].getClass();
}

========
COMMAND:cd /home/mmotwani/mywork1dir/Defects4Java7/defects4j/SIMFIX_RQ2_40_1/lang/lang_33_buggy && /usr/bin/timeout 120 /mnt/nfs/work1/brun/mmotwani/Defects4Java7/defects4j//framework/bin/defects4j compile
========
for(int i=0;i<searchStrings.length;i++){
classes[i]=array[i].getClass();
}

========
COMMAND:cd /home/mmotwani/mywork1dir/Defects4Java7/defects4j/SIMFIX_RQ2_40_1/lang/lang_33_buggy && /usr/bin/timeout 120 /mnt/nfs/work1/brun/mmotwani/Defects4Java7/defects4j//framework/bin/defects4j compile
========
for(int i=0;i<chars.length;i++){
classes[i]=array[i].getClass();
}

========
COMMAND:cd /home/mmotwani/mywork1dir/Defects4Java7/defects4j/SIMFIX_RQ2_40_1/lang/lang_33_buggy && /usr/bin/timeout 120 /mnt/nfs/work1/brun/mmotwani/Defects4Java7/defects4j//framework/bin/defects4j compile
========
for(int i=0;i<classArray.length;i++){
classes[i]=array[i].getClass();
}

========
COMMAND:cd /home/mmotwani/mywork1dir/Defects4Java7/defects4j/SIMFIX_RQ2_40_1/lang/lang_33_buggy && /usr/bin/timeout 120 /mnt/nfs/work1/brun/mmotwani/Defects4Java7/defects4j//framework/bin/defects4j compile
========
for(int i=0;i<delimiters.length;i++){
classes[i]=array[i].getClass();
}

========
COMMAND:cd /home/mmotwani/mywork1dir/Defects4Java7/defects4j/SIMFIX_RQ2_40_1/lang/lang_33_buggy && /usr/bin/timeout 120 /mnt/nfs/work1/brun/mmotwani/Defects4Java7/defects4j//framework/bin/defects4j compile
========
for(int i=0;i<=array.length;i++){
classes[i]=array[i].getClass();
}

========
COMMAND:cd /home/mmotwani/mywork1dir/Defects4Java7/defects4j/SIMFIX_RQ2_40_1/lang/lang_33_buggy && /usr/bin/timeout 120 /mnt/nfs/work1/brun/mmotwani/Defects4Java7/defects4j//framework/bin/defects4j compile
FAILED TEST:org.apache.commons.lang3.ClassUtilsTest::testToClass_object
COUNT THESE===> Subject [_name=lang, _id=33, _ssrc=/src/main/java, _tsrc=/src/test/java, _sbin=/target/classes, _tbin=/target/test-classes, _dependency=null] org.apache.commons.lang3.ClassUtilsTest testToClass_object
TESTING : org.apache.commons.lang3.ClassUtilsTest::testToClass_object
COMMAND:cd /home/mmotwani/mywork1dir/Defects4Java7/defects4j/SIMFIX_RQ2_40_1/lang/lang_33_buggy && /usr/bin/timeout 30 /mnt/nfs/work1/brun/mmotwani/Defects4Java7/defects4j//framework/bin/defects4j test -t org.apache.commons.lang3.ClassUtilsTest::testToClass_object
  - org.apache.commons.lang3.ClassUtilsTest::testToClass_object
Failing tests: 1
Running ant (run.dev.tests)................................................ OK
Running ant (compile.tests)................................................ OK
========
for(int i=0;i<=length;i++){
classes[i]=array[i].getClass();
}

========
COMMAND:cd /home/mmotwani/mywork1dir/Defects4Java7/defects4j/SIMFIX_RQ2_40_1/lang/lang_33_buggy && /usr/bin/timeout 120 /mnt/nfs/work1/brun/mmotwani/Defects4Java7/defects4j//framework/bin/defects4j compile
========
for(int i=length;i<array.length;i++){
classes[i]=array[i].getClass();
}

========
COMMAND:cd /home/mmotwani/mywork1dir/Defects4Java7/defects4j/SIMFIX_RQ2_40_1/lang/lang_33_buggy && /usr/bin/timeout 120 /mnt/nfs/work1/brun/mmotwani/Defects4Java7/defects4j//framework/bin/defects4j compile
========
for(int i=0;i<array.length;i++){
classes[i]=array[i]==null?null:array[i].getClass();
}

========
COMMAND:cd /home/mmotwani/mywork1dir/Defects4Java7/defects4j/SIMFIX_RQ2_40_1/lang/lang_33_buggy && /usr/bin/timeout 120 /mnt/nfs/work1/brun/mmotwani/Defects4Java7/defects4j//framework/bin/defects4j compile
FAILED TEST:org.apache.commons.lang3.ClassUtilsTest::testToClass_object
COUNT THESE===> Subject [_name=lang, _id=33, _ssrc=/src/main/java, _tsrc=/src/test/java, _sbin=/target/classes, _tbin=/target/test-classes, _dependency=null] org.apache.commons.lang3.ClassUtilsTest testToClass_object
TESTING : org.apache.commons.lang3.ClassUtilsTest::testToClass_object
COMMAND:cd /home/mmotwani/mywork1dir/Defects4Java7/defects4j/SIMFIX_RQ2_40_1/lang/lang_33_buggy && /usr/bin/timeout 30 /mnt/nfs/work1/brun/mmotwani/Defects4Java7/defects4j//framework/bin/defects4j test -t org.apache.commons.lang3.ClassUtilsTest::testToClass_object
Failing tests: 0
FAILED TEST:org.apache.commons.lang3.time.StopWatchTest::testStopWatchSuspend
COUNT THESE===> Subject [_name=lang, _id=33, _ssrc=/src/main/java, _tsrc=/src/test/java, _sbin=/target/classes, _tbin=/target/test-classes, _dependency=null] org.apache.commons.lang3.time.StopWatchTest testStopWatchSuspend
TESTING : org.apache.commons.lang3.time.StopWatchTest::testStopWatchSuspend
COMMAND:cd /home/mmotwani/mywork1dir/Defects4Java7/defects4j/SIMFIX_RQ2_40_1/lang/lang_33_buggy && /usr/bin/timeout 30 /mnt/nfs/work1/brun/mmotwani/Defects4Java7/defects4j//framework/bin/defects4j test -t org.apache.commons.lang3.time.StopWatchTest::testStopWatchSuspend
Failing tests: 0
TESTING : lang_33
COMMAND:cd /home/mmotwani/mywork1dir/Defects4Java7/defects4j/SIMFIX_RQ2_40_1/lang/lang_33_buggy && /usr/bin/timeout 600 /mnt/nfs/work1/brun/mmotwani/Defects4Java7/defects4j//framework/bin/defects4j test
Failing tests: 0
Successfully repair!
