java version "1.7.0_231"
OpenJDK Runtime Environment (rhel-2.6.19.1.el7_6-x86_64 u231-b01)
OpenJDK 64-Bit Server VM (build 24.231-b01, mixed mode)
Check out 1fd45a4f to /mnt/nfs/work1/brun/mmotwani/Defects4Java7/defects4j/ OK
Init local repository...................................................... OK
Tag post-fix revision...................................................... OK
Initialize fixed program version........................................... OK
Apply patch................................................................ OK
Initialize buggy program version........................................... OK
Diff 1fd45a4f:8185a5f6..................................................... OK
Apply patch................................................................ OK
Tag pre-fix revision....................................................... OK
Check out program version: Lang-58b........................................ OK
Running ant (compile)...................................................... OK
Running ant (compile.tests)................................................ OK
Running ant (compile.tests)................................................ OK
Running ant (run.dev.tests)................................................ OK
Failing tests: 1
  - org.apache.commons.lang.math.NumberUtilsTest::testLang300
/home/mmotwani/mywork1dir/Defects4Java7/defects4j/SIMFIX_RQ2_20_4
PURIFY IS FALSE
=================================================
Project : lang_58	start : 19/10/16 17:32

readFailedTest: path is /mnt/nfs/work1/brun/mmotwani/SimFix/d4j-info/failed_tests/lang/58.txt#ATTEMPTS: 1

# FAILING TESTS: 1
TIMEOUT : 18000000
===========
locations= [<org.apache.commons.lang.math.NumberUtils,464>, <org.apache.commons.lang.math.NumberUtils,1508>, <org.apache.commons.lang.math.NumberUtils,398>, <org.apache.commons.lang.math.NumberUtils,401>, <org.apache.commons.lang.math.NumberUtils,404>, <org.apache.commons.lang.math.NumberUtils,411>, <org.apache.commons.lang.math.NumberUtils,414>, <org.apache.commons.lang.math.NumberUtils,418>, <org.apache.commons.lang.math.NumberUtils,419>, <org.apache.commons.lang.math.NumberUtils,421>, <org.apache.commons.lang.math.NumberUtils,433>, <org.apache.commons.lang.math.NumberUtils,436>, <org.apache.commons.lang.math.NumberUtils,438>, <org.apache.commons.lang.math.NumberUtils,440>, <org.apache.commons.lang.math.NumberUtils,441>, <org.apache.commons.lang.math.NumberUtils,444>, <org.apache.commons.lang.math.NumberUtils,447>, <org.apache.commons.lang.math.NumberUtils,448>, <org.apache.commons.lang.math.NumberUtils,449>, <org.apache.commons.lang.math.NumberUtils,452>, <org.apache.commons.lang.math.NumberUtils,457>, <org.apache.commons.lang.math.NumberUtils,556>, <org.apache.commons.lang.math.NumberUtils,559>, <org.apache.commons.lang.math.NumberUtils,560>, <org.apache.commons.lang.math.NumberUtils,561>, <org.apache.commons.lang.math.NumberUtils,628>, <org.apache.commons.lang.math.NumberUtils,631>, <org.apache.commons.lang.math.NumberUtils,1507>, <org.apache.commons.lang.math.NumberUtils,1510>, <org.apache.commons.lang.math.NumberUtils,1511>, <org.apache.commons.lang.math.NumberUtils,1515>, <org.apache.commons.lang.StringUtils,185>, <org.apache.commons.lang.StringUtils,223>, <org.apache.commons.lang.StringUtils,226>, <org.apache.commons.lang.StringUtils,227>, <org.apache.commons.lang.StringUtils,228>, <org.apache.commons.lang.math.NumberUtils,41>, <org.apache.commons.lang.math.NumberUtils,43>, <org.apache.commons.lang.math.NumberUtils,45>, <org.apache.commons.lang.math.NumberUtils,47>, <org.apache.commons.lang.math.NumberUtils,49>, <org.apache.commons.lang.math.NumberUtils,51>, <org.apache.commons.lang.math.NumberUtils,53>, <org.apache.commons.lang.math.NumberUtils,55>, <org.apache.commons.lang.math.NumberUtils,57>, <org.apache.commons.lang.math.NumberUtils,59>, <org.apache.commons.lang.math.NumberUtils,61>, <org.apache.commons.lang.math.NumberUtils,63>, <org.apache.commons.lang.math.NumberUtils,65>, <org.apache.commons.lang.math.NumberUtils,67>, <org.apache.commons.lang.math.NumberUtils,69>, <org.apache.commons.lang.math.NumberUtils,71>, <org.apache.commons.lang.math.NumberUtils,73>, <org.apache.commons.lang.math.NumberUtils,75>, <org.apache.commons.lang.math.NumberUtils,85>, <org.apache.commons.lang.math.NumberUtils,86>, <org.apache.commons.lang.math.NumberUtils,108>, <org.apache.commons.lang.math.NumberUtils,129>, <org.apache.commons.lang.math.NumberUtils,151>, <org.apache.commons.lang.math.NumberUtils,172>, <org.apache.commons.lang.math.NumberUtils,173>, <org.apache.commons.lang.math.NumberUtils,176>, <org.apache.commons.lang.math.NumberUtils,177>, <org.apache.commons.lang.math.NumberUtils,178>, <org.apache.commons.lang.math.NumberUtils,200>, <org.apache.commons.lang.math.NumberUtils,221>, <org.apache.commons.lang.math.NumberUtils,222>, <org.apache.commons.lang.math.NumberUtils,225>, <org.apache.commons.lang.math.NumberUtils,226>, <org.apache.commons.lang.math.NumberUtils,227>, <org.apache.commons.lang.math.NumberUtils,250>, <org.apache.commons.lang.math.NumberUtils,273>, <org.apache.commons.lang.math.NumberUtils,274>, <org.apache.commons.lang.math.NumberUtils,277>, <org.apache.commons.lang.math.NumberUtils,278>, <org.apache.commons.lang.math.NumberUtils,279>, <org.apache.commons.lang.math.NumberUtils,302>, <org.apache.commons.lang.math.NumberUtils,325>, <org.apache.commons.lang.math.NumberUtils,326>, <org.apache.commons.lang.math.NumberUtils,329>, <org.apache.commons.lang.math.NumberUtils,330>, <org.apache.commons.lang.math.NumberUtils,331>, <org.apache.commons.lang.math.NumberUtils,399>, <org.apache.commons.lang.math.NumberUtils,402>, <org.apache.commons.lang.math.NumberUtils,409>, <org.apache.commons.lang.math.NumberUtils,412>, <org.apache.commons.lang.math.NumberUtils,423>, <org.apache.commons.lang.math.NumberUtils,424>, <org.apache.commons.lang.math.NumberUtils,425>, <org.apache.commons.lang.math.NumberUtils,427>, <org.apache.commons.lang.math.NumberUtils,429>, <org.apache.commons.lang.math.NumberUtils,431>, <org.apache.commons.lang.math.NumberUtils,434>, <org.apache.commons.lang.math.NumberUtils,442>, <org.apache.commons.lang.math.NumberUtils,458>, <org.apache.commons.lang.math.NumberUtils,461>, <org.apache.commons.lang.math.NumberUtils,468>, <org.apache.commons.lang.math.NumberUtils,469>, <org.apache.commons.lang.math.NumberUtils,472>, <org.apache.commons.lang.math.NumberUtils,477>, <org.apache.commons.lang.math.NumberUtils,475>, <org.apache.commons.lang.math.NumberUtils,482>, <org.apache.commons.lang.math.NumberUtils,483>, <org.apache.commons.lang.math.NumberUtils,484>, <org.apache.commons.lang.math.NumberUtils,488>, <org.apache.commons.lang.math.NumberUtils,486>, <org.apache.commons.lang.math.NumberUtils,490>, <org.apache.commons.lang.math.NumberUtils,491>, <org.apache.commons.lang.math.NumberUtils,496>, <org.apache.commons.lang.math.NumberUtils,502>, <org.apache.commons.lang.math.NumberUtils,503>, <org.apache.commons.lang.math.NumberUtils,505>, <org.apache.commons.lang.math.NumberUtils,507>, <org.apache.commons.lang.math.NumberUtils,510>, <org.apache.commons.lang.math.NumberUtils,511>, <org.apache.commons.lang.math.NumberUtils,515>, <org.apache.commons.lang.math.NumberUtils,516>, <org.apache.commons.lang.math.NumberUtils,519>, <org.apache.commons.lang.math.NumberUtils,523>, <org.apache.commons.lang.math.NumberUtils,525>, <org.apache.commons.lang.math.NumberUtils,526>, <org.apache.commons.lang.math.NumberUtils,527>, <org.apache.commons.lang.math.NumberUtils,531>, <org.apache.commons.lang.math.NumberUtils,529>, <org.apache.commons.lang.math.NumberUtils,533>, <org.apache.commons.lang.math.NumberUtils,534>, <org.apache.commons.lang.math.NumberUtils,535>, <org.apache.commons.lang.math.NumberUtils,539>, <org.apache.commons.lang.math.NumberUtils,537>, <org.apache.commons.lang.math.NumberUtils,541>, <org.apache.commons.lang.math.NumberUtils,557>, <org.apache.commons.lang.math.NumberUtils,564>, <org.apache.commons.lang.math.NumberUtils,578>, <org.apache.commons.lang.math.NumberUtils,579>, <org.apache.commons.lang.math.NumberUtils,581>, <org.apache.commons.lang.math.NumberUtils,594>, <org.apache.commons.lang.math.NumberUtils,595>, <org.apache.commons.lang.math.NumberUtils,597>, <org.apache.commons.lang.math.NumberUtils,611>, <org.apache.commons.lang.math.NumberUtils,612>, <org.apache.commons.lang.math.NumberUtils,615>, <org.apache.commons.lang.math.NumberUtils,629>, <org.apache.commons.lang.math.NumberUtils,644>, <org.apache.commons.lang.math.NumberUtils,645>, <org.apache.commons.lang.math.NumberUtils,647>, <org.apache.commons.lang.math.NumberUtils,660>, <org.apache.commons.lang.math.NumberUtils,661>, <org.apache.commons.lang.math.NumberUtils,664>, <org.apache.commons.lang.math.NumberUtils,665>, <org.apache.commons.lang.math.NumberUtils,667>, <org.apache.commons.lang.math.NumberUtils,680>, <org.apache.commons.lang.math.NumberUtils,681>, <org.apache.commons.lang.math.NumberUtils,683>, <org.apache.commons.lang.math.NumberUtils,684>, <org.apache.commons.lang.math.NumberUtils,686>, <org.apache.commons.lang.math.NumberUtils,687>, <org.apache.commons.lang.math.NumberUtils,690>, <org.apache.commons.lang.math.NumberUtils,691>, <org.apache.commons.lang.math.NumberUtils,692>, <org.apache.commons.lang.math.NumberUtils,696>, <org.apache.commons.lang.math.NumberUtils,707>, <org.apache.commons.lang.math.NumberUtils,708>, <org.apache.commons.lang.math.NumberUtils,710>, <org.apache.commons.lang.math.NumberUtils,711>, <org.apache.commons.lang.math.NumberUtils,713>, <org.apache.commons.lang.math.NumberUtils,714>, <org.apache.commons.lang.math.NumberUtils,717>, <org.apache.commons.lang.math.NumberUtils,718>, <org.apache.commons.lang.math.NumberUtils,719>, <org.apache.commons.lang.math.NumberUtils,723>, <org.apache.commons.lang.math.NumberUtils,734>, <org.apache.commons.lang.math.NumberUtils,735>, <org.apache.commons.lang.math.NumberUtils,737>, <org.apache.commons.lang.math.NumberUtils,738>, <org.apache.commons.lang.math.NumberUtils,740>, <org.apache.commons.lang.math.NumberUtils,741>, <org.apache.commons.lang.math.NumberUtils,744>, <org.apache.commons.lang.math.NumberUtils,745>, <org.apache.commons.lang.math.NumberUtils,746>, <org.apache.commons.lang.math.NumberUtils,750>, <org.apache.commons.lang.math.NumberUtils,761>, <org.apache.commons.lang.math.NumberUtils,762>, <org.apache.commons.lang.math.NumberUtils,764>, <org.apache.commons.lang.math.NumberUtils,765>, <org.apache.commons.lang.math.NumberUtils,767>, <org.apache.commons.lang.math.NumberUtils,768>, <org.apache.commons.lang.math.NumberUtils,771>, <org.apache.commons.lang.math.NumberUtils,772>, <org.apache.commons.lang.math.NumberUtils,773>, <org.apache.commons.lang.math.NumberUtils,777>, <org.apache.commons.lang.math.NumberUtils,788>, <org.apache.commons.lang.math.NumberUtils,789>, <org.apache.commons.lang.math.NumberUtils,791>, <org.apache.commons.lang.math.NumberUtils,792>, <org.apache.commons.lang.math.NumberUtils,794>, <org.apache.commons.lang.math.NumberUtils,795>, <org.apache.commons.lang.math.NumberUtils,798>, <org.apache.commons.lang.math.NumberUtils,799>, <org.apache.commons.lang.math.NumberUtils,800>, <org.apache.commons.lang.math.NumberUtils,804>]
======================org.apache.commons.lang.math.NumberUtils,464
========
if(dec==null&&exp==null&&(numeric.charAt(0)=='-'&&isDigits(numeric.substring(1))||isDigits(numeric))){
try{
return createLong(numeric);
}catch (NumberFormatException nfe) {
}

return createBigInteger(numeric);
}

========
COMMAND:cd /home/mmotwani/mywork1dir/Defects4Java7/defects4j/SIMFIX_RQ2_20_4/lang/lang_58_buggy && /usr/bin/timeout 120 /mnt/nfs/work1/brun/mmotwani/Defects4Java7/defects4j//framework/bin/defects4j compile
FAILED TEST:org.apache.commons.lang.math.NumberUtilsTest::testLang300
COUNT THESE===> Subject [_name=lang, _id=58, _ssrc=/src/java, _tsrc=/src/test, _sbin=/target/classes, _tbin=/target/tests, _dependency=null] org.apache.commons.lang.math.NumberUtilsTest testLang300
TESTING : org.apache.commons.lang.math.NumberUtilsTest::testLang300
COMMAND:cd /home/mmotwani/mywork1dir/Defects4Java7/defects4j/SIMFIX_RQ2_20_4/lang/lang_58_buggy && /usr/bin/timeout 30 /mnt/nfs/work1/brun/mmotwani/Defects4Java7/defects4j//framework/bin/defects4j test -t org.apache.commons.lang.math.NumberUtilsTest::testLang300
Failing tests: 0
TESTING : lang_58
COMMAND:cd /home/mmotwani/mywork1dir/Defects4Java7/defects4j/SIMFIX_RQ2_20_4/lang/lang_58_buggy && /usr/bin/timeout 600 /mnt/nfs/work1/brun/mmotwani/Defects4Java7/defects4j//framework/bin/defects4j test
Failing tests: 0
Successfully repair!
