java version "1.7.0_231"
OpenJDK Runtime Environment (rhel-2.6.19.1.el7_6-x86_64 u231-b01)
OpenJDK 64-Bit Server VM (build 24.231-b01, mixed mode)
Check out e54a1c92 to /mnt/nfs/work1/brun/mmotwani/Defects4Java7/defects4j/ OK
Init local repository...................................................... OK
Tag post-fix revision...................................................... OK
Initialize fixed program version........................................... OK
Apply patch................................................................ OK
Initialize buggy program version........................................... OK
Diff e54a1c92:f5bcba81..................................................... OK
Apply patch................................................................ OK
Tag pre-fix revision....................................................... OK
Check out program version: Math-5b......................................... OK
Running ant (compile)...................................................... OK
Running ant (compile.tests)................................................ OK
Running ant (compile.tests)................................................ OK
Running ant (run.dev.tests)................................................ OK
Failing tests: 1
  - org.apache.commons.math3.complex.ComplexTest::testReciprocalZero
/home/mmotwani/mywork1dir/Defects4Java7/defects4j/SIMFIX_RQ2_40_4
PURIFY IS FALSE
=================================================
Project : math_5	start : 19/10/18 18:58

Field type inconsistancy 'optimizer' with types : MultivariateDifferentiableVectorOptimizer and MultivariateVectorOptimizer
Field type inconsistancy 'start' with types : Vector2D and Vector3D
Field type inconsistancy 'end' with types : Vector2D and Vector3D
Variable type inconsistancy of 'start' in method 'getSegments' with types : Vector2D and Vector3D
Variable type inconsistancy of 'end' in method 'getSegments' with types : Vector2D and Vector3D
Field type inconsistancy 'SUPER' with types : AbstractScalarDifferentiableOptimizer and GradientMultivariateOptimizer
Field type inconsistancy 'updateFormula' with types : ConjugateGradientFormula and Formula
Field type inconsistancy 'SUPER' with types : BaseAbstractMultivariateOptimizer<MultivariateFunction> and MultivariateOptimizer
Field type inconsistancy 'SUPER' with types : BaseAbstractMultivariateSimpleBoundsOptimizer<MultivariateFunction> and MultivariateOptimizer
Field type inconsistancy 'SUPER' with types : BaseAbstractMultivariateOptimizer<MultivariateFunction> and MultivariateOptimizer
Field type inconsistancy 'SUPER' with types : BaseAbstractMultivariateSimpleBoundsOptimizer<MultivariateFunction> and MultivariateOptimizer
Field type inconsistancy 'SUPER' with types : BaseAbstractMultivariateVectorOptimizer<DifferentiableMultivariateVectorFunction> and JacobianMultivariateVectorOptimizer
Field type inconsistancy 'SUPER' with types : BaseAbstractUnivariateOptimizer and UnivariateOptimizer
Field type inconsistancy 'SUPER' with types : AbstractLinearOptimizer and LinearOptimizer
readFailedTest: path is /mnt/nfs/work1/brun/mmotwani/SimFix/d4j-info/failed_tests/math/5.txt#ATTEMPTS: 1

# FAILING TESTS: 1
TIMEOUT : 18000000
===========
locations= [<org.apache.commons.math3.complex.Complex,300>, <org.apache.commons.math3.complex.Complex,304>, <org.apache.commons.math3.complex.Complex,305>, <org.apache.commons.math3.complex.Complex,1228>, <org.apache.commons.math3.complex.Complex,344>, <org.apache.commons.math3.complex.Complex,345>, <org.apache.commons.math3.complex.Complex,348>, <org.apache.commons.math3.complex.Complex,343>, <org.apache.commons.math3.complex.Complex,340>, <org.apache.commons.math3.complex.Complex,98>, <org.apache.commons.math3.complex.Complex,99>, <org.apache.commons.math3.complex.Complex,100>, <org.apache.commons.math3.complex.Complex,102>, <org.apache.commons.math3.complex.Complex,103>, <org.apache.commons.math3.complex.Complex,105>, <org.apache.commons.math3.complex.Complex,59>, <org.apache.commons.math3.complex.Complex,62>, <org.apache.commons.math3.complex.Complex,65>, <org.apache.commons.math3.complex.Complex,67>, <org.apache.commons.math3.complex.Complex,69>, <org.apache.commons.math3.complex.Complex,89>, <org.apache.commons.math3.complex.Complex,90>, <org.apache.commons.math3.complex.Complex,116>, <org.apache.commons.math3.complex.Complex,117>, <org.apache.commons.math3.complex.Complex,119>, <org.apache.commons.math3.complex.Complex,120>, <org.apache.commons.math3.complex.Complex,122>, <org.apache.commons.math3.complex.Complex,123>, <org.apache.commons.math3.complex.Complex,124>, <org.apache.commons.math3.complex.Complex,126>, <org.apache.commons.math3.complex.Complex,127>, <org.apache.commons.math3.complex.Complex,129>, <org.apache.commons.math3.complex.Complex,130>, <org.apache.commons.math3.complex.Complex,132>, <org.apache.commons.math3.complex.Complex,133>, <org.apache.commons.math3.complex.Complex,157>, <org.apache.commons.math3.complex.Complex,158>, <org.apache.commons.math3.complex.Complex,159>, <org.apache.commons.math3.complex.Complex,162>, <org.apache.commons.math3.complex.Complex,175>, <org.apache.commons.math3.complex.Complex,176>, <org.apache.commons.math3.complex.Complex,179>, <org.apache.commons.math3.complex.Complex,197>, <org.apache.commons.math3.complex.Complex,198>, <org.apache.commons.math3.complex.Complex,201>, <org.apache.commons.math3.complex.Complex,248>, <org.apache.commons.math3.complex.Complex,249>, <org.apache.commons.math3.complex.Complex,250>, <org.apache.commons.math3.complex.Complex,253>, <org.apache.commons.math3.complex.Complex,254>, <org.apache.commons.math3.complex.Complex,255>, <org.apache.commons.math3.complex.Complex,256>, <org.apache.commons.math3.complex.Complex,259>, <org.apache.commons.math3.complex.Complex,260>, <org.apache.commons.math3.complex.Complex,263>, <org.apache.commons.math3.complex.Complex,264>, <org.apache.commons.math3.complex.Complex,265>, <org.apache.commons.math3.complex.Complex,266>, <org.apache.commons.math3.complex.Complex,269>, <org.apache.commons.math3.complex.Complex,270>, <org.apache.commons.math3.complex.Complex,271>, <org.apache.commons.math3.complex.Complex,285>, <org.apache.commons.math3.complex.Complex,286>, <org.apache.commons.math3.complex.Complex,288>, <org.apache.commons.math3.complex.Complex,289>, <org.apache.commons.math3.complex.Complex,291>, <org.apache.commons.math3.complex.Complex,292>, <org.apache.commons.math3.complex.Complex,294>, <org.apache.commons.math3.complex.Complex,301>, <org.apache.commons.math3.complex.Complex,308>, <org.apache.commons.math3.complex.Complex,309>, <org.apache.commons.math3.complex.Complex,312>, <org.apache.commons.math3.complex.Complex,313>, <org.apache.commons.math3.complex.Complex,314>, <org.apache.commons.math3.complex.Complex,315>, <org.apache.commons.math3.complex.Complex,317>, <org.apache.commons.math3.complex.Complex,318>, <org.apache.commons.math3.complex.Complex,319>, <org.apache.commons.math3.complex.Complex,341>, <org.apache.commons.math3.complex.Complex,346>, <org.apache.commons.math3.complex.Complex,351>, <org.apache.commons.math3.complex.Complex,363>, <org.apache.commons.math3.complex.Complex,364>, <org.apache.commons.math3.complex.Complex,366>, <org.apache.commons.math3.complex.Complex,376>, <org.apache.commons.math3.complex.Complex,385>, <org.apache.commons.math3.complex.Complex,396>, <org.apache.commons.math3.complex.Complex,409>, <org.apache.commons.math3.complex.Complex,438>, <org.apache.commons.math3.complex.Complex,439>, <org.apache.commons.math3.complex.Complex,440>, <org.apache.commons.math3.complex.Complex,442>, <org.apache.commons.math3.complex.Complex,447>, <org.apache.commons.math3.complex.Complex,449>, <org.apache.commons.math3.complex.Complex,462>, <org.apache.commons.math3.complex.Complex,463>, <org.apache.commons.math3.complex.Complex,465>, <org.apache.commons.math3.complex.Complex,467>, <org.apache.commons.math3.complex.Complex,469>, <org.apache.commons.math3.complex.Complex,481>, <org.apache.commons.math3.complex.Complex,482>, <org.apache.commons.math3.complex.Complex,484>, <org.apache.commons.math3.complex.Complex,488>, <org.apache.commons.math3.complex.Complex,490>, <org.apache.commons.math3.complex.Complex,501>, <org.apache.commons.math3.complex.Complex,502>, <org.apache.commons.math3.complex.Complex,505>, <org.apache.commons.math3.complex.Complex,528>, <org.apache.commons.math3.complex.Complex,529>, <org.apache.commons.math3.complex.Complex,530>, <org.apache.commons.math3.complex.Complex,533>, <org.apache.commons.math3.complex.Complex,546>, <org.apache.commons.math3.complex.Complex,547>, <org.apache.commons.math3.complex.Complex,549>, <org.apache.commons.math3.complex.Complex,569>, <org.apache.commons.math3.complex.Complex,570>, <org.apache.commons.math3.complex.Complex,573>, <org.apache.commons.math3.complex.Complex,593>, <org.apache.commons.math3.complex.Complex,594>, <org.apache.commons.math3.complex.Complex,597>, <org.apache.commons.math3.complex.Complex,617>, <org.apache.commons.math3.complex.Complex,618>, <org.apache.commons.math3.complex.Complex,621>, <org.apache.commons.math3.complex.Complex,658>, <org.apache.commons.math3.complex.Complex,659>, <org.apache.commons.math3.complex.Complex,662>, <org.apache.commons.math3.complex.Complex,698>, <org.apache.commons.math3.complex.Complex,699>, <org.apache.commons.math3.complex.Complex,702>, <org.apache.commons.math3.complex.Complex,739>, <org.apache.commons.math3.complex.Complex,740>, <org.apache.commons.math3.complex.Complex,743>, <org.apache.commons.math3.complex.Complex,744>, <org.apache.commons.math3.complex.Complex,784>, <org.apache.commons.math3.complex.Complex,785>, <org.apache.commons.math3.complex.Complex,788>, <org.apache.commons.math3.complex.Complex,814>, <org.apache.commons.math3.complex.Complex,815>, <org.apache.commons.math3.complex.Complex,826>, <org.apache.commons.math3.complex.Complex,862>, <org.apache.commons.math3.complex.Complex,863>, <org.apache.commons.math3.complex.Complex,866>, <org.apache.commons.math3.complex.Complex,902>, <org.apache.commons.math3.complex.Complex,903>, <org.apache.commons.math3.complex.Complex,906>, <org.apache.commons.math3.complex.Complex,945>, <org.apache.commons.math3.complex.Complex,946>, <org.apache.commons.math3.complex.Complex,949>, <org.apache.commons.math3.complex.Complex,950>, <org.apache.commons.math3.complex.Complex,953>, <org.apache.commons.math3.complex.Complex,954>, <org.apache.commons.math3.complex.Complex,955>, <org.apache.commons.math3.complex.Complex,957>, <org.apache.commons.math3.complex.Complex,980>, <org.apache.commons.math3.complex.Complex,1016>, <org.apache.commons.math3.complex.Complex,1017>, <org.apache.commons.math3.complex.Complex,1019>, <org.apache.commons.math3.complex.Complex,1020>, <org.apache.commons.math3.complex.Complex,1022>, <org.apache.commons.math3.complex.Complex,1023>, <org.apache.commons.math3.complex.Complex,1026>, <org.apache.commons.math3.complex.Complex,1027>, <org.apache.commons.math3.complex.Complex,1028>, <org.apache.commons.math3.complex.Complex,1030>, <org.apache.commons.math3.complex.Complex,1067>, <org.apache.commons.math3.complex.Complex,1068>, <org.apache.commons.math3.complex.Complex,1070>, <org.apache.commons.math3.complex.Complex,1071>, <org.apache.commons.math3.complex.Complex,1073>, <org.apache.commons.math3.complex.Complex,1074>, <org.apache.commons.math3.complex.Complex,1076>, <org.apache.commons.math3.complex.Complex,1077>, <org.apache.commons.math3.complex.Complex,1078>, <org.apache.commons.math3.complex.Complex,1080>, <org.apache.commons.math3.complex.Complex,1104>, <org.apache.commons.math3.complex.Complex,1131>, <org.apache.commons.math3.complex.Complex,1132>, <org.apache.commons.math3.complex.Complex,1136>, <org.apache.commons.math3.complex.Complex,1138>, <org.apache.commons.math3.complex.Complex,1139>, <org.apache.commons.math3.complex.Complex,1140>, <org.apache.commons.math3.complex.Complex,1142>, <org.apache.commons.math3.complex.Complex,1143>, <org.apache.commons.math3.complex.Complex,1144>, <org.apache.commons.math3.complex.Complex,1148>, <org.apache.commons.math3.complex.Complex,1151>, <org.apache.commons.math3.complex.Complex,1152>, <org.apache.commons.math3.complex.Complex,1153>, <org.apache.commons.math3.complex.Complex,1154>, <org.apache.commons.math3.complex.Complex,1156>, <org.apache.commons.math3.complex.Complex,1157>, <org.apache.commons.math3.complex.Complex,1158>, <org.apache.commons.math3.complex.Complex,1159>, <org.apache.commons.math3.complex.Complex,1162>, <org.apache.commons.math3.complex.Complex,1176>, <org.apache.commons.math3.complex.Complex,1188>, <org.apache.commons.math3.complex.Complex,1190>, <org.apache.commons.math3.complex.Complex,1192>, <org.apache.commons.math3.complex.Complex,1202>, <org.apache.commons.math3.complex.Complex,1203>]
======================org.apache.commons.math3.complex.Complex,300
========
if(Double.isInfinite(real)||Double.isInfinite(imaginary)){
return INF;
}
if(isNaN){
return NaN;
}

========
COMMAND:cd /home/mmotwani/mywork1dir/Defects4Java7/defects4j/SIMFIX_RQ2_40_4/math/math_5_buggy && /usr/bin/timeout 120 /mnt/nfs/work1/brun/mmotwani/Defects4Java7/defects4j//framework/bin/defects4j compile
FAILED TEST:org.apache.commons.math3.complex.ComplexTest::testReciprocalZero
COUNT THESE===> Subject [_name=math, _id=5, _ssrc=/src/main/java, _tsrc=/src/test/java, _sbin=/target/classes, _tbin=/target/test-classes, _dependency=null] org.apache.commons.math3.complex.ComplexTest testReciprocalZero
TESTING : org.apache.commons.math3.complex.ComplexTest::testReciprocalZero
COMMAND:cd /home/mmotwani/mywork1dir/Defects4Java7/defects4j/SIMFIX_RQ2_40_4/math/math_5_buggy && /usr/bin/timeout 30 /mnt/nfs/work1/brun/mmotwani/Defects4Java7/defects4j//framework/bin/defects4j test -t org.apache.commons.math3.complex.ComplexTest::testReciprocalZero
  - org.apache.commons.math3.complex.ComplexTest::testReciprocalZero
Failing tests: 1
Running ant (run.dev.tests)................................................ OK
Running ant (compile.tests)................................................ OK
org.apache.commons.math3.complex.Complex,304
========
if(real==0.0&&imaginary==0.0){
return INF;
}

========
COMMAND:cd /home/mmotwani/mywork1dir/Defects4Java7/defects4j/SIMFIX_RQ2_40_4/math/math_5_buggy && /usr/bin/timeout 120 /mnt/nfs/work1/brun/mmotwani/Defects4Java7/defects4j//framework/bin/defects4j compile
FAILED TEST:org.apache.commons.math3.complex.ComplexTest::testReciprocalZero
COUNT THESE===> Subject [_name=math, _id=5, _ssrc=/src/main/java, _tsrc=/src/test/java, _sbin=/target/classes, _tbin=/target/test-classes, _dependency=null] org.apache.commons.math3.complex.ComplexTest testReciprocalZero
TESTING : org.apache.commons.math3.complex.ComplexTest::testReciprocalZero
COMMAND:cd /home/mmotwani/mywork1dir/Defects4Java7/defects4j/SIMFIX_RQ2_40_4/math/math_5_buggy && /usr/bin/timeout 30 /mnt/nfs/work1/brun/mmotwani/Defects4Java7/defects4j//framework/bin/defects4j test -t org.apache.commons.math3.complex.ComplexTest::testReciprocalZero
Failing tests: 0
TESTING : math_5
COMMAND:cd /home/mmotwani/mywork1dir/Defects4Java7/defects4j/SIMFIX_RQ2_40_4/math/math_5_buggy && /usr/bin/timeout 600 /mnt/nfs/work1/brun/mmotwani/Defects4Java7/defects4j//framework/bin/defects4j test
Failing tests: 0
Successfully repair!
