java version "1.7.0_231"
OpenJDK Runtime Environment (rhel-2.6.19.1.el7_6-x86_64 u231-b01)
OpenJDK 64-Bit Server VM (build 24.231-b01, mixed mode)
Check out d2a5bc02 to /mnt/nfs/work1/brun/mmotwani/Defects4Java7/defects4j/ OK
Init local repository...................................................... OK
Tag post-fix revision...................................................... OK
Initialize fixed program version........................................... OK
Apply patch................................................................ OK
Initialize buggy program version........................................... OK
Diff d2a5bc02:91b44a1e..................................................... OK
Apply patch................................................................ OK
Tag pre-fix revision....................................................... OK
Check out program version: Math-63b........................................ OK
Running ant (compile)...................................................... OK
Running ant (compile.tests)................................................ OK
Running ant (compile.tests)................................................ OK
Running ant (run.dev.tests)................................................ OK
Failing tests: 1
  - org.apache.commons.math.util.MathUtilsTest::testArrayEquals
/home/mmotwani/mywork1dir/Defects4Java7/defects4j/SIMFIX_RQ2_40_3
PURIFY IS FALSE
=================================================
Project : math_63	start : 19/10/18 11:53

Field type inconsistancy 'SUPER' with types : MathException and MathIllegalNumberException
Field type inconsistancy 'SUPER' with types : MathIllegalStateException and MathException
readFailedTest: path is /mnt/nfs/work1/brun/mmotwani/SimFix/d4j-info/failed_tests/math/63.txt#ATTEMPTS: 1

# FAILING TESTS: 1
TIMEOUT : 18000000
===========
locations= [<org.apache.commons.math.util.MathUtils,417>, <org.apache.commons.math.util.MathUtils,523>, <org.apache.commons.math.util.MathUtils,524>, <org.apache.commons.math.util.MathUtils,526>, <org.apache.commons.math.util.MathUtils,527>, <org.apache.commons.math.util.MathUtils,529>, <org.apache.commons.math.util.MathUtils,530>, <org.apache.commons.math.util.MathUtils,534>, <org.apache.commons.math.util.MathUtils,33>, <org.apache.commons.math.util.MathUtils,75>, <org.apache.commons.math.util.FastMath,204>, <org.apache.commons.math.util.FastMath,205>, <org.apache.commons.math.util.FastMath,35>, <org.apache.commons.math.util.FastMath,40>, <org.apache.commons.math.util.FastMath,45>, <org.apache.commons.math.util.FastMath,50>, <org.apache.commons.math.util.FastMath,53>, <org.apache.commons.math.util.FastMath,56>, <org.apache.commons.math.util.FastMath,65>, <org.apache.commons.math.util.FastMath,85>, <org.apache.commons.math.util.FastMath,98>, <org.apache.commons.math.util.FastMath,108>, <org.apache.commons.math.util.FastMath,111>, <org.apache.commons.math.util.FastMath,114>, <org.apache.commons.math.util.FastMath,117>, <org.apache.commons.math.util.FastMath,120>, <org.apache.commons.math.util.FastMath,123>, <org.apache.commons.math.util.FastMath,126>, <org.apache.commons.math.util.FastMath,147>, <org.apache.commons.math.util.FastMath,155>, <org.apache.commons.math.util.FastMath,162>, <org.apache.commons.math.util.FastMath,163>, <org.apache.commons.math.util.FastMath,164>, <org.apache.commons.math.util.FastMath,167>, <org.apache.commons.math.util.FastMath,168>, <org.apache.commons.math.util.FastMath,171>, <org.apache.commons.math.util.FastMath,172>, <org.apache.commons.math.util.FastMath,173>, <org.apache.commons.math.util.FastMath,174>, <org.apache.commons.math.util.FastMath,176>, <org.apache.commons.math.util.FastMath,178>, <org.apache.commons.math.util.FastMath,179>, <org.apache.commons.math.util.FastMath,180>, <org.apache.commons.math.util.FastMath,185>, <org.apache.commons.math.util.FastMath,186>, <org.apache.commons.math.util.FastMath,187>, <org.apache.commons.math.util.FastMath,188>, <org.apache.commons.math.util.FastMath,192>, <org.apache.commons.math.util.FastMath,193>, <org.apache.commons.math.util.FastMath,194>, <org.apache.commons.math.util.FastMath,198>, <org.apache.commons.math.util.FastMath,199>, <org.apache.commons.math.util.FastMath,212>, <org.apache.commons.math.util.FastMath,220>, <org.apache.commons.math.util.FastMath,228>, <org.apache.commons.math.util.FastMath,236>, <org.apache.commons.math.util.FastMath,244>, <org.apache.commons.math.util.FastMath,253>, <org.apache.commons.math.util.FastMath,254>, <org.apache.commons.math.util.FastMath,255>, <org.apache.commons.math.util.FastMath,256>, <org.apache.commons.math.util.FastMath,260>, <org.apache.commons.math.util.FastMath,261>, <org.apache.commons.math.util.FastMath,263>, <org.apache.commons.math.util.FastMath,264>, <org.apache.commons.math.util.FastMath,265>, <org.apache.commons.math.util.FastMath,267>, <org.apache.commons.math.util.FastMath,271>, <org.apache.commons.math.util.FastMath,281>, <org.apache.commons.math.util.FastMath,282>, <org.apache.commons.math.util.FastMath,283>, <org.apache.commons.math.util.FastMath,284>, <org.apache.commons.math.util.FastMath,288>, <org.apache.commons.math.util.FastMath,289>, <org.apache.commons.math.util.FastMath,290>, <org.apache.commons.math.util.FastMath,291>, <org.apache.commons.math.util.FastMath,292>, <org.apache.commons.math.util.FastMath,293>, <org.apache.commons.math.util.FastMath,294>, <org.apache.commons.math.util.FastMath,296>, <org.apache.commons.math.util.FastMath,300>, <org.apache.commons.math.util.FastMath,309>, <org.apache.commons.math.util.FastMath,318>, <org.apache.commons.math.util.FastMath,319>, <org.apache.commons.math.util.FastMath,320>, <org.apache.commons.math.util.FastMath,321>, <org.apache.commons.math.util.FastMath,325>, <org.apache.commons.math.util.FastMath,326>, <org.apache.commons.math.util.FastMath,328>, <org.apache.commons.math.util.FastMath,329>, <org.apache.commons.math.util.FastMath,330>, <org.apache.commons.math.util.FastMath,331>, <org.apache.commons.math.util.FastMath,332>, <org.apache.commons.math.util.FastMath,333>, <org.apache.commons.math.util.FastMath,334>, <org.apache.commons.math.util.FastMath,336>, <org.apache.commons.math.util.FastMath,340>, <org.apache.commons.math.util.FastMath,350>, <org.apache.commons.math.util.FastMath,351>, <org.apache.commons.math.util.FastMath,352>, <org.apache.commons.math.util.FastMath,353>, <org.apache.commons.math.util.FastMath,357>, <org.apache.commons.math.util.FastMath,358>, <org.apache.commons.math.util.FastMath,360>, <org.apache.commons.math.util.FastMath,361>, <org.apache.commons.math.util.FastMath,362>, <org.apache.commons.math.util.FastMath,363>, <org.apache.commons.math.util.FastMath,364>, <org.apache.commons.math.util.FastMath,365>, <org.apache.commons.math.util.FastMath,366>, <org.apache.commons.math.util.FastMath,368>, <org.apache.commons.math.util.FastMath,372>, <org.apache.commons.math.util.FastMath,382>, <org.apache.commons.math.util.FastMath,390>, <org.apache.commons.math.util.FastMath,397>, <org.apache.commons.math.util.FastMath,421>, <org.apache.commons.math.util.FastMath,440>, <org.apache.commons.math.util.FastMath,441>, <org.apache.commons.math.util.FastMath,443>, <org.apache.commons.math.util.FastMath,444>, <org.apache.commons.math.util.FastMath,447>, <org.apache.commons.math.util.FastMath,449>, <org.apache.commons.math.util.FastMath,450>, <org.apache.commons.math.util.FastMath,451>, <org.apache.commons.math.util.FastMath,452>, <org.apache.commons.math.util.FastMath,454>, <org.apache.commons.math.util.FastMath,457>, <org.apache.commons.math.util.FastMath,459>, <org.apache.commons.math.util.FastMath,460>, <org.apache.commons.math.util.FastMath,461>, <org.apache.commons.math.util.FastMath,462>, <org.apache.commons.math.util.FastMath,464>, <org.apache.commons.math.util.FastMath,467>, <org.apache.commons.math.util.FastMath,469>, <org.apache.commons.math.util.FastMath,470>, <org.apache.commons.math.util.FastMath,472>, <org.apache.commons.math.util.FastMath,474>, <org.apache.commons.math.util.FastMath,476>, <org.apache.commons.math.util.FastMath,477>, <org.apache.commons.math.util.FastMath,480>, <org.apache.commons.math.util.FastMath,481>, <org.apache.commons.math.util.FastMath,488>, <org.apache.commons.math.util.FastMath,489>, <org.apache.commons.math.util.FastMath,490>, <org.apache.commons.math.util.FastMath,496>, <org.apache.commons.math.util.FastMath,505>, <org.apache.commons.math.util.FastMath,506>, <org.apache.commons.math.util.FastMath,507>, <org.apache.commons.math.util.FastMath,508>, <org.apache.commons.math.util.FastMath,509>, <org.apache.commons.math.util.FastMath,516>, <org.apache.commons.math.util.FastMath,517>, <org.apache.commons.math.util.FastMath,523>, <org.apache.commons.math.util.FastMath,525>, <org.apache.commons.math.util.FastMath,526>, <org.apache.commons.math.util.FastMath,528>, <org.apache.commons.math.util.FastMath,531>, <org.apache.commons.math.util.FastMath,533>, <org.apache.commons.math.util.FastMath,534>, <org.apache.commons.math.util.FastMath,537>, <org.apache.commons.math.util.FastMath,545>, <org.apache.commons.math.util.FastMath,546>, <org.apache.commons.math.util.FastMath,549>, <org.apache.commons.math.util.FastMath,552>, <org.apache.commons.math.util.FastMath,553>, <org.apache.commons.math.util.FastMath,554>, <org.apache.commons.math.util.FastMath,555>, <org.apache.commons.math.util.FastMath,557>, <org.apache.commons.math.util.FastMath,558>, <org.apache.commons.math.util.FastMath,559>, <org.apache.commons.math.util.FastMath,560>, <org.apache.commons.math.util.FastMath,567>, <org.apache.commons.math.util.FastMath,569>, <org.apache.commons.math.util.FastMath,570>, <org.apache.commons.math.util.FastMath,571>, <org.apache.commons.math.util.FastMath,575>, <org.apache.commons.math.util.FastMath,576>, <org.apache.commons.math.util.FastMath,577>, <org.apache.commons.math.util.FastMath,579>, <org.apache.commons.math.util.FastMath,580>, <org.apache.commons.math.util.FastMath,581>, <org.apache.commons.math.util.FastMath,583>, <org.apache.commons.math.util.FastMath,584>, <org.apache.commons.math.util.FastMath,585>, <org.apache.commons.math.util.FastMath,587>, <org.apache.commons.math.util.FastMath,592>, <org.apache.commons.math.util.FastMath,593>, <org.apache.commons.math.util.FastMath,594>, <org.apache.commons.math.util.FastMath,595>, <org.apache.commons.math.util.FastMath,596>, <org.apache.commons.math.util.FastMath,597>, <org.apache.commons.math.util.FastMath,599>, <org.apache.commons.math.util.FastMath,600>, <org.apache.commons.math.util.FastMath,601>, <org.apache.commons.math.util.FastMath,602>, <org.apache.commons.math.util.FastMath,604>, <org.apache.commons.math.util.FastMath,605>, <org.apache.commons.math.util.FastMath,606>, <org.apache.commons.math.util.FastMath,607>, <org.apache.commons.math.util.FastMath,610>]
======================org.apache.commons.math.util.MathUtils,417
========
return Double.isNaN(x)||Double.isNaN(y);

========
COMMAND:cd /home/mmotwani/mywork1dir/Defects4Java7/defects4j/SIMFIX_RQ2_40_3/math/math_63_buggy && /usr/bin/timeout 120 /mnt/nfs/work1/brun/mmotwani/Defects4Java7/defects4j//framework/bin/defects4j compile
FAILED TEST:org.apache.commons.math.util.MathUtilsTest::testArrayEquals
COUNT THESE===> Subject [_name=math, _id=63, _ssrc=/src/main/java, _tsrc=/src/test/java, _sbin=/target/classes, _tbin=/target/test-classes, _dependency=null] org.apache.commons.math.util.MathUtilsTest testArrayEquals
TESTING : org.apache.commons.math.util.MathUtilsTest::testArrayEquals
COMMAND:cd /home/mmotwani/mywork1dir/Defects4Java7/defects4j/SIMFIX_RQ2_40_3/math/math_63_buggy && /usr/bin/timeout 30 /mnt/nfs/work1/brun/mmotwani/Defects4Java7/defects4j//framework/bin/defects4j test -t org.apache.commons.math.util.MathUtilsTest::testArrayEquals
  - org.apache.commons.math.util.MathUtilsTest::testArrayEquals
Failing tests: 1
Running ant (run.dev.tests)................................................ OK
Running ant (compile.tests)................................................ OK
========
return (x==rhs.x)&&(y==rhs.y);

========
COMMAND:cd /home/mmotwani/mywork1dir/Defects4Java7/defects4j/SIMFIX_RQ2_40_3/math/math_63_buggy && /usr/bin/timeout 120 /mnt/nfs/work1/brun/mmotwani/Defects4Java7/defects4j//framework/bin/defects4j compile
========
return (Double.isNaN(x)&&Double.isNaN(y))&&x==y;

========
COMMAND:cd /home/mmotwani/mywork1dir/Defects4Java7/defects4j/SIMFIX_RQ2_40_3/math/math_63_buggy && /usr/bin/timeout 120 /mnt/nfs/work1/brun/mmotwani/Defects4Java7/defects4j//framework/bin/defects4j compile
FAILED TEST:org.apache.commons.math.util.MathUtilsTest::testArrayEquals
COUNT THESE===> Subject [_name=math, _id=63, _ssrc=/src/main/java, _tsrc=/src/test/java, _sbin=/target/classes, _tbin=/target/test-classes, _dependency=null] org.apache.commons.math.util.MathUtilsTest testArrayEquals
TESTING : org.apache.commons.math.util.MathUtilsTest::testArrayEquals
COMMAND:cd /home/mmotwani/mywork1dir/Defects4Java7/defects4j/SIMFIX_RQ2_40_3/math/math_63_buggy && /usr/bin/timeout 30 /mnt/nfs/work1/brun/mmotwani/Defects4Java7/defects4j//framework/bin/defects4j test -t org.apache.commons.math.util.MathUtilsTest::testArrayEquals
  - org.apache.commons.math.util.MathUtilsTest::testArrayEquals
Failing tests: 1
Running ant (run.dev.tests)................................................ OK
Running ant (compile.tests)................................................ OK
========
return (x==rhs.x)||x==y;

========
COMMAND:cd /home/mmotwani/mywork1dir/Defects4Java7/defects4j/SIMFIX_RQ2_40_3/math/math_63_buggy && /usr/bin/timeout 120 /mnt/nfs/work1/brun/mmotwani/Defects4Java7/defects4j//framework/bin/defects4j compile
========
return (Double.isNaN(x)&&Double.isNaN(y))||equals(x,y,1);

========
COMMAND:cd /home/mmotwani/mywork1dir/Defects4Java7/defects4j/SIMFIX_RQ2_40_3/math/math_63_buggy && /usr/bin/timeout 120 /mnt/nfs/work1/brun/mmotwani/Defects4Java7/defects4j//framework/bin/defects4j compile
FAILED TEST:org.apache.commons.math.util.MathUtilsTest::testArrayEquals
COUNT THESE===> Subject [_name=math, _id=63, _ssrc=/src/main/java, _tsrc=/src/test/java, _sbin=/target/classes, _tbin=/target/test-classes, _dependency=null] org.apache.commons.math.util.MathUtilsTest testArrayEquals
TESTING : org.apache.commons.math.util.MathUtilsTest::testArrayEquals
COMMAND:cd /home/mmotwani/mywork1dir/Defects4Java7/defects4j/SIMFIX_RQ2_40_3/math/math_63_buggy && /usr/bin/timeout 30 /mnt/nfs/work1/brun/mmotwani/Defects4Java7/defects4j//framework/bin/defects4j test -t org.apache.commons.math.util.MathUtilsTest::testArrayEquals
  - org.apache.commons.math.util.MathUtilsTest::testArrayEquals
Failing tests: 1
Running ant (run.dev.tests)................................................ OK
Running ant (compile.tests)................................................ OK
========
return (Double.isNaN(x)&&Double.isNaN(y))||equals(x,y,NAN_GAP);

========
COMMAND:cd /home/mmotwani/mywork1dir/Defects4Java7/defects4j/SIMFIX_RQ2_40_3/math/math_63_buggy && /usr/bin/timeout 120 /mnt/nfs/work1/brun/mmotwani/Defects4Java7/defects4j//framework/bin/defects4j compile
FAILED TEST:org.apache.commons.math.util.MathUtilsTest::testArrayEquals
COUNT THESE===> Subject [_name=math, _id=63, _ssrc=/src/main/java, _tsrc=/src/test/java, _sbin=/target/classes, _tbin=/target/test-classes, _dependency=null] org.apache.commons.math.util.MathUtilsTest testArrayEquals
TESTING : org.apache.commons.math.util.MathUtilsTest::testArrayEquals
COMMAND:cd /home/mmotwani/mywork1dir/Defects4Java7/defects4j/SIMFIX_RQ2_40_3/math/math_63_buggy && /usr/bin/timeout 30 /mnt/nfs/work1/brun/mmotwani/Defects4Java7/defects4j//framework/bin/defects4j test -t org.apache.commons.math.util.MathUtilsTest::testArrayEquals
  - org.apache.commons.math.util.MathUtilsTest::testArrayEquals
Failing tests: 1
Running ant (run.dev.tests)................................................ OK
Running ant (compile.tests)................................................ OK
========
return !isNaN()&&(Double.isInfinite(x)||Double.isInfinite(y));

========
COMMAND:cd /home/mmotwani/mywork1dir/Defects4Java7/defects4j/SIMFIX_RQ2_40_3/math/math_63_buggy && /usr/bin/timeout 120 /mnt/nfs/work1/brun/mmotwani/Defects4Java7/defects4j//framework/bin/defects4j compile
========
return !isNaN()||x==y;

========
COMMAND:cd /home/mmotwani/mywork1dir/Defects4Java7/defects4j/SIMFIX_RQ2_40_3/math/math_63_buggy && /usr/bin/timeout 120 /mnt/nfs/work1/brun/mmotwani/Defects4Java7/defects4j//framework/bin/defects4j compile
========
return (Double.isNaN(x)&&Double.isNaN(y))||imaginary==imaginary;

========
COMMAND:cd /home/mmotwani/mywork1dir/Defects4Java7/defects4j/SIMFIX_RQ2_40_3/math/math_63_buggy && /usr/bin/timeout 120 /mnt/nfs/work1/brun/mmotwani/Defects4Java7/defects4j//framework/bin/defects4j compile
========
return (y==rhs.real)&&(x==rhs.imaginary);

========
COMMAND:cd /home/mmotwani/mywork1dir/Defects4Java7/defects4j/SIMFIX_RQ2_40_3/math/math_63_buggy && /usr/bin/timeout 120 /mnt/nfs/work1/brun/mmotwani/Defects4Java7/defects4j//framework/bin/defects4j compile
========
return (y==rhs.real)||x==y;

========
COMMAND:cd /home/mmotwani/mywork1dir/Defects4Java7/defects4j/SIMFIX_RQ2_40_3/math/math_63_buggy && /usr/bin/timeout 120 /mnt/nfs/work1/brun/mmotwani/Defects4Java7/defects4j//framework/bin/defects4j compile
========
return (Double.isNaN(x)&&Double.isNaN(y))||imaginary==y;

========
COMMAND:cd /home/mmotwani/mywork1dir/Defects4Java7/defects4j/SIMFIX_RQ2_40_3/math/math_63_buggy && /usr/bin/timeout 120 /mnt/nfs/work1/brun/mmotwani/Defects4Java7/defects4j//framework/bin/defects4j compile
========
return (Double.isNaN(x)&&Double.isNaN(y))||x==imaginary;

========
COMMAND:cd /home/mmotwani/mywork1dir/Defects4Java7/defects4j/SIMFIX_RQ2_40_3/math/math_63_buggy && /usr/bin/timeout 120 /mnt/nfs/work1/brun/mmotwani/Defects4Java7/defects4j//framework/bin/defects4j compile
========
return equalsIncludingNaN(x,y)||(FastMath.abs(y-x)<=SAFE_MIN);

========
COMMAND:cd /home/mmotwani/mywork1dir/Defects4Java7/defects4j/SIMFIX_RQ2_40_3/math/math_63_buggy && /usr/bin/timeout 120 /mnt/nfs/work1/brun/mmotwani/Defects4Java7/defects4j//framework/bin/defects4j compile
FAILED TEST:org.apache.commons.math.util.MathUtilsTest::testArrayEquals
COUNT THESE===> Subject [_name=math, _id=63, _ssrc=/src/main/java, _tsrc=/src/test/java, _sbin=/target/classes, _tbin=/target/test-classes, _dependency=null] org.apache.commons.math.util.MathUtilsTest testArrayEquals
TESTING : org.apache.commons.math.util.MathUtilsTest::testArrayEquals
COMMAND:cd /home/mmotwani/mywork1dir/Defects4Java7/defects4j/SIMFIX_RQ2_40_3/math/math_63_buggy && /usr/bin/timeout 30 /mnt/nfs/work1/brun/mmotwani/Defects4Java7/defects4j//framework/bin/defects4j test -t org.apache.commons.math.util.MathUtilsTest::testArrayEquals
  - org.apache.commons.math.util.MathUtilsTest::testArrayEquals
Failing tests: 1
Running ant (run.dev.tests)................................................ OK
Running ant (compile.tests)................................................ OK
========
return (Double.isNaN(x)&&Double.isNaN(y))||x==eps;

========
COMMAND:cd /home/mmotwani/mywork1dir/Defects4Java7/defects4j/SIMFIX_RQ2_40_3/math/math_63_buggy && /usr/bin/timeout 120 /mnt/nfs/work1/brun/mmotwani/Defects4Java7/defects4j//framework/bin/defects4j compile
========
return equals(x,y,1)||FastMath.abs(y-x)<=SAFE_MIN;

========
COMMAND:cd /home/mmotwani/mywork1dir/Defects4Java7/defects4j/SIMFIX_RQ2_40_3/math/math_63_buggy && /usr/bin/timeout 120 /mnt/nfs/work1/brun/mmotwani/Defects4Java7/defects4j//framework/bin/defects4j compile
FAILED TEST:org.apache.commons.math.util.MathUtilsTest::testArrayEquals
COUNT THESE===> Subject [_name=math, _id=63, _ssrc=/src/main/java, _tsrc=/src/test/java, _sbin=/target/classes, _tbin=/target/test-classes, _dependency=null] org.apache.commons.math.util.MathUtilsTest testArrayEquals
TESTING : org.apache.commons.math.util.MathUtilsTest::testArrayEquals
COMMAND:cd /home/mmotwani/mywork1dir/Defects4Java7/defects4j/SIMFIX_RQ2_40_3/math/math_63_buggy && /usr/bin/timeout 30 /mnt/nfs/work1/brun/mmotwani/Defects4Java7/defects4j//framework/bin/defects4j test -t org.apache.commons.math.util.MathUtilsTest::testArrayEquals
Failing tests: 0
TESTING : math_63
COMMAND:cd /home/mmotwani/mywork1dir/Defects4Java7/defects4j/SIMFIX_RQ2_40_3/math/math_63_buggy && /usr/bin/timeout 600 /mnt/nfs/work1/brun/mmotwani/Defects4Java7/defects4j//framework/bin/defects4j test
Failing tests: 0
Successfully repair!
