java version "1.7.0_231"
OpenJDK Runtime Environment (rhel-2.6.19.1.el7_6-x86_64 u231-b01)
OpenJDK 64-Bit Server VM (build 24.231-b01, mixed mode)
Check out 7707b0bb to /mnt/nfs/work1/brun/mmotwani/Defects4Java7/defects4j/ OK
Init local repository...................................................... OK
Tag post-fix revision...................................................... OK
Initialize fixed program version........................................... OK
Apply patch................................................................ OK
Initialize buggy program version........................................... OK
Diff 7707b0bb:3eb3573c..................................................... OK
Apply patch................................................................ OK
Tag pre-fix revision....................................................... OK
Check out program version: Math-53b........................................ OK
Running ant (compile)...................................................... OK
Running ant (compile.tests)................................................ OK
Running ant (compile.tests)................................................ OK
Running ant (run.dev.tests)................................................ OK
Failing tests: 1
  - org.apache.commons.math.complex.ComplexTest::testAddNaN
/home/mmotwani/mywork1dir/Defects4Java7/defects4j/SIMFIX_RQ2_40_2
PURIFY IS FALSE
=================================================
Project : math_53	start : 19/10/18 01:46

Field type inconsistancy 'SUPER' with types : MathException and MathIllegalStateException
readFailedTest: path is /mnt/nfs/work1/brun/mmotwani/SimFix/d4j-info/failed_tests/math/53.txt#ATTEMPTS: 1

# FAILING TESTS: 1
TIMEOUT : 18000000
===========
locations= [<org.apache.commons.math.complex.Complex,152>, <org.apache.commons.math.complex.Complex,153>, <org.apache.commons.math.util.MathUtils,2331>, <org.apache.commons.math.util.MathUtils,2334>, <org.apache.commons.math.complex.Complex,997>, <org.apache.commons.math.util.MathUtils,85>, <org.apache.commons.math.complex.Complex,299>, <org.apache.commons.math.complex.Complex,308>, <org.apache.commons.math.complex.Complex,319>, <org.apache.commons.math.complex.Complex,90>, <org.apache.commons.math.complex.Complex,91>, <org.apache.commons.math.complex.Complex,92>, <org.apache.commons.math.complex.Complex,94>, <org.apache.commons.math.complex.Complex,95>, <org.apache.commons.math.complex.Complex,97>, <org.apache.commons.math.complex.Complex,52>, <org.apache.commons.math.complex.Complex,56>, <org.apache.commons.math.complex.Complex,60>, <org.apache.commons.math.complex.Complex,63>, <org.apache.commons.math.complex.Complex,66>, <org.apache.commons.math.complex.Complex,110>, <org.apache.commons.math.complex.Complex,111>, <org.apache.commons.math.complex.Complex,114>, <org.apache.commons.math.complex.Complex,115>, <org.apache.commons.math.complex.Complex,118>, <org.apache.commons.math.complex.Complex,119>, <org.apache.commons.math.complex.Complex,120>, <org.apache.commons.math.complex.Complex,122>, <org.apache.commons.math.complex.Complex,123>, <org.apache.commons.math.complex.Complex,125>, <org.apache.commons.math.complex.Complex,126>, <org.apache.commons.math.complex.Complex,128>, <org.apache.commons.math.complex.Complex,129>, <org.apache.commons.math.complex.Complex,172>, <org.apache.commons.math.complex.Complex,173>, <org.apache.commons.math.complex.Complex,175>, <org.apache.commons.math.complex.Complex,215>, <org.apache.commons.math.complex.Complex,216>, <org.apache.commons.math.complex.Complex,217>, <org.apache.commons.math.complex.Complex,220>, <org.apache.commons.math.complex.Complex,221>, <org.apache.commons.math.complex.Complex,222>, <org.apache.commons.math.complex.Complex,223>, <org.apache.commons.math.complex.Complex,226>, <org.apache.commons.math.complex.Complex,227>, <org.apache.commons.math.complex.Complex,230>, <org.apache.commons.math.complex.Complex,231>, <org.apache.commons.math.complex.Complex,232>, <org.apache.commons.math.complex.Complex,233>, <org.apache.commons.math.complex.Complex,236>, <org.apache.commons.math.complex.Complex,237>, <org.apache.commons.math.complex.Complex,238>, <org.apache.commons.math.complex.Complex,263>, <org.apache.commons.math.complex.Complex,264>, <org.apache.commons.math.complex.Complex,266>, <org.apache.commons.math.complex.Complex,267>, <org.apache.commons.math.complex.Complex,268>, <org.apache.commons.math.complex.Complex,269>, <org.apache.commons.math.complex.Complex,271>, <org.apache.commons.math.complex.Complex,274>, <org.apache.commons.math.complex.Complex,286>, <org.apache.commons.math.complex.Complex,287>, <org.apache.commons.math.complex.Complex,289>, <org.apache.commons.math.complex.Complex,332>, <org.apache.commons.math.complex.Complex,364>, <org.apache.commons.math.complex.Complex,365>, <org.apache.commons.math.complex.Complex,366>, <org.apache.commons.math.complex.Complex,368>, <org.apache.commons.math.complex.Complex,371>, <org.apache.commons.math.complex.Complex,373>, <org.apache.commons.math.complex.Complex,404>, <org.apache.commons.math.complex.Complex,405>, <org.apache.commons.math.complex.Complex,407>, <org.apache.commons.math.complex.Complex,410>, <org.apache.commons.math.complex.Complex,412>, <org.apache.commons.math.complex.Complex,424>, <org.apache.commons.math.complex.Complex,425>, <org.apache.commons.math.complex.Complex,428>, <org.apache.commons.math.complex.Complex,451>, <org.apache.commons.math.complex.Complex,452>, <org.apache.commons.math.complex.Complex,453>, <org.apache.commons.math.complex.Complex,456>, <org.apache.commons.math.complex.Complex,475>, <org.apache.commons.math.complex.Complex,476>, <org.apache.commons.math.complex.Complex,479>, <org.apache.commons.math.complex.Complex,498>, <org.apache.commons.math.complex.Complex,499>, <org.apache.commons.math.complex.Complex,502>, <org.apache.commons.math.complex.Complex,521>, <org.apache.commons.math.complex.Complex,522>, <org.apache.commons.math.complex.Complex,525>, <org.apache.commons.math.complex.Complex,556>, <org.apache.commons.math.complex.Complex,557>, <org.apache.commons.math.complex.Complex,560>, <org.apache.commons.math.complex.Complex,590>, <org.apache.commons.math.complex.Complex,591>, <org.apache.commons.math.complex.Complex,594>, <org.apache.commons.math.complex.Complex,625>, <org.apache.commons.math.complex.Complex,626>, <org.apache.commons.math.complex.Complex,629>, <org.apache.commons.math.complex.Complex,630>, <org.apache.commons.math.complex.Complex,663>, <org.apache.commons.math.complex.Complex,664>, <org.apache.commons.math.complex.Complex,667>, <org.apache.commons.math.complex.Complex,690>, <org.apache.commons.math.complex.Complex,691>, <org.apache.commons.math.complex.Complex,721>, <org.apache.commons.math.complex.Complex,722>, <org.apache.commons.math.complex.Complex,725>, <org.apache.commons.math.complex.Complex,755>, <org.apache.commons.math.complex.Complex,756>, <org.apache.commons.math.complex.Complex,759>, <org.apache.commons.math.complex.Complex,797>, <org.apache.commons.math.complex.Complex,798>, <org.apache.commons.math.complex.Complex,801>, <org.apache.commons.math.complex.Complex,802>, <org.apache.commons.math.complex.Complex,805>, <org.apache.commons.math.complex.Complex,806>, <org.apache.commons.math.complex.Complex,807>, <org.apache.commons.math.complex.Complex,809>, <org.apache.commons.math.complex.Complex,833>, <org.apache.commons.math.complex.Complex,863>, <org.apache.commons.math.complex.Complex,864>, <org.apache.commons.math.complex.Complex,867>, <org.apache.commons.math.complex.Complex,868>, <org.apache.commons.math.complex.Complex,869>, <org.apache.commons.math.complex.Complex,871>, <org.apache.commons.math.complex.Complex,901>, <org.apache.commons.math.complex.Complex,902>, <org.apache.commons.math.complex.Complex,905>, <org.apache.commons.math.complex.Complex,906>, <org.apache.commons.math.complex.Complex,907>, <org.apache.commons.math.complex.Complex,909>, <org.apache.commons.math.complex.Complex,929>, <org.apache.commons.math.complex.Complex,952>, <org.apache.commons.math.complex.Complex,953>, <org.apache.commons.math.complex.Complex,958>, <org.apache.commons.math.complex.Complex,960>, <org.apache.commons.math.complex.Complex,961>, <org.apache.commons.math.complex.Complex,962>, <org.apache.commons.math.complex.Complex,965>, <org.apache.commons.math.complex.Complex,966>, <org.apache.commons.math.complex.Complex,967>, <org.apache.commons.math.complex.Complex,971>, <org.apache.commons.math.complex.Complex,974>, <org.apache.commons.math.complex.Complex,975>, <org.apache.commons.math.complex.Complex,976>, <org.apache.commons.math.complex.Complex,977>, <org.apache.commons.math.complex.Complex,979>, <org.apache.commons.math.complex.Complex,980>, <org.apache.commons.math.complex.Complex,981>, <org.apache.commons.math.complex.Complex,982>, <org.apache.commons.math.complex.Complex,985>, <org.apache.commons.math.complex.Complex,1007>, <org.apache.commons.math.complex.Complex,1012>, <org.apache.commons.math.complex.Complex,1018>, <org.apache.commons.math.util.MathUtils,98>, <org.apache.commons.math.util.MathUtils,99>, <org.apache.commons.math.util.MathUtils,112>, <org.apache.commons.math.util.MathUtils,113>, <org.apache.commons.math.util.MathUtils,114>, <org.apache.commons.math.util.MathUtils,116>, <org.apache.commons.math.util.MathUtils,130>, <org.apache.commons.math.util.MathUtils,146>, <org.apache.commons.math.util.MathUtils,148>, <org.apache.commons.math.util.MathUtils,152>, <org.apache.commons.math.util.MathUtils,153>, <org.apache.commons.math.util.MathUtils,155>, <org.apache.commons.math.util.MathUtils,156>, <org.apache.commons.math.util.MathUtils,158>, <org.apache.commons.math.util.MathUtils,162>, <org.apache.commons.math.util.MathUtils,169>, <org.apache.commons.math.util.MathUtils,170>, <org.apache.commons.math.util.MathUtils,172>, <org.apache.commons.math.util.MathUtils,176>, <org.apache.commons.math.util.MathUtils,205>, <org.apache.commons.math.util.MathUtils,206>, <org.apache.commons.math.util.MathUtils,207>, <org.apache.commons.math.util.MathUtils,209>, <org.apache.commons.math.util.MathUtils,210>, <org.apache.commons.math.util.MathUtils,213>, <org.apache.commons.math.util.MathUtils,214>, <org.apache.commons.math.util.MathUtils,222>, <org.apache.commons.math.util.MathUtils,223>, <org.apache.commons.math.util.MathUtils,225>, <org.apache.commons.math.util.MathUtils,226>, <org.apache.commons.math.util.MathUtils,227>, <org.apache.commons.math.util.MathUtils,228>, <org.apache.commons.math.util.MathUtils,230>, <org.apache.commons.math.util.MathUtils,233>, <org.apache.commons.math.util.MathUtils,234>, <org.apache.commons.math.util.MathUtils,241>, <org.apache.commons.math.util.MathUtils,242>, <org.apache.commons.math.util.MathUtils,243>, <org.apache.commons.math.util.MathUtils,245>, <org.apache.commons.math.util.MathUtils,249>, <org.apache.commons.math.util.MathUtils,250>, <org.apache.commons.math.util.MathUtils,251>, <org.apache.commons.math.util.MathUtils,252>, <org.apache.commons.math.util.MathUtils,253>]
======================org.apache.commons.math.complex.Complex,152
========
MathUtils.checkNotNull(rhs);
return createComplex(real-rhs.getReal(),imaginary-rhs.getImaginary());

========
COMMAND:cd /home/mmotwani/mywork1dir/Defects4Java7/defects4j/SIMFIX_RQ2_40_2/math/math_53_buggy && /usr/bin/timeout 120 /mnt/nfs/work1/brun/mmotwani/Defects4Java7/defects4j//framework/bin/defects4j compile
FAILED TEST:org.apache.commons.math.complex.ComplexTest::testAddNaN
COUNT THESE===> Subject [_name=math, _id=53, _ssrc=/src/main/java, _tsrc=/src/test/java, _sbin=/target/classes, _tbin=/target/test-classes, _dependency=null] org.apache.commons.math.complex.ComplexTest testAddNaN
TESTING : org.apache.commons.math.complex.ComplexTest::testAddNaN
COMMAND:cd /home/mmotwani/mywork1dir/Defects4Java7/defects4j/SIMFIX_RQ2_40_2/math/math_53_buggy && /usr/bin/timeout 30 /mnt/nfs/work1/brun/mmotwani/Defects4Java7/defects4j//framework/bin/defects4j test -t org.apache.commons.math.complex.ComplexTest::testAddNaN
  - org.apache.commons.math.complex.ComplexTest::testAddNaN
Failing tests: 1
Running ant (run.dev.tests)................................................ OK
Running ant (compile.tests)................................................ OK
========
MathUtils.checkNotNull(rhs);
if(isNaN||rhs.isNaN){
return NaN;
}
return createComplex(real+rhs.getReal(),imaginary+rhs.getImaginary());

========
COMMAND:cd /home/mmotwani/mywork1dir/Defects4Java7/defects4j/SIMFIX_RQ2_40_2/math/math_53_buggy && /usr/bin/timeout 120 /mnt/nfs/work1/brun/mmotwani/Defects4Java7/defects4j//framework/bin/defects4j compile
FAILED TEST:org.apache.commons.math.complex.ComplexTest::testAddNaN
COUNT THESE===> Subject [_name=math, _id=53, _ssrc=/src/main/java, _tsrc=/src/test/java, _sbin=/target/classes, _tbin=/target/test-classes, _dependency=null] org.apache.commons.math.complex.ComplexTest testAddNaN
TESTING : org.apache.commons.math.complex.ComplexTest::testAddNaN
COMMAND:cd /home/mmotwani/mywork1dir/Defects4Java7/defects4j/SIMFIX_RQ2_40_2/math/math_53_buggy && /usr/bin/timeout 30 /mnt/nfs/work1/brun/mmotwani/Defects4Java7/defects4j//framework/bin/defects4j test -t org.apache.commons.math.complex.ComplexTest::testAddNaN
Failing tests: 0
TESTING : math_53
COMMAND:cd /home/mmotwani/mywork1dir/Defects4Java7/defects4j/SIMFIX_RQ2_40_2/math/math_53_buggy && /usr/bin/timeout 600 /mnt/nfs/work1/brun/mmotwani/Defects4Java7/defects4j//framework/bin/defects4j test
Failing tests: 0
Successfully repair!
