java version "1.7.0_231"
OpenJDK Runtime Environment (rhel-2.6.19.1.el7_6-x86_64 u231-b01)
OpenJDK 64-Bit Server VM (build 24.231-b01, mixed mode)
Check out 3ced4f2a to /mnt/nfs/work1/brun/mmotwani/Defects4Java7/defects4j/ OK
Init local repository...................................................... OK
Tag post-fix revision...................................................... OK
Initialize fixed program version........................................... OK
Apply patch................................................................ OK
Initialize buggy program version........................................... OK
Diff 3ced4f2a:7d903ca5..................................................... OK
Apply patch................................................................ OK
Tag pre-fix revision....................................................... OK
Check out program version: Math-80b........................................ OK
Running ant (compile)...................................................... OK
Running ant (compile.tests)................................................ OK
Running ant (compile.tests)................................................ OK
Running ant (run.dev.tests)................................................ OK
Failing tests: 1
  - org.apache.commons.math.linear.EigenDecompositionImplTest::testMathpbx02
/home/mmotwani/mywork1dir/Defects4Java7/defects4j/SIMFIX_RQ2_20_4
PURIFY IS FALSE
=================================================
Project : math_80	start : 19/10/16 17:32

readFailedTest: path is /mnt/nfs/work1/brun/mmotwani/SimFix/d4j-info/failed_tests/math/80.txt#ATTEMPTS: 1

# FAILING TESTS: 1
TIMEOUT : 18000000
===========
locations= [<org.apache.commons.math.linear.EigenDecompositionImpl,191>, <org.apache.commons.math.linear.EigenDecompositionImpl,193>, <org.apache.commons.math.linear.EigenDecompositionImpl,194>, <org.apache.commons.math.linear.EigenDecompositionImpl,195>, <org.apache.commons.math.linear.EigenDecompositionImpl,198>, <org.apache.commons.math.linear.EigenDecompositionImpl,199>, <org.apache.commons.math.linear.EigenDecompositionImpl,200>, <org.apache.commons.math.linear.EigenDecompositionImpl,201>, <org.apache.commons.math.linear.EigenDecompositionImpl,204>, <org.apache.commons.math.linear.EigenDecompositionImpl,205>, <org.apache.commons.math.linear.EigenDecompositionImpl,207>, <org.apache.commons.math.linear.EigenDecompositionImpl,336>, <org.apache.commons.math.linear.EigenDecompositionImpl,337>, <org.apache.commons.math.linear.EigenDecompositionImpl,339>, <org.apache.commons.math.linear.EigenDecompositionImpl,644>, <org.apache.commons.math.linear.EigenDecompositionImpl,645>, <org.apache.commons.math.linear.EigenDecompositionImpl,646>, <org.apache.commons.math.linear.EigenDecompositionImpl,647>, <org.apache.commons.math.linear.EigenDecompositionImpl,648>, <org.apache.commons.math.linear.EigenDecompositionImpl,649>, <org.apache.commons.math.linear.EigenDecompositionImpl,650>, <org.apache.commons.math.linear.EigenDecompositionImpl,652>, <org.apache.commons.math.linear.EigenDecompositionImpl,655>, <org.apache.commons.math.linear.EigenDecompositionImpl,658>, <org.apache.commons.math.linear.EigenDecompositionImpl,661>, <org.apache.commons.math.linear.EigenDecompositionImpl,666>, <org.apache.commons.math.linear.EigenDecompositionImpl,667>, <org.apache.commons.math.linear.EigenDecompositionImpl,827>, <org.apache.commons.math.linear.EigenDecompositionImpl,828>, <org.apache.commons.math.linear.EigenDecompositionImpl,829>, <org.apache.commons.math.linear.EigenDecompositionImpl,830>, <org.apache.commons.math.linear.EigenDecompositionImpl,831>, <org.apache.commons.math.linear.EigenDecompositionImpl,834>, <org.apache.commons.math.linear.EigenDecompositionImpl,840>, <org.apache.commons.math.linear.EigenDecompositionImpl,843>, <org.apache.commons.math.linear.EigenDecompositionImpl,846>, <org.apache.commons.math.linear.EigenDecompositionImpl,847>, <org.apache.commons.math.linear.EigenDecompositionImpl,848>, <org.apache.commons.math.linear.EigenDecompositionImpl,849>, <org.apache.commons.math.linear.EigenDecompositionImpl,850>, <org.apache.commons.math.linear.EigenDecompositionImpl,851>, <org.apache.commons.math.linear.EigenDecompositionImpl,852>, <org.apache.commons.math.linear.EigenDecompositionImpl,855>, <org.apache.commons.math.linear.EigenDecompositionImpl,856>, <org.apache.commons.math.linear.EigenDecompositionImpl,857>, <org.apache.commons.math.linear.EigenDecompositionImpl,860>, <org.apache.commons.math.linear.EigenDecompositionImpl,861>, <org.apache.commons.math.linear.EigenDecompositionImpl,864>, <org.apache.commons.math.linear.EigenDecompositionImpl,865>, <org.apache.commons.math.linear.EigenDecompositionImpl,866>, <org.apache.commons.math.linear.EigenDecompositionImpl,867>, <org.apache.commons.math.linear.EigenDecompositionImpl,868>, <org.apache.commons.math.linear.EigenDecompositionImpl,869>, <org.apache.commons.math.linear.EigenDecompositionImpl,870>, <org.apache.commons.math.linear.EigenDecompositionImpl,871>, <org.apache.commons.math.linear.EigenDecompositionImpl,872>, <org.apache.commons.math.linear.EigenDecompositionImpl,874>, <org.apache.commons.math.linear.EigenDecompositionImpl,875>, <org.apache.commons.math.linear.EigenDecompositionImpl,876>, <org.apache.commons.math.linear.EigenDecompositionImpl,878>, <org.apache.commons.math.linear.EigenDecompositionImpl,879>, <org.apache.commons.math.linear.EigenDecompositionImpl,881>, <org.apache.commons.math.linear.EigenDecompositionImpl,884>, <org.apache.commons.math.linear.EigenDecompositionImpl,886>, <org.apache.commons.math.linear.EigenDecompositionImpl,887>, <org.apache.commons.math.linear.EigenDecompositionImpl,888>, <org.apache.commons.math.linear.EigenDecompositionImpl,889>, <org.apache.commons.math.linear.EigenDecompositionImpl,894>, <org.apache.commons.math.linear.EigenDecompositionImpl,895>, <org.apache.commons.math.linear.EigenDecompositionImpl,899>, <org.apache.commons.math.linear.EigenDecompositionImpl,927>, <org.apache.commons.math.linear.EigenDecompositionImpl,929>, <org.apache.commons.math.linear.EigenDecompositionImpl,937>, <org.apache.commons.math.linear.EigenDecompositionImpl,938>, <org.apache.commons.math.linear.EigenDecompositionImpl,941>, <org.apache.commons.math.linear.EigenDecompositionImpl,942>, <org.apache.commons.math.linear.EigenDecompositionImpl,943>, <org.apache.commons.math.linear.EigenDecompositionImpl,944>, <org.apache.commons.math.linear.EigenDecompositionImpl,945>, <org.apache.commons.math.linear.EigenDecompositionImpl,947>, <org.apache.commons.math.linear.EigenDecompositionImpl,952>, <org.apache.commons.math.linear.EigenDecompositionImpl,953>, <org.apache.commons.math.linear.EigenDecompositionImpl,954>, <org.apache.commons.math.linear.EigenDecompositionImpl,955>, <org.apache.commons.math.linear.EigenDecompositionImpl,956>, <org.apache.commons.math.linear.EigenDecompositionImpl,957>, <org.apache.commons.math.linear.EigenDecompositionImpl,958>, <org.apache.commons.math.linear.EigenDecompositionImpl,959>, <org.apache.commons.math.linear.EigenDecompositionImpl,960>, <org.apache.commons.math.linear.EigenDecompositionImpl,961>, <org.apache.commons.math.linear.EigenDecompositionImpl,963>, <org.apache.commons.math.linear.EigenDecompositionImpl,964>, <org.apache.commons.math.linear.EigenDecompositionImpl,965>, <org.apache.commons.math.linear.EigenDecompositionImpl,966>, <org.apache.commons.math.linear.EigenDecompositionImpl,971>, <org.apache.commons.math.linear.EigenDecompositionImpl,974>, <org.apache.commons.math.linear.EigenDecompositionImpl,978>, <org.apache.commons.math.linear.EigenDecompositionImpl,993>, <org.apache.commons.math.linear.EigenDecompositionImpl,996>, <org.apache.commons.math.linear.EigenDecompositionImpl,997>, <org.apache.commons.math.linear.EigenDecompositionImpl,999>, <org.apache.commons.math.linear.EigenDecompositionImpl,1001>, <org.apache.commons.math.linear.EigenDecompositionImpl,1004>, <org.apache.commons.math.linear.EigenDecompositionImpl,1006>, <org.apache.commons.math.linear.EigenDecompositionImpl,1012>, <org.apache.commons.math.linear.EigenDecompositionImpl,1013>, <org.apache.commons.math.linear.EigenDecompositionImpl,1015>, <org.apache.commons.math.linear.EigenDecompositionImpl,1020>, <org.apache.commons.math.linear.EigenDecompositionImpl,1026>, <org.apache.commons.math.linear.EigenDecompositionImpl,1027>, <org.apache.commons.math.linear.EigenDecompositionImpl,1028>, <org.apache.commons.math.linear.EigenDecompositionImpl,1029>, <org.apache.commons.math.linear.EigenDecompositionImpl,1030>, <org.apache.commons.math.linear.EigenDecompositionImpl,1034>, <org.apache.commons.math.linear.EigenDecompositionImpl,1035>, <org.apache.commons.math.linear.EigenDecompositionImpl,1036>, <org.apache.commons.math.linear.EigenDecompositionImpl,1038>, <org.apache.commons.math.linear.EigenDecompositionImpl,1039>, <org.apache.commons.math.linear.EigenDecompositionImpl,1040>, <org.apache.commons.math.linear.EigenDecompositionImpl,1044>, <org.apache.commons.math.linear.EigenDecompositionImpl,1048>, <org.apache.commons.math.linear.EigenDecompositionImpl,1050>, <org.apache.commons.math.linear.EigenDecompositionImpl,1053>, <org.apache.commons.math.linear.EigenDecompositionImpl,1054>, <org.apache.commons.math.linear.EigenDecompositionImpl,1055>, <org.apache.commons.math.linear.EigenDecompositionImpl,1056>, <org.apache.commons.math.linear.EigenDecompositionImpl,1059>, <org.apache.commons.math.linear.EigenDecompositionImpl,1062>, <org.apache.commons.math.linear.EigenDecompositionImpl,1063>, <org.apache.commons.math.linear.EigenDecompositionImpl,1067>, <org.apache.commons.math.linear.EigenDecompositionImpl,1072>, <org.apache.commons.math.linear.EigenDecompositionImpl,1075>, <org.apache.commons.math.linear.EigenDecompositionImpl,1078>, <org.apache.commons.math.linear.EigenDecompositionImpl,1081>, <org.apache.commons.math.linear.EigenDecompositionImpl,1083>, <org.apache.commons.math.linear.EigenDecompositionImpl,1084>, <org.apache.commons.math.linear.EigenDecompositionImpl,1085>, <org.apache.commons.math.linear.EigenDecompositionImpl,1090>, <org.apache.commons.math.linear.EigenDecompositionImpl,1091>, <org.apache.commons.math.linear.EigenDecompositionImpl,1092>, <org.apache.commons.math.linear.EigenDecompositionImpl,1093>, <org.apache.commons.math.linear.EigenDecompositionImpl,1094>, <org.apache.commons.math.linear.EigenDecompositionImpl,1096>, <org.apache.commons.math.linear.EigenDecompositionImpl,1099>, <org.apache.commons.math.linear.EigenDecompositionImpl,1101>, <org.apache.commons.math.linear.EigenDecompositionImpl,1102>, <org.apache.commons.math.linear.EigenDecompositionImpl,1105>, <org.apache.commons.math.linear.EigenDecompositionImpl,1106>, <org.apache.commons.math.linear.EigenDecompositionImpl,1119>, <org.apache.commons.math.linear.EigenDecompositionImpl,1121>, <org.apache.commons.math.linear.EigenDecompositionImpl,1133>, <org.apache.commons.math.linear.EigenDecompositionImpl,1135>, <org.apache.commons.math.linear.EigenDecompositionImpl,1136>, <org.apache.commons.math.linear.EigenDecompositionImpl,1137>, <org.apache.commons.math.linear.EigenDecompositionImpl,1138>, <org.apache.commons.math.linear.EigenDecompositionImpl,1139>, <org.apache.commons.math.linear.EigenDecompositionImpl,1140>, <org.apache.commons.math.linear.EigenDecompositionImpl,1142>, <org.apache.commons.math.linear.EigenDecompositionImpl,1144>, <org.apache.commons.math.linear.EigenDecompositionImpl,1146>, <org.apache.commons.math.linear.EigenDecompositionImpl,1158>, <org.apache.commons.math.linear.EigenDecompositionImpl,1159>, <org.apache.commons.math.linear.EigenDecompositionImpl,1160>, <org.apache.commons.math.linear.EigenDecompositionImpl,1161>, <org.apache.commons.math.linear.EigenDecompositionImpl,1162>, <org.apache.commons.math.linear.EigenDecompositionImpl,1163>, <org.apache.commons.math.linear.EigenDecompositionImpl,1164>, <org.apache.commons.math.linear.EigenDecompositionImpl,1168>, <org.apache.commons.math.linear.EigenDecompositionImpl,1169>, <org.apache.commons.math.linear.EigenDecompositionImpl,1170>, <org.apache.commons.math.linear.EigenDecompositionImpl,1171>, <org.apache.commons.math.linear.EigenDecompositionImpl,1173>, <org.apache.commons.math.linear.EigenDecompositionImpl,1176>, <org.apache.commons.math.linear.EigenDecompositionImpl,1177>, <org.apache.commons.math.linear.EigenDecompositionImpl,1178>, <org.apache.commons.math.linear.EigenDecompositionImpl,1180>, <org.apache.commons.math.linear.EigenDecompositionImpl,1181>, <org.apache.commons.math.linear.EigenDecompositionImpl,1184>, <org.apache.commons.math.linear.EigenDecompositionImpl,1187>, <org.apache.commons.math.linear.EigenDecompositionImpl,1188>, <org.apache.commons.math.linear.EigenDecompositionImpl,1189>, <org.apache.commons.math.linear.EigenDecompositionImpl,1191>, <org.apache.commons.math.linear.EigenDecompositionImpl,1195>, <org.apache.commons.math.linear.EigenDecompositionImpl,1198>, <org.apache.commons.math.linear.EigenDecompositionImpl,1199>, <org.apache.commons.math.linear.EigenDecompositionImpl,1200>, <org.apache.commons.math.linear.EigenDecompositionImpl,1202>, <org.apache.commons.math.linear.EigenDecompositionImpl,1203>, <org.apache.commons.math.linear.EigenDecompositionImpl,1206>, <org.apache.commons.math.linear.EigenDecompositionImpl,1209>, <org.apache.commons.math.linear.EigenDecompositionImpl,1210>, <org.apache.commons.math.linear.EigenDecompositionImpl,1211>, <org.apache.commons.math.linear.EigenDecompositionImpl,1213>, <org.apache.commons.math.linear.EigenDecompositionImpl,1217>, <org.apache.commons.math.linear.EigenDecompositionImpl,1219>, <org.apache.commons.math.linear.EigenDecompositionImpl,1231>, <org.apache.commons.math.linear.EigenDecompositionImpl,1232>, <org.apache.commons.math.linear.EigenDecompositionImpl,1233>, <org.apache.commons.math.linear.EigenDecompositionImpl,1234>, <org.apache.commons.math.linear.EigenDecompositionImpl,1235>]
======================org.apache.commons.math.linear.EigenDecompositionImpl,191
Find no block!
org.apache.commons.math.linear.EigenDecompositionImpl,193
UNKNOWN ASTNode type : catch (FunctionEvaluationException fee) {
  optima[i]=Double.NaN;
  optimaValues[i]=Double.NaN;
}

UNKNOWN ASTNode type : catch (FunctionEvaluationException fee) {
  optima[i]=Double.NaN;
  optimaValues[i]=Double.NaN;
}

UNKNOWN ASTNode type : catch (ConvergenceException ce) {
  optima[i]=Double.NaN;
  optimaValues[i]=Double.NaN;
}

UNKNOWN ASTNode type : catch (ConvergenceException ce) {
  optima[i]=Double.NaN;
  optimaValues[i]=Double.NaN;
}

========
for(int i=0;i<values.length;++i){
 final double s=secondary[i];
squaredSecondary[i]=s*s;
}

========
COMMAND:cd /home/mmotwani/mywork1dir/Defects4Java7/defects4j/SIMFIX_RQ2_20_4/math/math_80_buggy && /usr/bin/timeout 120 /mnt/nfs/work1/brun/mmotwani/Defects4Java7/defects4j//framework/bin/defects4j compile
========
for(int i=0;i<ranks.length;++i){
 final double s=secondary[i];
squaredSecondary[i]=s*s;
}

========
COMMAND:cd /home/mmotwani/mywork1dir/Defects4Java7/defects4j/SIMFIX_RQ2_20_4/math/math_80_buggy && /usr/bin/timeout 120 /mnt/nfs/work1/brun/mmotwani/Defects4Java7/defects4j//framework/bin/defects4j compile
========
for(int i=0;i<f.length;++i){
 final double s=secondary[i];
squaredSecondary[i]=s*s;
}

========
COMMAND:cd /home/mmotwani/mywork1dir/Defects4Java7/defects4j/SIMFIX_RQ2_20_4/math/math_80_buggy && /usr/bin/timeout 120 /mnt/nfs/work1/brun/mmotwani/Defects4Java7/defects4j//framework/bin/defects4j compile
========
for(int i=0;i<dimensionSize.length;++i){
 final double s=secondary[i];
squaredSecondary[i]=s*s;
}

========
COMMAND:cd /home/mmotwani/mywork1dir/Defects4Java7/defects4j/SIMFIX_RQ2_20_4/math/math_80_buggy && /usr/bin/timeout 120 /mnt/nfs/work1/brun/mmotwani/Defects4Java7/defects4j//framework/bin/defects4j compile
========
for(int i=0;i<data.length;++i){
 final double s=secondary[i];
squaredSecondary[i]=s*s;
}

========
COMMAND:cd /home/mmotwani/mywork1dir/Defects4Java7/defects4j/SIMFIX_RQ2_20_4/math/math_80_buggy && /usr/bin/timeout 120 /mnt/nfs/work1/brun/mmotwani/Defects4Java7/defects4j//framework/bin/defects4j compile
========
for(int i=0;i<scaled.length;++i){
 final double s=secondary[i];
squaredSecondary[i]=s*s;
}

========
COMMAND:cd /home/mmotwani/mywork1dir/Defects4Java7/defects4j/SIMFIX_RQ2_20_4/math/math_80_buggy && /usr/bin/timeout 120 /mnt/nfs/work1/brun/mmotwani/Defects4Java7/defects4j//framework/bin/defects4j compile
========
for(int i=0;i<newPols.length;++i){
 final double s=secondary[i];
squaredSecondary[i]=s*s;
}

========
COMMAND:cd /home/mmotwani/mywork1dir/Defects4Java7/defects4j/SIMFIX_RQ2_20_4/math/math_80_buggy && /usr/bin/timeout 120 /mnt/nfs/work1/brun/mmotwani/Defects4Java7/defects4j//framework/bin/defects4j compile
========
for(int i=0;i<centroid.length;++i){
 final double s=secondary[i];
squaredSecondary[i]=s*s;
}

========
COMMAND:cd /home/mmotwani/mywork1dir/Defects4Java7/defects4j/SIMFIX_RQ2_20_4/math/math_80_buggy && /usr/bin/timeout 120 /mnt/nfs/work1/brun/mmotwani/Defects4Java7/defects4j//framework/bin/defects4j compile
========
for(int i=0;i<length;++i){
 final double s=secondary[i];
squaredSecondary[i]=s*s;
}

========
COMMAND:cd /home/mmotwani/mywork1dir/Defects4Java7/defects4j/SIMFIX_RQ2_20_4/math/math_80_buggy && /usr/bin/timeout 120 /mnt/nfs/work1/brun/mmotwani/Defects4Java7/defects4j//framework/bin/defects4j compile
========
for(int i=0;i<currentState.length;++i){
 final double s=secondary[i];
squaredSecondary[i]=s*s;
}

========
COMMAND:cd /home/mmotwani/mywork1dir/Defects4Java7/defects4j/SIMFIX_RQ2_20_4/math/math_80_buggy && /usr/bin/timeout 120 /mnt/nfs/work1/brun/mmotwani/Defects4Java7/defects4j//framework/bin/defects4j compile
========
for(int i=0;i<inputArray.length;++i){
 final double s=secondary[i];
squaredSecondary[i]=s*s;
}

========
COMMAND:cd /home/mmotwani/mywork1dir/Defects4Java7/defects4j/SIMFIX_RQ2_20_4/math/math_80_buggy && /usr/bin/timeout 120 /mnt/nfs/work1/brun/mmotwani/Defects4Java7/defects4j//framework/bin/defects4j compile
========
for(int i=0;i<array.length;++i){
 final double s=secondary[i];
squaredSecondary[i]=s*s;
}

========
COMMAND:cd /home/mmotwani/mywork1dir/Defects4Java7/defects4j/SIMFIX_RQ2_20_4/math/math_80_buggy && /usr/bin/timeout 120 /mnt/nfs/work1/brun/mmotwani/Defects4Java7/defects4j//framework/bin/defects4j compile
========
for(int i=0;i<coefficients.length;++i){
 final double s=secondary[i];
squaredSecondary[i]=s*s;
}

========
COMMAND:cd /home/mmotwani/mywork1dir/Defects4Java7/defects4j/SIMFIX_RQ2_20_4/math/math_80_buggy && /usr/bin/timeout 120 /mnt/nfs/work1/brun/mmotwani/Defects4Java7/defects4j//framework/bin/defects4j compile
========
for(int i=0;i<singularValues.length;++i){
 final double s=secondary[i];
squaredSecondary[i]=s*s;
}

========
COMMAND:cd /home/mmotwani/mywork1dir/Defects4Java7/defects4j/SIMFIX_RQ2_20_4/math/math_80_buggy && /usr/bin/timeout 120 /mnt/nfs/work1/brun/mmotwani/Defects4Java7/defects4j//framework/bin/defects4j compile
========
for(int i=0;i<residuals.length;++i){
 final double s=secondary[i];
squaredSecondary[i]=s*s;
}

========
COMMAND:cd /home/mmotwani/mywork1dir/Defects4Java7/defects4j/SIMFIX_RQ2_20_4/math/math_80_buggy && /usr/bin/timeout 120 /mnt/nfs/work1/brun/mmotwani/Defects4Java7/defects4j//framework/bin/defects4j compile
========
for(int i=0;i<y0.length;++i){
 final double s=secondary[i];
squaredSecondary[i]=s*s;
}

========
COMMAND:cd /home/mmotwani/mywork1dir/Defects4Java7/defects4j/SIMFIX_RQ2_20_4/math/math_80_buggy && /usr/bin/timeout 120 /mnt/nfs/work1/brun/mmotwani/Defects4Java7/defects4j//framework/bin/defects4j compile
========
for(int i=0;i<result.length;++i){
 final double s=secondary[i];
squaredSecondary[i]=s*s;
}

========
COMMAND:cd /home/mmotwani/mywork1dir/Defects4Java7/defects4j/SIMFIX_RQ2_20_4/math/math_80_buggy && /usr/bin/timeout 120 /mnt/nfs/work1/brun/mmotwani/Defects4Java7/defects4j//framework/bin/defects4j compile
========
for(int i=0;i<results.length;++i){
 final double s=secondary[i];
squaredSecondary[i]=s*s;
}

========
COMMAND:cd /home/mmotwani/mywork1dir/Defects4Java7/defects4j/SIMFIX_RQ2_20_4/math/math_80_buggy && /usr/bin/timeout 120 /mnt/nfs/work1/brun/mmotwani/Defects4Java7/defects4j//framework/bin/defects4j compile
========
for(int i=0;i<d.length;++i){
 final double s=secondary[i];
squaredSecondary[i]=s*s;
}

========
COMMAND:cd /home/mmotwani/mywork1dir/Defects4Java7/defects4j/SIMFIX_RQ2_20_4/math/math_80_buggy && /usr/bin/timeout 120 /mnt/nfs/work1/brun/mmotwani/Defects4Java7/defects4j//framework/bin/defects4j compile
========
for(int i=0;i<bd.length;++i){
 final double s=secondary[i];
squaredSecondary[i]=s*s;
}

========
COMMAND:cd /home/mmotwani/mywork1dir/Defects4Java7/defects4j/SIMFIX_RQ2_20_4/math/math_80_buggy && /usr/bin/timeout 120 /mnt/nfs/work1/brun/mmotwani/Defects4Java7/defects4j//framework/bin/defects4j compile
========
for(int i=0;i<v.length;++i){
 final double s=secondary[i];
squaredSecondary[i]=s*s;
}

========
COMMAND:cd /home/mmotwani/mywork1dir/Defects4Java7/defects4j/SIMFIX_RQ2_20_4/math/math_80_buggy && /usr/bin/timeout 120 /mnt/nfs/work1/brun/mmotwani/Defects4Java7/defects4j//framework/bin/defects4j compile
========
for(int i=0;i<c.length;++i){
 final double s=secondary[i];
squaredSecondary[i]=s*s;
}

========
COMMAND:cd /home/mmotwani/mywork1dir/Defects4Java7/defects4j/SIMFIX_RQ2_20_4/math/math_80_buggy && /usr/bin/timeout 120 /mnt/nfs/work1/brun/mmotwani/Defects4Java7/defects4j//framework/bin/defects4j compile
========
for(int i=0;i<squaredSecondary.length;++i){
random=s>>8;
 final double s=secondary[i];
squaredSecondary[i]=s*s;
}

========
COMMAND:cd /home/mmotwani/mywork1dir/Defects4Java7/defects4j/SIMFIX_RQ2_20_4/math/math_80_buggy && /usr/bin/timeout 120 /mnt/nfs/work1/brun/mmotwani/Defects4Java7/defects4j//framework/bin/defects4j compile
========
for(int i=0;i<p1.length;++i){
 final double s=secondary[i];
squaredSecondary[i]=s*s;
}

========
COMMAND:cd /home/mmotwani/mywork1dir/Defects4Java7/defects4j/SIMFIX_RQ2_20_4/math/math_80_buggy && /usr/bin/timeout 120 /mnt/nfs/work1/brun/mmotwani/Defects4Java7/defects4j//framework/bin/defects4j compile
========
for(int i=0;i<point.length;++i){
 final double s=secondary[i];
squaredSecondary[i]=s*s;
}

========
COMMAND:cd /home/mmotwani/mywork1dir/Defects4Java7/defects4j/SIMFIX_RQ2_20_4/math/math_80_buggy && /usr/bin/timeout 120 /mnt/nfs/work1/brun/mmotwani/Defects4Java7/defects4j//framework/bin/defects4j compile
========
for(int i=0;i<squaredSecondary.length;++i){
 final double s=secondary[i];
squaredSecondary[i]=s*searchDirection[i];
}

========
COMMAND:cd /home/mmotwani/mywork1dir/Defects4Java7/defects4j/SIMFIX_RQ2_20_4/math/math_80_buggy && /usr/bin/timeout 120 /mnt/nfs/work1/brun/mmotwani/Defects4Java7/defects4j//framework/bin/defects4j compile
========
for(int i=0;i<r.length;++i){
 final double s=secondary[i];
squaredSecondary[i]=s*s;
}

========
COMMAND:cd /home/mmotwani/mywork1dir/Defects4Java7/defects4j/SIMFIX_RQ2_20_4/math/math_80_buggy && /usr/bin/timeout 120 /mnt/nfs/work1/brun/mmotwani/Defects4Java7/defects4j//framework/bin/defects4j compile
========
for(int i=0;i<shiftedPoint.length;++i){
 final double s=secondary[i];
squaredSecondary[i]=s*s;
}

========
COMMAND:cd /home/mmotwani/mywork1dir/Defects4Java7/defects4j/SIMFIX_RQ2_20_4/math/math_80_buggy && /usr/bin/timeout 120 /mnt/nfs/work1/brun/mmotwani/Defects4Java7/defects4j//framework/bin/defects4j compile
========
for(int i=0;i<gradient.length;++i){
 final double s=secondary[i];
squaredSecondary[i]=s*s;
}

========
COMMAND:cd /home/mmotwani/mywork1dir/Defects4Java7/defects4j/SIMFIX_RQ2_20_4/math/math_80_buggy && /usr/bin/timeout 120 /mnt/nfs/work1/brun/mmotwani/Defects4Java7/defects4j//framework/bin/defects4j compile
========
for(int i=0;i<x.length;++i){
 final double s=secondary[i];
squaredSecondary[i]=s*s;
}

========
COMMAND:cd /home/mmotwani/mywork1dir/Defects4Java7/defects4j/SIMFIX_RQ2_20_4/math/math_80_buggy && /usr/bin/timeout 120 /mnt/nfs/work1/brun/mmotwani/Defects4Java7/defects4j//framework/bin/defects4j compile
========
for(int i=0;i<a.length;++i){
 final double s=secondary[i];
squaredSecondary[i]=s*s;
}

========
COMMAND:cd /home/mmotwani/mywork1dir/Defects4Java7/defects4j/SIMFIX_RQ2_20_4/math/math_80_buggy && /usr/bin/timeout 120 /mnt/nfs/work1/brun/mmotwani/Defects4Java7/defects4j//framework/bin/defects4j compile
========
for(int i=0;i<parameters.length;++i){
 final double s=secondary[i];
squaredSecondary[i]=s*s;
}

========
COMMAND:cd /home/mmotwani/mywork1dir/Defects4Java7/defects4j/SIMFIX_RQ2_20_4/math/math_80_buggy && /usr/bin/timeout 120 /mnt/nfs/work1/brun/mmotwani/Defects4Java7/defects4j//framework/bin/defects4j compile
========
for(int i=0;i<squaredSecondary.length;++i){
xn*=TOLERANCE;
 final double s=secondary[i];
squaredSecondary[i]=s*s;
}

========
COMMAND:cd /home/mmotwani/mywork1dir/Defects4Java7/defects4j/SIMFIX_RQ2_20_4/math/math_80_buggy && /usr/bin/timeout 120 /mnt/nfs/work1/brun/mmotwani/Defects4Java7/defects4j//framework/bin/defects4j compile
========
for(int i=0;i<xArray.length;++i){
 final double s=secondary[i];
squaredSecondary[i]=s*s;
}

========
COMMAND:cd /home/mmotwani/mywork1dir/Defects4Java7/defects4j/SIMFIX_RQ2_20_4/math/math_80_buggy && /usr/bin/timeout 120 /mnt/nfs/work1/brun/mmotwani/Defects4Java7/defects4j//framework/bin/defects4j compile
========
for(int i=0;i<diagonal.length;++i){
 final double s=secondary[i];
squaredSecondary[i]=s*s;
}

========
COMMAND:cd /home/mmotwani/mywork1dir/Defects4Java7/defects4j/SIMFIX_RQ2_20_4/math/math_80_buggy && /usr/bin/timeout 120 /mnt/nfs/work1/brun/mmotwani/Defects4Java7/defects4j//framework/bin/defects4j compile
========
for(int i=0;i<errors.length;++i){
 final double s=secondary[i];
squaredSecondary[i]=s*s;
}

========
COMMAND:cd /home/mmotwani/mywork1dir/Defects4Java7/defects4j/SIMFIX_RQ2_20_4/math/math_80_buggy && /usr/bin/timeout 120 /mnt/nfs/work1/brun/mmotwani/Defects4Java7/defects4j//framework/bin/defects4j compile
========
for(int i=0;i<sub.length;++i){
 final double s=secondary[i];
squaredSecondary[i]=s*s;
}

========
COMMAND:cd /home/mmotwani/mywork1dir/Defects4Java7/defects4j/SIMFIX_RQ2_20_4/math/math_80_buggy && /usr/bin/timeout 120 /mnt/nfs/work1/brun/mmotwani/Defects4Java7/defects4j//framework/bin/defects4j compile
========
for(int i=0;i<observed.length;++i){
 final double s=secondary[i];
squaredSecondary[i]=s*s;
}

========
COMMAND:cd /home/mmotwani/mywork1dir/Defects4Java7/defects4j/SIMFIX_RQ2_20_4/math/math_80_buggy && /usr/bin/timeout 120 /mnt/nfs/work1/brun/mmotwani/Defects4Java7/defects4j//framework/bin/defects4j compile
========
for(int i=0;i<observed1.length;++i){
 final double s=secondary[i];
squaredSecondary[i]=s*s;
}

========
COMMAND:cd /home/mmotwani/mywork1dir/Defects4Java7/defects4j/SIMFIX_RQ2_20_4/math/math_80_buggy && /usr/bin/timeout 120 /mnt/nfs/work1/brun/mmotwani/Defects4Java7/defects4j//framework/bin/defects4j compile
========
for(int i=0;i<in.length;++i){
 final double s=secondary[i];
squaredSecondary[i]=s*s;
}

========
COMMAND:cd /home/mmotwani/mywork1dir/Defects4Java7/defects4j/SIMFIX_RQ2_20_4/math/math_80_buggy && /usr/bin/timeout 120 /mnt/nfs/work1/brun/mmotwani/Defects4Java7/defects4j//framework/bin/defects4j compile
========
for(int i=0;i<=squaredSecondary.length;++i){
 final double s=secondary[i];
squaredSecondary[i]=s*s;
}

========
COMMAND:cd /home/mmotwani/mywork1dir/Defects4Java7/defects4j/SIMFIX_RQ2_20_4/math/math_80_buggy && /usr/bin/timeout 120 /mnt/nfs/work1/brun/mmotwani/Defects4Java7/defects4j//framework/bin/defects4j compile
FAILED TEST:org.apache.commons.math.linear.EigenDecompositionImplTest::testMathpbx02
COUNT THESE===> Subject [_name=math, _id=80, _ssrc=/src/main/java, _tsrc=/src/test/java, _sbin=/target/classes, _tbin=/target/test-classes, _dependency=null] org.apache.commons.math.linear.EigenDecompositionImplTest testMathpbx02
TESTING : org.apache.commons.math.linear.EigenDecompositionImplTest::testMathpbx02
COMMAND:cd /home/mmotwani/mywork1dir/Defects4Java7/defects4j/SIMFIX_RQ2_20_4/math/math_80_buggy && /usr/bin/timeout 30 /mnt/nfs/work1/brun/mmotwani/Defects4Java7/defects4j//framework/bin/defects4j test -t org.apache.commons.math.linear.EigenDecompositionImplTest::testMathpbx02
  - org.apache.commons.math.linear.EigenDecompositionImplTest::testMathpbx02
Failing tests: 1
Running ant (run.dev.tests)................................................ OK
Running ant (compile.tests)................................................ OK
========
for(int i=0;i<=length;++i){
 final double s=secondary[i];
squaredSecondary[i]=s*s;
}

========
COMMAND:cd /home/mmotwani/mywork1dir/Defects4Java7/defects4j/SIMFIX_RQ2_20_4/math/math_80_buggy && /usr/bin/timeout 120 /mnt/nfs/work1/brun/mmotwani/Defects4Java7/defects4j//framework/bin/defects4j compile
========
for(int i=0;i<weights.length;++i){
 final double s=secondary[i];
squaredSecondary[i]=s*s;
}

========
COMMAND:cd /home/mmotwani/mywork1dir/Defects4Java7/defects4j/SIMFIX_RQ2_20_4/math/math_80_buggy && /usr/bin/timeout 120 /mnt/nfs/work1/brun/mmotwani/Defects4Java7/defects4j//framework/bin/defects4j compile
========
for(int i=0;i<special.length;++i){
 final double s=secondary[i];
squaredSecondary[i]=s*s;
}

========
COMMAND:cd /home/mmotwani/mywork1dir/Defects4Java7/defects4j/SIMFIX_RQ2_20_4/math/math_80_buggy && /usr/bin/timeout 120 /mnt/nfs/work1/brun/mmotwani/Defects4Java7/defects4j//framework/bin/defects4j compile
========
for(int i=0;i<jacobian.length;++i){
 final double s=secondary[i];
squaredSecondary[i]=s*s;
}

========
COMMAND:cd /home/mmotwani/mywork1dir/Defects4Java7/defects4j/SIMFIX_RQ2_20_4/math/math_80_buggy && /usr/bin/timeout 120 /mnt/nfs/work1/brun/mmotwani/Defects4Java7/defects4j//framework/bin/defects4j compile
========
for(int i=0;i<squaredSecondary.length;++i){
sumSquares+=weights[i]*s;
 final double s=secondary[i];
squaredSecondary[i]=s*s;
}

========
COMMAND:cd /home/mmotwani/mywork1dir/Defects4Java7/defects4j/SIMFIX_RQ2_20_4/math/math_80_buggy && /usr/bin/timeout 120 /mnt/nfs/work1/brun/mmotwani/Defects4Java7/defects4j//framework/bin/defects4j compile
========
for(int i=0;i<lTData.length;++i){
 final double s=secondary[i];
squaredSecondary[i]=s*s;
}

========
COMMAND:cd /home/mmotwani/mywork1dir/Defects4Java7/defects4j/SIMFIX_RQ2_20_4/math/math_80_buggy && /usr/bin/timeout 120 /mnt/nfs/work1/brun/mmotwani/Defects4Java7/defects4j//framework/bin/defects4j compile
========
for(int i=0;i<realEigenvalues.length;++i){
 final double s=secondary[i];
squaredSecondary[i]=s*s;
}

========
COMMAND:cd /home/mmotwani/mywork1dir/Defects4Java7/defects4j/SIMFIX_RQ2_20_4/math/math_80_buggy && /usr/bin/timeout 120 /mnt/nfs/work1/brun/mmotwani/Defects4Java7/defects4j//framework/bin/defects4j compile
FAILED TEST:org.apache.commons.math.linear.EigenDecompositionImplTest::testMathpbx02
COUNT THESE===> Subject [_name=math, _id=80, _ssrc=/src/main/java, _tsrc=/src/test/java, _sbin=/target/classes, _tbin=/target/test-classes, _dependency=null] org.apache.commons.math.linear.EigenDecompositionImplTest testMathpbx02
TESTING : org.apache.commons.math.linear.EigenDecompositionImplTest::testMathpbx02
COMMAND:cd /home/mmotwani/mywork1dir/Defects4Java7/defects4j/SIMFIX_RQ2_20_4/math/math_80_buggy && /usr/bin/timeout 30 /mnt/nfs/work1/brun/mmotwani/Defects4Java7/defects4j//framework/bin/defects4j test -t org.apache.commons.math.linear.EigenDecompositionImplTest::testMathpbx02
  - org.apache.commons.math.linear.EigenDecompositionImplTest::testMathpbx02
Failing tests: 1
Running ant (run.dev.tests)................................................ OK
Running ant (compile.tests)................................................ OK
========
for(int i=0;i<simplex.length;++i){
 final double s=secondary[i];
squaredSecondary[i]=s*s;
}

========
COMMAND:cd /home/mmotwani/mywork1dir/Defects4Java7/defects4j/SIMFIX_RQ2_20_4/math/math_80_buggy && /usr/bin/timeout 120 /mnt/nfs/work1/brun/mmotwani/Defects4Java7/defects4j//framework/bin/defects4j compile
========
if((s+pingPong)>internalArray.length){
expandTo(startIndex+i);
}
for(int i=0;i<squaredSecondary.length;++i){
 final double s=secondary[i];
squaredSecondary[i]=s*s;
}

========
COMMAND:cd /home/mmotwani/mywork1dir/Defects4Java7/defects4j/SIMFIX_RQ2_20_4/math/math_80_buggy && /usr/bin/timeout 120 /mnt/nfs/work1/brun/mmotwani/Defects4Java7/defects4j//framework/bin/defects4j compile
========
pingPong=pingPong;
for(int i=0;i<squaredSecondary.length;++i){
 final double s=secondary[i];
squaredSecondary[i]=s*s;
}

========
COMMAND:cd /home/mmotwani/mywork1dir/Defects4Java7/defects4j/SIMFIX_RQ2_20_4/math/math_80_buggy && /usr/bin/timeout 120 /mnt/nfs/work1/brun/mmotwani/Defects4Java7/defects4j//framework/bin/defects4j compile
FAILED TEST:org.apache.commons.math.linear.EigenDecompositionImplTest::testMathpbx02
COUNT THESE===> Subject [_name=math, _id=80, _ssrc=/src/main/java, _tsrc=/src/test/java, _sbin=/target/classes, _tbin=/target/test-classes, _dependency=null] org.apache.commons.math.linear.EigenDecompositionImplTest testMathpbx02
TESTING : org.apache.commons.math.linear.EigenDecompositionImplTest::testMathpbx02
COMMAND:cd /home/mmotwani/mywork1dir/Defects4Java7/defects4j/SIMFIX_RQ2_20_4/math/math_80_buggy && /usr/bin/timeout 30 /mnt/nfs/work1/brun/mmotwani/Defects4Java7/defects4j//framework/bin/defects4j test -t org.apache.commons.math.linear.EigenDecompositionImplTest::testMathpbx02
  - org.apache.commons.math.linear.EigenDecompositionImplTest::testMathpbx02
Failing tests: 1
Running ant (run.dev.tests)................................................ OK
Running ant (compile.tests)................................................ OK
========
for(int i=0;i<random.length;++i){
 final double s=secondary[i];
squaredSecondary[i]=s*s;
}

========
COMMAND:cd /home/mmotwani/mywork1dir/Defects4Java7/defects4j/SIMFIX_RQ2_20_4/math/math_80_buggy && /usr/bin/timeout 120 /mnt/nfs/work1/brun/mmotwani/Defects4Java7/defects4j//framework/bin/defects4j compile
========
for(int i=0;i<wm.length;++i){
 final double s=secondary[i];
squaredSecondary[i]=s*s;
}

========
COMMAND:cd /home/mmotwani/mywork1dir/Defects4Java7/defects4j/SIMFIX_RQ2_20_4/math/math_80_buggy && /usr/bin/timeout 120 /mnt/nfs/work1/brun/mmotwani/Defects4Java7/defects4j//framework/bin/defects4j compile
========
for(int i=pingPong;i<squaredSecondary.length;++i){
 final double s=secondary[i];
squaredSecondary[i]=s*s;
}

========
COMMAND:cd /home/mmotwani/mywork1dir/Defects4Java7/defects4j/SIMFIX_RQ2_20_4/math/math_80_buggy && /usr/bin/timeout 120 /mnt/nfs/work1/brun/mmotwani/Defects4Java7/defects4j//framework/bin/defects4j compile
FAILED TEST:org.apache.commons.math.linear.EigenDecompositionImplTest::testMathpbx02
COUNT THESE===> Subject [_name=math, _id=80, _ssrc=/src/main/java, _tsrc=/src/test/java, _sbin=/target/classes, _tbin=/target/test-classes, _dependency=null] org.apache.commons.math.linear.EigenDecompositionImplTest testMathpbx02
TESTING : org.apache.commons.math.linear.EigenDecompositionImplTest::testMathpbx02
COMMAND:cd /home/mmotwani/mywork1dir/Defects4Java7/defects4j/SIMFIX_RQ2_20_4/math/math_80_buggy && /usr/bin/timeout 30 /mnt/nfs/work1/brun/mmotwani/Defects4Java7/defects4j//framework/bin/defects4j test -t org.apache.commons.math.linear.EigenDecompositionImplTest::testMathpbx02
  - org.apache.commons.math.linear.EigenDecompositionImplTest::testMathpbx02
Failing tests: 1
Running ant (run.dev.tests)................................................ OK
Running ant (compile.tests)................................................ OK
========
for(int i=pingPong;i<length;++i){
 final double s=secondary[i];
squaredSecondary[i]=s*s;
}

========
COMMAND:cd /home/mmotwani/mywork1dir/Defects4Java7/defects4j/SIMFIX_RQ2_20_4/math/math_80_buggy && /usr/bin/timeout 120 /mnt/nfs/work1/brun/mmotwani/Defects4Java7/defects4j//framework/bin/defects4j compile
========
for(int i=0;i<interpolatedState.length;++i){
 final double s=secondary[i];
squaredSecondary[i]=s*s;
}

========
COMMAND:cd /home/mmotwani/mywork1dir/Defects4Java7/defects4j/SIMFIX_RQ2_20_4/math/math_80_buggy && /usr/bin/timeout 120 /mnt/nfs/work1/brun/mmotwani/Defects4Java7/defects4j//framework/bin/defects4j compile
========
for(int i=0;i<blocks.length;++i){
 final double s=secondary[i];
squaredSecondary[i]=s*s;
}

========
COMMAND:cd /home/mmotwani/mywork1dir/Defects4Java7/defects4j/SIMFIX_RQ2_20_4/math/math_80_buggy && /usr/bin/timeout 120 /mnt/nfs/work1/brun/mmotwani/Defects4Java7/defects4j//framework/bin/defects4j compile
========
for(int i=0;i<squaredSecondary.length;++i){
 final double s=secondary[i];
if(s==0){
throw new SingularMatrixException();
}
squaredSecondary[i]=s*s;
}

========
COMMAND:cd /home/mmotwani/mywork1dir/Defects4Java7/defects4j/SIMFIX_RQ2_20_4/math/math_80_buggy && /usr/bin/timeout 120 /mnt/nfs/work1/brun/mmotwani/Defects4Java7/defects4j//framework/bin/defects4j compile
FAILED TEST:org.apache.commons.math.linear.EigenDecompositionImplTest::testMathpbx02
COUNT THESE===> Subject [_name=math, _id=80, _ssrc=/src/main/java, _tsrc=/src/test/java, _sbin=/target/classes, _tbin=/target/test-classes, _dependency=null] org.apache.commons.math.linear.EigenDecompositionImplTest testMathpbx02
TESTING : org.apache.commons.math.linear.EigenDecompositionImplTest::testMathpbx02
COMMAND:cd /home/mmotwani/mywork1dir/Defects4Java7/defects4j/SIMFIX_RQ2_20_4/math/math_80_buggy && /usr/bin/timeout 30 /mnt/nfs/work1/brun/mmotwani/Defects4Java7/defects4j//framework/bin/defects4j test -t org.apache.commons.math.linear.EigenDecompositionImplTest::testMathpbx02
  - org.apache.commons.math.linear.EigenDecompositionImplTest::testMathpbx02
Failing tests: 1
Running ant (run.dev.tests)................................................ OK
Running ant (compile.tests)................................................ OK
========
for(int i=0;i<singularValues.length;++i){
 final double s=secondary[i];
if(s==0){
throw new SingularMatrixException();
}
squaredSecondary[i]=s*s;
}

========
COMMAND:cd /home/mmotwani/mywork1dir/Defects4Java7/defects4j/SIMFIX_RQ2_20_4/math/math_80_buggy && /usr/bin/timeout 120 /mnt/nfs/work1/brun/mmotwani/Defects4Java7/defects4j//framework/bin/defects4j compile
========
TOLERANCE=TOLERANCE;
for(int i=0;i<squaredSecondary.length;++i){
 final double s=secondary[i];
squaredSecondary[i]=s*s;
}

========
COMMAND:cd /home/mmotwani/mywork1dir/Defects4Java7/defects4j/SIMFIX_RQ2_20_4/math/math_80_buggy && /usr/bin/timeout 120 /mnt/nfs/work1/brun/mmotwani/Defects4Java7/defects4j//framework/bin/defects4j compile
========
if(i>=polynomials.length){
i--;
}
for(int i=0;i<squaredSecondary.length;++i){
 final double s=secondary[i];
squaredSecondary[i]=s*s;
}

========
COMMAND:cd /home/mmotwani/mywork1dir/Defects4Java7/defects4j/SIMFIX_RQ2_20_4/math/math_80_buggy && /usr/bin/timeout 120 /mnt/nfs/work1/brun/mmotwani/Defects4Java7/defects4j//framework/bin/defects4j compile
========
for(int i=0;i<polynoms.length;++i){
 final double s=secondary[i];
squaredSecondary[i]=s*s;
}

========
COMMAND:cd /home/mmotwani/mywork1dir/Defects4Java7/defects4j/SIMFIX_RQ2_20_4/math/math_80_buggy && /usr/bin/timeout 120 /mnt/nfs/work1/brun/mmotwani/Defects4Java7/defects4j//framework/bin/defects4j compile
========
for(int i=length;i<squaredSecondary.length;++i){
 final double s=secondary[i];
squaredSecondary[i]=s*s;
}

========
COMMAND:cd /home/mmotwani/mywork1dir/Defects4Java7/defects4j/SIMFIX_RQ2_20_4/math/math_80_buggy && /usr/bin/timeout 120 /mnt/nfs/work1/brun/mmotwani/Defects4Java7/defects4j//framework/bin/defects4j compile
========
for(int i=0;i<s;++i){
 final double s=secondary[i];
squaredSecondary[i]=s*s;
}

========
COMMAND:cd /home/mmotwani/mywork1dir/Defects4Java7/defects4j/SIMFIX_RQ2_20_4/math/math_80_buggy && /usr/bin/timeout 120 /mnt/nfs/work1/brun/mmotwani/Defects4Java7/defects4j//framework/bin/defects4j compile
========
for(int i=pingPong;i<jacobian.length;++i){
 final double s=secondary[i];
squaredSecondary[i]=s*s;
}

========
COMMAND:cd /home/mmotwani/mywork1dir/Defects4Java7/defects4j/SIMFIX_RQ2_20_4/math/math_80_buggy && /usr/bin/timeout 120 /mnt/nfs/work1/brun/mmotwani/Defects4Java7/defects4j//framework/bin/defects4j compile
========
for(int i=0;i<pingPong+length;++i){
 final double s=secondary[i];
squaredSecondary[i]=s*s;
}

========
COMMAND:cd /home/mmotwani/mywork1dir/Defects4Java7/defects4j/SIMFIX_RQ2_20_4/math/math_80_buggy && /usr/bin/timeout 120 /mnt/nfs/work1/brun/mmotwani/Defects4Java7/defects4j//framework/bin/defects4j compile
========
for(int i=pingPong;i<pingPong+length;++i){
 final double s=secondary[i];
squaredSecondary[i]=s*s;
}

========
COMMAND:cd /home/mmotwani/mywork1dir/Defects4Java7/defects4j/SIMFIX_RQ2_20_4/math/math_80_buggy && /usr/bin/timeout 120 /mnt/nfs/work1/brun/mmotwani/Defects4Java7/defects4j//framework/bin/defects4j compile
========
for(int i=0;i<root.length;++i){
 final double s=secondary[i];
squaredSecondary[i]=s*s;
}

========
COMMAND:cd /home/mmotwani/mywork1dir/Defects4Java7/defects4j/SIMFIX_RQ2_20_4/math/math_80_buggy && /usr/bin/timeout 120 /mnt/nfs/work1/brun/mmotwani/Defects4Java7/defects4j//framework/bin/defects4j compile
========
for(int i=0;i<dx2.length;++i){
 final double s=secondary[i];
squaredSecondary[i]=s*s;
}

========
COMMAND:cd /home/mmotwani/mywork1dir/Defects4Java7/defects4j/SIMFIX_RQ2_20_4/math/math_80_buggy && /usr/bin/timeout 120 /mnt/nfs/work1/brun/mmotwani/Defects4Java7/defects4j//framework/bin/defects4j compile
========
for(int i=0;i<scale.length;++i){
 final double s=secondary[i];
squaredSecondary[i]=s*s;
}

========
COMMAND:cd /home/mmotwani/mywork1dir/Defects4Java7/defects4j/SIMFIX_RQ2_20_4/math/math_80_buggy && /usr/bin/timeout 120 /mnt/nfs/work1/brun/mmotwani/Defects4Java7/defects4j//framework/bin/defects4j compile
========
for(int i=0;i<secondary.length;++i){
 final double s=secondary[i];
squaredSecondary[i]=s*s;
}

========
COMMAND:cd /home/mmotwani/mywork1dir/Defects4Java7/defects4j/SIMFIX_RQ2_20_4/math/math_80_buggy && /usr/bin/timeout 120 /mnt/nfs/work1/brun/mmotwani/Defects4Java7/defects4j//framework/bin/defects4j compile
FAILED TEST:org.apache.commons.math.linear.EigenDecompositionImplTest::testMathpbx02
COUNT THESE===> Subject [_name=math, _id=80, _ssrc=/src/main/java, _tsrc=/src/test/java, _sbin=/target/classes, _tbin=/target/test-classes, _dependency=null] org.apache.commons.math.linear.EigenDecompositionImplTest testMathpbx02
TESTING : org.apache.commons.math.linear.EigenDecompositionImplTest::testMathpbx02
COMMAND:cd /home/mmotwani/mywork1dir/Defects4Java7/defects4j/SIMFIX_RQ2_20_4/math/math_80_buggy && /usr/bin/timeout 30 /mnt/nfs/work1/brun/mmotwani/Defects4Java7/defects4j//framework/bin/defects4j test -t org.apache.commons.math.linear.EigenDecompositionImplTest::testMathpbx02
  - org.apache.commons.math.linear.EigenDecompositionImplTest::testMathpbx02
Failing tests: 1
Running ant (run.dev.tests)................................................ OK
Running ant (compile.tests)................................................ OK
========
for(int i=0;i<squaredSecondary.length;++i){
absDCurrent=Math.abs(secondary[i+1]);
 final double s=secondary[i];
squaredSecondary[i]=s*s;
}

========
COMMAND:cd /home/mmotwani/mywork1dir/Defects4Java7/defects4j/SIMFIX_RQ2_20_4/math/math_80_buggy && /usr/bin/timeout 120 /mnt/nfs/work1/brun/mmotwani/Defects4Java7/defects4j//framework/bin/defects4j compile
========
for(int i=pingPong;i<s;++i){
 final double s=secondary[i];
squaredSecondary[i]=s*s;
}

========
COMMAND:cd /home/mmotwani/mywork1dir/Defects4Java7/defects4j/SIMFIX_RQ2_20_4/math/math_80_buggy && /usr/bin/timeout 120 /mnt/nfs/work1/brun/mmotwani/Defects4Java7/defects4j//framework/bin/defects4j compile
========
for(int i=0;i<=s;++i){
 final double s=secondary[i];
squaredSecondary[i]=s*s;
}

========
COMMAND:cd /home/mmotwani/mywork1dir/Defects4Java7/defects4j/SIMFIX_RQ2_20_4/math/math_80_buggy && /usr/bin/timeout 120 /mnt/nfs/work1/brun/mmotwani/Defects4Java7/defects4j//framework/bin/defects4j compile
========
for(int i=0;i<pingPong;++i){
 final double s=secondary[i];
squaredSecondary[i]=s*s;
}

========
COMMAND:cd /home/mmotwani/mywork1dir/Defects4Java7/defects4j/SIMFIX_RQ2_20_4/math/math_80_buggy && /usr/bin/timeout 120 /mnt/nfs/work1/brun/mmotwani/Defects4Java7/defects4j//framework/bin/defects4j compile
FAILED TEST:org.apache.commons.math.linear.EigenDecompositionImplTest::testMathpbx02
COUNT THESE===> Subject [_name=math, _id=80, _ssrc=/src/main/java, _tsrc=/src/test/java, _sbin=/target/classes, _tbin=/target/test-classes, _dependency=null] org.apache.commons.math.linear.EigenDecompositionImplTest testMathpbx02
TESTING : org.apache.commons.math.linear.EigenDecompositionImplTest::testMathpbx02
COMMAND:cd /home/mmotwani/mywork1dir/Defects4Java7/defects4j/SIMFIX_RQ2_20_4/math/math_80_buggy && /usr/bin/timeout 30 /mnt/nfs/work1/brun/mmotwani/Defects4Java7/defects4j//framework/bin/defects4j test -t org.apache.commons.math.linear.EigenDecompositionImplTest::testMathpbx02
  - org.apache.commons.math.linear.EigenDecompositionImplTest::testMathpbx02
Failing tests: 1
Running ant (run.dev.tests)................................................ OK
Running ant (compile.tests)................................................ OK
========
for(int i=0;i<=pingPong;++i){
 final double s=secondary[i];
squaredSecondary[i]=s*s;
}

========
COMMAND:cd /home/mmotwani/mywork1dir/Defects4Java7/defects4j/SIMFIX_RQ2_20_4/math/math_80_buggy && /usr/bin/timeout 120 /mnt/nfs/work1/brun/mmotwani/Defects4Java7/defects4j//framework/bin/defects4j compile
FAILED TEST:org.apache.commons.math.linear.EigenDecompositionImplTest::testMathpbx02
COUNT THESE===> Subject [_name=math, _id=80, _ssrc=/src/main/java, _tsrc=/src/test/java, _sbin=/target/classes, _tbin=/target/test-classes, _dependency=null] org.apache.commons.math.linear.EigenDecompositionImplTest testMathpbx02
TESTING : org.apache.commons.math.linear.EigenDecompositionImplTest::testMathpbx02
COMMAND:cd /home/mmotwani/mywork1dir/Defects4Java7/defects4j/SIMFIX_RQ2_20_4/math/math_80_buggy && /usr/bin/timeout 30 /mnt/nfs/work1/brun/mmotwani/Defects4Java7/defects4j//framework/bin/defects4j test -t org.apache.commons.math.linear.EigenDecompositionImplTest::testMathpbx02
  - org.apache.commons.math.linear.EigenDecompositionImplTest::testMathpbx02
Failing tests: 1
Running ant (run.dev.tests)................................................ OK
Running ant (compile.tests)................................................ OK
========
s/=squaredSecondary[pingPong];
for(int i=0;i<squaredSecondary.length;++i){
 final double s=secondary[i];
squaredSecondary[i]=s*s;
}

========
COMMAND:cd /home/mmotwani/mywork1dir/Defects4Java7/defects4j/SIMFIX_RQ2_20_4/math/math_80_buggy && /usr/bin/timeout 120 /mnt/nfs/work1/brun/mmotwani/Defects4Java7/defects4j//framework/bin/defects4j compile
========
for(int i=0;i<squaredSecondary.length;++i){
if(s==0){
throw new SingularMatrixException();
}
 final double s=secondary[i];
squaredSecondary[i]=s*s;
}

========
COMMAND:cd /home/mmotwani/mywork1dir/Defects4Java7/defects4j/SIMFIX_RQ2_20_4/math/math_80_buggy && /usr/bin/timeout 120 /mnt/nfs/work1/brun/mmotwani/Defects4Java7/defects4j//framework/bin/defects4j compile
========
s=Math.round(TOLERANCE);
for(int i=0;i<squaredSecondary.length;++i){
 final double s=secondary[i];
squaredSecondary[i]=s*s;
}

========
COMMAND:cd /home/mmotwani/mywork1dir/Defects4Java7/defects4j/SIMFIX_RQ2_20_4/math/math_80_buggy && /usr/bin/timeout 120 /mnt/nfs/work1/brun/mmotwani/Defects4Java7/defects4j//framework/bin/defects4j compile
========
for(int i=0;i<multistep.length;++i){
 final double s=secondary[i];
squaredSecondary[i]=s*s;
}

========
COMMAND:cd /home/mmotwani/mywork1dir/Defects4Java7/defects4j/SIMFIX_RQ2_20_4/math/math_80_buggy && /usr/bin/timeout 120 /mnt/nfs/work1/brun/mmotwani/Defects4Java7/defects4j//framework/bin/defects4j compile
========
pingPong++;
for(int i=0;i<squaredSecondary.length;++i){
 final double s=secondary[i];
squaredSecondary[i]=s*s;
}

========
COMMAND:cd /home/mmotwani/mywork1dir/Defects4Java7/defects4j/SIMFIX_RQ2_20_4/math/math_80_buggy && /usr/bin/timeout 120 /mnt/nfs/work1/brun/mmotwani/Defects4Java7/defects4j//framework/bin/defects4j compile
FAILED TEST:org.apache.commons.math.linear.EigenDecompositionImplTest::testMathpbx02
COUNT THESE===> Subject [_name=math, _id=80, _ssrc=/src/main/java, _tsrc=/src/test/java, _sbin=/target/classes, _tbin=/target/test-classes, _dependency=null] org.apache.commons.math.linear.EigenDecompositionImplTest testMathpbx02
TESTING : org.apache.commons.math.linear.EigenDecompositionImplTest::testMathpbx02
COMMAND:cd /home/mmotwani/mywork1dir/Defects4Java7/defects4j/SIMFIX_RQ2_20_4/math/math_80_buggy && /usr/bin/timeout 30 /mnt/nfs/work1/brun/mmotwani/Defects4Java7/defects4j//framework/bin/defects4j test -t org.apache.commons.math.linear.EigenDecompositionImplTest::testMathpbx02
Failing tests: 0
TESTING : math_80
COMMAND:cd /home/mmotwani/mywork1dir/Defects4Java7/defects4j/SIMFIX_RQ2_20_4/math/math_80_buggy && /usr/bin/timeout 600 /mnt/nfs/work1/brun/mmotwani/Defects4Java7/defects4j//framework/bin/defects4j test
Failing tests: 0
Successfully repair!
