java version "1.7.0_231"
OpenJDK Runtime Environment (rhel-2.6.19.1.el7_6-x86_64 u231-b01)
OpenJDK 64-Bit Server VM (build 24.231-b01, mixed mode)
Check out 138baec1 to /mnt/nfs/work1/brun/mmotwani/Defects4Java7/defects4j/ OK
Init local repository...................................................... OK
Tag post-fix revision...................................................... OK
Initialize fixed program version........................................... OK
Apply patch................................................................ OK
Initialize buggy program version........................................... OK
Diff 138baec1:ca1ca925..................................................... OK
Apply patch................................................................ OK
Tag pre-fix revision....................................................... OK
Check out program version: Math-79b........................................ OK
Running ant (compile)...................................................... OK
Running ant (compile.tests)................................................ OK
Running ant (compile.tests)................................................ OK
Running ant (run.dev.tests)................................................ OK
Failing tests: 1
  - org.apache.commons.math.stat.clustering.KMeansPlusPlusClustererTest::testPerformClusterAnalysisDegenerate
/home/mmotwani/mywork1dir/Defects4Java7/defects4j/SIMFIX_RQ2_20_3
PURIFY IS FALSE
=================================================
Project : math_79	start : 19/10/16 10:32

readFailedTest: path is /mnt/nfs/work1/brun/mmotwani/SimFix/d4j-info/failed_tests/math/79.txt#ATTEMPTS: 1

# FAILING TESTS: 1
TIMEOUT : 18000000
===========
locations= [<org.apache.commons.math.stat.clustering.EuclideanIntegerPoint,43>, <org.apache.commons.math.stat.clustering.EuclideanIntegerPoint,44>, <org.apache.commons.math.stat.clustering.EuclideanIntegerPoint,45>, <org.apache.commons.math.stat.clustering.EuclideanIntegerPoint,52>, <org.apache.commons.math.stat.clustering.EuclideanIntegerPoint,57>, <org.apache.commons.math.util.MathUtils,1624>, <org.apache.commons.math.util.MathUtils,1625>, <org.apache.commons.math.util.MathUtils,1626>, <org.apache.commons.math.util.MathUtils,1627>, <org.apache.commons.math.util.MathUtils,1629>, <org.apache.commons.math.stat.clustering.KMeansPlusPlusClusterer,40>, <org.apache.commons.math.stat.clustering.KMeansPlusPlusClusterer,41>, <org.apache.commons.math.stat.clustering.KMeansPlusPlusClusterer,42>, <org.apache.commons.math.stat.clustering.KMeansPlusPlusClusterer,56>, <org.apache.commons.math.stat.clustering.KMeansPlusPlusClusterer,57>, <org.apache.commons.math.stat.clustering.KMeansPlusPlusClusterer,89>, <org.apache.commons.math.stat.clustering.KMeansPlusPlusClusterer,90>, <org.apache.commons.math.stat.clustering.KMeansPlusPlusClusterer,91>, <org.apache.commons.math.stat.clustering.KMeansPlusPlusClusterer,107>, <org.apache.commons.math.stat.clustering.KMeansPlusPlusClusterer,108>, <org.apache.commons.math.stat.clustering.KMeansPlusPlusClusterer,111>, <org.apache.commons.math.stat.clustering.KMeansPlusPlusClusterer,112>, <org.apache.commons.math.stat.clustering.KMeansPlusPlusClusterer,114>, <org.apache.commons.math.stat.clustering.KMeansPlusPlusClusterer,115>, <org.apache.commons.math.stat.clustering.KMeansPlusPlusClusterer,139>, <org.apache.commons.math.stat.clustering.KMeansPlusPlusClusterer,153>, <org.apache.commons.math.stat.clustering.KMeansPlusPlusClusterer,154>, <org.apache.commons.math.stat.clustering.KMeansPlusPlusClusterer,155>, <org.apache.commons.math.stat.clustering.KMeansPlusPlusClusterer,156>, <org.apache.commons.math.stat.clustering.KMeansPlusPlusClusterer,157>, <org.apache.commons.math.stat.clustering.KMeansPlusPlusClusterer,161>, <org.apache.commons.math.stat.clustering.KMeansPlusPlusClusterer,162>, <org.apache.commons.math.stat.clustering.Cluster,45>, <org.apache.commons.math.stat.clustering.Cluster,46>, <org.apache.commons.math.stat.clustering.Cluster,47>, <org.apache.commons.math.stat.clustering.Cluster,48>, <org.apache.commons.math.stat.clustering.Cluster,71>, <org.apache.commons.math.util.MathUtils,30>, <org.apache.commons.math.util.MathUtils,69>, <org.apache.commons.math.stat.clustering.EuclideanIntegerPoint,62>, <org.apache.commons.math.stat.clustering.EuclideanIntegerPoint,63>, <org.apache.commons.math.stat.clustering.EuclideanIntegerPoint,64>, <org.apache.commons.math.stat.clustering.EuclideanIntegerPoint,65>, <org.apache.commons.math.stat.clustering.EuclideanIntegerPoint,67>, <org.apache.commons.math.stat.clustering.EuclideanIntegerPoint,68>, <org.apache.commons.math.stat.clustering.EuclideanIntegerPoint,69>, <org.apache.commons.math.stat.clustering.EuclideanIntegerPoint,71>, <org.apache.commons.math.stat.clustering.EuclideanIntegerPoint,77>, <org.apache.commons.math.stat.clustering.EuclideanIntegerPoint,78>, <org.apache.commons.math.stat.clustering.EuclideanIntegerPoint,80>, <org.apache.commons.math.stat.clustering.EuclideanIntegerPoint,81>, <org.apache.commons.math.stat.clustering.EuclideanIntegerPoint,82>, <org.apache.commons.math.stat.clustering.EuclideanIntegerPoint,84>, <org.apache.commons.math.stat.clustering.EuclideanIntegerPoint,85>, <org.apache.commons.math.stat.clustering.EuclideanIntegerPoint,86>, <org.apache.commons.math.stat.clustering.EuclideanIntegerPoint,89>, <org.apache.commons.math.stat.clustering.EuclideanIntegerPoint,95>, <org.apache.commons.math.stat.clustering.EuclideanIntegerPoint,96>, <org.apache.commons.math.stat.clustering.EuclideanIntegerPoint,97>, <org.apache.commons.math.stat.clustering.EuclideanIntegerPoint,99>, <org.apache.commons.math.stat.clustering.EuclideanIntegerPoint,105>, <org.apache.commons.math.stat.clustering.EuclideanIntegerPoint,106>, <org.apache.commons.math.stat.clustering.EuclideanIntegerPoint,107>, <org.apache.commons.math.stat.clustering.EuclideanIntegerPoint,108>, <org.apache.commons.math.stat.clustering.EuclideanIntegerPoint,109>, <org.apache.commons.math.stat.clustering.EuclideanIntegerPoint,110>, <org.apache.commons.math.stat.clustering.EuclideanIntegerPoint,113>, <org.apache.commons.math.stat.clustering.EuclideanIntegerPoint,114>, <org.apache.commons.math.util.MathUtils,82>, <org.apache.commons.math.util.MathUtils,83>, <org.apache.commons.math.util.MathUtils,96>, <org.apache.commons.math.util.MathUtils,97>, <org.apache.commons.math.util.MathUtils,98>, <org.apache.commons.math.util.MathUtils,100>, <org.apache.commons.math.util.MathUtils,114>, <org.apache.commons.math.util.MathUtils,130>, <org.apache.commons.math.util.MathUtils,132>, <org.apache.commons.math.util.MathUtils,136>, <org.apache.commons.math.util.MathUtils,137>, <org.apache.commons.math.util.MathUtils,139>, <org.apache.commons.math.util.MathUtils,140>, <org.apache.commons.math.util.MathUtils,142>, <org.apache.commons.math.util.MathUtils,146>, <org.apache.commons.math.util.MathUtils,153>, <org.apache.commons.math.util.MathUtils,154>, <org.apache.commons.math.util.MathUtils,156>, <org.apache.commons.math.util.MathUtils,160>, <org.apache.commons.math.util.MathUtils,189>, <org.apache.commons.math.util.MathUtils,190>, <org.apache.commons.math.util.MathUtils,191>, <org.apache.commons.math.util.MathUtils,193>, <org.apache.commons.math.util.MathUtils,194>, <org.apache.commons.math.util.MathUtils,197>, <org.apache.commons.math.util.MathUtils,198>, <org.apache.commons.math.util.MathUtils,205>, <org.apache.commons.math.util.MathUtils,206>, <org.apache.commons.math.util.MathUtils,208>, <org.apache.commons.math.util.MathUtils,209>, <org.apache.commons.math.util.MathUtils,210>, <org.apache.commons.math.util.MathUtils,211>, <org.apache.commons.math.util.MathUtils,213>, <org.apache.commons.math.util.MathUtils,216>, <org.apache.commons.math.util.MathUtils,217>, <org.apache.commons.math.util.MathUtils,224>, <org.apache.commons.math.util.MathUtils,225>, <org.apache.commons.math.util.MathUtils,226>, <org.apache.commons.math.util.MathUtils,228>, <org.apache.commons.math.util.MathUtils,232>, <org.apache.commons.math.util.MathUtils,233>, <org.apache.commons.math.util.MathUtils,234>, <org.apache.commons.math.util.MathUtils,235>, <org.apache.commons.math.util.MathUtils,236>, <org.apache.commons.math.util.MathUtils,239>, <org.apache.commons.math.util.MathUtils,265>, <org.apache.commons.math.util.MathUtils,266>, <org.apache.commons.math.util.MathUtils,267>, <org.apache.commons.math.util.MathUtils,269>, <org.apache.commons.math.util.MathUtils,270>, <org.apache.commons.math.util.MathUtils,272>, <org.apache.commons.math.util.MathUtils,273>, <org.apache.commons.math.util.MathUtils,275>, <org.apache.commons.math.util.MathUtils,276>, <org.apache.commons.math.util.MathUtils,279>, <org.apache.commons.math.util.MathUtils,280>, <org.apache.commons.math.util.MathUtils,281>, <org.apache.commons.math.util.MathUtils,284>, <org.apache.commons.math.util.MathUtils,306>, <org.apache.commons.math.util.MathUtils,307>, <org.apache.commons.math.util.MathUtils,308>, <org.apache.commons.math.util.MathUtils,310>, <org.apache.commons.math.util.MathUtils,311>, <org.apache.commons.math.util.MathUtils,318>, <org.apache.commons.math.util.MathUtils,319>, <org.apache.commons.math.util.MathUtils,326>, <org.apache.commons.math.util.MathUtils,327>, <org.apache.commons.math.util.MathUtils,330>, <org.apache.commons.math.util.MathUtils,331>, <org.apache.commons.math.util.MathUtils,337>, <org.apache.commons.math.util.MathUtils,340>, <org.apache.commons.math.util.MathUtils,341>, <org.apache.commons.math.util.MathUtils,345>, <org.apache.commons.math.util.MathUtils,346>, <org.apache.commons.math.util.MathUtils,349>, <org.apache.commons.math.util.MathUtils,360>, <org.apache.commons.math.util.MathUtils,361>, <org.apache.commons.math.util.MathUtils,365>, <org.apache.commons.math.util.MathUtils,366>, <org.apache.commons.math.util.MathUtils,370>, <org.apache.commons.math.util.MathUtils,383>, <org.apache.commons.math.util.MathUtils,384>, <org.apache.commons.math.util.MathUtils,385>, <org.apache.commons.math.util.MathUtils,386>, <org.apache.commons.math.util.MathUtils,388>, <org.apache.commons.math.util.MathUtils,399>, <org.apache.commons.math.util.MathUtils,411>, <org.apache.commons.math.util.MathUtils,427>, <org.apache.commons.math.util.MathUtils,447>, <org.apache.commons.math.util.MathUtils,449>, <org.apache.commons.math.util.MathUtils,450>, <org.apache.commons.math.util.MathUtils,453>, <org.apache.commons.math.util.MathUtils,454>, <org.apache.commons.math.util.MathUtils,456>, <org.apache.commons.math.util.MathUtils,457>, <org.apache.commons.math.util.MathUtils,460>, <org.apache.commons.math.util.MathUtils,474>, <org.apache.commons.math.util.MathUtils,475>, <org.apache.commons.math.util.MathUtils,477>, <org.apache.commons.math.util.MathUtils,478>, <org.apache.commons.math.util.MathUtils,480>, <org.apache.commons.math.util.MathUtils,481>, <org.apache.commons.math.util.MathUtils,482>, <org.apache.commons.math.util.MathUtils,485>, <org.apache.commons.math.util.MathUtils,511>, <org.apache.commons.math.util.MathUtils,512>, <org.apache.commons.math.util.MathUtils,516>, <org.apache.commons.math.util.MathUtils,517>, <org.apache.commons.math.util.MathUtils,520>, <org.apache.commons.math.util.MathUtils,544>, <org.apache.commons.math.util.MathUtils,545>, <org.apache.commons.math.util.MathUtils,549>, <org.apache.commons.math.util.MathUtils,550>, <org.apache.commons.math.util.MathUtils,552>, <org.apache.commons.math.util.MathUtils,569>, <org.apache.commons.math.util.MathUtils,570>, <org.apache.commons.math.util.MathUtils,574>, <org.apache.commons.math.util.MathUtils,575>, <org.apache.commons.math.util.MathUtils,577>, <org.apache.commons.math.util.MathUtils,578>, <org.apache.commons.math.util.MathUtils,579>, <org.apache.commons.math.util.MathUtils,581>, <org.apache.commons.math.util.MathUtils,615>, <org.apache.commons.math.util.MathUtils,616>, <org.apache.commons.math.util.MathUtils,617>, <org.apache.commons.math.util.MathUtils,618>, <org.apache.commons.math.util.MathUtils,619>, <org.apache.commons.math.util.MathUtils,623>, <org.apache.commons.math.util.MathUtils,630>, <org.apache.commons.math.util.MathUtils,631>, <org.apache.commons.math.util.MathUtils,633>, <org.apache.commons.math.util.MathUtils,634>]
======================org.apache.commons.math.stat.clustering.EuclideanIntegerPoint,43
Find no block!
org.apache.commons.math.stat.clustering.EuclideanIntegerPoint,44
org.apache.commons.math.stat.clustering.EuclideanIntegerPoint,45
Find no block!
org.apache.commons.math.stat.clustering.EuclideanIntegerPoint,52
org.apache.commons.math.stat.clustering.EuclideanIntegerPoint,57
org.apache.commons.math.util.MathUtils,1624
========
int sum=0;
for(int i=NAN_GAP;i<p1.length;i++){
 final int dp=p1[i]-p2[i];
sum+=dp*dp;
}
return Math.sqrt(sum);

========
COMMAND:cd /home/mmotwani/mywork1dir/Defects4Java7/defects4j/SIMFIX_RQ2_20_3/math/math_79_buggy && /usr/bin/timeout 120 /mnt/nfs/work1/brun/mmotwani/Defects4Java7/defects4j//framework/bin/defects4j compile
FAILED TEST:org.apache.commons.math.stat.clustering.KMeansPlusPlusClustererTest::testPerformClusterAnalysisDegenerate
COUNT THESE===> Subject [_name=math, _id=79, _ssrc=/src/main/java, _tsrc=/src/test/java, _sbin=/target/classes, _tbin=/target/test-classes, _dependency=null] org.apache.commons.math.stat.clustering.KMeansPlusPlusClustererTest testPerformClusterAnalysisDegenerate
TESTING : org.apache.commons.math.stat.clustering.KMeansPlusPlusClustererTest::testPerformClusterAnalysisDegenerate
COMMAND:cd /home/mmotwani/mywork1dir/Defects4Java7/defects4j/SIMFIX_RQ2_20_3/math/math_79_buggy && /usr/bin/timeout 30 /mnt/nfs/work1/brun/mmotwani/Defects4Java7/defects4j//framework/bin/defects4j test -t org.apache.commons.math.stat.clustering.KMeansPlusPlusClustererTest::testPerformClusterAnalysisDegenerate
Failing tests: 0
TESTING : math_79
COMMAND:cd /home/mmotwani/mywork1dir/Defects4Java7/defects4j/SIMFIX_RQ2_20_3/math/math_79_buggy && /usr/bin/timeout 600 /mnt/nfs/work1/brun/mmotwani/Defects4Java7/defects4j//framework/bin/defects4j test
  - org.apache.commons.math.util.MathUtilsTest::testL2DistanceInt
  - org.apache.commons.math.stat.clustering.KMeansPlusPlusClustererTest::dimension2
  - org.apache.commons.math.stat.clustering.EuclideanIntegerPointTest::testDistance
Failing tests: 3
Running ant (run.dev.tests)................................................ OK
Running ant (compile.tests)................................................ OK
========
int sum=0;
for(int i=0;i<length;i++){
 final int dp=p1[i]-p2[i];
sum+=dp*dp;
}
return Math.sqrt(sum);

========
COMMAND:cd /home/mmotwani/mywork1dir/Defects4Java7/defects4j/SIMFIX_RQ2_20_3/math/math_79_buggy && /usr/bin/timeout 120 /mnt/nfs/work1/brun/mmotwani/Defects4Java7/defects4j//framework/bin/defects4j compile
========
int sum=0;
SAFE_MIN=0;
for(int i=0;i<p1.length;i++){
 final int dp=p1[i]-p2[i];
sum+=dp*dp;
}
return Math.sqrt(sum);

========
COMMAND:cd /home/mmotwani/mywork1dir/Defects4Java7/defects4j/SIMFIX_RQ2_20_3/math/math_79_buggy && /usr/bin/timeout 120 /mnt/nfs/work1/brun/mmotwani/Defects4Java7/defects4j//framework/bin/defects4j compile
========
int sum=0;
for(int i=NAN_GAP;i<length;i++){
 final int dp=p1[i]-p2[i];
sum+=dp*dp;
}
return Math.sqrt(sum);

========
COMMAND:cd /home/mmotwani/mywork1dir/Defects4Java7/defects4j/SIMFIX_RQ2_20_3/math/math_79_buggy && /usr/bin/timeout 120 /mnt/nfs/work1/brun/mmotwani/Defects4Java7/defects4j//framework/bin/defects4j compile
========
double sum=0;
for(int i=0;i<p1.length;i++){
 final double dp=p1[i]-p2[i];
sum+=dp*dp;
}
return Math.sqrt(sum);

========
COMMAND:cd /home/mmotwani/mywork1dir/Defects4Java7/defects4j/SIMFIX_RQ2_20_3/math/math_79_buggy && /usr/bin/timeout 120 /mnt/nfs/work1/brun/mmotwani/Defects4Java7/defects4j//framework/bin/defects4j compile
FAILED TEST:org.apache.commons.math.stat.clustering.KMeansPlusPlusClustererTest::testPerformClusterAnalysisDegenerate
COUNT THESE===> Subject [_name=math, _id=79, _ssrc=/src/main/java, _tsrc=/src/test/java, _sbin=/target/classes, _tbin=/target/test-classes, _dependency=null] org.apache.commons.math.stat.clustering.KMeansPlusPlusClustererTest testPerformClusterAnalysisDegenerate
TESTING : org.apache.commons.math.stat.clustering.KMeansPlusPlusClustererTest::testPerformClusterAnalysisDegenerate
COMMAND:cd /home/mmotwani/mywork1dir/Defects4Java7/defects4j/SIMFIX_RQ2_20_3/math/math_79_buggy && /usr/bin/timeout 30 /mnt/nfs/work1/brun/mmotwani/Defects4Java7/defects4j//framework/bin/defects4j test -t org.apache.commons.math.stat.clustering.KMeansPlusPlusClustererTest::testPerformClusterAnalysisDegenerate
Failing tests: 0
TESTING : math_79
COMMAND:cd /home/mmotwani/mywork1dir/Defects4Java7/defects4j/SIMFIX_RQ2_20_3/math/math_79_buggy && /usr/bin/timeout 600 /mnt/nfs/work1/brun/mmotwani/Defects4Java7/defects4j//framework/bin/defects4j test
Failing tests: 0
Successfully repair!
