java version "1.7.0_231"
OpenJDK Runtime Environment (rhel-2.6.19.1.el7_6-x86_64 u231-b01)
OpenJDK 64-Bit Server VM (build 24.231-b01, mixed mode)
Check out 39cf5e69 to /mnt/nfs/work1/brun/mmotwani/Defects4Java7/defects4j/ OK
Init local repository...................................................... OK
Tag post-fix revision...................................................... OK
Initialize fixed program version........................................... OK
Apply patch................................................................ OK
Initialize buggy program version........................................... OK
Diff 39cf5e69:ef028845..................................................... OK
Apply patch................................................................ OK
Tag pre-fix revision....................................................... OK
Check out program version: Math-50b........................................ OK
Running ant (compile)...................................................... OK
Running ant (compile.tests)................................................ OK
Running ant (compile.tests)................................................ OK
Running ant (run.dev.tests)................................................ OK
Failing tests: 1
  - org.apache.commons.math.analysis.solvers.RegulaFalsiSolverTest::testIssue631
/home/mmotwani/mywork1dir/Defects4Java7/defects4j/SIMFIX_RQ2_20_3
PURIFY IS FALSE
=================================================
Project : math_50	start : 19/10/16 10:34

Field type inconsistancy 'SUPER' with types : MathIllegalStateException and MathException
readFailedTest: path is /mnt/nfs/work1/brun/mmotwani/SimFix/d4j-info/failed_tests/math/50.txt#ATTEMPTS: 1

# FAILING TESTS: 1
TIMEOUT : 18000000
===========
locations= [<org.apache.commons.math.analysis.solvers.BaseSecantSolver,68>, <org.apache.commons.math.analysis.solvers.BaseSecantSolver,69>, <org.apache.commons.math.analysis.solvers.BaseSecantSolver,70>, <org.apache.commons.math.analysis.solvers.BaseSecantSolver,71>, <org.apache.commons.math.analysis.solvers.BaseSecantSolver,124>, <org.apache.commons.math.analysis.solvers.BaseSecantSolver,171>, <org.apache.commons.math.analysis.solvers.BaseSecantSolver,174>, <org.apache.commons.math.analysis.solvers.BaseSecantSolver,175>, <org.apache.commons.math.analysis.solvers.BaseSecantSolver,176>, <org.apache.commons.math.analysis.solvers.BaseSecantSolver,178>, <org.apache.commons.math.analysis.solvers.BaseSecantSolver,187>, <org.apache.commons.math.analysis.solvers.BaseSecantSolver,188>, <org.apache.commons.math.analysis.solvers.BaseSecantSolver,189>, <org.apache.commons.math.analysis.solvers.BaseSecantSolver,198>, <org.apache.commons.math.analysis.solvers.BaseSecantSolver,199>, <org.apache.commons.math.analysis.solvers.BaseSecantSolver,204>, <org.apache.commons.math.analysis.solvers.BaseSecantSolver,235>, <org.apache.commons.math.analysis.solvers.BaseSecantSolver,237>, <org.apache.commons.math.analysis.solvers.BaseSecantSolver,239>, <org.apache.commons.math.analysis.solvers.BaseSecantSolver,252>, <org.apache.commons.math.analysis.solvers.BaseSecantSolver,205>, <org.apache.commons.math.analysis.solvers.BaseSecantSolver,178>, <org.apache.commons.math.analysis.solvers.RegulaFalsiSolver,43>, <org.apache.commons.math.analysis.solvers.RegulaFalsiSolver,44>, <org.apache.commons.math.analysis.solvers.BaseAbstractUnivariateRealSolver,65>, <org.apache.commons.math.analysis.solvers.BaseAbstractUnivariateRealSolver,68>, <org.apache.commons.math.analysis.solvers.BaseAbstractUnivariateRealSolver,92>, <org.apache.commons.math.analysis.solvers.BaseAbstractUnivariateRealSolver,49>, <org.apache.commons.math.analysis.solvers.BaseAbstractUnivariateRealSolver,93>, <org.apache.commons.math.analysis.solvers.BaseAbstractUnivariateRealSolver,94>, <org.apache.commons.math.analysis.solvers.BaseAbstractUnivariateRealSolver,95>, <org.apache.commons.math.analysis.solvers.BaseAbstractUnivariateRealSolver,96>, <org.apache.commons.math.analysis.solvers.BaseAbstractUnivariateRealSolver,110>, <org.apache.commons.math.analysis.solvers.BaseAbstractUnivariateRealSolver,116>, <org.apache.commons.math.analysis.solvers.BaseAbstractUnivariateRealSolver,128>, <org.apache.commons.math.analysis.solvers.BaseAbstractUnivariateRealSolver,134>, <org.apache.commons.math.analysis.solvers.BaseAbstractUnivariateRealSolver,140>, <org.apache.commons.math.analysis.solvers.BaseAbstractUnivariateRealSolver,153>, <org.apache.commons.math.analysis.solvers.BaseAbstractUnivariateRealSolver,154>, <org.apache.commons.math.analysis.solvers.BaseAbstractUnivariateRealSolver,173>, <org.apache.commons.math.analysis.solvers.BaseAbstractUnivariateRealSolver,176>, <org.apache.commons.math.analysis.solvers.BaseAbstractUnivariateRealSolver,177>, <org.apache.commons.math.analysis.solvers.BaseAbstractUnivariateRealSolver,178>, <org.apache.commons.math.analysis.solvers.BaseAbstractUnivariateRealSolver,179>, <org.apache.commons.math.analysis.solvers.BaseAbstractUnivariateRealSolver,180>, <org.apache.commons.math.analysis.solvers.BaseAbstractUnivariateRealSolver,181>, <org.apache.commons.math.analysis.solvers.BaseAbstractUnivariateRealSolver,182>, <org.apache.commons.math.analysis.solvers.BaseAbstractUnivariateRealSolver,187>, <org.apache.commons.math.analysis.solvers.BaseAbstractUnivariateRealSolver,190>, <org.apache.commons.math.analysis.solvers.BaseAbstractUnivariateRealSolver,195>, <org.apache.commons.math.analysis.solvers.BaseAbstractUnivariateRealSolver,282>, <org.apache.commons.math.analysis.solvers.BaseAbstractUnivariateRealSolver,283>, <org.apache.commons.math.analysis.solvers.BaseAbstractUnivariateRealSolver,294>, <org.apache.commons.math.analysis.solvers.BaseAbstractUnivariateRealSolver,297>, <org.apache.commons.math.analysis.solvers.BaseAbstractUnivariateRealSolver,298>, <org.apache.commons.math.analysis.solvers.AbstractUnivariateRealSolver,37>, <org.apache.commons.math.analysis.solvers.AbstractUnivariateRealSolver,38>, <org.apache.commons.math.util.Incrementor,28>, <org.apache.commons.math.util.Incrementor,44>, <org.apache.commons.math.util.Incrementor,45>, <org.apache.commons.math.util.Incrementor,84>, <org.apache.commons.math.util.Incrementor,87>, <org.apache.commons.math.util.Incrementor,93>, <org.apache.commons.math.util.Incrementor,94>, <org.apache.commons.math.util.FastMath,80>, <org.apache.commons.math.util.FastMath,85>, <org.apache.commons.math.util.FastMath,90>, <org.apache.commons.math.util.FastMath,95>, <org.apache.commons.math.util.FastMath,98>, <org.apache.commons.math.util.FastMath,101>, <org.apache.commons.math.util.FastMath,110>, <org.apache.commons.math.util.FastMath,130>, <org.apache.commons.math.util.FastMath,143>, <org.apache.commons.math.util.FastMath,153>, <org.apache.commons.math.util.FastMath,156>, <org.apache.commons.math.util.FastMath,159>, <org.apache.commons.math.util.FastMath,162>, <org.apache.commons.math.util.FastMath,165>, <org.apache.commons.math.util.FastMath,168>, <org.apache.commons.math.util.FastMath,171>, <org.apache.commons.math.util.FastMath,192>, <org.apache.commons.math.util.FastMath,200>, <org.apache.commons.math.util.FastMath,203>, <org.apache.commons.math.util.FastMath,233>, <org.apache.commons.math.util.FastMath,234>, <org.apache.commons.math.util.FastMath,235>, <org.apache.commons.math.util.FastMath,238>, <org.apache.commons.math.util.FastMath,239>, <org.apache.commons.math.util.FastMath,242>, <org.apache.commons.math.util.FastMath,243>, <org.apache.commons.math.util.FastMath,244>, <org.apache.commons.math.util.FastMath,245>, <org.apache.commons.math.util.FastMath,247>, <org.apache.commons.math.util.FastMath,249>, <org.apache.commons.math.util.FastMath,250>, <org.apache.commons.math.util.FastMath,251>, <org.apache.commons.math.util.FastMath,256>, <org.apache.commons.math.util.FastMath,257>, <org.apache.commons.math.util.FastMath,258>, <org.apache.commons.math.util.FastMath,259>, <org.apache.commons.math.util.FastMath,263>, <org.apache.commons.math.util.FastMath,264>, <org.apache.commons.math.util.FastMath,265>, <org.apache.commons.math.util.FastMath,269>, <org.apache.commons.math.util.FastMath,270>, <org.apache.commons.math.util.FastMath,1012>, <org.apache.commons.math.util.FastMath,1013>, <org.apache.commons.math.util.FastMath,1014>, <org.apache.commons.math.util.FastMath,1015>, <org.apache.commons.math.util.FastMath,1016>, <org.apache.commons.math.util.FastMath,1017>, <org.apache.commons.math.util.FastMath,1019>, <org.apache.commons.math.util.FastMath,1020>, <org.apache.commons.math.util.FastMath,1021>, <org.apache.commons.math.util.FastMath,1022>, <org.apache.commons.math.util.FastMath,1024>, <org.apache.commons.math.util.FastMath,1025>, <org.apache.commons.math.util.FastMath,1027>, <org.apache.commons.math.util.FastMath,1028>, <org.apache.commons.math.util.FastMath,1029>, <org.apache.commons.math.util.FastMath,1032>, <org.apache.commons.math.util.FastMath,1033>, <org.apache.commons.math.util.FastMath,1034>, <org.apache.commons.math.util.FastMath,1037>, <org.apache.commons.math.util.FastMath,1046>, <org.apache.commons.math.util.FastMath,1047>, <org.apache.commons.math.util.FastMath,1048>, <org.apache.commons.math.util.FastMath,1049>, <org.apache.commons.math.util.FastMath,1050>, <org.apache.commons.math.util.FastMath,1055>, <org.apache.commons.math.util.FastMath,1062>, <org.apache.commons.math.util.FastMath,1063>, <org.apache.commons.math.util.FastMath,1065>, <org.apache.commons.math.util.FastMath,1066>, <org.apache.commons.math.util.FastMath,1067>, <org.apache.commons.math.util.FastMath,1068>, <org.apache.commons.math.util.FastMath,1069>, <org.apache.commons.math.util.FastMath,1070>, <org.apache.commons.math.util.FastMath,1071>, <org.apache.commons.math.util.FastMath,1072>, <org.apache.commons.math.util.FastMath,1074>, <org.apache.commons.math.util.FastMath,1082>, <org.apache.commons.math.util.FastMath,1083>, <org.apache.commons.math.util.FastMath,1086>, <org.apache.commons.math.util.FastMath,1087>, <org.apache.commons.math.util.FastMath,1095>, <org.apache.commons.math.util.FastMath,1096>, <org.apache.commons.math.util.FastMath,1098>, <org.apache.commons.math.util.FastMath,1099>, <org.apache.commons.math.util.FastMath,1120>, <org.apache.commons.math.util.FastMath,1121>, <org.apache.commons.math.util.FastMath,1123>, <org.apache.commons.math.util.FastMath,1128>, <org.apache.commons.math.util.FastMath,1129>, <org.apache.commons.math.util.FastMath,1131>, <org.apache.commons.math.util.FastMath,1132>, <org.apache.commons.math.util.FastMath,1136>, <org.apache.commons.math.util.FastMath,1138>, <org.apache.commons.math.util.FastMath,1140>, <org.apache.commons.math.util.FastMath,1143>, <org.apache.commons.math.util.FastMath,1145>, <org.apache.commons.math.util.FastMath,1147>, <org.apache.commons.math.util.FastMath,1155>, <org.apache.commons.math.util.FastMath,1156>, <org.apache.commons.math.util.FastMath,1157>, <org.apache.commons.math.util.FastMath,1160>, <org.apache.commons.math.util.FastMath,1161>, <org.apache.commons.math.util.FastMath,1162>, <org.apache.commons.math.util.FastMath,1164>, <org.apache.commons.math.util.FastMath,1165>, <org.apache.commons.math.util.FastMath,1168>, <org.apache.commons.math.util.FastMath,1169>, <org.apache.commons.math.util.FastMath,1171>, <org.apache.commons.math.util.FastMath,1172>, <org.apache.commons.math.util.FastMath,1173>, <org.apache.commons.math.util.FastMath,1174>, <org.apache.commons.math.util.FastMath,1175>, <org.apache.commons.math.util.FastMath,1176>, <org.apache.commons.math.util.FastMath,1179>, <org.apache.commons.math.util.FastMath,1180>, <org.apache.commons.math.util.FastMath,1181>, <org.apache.commons.math.util.FastMath,1183>, <org.apache.commons.math.util.FastMath,1184>, <org.apache.commons.math.util.FastMath,1185>, <org.apache.commons.math.util.FastMath,1186>, <org.apache.commons.math.util.FastMath,1187>, <org.apache.commons.math.util.FastMath,1188>, <org.apache.commons.math.util.FastMath,1191>, <org.apache.commons.math.util.FastMath,1192>, <org.apache.commons.math.util.FastMath,1193>, <org.apache.commons.math.util.FastMath,1195>, <org.apache.commons.math.util.FastMath,1196>, <org.apache.commons.math.util.FastMath,1197>, <org.apache.commons.math.util.FastMath,1198>, <org.apache.commons.math.util.FastMath,1199>, <org.apache.commons.math.util.FastMath,1200>, <org.apache.commons.math.util.FastMath,1201>, <org.apache.commons.math.util.FastMath,1210>, <org.apache.commons.math.util.FastMath,1211>, <org.apache.commons.math.util.FastMath,1212>]
======================org.apache.commons.math.analysis.solvers.BaseSecantSolver,68
========
this.absoluteAccuracy=relativeAccuracy;
super(absoluteAccuracy);
this.allowed=AllowedSolution.ANY_SIDE;
this.method=method;

========
COMMAND:cd /home/mmotwani/mywork1dir/Defects4Java7/defects4j/SIMFIX_RQ2_20_3/math/math_50_buggy && /usr/bin/timeout 120 /mnt/nfs/work1/brun/mmotwani/Defects4Java7/defects4j//framework/bin/defects4j compile
========
this.absoluteAccuracy=functionValueAccuracy;
super(absoluteAccuracy);
this.allowed=AllowedSolution.ANY_SIDE;
this.method=method;

========
COMMAND:cd /home/mmotwani/mywork1dir/Defects4Java7/defects4j/SIMFIX_RQ2_20_3/math/math_50_buggy && /usr/bin/timeout 120 /mnt/nfs/work1/brun/mmotwani/Defects4Java7/defects4j//framework/bin/defects4j compile
org.apache.commons.math.analysis.solvers.BaseSecantSolver,69
org.apache.commons.math.analysis.solvers.BaseSecantSolver,70
org.apache.commons.math.analysis.solvers.BaseSecantSolver,71
Find no block!
org.apache.commons.math.analysis.solvers.BaseSecantSolver,124
========
return solve(maxEval,f,min,max,min+0.5*(max-min),allowed);

========
COMMAND:cd /home/mmotwani/mywork1dir/Defects4Java7/defects4j/SIMFIX_RQ2_20_3/math/math_50_buggy && /usr/bin/timeout 120 /mnt/nfs/work1/brun/mmotwani/Defects4Java7/defects4j//framework/bin/defects4j compile
FAILED TEST:org.apache.commons.math.analysis.solvers.RegulaFalsiSolverTest::testIssue631
COUNT THESE===> Subject [_name=math, _id=50, _ssrc=/src/main/java, _tsrc=/src/test/java, _sbin=/target/classes, _tbin=/target/test-classes, _dependency=null] org.apache.commons.math.analysis.solvers.RegulaFalsiSolverTest testIssue631
TESTING : org.apache.commons.math.analysis.solvers.RegulaFalsiSolverTest::testIssue631
COMMAND:cd /home/mmotwani/mywork1dir/Defects4Java7/defects4j/SIMFIX_RQ2_20_3/math/math_50_buggy && /usr/bin/timeout 30 /mnt/nfs/work1/brun/mmotwani/Defects4Java7/defects4j//framework/bin/defects4j test -t org.apache.commons.math.analysis.solvers.RegulaFalsiSolverTest::testIssue631
  - org.apache.commons.math.analysis.solvers.RegulaFalsiSolverTest::testIssue631
Failing tests: 1
Running ant (run.dev.tests)................................................ OK
Running ant (compile.tests)................................................ OK
========
return solve(maxEval,f,min,max,startValue,allowed);

========
COMMAND:cd /home/mmotwani/mywork1dir/Defects4Java7/defects4j/SIMFIX_RQ2_20_3/math/math_50_buggy && /usr/bin/timeout 120 /mnt/nfs/work1/brun/mmotwani/Defects4Java7/defects4j//framework/bin/defects4j compile
FAILED TEST:org.apache.commons.math.analysis.solvers.RegulaFalsiSolverTest::testIssue631
COUNT THESE===> Subject [_name=math, _id=50, _ssrc=/src/main/java, _tsrc=/src/test/java, _sbin=/target/classes, _tbin=/target/test-classes, _dependency=null] org.apache.commons.math.analysis.solvers.RegulaFalsiSolverTest testIssue631
TESTING : org.apache.commons.math.analysis.solvers.RegulaFalsiSolverTest::testIssue631
COMMAND:cd /home/mmotwani/mywork1dir/Defects4Java7/defects4j/SIMFIX_RQ2_20_3/math/math_50_buggy && /usr/bin/timeout 30 /mnt/nfs/work1/brun/mmotwani/Defects4Java7/defects4j//framework/bin/defects4j test -t org.apache.commons.math.analysis.solvers.RegulaFalsiSolverTest::testIssue631
  - org.apache.commons.math.analysis.solvers.RegulaFalsiSolverTest::testIssue631
Failing tests: 1
Running ant (run.dev.tests)................................................ OK
Running ant (compile.tests)................................................ OK
========
return solve(maxEval,f,Double.NaN,Double.NaN,startValue);

========
COMMAND:cd /home/mmotwani/mywork1dir/Defects4Java7/defects4j/SIMFIX_RQ2_20_3/math/math_50_buggy && /usr/bin/timeout 120 /mnt/nfs/work1/brun/mmotwani/Defects4Java7/defects4j//framework/bin/defects4j compile
FAILED TEST:org.apache.commons.math.analysis.solvers.RegulaFalsiSolverTest::testIssue631
COUNT THESE===> Subject [_name=math, _id=50, _ssrc=/src/main/java, _tsrc=/src/test/java, _sbin=/target/classes, _tbin=/target/test-classes, _dependency=null] org.apache.commons.math.analysis.solvers.RegulaFalsiSolverTest testIssue631
TESTING : org.apache.commons.math.analysis.solvers.RegulaFalsiSolverTest::testIssue631
COMMAND:cd /home/mmotwani/mywork1dir/Defects4Java7/defects4j/SIMFIX_RQ2_20_3/math/math_50_buggy && /usr/bin/timeout 30 /mnt/nfs/work1/brun/mmotwani/Defects4Java7/defects4j//framework/bin/defects4j test -t org.apache.commons.math.analysis.solvers.RegulaFalsiSolverTest::testIssue631
  - org.apache.commons.math.analysis.solvers.RegulaFalsiSolverTest::testIssue631
Failing tests: 1
Running ant (run.dev.tests)................................................ OK
Running ant (compile.tests)................................................ OK
========
return solve(maxEval,f,min,max,min+0.5*(max-min));

========
COMMAND:cd /home/mmotwani/mywork1dir/Defects4Java7/defects4j/SIMFIX_RQ2_20_3/math/math_50_buggy && /usr/bin/timeout 120 /mnt/nfs/work1/brun/mmotwani/Defects4Java7/defects4j//framework/bin/defects4j compile
FAILED TEST:org.apache.commons.math.analysis.solvers.RegulaFalsiSolverTest::testIssue631
COUNT THESE===> Subject [_name=math, _id=50, _ssrc=/src/main/java, _tsrc=/src/test/java, _sbin=/target/classes, _tbin=/target/test-classes, _dependency=null] org.apache.commons.math.analysis.solvers.RegulaFalsiSolverTest testIssue631
TESTING : org.apache.commons.math.analysis.solvers.RegulaFalsiSolverTest::testIssue631
COMMAND:cd /home/mmotwani/mywork1dir/Defects4Java7/defects4j/SIMFIX_RQ2_20_3/math/math_50_buggy && /usr/bin/timeout 30 /mnt/nfs/work1/brun/mmotwani/Defects4Java7/defects4j//framework/bin/defects4j test -t org.apache.commons.math.analysis.solvers.RegulaFalsiSolverTest::testIssue631
  - org.apache.commons.math.analysis.solvers.RegulaFalsiSolverTest::testIssue631
Failing tests: 1
Running ant (run.dev.tests)................................................ OK
Running ant (compile.tests)................................................ OK
========
return solve(min,DEFAULT_ABSOLUTE_ACCURACY,startValue,DEFAULT_ABSOLUTE_ACCURACY);

========
COMMAND:cd /home/mmotwani/mywork1dir/Defects4Java7/defects4j/SIMFIX_RQ2_20_3/math/math_50_buggy && /usr/bin/timeout 120 /mnt/nfs/work1/brun/mmotwani/Defects4Java7/defects4j//framework/bin/defects4j compile
========
return solve(DEFAULT_ABSOLUTE_ACCURACY,max,DEFAULT_ABSOLUTE_ACCURACY,DEFAULT_ABSOLUTE_ACCURACY);

========
COMMAND:cd /home/mmotwani/mywork1dir/Defects4Java7/defects4j/SIMFIX_RQ2_20_3/math/math_50_buggy && /usr/bin/timeout 120 /mnt/nfs/work1/brun/mmotwani/Defects4Java7/defects4j//framework/bin/defects4j compile
========
return laguerre(min,startValue,max,DEFAULT_ABSOLUTE_ACCURACY);

========
COMMAND:cd /home/mmotwani/mywork1dir/Defects4Java7/defects4j/SIMFIX_RQ2_20_3/math/math_50_buggy && /usr/bin/timeout 120 /mnt/nfs/work1/brun/mmotwani/Defects4Java7/defects4j//framework/bin/defects4j compile
========
return laguerre(min,max,DEFAULT_ABSOLUTE_ACCURACY,startValue);

========
COMMAND:cd /home/mmotwani/mywork1dir/Defects4Java7/defects4j/SIMFIX_RQ2_20_3/math/math_50_buggy && /usr/bin/timeout 120 /mnt/nfs/work1/brun/mmotwani/Defects4Java7/defects4j//framework/bin/defects4j compile
========
return brent(min,startValue,max,DEFAULT_ABSOLUTE_ACCURACY);

========
COMMAND:cd /home/mmotwani/mywork1dir/Defects4Java7/defects4j/SIMFIX_RQ2_20_3/math/math_50_buggy && /usr/bin/timeout 120 /mnt/nfs/work1/brun/mmotwani/Defects4Java7/defects4j//framework/bin/defects4j compile
========
return brent(min,max,DEFAULT_ABSOLUTE_ACCURACY,startValue);

========
COMMAND:cd /home/mmotwani/mywork1dir/Defects4Java7/defects4j/SIMFIX_RQ2_20_3/math/math_50_buggy && /usr/bin/timeout 120 /mnt/nfs/work1/brun/mmotwani/Defects4Java7/defects4j//framework/bin/defects4j compile
org.apache.commons.math.analysis.solvers.BaseSecantSolver,171
========
case PEGASUS :

case ILLINOIS :
f0*=0.5;
break;


========
COMMAND:cd /home/mmotwani/mywork1dir/Defects4Java7/defects4j/SIMFIX_RQ2_20_3/math/math_50_buggy && /usr/bin/timeout 120 /mnt/nfs/work1/brun/mmotwani/Defects4Java7/defects4j//framework/bin/defects4j compile
========
if(fx==0.0){
return x;
}
case ILLINOIS :
f0*=0.5;
break;


========
COMMAND:cd /home/mmotwani/mywork1dir/Defects4Java7/defects4j/SIMFIX_RQ2_20_3/math/math_50_buggy && /usr/bin/timeout 120 /mnt/nfs/work1/brun/mmotwani/Defects4Java7/defects4j//framework/bin/defects4j compile
========
x0=x1;
case ILLINOIS :
f0*=0.5;
break;


========
COMMAND:cd /home/mmotwani/mywork1dir/Defects4Java7/defects4j/SIMFIX_RQ2_20_3/math/math_50_buggy && /usr/bin/timeout 120 /mnt/nfs/work1/brun/mmotwani/Defects4Java7/defects4j//framework/bin/defects4j compile
========
x1=x;
case ILLINOIS :
f0*=0.5;
break;


========
COMMAND:cd /home/mmotwani/mywork1dir/Defects4Java7/defects4j/SIMFIX_RQ2_20_3/math/math_50_buggy && /usr/bin/timeout 120 /mnt/nfs/work1/brun/mmotwani/Defects4Java7/defects4j//framework/bin/defects4j compile
========
f1=fx;
case ILLINOIS :
f0*=0.5;
break;


========
COMMAND:cd /home/mmotwani/mywork1dir/Defects4Java7/defects4j/SIMFIX_RQ2_20_3/math/math_50_buggy && /usr/bin/timeout 120 /mnt/nfs/work1/brun/mmotwani/Defects4Java7/defects4j//framework/bin/defects4j compile
========
case REGULA_FALSI :

case PEGASUS :
f0*=f1/(f1+fx);
break;


========
COMMAND:cd /home/mmotwani/mywork1dir/Defects4Java7/defects4j/SIMFIX_RQ2_20_3/math/math_50_buggy && /usr/bin/timeout 120 /mnt/nfs/work1/brun/mmotwani/Defects4Java7/defects4j//framework/bin/defects4j compile
========
x1=x;
case PEGASUS :
f0*=f1/(f1+fx);
break;


========
COMMAND:cd /home/mmotwani/mywork1dir/Defects4Java7/defects4j/SIMFIX_RQ2_20_3/math/math_50_buggy && /usr/bin/timeout 120 /mnt/nfs/work1/brun/mmotwani/Defects4Java7/defects4j//framework/bin/defects4j compile
========
if(FastMath.abs(f0)<=fx){
return x1;
}
case PEGASUS :
f0*=f1/(f1+fx);
break;


========
COMMAND:cd /home/mmotwani/mywork1dir/Defects4Java7/defects4j/SIMFIX_RQ2_20_3/math/math_50_buggy && /usr/bin/timeout 120 /mnt/nfs/work1/brun/mmotwani/Defects4Java7/defects4j//framework/bin/defects4j compile
========
case ABOVE_SIDE :

case PEGASUS :
f0*=f1/(f1+fx);
break;


========
COMMAND:cd /home/mmotwani/mywork1dir/Defects4Java7/defects4j/SIMFIX_RQ2_20_3/math/math_50_buggy && /usr/bin/timeout 120 /mnt/nfs/work1/brun/mmotwani/Defects4Java7/defects4j//framework/bin/defects4j compile
========
if(tolerance==x1){
x0=0.5*(x0+x1-FastMath.max(rtol*FastMath.abs(x1),atol));
f0=computeObjectiveValue(x0);
}

========
COMMAND:cd /home/mmotwani/mywork1dir/Defects4Java7/defects4j/SIMFIX_RQ2_20_3/math/math_50_buggy && /usr/bin/timeout 120 /mnt/nfs/work1/brun/mmotwani/Defects4Java7/defects4j//framework/bin/defects4j compile
========
if(x==functionValueAccuracy){
x0=0.5*(x0+x1-FastMath.max(rtol*FastMath.abs(x1),atol));
f0=computeObjectiveValue(x0);
}

========
COMMAND:cd /home/mmotwani/mywork1dir/Defects4Java7/defects4j/SIMFIX_RQ2_20_3/math/math_50_buggy && /usr/bin/timeout 120 /mnt/nfs/work1/brun/mmotwani/Defects4Java7/defects4j//framework/bin/defects4j compile
========
x0=x1;
if(x==x1){
x0=0.5*(x0+x1-FastMath.max(rtol*FastMath.abs(x1),atol));
f0=computeObjectiveValue(x0);
}

========
COMMAND:cd /home/mmotwani/mywork1dir/Defects4Java7/defects4j/SIMFIX_RQ2_20_3/math/math_50_buggy && /usr/bin/timeout 120 /mnt/nfs/work1/brun/mmotwani/Defects4Java7/defects4j//framework/bin/defects4j compile
FAILED TEST:org.apache.commons.math.analysis.solvers.RegulaFalsiSolverTest::testIssue631
COUNT THESE===> Subject [_name=math, _id=50, _ssrc=/src/main/java, _tsrc=/src/test/java, _sbin=/target/classes, _tbin=/target/test-classes, _dependency=null] org.apache.commons.math.analysis.solvers.RegulaFalsiSolverTest testIssue631
TESTING : org.apache.commons.math.analysis.solvers.RegulaFalsiSolverTest::testIssue631
COMMAND:cd /home/mmotwani/mywork1dir/Defects4Java7/defects4j/SIMFIX_RQ2_20_3/math/math_50_buggy && /usr/bin/timeout 30 /mnt/nfs/work1/brun/mmotwani/Defects4Java7/defects4j//framework/bin/defects4j test -t org.apache.commons.math.analysis.solvers.RegulaFalsiSolverTest::testIssue631
  - org.apache.commons.math.analysis.solvers.RegulaFalsiSolverTest::testIssue631
Failing tests: 1
Running ant (run.dev.tests)................................................ OK
Running ant (compile.tests)................................................ OK
========
f0=ftol;
if(x==x1){
x0=0.5*(x0+x1-FastMath.max(rtol*FastMath.abs(x1),atol));
f0=computeObjectiveValue(x0);
}

========
COMMAND:cd /home/mmotwani/mywork1dir/Defects4Java7/defects4j/SIMFIX_RQ2_20_3/math/math_50_buggy && /usr/bin/timeout 120 /mnt/nfs/work1/brun/mmotwani/Defects4Java7/defects4j//framework/bin/defects4j compile
FAILED TEST:org.apache.commons.math.analysis.solvers.RegulaFalsiSolverTest::testIssue631
COUNT THESE===> Subject [_name=math, _id=50, _ssrc=/src/main/java, _tsrc=/src/test/java, _sbin=/target/classes, _tbin=/target/test-classes, _dependency=null] org.apache.commons.math.analysis.solvers.RegulaFalsiSolverTest testIssue631
TESTING : org.apache.commons.math.analysis.solvers.RegulaFalsiSolverTest::testIssue631
COMMAND:cd /home/mmotwani/mywork1dir/Defects4Java7/defects4j/SIMFIX_RQ2_20_3/math/math_50_buggy && /usr/bin/timeout 30 /mnt/nfs/work1/brun/mmotwani/Defects4Java7/defects4j//framework/bin/defects4j test -t org.apache.commons.math.analysis.solvers.RegulaFalsiSolverTest::testIssue631
Failing tests: 0
TESTING : math_50
COMMAND:cd /home/mmotwani/mywork1dir/Defects4Java7/defects4j/SIMFIX_RQ2_20_3/math/math_50_buggy && /usr/bin/timeout 600 /mnt/nfs/work1/brun/mmotwani/Defects4Java7/defects4j//framework/bin/defects4j test
  - org.apache.commons.math.analysis.solvers.RegulaFalsiSolverTest::testSinZero
  - org.apache.commons.math.analysis.solvers.RegulaFalsiSolverTest::testQuinticZero
Failing tests: 2
Running ant (run.dev.tests)................................................ OK
Running ant (compile.tests)................................................ OK
========
x0=x1;
f0=ftol;
if(x==x1){
x0=0.5*(x0+x1-FastMath.max(rtol*FastMath.abs(x1),atol));
f0=computeObjectiveValue(x0);
}

========
COMMAND:cd /home/mmotwani/mywork1dir/Defects4Java7/defects4j/SIMFIX_RQ2_20_3/math/math_50_buggy && /usr/bin/timeout 120 /mnt/nfs/work1/brun/mmotwani/Defects4Java7/defects4j//framework/bin/defects4j compile
FAILED TEST:org.apache.commons.math.analysis.solvers.RegulaFalsiSolverTest::testIssue631
COUNT THESE===> Subject [_name=math, _id=50, _ssrc=/src/main/java, _tsrc=/src/test/java, _sbin=/target/classes, _tbin=/target/test-classes, _dependency=null] org.apache.commons.math.analysis.solvers.RegulaFalsiSolverTest testIssue631
TESTING : org.apache.commons.math.analysis.solvers.RegulaFalsiSolverTest::testIssue631
COMMAND:cd /home/mmotwani/mywork1dir/Defects4Java7/defects4j/SIMFIX_RQ2_20_3/math/math_50_buggy && /usr/bin/timeout 30 /mnt/nfs/work1/brun/mmotwani/Defects4Java7/defects4j//framework/bin/defects4j test -t org.apache.commons.math.analysis.solvers.RegulaFalsiSolverTest::testIssue631
Failing tests: 0
TESTING : math_50
COMMAND:cd /home/mmotwani/mywork1dir/Defects4Java7/defects4j/SIMFIX_RQ2_20_3/math/math_50_buggy && /usr/bin/timeout 600 /mnt/nfs/work1/brun/mmotwani/Defects4Java7/defects4j//framework/bin/defects4j test
  - org.apache.commons.math.analysis.solvers.RegulaFalsiSolverTest::testSinZero
  - org.apache.commons.math.analysis.solvers.RegulaFalsiSolverTest::testQuinticZero
  - org.apache.commons.math.analysis.solvers.RegulaFalsiSolverTest::testSolutionLeftSide
  - org.apache.commons.math.analysis.solvers.RegulaFalsiSolverTest::testSolutionBelowSide
  - org.apache.commons.math.analysis.solvers.RegulaFalsiSolverTest::testSolutionAboveSide
  - org.apache.commons.math.analysis.solvers.RegulaFalsiSolverTest::testSolutionRightSide
Failing tests: 6
Running ant (run.dev.tests)................................................ OK
Running ant (compile.tests)................................................ OK
========
if(x==absoluteAccuracy){
x0=0.5*(x0+x1-FastMath.max(rtol*FastMath.abs(x1),atol));
f0=computeObjectiveValue(x0);
}

========
COMMAND:cd /home/mmotwani/mywork1dir/Defects4Java7/defects4j/SIMFIX_RQ2_20_3/math/math_50_buggy && /usr/bin/timeout 120 /mnt/nfs/work1/brun/mmotwani/Defects4Java7/defects4j//framework/bin/defects4j compile
========
if(delta==delta){
x0=0.5*(x0+x1-FastMath.max(rtol*FastMath.abs(x1),atol));
f0=computeObjectiveValue(x0);
}

========
COMMAND:cd /home/mmotwani/mywork1dir/Defects4Java7/defects4j/SIMFIX_RQ2_20_3/math/math_50_buggy && /usr/bin/timeout 120 /mnt/nfs/work1/brun/mmotwani/Defects4Java7/defects4j//framework/bin/defects4j compile
========
if(x==x0){
x0=0.5*(x0+x1-FastMath.max(rtol*FastMath.abs(x1),atol));
f0=computeObjectiveValue(x0);
}

========
COMMAND:cd /home/mmotwani/mywork1dir/Defects4Java7/defects4j/SIMFIX_RQ2_20_3/math/math_50_buggy && /usr/bin/timeout 120 /mnt/nfs/work1/brun/mmotwani/Defects4Java7/defects4j//framework/bin/defects4j compile
FAILED TEST:org.apache.commons.math.analysis.solvers.RegulaFalsiSolverTest::testIssue631
COUNT THESE===> Subject [_name=math, _id=50, _ssrc=/src/main/java, _tsrc=/src/test/java, _sbin=/target/classes, _tbin=/target/test-classes, _dependency=null] org.apache.commons.math.analysis.solvers.RegulaFalsiSolverTest testIssue631
TESTING : org.apache.commons.math.analysis.solvers.RegulaFalsiSolverTest::testIssue631
COMMAND:cd /home/mmotwani/mywork1dir/Defects4Java7/defects4j/SIMFIX_RQ2_20_3/math/math_50_buggy && /usr/bin/timeout 30 /mnt/nfs/work1/brun/mmotwani/Defects4Java7/defects4j//framework/bin/defects4j test -t org.apache.commons.math.analysis.solvers.RegulaFalsiSolverTest::testIssue631
Failing tests: 0
TESTING : math_50
COMMAND:cd /home/mmotwani/mywork1dir/Defects4Java7/defects4j/SIMFIX_RQ2_20_3/math/math_50_buggy && /usr/bin/timeout 600 /mnt/nfs/work1/brun/mmotwani/Defects4Java7/defects4j//framework/bin/defects4j test
Failing tests: 0
Successfully repair!
