java version "1.7.0_231"
OpenJDK Runtime Environment (rhel-2.6.19.1.el7_6-x86_64 u231-b01)
OpenJDK 64-Bit Server VM (build 24.231-b01, mixed mode)
Check out 5dcca480 to /mnt/nfs/work1/brun/mmotwani/Defects4Java7/defects4j/ OK
Init local repository...................................................... OK
Tag post-fix revision...................................................... OK
Initialize fixed program version........................................... OK
Apply patch................................................................ OK
Initialize buggy program version........................................... OK
Diff 5dcca480:ffcaeb07..................................................... OK
Apply patch................................................................ OK
Tag pre-fix revision....................................................... OK
Check out program version: Math-59b........................................ OK
Running ant (compile)...................................................... OK
Running ant (compile.tests)................................................ OK
Running ant (compile.tests)................................................ OK
Running ant (run.dev.tests)................................................ OK
Failing tests: 1
  - org.apache.commons.math.util.FastMathTest::testMinMaxFloat
/home/mmotwani/mywork1dir/Defects4Java7/defects4j/SIMFIX_RQ2_20_2
PURIFY IS FALSE
=================================================
Project : math_59	start : 19/10/15 10:59

Field type inconsistancy 'SUPER' with types : MathException and MathIllegalNumberException
Field type inconsistancy 'SUPER' with types : MathException and MathIllegalStateException
readFailedTest: path is /mnt/nfs/work1/brun/mmotwani/SimFix/d4j-info/failed_tests/math/59.txt#ATTEMPTS: 1

# FAILING TESTS: 1
TIMEOUT : 18000000
===========
locations= [<org.apache.commons.math.util.FastMath,3446>, <org.apache.commons.math.util.FastMath,3482>, <org.apache.commons.math.dfp.DfpField,174>, <org.apache.commons.math.dfp.DfpField,175>, <org.apache.commons.math.dfp.DfpField,188>, <org.apache.commons.math.dfp.DfpField,190>, <org.apache.commons.math.dfp.DfpField,191>, <org.apache.commons.math.dfp.DfpField,192>, <org.apache.commons.math.dfp.DfpField,193>, <org.apache.commons.math.dfp.DfpField,194>, <org.apache.commons.math.dfp.DfpField,195>, <org.apache.commons.math.dfp.DfpField,197>, <org.apache.commons.math.dfp.DfpField,199>, <org.apache.commons.math.dfp.DfpField,205>, <org.apache.commons.math.dfp.DfpField,208>, <org.apache.commons.math.dfp.DfpField,209>, <org.apache.commons.math.dfp.DfpField,210>, <org.apache.commons.math.dfp.DfpField,211>, <org.apache.commons.math.dfp.DfpField,212>, <org.apache.commons.math.dfp.DfpField,213>, <org.apache.commons.math.dfp.DfpField,214>, <org.apache.commons.math.dfp.DfpField,215>, <org.apache.commons.math.dfp.DfpField,216>, <org.apache.commons.math.dfp.DfpField,217>, <org.apache.commons.math.dfp.DfpField,218>, <org.apache.commons.math.dfp.DfpField,219>, <org.apache.commons.math.dfp.DfpField,220>, <org.apache.commons.math.dfp.DfpField,221>, <org.apache.commons.math.dfp.DfpField,223>, <org.apache.commons.math.dfp.DfpField,226>, <org.apache.commons.math.dfp.DfpField,227>, <org.apache.commons.math.dfp.DfpField,228>, <org.apache.commons.math.dfp.DfpField,229>, <org.apache.commons.math.dfp.DfpField,230>, <org.apache.commons.math.dfp.DfpField,231>, <org.apache.commons.math.dfp.DfpField,232>, <org.apache.commons.math.dfp.DfpField,233>, <org.apache.commons.math.dfp.DfpField,234>, <org.apache.commons.math.dfp.DfpField,235>, <org.apache.commons.math.dfp.DfpField,236>, <org.apache.commons.math.dfp.DfpField,237>, <org.apache.commons.math.dfp.DfpField,238>, <org.apache.commons.math.dfp.DfpField,239>, <org.apache.commons.math.dfp.DfpField,242>, <org.apache.commons.math.dfp.DfpField,248>, <org.apache.commons.math.dfp.DfpField,266>, <org.apache.commons.math.dfp.DfpField,328>, <org.apache.commons.math.dfp.DfpField,329>, <org.apache.commons.math.dfp.DfpField,400>, <org.apache.commons.math.dfp.DfpField,522>, <org.apache.commons.math.dfp.DfpField,523>, <org.apache.commons.math.dfp.DfpField,524>, <org.apache.commons.math.dfp.DfpField,525>, <org.apache.commons.math.dfp.DfpField,527>, <org.apache.commons.math.dfp.DfpField,529>, <org.apache.commons.math.dfp.DfpField,530>, <org.apache.commons.math.dfp.DfpField,532>, <org.apache.commons.math.dfp.DfpField,533>, <org.apache.commons.math.dfp.DfpField,536>, <org.apache.commons.math.dfp.DfpField,537>, <org.apache.commons.math.dfp.DfpField,538>, <org.apache.commons.math.dfp.DfpField,541>, <org.apache.commons.math.dfp.DfpField,542>, <org.apache.commons.math.dfp.DfpField,543>, <org.apache.commons.math.dfp.DfpField,546>, <org.apache.commons.math.dfp.DfpField,547>, <org.apache.commons.math.dfp.DfpField,551>, <org.apache.commons.math.dfp.DfpField,553>, <org.apache.commons.math.dfp.DfpField,554>, <org.apache.commons.math.dfp.DfpField,555>, <org.apache.commons.math.dfp.DfpField,556>, <org.apache.commons.math.dfp.DfpField,560>, <org.apache.commons.math.dfp.DfpField,562>, <org.apache.commons.math.dfp.DfpField,570>, <org.apache.commons.math.dfp.DfpField,573>, <org.apache.commons.math.dfp.DfpField,574>, <org.apache.commons.math.dfp.DfpField,575>, <org.apache.commons.math.dfp.DfpField,576>, <org.apache.commons.math.dfp.DfpField,578>, <org.apache.commons.math.dfp.DfpField,579>, <org.apache.commons.math.dfp.DfpField,580>, <org.apache.commons.math.dfp.DfpField,582>, <org.apache.commons.math.dfp.DfpField,583>, <org.apache.commons.math.dfp.DfpField,584>, <org.apache.commons.math.dfp.DfpField,586>, <org.apache.commons.math.dfp.DfpField,587>, <org.apache.commons.math.dfp.DfpField,588>, <org.apache.commons.math.dfp.DfpField,589>, <org.apache.commons.math.dfp.DfpField,590>, <org.apache.commons.math.dfp.DfpField,593>, <org.apache.commons.math.dfp.DfpField,603>, <org.apache.commons.math.dfp.DfpField,604>, <org.apache.commons.math.dfp.DfpField,605>, <org.apache.commons.math.dfp.DfpField,606>, <org.apache.commons.math.dfp.DfpField,607>, <org.apache.commons.math.dfp.DfpField,615>, <org.apache.commons.math.dfp.DfpField,616>, <org.apache.commons.math.dfp.DfpField,618>, <org.apache.commons.math.dfp.DfpField,619>, <org.apache.commons.math.dfp.DfpField,620>, <org.apache.commons.math.dfp.DfpField,621>, <org.apache.commons.math.dfp.DfpField,623>, <org.apache.commons.math.dfp.DfpField,625>, <org.apache.commons.math.dfp.DfpField,626>, <org.apache.commons.math.dfp.DfpField,627>, <org.apache.commons.math.dfp.DfpField,629>, <org.apache.commons.math.dfp.DfpField,630>, <org.apache.commons.math.dfp.DfpField,634>, <org.apache.commons.math.dfp.DfpField,645>, <org.apache.commons.math.dfp.DfpField,646>, <org.apache.commons.math.dfp.DfpField,647>, <org.apache.commons.math.dfp.DfpField,648>, <org.apache.commons.math.dfp.DfpField,649>, <org.apache.commons.math.dfp.DfpField,651>, <org.apache.commons.math.dfp.DfpField,652>, <org.apache.commons.math.dfp.DfpField,653>, <org.apache.commons.math.dfp.DfpField,654>, <org.apache.commons.math.dfp.DfpField,655>, <org.apache.commons.math.dfp.DfpField,656>, <org.apache.commons.math.dfp.DfpField,657>, <org.apache.commons.math.dfp.DfpField,659>, <org.apache.commons.math.dfp.DfpField,662>, <org.apache.commons.math.dfp.DfpField,728>, <org.apache.commons.math.dfp.DfpField,729>, <org.apache.commons.math.dfp.DfpField,731>, <org.apache.commons.math.dfp.DfpField,732>, <org.apache.commons.math.dfp.DfpField,733>, <org.apache.commons.math.dfp.DfpField,734>, <org.apache.commons.math.dfp.DfpField,735>, <org.apache.commons.math.dfp.DfpField,736>, <org.apache.commons.math.dfp.DfpField,737>, <org.apache.commons.math.dfp.DfpField,738>, <org.apache.commons.math.dfp.DfpField,739>, <org.apache.commons.math.dfp.DfpField,740>, <org.apache.commons.math.dfp.DfpField,741>, <org.apache.commons.math.dfp.DfpField,743>, <org.apache.commons.math.dfp.DfpField,746>, <org.apache.commons.math.dfp.DfpField,29>, <org.apache.commons.math.dfp.DfpField,32>, <org.apache.commons.math.dfp.DfpField,35>, <org.apache.commons.math.dfp.DfpField,38>, <org.apache.commons.math.dfp.DfpField,41>, <org.apache.commons.math.dfp.DfpField,46>, <org.apache.commons.math.dfp.DfpField,49>, <org.apache.commons.math.dfp.DfpField,52>, <org.apache.commons.math.dfp.DfpField,55>, <org.apache.commons.math.dfp.DfpField,29>, <org.apache.commons.math.dfp.Dfp,202>, <org.apache.commons.math.dfp.Dfp,203>, <org.apache.commons.math.dfp.Dfp,209>, <org.apache.commons.math.dfp.Dfp,212>, <org.apache.commons.math.dfp.Dfp,213>, <org.apache.commons.math.dfp.Dfp,214>, <org.apache.commons.math.dfp.Dfp,216>, <org.apache.commons.math.dfp.Dfp,217>, <org.apache.commons.math.dfp.Dfp,225>, <org.apache.commons.math.dfp.Dfp,226>, <org.apache.commons.math.dfp.Dfp,227>, <org.apache.commons.math.dfp.Dfp,229>, <org.apache.commons.math.dfp.Dfp,232>, <org.apache.commons.math.dfp.Dfp,233>, <org.apache.commons.math.dfp.Dfp,234>, <org.apache.commons.math.dfp.Dfp,235>, <org.apache.commons.math.dfp.Dfp,236>, <org.apache.commons.math.dfp.Dfp,237>, <org.apache.commons.math.dfp.Dfp,240>, <org.apache.commons.math.dfp.Dfp,250>, <org.apache.commons.math.dfp.Dfp,318>, <org.apache.commons.math.dfp.Dfp,319>, <org.apache.commons.math.dfp.Dfp,320>, <org.apache.commons.math.dfp.Dfp,321>, <org.apache.commons.math.dfp.Dfp,322>, <org.apache.commons.math.dfp.Dfp,323>, <org.apache.commons.math.dfp.Dfp,324>, <org.apache.commons.math.dfp.Dfp,330>, <org.apache.commons.math.dfp.Dfp,333>, <org.apache.commons.math.dfp.Dfp,334>, <org.apache.commons.math.dfp.Dfp,335>, <org.apache.commons.math.dfp.Dfp,336>, <org.apache.commons.math.dfp.Dfp,337>, <org.apache.commons.math.dfp.Dfp,339>, <org.apache.commons.math.dfp.Dfp,340>, <org.apache.commons.math.dfp.Dfp,341>, <org.apache.commons.math.dfp.Dfp,342>, <org.apache.commons.math.dfp.Dfp,345>, <org.apache.commons.math.dfp.Dfp,351>, <org.apache.commons.math.dfp.Dfp,357>, <org.apache.commons.math.dfp.Dfp,364>, <org.apache.commons.math.dfp.Dfp,365>, <org.apache.commons.math.dfp.Dfp,366>, <org.apache.commons.math.dfp.Dfp,370>, <org.apache.commons.math.dfp.Dfp,371>, <org.apache.commons.math.dfp.Dfp,393>, <org.apache.commons.math.dfp.Dfp,397>, <org.apache.commons.math.dfp.Dfp,402>, <org.apache.commons.math.dfp.Dfp,405>, <org.apache.commons.math.dfp.Dfp,407>, <org.apache.commons.math.dfp.Dfp,408>, <org.apache.commons.math.dfp.Dfp,411>, <org.apache.commons.math.dfp.Dfp,412>]
======================org.apache.commons.math.util.FastMath,3446
========
return (a<=b)?b:(Float.isNaN(a+b)?Float.NaN:b);

========
COMMAND:cd /home/mmotwani/mywork1dir/Defects4Java7/defects4j/SIMFIX_RQ2_20_2/math/math_59_buggy && /usr/bin/timeout 120 /mnt/nfs/work1/brun/mmotwani/Defects4Java7/defects4j//framework/bin/defects4j compile
FAILED TEST:org.apache.commons.math.util.FastMathTest::testMinMaxFloat
COUNT THESE===> Subject [_name=math, _id=59, _ssrc=/src/main/java, _tsrc=/src/test/java, _sbin=/target/classes, _tbin=/target/test-classes, _dependency=null] org.apache.commons.math.util.FastMathTest testMinMaxFloat
TESTING : org.apache.commons.math.util.FastMathTest::testMinMaxFloat
COMMAND:cd /home/mmotwani/mywork1dir/Defects4Java7/defects4j/SIMFIX_RQ2_20_2/math/math_59_buggy && /usr/bin/timeout 30 /mnt/nfs/work1/brun/mmotwani/Defects4Java7/defects4j//framework/bin/defects4j test -t org.apache.commons.math.util.FastMathTest::testMinMaxFloat
  - org.apache.commons.math.util.FastMathTest::testMinMaxFloat
Failing tests: 1
Running ant (run.dev.tests)................................................ OK
Running ant (compile.tests)................................................ OK
========
return (a<=b)?a:(Float.isNaN(a+b)?Double.NaN:b);

========
COMMAND:cd /home/mmotwani/mywork1dir/Defects4Java7/defects4j/SIMFIX_RQ2_20_2/math/math_59_buggy && /usr/bin/timeout 120 /mnt/nfs/work1/brun/mmotwani/Defects4Java7/defects4j//framework/bin/defects4j compile
========
return (a<=b)?a:(Float.isNaN(a+b)?Float.NaN:a);

========
COMMAND:cd /home/mmotwani/mywork1dir/Defects4Java7/defects4j/SIMFIX_RQ2_20_2/math/math_59_buggy && /usr/bin/timeout 120 /mnt/nfs/work1/brun/mmotwani/Defects4Java7/defects4j//framework/bin/defects4j compile
FAILED TEST:org.apache.commons.math.util.FastMathTest::testMinMaxFloat
COUNT THESE===> Subject [_name=math, _id=59, _ssrc=/src/main/java, _tsrc=/src/test/java, _sbin=/target/classes, _tbin=/target/test-classes, _dependency=null] org.apache.commons.math.util.FastMathTest testMinMaxFloat
TESTING : org.apache.commons.math.util.FastMathTest::testMinMaxFloat
COMMAND:cd /home/mmotwani/mywork1dir/Defects4Java7/defects4j/SIMFIX_RQ2_20_2/math/math_59_buggy && /usr/bin/timeout 30 /mnt/nfs/work1/brun/mmotwani/Defects4Java7/defects4j//framework/bin/defects4j test -t org.apache.commons.math.util.FastMathTest::testMinMaxFloat
  - org.apache.commons.math.util.FastMathTest::testMinMaxFloat
Failing tests: 1
Running ant (run.dev.tests)................................................ OK
Running ant (compile.tests)................................................ OK
========
return (a<0.0)?-1.0:((a>0.0)?1.0:(Double.isNaN(a)?Double.NaN:0.0));

========
COMMAND:cd /home/mmotwani/mywork1dir/Defects4Java7/defects4j/SIMFIX_RQ2_20_2/math/math_59_buggy && /usr/bin/timeout 120 /mnt/nfs/work1/brun/mmotwani/Defects4Java7/defects4j//framework/bin/defects4j compile
========
return (a<b)?a:(Float.isNaN(a+b)?Float.NaN:b);

========
COMMAND:cd /home/mmotwani/mywork1dir/Defects4Java7/defects4j/SIMFIX_RQ2_20_2/math/math_59_buggy && /usr/bin/timeout 120 /mnt/nfs/work1/brun/mmotwani/Defects4Java7/defects4j//framework/bin/defects4j compile
FAILED TEST:org.apache.commons.math.util.FastMathTest::testMinMaxFloat
COUNT THESE===> Subject [_name=math, _id=59, _ssrc=/src/main/java, _tsrc=/src/test/java, _sbin=/target/classes, _tbin=/target/test-classes, _dependency=null] org.apache.commons.math.util.FastMathTest testMinMaxFloat
TESTING : org.apache.commons.math.util.FastMathTest::testMinMaxFloat
COMMAND:cd /home/mmotwani/mywork1dir/Defects4Java7/defects4j/SIMFIX_RQ2_20_2/math/math_59_buggy && /usr/bin/timeout 30 /mnt/nfs/work1/brun/mmotwani/Defects4Java7/defects4j//framework/bin/defects4j test -t org.apache.commons.math.util.FastMathTest::testMinMaxFloat
  - org.apache.commons.math.util.FastMathTest::testMinMaxFloat
Failing tests: 1
Running ant (run.dev.tests)................................................ OK
Running ant (compile.tests)................................................ OK
========
return (a<=b)?MIN_VALUE:(Float.isNaN(a+b)?Float.NaN:b);

========
COMMAND:cd /home/mmotwani/mywork1dir/Defects4Java7/defects4j/SIMFIX_RQ2_20_2/math/math_59_buggy && /usr/bin/timeout 120 /mnt/nfs/work1/brun/mmotwani/Defects4Java7/defects4j//framework/bin/defects4j compile
org.apache.commons.math.util.FastMath,3482
========
return (a<=b)?a:(Float.isNaN(a+b)?Float.NaN:b);

========
COMMAND:cd /home/mmotwani/mywork1dir/Defects4Java7/defects4j/SIMFIX_RQ2_20_2/math/math_59_buggy && /usr/bin/timeout 120 /mnt/nfs/work1/brun/mmotwani/Defects4Java7/defects4j//framework/bin/defects4j compile
FAILED TEST:org.apache.commons.math.util.FastMathTest::testMinMaxFloat
COUNT THESE===> Subject [_name=math, _id=59, _ssrc=/src/main/java, _tsrc=/src/test/java, _sbin=/target/classes, _tbin=/target/test-classes, _dependency=null] org.apache.commons.math.util.FastMathTest testMinMaxFloat
TESTING : org.apache.commons.math.util.FastMathTest::testMinMaxFloat
COMMAND:cd /home/mmotwani/mywork1dir/Defects4Java7/defects4j/SIMFIX_RQ2_20_2/math/math_59_buggy && /usr/bin/timeout 30 /mnt/nfs/work1/brun/mmotwani/Defects4Java7/defects4j//framework/bin/defects4j test -t org.apache.commons.math.util.FastMathTest::testMinMaxFloat
  - org.apache.commons.math.util.FastMathTest::testMinMaxFloat
Failing tests: 1
Running ant (run.dev.tests)................................................ OK
Running ant (compile.tests)................................................ OK
========
return (a<=b)?b:(Float.isNaN(a+b)?Double.NaN:b);

========
COMMAND:cd /home/mmotwani/mywork1dir/Defects4Java7/defects4j/SIMFIX_RQ2_20_2/math/math_59_buggy && /usr/bin/timeout 120 /mnt/nfs/work1/brun/mmotwani/Defects4Java7/defects4j//framework/bin/defects4j compile
========
return (a<=b)?b:(Float.isNaN(a+b)?Float.NaN:a);

========
COMMAND:cd /home/mmotwani/mywork1dir/Defects4Java7/defects4j/SIMFIX_RQ2_20_2/math/math_59_buggy && /usr/bin/timeout 120 /mnt/nfs/work1/brun/mmotwani/Defects4Java7/defects4j//framework/bin/defects4j compile
FAILED TEST:org.apache.commons.math.util.FastMathTest::testMinMaxFloat
COUNT THESE===> Subject [_name=math, _id=59, _ssrc=/src/main/java, _tsrc=/src/test/java, _sbin=/target/classes, _tbin=/target/test-classes, _dependency=null] org.apache.commons.math.util.FastMathTest testMinMaxFloat
TESTING : org.apache.commons.math.util.FastMathTest::testMinMaxFloat
COMMAND:cd /home/mmotwani/mywork1dir/Defects4Java7/defects4j/SIMFIX_RQ2_20_2/math/math_59_buggy && /usr/bin/timeout 30 /mnt/nfs/work1/brun/mmotwani/Defects4Java7/defects4j//framework/bin/defects4j test -t org.apache.commons.math.util.FastMathTest::testMinMaxFloat
Failing tests: 0
TESTING : math_59
COMMAND:cd /home/mmotwani/mywork1dir/Defects4Java7/defects4j/SIMFIX_RQ2_20_2/math/math_59_buggy && /usr/bin/timeout 600 /mnt/nfs/work1/brun/mmotwani/Defects4Java7/defects4j//framework/bin/defects4j test
Failing tests: 0
Successfully repair!
