java version "1.7.0_231"
OpenJDK Runtime Environment (rhel-2.6.19.1.el7_6-x86_64 u231-b01)
OpenJDK 64-Bit Server VM (build 24.231-b01, mixed mode)
Check out 3ced4f2a to /mnt/nfs/work1/brun/mmotwani/Defects4Java7/defects4j/ OK
Init local repository...................................................... OK
Tag post-fix revision...................................................... OK
Initialize fixed program version........................................... OK
Apply patch................................................................ OK
Initialize buggy program version........................................... OK
Diff 3ced4f2a:7d903ca5..................................................... OK
Apply patch................................................................ OK
Tag pre-fix revision....................................................... OK
Check out program version: Math-80b........................................ OK
Running ant (compile)...................................................... OK
Running ant (compile.tests)................................................ OK
Running ant (compile.tests)................................................ OK
Running ant (run.dev.tests)................................................ OK
Failing tests: 1
  - org.apache.commons.math.linear.EigenDecompositionImplTest::testMathpbx02
/home/mmotwani/mywork1dir/Defects4Java7/defects4j/SIMFIX_RQ2_40_5
PURIFY IS FALSE
=================================================
Project : math_80	start : 19/10/19 14:23

readFailedTest: path is /mnt/nfs/work1/brun/mmotwani/SimFix/d4j-info/failed_tests/math/80.txt#ATTEMPTS: 1

# FAILING TESTS: 1
TIMEOUT : 18000000
===========
locations= [<org.apache.commons.math.linear.EigenDecompositionImpl,191>, <org.apache.commons.math.linear.EigenDecompositionImpl,193>, <org.apache.commons.math.linear.EigenDecompositionImpl,194>, <org.apache.commons.math.linear.EigenDecompositionImpl,195>, <org.apache.commons.math.linear.EigenDecompositionImpl,198>, <org.apache.commons.math.linear.EigenDecompositionImpl,199>, <org.apache.commons.math.linear.EigenDecompositionImpl,200>, <org.apache.commons.math.linear.EigenDecompositionImpl,201>, <org.apache.commons.math.linear.EigenDecompositionImpl,204>, <org.apache.commons.math.linear.EigenDecompositionImpl,205>, <org.apache.commons.math.linear.EigenDecompositionImpl,207>, <org.apache.commons.math.linear.EigenDecompositionImpl,336>, <org.apache.commons.math.linear.EigenDecompositionImpl,337>, <org.apache.commons.math.linear.EigenDecompositionImpl,339>, <org.apache.commons.math.linear.EigenDecompositionImpl,871>, <org.apache.commons.math.linear.EigenDecompositionImpl,872>, <org.apache.commons.math.linear.EigenDecompositionImpl,944>, <org.apache.commons.math.linear.EigenDecompositionImpl,945>, <org.apache.commons.math.linear.EigenDecompositionImpl,957>, <org.apache.commons.math.linear.EigenDecompositionImpl,958>, <org.apache.commons.math.linear.EigenDecompositionImpl,959>, <org.apache.commons.math.linear.EigenDecompositionImpl,960>, <org.apache.commons.math.linear.EigenDecompositionImpl,1055>, <org.apache.commons.math.linear.EigenDecompositionImpl,1056>, <org.apache.commons.math.linear.EigenDecompositionImpl,1059>, <org.apache.commons.math.linear.EigenDecompositionImpl,1062>, <org.apache.commons.math.linear.EigenDecompositionImpl,1063>, <org.apache.commons.math.linear.EigenDecompositionImpl,1135>, <org.apache.commons.math.linear.EigenDecompositionImpl,1136>, <org.apache.commons.math.linear.EigenDecompositionImpl,1137>, <org.apache.commons.math.linear.EigenDecompositionImpl,1138>, <org.apache.commons.math.linear.EigenDecompositionImpl,1139>, <org.apache.commons.math.linear.EigenDecompositionImpl,1140>, <org.apache.commons.math.linear.EigenDecompositionImpl,1142>, <org.apache.commons.math.linear.EigenDecompositionImpl,1144>, <org.apache.commons.math.linear.EigenDecompositionImpl,1384>, <org.apache.commons.math.linear.EigenDecompositionImpl,1385>, <org.apache.commons.math.linear.EigenDecompositionImpl,1386>, <org.apache.commons.math.linear.EigenDecompositionImpl,1387>, <org.apache.commons.math.linear.EigenDecompositionImpl,1404>, <org.apache.commons.math.linear.EigenDecompositionImpl,1405>, <org.apache.commons.math.linear.EigenDecompositionImpl,1406>, <org.apache.commons.math.linear.EigenDecompositionImpl,1407>, <org.apache.commons.math.linear.EigenDecompositionImpl,1414>, <org.apache.commons.math.linear.EigenDecompositionImpl,1415>, <org.apache.commons.math.linear.EigenDecompositionImpl,1700>, <org.apache.commons.math.linear.EigenDecompositionImpl,1701>, <org.apache.commons.math.linear.EigenDecompositionImpl,1704>, <org.apache.commons.math.linear.EigenDecompositionImpl,1705>, <org.apache.commons.math.linear.EigenDecompositionImpl,1707>, <org.apache.commons.math.linear.EigenDecompositionImpl,1708>, <org.apache.commons.math.linear.EigenDecompositionImpl,1709>, <org.apache.commons.math.linear.EigenDecompositionImpl,1710>, <org.apache.commons.math.linear.EigenDecompositionImpl,1711>, <org.apache.commons.math.linear.EigenDecompositionImpl,1712>, <org.apache.commons.math.linear.EigenDecompositionImpl,1713>, <org.apache.commons.math.linear.EigenDecompositionImpl,1714>, <org.apache.commons.math.linear.EigenDecompositionImpl,1715>, <org.apache.commons.math.linear.EigenDecompositionImpl,1719>, <org.apache.commons.math.linear.EigenDecompositionImpl,1720>, <org.apache.commons.math.linear.EigenDecompositionImpl,1723>, <org.apache.commons.math.linear.EigenDecompositionImpl,1739>, <org.apache.commons.math.linear.EigenDecompositionImpl,1740>, <org.apache.commons.math.linear.EigenDecompositionImpl,1741>, <org.apache.commons.math.linear.EigenDecompositionImpl,1745>, <org.apache.commons.math.linear.EigenDecompositionImpl,1746>, <org.apache.commons.math.linear.EigenDecompositionImpl,1747>, <org.apache.commons.math.linear.EigenDecompositionImpl,1748>, <org.apache.commons.math.linear.EigenDecompositionImpl,1749>, <org.apache.commons.math.linear.EigenDecompositionImpl,1750>, <org.apache.commons.math.linear.EigenDecompositionImpl,1751>, <org.apache.commons.math.linear.EigenDecompositionImpl,1752>, <org.apache.commons.math.linear.EigenDecompositionImpl,1754>, <org.apache.commons.math.linear.EigenDecompositionImpl,1759>, <org.apache.commons.math.linear.EigenDecompositionImpl,1760>, <org.apache.commons.math.linear.EigenDecompositionImpl,1761>, <org.apache.commons.math.linear.EigenDecompositionImpl,1762>, <org.apache.commons.math.linear.EigenDecompositionImpl,1763>, <org.apache.commons.math.linear.EigenDecompositionImpl,1764>, <org.apache.commons.math.linear.EigenDecompositionImpl,1765>, <org.apache.commons.math.linear.EigenDecompositionImpl,1766>, <org.apache.commons.math.linear.EigenDecompositionImpl,1768>, <org.apache.commons.math.linear.EigenDecompositionImpl,1769>, <org.apache.commons.math.linear.EigenDecompositionImpl,1770>, <org.apache.commons.math.linear.EigenDecompositionImpl,1771>, <org.apache.commons.math.linear.EigenDecompositionImpl,1772>, <org.apache.commons.math.linear.EigenDecompositionImpl,1776>, <org.apache.commons.math.linear.EigenDecompositionImpl,1777>, <org.apache.commons.math.linear.EigenDecompositionImpl,1778>, <org.apache.commons.math.linear.EigenDecompositionImpl,1781>, <org.apache.commons.math.linear.EigenDecompositionImpl,1797>, <org.apache.commons.math.linear.EigenDecompositionImpl,1798>, <org.apache.commons.math.linear.EigenDecompositionImpl,1799>, <org.apache.commons.math.linear.EigenDecompositionImpl,1800>, <org.apache.commons.math.linear.EigenDecompositionImpl,1801>, <org.apache.commons.math.linear.EigenDecompositionImpl,1802>, <org.apache.commons.math.linear.EigenDecompositionImpl,1803>, <org.apache.commons.math.linear.EigenDecompositionImpl,1804>, <org.apache.commons.math.linear.EigenDecompositionImpl,1805>, <org.apache.commons.math.linear.EigenDecompositionImpl,1806>, <org.apache.commons.math.linear.EigenDecompositionImpl,1807>, <org.apache.commons.math.linear.EigenDecompositionImpl,1808>, <org.apache.commons.math.linear.EigenDecompositionImpl,1809>, <org.apache.commons.math.linear.EigenDecompositionImpl,1811>, <org.apache.commons.math.linear.EigenDecompositionImpl,1812>, <org.apache.commons.math.linear.EigenDecompositionImpl,1813>, <org.apache.commons.math.linear.EigenDecompositionImpl,1825>, <org.apache.commons.math.linear.EigenDecompositionImpl,1826>, <org.apache.commons.math.linear.EigenDecompositionImpl,1827>, <org.apache.commons.math.linear.EigenDecompositionImpl,1828>, <org.apache.commons.math.linear.EigenDecompositionImpl,1829>, <org.apache.commons.math.linear.EigenDecompositionImpl,1830>, <org.apache.commons.math.linear.EigenDecompositionImpl,1831>, <org.apache.commons.math.linear.EigenDecompositionImpl,1832>, <org.apache.commons.math.linear.EigenDecompositionImpl,1833>, <org.apache.commons.math.linear.EigenDecompositionImpl,1834>, <org.apache.commons.math.linear.EigenDecompositionImpl,1835>, <org.apache.commons.math.linear.EigenDecompositionImpl,1836>, <org.apache.commons.math.linear.EigenDecompositionImpl,1837>, <org.apache.commons.math.linear.EigenDecompositionImpl,1839>, <org.apache.commons.math.linear.EigenDecompositionImpl,1840>, <org.apache.commons.math.linear.EigenDecompositionImpl,1841>, <org.apache.commons.math.linear.ArrayRealVector,77>, <org.apache.commons.math.linear.ArrayRealVector,78>, <org.apache.commons.math.linear.ArrayRealVector,79>, <org.apache.commons.math.linear.ArrayRealVector,96>, <org.apache.commons.math.linear.ArrayRealVector,97>, <org.apache.commons.math.linear.ArrayRealVector,100>, <org.apache.commons.math.linear.ArrayRealVector,103>, <org.apache.commons.math.linear.ArrayRealVector,104>, <org.apache.commons.math.linear.ArrayRealVector,175>, <org.apache.commons.math.linear.ArrayRealVector,176>, <org.apache.commons.math.linear.ArrayRealVector,177>, <org.apache.commons.math.linear.ArrayRealVector,36>, <org.apache.commons.math.linear.ArrayRealVector,225>, <org.apache.commons.math.linear.ArrayRealVector,269>, <org.apache.commons.math.linear.ArrayRealVector,283>, <org.apache.commons.math.linear.ArrayRealVector,284>, <org.apache.commons.math.linear.ArrayRealVector,285>, <org.apache.commons.math.linear.ArrayRealVector,286>, <org.apache.commons.math.linear.ArrayRealVector,288>, <org.apache.commons.math.linear.ArrayRealVector,299>, <org.apache.commons.math.linear.ArrayRealVector,870>, <org.apache.commons.math.linear.ArrayRealVector,884>, <org.apache.commons.math.linear.ArrayRealVector,885>, <org.apache.commons.math.linear.ArrayRealVector,886>, <org.apache.commons.math.linear.ArrayRealVector,887>, <org.apache.commons.math.linear.ArrayRealVector,889>, <org.apache.commons.math.linear.ArrayRealVector,900>, <org.apache.commons.math.linear.ArrayRealVector,905>, <org.apache.commons.math.linear.ArrayRealVector,906>, <org.apache.commons.math.linear.ArrayRealVector,907>, <org.apache.commons.math.linear.ArrayRealVector,909>, <org.apache.commons.math.linear.ArrayRealVector,1287>, <org.apache.commons.math.linear.ArrayRealVector,1292>, <org.apache.commons.math.util.CompositeFormat,30>, <org.apache.commons.math.util.CompositeFormat,53>, <org.apache.commons.math.util.CompositeFormat,54>, <org.apache.commons.math.util.CompositeFormat,55>, <org.apache.commons.math.linear.RealVectorFormat,94>, <org.apache.commons.math.linear.RealVectorFormat,95>, <org.apache.commons.math.linear.RealVectorFormat,117>, <org.apache.commons.math.linear.RealVectorFormat,118>, <org.apache.commons.math.linear.RealVectorFormat,119>, <org.apache.commons.math.linear.RealVectorFormat,120>, <org.apache.commons.math.linear.RealVectorFormat,121>, <org.apache.commons.math.linear.RealVectorFormat,122>, <org.apache.commons.math.linear.RealVectorFormat,123>, <org.apache.commons.math.linear.RealVectorFormat,124>, <org.apache.commons.math.linear.RealVectorFormat,125>, <org.apache.commons.math.linear.RealVectorFormat,173>, <org.apache.commons.math.linear.RealVectorFormat,182>, <org.apache.commons.math.linear.MatrixUtils,106>, <org.apache.commons.math.linear.MatrixUtils,650>, <org.apache.commons.math.linear.MatrixUtils,656>, <org.apache.commons.math.linear.AbstractRealMatrix,43>, <org.apache.commons.math.linear.AbstractRealMatrix,44>, <org.apache.commons.math.linear.AbstractRealMatrix,45>, <org.apache.commons.math.linear.AbstractRealMatrix,55>, <org.apache.commons.math.linear.AbstractRealMatrix,56>, <org.apache.commons.math.linear.AbstractRealMatrix,61>, <org.apache.commons.math.linear.AbstractRealMatrix,66>, <org.apache.commons.math.linear.AbstractRealMatrix,67>, <org.apache.commons.math.linear.AbstractRealMatrix,603>, <org.apache.commons.math.linear.AbstractRealMatrix,604>, <org.apache.commons.math.linear.AbstractRealMatrix,605>, <org.apache.commons.math.linear.AbstractRealMatrix,606>, <org.apache.commons.math.linear.AbstractRealMatrix,616>, <org.apache.commons.math.linear.AbstractRealMatrix,919>, <org.apache.commons.math.linear.Array2DRowRealMatrix,76>, <org.apache.commons.math.linear.Array2DRowRealMatrix,77>, <org.apache.commons.math.linear.Array2DRowRealMatrix,78>, <org.apache.commons.math.linear.Array2DRowRealMatrix,94>, <org.apache.commons.math.linear.Array2DRowRealMatrix,95>, <org.apache.commons.math.linear.Array2DRowRealMatrix,96>, <org.apache.commons.math.linear.Array2DRowRealMatrix,114>, <org.apache.commons.math.linear.Array2DRowRealMatrix,115>, <org.apache.commons.math.linear.Array2DRowRealMatrix,118>, <org.apache.commons.math.linear.Array2DRowRealMatrix,121>, <org.apache.commons.math.linear.Array2DRowRealMatrix,122>]
======================org.apache.commons.math.linear.EigenDecompositionImpl,191
Find no block!
org.apache.commons.math.linear.EigenDecompositionImpl,193
UNKNOWN ASTNode type : catch (FunctionEvaluationException fee) {
  optima[i]=Double.NaN;
  optimaValues[i]=Double.NaN;
}

UNKNOWN ASTNode type : catch (FunctionEvaluationException fee) {
  optima[i]=Double.NaN;
  optimaValues[i]=Double.NaN;
}

UNKNOWN ASTNode type : catch (ConvergenceException ce) {
  optima[i]=Double.NaN;
  optimaValues[i]=Double.NaN;
}

UNKNOWN ASTNode type : catch (ConvergenceException ce) {
  optima[i]=Double.NaN;
  optimaValues[i]=Double.NaN;
}

========
for(int i=0;i<values.length;++i){
 final double s=secondary[i];
squaredSecondary[i]=s*s;
}

========
COMMAND:cd /home/mmotwani/mywork1dir/Defects4Java7/defects4j/SIMFIX_RQ2_40_5/math/math_80_buggy && /usr/bin/timeout 120 /mnt/nfs/work1/brun/mmotwani/Defects4Java7/defects4j//framework/bin/defects4j compile
========
for(int i=0;i<ranks.length;++i){
 final double s=secondary[i];
squaredSecondary[i]=s*s;
}

========
COMMAND:cd /home/mmotwani/mywork1dir/Defects4Java7/defects4j/SIMFIX_RQ2_40_5/math/math_80_buggy && /usr/bin/timeout 120 /mnt/nfs/work1/brun/mmotwani/Defects4Java7/defects4j//framework/bin/defects4j compile
========
for(int i=0;i<scaled.length;++i){
 final double s=secondary[i];
squaredSecondary[i]=s*s;
}

========
COMMAND:cd /home/mmotwani/mywork1dir/Defects4Java7/defects4j/SIMFIX_RQ2_40_5/math/math_80_buggy && /usr/bin/timeout 120 /mnt/nfs/work1/brun/mmotwani/Defects4Java7/defects4j//framework/bin/defects4j compile
========
for(int i=0;i<data.length;++i){
 final double s=secondary[i];
squaredSecondary[i]=s*s;
}

========
COMMAND:cd /home/mmotwani/mywork1dir/Defects4Java7/defects4j/SIMFIX_RQ2_40_5/math/math_80_buggy && /usr/bin/timeout 120 /mnt/nfs/work1/brun/mmotwani/Defects4Java7/defects4j//framework/bin/defects4j compile
========
for(int i=0;i<f.length;++i){
 final double s=secondary[i];
squaredSecondary[i]=s*s;
}

========
COMMAND:cd /home/mmotwani/mywork1dir/Defects4Java7/defects4j/SIMFIX_RQ2_40_5/math/math_80_buggy && /usr/bin/timeout 120 /mnt/nfs/work1/brun/mmotwani/Defects4Java7/defects4j//framework/bin/defects4j compile
========
for(int i=0;i<dimensionSize.length;++i){
 final double s=secondary[i];
squaredSecondary[i]=s*s;
}

========
COMMAND:cd /home/mmotwani/mywork1dir/Defects4Java7/defects4j/SIMFIX_RQ2_40_5/math/math_80_buggy && /usr/bin/timeout 120 /mnt/nfs/work1/brun/mmotwani/Defects4Java7/defects4j//framework/bin/defects4j compile
========
for(int i=0;i<newPols.length;++i){
 final double s=secondary[i];
squaredSecondary[i]=s*s;
}

========
COMMAND:cd /home/mmotwani/mywork1dir/Defects4Java7/defects4j/SIMFIX_RQ2_40_5/math/math_80_buggy && /usr/bin/timeout 120 /mnt/nfs/work1/brun/mmotwani/Defects4Java7/defects4j//framework/bin/defects4j compile
========
for(int i=0;i<length;++i){
 final double s=secondary[i];
squaredSecondary[i]=s*s;
}

========
COMMAND:cd /home/mmotwani/mywork1dir/Defects4Java7/defects4j/SIMFIX_RQ2_40_5/math/math_80_buggy && /usr/bin/timeout 120 /mnt/nfs/work1/brun/mmotwani/Defects4Java7/defects4j//framework/bin/defects4j compile
========
for(int i=0;i<currentState.length;++i){
 final double s=secondary[i];
squaredSecondary[i]=s*s;
}

========
COMMAND:cd /home/mmotwani/mywork1dir/Defects4Java7/defects4j/SIMFIX_RQ2_40_5/math/math_80_buggy && /usr/bin/timeout 120 /mnt/nfs/work1/brun/mmotwani/Defects4Java7/defects4j//framework/bin/defects4j compile
========
for(int i=0;i<centroid.length;++i){
 final double s=secondary[i];
squaredSecondary[i]=s*s;
}

========
COMMAND:cd /home/mmotwani/mywork1dir/Defects4Java7/defects4j/SIMFIX_RQ2_40_5/math/math_80_buggy && /usr/bin/timeout 120 /mnt/nfs/work1/brun/mmotwani/Defects4Java7/defects4j//framework/bin/defects4j compile
========
for(int i=0;i<inputArray.length;++i){
 final double s=secondary[i];
squaredSecondary[i]=s*s;
}

========
COMMAND:cd /home/mmotwani/mywork1dir/Defects4Java7/defects4j/SIMFIX_RQ2_40_5/math/math_80_buggy && /usr/bin/timeout 120 /mnt/nfs/work1/brun/mmotwani/Defects4Java7/defects4j//framework/bin/defects4j compile
========
for(int i=0;i<array.length;++i){
 final double s=secondary[i];
squaredSecondary[i]=s*s;
}

========
COMMAND:cd /home/mmotwani/mywork1dir/Defects4Java7/defects4j/SIMFIX_RQ2_40_5/math/math_80_buggy && /usr/bin/timeout 120 /mnt/nfs/work1/brun/mmotwani/Defects4Java7/defects4j//framework/bin/defects4j compile
========
for(int i=0;i<coefficients.length;++i){
 final double s=secondary[i];
squaredSecondary[i]=s*s;
}

========
COMMAND:cd /home/mmotwani/mywork1dir/Defects4Java7/defects4j/SIMFIX_RQ2_40_5/math/math_80_buggy && /usr/bin/timeout 120 /mnt/nfs/work1/brun/mmotwani/Defects4Java7/defects4j//framework/bin/defects4j compile
========
for(int i=0;i<singularValues.length;++i){
 final double s=secondary[i];
squaredSecondary[i]=s*s;
}

========
COMMAND:cd /home/mmotwani/mywork1dir/Defects4Java7/defects4j/SIMFIX_RQ2_40_5/math/math_80_buggy && /usr/bin/timeout 120 /mnt/nfs/work1/brun/mmotwani/Defects4Java7/defects4j//framework/bin/defects4j compile
========
for(int i=0;i<residuals.length;++i){
 final double s=secondary[i];
squaredSecondary[i]=s*s;
}

========
COMMAND:cd /home/mmotwani/mywork1dir/Defects4Java7/defects4j/SIMFIX_RQ2_40_5/math/math_80_buggy && /usr/bin/timeout 120 /mnt/nfs/work1/brun/mmotwani/Defects4Java7/defects4j//framework/bin/defects4j compile
========
for(int i=0;i<y0.length;++i){
 final double s=secondary[i];
squaredSecondary[i]=s*s;
}

========
COMMAND:cd /home/mmotwani/mywork1dir/Defects4Java7/defects4j/SIMFIX_RQ2_40_5/math/math_80_buggy && /usr/bin/timeout 120 /mnt/nfs/work1/brun/mmotwani/Defects4Java7/defects4j//framework/bin/defects4j compile
========
for(int i=0;i<d.length;++i){
 final double s=secondary[i];
squaredSecondary[i]=s*s;
}

========
COMMAND:cd /home/mmotwani/mywork1dir/Defects4Java7/defects4j/SIMFIX_RQ2_40_5/math/math_80_buggy && /usr/bin/timeout 120 /mnt/nfs/work1/brun/mmotwani/Defects4Java7/defects4j//framework/bin/defects4j compile
========
for(int i=0;i<bd.length;++i){
 final double s=secondary[i];
squaredSecondary[i]=s*s;
}

========
COMMAND:cd /home/mmotwani/mywork1dir/Defects4Java7/defects4j/SIMFIX_RQ2_40_5/math/math_80_buggy && /usr/bin/timeout 120 /mnt/nfs/work1/brun/mmotwani/Defects4Java7/defects4j//framework/bin/defects4j compile
========
for(int i=0;i<results.length;++i){
 final double s=secondary[i];
squaredSecondary[i]=s*s;
}

========
COMMAND:cd /home/mmotwani/mywork1dir/Defects4Java7/defects4j/SIMFIX_RQ2_40_5/math/math_80_buggy && /usr/bin/timeout 120 /mnt/nfs/work1/brun/mmotwani/Defects4Java7/defects4j//framework/bin/defects4j compile
========
for(int i=0;i<result.length;++i){
 final double s=secondary[i];
squaredSecondary[i]=s*s;
}

========
COMMAND:cd /home/mmotwani/mywork1dir/Defects4Java7/defects4j/SIMFIX_RQ2_40_5/math/math_80_buggy && /usr/bin/timeout 120 /mnt/nfs/work1/brun/mmotwani/Defects4Java7/defects4j//framework/bin/defects4j compile
========
for(int i=0;i<v.length;++i){
 final double s=secondary[i];
squaredSecondary[i]=s*s;
}

========
COMMAND:cd /home/mmotwani/mywork1dir/Defects4Java7/defects4j/SIMFIX_RQ2_40_5/math/math_80_buggy && /usr/bin/timeout 120 /mnt/nfs/work1/brun/mmotwani/Defects4Java7/defects4j//framework/bin/defects4j compile
========
for(int i=0;i<c.length;++i){
 final double s=secondary[i];
squaredSecondary[i]=s*s;
}

========
COMMAND:cd /home/mmotwani/mywork1dir/Defects4Java7/defects4j/SIMFIX_RQ2_40_5/math/math_80_buggy && /usr/bin/timeout 120 /mnt/nfs/work1/brun/mmotwani/Defects4Java7/defects4j//framework/bin/defects4j compile
========
for(int i=0;i<squaredSecondary.length;++i){
random=s>>8;
 final double s=secondary[i];
squaredSecondary[i]=s*s;
}

========
COMMAND:cd /home/mmotwani/mywork1dir/Defects4Java7/defects4j/SIMFIX_RQ2_40_5/math/math_80_buggy && /usr/bin/timeout 120 /mnt/nfs/work1/brun/mmotwani/Defects4Java7/defects4j//framework/bin/defects4j compile
========
for(int i=0;i<p1.length;++i){
 final double s=secondary[i];
squaredSecondary[i]=s*s;
}

========
COMMAND:cd /home/mmotwani/mywork1dir/Defects4Java7/defects4j/SIMFIX_RQ2_40_5/math/math_80_buggy && /usr/bin/timeout 120 /mnt/nfs/work1/brun/mmotwani/Defects4Java7/defects4j//framework/bin/defects4j compile
========
for(int i=0;i<point.length;++i){
 final double s=secondary[i];
squaredSecondary[i]=s*s;
}

========
COMMAND:cd /home/mmotwani/mywork1dir/Defects4Java7/defects4j/SIMFIX_RQ2_40_5/math/math_80_buggy && /usr/bin/timeout 120 /mnt/nfs/work1/brun/mmotwani/Defects4Java7/defects4j//framework/bin/defects4j compile
========
for(int i=0;i<squaredSecondary.length;++i){
 final double s=secondary[i];
squaredSecondary[i]=s*searchDirection[i];
}

========
COMMAND:cd /home/mmotwani/mywork1dir/Defects4Java7/defects4j/SIMFIX_RQ2_40_5/math/math_80_buggy && /usr/bin/timeout 120 /mnt/nfs/work1/brun/mmotwani/Defects4Java7/defects4j//framework/bin/defects4j compile
========
for(int i=0;i<r.length;++i){
 final double s=secondary[i];
squaredSecondary[i]=s*s;
}

========
COMMAND:cd /home/mmotwani/mywork1dir/Defects4Java7/defects4j/SIMFIX_RQ2_40_5/math/math_80_buggy && /usr/bin/timeout 120 /mnt/nfs/work1/brun/mmotwani/Defects4Java7/defects4j//framework/bin/defects4j compile
========
for(int i=0;i<shiftedPoint.length;++i){
 final double s=secondary[i];
squaredSecondary[i]=s*s;
}

========
COMMAND:cd /home/mmotwani/mywork1dir/Defects4Java7/defects4j/SIMFIX_RQ2_40_5/math/math_80_buggy && /usr/bin/timeout 120 /mnt/nfs/work1/brun/mmotwani/Defects4Java7/defects4j//framework/bin/defects4j compile
========
for(int i=0;i<gradient.length;++i){
 final double s=secondary[i];
squaredSecondary[i]=s*s;
}

========
COMMAND:cd /home/mmotwani/mywork1dir/Defects4Java7/defects4j/SIMFIX_RQ2_40_5/math/math_80_buggy && /usr/bin/timeout 120 /mnt/nfs/work1/brun/mmotwani/Defects4Java7/defects4j//framework/bin/defects4j compile
========
for(int i=0;i<x.length;++i){
 final double s=secondary[i];
squaredSecondary[i]=s*s;
}

========
COMMAND:cd /home/mmotwani/mywork1dir/Defects4Java7/defects4j/SIMFIX_RQ2_40_5/math/math_80_buggy && /usr/bin/timeout 120 /mnt/nfs/work1/brun/mmotwani/Defects4Java7/defects4j//framework/bin/defects4j compile
========
for(int i=0;i<a.length;++i){
 final double s=secondary[i];
squaredSecondary[i]=s*s;
}

========
COMMAND:cd /home/mmotwani/mywork1dir/Defects4Java7/defects4j/SIMFIX_RQ2_40_5/math/math_80_buggy && /usr/bin/timeout 120 /mnt/nfs/work1/brun/mmotwani/Defects4Java7/defects4j//framework/bin/defects4j compile
========
for(int i=0;i<parameters.length;++i){
 final double s=secondary[i];
squaredSecondary[i]=s*s;
}

========
COMMAND:cd /home/mmotwani/mywork1dir/Defects4Java7/defects4j/SIMFIX_RQ2_40_5/math/math_80_buggy && /usr/bin/timeout 120 /mnt/nfs/work1/brun/mmotwani/Defects4Java7/defects4j//framework/bin/defects4j compile
========
for(int i=0;i<squaredSecondary.length;++i){
xn*=TOLERANCE;
 final double s=secondary[i];
squaredSecondary[i]=s*s;
}

========
COMMAND:cd /home/mmotwani/mywork1dir/Defects4Java7/defects4j/SIMFIX_RQ2_40_5/math/math_80_buggy && /usr/bin/timeout 120 /mnt/nfs/work1/brun/mmotwani/Defects4Java7/defects4j//framework/bin/defects4j compile
========
for(int i=0;i<xArray.length;++i){
 final double s=secondary[i];
squaredSecondary[i]=s*s;
}

========
COMMAND:cd /home/mmotwani/mywork1dir/Defects4Java7/defects4j/SIMFIX_RQ2_40_5/math/math_80_buggy && /usr/bin/timeout 120 /mnt/nfs/work1/brun/mmotwani/Defects4Java7/defects4j//framework/bin/defects4j compile
========
for(int i=0;i<diagonal.length;++i){
 final double s=secondary[i];
squaredSecondary[i]=s*s;
}

========
COMMAND:cd /home/mmotwani/mywork1dir/Defects4Java7/defects4j/SIMFIX_RQ2_40_5/math/math_80_buggy && /usr/bin/timeout 120 /mnt/nfs/work1/brun/mmotwani/Defects4Java7/defects4j//framework/bin/defects4j compile
========
for(int i=0;i<errors.length;++i){
 final double s=secondary[i];
squaredSecondary[i]=s*s;
}

========
COMMAND:cd /home/mmotwani/mywork1dir/Defects4Java7/defects4j/SIMFIX_RQ2_40_5/math/math_80_buggy && /usr/bin/timeout 120 /mnt/nfs/work1/brun/mmotwani/Defects4Java7/defects4j//framework/bin/defects4j compile
========
for(int i=0;i<sub.length;++i){
 final double s=secondary[i];
squaredSecondary[i]=s*s;
}

========
COMMAND:cd /home/mmotwani/mywork1dir/Defects4Java7/defects4j/SIMFIX_RQ2_40_5/math/math_80_buggy && /usr/bin/timeout 120 /mnt/nfs/work1/brun/mmotwani/Defects4Java7/defects4j//framework/bin/defects4j compile
========
for(int i=0;i<observed.length;++i){
 final double s=secondary[i];
squaredSecondary[i]=s*s;
}

========
COMMAND:cd /home/mmotwani/mywork1dir/Defects4Java7/defects4j/SIMFIX_RQ2_40_5/math/math_80_buggy && /usr/bin/timeout 120 /mnt/nfs/work1/brun/mmotwani/Defects4Java7/defects4j//framework/bin/defects4j compile
========
for(int i=0;i<observed1.length;++i){
 final double s=secondary[i];
squaredSecondary[i]=s*s;
}

========
COMMAND:cd /home/mmotwani/mywork1dir/Defects4Java7/defects4j/SIMFIX_RQ2_40_5/math/math_80_buggy && /usr/bin/timeout 120 /mnt/nfs/work1/brun/mmotwani/Defects4Java7/defects4j//framework/bin/defects4j compile
========
for(int i=0;i<in.length;++i){
 final double s=secondary[i];
squaredSecondary[i]=s*s;
}

========
COMMAND:cd /home/mmotwani/mywork1dir/Defects4Java7/defects4j/SIMFIX_RQ2_40_5/math/math_80_buggy && /usr/bin/timeout 120 /mnt/nfs/work1/brun/mmotwani/Defects4Java7/defects4j//framework/bin/defects4j compile
========
for(int i=0;i<=squaredSecondary.length;++i){
 final double s=secondary[i];
squaredSecondary[i]=s*s;
}

========
COMMAND:cd /home/mmotwani/mywork1dir/Defects4Java7/defects4j/SIMFIX_RQ2_40_5/math/math_80_buggy && /usr/bin/timeout 120 /mnt/nfs/work1/brun/mmotwani/Defects4Java7/defects4j//framework/bin/defects4j compile
FAILED TEST:org.apache.commons.math.linear.EigenDecompositionImplTest::testMathpbx02
COUNT THESE===> Subject [_name=math, _id=80, _ssrc=/src/main/java, _tsrc=/src/test/java, _sbin=/target/classes, _tbin=/target/test-classes, _dependency=null] org.apache.commons.math.linear.EigenDecompositionImplTest testMathpbx02
TESTING : org.apache.commons.math.linear.EigenDecompositionImplTest::testMathpbx02
COMMAND:cd /home/mmotwani/mywork1dir/Defects4Java7/defects4j/SIMFIX_RQ2_40_5/math/math_80_buggy && /usr/bin/timeout 30 /mnt/nfs/work1/brun/mmotwani/Defects4Java7/defects4j//framework/bin/defects4j test -t org.apache.commons.math.linear.EigenDecompositionImplTest::testMathpbx02
  - org.apache.commons.math.linear.EigenDecompositionImplTest::testMathpbx02
Failing tests: 1
Running ant (run.dev.tests)................................................ OK
Running ant (compile.tests)................................................ OK
========
for(int i=0;i<=length;++i){
 final double s=secondary[i];
squaredSecondary[i]=s*s;
}

========
COMMAND:cd /home/mmotwani/mywork1dir/Defects4Java7/defects4j/SIMFIX_RQ2_40_5/math/math_80_buggy && /usr/bin/timeout 120 /mnt/nfs/work1/brun/mmotwani/Defects4Java7/defects4j//framework/bin/defects4j compile
========
for(int i=0;i<weights.length;++i){
 final double s=secondary[i];
squaredSecondary[i]=s*s;
}

========
COMMAND:cd /home/mmotwani/mywork1dir/Defects4Java7/defects4j/SIMFIX_RQ2_40_5/math/math_80_buggy && /usr/bin/timeout 120 /mnt/nfs/work1/brun/mmotwani/Defects4Java7/defects4j//framework/bin/defects4j compile
========
for(int i=0;i<special.length;++i){
 final double s=secondary[i];
squaredSecondary[i]=s*s;
}

========
COMMAND:cd /home/mmotwani/mywork1dir/Defects4Java7/defects4j/SIMFIX_RQ2_40_5/math/math_80_buggy && /usr/bin/timeout 120 /mnt/nfs/work1/brun/mmotwani/Defects4Java7/defects4j//framework/bin/defects4j compile
========
for(int i=0;i<squaredSecondary.length;++i){
sumSquares+=weights[i]*s;
 final double s=secondary[i];
squaredSecondary[i]=s*s;
}

========
COMMAND:cd /home/mmotwani/mywork1dir/Defects4Java7/defects4j/SIMFIX_RQ2_40_5/math/math_80_buggy && /usr/bin/timeout 120 /mnt/nfs/work1/brun/mmotwani/Defects4Java7/defects4j//framework/bin/defects4j compile
========
for(int i=0;i<jacobian.length;++i){
 final double s=secondary[i];
squaredSecondary[i]=s*s;
}

========
COMMAND:cd /home/mmotwani/mywork1dir/Defects4Java7/defects4j/SIMFIX_RQ2_40_5/math/math_80_buggy && /usr/bin/timeout 120 /mnt/nfs/work1/brun/mmotwani/Defects4Java7/defects4j//framework/bin/defects4j compile
========
for(int i=0;i<lTData.length;++i){
 final double s=secondary[i];
squaredSecondary[i]=s*s;
}

========
COMMAND:cd /home/mmotwani/mywork1dir/Defects4Java7/defects4j/SIMFIX_RQ2_40_5/math/math_80_buggy && /usr/bin/timeout 120 /mnt/nfs/work1/brun/mmotwani/Defects4Java7/defects4j//framework/bin/defects4j compile
========
for(int i=0;i<realEigenvalues.length;++i){
 final double s=secondary[i];
squaredSecondary[i]=s*s;
}

========
COMMAND:cd /home/mmotwani/mywork1dir/Defects4Java7/defects4j/SIMFIX_RQ2_40_5/math/math_80_buggy && /usr/bin/timeout 120 /mnt/nfs/work1/brun/mmotwani/Defects4Java7/defects4j//framework/bin/defects4j compile
FAILED TEST:org.apache.commons.math.linear.EigenDecompositionImplTest::testMathpbx02
COUNT THESE===> Subject [_name=math, _id=80, _ssrc=/src/main/java, _tsrc=/src/test/java, _sbin=/target/classes, _tbin=/target/test-classes, _dependency=null] org.apache.commons.math.linear.EigenDecompositionImplTest testMathpbx02
TESTING : org.apache.commons.math.linear.EigenDecompositionImplTest::testMathpbx02
COMMAND:cd /home/mmotwani/mywork1dir/Defects4Java7/defects4j/SIMFIX_RQ2_40_5/math/math_80_buggy && /usr/bin/timeout 30 /mnt/nfs/work1/brun/mmotwani/Defects4Java7/defects4j//framework/bin/defects4j test -t org.apache.commons.math.linear.EigenDecompositionImplTest::testMathpbx02
  - org.apache.commons.math.linear.EigenDecompositionImplTest::testMathpbx02
Failing tests: 1
Running ant (run.dev.tests)................................................ OK
Running ant (compile.tests)................................................ OK
========
for(int i=0;i<simplex.length;++i){
 final double s=secondary[i];
squaredSecondary[i]=s*s;
}

========
COMMAND:cd /home/mmotwani/mywork1dir/Defects4Java7/defects4j/SIMFIX_RQ2_40_5/math/math_80_buggy && /usr/bin/timeout 120 /mnt/nfs/work1/brun/mmotwani/Defects4Java7/defects4j//framework/bin/defects4j compile
========
if((s+pingPong)>internalArray.length){
expandTo(startIndex+i);
}
for(int i=0;i<squaredSecondary.length;++i){
 final double s=secondary[i];
squaredSecondary[i]=s*s;
}

========
COMMAND:cd /home/mmotwani/mywork1dir/Defects4Java7/defects4j/SIMFIX_RQ2_40_5/math/math_80_buggy && /usr/bin/timeout 120 /mnt/nfs/work1/brun/mmotwani/Defects4Java7/defects4j//framework/bin/defects4j compile
========
pingPong=pingPong;
for(int i=0;i<squaredSecondary.length;++i){
 final double s=secondary[i];
squaredSecondary[i]=s*s;
}

========
COMMAND:cd /home/mmotwani/mywork1dir/Defects4Java7/defects4j/SIMFIX_RQ2_40_5/math/math_80_buggy && /usr/bin/timeout 120 /mnt/nfs/work1/brun/mmotwani/Defects4Java7/defects4j//framework/bin/defects4j compile
FAILED TEST:org.apache.commons.math.linear.EigenDecompositionImplTest::testMathpbx02
COUNT THESE===> Subject [_name=math, _id=80, _ssrc=/src/main/java, _tsrc=/src/test/java, _sbin=/target/classes, _tbin=/target/test-classes, _dependency=null] org.apache.commons.math.linear.EigenDecompositionImplTest testMathpbx02
TESTING : org.apache.commons.math.linear.EigenDecompositionImplTest::testMathpbx02
COMMAND:cd /home/mmotwani/mywork1dir/Defects4Java7/defects4j/SIMFIX_RQ2_40_5/math/math_80_buggy && /usr/bin/timeout 30 /mnt/nfs/work1/brun/mmotwani/Defects4Java7/defects4j//framework/bin/defects4j test -t org.apache.commons.math.linear.EigenDecompositionImplTest::testMathpbx02
  - org.apache.commons.math.linear.EigenDecompositionImplTest::testMathpbx02
Failing tests: 1
Running ant (run.dev.tests)................................................ OK
Running ant (compile.tests)................................................ OK
========
for(int i=0;i<random.length;++i){
 final double s=secondary[i];
squaredSecondary[i]=s*s;
}

========
COMMAND:cd /home/mmotwani/mywork1dir/Defects4Java7/defects4j/SIMFIX_RQ2_40_5/math/math_80_buggy && /usr/bin/timeout 120 /mnt/nfs/work1/brun/mmotwani/Defects4Java7/defects4j//framework/bin/defects4j compile
========
for(int i=0;i<wm.length;++i){
 final double s=secondary[i];
squaredSecondary[i]=s*s;
}

========
COMMAND:cd /home/mmotwani/mywork1dir/Defects4Java7/defects4j/SIMFIX_RQ2_40_5/math/math_80_buggy && /usr/bin/timeout 120 /mnt/nfs/work1/brun/mmotwani/Defects4Java7/defects4j//framework/bin/defects4j compile
========
for(int i=pingPong;i<squaredSecondary.length;++i){
 final double s=secondary[i];
squaredSecondary[i]=s*s;
}

========
COMMAND:cd /home/mmotwani/mywork1dir/Defects4Java7/defects4j/SIMFIX_RQ2_40_5/math/math_80_buggy && /usr/bin/timeout 120 /mnt/nfs/work1/brun/mmotwani/Defects4Java7/defects4j//framework/bin/defects4j compile
FAILED TEST:org.apache.commons.math.linear.EigenDecompositionImplTest::testMathpbx02
COUNT THESE===> Subject [_name=math, _id=80, _ssrc=/src/main/java, _tsrc=/src/test/java, _sbin=/target/classes, _tbin=/target/test-classes, _dependency=null] org.apache.commons.math.linear.EigenDecompositionImplTest testMathpbx02
TESTING : org.apache.commons.math.linear.EigenDecompositionImplTest::testMathpbx02
COMMAND:cd /home/mmotwani/mywork1dir/Defects4Java7/defects4j/SIMFIX_RQ2_40_5/math/math_80_buggy && /usr/bin/timeout 30 /mnt/nfs/work1/brun/mmotwani/Defects4Java7/defects4j//framework/bin/defects4j test -t org.apache.commons.math.linear.EigenDecompositionImplTest::testMathpbx02
  - org.apache.commons.math.linear.EigenDecompositionImplTest::testMathpbx02
Failing tests: 1
Running ant (run.dev.tests)................................................ OK
Running ant (compile.tests)................................................ OK
========
for(int i=pingPong;i<length;++i){
 final double s=secondary[i];
squaredSecondary[i]=s*s;
}

========
COMMAND:cd /home/mmotwani/mywork1dir/Defects4Java7/defects4j/SIMFIX_RQ2_40_5/math/math_80_buggy && /usr/bin/timeout 120 /mnt/nfs/work1/brun/mmotwani/Defects4Java7/defects4j//framework/bin/defects4j compile
========
for(int i=0;i<interpolatedState.length;++i){
 final double s=secondary[i];
squaredSecondary[i]=s*s;
}

========
COMMAND:cd /home/mmotwani/mywork1dir/Defects4Java7/defects4j/SIMFIX_RQ2_40_5/math/math_80_buggy && /usr/bin/timeout 120 /mnt/nfs/work1/brun/mmotwani/Defects4Java7/defects4j//framework/bin/defects4j compile
========
for(int i=0;i<blocks.length;++i){
 final double s=secondary[i];
squaredSecondary[i]=s*s;
}

========
COMMAND:cd /home/mmotwani/mywork1dir/Defects4Java7/defects4j/SIMFIX_RQ2_40_5/math/math_80_buggy && /usr/bin/timeout 120 /mnt/nfs/work1/brun/mmotwani/Defects4Java7/defects4j//framework/bin/defects4j compile
========
for(int i=0;i<squaredSecondary.length;++i){
 final double s=secondary[i];
if(s==0){
throw new SingularMatrixException();
}
squaredSecondary[i]=s*s;
}

========
COMMAND:cd /home/mmotwani/mywork1dir/Defects4Java7/defects4j/SIMFIX_RQ2_40_5/math/math_80_buggy && /usr/bin/timeout 120 /mnt/nfs/work1/brun/mmotwani/Defects4Java7/defects4j//framework/bin/defects4j compile
FAILED TEST:org.apache.commons.math.linear.EigenDecompositionImplTest::testMathpbx02
COUNT THESE===> Subject [_name=math, _id=80, _ssrc=/src/main/java, _tsrc=/src/test/java, _sbin=/target/classes, _tbin=/target/test-classes, _dependency=null] org.apache.commons.math.linear.EigenDecompositionImplTest testMathpbx02
TESTING : org.apache.commons.math.linear.EigenDecompositionImplTest::testMathpbx02
COMMAND:cd /home/mmotwani/mywork1dir/Defects4Java7/defects4j/SIMFIX_RQ2_40_5/math/math_80_buggy && /usr/bin/timeout 30 /mnt/nfs/work1/brun/mmotwani/Defects4Java7/defects4j//framework/bin/defects4j test -t org.apache.commons.math.linear.EigenDecompositionImplTest::testMathpbx02
  - org.apache.commons.math.linear.EigenDecompositionImplTest::testMathpbx02
Failing tests: 1
Running ant (run.dev.tests)................................................ OK
Running ant (compile.tests)................................................ OK
========
for(int i=0;i<singularValues.length;++i){
 final double s=secondary[i];
if(s==0){
throw new SingularMatrixException();
}
squaredSecondary[i]=s*s;
}

========
COMMAND:cd /home/mmotwani/mywork1dir/Defects4Java7/defects4j/SIMFIX_RQ2_40_5/math/math_80_buggy && /usr/bin/timeout 120 /mnt/nfs/work1/brun/mmotwani/Defects4Java7/defects4j//framework/bin/defects4j compile
========
TOLERANCE=TOLERANCE;
for(int i=0;i<squaredSecondary.length;++i){
 final double s=secondary[i];
squaredSecondary[i]=s*s;
}

========
COMMAND:cd /home/mmotwani/mywork1dir/Defects4Java7/defects4j/SIMFIX_RQ2_40_5/math/math_80_buggy && /usr/bin/timeout 120 /mnt/nfs/work1/brun/mmotwani/Defects4Java7/defects4j//framework/bin/defects4j compile
========
if(i>=polynomials.length){
i--;
}
for(int i=0;i<squaredSecondary.length;++i){
 final double s=secondary[i];
squaredSecondary[i]=s*s;
}

========
COMMAND:cd /home/mmotwani/mywork1dir/Defects4Java7/defects4j/SIMFIX_RQ2_40_5/math/math_80_buggy && /usr/bin/timeout 120 /mnt/nfs/work1/brun/mmotwani/Defects4Java7/defects4j//framework/bin/defects4j compile
========
for(int i=0;i<polynoms.length;++i){
 final double s=secondary[i];
squaredSecondary[i]=s*s;
}

========
COMMAND:cd /home/mmotwani/mywork1dir/Defects4Java7/defects4j/SIMFIX_RQ2_40_5/math/math_80_buggy && /usr/bin/timeout 120 /mnt/nfs/work1/brun/mmotwani/Defects4Java7/defects4j//framework/bin/defects4j compile
========
for(int i=length;i<squaredSecondary.length;++i){
 final double s=secondary[i];
squaredSecondary[i]=s*s;
}

========
COMMAND:cd /home/mmotwani/mywork1dir/Defects4Java7/defects4j/SIMFIX_RQ2_40_5/math/math_80_buggy && /usr/bin/timeout 120 /mnt/nfs/work1/brun/mmotwani/Defects4Java7/defects4j//framework/bin/defects4j compile
========
for(int i=0;i<s;++i){
 final double s=secondary[i];
squaredSecondary[i]=s*s;
}

========
COMMAND:cd /home/mmotwani/mywork1dir/Defects4Java7/defects4j/SIMFIX_RQ2_40_5/math/math_80_buggy && /usr/bin/timeout 120 /mnt/nfs/work1/brun/mmotwani/Defects4Java7/defects4j//framework/bin/defects4j compile
========
for(int i=pingPong;i<jacobian.length;++i){
 final double s=secondary[i];
squaredSecondary[i]=s*s;
}

========
COMMAND:cd /home/mmotwani/mywork1dir/Defects4Java7/defects4j/SIMFIX_RQ2_40_5/math/math_80_buggy && /usr/bin/timeout 120 /mnt/nfs/work1/brun/mmotwani/Defects4Java7/defects4j//framework/bin/defects4j compile
========
for(int i=0;i<pingPong+length;++i){
 final double s=secondary[i];
squaredSecondary[i]=s*s;
}

========
COMMAND:cd /home/mmotwani/mywork1dir/Defects4Java7/defects4j/SIMFIX_RQ2_40_5/math/math_80_buggy && /usr/bin/timeout 120 /mnt/nfs/work1/brun/mmotwani/Defects4Java7/defects4j//framework/bin/defects4j compile
========
for(int i=pingPong;i<pingPong+length;++i){
 final double s=secondary[i];
squaredSecondary[i]=s*s;
}

========
COMMAND:cd /home/mmotwani/mywork1dir/Defects4Java7/defects4j/SIMFIX_RQ2_40_5/math/math_80_buggy && /usr/bin/timeout 120 /mnt/nfs/work1/brun/mmotwani/Defects4Java7/defects4j//framework/bin/defects4j compile
========
for(int i=0;i<root.length;++i){
 final double s=secondary[i];
squaredSecondary[i]=s*s;
}

========
COMMAND:cd /home/mmotwani/mywork1dir/Defects4Java7/defects4j/SIMFIX_RQ2_40_5/math/math_80_buggy && /usr/bin/timeout 120 /mnt/nfs/work1/brun/mmotwani/Defects4Java7/defects4j//framework/bin/defects4j compile
========
for(int i=0;i<dx2.length;++i){
 final double s=secondary[i];
squaredSecondary[i]=s*s;
}

========
COMMAND:cd /home/mmotwani/mywork1dir/Defects4Java7/defects4j/SIMFIX_RQ2_40_5/math/math_80_buggy && /usr/bin/timeout 120 /mnt/nfs/work1/brun/mmotwani/Defects4Java7/defects4j//framework/bin/defects4j compile
========
for(int i=0;i<scale.length;++i){
 final double s=secondary[i];
squaredSecondary[i]=s*s;
}

========
COMMAND:cd /home/mmotwani/mywork1dir/Defects4Java7/defects4j/SIMFIX_RQ2_40_5/math/math_80_buggy && /usr/bin/timeout 120 /mnt/nfs/work1/brun/mmotwani/Defects4Java7/defects4j//framework/bin/defects4j compile
========
for(int i=0;i<secondary.length;++i){
 final double s=secondary[i];
squaredSecondary[i]=s*s;
}

========
COMMAND:cd /home/mmotwani/mywork1dir/Defects4Java7/defects4j/SIMFIX_RQ2_40_5/math/math_80_buggy && /usr/bin/timeout 120 /mnt/nfs/work1/brun/mmotwani/Defects4Java7/defects4j//framework/bin/defects4j compile
FAILED TEST:org.apache.commons.math.linear.EigenDecompositionImplTest::testMathpbx02
COUNT THESE===> Subject [_name=math, _id=80, _ssrc=/src/main/java, _tsrc=/src/test/java, _sbin=/target/classes, _tbin=/target/test-classes, _dependency=null] org.apache.commons.math.linear.EigenDecompositionImplTest testMathpbx02
TESTING : org.apache.commons.math.linear.EigenDecompositionImplTest::testMathpbx02
COMMAND:cd /home/mmotwani/mywork1dir/Defects4Java7/defects4j/SIMFIX_RQ2_40_5/math/math_80_buggy && /usr/bin/timeout 30 /mnt/nfs/work1/brun/mmotwani/Defects4Java7/defects4j//framework/bin/defects4j test -t org.apache.commons.math.linear.EigenDecompositionImplTest::testMathpbx02
  - org.apache.commons.math.linear.EigenDecompositionImplTest::testMathpbx02
Failing tests: 1
Running ant (run.dev.tests)................................................ OK
Running ant (compile.tests)................................................ OK
========
for(int i=0;i<squaredSecondary.length;++i){
absDCurrent=Math.abs(secondary[i+1]);
 final double s=secondary[i];
squaredSecondary[i]=s*s;
}

========
COMMAND:cd /home/mmotwani/mywork1dir/Defects4Java7/defects4j/SIMFIX_RQ2_40_5/math/math_80_buggy && /usr/bin/timeout 120 /mnt/nfs/work1/brun/mmotwani/Defects4Java7/defects4j//framework/bin/defects4j compile
========
for(int i=pingPong;i<s;++i){
 final double s=secondary[i];
squaredSecondary[i]=s*s;
}

========
COMMAND:cd /home/mmotwani/mywork1dir/Defects4Java7/defects4j/SIMFIX_RQ2_40_5/math/math_80_buggy && /usr/bin/timeout 120 /mnt/nfs/work1/brun/mmotwani/Defects4Java7/defects4j//framework/bin/defects4j compile
========
for(int i=0;i<=s;++i){
 final double s=secondary[i];
squaredSecondary[i]=s*s;
}

========
COMMAND:cd /home/mmotwani/mywork1dir/Defects4Java7/defects4j/SIMFIX_RQ2_40_5/math/math_80_buggy && /usr/bin/timeout 120 /mnt/nfs/work1/brun/mmotwani/Defects4Java7/defects4j//framework/bin/defects4j compile
========
for(int i=0;i<pingPong;++i){
 final double s=secondary[i];
squaredSecondary[i]=s*s;
}

========
COMMAND:cd /home/mmotwani/mywork1dir/Defects4Java7/defects4j/SIMFIX_RQ2_40_5/math/math_80_buggy && /usr/bin/timeout 120 /mnt/nfs/work1/brun/mmotwani/Defects4Java7/defects4j//framework/bin/defects4j compile
FAILED TEST:org.apache.commons.math.linear.EigenDecompositionImplTest::testMathpbx02
COUNT THESE===> Subject [_name=math, _id=80, _ssrc=/src/main/java, _tsrc=/src/test/java, _sbin=/target/classes, _tbin=/target/test-classes, _dependency=null] org.apache.commons.math.linear.EigenDecompositionImplTest testMathpbx02
TESTING : org.apache.commons.math.linear.EigenDecompositionImplTest::testMathpbx02
COMMAND:cd /home/mmotwani/mywork1dir/Defects4Java7/defects4j/SIMFIX_RQ2_40_5/math/math_80_buggy && /usr/bin/timeout 30 /mnt/nfs/work1/brun/mmotwani/Defects4Java7/defects4j//framework/bin/defects4j test -t org.apache.commons.math.linear.EigenDecompositionImplTest::testMathpbx02
  - org.apache.commons.math.linear.EigenDecompositionImplTest::testMathpbx02
Failing tests: 1
Running ant (run.dev.tests)................................................ OK
Running ant (compile.tests)................................................ OK
========
for(int i=0;i<=pingPong;++i){
 final double s=secondary[i];
squaredSecondary[i]=s*s;
}

========
COMMAND:cd /home/mmotwani/mywork1dir/Defects4Java7/defects4j/SIMFIX_RQ2_40_5/math/math_80_buggy && /usr/bin/timeout 120 /mnt/nfs/work1/brun/mmotwani/Defects4Java7/defects4j//framework/bin/defects4j compile
FAILED TEST:org.apache.commons.math.linear.EigenDecompositionImplTest::testMathpbx02
COUNT THESE===> Subject [_name=math, _id=80, _ssrc=/src/main/java, _tsrc=/src/test/java, _sbin=/target/classes, _tbin=/target/test-classes, _dependency=null] org.apache.commons.math.linear.EigenDecompositionImplTest testMathpbx02
TESTING : org.apache.commons.math.linear.EigenDecompositionImplTest::testMathpbx02
COMMAND:cd /home/mmotwani/mywork1dir/Defects4Java7/defects4j/SIMFIX_RQ2_40_5/math/math_80_buggy && /usr/bin/timeout 30 /mnt/nfs/work1/brun/mmotwani/Defects4Java7/defects4j//framework/bin/defects4j test -t org.apache.commons.math.linear.EigenDecompositionImplTest::testMathpbx02
  - org.apache.commons.math.linear.EigenDecompositionImplTest::testMathpbx02
Failing tests: 1
Running ant (run.dev.tests)................................................ OK
Running ant (compile.tests)................................................ OK
========
s/=squaredSecondary[pingPong];
for(int i=0;i<squaredSecondary.length;++i){
 final double s=secondary[i];
squaredSecondary[i]=s*s;
}

========
COMMAND:cd /home/mmotwani/mywork1dir/Defects4Java7/defects4j/SIMFIX_RQ2_40_5/math/math_80_buggy && /usr/bin/timeout 120 /mnt/nfs/work1/brun/mmotwani/Defects4Java7/defects4j//framework/bin/defects4j compile
========
for(int i=0;i<squaredSecondary.length;++i){
if(s==0){
throw new SingularMatrixException();
}
 final double s=secondary[i];
squaredSecondary[i]=s*s;
}

========
COMMAND:cd /home/mmotwani/mywork1dir/Defects4Java7/defects4j/SIMFIX_RQ2_40_5/math/math_80_buggy && /usr/bin/timeout 120 /mnt/nfs/work1/brun/mmotwani/Defects4Java7/defects4j//framework/bin/defects4j compile
========
s=Math.round(TOLERANCE);
for(int i=0;i<squaredSecondary.length;++i){
 final double s=secondary[i];
squaredSecondary[i]=s*s;
}

========
COMMAND:cd /home/mmotwani/mywork1dir/Defects4Java7/defects4j/SIMFIX_RQ2_40_5/math/math_80_buggy && /usr/bin/timeout 120 /mnt/nfs/work1/brun/mmotwani/Defects4Java7/defects4j//framework/bin/defects4j compile
========
for(int i=0;i<multistep.length;++i){
 final double s=secondary[i];
squaredSecondary[i]=s*s;
}

========
COMMAND:cd /home/mmotwani/mywork1dir/Defects4Java7/defects4j/SIMFIX_RQ2_40_5/math/math_80_buggy && /usr/bin/timeout 120 /mnt/nfs/work1/brun/mmotwani/Defects4Java7/defects4j//framework/bin/defects4j compile
========
pingPong++;
for(int i=0;i<squaredSecondary.length;++i){
 final double s=secondary[i];
squaredSecondary[i]=s*s;
}

========
COMMAND:cd /home/mmotwani/mywork1dir/Defects4Java7/defects4j/SIMFIX_RQ2_40_5/math/math_80_buggy && /usr/bin/timeout 120 /mnt/nfs/work1/brun/mmotwani/Defects4Java7/defects4j//framework/bin/defects4j compile
FAILED TEST:org.apache.commons.math.linear.EigenDecompositionImplTest::testMathpbx02
COUNT THESE===> Subject [_name=math, _id=80, _ssrc=/src/main/java, _tsrc=/src/test/java, _sbin=/target/classes, _tbin=/target/test-classes, _dependency=null] org.apache.commons.math.linear.EigenDecompositionImplTest testMathpbx02
TESTING : org.apache.commons.math.linear.EigenDecompositionImplTest::testMathpbx02
COMMAND:cd /home/mmotwani/mywork1dir/Defects4Java7/defects4j/SIMFIX_RQ2_40_5/math/math_80_buggy && /usr/bin/timeout 30 /mnt/nfs/work1/brun/mmotwani/Defects4Java7/defects4j//framework/bin/defects4j test -t org.apache.commons.math.linear.EigenDecompositionImplTest::testMathpbx02
Failing tests: 0
TESTING : math_80
COMMAND:cd /home/mmotwani/mywork1dir/Defects4Java7/defects4j/SIMFIX_RQ2_40_5/math/math_80_buggy && /usr/bin/timeout 600 /mnt/nfs/work1/brun/mmotwani/Defects4Java7/defects4j//framework/bin/defects4j test
Failing tests: 0
Successfully repair!
