java version "1.7.0_231"
OpenJDK Runtime Environment (rhel-2.6.19.1.el7_6-x86_64 u231-b01)
OpenJDK 64-Bit Server VM (build 24.231-b01, mixed mode)
Check out 3ced4f2a to /mnt/nfs/work1/brun/mmotwani/Defects4Java7/defects4j/ OK
Init local repository...................................................... OK
Tag post-fix revision...................................................... OK
Initialize fixed program version........................................... OK
Apply patch................................................................ OK
Initialize buggy program version........................................... OK
Diff 3ced4f2a:7d903ca5..................................................... OK
Apply patch................................................................ OK
Tag pre-fix revision....................................................... OK
Check out program version: Math-80b........................................ OK
Running ant (compile)...................................................... OK
Running ant (compile.tests)................................................ OK
Running ant (compile.tests)................................................ OK
Running ant (run.dev.tests)................................................ OK
Failing tests: 1
  - org.apache.commons.math.linear.EigenDecompositionImplTest::testMathpbx02
/home/mmotwani/mywork1dir/Defects4Java7/defects4j/SIMFIX_RQ2_40_1
PURIFY IS FALSE
=================================================
Project : math_80	start : 19/10/17 18:43

readFailedTest: path is /mnt/nfs/work1/brun/mmotwani/SimFix/d4j-info/failed_tests/math/80.txt#ATTEMPTS: 1

# FAILING TESTS: 1
TIMEOUT : 18000000
===========
locations= [<org.apache.commons.math.linear.EigenDecompositionImpl,191>, <org.apache.commons.math.linear.EigenDecompositionImpl,193>, <org.apache.commons.math.linear.EigenDecompositionImpl,194>, <org.apache.commons.math.linear.EigenDecompositionImpl,195>, <org.apache.commons.math.linear.EigenDecompositionImpl,198>, <org.apache.commons.math.linear.EigenDecompositionImpl,199>, <org.apache.commons.math.linear.EigenDecompositionImpl,200>, <org.apache.commons.math.linear.EigenDecompositionImpl,201>, <org.apache.commons.math.linear.EigenDecompositionImpl,204>, <org.apache.commons.math.linear.EigenDecompositionImpl,205>, <org.apache.commons.math.linear.EigenDecompositionImpl,207>, <org.apache.commons.math.linear.EigenDecompositionImpl,312>, <org.apache.commons.math.linear.EigenDecompositionImpl,336>, <org.apache.commons.math.linear.EigenDecompositionImpl,337>, <org.apache.commons.math.linear.EigenDecompositionImpl,339>, <org.apache.commons.math.linear.EigenDecompositionImpl,871>, <org.apache.commons.math.linear.EigenDecompositionImpl,872>, <org.apache.commons.math.linear.EigenDecompositionImpl,944>, <org.apache.commons.math.linear.EigenDecompositionImpl,945>, <org.apache.commons.math.linear.EigenDecompositionImpl,957>, <org.apache.commons.math.linear.EigenDecompositionImpl,958>, <org.apache.commons.math.linear.EigenDecompositionImpl,959>, <org.apache.commons.math.linear.EigenDecompositionImpl,960>, <org.apache.commons.math.linear.EigenDecompositionImpl,1055>, <org.apache.commons.math.linear.EigenDecompositionImpl,1056>, <org.apache.commons.math.linear.EigenDecompositionImpl,1059>, <org.apache.commons.math.linear.EigenDecompositionImpl,1062>, <org.apache.commons.math.linear.EigenDecompositionImpl,1063>, <org.apache.commons.math.linear.EigenDecompositionImpl,1085>, <org.apache.commons.math.linear.EigenDecompositionImpl,1090>, <org.apache.commons.math.linear.EigenDecompositionImpl,1091>, <org.apache.commons.math.linear.EigenDecompositionImpl,1092>, <org.apache.commons.math.linear.EigenDecompositionImpl,1093>, <org.apache.commons.math.linear.EigenDecompositionImpl,1094>, <org.apache.commons.math.linear.EigenDecompositionImpl,1096>, <org.apache.commons.math.linear.EigenDecompositionImpl,1099>, <org.apache.commons.math.linear.EigenDecompositionImpl,1101>, <org.apache.commons.math.linear.EigenDecompositionImpl,1102>, <org.apache.commons.math.linear.EigenDecompositionImpl,1105>, <org.apache.commons.math.linear.EigenDecompositionImpl,1106>, <org.apache.commons.math.linear.EigenDecompositionImpl,1135>, <org.apache.commons.math.linear.EigenDecompositionImpl,1136>, <org.apache.commons.math.linear.EigenDecompositionImpl,1137>, <org.apache.commons.math.linear.EigenDecompositionImpl,1138>, <org.apache.commons.math.linear.EigenDecompositionImpl,1139>, <org.apache.commons.math.linear.EigenDecompositionImpl,1140>, <org.apache.commons.math.linear.EigenDecompositionImpl,1142>, <org.apache.commons.math.linear.EigenDecompositionImpl,1144>, <org.apache.commons.math.linear.EigenDecompositionImpl,1384>, <org.apache.commons.math.linear.EigenDecompositionImpl,1385>, <org.apache.commons.math.linear.EigenDecompositionImpl,1386>, <org.apache.commons.math.linear.EigenDecompositionImpl,1387>, <org.apache.commons.math.linear.EigenDecompositionImpl,1404>, <org.apache.commons.math.linear.EigenDecompositionImpl,1405>, <org.apache.commons.math.linear.EigenDecompositionImpl,1406>, <org.apache.commons.math.linear.EigenDecompositionImpl,1407>, <org.apache.commons.math.linear.EigenDecompositionImpl,1414>, <org.apache.commons.math.linear.EigenDecompositionImpl,1415>, <org.apache.commons.math.linear.EigenDecompositionImpl,1488>, <org.apache.commons.math.linear.EigenDecompositionImpl,1489>, <org.apache.commons.math.linear.EigenDecompositionImpl,1490>, <org.apache.commons.math.linear.EigenDecompositionImpl,1491>, <org.apache.commons.math.linear.EigenDecompositionImpl,1494>, <org.apache.commons.math.linear.EigenDecompositionImpl,1495>, <org.apache.commons.math.linear.EigenDecompositionImpl,1498>, <org.apache.commons.math.linear.EigenDecompositionImpl,1499>, <org.apache.commons.math.linear.EigenDecompositionImpl,1530>, <org.apache.commons.math.linear.EigenDecompositionImpl,1531>, <org.apache.commons.math.linear.EigenDecompositionImpl,1534>, <org.apache.commons.math.linear.EigenDecompositionImpl,1535>, <org.apache.commons.math.linear.EigenDecompositionImpl,1536>, <org.apache.commons.math.linear.EigenDecompositionImpl,1537>, <org.apache.commons.math.linear.EigenDecompositionImpl,1538>, <org.apache.commons.math.linear.EigenDecompositionImpl,1541>, <org.apache.commons.math.linear.EigenDecompositionImpl,1544>, <org.apache.commons.math.linear.EigenDecompositionImpl,1564>, <org.apache.commons.math.linear.EigenDecompositionImpl,1565>, <org.apache.commons.math.linear.EigenDecompositionImpl,1570>, <org.apache.commons.math.linear.ArrayRealVector,77>, <org.apache.commons.math.linear.ArrayRealVector,78>, <org.apache.commons.math.linear.ArrayRealVector,79>, <org.apache.commons.math.linear.ArrayRealVector,175>, <org.apache.commons.math.linear.ArrayRealVector,176>, <org.apache.commons.math.linear.ArrayRealVector,177>, <org.apache.commons.math.linear.ArrayRealVector,225>, <org.apache.commons.math.linear.ArrayRealVector,269>, <org.apache.commons.math.linear.ArrayRealVector,283>, <org.apache.commons.math.linear.ArrayRealVector,284>, <org.apache.commons.math.linear.ArrayRealVector,285>, <org.apache.commons.math.linear.ArrayRealVector,286>, <org.apache.commons.math.linear.ArrayRealVector,288>, <org.apache.commons.math.linear.ArrayRealVector,299>, <org.apache.commons.math.linear.ArrayRealVector,870>, <org.apache.commons.math.linear.ArrayRealVector,884>, <org.apache.commons.math.linear.ArrayRealVector,885>, <org.apache.commons.math.linear.ArrayRealVector,886>, <org.apache.commons.math.linear.ArrayRealVector,887>, <org.apache.commons.math.linear.ArrayRealVector,889>, <org.apache.commons.math.linear.ArrayRealVector,900>, <org.apache.commons.math.linear.ArrayRealVector,905>, <org.apache.commons.math.linear.ArrayRealVector,906>, <org.apache.commons.math.linear.ArrayRealVector,907>, <org.apache.commons.math.linear.ArrayRealVector,909>, <org.apache.commons.math.linear.ArrayRealVector,1287>, <org.apache.commons.math.linear.ArrayRealVector,1292>, <org.apache.commons.math.linear.MatrixUtils,106>, <org.apache.commons.math.linear.MatrixUtils,650>, <org.apache.commons.math.linear.MatrixUtils,656>, <org.apache.commons.math.linear.AbstractRealMatrix,43>, <org.apache.commons.math.linear.AbstractRealMatrix,44>, <org.apache.commons.math.linear.AbstractRealMatrix,45>, <org.apache.commons.math.linear.AbstractRealMatrix,55>, <org.apache.commons.math.linear.AbstractRealMatrix,56>, <org.apache.commons.math.linear.AbstractRealMatrix,61>, <org.apache.commons.math.linear.AbstractRealMatrix,66>, <org.apache.commons.math.linear.AbstractRealMatrix,67>, <org.apache.commons.math.linear.AbstractRealMatrix,603>, <org.apache.commons.math.linear.AbstractRealMatrix,604>, <org.apache.commons.math.linear.AbstractRealMatrix,605>, <org.apache.commons.math.linear.AbstractRealMatrix,606>, <org.apache.commons.math.linear.AbstractRealMatrix,616>, <org.apache.commons.math.linear.AbstractRealMatrix,919>, <org.apache.commons.math.linear.Array2DRowRealMatrix,76>, <org.apache.commons.math.linear.Array2DRowRealMatrix,77>, <org.apache.commons.math.linear.Array2DRowRealMatrix,78>, <org.apache.commons.math.linear.Array2DRowRealMatrix,94>, <org.apache.commons.math.linear.Array2DRowRealMatrix,95>, <org.apache.commons.math.linear.Array2DRowRealMatrix,96>, <org.apache.commons.math.linear.Array2DRowRealMatrix,114>, <org.apache.commons.math.linear.Array2DRowRealMatrix,115>, <org.apache.commons.math.linear.Array2DRowRealMatrix,118>, <org.apache.commons.math.linear.Array2DRowRealMatrix,121>, <org.apache.commons.math.linear.Array2DRowRealMatrix,122>, <org.apache.commons.math.linear.Array2DRowRealMatrix,125>, <org.apache.commons.math.linear.Array2DRowRealMatrix,126>, <org.apache.commons.math.linear.Array2DRowRealMatrix,129>, <org.apache.commons.math.linear.Array2DRowRealMatrix,130>, <org.apache.commons.math.linear.Array2DRowRealMatrix,136>, <org.apache.commons.math.linear.Array2DRowRealMatrix,138>, <org.apache.commons.math.linear.Array2DRowRealMatrix,160>, <org.apache.commons.math.linear.Array2DRowRealMatrix,254>, <org.apache.commons.math.linear.Array2DRowRealMatrix,271>, <org.apache.commons.math.linear.Array2DRowRealMatrix,273>, <org.apache.commons.math.linear.Array2DRowRealMatrix,274>, <org.apache.commons.math.linear.Array2DRowRealMatrix,275>, <org.apache.commons.math.linear.Array2DRowRealMatrix,276>, <org.apache.commons.math.linear.Array2DRowRealMatrix,277>, <org.apache.commons.math.linear.Array2DRowRealMatrix,278>, <org.apache.commons.math.linear.Array2DRowRealMatrix,279>, <org.apache.commons.math.linear.Array2DRowRealMatrix,280>, <org.apache.commons.math.linear.Array2DRowRealMatrix,281>, <org.apache.commons.math.linear.Array2DRowRealMatrix,282>, <org.apache.commons.math.linear.Array2DRowRealMatrix,283>, <org.apache.commons.math.linear.Array2DRowRealMatrix,285>, <org.apache.commons.math.linear.Array2DRowRealMatrix,289>, <org.apache.commons.math.linear.Array2DRowRealMatrix,314>, <org.apache.commons.math.linear.Array2DRowRealMatrix,315>, <org.apache.commons.math.linear.Array2DRowRealMatrix,320>, <org.apache.commons.math.linear.Array2DRowRealMatrix,325>, <org.apache.commons.math.linear.Array2DRowRealMatrix,326>, <org.apache.commons.math.linear.Array2DRowRealMatrix,330>, <org.apache.commons.math.linear.Array2DRowRealMatrix,331>, <org.apache.commons.math.linear.Array2DRowRealMatrix,334>, <org.apache.commons.math.linear.Array2DRowRealMatrix,335>, <org.apache.commons.math.linear.Array2DRowRealMatrix,336>, <org.apache.commons.math.linear.Array2DRowRealMatrix,341>, <org.apache.commons.math.linear.Array2DRowRealMatrix,343>, <org.apache.commons.math.linear.Array2DRowRealMatrix,347>, <org.apache.commons.math.linear.Array2DRowRealMatrix,367>, <org.apache.commons.math.linear.Array2DRowRealMatrix,372>, <org.apache.commons.math.linear.Array2DRowRealMatrix,373>, <org.apache.commons.math.linear.Array2DRowRealMatrix,404>, <org.apache.commons.math.linear.Array2DRowRealMatrix,410>, <org.apache.commons.math.linear.Array2DRowRealMatrix,482>, <org.apache.commons.math.linear.Array2DRowRealMatrix,483>, <org.apache.commons.math.linear.Array2DRowRealMatrix,484>, <org.apache.commons.math.linear.Array2DRowRealMatrix,485>, <org.apache.commons.math.linear.Array2DRowRealMatrix,486>, <org.apache.commons.math.linear.Array2DRowRealMatrix,487>, <org.apache.commons.math.linear.Array2DRowRealMatrix,488>, <org.apache.commons.math.linear.Array2DRowRealMatrix,491>, <org.apache.commons.math.linear.Array2DRowRealMatrix,622>, <org.apache.commons.math.linear.Array2DRowRealMatrix,623>, <org.apache.commons.math.linear.DefaultRealMatrixPreservingVisitor,30>, <org.apache.commons.math.linear.DefaultRealMatrixPreservingVisitor,35>, <org.apache.commons.math.linear.DefaultRealMatrixPreservingVisitor,44>, <org.apache.commons.math.linear.AbstractRealMatrix,611>, <org.apache.commons.math.linear.AbstractRealMatrix,612>, <org.apache.commons.math.linear.EigenDecompositionImpl,237>, <org.apache.commons.math.linear.EigenDecompositionImpl,238>, <org.apache.commons.math.linear.EigenDecompositionImpl,239>, <org.apache.commons.math.linear.EigenDecompositionImpl,240>, <org.apache.commons.math.linear.EigenDecompositionImpl,243>, <org.apache.commons.math.linear.EigenDecompositionImpl,246>, <org.apache.commons.math.linear.EigenDecompositionImpl,249>, <org.apache.commons.math.linear.EigenDecompositionImpl,251>, <org.apache.commons.math.linear.EigenDecompositionImpl,571>, <org.apache.commons.math.linear.EigenDecompositionImpl,572>, <org.apache.commons.math.linear.EigenDecompositionImpl,573>, <org.apache.commons.math.linear.EigenDecompositionImpl,574>]
======================org.apache.commons.math.linear.EigenDecompositionImpl,191
Find no block!
org.apache.commons.math.linear.EigenDecompositionImpl,193
UNKNOWN ASTNode type : catch (FunctionEvaluationException fee) {
  optima[i]=Double.NaN;
  optimaValues[i]=Double.NaN;
}

UNKNOWN ASTNode type : catch (FunctionEvaluationException fee) {
  optima[i]=Double.NaN;
  optimaValues[i]=Double.NaN;
}

UNKNOWN ASTNode type : catch (ConvergenceException ce) {
  optima[i]=Double.NaN;
  optimaValues[i]=Double.NaN;
}

UNKNOWN ASTNode type : catch (ConvergenceException ce) {
  optima[i]=Double.NaN;
  optimaValues[i]=Double.NaN;
}

========
for(int i=0;i<values.length;++i){
 final double s=secondary[i];
squaredSecondary[i]=s*s;
}

========
COMMAND:cd /home/mmotwani/mywork1dir/Defects4Java7/defects4j/SIMFIX_RQ2_40_1/math/math_80_buggy && /usr/bin/timeout 120 /mnt/nfs/work1/brun/mmotwani/Defects4Java7/defects4j//framework/bin/defects4j compile
========
for(int i=0;i<ranks.length;++i){
 final double s=secondary[i];
squaredSecondary[i]=s*s;
}

========
COMMAND:cd /home/mmotwani/mywork1dir/Defects4Java7/defects4j/SIMFIX_RQ2_40_1/math/math_80_buggy && /usr/bin/timeout 120 /mnt/nfs/work1/brun/mmotwani/Defects4Java7/defects4j//framework/bin/defects4j compile
========
for(int i=0;i<scaled.length;++i){
 final double s=secondary[i];
squaredSecondary[i]=s*s;
}

========
COMMAND:cd /home/mmotwani/mywork1dir/Defects4Java7/defects4j/SIMFIX_RQ2_40_1/math/math_80_buggy && /usr/bin/timeout 120 /mnt/nfs/work1/brun/mmotwani/Defects4Java7/defects4j//framework/bin/defects4j compile
========
for(int i=0;i<f.length;++i){
 final double s=secondary[i];
squaredSecondary[i]=s*s;
}

========
COMMAND:cd /home/mmotwani/mywork1dir/Defects4Java7/defects4j/SIMFIX_RQ2_40_1/math/math_80_buggy && /usr/bin/timeout 120 /mnt/nfs/work1/brun/mmotwani/Defects4Java7/defects4j//framework/bin/defects4j compile
========
for(int i=0;i<dimensionSize.length;++i){
 final double s=secondary[i];
squaredSecondary[i]=s*s;
}

========
COMMAND:cd /home/mmotwani/mywork1dir/Defects4Java7/defects4j/SIMFIX_RQ2_40_1/math/math_80_buggy && /usr/bin/timeout 120 /mnt/nfs/work1/brun/mmotwani/Defects4Java7/defects4j//framework/bin/defects4j compile
========
for(int i=0;i<data.length;++i){
 final double s=secondary[i];
squaredSecondary[i]=s*s;
}

========
COMMAND:cd /home/mmotwani/mywork1dir/Defects4Java7/defects4j/SIMFIX_RQ2_40_1/math/math_80_buggy && /usr/bin/timeout 120 /mnt/nfs/work1/brun/mmotwani/Defects4Java7/defects4j//framework/bin/defects4j compile
========
for(int i=0;i<newPols.length;++i){
 final double s=secondary[i];
squaredSecondary[i]=s*s;
}

========
COMMAND:cd /home/mmotwani/mywork1dir/Defects4Java7/defects4j/SIMFIX_RQ2_40_1/math/math_80_buggy && /usr/bin/timeout 120 /mnt/nfs/work1/brun/mmotwani/Defects4Java7/defects4j//framework/bin/defects4j compile
========
for(int i=0;i<currentState.length;++i){
 final double s=secondary[i];
squaredSecondary[i]=s*s;
}

========
COMMAND:cd /home/mmotwani/mywork1dir/Defects4Java7/defects4j/SIMFIX_RQ2_40_1/math/math_80_buggy && /usr/bin/timeout 120 /mnt/nfs/work1/brun/mmotwani/Defects4Java7/defects4j//framework/bin/defects4j compile
========
for(int i=0;i<length;++i){
 final double s=secondary[i];
squaredSecondary[i]=s*s;
}

========
COMMAND:cd /home/mmotwani/mywork1dir/Defects4Java7/defects4j/SIMFIX_RQ2_40_1/math/math_80_buggy && /usr/bin/timeout 120 /mnt/nfs/work1/brun/mmotwani/Defects4Java7/defects4j//framework/bin/defects4j compile
========
for(int i=0;i<centroid.length;++i){
 final double s=secondary[i];
squaredSecondary[i]=s*s;
}

========
COMMAND:cd /home/mmotwani/mywork1dir/Defects4Java7/defects4j/SIMFIX_RQ2_40_1/math/math_80_buggy && /usr/bin/timeout 120 /mnt/nfs/work1/brun/mmotwani/Defects4Java7/defects4j//framework/bin/defects4j compile
========
for(int i=0;i<inputArray.length;++i){
 final double s=secondary[i];
squaredSecondary[i]=s*s;
}

========
COMMAND:cd /home/mmotwani/mywork1dir/Defects4Java7/defects4j/SIMFIX_RQ2_40_1/math/math_80_buggy && /usr/bin/timeout 120 /mnt/nfs/work1/brun/mmotwani/Defects4Java7/defects4j//framework/bin/defects4j compile
========
for(int i=0;i<array.length;++i){
 final double s=secondary[i];
squaredSecondary[i]=s*s;
}

========
COMMAND:cd /home/mmotwani/mywork1dir/Defects4Java7/defects4j/SIMFIX_RQ2_40_1/math/math_80_buggy && /usr/bin/timeout 120 /mnt/nfs/work1/brun/mmotwani/Defects4Java7/defects4j//framework/bin/defects4j compile
========
for(int i=0;i<coefficients.length;++i){
 final double s=secondary[i];
squaredSecondary[i]=s*s;
}

========
COMMAND:cd /home/mmotwani/mywork1dir/Defects4Java7/defects4j/SIMFIX_RQ2_40_1/math/math_80_buggy && /usr/bin/timeout 120 /mnt/nfs/work1/brun/mmotwani/Defects4Java7/defects4j//framework/bin/defects4j compile
========
for(int i=0;i<singularValues.length;++i){
 final double s=secondary[i];
squaredSecondary[i]=s*s;
}

========
COMMAND:cd /home/mmotwani/mywork1dir/Defects4Java7/defects4j/SIMFIX_RQ2_40_1/math/math_80_buggy && /usr/bin/timeout 120 /mnt/nfs/work1/brun/mmotwani/Defects4Java7/defects4j//framework/bin/defects4j compile
========
for(int i=0;i<residuals.length;++i){
 final double s=secondary[i];
squaredSecondary[i]=s*s;
}

========
COMMAND:cd /home/mmotwani/mywork1dir/Defects4Java7/defects4j/SIMFIX_RQ2_40_1/math/math_80_buggy && /usr/bin/timeout 120 /mnt/nfs/work1/brun/mmotwani/Defects4Java7/defects4j//framework/bin/defects4j compile
========
for(int i=0;i<y0.length;++i){
 final double s=secondary[i];
squaredSecondary[i]=s*s;
}

========
COMMAND:cd /home/mmotwani/mywork1dir/Defects4Java7/defects4j/SIMFIX_RQ2_40_1/math/math_80_buggy && /usr/bin/timeout 120 /mnt/nfs/work1/brun/mmotwani/Defects4Java7/defects4j//framework/bin/defects4j compile
========
for(int i=0;i<d.length;++i){
 final double s=secondary[i];
squaredSecondary[i]=s*s;
}

========
COMMAND:cd /home/mmotwani/mywork1dir/Defects4Java7/defects4j/SIMFIX_RQ2_40_1/math/math_80_buggy && /usr/bin/timeout 120 /mnt/nfs/work1/brun/mmotwani/Defects4Java7/defects4j//framework/bin/defects4j compile
========
for(int i=0;i<bd.length;++i){
 final double s=secondary[i];
squaredSecondary[i]=s*s;
}

========
COMMAND:cd /home/mmotwani/mywork1dir/Defects4Java7/defects4j/SIMFIX_RQ2_40_1/math/math_80_buggy && /usr/bin/timeout 120 /mnt/nfs/work1/brun/mmotwani/Defects4Java7/defects4j//framework/bin/defects4j compile
========
for(int i=0;i<result.length;++i){
 final double s=secondary[i];
squaredSecondary[i]=s*s;
}

========
COMMAND:cd /home/mmotwani/mywork1dir/Defects4Java7/defects4j/SIMFIX_RQ2_40_1/math/math_80_buggy && /usr/bin/timeout 120 /mnt/nfs/work1/brun/mmotwani/Defects4Java7/defects4j//framework/bin/defects4j compile
========
for(int i=0;i<results.length;++i){
 final double s=secondary[i];
squaredSecondary[i]=s*s;
}

========
COMMAND:cd /home/mmotwani/mywork1dir/Defects4Java7/defects4j/SIMFIX_RQ2_40_1/math/math_80_buggy && /usr/bin/timeout 120 /mnt/nfs/work1/brun/mmotwani/Defects4Java7/defects4j//framework/bin/defects4j compile
========
for(int i=0;i<v.length;++i){
 final double s=secondary[i];
squaredSecondary[i]=s*s;
}

========
COMMAND:cd /home/mmotwani/mywork1dir/Defects4Java7/defects4j/SIMFIX_RQ2_40_1/math/math_80_buggy && /usr/bin/timeout 120 /mnt/nfs/work1/brun/mmotwani/Defects4Java7/defects4j//framework/bin/defects4j compile
========
for(int i=0;i<c.length;++i){
 final double s=secondary[i];
squaredSecondary[i]=s*s;
}

========
COMMAND:cd /home/mmotwani/mywork1dir/Defects4Java7/defects4j/SIMFIX_RQ2_40_1/math/math_80_buggy && /usr/bin/timeout 120 /mnt/nfs/work1/brun/mmotwani/Defects4Java7/defects4j//framework/bin/defects4j compile
========
for(int i=0;i<squaredSecondary.length;++i){
random=s>>8;
 final double s=secondary[i];
squaredSecondary[i]=s*s;
}

========
COMMAND:cd /home/mmotwani/mywork1dir/Defects4Java7/defects4j/SIMFIX_RQ2_40_1/math/math_80_buggy && /usr/bin/timeout 120 /mnt/nfs/work1/brun/mmotwani/Defects4Java7/defects4j//framework/bin/defects4j compile
========
for(int i=0;i<p1.length;++i){
 final double s=secondary[i];
squaredSecondary[i]=s*s;
}

========
COMMAND:cd /home/mmotwani/mywork1dir/Defects4Java7/defects4j/SIMFIX_RQ2_40_1/math/math_80_buggy && /usr/bin/timeout 120 /mnt/nfs/work1/brun/mmotwani/Defects4Java7/defects4j//framework/bin/defects4j compile
========
for(int i=0;i<point.length;++i){
 final double s=secondary[i];
squaredSecondary[i]=s*s;
}

========
COMMAND:cd /home/mmotwani/mywork1dir/Defects4Java7/defects4j/SIMFIX_RQ2_40_1/math/math_80_buggy && /usr/bin/timeout 120 /mnt/nfs/work1/brun/mmotwani/Defects4Java7/defects4j//framework/bin/defects4j compile
========
for(int i=0;i<squaredSecondary.length;++i){
 final double s=secondary[i];
squaredSecondary[i]=s*searchDirection[i];
}

========
COMMAND:cd /home/mmotwani/mywork1dir/Defects4Java7/defects4j/SIMFIX_RQ2_40_1/math/math_80_buggy && /usr/bin/timeout 120 /mnt/nfs/work1/brun/mmotwani/Defects4Java7/defects4j//framework/bin/defects4j compile
========
for(int i=0;i<r.length;++i){
 final double s=secondary[i];
squaredSecondary[i]=s*s;
}

========
COMMAND:cd /home/mmotwani/mywork1dir/Defects4Java7/defects4j/SIMFIX_RQ2_40_1/math/math_80_buggy && /usr/bin/timeout 120 /mnt/nfs/work1/brun/mmotwani/Defects4Java7/defects4j//framework/bin/defects4j compile
========
for(int i=0;i<shiftedPoint.length;++i){
 final double s=secondary[i];
squaredSecondary[i]=s*s;
}

========
COMMAND:cd /home/mmotwani/mywork1dir/Defects4Java7/defects4j/SIMFIX_RQ2_40_1/math/math_80_buggy && /usr/bin/timeout 120 /mnt/nfs/work1/brun/mmotwani/Defects4Java7/defects4j//framework/bin/defects4j compile
========
for(int i=0;i<gradient.length;++i){
 final double s=secondary[i];
squaredSecondary[i]=s*s;
}

========
COMMAND:cd /home/mmotwani/mywork1dir/Defects4Java7/defects4j/SIMFIX_RQ2_40_1/math/math_80_buggy && /usr/bin/timeout 120 /mnt/nfs/work1/brun/mmotwani/Defects4Java7/defects4j//framework/bin/defects4j compile
========
for(int i=0;i<x.length;++i){
 final double s=secondary[i];
squaredSecondary[i]=s*s;
}

========
COMMAND:cd /home/mmotwani/mywork1dir/Defects4Java7/defects4j/SIMFIX_RQ2_40_1/math/math_80_buggy && /usr/bin/timeout 120 /mnt/nfs/work1/brun/mmotwani/Defects4Java7/defects4j//framework/bin/defects4j compile
========
for(int i=0;i<a.length;++i){
 final double s=secondary[i];
squaredSecondary[i]=s*s;
}

========
COMMAND:cd /home/mmotwani/mywork1dir/Defects4Java7/defects4j/SIMFIX_RQ2_40_1/math/math_80_buggy && /usr/bin/timeout 120 /mnt/nfs/work1/brun/mmotwani/Defects4Java7/defects4j//framework/bin/defects4j compile
========
for(int i=0;i<parameters.length;++i){
 final double s=secondary[i];
squaredSecondary[i]=s*s;
}

========
COMMAND:cd /home/mmotwani/mywork1dir/Defects4Java7/defects4j/SIMFIX_RQ2_40_1/math/math_80_buggy && /usr/bin/timeout 120 /mnt/nfs/work1/brun/mmotwani/Defects4Java7/defects4j//framework/bin/defects4j compile
========
for(int i=0;i<squaredSecondary.length;++i){
xn*=TOLERANCE;
 final double s=secondary[i];
squaredSecondary[i]=s*s;
}

========
COMMAND:cd /home/mmotwani/mywork1dir/Defects4Java7/defects4j/SIMFIX_RQ2_40_1/math/math_80_buggy && /usr/bin/timeout 120 /mnt/nfs/work1/brun/mmotwani/Defects4Java7/defects4j//framework/bin/defects4j compile
========
for(int i=0;i<xArray.length;++i){
 final double s=secondary[i];
squaredSecondary[i]=s*s;
}

========
COMMAND:cd /home/mmotwani/mywork1dir/Defects4Java7/defects4j/SIMFIX_RQ2_40_1/math/math_80_buggy && /usr/bin/timeout 120 /mnt/nfs/work1/brun/mmotwani/Defects4Java7/defects4j//framework/bin/defects4j compile
========
for(int i=0;i<diagonal.length;++i){
 final double s=secondary[i];
squaredSecondary[i]=s*s;
}

========
COMMAND:cd /home/mmotwani/mywork1dir/Defects4Java7/defects4j/SIMFIX_RQ2_40_1/math/math_80_buggy && /usr/bin/timeout 120 /mnt/nfs/work1/brun/mmotwani/Defects4Java7/defects4j//framework/bin/defects4j compile
========
for(int i=0;i<errors.length;++i){
 final double s=secondary[i];
squaredSecondary[i]=s*s;
}

========
COMMAND:cd /home/mmotwani/mywork1dir/Defects4Java7/defects4j/SIMFIX_RQ2_40_1/math/math_80_buggy && /usr/bin/timeout 120 /mnt/nfs/work1/brun/mmotwani/Defects4Java7/defects4j//framework/bin/defects4j compile
========
for(int i=0;i<sub.length;++i){
 final double s=secondary[i];
squaredSecondary[i]=s*s;
}

========
COMMAND:cd /home/mmotwani/mywork1dir/Defects4Java7/defects4j/SIMFIX_RQ2_40_1/math/math_80_buggy && /usr/bin/timeout 120 /mnt/nfs/work1/brun/mmotwani/Defects4Java7/defects4j//framework/bin/defects4j compile
========
for(int i=0;i<observed.length;++i){
 final double s=secondary[i];
squaredSecondary[i]=s*s;
}

========
COMMAND:cd /home/mmotwani/mywork1dir/Defects4Java7/defects4j/SIMFIX_RQ2_40_1/math/math_80_buggy && /usr/bin/timeout 120 /mnt/nfs/work1/brun/mmotwani/Defects4Java7/defects4j//framework/bin/defects4j compile
========
for(int i=0;i<observed1.length;++i){
 final double s=secondary[i];
squaredSecondary[i]=s*s;
}

========
COMMAND:cd /home/mmotwani/mywork1dir/Defects4Java7/defects4j/SIMFIX_RQ2_40_1/math/math_80_buggy && /usr/bin/timeout 120 /mnt/nfs/work1/brun/mmotwani/Defects4Java7/defects4j//framework/bin/defects4j compile
========
for(int i=0;i<in.length;++i){
 final double s=secondary[i];
squaredSecondary[i]=s*s;
}

========
COMMAND:cd /home/mmotwani/mywork1dir/Defects4Java7/defects4j/SIMFIX_RQ2_40_1/math/math_80_buggy && /usr/bin/timeout 120 /mnt/nfs/work1/brun/mmotwani/Defects4Java7/defects4j//framework/bin/defects4j compile
========
for(int i=0;i<=squaredSecondary.length;++i){
 final double s=secondary[i];
squaredSecondary[i]=s*s;
}

========
COMMAND:cd /home/mmotwani/mywork1dir/Defects4Java7/defects4j/SIMFIX_RQ2_40_1/math/math_80_buggy && /usr/bin/timeout 120 /mnt/nfs/work1/brun/mmotwani/Defects4Java7/defects4j//framework/bin/defects4j compile
FAILED TEST:org.apache.commons.math.linear.EigenDecompositionImplTest::testMathpbx02
COUNT THESE===> Subject [_name=math, _id=80, _ssrc=/src/main/java, _tsrc=/src/test/java, _sbin=/target/classes, _tbin=/target/test-classes, _dependency=null] org.apache.commons.math.linear.EigenDecompositionImplTest testMathpbx02
TESTING : org.apache.commons.math.linear.EigenDecompositionImplTest::testMathpbx02
COMMAND:cd /home/mmotwani/mywork1dir/Defects4Java7/defects4j/SIMFIX_RQ2_40_1/math/math_80_buggy && /usr/bin/timeout 30 /mnt/nfs/work1/brun/mmotwani/Defects4Java7/defects4j//framework/bin/defects4j test -t org.apache.commons.math.linear.EigenDecompositionImplTest::testMathpbx02
  - org.apache.commons.math.linear.EigenDecompositionImplTest::testMathpbx02
Failing tests: 1
Running ant (run.dev.tests)................................................ OK
Running ant (compile.tests)................................................ OK
========
for(int i=0;i<=length;++i){
 final double s=secondary[i];
squaredSecondary[i]=s*s;
}

========
COMMAND:cd /home/mmotwani/mywork1dir/Defects4Java7/defects4j/SIMFIX_RQ2_40_1/math/math_80_buggy && /usr/bin/timeout 120 /mnt/nfs/work1/brun/mmotwani/Defects4Java7/defects4j//framework/bin/defects4j compile
========
for(int i=0;i<weights.length;++i){
 final double s=secondary[i];
squaredSecondary[i]=s*s;
}

========
COMMAND:cd /home/mmotwani/mywork1dir/Defects4Java7/defects4j/SIMFIX_RQ2_40_1/math/math_80_buggy && /usr/bin/timeout 120 /mnt/nfs/work1/brun/mmotwani/Defects4Java7/defects4j//framework/bin/defects4j compile
========
for(int i=0;i<special.length;++i){
 final double s=secondary[i];
squaredSecondary[i]=s*s;
}

========
COMMAND:cd /home/mmotwani/mywork1dir/Defects4Java7/defects4j/SIMFIX_RQ2_40_1/math/math_80_buggy && /usr/bin/timeout 120 /mnt/nfs/work1/brun/mmotwani/Defects4Java7/defects4j//framework/bin/defects4j compile
========
for(int i=0;i<jacobian.length;++i){
 final double s=secondary[i];
squaredSecondary[i]=s*s;
}

========
COMMAND:cd /home/mmotwani/mywork1dir/Defects4Java7/defects4j/SIMFIX_RQ2_40_1/math/math_80_buggy && /usr/bin/timeout 120 /mnt/nfs/work1/brun/mmotwani/Defects4Java7/defects4j//framework/bin/defects4j compile
========
for(int i=0;i<squaredSecondary.length;++i){
sumSquares+=weights[i]*s;
 final double s=secondary[i];
squaredSecondary[i]=s*s;
}

========
COMMAND:cd /home/mmotwani/mywork1dir/Defects4Java7/defects4j/SIMFIX_RQ2_40_1/math/math_80_buggy && /usr/bin/timeout 120 /mnt/nfs/work1/brun/mmotwani/Defects4Java7/defects4j//framework/bin/defects4j compile
========
for(int i=0;i<lTData.length;++i){
 final double s=secondary[i];
squaredSecondary[i]=s*s;
}

========
COMMAND:cd /home/mmotwani/mywork1dir/Defects4Java7/defects4j/SIMFIX_RQ2_40_1/math/math_80_buggy && /usr/bin/timeout 120 /mnt/nfs/work1/brun/mmotwani/Defects4Java7/defects4j//framework/bin/defects4j compile
========
for(int i=0;i<realEigenvalues.length;++i){
 final double s=secondary[i];
squaredSecondary[i]=s*s;
}

========
COMMAND:cd /home/mmotwani/mywork1dir/Defects4Java7/defects4j/SIMFIX_RQ2_40_1/math/math_80_buggy && /usr/bin/timeout 120 /mnt/nfs/work1/brun/mmotwani/Defects4Java7/defects4j//framework/bin/defects4j compile
FAILED TEST:org.apache.commons.math.linear.EigenDecompositionImplTest::testMathpbx02
COUNT THESE===> Subject [_name=math, _id=80, _ssrc=/src/main/java, _tsrc=/src/test/java, _sbin=/target/classes, _tbin=/target/test-classes, _dependency=null] org.apache.commons.math.linear.EigenDecompositionImplTest testMathpbx02
TESTING : org.apache.commons.math.linear.EigenDecompositionImplTest::testMathpbx02
COMMAND:cd /home/mmotwani/mywork1dir/Defects4Java7/defects4j/SIMFIX_RQ2_40_1/math/math_80_buggy && /usr/bin/timeout 30 /mnt/nfs/work1/brun/mmotwani/Defects4Java7/defects4j//framework/bin/defects4j test -t org.apache.commons.math.linear.EigenDecompositionImplTest::testMathpbx02
  - org.apache.commons.math.linear.EigenDecompositionImplTest::testMathpbx02
Failing tests: 1
Running ant (run.dev.tests)................................................ OK
Running ant (compile.tests)................................................ OK
========
for(int i=0;i<simplex.length;++i){
 final double s=secondary[i];
squaredSecondary[i]=s*s;
}

========
COMMAND:cd /home/mmotwani/mywork1dir/Defects4Java7/defects4j/SIMFIX_RQ2_40_1/math/math_80_buggy && /usr/bin/timeout 120 /mnt/nfs/work1/brun/mmotwani/Defects4Java7/defects4j//framework/bin/defects4j compile
========
if((s+pingPong)>internalArray.length){
expandTo(startIndex+i);
}
for(int i=0;i<squaredSecondary.length;++i){
 final double s=secondary[i];
squaredSecondary[i]=s*s;
}

========
COMMAND:cd /home/mmotwani/mywork1dir/Defects4Java7/defects4j/SIMFIX_RQ2_40_1/math/math_80_buggy && /usr/bin/timeout 120 /mnt/nfs/work1/brun/mmotwani/Defects4Java7/defects4j//framework/bin/defects4j compile
========
pingPong=pingPong;
for(int i=0;i<squaredSecondary.length;++i){
 final double s=secondary[i];
squaredSecondary[i]=s*s;
}

========
COMMAND:cd /home/mmotwani/mywork1dir/Defects4Java7/defects4j/SIMFIX_RQ2_40_1/math/math_80_buggy && /usr/bin/timeout 120 /mnt/nfs/work1/brun/mmotwani/Defects4Java7/defects4j//framework/bin/defects4j compile
FAILED TEST:org.apache.commons.math.linear.EigenDecompositionImplTest::testMathpbx02
COUNT THESE===> Subject [_name=math, _id=80, _ssrc=/src/main/java, _tsrc=/src/test/java, _sbin=/target/classes, _tbin=/target/test-classes, _dependency=null] org.apache.commons.math.linear.EigenDecompositionImplTest testMathpbx02
TESTING : org.apache.commons.math.linear.EigenDecompositionImplTest::testMathpbx02
COMMAND:cd /home/mmotwani/mywork1dir/Defects4Java7/defects4j/SIMFIX_RQ2_40_1/math/math_80_buggy && /usr/bin/timeout 30 /mnt/nfs/work1/brun/mmotwani/Defects4Java7/defects4j//framework/bin/defects4j test -t org.apache.commons.math.linear.EigenDecompositionImplTest::testMathpbx02
  - org.apache.commons.math.linear.EigenDecompositionImplTest::testMathpbx02
Failing tests: 1
Running ant (run.dev.tests)................................................ OK
Running ant (compile.tests)................................................ OK
========
for(int i=0;i<random.length;++i){
 final double s=secondary[i];
squaredSecondary[i]=s*s;
}

========
COMMAND:cd /home/mmotwani/mywork1dir/Defects4Java7/defects4j/SIMFIX_RQ2_40_1/math/math_80_buggy && /usr/bin/timeout 120 /mnt/nfs/work1/brun/mmotwani/Defects4Java7/defects4j//framework/bin/defects4j compile
========
for(int i=0;i<wm.length;++i){
 final double s=secondary[i];
squaredSecondary[i]=s*s;
}

========
COMMAND:cd /home/mmotwani/mywork1dir/Defects4Java7/defects4j/SIMFIX_RQ2_40_1/math/math_80_buggy && /usr/bin/timeout 120 /mnt/nfs/work1/brun/mmotwani/Defects4Java7/defects4j//framework/bin/defects4j compile
========
for(int i=pingPong;i<squaredSecondary.length;++i){
 final double s=secondary[i];
squaredSecondary[i]=s*s;
}

========
COMMAND:cd /home/mmotwani/mywork1dir/Defects4Java7/defects4j/SIMFIX_RQ2_40_1/math/math_80_buggy && /usr/bin/timeout 120 /mnt/nfs/work1/brun/mmotwani/Defects4Java7/defects4j//framework/bin/defects4j compile
FAILED TEST:org.apache.commons.math.linear.EigenDecompositionImplTest::testMathpbx02
COUNT THESE===> Subject [_name=math, _id=80, _ssrc=/src/main/java, _tsrc=/src/test/java, _sbin=/target/classes, _tbin=/target/test-classes, _dependency=null] org.apache.commons.math.linear.EigenDecompositionImplTest testMathpbx02
TESTING : org.apache.commons.math.linear.EigenDecompositionImplTest::testMathpbx02
COMMAND:cd /home/mmotwani/mywork1dir/Defects4Java7/defects4j/SIMFIX_RQ2_40_1/math/math_80_buggy && /usr/bin/timeout 30 /mnt/nfs/work1/brun/mmotwani/Defects4Java7/defects4j//framework/bin/defects4j test -t org.apache.commons.math.linear.EigenDecompositionImplTest::testMathpbx02
  - org.apache.commons.math.linear.EigenDecompositionImplTest::testMathpbx02
Failing tests: 1
Running ant (run.dev.tests)................................................ OK
Running ant (compile.tests)................................................ OK
========
for(int i=pingPong;i<length;++i){
 final double s=secondary[i];
squaredSecondary[i]=s*s;
}

========
COMMAND:cd /home/mmotwani/mywork1dir/Defects4Java7/defects4j/SIMFIX_RQ2_40_1/math/math_80_buggy && /usr/bin/timeout 120 /mnt/nfs/work1/brun/mmotwani/Defects4Java7/defects4j//framework/bin/defects4j compile
========
for(int i=0;i<interpolatedState.length;++i){
 final double s=secondary[i];
squaredSecondary[i]=s*s;
}

========
COMMAND:cd /home/mmotwani/mywork1dir/Defects4Java7/defects4j/SIMFIX_RQ2_40_1/math/math_80_buggy && /usr/bin/timeout 120 /mnt/nfs/work1/brun/mmotwani/Defects4Java7/defects4j//framework/bin/defects4j compile
========
for(int i=0;i<blocks.length;++i){
 final double s=secondary[i];
squaredSecondary[i]=s*s;
}

========
COMMAND:cd /home/mmotwani/mywork1dir/Defects4Java7/defects4j/SIMFIX_RQ2_40_1/math/math_80_buggy && /usr/bin/timeout 120 /mnt/nfs/work1/brun/mmotwani/Defects4Java7/defects4j//framework/bin/defects4j compile
========
for(int i=0;i<squaredSecondary.length;++i){
 final double s=secondary[i];
if(s==0){
throw new SingularMatrixException();
}
squaredSecondary[i]=s*s;
}

========
COMMAND:cd /home/mmotwani/mywork1dir/Defects4Java7/defects4j/SIMFIX_RQ2_40_1/math/math_80_buggy && /usr/bin/timeout 120 /mnt/nfs/work1/brun/mmotwani/Defects4Java7/defects4j//framework/bin/defects4j compile
FAILED TEST:org.apache.commons.math.linear.EigenDecompositionImplTest::testMathpbx02
COUNT THESE===> Subject [_name=math, _id=80, _ssrc=/src/main/java, _tsrc=/src/test/java, _sbin=/target/classes, _tbin=/target/test-classes, _dependency=null] org.apache.commons.math.linear.EigenDecompositionImplTest testMathpbx02
TESTING : org.apache.commons.math.linear.EigenDecompositionImplTest::testMathpbx02
COMMAND:cd /home/mmotwani/mywork1dir/Defects4Java7/defects4j/SIMFIX_RQ2_40_1/math/math_80_buggy && /usr/bin/timeout 30 /mnt/nfs/work1/brun/mmotwani/Defects4Java7/defects4j//framework/bin/defects4j test -t org.apache.commons.math.linear.EigenDecompositionImplTest::testMathpbx02
  - org.apache.commons.math.linear.EigenDecompositionImplTest::testMathpbx02
Failing tests: 1
Running ant (run.dev.tests)................................................ OK
Running ant (compile.tests)................................................ OK
========
for(int i=0;i<singularValues.length;++i){
 final double s=secondary[i];
if(s==0){
throw new SingularMatrixException();
}
squaredSecondary[i]=s*s;
}

========
COMMAND:cd /home/mmotwani/mywork1dir/Defects4Java7/defects4j/SIMFIX_RQ2_40_1/math/math_80_buggy && /usr/bin/timeout 120 /mnt/nfs/work1/brun/mmotwani/Defects4Java7/defects4j//framework/bin/defects4j compile
========
TOLERANCE=TOLERANCE;
for(int i=0;i<squaredSecondary.length;++i){
 final double s=secondary[i];
squaredSecondary[i]=s*s;
}

========
COMMAND:cd /home/mmotwani/mywork1dir/Defects4Java7/defects4j/SIMFIX_RQ2_40_1/math/math_80_buggy && /usr/bin/timeout 120 /mnt/nfs/work1/brun/mmotwani/Defects4Java7/defects4j//framework/bin/defects4j compile
========
if(i>=polynomials.length){
i--;
}
for(int i=0;i<squaredSecondary.length;++i){
 final double s=secondary[i];
squaredSecondary[i]=s*s;
}

========
COMMAND:cd /home/mmotwani/mywork1dir/Defects4Java7/defects4j/SIMFIX_RQ2_40_1/math/math_80_buggy && /usr/bin/timeout 120 /mnt/nfs/work1/brun/mmotwani/Defects4Java7/defects4j//framework/bin/defects4j compile
========
for(int i=0;i<polynoms.length;++i){
 final double s=secondary[i];
squaredSecondary[i]=s*s;
}

========
COMMAND:cd /home/mmotwani/mywork1dir/Defects4Java7/defects4j/SIMFIX_RQ2_40_1/math/math_80_buggy && /usr/bin/timeout 120 /mnt/nfs/work1/brun/mmotwani/Defects4Java7/defects4j//framework/bin/defects4j compile
========
for(int i=length;i<squaredSecondary.length;++i){
 final double s=secondary[i];
squaredSecondary[i]=s*s;
}

========
COMMAND:cd /home/mmotwani/mywork1dir/Defects4Java7/defects4j/SIMFIX_RQ2_40_1/math/math_80_buggy && /usr/bin/timeout 120 /mnt/nfs/work1/brun/mmotwani/Defects4Java7/defects4j//framework/bin/defects4j compile
========
for(int i=0;i<s;++i){
 final double s=secondary[i];
squaredSecondary[i]=s*s;
}

========
COMMAND:cd /home/mmotwani/mywork1dir/Defects4Java7/defects4j/SIMFIX_RQ2_40_1/math/math_80_buggy && /usr/bin/timeout 120 /mnt/nfs/work1/brun/mmotwani/Defects4Java7/defects4j//framework/bin/defects4j compile
========
for(int i=pingPong;i<jacobian.length;++i){
 final double s=secondary[i];
squaredSecondary[i]=s*s;
}

========
COMMAND:cd /home/mmotwani/mywork1dir/Defects4Java7/defects4j/SIMFIX_RQ2_40_1/math/math_80_buggy && /usr/bin/timeout 120 /mnt/nfs/work1/brun/mmotwani/Defects4Java7/defects4j//framework/bin/defects4j compile
========
for(int i=0;i<pingPong+length;++i){
 final double s=secondary[i];
squaredSecondary[i]=s*s;
}

========
COMMAND:cd /home/mmotwani/mywork1dir/Defects4Java7/defects4j/SIMFIX_RQ2_40_1/math/math_80_buggy && /usr/bin/timeout 120 /mnt/nfs/work1/brun/mmotwani/Defects4Java7/defects4j//framework/bin/defects4j compile
========
for(int i=pingPong;i<pingPong+length;++i){
 final double s=secondary[i];
squaredSecondary[i]=s*s;
}

========
COMMAND:cd /home/mmotwani/mywork1dir/Defects4Java7/defects4j/SIMFIX_RQ2_40_1/math/math_80_buggy && /usr/bin/timeout 120 /mnt/nfs/work1/brun/mmotwani/Defects4Java7/defects4j//framework/bin/defects4j compile
========
for(int i=0;i<root.length;++i){
 final double s=secondary[i];
squaredSecondary[i]=s*s;
}

========
COMMAND:cd /home/mmotwani/mywork1dir/Defects4Java7/defects4j/SIMFIX_RQ2_40_1/math/math_80_buggy && /usr/bin/timeout 120 /mnt/nfs/work1/brun/mmotwani/Defects4Java7/defects4j//framework/bin/defects4j compile
========
for(int i=0;i<dx2.length;++i){
 final double s=secondary[i];
squaredSecondary[i]=s*s;
}

========
COMMAND:cd /home/mmotwani/mywork1dir/Defects4Java7/defects4j/SIMFIX_RQ2_40_1/math/math_80_buggy && /usr/bin/timeout 120 /mnt/nfs/work1/brun/mmotwani/Defects4Java7/defects4j//framework/bin/defects4j compile
========
for(int i=0;i<scale.length;++i){
 final double s=secondary[i];
squaredSecondary[i]=s*s;
}

========
COMMAND:cd /home/mmotwani/mywork1dir/Defects4Java7/defects4j/SIMFIX_RQ2_40_1/math/math_80_buggy && /usr/bin/timeout 120 /mnt/nfs/work1/brun/mmotwani/Defects4Java7/defects4j//framework/bin/defects4j compile
========
for(int i=0;i<secondary.length;++i){
 final double s=secondary[i];
squaredSecondary[i]=s*s;
}

========
COMMAND:cd /home/mmotwani/mywork1dir/Defects4Java7/defects4j/SIMFIX_RQ2_40_1/math/math_80_buggy && /usr/bin/timeout 120 /mnt/nfs/work1/brun/mmotwani/Defects4Java7/defects4j//framework/bin/defects4j compile
FAILED TEST:org.apache.commons.math.linear.EigenDecompositionImplTest::testMathpbx02
COUNT THESE===> Subject [_name=math, _id=80, _ssrc=/src/main/java, _tsrc=/src/test/java, _sbin=/target/classes, _tbin=/target/test-classes, _dependency=null] org.apache.commons.math.linear.EigenDecompositionImplTest testMathpbx02
TESTING : org.apache.commons.math.linear.EigenDecompositionImplTest::testMathpbx02
COMMAND:cd /home/mmotwani/mywork1dir/Defects4Java7/defects4j/SIMFIX_RQ2_40_1/math/math_80_buggy && /usr/bin/timeout 30 /mnt/nfs/work1/brun/mmotwani/Defects4Java7/defects4j//framework/bin/defects4j test -t org.apache.commons.math.linear.EigenDecompositionImplTest::testMathpbx02
  - org.apache.commons.math.linear.EigenDecompositionImplTest::testMathpbx02
Failing tests: 1
Running ant (run.dev.tests)................................................ OK
Running ant (compile.tests)................................................ OK
========
for(int i=0;i<squaredSecondary.length;++i){
absDCurrent=Math.abs(secondary[i+1]);
 final double s=secondary[i];
squaredSecondary[i]=s*s;
}

========
COMMAND:cd /home/mmotwani/mywork1dir/Defects4Java7/defects4j/SIMFIX_RQ2_40_1/math/math_80_buggy && /usr/bin/timeout 120 /mnt/nfs/work1/brun/mmotwani/Defects4Java7/defects4j//framework/bin/defects4j compile
========
for(int i=pingPong;i<s;++i){
 final double s=secondary[i];
squaredSecondary[i]=s*s;
}

========
COMMAND:cd /home/mmotwani/mywork1dir/Defects4Java7/defects4j/SIMFIX_RQ2_40_1/math/math_80_buggy && /usr/bin/timeout 120 /mnt/nfs/work1/brun/mmotwani/Defects4Java7/defects4j//framework/bin/defects4j compile
========
for(int i=0;i<=s;++i){
 final double s=secondary[i];
squaredSecondary[i]=s*s;
}

========
COMMAND:cd /home/mmotwani/mywork1dir/Defects4Java7/defects4j/SIMFIX_RQ2_40_1/math/math_80_buggy && /usr/bin/timeout 120 /mnt/nfs/work1/brun/mmotwani/Defects4Java7/defects4j//framework/bin/defects4j compile
========
for(int i=0;i<pingPong;++i){
 final double s=secondary[i];
squaredSecondary[i]=s*s;
}

========
COMMAND:cd /home/mmotwani/mywork1dir/Defects4Java7/defects4j/SIMFIX_RQ2_40_1/math/math_80_buggy && /usr/bin/timeout 120 /mnt/nfs/work1/brun/mmotwani/Defects4Java7/defects4j//framework/bin/defects4j compile
FAILED TEST:org.apache.commons.math.linear.EigenDecompositionImplTest::testMathpbx02
COUNT THESE===> Subject [_name=math, _id=80, _ssrc=/src/main/java, _tsrc=/src/test/java, _sbin=/target/classes, _tbin=/target/test-classes, _dependency=null] org.apache.commons.math.linear.EigenDecompositionImplTest testMathpbx02
TESTING : org.apache.commons.math.linear.EigenDecompositionImplTest::testMathpbx02
COMMAND:cd /home/mmotwani/mywork1dir/Defects4Java7/defects4j/SIMFIX_RQ2_40_1/math/math_80_buggy && /usr/bin/timeout 30 /mnt/nfs/work1/brun/mmotwani/Defects4Java7/defects4j//framework/bin/defects4j test -t org.apache.commons.math.linear.EigenDecompositionImplTest::testMathpbx02
  - org.apache.commons.math.linear.EigenDecompositionImplTest::testMathpbx02
Failing tests: 1
Running ant (run.dev.tests)................................................ OK
Running ant (compile.tests)................................................ OK
========
for(int i=0;i<=pingPong;++i){
 final double s=secondary[i];
squaredSecondary[i]=s*s;
}

========
COMMAND:cd /home/mmotwani/mywork1dir/Defects4Java7/defects4j/SIMFIX_RQ2_40_1/math/math_80_buggy && /usr/bin/timeout 120 /mnt/nfs/work1/brun/mmotwani/Defects4Java7/defects4j//framework/bin/defects4j compile
FAILED TEST:org.apache.commons.math.linear.EigenDecompositionImplTest::testMathpbx02
COUNT THESE===> Subject [_name=math, _id=80, _ssrc=/src/main/java, _tsrc=/src/test/java, _sbin=/target/classes, _tbin=/target/test-classes, _dependency=null] org.apache.commons.math.linear.EigenDecompositionImplTest testMathpbx02
TESTING : org.apache.commons.math.linear.EigenDecompositionImplTest::testMathpbx02
COMMAND:cd /home/mmotwani/mywork1dir/Defects4Java7/defects4j/SIMFIX_RQ2_40_1/math/math_80_buggy && /usr/bin/timeout 30 /mnt/nfs/work1/brun/mmotwani/Defects4Java7/defects4j//framework/bin/defects4j test -t org.apache.commons.math.linear.EigenDecompositionImplTest::testMathpbx02
  - org.apache.commons.math.linear.EigenDecompositionImplTest::testMathpbx02
Failing tests: 1
Running ant (run.dev.tests)................................................ OK
Running ant (compile.tests)................................................ OK
========
s/=squaredSecondary[pingPong];
for(int i=0;i<squaredSecondary.length;++i){
 final double s=secondary[i];
squaredSecondary[i]=s*s;
}

========
COMMAND:cd /home/mmotwani/mywork1dir/Defects4Java7/defects4j/SIMFIX_RQ2_40_1/math/math_80_buggy && /usr/bin/timeout 120 /mnt/nfs/work1/brun/mmotwani/Defects4Java7/defects4j//framework/bin/defects4j compile
========
for(int i=0;i<squaredSecondary.length;++i){
if(s==0){
throw new SingularMatrixException();
}
 final double s=secondary[i];
squaredSecondary[i]=s*s;
}

========
COMMAND:cd /home/mmotwani/mywork1dir/Defects4Java7/defects4j/SIMFIX_RQ2_40_1/math/math_80_buggy && /usr/bin/timeout 120 /mnt/nfs/work1/brun/mmotwani/Defects4Java7/defects4j//framework/bin/defects4j compile
========
s=Math.round(TOLERANCE);
for(int i=0;i<squaredSecondary.length;++i){
 final double s=secondary[i];
squaredSecondary[i]=s*s;
}

========
COMMAND:cd /home/mmotwani/mywork1dir/Defects4Java7/defects4j/SIMFIX_RQ2_40_1/math/math_80_buggy && /usr/bin/timeout 120 /mnt/nfs/work1/brun/mmotwani/Defects4Java7/defects4j//framework/bin/defects4j compile
========
for(int i=0;i<multistep.length;++i){
 final double s=secondary[i];
squaredSecondary[i]=s*s;
}

========
COMMAND:cd /home/mmotwani/mywork1dir/Defects4Java7/defects4j/SIMFIX_RQ2_40_1/math/math_80_buggy && /usr/bin/timeout 120 /mnt/nfs/work1/brun/mmotwani/Defects4Java7/defects4j//framework/bin/defects4j compile
========
pingPong++;
for(int i=0;i<squaredSecondary.length;++i){
 final double s=secondary[i];
squaredSecondary[i]=s*s;
}

========
COMMAND:cd /home/mmotwani/mywork1dir/Defects4Java7/defects4j/SIMFIX_RQ2_40_1/math/math_80_buggy && /usr/bin/timeout 120 /mnt/nfs/work1/brun/mmotwani/Defects4Java7/defects4j//framework/bin/defects4j compile
FAILED TEST:org.apache.commons.math.linear.EigenDecompositionImplTest::testMathpbx02
COUNT THESE===> Subject [_name=math, _id=80, _ssrc=/src/main/java, _tsrc=/src/test/java, _sbin=/target/classes, _tbin=/target/test-classes, _dependency=null] org.apache.commons.math.linear.EigenDecompositionImplTest testMathpbx02
TESTING : org.apache.commons.math.linear.EigenDecompositionImplTest::testMathpbx02
COMMAND:cd /home/mmotwani/mywork1dir/Defects4Java7/defects4j/SIMFIX_RQ2_40_1/math/math_80_buggy && /usr/bin/timeout 30 /mnt/nfs/work1/brun/mmotwani/Defects4Java7/defects4j//framework/bin/defects4j test -t org.apache.commons.math.linear.EigenDecompositionImplTest::testMathpbx02
Failing tests: 0
TESTING : math_80
COMMAND:cd /home/mmotwani/mywork1dir/Defects4Java7/defects4j/SIMFIX_RQ2_40_1/math/math_80_buggy && /usr/bin/timeout 600 /mnt/nfs/work1/brun/mmotwani/Defects4Java7/defects4j//framework/bin/defects4j test
Failing tests: 0
Successfully repair!
