java version "1.7.0_231"
OpenJDK Runtime Environment (rhel-2.6.19.1.el7_6-x86_64 u231-b01)
OpenJDK 64-Bit Server VM (build 24.231-b01, mixed mode)
Check out 82c5e4f9 to /mnt/nfs/work1/brun/mmotwani/Defects4Java7/defects4j/ OK
Init local repository...................................................... OK
Tag post-fix revision...................................................... OK
Initialize fixed program version........................................... OK
Apply patch................................................................ OK
Initialize buggy program version........................................... OK
Diff 82c5e4f9:a92450e8..................................................... OK
Apply patch................................................................ OK
Tag pre-fix revision....................................................... OK
Check out program version: Time-19b........................................ OK
Running ant (compile)...................................................... OK
Running ant (compile.tests)................................................ OK
Running ant (compile.tests)................................................ OK
Running ant (run.dev.tests)................................................ OK
Failing tests: 1
  - org.joda.time.TestDateTimeZoneCutover::testDateTimeCreation_london
/home/mmotwani/mywork1dir/Defects4Java7/defects4j/SIMFIX_RQ2_20_3
PURIFY IS FALSE
=================================================
Project : time_19	start : 19/10/16 10:33

readFailedTest: path is /mnt/nfs/work1/brun/mmotwani/SimFix/d4j-info/failed_tests/time/19.txt#ATTEMPTS: 1

# FAILING TESTS: 1
TIMEOUT : 18000000
===========
locations= [<org.joda.time.DateTimeZone,882>, <org.joda.time.DateTimeZone,884>, <org.joda.time.DateTimeZone,885>, <org.joda.time.DateTimeZone,887>, <org.joda.time.DateTimeZone,900>, <org.joda.time.DateTimeZone,910>, <org.joda.time.tz.CachedDateTimeZone,170>, <org.joda.time.tz.CachedDateTimeZone,171>, <org.joda.time.tz.CachedDateTimeZone,172>, <org.joda.time.chrono.AssembledChronology,107>, <org.joda.time.chrono.AssembledChronology,108>, <org.joda.time.chrono.AssembledChronology,131>, <org.joda.time.chrono.AssembledChronology,133>, <org.joda.time.chrono.BasicChronology,167>, <org.joda.time.chrono.BasicChronology,172>, <org.joda.time.chrono.BasicChronology,173>, <org.joda.time.chrono.BasicChronology,174>, <org.joda.time.chrono.BasicChronology,175>, <org.joda.time.chrono.BasicChronology,177>, <org.joda.time.chrono.BasicChronology,435>, <org.joda.time.chrono.BasicChronology,603>, <org.joda.time.chrono.BasicChronology,604>, <org.joda.time.chrono.BasicChronology,605>, <org.joda.time.chrono.BasicChronology,606>, <org.joda.time.chrono.BasicChronology,682>, <org.joda.time.field.PreciseDurationDateTimeField,126>, <org.joda.time.field.PreciseDurationDateTimeField,127>, <org.joda.time.DateTimeFieldType,480>, <org.joda.time.DateTimeFieldType,482>, <org.joda.time.DateTimeFieldType,492>, <org.joda.time.DateTimeFieldType,496>, <org.joda.time.DateTimeFieldType,498>, <org.joda.time.DateTimeFieldType,516>, <org.joda.time.DateTimeFieldType,520>, <org.joda.time.DateTimeFieldType,522>, <org.joda.time.DateTimeFieldType,524>, <org.joda.time.chrono.BasicMonthOfYearDateTimeField,72>, <org.joda.time.base.AbstractInstant,424>, <org.joda.time.base.BaseDateTime,223>, <org.joda.time.base.BaseDateTime,225>, <org.joda.time.base.BaseDateTime,252>, <org.joda.time.base.BaseDateTime,253>, <org.joda.time.base.BaseDateTime,254>, <org.joda.time.base.BaseDateTime,256>, <org.joda.time.base.BaseDateTime,257>, <org.joda.time.base.BaseDateTime,284>, <org.joda.time.DateTime,331>, <org.joda.time.DateTime,333>, <org.joda.time.DateTimeUtils,146>, <org.joda.time.DateTimeUtils,149>, <org.joda.time.DateTimeUtils,164>, <org.joda.time.DateTimeUtils,167>, <org.joda.time.DateTimeUtils,168>, <org.joda.time.DateTimeUtils,171>, <org.joda.time.field.FieldUtils,232>, <org.joda.time.field.FieldUtils,237>, <org.joda.time.chrono.ZonedChronology,119>, <org.joda.time.chrono.ZonedChronology,139>, <org.joda.time.chrono.ZonedChronology,140>, <org.joda.time.chrono.ZonedChronology,141>, <org.joda.time.chrono.ZonedChronology,142>, <org.joda.time.chrono.ZonedChronology,147>, <org.joda.time.chrono.ISOChronology,96>, <org.joda.time.chrono.ISOChronology,99>, <org.joda.time.chrono.ISOChronology,100>, <org.joda.time.chrono.ISOChronology,101>, <org.joda.time.chrono.ISOChronology,104>, <org.joda.time.chrono.ISOChronology,105>, <org.joda.time.chrono.ISOChronology,106>, <org.joda.time.chrono.ISOChronology,107>, <org.joda.time.chrono.ISOChronology,108>, <org.joda.time.chrono.ISOChronology,110>, <org.joda.time.chrono.ISOChronology,111>, <org.joda.time.chrono.ISOChronology,112>, <org.joda.time.chrono.ISOChronology,133>, <org.joda.time.chrono.BasicGJChronology,121>, <org.joda.time.chrono.BasicGJChronology,140>, <org.joda.time.chrono.BasicGJChronology,190>, <org.joda.time.chrono.GregorianChronology,213>, <org.joda.time.tz.CachedDateTimeZone,210>, <org.joda.time.format.DateTimeFormatterBuilder,83>, <org.joda.time.format.DateTimeFormatterBuilder,84>, <org.joda.time.format.DateTimeFormatterBuilder,85>, <org.joda.time.format.DateTimeFormatterBuilder,104>, <org.joda.time.format.DateTimeFormatterBuilder,105>, <org.joda.time.format.DateTimeFormatterBuilder,106>, <org.joda.time.format.DateTimeFormatterBuilder,107>, <org.joda.time.format.DateTimeFormatterBuilder,109>, <org.joda.time.format.DateTimeFormatterBuilder,110>, <org.joda.time.format.DateTimeFormatterBuilder,111>, <org.joda.time.format.DateTimeFormatterBuilder,113>, <org.joda.time.format.DateTimeFormatterBuilder,114>, <org.joda.time.format.DateTimeFormatterBuilder,209>, <org.joda.time.format.DateTimeFormatterBuilder,212>, <org.joda.time.format.DateTimeFormatterBuilder,336>, <org.joda.time.format.DateTimeFormatterBuilder,338>, <org.joda.time.format.DateTimeFormatterBuilder,339>, <org.joda.time.format.DateTimeFormatterBuilder,340>, <org.joda.time.format.DateTimeFormatterBuilder,345>, <org.joda.time.format.DateTimeFormatterBuilder,346>, <org.joda.time.format.DateTimeFormatterBuilder,347>, <org.joda.time.format.DateTimeFormatterBuilder,348>, <org.joda.time.format.DateTimeFormatterBuilder,359>, <org.joda.time.format.DateTimeFormatterBuilder,396>, <org.joda.time.format.DateTimeFormatterBuilder,399>, <org.joda.time.format.DateTimeFormatterBuilder,402>, <org.joda.time.format.DateTimeFormatterBuilder,405>, <org.joda.time.format.DateTimeFormatterBuilder,408>, <org.joda.time.format.DateTimeFormatterBuilder,448>, <org.joda.time.format.DateTimeFormatterBuilder,451>, <org.joda.time.format.DateTimeFormatterBuilder,454>, <org.joda.time.format.DateTimeFormatterBuilder,457>, <org.joda.time.format.DateTimeFormatterBuilder,460>, <org.joda.time.format.DateTimeFormatterBuilder,532>, <org.joda.time.format.DateTimeFormatterBuilder,535>, <org.joda.time.format.DateTimeFormatterBuilder,538>, <org.joda.time.format.DateTimeFormatterBuilder,541>, <org.joda.time.format.DateTimeFormatterBuilder,559>, <org.joda.time.format.DateTimeFormatterBuilder,647>, <org.joda.time.format.DateTimeFormatterBuilder,667>, <org.joda.time.format.DateTimeFormatterBuilder,687>, <org.joda.time.format.DateTimeFormatterBuilder,737>, <org.joda.time.format.DateTimeFormatterBuilder,779>, <org.joda.time.format.DateTimeFormatterBuilder,791>, <org.joda.time.format.DateTimeFormatterBuilder,1053>, <org.joda.time.format.DateTimeFormatterBuilder,1100>, <org.joda.time.format.DateTimeFormatterBuilder,1102>, <org.joda.time.format.DateTimeFormatterBuilder,1103>, <org.joda.time.format.DateTimeFormatterBuilder,1104>, <org.joda.time.format.DateTimeFormatterBuilder,1105>, <org.joda.time.format.DateTimeFormatterBuilder,1107>, <org.joda.time.format.DateTimeFormatterBuilder,1108>, <org.joda.time.format.DateTimeFormatterBuilder,1109>, <org.joda.time.format.DateTimeFormatterBuilder,1116>, <org.joda.time.format.DateTimeFormatterBuilder,1117>, <org.joda.time.format.DateTimeFormatterBuilder,1120>, <org.joda.time.format.DateTimeFormatterBuilder,1123>, <org.joda.time.format.DateTimeFormatterBuilder,1127>, <org.joda.time.format.DateTimeFormatterBuilder,1128>, <org.joda.time.format.DateTimeFormatterBuilder,1129>, <org.joda.time.format.DateTimeFormatterBuilder,1131>, <org.joda.time.format.DateTimeFormatterBuilder,1137>, <org.joda.time.format.DateTimeFormatterBuilder,1138>, <org.joda.time.format.DateTimeFormatterBuilder,1139>, <org.joda.time.format.DateTimeFormatterBuilder,1141>, <org.joda.time.format.DateTimeFormatterBuilder,1281>, <org.joda.time.format.DateTimeFormatterBuilder,1282>, <org.joda.time.format.DateTimeFormatterBuilder,1283>, <org.joda.time.format.DateTimeFormatterBuilder,1284>, <org.joda.time.format.DateTimeFormatterBuilder,1285>, <org.joda.time.format.DateTimeFormatterBuilder,1288>, <org.joda.time.format.DateTimeFormatterBuilder,1425>, <org.joda.time.format.DateTimeFormatterBuilder,1426>, <org.joda.time.format.DateTimeFormatterBuilder,1427>, <org.joda.time.format.DateTimeFormatterBuilder,1430>, <org.joda.time.format.DateTimeFormatterBuilder,1437>, <org.joda.time.format.DateTimeFormatterBuilder,1438>, <org.joda.time.format.DateTimeFormatterBuilder,1441>, <org.joda.time.format.DateTimeFormatterBuilder,1442>, <org.joda.time.format.DateTimeFormatterBuilder,1169>, <org.joda.time.format.DateTimeFormatterBuilder,1170>, <org.joda.time.format.DateTimeFormatterBuilder,1171>, <org.joda.time.format.DateTimeFormatterBuilder,1174>, <org.joda.time.format.DateTimeFormatterBuilder,1180>, <org.joda.time.format.DateTimeFormatterBuilder,1181>, <org.joda.time.format.DateTimeFormatterBuilder,1198>, <org.joda.time.format.DateTimeFormatterBuilder,2569>, <org.joda.time.format.DateTimeFormatterBuilder,2571>, <org.joda.time.format.DateTimeFormatterBuilder,2572>, <org.joda.time.format.DateTimeFormatterBuilder,2574>, <org.joda.time.format.DateTimeFormatterBuilder,2576>, <org.joda.time.format.DateTimeFormatterBuilder,2580>, <org.joda.time.format.DateTimeFormatterBuilder,2581>, <org.joda.time.format.DateTimeFormatterBuilder,2582>, <org.joda.time.format.DateTimeFormatterBuilder,2583>, <org.joda.time.format.DateTimeFormatterBuilder,2584>, <org.joda.time.format.DateTimeFormatterBuilder,2585>, <org.joda.time.format.DateTimeFormatterBuilder,2586>, <org.joda.time.format.DateTimeFormatterBuilder,2588>, <org.joda.time.format.DateTimeFormatterBuilder,2591>, <org.joda.time.format.DateTimeFormatterBuilder,2595>, <org.joda.time.format.DateTimeFormatterBuilder,2596>, <org.joda.time.format.DateTimeFormatterBuilder,2597>, <org.joda.time.format.DateTimeFormatterBuilder,2598>, <org.joda.time.format.DateTimeFormatterBuilder,2599>, <org.joda.time.format.DateTimeFormatterBuilder,2600>, <org.joda.time.format.DateTimeFormatterBuilder,2601>, <org.joda.time.format.DateTimeFormatterBuilder,2603>, <org.joda.time.format.DateTimeFormatterBuilder,2605>, <org.joda.time.format.DateTimeFormatterBuilder,2608>, <org.joda.time.format.DateTimeFormatterBuilder,2614>, <org.joda.time.format.DateTimeFormatterBuilder,2615>, <org.joda.time.format.DateTimeFormatterBuilder,2619>, <org.joda.time.format.DateTimeFormatterBuilder,2621>, <org.joda.time.format.DateTimeFormatterBuilder,2624>, <org.joda.time.format.DateTimeFormatterBuilder,2625>, <org.joda.time.format.DateTimeFormatterBuilder,2626>, <org.joda.time.format.DateTimeFormatterBuilder,2628>, <org.joda.time.format.DateTimeFormatterBuilder,2701>, <org.joda.time.format.DateTimeFormatterBuilder,2705>]
======================org.joda.time.DateTimeZone,882
========
 final int offsetLocal=getOffset(instantLocal);
 final long instantAdjusted=instantLocal-offsetOriginal;
 final int offsetAdjusted=getOffset(instantAdjusted);

========
COMMAND:cd /home/mmotwani/mywork1dir/Defects4Java7/defects4j/SIMFIX_RQ2_20_3/time/time_19_buggy && /usr/bin/timeout 120 /mnt/nfs/work1/brun/mmotwani/Defects4Java7/defects4j//framework/bin/defects4j compile
========
if(offsetLocal==offsetAdjusted){
return instantAdjusted;
}
 final int offsetLocal=getOffset(instantLocal);
 final long instantAdjusted=instantLocal-offsetLocal;
 final int offsetAdjusted=getOffset(instantAdjusted);

========
COMMAND:cd /home/mmotwani/mywork1dir/Defects4Java7/defects4j/SIMFIX_RQ2_20_3/time/time_19_buggy && /usr/bin/timeout 120 /mnt/nfs/work1/brun/mmotwani/Defects4Java7/defects4j//framework/bin/defects4j compile
========
 final int offsetLocal=getOffset(instantLocal);
 final long instantAdjusted=instantUTC-offsetLocal;
 final int offsetAdjusted=getOffset(instantAdjusted);

========
COMMAND:cd /home/mmotwani/mywork1dir/Defects4Java7/defects4j/SIMFIX_RQ2_20_3/time/time_19_buggy && /usr/bin/timeout 120 /mnt/nfs/work1/brun/mmotwani/Defects4Java7/defects4j//framework/bin/defects4j compile
========
 final int offsetLocal=getOffset(instantLocal);
 final long instantAdjusted=instantLocal-offset;
 final int offsetAdjusted=getOffset(instantAdjusted);

========
COMMAND:cd /home/mmotwani/mywork1dir/Defects4Java7/defects4j/SIMFIX_RQ2_20_3/time/time_19_buggy && /usr/bin/timeout 120 /mnt/nfs/work1/brun/mmotwani/Defects4Java7/defects4j//framework/bin/defects4j compile
========
if((instantLocal^instantAdjusted)<0&&(instantUTC^offsetLocal)>=0){
throw new ArithmeticException("Adding time zone offset caused overflow");
}
 final int offsetLocal=getOffset(instantLocal);
 final long instantAdjusted=instantLocal-offsetLocal;
 final int offsetAdjusted=getOffset(instantAdjusted);

========
COMMAND:cd /home/mmotwani/mywork1dir/Defects4Java7/defects4j/SIMFIX_RQ2_20_3/time/time_19_buggy && /usr/bin/timeout 120 /mnt/nfs/work1/brun/mmotwani/Defects4Java7/defects4j//framework/bin/defects4j compile
========
 final int offsetLocal=getOffset(instantLocal);
 final long instantAdjusted=instant-offsetLocal;
 final int offsetAdjusted=getOffset(instantAdjusted);

========
COMMAND:cd /home/mmotwani/mywork1dir/Defects4Java7/defects4j/SIMFIX_RQ2_20_3/time/time_19_buggy && /usr/bin/timeout 120 /mnt/nfs/work1/brun/mmotwani/Defects4Java7/defects4j//framework/bin/defects4j compile
========
if((instantLocal^instantAdjusted)<0&&(instant^offsetLocal)>=0){
throw new ArithmeticException("Adding time zone offset caused overflow");
}
 final int offsetLocal=getOffset(instantLocal);
 final long instantAdjusted=instantLocal-offsetLocal;
 final int offsetAdjusted=getOffset(instantAdjusted);

========
COMMAND:cd /home/mmotwani/mywork1dir/Defects4Java7/defects4j/SIMFIX_RQ2_20_3/time/time_19_buggy && /usr/bin/timeout 120 /mnt/nfs/work1/brun/mmotwani/Defects4Java7/defects4j//framework/bin/defects4j compile
========
instantAdjusted=selectChronology(chrono);
 final int offsetLocal=getOffset(instantLocal);
 final long instantAdjusted=instantLocal-offsetLocal;
 final int offsetAdjusted=getOffset(instantAdjusted);

========
COMMAND:cd /home/mmotwani/mywork1dir/Defects4Java7/defects4j/SIMFIX_RQ2_20_3/time/time_19_buggy && /usr/bin/timeout 120 /mnt/nfs/work1/brun/mmotwani/Defects4Java7/defects4j//framework/bin/defects4j compile
========
if((instantLocal^instantLocal+offsetLocal)<0&&(instant^offsetLocal)>=0){
UTC=DateTimeZone.UTC;
offset=0;
adjustedInstant=instant;
}
 final int offsetLocal=getOffset(instantLocal);
 final long instantAdjusted=instantLocal-offsetLocal;
 final int offsetAdjusted=getOffset(instantAdjusted);

========
COMMAND:cd /home/mmotwani/mywork1dir/Defects4Java7/defects4j/SIMFIX_RQ2_20_3/time/time_19_buggy && /usr/bin/timeout 120 /mnt/nfs/work1/brun/mmotwani/Defects4Java7/defects4j//framework/bin/defects4j compile
========
 final int offsetLocal=getOffset(instantLocal);
 final long instantAdjusted=instant-offset;
 final int offsetAdjusted=getOffset(instantAdjusted);

========
COMMAND:cd /home/mmotwani/mywork1dir/Defects4Java7/defects4j/SIMFIX_RQ2_20_3/time/time_19_buggy && /usr/bin/timeout 120 /mnt/nfs/work1/brun/mmotwani/Defects4Java7/defects4j//framework/bin/defects4j compile
========
 final int offsetLocal=getOffset(instantLocal);
 final long instantAdjusted=instantMillis-offsetLocal;
 final int offsetAdjusted=getOffset(instantAdjusted);

========
COMMAND:cd /home/mmotwani/mywork1dir/Defects4Java7/defects4j/SIMFIX_RQ2_20_3/time/time_19_buggy && /usr/bin/timeout 120 /mnt/nfs/work1/brun/mmotwani/Defects4Java7/defects4j//framework/bin/defects4j compile
========
 final int offsetLocal=getOffset(instantAdjusted);
 final long instantAdjusted=instantLocal-offsetLocal;
 final int offsetAdjusted=getOffset(instantAdjusted);

========
COMMAND:cd /home/mmotwani/mywork1dir/Defects4Java7/defects4j/SIMFIX_RQ2_20_3/time/time_19_buggy && /usr/bin/timeout 120 /mnt/nfs/work1/brun/mmotwani/Defects4Java7/defects4j//framework/bin/defects4j compile
========
if(serialVersionUID==instantAdjusted||next>serialVersionUID){
break;
}
 final int offsetLocal=getOffset(instantLocal);
 final long instantAdjusted=instantLocal-offsetLocal;
 final int offsetAdjusted=getOffset(instantAdjusted);

========
COMMAND:cd /home/mmotwani/mywork1dir/Defects4Java7/defects4j/SIMFIX_RQ2_20_3/time/time_19_buggy && /usr/bin/timeout 120 /mnt/nfs/work1/brun/mmotwani/Defects4Java7/defects4j//framework/bin/defects4j compile
========
instantAdjusted=serialVersionUID;
 final int offsetLocal=getOffset(instantLocal);
 final long instantAdjusted=instantLocal-offsetLocal;
 final int offsetAdjusted=getOffset(instantAdjusted);

========
COMMAND:cd /home/mmotwani/mywork1dir/Defects4Java7/defects4j/SIMFIX_RQ2_20_3/time/time_19_buggy && /usr/bin/timeout 120 /mnt/nfs/work1/brun/mmotwani/Defects4Java7/defects4j//framework/bin/defects4j compile
========
if((instantLocal^instantAdjusted)<0&&(instantLocal^offsetLocal)<0){
throw new ArithmeticException("Subtracting time zone offset caused overflow");
}
 final int offsetLocal=getOffset(instantLocal);
 final long instantAdjusted=instantLocal-offsetLocal;
 final int offsetAdjusted=getOffset(instantAdjusted);

========
COMMAND:cd /home/mmotwani/mywork1dir/Defects4Java7/defects4j/SIMFIX_RQ2_20_3/time/time_19_buggy && /usr/bin/timeout 120 /mnt/nfs/work1/brun/mmotwani/Defects4Java7/defects4j//framework/bin/defects4j compile
========
instantAdjusted=selectChronology(chrono);
 final int offsetLocal=getOffset(instantLocal);
 final long instantAdjusted=instant-offsetLocal;
 final int offsetAdjusted=getOffset(instantAdjusted);

========
COMMAND:cd /home/mmotwani/mywork1dir/Defects4Java7/defects4j/SIMFIX_RQ2_20_3/time/time_19_buggy && /usr/bin/timeout 120 /mnt/nfs/work1/brun/mmotwani/Defects4Java7/defects4j//framework/bin/defects4j compile
========
if((instantLocal^instantLocal+offsetLocal)<0&&(instant^offsetLocal)>=0){
UTC=DateTimeZone.UTC;
offset=0;
adjustedInstant=instant;
}
 final int offsetLocal=getOffset(instantLocal);
 final long instantAdjusted=instant-offsetLocal;
 final int offsetAdjusted=getOffset(instantAdjusted);

========
COMMAND:cd /home/mmotwani/mywork1dir/Defects4Java7/defects4j/SIMFIX_RQ2_20_3/time/time_19_buggy && /usr/bin/timeout 120 /mnt/nfs/work1/brun/mmotwani/Defects4Java7/defects4j//framework/bin/defects4j compile
========
instantAdjusted=selectChronology(chrono);
 final int offsetLocal=getOffset(instantLocal);
 final long instantAdjusted=instantLocal-offset;
 final int offsetAdjusted=getOffset(instantAdjusted);

========
COMMAND:cd /home/mmotwani/mywork1dir/Defects4Java7/defects4j/SIMFIX_RQ2_20_3/time/time_19_buggy && /usr/bin/timeout 120 /mnt/nfs/work1/brun/mmotwani/Defects4Java7/defects4j//framework/bin/defects4j compile
========
if((instantLocal^instantLocal+offsetLocal)<0&&(instant^offsetLocal)>=0){
UTC=DateTimeZone.UTC;
offset=0;
adjustedInstant=instant;
}
 final int offsetLocal=getOffset(instantLocal);
 final long instantAdjusted=instantLocal-offset;
 final int offsetAdjusted=getOffset(instantAdjusted);

========
COMMAND:cd /home/mmotwani/mywork1dir/Defects4Java7/defects4j/SIMFIX_RQ2_20_3/time/time_19_buggy && /usr/bin/timeout 120 /mnt/nfs/work1/brun/mmotwani/Defects4Java7/defects4j//framework/bin/defects4j compile
========
instantAdjusted=selectChronology(chrono);
if((instantLocal^instantLocal+offsetLocal)<0&&(instant^offsetLocal)>=0){
UTC=DateTimeZone.UTC;
offset=0;
adjustedInstant=instant;
}
 final int offsetLocal=getOffset(instantLocal);
 final long instantAdjusted=instantLocal-offsetLocal;
 final int offsetAdjusted=getOffset(instantAdjusted);

========
COMMAND:cd /home/mmotwani/mywork1dir/Defects4Java7/defects4j/SIMFIX_RQ2_20_3/time/time_19_buggy && /usr/bin/timeout 120 /mnt/nfs/work1/brun/mmotwani/Defects4Java7/defects4j//framework/bin/defects4j compile
========
instantAdjusted=selectChronology(chrono);
 final int offsetLocal=getOffset(instantLocal);
 final long instantAdjusted=instant-offset;
 final int offsetAdjusted=getOffset(instantAdjusted);

========
COMMAND:cd /home/mmotwani/mywork1dir/Defects4Java7/defects4j/SIMFIX_RQ2_20_3/time/time_19_buggy && /usr/bin/timeout 120 /mnt/nfs/work1/brun/mmotwani/Defects4Java7/defects4j//framework/bin/defects4j compile
========
if((instantLocal^instantLocal+offsetLocal)<0&&(instant^offsetLocal)>=0){
UTC=DateTimeZone.UTC;
offset=0;
adjustedInstant=instant;
}
 final int offsetLocal=getOffset(instantLocal);
 final long instantAdjusted=instant-offset;
 final int offsetAdjusted=getOffset(instantAdjusted);

========
COMMAND:cd /home/mmotwani/mywork1dir/Defects4Java7/defects4j/SIMFIX_RQ2_20_3/time/time_19_buggy && /usr/bin/timeout 120 /mnt/nfs/work1/brun/mmotwani/Defects4Java7/defects4j//framework/bin/defects4j compile
========
instantAdjusted=selectChronology(chrono);
if((instantLocal^instantLocal+offsetLocal)<0&&(instant^offsetLocal)>=0){
UTC=DateTimeZone.UTC;
offset=0;
adjustedInstant=instant;
}
 final int offsetLocal=getOffset(instantLocal);
 final long instantAdjusted=instant-offsetLocal;
 final int offsetAdjusted=getOffset(instantAdjusted);

========
COMMAND:cd /home/mmotwani/mywork1dir/Defects4Java7/defects4j/SIMFIX_RQ2_20_3/time/time_19_buggy && /usr/bin/timeout 120 /mnt/nfs/work1/brun/mmotwani/Defects4Java7/defects4j//framework/bin/defects4j compile
========
instantAdjusted=selectChronology(chrono);
if((instantLocal^instantLocal+offsetLocal)<0&&(instant^offsetLocal)>=0){
UTC=DateTimeZone.UTC;
offset=0;
adjustedInstant=instant;
}
 final int offsetLocal=getOffset(instantLocal);
 final long instantAdjusted=instantLocal-offset;
 final int offsetAdjusted=getOffset(instantAdjusted);

========
COMMAND:cd /home/mmotwani/mywork1dir/Defects4Java7/defects4j/SIMFIX_RQ2_20_3/time/time_19_buggy && /usr/bin/timeout 120 /mnt/nfs/work1/brun/mmotwani/Defects4Java7/defects4j//framework/bin/defects4j compile
========
instantAdjusted=selectChronology(chrono);
if((instantLocal^instantLocal+offsetLocal)<0&&(instant^offsetLocal)>=0){
UTC=DateTimeZone.UTC;
offset=0;
adjustedInstant=instant;
}
 final int offsetLocal=getOffset(instantLocal);
 final long instantAdjusted=instant-offset;
 final int offsetAdjusted=getOffset(instantAdjusted);

========
COMMAND:cd /home/mmotwani/mywork1dir/Defects4Java7/defects4j/SIMFIX_RQ2_20_3/time/time_19_buggy && /usr/bin/timeout 120 /mnt/nfs/work1/brun/mmotwani/Defects4Java7/defects4j//framework/bin/defects4j compile
========
if((instantLocal^instantAdjusted)<0&&(instant^offsetLocal)>=0){
throw new ArithmeticException("Adding time zone offset caused overflow");
}
 final int offsetLocal=getOffset(instantLocal);
 final long instantAdjusted=instant-offsetLocal;
 final int offsetAdjusted=getOffset(instantAdjusted);

========
COMMAND:cd /home/mmotwani/mywork1dir/Defects4Java7/defects4j/SIMFIX_RQ2_20_3/time/time_19_buggy && /usr/bin/timeout 120 /mnt/nfs/work1/brun/mmotwani/Defects4Java7/defects4j//framework/bin/defects4j compile
========
if((instantLocal^instantAdjusted)<0&&(instant^offsetLocal)>=0){
throw new ArithmeticException("Adding time zone offset caused overflow");
}
 final int offsetLocal=getOffset(instantLocal);
 final long instantAdjusted=instantLocal-offset;
 final int offsetAdjusted=getOffset(instantAdjusted);

========
COMMAND:cd /home/mmotwani/mywork1dir/Defects4Java7/defects4j/SIMFIX_RQ2_20_3/time/time_19_buggy && /usr/bin/timeout 120 /mnt/nfs/work1/brun/mmotwani/Defects4Java7/defects4j//framework/bin/defects4j compile
========
if((instantLocal^instantAdjusted)<0&&(instant^offsetLocal)>=0){
throw new ArithmeticException("Adding time zone offset caused overflow");
}
 final int offsetLocal=getOffset(instantLocal);
 final long instantAdjusted=instant-offset;
 final int offsetAdjusted=getOffset(instantAdjusted);

========
COMMAND:cd /home/mmotwani/mywork1dir/Defects4Java7/defects4j/SIMFIX_RQ2_20_3/time/time_19_buggy && /usr/bin/timeout 120 /mnt/nfs/work1/brun/mmotwani/Defects4Java7/defects4j//framework/bin/defects4j compile
org.joda.time.DateTimeZone,884
org.joda.time.DateTimeZone,885
org.joda.time.DateTimeZone,887
========
if(nextLocal==nextAdjusted){
return offsetLocal;
}

========
COMMAND:cd /home/mmotwani/mywork1dir/Defects4Java7/defects4j/SIMFIX_RQ2_20_3/time/time_19_buggy && /usr/bin/timeout 120 /mnt/nfs/work1/brun/mmotwani/Defects4Java7/defects4j//framework/bin/defects4j compile
FAILED TEST:org.joda.time.TestDateTimeZoneCutover::testDateTimeCreation_london
COUNT THESE===> Subject [_name=time, _id=19, _ssrc=/src/main/java, _tsrc=/src/test/java, _sbin=/build/classes, _tbin=/build/tests, _dependency=null] org.joda.time.TestDateTimeZoneCutover testDateTimeCreation_london
TESTING : org.joda.time.TestDateTimeZoneCutover::testDateTimeCreation_london
COMMAND:cd /home/mmotwani/mywork1dir/Defects4Java7/defects4j/SIMFIX_RQ2_20_3/time/time_19_buggy && /usr/bin/timeout 30 /mnt/nfs/work1/brun/mmotwani/Defects4Java7/defects4j//framework/bin/defects4j test -t org.joda.time.TestDateTimeZoneCutover::testDateTimeCreation_london
  - org.joda.time.TestDateTimeZoneCutover::testDateTimeCreation_london
Failing tests: 1
Running ant (run.dev.tests)................................................ OK
Running ant (compile.tests)................................................ OK
========
if(instantLocal==(nextAdjusted-nextLocal)){
return offsetLocal;
}

========
COMMAND:cd /home/mmotwani/mywork1dir/Defects4Java7/defects4j/SIMFIX_RQ2_20_3/time/time_19_buggy && /usr/bin/timeout 120 /mnt/nfs/work1/brun/mmotwani/Defects4Java7/defects4j//framework/bin/defects4j compile
FAILED TEST:org.joda.time.TestDateTimeZoneCutover::testDateTimeCreation_london
COUNT THESE===> Subject [_name=time, _id=19, _ssrc=/src/main/java, _tsrc=/src/test/java, _sbin=/build/classes, _tbin=/build/tests, _dependency=null] org.joda.time.TestDateTimeZoneCutover testDateTimeCreation_london
TESTING : org.joda.time.TestDateTimeZoneCutover::testDateTimeCreation_london
COMMAND:cd /home/mmotwani/mywork1dir/Defects4Java7/defects4j/SIMFIX_RQ2_20_3/time/time_19_buggy && /usr/bin/timeout 30 /mnt/nfs/work1/brun/mmotwani/Defects4Java7/defects4j//framework/bin/defects4j test -t org.joda.time.TestDateTimeZoneCutover::testDateTimeCreation_london
  - org.joda.time.TestDateTimeZoneCutover::testDateTimeCreation_london
Failing tests: 1
Running ant (run.dev.tests)................................................ OK
Running ant (compile.tests)................................................ OK
========
if(nextLocal!=(nextAdjusted-nextLocal)){
return offsetLocal;
}

========
COMMAND:cd /home/mmotwani/mywork1dir/Defects4Java7/defects4j/SIMFIX_RQ2_20_3/time/time_19_buggy && /usr/bin/timeout 120 /mnt/nfs/work1/brun/mmotwani/Defects4Java7/defects4j//framework/bin/defects4j compile
FAILED TEST:org.joda.time.TestDateTimeZoneCutover::testDateTimeCreation_london
COUNT THESE===> Subject [_name=time, _id=19, _ssrc=/src/main/java, _tsrc=/src/test/java, _sbin=/build/classes, _tbin=/build/tests, _dependency=null] org.joda.time.TestDateTimeZoneCutover testDateTimeCreation_london
TESTING : org.joda.time.TestDateTimeZoneCutover::testDateTimeCreation_london
COMMAND:cd /home/mmotwani/mywork1dir/Defects4Java7/defects4j/SIMFIX_RQ2_20_3/time/time_19_buggy && /usr/bin/timeout 30 /mnt/nfs/work1/brun/mmotwani/Defects4Java7/defects4j//framework/bin/defects4j test -t org.joda.time.TestDateTimeZoneCutover::testDateTimeCreation_london
  - org.joda.time.TestDateTimeZoneCutover::testDateTimeCreation_london
Failing tests: 1
Running ant (run.dev.tests)................................................ OK
Running ant (compile.tests)................................................ OK
========
if(nextLocal==(nextAdjusted-nextLocal)){
return offsetLocal;
}

========
COMMAND:cd /home/mmotwani/mywork1dir/Defects4Java7/defects4j/SIMFIX_RQ2_20_3/time/time_19_buggy && /usr/bin/timeout 120 /mnt/nfs/work1/brun/mmotwani/Defects4Java7/defects4j//framework/bin/defects4j compile
FAILED TEST:org.joda.time.TestDateTimeZoneCutover::testDateTimeCreation_london
COUNT THESE===> Subject [_name=time, _id=19, _ssrc=/src/main/java, _tsrc=/src/test/java, _sbin=/build/classes, _tbin=/build/tests, _dependency=null] org.joda.time.TestDateTimeZoneCutover testDateTimeCreation_london
TESTING : org.joda.time.TestDateTimeZoneCutover::testDateTimeCreation_london
COMMAND:cd /home/mmotwani/mywork1dir/Defects4Java7/defects4j/SIMFIX_RQ2_20_3/time/time_19_buggy && /usr/bin/timeout 30 /mnt/nfs/work1/brun/mmotwani/Defects4Java7/defects4j//framework/bin/defects4j test -t org.joda.time.TestDateTimeZoneCutover::testDateTimeCreation_london
  - org.joda.time.TestDateTimeZoneCutover::testDateTimeCreation_london
Failing tests: 1
Running ant (run.dev.tests)................................................ OK
Running ant (compile.tests)................................................ OK
========
if(instantAdjusted==(nextLocal-nextAdjusted)){
return offsetLocal;
}

========
COMMAND:cd /home/mmotwani/mywork1dir/Defects4Java7/defects4j/SIMFIX_RQ2_20_3/time/time_19_buggy && /usr/bin/timeout 120 /mnt/nfs/work1/brun/mmotwani/Defects4Java7/defects4j//framework/bin/defects4j compile
FAILED TEST:org.joda.time.TestDateTimeZoneCutover::testDateTimeCreation_london
COUNT THESE===> Subject [_name=time, _id=19, _ssrc=/src/main/java, _tsrc=/src/test/java, _sbin=/build/classes, _tbin=/build/tests, _dependency=null] org.joda.time.TestDateTimeZoneCutover testDateTimeCreation_london
TESTING : org.joda.time.TestDateTimeZoneCutover::testDateTimeCreation_london
COMMAND:cd /home/mmotwani/mywork1dir/Defects4Java7/defects4j/SIMFIX_RQ2_20_3/time/time_19_buggy && /usr/bin/timeout 30 /mnt/nfs/work1/brun/mmotwani/Defects4Java7/defects4j//framework/bin/defects4j test -t org.joda.time.TestDateTimeZoneCutover::testDateTimeCreation_london
  - org.joda.time.TestDateTimeZoneCutover::testDateTimeCreation_london
Failing tests: 1
Running ant (run.dev.tests)................................................ OK
Running ant (compile.tests)................................................ OK
========
if(nextLocal!=(nextLocal-nextAdjusted)){
return offsetLocal;
}

========
COMMAND:cd /home/mmotwani/mywork1dir/Defects4Java7/defects4j/SIMFIX_RQ2_20_3/time/time_19_buggy && /usr/bin/timeout 120 /mnt/nfs/work1/brun/mmotwani/Defects4Java7/defects4j//framework/bin/defects4j compile
FAILED TEST:org.joda.time.TestDateTimeZoneCutover::testDateTimeCreation_london
COUNT THESE===> Subject [_name=time, _id=19, _ssrc=/src/main/java, _tsrc=/src/test/java, _sbin=/build/classes, _tbin=/build/tests, _dependency=null] org.joda.time.TestDateTimeZoneCutover testDateTimeCreation_london
TESTING : org.joda.time.TestDateTimeZoneCutover::testDateTimeCreation_london
COMMAND:cd /home/mmotwani/mywork1dir/Defects4Java7/defects4j/SIMFIX_RQ2_20_3/time/time_19_buggy && /usr/bin/timeout 30 /mnt/nfs/work1/brun/mmotwani/Defects4Java7/defects4j//framework/bin/defects4j test -t org.joda.time.TestDateTimeZoneCutover::testDateTimeCreation_london
  - org.joda.time.TestDateTimeZoneCutover::testDateTimeCreation_london
Failing tests: 1
Running ant (run.dev.tests)................................................ OK
Running ant (compile.tests)................................................ OK
========
if(nextLocal==(nextLocal-nextAdjusted)){
return offsetLocal;
}

========
COMMAND:cd /home/mmotwani/mywork1dir/Defects4Java7/defects4j/SIMFIX_RQ2_20_3/time/time_19_buggy && /usr/bin/timeout 120 /mnt/nfs/work1/brun/mmotwani/Defects4Java7/defects4j//framework/bin/defects4j compile
FAILED TEST:org.joda.time.TestDateTimeZoneCutover::testDateTimeCreation_london
COUNT THESE===> Subject [_name=time, _id=19, _ssrc=/src/main/java, _tsrc=/src/test/java, _sbin=/build/classes, _tbin=/build/tests, _dependency=null] org.joda.time.TestDateTimeZoneCutover testDateTimeCreation_london
TESTING : org.joda.time.TestDateTimeZoneCutover::testDateTimeCreation_london
COMMAND:cd /home/mmotwani/mywork1dir/Defects4Java7/defects4j/SIMFIX_RQ2_20_3/time/time_19_buggy && /usr/bin/timeout 30 /mnt/nfs/work1/brun/mmotwani/Defects4Java7/defects4j//framework/bin/defects4j test -t org.joda.time.TestDateTimeZoneCutover::testDateTimeCreation_london
  - org.joda.time.TestDateTimeZoneCutover::testDateTimeCreation_london
Failing tests: 1
Running ant (run.dev.tests)................................................ OK
Running ant (compile.tests)................................................ OK
========
if(nextLocal!=nextAdjusted){
return offsetPrev;
}

========
COMMAND:cd /home/mmotwani/mywork1dir/Defects4Java7/defects4j/SIMFIX_RQ2_20_3/time/time_19_buggy && /usr/bin/timeout 120 /mnt/nfs/work1/brun/mmotwani/Defects4Java7/defects4j//framework/bin/defects4j compile
========
if((offsetLocal-offsetAdjusted)<offsetAdjusted){
long nextLocal=nextTransition(instantAdjusted);
long nextAdjusted=nextTransition(instantLocal-offsetAdjusted);
if(nextLocal!=nextAdjusted){
return offsetLocal;
}
}

========
COMMAND:cd /home/mmotwani/mywork1dir/Defects4Java7/defects4j/SIMFIX_RQ2_20_3/time/time_19_buggy && /usr/bin/timeout 120 /mnt/nfs/work1/brun/mmotwani/Defects4Java7/defects4j//framework/bin/defects4j compile
FAILED TEST:org.joda.time.TestDateTimeZoneCutover::testDateTimeCreation_london
COUNT THESE===> Subject [_name=time, _id=19, _ssrc=/src/main/java, _tsrc=/src/test/java, _sbin=/build/classes, _tbin=/build/tests, _dependency=null] org.joda.time.TestDateTimeZoneCutover testDateTimeCreation_london
TESTING : org.joda.time.TestDateTimeZoneCutover::testDateTimeCreation_london
COMMAND:cd /home/mmotwani/mywork1dir/Defects4Java7/defects4j/SIMFIX_RQ2_20_3/time/time_19_buggy && /usr/bin/timeout 30 /mnt/nfs/work1/brun/mmotwani/Defects4Java7/defects4j//framework/bin/defects4j test -t org.joda.time.TestDateTimeZoneCutover::testDateTimeCreation_london
  - org.joda.time.TestDateTimeZoneCutover::testDateTimeCreation_london
Failing tests: 1
Running ant (run.dev.tests)................................................ OK
Running ant (compile.tests)................................................ OK
========
if((offsetLocal-offsetAdjusted)<offsetLocal){
long nextLocal=nextTransition(instantAdjusted);
long nextAdjusted=nextTransition(instantLocal-offsetAdjusted);
if(nextLocal!=nextAdjusted){
return offsetLocal;
}
}

========
COMMAND:cd /home/mmotwani/mywork1dir/Defects4Java7/defects4j/SIMFIX_RQ2_20_3/time/time_19_buggy && /usr/bin/timeout 120 /mnt/nfs/work1/brun/mmotwani/Defects4Java7/defects4j//framework/bin/defects4j compile
FAILED TEST:org.joda.time.TestDateTimeZoneCutover::testDateTimeCreation_london
COUNT THESE===> Subject [_name=time, _id=19, _ssrc=/src/main/java, _tsrc=/src/test/java, _sbin=/build/classes, _tbin=/build/tests, _dependency=null] org.joda.time.TestDateTimeZoneCutover testDateTimeCreation_london
TESTING : org.joda.time.TestDateTimeZoneCutover::testDateTimeCreation_london
COMMAND:cd /home/mmotwani/mywork1dir/Defects4Java7/defects4j/SIMFIX_RQ2_20_3/time/time_19_buggy && /usr/bin/timeout 30 /mnt/nfs/work1/brun/mmotwani/Defects4Java7/defects4j//framework/bin/defects4j test -t org.joda.time.TestDateTimeZoneCutover::testDateTimeCreation_london
  - org.joda.time.TestDateTimeZoneCutover::testDateTimeCreation_london
Failing tests: 1
Running ant (run.dev.tests)................................................ OK
Running ant (compile.tests)................................................ OK
========
if((offsetLocal-offsetAdjusted)<0){
long nextLocal=previousTransition(instantAdjusted);
long nextAdjusted=nextTransition(instantLocal-offsetAdjusted);
if(nextLocal!=nextAdjusted){
return offsetLocal;
}
}

========
COMMAND:cd /home/mmotwani/mywork1dir/Defects4Java7/defects4j/SIMFIX_RQ2_20_3/time/time_19_buggy && /usr/bin/timeout 120 /mnt/nfs/work1/brun/mmotwani/Defects4Java7/defects4j//framework/bin/defects4j compile
FAILED TEST:org.joda.time.TestDateTimeZoneCutover::testDateTimeCreation_london
COUNT THESE===> Subject [_name=time, _id=19, _ssrc=/src/main/java, _tsrc=/src/test/java, _sbin=/build/classes, _tbin=/build/tests, _dependency=null] org.joda.time.TestDateTimeZoneCutover testDateTimeCreation_london
TESTING : org.joda.time.TestDateTimeZoneCutover::testDateTimeCreation_london
COMMAND:cd /home/mmotwani/mywork1dir/Defects4Java7/defects4j/SIMFIX_RQ2_20_3/time/time_19_buggy && /usr/bin/timeout 30 /mnt/nfs/work1/brun/mmotwani/Defects4Java7/defects4j//framework/bin/defects4j test -t org.joda.time.TestDateTimeZoneCutover::testDateTimeCreation_london
  - org.joda.time.TestDateTimeZoneCutover::testDateTimeCreation_london
Failing tests: 1
Running ant (run.dev.tests)................................................ OK
Running ant (compile.tests)................................................ OK
========
if((offsetLocal-offsetAdjusted)<0){
long nextLocal=nextTransition(instantAdjusted);
long nextAdjusted=nextTransition(instantLocal-offsetAdjusted);
if(nextLocal!=nextAdjusted){
return offsetPrev;
}
}

========
COMMAND:cd /home/mmotwani/mywork1dir/Defects4Java7/defects4j/SIMFIX_RQ2_20_3/time/time_19_buggy && /usr/bin/timeout 120 /mnt/nfs/work1/brun/mmotwani/Defects4Java7/defects4j//framework/bin/defects4j compile
========
if(prev<millis){
int offsetPrev=getOffset(prev);
int diff=offsetPrev-offsetLocal;
if(instantAdjusted-prev<=diff){
return offsetPrev;
}
}

========
COMMAND:cd /home/mmotwani/mywork1dir/Defects4Java7/defects4j/SIMFIX_RQ2_20_3/time/time_19_buggy && /usr/bin/timeout 120 /mnt/nfs/work1/brun/mmotwani/Defects4Java7/defects4j//framework/bin/defects4j compile
========
if(prev<iPeriodStart){
int offsetPrev=getOffset(prev);
int diff=offsetPrev-offsetLocal;
if(instantAdjusted-prev<=diff){
return offsetPrev;
}
}

========
COMMAND:cd /home/mmotwani/mywork1dir/Defects4Java7/defects4j/SIMFIX_RQ2_20_3/time/time_19_buggy && /usr/bin/timeout 120 /mnt/nfs/work1/brun/mmotwani/Defects4Java7/defects4j//framework/bin/defects4j compile
========
if(prev<transitions.length){
int offsetPrev=getOffset(prev);
int diff=offsetPrev-offsetLocal;
if(instantAdjusted-prev<=diff){
return offsetPrev;
}
}

========
COMMAND:cd /home/mmotwani/mywork1dir/Defects4Java7/defects4j/SIMFIX_RQ2_20_3/time/time_19_buggy && /usr/bin/timeout 120 /mnt/nfs/work1/brun/mmotwani/Defects4Java7/defects4j//framework/bin/defects4j compile
========
if(prev<length){
int offsetPrev=getOffset(prev);
int diff=offsetPrev-offsetLocal;
if(instantAdjusted-prev<=diff){
return offsetPrev;
}
}

========
COMMAND:cd /home/mmotwani/mywork1dir/Defects4Java7/defects4j/SIMFIX_RQ2_20_3/time/time_19_buggy && /usr/bin/timeout 120 /mnt/nfs/work1/brun/mmotwani/Defects4Java7/defects4j//framework/bin/defects4j compile
========
if(prev<instant){
int offsetPrev=getOffset(prev);
int diff=offsetPrev-offsetLocal;
if(instantAdjusted-prev<=diff){
return offsetPrev;
}
}

========
COMMAND:cd /home/mmotwani/mywork1dir/Defects4Java7/defects4j/SIMFIX_RQ2_20_3/time/time_19_buggy && /usr/bin/timeout 120 /mnt/nfs/work1/brun/mmotwani/Defects4Java7/defects4j//framework/bin/defects4j compile
========
if(prev<instantUTC){
int offsetPrev=getOffset(prev);
int diff=offsetPrev-offsetLocal;
if(instantAdjusted-prev<=diff){
return offsetPrev;
}
}

========
COMMAND:cd /home/mmotwani/mywork1dir/Defects4Java7/defects4j/SIMFIX_RQ2_20_3/time/time_19_buggy && /usr/bin/timeout 120 /mnt/nfs/work1/brun/mmotwani/Defects4Java7/defects4j//framework/bin/defects4j compile
========
if(offsetPrev<prev){
int offsetPrev=getOffset(prev);
int diff=offsetPrev-offsetLocal;
if(instantAdjusted-prev<=diff){
return offsetPrev;
}
}

========
COMMAND:cd /home/mmotwani/mywork1dir/Defects4Java7/defects4j/SIMFIX_RQ2_20_3/time/time_19_buggy && /usr/bin/timeout 120 /mnt/nfs/work1/brun/mmotwani/Defects4Java7/defects4j//framework/bin/defects4j compile
========
if(prev<next){
int offsetPrev=getOffset(prev);
int diff=offsetPrev-offsetLocal;
if(instantAdjusted-prev<=diff){
return offsetPrev;
}
}

========
COMMAND:cd /home/mmotwani/mywork1dir/Defects4Java7/defects4j/SIMFIX_RQ2_20_3/time/time_19_buggy && /usr/bin/timeout 120 /mnt/nfs/work1/brun/mmotwani/Defects4Java7/defects4j//framework/bin/defects4j compile
========
if(prev<end){
int offsetPrev=getOffset(prev);
int diff=offsetPrev-offsetLocal;
if(instantAdjusted-prev<=diff){
return offsetPrev;
}
}

========
COMMAND:cd /home/mmotwani/mywork1dir/Defects4Java7/defects4j/SIMFIX_RQ2_20_3/time/time_19_buggy && /usr/bin/timeout 120 /mnt/nfs/work1/brun/mmotwani/Defects4Java7/defects4j//framework/bin/defects4j compile
========
prev=instantAdjusted;
if(prev<instantAdjusted){
int offsetPrev=getOffset(prev);
int diff=offsetPrev-offsetLocal;
if(instantAdjusted-prev<=diff){
return offsetPrev;
}
}

========
COMMAND:cd /home/mmotwani/mywork1dir/Defects4Java7/defects4j/SIMFIX_RQ2_20_3/time/time_19_buggy && /usr/bin/timeout 120 /mnt/nfs/work1/brun/mmotwani/Defects4Java7/defects4j//framework/bin/defects4j compile
FAILED TEST:org.joda.time.TestDateTimeZoneCutover::testDateTimeCreation_london
COUNT THESE===> Subject [_name=time, _id=19, _ssrc=/src/main/java, _tsrc=/src/test/java, _sbin=/build/classes, _tbin=/build/tests, _dependency=null] org.joda.time.TestDateTimeZoneCutover testDateTimeCreation_london
TESTING : org.joda.time.TestDateTimeZoneCutover::testDateTimeCreation_london
COMMAND:cd /home/mmotwani/mywork1dir/Defects4Java7/defects4j/SIMFIX_RQ2_20_3/time/time_19_buggy && /usr/bin/timeout 30 /mnt/nfs/work1/brun/mmotwani/Defects4Java7/defects4j//framework/bin/defects4j test -t org.joda.time.TestDateTimeZoneCutover::testDateTimeCreation_london
  - org.joda.time.TestDateTimeZoneCutover::testDateTimeCreation_london
Failing tests: 1
Running ant (run.dev.tests)................................................ OK
Running ant (compile.tests)................................................ OK
========
if(offsetLocal==diff&&iID.equals(UTC.getNameKey(prev))){
System.out.println("*d* Error in "+UTC.getID());
return false;
}
if(prev<instantAdjusted){
int offsetPrev=getOffset(prev);
int diff=offsetPrev-offsetLocal;
if(instantAdjusted-prev<=diff){
return offsetPrev;
}
}

========
COMMAND:cd /home/mmotwani/mywork1dir/Defects4Java7/defects4j/SIMFIX_RQ2_20_3/time/time_19_buggy && /usr/bin/timeout 120 /mnt/nfs/work1/brun/mmotwani/Defects4Java7/defects4j//framework/bin/defects4j compile
========
if(prev<MIN_VALUE){
int offsetPrev=getOffset(prev);
int diff=offsetPrev-offsetLocal;
if(instantAdjusted-prev<=diff){
return offsetPrev;
}
}

========
COMMAND:cd /home/mmotwani/mywork1dir/Defects4Java7/defects4j/SIMFIX_RQ2_20_3/time/time_19_buggy && /usr/bin/timeout 120 /mnt/nfs/work1/brun/mmotwani/Defects4Java7/defects4j//framework/bin/defects4j compile
========
if(prev<instantLocal){
int offsetPrev=getOffset(prev);
int diff=offsetPrev-offsetLocal;
if(instantAdjusted-prev<=diff){
return offsetPrev;
}
}

========
COMMAND:cd /home/mmotwani/mywork1dir/Defects4Java7/defects4j/SIMFIX_RQ2_20_3/time/time_19_buggy && /usr/bin/timeout 120 /mnt/nfs/work1/brun/mmotwani/Defects4Java7/defects4j//framework/bin/defects4j compile
FAILED TEST:org.joda.time.TestDateTimeZoneCutover::testDateTimeCreation_london
COUNT THESE===> Subject [_name=time, _id=19, _ssrc=/src/main/java, _tsrc=/src/test/java, _sbin=/build/classes, _tbin=/build/tests, _dependency=null] org.joda.time.TestDateTimeZoneCutover testDateTimeCreation_london
TESTING : org.joda.time.TestDateTimeZoneCutover::testDateTimeCreation_london
COMMAND:cd /home/mmotwani/mywork1dir/Defects4Java7/defects4j/SIMFIX_RQ2_20_3/time/time_19_buggy && /usr/bin/timeout 30 /mnt/nfs/work1/brun/mmotwani/Defects4Java7/defects4j//framework/bin/defects4j test -t org.joda.time.TestDateTimeZoneCutover::testDateTimeCreation_london
  - org.joda.time.TestDateTimeZoneCutover::testDateTimeCreation_london
Failing tests: 1
Running ant (run.dev.tests)................................................ OK
Running ant (compile.tests)................................................ OK
========
if(diff==(instantLocal-prev)){
nextAdjusted=Long.MAX_VALUE;
}
if(prev<instantAdjusted){
int offsetPrev=getOffset(prev);
int diff=offsetPrev-offsetLocal;
if(instantAdjusted-prev<=diff){
return offsetPrev;
}
}

========
COMMAND:cd /home/mmotwani/mywork1dir/Defects4Java7/defects4j/SIMFIX_RQ2_20_3/time/time_19_buggy && /usr/bin/timeout 120 /mnt/nfs/work1/brun/mmotwani/Defects4Java7/defects4j//framework/bin/defects4j compile
========
if(offsetLocalFromOriginal>0){
long prev=previousTransition(instantAdjusted);
if(prev<instantAdjusted){
int offsetPrev=getOffset(prev);
int diff=offsetPrev-offsetLocal;
if(instantAdjusted-prev<=diff){
return offsetPrev;
}
}
}

========
COMMAND:cd /home/mmotwani/mywork1dir/Defects4Java7/defects4j/SIMFIX_RQ2_20_3/time/time_19_buggy && /usr/bin/timeout 120 /mnt/nfs/work1/brun/mmotwani/Defects4Java7/defects4j//framework/bin/defects4j compile
========
if(offset>0){
long prev=previousTransition(instantAdjusted);
if(prev<instantAdjusted){
int offsetPrev=getOffset(prev);
int diff=offsetPrev-offsetLocal;
if(instantAdjusted-prev<=diff){
return offsetPrev;
}
}
}

========
COMMAND:cd /home/mmotwani/mywork1dir/Defects4Java7/defects4j/SIMFIX_RQ2_20_3/time/time_19_buggy && /usr/bin/timeout 120 /mnt/nfs/work1/brun/mmotwani/Defects4Java7/defects4j//framework/bin/defects4j compile
========
if(instantUTC>0){
long prev=previousTransition(instantAdjusted);
if(prev<instantAdjusted){
int offsetPrev=getOffset(prev);
int diff=offsetPrev-offsetLocal;
if(instantAdjusted-prev<=diff){
return offsetPrev;
}
}
}

========
COMMAND:cd /home/mmotwani/mywork1dir/Defects4Java7/defects4j/SIMFIX_RQ2_20_3/time/time_19_buggy && /usr/bin/timeout 120 /mnt/nfs/work1/brun/mmotwani/Defects4Java7/defects4j//framework/bin/defects4j compile
========
if(instantLocal>0){
long prev=previousTransition(instantAdjusted);
if(prev<instantAdjusted){
int offsetPrev=getOffset(prev);
int diff=offsetPrev-offsetLocal;
if(instantAdjusted-prev<=diff){
return offsetPrev;
}
}
}

========
COMMAND:cd /home/mmotwani/mywork1dir/Defects4Java7/defects4j/SIMFIX_RQ2_20_3/time/time_19_buggy && /usr/bin/timeout 120 /mnt/nfs/work1/brun/mmotwani/Defects4Java7/defects4j//framework/bin/defects4j compile
FAILED TEST:org.joda.time.TestDateTimeZoneCutover::testDateTimeCreation_london
COUNT THESE===> Subject [_name=time, _id=19, _ssrc=/src/main/java, _tsrc=/src/test/java, _sbin=/build/classes, _tbin=/build/tests, _dependency=null] org.joda.time.TestDateTimeZoneCutover testDateTimeCreation_london
TESTING : org.joda.time.TestDateTimeZoneCutover::testDateTimeCreation_london
COMMAND:cd /home/mmotwani/mywork1dir/Defects4Java7/defects4j/SIMFIX_RQ2_20_3/time/time_19_buggy && /usr/bin/timeout 30 /mnt/nfs/work1/brun/mmotwani/Defects4Java7/defects4j//framework/bin/defects4j test -t org.joda.time.TestDateTimeZoneCutover::testDateTimeCreation_london
Failing tests: 0
TESTING : time_19
COMMAND:cd /home/mmotwani/mywork1dir/Defects4Java7/defects4j/SIMFIX_RQ2_20_3/time/time_19_buggy && /usr/bin/timeout 600 /mnt/nfs/work1/brun/mmotwani/Defects4Java7/defects4j//framework/bin/defects4j test
Failing tests: 0
Successfully repair!
