java version "1.7.0_231"
OpenJDK Runtime Environment (rhel-2.6.19.1.el7_6-x86_64 u231-b01)
OpenJDK 64-Bit Server VM (build 24.231-b01, mixed mode)
Check out 82c5e4f9 to /mnt/nfs/work1/brun/mmotwani/Defects4Java7/defects4j/ OK
Init local repository...................................................... OK
Tag post-fix revision...................................................... OK
Initialize fixed program version........................................... OK
Apply patch................................................................ OK
Initialize buggy program version........................................... OK
Diff 82c5e4f9:a92450e8..................................................... OK
Apply patch................................................................ OK
Tag pre-fix revision....................................................... OK
Check out program version: Time-19b........................................ OK
Running ant (compile)...................................................... OK
Running ant (compile.tests)................................................ OK
Running ant (compile.tests)................................................ OK
Running ant (run.dev.tests)................................................ OK
Failing tests: 1
  - org.joda.time.TestDateTimeZoneCutover::testDateTimeCreation_london
/home/mmotwani/mywork1dir/Defects4Java7/defects4j/SIMFIX_RQ2_20_2
PURIFY IS FALSE
=================================================
Project : time_19	start : 19/10/15 10:59

readFailedTest: path is /mnt/nfs/work1/brun/mmotwani/SimFix/d4j-info/failed_tests/time/19.txt#ATTEMPTS: 1

# FAILING TESTS: 1
TIMEOUT : 18000000
===========
locations= [<org.joda.time.DateTimeZone,882>, <org.joda.time.DateTimeZone,884>, <org.joda.time.DateTimeZone,885>, <org.joda.time.DateTimeZone,887>, <org.joda.time.DateTimeZone,900>, <org.joda.time.DateTimeZone,910>, <org.joda.time.tz.DateTimeZoneBuilder,1543>, <org.joda.time.tz.DateTimeZoneBuilder,1579>, <org.joda.time.tz.DateTimeZoneBuilder,1580>, <org.joda.time.tz.DateTimeZoneBuilder,1583>, <org.joda.time.tz.DateTimeZoneBuilder,1187>, <org.joda.time.tz.DateTimeZoneBuilder,1199>, <org.joda.time.tz.DateTimeZoneBuilder,1200>, <org.joda.time.tz.DateTimeZoneBuilder,1201>, <org.joda.time.tz.DateTimeZoneBuilder,1206>, <org.joda.time.tz.DateTimeZoneBuilder,1208>, <org.joda.time.tz.DateTimeZoneBuilder,1218>, <org.joda.time.tz.DateTimeZoneBuilder,1221>, <org.joda.time.tz.DateTimeZoneBuilder,1223>, <org.joda.time.tz.DateTimeZoneBuilder,1233>, <org.joda.time.tz.DateTimeZoneBuilder,1235>, <org.joda.time.tz.DateTimeZoneBuilder,1304>, <org.joda.time.tz.DateTimeZoneBuilder,1305>, <org.joda.time.tz.DateTimeZoneBuilder,1306>, <org.joda.time.tz.DateTimeZoneBuilder,1311>, <org.joda.time.tz.DateTimeZoneBuilder,1319>, <org.joda.time.tz.DateTimeZoneBuilder,1322>, <org.joda.time.tz.DateTimeZoneBuilder,1330>, <org.joda.time.tz.DateTimeZoneBuilder,1332>, <org.joda.time.tz.DateTimeZoneBuilder,761>, <org.joda.time.tz.DateTimeZoneBuilder,776>, <org.joda.time.tz.DateTimeZoneBuilder,549>, <org.joda.time.tz.DateTimeZoneBuilder,551>, <org.joda.time.tz.DateTimeZoneBuilder,554>, <org.joda.time.tz.DateTimeZoneBuilder,558>, <org.joda.time.tz.DateTimeZoneBuilder,560>, <org.joda.time.tz.DateTimeZoneBuilder,561>, <org.joda.time.tz.DateTimeZoneBuilder,563>, <org.joda.time.tz.DateTimeZoneBuilder,564>, <org.joda.time.tz.DateTimeZoneBuilder,565>, <org.joda.time.tz.DateTimeZoneBuilder,567>, <org.joda.time.tz.DateTimeZoneBuilder,573>, <org.joda.time.tz.DateTimeZoneBuilder,574>, <org.joda.time.tz.DateTimeZoneBuilder,575>, <org.joda.time.tz.DateTimeZoneBuilder,576>, <org.joda.time.tz.DateTimeZoneBuilder,577>, <org.joda.time.tz.DateTimeZoneBuilder,578>, <org.joda.time.tz.DateTimeZoneBuilder,583>, <org.joda.time.tz.DateTimeZoneBuilder,672>, <org.joda.time.tz.DateTimeZoneBuilder,682>, <org.joda.time.tz.DateTimeZoneBuilder,683>, <org.joda.time.tz.DateTimeZoneBuilder,706>, <org.joda.time.tz.DateTimeZoneBuilder,709>, <org.joda.time.tz.DateTimeZoneBuilder,710>, <org.joda.time.tz.DateTimeZoneBuilder,711>, <org.joda.time.tz.DateTimeZoneBuilder,713>, <org.joda.time.tz.DateTimeZoneBuilder,717>, <org.joda.time.tz.DateTimeZoneBuilder,718>, <org.joda.time.tz.DateTimeZoneBuilder,719>, <org.joda.time.tz.DateTimeZoneBuilder,720>, <org.joda.time.tz.DateTimeZoneBuilder,725>, <org.joda.time.tz.DateTimeZoneBuilder,726>, <org.joda.time.tz.DateTimeZoneBuilder,729>, <org.joda.time.tz.DateTimeZoneBuilder,731>, <org.joda.time.tz.CachedDateTimeZone,170>, <org.joda.time.tz.CachedDateTimeZone,171>, <org.joda.time.tz.CachedDateTimeZone,172>, <org.joda.time.chrono.AssembledChronology,133>, <org.joda.time.chrono.BasicChronology,535>, <org.joda.time.chrono.BasicChronology,544>, <org.joda.time.field.BaseDateTimeField,253>, <org.joda.time.field.PreciseDurationDateTimeField,126>, <org.joda.time.field.PreciseDurationDateTimeField,127>, <org.joda.time.DateTimeFieldType,492>, <org.joda.time.DateTimeFieldType,496>, <org.joda.time.DateTimeFieldType,498>, <org.joda.time.DateTimeFieldType,516>, <org.joda.time.DateTimeFieldType,522>, <org.joda.time.DateTimeFieldType,524>, <org.joda.time.chrono.BasicYearDateTimeField,58>, <org.joda.time.chrono.BasicYearDateTimeField,61>, <org.joda.time.chrono.BasicYearDateTimeField,62>, <org.joda.time.chrono.BasicYearDateTimeField,63>, <org.joda.time.chrono.BasicMonthOfYearDateTimeField,92>, <org.joda.time.chrono.BasicMonthOfYearDateTimeField,98>, <org.joda.time.chrono.BasicMonthOfYearDateTimeField,103>, <org.joda.time.chrono.BasicMonthOfYearDateTimeField,104>, <org.joda.time.chrono.BasicMonthOfYearDateTimeField,112>, <org.joda.time.chrono.BasicMonthOfYearDateTimeField,113>, <org.joda.time.chrono.BasicMonthOfYearDateTimeField,114>, <org.joda.time.chrono.BasicMonthOfYearDateTimeField,115>, <org.joda.time.chrono.BasicMonthOfYearDateTimeField,136>, <org.joda.time.chrono.BasicMonthOfYearDateTimeField,137>, <org.joda.time.chrono.BasicMonthOfYearDateTimeField,138>, <org.joda.time.chrono.BasicMonthOfYearDateTimeField,144>, <org.joda.time.chrono.BasicMonthOfYearDateTimeField,146>, <org.joda.time.base.AbstractInstant,424>, <org.joda.time.base.BaseDateTime,223>, <org.joda.time.base.BaseDateTime,225>, <org.joda.time.DateTime,331>, <org.joda.time.DateTime,333>, <org.joda.time.DateTimeUtils,146>, <org.joda.time.DateTimeUtils,149>, <org.joda.time.DateTimeUtils,164>, <org.joda.time.DateTimeUtils,167>, <org.joda.time.DateTimeUtils,168>, <org.joda.time.DateTimeUtils,171>, <org.joda.time.field.FieldUtils,64>, <org.joda.time.field.FieldUtils,66>, <org.joda.time.field.FieldUtils,70>, <org.joda.time.chrono.ZonedChronology,119>, <org.joda.time.chrono.ZonedChronology,139>, <org.joda.time.chrono.ZonedChronology,140>, <org.joda.time.chrono.ZonedChronology,141>, <org.joda.time.chrono.ZonedChronology,142>, <org.joda.time.chrono.ZonedChronology,147>, <org.joda.time.chrono.BasicGJChronology,121>, <org.joda.time.chrono.BasicGJChronology,140>, <org.joda.time.chrono.BasicGJChronology,180>, <org.joda.time.chrono.BasicGJChronology,188>, <org.joda.time.chrono.BasicGJChronology,190>, <org.joda.time.tz.CachedDateTimeZone,210>, <org.joda.time.format.DateTimeFormatterBuilder,83>, <org.joda.time.format.DateTimeFormatterBuilder,84>, <org.joda.time.format.DateTimeFormatterBuilder,85>, <org.joda.time.format.DateTimeFormatterBuilder,104>, <org.joda.time.format.DateTimeFormatterBuilder,105>, <org.joda.time.format.DateTimeFormatterBuilder,106>, <org.joda.time.format.DateTimeFormatterBuilder,107>, <org.joda.time.format.DateTimeFormatterBuilder,109>, <org.joda.time.format.DateTimeFormatterBuilder,110>, <org.joda.time.format.DateTimeFormatterBuilder,111>, <org.joda.time.format.DateTimeFormatterBuilder,113>, <org.joda.time.format.DateTimeFormatterBuilder,114>, <org.joda.time.format.DateTimeFormatterBuilder,209>, <org.joda.time.format.DateTimeFormatterBuilder,212>, <org.joda.time.format.DateTimeFormatterBuilder,336>, <org.joda.time.format.DateTimeFormatterBuilder,338>, <org.joda.time.format.DateTimeFormatterBuilder,339>, <org.joda.time.format.DateTimeFormatterBuilder,340>, <org.joda.time.format.DateTimeFormatterBuilder,345>, <org.joda.time.format.DateTimeFormatterBuilder,346>, <org.joda.time.format.DateTimeFormatterBuilder,347>, <org.joda.time.format.DateTimeFormatterBuilder,348>, <org.joda.time.format.DateTimeFormatterBuilder,359>, <org.joda.time.format.DateTimeFormatterBuilder,396>, <org.joda.time.format.DateTimeFormatterBuilder,399>, <org.joda.time.format.DateTimeFormatterBuilder,402>, <org.joda.time.format.DateTimeFormatterBuilder,405>, <org.joda.time.format.DateTimeFormatterBuilder,408>, <org.joda.time.format.DateTimeFormatterBuilder,448>, <org.joda.time.format.DateTimeFormatterBuilder,451>, <org.joda.time.format.DateTimeFormatterBuilder,454>, <org.joda.time.format.DateTimeFormatterBuilder,457>, <org.joda.time.format.DateTimeFormatterBuilder,460>, <org.joda.time.format.DateTimeFormatterBuilder,532>, <org.joda.time.format.DateTimeFormatterBuilder,535>, <org.joda.time.format.DateTimeFormatterBuilder,538>, <org.joda.time.format.DateTimeFormatterBuilder,541>, <org.joda.time.format.DateTimeFormatterBuilder,559>, <org.joda.time.format.DateTimeFormatterBuilder,647>, <org.joda.time.format.DateTimeFormatterBuilder,667>, <org.joda.time.format.DateTimeFormatterBuilder,687>, <org.joda.time.format.DateTimeFormatterBuilder,737>, <org.joda.time.format.DateTimeFormatterBuilder,779>, <org.joda.time.format.DateTimeFormatterBuilder,791>, <org.joda.time.format.DateTimeFormatterBuilder,1053>, <org.joda.time.format.DateTimeFormatterBuilder,1100>, <org.joda.time.format.DateTimeFormatterBuilder,1102>, <org.joda.time.format.DateTimeFormatterBuilder,1103>, <org.joda.time.format.DateTimeFormatterBuilder,1104>, <org.joda.time.format.DateTimeFormatterBuilder,1105>, <org.joda.time.format.DateTimeFormatterBuilder,1107>, <org.joda.time.format.DateTimeFormatterBuilder,1108>, <org.joda.time.format.DateTimeFormatterBuilder,1109>, <org.joda.time.format.DateTimeFormatterBuilder,1116>, <org.joda.time.format.DateTimeFormatterBuilder,1117>, <org.joda.time.format.DateTimeFormatterBuilder,1120>, <org.joda.time.format.DateTimeFormatterBuilder,1123>, <org.joda.time.format.DateTimeFormatterBuilder,1127>, <org.joda.time.format.DateTimeFormatterBuilder,1128>, <org.joda.time.format.DateTimeFormatterBuilder,1129>, <org.joda.time.format.DateTimeFormatterBuilder,1131>, <org.joda.time.format.DateTimeFormatterBuilder,1137>, <org.joda.time.format.DateTimeFormatterBuilder,1138>, <org.joda.time.format.DateTimeFormatterBuilder,1139>, <org.joda.time.format.DateTimeFormatterBuilder,1141>, <org.joda.time.format.DateTimeFormatterBuilder,1281>, <org.joda.time.format.DateTimeFormatterBuilder,1282>, <org.joda.time.format.DateTimeFormatterBuilder,1283>, <org.joda.time.format.DateTimeFormatterBuilder,1284>, <org.joda.time.format.DateTimeFormatterBuilder,1285>, <org.joda.time.format.DateTimeFormatterBuilder,1288>, <org.joda.time.format.DateTimeFormatterBuilder,1425>, <org.joda.time.format.DateTimeFormatterBuilder,1426>, <org.joda.time.format.DateTimeFormatterBuilder,1427>, <org.joda.time.format.DateTimeFormatterBuilder,1430>, <org.joda.time.format.DateTimeFormatterBuilder,1437>, <org.joda.time.format.DateTimeFormatterBuilder,1438>, <org.joda.time.format.DateTimeFormatterBuilder,1441>]
======================org.joda.time.DateTimeZone,882
========
 final int offsetLocal=getOffset(instantLocal);
 final long instantAdjusted=instantLocal-offsetOriginal;
 final int offsetAdjusted=getOffset(instantAdjusted);

========
COMMAND:cd /home/mmotwani/mywork1dir/Defects4Java7/defects4j/SIMFIX_RQ2_20_2/time/time_19_buggy && /usr/bin/timeout 120 /mnt/nfs/work1/brun/mmotwani/Defects4Java7/defects4j//framework/bin/defects4j compile
========
if(offsetLocal==offsetAdjusted){
return instantAdjusted;
}
 final int offsetLocal=getOffset(instantLocal);
 final long instantAdjusted=instantLocal-offsetLocal;
 final int offsetAdjusted=getOffset(instantAdjusted);

========
COMMAND:cd /home/mmotwani/mywork1dir/Defects4Java7/defects4j/SIMFIX_RQ2_20_2/time/time_19_buggy && /usr/bin/timeout 120 /mnt/nfs/work1/brun/mmotwani/Defects4Java7/defects4j//framework/bin/defects4j compile
========
 final int offsetLocal=getOffset(instantLocal);
 final long instantAdjusted=instantUTC-offsetLocal;
 final int offsetAdjusted=getOffset(instantAdjusted);

========
COMMAND:cd /home/mmotwani/mywork1dir/Defects4Java7/defects4j/SIMFIX_RQ2_20_2/time/time_19_buggy && /usr/bin/timeout 120 /mnt/nfs/work1/brun/mmotwani/Defects4Java7/defects4j//framework/bin/defects4j compile
========
 final int offsetLocal=getOffset(instantLocal);
 final long instantAdjusted=instantLocal-offset;
 final int offsetAdjusted=getOffset(instantAdjusted);

========
COMMAND:cd /home/mmotwani/mywork1dir/Defects4Java7/defects4j/SIMFIX_RQ2_20_2/time/time_19_buggy && /usr/bin/timeout 120 /mnt/nfs/work1/brun/mmotwani/Defects4Java7/defects4j//framework/bin/defects4j compile
========
if((instantLocal^instantAdjusted)<0&&(instantUTC^offsetLocal)>=0){
throw new ArithmeticException("Adding time zone offset caused overflow");
}
 final int offsetLocal=getOffset(instantLocal);
 final long instantAdjusted=instantLocal-offsetLocal;
 final int offsetAdjusted=getOffset(instantAdjusted);

========
COMMAND:cd /home/mmotwani/mywork1dir/Defects4Java7/defects4j/SIMFIX_RQ2_20_2/time/time_19_buggy && /usr/bin/timeout 120 /mnt/nfs/work1/brun/mmotwani/Defects4Java7/defects4j//framework/bin/defects4j compile
========
 final int offsetLocal=getOffset(instantLocal);
 final long instantAdjusted=instant-offsetLocal;
 final int offsetAdjusted=getOffset(instantAdjusted);

========
COMMAND:cd /home/mmotwani/mywork1dir/Defects4Java7/defects4j/SIMFIX_RQ2_20_2/time/time_19_buggy && /usr/bin/timeout 120 /mnt/nfs/work1/brun/mmotwani/Defects4Java7/defects4j//framework/bin/defects4j compile
========
if((instantLocal^instantAdjusted)<0&&(instant^offsetLocal)>=0){
throw new ArithmeticException("Adding time zone offset caused overflow");
}
 final int offsetLocal=getOffset(instantLocal);
 final long instantAdjusted=instantLocal-offsetLocal;
 final int offsetAdjusted=getOffset(instantAdjusted);

========
COMMAND:cd /home/mmotwani/mywork1dir/Defects4Java7/defects4j/SIMFIX_RQ2_20_2/time/time_19_buggy && /usr/bin/timeout 120 /mnt/nfs/work1/brun/mmotwani/Defects4Java7/defects4j//framework/bin/defects4j compile
========
instantAdjusted=selectChronology(chrono);
 final int offsetLocal=getOffset(instantLocal);
 final long instantAdjusted=instantLocal-offsetLocal;
 final int offsetAdjusted=getOffset(instantAdjusted);

========
COMMAND:cd /home/mmotwani/mywork1dir/Defects4Java7/defects4j/SIMFIX_RQ2_20_2/time/time_19_buggy && /usr/bin/timeout 120 /mnt/nfs/work1/brun/mmotwani/Defects4Java7/defects4j//framework/bin/defects4j compile
========
if((instantLocal^instantLocal+offsetLocal)<0&&(instant^offsetLocal)>=0){
UTC=DateTimeZone.UTC;
offset=0;
adjustedInstant=instant;
}
 final int offsetLocal=getOffset(instantLocal);
 final long instantAdjusted=instantLocal-offsetLocal;
 final int offsetAdjusted=getOffset(instantAdjusted);

========
COMMAND:cd /home/mmotwani/mywork1dir/Defects4Java7/defects4j/SIMFIX_RQ2_20_2/time/time_19_buggy && /usr/bin/timeout 120 /mnt/nfs/work1/brun/mmotwani/Defects4Java7/defects4j//framework/bin/defects4j compile
========
 final int offsetLocal=getOffset(instantLocal);
 final long instantAdjusted=instant-offset;
 final int offsetAdjusted=getOffset(instantAdjusted);

========
COMMAND:cd /home/mmotwani/mywork1dir/Defects4Java7/defects4j/SIMFIX_RQ2_20_2/time/time_19_buggy && /usr/bin/timeout 120 /mnt/nfs/work1/brun/mmotwani/Defects4Java7/defects4j//framework/bin/defects4j compile
========
 final int offsetLocal=getOffset(instantLocal);
 final long instantAdjusted=instantMillis-offsetLocal;
 final int offsetAdjusted=getOffset(instantAdjusted);

========
COMMAND:cd /home/mmotwani/mywork1dir/Defects4Java7/defects4j/SIMFIX_RQ2_20_2/time/time_19_buggy && /usr/bin/timeout 120 /mnt/nfs/work1/brun/mmotwani/Defects4Java7/defects4j//framework/bin/defects4j compile
========
 final int offsetLocal=getOffset(instantAdjusted);
 final long instantAdjusted=instantLocal-offsetLocal;
 final int offsetAdjusted=getOffset(instantAdjusted);

========
COMMAND:cd /home/mmotwani/mywork1dir/Defects4Java7/defects4j/SIMFIX_RQ2_20_2/time/time_19_buggy && /usr/bin/timeout 120 /mnt/nfs/work1/brun/mmotwani/Defects4Java7/defects4j//framework/bin/defects4j compile
========
if(serialVersionUID==instantAdjusted||next>serialVersionUID){
break;
}
 final int offsetLocal=getOffset(instantLocal);
 final long instantAdjusted=instantLocal-offsetLocal;
 final int offsetAdjusted=getOffset(instantAdjusted);

========
COMMAND:cd /home/mmotwani/mywork1dir/Defects4Java7/defects4j/SIMFIX_RQ2_20_2/time/time_19_buggy && /usr/bin/timeout 120 /mnt/nfs/work1/brun/mmotwani/Defects4Java7/defects4j//framework/bin/defects4j compile
========
instantAdjusted=serialVersionUID;
 final int offsetLocal=getOffset(instantLocal);
 final long instantAdjusted=instantLocal-offsetLocal;
 final int offsetAdjusted=getOffset(instantAdjusted);

========
COMMAND:cd /home/mmotwani/mywork1dir/Defects4Java7/defects4j/SIMFIX_RQ2_20_2/time/time_19_buggy && /usr/bin/timeout 120 /mnt/nfs/work1/brun/mmotwani/Defects4Java7/defects4j//framework/bin/defects4j compile
========
if((instantLocal^instantAdjusted)<0&&(instantLocal^offsetLocal)<0){
throw new ArithmeticException("Subtracting time zone offset caused overflow");
}
 final int offsetLocal=getOffset(instantLocal);
 final long instantAdjusted=instantLocal-offsetLocal;
 final int offsetAdjusted=getOffset(instantAdjusted);

========
COMMAND:cd /home/mmotwani/mywork1dir/Defects4Java7/defects4j/SIMFIX_RQ2_20_2/time/time_19_buggy && /usr/bin/timeout 120 /mnt/nfs/work1/brun/mmotwani/Defects4Java7/defects4j//framework/bin/defects4j compile
========
instantAdjusted=selectChronology(chrono);
 final int offsetLocal=getOffset(instantLocal);
 final long instantAdjusted=instant-offsetLocal;
 final int offsetAdjusted=getOffset(instantAdjusted);

========
COMMAND:cd /home/mmotwani/mywork1dir/Defects4Java7/defects4j/SIMFIX_RQ2_20_2/time/time_19_buggy && /usr/bin/timeout 120 /mnt/nfs/work1/brun/mmotwani/Defects4Java7/defects4j//framework/bin/defects4j compile
========
if((instantLocal^instantLocal+offsetLocal)<0&&(instant^offsetLocal)>=0){
UTC=DateTimeZone.UTC;
offset=0;
adjustedInstant=instant;
}
 final int offsetLocal=getOffset(instantLocal);
 final long instantAdjusted=instant-offsetLocal;
 final int offsetAdjusted=getOffset(instantAdjusted);

========
COMMAND:cd /home/mmotwani/mywork1dir/Defects4Java7/defects4j/SIMFIX_RQ2_20_2/time/time_19_buggy && /usr/bin/timeout 120 /mnt/nfs/work1/brun/mmotwani/Defects4Java7/defects4j//framework/bin/defects4j compile
========
instantAdjusted=selectChronology(chrono);
 final int offsetLocal=getOffset(instantLocal);
 final long instantAdjusted=instantLocal-offset;
 final int offsetAdjusted=getOffset(instantAdjusted);

========
COMMAND:cd /home/mmotwani/mywork1dir/Defects4Java7/defects4j/SIMFIX_RQ2_20_2/time/time_19_buggy && /usr/bin/timeout 120 /mnt/nfs/work1/brun/mmotwani/Defects4Java7/defects4j//framework/bin/defects4j compile
========
if((instantLocal^instantLocal+offsetLocal)<0&&(instant^offsetLocal)>=0){
UTC=DateTimeZone.UTC;
offset=0;
adjustedInstant=instant;
}
 final int offsetLocal=getOffset(instantLocal);
 final long instantAdjusted=instantLocal-offset;
 final int offsetAdjusted=getOffset(instantAdjusted);

========
COMMAND:cd /home/mmotwani/mywork1dir/Defects4Java7/defects4j/SIMFIX_RQ2_20_2/time/time_19_buggy && /usr/bin/timeout 120 /mnt/nfs/work1/brun/mmotwani/Defects4Java7/defects4j//framework/bin/defects4j compile
========
instantAdjusted=selectChronology(chrono);
if((instantLocal^instantLocal+offsetLocal)<0&&(instant^offsetLocal)>=0){
UTC=DateTimeZone.UTC;
offset=0;
adjustedInstant=instant;
}
 final int offsetLocal=getOffset(instantLocal);
 final long instantAdjusted=instantLocal-offsetLocal;
 final int offsetAdjusted=getOffset(instantAdjusted);

========
COMMAND:cd /home/mmotwani/mywork1dir/Defects4Java7/defects4j/SIMFIX_RQ2_20_2/time/time_19_buggy && /usr/bin/timeout 120 /mnt/nfs/work1/brun/mmotwani/Defects4Java7/defects4j//framework/bin/defects4j compile
========
instantAdjusted=selectChronology(chrono);
 final int offsetLocal=getOffset(instantLocal);
 final long instantAdjusted=instant-offset;
 final int offsetAdjusted=getOffset(instantAdjusted);

========
COMMAND:cd /home/mmotwani/mywork1dir/Defects4Java7/defects4j/SIMFIX_RQ2_20_2/time/time_19_buggy && /usr/bin/timeout 120 /mnt/nfs/work1/brun/mmotwani/Defects4Java7/defects4j//framework/bin/defects4j compile
========
if((instantLocal^instantLocal+offsetLocal)<0&&(instant^offsetLocal)>=0){
UTC=DateTimeZone.UTC;
offset=0;
adjustedInstant=instant;
}
 final int offsetLocal=getOffset(instantLocal);
 final long instantAdjusted=instant-offset;
 final int offsetAdjusted=getOffset(instantAdjusted);

========
COMMAND:cd /home/mmotwani/mywork1dir/Defects4Java7/defects4j/SIMFIX_RQ2_20_2/time/time_19_buggy && /usr/bin/timeout 120 /mnt/nfs/work1/brun/mmotwani/Defects4Java7/defects4j//framework/bin/defects4j compile
========
instantAdjusted=selectChronology(chrono);
if((instantLocal^instantLocal+offsetLocal)<0&&(instant^offsetLocal)>=0){
UTC=DateTimeZone.UTC;
offset=0;
adjustedInstant=instant;
}
 final int offsetLocal=getOffset(instantLocal);
 final long instantAdjusted=instant-offsetLocal;
 final int offsetAdjusted=getOffset(instantAdjusted);

========
COMMAND:cd /home/mmotwani/mywork1dir/Defects4Java7/defects4j/SIMFIX_RQ2_20_2/time/time_19_buggy && /usr/bin/timeout 120 /mnt/nfs/work1/brun/mmotwani/Defects4Java7/defects4j//framework/bin/defects4j compile
========
instantAdjusted=selectChronology(chrono);
if((instantLocal^instantLocal+offsetLocal)<0&&(instant^offsetLocal)>=0){
UTC=DateTimeZone.UTC;
offset=0;
adjustedInstant=instant;
}
 final int offsetLocal=getOffset(instantLocal);
 final long instantAdjusted=instantLocal-offset;
 final int offsetAdjusted=getOffset(instantAdjusted);

========
COMMAND:cd /home/mmotwani/mywork1dir/Defects4Java7/defects4j/SIMFIX_RQ2_20_2/time/time_19_buggy && /usr/bin/timeout 120 /mnt/nfs/work1/brun/mmotwani/Defects4Java7/defects4j//framework/bin/defects4j compile
========
instantAdjusted=selectChronology(chrono);
if((instantLocal^instantLocal+offsetLocal)<0&&(instant^offsetLocal)>=0){
UTC=DateTimeZone.UTC;
offset=0;
adjustedInstant=instant;
}
 final int offsetLocal=getOffset(instantLocal);
 final long instantAdjusted=instant-offset;
 final int offsetAdjusted=getOffset(instantAdjusted);

========
COMMAND:cd /home/mmotwani/mywork1dir/Defects4Java7/defects4j/SIMFIX_RQ2_20_2/time/time_19_buggy && /usr/bin/timeout 120 /mnt/nfs/work1/brun/mmotwani/Defects4Java7/defects4j//framework/bin/defects4j compile
========
if((instantLocal^instantAdjusted)<0&&(instant^offsetLocal)>=0){
throw new ArithmeticException("Adding time zone offset caused overflow");
}
 final int offsetLocal=getOffset(instantLocal);
 final long instantAdjusted=instant-offsetLocal;
 final int offsetAdjusted=getOffset(instantAdjusted);

========
COMMAND:cd /home/mmotwani/mywork1dir/Defects4Java7/defects4j/SIMFIX_RQ2_20_2/time/time_19_buggy && /usr/bin/timeout 120 /mnt/nfs/work1/brun/mmotwani/Defects4Java7/defects4j//framework/bin/defects4j compile
========
if((instantLocal^instantAdjusted)<0&&(instant^offsetLocal)>=0){
throw new ArithmeticException("Adding time zone offset caused overflow");
}
 final int offsetLocal=getOffset(instantLocal);
 final long instantAdjusted=instantLocal-offset;
 final int offsetAdjusted=getOffset(instantAdjusted);

========
COMMAND:cd /home/mmotwani/mywork1dir/Defects4Java7/defects4j/SIMFIX_RQ2_20_2/time/time_19_buggy && /usr/bin/timeout 120 /mnt/nfs/work1/brun/mmotwani/Defects4Java7/defects4j//framework/bin/defects4j compile
========
if((instantLocal^instantAdjusted)<0&&(instant^offsetLocal)>=0){
throw new ArithmeticException("Adding time zone offset caused overflow");
}
 final int offsetLocal=getOffset(instantLocal);
 final long instantAdjusted=instant-offset;
 final int offsetAdjusted=getOffset(instantAdjusted);

========
COMMAND:cd /home/mmotwani/mywork1dir/Defects4Java7/defects4j/SIMFIX_RQ2_20_2/time/time_19_buggy && /usr/bin/timeout 120 /mnt/nfs/work1/brun/mmotwani/Defects4Java7/defects4j//framework/bin/defects4j compile
org.joda.time.DateTimeZone,884
org.joda.time.DateTimeZone,885
org.joda.time.DateTimeZone,887
========
if(nextLocal==nextAdjusted){
return offsetLocal;
}

========
COMMAND:cd /home/mmotwani/mywork1dir/Defects4Java7/defects4j/SIMFIX_RQ2_20_2/time/time_19_buggy && /usr/bin/timeout 120 /mnt/nfs/work1/brun/mmotwani/Defects4Java7/defects4j//framework/bin/defects4j compile
FAILED TEST:org.joda.time.TestDateTimeZoneCutover::testDateTimeCreation_london
COUNT THESE===> Subject [_name=time, _id=19, _ssrc=/src/main/java, _tsrc=/src/test/java, _sbin=/build/classes, _tbin=/build/tests, _dependency=null] org.joda.time.TestDateTimeZoneCutover testDateTimeCreation_london
TESTING : org.joda.time.TestDateTimeZoneCutover::testDateTimeCreation_london
COMMAND:cd /home/mmotwani/mywork1dir/Defects4Java7/defects4j/SIMFIX_RQ2_20_2/time/time_19_buggy && /usr/bin/timeout 30 /mnt/nfs/work1/brun/mmotwani/Defects4Java7/defects4j//framework/bin/defects4j test -t org.joda.time.TestDateTimeZoneCutover::testDateTimeCreation_london
  - org.joda.time.TestDateTimeZoneCutover::testDateTimeCreation_london
Failing tests: 1
Running ant (run.dev.tests)................................................ OK
Running ant (compile.tests)................................................ OK
========
if(instantLocal==(nextAdjusted-nextLocal)){
return offsetLocal;
}

========
COMMAND:cd /home/mmotwani/mywork1dir/Defects4Java7/defects4j/SIMFIX_RQ2_20_2/time/time_19_buggy && /usr/bin/timeout 120 /mnt/nfs/work1/brun/mmotwani/Defects4Java7/defects4j//framework/bin/defects4j compile
FAILED TEST:org.joda.time.TestDateTimeZoneCutover::testDateTimeCreation_london
COUNT THESE===> Subject [_name=time, _id=19, _ssrc=/src/main/java, _tsrc=/src/test/java, _sbin=/build/classes, _tbin=/build/tests, _dependency=null] org.joda.time.TestDateTimeZoneCutover testDateTimeCreation_london
TESTING : org.joda.time.TestDateTimeZoneCutover::testDateTimeCreation_london
COMMAND:cd /home/mmotwani/mywork1dir/Defects4Java7/defects4j/SIMFIX_RQ2_20_2/time/time_19_buggy && /usr/bin/timeout 30 /mnt/nfs/work1/brun/mmotwani/Defects4Java7/defects4j//framework/bin/defects4j test -t org.joda.time.TestDateTimeZoneCutover::testDateTimeCreation_london
  - org.joda.time.TestDateTimeZoneCutover::testDateTimeCreation_london
Failing tests: 1
Running ant (run.dev.tests)................................................ OK
Running ant (compile.tests)................................................ OK
========
if(nextLocal!=(nextAdjusted-nextLocal)){
return offsetLocal;
}

========
COMMAND:cd /home/mmotwani/mywork1dir/Defects4Java7/defects4j/SIMFIX_RQ2_20_2/time/time_19_buggy && /usr/bin/timeout 120 /mnt/nfs/work1/brun/mmotwani/Defects4Java7/defects4j//framework/bin/defects4j compile
FAILED TEST:org.joda.time.TestDateTimeZoneCutover::testDateTimeCreation_london
COUNT THESE===> Subject [_name=time, _id=19, _ssrc=/src/main/java, _tsrc=/src/test/java, _sbin=/build/classes, _tbin=/build/tests, _dependency=null] org.joda.time.TestDateTimeZoneCutover testDateTimeCreation_london
TESTING : org.joda.time.TestDateTimeZoneCutover::testDateTimeCreation_london
COMMAND:cd /home/mmotwani/mywork1dir/Defects4Java7/defects4j/SIMFIX_RQ2_20_2/time/time_19_buggy && /usr/bin/timeout 30 /mnt/nfs/work1/brun/mmotwani/Defects4Java7/defects4j//framework/bin/defects4j test -t org.joda.time.TestDateTimeZoneCutover::testDateTimeCreation_london
  - org.joda.time.TestDateTimeZoneCutover::testDateTimeCreation_london
Failing tests: 1
Running ant (run.dev.tests)................................................ OK
Running ant (compile.tests)................................................ OK
========
if(nextLocal==(nextAdjusted-nextLocal)){
return offsetLocal;
}

========
COMMAND:cd /home/mmotwani/mywork1dir/Defects4Java7/defects4j/SIMFIX_RQ2_20_2/time/time_19_buggy && /usr/bin/timeout 120 /mnt/nfs/work1/brun/mmotwani/Defects4Java7/defects4j//framework/bin/defects4j compile
FAILED TEST:org.joda.time.TestDateTimeZoneCutover::testDateTimeCreation_london
COUNT THESE===> Subject [_name=time, _id=19, _ssrc=/src/main/java, _tsrc=/src/test/java, _sbin=/build/classes, _tbin=/build/tests, _dependency=null] org.joda.time.TestDateTimeZoneCutover testDateTimeCreation_london
TESTING : org.joda.time.TestDateTimeZoneCutover::testDateTimeCreation_london
COMMAND:cd /home/mmotwani/mywork1dir/Defects4Java7/defects4j/SIMFIX_RQ2_20_2/time/time_19_buggy && /usr/bin/timeout 30 /mnt/nfs/work1/brun/mmotwani/Defects4Java7/defects4j//framework/bin/defects4j test -t org.joda.time.TestDateTimeZoneCutover::testDateTimeCreation_london
  - org.joda.time.TestDateTimeZoneCutover::testDateTimeCreation_london
Failing tests: 1
Running ant (run.dev.tests)................................................ OK
Running ant (compile.tests)................................................ OK
========
if(instantAdjusted==(nextLocal-nextAdjusted)){
return offsetLocal;
}

========
COMMAND:cd /home/mmotwani/mywork1dir/Defects4Java7/defects4j/SIMFIX_RQ2_20_2/time/time_19_buggy && /usr/bin/timeout 120 /mnt/nfs/work1/brun/mmotwani/Defects4Java7/defects4j//framework/bin/defects4j compile
FAILED TEST:org.joda.time.TestDateTimeZoneCutover::testDateTimeCreation_london
COUNT THESE===> Subject [_name=time, _id=19, _ssrc=/src/main/java, _tsrc=/src/test/java, _sbin=/build/classes, _tbin=/build/tests, _dependency=null] org.joda.time.TestDateTimeZoneCutover testDateTimeCreation_london
TESTING : org.joda.time.TestDateTimeZoneCutover::testDateTimeCreation_london
COMMAND:cd /home/mmotwani/mywork1dir/Defects4Java7/defects4j/SIMFIX_RQ2_20_2/time/time_19_buggy && /usr/bin/timeout 30 /mnt/nfs/work1/brun/mmotwani/Defects4Java7/defects4j//framework/bin/defects4j test -t org.joda.time.TestDateTimeZoneCutover::testDateTimeCreation_london
  - org.joda.time.TestDateTimeZoneCutover::testDateTimeCreation_london
Failing tests: 1
Running ant (run.dev.tests)................................................ OK
Running ant (compile.tests)................................................ OK
========
if(nextLocal!=(nextLocal-nextAdjusted)){
return offsetLocal;
}

========
COMMAND:cd /home/mmotwani/mywork1dir/Defects4Java7/defects4j/SIMFIX_RQ2_20_2/time/time_19_buggy && /usr/bin/timeout 120 /mnt/nfs/work1/brun/mmotwani/Defects4Java7/defects4j//framework/bin/defects4j compile
FAILED TEST:org.joda.time.TestDateTimeZoneCutover::testDateTimeCreation_london
COUNT THESE===> Subject [_name=time, _id=19, _ssrc=/src/main/java, _tsrc=/src/test/java, _sbin=/build/classes, _tbin=/build/tests, _dependency=null] org.joda.time.TestDateTimeZoneCutover testDateTimeCreation_london
TESTING : org.joda.time.TestDateTimeZoneCutover::testDateTimeCreation_london
COMMAND:cd /home/mmotwani/mywork1dir/Defects4Java7/defects4j/SIMFIX_RQ2_20_2/time/time_19_buggy && /usr/bin/timeout 30 /mnt/nfs/work1/brun/mmotwani/Defects4Java7/defects4j//framework/bin/defects4j test -t org.joda.time.TestDateTimeZoneCutover::testDateTimeCreation_london
  - org.joda.time.TestDateTimeZoneCutover::testDateTimeCreation_london
Failing tests: 1
Running ant (run.dev.tests)................................................ OK
Running ant (compile.tests)................................................ OK
========
if(nextLocal==(nextLocal-nextAdjusted)){
return offsetLocal;
}

========
COMMAND:cd /home/mmotwani/mywork1dir/Defects4Java7/defects4j/SIMFIX_RQ2_20_2/time/time_19_buggy && /usr/bin/timeout 120 /mnt/nfs/work1/brun/mmotwani/Defects4Java7/defects4j//framework/bin/defects4j compile
FAILED TEST:org.joda.time.TestDateTimeZoneCutover::testDateTimeCreation_london
COUNT THESE===> Subject [_name=time, _id=19, _ssrc=/src/main/java, _tsrc=/src/test/java, _sbin=/build/classes, _tbin=/build/tests, _dependency=null] org.joda.time.TestDateTimeZoneCutover testDateTimeCreation_london
TESTING : org.joda.time.TestDateTimeZoneCutover::testDateTimeCreation_london
COMMAND:cd /home/mmotwani/mywork1dir/Defects4Java7/defects4j/SIMFIX_RQ2_20_2/time/time_19_buggy && /usr/bin/timeout 30 /mnt/nfs/work1/brun/mmotwani/Defects4Java7/defects4j//framework/bin/defects4j test -t org.joda.time.TestDateTimeZoneCutover::testDateTimeCreation_london
  - org.joda.time.TestDateTimeZoneCutover::testDateTimeCreation_london
Failing tests: 1
Running ant (run.dev.tests)................................................ OK
Running ant (compile.tests)................................................ OK
========
if(nextLocal!=nextAdjusted){
return offsetPrev;
}

========
COMMAND:cd /home/mmotwani/mywork1dir/Defects4Java7/defects4j/SIMFIX_RQ2_20_2/time/time_19_buggy && /usr/bin/timeout 120 /mnt/nfs/work1/brun/mmotwani/Defects4Java7/defects4j//framework/bin/defects4j compile
========
if((offsetLocal-offsetAdjusted)<offsetAdjusted){
long nextLocal=nextTransition(instantAdjusted);
long nextAdjusted=nextTransition(instantLocal-offsetAdjusted);
if(nextLocal!=nextAdjusted){
return offsetLocal;
}
}

========
COMMAND:cd /home/mmotwani/mywork1dir/Defects4Java7/defects4j/SIMFIX_RQ2_20_2/time/time_19_buggy && /usr/bin/timeout 120 /mnt/nfs/work1/brun/mmotwani/Defects4Java7/defects4j//framework/bin/defects4j compile
FAILED TEST:org.joda.time.TestDateTimeZoneCutover::testDateTimeCreation_london
COUNT THESE===> Subject [_name=time, _id=19, _ssrc=/src/main/java, _tsrc=/src/test/java, _sbin=/build/classes, _tbin=/build/tests, _dependency=null] org.joda.time.TestDateTimeZoneCutover testDateTimeCreation_london
TESTING : org.joda.time.TestDateTimeZoneCutover::testDateTimeCreation_london
COMMAND:cd /home/mmotwani/mywork1dir/Defects4Java7/defects4j/SIMFIX_RQ2_20_2/time/time_19_buggy && /usr/bin/timeout 30 /mnt/nfs/work1/brun/mmotwani/Defects4Java7/defects4j//framework/bin/defects4j test -t org.joda.time.TestDateTimeZoneCutover::testDateTimeCreation_london
  - org.joda.time.TestDateTimeZoneCutover::testDateTimeCreation_london
Failing tests: 1
Running ant (run.dev.tests)................................................ OK
Running ant (compile.tests)................................................ OK
========
if((offsetLocal-offsetAdjusted)<offsetLocal){
long nextLocal=nextTransition(instantAdjusted);
long nextAdjusted=nextTransition(instantLocal-offsetAdjusted);
if(nextLocal!=nextAdjusted){
return offsetLocal;
}
}

========
COMMAND:cd /home/mmotwani/mywork1dir/Defects4Java7/defects4j/SIMFIX_RQ2_20_2/time/time_19_buggy && /usr/bin/timeout 120 /mnt/nfs/work1/brun/mmotwani/Defects4Java7/defects4j//framework/bin/defects4j compile
FAILED TEST:org.joda.time.TestDateTimeZoneCutover::testDateTimeCreation_london
COUNT THESE===> Subject [_name=time, _id=19, _ssrc=/src/main/java, _tsrc=/src/test/java, _sbin=/build/classes, _tbin=/build/tests, _dependency=null] org.joda.time.TestDateTimeZoneCutover testDateTimeCreation_london
TESTING : org.joda.time.TestDateTimeZoneCutover::testDateTimeCreation_london
COMMAND:cd /home/mmotwani/mywork1dir/Defects4Java7/defects4j/SIMFIX_RQ2_20_2/time/time_19_buggy && /usr/bin/timeout 30 /mnt/nfs/work1/brun/mmotwani/Defects4Java7/defects4j//framework/bin/defects4j test -t org.joda.time.TestDateTimeZoneCutover::testDateTimeCreation_london
  - org.joda.time.TestDateTimeZoneCutover::testDateTimeCreation_london
Failing tests: 1
Running ant (run.dev.tests)................................................ OK
Running ant (compile.tests)................................................ OK
========
if((offsetLocal-offsetAdjusted)<0){
long nextLocal=previousTransition(instantAdjusted);
long nextAdjusted=nextTransition(instantLocal-offsetAdjusted);
if(nextLocal!=nextAdjusted){
return offsetLocal;
}
}

========
COMMAND:cd /home/mmotwani/mywork1dir/Defects4Java7/defects4j/SIMFIX_RQ2_20_2/time/time_19_buggy && /usr/bin/timeout 120 /mnt/nfs/work1/brun/mmotwani/Defects4Java7/defects4j//framework/bin/defects4j compile
FAILED TEST:org.joda.time.TestDateTimeZoneCutover::testDateTimeCreation_london
COUNT THESE===> Subject [_name=time, _id=19, _ssrc=/src/main/java, _tsrc=/src/test/java, _sbin=/build/classes, _tbin=/build/tests, _dependency=null] org.joda.time.TestDateTimeZoneCutover testDateTimeCreation_london
TESTING : org.joda.time.TestDateTimeZoneCutover::testDateTimeCreation_london
COMMAND:cd /home/mmotwani/mywork1dir/Defects4Java7/defects4j/SIMFIX_RQ2_20_2/time/time_19_buggy && /usr/bin/timeout 30 /mnt/nfs/work1/brun/mmotwani/Defects4Java7/defects4j//framework/bin/defects4j test -t org.joda.time.TestDateTimeZoneCutover::testDateTimeCreation_london
  - org.joda.time.TestDateTimeZoneCutover::testDateTimeCreation_london
Failing tests: 1
Running ant (run.dev.tests)................................................ OK
Running ant (compile.tests)................................................ OK
========
if((offsetLocal-offsetAdjusted)<0){
long nextLocal=nextTransition(instantAdjusted);
long nextAdjusted=nextTransition(instantLocal-offsetAdjusted);
if(nextLocal!=nextAdjusted){
return offsetPrev;
}
}

========
COMMAND:cd /home/mmotwani/mywork1dir/Defects4Java7/defects4j/SIMFIX_RQ2_20_2/time/time_19_buggy && /usr/bin/timeout 120 /mnt/nfs/work1/brun/mmotwani/Defects4Java7/defects4j//framework/bin/defects4j compile
========
if(prev<millis){
int offsetPrev=getOffset(prev);
int diff=offsetPrev-offsetLocal;
if(instantAdjusted-prev<=diff){
return offsetPrev;
}
}

========
COMMAND:cd /home/mmotwani/mywork1dir/Defects4Java7/defects4j/SIMFIX_RQ2_20_2/time/time_19_buggy && /usr/bin/timeout 120 /mnt/nfs/work1/brun/mmotwani/Defects4Java7/defects4j//framework/bin/defects4j compile
========
if(prev<iPeriodStart){
int offsetPrev=getOffset(prev);
int diff=offsetPrev-offsetLocal;
if(instantAdjusted-prev<=diff){
return offsetPrev;
}
}

========
COMMAND:cd /home/mmotwani/mywork1dir/Defects4Java7/defects4j/SIMFIX_RQ2_20_2/time/time_19_buggy && /usr/bin/timeout 120 /mnt/nfs/work1/brun/mmotwani/Defects4Java7/defects4j//framework/bin/defects4j compile
========
if(prev<transitions.length){
int offsetPrev=getOffset(prev);
int diff=offsetPrev-offsetLocal;
if(instantAdjusted-prev<=diff){
return offsetPrev;
}
}

========
COMMAND:cd /home/mmotwani/mywork1dir/Defects4Java7/defects4j/SIMFIX_RQ2_20_2/time/time_19_buggy && /usr/bin/timeout 120 /mnt/nfs/work1/brun/mmotwani/Defects4Java7/defects4j//framework/bin/defects4j compile
========
if(prev<length){
int offsetPrev=getOffset(prev);
int diff=offsetPrev-offsetLocal;
if(instantAdjusted-prev<=diff){
return offsetPrev;
}
}

========
COMMAND:cd /home/mmotwani/mywork1dir/Defects4Java7/defects4j/SIMFIX_RQ2_20_2/time/time_19_buggy && /usr/bin/timeout 120 /mnt/nfs/work1/brun/mmotwani/Defects4Java7/defects4j//framework/bin/defects4j compile
========
if(prev<instant){
int offsetPrev=getOffset(prev);
int diff=offsetPrev-offsetLocal;
if(instantAdjusted-prev<=diff){
return offsetPrev;
}
}

========
COMMAND:cd /home/mmotwani/mywork1dir/Defects4Java7/defects4j/SIMFIX_RQ2_20_2/time/time_19_buggy && /usr/bin/timeout 120 /mnt/nfs/work1/brun/mmotwani/Defects4Java7/defects4j//framework/bin/defects4j compile
========
if(prev<instantUTC){
int offsetPrev=getOffset(prev);
int diff=offsetPrev-offsetLocal;
if(instantAdjusted-prev<=diff){
return offsetPrev;
}
}

========
COMMAND:cd /home/mmotwani/mywork1dir/Defects4Java7/defects4j/SIMFIX_RQ2_20_2/time/time_19_buggy && /usr/bin/timeout 120 /mnt/nfs/work1/brun/mmotwani/Defects4Java7/defects4j//framework/bin/defects4j compile
========
if(offsetPrev<prev){
int offsetPrev=getOffset(prev);
int diff=offsetPrev-offsetLocal;
if(instantAdjusted-prev<=diff){
return offsetPrev;
}
}

========
COMMAND:cd /home/mmotwani/mywork1dir/Defects4Java7/defects4j/SIMFIX_RQ2_20_2/time/time_19_buggy && /usr/bin/timeout 120 /mnt/nfs/work1/brun/mmotwani/Defects4Java7/defects4j//framework/bin/defects4j compile
========
if(prev<next){
int offsetPrev=getOffset(prev);
int diff=offsetPrev-offsetLocal;
if(instantAdjusted-prev<=diff){
return offsetPrev;
}
}

========
COMMAND:cd /home/mmotwani/mywork1dir/Defects4Java7/defects4j/SIMFIX_RQ2_20_2/time/time_19_buggy && /usr/bin/timeout 120 /mnt/nfs/work1/brun/mmotwani/Defects4Java7/defects4j//framework/bin/defects4j compile
========
if(prev<end){
int offsetPrev=getOffset(prev);
int diff=offsetPrev-offsetLocal;
if(instantAdjusted-prev<=diff){
return offsetPrev;
}
}

========
COMMAND:cd /home/mmotwani/mywork1dir/Defects4Java7/defects4j/SIMFIX_RQ2_20_2/time/time_19_buggy && /usr/bin/timeout 120 /mnt/nfs/work1/brun/mmotwani/Defects4Java7/defects4j//framework/bin/defects4j compile
========
prev=instantAdjusted;
if(prev<instantAdjusted){
int offsetPrev=getOffset(prev);
int diff=offsetPrev-offsetLocal;
if(instantAdjusted-prev<=diff){
return offsetPrev;
}
}

========
COMMAND:cd /home/mmotwani/mywork1dir/Defects4Java7/defects4j/SIMFIX_RQ2_20_2/time/time_19_buggy && /usr/bin/timeout 120 /mnt/nfs/work1/brun/mmotwani/Defects4Java7/defects4j//framework/bin/defects4j compile
FAILED TEST:org.joda.time.TestDateTimeZoneCutover::testDateTimeCreation_london
COUNT THESE===> Subject [_name=time, _id=19, _ssrc=/src/main/java, _tsrc=/src/test/java, _sbin=/build/classes, _tbin=/build/tests, _dependency=null] org.joda.time.TestDateTimeZoneCutover testDateTimeCreation_london
TESTING : org.joda.time.TestDateTimeZoneCutover::testDateTimeCreation_london
COMMAND:cd /home/mmotwani/mywork1dir/Defects4Java7/defects4j/SIMFIX_RQ2_20_2/time/time_19_buggy && /usr/bin/timeout 30 /mnt/nfs/work1/brun/mmotwani/Defects4Java7/defects4j//framework/bin/defects4j test -t org.joda.time.TestDateTimeZoneCutover::testDateTimeCreation_london
  - org.joda.time.TestDateTimeZoneCutover::testDateTimeCreation_london
Failing tests: 1
Running ant (run.dev.tests)................................................ OK
Running ant (compile.tests)................................................ OK
========
if(offsetLocal==diff&&iID.equals(UTC.getNameKey(prev))){
System.out.println("*d* Error in "+UTC.getID());
return false;
}
if(prev<instantAdjusted){
int offsetPrev=getOffset(prev);
int diff=offsetPrev-offsetLocal;
if(instantAdjusted-prev<=diff){
return offsetPrev;
}
}

========
COMMAND:cd /home/mmotwani/mywork1dir/Defects4Java7/defects4j/SIMFIX_RQ2_20_2/time/time_19_buggy && /usr/bin/timeout 120 /mnt/nfs/work1/brun/mmotwani/Defects4Java7/defects4j//framework/bin/defects4j compile
========
if(prev<MIN_VALUE){
int offsetPrev=getOffset(prev);
int diff=offsetPrev-offsetLocal;
if(instantAdjusted-prev<=diff){
return offsetPrev;
}
}

========
COMMAND:cd /home/mmotwani/mywork1dir/Defects4Java7/defects4j/SIMFIX_RQ2_20_2/time/time_19_buggy && /usr/bin/timeout 120 /mnt/nfs/work1/brun/mmotwani/Defects4Java7/defects4j//framework/bin/defects4j compile
========
if(prev<instantLocal){
int offsetPrev=getOffset(prev);
int diff=offsetPrev-offsetLocal;
if(instantAdjusted-prev<=diff){
return offsetPrev;
}
}

========
COMMAND:cd /home/mmotwani/mywork1dir/Defects4Java7/defects4j/SIMFIX_RQ2_20_2/time/time_19_buggy && /usr/bin/timeout 120 /mnt/nfs/work1/brun/mmotwani/Defects4Java7/defects4j//framework/bin/defects4j compile
FAILED TEST:org.joda.time.TestDateTimeZoneCutover::testDateTimeCreation_london
COUNT THESE===> Subject [_name=time, _id=19, _ssrc=/src/main/java, _tsrc=/src/test/java, _sbin=/build/classes, _tbin=/build/tests, _dependency=null] org.joda.time.TestDateTimeZoneCutover testDateTimeCreation_london
TESTING : org.joda.time.TestDateTimeZoneCutover::testDateTimeCreation_london
COMMAND:cd /home/mmotwani/mywork1dir/Defects4Java7/defects4j/SIMFIX_RQ2_20_2/time/time_19_buggy && /usr/bin/timeout 30 /mnt/nfs/work1/brun/mmotwani/Defects4Java7/defects4j//framework/bin/defects4j test -t org.joda.time.TestDateTimeZoneCutover::testDateTimeCreation_london
  - org.joda.time.TestDateTimeZoneCutover::testDateTimeCreation_london
Failing tests: 1
Running ant (run.dev.tests)................................................ OK
Running ant (compile.tests)................................................ OK
========
if(diff==(instantLocal-prev)){
nextAdjusted=Long.MAX_VALUE;
}
if(prev<instantAdjusted){
int offsetPrev=getOffset(prev);
int diff=offsetPrev-offsetLocal;
if(instantAdjusted-prev<=diff){
return offsetPrev;
}
}

========
COMMAND:cd /home/mmotwani/mywork1dir/Defects4Java7/defects4j/SIMFIX_RQ2_20_2/time/time_19_buggy && /usr/bin/timeout 120 /mnt/nfs/work1/brun/mmotwani/Defects4Java7/defects4j//framework/bin/defects4j compile
========
if(offsetLocalFromOriginal>0){
long prev=previousTransition(instantAdjusted);
if(prev<instantAdjusted){
int offsetPrev=getOffset(prev);
int diff=offsetPrev-offsetLocal;
if(instantAdjusted-prev<=diff){
return offsetPrev;
}
}
}

========
COMMAND:cd /home/mmotwani/mywork1dir/Defects4Java7/defects4j/SIMFIX_RQ2_20_2/time/time_19_buggy && /usr/bin/timeout 120 /mnt/nfs/work1/brun/mmotwani/Defects4Java7/defects4j//framework/bin/defects4j compile
========
if(offset>0){
long prev=previousTransition(instantAdjusted);
if(prev<instantAdjusted){
int offsetPrev=getOffset(prev);
int diff=offsetPrev-offsetLocal;
if(instantAdjusted-prev<=diff){
return offsetPrev;
}
}
}

========
COMMAND:cd /home/mmotwani/mywork1dir/Defects4Java7/defects4j/SIMFIX_RQ2_20_2/time/time_19_buggy && /usr/bin/timeout 120 /mnt/nfs/work1/brun/mmotwani/Defects4Java7/defects4j//framework/bin/defects4j compile
========
if(instantUTC>0){
long prev=previousTransition(instantAdjusted);
if(prev<instantAdjusted){
int offsetPrev=getOffset(prev);
int diff=offsetPrev-offsetLocal;
if(instantAdjusted-prev<=diff){
return offsetPrev;
}
}
}

========
COMMAND:cd /home/mmotwani/mywork1dir/Defects4Java7/defects4j/SIMFIX_RQ2_20_2/time/time_19_buggy && /usr/bin/timeout 120 /mnt/nfs/work1/brun/mmotwani/Defects4Java7/defects4j//framework/bin/defects4j compile
========
if(instantLocal>0){
long prev=previousTransition(instantAdjusted);
if(prev<instantAdjusted){
int offsetPrev=getOffset(prev);
int diff=offsetPrev-offsetLocal;
if(instantAdjusted-prev<=diff){
return offsetPrev;
}
}
}

========
COMMAND:cd /home/mmotwani/mywork1dir/Defects4Java7/defects4j/SIMFIX_RQ2_20_2/time/time_19_buggy && /usr/bin/timeout 120 /mnt/nfs/work1/brun/mmotwani/Defects4Java7/defects4j//framework/bin/defects4j compile
FAILED TEST:org.joda.time.TestDateTimeZoneCutover::testDateTimeCreation_london
COUNT THESE===> Subject [_name=time, _id=19, _ssrc=/src/main/java, _tsrc=/src/test/java, _sbin=/build/classes, _tbin=/build/tests, _dependency=null] org.joda.time.TestDateTimeZoneCutover testDateTimeCreation_london
TESTING : org.joda.time.TestDateTimeZoneCutover::testDateTimeCreation_london
COMMAND:cd /home/mmotwani/mywork1dir/Defects4Java7/defects4j/SIMFIX_RQ2_20_2/time/time_19_buggy && /usr/bin/timeout 30 /mnt/nfs/work1/brun/mmotwani/Defects4Java7/defects4j//framework/bin/defects4j test -t org.joda.time.TestDateTimeZoneCutover::testDateTimeCreation_london
Failing tests: 0
TESTING : time_19
COMMAND:cd /home/mmotwani/mywork1dir/Defects4Java7/defects4j/SIMFIX_RQ2_20_2/time/time_19_buggy && /usr/bin/timeout 600 /mnt/nfs/work1/brun/mmotwani/Defects4Java7/defects4j//framework/bin/defects4j test
Failing tests: 0
Successfully repair!
