=================================================
Project : closure_1	start : 19/09/02 15:50
Current failed test : com.google.javascript.jscomp.CommandLineRunnerTest::testSimpleModeLeavesUnusedParams | 19/09/02 15:51
Mon Sep 02 15:55:28 EDT 2019 Mon Sep 02 15:55:28 EDT 2019 : com.google.javascript.rhino.Node,112=>Find no block
Mon Sep 02 15:55:38 EDT 2019 com.google.javascript.rhino.Node,121
Mon Sep 02 15:56:20 EDT 2019 com.google.javascript.rhino.Node,132
Mon Sep 02 15:57:11 EDT 2019 com.google.javascript.rhino.Node,133
Mon Sep 02 15:57:46 EDT 2019 com.google.javascript.rhino.Node,860
Mon Sep 02 16:30:16 EDT 2019 com.google.javascript.rhino.Node,861
Mon Sep 02 16:30:18 EDT 2019 com.google.javascript.rhino.Node,862
Mon Sep 02 16:30:20 EDT 2019 com.google.javascript.rhino.Node,865
Mon Sep 02 16:30:22 EDT 2019 com.google.javascript.rhino.Node,866
Mon Sep 02 16:30:25 EDT 2019 com.google.javascript.rhino.Node,867
Mon Sep 02 16:30:27 EDT 2019 com.google.javascript.rhino.Node,868
Mon Sep 02 16:30:29 EDT 2019 com.google.javascript.rhino.Node,871
Mon Sep 02 16:30:31 EDT 2019 com.google.javascript.rhino.Node,872
Mon Sep 02 16:30:33 EDT 2019 com.google.javascript.rhino.Node,917
Mon Sep 02 16:30:42 EDT 2019 com.google.javascript.rhino.Node,939
Mon Sep 02 18:41:03 EDT 2019 com.google.javascript.rhino.Node,943
Mon Sep 02 18:41:06 EDT 2019 com.google.javascript.rhino.Node,946
Mon Sep 02 18:41:08 EDT 2019 com.google.javascript.rhino.Node,953
Mon Sep 02 19:19:41 EDT 2019 com.google.javascript.rhino.Node,954
Mon Sep 02 19:19:45 EDT 2019 com.google.javascript.rhino.Node,955
Mon Sep 02 19:19:48 EDT 2019 com.google.javascript.rhino.Node,956
Mon Sep 02 19:19:52 EDT 2019 com.google.javascript.rhino.Node,961
Mon Sep 02 19:22:30 EDT 2019 com.google.javascript.rhino.Node,962
Mon Sep 02 20:01:46 EDT 2019 com.google.javascript.rhino.Node,963
Mon Sep 02 20:33:05 EDT 2019 com.google.javascript.rhino.Node,964
Mon Sep 02 20:33:06 EDT 2019 com.google.javascript.rhino.Node,965
Mon Sep 02 20:52:21 EDT 2019 com.google.javascript.rhino.Node,966
Timeout time : 19/09/02 20:55
