=================================================
Project : closure_10	start : 19/09/02 16:01
Current failed test : com.google.javascript.jscomp.PeepholeFoldConstantsTest::testIssue821 | 19/09/02 16:02
Mon Sep 02 16:21:24 EDT 2019 com.google.javascript.jscomp.PeepholeFoldConstants,1142
Mon Sep 02 16:46:30 EDT 2019 com.google.javascript.rhino.Node,127
Mon Sep 02 16:47:13 EDT 2019 com.google.javascript.jscomp.NodeUtil,1271

----------------------------------------
----------------------------------------
Pass Single Test : [=>0,0]
case Token.HOOK :
return n.getChildCount()==3;


Time : 19/09/02 16:54
----------------------------------------

----------------------------------------
----------------------------------------
Pass Single Test : [=>0,0]
case Token.HOOK :
return n.getFirstChild()!=null;


Time : 19/09/02 17:13
----------------------------------------

----------------------------------------
----------------------------------------
Pass Single Test : [=>0,0]
case Token.HOOK :
return n.getChildCount()==3;

default :


Time : 19/09/02 17:29
----------------------------------------

----------------------------------------
----------------------------------------
Pass Single Test : [=>0,0]
case Token.HOOK :
return n!=n.getFirstChild().getNext();

default :


Time : 19/09/02 17:40
----------------------------------------

----------------------------------------
----------------------------------------
Pass Single Test : [=>0,0]
case Token.HOOK :
return n.getFirstChild()!=null;

default :


Time : 19/09/02 17:49
----------------------------------------
Mon Sep 02 18:06:51 EDT 2019 com.google.javascript.jscomp.PeepholeFoldConstants,251
Mon Sep 02 18:47:34 EDT 2019 com.google.javascript.jscomp.PeepholeFoldConstants,252
Mon Sep 02 19:29:33 EDT 2019 com.google.javascript.jscomp.PeepholeFoldConstants,253
Mon Sep 02 20:10:43 EDT 2019 com.google.javascript.jscomp.PeepholeFoldConstants,800
Timeout time : 19/09/02 21:21
