=================================================
Project : closure_100	start : 19/09/02 18:21
Current failed test : com.google.javascript.jscomp.CheckGlobalThisTest::testInnerFunction3 | 19/09/02 18:23
Mon Sep 02 18:24:34 EDT 2019 com.google.javascript.jscomp.parsing.IRFactory,699
Mon Sep 02 18:29:43 EDT 2019 com.google.javascript.jscomp.parsing.IRFactory,700
Mon Sep 02 18:31:55 EDT 2019 com.google.javascript.jscomp.parsing.IRFactory,701
Mon Sep 02 18:31:57 EDT 2019 com.google.javascript.jscomp.parsing.IRFactory,703
Mon Sep 02 18:31:59 EDT 2019 com.google.javascript.jscomp.parsing.TypeSafeDispatcher,254
Mon Sep 02 18:38:11 EDT 2019 com.google.javascript.jscomp.CheckGlobalThis,140

----------------------------------------
----------------------------------------
Pass Single Test : [=>0,0]
if(assignLhsChild==null){
return true;
}

Time : 19/09/02 18:38
----------------------------------------

----------------------------------------
----------------------------------------
Pass Single Test : [=>0,0]
if(n!=null){
return true;
}

Time : 19/09/02 18:41
----------------------------------------
Mon Sep 02 18:43:31 EDT 2019 com.google.javascript.jscomp.CheckGlobalThis,146
Mon Sep 02 18:43:41 EDT 2019 Mon Sep 02 18:43:41 EDT 2019 : com.google.javascript.jscomp.LineNumberCheck,41=>Find no block
Mon Sep 02 18:43:43 EDT 2019 Mon Sep 02 18:43:43 EDT 2019 : com.google.javascript.jscomp.LineNumberCheck,39=>Find no block
Mon Sep 02 18:43:46 EDT 2019 com.google.javascript.jscomp.LineNumberCheck,42
Mon Sep 02 18:46:01 EDT 2019 Mon Sep 02 18:46:01 EDT 2019 : com.google.javascript.jscomp.LineNumberCheck,43=>Find no block
Mon Sep 02 18:46:03 EDT 2019 Mon Sep 02 18:46:03 EDT 2019 : com.google.javascript.jscomp.LineNumberCheck,31=>Find no block
Mon Sep 02 18:46:06 EDT 2019 com.google.javascript.jscomp.LineNumberCheck,52
Timeout time : 19/09/02 18:57
Current failed test : com.google.javascript.jscomp.CheckGlobalThisTest::testInnerFunction2 | 19/09/02 18:57
Mon Sep 02 18:59:07 EDT 2019 com.google.javascript.jscomp.parsing.IRFactory,699
Mon Sep 02 19:04:50 EDT 2019 com.google.javascript.jscomp.parsing.IRFactory,700
Mon Sep 02 19:07:26 EDT 2019 com.google.javascript.jscomp.parsing.IRFactory,701
Mon Sep 02 19:07:31 EDT 2019 com.google.javascript.jscomp.parsing.IRFactory,703
Mon Sep 02 19:07:35 EDT 2019 com.google.javascript.jscomp.parsing.TypeSafeDispatcher,254
Mon Sep 02 19:14:47 EDT 2019 com.google.javascript.jscomp.CheckGlobalThis,140

----------------------------------------
----------------------------------------
Pass Single Test : [=>0,0]
if(assignLhsChild==null){
return true;
}

Time : 19/09/02 19:15
----------------------------------------

----------------------------------------
----------------------------------------
Pass Single Test : [=>0,0]
if(n!=null){
return true;
}

Time : 19/09/02 19:17
----------------------------------------
Mon Sep 02 19:19:51 EDT 2019 com.google.javascript.jscomp.CheckGlobalThis,146
Mon Sep 02 19:19:58 EDT 2019 Mon Sep 02 19:19:58 EDT 2019 : com.google.javascript.jscomp.LineNumberCheck,41=>Find no block
Mon Sep 02 19:20:02 EDT 2019 Mon Sep 02 19:20:02 EDT 2019 : com.google.javascript.jscomp.LineNumberCheck,39=>Find no block
Mon Sep 02 19:20:03 EDT 2019 com.google.javascript.jscomp.LineNumberCheck,42
Mon Sep 02 19:22:00 EDT 2019 Mon Sep 02 19:22:00 EDT 2019 : com.google.javascript.jscomp.LineNumberCheck,43=>Find no block
Mon Sep 02 19:22:02 EDT 2019 Mon Sep 02 19:22:02 EDT 2019 : com.google.javascript.jscomp.LineNumberCheck,31=>Find no block
Mon Sep 02 19:22:04 EDT 2019 com.google.javascript.jscomp.LineNumberCheck,52
Timeout time : 19/09/02 19:31
Current failed test : com.google.javascript.jscomp.CheckGlobalThisTest::testInnerFunction1 | 19/09/02 19:31
Mon Sep 02 19:33:13 EDT 2019 com.google.javascript.jscomp.parsing.IRFactory,699
Mon Sep 02 19:37:18 EDT 2019 com.google.javascript.jscomp.parsing.IRFactory,700
Mon Sep 02 19:39:09 EDT 2019 com.google.javascript.jscomp.parsing.IRFactory,701
Mon Sep 02 19:39:11 EDT 2019 com.google.javascript.jscomp.parsing.IRFactory,703
Mon Sep 02 19:39:13 EDT 2019 com.google.javascript.jscomp.parsing.TypeSafeDispatcher,254
Mon Sep 02 19:44:18 EDT 2019 com.google.javascript.jscomp.CheckGlobalThis,140

----------------------------------------
----------------------------------------
Pass Single Test : [=>0,0]
if(assignLhsChild==null){
return true;
}

Time : 19/09/02 19:44
----------------------------------------

----------------------------------------
----------------------------------------
Pass Single Test : [=>0,0]
if(n!=null){
return true;
}

Time : 19/09/02 19:46
----------------------------------------
Mon Sep 02 19:48:40 EDT 2019 com.google.javascript.jscomp.CheckGlobalThis,146
Mon Sep 02 19:48:47 EDT 2019 Mon Sep 02 19:48:47 EDT 2019 : com.google.javascript.jscomp.LineNumberCheck,41=>Find no block
Mon Sep 02 19:48:49 EDT 2019 Mon Sep 02 19:48:49 EDT 2019 : com.google.javascript.jscomp.LineNumberCheck,39=>Find no block
Mon Sep 02 19:48:51 EDT 2019 com.google.javascript.jscomp.LineNumberCheck,42
Mon Sep 02 19:50:35 EDT 2019 Mon Sep 02 19:50:35 EDT 2019 : com.google.javascript.jscomp.LineNumberCheck,43=>Find no block
Mon Sep 02 19:50:36 EDT 2019 Mon Sep 02 19:50:36 EDT 2019 : com.google.javascript.jscomp.LineNumberCheck,31=>Find no block
Mon Sep 02 19:50:37 EDT 2019 com.google.javascript.jscomp.LineNumberCheck,52
Mon Sep 02 20:00:02 EDT 2019 com.google.javascript.jscomp.LineNumberCheck,54
Mon Sep 02 20:00:04 EDT 2019 Mon Sep 02 20:00:04 EDT 2019 : com.google.javascript.jscomp.LineNumberCheck,55=>Find no block
Mon Sep 02 20:00:06 EDT 2019 com.google.javascript.jscomp.LineNumberCheck,60
Timeout time : 19/09/02 20:06
Current failed test : com.google.javascript.jscomp.CheckGlobalThisTest::testGlobalThis7 | 19/09/02 20:06
Mon Sep 02 20:07:09 EDT 2019 com.google.javascript.jscomp.parsing.IRFactory,699
Mon Sep 02 20:10:31 EDT 2019 com.google.javascript.jscomp.parsing.IRFactory,700
Mon Sep 02 20:11:55 EDT 2019 com.google.javascript.jscomp.parsing.IRFactory,701
Mon Sep 02 20:11:55 EDT 2019 com.google.javascript.jscomp.parsing.IRFactory,703
Mon Sep 02 20:11:57 EDT 2019 com.google.javascript.jscomp.parsing.TypeSafeDispatcher,254
Mon Sep 02 20:15:55 EDT 2019 com.google.javascript.jscomp.CheckGlobalThis,140

----------------------------------------
----------------------------------------
Pass Single Test : [=>0,0]
if(assignLhsChild==null){
return true;
}

Time : 19/09/02 20:16
----------------------------------------

----------------------------------------
----------------------------------------
Pass Single Test : [=>0,0]
if(n!=null){
return true;
}

Time : 19/09/02 20:17
----------------------------------------
Mon Sep 02 20:19:02 EDT 2019 com.google.javascript.jscomp.CheckGlobalThis,146
Mon Sep 02 20:19:08 EDT 2019 Mon Sep 02 20:19:08 EDT 2019 : com.google.javascript.jscomp.LineNumberCheck,41=>Find no block
Mon Sep 02 20:19:09 EDT 2019 Mon Sep 02 20:19:09 EDT 2019 : com.google.javascript.jscomp.LineNumberCheck,39=>Find no block
Mon Sep 02 20:19:10 EDT 2019 com.google.javascript.jscomp.LineNumberCheck,42
Mon Sep 02 20:20:36 EDT 2019 Mon Sep 02 20:20:36 EDT 2019 : com.google.javascript.jscomp.LineNumberCheck,43=>Find no block
Mon Sep 02 20:20:38 EDT 2019 Mon Sep 02 20:20:38 EDT 2019 : com.google.javascript.jscomp.LineNumberCheck,31=>Find no block
Mon Sep 02 20:20:39 EDT 2019 com.google.javascript.jscomp.LineNumberCheck,52
Mon Sep 02 20:27:49 EDT 2019 com.google.javascript.jscomp.LineNumberCheck,54
Mon Sep 02 20:27:50 EDT 2019 Mon Sep 02 20:27:50 EDT 2019 : com.google.javascript.jscomp.LineNumberCheck,55=>Find no block
Mon Sep 02 20:27:50 EDT 2019 com.google.javascript.jscomp.LineNumberCheck,60
Timeout time : 19/09/02 20:40
Current failed test : com.google.javascript.jscomp.CheckGlobalThisTest::testStaticFunction8 | 19/09/02 20:40
Mon Sep 02 20:40:43 EDT 2019 com.google.javascript.jscomp.parsing.IRFactory,699
Mon Sep 02 20:43:14 EDT 2019 com.google.javascript.jscomp.parsing.IRFactory,700
Mon Sep 02 20:44:20 EDT 2019 com.google.javascript.jscomp.parsing.IRFactory,701
Mon Sep 02 20:44:20 EDT 2019 com.google.javascript.jscomp.parsing.IRFactory,703
Mon Sep 02 20:44:21 EDT 2019 com.google.javascript.jscomp.parsing.TypeSafeDispatcher,254
Mon Sep 02 20:47:14 EDT 2019 com.google.javascript.jscomp.CheckGlobalThis,140

----------------------------------------
----------------------------------------
Pass Single Test : [=>0,0]
if(assignLhsChild==null){
return true;
}

Time : 19/09/02 20:47
----------------------------------------

----------------------------------------
----------------------------------------
Pass Single Test : [=>0,0]
if(n!=null){
return true;
}

Time : 19/09/02 20:48
----------------------------------------
Mon Sep 02 20:49:32 EDT 2019 com.google.javascript.jscomp.CheckGlobalThis,146
Mon Sep 02 20:49:35 EDT 2019 Mon Sep 02 20:49:35 EDT 2019 : com.google.javascript.jscomp.LineNumberCheck,41=>Find no block
Mon Sep 02 20:49:35 EDT 2019 Mon Sep 02 20:49:35 EDT 2019 : com.google.javascript.jscomp.LineNumberCheck,39=>Find no block
Mon Sep 02 20:49:36 EDT 2019 com.google.javascript.jscomp.LineNumberCheck,42
Mon Sep 02 20:50:46 EDT 2019 Mon Sep 02 20:50:46 EDT 2019 : com.google.javascript.jscomp.LineNumberCheck,43=>Find no block
Mon Sep 02 20:50:46 EDT 2019 Mon Sep 02 20:50:46 EDT 2019 : com.google.javascript.jscomp.LineNumberCheck,31=>Find no block
Mon Sep 02 20:50:47 EDT 2019 com.google.javascript.jscomp.LineNumberCheck,52
Mon Sep 02 20:56:35 EDT 2019 com.google.javascript.jscomp.LineNumberCheck,54
Mon Sep 02 20:56:36 EDT 2019 Mon Sep 02 20:56:36 EDT 2019 : com.google.javascript.jscomp.LineNumberCheck,55=>Find no block
Mon Sep 02 20:56:37 EDT 2019 com.google.javascript.jscomp.LineNumberCheck,60
Mon Sep 02 21:08:52 EDT 2019 com.google.javascript.jscomp.LineNumberCheck,61
Mon Sep 02 21:08:53 EDT 2019 com.google.javascript.jscomp.LineNumberCheck,63
Timeout time : 19/09/02 21:13
Current failed test : com.google.javascript.jscomp.CheckGlobalThisTest::testStaticFunction7 | 19/09/02 21:13
Mon Sep 02 21:14:23 EDT 2019 com.google.javascript.jscomp.parsing.IRFactory,699

----------------------------------------
----------------------------------------
Pass Single Test : [=>0,0]
Node node=new Node(Token.RETURN);
if(statementNode.getReturnValue()==null){
node.addChildToBack(transform(statementNode.getReturnValue()));
}
return node;

Time : 19/09/02 21:15
----------------------------------------
Mon Sep 02 21:17:42 EDT 2019 com.google.javascript.jscomp.parsing.IRFactory,700

----------------------------------------
----------------------------------------
Pass Single Test : [=>0,0]
if(statementNode.getReturnValue()==null){
node.addChildToBack(transform(statementNode.getReturnValue()));
}

Time : 19/09/02 21:18
----------------------------------------
Mon Sep 02 21:19:33 EDT 2019 com.google.javascript.jscomp.parsing.IRFactory,701
Mon Sep 02 21:19:34 EDT 2019 com.google.javascript.jscomp.parsing.IRFactory,703
Mon Sep 02 21:19:34 EDT 2019 com.google.javascript.jscomp.parsing.TypeSafeDispatcher,254
Mon Sep 02 21:22:20 EDT 2019 com.google.javascript.jscomp.CheckGlobalThis,140

----------------------------------------
----------------------------------------
Pass Single Test : [=>0,0]
if(assignLhsChild==null){
return true;
}

Time : 19/09/02 21:22
----------------------------------------

----------------------------------------
----------------------------------------
Pass Single Test : [=>0,0]
if(n==null){
return true;
}

Time : 19/09/02 21:23
----------------------------------------
Mon Sep 02 21:24:31 EDT 2019 com.google.javascript.jscomp.CheckGlobalThis,146
Mon Sep 02 21:24:33 EDT 2019 Mon Sep 02 21:24:33 EDT 2019 : com.google.javascript.jscomp.LineNumberCheck,41=>Find no block
Mon Sep 02 21:24:34 EDT 2019 Mon Sep 02 21:24:34 EDT 2019 : com.google.javascript.jscomp.LineNumberCheck,39=>Find no block
Mon Sep 02 21:24:34 EDT 2019 com.google.javascript.jscomp.LineNumberCheck,42
Mon Sep 02 21:25:39 EDT 2019 Mon Sep 02 21:25:39 EDT 2019 : com.google.javascript.jscomp.LineNumberCheck,43=>Find no block
Mon Sep 02 21:25:40 EDT 2019 Mon Sep 02 21:25:40 EDT 2019 : com.google.javascript.jscomp.LineNumberCheck,31=>Find no block
Mon Sep 02 21:25:41 EDT 2019 com.google.javascript.jscomp.LineNumberCheck,52
Mon Sep 02 21:31:15 EDT 2019 com.google.javascript.jscomp.LineNumberCheck,54
Mon Sep 02 21:31:16 EDT 2019 Mon Sep 02 21:31:16 EDT 2019 : com.google.javascript.jscomp.LineNumberCheck,55=>Find no block
Mon Sep 02 21:31:16 EDT 2019 com.google.javascript.jscomp.LineNumberCheck,60
Mon Sep 02 21:43:03 EDT 2019 com.google.javascript.jscomp.LineNumberCheck,61
Mon Sep 02 21:43:03 EDT 2019 com.google.javascript.jscomp.LineNumberCheck,63
Timeout time : 19/09/02 21:47
Current failed test : com.google.javascript.jscomp.CheckGlobalThisTest::testStaticFunction6 | 19/09/02 21:47
Mon Sep 02 21:48:01 EDT 2019 com.google.javascript.jscomp.parsing.IRFactory,699

----------------------------------------
----------------------------------------
Pass Single Test : [=>0,0]
Node node=new Node(Token.RETURN);
if(statementNode.getReturnValue()==null){
node.addChildToBack(transform(statementNode.getReturnValue()));
}
return node;

Time : 19/09/02 21:49
----------------------------------------
Mon Sep 02 21:51:14 EDT 2019 com.google.javascript.jscomp.parsing.IRFactory,700

----------------------------------------
----------------------------------------
Pass Single Test : [=>0,0]
if(statementNode.getReturnValue()==null){
node.addChildToBack(transform(statementNode.getReturnValue()));
}

Time : 19/09/02 21:52
----------------------------------------
Mon Sep 02 21:53:01 EDT 2019 com.google.javascript.jscomp.parsing.IRFactory,701
Mon Sep 02 21:53:02 EDT 2019 com.google.javascript.jscomp.parsing.IRFactory,703
Mon Sep 02 21:53:02 EDT 2019 com.google.javascript.jscomp.parsing.TypeSafeDispatcher,254
Mon Sep 02 21:55:44 EDT 2019 com.google.javascript.jscomp.CheckGlobalThis,140

----------------------------------------
----------------------------------------
Pass Single Test : [=>0,0]
if(assignLhsChild==null){
return true;
}

Time : 19/09/02 21:56
----------------------------------------

----------------------------------------
----------------------------------------
Pass Single Test : [=>0,0]
if(n==null){
return true;
}

Time : 19/09/02 21:57
----------------------------------------
Mon Sep 02 21:57:50 EDT 2019 com.google.javascript.jscomp.CheckGlobalThis,146
Mon Sep 02 21:57:52 EDT 2019 Mon Sep 02 21:57:52 EDT 2019 : com.google.javascript.jscomp.LineNumberCheck,41=>Find no block
Mon Sep 02 21:57:53 EDT 2019 Mon Sep 02 21:57:53 EDT 2019 : com.google.javascript.jscomp.LineNumberCheck,39=>Find no block
Mon Sep 02 21:57:53 EDT 2019 com.google.javascript.jscomp.LineNumberCheck,42
Mon Sep 02 21:58:56 EDT 2019 Mon Sep 02 21:58:56 EDT 2019 : com.google.javascript.jscomp.LineNumberCheck,43=>Find no block
Mon Sep 02 21:58:57 EDT 2019 Mon Sep 02 21:58:57 EDT 2019 : com.google.javascript.jscomp.LineNumberCheck,31=>Find no block
Mon Sep 02 21:58:58 EDT 2019 com.google.javascript.jscomp.LineNumberCheck,52
Mon Sep 02 22:04:21 EDT 2019 com.google.javascript.jscomp.LineNumberCheck,54
Mon Sep 02 22:04:22 EDT 2019 Mon Sep 02 22:04:22 EDT 2019 : com.google.javascript.jscomp.LineNumberCheck,55=>Find no block
Mon Sep 02 22:04:23 EDT 2019 com.google.javascript.jscomp.LineNumberCheck,60
Mon Sep 02 22:15:55 EDT 2019 com.google.javascript.jscomp.LineNumberCheck,61
Mon Sep 02 22:15:56 EDT 2019 com.google.javascript.jscomp.LineNumberCheck,63
Timeout time : 19/09/02 22:21
Current failed test : com.google.javascript.jscomp.CheckGlobalThisTest::testStaticMethod2 | 19/09/02 22:21
Mon Sep 02 22:21:39 EDT 2019 com.google.javascript.jscomp.parsing.IRFactory,699

----------------------------------------
----------------------------------------
Pass Single Test : [=>0,0]
Node node=new Node(Token.RETURN);
if(statementNode.getReturnValue()==null){
node.addChildToBack(transform(statementNode.getReturnValue()));
}
return node;

Time : 19/09/02 22:22
----------------------------------------
Mon Sep 02 22:24:52 EDT 2019 com.google.javascript.jscomp.parsing.IRFactory,700

----------------------------------------
----------------------------------------
Pass Single Test : [=>0,0]
if(statementNode.getReturnValue()==null){
node.addChildToBack(transform(statementNode.getReturnValue()));
}

Time : 19/09/02 22:25
----------------------------------------
Mon Sep 02 22:26:42 EDT 2019 com.google.javascript.jscomp.parsing.IRFactory,701
Mon Sep 02 22:26:42 EDT 2019 com.google.javascript.jscomp.parsing.IRFactory,703
Mon Sep 02 22:26:43 EDT 2019 com.google.javascript.jscomp.parsing.TypeSafeDispatcher,254
Mon Sep 02 22:29:26 EDT 2019 com.google.javascript.jscomp.CheckGlobalThis,140

----------------------------------------
----------------------------------------
Pass Single Test : [=>0,0]
if(assignLhsChild==null){
return true;
}

Time : 19/09/02 22:29
----------------------------------------

----------------------------------------
----------------------------------------
Pass Single Test : [=>0,0]
if(n==null){
return true;
}

Time : 19/09/02 22:30
----------------------------------------
Mon Sep 02 22:31:34 EDT 2019 com.google.javascript.jscomp.CheckGlobalThis,146
Mon Sep 02 22:31:36 EDT 2019 Mon Sep 02 22:31:36 EDT 2019 : com.google.javascript.jscomp.LineNumberCheck,41=>Find no block
Mon Sep 02 22:31:37 EDT 2019 Mon Sep 02 22:31:37 EDT 2019 : com.google.javascript.jscomp.LineNumberCheck,39=>Find no block
Mon Sep 02 22:31:37 EDT 2019 com.google.javascript.jscomp.LineNumberCheck,42
Mon Sep 02 22:32:40 EDT 2019 Mon Sep 02 22:32:40 EDT 2019 : com.google.javascript.jscomp.LineNumberCheck,43=>Find no block
Mon Sep 02 22:32:41 EDT 2019 Mon Sep 02 22:32:41 EDT 2019 : com.google.javascript.jscomp.LineNumberCheck,31=>Find no block
Mon Sep 02 22:32:41 EDT 2019 com.google.javascript.jscomp.LineNumberCheck,52
Mon Sep 02 22:38:10 EDT 2019 com.google.javascript.jscomp.LineNumberCheck,54
Mon Sep 02 22:38:10 EDT 2019 Mon Sep 02 22:38:10 EDT 2019 : com.google.javascript.jscomp.LineNumberCheck,55=>Find no block
Mon Sep 02 22:38:11 EDT 2019 com.google.javascript.jscomp.LineNumberCheck,60
Mon Sep 02 22:50:11 EDT 2019 com.google.javascript.jscomp.LineNumberCheck,61
Mon Sep 02 22:50:12 EDT 2019 com.google.javascript.jscomp.LineNumberCheck,63
Timeout time : 19/09/02 22:54
Current failed test : com.google.javascript.jscomp.CheckGlobalThisTest::testStaticMethod3 | 19/09/02 22:54
Mon Sep 02 22:55:15 EDT 2019 com.google.javascript.jscomp.parsing.IRFactory,699

----------------------------------------
----------------------------------------
Pass Single Test : [=>0,0]
Node node=new Node(Token.RETURN);
if(statementNode.getReturnValue()==null){
node.addChildToBack(transform(statementNode.getReturnValue()));
}
return node;

Time : 19/09/02 22:56
----------------------------------------
Mon Sep 02 22:58:26 EDT 2019 com.google.javascript.jscomp.parsing.IRFactory,700

----------------------------------------
----------------------------------------
Pass Single Test : [=>0,0]
if(statementNode.getReturnValue()==null){
node.addChildToBack(transform(statementNode.getReturnValue()));
}

Time : 19/09/02 22:59
----------------------------------------
Mon Sep 02 23:00:14 EDT 2019 com.google.javascript.jscomp.parsing.IRFactory,701
Mon Sep 02 23:00:15 EDT 2019 com.google.javascript.jscomp.parsing.IRFactory,703
Mon Sep 02 23:00:15 EDT 2019 com.google.javascript.jscomp.parsing.TypeSafeDispatcher,254
Mon Sep 02 23:02:57 EDT 2019 com.google.javascript.jscomp.CheckGlobalThis,140

----------------------------------------
----------------------------------------
Pass Single Test : [=>0,0]
if(assignLhsChild==null){
return true;
}

Time : 19/09/02 23:03
----------------------------------------

----------------------------------------
----------------------------------------
Pass Single Test : [=>0,0]
if(n==null){
return true;
}

Time : 19/09/02 23:04
----------------------------------------
Mon Sep 02 23:05:03 EDT 2019 com.google.javascript.jscomp.CheckGlobalThis,146
Mon Sep 02 23:05:05 EDT 2019 Mon Sep 02 23:05:05 EDT 2019 : com.google.javascript.jscomp.LineNumberCheck,41=>Find no block
Mon Sep 02 23:05:05 EDT 2019 Mon Sep 02 23:05:05 EDT 2019 : com.google.javascript.jscomp.LineNumberCheck,39=>Find no block
Mon Sep 02 23:05:06 EDT 2019 com.google.javascript.jscomp.LineNumberCheck,42
Mon Sep 02 23:06:10 EDT 2019 Mon Sep 02 23:06:10 EDT 2019 : com.google.javascript.jscomp.LineNumberCheck,43=>Find no block
Mon Sep 02 23:06:10 EDT 2019 Mon Sep 02 23:06:10 EDT 2019 : com.google.javascript.jscomp.LineNumberCheck,31=>Find no block
Mon Sep 02 23:06:11 EDT 2019 com.google.javascript.jscomp.LineNumberCheck,52
Mon Sep 02 23:11:37 EDT 2019 com.google.javascript.jscomp.LineNumberCheck,54
Mon Sep 02 23:11:38 EDT 2019 Mon Sep 02 23:11:38 EDT 2019 : com.google.javascript.jscomp.LineNumberCheck,55=>Find no block
Mon Sep 02 23:11:39 EDT 2019 com.google.javascript.jscomp.LineNumberCheck,60
Mon Sep 02 23:23:13 EDT 2019 com.google.javascript.jscomp.LineNumberCheck,61
Mon Sep 02 23:23:14 EDT 2019 com.google.javascript.jscomp.LineNumberCheck,63
Timeout time : 19/09/02 23:28
