=================================================
Project : closure_101	start : 19/09/02 18:21
Current failed test : com.google.javascript.jscomp.CommandLineRunnerTest::testProcessClosurePrimitives | 19/09/02 18:21
Mon Sep 02 18:22:04 EDT 2019 com.google.javascript.rhino.Node,442
Mon Sep 02 18:25:58 EDT 2019 com.google.javascript.rhino.Node,443
Mon Sep 02 18:25:58 EDT 2019 Mon Sep 02 18:25:58 EDT 2019 : com.google.javascript.rhino.Node,444=>Find no block
Mon Sep 02 18:25:59 EDT 2019 Mon Sep 02 18:25:59 EDT 2019 : com.google.javascript.rhino.Node,177=>Find no block
Mon Sep 02 18:26:00 EDT 2019 com.google.javascript.rhino.Node,197
Mon Sep 02 18:26:07 EDT 2019 com.google.javascript.rhino.Node,222
Mon Sep 02 18:26:15 EDT 2019 com.google.javascript.rhino.Node,225
Mon Sep 02 18:26:22 EDT 2019 com.google.javascript.rhino.Node,231
Mon Sep 02 18:26:28 EDT 2019 com.google.javascript.rhino.Node,511
Mon Sep 02 18:26:31 EDT 2019 com.google.javascript.rhino.Node,623
Mon Sep 02 18:40:37 EDT 2019 com.google.javascript.rhino.Node,625
Mon Sep 02 18:40:38 EDT 2019 com.google.javascript.rhino.Node,627
Mon Sep 02 19:24:27 EDT 2019 com.google.javascript.rhino.Node,629
Mon Sep 02 19:56:16 EDT 2019 com.google.javascript.rhino.Node,635
Mon Sep 02 21:26:24 EDT 2019 com.google.javascript.rhino.Node,636
Mon Sep 02 21:26:25 EDT 2019 Mon Sep 02 21:26:25 EDT 2019 : com.google.javascript.rhino.Node,637=>Find no block
Mon Sep 02 21:26:25 EDT 2019 com.google.javascript.rhino.Node,742
Mon Sep 02 21:33:09 EDT 2019 com.google.javascript.rhino.Node,743
Mon Sep 02 21:33:10 EDT 2019 com.google.javascript.rhino.Node,744
Mon Sep 02 21:33:10 EDT 2019 com.google.javascript.rhino.Node,745
Mon Sep 02 21:33:11 EDT 2019 com.google.javascript.rhino.Node,746
Mon Sep 02 21:33:11 EDT 2019 com.google.javascript.rhino.Node,803
Mon Sep 02 21:40:43 EDT 2019 com.google.javascript.rhino.Node,804
Mon Sep 02 21:40:44 EDT 2019 com.google.javascript.rhino.Node,805
Mon Sep 02 21:40:44 EDT 2019 com.google.javascript.rhino.Node,808
Mon Sep 02 21:40:45 EDT 2019 com.google.javascript.rhino.Node,809
Mon Sep 02 21:40:45 EDT 2019 com.google.javascript.rhino.Node,810
Mon Sep 02 21:40:46 EDT 2019 com.google.javascript.rhino.Node,811
Mon Sep 02 21:40:46 EDT 2019 com.google.javascript.rhino.Node,814
Mon Sep 02 21:40:47 EDT 2019 com.google.javascript.rhino.Node,815
Mon Sep 02 21:40:47 EDT 2019 com.google.javascript.rhino.Node,872
Mon Sep 02 21:40:49 EDT 2019 com.google.javascript.rhino.Node,881
Mon Sep 02 21:42:32 EDT 2019 com.google.javascript.rhino.Node,882
Mon Sep 02 21:42:32 EDT 2019 com.google.javascript.rhino.Node,883
Mon Sep 02 21:42:32 EDT 2019 com.google.javascript.rhino.Node,895
Mon Sep 02 22:46:14 EDT 2019 com.google.javascript.rhino.Node,896
Mon Sep 02 22:46:14 EDT 2019 com.google.javascript.rhino.Node,897
Mon Sep 02 22:46:34 EDT 2019 com.google.javascript.rhino.Node,898
Mon Sep 02 22:46:35 EDT 2019 com.google.javascript.rhino.Node,899
Mon Sep 02 22:46:35 EDT 2019 com.google.javascript.rhino.Node,902
Mon Sep 02 22:46:36 EDT 2019 com.google.javascript.rhino.Node,903
Mon Sep 02 22:46:38 EDT 2019 com.google.javascript.rhino.Node,904
Mon Sep 02 22:46:39 EDT 2019 com.google.javascript.rhino.Node,909
Mon Sep 02 22:46:39 EDT 2019 com.google.javascript.rhino.Node,910
Mon Sep 02 22:51:54 EDT 2019 com.google.javascript.rhino.Node,911
Mon Sep 02 22:51:54 EDT 2019 com.google.javascript.rhino.Node,912
Mon Sep 02 22:56:17 EDT 2019 com.google.javascript.rhino.Node,913
Mon Sep 02 23:00:19 EDT 2019 com.google.javascript.rhino.Node,915
Mon Sep 02 23:04:33 EDT 2019 com.google.javascript.rhino.Node,916
Mon Sep 02 23:09:17 EDT 2019 com.google.javascript.rhino.Node,917
Mon Sep 02 23:13:02 EDT 2019 com.google.javascript.rhino.Node,918
Mon Sep 02 23:17:42 EDT 2019 com.google.javascript.rhino.Node,919
Mon Sep 02 23:17:42 EDT 2019 com.google.javascript.rhino.Node,921
Mon Sep 02 23:17:43 EDT 2019 com.google.javascript.rhino.Node,925
Mon Sep 02 23:17:43 EDT 2019 com.google.javascript.rhino.Node,926
Mon Sep 02 23:17:44 EDT 2019 com.google.javascript.rhino.Node,927
Mon Sep 02 23:17:44 EDT 2019 com.google.javascript.rhino.Node,928
Mon Sep 02 23:17:45 EDT 2019 com.google.javascript.rhino.Node,929
Mon Sep 02 23:17:45 EDT 2019 com.google.javascript.rhino.Node,933
Mon Sep 02 23:17:46 EDT 2019 com.google.javascript.rhino.Node,934
Mon Sep 02 23:17:50 EDT 2019 com.google.javascript.rhino.Node,935
Mon Sep 02 23:17:50 EDT 2019 com.google.javascript.rhino.Node,936
Timeout time : 19/09/02 23:22
