=================================================
Project : closure_102	start : 19/09/02 18:22
Current failed test : com.google.javascript.jscomp.CompilerRunnerTest::testIssue115 | 19/09/02 18:22
Mon Sep 02 18:25:21 EDT 2019 com.google.javascript.rhino.jstype.FunctionType,656
Mon Sep 02 18:25:36 EDT 2019 com.google.javascript.rhino.jstype.FunctionType,660
Mon Sep 02 18:31:07 EDT 2019 com.google.javascript.rhino.jstype.FunctionType,661
Mon Sep 02 18:36:33 EDT 2019 com.google.javascript.rhino.jstype.FunctionType,662
Mon Sep 02 18:42:12 EDT 2019 com.google.javascript.rhino.jstype.FunctionType,664
Mon Sep 02 18:51:36 EDT 2019 com.google.javascript.rhino.jstype.FunctionType,665
Mon Sep 02 18:58:35 EDT 2019 com.google.javascript.rhino.jstype.FunctionType,666
Mon Sep 02 18:58:37 EDT 2019 com.google.javascript.rhino.jstype.FunctionType,667
Mon Sep 02 18:58:40 EDT 2019 com.google.javascript.rhino.jstype.FunctionType,669
Mon Sep 02 19:54:42 EDT 2019 com.google.javascript.rhino.jstype.FunctionType,670
Mon Sep 02 19:54:43 EDT 2019 com.google.javascript.rhino.jstype.FunctionType,671
Mon Sep 02 19:54:46 EDT 2019 com.google.javascript.rhino.jstype.FunctionType,673
Mon Sep 02 20:18:48 EDT 2019 com.google.javascript.rhino.jstype.FunctionType,674
Mon Sep 02 20:18:49 EDT 2019 com.google.javascript.rhino.jstype.FunctionType,675
Mon Sep 02 20:18:50 EDT 2019 com.google.javascript.rhino.jstype.FunctionType,679
Mon Sep 02 20:25:22 EDT 2019 com.google.javascript.rhino.jstype.FunctionType,680
Mon Sep 02 20:25:23 EDT 2019 com.google.javascript.rhino.jstype.FunctionType,690
Mon Sep 02 20:29:30 EDT 2019 com.google.javascript.rhino.jstype.FunctionType,691
Mon Sep 02 20:32:46 EDT 2019 com.google.javascript.rhino.jstype.FunctionType,692
Mon Sep 02 20:32:47 EDT 2019 com.google.javascript.rhino.jstype.FunctionType,693
Mon Sep 02 20:32:47 EDT 2019 com.google.javascript.rhino.jstype.FunctionType,695
Mon Sep 02 20:37:56 EDT 2019 com.google.javascript.rhino.jstype.FunctionType,700
Mon Sep 02 20:39:30 EDT 2019 com.google.javascript.rhino.jstype.FunctionType,705
Mon Sep 02 20:43:32 EDT 2019 Mon Sep 02 20:43:32 EDT 2019 : com.google.javascript.rhino.jstype.FunctionType,706=>Find no block
Mon Sep 02 20:43:33 EDT 2019 com.google.javascript.rhino.jstype.PrototypeObjectType,322
Mon Sep 02 20:43:55 EDT 2019 com.google.javascript.rhino.jstype.ObjectType,97
Mon Sep 02 20:43:58 EDT 2019 Mon Sep 02 20:43:58 EDT 2019 : com.google.javascript.rhino.Node,177=>Find no block
Mon Sep 02 20:43:58 EDT 2019 com.google.javascript.rhino.Node,197
Mon Sep 02 20:44:04 EDT 2019 com.google.javascript.rhino.Node,222
Mon Sep 02 20:44:11 EDT 2019 com.google.javascript.rhino.Node,803
Mon Sep 02 20:49:56 EDT 2019 com.google.javascript.rhino.Node,804
Mon Sep 02 20:49:56 EDT 2019 com.google.javascript.rhino.Node,805
Mon Sep 02 20:49:57 EDT 2019 com.google.javascript.rhino.Node,808
Mon Sep 02 20:49:58 EDT 2019 com.google.javascript.rhino.Node,809
Mon Sep 02 20:49:59 EDT 2019 com.google.javascript.rhino.Node,810
Mon Sep 02 20:49:59 EDT 2019 com.google.javascript.rhino.Node,811
Mon Sep 02 20:50:00 EDT 2019 com.google.javascript.rhino.Node,814
Mon Sep 02 20:50:01 EDT 2019 com.google.javascript.rhino.Node,815
Mon Sep 02 20:50:01 EDT 2019 com.google.javascript.rhino.Node,872
Mon Sep 02 20:50:04 EDT 2019 com.google.javascript.rhino.Node,900
Mon Sep 02 20:50:26 EDT 2019 com.google.javascript.rhino.Node,901
Mon Sep 02 20:50:27 EDT 2019 com.google.javascript.rhino.Node,910
Mon Sep 02 20:54:26 EDT 2019 com.google.javascript.rhino.Node,911
Mon Sep 02 20:54:27 EDT 2019 com.google.javascript.rhino.Node,912
Mon Sep 02 20:57:43 EDT 2019 com.google.javascript.rhino.Node,913
Mon Sep 02 21:00:38 EDT 2019 com.google.javascript.rhino.Node,915
Mon Sep 02 21:03:43 EDT 2019 com.google.javascript.rhino.Node,916
Mon Sep 02 21:07:17 EDT 2019 com.google.javascript.rhino.Node,917
Mon Sep 02 21:10:09 EDT 2019 com.google.javascript.rhino.Node,918
Mon Sep 02 21:13:39 EDT 2019 com.google.javascript.rhino.Node,919
Mon Sep 02 21:13:40 EDT 2019 com.google.javascript.rhino.Node,922
Mon Sep 02 21:20:07 EDT 2019 com.google.javascript.rhino.Node,923
Mon Sep 02 21:20:07 EDT 2019 com.google.javascript.rhino.Node,926
Mon Sep 02 21:26:59 EDT 2019 com.google.javascript.rhino.Node,927
Mon Sep 02 21:26:59 EDT 2019 com.google.javascript.rhino.Node,928
Mon Sep 02 21:27:00 EDT 2019 com.google.javascript.rhino.Node,929
Mon Sep 02 21:27:00 EDT 2019 com.google.javascript.rhino.Node,934
Mon Sep 02 21:33:33 EDT 2019 com.google.javascript.rhino.Node,935
Mon Sep 02 21:49:51 EDT 2019 com.google.javascript.rhino.Node,936
Mon Sep 02 21:54:45 EDT 2019 com.google.javascript.rhino.Node,937
Mon Sep 02 21:54:46 EDT 2019 com.google.javascript.rhino.Node,938
Mon Sep 02 21:58:23 EDT 2019 com.google.javascript.rhino.Node,939
Mon Sep 02 22:01:59 EDT 2019 com.google.javascript.rhino.Node,940
Mon Sep 02 22:05:26 EDT 2019 Mon Sep 02 22:05:26 EDT 2019 : com.google.javascript.rhino.Node,942=>Find no block
Mon Sep 02 22:05:26 EDT 2019 com.google.javascript.rhino.Node,978
Mon Sep 02 22:06:31 EDT 2019 com.google.javascript.rhino.Node,979
Mon Sep 02 22:06:31 EDT 2019 com.google.javascript.rhino.Node,980
Mon Sep 02 22:06:31 EDT 2019 com.google.javascript.rhino.Node,982
Mon Sep 02 22:06:32 EDT 2019 com.google.javascript.rhino.Node,986
Mon Sep 02 22:18:18 EDT 2019 com.google.javascript.rhino.Node,987
Mon Sep 02 22:18:19 EDT 2019 com.google.javascript.rhino.Node,992
Mon Sep 02 22:20:41 EDT 2019 com.google.javascript.rhino.Node,993
Mon Sep 02 22:20:41 EDT 2019 com.google.javascript.rhino.Node,994
Mon Sep 02 22:20:42 EDT 2019 com.google.javascript.rhino.Node,995
Mon Sep 02 22:20:42 EDT 2019 com.google.javascript.rhino.Node,996
Mon Sep 02 22:20:43 EDT 2019 com.google.javascript.rhino.Node,1005
Mon Sep 02 22:20:45 EDT 2019 com.google.javascript.rhino.Node,1010
Mon Sep 02 22:20:53 EDT 2019 com.google.javascript.rhino.Node,1011
Mon Sep 02 22:20:54 EDT 2019 com.google.javascript.rhino.Node,1012
Mon Sep 02 22:20:54 EDT 2019 com.google.javascript.rhino.Node,1019
Mon Sep 02 22:20:56 EDT 2019 Mon Sep 02 22:20:56 EDT 2019 : com.google.javascript.rhino.Node,1020=>Find no block
Mon Sep 02 22:20:57 EDT 2019 com.google.javascript.rhino.Node,1026
Mon Sep 02 22:27:31 EDT 2019 com.google.javascript.rhino.Node,1027
Mon Sep 02 22:27:32 EDT 2019 com.google.javascript.rhino.Node,1029
Mon Sep 02 22:57:03 EDT 2019 com.google.javascript.rhino.Node,1030
Mon Sep 02 22:57:04 EDT 2019 com.google.javascript.rhino.Node,1031
Mon Sep 02 22:57:04 EDT 2019 com.google.javascript.rhino.Node,1034
Mon Sep 02 22:57:05 EDT 2019 Mon Sep 02 22:57:05 EDT 2019 : com.google.javascript.rhino.Node,1032=>Find no block
Mon Sep 02 22:57:05 EDT 2019 Mon Sep 02 22:57:05 EDT 2019 : com.google.javascript.rhino.Node,1037=>Find no block
Mon Sep 02 22:57:06 EDT 2019 com.google.javascript.rhino.Node,1330
Mon Sep 02 22:57:08 EDT 2019 com.google.javascript.rhino.jstype.UnknownType,81
Mon Sep 02 22:57:10 EDT 2019 com.google.javascript.rhino.jstype.UnknownType,131
Mon Sep 02 22:57:10 EDT 2019 com.google.javascript.rhino.jstype.UnknownType,172
Mon Sep 02 22:57:12 EDT 2019 com.google.javascript.rhino.jstype.NumberType,81
Mon Sep 02 22:57:13 EDT 2019 com.google.javascript.rhino.jstype.AllType,110
Mon Sep 02 22:57:15 EDT 2019 com.google.javascript.rhino.ScriptOrFnNode,54
Mon Sep 02 22:57:20 EDT 2019 com.google.javascript.rhino.ScriptOrFnNode,60
Mon Sep 02 22:57:21 EDT 2019 com.google.javascript.rhino.ScriptOrFnNode,62
Mon Sep 02 22:57:23 EDT 2019 com.google.javascript.rhino.ScriptOrFnNode,69
Mon Sep 02 22:57:25 EDT 2019 com.google.javascript.rhino.ScriptOrFnNode,77
Mon Sep 02 22:57:27 EDT 2019 com.google.javascript.rhino.Token,277
Mon Sep 02 22:57:32 EDT 2019 com.google.javascript.rhino.Token,308
Mon Sep 02 22:57:37 EDT 2019 com.google.javascript.rhino.Token,312
Mon Sep 02 22:57:43 EDT 2019 com.google.javascript.rhino.Token,313
Mon Sep 02 22:57:48 EDT 2019 com.google.javascript.rhino.Token,356
Mon Sep 02 22:57:53 EDT 2019 com.google.javascript.rhino.Token,359
Mon Sep 02 22:57:59 EDT 2019 com.google.javascript.rhino.Token,378
Mon Sep 02 22:58:04 EDT 2019 com.google.javascript.rhino.Token,391
Mon Sep 02 22:58:09 EDT 2019 com.google.javascript.rhino.Token,397
Mon Sep 02 22:58:14 EDT 2019 com.google.javascript.jscomp.LiveVariablesAnalysis,214
Mon Sep 02 23:09:27 EDT 2019 com.google.javascript.jscomp.LiveVariablesAnalysis,215
Mon Sep 02 23:09:28 EDT 2019 com.google.javascript.jscomp.LiveVariablesAnalysis,216
Mon Sep 02 23:09:28 EDT 2019 com.google.javascript.jscomp.LiveVariablesAnalysis,217
Mon Sep 02 23:09:28 EDT 2019 com.google.javascript.jscomp.LiveVariablesAnalysis,218
Mon Sep 02 23:09:29 EDT 2019 com.google.javascript.jscomp.LiveVariablesAnalysis,222
Mon Sep 02 23:17:23 EDT 2019 com.google.javascript.jscomp.Scope,131
Mon Sep 02 23:17:42 EDT 2019 com.google.javascript.jscomp.NodeTraversal,525
Mon Sep 02 23:18:49 EDT 2019 Mon Sep 02 23:18:49 EDT 2019 : com.google.javascript.jscomp.FoldConstants,909=>Find no block
Mon Sep 02 23:18:49 EDT 2019 com.google.javascript.jscomp.FoldConstants,1418
Mon Sep 02 23:24:25 EDT 2019 com.google.javascript.jscomp.FoldConstants,1464
Mon Sep 02 23:24:26 EDT 2019 com.google.javascript.jscomp.MemoizedScopeCreator,56
Timeout time : 19/09/02 23:25
