=================================================
Project : closure_103	start : 19/09/02 18:23
Current failed test : com.google.javascript.jscomp.DisambiguatePropertiesTest::testSupertypeReferenceOfSubtypeProperty | 19/09/02 18:24
Mon Sep 02 18:28:29 EDT 2019 com.google.javascript.rhino.Node,1330
Mon Sep 02 18:28:46 EDT 2019 Mon Sep 02 18:28:46 EDT 2019 : com.google.javascript.jscomp.CreateSyntheticBlocks,77=>Find no block
Mon Sep 02 18:28:50 EDT 2019 com.google.javascript.jscomp.CreateSyntheticBlocks,78
Mon Sep 02 18:33:35 EDT 2019 com.google.javascript.jscomp.CreateSyntheticBlocks,79
Mon Sep 02 18:33:39 EDT 2019 com.google.javascript.jscomp.CreateSyntheticBlocks,80
Mon Sep 02 18:33:44 EDT 2019 com.google.javascript.jscomp.CreateSyntheticBlocks,81
Mon Sep 02 18:33:50 EDT 2019 Mon Sep 02 18:33:50 EDT 2019 : com.google.javascript.jscomp.CreateSyntheticBlocks,82=>Find no block
Mon Sep 02 18:33:55 EDT 2019 Mon Sep 02 18:33:55 EDT 2019 : com.google.javascript.jscomp.CreateSyntheticBlocks,33=>Find no block
Mon Sep 02 18:34:01 EDT 2019 Mon Sep 02 18:34:01 EDT 2019 : com.google.javascript.jscomp.CreateSyntheticBlocks,36=>Find no block
Mon Sep 02 18:34:07 EDT 2019 com.google.javascript.jscomp.CreateSyntheticBlocks,86
Mon Sep 02 18:46:24 EDT 2019 com.google.javascript.jscomp.CreateSyntheticBlocks,88
Mon Sep 02 18:55:21 EDT 2019 Mon Sep 02 18:55:21 EDT 2019 : com.google.javascript.jscomp.CreateSyntheticBlocks,92=>Find no block
Mon Sep 02 18:55:26 EDT 2019 Mon Sep 02 18:55:26 EDT 2019 : com.google.javascript.jscomp.CreateSyntheticBlocks,94=>Find no block
Mon Sep 02 18:55:32 EDT 2019 com.google.javascript.jscomp.CreateSyntheticBlocks,97
Timeout time : 19/09/02 20:08
Current failed test : com.google.javascript.jscomp.ControlFlowAnalysisTest::testInstanceOf | 19/09/02 20:08
Mon Sep 02 20:12:00 EDT 2019 com.google.javascript.rhino.Node,1330
Mon Sep 02 20:12:13 EDT 2019 Mon Sep 02 20:12:13 EDT 2019 : com.google.javascript.jscomp.CreateSyntheticBlocks,77=>Find no block
Mon Sep 02 20:12:17 EDT 2019 com.google.javascript.jscomp.CreateSyntheticBlocks,78
Mon Sep 02 20:16:38 EDT 2019 com.google.javascript.jscomp.CreateSyntheticBlocks,79
Mon Sep 02 20:16:42 EDT 2019 com.google.javascript.jscomp.CreateSyntheticBlocks,80
Mon Sep 02 20:16:45 EDT 2019 com.google.javascript.jscomp.CreateSyntheticBlocks,81
Mon Sep 02 20:16:50 EDT 2019 Mon Sep 02 20:16:50 EDT 2019 : com.google.javascript.jscomp.CreateSyntheticBlocks,82=>Find no block
Mon Sep 02 20:16:54 EDT 2019 Mon Sep 02 20:16:54 EDT 2019 : com.google.javascript.jscomp.CreateSyntheticBlocks,33=>Find no block
Mon Sep 02 20:16:58 EDT 2019 Mon Sep 02 20:16:58 EDT 2019 : com.google.javascript.jscomp.CreateSyntheticBlocks,36=>Find no block
Mon Sep 02 20:17:02 EDT 2019 com.google.javascript.jscomp.CreateSyntheticBlocks,86
Mon Sep 02 20:28:06 EDT 2019 com.google.javascript.jscomp.CreateSyntheticBlocks,88
Mon Sep 02 20:35:10 EDT 2019 Mon Sep 02 20:35:10 EDT 2019 : com.google.javascript.jscomp.CreateSyntheticBlocks,92=>Find no block
Mon Sep 02 20:35:12 EDT 2019 Mon Sep 02 20:35:12 EDT 2019 : com.google.javascript.jscomp.CreateSyntheticBlocks,94=>Find no block
Mon Sep 02 20:35:13 EDT 2019 com.google.javascript.jscomp.CreateSyntheticBlocks,97
Mon Sep 02 21:21:40 EDT 2019 com.google.javascript.jscomp.CreateSyntheticBlocks,98
Mon Sep 02 21:21:40 EDT 2019 Mon Sep 02 21:21:40 EDT 2019 : com.google.javascript.rhino.jstype.JSTypeRegistry,564=>Find no block
Mon Sep 02 21:21:41 EDT 2019 Mon Sep 02 21:21:41 EDT 2019 : com.google.javascript.rhino.Node,177=>Find no block
Mon Sep 02 21:21:41 EDT 2019 com.google.javascript.rhino.Node,197
Mon Sep 02 21:21:47 EDT 2019 com.google.javascript.rhino.Node,213
Mon Sep 02 21:21:53 EDT 2019 com.google.javascript.rhino.Node,222
Mon Sep 02 21:21:58 EDT 2019 com.google.javascript.rhino.Node,803
Mon Sep 02 21:26:56 EDT 2019 com.google.javascript.rhino.Node,804
Mon Sep 02 21:26:56 EDT 2019 com.google.javascript.rhino.Node,805
Mon Sep 02 21:26:57 EDT 2019 com.google.javascript.rhino.Node,808
Mon Sep 02 21:26:57 EDT 2019 com.google.javascript.rhino.Node,809
Mon Sep 02 21:26:57 EDT 2019 com.google.javascript.rhino.Node,810
Mon Sep 02 21:26:58 EDT 2019 com.google.javascript.rhino.Node,811
Mon Sep 02 21:26:59 EDT 2019 com.google.javascript.rhino.Node,814
Mon Sep 02 21:26:59 EDT 2019 com.google.javascript.rhino.Node,815
Mon Sep 02 21:27:00 EDT 2019 com.google.javascript.rhino.Node,872
Mon Sep 02 21:27:02 EDT 2019 com.google.javascript.rhino.Node,881
Mon Sep 02 21:28:11 EDT 2019 com.google.javascript.rhino.Node,882
Mon Sep 02 21:28:11 EDT 2019 com.google.javascript.rhino.Node,883
Mon Sep 02 21:28:12 EDT 2019 com.google.javascript.rhino.Node,895
Timeout time : 19/09/02 21:51
Current failed test : com.google.javascript.jscomp.CheckUnreachableCodeTest::testInstanceOfThrowsException | 19/09/02 21:51
Mon Sep 02 21:53:49 EDT 2019 com.google.javascript.rhino.Node,1330
Mon Sep 02 21:53:51 EDT 2019 Mon Sep 02 21:53:51 EDT 2019 : com.google.javascript.jscomp.CreateSyntheticBlocks,77=>Find no block
Mon Sep 02 21:53:52 EDT 2019 com.google.javascript.jscomp.CreateSyntheticBlocks,78
Mon Sep 02 21:55:57 EDT 2019 com.google.javascript.jscomp.CreateSyntheticBlocks,79
Mon Sep 02 21:55:57 EDT 2019 com.google.javascript.jscomp.CreateSyntheticBlocks,80
Mon Sep 02 21:55:58 EDT 2019 com.google.javascript.jscomp.CreateSyntheticBlocks,81
Mon Sep 02 21:55:58 EDT 2019 Mon Sep 02 21:55:58 EDT 2019 : com.google.javascript.jscomp.CreateSyntheticBlocks,82=>Find no block
Mon Sep 02 21:55:59 EDT 2019 Mon Sep 02 21:55:59 EDT 2019 : com.google.javascript.jscomp.CreateSyntheticBlocks,33=>Find no block
Mon Sep 02 21:55:59 EDT 2019 Mon Sep 02 21:55:59 EDT 2019 : com.google.javascript.jscomp.CreateSyntheticBlocks,36=>Find no block
Mon Sep 02 21:56:00 EDT 2019 com.google.javascript.jscomp.CreateSyntheticBlocks,86
Mon Sep 02 22:01:05 EDT 2019 com.google.javascript.jscomp.CreateSyntheticBlocks,88
Mon Sep 02 22:04:45 EDT 2019 Mon Sep 02 22:04:45 EDT 2019 : com.google.javascript.jscomp.CreateSyntheticBlocks,92=>Find no block
Mon Sep 02 22:04:45 EDT 2019 Mon Sep 02 22:04:45 EDT 2019 : com.google.javascript.jscomp.CreateSyntheticBlocks,94=>Find no block
Mon Sep 02 22:04:46 EDT 2019 com.google.javascript.jscomp.CreateSyntheticBlocks,97
Mon Sep 02 22:48:08 EDT 2019 com.google.javascript.jscomp.CreateSyntheticBlocks,98
Mon Sep 02 22:48:08 EDT 2019 Mon Sep 02 22:48:08 EDT 2019 : com.google.javascript.rhino.jstype.JSTypeRegistry,564=>Find no block
Mon Sep 02 22:48:09 EDT 2019 Mon Sep 02 22:48:09 EDT 2019 : com.google.javascript.rhino.Node,177=>Find no block
Mon Sep 02 22:48:09 EDT 2019 com.google.javascript.rhino.Node,197
Mon Sep 02 22:48:14 EDT 2019 com.google.javascript.rhino.Node,213
Mon Sep 02 22:48:20 EDT 2019 com.google.javascript.rhino.Node,222
Mon Sep 02 22:48:25 EDT 2019 com.google.javascript.rhino.Node,803
Mon Sep 02 22:54:57 EDT 2019 com.google.javascript.rhino.Node,804
Mon Sep 02 22:54:57 EDT 2019 com.google.javascript.rhino.Node,805
Mon Sep 02 22:54:58 EDT 2019 com.google.javascript.rhino.Node,808
Mon Sep 02 22:54:58 EDT 2019 com.google.javascript.rhino.Node,809
Mon Sep 02 22:54:58 EDT 2019 com.google.javascript.rhino.Node,810
Mon Sep 02 22:54:59 EDT 2019 com.google.javascript.rhino.Node,811
Mon Sep 02 22:54:59 EDT 2019 com.google.javascript.rhino.Node,814
Mon Sep 02 22:55:00 EDT 2019 com.google.javascript.rhino.Node,815
Mon Sep 02 22:55:00 EDT 2019 com.google.javascript.rhino.Node,872
Mon Sep 02 22:55:03 EDT 2019 com.google.javascript.rhino.Node,881
Mon Sep 02 22:56:46 EDT 2019 com.google.javascript.rhino.Node,882
Mon Sep 02 22:56:47 EDT 2019 com.google.javascript.rhino.Node,883
Mon Sep 02 22:56:47 EDT 2019 com.google.javascript.rhino.Node,895
Timeout time : 19/09/02 23:34
