=================================================
Project : closure_105	start : 19/09/02 18:24
Current failed test : com.google.javascript.jscomp.FoldConstantsTest::testStringJoinAdd | 19/09/02 18:24
Mon Sep 02 18:25:50 EDT 2019 Mon Sep 02 18:25:50 EDT 2019 : com.google.javascript.rhino.Node,177=>Find no block
Mon Sep 02 18:25:51 EDT 2019 com.google.javascript.rhino.Node,197
Mon Sep 02 18:25:58 EDT 2019 com.google.javascript.rhino.Node,222
Mon Sep 02 18:26:05 EDT 2019 com.google.javascript.rhino.Node,805
Mon Sep 02 18:27:31 EDT 2019 com.google.javascript.rhino.Node,810
Mon Sep 02 18:29:59 EDT 2019 com.google.javascript.rhino.Node,811
Mon Sep 02 18:29:59 EDT 2019 com.google.javascript.rhino.Node,903
Mon Sep 02 18:30:11 EDT 2019 com.google.javascript.rhino.Node,904
Mon Sep 02 18:30:13 EDT 2019 com.google.javascript.rhino.Node,909
Mon Sep 02 18:36:08 EDT 2019 com.google.javascript.rhino.Node,910
Mon Sep 02 18:40:59 EDT 2019 com.google.javascript.rhino.Node,911
Mon Sep 02 18:41:00 EDT 2019 com.google.javascript.rhino.Node,912
Mon Sep 02 18:45:01 EDT 2019 com.google.javascript.rhino.Node,913
Mon Sep 02 18:48:40 EDT 2019 com.google.javascript.rhino.Node,915
Mon Sep 02 18:52:27 EDT 2019 com.google.javascript.rhino.Node,916
Mon Sep 02 18:56:47 EDT 2019 com.google.javascript.rhino.Node,917
Mon Sep 02 19:00:16 EDT 2019 com.google.javascript.rhino.Node,918
Mon Sep 02 19:04:37 EDT 2019 com.google.javascript.rhino.Node,919
Mon Sep 02 19:04:38 EDT 2019 com.google.javascript.rhino.Node,921
Mon Sep 02 19:12:35 EDT 2019 com.google.javascript.rhino.Node,936
Mon Sep 02 19:19:00 EDT 2019 com.google.javascript.rhino.Node,937
Mon Sep 02 19:19:01 EDT 2019 com.google.javascript.rhino.Node,938
Mon Sep 02 19:23:45 EDT 2019 com.google.javascript.rhino.Node,939
Mon Sep 02 19:28:37 EDT 2019 com.google.javascript.rhino.Node,940
Mon Sep 02 19:33:06 EDT 2019 Mon Sep 02 19:33:06 EDT 2019 : com.google.javascript.rhino.Node,942=>Find no block
Mon Sep 02 19:33:06 EDT 2019 com.google.javascript.rhino.Node,978
Mon Sep 02 19:34:47 EDT 2019 com.google.javascript.rhino.Node,979
Mon Sep 02 19:34:47 EDT 2019 com.google.javascript.rhino.Node,980
Mon Sep 02 19:34:48 EDT 2019 com.google.javascript.rhino.Node,982
Mon Sep 02 19:34:48 EDT 2019 com.google.javascript.rhino.Node,986
Mon Sep 02 19:51:20 EDT 2019 com.google.javascript.rhino.Node,987
Mon Sep 02 19:51:21 EDT 2019 com.google.javascript.rhino.Node,1005
Mon Sep 02 19:51:23 EDT 2019 com.google.javascript.rhino.Node,1010
Mon Sep 02 19:51:26 EDT 2019 com.google.javascript.rhino.Node,1011
Mon Sep 02 19:51:26 EDT 2019 com.google.javascript.rhino.Node,1012
Mon Sep 02 19:51:27 EDT 2019 com.google.javascript.rhino.Node,1019
Mon Sep 02 19:51:29 EDT 2019 Mon Sep 02 19:51:29 EDT 2019 : com.google.javascript.rhino.Node,1020=>Find no block
Mon Sep 02 19:51:30 EDT 2019 com.google.javascript.rhino.Node,1026
Mon Sep 02 19:59:44 EDT 2019 com.google.javascript.rhino.Node,1027
Mon Sep 02 19:59:44 EDT 2019 com.google.javascript.rhino.Node,1029
Mon Sep 02 20:36:49 EDT 2019 com.google.javascript.rhino.Node,1030
Mon Sep 02 20:36:50 EDT 2019 com.google.javascript.rhino.Node,1031
Mon Sep 02 20:36:50 EDT 2019 com.google.javascript.rhino.Node,1034
Mon Sep 02 20:36:51 EDT 2019 Mon Sep 02 20:36:51 EDT 2019 : com.google.javascript.rhino.Node,1032=>Find no block
Mon Sep 02 20:36:51 EDT 2019 Mon Sep 02 20:36:51 EDT 2019 : com.google.javascript.rhino.Node,1037=>Find no block
Mon Sep 02 20:36:52 EDT 2019 com.google.javascript.rhino.Node,1330
Mon Sep 02 20:36:54 EDT 2019 com.google.javascript.jscomp.CodeConsumer,117
Mon Sep 02 20:36:56 EDT 2019 Mon Sep 02 20:36:56 EDT 2019 : com.google.javascript.jscomp.CodeConsumer,118=>Find no block
Mon Sep 02 20:36:57 EDT 2019 Mon Sep 02 20:36:57 EDT 2019 : com.google.javascript.jscomp.CodeConsumer,121=>Find no block
Mon Sep 02 20:36:57 EDT 2019 com.google.javascript.jscomp.FoldConstants,1484
Mon Sep 02 20:38:40 EDT 2019 com.google.javascript.jscomp.FoldConstants,1490
Mon Sep 02 20:40:00 EDT 2019 com.google.javascript.jscomp.FoldConstants,1491
Mon Sep 02 20:40:00 EDT 2019 com.google.javascript.jscomp.FoldConstants,1492
Mon Sep 02 20:40:01 EDT 2019 com.google.javascript.jscomp.FoldConstants,1511
Mon Sep 02 20:50:27 EDT 2019 com.google.javascript.jscomp.FoldConstants,1512
Mon Sep 02 21:03:06 EDT 2019 com.google.javascript.jscomp.FoldConstants,1513
Mon Sep 02 21:16:20 EDT 2019 com.google.javascript.jscomp.FoldConstants,1518
Mon Sep 02 21:16:22 EDT 2019 com.google.javascript.jscomp.FoldConstants,1533
Mon Sep 02 21:16:52 EDT 2019 com.google.javascript.jscomp.FoldConstants,1534
Mon Sep 02 21:16:52 EDT 2019 com.google.javascript.jscomp.FoldConstants,1536
Mon Sep 02 21:17:25 EDT 2019 com.google.javascript.jscomp.FoldConstants,1537
Mon Sep 02 21:21:37 EDT 2019 com.google.javascript.jscomp.FoldConstants,1538
Mon Sep 02 21:26:42 EDT 2019 com.google.javascript.jscomp.FoldConstants,1539
Mon Sep 02 21:26:43 EDT 2019 com.google.javascript.jscomp.FoldConstants,1542
Mon Sep 02 21:40:16 EDT 2019 com.google.javascript.jscomp.FoldConstants,1543
Mon Sep 02 21:40:16 EDT 2019 com.google.javascript.jscomp.FoldConstants,1544
Mon Sep 02 21:40:16 EDT 2019 Mon Sep 02 21:40:16 EDT 2019 : com.google.javascript.jscomp.FoldConstants,1545=>Find no block
Mon Sep 02 21:40:17 EDT 2019 com.google.javascript.rhino.ScriptOrFnNode,54
Mon Sep 02 21:40:23 EDT 2019 com.google.javascript.rhino.ScriptOrFnNode,60
Mon Sep 02 21:40:24 EDT 2019 com.google.javascript.rhino.ScriptOrFnNode,62
Mon Sep 02 21:40:26 EDT 2019 com.google.javascript.rhino.ScriptOrFnNode,69
Mon Sep 02 21:40:28 EDT 2019 com.google.javascript.rhino.ScriptOrFnNode,77
Mon Sep 02 21:40:30 EDT 2019 com.google.javascript.rhino.Token,294
Mon Sep 02 21:40:36 EDT 2019 com.google.javascript.rhino.Token,311
Mon Sep 02 21:40:41 EDT 2019 com.google.javascript.rhino.Token,336
Mon Sep 02 21:40:46 EDT 2019 com.google.javascript.rhino.Token,359
Mon Sep 02 21:40:51 EDT 2019 com.google.javascript.rhino.Token,397
Mon Sep 02 21:40:56 EDT 2019 com.google.javascript.rhino.Token,402
Mon Sep 02 21:41:02 EDT 2019 com.google.javascript.rhino.Token,404
Mon Sep 02 21:41:07 EDT 2019 com.google.javascript.rhino.Node,897
Mon Sep 02 21:41:24 EDT 2019 com.google.javascript.rhino.Node,898
Mon Sep 02 21:41:24 EDT 2019 com.google.javascript.rhino.Node,1768
Mon Sep 02 22:04:29 EDT 2019 com.google.javascript.rhino.Node,1769
Mon Sep 02 22:04:29 EDT 2019 com.google.javascript.rhino.Node,1770
Mon Sep 02 22:04:30 EDT 2019 com.google.javascript.rhino.Node,1771
Mon Sep 02 22:04:30 EDT 2019 com.google.javascript.rhino.Node,1772
Mon Sep 02 22:04:31 EDT 2019 Mon Sep 02 22:04:31 EDT 2019 : com.google.javascript.rhino.Node,1773=>Find no block
Mon Sep 02 22:04:31 EDT 2019 com.google.javascript.rhino.Node,1774
Mon Sep 02 22:24:01 EDT 2019 com.google.javascript.rhino.Node,1775
Mon Sep 02 22:24:01 EDT 2019 Mon Sep 02 22:24:01 EDT 2019 : com.google.javascript.rhino.Node,1776=>Find no block
Mon Sep 02 22:24:01 EDT 2019 Mon Sep 02 22:24:01 EDT 2019 : com.google.javascript.jscomp.CodeConsumer,42=>Find no block
Mon Sep 02 22:24:02 EDT 2019 Mon Sep 02 22:24:02 EDT 2019 : com.google.javascript.jscomp.CodeConsumer,49=>Find no block
Mon Sep 02 22:24:02 EDT 2019 com.google.javascript.jscomp.FoldConstants,1475
Mon Sep 02 23:08:08 EDT 2019 com.google.javascript.jscomp.FoldConstants,1476
Mon Sep 02 23:08:38 EDT 2019 com.google.javascript.jscomp.FoldConstants,1477
Mon Sep 02 23:09:33 EDT 2019 com.google.javascript.jscomp.FoldConstants,1478
Timeout time : 19/09/02 23:25
