=================================================
Project : closure_106	start : 19/09/02 18:24
Current failed test : com.google.javascript.jscomp.CollapsePropertiesTest::testTwinReferenceCancelsChildCollapsing | 19/09/02 18:25
Mon Sep 02 18:27:16 EDT 2019 com.google.javascript.rhino.Node,221
Mon Sep 02 18:27:25 EDT 2019 com.google.javascript.rhino.Node,1323
Mon Sep 02 18:27:28 EDT 2019 com.google.javascript.rhino.Node,742
Mon Sep 02 18:29:11 EDT 2019 com.google.javascript.rhino.Node,915
Mon Sep 02 18:36:02 EDT 2019 com.google.javascript.rhino.Node,916
Mon Sep 02 18:36:02 EDT 2019 com.google.javascript.jscomp.JSError,215
Mon Sep 02 18:36:06 EDT 2019 com.google.javascript.rhino.JSDocInfo,596
Mon Sep 02 18:36:09 EDT 2019 com.google.javascript.rhino.JSDocInfo,597
Mon Sep 02 18:36:09 EDT 2019 com.google.javascript.jscomp.parsing.JsDocInfoParser,252
Mon Sep 02 18:36:26 EDT 2019 Mon Sep 02 18:36:26 EDT 2019 : com.google.javascript.jscomp.parsing.JsDocInfoParser,1016=>Find no block
Mon Sep 02 18:36:27 EDT 2019 com.google.javascript.jscomp.parsing.JsDocInfoParser,1069
Mon Sep 02 18:36:48 EDT 2019 com.google.javascript.jscomp.parsing.JsDocInfoParser,1298
Mon Sep 02 18:37:38 EDT 2019 com.google.javascript.jscomp.parsing.JsDocInfoParser,1302
Mon Sep 02 18:39:10 EDT 2019 com.google.javascript.jscomp.parsing.JsDocInfoParser,1304
Mon Sep 02 18:45:02 EDT 2019 com.google.javascript.jscomp.parsing.JsDocInfoParser,1306
Mon Sep 02 18:50:24 EDT 2019 com.google.javascript.jscomp.parsing.JsDocInfoParser,1307
Mon Sep 02 18:54:01 EDT 2019 com.google.javascript.jscomp.parsing.JsDocInfoParser,1308
Mon Sep 02 19:00:03 EDT 2019 com.google.javascript.jscomp.parsing.JsDocInfoParser,1309
Mon Sep 02 19:00:04 EDT 2019 com.google.javascript.jscomp.parsing.JsDocInfoParser,1311
Mon Sep 02 19:08:16 EDT 2019 com.google.javascript.jscomp.parsing.JsDocInfoParser,1325
Mon Sep 02 19:13:33 EDT 2019 com.google.javascript.jscomp.parsing.JsDocInfoParser,1326
Mon Sep 02 19:13:33 EDT 2019 com.google.javascript.jscomp.parsing.JsDocInfoParser,1327
Mon Sep 02 19:13:34 EDT 2019 com.google.javascript.jscomp.parsing.JsDocInfoParser,1328
Mon Sep 02 19:13:35 EDT 2019 com.google.javascript.jscomp.parsing.JsDocInfoParser,1329
Mon Sep 02 19:13:35 EDT 2019 Mon Sep 02 19:13:35 EDT 2019 : com.google.javascript.jscomp.parsing.JsDocInfoParser,1333=>Find no block
Mon Sep 02 19:13:36 EDT 2019 com.google.javascript.jscomp.parsing.JsDocInfoParser,1335
Mon Sep 02 19:14:02 EDT 2019 com.google.javascript.jscomp.parsing.JsDocInfoParser,1338
Mon Sep 02 19:16:48 EDT 2019 com.google.javascript.rhino.JSDocInfoBuilder,116
Mon Sep 02 19:17:14 EDT 2019 com.google.javascript.rhino.JSDocInfoBuilder,189
Mon Sep 02 19:17:17 EDT 2019 com.google.javascript.rhino.JSDocInfoBuilder,192
Mon Sep 02 19:18:59 EDT 2019 Mon Sep 02 19:18:59 EDT 2019 : com.google.javascript.rhino.Node,173=>Find no block
Mon Sep 02 19:18:59 EDT 2019 com.google.javascript.rhino.Node,193
Mon Sep 02 19:19:07 EDT 2019 com.google.javascript.rhino.Node,218
Mon Sep 02 19:19:13 EDT 2019 com.google.javascript.rhino.Node,796
Mon Sep 02 19:27:27 EDT 2019 com.google.javascript.rhino.Node,797
Mon Sep 02 19:27:28 EDT 2019 com.google.javascript.rhino.Node,798
Mon Sep 02 19:27:29 EDT 2019 com.google.javascript.rhino.Node,801
Mon Sep 02 19:27:29 EDT 2019 com.google.javascript.rhino.Node,802
Mon Sep 02 19:27:30 EDT 2019 com.google.javascript.rhino.Node,803
Mon Sep 02 19:27:31 EDT 2019 com.google.javascript.rhino.Node,804
Mon Sep 02 19:27:32 EDT 2019 com.google.javascript.rhino.Node,807
Mon Sep 02 19:27:32 EDT 2019 com.google.javascript.rhino.Node,808
Mon Sep 02 19:27:33 EDT 2019 com.google.javascript.rhino.Node,865
Mon Sep 02 19:27:35 EDT 2019 com.google.javascript.rhino.Node,874
Mon Sep 02 19:29:29 EDT 2019 com.google.javascript.rhino.Node,875
Mon Sep 02 19:29:30 EDT 2019 com.google.javascript.rhino.Node,876
Mon Sep 02 19:29:31 EDT 2019 com.google.javascript.rhino.Node,888
Timeout time : 19/09/02 19:43
Current failed test : com.google.javascript.jscomp.CollapsePropertiesTest::testCrashInNestedAssign | 19/09/02 19:43
Mon Sep 02 19:45:25 EDT 2019 com.google.javascript.rhino.Node,221
Mon Sep 02 19:45:32 EDT 2019 com.google.javascript.rhino.Node,1323
Mon Sep 02 19:45:34 EDT 2019 com.google.javascript.rhino.Node,742
Mon Sep 02 19:47:15 EDT 2019 com.google.javascript.rhino.Node,915
Mon Sep 02 19:54:08 EDT 2019 com.google.javascript.rhino.Node,916
Mon Sep 02 19:54:09 EDT 2019 com.google.javascript.jscomp.JSError,215
Mon Sep 02 19:54:11 EDT 2019 com.google.javascript.rhino.JSDocInfo,596
Mon Sep 02 19:54:14 EDT 2019 com.google.javascript.rhino.JSDocInfo,597
Mon Sep 02 19:54:15 EDT 2019 com.google.javascript.jscomp.parsing.JsDocInfoParser,252
Mon Sep 02 19:54:32 EDT 2019 Mon Sep 02 19:54:32 EDT 2019 : com.google.javascript.jscomp.parsing.JsDocInfoParser,1016=>Find no block
Mon Sep 02 19:54:32 EDT 2019 com.google.javascript.jscomp.parsing.JsDocInfoParser,1069
Mon Sep 02 19:54:53 EDT 2019 com.google.javascript.jscomp.parsing.JsDocInfoParser,1298
Mon Sep 02 19:55:42 EDT 2019 com.google.javascript.jscomp.parsing.JsDocInfoParser,1302
Mon Sep 02 19:57:18 EDT 2019 com.google.javascript.jscomp.parsing.JsDocInfoParser,1304
Mon Sep 02 20:03:16 EDT 2019 com.google.javascript.jscomp.parsing.JsDocInfoParser,1306
Mon Sep 02 20:08:37 EDT 2019 com.google.javascript.jscomp.parsing.JsDocInfoParser,1307
Mon Sep 02 20:12:24 EDT 2019 com.google.javascript.jscomp.parsing.JsDocInfoParser,1308
Mon Sep 02 20:18:34 EDT 2019 com.google.javascript.jscomp.parsing.JsDocInfoParser,1309
Mon Sep 02 20:18:35 EDT 2019 com.google.javascript.jscomp.parsing.JsDocInfoParser,1311
Mon Sep 02 20:26:57 EDT 2019 com.google.javascript.jscomp.parsing.JsDocInfoParser,1325
Mon Sep 02 20:32:26 EDT 2019 com.google.javascript.jscomp.parsing.JsDocInfoParser,1326
Mon Sep 02 20:32:26 EDT 2019 com.google.javascript.jscomp.parsing.JsDocInfoParser,1327
Mon Sep 02 20:32:27 EDT 2019 com.google.javascript.jscomp.parsing.JsDocInfoParser,1328
Mon Sep 02 20:32:27 EDT 2019 com.google.javascript.jscomp.parsing.JsDocInfoParser,1329
Mon Sep 02 20:32:28 EDT 2019 Mon Sep 02 20:32:28 EDT 2019 : com.google.javascript.jscomp.parsing.JsDocInfoParser,1333=>Find no block
Mon Sep 02 20:32:29 EDT 2019 com.google.javascript.jscomp.parsing.JsDocInfoParser,1335
Mon Sep 02 20:32:55 EDT 2019 com.google.javascript.jscomp.parsing.JsDocInfoParser,1338
Mon Sep 02 20:35:44 EDT 2019 com.google.javascript.rhino.JSDocInfoBuilder,116
Mon Sep 02 20:36:09 EDT 2019 com.google.javascript.rhino.JSDocInfoBuilder,189
Mon Sep 02 20:36:11 EDT 2019 com.google.javascript.rhino.JSDocInfoBuilder,192
Mon Sep 02 20:37:55 EDT 2019 Mon Sep 02 20:37:55 EDT 2019 : com.google.javascript.rhino.Node,173=>Find no block
Mon Sep 02 20:37:56 EDT 2019 com.google.javascript.rhino.Node,193
Mon Sep 02 20:38:02 EDT 2019 com.google.javascript.rhino.Node,218
Mon Sep 02 20:38:09 EDT 2019 com.google.javascript.rhino.Node,796
Mon Sep 02 20:46:23 EDT 2019 com.google.javascript.rhino.Node,797
Mon Sep 02 20:46:24 EDT 2019 com.google.javascript.rhino.Node,798
Mon Sep 02 20:46:24 EDT 2019 com.google.javascript.rhino.Node,801
Mon Sep 02 20:46:25 EDT 2019 com.google.javascript.rhino.Node,802
Mon Sep 02 20:46:25 EDT 2019 com.google.javascript.rhino.Node,803
Mon Sep 02 20:46:26 EDT 2019 com.google.javascript.rhino.Node,804
Mon Sep 02 20:46:27 EDT 2019 com.google.javascript.rhino.Node,807
Mon Sep 02 20:46:27 EDT 2019 com.google.javascript.rhino.Node,808
Mon Sep 02 20:46:27 EDT 2019 com.google.javascript.rhino.Node,865
Mon Sep 02 20:46:30 EDT 2019 com.google.javascript.rhino.Node,874
Mon Sep 02 20:48:20 EDT 2019 com.google.javascript.rhino.Node,875
Mon Sep 02 20:48:20 EDT 2019 com.google.javascript.rhino.Node,876
Mon Sep 02 20:48:21 EDT 2019 com.google.javascript.rhino.Node,888
Timeout time : 19/09/02 21:00
Current failed test : com.google.javascript.jscomp.CheckSideEffectsTest::testJSDocComments | 19/09/02 21:00
Mon Sep 02 21:02:44 EDT 2019 com.google.javascript.rhino.Node,221
Mon Sep 02 21:02:50 EDT 2019 com.google.javascript.rhino.Node,1323
Mon Sep 02 21:02:53 EDT 2019 com.google.javascript.rhino.Node,742
Mon Sep 02 21:04:37 EDT 2019 com.google.javascript.rhino.Node,915
Mon Sep 02 21:11:42 EDT 2019 com.google.javascript.rhino.Node,916
Mon Sep 02 21:11:42 EDT 2019 com.google.javascript.jscomp.JSError,215
Mon Sep 02 21:11:44 EDT 2019 com.google.javascript.rhino.JSDocInfo,596
Mon Sep 02 21:11:47 EDT 2019 com.google.javascript.rhino.JSDocInfo,597
Mon Sep 02 21:11:47 EDT 2019 com.google.javascript.jscomp.parsing.JsDocInfoParser,252
Mon Sep 02 21:12:05 EDT 2019 Mon Sep 02 21:12:05 EDT 2019 : com.google.javascript.jscomp.parsing.JsDocInfoParser,1016=>Find no block
Mon Sep 02 21:12:05 EDT 2019 com.google.javascript.jscomp.parsing.JsDocInfoParser,1069
Mon Sep 02 21:12:25 EDT 2019 com.google.javascript.jscomp.parsing.JsDocInfoParser,1298
Mon Sep 02 21:13:13 EDT 2019 com.google.javascript.jscomp.parsing.JsDocInfoParser,1302
Mon Sep 02 21:14:45 EDT 2019 com.google.javascript.jscomp.parsing.JsDocInfoParser,1304
Mon Sep 02 21:20:37 EDT 2019 com.google.javascript.jscomp.parsing.JsDocInfoParser,1306
Mon Sep 02 21:25:57 EDT 2019 com.google.javascript.jscomp.parsing.JsDocInfoParser,1307
Mon Sep 02 21:29:42 EDT 2019 com.google.javascript.jscomp.parsing.JsDocInfoParser,1308

----------------------------------------
----------------------------------------
Pass Single Test : [=>0,0]
line=trimEnd(line);
builder.append(line);
jsdocBuilder.recordDescription(line);
token=next();

Time : 19/09/02 21:36
----------------------------------------

----------------------------------------
----------------------------------------
Similar code block : 1.072055154795044 : [/home/mmotwani/mywork1dir/Defects4Java7/defects4j/SIMFIX_RQ1/closure/closure_106_buggy/src/com/google/javascript/jscomp/parsing/JsDocInfoParser.java=>0,0]
ExtractionInfo descriptionInfo=extractMultilineTextualBlock(token);
String description=descriptionInfo.string;
jsdocBuilder.recordDescription(description);
token=descriptionInfo.token;

Time : 19/09/02 21:36
----------------------------------------

----------------------------------------
----------------------------------------
Original source code : [/home/mmotwani/mywork1dir/Defects4Java7/defects4j/SIMFIX_RQ1/closure/closure_106_buggy/src/com/google/javascript/jscomp/parsing/JsDocInfoParser.java=>1307,1309]
line=trimEnd(line);
builder.append(line);
token=next();

Time : 19/09/02 21:36
----------------------------------------

----------------------------------------
----------------------------------------
Find a patch : [/home/mmotwani/mywork1dir/Defects4Java7/defects4j/SIMFIX_RQ1/closure/closure_106_buggy/src/com/google/javascript/jscomp/parsing/JsDocInfoParser.java=>1307,1309]
line=trimEnd(line);
builder.append(line);
jsdocBuilder.recordDescription(line);
token=next();

Time : 19/09/02 21:36
----------------------------------------
Success time : 19/09/02 21:36
Current failed test : com.google.javascript.jscomp.CollapsePropertiesTest::testCrashInCommaOperator | 19/09/02 21:36
Mon Sep 02 21:39:20 EDT 2019 com.google.javascript.rhino.Node,221
Mon Sep 02 21:39:27 EDT 2019 com.google.javascript.rhino.Node,1323
Mon Sep 02 21:39:29 EDT 2019 com.google.javascript.rhino.Node,742
Mon Sep 02 21:41:12 EDT 2019 com.google.javascript.rhino.Node,915
Mon Sep 02 21:48:12 EDT 2019 com.google.javascript.rhino.Node,916
Mon Sep 02 21:48:13 EDT 2019 com.google.javascript.jscomp.JSError,215
Mon Sep 02 21:48:16 EDT 2019 com.google.javascript.rhino.JSDocInfo,596
Mon Sep 02 21:48:18 EDT 2019 com.google.javascript.rhino.JSDocInfo,597
Mon Sep 02 21:48:19 EDT 2019 com.google.javascript.jscomp.parsing.JsDocInfoParser,252
Mon Sep 02 21:48:36 EDT 2019 Mon Sep 02 21:48:36 EDT 2019 : com.google.javascript.jscomp.parsing.JsDocInfoParser,1016=>Find no block
Mon Sep 02 21:48:36 EDT 2019 com.google.javascript.jscomp.parsing.JsDocInfoParser,1069
Mon Sep 02 21:48:56 EDT 2019 com.google.javascript.jscomp.parsing.JsDocInfoParser,1298
Mon Sep 02 21:49:44 EDT 2019 com.google.javascript.jscomp.parsing.JsDocInfoParser,1302
Mon Sep 02 21:51:15 EDT 2019 com.google.javascript.jscomp.parsing.JsDocInfoParser,1304
Mon Sep 02 21:57:09 EDT 2019 com.google.javascript.jscomp.parsing.JsDocInfoParser,1306
Mon Sep 02 22:02:28 EDT 2019 com.google.javascript.jscomp.parsing.JsDocInfoParser,1307
Mon Sep 02 22:06:13 EDT 2019 com.google.javascript.jscomp.parsing.JsDocInfoParser,1308
Mon Sep 02 22:12:17 EDT 2019 com.google.javascript.jscomp.parsing.JsDocInfoParser,1309
Mon Sep 02 22:12:17 EDT 2019 com.google.javascript.jscomp.parsing.JsDocInfoParser,1311
Mon Sep 02 22:20:39 EDT 2019 com.google.javascript.jscomp.parsing.JsDocInfoParser,1325
Mon Sep 02 22:26:08 EDT 2019 com.google.javascript.jscomp.parsing.JsDocInfoParser,1326
Mon Sep 02 22:26:09 EDT 2019 com.google.javascript.jscomp.parsing.JsDocInfoParser,1327
Mon Sep 02 22:26:09 EDT 2019 com.google.javascript.jscomp.parsing.JsDocInfoParser,1328
Mon Sep 02 22:26:10 EDT 2019 com.google.javascript.jscomp.parsing.JsDocInfoParser,1329
Mon Sep 02 22:26:10 EDT 2019 Mon Sep 02 22:26:10 EDT 2019 : com.google.javascript.jscomp.parsing.JsDocInfoParser,1333=>Find no block
Mon Sep 02 22:26:11 EDT 2019 com.google.javascript.jscomp.parsing.JsDocInfoParser,1335
Mon Sep 02 22:26:37 EDT 2019 com.google.javascript.jscomp.parsing.JsDocInfoParser,1338
Mon Sep 02 22:29:27 EDT 2019 com.google.javascript.rhino.JSDocInfoBuilder,116
Mon Sep 02 22:29:53 EDT 2019 com.google.javascript.rhino.JSDocInfoBuilder,189
Mon Sep 02 22:29:55 EDT 2019 com.google.javascript.rhino.JSDocInfoBuilder,192
Mon Sep 02 22:31:38 EDT 2019 Mon Sep 02 22:31:38 EDT 2019 : com.google.javascript.rhino.Node,173=>Find no block
Mon Sep 02 22:31:38 EDT 2019 com.google.javascript.rhino.Node,193
Mon Sep 02 22:31:44 EDT 2019 com.google.javascript.rhino.Node,218
Mon Sep 02 22:31:50 EDT 2019 com.google.javascript.rhino.Node,796
Mon Sep 02 22:40:17 EDT 2019 com.google.javascript.rhino.Node,797
Mon Sep 02 22:40:18 EDT 2019 com.google.javascript.rhino.Node,798
Mon Sep 02 22:40:19 EDT 2019 com.google.javascript.rhino.Node,801
Mon Sep 02 22:40:19 EDT 2019 com.google.javascript.rhino.Node,802
Mon Sep 02 22:40:20 EDT 2019 com.google.javascript.rhino.Node,803
Mon Sep 02 22:40:20 EDT 2019 com.google.javascript.rhino.Node,804
Mon Sep 02 22:40:21 EDT 2019 com.google.javascript.rhino.Node,807
Mon Sep 02 22:40:22 EDT 2019 com.google.javascript.rhino.Node,808
Mon Sep 02 22:40:22 EDT 2019 com.google.javascript.rhino.Node,865
Mon Sep 02 22:40:25 EDT 2019 com.google.javascript.rhino.Node,874
Mon Sep 02 22:42:18 EDT 2019 com.google.javascript.rhino.Node,875
Mon Sep 02 22:42:18 EDT 2019 com.google.javascript.rhino.Node,876
Mon Sep 02 22:42:19 EDT 2019 com.google.javascript.rhino.Node,888
Timeout time : 19/09/02 22:55
