=================================================
Project : closure_107	start : 19/09/02 18:26
Current failed test : com.google.javascript.jscomp.CommandLineRunnerTest::testGetMsgWiringNoWarnings | 19/09/02 18:27
Mon Sep 02 18:28:45 EDT 2019 com.google.javascript.jscomp.JsMessageVisitor,259
Mon Sep 02 18:36:05 EDT 2019 com.google.javascript.jscomp.JsMessageVisitor,260
Mon Sep 02 18:36:07 EDT 2019 Mon Sep 02 18:36:07 EDT 2019 : com.google.javascript.jscomp.JsMessageVisitor,276=>Find no block
Mon Sep 02 18:36:08 EDT 2019 com.google.javascript.jscomp.JsMessageVisitor,277
Mon Sep 02 19:35:16 EDT 2019 com.google.javascript.jscomp.JsMessageVisitor,279
Mon Sep 02 19:35:17 EDT 2019 com.google.javascript.jscomp.JsMessageVisitor,406
Mon Sep 02 19:36:14 EDT 2019 com.google.javascript.jscomp.JsMessageVisitor,939
Mon Sep 02 19:42:03 EDT 2019 com.google.javascript.jscomp.JsMessageVisitor,940
Mon Sep 02 19:42:05 EDT 2019 Mon Sep 02 19:42:05 EDT 2019 : com.google.javascript.jscomp.JsMessageVisitor,941=>Find no block
Mon Sep 02 19:42:06 EDT 2019 com.google.javascript.jscomp.JsMessageVisitor,944
Mon Sep 02 19:44:52 EDT 2019 com.google.javascript.jscomp.BasicErrorManager,170
Mon Sep 02 21:02:19 EDT 2019 com.google.javascript.rhino.JSDocInfo,1211
Mon Sep 02 21:05:26 EDT 2019 com.google.javascript.rhino.JSDocInfo,1215
Mon Sep 02 21:10:00 EDT 2019 com.google.javascript.rhino.JSDocInfo,1216
Mon Sep 02 21:10:02 EDT 2019 Mon Sep 02 21:10:02 EDT 2019 : com.google.javascript.rhino.JSDocInfo,1217=>Find no block
Mon Sep 02 21:10:03 EDT 2019 com.google.javascript.jscomp.parsing.JsDocInfoParser,425
Mon Sep 02 21:40:33 EDT 2019 com.google.javascript.jscomp.parsing.JsDocInfoParser,430
Mon Sep 02 21:40:35 EDT 2019 com.google.javascript.jscomp.parsing.JsDocInfoParser,433
Mon Sep 02 21:40:36 EDT 2019 com.google.javascript.jscomp.parsing.JsDocInfoParser,435
Mon Sep 02 21:40:37 EDT 2019 com.google.javascript.jscomp.parsing.JsDocInfoParser,436
Mon Sep 02 21:40:38 EDT 2019 com.google.javascript.jscomp.parsing.JsDocInfoParser,437
Mon Sep 02 21:40:40 EDT 2019 com.google.javascript.jscomp.parsing.JsDocInfoParser,1594
Mon Sep 02 21:45:47 EDT 2019 com.google.javascript.rhino.JSDocInfoBuilder,120
Mon Sep 02 21:47:21 EDT 2019 com.google.javascript.rhino.JSDocInfoBuilder,178
Mon Sep 02 21:50:00 EDT 2019 Mon Sep 02 21:50:00 EDT 2019 : com.google.javascript.rhino.JSDocInfoBuilder,185=>Find no block
Mon Sep 02 21:50:02 EDT 2019 com.google.javascript.rhino.JSDocInfoBuilder,645
Mon Sep 02 21:56:53 EDT 2019 com.google.javascript.rhino.JSDocInfoBuilder,646
Mon Sep 02 21:56:54 EDT 2019 com.google.javascript.rhino.JSDocInfoBuilder,647
Mon Sep 02 21:56:55 EDT 2019 com.google.javascript.rhino.JSDocInfoBuilder,648
Mon Sep 02 21:56:56 EDT 2019 com.google.javascript.jscomp.JsMessageVisitor,249
Mon Sep 02 22:19:45 EDT 2019 com.google.javascript.jscomp.JsMessageVisitor,257

----------------------------------------
----------------------------------------
Pass Single Test : [=>0,0]
if(traversal.inGlobalScope()){
return ;
}
if(isNewStyleMessage){
googMsgNodes.remove(msgNode);
}else if(style!=JsMessage.Style.LEGACY){
compiler.report(traversal.makeError(node,checkLevel,MESSAGE_NOT_INITIALIZED_USING_NEW_SYNTAX));
}

Time : 19/09/02 22:35
----------------------------------------

----------------------------------------
----------------------------------------
Pass Single Test : [=>0,0]
if(traversal.inGlobalScope()){
return ;
}
new ControlFlowAnalysis(compiler,false,true).process(null,traversal.getScopeRoot().getLastChild());
if(isNewStyleMessage){
googMsgNodes.remove(msgNode);
}else if(style!=JsMessage.Style.LEGACY){
compiler.report(traversal.makeError(node,checkLevel,MESSAGE_NOT_INITIALIZED_USING_NEW_SYNTAX));
}

Time : 19/09/02 22:39
----------------------------------------
Mon Sep 02 22:43:05 EDT 2019 com.google.javascript.jscomp.JsMessageVisitor,264

----------------------------------------
----------------------------------------
Pass Single Test : [=>0,0]
if(traversal.inGlobalScope()){
return ;
}
if(isNewStyleMessage){
googMsgNodes.remove(msgNode);
}else if(style!=JsMessage.Style.LEGACY){
compiler.report(traversal.makeError(node,checkLevel,MESSAGE_NOT_INITIALIZED_USING_NEW_SYNTAX));
}
boolean isUnnamedMsg=isUnnamedMessageName(messageKey);
Builder builder=new Builder(isUnnamedMsg?null:messageKey);

Time : 19/09/02 23:03
----------------------------------------

----------------------------------------
----------------------------------------
Pass Single Test : [=>0,0]
if(traversal.inGlobalScope()){
return ;
}
new ControlFlowAnalysis(compiler,false,true).process(null,traversal.getScopeRoot().getLastChild());
if(isNewStyleMessage){
googMsgNodes.remove(msgNode);
}else if(style!=JsMessage.Style.LEGACY){
compiler.report(traversal.makeError(node,checkLevel,MESSAGE_NOT_INITIALIZED_USING_NEW_SYNTAX));
}
boolean isUnnamedMsg=isUnnamedMessageName(messageKey);
Builder builder=new Builder(isUnnamedMsg?null:messageKey);

Time : 19/09/02 23:06
----------------------------------------
Mon Sep 02 23:10:30 EDT 2019 com.google.javascript.jscomp.JsMessageVisitor,266
Mon Sep 02 23:14:26 EDT 2019 com.google.javascript.jscomp.JsMessageVisitor,268
Timeout time : 19/09/02 23:28
