=================================================
Project : closure_109	start : 19/09/02 18:28
Current failed test : com.google.javascript.jscomp.parsing.JsDocInfoParserTest::testStructuralConstructor2 | 19/09/02 18:28
Mon Sep 02 18:36:19 EDT 2019 com.google.javascript.jscomp.parsing.JsDocInfoParser,1949

----------------------------------------
----------------------------------------
Pass Single Test : [=>0,0]
if(token!=JsDocToken.STRING){
return wrapNode(Token.ELLIPSIS,IR.empty());
}

Time : 19/09/02 18:39
----------------------------------------

----------------------------------------
----------------------------------------
Similar code block : 1.9486832980505138 : [/home/mmotwani/mywork1dir/Defects4Java7/defects4j/SIMFIX_RQ1/closure/closure_109_buggy/src/com/google/javascript/jscomp/parsing/JsDocInfoParser.java=>0,0]
if(token==JsDocToken.RC){
return wrapNode(Token.ELLIPSIS,IR.empty());
}

Time : 19/09/02 18:42
----------------------------------------

----------------------------------------
----------------------------------------
Original source code : [/home/mmotwani/mywork1dir/Defects4Java7/defects4j/SIMFIX_RQ1/closure/closure_109_buggy/src/com/google/javascript/jscomp/parsing/JsDocInfoParser.java=>1948,1950]
if(token!=JsDocToken.STRING){
return reportGenericTypeSyntaxWarning();
}

Time : 19/09/02 18:42
----------------------------------------

----------------------------------------
----------------------------------------
Find a patch : [/home/mmotwani/mywork1dir/Defects4Java7/defects4j/SIMFIX_RQ1/closure/closure_109_buggy/src/com/google/javascript/jscomp/parsing/JsDocInfoParser.java=>1948,1950]
if(token!=JsDocToken.STRING){
return wrapNode(Token.ELLIPSIS,IR.empty());
}

Time : 19/09/02 18:42
----------------------------------------
Success time : 19/09/02 18:42
