=================================================
Project : closure_111	start : 19/09/02 18:28
Current failed test : com.google.javascript.jscomp.ClosureReverseAbstractInterpreterTest::testGoogIsArray2 | 19/09/02 18:29
Mon Sep 02 18:32:50 EDT 2019 Mon Sep 02 18:32:50 EDT 2019 : com.google.javascript.jscomp.type.ClosureReverseAbstractInterpreter,54=>Find no block
Mon Sep 02 18:32:51 EDT 2019 com.google.javascript.jscomp.type.ChainableReverseAbstractInterpreter,378
Mon Sep 02 18:37:32 EDT 2019 com.google.javascript.jscomp.type.ClosureReverseAbstractInterpreter,196

----------------------------------------
----------------------------------------
Pass Single Test : [=>0,0]
if(p.type!=null){
return p.outcome?getNativeType(ARRAY_TYPE):null;
}
Visitor<JSType> visitor=p.outcome?restrictToArrayVisitor:restrictToNotArrayVisitor;
return p.type.visit(visitor);

Time : 19/09/02 18:39
----------------------------------------
Mon Sep 02 18:43:31 EDT 2019 com.google.javascript.jscomp.type.ClosureReverseAbstractInterpreter,198
Mon Sep 02 18:43:32 EDT 2019 com.google.javascript.jscomp.type.ClosureReverseAbstractInterpreter,192

----------------------------------------
----------------------------------------
Pass Single Test : [=>0,0]
if(p.type!=null){
return p.outcome?getNativeType(ARRAY_TYPE):null;
}

Time : 19/09/02 18:44
----------------------------------------
Mon Sep 02 18:48:46 EDT 2019 com.google.javascript.rhino.jstype.AllType,100
Mon Sep 02 18:52:22 EDT 2019 Mon Sep 02 18:52:22 EDT 2019 : com.google.javascript.jscomp.type.ClosureReverseAbstractInterpreter,44=>Find no block
Mon Sep 02 18:52:23 EDT 2019 com.google.javascript.jscomp.type.ClosureReverseAbstractInterpreter,249
Mon Sep 02 18:58:22 EDT 2019 com.google.javascript.jscomp.type.ClosureReverseAbstractInterpreter,250
Mon Sep 02 18:58:23 EDT 2019 com.google.javascript.jscomp.type.ClosureReverseAbstractInterpreter,251
Mon Sep 02 18:58:24 EDT 2019 com.google.javascript.jscomp.type.ClosureReverseAbstractInterpreter,223
Mon Sep 02 20:59:57 EDT 2019 com.google.javascript.jscomp.type.ClosureReverseAbstractInterpreter,224
Mon Sep 02 20:59:58 EDT 2019 com.google.javascript.jscomp.type.ClosureReverseAbstractInterpreter,225
Mon Sep 02 20:59:59 EDT 2019 com.google.javascript.jscomp.type.ClosureReverseAbstractInterpreter,226
Mon Sep 02 21:00:00 EDT 2019 com.google.javascript.jscomp.type.ClosureReverseAbstractInterpreter,228
Mon Sep 02 21:00:00 EDT 2019 com.google.javascript.jscomp.type.ClosureReverseAbstractInterpreter,230
Mon Sep 02 21:00:01 EDT 2019 com.google.javascript.jscomp.type.ClosureReverseAbstractInterpreter,231
Mon Sep 02 21:00:02 EDT 2019 com.google.javascript.jscomp.type.ClosureReverseAbstractInterpreter,245
Mon Sep 02 21:05:37 EDT 2019 com.google.javascript.jscomp.type.ClosureReverseAbstractInterpreter,248
Mon Sep 02 21:05:38 EDT 2019 Mon Sep 02 21:05:38 EDT 2019 : com.google.javascript.jscomp.type.ClosureReverseAbstractInterpreter,261=>Find no block
Mon Sep 02 21:05:39 EDT 2019 com.google.javascript.jscomp.type.ClosureReverseAbstractInterpreter,262

----------------------------------------
----------------------------------------
Pass Single Test : [=>0,0]
this.type=type.autoboxesTo();
this.outcome=outcome;

Time : 19/09/02 21:07
----------------------------------------
Mon Sep 02 21:10:55 EDT 2019 com.google.javascript.jscomp.type.ClosureReverseAbstractInterpreter,263
Mon Sep 02 21:10:56 EDT 2019 Mon Sep 02 21:10:56 EDT 2019 : com.google.javascript.jscomp.type.ClosureReverseAbstractInterpreter,264=>Find no block
Mon Sep 02 21:10:57 EDT 2019 Mon Sep 02 21:10:57 EDT 2019 : com.google.javascript.jscomp.type.ClosureReverseAbstractInterpreter,257=>Find no block
Mon Sep 02 21:10:58 EDT 2019 com.google.javascript.jscomp.type.ClosureReverseAbstractInterpreter,220
Mon Sep 02 22:28:48 EDT 2019 com.google.javascript.jscomp.type.ClosureReverseAbstractInterpreter,221
Mon Sep 02 22:28:48 EDT 2019 com.google.javascript.jscomp.type.ClosureReverseAbstractInterpreter,222
Mon Sep 02 22:28:49 EDT 2019 com.google.javascript.rhino.jstype.AllType,85
Mon Sep 02 22:28:53 EDT 2019 com.google.javascript.jscomp.type.ChainableReverseAbstractInterpreter,691
Mon Sep 02 22:40:45 EDT 2019 com.google.javascript.jscomp.type.ClosureReverseAbstractInterpreter,219
Mon Sep 02 23:21:40 EDT 2019 com.google.javascript.jscomp.type.ChainableReverseAbstractInterpreter,161
Timeout time : 19/09/02 23:33
