=================================================
Project : closure_112	start : 19/09/02 18:29
Current failed test : com.google.javascript.jscomp.TypeCheckTest::testIssue1058 | 19/09/02 18:30
Mon Sep 02 18:36:24 EDT 2019 com.google.javascript.rhino.jstype.JSType,621
Mon Sep 02 18:50:54 EDT 2019 com.google.javascript.rhino.jstype.TemplateTypeMapReplacer,74

----------------------------------------
----------------------------------------
Pass Single Test : [=>0,0]
if(hasVisitedType(type)&&!replacements.hasTemplateType(type)){
return type;
}else {
JSType replacement=replacements.getTemplateType(type);
visitedTypes.push(type);
JSType visitedReplacement=replacement.visit(this);
visitedTypes.pop();
return visitedReplacement;
}

Time : 19/09/02 18:52
----------------------------------------
Mon Sep 02 18:54:48 EDT 2019 com.google.javascript.jscomp.TypeInference,1041
Mon Sep 02 19:13:52 EDT 2019 com.google.javascript.jscomp.TypeInference,1042
Mon Sep 02 19:13:53 EDT 2019 com.google.javascript.jscomp.TypeInference,1151
Mon Sep 02 19:16:53 EDT 2019 com.google.javascript.jscomp.TypeInference,1152
Mon Sep 02 19:16:54 EDT 2019 com.google.javascript.jscomp.TypeInference,1356
Mon Sep 02 19:24:48 EDT 2019 com.google.javascript.jscomp.TypeInference,1357
Mon Sep 02 19:24:49 EDT 2019 com.google.javascript.jscomp.TypeInference,1359
Mon Sep 02 19:24:50 EDT 2019 com.google.javascript.rhino.jstype.ModificationVisitor,95
Mon Sep 02 19:25:10 EDT 2019 com.google.javascript.jscomp.TypeValidator,688
Mon Sep 02 19:30:05 EDT 2019 com.google.javascript.rhino.jstype.TemplateTypeMapReplacer,70
Mon Sep 02 19:30:06 EDT 2019 com.google.javascript.rhino.jstype.TemplateTypeMapReplacer,94
Mon Sep 02 19:30:14 EDT 2019 com.google.javascript.rhino.jstype.TemplateTypeMapReplacer,99
Mon Sep 02 19:30:19 EDT 2019 com.google.javascript.jscomp.TypeInference,1065
Mon Sep 02 20:12:04 EDT 2019 com.google.javascript.jscomp.FunctionTypeBuilder,353
Mon Sep 02 21:07:01 EDT 2019 com.google.javascript.jscomp.FunctionTypeBuilder,354
Mon Sep 02 21:07:02 EDT 2019 com.google.javascript.jscomp.FunctionTypeBuilder,355
Mon Sep 02 21:07:03 EDT 2019 Mon Sep 02 21:07:03 EDT 2019 : com.google.javascript.jscomp.FunctionTypeBuilder,356=>Find no block
Mon Sep 02 21:07:04 EDT 2019 com.google.javascript.jscomp.FunctionTypeBuilder,357
Mon Sep 02 21:07:05 EDT 2019 com.google.javascript.jscomp.FunctionTypeBuilder,358
Mon Sep 02 21:07:06 EDT 2019 com.google.javascript.rhino.jstype.TemplateTypeMap,115
Mon Sep 02 21:07:10 EDT 2019 com.google.javascript.rhino.jstype.ModificationVisitor,124
Mon Sep 02 21:10:00 EDT 2019 com.google.javascript.rhino.jstype.ModificationVisitor,147
Mon Sep 02 21:10:04 EDT 2019 com.google.javascript.jscomp.TypeInference,1049
Mon Sep 02 21:15:09 EDT 2019 com.google.javascript.jscomp.TypeInference,1119
Mon Sep 02 21:15:13 EDT 2019 Mon Sep 02 21:15:13 EDT 2019 : com.google.javascript.jscomp.TypeInference,1121=>Find no block
Mon Sep 02 21:15:14 EDT 2019 com.google.javascript.jscomp.TypeInference,1127

----------------------------------------
----------------------------------------
Pass Single Test : [=>0,0]
callParams.next();
while(declParams.hasNext()&&callParams.hasNext()){
Node declParam=declParams.next();
maybeResolveTemplatedType(getJSType(declParam),getJSType(callParams.next()),resolvedTypes);
if(declParam.isVarArgs()){
while(callParams.hasNext()){
maybeResolveTemplatedType(getJSType(declParam),getJSType(callParams.next()),resolvedTypes);
}
}
}

Time : 19/09/02 21:25
----------------------------------------
Mon Sep 02 21:37:17 EDT 2019 com.google.javascript.jscomp.TypeInference,1128
Mon Sep 02 21:37:18 EDT 2019 com.google.javascript.jscomp.TypeInference,1129
Mon Sep 02 21:37:19 EDT 2019 com.google.javascript.jscomp.TypeInference,1133
Mon Sep 02 21:37:20 EDT 2019 Mon Sep 02 21:37:20 EDT 2019 : com.google.javascript.jscomp.TypeInference,1141=>Find no block
Mon Sep 02 21:37:20 EDT 2019 Mon Sep 02 21:37:20 EDT 2019 : com.google.javascript.jscomp.TypeInference,1142=>Find no block
Mon Sep 02 21:37:21 EDT 2019 com.google.javascript.jscomp.TypeInference,1148
Mon Sep 02 21:37:22 EDT 2019 com.google.javascript.jscomp.TypeInference,1149
Mon Sep 02 21:37:23 EDT 2019 com.google.javascript.jscomp.TypeInference,967
Mon Sep 02 21:45:17 EDT 2019 com.google.javascript.jscomp.TypeInference,1063
Mon Sep 02 21:45:21 EDT 2019 com.google.javascript.jscomp.TypeInference,1146
Mon Sep 02 21:58:22 EDT 2019 com.google.javascript.jscomp.TypeInference,1147
Mon Sep 02 21:58:23 EDT 2019 Mon Sep 02 21:58:23 EDT 2019 : com.google.javascript.jscomp.TypeInference,1155=>Find no block
Mon Sep 02 21:58:24 EDT 2019 com.google.javascript.jscomp.TypeInference,1171

----------------------------------------
----------------------------------------
Pass Single Test : [=>0,0]
madeChanges=true;
JSType replacement=replacements.get(type);
return replacement==null?replacement:registry.getNativeType(UNKNOWN_TYPE);

Time : 19/09/02 22:02
----------------------------------------
Mon Sep 02 22:09:18 EDT 2019 com.google.javascript.jscomp.TypeInference,1172
Mon Sep 02 22:09:18 EDT 2019 com.google.javascript.jscomp.TypeInference,1173
Mon Sep 02 22:09:19 EDT 2019 Mon Sep 02 22:09:19 EDT 2019 : com.google.javascript.jscomp.TypeInference,1157=>Find no block
Mon Sep 02 22:09:20 EDT 2019 com.google.javascript.rhino.jstype.ModificationVisitor,109
Mon Sep 02 22:12:08 EDT 2019 com.google.javascript.rhino.jstype.ModificationVisitor,117
Mon Sep 02 22:16:24 EDT 2019 com.google.javascript.jscomp.TypeInference,1061

----------------------------------------
----------------------------------------
Pass Single Test : [=>0,0]
if(argType.isTemplateType()){
resolvedTemplateType(resolvedTypes,paramType.toMaybeTemplateType(),argType);
}else if(paramType.isUnionType()){
UnionType unionType=paramType.toMaybeUnionType();
for(JSType alernative : unionType.getAlternates()){
maybeResolveTemplatedType(alernative,argType,resolvedTypes);
}
}else if(paramType.isFunctionType()){
FunctionType paramFunctionType=paramType.toMaybeFunctionType();
FunctionType argFunctionType=argType.restrictByNotNullOrUndefined().collapseUnion().toMaybeFunctionType();
if(argFunctionType!=null&&argFunctionType.isSubtype(paramType)){
maybeResolveTemplatedType(paramFunctionType.getTypeOfThis(),argFunctionType.getTypeOfThis(),resolvedTypes);
maybeResolveTemplatedType(paramFunctionType.getReturnType(),argFunctionType.getReturnType(),resolvedTypes);
maybeResolveTemplateTypeFromNodes(paramFunctionType.getParameters(),argFunctionType.getParameters(),resolvedTypes);
}
}else if(paramType.isTemplatizedType()){
ObjectType referencedParamType=paramType.toMaybeTemplatizedType().getReferencedType();
JSType argObjectType=argType.restrictByNotNullOrUndefined().collapseUnion();
if(argObjectType.isSubtype(referencedParamType)){
TemplateTypeMap paramTypeMap=paramType.getTemplateTypeMap();
TemplateTypeMap argTypeMap=argObjectType.getTemplateTypeMap();
for(TemplateType key : paramTypeMap.getTemplateKeys()){
maybeResolveTemplatedType(paramTypeMap.getTemplateType(key),argTypeMap.getTemplateType(key),resolvedTypes);
}
}
}

Time : 19/09/02 22:18
----------------------------------------
Mon Sep 02 22:34:07 EDT 2019 Mon Sep 02 22:34:07 EDT 2019 : com.google.javascript.jscomp.TypeInference,1113=>Find no block
Mon Sep 02 22:34:08 EDT 2019 com.google.javascript.rhino.jstype.ArrowType,122
Mon Sep 02 22:44:13 EDT 2019 com.google.javascript.jscomp.TypeValidator,683
Mon Sep 02 22:53:25 EDT 2019 com.google.javascript.jscomp.TypeValidator,684
Mon Sep 02 22:53:26 EDT 2019 com.google.javascript.jscomp.TypeValidator,685
Mon Sep 02 22:53:27 EDT 2019 com.google.javascript.jscomp.TypeValidator,686
Mon Sep 02 22:53:27 EDT 2019 com.google.javascript.jscomp.TypeValidator,687
Mon Sep 02 22:53:28 EDT 2019 com.google.javascript.jscomp.TypeValidator,692
Mon Sep 02 22:53:29 EDT 2019 com.google.javascript.jscomp.TypeValidator,699
Mon Sep 02 22:56:32 EDT 2019 Mon Sep 02 22:56:32 EDT 2019 : com.google.javascript.jscomp.TypeValidator,703=>Find no block
Mon Sep 02 22:56:33 EDT 2019 com.google.javascript.jscomp.TypeInference,1079
Mon Sep 02 22:56:34 EDT 2019 com.google.javascript.jscomp.TypeInference,1083
Mon Sep 02 22:56:34 EDT 2019 com.google.javascript.jscomp.TypeInference,1087
Mon Sep 02 22:56:35 EDT 2019 com.google.javascript.rhino.jstype.ModificationVisitor,219
Mon Sep 02 23:03:29 EDT 2019 com.google.javascript.rhino.jstype.ModificationVisitor,129
Mon Sep 02 23:04:56 EDT 2019 com.google.javascript.rhino.jstype.ModificationVisitor,130
Mon Sep 02 23:04:57 EDT 2019 com.google.javascript.rhino.jstype.ModificationVisitor,131
Mon Sep 02 23:04:58 EDT 2019 com.google.javascript.rhino.jstype.ModificationVisitor,132
Mon Sep 02 23:04:58 EDT 2019 com.google.javascript.rhino.jstype.ModificationVisitor,133
Mon Sep 02 23:04:59 EDT 2019 com.google.javascript.rhino.jstype.ModificationVisitor,134
Mon Sep 02 23:05:00 EDT 2019 com.google.javascript.rhino.jstype.ObjectType,512
Mon Sep 02 23:09:02 EDT 2019 com.google.javascript.jscomp.JSError,203
Mon Sep 02 23:09:07 EDT 2019 com.google.javascript.jscomp.TypeInference,1072
Mon Sep 02 23:17:47 EDT 2019 com.google.javascript.jscomp.TypeInference,1073
Mon Sep 02 23:17:47 EDT 2019 com.google.javascript.jscomp.TypeInference,1077
Mon Sep 02 23:17:48 EDT 2019 com.google.javascript.jscomp.TypeInference,1091
Mon Sep 02 23:17:49 EDT 2019 com.google.javascript.rhino.jstype.JSType,900
Mon Sep 02 23:17:53 EDT 2019 com.google.javascript.jscomp.TypeInference,1067
Mon Sep 02 23:18:39 EDT 2019 com.google.javascript.jscomp.TypeInference,1068
Mon Sep 02 23:18:40 EDT 2019 com.google.javascript.jscomp.TypeInference,1069
Mon Sep 02 23:18:41 EDT 2019 Mon Sep 02 23:18:41 EDT 2019 : com.google.javascript.jscomp.TypeInference,1070=>Find no block
Mon Sep 02 23:18:42 EDT 2019 com.google.javascript.jscomp.TypeInference,1071
Mon Sep 02 23:18:42 EDT 2019 com.google.javascript.rhino.jstype.ArrowType,92
Mon Sep 02 23:20:43 EDT 2019 com.google.javascript.rhino.jstype.ModificationVisitor,206
Mon Sep 02 23:22:57 EDT 2019 com.google.javascript.rhino.jstype.ModificationVisitor,212
Mon Sep 02 23:22:58 EDT 2019 com.google.javascript.rhino.jstype.ModificationVisitor,213
Mon Sep 02 23:22:59 EDT 2019 com.google.javascript.rhino.jstype.ModificationVisitor,214
Mon Sep 02 23:22:59 EDT 2019 Mon Sep 02 23:22:59 EDT 2019 : com.google.javascript.rhino.jstype.ModificationVisitor,215=>Find no block
Mon Sep 02 23:23:00 EDT 2019 com.google.javascript.rhino.jstype.ModificationVisitor,216
Mon Sep 02 23:23:01 EDT 2019 com.google.javascript.jscomp.TypeInference,1037
Timeout time : 19/09/02 23:36
