=================================================
Project : closure_113	start : 19/09/02 18:31
Current failed test : com.google.javascript.jscomp.VarCheckTest::testNoUndeclaredVarWhenUsingClosurePass | 19/09/02 18:32
Mon Sep 02 18:36:13 EDT 2019 com.google.javascript.jscomp.ProcessClosurePrimitives,169
Mon Sep 02 18:36:19 EDT 2019 com.google.javascript.jscomp.ProcessClosurePrimitives,164
Mon Sep 02 19:25:39 EDT 2019 com.google.javascript.jscomp.ProcessClosurePrimitives,165
Mon Sep 02 19:25:40 EDT 2019 com.google.javascript.jscomp.ProcessClosurePrimitives,172
Mon Sep 02 19:25:41 EDT 2019 Mon Sep 02 19:25:41 EDT 2019 : com.google.javascript.jscomp.ProcessClosurePrimitives,174=>Find no block
Mon Sep 02 19:25:42 EDT 2019 Mon Sep 02 19:25:42 EDT 2019 : com.google.javascript.jscomp.ProcessClosurePrimitives,1227=>Find no block
Mon Sep 02 19:25:43 EDT 2019 com.google.javascript.jscomp.ProcessClosurePrimitives,1228
Mon Sep 02 19:26:40 EDT 2019 com.google.javascript.jscomp.ProcessClosurePrimitives,1229
Mon Sep 02 19:26:41 EDT 2019 com.google.javascript.jscomp.ProcessClosurePrimitives,1230
Mon Sep 02 19:26:43 EDT 2019 Mon Sep 02 19:26:43 EDT 2019 : com.google.javascript.jscomp.ProcessClosurePrimitives,1231=>Find no block
Mon Sep 02 19:26:44 EDT 2019 com.google.javascript.jscomp.ProcessClosurePrimitives,302
Mon Sep 02 19:55:35 EDT 2019 com.google.javascript.jscomp.ProcessClosurePrimitives,299
Mon Sep 02 21:19:26 EDT 2019 com.google.javascript.jscomp.ProcessClosurePrimitives,300
Mon Sep 02 21:19:26 EDT 2019 com.google.javascript.jscomp.ProcessClosurePrimitives,301
Mon Sep 02 21:19:27 EDT 2019 com.google.javascript.jscomp.ProcessClosurePrimitives,321
Mon Sep 02 22:05:21 EDT 2019 com.google.javascript.jscomp.ProcessClosurePrimitives,322

----------------------------------------
----------------------------------------
Pass Single Test : [=>0,0]
left.detachFromParent();
maybeAddToSymbolTable(left);
maybeAddStringNodeToSymbolTable(arg);
if(provided!=null){
parent.detachFromParent();
compiler.reportCodeChange();
}

Time : 19/09/02 22:06
----------------------------------------

----------------------------------------
----------------------------------------
Pass Single Test : [=>0,0]
parent.detachFromParent();
maybeAddToSymbolTable(left);
maybeAddStringNodeToSymbolTable(arg);
if(provided!=null){
parent.detachFromParent();
compiler.reportCodeChange();
}

Time : 19/09/02 22:12
----------------------------------------

----------------------------------------
----------------------------------------
Pass Single Test : [=>0,0]
maybeAddToSymbolTable(left);
maybeAddStringNodeToSymbolTable(arg);
if(provided==null){
parent.detachFromParent();
compiler.reportCodeChange();
}

Time : 19/09/02 22:16
----------------------------------------
Mon Sep 02 22:49:30 EDT 2019 com.google.javascript.jscomp.ProcessClosurePrimitives,329

----------------------------------------
----------------------------------------
Pass Single Test : [=>0,0]
if(provided==null){
parent.detachFromParent();
compiler.reportCodeChange();
}

Time : 19/09/02 22:50
----------------------------------------

----------------------------------------
----------------------------------------
Pass Single Test : [=>0,0]
Preconditions.checkState(parent!=null,"Cannot find continue target.");
if(provided==null){
parent.detachFromParent();
compiler.reportCodeChange();
}

Time : 19/09/02 22:56
----------------------------------------

----------------------------------------
----------------------------------------
Pass Single Test : [=>0,0]
if(compiler!=null){
parent.detachFromParent();
compiler.reportCodeChange();
}

Time : 19/09/02 23:00
----------------------------------------
Mon Sep 02 23:04:30 EDT 2019 com.google.javascript.jscomp.ProcessClosurePrimitives,223
Mon Sep 02 23:04:36 EDT 2019 com.google.javascript.jscomp.ProcessClosurePrimitives,296
Mon Sep 02 23:10:43 EDT 2019 com.google.javascript.jscomp.ProcessClosurePrimitives,297
Mon Sep 02 23:10:44 EDT 2019 com.google.javascript.jscomp.ProcessClosurePrimitives,298
Timeout time : 19/09/02 23:36
