=================================================
Project : closure_114	start : 19/09/02 18:33
Current failed test : com.google.javascript.jscomp.NameAnalyzerTest::testAssignWithCall | 19/09/02 18:34
Mon Sep 02 18:35:56 EDT 2019 com.google.javascript.rhino.Node,1430
Mon Sep 02 18:36:01 EDT 2019 com.google.javascript.rhino.Node,1446
Mon Sep 02 18:36:06 EDT 2019 com.google.javascript.rhino.Node,1459
Mon Sep 02 18:36:11 EDT 2019 Mon Sep 02 18:36:11 EDT 2019 : com.google.javascript.rhino.Node,2194=>Find no block
Mon Sep 02 18:36:11 EDT 2019 com.google.javascript.rhino.Node,2195
Mon Sep 02 18:36:16 EDT 2019 com.google.javascript.rhino.Node,2196
Mon Sep 02 18:36:17 EDT 2019 Mon Sep 02 18:36:17 EDT 2019 : com.google.javascript.rhino.Node,2197=>Find no block
Mon Sep 02 18:36:18 EDT 2019 com.google.javascript.jscomp.NameAnalyzer,1722
Mon Sep 02 21:43:35 EDT 2019 com.google.javascript.jscomp.NameAnalyzer,1723
Mon Sep 02 21:43:36 EDT 2019 com.google.javascript.jscomp.NameAnalyzer,1724
Mon Sep 02 21:43:37 EDT 2019 Mon Sep 02 21:43:37 EDT 2019 : com.google.javascript.jscomp.NameAnalyzer,1725=>Find no block
Mon Sep 02 21:43:37 EDT 2019 com.google.javascript.jscomp.NameAnalyzer,1611

----------------------------------------
----------------------------------------
Pass Single Test : [=>0,0]
if(parent.getParent().isAssign()){
return scopes.get(parent);
}

Time : 19/09/02 21:45
----------------------------------------

----------------------------------------
----------------------------------------
Pass Single Test : [=>0,0]
if(parent.getFirstChild().isAssign()){
return scopes.get(parent);
}

Time : 19/09/02 21:48
----------------------------------------
Mon Sep 02 21:55:41 EDT 2019 com.google.javascript.jscomp.CodeGenerator,314
Mon Sep 02 22:13:49 EDT 2019 com.google.javascript.jscomp.CodeGenerator,325
Mon Sep 02 22:31:56 EDT 2019 com.google.javascript.jscomp.NameAnalyzer,1864
Mon Sep 02 22:34:30 EDT 2019 com.google.javascript.jscomp.NameAnalyzer,949

----------------------------------------
----------------------------------------
Pass Single Test : [=>0,0]
for(NameInformation functionScope : functionScopes){
recordReference(WINDOW,name,RefType.REGULAR);
}

Time : 19/09/02 22:35
----------------------------------------

----------------------------------------
----------------------------------------
Pass Single Test : [=>0,0]
for(NameInformation functionScope : functionScopes){
maybeRecordAlias(name,parent,referring,referringName);
recordReference(WINDOW,name,RefType.REGULAR);
}

Time : 19/09/02 22:38
----------------------------------------

----------------------------------------
----------------------------------------
Pass Single Test : [=>0,0]
recordReference(WINDOW,name,RefType.REGULAR);
for(NameInformation functionScope : functionScopes){
recordReference(functionScope.name,name,RefType.REGULAR);
}

Time : 19/09/02 22:41
----------------------------------------
Mon Sep 02 22:56:51 EDT 2019 com.google.javascript.jscomp.NameAnalyzer,950
Mon Sep 02 22:56:52 EDT 2019 Mon Sep 02 22:56:52 EDT 2019 : com.google.javascript.jscomp.NameAnalyzer,951=>Find no block
Mon Sep 02 22:56:53 EDT 2019 com.google.javascript.jscomp.NameAnalyzer,330
Timeout time : 19/09/02 23:36
