=================================================
Project : closure_115	start : 19/09/02 18:33
Current failed test : com.google.javascript.jscomp.InlineFunctionsTest::testInlineFunctions23 | 19/09/02 18:35
Mon Sep 02 18:37:42 EDT 2019 com.google.javascript.rhino.Node,1430
Mon Sep 02 18:37:49 EDT 2019 com.google.javascript.rhino.Node,1446
Mon Sep 02 18:37:54 EDT 2019 com.google.javascript.rhino.Node,1459
Mon Sep 02 18:37:59 EDT 2019 Mon Sep 02 18:37:59 EDT 2019 : com.google.javascript.rhino.Node,2194=>Find no block
Mon Sep 02 18:38:00 EDT 2019 com.google.javascript.rhino.Node,2195
Mon Sep 02 18:38:04 EDT 2019 com.google.javascript.rhino.Node,2196
Mon Sep 02 18:38:05 EDT 2019 Mon Sep 02 18:38:05 EDT 2019 : com.google.javascript.rhino.Node,2197=>Find no block
Mon Sep 02 18:38:06 EDT 2019 com.google.javascript.jscomp.FunctionInjector,731

----------------------------------------
----------------------------------------
Pass Single Test : [=>0,0]
if(cArg==null&&NodeUtil.canBeSideEffected(cArg)){
return CanInlineResult.NO;
}

Time : 19/09/02 18:39
----------------------------------------

----------------------------------------
----------------------------------------
Similar code block : 1.1694744451420718 : [/home/mmotwani/mywork1dir/Defects4Java7/defects4j/SIMFIX_RQ1/closure/closure_115_buggy/src/com/google/javascript/jscomp/FunctionInjector.java=>0,0]
if(NodeUtil.isFunctionObjectCall(callNode)){
if(cArg==null||!cArg.isThis()){
return CanInlineResult.NO;
}
cArg=cArg.getNext();
}else {
Preconditions.checkState(!NodeUtil.isFunctionObjectApply(callNode));
}

Time : 19/09/02 18:41
----------------------------------------

----------------------------------------
----------------------------------------
Original source code : [/home/mmotwani/mywork1dir/Defects4Java7/defects4j/SIMFIX_RQ1/closure/closure_115_buggy/src/com/google/javascript/jscomp/FunctionInjector.java=>730,732]
if(hasSideEffects&&NodeUtil.canBeSideEffected(cArg)){
return CanInlineResult.NO;
}

Time : 19/09/02 18:41
----------------------------------------

----------------------------------------
----------------------------------------
Find a patch : [/home/mmotwani/mywork1dir/Defects4Java7/defects4j/SIMFIX_RQ1/closure/closure_115_buggy/src/com/google/javascript/jscomp/FunctionInjector.java=>730,732]
if(cArg==null&&NodeUtil.canBeSideEffected(cArg)){
return CanInlineResult.NO;
}

Time : 19/09/02 18:41
----------------------------------------
Success time : 19/09/02 18:41
Current failed test : com.google.javascript.jscomp.InlineFunctionsTest::testInlineFunctions22 | 19/09/02 18:41
Already fixed : com.google.javascript.jscomp.InlineFunctionsTest::testInlineFunctions22
Current failed test : com.google.javascript.jscomp.InlineFunctionsTest::testInlineFunctions6 | 19/09/02 18:43
Already fixed : com.google.javascript.jscomp.InlineFunctionsTest::testInlineFunctions6
Current failed test : com.google.javascript.jscomp.InlineFunctionsTest::testNoInlineIfParametersModified9 | 19/09/02 18:43
Already fixed : com.google.javascript.jscomp.InlineFunctionsTest::testNoInlineIfParametersModified9
Current failed test : com.google.javascript.jscomp.InlineFunctionsTest::testBug4944818 | 19/09/02 18:43
Already fixed : com.google.javascript.jscomp.InlineFunctionsTest::testBug4944818
Current failed test : com.google.javascript.jscomp.InlineFunctionsTest::testNoInlineIfParametersModified8 | 19/09/02 18:43
Already fixed : com.google.javascript.jscomp.InlineFunctionsTest::testNoInlineIfParametersModified8
Current failed test : com.google.javascript.jscomp.InlineFunctionsTest::testDoubleInlining1 | 19/09/02 18:43
Already fixed : com.google.javascript.jscomp.InlineFunctionsTest::testDoubleInlining1
