=================================================
Project : closure_116	start : 19/09/02 18:38
Current failed test : com.google.javascript.jscomp.FunctionInjectorTest::testIssue1101a | 19/09/02 18:39
Mon Sep 02 18:41:35 EDT 2019 com.google.javascript.rhino.Node,1430
Mon Sep 02 18:41:40 EDT 2019 com.google.javascript.rhino.Node,1446
Mon Sep 02 18:41:44 EDT 2019 com.google.javascript.rhino.Node,1459
Mon Sep 02 18:41:48 EDT 2019 Mon Sep 02 18:41:48 EDT 2019 : com.google.javascript.rhino.Node,2194=>Find no block
Mon Sep 02 18:41:49 EDT 2019 com.google.javascript.rhino.Node,2195
Mon Sep 02 18:41:52 EDT 2019 com.google.javascript.rhino.Node,2196
Mon Sep 02 18:41:53 EDT 2019 Mon Sep 02 18:41:53 EDT 2019 : com.google.javascript.rhino.Node,2197=>Find no block
Mon Sep 02 18:41:54 EDT 2019 com.google.javascript.jscomp.FunctionInjector,744

----------------------------------------
----------------------------------------
Pass Single Test : [=>0,0]
if(NodeUtil.mayHaveSideEffects(callNode,compiler)){
return CanInlineResult.NO;
}

Time : 19/09/02 18:42
----------------------------------------

----------------------------------------
----------------------------------------
Pass Single Test : [=>0,0]
cArg=callNode;
if(cArg!=null){
if(NodeUtil.mayHaveSideEffects(cArg,compiler)){
return CanInlineResult.NO;
}
cArg=cArg.getNext();
}

Time : 19/09/02 19:05
----------------------------------------

----------------------------------------
----------------------------------------
Pass Single Test : [=>0,0]
compiler.reportCodeChange();
cArg=callNode;
if(cArg!=null){
if(NodeUtil.mayHaveSideEffects(cArg,compiler)){
return CanInlineResult.NO;
}
cArg=cArg.getNext();
}

Time : 19/09/02 19:16
----------------------------------------
Timeout time : 19/09/02 19:26
Current failed test : com.google.javascript.jscomp.FunctionInjectorTest::testIssue1101b | 19/09/02 19:26
Mon Sep 02 19:28:37 EDT 2019 com.google.javascript.rhino.Node,1430
Mon Sep 02 19:28:41 EDT 2019 com.google.javascript.rhino.Node,1446
Mon Sep 02 19:28:44 EDT 2019 com.google.javascript.rhino.Node,1459
Mon Sep 02 19:28:48 EDT 2019 Mon Sep 02 19:28:48 EDT 2019 : com.google.javascript.rhino.Node,2194=>Find no block
Mon Sep 02 19:28:49 EDT 2019 com.google.javascript.rhino.Node,2195
Mon Sep 02 19:28:52 EDT 2019 com.google.javascript.rhino.Node,2196
Mon Sep 02 19:28:53 EDT 2019 Mon Sep 02 19:28:53 EDT 2019 : com.google.javascript.rhino.Node,2197=>Find no block
Mon Sep 02 19:28:54 EDT 2019 com.google.javascript.jscomp.FunctionInjector,744

----------------------------------------
----------------------------------------
Pass Single Test : [=>0,0]
if(NodeUtil.mayHaveSideEffects(callNode,compiler)){
return CanInlineResult.NO;
}

Time : 19/09/02 19:29
----------------------------------------

----------------------------------------
----------------------------------------
Pass Single Test : [=>0,0]
cArg=callNode;
if(cArg!=null){
if(NodeUtil.mayHaveSideEffects(cArg,compiler)){
return CanInlineResult.NO;
}
cArg=cArg.getNext();
}

Time : 19/09/02 19:51
----------------------------------------

----------------------------------------
----------------------------------------
Pass Single Test : [=>0,0]
compiler.reportCodeChange();
cArg=callNode;
if(cArg!=null){
if(NodeUtil.mayHaveSideEffects(cArg,compiler)){
return CanInlineResult.NO;
}
cArg=cArg.getNext();
}

Time : 19/09/02 20:03
----------------------------------------
Timeout time : 19/09/02 20:13
Current failed test : com.google.javascript.jscomp.InlineFunctionsTest::testIssue1101 | 19/09/02 20:13
Mon Sep 02 20:15:19 EDT 2019 com.google.javascript.rhino.Node,1430
Mon Sep 02 20:15:22 EDT 2019 com.google.javascript.rhino.Node,1446
Mon Sep 02 20:15:26 EDT 2019 com.google.javascript.rhino.Node,1459
Mon Sep 02 20:15:29 EDT 2019 Mon Sep 02 20:15:29 EDT 2019 : com.google.javascript.rhino.Node,2194=>Find no block
Mon Sep 02 20:15:30 EDT 2019 com.google.javascript.rhino.Node,2195
Mon Sep 02 20:15:33 EDT 2019 com.google.javascript.rhino.Node,2196
Mon Sep 02 20:15:34 EDT 2019 Mon Sep 02 20:15:34 EDT 2019 : com.google.javascript.rhino.Node,2197=>Find no block
Mon Sep 02 20:15:35 EDT 2019 com.google.javascript.jscomp.FunctionInjector,744

----------------------------------------
----------------------------------------
Pass Single Test : [=>0,0]
if(NodeUtil.mayHaveSideEffects(callNode,compiler)){
return CanInlineResult.NO;
}

Time : 19/09/02 20:16
----------------------------------------

----------------------------------------
----------------------------------------
Pass Single Test : [=>0,0]
cArg=callNode;
if(cArg!=null){
if(NodeUtil.mayHaveSideEffects(cArg,compiler)){
return CanInlineResult.NO;
}
cArg=cArg.getNext();
}

Time : 19/09/02 20:38
----------------------------------------

----------------------------------------
----------------------------------------
Pass Single Test : [=>0,0]
compiler.reportCodeChange();
cArg=callNode;
if(cArg!=null){
if(NodeUtil.mayHaveSideEffects(cArg,compiler)){
return CanInlineResult.NO;
}
cArg=cArg.getNext();
}

Time : 19/09/02 20:50
----------------------------------------
Timeout time : 19/09/02 21:00
Current failed test : com.google.javascript.jscomp.InlineFunctionsTest::testInlineFunctions6 | 19/09/02 21:00
Mon Sep 02 21:01:59 EDT 2019 com.google.javascript.rhino.Node,1430
Mon Sep 02 21:02:02 EDT 2019 com.google.javascript.rhino.Node,1446
Mon Sep 02 21:02:05 EDT 2019 com.google.javascript.rhino.Node,1459
Mon Sep 02 21:02:08 EDT 2019 Mon Sep 02 21:02:08 EDT 2019 : com.google.javascript.rhino.Node,2194=>Find no block
Mon Sep 02 21:02:09 EDT 2019 com.google.javascript.rhino.Node,2195
Mon Sep 02 21:02:12 EDT 2019 com.google.javascript.rhino.Node,2196
Mon Sep 02 21:02:12 EDT 2019 Mon Sep 02 21:02:12 EDT 2019 : com.google.javascript.rhino.Node,2197=>Find no block
Mon Sep 02 21:02:13 EDT 2019 com.google.javascript.jscomp.FunctionInjector,744

----------------------------------------
----------------------------------------
Pass Single Test : [=>0,0]
if(NodeUtil.mayHaveSideEffects(callNode,compiler)){
return CanInlineResult.NO;
}

Time : 19/09/02 21:03
----------------------------------------

----------------------------------------
----------------------------------------
Pass Single Test : [=>0,0]
cArg=callNode;
if(cArg!=null){
if(NodeUtil.mayHaveSideEffects(cArg,compiler)){
return CanInlineResult.NO;
}
cArg=cArg.getNext();
}

Time : 19/09/02 21:24
----------------------------------------

----------------------------------------
----------------------------------------
Pass Single Test : [=>0,0]
compiler.reportCodeChange();
cArg=callNode;
if(cArg!=null){
if(NodeUtil.mayHaveSideEffects(cArg,compiler)){
return CanInlineResult.NO;
}
cArg=cArg.getNext();
}

Time : 19/09/02 21:36
----------------------------------------
Timeout time : 19/09/02 21:46
Current failed test : com.google.javascript.jscomp.InlineFunctionsTest::testBug4944818 | 19/09/02 21:46
Mon Sep 02 21:48:13 EDT 2019 com.google.javascript.rhino.Node,1430
Mon Sep 02 21:48:16 EDT 2019 com.google.javascript.rhino.Node,1446
Mon Sep 02 21:48:20 EDT 2019 com.google.javascript.rhino.Node,1459
Mon Sep 02 21:48:23 EDT 2019 Mon Sep 02 21:48:23 EDT 2019 : com.google.javascript.rhino.Node,2194=>Find no block
Mon Sep 02 21:48:23 EDT 2019 com.google.javascript.rhino.Node,2195
Mon Sep 02 21:48:26 EDT 2019 com.google.javascript.rhino.Node,2196
Mon Sep 02 21:48:27 EDT 2019 Mon Sep 02 21:48:27 EDT 2019 : com.google.javascript.rhino.Node,2197=>Find no block
Mon Sep 02 21:48:28 EDT 2019 com.google.javascript.jscomp.FunctionInjector,744

----------------------------------------
----------------------------------------
Pass Single Test : [=>0,0]
if(NodeUtil.mayHaveSideEffects(callNode,compiler)){
return CanInlineResult.NO;
}

Time : 19/09/02 21:49
----------------------------------------

----------------------------------------
----------------------------------------
Pass Single Test : [=>0,0]
cArg=callNode;
if(cArg!=null){
if(NodeUtil.mayHaveSideEffects(cArg,compiler)){
return CanInlineResult.NO;
}
cArg=cArg.getNext();
}

Time : 19/09/02 22:10
----------------------------------------

----------------------------------------
----------------------------------------
Pass Single Test : [=>0,0]
compiler.reportCodeChange();
cArg=callNode;
if(cArg!=null){
if(NodeUtil.mayHaveSideEffects(cArg,compiler)){
return CanInlineResult.NO;
}
cArg=cArg.getNext();
}

Time : 19/09/02 22:21
----------------------------------------
Timeout time : 19/09/02 22:31
Current failed test : com.google.javascript.jscomp.InlineFunctionsTest::testInlineIfParametersModified9 | 19/09/02 22:31
Mon Sep 02 22:33:34 EDT 2019 com.google.javascript.rhino.Node,1430
Mon Sep 02 22:33:37 EDT 2019 com.google.javascript.rhino.Node,1446
Mon Sep 02 22:33:40 EDT 2019 com.google.javascript.rhino.Node,1459
Mon Sep 02 22:33:43 EDT 2019 Mon Sep 02 22:33:43 EDT 2019 : com.google.javascript.rhino.Node,2194=>Find no block
Mon Sep 02 22:33:44 EDT 2019 com.google.javascript.rhino.Node,2195
Mon Sep 02 22:33:47 EDT 2019 com.google.javascript.rhino.Node,2196
Mon Sep 02 22:33:48 EDT 2019 Mon Sep 02 22:33:48 EDT 2019 : com.google.javascript.rhino.Node,2197=>Find no block
Mon Sep 02 22:33:48 EDT 2019 com.google.javascript.jscomp.FunctionInjector,744

----------------------------------------
----------------------------------------
Pass Single Test : [=>0,0]
if(NodeUtil.mayHaveSideEffects(callNode,compiler)){
return CanInlineResult.NO;
}

Time : 19/09/02 22:34
----------------------------------------

----------------------------------------
----------------------------------------
Pass Single Test : [=>0,0]
cArg=callNode;
if(cArg!=null){
if(NodeUtil.mayHaveSideEffects(cArg,compiler)){
return CanInlineResult.NO;
}
cArg=cArg.getNext();
}

Time : 19/09/02 23:00
----------------------------------------
Timeout time : 19/09/02 23:10
Current failed test : com.google.javascript.jscomp.InlineFunctionsTest::testInlineIfParametersModified8 | 19/09/02 23:10
Mon Sep 02 23:12:23 EDT 2019 com.google.javascript.rhino.Node,1430
Mon Sep 02 23:12:26 EDT 2019 com.google.javascript.rhino.Node,1446
Mon Sep 02 23:12:29 EDT 2019 com.google.javascript.rhino.Node,1459
Mon Sep 02 23:12:32 EDT 2019 Mon Sep 02 23:12:32 EDT 2019 : com.google.javascript.rhino.Node,2194=>Find no block
Mon Sep 02 23:12:33 EDT 2019 com.google.javascript.rhino.Node,2195
Mon Sep 02 23:12:36 EDT 2019 com.google.javascript.rhino.Node,2196
Mon Sep 02 23:12:36 EDT 2019 Mon Sep 02 23:12:36 EDT 2019 : com.google.javascript.rhino.Node,2197=>Find no block
Mon Sep 02 23:12:37 EDT 2019 com.google.javascript.jscomp.FunctionInjector,744

----------------------------------------
----------------------------------------
Pass Single Test : [=>0,0]
if(NodeUtil.mayHaveSideEffects(callNode,compiler)){
return CanInlineResult.NO;
}

Time : 19/09/02 23:13
----------------------------------------

----------------------------------------
----------------------------------------
Pass Single Test : [=>0,0]
cArg=callNode;
if(cArg!=null){
if(NodeUtil.mayHaveSideEffects(cArg,compiler)){
return CanInlineResult.NO;
}
cArg=cArg.getNext();
}

Time : 19/09/02 23:34
----------------------------------------

----------------------------------------
----------------------------------------
Pass Single Test : [=>0,0]
compiler.reportCodeChange();
cArg=callNode;
if(cArg!=null){
if(NodeUtil.mayHaveSideEffects(cArg,compiler)){
return CanInlineResult.NO;
}
cArg=cArg.getNext();
}

Time : 19/09/02 23:46
----------------------------------------
Timeout time : 19/09/02 23:56
Current failed test : com.google.javascript.jscomp.InlineFunctionsTest::testDoubleInlining2 | 19/09/02 23:56
Mon Sep 02 23:58:07 EDT 2019 com.google.javascript.rhino.Node,1430
Mon Sep 02 23:58:10 EDT 2019 com.google.javascript.rhino.Node,1446
Mon Sep 02 23:58:13 EDT 2019 com.google.javascript.rhino.Node,1459
Mon Sep 02 23:58:16 EDT 2019 Mon Sep 02 23:58:16 EDT 2019 : com.google.javascript.rhino.Node,2194=>Find no block
Mon Sep 02 23:58:16 EDT 2019 com.google.javascript.rhino.Node,2195
Mon Sep 02 23:58:19 EDT 2019 com.google.javascript.rhino.Node,2196
Mon Sep 02 23:58:20 EDT 2019 Mon Sep 02 23:58:20 EDT 2019 : com.google.javascript.rhino.Node,2197=>Find no block
Mon Sep 02 23:58:21 EDT 2019 com.google.javascript.jscomp.FunctionInjector,744

----------------------------------------
----------------------------------------
Pass Single Test : [=>0,0]
if(NodeUtil.mayHaveSideEffects(callNode,compiler)){
return CanInlineResult.NO;
}

Time : 19/09/02 23:59
----------------------------------------

----------------------------------------
----------------------------------------
Pass Single Test : [=>0,0]
cArg=callNode;
if(cArg!=null){
if(NodeUtil.mayHaveSideEffects(cArg,compiler)){
return CanInlineResult.NO;
}
cArg=cArg.getNext();
}

Time : 19/09/03 00:20
----------------------------------------

----------------------------------------
----------------------------------------
Pass Single Test : [=>0,0]
compiler.reportCodeChange();
cArg=callNode;
if(cArg!=null){
if(NodeUtil.mayHaveSideEffects(cArg,compiler)){
return CanInlineResult.NO;
}
cArg=cArg.getNext();
}

Time : 19/09/03 00:32
----------------------------------------
Timeout time : 19/09/03 00:42
