=================================================
Project : closure_117	start : 19/09/02 18:40
Current failed test : com.google.javascript.jscomp.TypeCheckTest::testIssue1047 | 19/09/02 18:40
Mon Sep 02 18:41:03 EDT 2019 com.google.javascript.jscomp.TypeInference,930
Mon Sep 02 18:46:19 EDT 2019 com.google.javascript.jscomp.TypedScopeCreator,1805
Mon Sep 02 19:12:22 EDT 2019 com.google.javascript.jscomp.TypeValidator,751
Mon Sep 02 19:13:22 EDT 2019 com.google.javascript.jscomp.parsing.JsDocInfoParser,946
Mon Sep 02 19:13:42 EDT 2019 com.google.javascript.jscomp.parsing.JsDocInfoParser,951
Mon Sep 02 19:14:25 EDT 2019 com.google.javascript.jscomp.TypedScopeCreator,1845
Mon Sep 02 19:16:35 EDT 2019 com.google.javascript.jscomp.TypedScopeCreator,1314
Mon Sep 02 19:35:39 EDT 2019 com.google.javascript.rhino.jstype.JSTypeRegistry,727
Mon Sep 02 19:44:33 EDT 2019 com.google.javascript.rhino.JSDocInfoBuilder,260
Mon Sep 02 19:44:57 EDT 2019 com.google.javascript.rhino.JSDocInfoBuilder,261
Mon Sep 02 19:44:58 EDT 2019 com.google.javascript.rhino.JSDocInfoBuilder,262
Mon Sep 02 19:44:58 EDT 2019 com.google.javascript.rhino.JSDocInfoBuilder,263
Mon Sep 02 19:44:59 EDT 2019 com.google.javascript.jscomp.TypedScopeCreator,1824
Mon Sep 02 19:53:23 EDT 2019 com.google.javascript.jscomp.TypedScopeCreator,1828
Mon Sep 02 20:00:10 EDT 2019 com.google.javascript.jscomp.TypedScopeCreator,1829
Mon Sep 02 20:00:48 EDT 2019 com.google.javascript.jscomp.TypedScopeCreator,1830
Mon Sep 02 20:00:49 EDT 2019 com.google.javascript.jscomp.TypedScopeCreator,1832
Mon Sep 02 20:00:49 EDT 2019 com.google.javascript.jscomp.TypedScopeCreator,1835
Mon Sep 02 20:03:55 EDT 2019 com.google.javascript.jscomp.TypedScopeCreator,1837
Mon Sep 02 20:03:56 EDT 2019 com.google.javascript.jscomp.TypedScopeCreator,1838
Mon Sep 02 20:03:56 EDT 2019 com.google.javascript.jscomp.TypedScopeCreator,1841
Mon Sep 02 20:14:04 EDT 2019 com.google.javascript.jscomp.TypedScopeCreator,1842
Mon Sep 02 20:14:04 EDT 2019 Mon Sep 02 20:14:04 EDT 2019 : com.google.javascript.jscomp.TypedScopeCreator,1850=>Find no block
Mon Sep 02 20:14:05 EDT 2019 com.google.javascript.jscomp.TypeCheck,1465
Mon Sep 02 20:18:30 EDT 2019 com.google.javascript.jscomp.TypeCheck,1467
Mon Sep 02 20:18:31 EDT 2019 com.google.javascript.jscomp.TypeCheck,1472
Mon Sep 02 20:18:31 EDT 2019 com.google.javascript.jscomp.TypeCheck,1481
Mon Sep 02 20:18:34 EDT 2019 com.google.javascript.jscomp.TypeCheck,1482
Mon Sep 02 20:18:35 EDT 2019 com.google.javascript.jscomp.TypeValidator,732
Mon Sep 02 20:22:31 EDT 2019 com.google.javascript.jscomp.TypeValidator,733
Mon Sep 02 20:22:32 EDT 2019 com.google.javascript.jscomp.TypeValidator,734
Mon Sep 02 20:22:33 EDT 2019 com.google.javascript.jscomp.TypeValidator,735
Mon Sep 02 20:22:34 EDT 2019 com.google.javascript.jscomp.TypeValidator,741
Mon Sep 02 20:22:34 EDT 2019 com.google.javascript.jscomp.TypeValidator,748
Mon Sep 02 20:22:35 EDT 2019 com.google.javascript.jscomp.TypedScopeCreator,1299
Mon Sep 02 20:23:31 EDT 2019 com.google.javascript.jscomp.TypedScopeCreator,1300
Mon Sep 02 20:23:32 EDT 2019 com.google.javascript.jscomp.TypedScopeCreator,1307
Mon Sep 02 20:23:32 EDT 2019 com.google.javascript.jscomp.TypedScopeCreator,1308
Mon Sep 02 20:23:33 EDT 2019 com.google.javascript.rhino.jstype.UnionType,191
Mon Sep 02 20:23:36 EDT 2019 com.google.javascript.jscomp.parsing.JsDocInfoParser,1028
Mon Sep 02 20:25:33 EDT 2019 com.google.javascript.jscomp.parsing.JsDocInfoParser,1032
Mon Sep 02 20:25:34 EDT 2019 com.google.javascript.jscomp.parsing.JsDocInfoParser,1034
Mon Sep 02 20:28:12 EDT 2019 com.google.javascript.rhino.JSDocInfo,1008
Mon Sep 02 20:28:28 EDT 2019 com.google.javascript.rhino.jstype.UnionType,291
Mon Sep 02 20:28:40 EDT 2019 Mon Sep 02 20:28:40 EDT 2019 : com.google.javascript.rhino.jstype.UnionType,290=>Find no block
Mon Sep 02 20:28:41 EDT 2019 com.google.javascript.jscomp.TypeCheck,454
Mon Sep 02 20:31:17 EDT 2019 com.google.javascript.rhino.jstype.UnionType,286
Mon Sep 02 20:31:18 EDT 2019 com.google.javascript.rhino.jstype.UnionType,287
Mon Sep 02 20:31:19 EDT 2019 com.google.javascript.jscomp.TypedScopeCreator,1813
Mon Sep 02 20:37:52 EDT 2019 com.google.javascript.jscomp.TypedScopeCreator,1818
Mon Sep 02 20:42:35 EDT 2019 com.google.javascript.jscomp.TypeCheck,453
Mon Sep 02 20:42:36 EDT 2019 Mon Sep 02 20:42:36 EDT 2019 : com.google.javascript.jscomp.TypeCheck,456=>Find no block
Mon Sep 02 20:42:37 EDT 2019 com.google.javascript.rhino.jstype.UnionType,181
Mon Sep 02 20:43:09 EDT 2019 com.google.javascript.rhino.jstype.UnionType,183
Mon Sep 02 20:44:00 EDT 2019 com.google.javascript.rhino.jstype.UnionType,185
Mon Sep 02 20:44:00 EDT 2019 com.google.javascript.rhino.jstype.UnionType,189
Mon Sep 02 20:45:05 EDT 2019 com.google.javascript.rhino.jstype.UnionType,190
Mon Sep 02 20:45:06 EDT 2019 com.google.javascript.rhino.jstype.UnionType,201
Mon Sep 02 20:45:46 EDT 2019 com.google.javascript.rhino.jstype.JSType,315
Mon Sep 02 20:49:27 EDT 2019 com.google.javascript.jscomp.Compiler,2134
Mon Sep 02 20:49:38 EDT 2019 com.google.javascript.jscomp.ComposeWarningsGuard,117
Mon Sep 02 20:49:45 EDT 2019 com.google.javascript.jscomp.ComposeWarningsGuard,114
Mon Sep 02 20:49:46 EDT 2019 com.google.javascript.rhino.jstype.NullType,59
Mon Sep 02 20:49:49 EDT 2019 com.google.javascript.jscomp.TypeInference,1327
Mon Sep 02 20:52:48 EDT 2019 com.google.javascript.jscomp.TypeInference,923
Mon Sep 02 20:54:14 EDT 2019 com.google.javascript.jscomp.TypeInference,928
Mon Sep 02 20:59:43 EDT 2019 com.google.javascript.jscomp.TypeInference,929
Mon Sep 02 20:59:44 EDT 2019 com.google.javascript.jscomp.TypeInference,935
Mon Sep 02 20:59:45 EDT 2019 com.google.javascript.jscomp.TypedScopeCreator,1798
Mon Sep 02 20:59:46 EDT 2019 Mon Sep 02 20:59:46 EDT 2019 : com.google.javascript.jscomp.TypedScopeCreator,1799=>Find no block
Mon Sep 02 20:59:46 EDT 2019 com.google.javascript.rhino.jstype.JSType,249
Mon Sep 02 20:59:50 EDT 2019 com.google.javascript.jscomp.TypeCheck,1568
Mon Sep 02 21:15:03 EDT 2019 com.google.javascript.rhino.jstype.JSType,245
Mon Sep 02 21:15:03 EDT 2019 com.google.javascript.jscomp.TypeCheck,539
Mon Sep 02 21:19:41 EDT 2019 com.google.javascript.jscomp.TypeCheck,540
Mon Sep 02 21:23:18 EDT 2019 com.google.javascript.jscomp.TypedScopeCreator,1745
Mon Sep 02 21:26:17 EDT 2019 com.google.javascript.rhino.Node,1621
Mon Sep 02 21:29:48 EDT 2019 com.google.javascript.jscomp.TypeInference,362
Mon Sep 02 21:33:59 EDT 2019 com.google.javascript.jscomp.TypeInference,363
Mon Sep 02 21:36:41 EDT 2019 com.google.javascript.jscomp.LinkedFlowScope,126
Mon Sep 02 21:36:44 EDT 2019 com.google.javascript.rhino.Node,1601
Mon Sep 02 21:40:09 EDT 2019 com.google.javascript.rhino.jstype.JSTypeRegistry,710
Mon Sep 02 21:40:10 EDT 2019 com.google.javascript.rhino.jstype.JSTypeRegistry,704
Mon Sep 02 21:40:10 EDT 2019 com.google.javascript.jscomp.TypeCheck,1464
Mon Sep 02 21:40:11 EDT 2019 com.google.javascript.rhino.jstype.UnionType,464
Mon Sep 02 21:40:57 EDT 2019 com.google.javascript.jscomp.NodeTraversal,686
Mon Sep 02 21:49:37 EDT 2019 com.google.javascript.jscomp.NodeTraversal,688
Mon Sep 02 21:49:38 EDT 2019 Mon Sep 02 21:49:38 EDT 2019 : com.google.javascript.jscomp.NodeTraversal,689=>Find no block
Mon Sep 02 21:49:39 EDT 2019 com.google.javascript.jscomp.LinkedFlowScope,116
Mon Sep 02 21:50:23 EDT 2019 com.google.javascript.jscomp.LinkedFlowScope,120
Mon Sep 02 21:51:40 EDT 2019 com.google.javascript.rhino.Node,1586
Mon Sep 02 21:52:07 EDT 2019 com.google.javascript.jscomp.TypeValidator,731
Mon Sep 02 22:03:20 EDT 2019 com.google.javascript.jscomp.TypeValidator,784
Mon Sep 02 22:06:52 EDT 2019 com.google.javascript.jscomp.TypeValidator,785
Mon Sep 02 22:07:56 EDT 2019 com.google.javascript.jscomp.TypeValidator,792
Mon Sep 02 22:07:56 EDT 2019 com.google.javascript.jscomp.TypeCheck,1449
Mon Sep 02 22:08:05 EDT 2019 com.google.javascript.jscomp.TypeCheck,1541
Mon Sep 02 22:08:40 EDT 2019 Mon Sep 02 22:08:40 EDT 2019 : com.google.javascript.jscomp.TypeCheck,1542=>Find no block
Mon Sep 02 22:08:41 EDT 2019 com.google.javascript.jscomp.TypeCheck,1461
Mon Sep 02 22:11:55 EDT 2019 Mon Sep 02 22:11:55 EDT 2019 : com.google.javascript.jscomp.TypeCheck,1477=>Find no block
Mon Sep 02 22:11:55 EDT 2019 com.google.javascript.rhino.jstype.UnionType,216
Mon Sep 02 22:12:26 EDT 2019 com.google.javascript.rhino.jstype.UnionType,217
Mon Sep 02 22:12:38 EDT 2019 com.google.javascript.rhino.jstype.UnionType,218
Mon Sep 02 22:12:39 EDT 2019 Mon Sep 02 22:12:39 EDT 2019 : com.google.javascript.rhino.jstype.UnionType,219=>Find no block
Mon Sep 02 22:12:40 EDT 2019 com.google.javascript.rhino.jstype.UnionType,220
Mon Sep 02 22:12:41 EDT 2019 com.google.javascript.jscomp.TypeCheck,1446
Mon Sep 02 22:12:41 EDT 2019 com.google.javascript.rhino.jstype.JSType,472
Mon Sep 02 22:12:42 EDT 2019 com.google.javascript.rhino.jstype.UnionType,459
Mon Sep 02 22:13:03 EDT 2019 com.google.javascript.rhino.jstype.UnionType,462
Mon Sep 02 22:13:23 EDT 2019 com.google.javascript.rhino.jstype.UnionType,463
Mon Sep 02 22:13:24 EDT 2019 com.google.javascript.jscomp.NodeUtil,2404
Mon Sep 02 22:30:18 EDT 2019 Mon Sep 02 22:30:18 EDT 2019 : com.google.javascript.jscomp.NodeUtil,2400=>Find no block
Mon Sep 02 22:30:18 EDT 2019 com.google.javascript.jscomp.FunctionTypeBuilder,516
Mon Sep 02 22:32:10 EDT 2019 com.google.javascript.jscomp.TypeCheck,1443
Mon Sep 02 22:34:43 EDT 2019 com.google.javascript.jscomp.TypeCheck,1437
Mon Sep 02 22:45:36 EDT 2019 com.google.javascript.jscomp.TypeCheck,1438
Mon Sep 02 22:45:37 EDT 2019 com.google.javascript.jscomp.TypeCheck,1439
Mon Sep 02 22:45:38 EDT 2019 com.google.javascript.jscomp.FunctionTypeBuilder,510
Mon Sep 02 22:45:38 EDT 2019 com.google.javascript.jscomp.FunctionTypeBuilder,507
Mon Sep 02 22:47:03 EDT 2019 com.google.javascript.jscomp.Scope,465
Mon Sep 02 22:48:35 EDT 2019 com.google.javascript.jscomp.Scope,462
Mon Sep 02 22:56:20 EDT 2019 com.google.javascript.jscomp.Scope,463
Mon Sep 02 22:56:21 EDT 2019 com.google.javascript.jscomp.Scope,464
Mon Sep 02 22:56:21 EDT 2019 com.google.javascript.rhino.jstype.UnionType,455
Mon Sep 02 22:57:00 EDT 2019 com.google.javascript.jscomp.NodeUtil,2399
Mon Sep 02 22:57:01 EDT 2019 com.google.javascript.jscomp.NodeUtil,2401
Mon Sep 02 22:57:02 EDT 2019 com.google.javascript.jscomp.NodeUtil,2402
Mon Sep 02 22:57:02 EDT 2019 com.google.javascript.jscomp.TypeInference,1386
Mon Sep 02 22:59:10 EDT 2019 com.google.javascript.jscomp.SuppressDocWarningsGuard,85
Mon Sep 02 23:02:14 EDT 2019 com.google.javascript.jscomp.TypeCheck,895
Mon Sep 02 23:05:14 EDT 2019 com.google.javascript.jscomp.TypeCheck,898
Mon Sep 02 23:09:44 EDT 2019 com.google.javascript.jscomp.Scope,326
Mon Sep 02 23:09:47 EDT 2019 com.google.javascript.rhino.JSDocInfo,1424
Mon Sep 02 23:09:59 EDT 2019 com.google.javascript.rhino.JSDocInfo,1425
Mon Sep 02 23:09:59 EDT 2019 com.google.javascript.jscomp.NodeTraversal,724
Mon Sep 02 23:10:14 EDT 2019 com.google.javascript.jscomp.parsing.IRFactory,1391
Mon Sep 02 23:10:22 EDT 2019 com.google.javascript.jscomp.TypeCheck,1613
Mon Sep 02 23:13:32 EDT 2019 com.google.javascript.jscomp.SuppressDocWarningsGuard,63
Mon Sep 02 23:13:35 EDT 2019 com.google.javascript.jscomp.SuppressDocWarningsGuard,64
Mon Sep 02 23:13:36 EDT 2019 com.google.javascript.jscomp.TypeInference,1379
Mon Sep 02 23:16:07 EDT 2019 com.google.javascript.jscomp.TypeInference,1380
Mon Sep 02 23:16:07 EDT 2019 com.google.javascript.rhino.Node,1585
Mon Sep 02 23:16:08 EDT 2019 com.google.javascript.jscomp.SuppressDocWarningsGuard,74
Mon Sep 02 23:20:41 EDT 2019 com.google.javascript.jscomp.SuppressDocWarningsGuard,78
Mon Sep 02 23:21:39 EDT 2019 com.google.javascript.jscomp.SuppressDocWarningsGuard,72
Mon Sep 02 23:40:23 EDT 2019 com.google.javascript.jscomp.SuppressDocWarningsGuard,73
Mon Sep 02 23:40:23 EDT 2019 com.google.javascript.jscomp.TypeInference,546
Timeout time : 19/09/02 23:41
