=================================================
Project : closure_119	start : 19/09/02 18:46
Current failed test : com.google.javascript.jscomp.CheckGlobalNamesTest::testGlobalCatch | 19/09/02 18:47
Mon Sep 02 18:49:58 EDT 2019 com.google.javascript.jscomp.CheckGlobalNames,220
Mon Sep 02 18:50:30 EDT 2019 com.google.javascript.jscomp.AstValidator,523
Mon Sep 02 19:22:20 EDT 2019 com.google.javascript.jscomp.AstValidator,524
Mon Sep 02 19:22:20 EDT 2019 com.google.javascript.jscomp.AstValidator,539
Mon Sep 02 19:43:20 EDT 2019 com.google.javascript.jscomp.AstValidator,540
Mon Sep 02 19:43:21 EDT 2019 com.google.javascript.jscomp.AstValidator,541
Mon Sep 02 19:43:22 EDT 2019 com.google.javascript.jscomp.AstValidator,542
Mon Sep 02 19:43:23 EDT 2019 Mon Sep 02 19:43:23 EDT 2019 : com.google.javascript.jscomp.AstValidator,543=>Find no block
Mon Sep 02 19:43:24 EDT 2019 com.google.javascript.jscomp.parsing.IRFactory,655
Mon Sep 02 20:17:03 EDT 2019 com.google.javascript.jscomp.parsing.IRFactory,656
Mon Sep 02 20:17:04 EDT 2019 com.google.javascript.jscomp.parsing.IRFactory,657
Mon Sep 02 20:17:05 EDT 2019 com.google.javascript.jscomp.parsing.IRFactory,663
Mon Sep 02 20:17:05 EDT 2019 com.google.javascript.jscomp.parsing.IRFactory,664
Mon Sep 02 20:17:06 EDT 2019 com.google.javascript.jscomp.parsing.IRFactory,1155
Mon Sep 02 20:18:43 EDT 2019 com.google.javascript.jscomp.parsing.IRFactory,1156
Mon Sep 02 20:18:44 EDT 2019 com.google.javascript.jscomp.parsing.IRFactory,1157
Mon Sep 02 20:18:45 EDT 2019 com.google.javascript.jscomp.parsing.IRFactory,1158
Mon Sep 02 20:18:45 EDT 2019 com.google.javascript.jscomp.parsing.IRFactory,1160
Mon Sep 02 21:31:57 EDT 2019 Mon Sep 02 21:31:57 EDT 2019 : com.google.javascript.jscomp.parsing.IRFactory,1161=>Find no block
Mon Sep 02 21:31:58 EDT 2019 com.google.javascript.jscomp.parsing.TypeSafeDispatcher,191
Mon Sep 02 21:43:44 EDT 2019 com.google.javascript.jscomp.SyntacticScopeCreator,149
Mon Sep 02 21:57:57 EDT 2019 com.google.javascript.jscomp.SyntacticScopeCreator,150
Mon Sep 02 22:19:59 EDT 2019 com.google.javascript.jscomp.SyntacticScopeCreator,154

----------------------------------------
----------------------------------------
Pass Single Test : [=>0,0]
Preconditions.checkState(n.getFirstChild().isName());
if(!n.isCall()||!n.getFirstChild().isName()){
return ;
}
 final Node var=n.getFirstChild();
 final Node block=var.getNext();

Time : 19/09/02 22:21
----------------------------------------

----------------------------------------
----------------------------------------
Pass Single Test : [=>0,0]
if(!n.isQualifiedName()){
return ;
}
Preconditions.checkState(n.getFirstChild().isName());
 final Node var=n.getFirstChild();
 final Node block=var.getNext();

Time : 19/09/02 22:28
----------------------------------------

----------------------------------------
----------------------------------------
Pass Single Test : [=>0,0]
Preconditions.checkState(n.getFirstChild().isName());
if(!ObjectPropertyStringPreprocess.EXTERN_OBJECT_PROPERTY_STRING.equals(n.getQualifiedName())){
return ;
}
 final Node var=n.getFirstChild();
 final Node block=var.getNext();

Time : 19/09/02 22:52
----------------------------------------

----------------------------------------
----------------------------------------
Pass Single Test : [=>0,0]
Preconditions.checkState(n.getFirstChild().isName());
if(!n.isString()){
return ;
}
 final Node var=n.getFirstChild();
 final Node block=var.getNext();

Time : 19/09/02 23:11
----------------------------------------
Mon Sep 02 23:20:12 EDT 2019 com.google.javascript.jscomp.SyntacticScopeCreator,155

----------------------------------------
----------------------------------------
Pass Single Test : [=>0,0]
 final Node var=n.getFirstChild();
 final Node block=var.getNext();
if(!var.isString()){
return ;
}
declareVar(var);

Time : 19/09/02 23:29
----------------------------------------

----------------------------------------
----------------------------------------
Pass Single Test : [=>0,0]
if(!ObjectPropertyStringPreprocess.EXTERN_OBJECT_PROPERTY_STRING.equals(n.getQualifiedName())){
return ;
}
 final Node var=n.getFirstChild();
 final Node block=var.getNext();
declareVar(var);

Time : 19/09/02 23:41
----------------------------------------
Timeout time : 19/09/02 23:50
