=================================================
Project : closure_12	start : 19/09/02 16:01
Current failed test : com.google.javascript.jscomp.FlowSensitiveInlineVariablesTest::testIssue794b | 19/09/02 16:01
Mon Sep 02 16:05:56 EDT 2019 Mon Sep 02 16:05:56 EDT 2019 : com.google.javascript.rhino.Node,119=>Find no block
Mon Sep 02 16:06:00 EDT 2019 com.google.javascript.rhino.Node,131
Mon Sep 02 16:06:39 EDT 2019 com.google.javascript.rhino.Node,143
Mon Sep 02 16:07:19 EDT 2019 com.google.javascript.rhino.Node,144
Mon Sep 02 16:07:51 EDT 2019 com.google.javascript.rhino.Node,145
Mon Sep 02 16:08:22 EDT 2019 com.google.javascript.rhino.Node,882
Mon Sep 02 16:47:55 EDT 2019 com.google.javascript.rhino.Node,883
Mon Sep 02 16:48:03 EDT 2019 com.google.javascript.rhino.Node,884
Mon Sep 02 16:48:09 EDT 2019 com.google.javascript.rhino.Node,887
Mon Sep 02 16:48:16 EDT 2019 com.google.javascript.rhino.Node,888
Mon Sep 02 16:48:22 EDT 2019 com.google.javascript.rhino.Node,889
Mon Sep 02 16:48:28 EDT 2019 com.google.javascript.rhino.Node,890
Mon Sep 02 16:48:35 EDT 2019 com.google.javascript.rhino.Node,893
Mon Sep 02 16:48:42 EDT 2019 com.google.javascript.rhino.Node,894
Mon Sep 02 16:48:49 EDT 2019 com.google.javascript.rhino.Node,939
Mon Sep 02 16:49:07 EDT 2019 com.google.javascript.rhino.Node,961
Mon Sep 02 19:47:57 EDT 2019 com.google.javascript.rhino.Node,965
Mon Sep 02 19:48:02 EDT 2019 com.google.javascript.rhino.Node,968
Mon Sep 02 19:48:07 EDT 2019 com.google.javascript.rhino.Node,971
Mon Sep 02 19:48:12 EDT 2019 com.google.javascript.rhino.Node,972
Mon Sep 02 19:48:17 EDT 2019 com.google.javascript.rhino.Node,975
Mon Sep 02 20:28:19 EDT 2019 com.google.javascript.rhino.Node,976
Mon Sep 02 20:28:23 EDT 2019 com.google.javascript.rhino.Node,977
Mon Sep 02 20:28:29 EDT 2019 com.google.javascript.rhino.Node,978
Mon Sep 02 20:28:34 EDT 2019 com.google.javascript.rhino.Node,983
Mon Sep 02 20:31:34 EDT 2019 com.google.javascript.rhino.Node,984
Mon Sep 02 21:02:39 EDT 2019 com.google.javascript.rhino.Node,985
Timeout time : 19/09/02 21:05
