=================================================
Project : closure_122	start : 19/09/02 18:46
Current failed test : com.google.javascript.jscomp.parsing.ParserTest::testSuspiciousBlockCommentWarning3 | 19/09/02 18:46
Mon Sep 02 18:56:05 EDT 2019 com.google.javascript.jscomp.parsing.IRFactory,201
Mon Sep 02 18:57:36 EDT 2019 com.google.javascript.jscomp.parsing.IRFactory,252

----------------------------------------
----------------------------------------
Pass Single Test : [=>0,0]
if(comment.getValue().indexOf("/* @")==-1||comment.getValue().indexOf("\n * @")!=-1){
errorReporter.warning(SUSPICIOUS_COMMENT_WARNING,sourceName,comment.getLineno(),"",0);
}

Time : 19/09/02 18:58
----------------------------------------

----------------------------------------
----------------------------------------
Pass Single Test : [=>0,0]
if(sourceName!=null||comment.getValue().indexOf("\n * @")!=-1){
errorReporter.warning(SUSPICIOUS_COMMENT_WARNING,sourceName,comment.getLineno(),"",0);
}

Time : 19/09/02 19:02
----------------------------------------
Mon Sep 02 19:05:44 EDT 2019 Mon Sep 02 19:05:44 EDT 2019 : com.google.javascript.jscomp.parsing.IRFactory,258=>Find no block
Mon Sep 02 19:05:45 EDT 2019 Mon Sep 02 19:05:45 EDT 2019 : com.google.javascript.rhino.jstype.SimpleSourceFile,50=>Find no block
Mon Sep 02 19:05:46 EDT 2019 com.google.javascript.rhino.jstype.SimpleSourceFile,51
Mon Sep 02 19:07:20 EDT 2019 com.google.javascript.rhino.jstype.SimpleSourceFile,52
Mon Sep 02 19:07:20 EDT 2019 Mon Sep 02 19:07:20 EDT 2019 : com.google.javascript.rhino.jstype.SimpleSourceFile,53=>Find no block
Mon Sep 02 19:07:21 EDT 2019 com.google.javascript.rhino.jstype.SimpleSourceFile,57
Mon Sep 02 19:08:50 EDT 2019 com.google.javascript.jscomp.parsing.ParserRunner,54
Mon Sep 02 19:08:54 EDT 2019 com.google.javascript.rhino.jstype.JSTypeRegistry,217
Mon Sep 02 19:08:57 EDT 2019 Mon Sep 02 19:08:57 EDT 2019 : com.google.javascript.rhino.jstype.JSTypeRegistry,218=>Find no block
Mon Sep 02 19:08:58 EDT 2019 com.google.javascript.jscomp.parsing.IRFactory,510
Mon Sep 02 19:22:08 EDT 2019 com.google.javascript.jscomp.parsing.IRFactory,935
Mon Sep 02 19:22:11 EDT 2019 com.google.javascript.jscomp.parsing.IRFactory,163
Mon Sep 02 19:22:35 EDT 2019 com.google.javascript.jscomp.parsing.IRFactory,164
Mon Sep 02 19:22:41 EDT 2019 com.google.javascript.rhino.TokenStream,187
Mon Sep 02 19:23:25 EDT 2019 com.google.javascript.rhino.TokenStream,58
Mon Sep 02 19:23:30 EDT 2019 com.google.javascript.rhino.TokenStream,59
Mon Sep 02 19:23:31 EDT 2019 com.google.javascript.rhino.TokenStream,61
Mon Sep 02 19:23:35 EDT 2019 com.google.javascript.rhino.TokenStream,63
Mon Sep 02 19:23:38 EDT 2019 com.google.javascript.rhino.TokenStream,185
Mon Sep 02 19:31:01 EDT 2019 com.google.javascript.rhino.jstype.ObjectType,490
Mon Sep 02 19:31:05 EDT 2019 com.google.javascript.rhino.jstype.PropertyMap,152
Mon Sep 02 19:33:56 EDT 2019 com.google.javascript.rhino.jstype.PropertyMap,153
Mon Sep 02 19:33:57 EDT 2019 com.google.javascript.rhino.jstype.PropertyMap,156
Mon Sep 02 19:33:58 EDT 2019 com.google.javascript.rhino.jstype.PropertyMap,157
Mon Sep 02 19:33:59 EDT 2019 com.google.javascript.rhino.jstype.PropertyMap,158
Mon Sep 02 19:33:59 EDT 2019 com.google.javascript.rhino.jstype.PropertyMap,174
Mon Sep 02 19:43:45 EDT 2019 com.google.javascript.rhino.jstype.PropertyMap,175
Mon Sep 02 19:43:45 EDT 2019 Mon Sep 02 19:43:45 EDT 2019 : com.google.javascript.rhino.jstype.PropertyMap,176=>Find no block
Mon Sep 02 19:43:46 EDT 2019 com.google.javascript.rhino.jstype.PropertyMap,177
Mon Sep 02 19:56:07 EDT 2019 com.google.javascript.rhino.jstype.PropertyMap,178
Mon Sep 02 19:56:07 EDT 2019 com.google.javascript.rhino.jstype.PropertyMap,179
Mon Sep 02 19:56:08 EDT 2019 com.google.javascript.rhino.jstype.PropertyMap,181
Mon Sep 02 19:56:09 EDT 2019 Mon Sep 02 19:56:09 EDT 2019 : com.google.javascript.rhino.jstype.PropertyMap,186=>Find no block
Mon Sep 02 19:56:10 EDT 2019 com.google.javascript.rhino.jstype.PropertyMap,114
Mon Sep 02 19:59:08 EDT 2019 com.google.javascript.rhino.jstype.PropertyMap,118
Mon Sep 02 19:59:09 EDT 2019 com.google.javascript.rhino.jstype.PropertyMap,119
Mon Sep 02 19:59:09 EDT 2019 com.google.javascript.rhino.jstype.PropertyMap,102
Mon Sep 02 20:01:11 EDT 2019 com.google.javascript.rhino.jstype.PropertyMap,103
Mon Sep 02 20:01:12 EDT 2019 com.google.javascript.rhino.jstype.PropertyMap,111
Mon Sep 02 20:01:13 EDT 2019 com.google.javascript.rhino.jstype.PropertyMap,99
Mon Sep 02 20:01:16 EDT 2019 com.google.javascript.jscomp.parsing.IRFactory,1523
Mon Sep 02 20:02:10 EDT 2019 com.google.javascript.jscomp.parsing.TypeSafeDispatcher,250
Mon Sep 02 20:13:14 EDT 2019 com.google.javascript.jscomp.parsing.IRFactory,956
Mon Sep 02 20:13:17 EDT 2019 com.google.javascript.rhino.Node,1135
Mon Sep 02 20:15:08 EDT 2019 Mon Sep 02 20:15:08 EDT 2019 : com.google.javascript.rhino.Node,1136=>Find no block
Mon Sep 02 20:15:09 EDT 2019 com.google.javascript.rhino.IR,455
Mon Sep 02 20:15:28 EDT 2019 com.google.javascript.rhino.Node,502
Mon Sep 02 20:15:32 EDT 2019 com.google.javascript.rhino.Node,151
Mon Sep 02 20:15:35 EDT 2019 com.google.javascript.rhino.Node,152
Mon Sep 02 20:15:36 EDT 2019 Mon Sep 02 20:15:36 EDT 2019 : com.google.javascript.rhino.Node,153=>Find no block
Mon Sep 02 20:15:37 EDT 2019 com.google.javascript.jscomp.parsing.IRFactory,520
Mon Sep 02 20:16:38 EDT 2019 com.google.javascript.jscomp.parsing.IRFactory,200
Mon Sep 02 20:16:39 EDT 2019 com.google.javascript.jscomp.parsing.IRFactory,196
Mon Sep 02 20:20:51 EDT 2019 com.google.javascript.jscomp.parsing.IRFactory,197
Mon Sep 02 20:20:51 EDT 2019 Mon Sep 02 20:20:51 EDT 2019 : com.google.javascript.jscomp.parsing.IRFactory,203=>Find no block
Mon Sep 02 20:20:52 EDT 2019 com.google.javascript.jscomp.parsing.IRFactory,1246
Mon Sep 02 20:24:00 EDT 2019 com.google.javascript.jscomp.parsing.IRFactory,1247
Mon Sep 02 20:24:00 EDT 2019 com.google.javascript.rhino.jstype.TemplateTypeMap,210
Mon Sep 02 20:35:23 EDT 2019 com.google.javascript.rhino.jstype.TemplateTypeMap,211
Mon Sep 02 20:35:24 EDT 2019 com.google.javascript.rhino.jstype.TemplateTypeMap,216
Mon Sep 02 20:35:25 EDT 2019 com.google.javascript.rhino.jstype.ObjectType,537
Mon Sep 02 20:38:09 EDT 2019 com.google.javascript.jscomp.parsing.TypeSafeDispatcher,269
Mon Sep 02 20:41:52 EDT 2019 com.google.javascript.jscomp.parsing.TypeSafeDispatcher,270
Mon Sep 02 20:41:53 EDT 2019 com.google.javascript.jscomp.parsing.TypeSafeDispatcher,271
Mon Sep 02 20:41:54 EDT 2019 com.google.javascript.jscomp.parsing.TypeSafeDispatcher,272
Mon Sep 02 20:41:54 EDT 2019 com.google.javascript.jscomp.parsing.IRFactory,1230
Mon Sep 02 20:43:31 EDT 2019 com.google.javascript.jscomp.parsing.IRFactory,1235
Mon Sep 02 22:10:11 EDT 2019 com.google.javascript.jscomp.parsing.IRFactory,1236
Mon Sep 02 22:10:12 EDT 2019 com.google.javascript.jscomp.parsing.IRFactory,1237
Mon Sep 02 22:10:13 EDT 2019 Mon Sep 02 22:10:13 EDT 2019 : com.google.javascript.jscomp.parsing.IRFactory,1238=>Find no block
Mon Sep 02 22:10:13 EDT 2019 com.google.javascript.jscomp.parsing.IRFactory,1239
Mon Sep 02 22:10:14 EDT 2019 com.google.javascript.jscomp.parsing.IRFactory,1244
Mon Sep 02 22:24:17 EDT 2019 com.google.javascript.jscomp.parsing.IRFactory,1245
Mon Sep 02 22:24:17 EDT 2019 com.google.javascript.jscomp.parsing.IRFactory,1249
Mon Sep 02 22:24:18 EDT 2019 com.google.javascript.rhino.jstype.ObjectType,540
Mon Sep 02 22:28:13 EDT 2019 com.google.javascript.rhino.jstype.UnionTypeBuilder,248
Mon Sep 02 22:43:09 EDT 2019 Mon Sep 02 22:43:09 EDT 2019 : com.google.javascript.rhino.jstype.ObjectType,530=>Find no block
Mon Sep 02 22:43:10 EDT 2019 com.google.javascript.rhino.jstype.ObjectType,531
Mon Sep 02 22:43:10 EDT 2019 com.google.javascript.rhino.jstype.ObjectType,533
Mon Sep 02 22:43:11 EDT 2019 com.google.javascript.rhino.jstype.ObjectType,536
Mon Sep 02 22:43:12 EDT 2019 Mon Sep 02 22:43:12 EDT 2019 : com.google.javascript.rhino.jstype.ObjectType,532=>Find no block
Mon Sep 02 22:43:13 EDT 2019 com.google.javascript.rhino.jstype.InstanceObjectType,88
Mon Sep 02 23:02:19 EDT 2019 com.google.javascript.rhino.jstype.InstanceObjectType,89
Mon Sep 02 23:06:48 EDT 2019 com.google.javascript.rhino.jstype.InstanceObjectType,92
Mon Sep 02 23:06:49 EDT 2019 com.google.javascript.rhino.jstype.ObjectType,286
Mon Sep 02 23:11:10 EDT 2019 com.google.javascript.rhino.jstype.ObjectType,291
Mon Sep 02 23:11:11 EDT 2019 com.google.javascript.rhino.jstype.ObjectType,292
Mon Sep 02 23:11:11 EDT 2019 com.google.javascript.rhino.jstype.PrototypeObjectType,281
Mon Sep 02 23:11:14 EDT 2019 com.google.javascript.rhino.jstype.ObjectType,477
Mon Sep 02 23:16:02 EDT 2019 com.google.javascript.rhino.jstype.PrototypeObjectType,137
Mon Sep 02 23:17:41 EDT 2019 com.google.javascript.rhino.jstype.PrototypeObjectType,140
Mon Sep 02 23:27:02 EDT 2019 com.google.javascript.rhino.jstype.PrototypeObjectType,142
Mon Sep 02 23:27:03 EDT 2019 com.google.javascript.rhino.jstype.PrototypeObjectType,143
Mon Sep 02 23:27:04 EDT 2019 com.google.javascript.rhino.jstype.PropertyMap,193
Mon Sep 02 23:41:31 EDT 2019 com.google.javascript.rhino.jstype.PropertyMap,194
Mon Sep 02 23:42:50 EDT 2019 com.google.javascript.rhino.jstype.PropertyMap,199
Mon Sep 02 23:42:50 EDT 2019 Mon Sep 02 23:42:50 EDT 2019 : com.google.javascript.rhino.jstype.PropertyMap,200=>Find no block
Mon Sep 02 23:42:51 EDT 2019 com.google.javascript.rhino.jstype.ObjectType,121
Mon Sep 02 23:43:36 EDT 2019 com.google.javascript.rhino.jstype.ObjectType,445
Mon Sep 02 23:44:26 EDT 2019 com.google.javascript.rhino.jstype.PropertyMap,148
Mon Sep 02 23:47:38 EDT 2019 com.google.javascript.rhino.jstype.PrototypeObjectType,131
Mon Sep 02 23:47:41 EDT 2019 com.google.javascript.rhino.jstype.JSTypeRegistry,1069
Timeout time : 19/09/02 23:56
