=================================================
Project : closure_126	start : 19/09/02 18:47
Current failed test : com.google.javascript.jscomp.MinimizeExitPointsTest::testDontRemoveBreakInTryFinally | 19/09/02 18:47
Mon Sep 02 18:49:23 EDT 2019 Mon Sep 02 18:49:23 EDT 2019 : com.google.javascript.rhino.Node,113=>Find no block
Mon Sep 02 18:49:24 EDT 2019 com.google.javascript.rhino.Node,122
Mon Sep 02 18:49:33 EDT 2019 com.google.javascript.rhino.Node,133
Mon Sep 02 18:49:42 EDT 2019 com.google.javascript.rhino.Node,134
Mon Sep 02 18:49:50 EDT 2019 com.google.javascript.rhino.Node,869
Mon Sep 02 19:18:24 EDT 2019 com.google.javascript.rhino.Node,870
Mon Sep 02 19:18:24 EDT 2019 com.google.javascript.rhino.Node,871
Mon Sep 02 19:18:25 EDT 2019 com.google.javascript.rhino.Node,874
Mon Sep 02 19:18:26 EDT 2019 com.google.javascript.rhino.Node,875
Mon Sep 02 19:18:26 EDT 2019 com.google.javascript.rhino.Node,876
Mon Sep 02 19:18:27 EDT 2019 com.google.javascript.rhino.Node,877
Mon Sep 02 19:18:28 EDT 2019 com.google.javascript.rhino.Node,880
Mon Sep 02 19:18:28 EDT 2019 com.google.javascript.rhino.Node,881
Mon Sep 02 19:18:29 EDT 2019 com.google.javascript.rhino.Node,932
Mon Sep 02 19:18:33 EDT 2019 com.google.javascript.rhino.Node,954
Mon Sep 02 20:54:29 EDT 2019 com.google.javascript.rhino.Node,958
Mon Sep 02 20:54:30 EDT 2019 com.google.javascript.rhino.Node,961
Mon Sep 02 20:54:30 EDT 2019 com.google.javascript.rhino.Node,964
Mon Sep 02 20:54:31 EDT 2019 com.google.javascript.rhino.Node,965
Mon Sep 02 20:54:32 EDT 2019 com.google.javascript.rhino.Node,968
Mon Sep 02 21:19:07 EDT 2019 com.google.javascript.rhino.Node,969
Mon Sep 02 21:19:07 EDT 2019 com.google.javascript.rhino.Node,970
Mon Sep 02 21:19:08 EDT 2019 com.google.javascript.rhino.Node,971
Mon Sep 02 21:19:09 EDT 2019 com.google.javascript.rhino.Node,976
Mon Sep 02 21:21:06 EDT 2019 com.google.javascript.rhino.Node,977
Mon Sep 02 21:53:00 EDT 2019 com.google.javascript.rhino.Node,978
Mon Sep 02 22:23:49 EDT 2019 com.google.javascript.rhino.Node,979
Mon Sep 02 22:23:50 EDT 2019 com.google.javascript.rhino.Node,980
Mon Sep 02 22:49:39 EDT 2019 com.google.javascript.rhino.Node,981
Mon Sep 02 23:07:25 EDT 2019 com.google.javascript.rhino.Node,982
Mon Sep 02 23:33:28 EDT 2019 Mon Sep 02 23:33:28 EDT 2019 : com.google.javascript.rhino.Node,984=>Find no block
Mon Sep 02 23:33:29 EDT 2019 com.google.javascript.rhino.Node,986
Mon Sep 02 23:33:29 EDT 2019 com.google.javascript.rhino.Node,989
Timeout time : 19/09/02 23:49
