=================================================
Project : closure_127	start : 19/09/02 18:47
Current failed test : com.google.javascript.jscomp.UnreachableCodeEliminationTest::testIssue4177428_return | 19/09/02 18:47
Mon Sep 02 18:49:29 EDT 2019 Mon Sep 02 18:49:29 EDT 2019 : com.google.javascript.rhino.Node,113=>Find no block
Mon Sep 02 18:49:30 EDT 2019 com.google.javascript.rhino.Node,122
Mon Sep 02 18:49:40 EDT 2019 com.google.javascript.rhino.Node,133
Mon Sep 02 18:49:48 EDT 2019 com.google.javascript.rhino.Node,134
Mon Sep 02 18:49:56 EDT 2019 com.google.javascript.rhino.Node,869
Mon Sep 02 19:18:13 EDT 2019 com.google.javascript.rhino.Node,870
Mon Sep 02 19:18:14 EDT 2019 com.google.javascript.rhino.Node,871
Mon Sep 02 19:18:15 EDT 2019 com.google.javascript.rhino.Node,874
Mon Sep 02 19:18:15 EDT 2019 com.google.javascript.rhino.Node,875
Mon Sep 02 19:18:16 EDT 2019 com.google.javascript.rhino.Node,876
Mon Sep 02 19:18:16 EDT 2019 com.google.javascript.rhino.Node,877
Mon Sep 02 19:18:17 EDT 2019 com.google.javascript.rhino.Node,880
Mon Sep 02 19:18:18 EDT 2019 com.google.javascript.rhino.Node,881
Mon Sep 02 19:18:18 EDT 2019 com.google.javascript.rhino.Node,932
Mon Sep 02 19:18:22 EDT 2019 com.google.javascript.rhino.Node,954
Mon Sep 02 20:53:50 EDT 2019 com.google.javascript.rhino.Node,958
Mon Sep 02 20:53:51 EDT 2019 com.google.javascript.rhino.Node,961
Mon Sep 02 20:53:51 EDT 2019 com.google.javascript.rhino.Node,968
Mon Sep 02 21:18:16 EDT 2019 com.google.javascript.rhino.Node,969
Mon Sep 02 21:18:17 EDT 2019 com.google.javascript.rhino.Node,970
Mon Sep 02 21:18:18 EDT 2019 com.google.javascript.rhino.Node,971
Mon Sep 02 21:18:18 EDT 2019 com.google.javascript.rhino.Node,976
Mon Sep 02 21:20:13 EDT 2019 com.google.javascript.rhino.Node,977
Mon Sep 02 21:51:51 EDT 2019 com.google.javascript.rhino.Node,978
Mon Sep 02 22:22:20 EDT 2019 com.google.javascript.rhino.Node,979
Mon Sep 02 22:22:20 EDT 2019 com.google.javascript.rhino.Node,980
Mon Sep 02 22:47:55 EDT 2019 com.google.javascript.rhino.Node,981
Mon Sep 02 23:05:38 EDT 2019 com.google.javascript.rhino.Node,982
Mon Sep 02 23:31:35 EDT 2019 Mon Sep 02 23:31:35 EDT 2019 : com.google.javascript.rhino.Node,984=>Find no block
Mon Sep 02 23:31:35 EDT 2019 com.google.javascript.rhino.Node,986
Mon Sep 02 23:31:36 EDT 2019 com.google.javascript.rhino.Node,989
Timeout time : 19/09/02 23:49
