=================================================
Project : closure_129	start : 19/09/02 18:47
Current failed test : com.google.javascript.jscomp.IntegrationTest::testIssue937 | 19/09/02 18:47
Mon Sep 02 19:05:23 EDT 2019 com.google.javascript.rhino.Node,1546

----------------------------------------
----------------------------------------
Pass Single Test : [=>0,0]
if(this.getBooleanProp(FREE_CALL)!=node.getBooleanProp(FREE_CALL)){
return true;
}

Time : 19/09/02 19:06
----------------------------------------

----------------------------------------
----------------------------------------
Pass Single Test : [=>0,0]
Preconditions.checkArgument(node.isCall(),"Expected: CALL, Got: %s",Token.name(node.getType()));
if(this.getBooleanProp(FREE_CALL)!=node.getBooleanProp(FREE_CALL)){
return true;
}

Time : 19/09/02 19:10
----------------------------------------
Mon Sep 02 19:13:29 EDT 2019 com.google.javascript.jscomp.NodeUtil,3165
Mon Sep 02 19:27:00 EDT 2019 com.google.javascript.rhino.Node,132
Mon Sep 02 19:27:08 EDT 2019 com.google.javascript.rhino.Node,1428
Mon Sep 02 19:27:12 EDT 2019 com.google.javascript.rhino.Node,1444
Mon Sep 02 19:27:15 EDT 2019 com.google.javascript.rhino.Node,1457
Mon Sep 02 19:27:18 EDT 2019 Mon Sep 02 19:27:18 EDT 2019 : com.google.javascript.rhino.Node,2163=>Find no block
Mon Sep 02 19:27:19 EDT 2019 com.google.javascript.rhino.Node,2164
Mon Sep 02 19:27:22 EDT 2019 com.google.javascript.rhino.Node,2165
Mon Sep 02 19:27:23 EDT 2019 Mon Sep 02 19:27:23 EDT 2019 : com.google.javascript.rhino.Node,2166=>Find no block
Mon Sep 02 19:27:23 EDT 2019 com.google.javascript.jscomp.CodeGenerator,530
Mon Sep 02 20:57:56 EDT 2019 com.google.javascript.jscomp.CodeGenerator,531
Mon Sep 02 20:57:57 EDT 2019 com.google.javascript.jscomp.CodeGenerator,532
Mon Sep 02 20:57:57 EDT 2019 com.google.javascript.jscomp.ConvertToDottedProperties,61
Mon Sep 02 21:55:07 EDT 2019 com.google.javascript.jscomp.ConvertToDottedProperties,62
Mon Sep 02 21:55:07 EDT 2019 com.google.javascript.jscomp.ConvertToDottedProperties,63
Mon Sep 02 21:55:08 EDT 2019 com.google.javascript.jscomp.ConvertToDottedProperties,64
Mon Sep 02 21:55:08 EDT 2019 com.google.javascript.jscomp.Normalize,414
Mon Sep 02 22:23:50 EDT 2019 com.google.javascript.jscomp.PeepholeFoldConstants,1332
Timeout time : 19/09/03 00:05
