=================================================
Project : closure_130	start : 19/09/02 18:48
Current failed test : com.google.javascript.jscomp.CollapsePropertiesTest::testIssue931 | 19/09/02 18:48
Mon Sep 02 18:50:49 EDT 2019 Mon Sep 02 18:50:49 EDT 2019 : com.google.javascript.rhino.Node,112=>Find no block
Mon Sep 02 18:50:50 EDT 2019 com.google.javascript.rhino.Node,121
Mon Sep 02 18:51:03 EDT 2019 com.google.javascript.rhino.Node,131
Mon Sep 02 18:51:14 EDT 2019 com.google.javascript.rhino.Node,132
Mon Sep 02 18:51:25 EDT 2019 com.google.javascript.rhino.Node,133
Mon Sep 02 18:51:36 EDT 2019 com.google.javascript.rhino.Node,860
Mon Sep 02 19:16:47 EDT 2019 com.google.javascript.rhino.Node,861
Mon Sep 02 19:16:48 EDT 2019 com.google.javascript.rhino.Node,862
Mon Sep 02 19:16:49 EDT 2019 com.google.javascript.rhino.Node,865
Mon Sep 02 19:16:50 EDT 2019 com.google.javascript.rhino.Node,866
Mon Sep 02 19:16:51 EDT 2019 com.google.javascript.rhino.Node,867
Mon Sep 02 19:16:52 EDT 2019 com.google.javascript.rhino.Node,868
Mon Sep 02 19:16:53 EDT 2019 com.google.javascript.rhino.Node,871
Mon Sep 02 19:16:54 EDT 2019 com.google.javascript.rhino.Node,872
Mon Sep 02 19:16:55 EDT 2019 com.google.javascript.rhino.Node,923
Mon Sep 02 19:16:59 EDT 2019 com.google.javascript.rhino.Node,945
Mon Sep 02 20:48:47 EDT 2019 com.google.javascript.rhino.Node,949
Mon Sep 02 20:48:47 EDT 2019 com.google.javascript.rhino.Node,952
Mon Sep 02 20:48:48 EDT 2019 com.google.javascript.rhino.Node,955
Mon Sep 02 20:48:49 EDT 2019 com.google.javascript.rhino.Node,956
Mon Sep 02 20:48:50 EDT 2019 com.google.javascript.rhino.Node,959
Mon Sep 02 21:12:21 EDT 2019 com.google.javascript.rhino.Node,960
Mon Sep 02 21:12:21 EDT 2019 com.google.javascript.rhino.Node,961
Mon Sep 02 21:12:22 EDT 2019 com.google.javascript.rhino.Node,962
Mon Sep 02 21:12:23 EDT 2019 com.google.javascript.rhino.Node,967
Mon Sep 02 21:14:17 EDT 2019 com.google.javascript.rhino.Node,968
Mon Sep 02 21:44:26 EDT 2019 com.google.javascript.rhino.Node,969
Mon Sep 02 22:12:53 EDT 2019 com.google.javascript.rhino.Node,970
Mon Sep 02 22:12:54 EDT 2019 com.google.javascript.rhino.Node,971
Mon Sep 02 22:34:22 EDT 2019 com.google.javascript.rhino.Node,972
Mon Sep 02 22:48:51 EDT 2019 com.google.javascript.rhino.Node,973
Mon Sep 02 23:10:11 EDT 2019 Mon Sep 02 23:10:11 EDT 2019 : com.google.javascript.rhino.Node,975=>Find no block
Mon Sep 02 23:10:12 EDT 2019 com.google.javascript.rhino.Node,977
Mon Sep 02 23:10:12 EDT 2019 com.google.javascript.rhino.Node,980
Mon Sep 02 23:24:18 EDT 2019 com.google.javascript.rhino.Node,981
Mon Sep 02 23:24:19 EDT 2019 com.google.javascript.rhino.Node,986
Mon Sep 02 23:32:36 EDT 2019 com.google.javascript.rhino.Node,998
Mon Sep 02 23:32:40 EDT 2019 com.google.javascript.rhino.Node,1003
Mon Sep 02 23:32:44 EDT 2019 com.google.javascript.rhino.Node,1004
Mon Sep 02 23:32:44 EDT 2019 com.google.javascript.rhino.Node,1005
Mon Sep 02 23:32:45 EDT 2019 com.google.javascript.rhino.Node,1012
Mon Sep 02 23:32:49 EDT 2019 Mon Sep 02 23:32:49 EDT 2019 : com.google.javascript.rhino.Node,1013=>Find no block
Mon Sep 02 23:32:49 EDT 2019 com.google.javascript.rhino.Node,1017
Timeout time : 19/09/02 23:51
