=================================================
Project : closure_131	start : 19/09/02 18:48
Current failed test : com.google.javascript.jscomp.ConvertToDottedPropertiesTest::testQuotedProps | 19/09/02 18:48
Mon Sep 02 18:54:02 EDT 2019 com.google.javascript.rhino.Node,1417
Mon Sep 02 18:54:07 EDT 2019 com.google.javascript.rhino.Node,1433
Mon Sep 02 18:54:12 EDT 2019 com.google.javascript.rhino.Node,1446
Mon Sep 02 18:54:17 EDT 2019 Mon Sep 02 18:54:17 EDT 2019 : com.google.javascript.rhino.Node,2132=>Find no block
Mon Sep 02 18:54:18 EDT 2019 com.google.javascript.rhino.Node,2133
Mon Sep 02 18:54:22 EDT 2019 com.google.javascript.rhino.Node,2134
Mon Sep 02 18:54:23 EDT 2019 Mon Sep 02 18:54:23 EDT 2019 : com.google.javascript.rhino.Node,2135=>Find no block
Mon Sep 02 18:54:24 EDT 2019 com.google.javascript.rhino.Node,118
Mon Sep 02 18:54:35 EDT 2019 com.google.javascript.rhino.Node,121
Mon Sep 02 18:54:45 EDT 2019 com.google.javascript.rhino.Node,133
Mon Sep 02 18:54:55 EDT 2019 com.google.javascript.rhino.InputId,74
Mon Sep 02 18:54:59 EDT 2019 com.google.javascript.jscomp.CodeGenerator,1156
Mon Sep 02 18:59:29 EDT 2019 com.google.javascript.jscomp.CodeGenerator,1254
Mon Sep 02 18:59:33 EDT 2019 Mon Sep 02 18:59:33 EDT 2019 : com.google.javascript.jscomp.CodeGenerator,1258=>Find no block
Mon Sep 02 18:59:34 EDT 2019 Mon Sep 02 18:59:34 EDT 2019 : com.google.javascript.jscomp.CodeGenerator,1259=>Find no block
Mon Sep 02 18:59:35 EDT 2019 com.google.javascript.jscomp.CodeGenerator,1271
Mon Sep 02 19:00:01 EDT 2019 com.google.javascript.jscomp.CodeGenerator,1281
Mon Sep 02 19:09:09 EDT 2019 Mon Sep 02 19:09:09 EDT 2019 : com.google.javascript.jscomp.CodeGenerator,1286=>Find no block
Mon Sep 02 19:09:11 EDT 2019 com.google.javascript.rhino.Node,998
Mon Sep 02 19:09:15 EDT 2019 com.google.javascript.rhino.Node,1003
Mon Sep 02 19:09:19 EDT 2019 com.google.javascript.rhino.Node,1004
Mon Sep 02 19:09:20 EDT 2019 com.google.javascript.rhino.Node,1005
Mon Sep 02 19:09:21 EDT 2019 com.google.javascript.rhino.Node,1012
Mon Sep 02 19:09:25 EDT 2019 Mon Sep 02 19:09:25 EDT 2019 : com.google.javascript.rhino.Node,1013=>Find no block
Mon Sep 02 19:09:26 EDT 2019 com.google.javascript.rhino.Node,1017
Mon Sep 02 19:31:50 EDT 2019 com.google.javascript.rhino.Node,1018
Mon Sep 02 19:31:51 EDT 2019 com.google.javascript.rhino.Node,1020
Mon Sep 02 20:55:37 EDT 2019 com.google.javascript.rhino.Node,1021
Mon Sep 02 20:55:38 EDT 2019 Mon Sep 02 20:55:38 EDT 2019 : com.google.javascript.rhino.Node,1022=>Find no block
Mon Sep 02 20:55:39 EDT 2019 com.google.javascript.rhino.Node,1023
Mon Sep 02 20:55:40 EDT 2019 com.google.javascript.rhino.Node,1025
Mon Sep 02 20:55:41 EDT 2019 Mon Sep 02 20:55:41 EDT 2019 : com.google.javascript.rhino.Node,1024=>Find no block
Mon Sep 02 20:55:42 EDT 2019 Mon Sep 02 20:55:42 EDT 2019 : com.google.javascript.rhino.Node,1027=>Find no block
Mon Sep 02 20:55:43 EDT 2019 com.google.javascript.rhino.Node,343
Mon Sep 02 20:56:54 EDT 2019 com.google.javascript.rhino.Node,1517
Mon Sep 02 20:56:57 EDT 2019 com.google.javascript.jscomp.NodeUtil,2434

----------------------------------------
----------------------------------------
Pass Single Test : [=>0,0]
if(c>len){
return false;
}

Time : 19/09/02 20:58
----------------------------------------
Mon Sep 02 21:00:31 EDT 2019 com.google.javascript.rhino.TokenStream,195

----------------------------------------
----------------------------------------
Pass Single Test : [=>0,0]
if(length==0||s.length()<=length){
return false;
}

Time : 19/09/02 21:19
----------------------------------------
Mon Sep 02 21:29:43 EDT 2019 Mon Sep 02 21:29:43 EDT 2019 : com.google.javascript.rhino.Node,112=>Find no block
Mon Sep 02 21:29:44 EDT 2019 com.google.javascript.rhino.Node,132
Mon Sep 02 21:29:54 EDT 2019 com.google.javascript.rhino.Node,860
Mon Sep 02 21:52:05 EDT 2019 com.google.javascript.rhino.Node,861
Mon Sep 02 21:52:06 EDT 2019 com.google.javascript.rhino.Node,862
Mon Sep 02 21:52:07 EDT 2019 com.google.javascript.rhino.Node,865
Mon Sep 02 21:52:07 EDT 2019 com.google.javascript.rhino.Node,866
Mon Sep 02 21:52:08 EDT 2019 com.google.javascript.rhino.Node,867
Mon Sep 02 21:52:09 EDT 2019 com.google.javascript.rhino.Node,868
Mon Sep 02 21:52:10 EDT 2019 com.google.javascript.rhino.Node,871
Mon Sep 02 21:52:11 EDT 2019 com.google.javascript.rhino.Node,872
Mon Sep 02 21:52:11 EDT 2019 com.google.javascript.rhino.Node,923
Mon Sep 02 21:52:15 EDT 2019 com.google.javascript.rhino.Node,959
Mon Sep 02 22:12:38 EDT 2019 com.google.javascript.rhino.Node,960
Mon Sep 02 22:12:39 EDT 2019 com.google.javascript.rhino.Node,961
Mon Sep 02 22:12:40 EDT 2019 com.google.javascript.rhino.Node,962
Mon Sep 02 22:12:41 EDT 2019 com.google.javascript.rhino.Node,967
Mon Sep 02 22:14:19 EDT 2019 com.google.javascript.rhino.Node,968
Mon Sep 02 22:41:37 EDT 2019 com.google.javascript.rhino.Node,969
Mon Sep 02 23:08:27 EDT 2019 com.google.javascript.rhino.Node,970
Mon Sep 02 23:08:28 EDT 2019 com.google.javascript.rhino.Node,971
Mon Sep 02 23:28:24 EDT 2019 com.google.javascript.rhino.Node,972
Mon Sep 02 23:43:25 EDT 2019 com.google.javascript.rhino.Node,973
Timeout time : 19/09/02 23:54
