=================================================
Project : closure_132	start : 19/09/02 18:48
Current failed test : com.google.javascript.jscomp.PeepholeSubstituteAlternateSyntaxTest::testIssue925 | 19/09/02 18:48
Mon Sep 02 18:50:23 EDT 2019 com.google.javascript.rhino.Node,121
Mon Sep 02 18:50:34 EDT 2019 com.google.javascript.rhino.Node,133
Mon Sep 02 18:50:44 EDT 2019 com.google.javascript.rhino.Node,955
Mon Sep 02 19:06:09 EDT 2019 com.google.javascript.rhino.Node,956
Mon Sep 02 19:06:10 EDT 2019 com.google.javascript.rhino.Node,998
Mon Sep 02 19:06:15 EDT 2019 com.google.javascript.rhino.Node,1003
Mon Sep 02 19:06:19 EDT 2019 com.google.javascript.rhino.Node,1004
Mon Sep 02 19:06:20 EDT 2019 com.google.javascript.rhino.Node,1005
Mon Sep 02 19:06:21 EDT 2019 com.google.javascript.rhino.Node,1012
Mon Sep 02 19:06:25 EDT 2019 Mon Sep 02 19:06:25 EDT 2019 : com.google.javascript.rhino.Node,1013=>Find no block
Mon Sep 02 19:06:26 EDT 2019 com.google.javascript.rhino.Node,1017
Mon Sep 02 19:28:42 EDT 2019 com.google.javascript.rhino.Node,1018
Mon Sep 02 19:28:43 EDT 2019 com.google.javascript.rhino.Node,1020
Mon Sep 02 20:52:29 EDT 2019 com.google.javascript.rhino.Node,1021
Mon Sep 02 20:52:30 EDT 2019 Mon Sep 02 20:52:30 EDT 2019 : com.google.javascript.rhino.Node,1022=>Find no block
Mon Sep 02 20:52:30 EDT 2019 com.google.javascript.rhino.Node,1023
Mon Sep 02 20:52:31 EDT 2019 com.google.javascript.rhino.Node,1025
Mon Sep 02 20:52:32 EDT 2019 Mon Sep 02 20:52:32 EDT 2019 : com.google.javascript.rhino.Node,1024=>Find no block
Mon Sep 02 20:52:33 EDT 2019 Mon Sep 02 20:52:33 EDT 2019 : com.google.javascript.rhino.Node,1027=>Find no block
Mon Sep 02 20:52:34 EDT 2019 com.google.javascript.rhino.Node,1417
Mon Sep 02 20:52:37 EDT 2019 com.google.javascript.rhino.Node,1433
Mon Sep 02 20:52:41 EDT 2019 com.google.javascript.rhino.Node,1446
Mon Sep 02 20:52:44 EDT 2019 com.google.javascript.rhino.InputId,74
Mon Sep 02 20:52:48 EDT 2019 Mon Sep 02 20:52:48 EDT 2019 : com.google.javascript.rhino.Node,2132=>Find no block
Mon Sep 02 20:52:49 EDT 2019 com.google.javascript.rhino.Node,2133
Mon Sep 02 20:52:52 EDT 2019 com.google.javascript.rhino.Node,2134
Mon Sep 02 20:52:53 EDT 2019 Mon Sep 02 20:52:53 EDT 2019 : com.google.javascript.rhino.Node,2135=>Find no block
Mon Sep 02 20:52:54 EDT 2019 com.google.javascript.rhino.Node,343
Mon Sep 02 20:54:02 EDT 2019 com.google.javascript.jscomp.parsing.IRFactory,1411
Mon Sep 02 20:54:11 EDT 2019 Mon Sep 02 20:54:11 EDT 2019 : com.google.javascript.rhino.Node,112=>Find no block
Mon Sep 02 20:54:12 EDT 2019 com.google.javascript.rhino.Node,132
Mon Sep 02 20:54:22 EDT 2019 com.google.javascript.rhino.Node,860
Mon Sep 02 21:16:06 EDT 2019 com.google.javascript.rhino.Node,861
Mon Sep 02 21:16:07 EDT 2019 com.google.javascript.rhino.Node,862
Mon Sep 02 21:16:08 EDT 2019 com.google.javascript.rhino.Node,865
Mon Sep 02 21:16:09 EDT 2019 com.google.javascript.rhino.Node,866
Mon Sep 02 21:16:10 EDT 2019 com.google.javascript.rhino.Node,867
Mon Sep 02 21:16:11 EDT 2019 com.google.javascript.rhino.Node,868
Mon Sep 02 21:16:12 EDT 2019 com.google.javascript.rhino.Node,871
Mon Sep 02 21:16:13 EDT 2019 com.google.javascript.rhino.Node,872
Mon Sep 02 21:16:14 EDT 2019 com.google.javascript.rhino.Node,923
Mon Sep 02 21:16:17 EDT 2019 com.google.javascript.rhino.Node,944
Mon Sep 02 22:20:57 EDT 2019 com.google.javascript.rhino.Node,954
Mon Sep 02 22:20:58 EDT 2019 com.google.javascript.rhino.Node,959
Mon Sep 02 22:42:48 EDT 2019 com.google.javascript.rhino.Node,960
Mon Sep 02 22:42:48 EDT 2019 com.google.javascript.rhino.Node,961
Mon Sep 02 22:42:49 EDT 2019 com.google.javascript.rhino.Node,962
Mon Sep 02 22:42:50 EDT 2019 com.google.javascript.rhino.Node,967
Mon Sep 02 22:44:37 EDT 2019 com.google.javascript.rhino.Node,968
Mon Sep 02 23:12:48 EDT 2019 com.google.javascript.rhino.Node,969
Mon Sep 02 23:40:42 EDT 2019 com.google.javascript.rhino.Node,970
Mon Sep 02 23:40:43 EDT 2019 com.google.javascript.rhino.Node,971
Timeout time : 19/09/02 23:50
