=================================================
Project : closure_15	start : 19/09/02 16:00
Current failed test : com.google.javascript.jscomp.FlowSensitiveInlineVariablesTest::testSimpleForIn | 19/09/02 16:01
Mon Sep 02 16:05:37 EDT 2019 Mon Sep 02 16:05:37 EDT 2019 : com.google.javascript.rhino.Node,117=>Find no block
Mon Sep 02 16:05:41 EDT 2019 com.google.javascript.rhino.Node,129
Mon Sep 02 16:06:14 EDT 2019 com.google.javascript.rhino.Node,142
Mon Sep 02 16:07:02 EDT 2019 com.google.javascript.rhino.Node,143
Mon Sep 02 16:07:33 EDT 2019 com.google.javascript.rhino.Node,879
Mon Sep 02 16:47:08 EDT 2019 com.google.javascript.rhino.Node,880
Mon Sep 02 16:47:16 EDT 2019 com.google.javascript.rhino.Node,881
Mon Sep 02 16:47:22 EDT 2019 com.google.javascript.rhino.Node,884
Mon Sep 02 16:47:29 EDT 2019 com.google.javascript.rhino.Node,885
Mon Sep 02 16:47:35 EDT 2019 com.google.javascript.rhino.Node,886
Mon Sep 02 16:47:43 EDT 2019 com.google.javascript.rhino.Node,887
Mon Sep 02 16:47:51 EDT 2019 com.google.javascript.rhino.Node,890
Mon Sep 02 16:48:01 EDT 2019 com.google.javascript.rhino.Node,891
Mon Sep 02 16:48:07 EDT 2019 com.google.javascript.rhino.Node,936
Mon Sep 02 16:48:24 EDT 2019 com.google.javascript.rhino.Node,958
Mon Sep 02 19:46:47 EDT 2019 com.google.javascript.rhino.Node,962
Mon Sep 02 19:46:52 EDT 2019 com.google.javascript.rhino.Node,965
Mon Sep 02 19:46:57 EDT 2019 com.google.javascript.rhino.Node,972
Mon Sep 02 20:26:52 EDT 2019 com.google.javascript.rhino.Node,973
Mon Sep 02 20:26:58 EDT 2019 com.google.javascript.rhino.Node,974
Mon Sep 02 20:27:05 EDT 2019 com.google.javascript.rhino.Node,975
Mon Sep 02 20:27:11 EDT 2019 com.google.javascript.rhino.Node,980
Mon Sep 02 20:30:15 EDT 2019 com.google.javascript.rhino.Node,981
Mon Sep 02 21:01:49 EDT 2019 com.google.javascript.rhino.Node,982
Timeout time : 19/09/02 21:05
