=================================================
Project : closure_18	start : 19/09/02 16:00
Current failed test : com.google.javascript.jscomp.IntegrationTest::testDependencySorting | 19/09/02 16:01
Mon Sep 02 16:20:25 EDT 2019 Mon Sep 02 16:20:25 EDT 2019 : com.google.javascript.rhino.Node,2147=>Find no block
Mon Sep 02 16:20:37 EDT 2019 com.google.javascript.rhino.Node,2148
Mon Sep 02 16:21:02 EDT 2019 com.google.javascript.rhino.Node,2149
Mon Sep 02 16:21:10 EDT 2019 Mon Sep 02 16:21:10 EDT 2019 : com.google.javascript.rhino.Node,2150=>Find no block
Mon Sep 02 16:21:19 EDT 2019 com.google.javascript.rhino.Node,1430
Mon Sep 02 16:21:43 EDT 2019 com.google.javascript.rhino.Node,1446
Mon Sep 02 16:22:06 EDT 2019 com.google.javascript.jscomp.CompilerOptions,1310
Mon Sep 02 16:47:47 EDT 2019 com.google.javascript.jscomp.CompilerOptions,1311
Mon Sep 02 16:47:53 EDT 2019 Mon Sep 02 16:47:53 EDT 2019 : com.google.javascript.jscomp.CompilerOptions,1312=>Find no block
Mon Sep 02 16:47:58 EDT 2019 com.google.javascript.rhino.InputId,74
Mon Sep 02 16:48:12 EDT 2019 com.google.javascript.rhino.Node,129
Mon Sep 02 16:48:55 EDT 2019 com.google.javascript.rhino.Node,143
Mon Sep 02 16:49:33 EDT 2019 com.google.javascript.rhino.Node,352
Mon Sep 02 16:51:43 EDT 2019 com.google.javascript.rhino.Node,1011
Mon Sep 02 16:51:56 EDT 2019 com.google.javascript.rhino.Node,1016
Mon Sep 02 16:52:08 EDT 2019 com.google.javascript.rhino.Node,1017
Mon Sep 02 16:52:11 EDT 2019 com.google.javascript.rhino.Node,1018
Mon Sep 02 16:52:14 EDT 2019 com.google.javascript.rhino.Node,1025
Mon Sep 02 16:52:24 EDT 2019 Mon Sep 02 16:52:24 EDT 2019 : com.google.javascript.rhino.Node,1026=>Find no block
Mon Sep 02 16:52:29 EDT 2019 com.google.javascript.rhino.Node,1030
Mon Sep 02 17:29:50 EDT 2019 com.google.javascript.rhino.Node,1031
Mon Sep 02 17:29:57 EDT 2019 com.google.javascript.rhino.Node,1033
Mon Sep 02 20:06:17 EDT 2019 com.google.javascript.rhino.Node,1034
Mon Sep 02 20:06:21 EDT 2019 Mon Sep 02 20:06:21 EDT 2019 : com.google.javascript.rhino.Node,1035=>Find no block
Mon Sep 02 20:06:27 EDT 2019 com.google.javascript.rhino.Node,1036
Mon Sep 02 20:06:31 EDT 2019 com.google.javascript.rhino.Node,1038
Mon Sep 02 20:06:36 EDT 2019 Mon Sep 02 20:06:36 EDT 2019 : com.google.javascript.rhino.Node,1037=>Find no block
Mon Sep 02 20:06:40 EDT 2019 Mon Sep 02 20:06:40 EDT 2019 : com.google.javascript.rhino.Node,1040=>Find no block
Mon Sep 02 20:06:43 EDT 2019 com.google.javascript.rhino.Node,320
Mon Sep 02 20:08:47 EDT 2019 Mon Sep 02 20:08:47 EDT 2019 : com.google.javascript.rhino.Node,117=>Find no block
Mon Sep 02 20:08:49 EDT 2019 com.google.javascript.rhino.Node,142
Mon Sep 02 20:09:16 EDT 2019 com.google.javascript.rhino.Node,881
Mon Sep 02 20:19:00 EDT 2019 com.google.javascript.rhino.Node,886
Mon Sep 02 20:33:39 EDT 2019 com.google.javascript.rhino.Node,887
Mon Sep 02 20:33:42 EDT 2019 com.google.javascript.rhino.Node,974
Mon Sep 02 20:58:38 EDT 2019 com.google.javascript.rhino.Node,975
Mon Sep 02 20:58:44 EDT 2019 com.google.javascript.rhino.Node,982
Timeout time : 19/09/02 21:19
