=================================================
Project : closure_19	start : 19/09/02 16:00
Current failed test : com.google.javascript.jscomp.TypeInferenceTest::testNoThisInference | 19/09/02 16:01
Mon Sep 02 16:19:17 EDT 2019 com.google.javascript.jscomp.type.ChainableReverseAbstractInterpreter,175
Mon Sep 02 16:30:39 EDT 2019 com.google.javascript.rhino.Node,1000
Mon Sep 02 16:45:38 EDT 2019 com.google.javascript.rhino.Node,1001
Mon Sep 02 16:45:45 EDT 2019 com.google.javascript.rhino.Node,1002
Mon Sep 02 16:45:51 EDT 2019 com.google.javascript.rhino.Node,1003
Mon Sep 02 16:45:58 EDT 2019 com.google.javascript.jscomp.type.ClosureReverseAbstractInterpreter,137
Mon Sep 02 16:51:00 EDT 2019 com.google.javascript.jscomp.type.ClosureReverseAbstractInterpreter,136
Mon Sep 02 16:51:05 EDT 2019 com.google.javascript.rhino.Node,1011
Mon Sep 02 16:51:19 EDT 2019 com.google.javascript.rhino.Node,1016
Mon Sep 02 16:51:35 EDT 2019 com.google.javascript.rhino.Node,1017
Mon Sep 02 16:51:40 EDT 2019 com.google.javascript.rhino.Node,1018
Mon Sep 02 16:51:45 EDT 2019 com.google.javascript.rhino.Node,1025
Mon Sep 02 16:51:58 EDT 2019 Mon Sep 02 16:51:58 EDT 2019 : com.google.javascript.rhino.Node,1026=>Find no block
Mon Sep 02 16:52:02 EDT 2019 com.google.javascript.rhino.Node,1030
Mon Sep 02 17:28:53 EDT 2019 com.google.javascript.rhino.Node,1033
Mon Sep 02 20:04:53 EDT 2019 com.google.javascript.rhino.Node,1034
Mon Sep 02 20:04:57 EDT 2019 Mon Sep 02 20:04:57 EDT 2019 : com.google.javascript.rhino.Node,1035=>Find no block
Mon Sep 02 20:05:01 EDT 2019 com.google.javascript.rhino.Node,1036
Mon Sep 02 20:05:02 EDT 2019 Mon Sep 02 20:05:02 EDT 2019 : com.google.javascript.rhino.Node,1040=>Find no block
Mon Sep 02 20:05:07 EDT 2019 Mon Sep 02 20:05:07 EDT 2019 : com.google.javascript.rhino.Node,117=>Find no block
Mon Sep 02 20:05:10 EDT 2019 com.google.javascript.rhino.Node,142
Mon Sep 02 20:05:29 EDT 2019 com.google.javascript.rhino.Node,881
Mon Sep 02 20:14:44 EDT 2019 com.google.javascript.rhino.Node,886
Mon Sep 02 20:29:38 EDT 2019 com.google.javascript.rhino.Node,887
Mon Sep 02 20:29:40 EDT 2019 com.google.javascript.rhino.Node,974
Mon Sep 02 20:54:36 EDT 2019 com.google.javascript.rhino.Node,975
Mon Sep 02 20:54:41 EDT 2019 com.google.javascript.rhino.Node,982
Timeout time : 19/09/02 21:19
