=================================================
Project : closure_20	start : 19/09/02 16:00
Current failed test : com.google.javascript.jscomp.PeepholeSubstituteAlternateSyntaxTest::testSimpleFunctionCall | 19/09/02 16:01
Mon Sep 02 16:05:39 EDT 2019 com.google.javascript.rhino.Node,129
Mon Sep 02 16:05:56 EDT 2019 com.google.javascript.rhino.Node,141
Mon Sep 02 16:06:13 EDT 2019 com.google.javascript.rhino.Node,143
Mon Sep 02 16:06:29 EDT 2019 com.google.javascript.rhino.Node,1011
Mon Sep 02 16:06:36 EDT 2019 com.google.javascript.rhino.Node,1016
Mon Sep 02 16:06:44 EDT 2019 com.google.javascript.rhino.Node,1017
Mon Sep 02 16:06:46 EDT 2019 com.google.javascript.rhino.Node,1018
Mon Sep 02 16:06:47 EDT 2019 com.google.javascript.rhino.Node,1025
Mon Sep 02 16:06:53 EDT 2019 Mon Sep 02 16:06:53 EDT 2019 : com.google.javascript.rhino.Node,1026=>Find no block
Mon Sep 02 16:06:54 EDT 2019 com.google.javascript.rhino.Node,1030
Mon Sep 02 16:42:33 EDT 2019 com.google.javascript.rhino.Node,1031
Mon Sep 02 16:42:38 EDT 2019 com.google.javascript.rhino.Node,1033
Mon Sep 02 19:18:19 EDT 2019 com.google.javascript.rhino.Node,1034
Mon Sep 02 19:18:25 EDT 2019 Mon Sep 02 19:18:25 EDT 2019 : com.google.javascript.rhino.Node,1035=>Find no block
Mon Sep 02 19:18:30 EDT 2019 com.google.javascript.rhino.Node,1036
Mon Sep 02 19:18:36 EDT 2019 com.google.javascript.rhino.Node,1038
Mon Sep 02 19:18:41 EDT 2019 Mon Sep 02 19:18:41 EDT 2019 : com.google.javascript.rhino.Node,1037=>Find no block
Mon Sep 02 19:18:46 EDT 2019 Mon Sep 02 19:18:46 EDT 2019 : com.google.javascript.rhino.Node,1040=>Find no block
Mon Sep 02 19:18:50 EDT 2019 com.google.javascript.rhino.Node,1430
Mon Sep 02 19:19:03 EDT 2019 com.google.javascript.rhino.Node,1446
Mon Sep 02 19:19:19 EDT 2019 com.google.javascript.rhino.Node,1459
Mon Sep 02 19:19:37 EDT 2019 com.google.javascript.rhino.InputId,74
Mon Sep 02 19:19:54 EDT 2019 com.google.javascript.jscomp.PeepholeSubstituteAlternateSyntax,219
Timeout time : 19/09/02 21:05
