=================================================
Project : closure_21	start : 19/09/02 16:00
Current failed test : com.google.javascript.jscomp.CheckSideEffectsTest::testUselessCode | 19/09/02 16:01
Mon Sep 02 16:18:45 EDT 2019 com.google.javascript.rhino.Token,187
Mon Sep 02 16:19:35 EDT 2019 com.google.javascript.jscomp.CheckSideEffects,115
Mon Sep 02 16:19:58 EDT 2019 com.google.javascript.jscomp.CheckSideEffects,118

----------------------------------------
----------------------------------------
Pass Single Test : [=>0,0]
for(Node an : parent.getAncestors()){
int ancestorType=parent.getParent().getType();
if(ancestorType==Token.COMMA)continue;
if(ancestorType!=Token.EXPR_RESULT&&ancestorType!=Token.BLOCK)return ;else break;
}

Time : 19/09/02 16:25
----------------------------------------

----------------------------------------
----------------------------------------
Similar code block : 1.3042346961415396 : [/home/mmotwani/mywork1dir/Defects4Java7/defects4j/SIMFIX_RQ1/closure/closure_21_buggy/src/com/google/javascript/jscomp/CheckSideEffects.java=>0,0]
if(root.getParent()!=null){
int pType=parent.getParent().getType();
this.isLoop=pType==Token.DO||pType==Token.WHILE||pType==Token.FOR;
}else {
this.isLoop=false;
}

Time : 19/09/02 16:31
----------------------------------------

----------------------------------------
----------------------------------------
Original source code : [/home/mmotwani/mywork1dir/Defects4Java7/defects4j/SIMFIX_RQ1/closure/closure_21_buggy/src/com/google/javascript/jscomp/CheckSideEffects.java=>118,123]
for(Node an : parent.getAncestors()){
int ancestorType=an.getType();
if(ancestorType==Token.COMMA)continue;
if(ancestorType!=Token.EXPR_RESULT&&ancestorType!=Token.BLOCK)return ;else break;
}

Time : 19/09/02 16:31
----------------------------------------

----------------------------------------
----------------------------------------
Find a patch : [/home/mmotwani/mywork1dir/Defects4Java7/defects4j/SIMFIX_RQ1/closure/closure_21_buggy/src/com/google/javascript/jscomp/CheckSideEffects.java=>118,123]
for(Node an : parent.getAncestors()){
int ancestorType=parent.getParent().getType();
if(ancestorType==Token.COMMA)continue;
if(ancestorType!=Token.EXPR_RESULT&&ancestorType!=Token.BLOCK)return ;else break;
}

Time : 19/09/02 16:31
----------------------------------------
Success time : 19/09/02 16:31
