=================================================
Project : closure_24	start : 19/09/02 16:00
Current failed test : com.google.javascript.jscomp.ScopedAliasesTest::testNonAliasLocal | 19/09/02 16:01
Mon Sep 02 16:05:43 EDT 2019 com.google.javascript.jscomp.ScopedAliases,293
Mon Sep 02 17:41:47 EDT 2019 com.google.javascript.jscomp.ScopedAliases,268
Mon Sep 02 18:22:10 EDT 2019 com.google.javascript.jscomp.ScopedAliases,269
Mon Sep 02 18:22:15 EDT 2019 Mon Sep 02 18:22:15 EDT 2019 : com.google.javascript.jscomp.ScopedAliases,270=>Find no block
Mon Sep 02 18:22:19 EDT 2019 com.google.javascript.jscomp.AstValidator,240
Mon Sep 02 18:46:23 EDT 2019 com.google.javascript.jscomp.AstValidator,241
Mon Sep 02 18:56:05 EDT 2019 com.google.javascript.jscomp.parsing.IRFactory,1177
Mon Sep 02 18:56:34 EDT 2019 com.google.javascript.jscomp.parsing.TypeSafeDispatcher,234
Mon Sep 02 19:19:28 EDT 2019 com.google.javascript.jscomp.parsing.IRFactory,558
Mon Sep 02 19:24:30 EDT 2019 com.google.javascript.jscomp.NodeTraversal,682
Mon Sep 02 19:33:49 EDT 2019 com.google.javascript.jscomp.AstValidator,203
Mon Sep 02 20:14:25 EDT 2019 com.google.javascript.jscomp.AstValidator,204
Mon Sep 02 20:30:14 EDT 2019 com.google.javascript.jscomp.AstValidator,749
Mon Sep 02 20:55:17 EDT 2019 com.google.javascript.jscomp.AstValidator,750
Mon Sep 02 20:55:22 EDT 2019 com.google.javascript.jscomp.AstValidator,751
Mon Sep 02 20:55:26 EDT 2019 Mon Sep 02 20:55:26 EDT 2019 : com.google.javascript.jscomp.AstValidator,752=>Find no block
Mon Sep 02 20:55:33 EDT 2019 com.google.javascript.jscomp.parsing.TypeSafeDispatcher,146
Timeout time : 19/09/02 21:06
