=================================================
Project : closure_25	start : 19/09/02 15:59
Current failed test : com.google.javascript.jscomp.TypeInferenceTest::testBackwardsInferenceNew | 19/09/02 16:01
Mon Sep 02 16:08:53 EDT 2019 com.google.javascript.rhino.jstype.JSTypeRegistry,1629
Mon Sep 02 16:38:10 EDT 2019 com.google.javascript.rhino.jstype.JSTypeRegistry,1630
Mon Sep 02 16:38:16 EDT 2019 com.google.javascript.rhino.jstype.JSTypeRegistry,1647
Mon Sep 02 16:45:02 EDT 2019 com.google.javascript.jscomp.parsing.JsDocInfoParser,2149
Mon Sep 02 17:00:13 EDT 2019 com.google.javascript.jscomp.parsing.JsDocInfoParser,2153
Mon Sep 02 17:12:43 EDT 2019 com.google.javascript.jscomp.parsing.JsDocInfoParser,2154
Mon Sep 02 17:37:08 EDT 2019 com.google.javascript.jscomp.parsing.JsDocInfoParser,2156
Mon Sep 02 17:37:21 EDT 2019 com.google.javascript.jscomp.parsing.JsDocInfoParser,2160
Mon Sep 02 18:11:40 EDT 2019 com.google.javascript.jscomp.parsing.JsDocInfoParser,2161
Mon Sep 02 19:13:36 EDT 2019 com.google.javascript.jscomp.parsing.JsDocInfoParser,2162
Mon Sep 02 19:58:54 EDT 2019 com.google.javascript.jscomp.parsing.JsDocInfoParser,2163
Mon Sep 02 19:58:56 EDT 2019 com.google.javascript.rhino.jstype.JSTypeRegistry,1314
Mon Sep 02 19:59:09 EDT 2019 com.google.javascript.rhino.jstype.JSTypeRegistry,1456
Mon Sep 02 20:15:24 EDT 2019 com.google.javascript.rhino.jstype.JSTypeRegistry,1617
Mon Sep 02 20:41:22 EDT 2019 Mon Sep 02 20:41:22 EDT 2019 : com.google.javascript.rhino.jstype.JSTypeRegistry,1620=>Find no block
Mon Sep 02 20:41:26 EDT 2019 com.google.javascript.rhino.jstype.JSTypeRegistry,1621
Timeout time : 19/09/02 21:09
