=================================================
Project : closure_26	start : 19/09/02 16:00
Current failed test : com.google.javascript.jscomp.ProcessCommonJSModulesTest::testDash | 19/09/02 16:05
Mon Sep 02 16:24:43 EDT 2019 com.google.javascript.rhino.Node,131
Mon Sep 02 16:25:39 EDT 2019 com.google.javascript.jscomp.ProcessCommonJSModules,65
Mon Sep 02 16:48:37 EDT 2019 Mon Sep 02 16:48:37 EDT 2019 : com.google.javascript.jscomp.ProcessCommonJSModules,67=>Find no block
Mon Sep 02 16:48:44 EDT 2019 Mon Sep 02 16:48:44 EDT 2019 : com.google.javascript.jscomp.ProcessCommonJSModules,39=>Find no block
Mon Sep 02 16:48:49 EDT 2019 Mon Sep 02 16:48:49 EDT 2019 : com.google.javascript.jscomp.ProcessCommonJSModules,124=>Find no block
Mon Sep 02 16:48:56 EDT 2019 Mon Sep 02 16:48:56 EDT 2019 : com.google.javascript.jscomp.ProcessCommonJSModules,127=>Find no block
Mon Sep 02 16:49:04 EDT 2019 com.google.javascript.jscomp.ProcessCommonJSModules,131
Timeout time : 19/09/02 16:51
Current failed test : com.google.javascript.jscomp.ProcessCommonJSModulesTest::testModuleName_purify_1 | 19/09/02 16:51
Mon Sep 02 17:11:30 EDT 2019 com.google.javascript.rhino.Node,131
Mon Sep 02 17:12:00 EDT 2019 com.google.javascript.jscomp.ProcessCommonJSModules,65

----------------------------------------
----------------------------------------
Pass Single Test : [=>0,0]
NodeTraversal.traverse(compiler,externs,new ProcessCommonJsModulesCallback());

Time : 19/09/02 17:14
----------------------------------------

----------------------------------------
----------------------------------------
Pass Single Test : [=>0,0]
Preconditions.checkNotNull(root);
NodeTraversal.traverse(compiler,root,new ProcessCommonJsModulesCallback());

Time : 19/09/02 17:20
----------------------------------------

----------------------------------------
----------------------------------------
Similar code block : 2.049948671651127 : [/home/mmotwani/mywork1dir/Defects4Java7/defects4j/SIMFIX_RQ1/closure/closure_26_buggy/src/com/google/javascript/jscomp/ProcessCommonJSModules.java=>0,0]
Preconditions.checkNotNull(externs);
Preconditions.checkNotNull(root);
NodeTraversal.traverse(compiler,root,this);

Time : 19/09/02 17:24
----------------------------------------

----------------------------------------
----------------------------------------
Original source code : [/home/mmotwani/mywork1dir/Defects4Java7/defects4j/SIMFIX_RQ1/closure/closure_26_buggy/src/com/google/javascript/jscomp/ProcessCommonJSModules.java=>65,66]
NodeTraversal.traverse(compiler,root,new ProcessCommonJsModulesCallback());

Time : 19/09/02 17:24
----------------------------------------

----------------------------------------
----------------------------------------
Find a patch : [/home/mmotwani/mywork1dir/Defects4Java7/defects4j/SIMFIX_RQ1/closure/closure_26_buggy/src/com/google/javascript/jscomp/ProcessCommonJSModules.java=>65,66]
Preconditions.checkNotNull(root);
NodeTraversal.traverse(compiler,root,new ProcessCommonJsModulesCallback());

Time : 19/09/02 17:24
----------------------------------------
Success time : 19/09/02 17:24
Current failed test : com.google.javascript.jscomp.ProcessCommonJSModulesTest::testModuleName_purify_2 | 19/09/02 17:24
Mon Sep 02 17:48:37 EDT 2019 com.google.javascript.rhino.Node,131
Mon Sep 02 17:49:08 EDT 2019 com.google.javascript.jscomp.ProcessCommonJSModules,65

----------------------------------------
----------------------------------------
Pass Single Test : [=>0,0]
NodeTraversal.traverse(compiler,externs,new ProcessCommonJsModulesCallback());

Time : 19/09/02 17:51
----------------------------------------

----------------------------------------
----------------------------------------
Pass Single Test : [=>0,0]
Preconditions.checkNotNull(root);
NodeTraversal.traverse(compiler,root,new ProcessCommonJsModulesCallback());

Time : 19/09/02 17:56
----------------------------------------

----------------------------------------
----------------------------------------
Similar code block : 2.049948671651127 : [/home/mmotwani/mywork1dir/Defects4Java7/defects4j/SIMFIX_RQ1/closure/closure_26_buggy/src/com/google/javascript/jscomp/ProcessCommonJSModules.java=>0,0]
Preconditions.checkNotNull(externs);
Preconditions.checkNotNull(root);
NodeTraversal.traverse(compiler,root,this);

Time : 19/09/02 18:00
----------------------------------------

----------------------------------------
----------------------------------------
Original source code : [/home/mmotwani/mywork1dir/Defects4Java7/defects4j/SIMFIX_RQ1/closure/closure_26_buggy/src/com/google/javascript/jscomp/ProcessCommonJSModules.java=>65,66]
NodeTraversal.traverse(compiler,root,new ProcessCommonJsModulesCallback());

Time : 19/09/02 18:00
----------------------------------------

----------------------------------------
----------------------------------------
Find a patch : [/home/mmotwani/mywork1dir/Defects4Java7/defects4j/SIMFIX_RQ1/closure/closure_26_buggy/src/com/google/javascript/jscomp/ProcessCommonJSModules.java=>65,66]
Preconditions.checkNotNull(root);
NodeTraversal.traverse(compiler,root,new ProcessCommonJsModulesCallback());

Time : 19/09/02 18:00
----------------------------------------
Success time : 19/09/02 18:00
Current failed test : com.google.javascript.jscomp.ProcessCommonJSModulesTest::testModuleName_purify_3 | 19/09/02 18:00
Mon Sep 02 18:24:23 EDT 2019 com.google.javascript.rhino.Node,131
Mon Sep 02 18:24:50 EDT 2019 com.google.javascript.jscomp.ProcessCommonJSModules,65

----------------------------------------
----------------------------------------
Pass Single Test : [=>0,0]
NodeTraversal.traverse(compiler,externs,new ProcessCommonJsModulesCallback());

Time : 19/09/02 18:26
----------------------------------------

----------------------------------------
----------------------------------------
Pass Single Test : [=>0,0]
Preconditions.checkNotNull(root);
NodeTraversal.traverse(compiler,root,new ProcessCommonJsModulesCallback());

Time : 19/09/02 18:32
----------------------------------------

----------------------------------------
----------------------------------------
Similar code block : 2.049948671651127 : [/home/mmotwani/mywork1dir/Defects4Java7/defects4j/SIMFIX_RQ1/closure/closure_26_buggy/src/com/google/javascript/jscomp/ProcessCommonJSModules.java=>0,0]
Preconditions.checkNotNull(externs);
Preconditions.checkNotNull(root);
NodeTraversal.traverse(compiler,root,this);

Time : 19/09/02 18:36
----------------------------------------

----------------------------------------
----------------------------------------
Original source code : [/home/mmotwani/mywork1dir/Defects4Java7/defects4j/SIMFIX_RQ1/closure/closure_26_buggy/src/com/google/javascript/jscomp/ProcessCommonJSModules.java=>65,66]
NodeTraversal.traverse(compiler,root,new ProcessCommonJsModulesCallback());

Time : 19/09/02 18:36
----------------------------------------

----------------------------------------
----------------------------------------
Find a patch : [/home/mmotwani/mywork1dir/Defects4Java7/defects4j/SIMFIX_RQ1/closure/closure_26_buggy/src/com/google/javascript/jscomp/ProcessCommonJSModules.java=>65,66]
Preconditions.checkNotNull(root);
NodeTraversal.traverse(compiler,root,new ProcessCommonJsModulesCallback());

Time : 19/09/02 18:36
----------------------------------------
Success time : 19/09/02 18:36
Current failed test : com.google.javascript.jscomp.ProcessCommonJSModulesTest::testModuleName_purify_4 | 19/09/02 18:36
Already fixed : com.google.javascript.jscomp.ProcessCommonJSModulesTest::testModuleName_purify_4
Current failed test : com.google.javascript.jscomp.ProcessCommonJSModulesTest::testModuleName_purify_5 | 19/09/02 18:39
Already fixed : com.google.javascript.jscomp.ProcessCommonJSModulesTest::testModuleName_purify_5
Current failed test : com.google.javascript.jscomp.CommandLineRunnerTest::testTransformAMDAndProcessCJS | 19/09/02 18:40
Mon Sep 02 19:00:46 EDT 2019 com.google.javascript.rhino.Node,131
Mon Sep 02 19:01:06 EDT 2019 com.google.javascript.jscomp.ProcessCommonJSModules,65
Mon Sep 02 19:22:31 EDT 2019 Mon Sep 02 19:22:31 EDT 2019 : com.google.javascript.jscomp.ProcessCommonJSModules,67=>Find no block
Mon Sep 02 19:22:35 EDT 2019 Mon Sep 02 19:22:35 EDT 2019 : com.google.javascript.jscomp.ProcessCommonJSModules,39=>Find no block
Mon Sep 02 19:22:40 EDT 2019 Mon Sep 02 19:22:40 EDT 2019 : com.google.javascript.jscomp.ProcessCommonJSModules,124=>Find no block
Mon Sep 02 19:22:49 EDT 2019 Mon Sep 02 19:22:49 EDT 2019 : com.google.javascript.jscomp.ProcessCommonJSModules,127=>Find no block
Mon Sep 02 19:22:55 EDT 2019 com.google.javascript.jscomp.ProcessCommonJSModules,131
Timeout time : 19/09/02 19:27
Current failed test : com.google.javascript.jscomp.ProcessCommonJSModulesTest::testVarRenaming | 19/09/02 19:27
Mon Sep 02 19:49:18 EDT 2019 com.google.javascript.rhino.Node,131
Mon Sep 02 19:49:52 EDT 2019 com.google.javascript.jscomp.ProcessCommonJSModules,65
Mon Sep 02 20:10:03 EDT 2019 Mon Sep 02 20:10:03 EDT 2019 : com.google.javascript.jscomp.ProcessCommonJSModules,67=>Find no block
Mon Sep 02 20:10:07 EDT 2019 Mon Sep 02 20:10:07 EDT 2019 : com.google.javascript.jscomp.ProcessCommonJSModules,39=>Find no block
Mon Sep 02 20:10:10 EDT 2019 Mon Sep 02 20:10:10 EDT 2019 : com.google.javascript.jscomp.ProcessCommonJSModules,124=>Find no block
Mon Sep 02 20:10:13 EDT 2019 Mon Sep 02 20:10:13 EDT 2019 : com.google.javascript.jscomp.ProcessCommonJSModules,127=>Find no block
Mon Sep 02 20:10:17 EDT 2019 com.google.javascript.jscomp.ProcessCommonJSModules,131
Timeout time : 19/09/02 20:16
Current failed test : com.google.javascript.jscomp.ProcessCommonJSModulesTest::testWithoutExports | 19/09/02 20:16
Mon Sep 02 20:38:11 EDT 2019 com.google.javascript.rhino.Node,131
Mon Sep 02 20:38:53 EDT 2019 com.google.javascript.jscomp.ProcessCommonJSModules,65
Mon Sep 02 20:59:40 EDT 2019 Mon Sep 02 20:59:40 EDT 2019 : com.google.javascript.jscomp.ProcessCommonJSModules,67=>Find no block
Mon Sep 02 20:59:46 EDT 2019 Mon Sep 02 20:59:46 EDT 2019 : com.google.javascript.jscomp.ProcessCommonJSModules,39=>Find no block
Mon Sep 02 20:59:50 EDT 2019 Mon Sep 02 20:59:50 EDT 2019 : com.google.javascript.jscomp.ProcessCommonJSModules,124=>Find no block
Mon Sep 02 20:59:54 EDT 2019 Mon Sep 02 20:59:54 EDT 2019 : com.google.javascript.jscomp.ProcessCommonJSModules,127=>Find no block
Mon Sep 02 20:59:59 EDT 2019 com.google.javascript.jscomp.ProcessCommonJSModules,131
Timeout time : 19/09/02 21:05
Current failed test : com.google.javascript.jscomp.CommandLineRunnerTest::testProcessCJS | 19/09/02 21:05
Mon Sep 02 21:20:49 EDT 2019 com.google.javascript.rhino.Node,131
Mon Sep 02 21:20:57 EDT 2019 com.google.javascript.jscomp.ProcessCommonJSModules,65
Mon Sep 02 21:30:54 EDT 2019 Mon Sep 02 21:30:54 EDT 2019 : com.google.javascript.jscomp.ProcessCommonJSModules,67=>Find no block
Mon Sep 02 21:30:55 EDT 2019 Mon Sep 02 21:30:55 EDT 2019 : com.google.javascript.jscomp.ProcessCommonJSModules,39=>Find no block
Mon Sep 02 21:30:56 EDT 2019 Mon Sep 02 21:30:56 EDT 2019 : com.google.javascript.jscomp.ProcessCommonJSModules,124=>Find no block
Mon Sep 02 21:30:56 EDT 2019 Mon Sep 02 21:30:56 EDT 2019 : com.google.javascript.jscomp.ProcessCommonJSModules,127=>Find no block
Mon Sep 02 21:30:57 EDT 2019 com.google.javascript.jscomp.ProcessCommonJSModules,131
Timeout time : 19/09/02 21:47
Current failed test : com.google.javascript.jscomp.ProcessCommonJSModulesTest::testExports | 19/09/02 21:47
Mon Sep 02 22:00:05 EDT 2019 com.google.javascript.rhino.Node,131
Mon Sep 02 22:00:12 EDT 2019 com.google.javascript.jscomp.ProcessCommonJSModules,65
Mon Sep 02 22:09:51 EDT 2019 Mon Sep 02 22:09:51 EDT 2019 : com.google.javascript.jscomp.ProcessCommonJSModules,67=>Find no block
Mon Sep 02 22:09:51 EDT 2019 Mon Sep 02 22:09:51 EDT 2019 : com.google.javascript.jscomp.ProcessCommonJSModules,39=>Find no block
Mon Sep 02 22:09:52 EDT 2019 Mon Sep 02 22:09:52 EDT 2019 : com.google.javascript.jscomp.ProcessCommonJSModules,124=>Find no block
Mon Sep 02 22:09:53 EDT 2019 Mon Sep 02 22:09:53 EDT 2019 : com.google.javascript.jscomp.ProcessCommonJSModules,127=>Find no block
Mon Sep 02 22:09:53 EDT 2019 com.google.javascript.jscomp.ProcessCommonJSModules,131
Timeout time : 19/09/02 22:27
