=================================================
Project : closure_27	start : 19/09/02 16:00
Current failed test : com.google.javascript.rhino.IRTest::testIssue727_2 | 19/09/02 16:03
Mon Sep 02 16:11:55 EDT 2019 com.google.javascript.rhino.IR,231
Mon Sep 02 16:34:46 EDT 2019 com.google.javascript.rhino.IR,232
Mon Sep 02 16:34:50 EDT 2019 com.google.javascript.rhino.IR,233
Mon Sep 02 16:34:53 EDT 2019 com.google.javascript.rhino.IR,246
Mon Sep 02 16:53:52 EDT 2019 com.google.javascript.rhino.IR,247
Mon Sep 02 16:53:57 EDT 2019 com.google.javascript.rhino.IR,248
Mon Sep 02 16:54:07 EDT 2019 com.google.javascript.rhino.IR,501
Mon Sep 02 16:54:18 EDT 2019 com.google.javascript.rhino.IR,224
Mon Sep 02 17:15:33 EDT 2019 com.google.javascript.rhino.IR,239
Timeout time : 19/09/02 17:51
Current failed test : com.google.javascript.rhino.IRTest::testIssue727_3 | 19/09/02 17:51
Mon Sep 02 18:02:14 EDT 2019 com.google.javascript.rhino.IR,231
Mon Sep 02 18:24:20 EDT 2019 com.google.javascript.rhino.IR,232
Mon Sep 02 18:24:26 EDT 2019 com.google.javascript.rhino.IR,233
Mon Sep 02 18:24:29 EDT 2019 com.google.javascript.rhino.IR,246
Mon Sep 02 18:43:49 EDT 2019 com.google.javascript.rhino.IR,247
Mon Sep 02 18:43:54 EDT 2019 com.google.javascript.rhino.IR,248
Mon Sep 02 18:43:59 EDT 2019 com.google.javascript.rhino.IR,501
Mon Sep 02 18:44:11 EDT 2019 com.google.javascript.rhino.IR,224
Mon Sep 02 19:02:50 EDT 2019 com.google.javascript.rhino.IR,239
Timeout time : 19/09/02 19:42
Current failed test : com.google.javascript.rhino.IRTest::testIssue727_1 | 19/09/02 19:42
Mon Sep 02 19:52:23 EDT 2019 com.google.javascript.rhino.IR,231
Mon Sep 02 20:13:22 EDT 2019 com.google.javascript.rhino.IR,232
Mon Sep 02 20:13:27 EDT 2019 com.google.javascript.rhino.IR,233
Mon Sep 02 20:13:33 EDT 2019 com.google.javascript.rhino.IR,246
Mon Sep 02 20:32:49 EDT 2019 com.google.javascript.rhino.IR,247
Mon Sep 02 20:32:52 EDT 2019 com.google.javascript.rhino.IR,248
Mon Sep 02 20:32:56 EDT 2019 com.google.javascript.rhino.IR,501
Mon Sep 02 20:33:05 EDT 2019 com.google.javascript.rhino.IR,224
Mon Sep 02 20:54:00 EDT 2019 com.google.javascript.rhino.IR,239
Mon Sep 02 21:27:42 EDT 2019 com.google.javascript.rhino.IR,240
Mon Sep 02 21:27:43 EDT 2019 com.google.javascript.rhino.IR,97
Timeout time : 19/09/02 21:32
