=================================================
Project : closure_28	start : 19/09/02 16:00
Current failed test : com.google.javascript.jscomp.InlineCostEstimatorTest::testCost | 19/09/02 16:01
Mon Sep 02 16:06:09 EDT 2019 Mon Sep 02 16:06:09 EDT 2019 : com.google.javascript.rhino.Node,117=>Find no block
Mon Sep 02 16:06:11 EDT 2019 com.google.javascript.rhino.Node,129
Mon Sep 02 16:06:28 EDT 2019 com.google.javascript.rhino.Node,141
Mon Sep 02 16:06:46 EDT 2019 com.google.javascript.rhino.Node,142
Mon Sep 02 16:07:01 EDT 2019 com.google.javascript.rhino.Node,143
Mon Sep 02 16:07:17 EDT 2019 com.google.javascript.rhino.Node,879
Mon Sep 02 16:45:44 EDT 2019 com.google.javascript.rhino.Node,880
Mon Sep 02 16:45:50 EDT 2019 com.google.javascript.rhino.Node,881
Mon Sep 02 16:45:57 EDT 2019 com.google.javascript.rhino.Node,884
Mon Sep 02 16:46:05 EDT 2019 com.google.javascript.rhino.Node,885
Mon Sep 02 16:46:12 EDT 2019 com.google.javascript.rhino.Node,886
Mon Sep 02 16:46:18 EDT 2019 com.google.javascript.rhino.Node,887
Mon Sep 02 16:46:24 EDT 2019 com.google.javascript.rhino.Node,890
Mon Sep 02 16:46:32 EDT 2019 com.google.javascript.rhino.Node,891
Mon Sep 02 16:46:39 EDT 2019 com.google.javascript.rhino.Node,936
Mon Sep 02 16:46:57 EDT 2019 com.google.javascript.rhino.Node,958
Mon Sep 02 19:19:08 EDT 2019 com.google.javascript.rhino.Node,962
Mon Sep 02 19:19:13 EDT 2019 com.google.javascript.rhino.Node,965
Mon Sep 02 19:19:18 EDT 2019 com.google.javascript.rhino.Node,972
Mon Sep 02 19:58:34 EDT 2019 com.google.javascript.rhino.Node,973
Mon Sep 02 19:58:37 EDT 2019 com.google.javascript.rhino.Node,974
Mon Sep 02 19:58:41 EDT 2019 com.google.javascript.rhino.Node,975
Mon Sep 02 19:58:43 EDT 2019 com.google.javascript.rhino.Node,980
Mon Sep 02 20:01:40 EDT 2019 com.google.javascript.rhino.Node,981
Mon Sep 02 20:50:57 EDT 2019 com.google.javascript.rhino.Node,982
Timeout time : 19/09/02 21:06
