=================================================
Project : closure_3	start : 19/09/02 16:00
Current failed test : com.google.javascript.jscomp.FlowSensitiveInlineVariablesTest::testDoNotInlineCatchExpression1 | 19/09/02 16:02
Mon Sep 02 16:05:29 EDT 2019 Mon Sep 02 16:05:29 EDT 2019 : com.google.javascript.rhino.Node,112=>Find no block
Mon Sep 02 16:05:33 EDT 2019 com.google.javascript.rhino.Node,121
Mon Sep 02 16:06:12 EDT 2019 com.google.javascript.rhino.Node,131
Mon Sep 02 16:06:39 EDT 2019 com.google.javascript.rhino.Node,132
Mon Sep 02 16:07:11 EDT 2019 com.google.javascript.rhino.Node,133
Mon Sep 02 16:07:38 EDT 2019 com.google.javascript.rhino.Node,860
Mon Sep 02 16:42:52 EDT 2019 com.google.javascript.rhino.Node,861
Mon Sep 02 16:42:56 EDT 2019 com.google.javascript.rhino.Node,862
Mon Sep 02 16:43:00 EDT 2019 com.google.javascript.rhino.Node,865
Mon Sep 02 16:43:03 EDT 2019 com.google.javascript.rhino.Node,866
Mon Sep 02 16:43:06 EDT 2019 com.google.javascript.rhino.Node,867
Mon Sep 02 16:43:10 EDT 2019 com.google.javascript.rhino.Node,868
Mon Sep 02 16:43:13 EDT 2019 com.google.javascript.rhino.Node,871
Mon Sep 02 16:43:17 EDT 2019 com.google.javascript.rhino.Node,872
Mon Sep 02 16:43:20 EDT 2019 com.google.javascript.rhino.Node,917
Mon Sep 02 16:43:32 EDT 2019 com.google.javascript.rhino.Node,939
Timeout time : 19/09/02 17:45
Current failed test : com.google.javascript.jscomp.FlowSensitiveInlineVariablesTest::testDoNotInlineCatchExpression3 | 19/09/02 17:45
Mon Sep 02 17:48:32 EDT 2019 Mon Sep 02 17:48:32 EDT 2019 : com.google.javascript.rhino.Node,112=>Find no block
Mon Sep 02 17:48:34 EDT 2019 com.google.javascript.rhino.Node,121
Mon Sep 02 17:49:02 EDT 2019 com.google.javascript.rhino.Node,131
Mon Sep 02 17:49:31 EDT 2019 com.google.javascript.rhino.Node,132
Mon Sep 02 17:50:00 EDT 2019 com.google.javascript.rhino.Node,133
Mon Sep 02 17:50:32 EDT 2019 com.google.javascript.rhino.Node,860
Mon Sep 02 18:24:07 EDT 2019 com.google.javascript.rhino.Node,861
Mon Sep 02 18:24:11 EDT 2019 com.google.javascript.rhino.Node,862
Mon Sep 02 18:24:13 EDT 2019 com.google.javascript.rhino.Node,865
Mon Sep 02 18:24:16 EDT 2019 com.google.javascript.rhino.Node,866
Mon Sep 02 18:24:20 EDT 2019 com.google.javascript.rhino.Node,867
Mon Sep 02 18:24:23 EDT 2019 com.google.javascript.rhino.Node,868
Mon Sep 02 18:24:26 EDT 2019 com.google.javascript.rhino.Node,871
Mon Sep 02 18:24:30 EDT 2019 com.google.javascript.rhino.Node,872
Mon Sep 02 18:24:34 EDT 2019 com.google.javascript.rhino.Node,917
Mon Sep 02 18:24:45 EDT 2019 com.google.javascript.rhino.Node,939
Timeout time : 19/09/02 19:28
Current failed test : com.google.javascript.jscomp.FlowSensitiveInlineVariablesTest::testDoNotInlineCatchExpression1a | 19/09/02 19:28
Mon Sep 02 19:30:42 EDT 2019 Mon Sep 02 19:30:42 EDT 2019 : com.google.javascript.rhino.Node,112=>Find no block
Mon Sep 02 19:30:45 EDT 2019 com.google.javascript.rhino.Node,121
Mon Sep 02 19:31:03 EDT 2019 com.google.javascript.rhino.Node,131
Mon Sep 02 19:31:23 EDT 2019 com.google.javascript.rhino.Node,132
Mon Sep 02 19:31:39 EDT 2019 com.google.javascript.rhino.Node,133
Mon Sep 02 19:31:58 EDT 2019 com.google.javascript.rhino.Node,860
Mon Sep 02 20:01:02 EDT 2019 com.google.javascript.rhino.Node,861
Mon Sep 02 20:01:04 EDT 2019 com.google.javascript.rhino.Node,862
Mon Sep 02 20:01:06 EDT 2019 com.google.javascript.rhino.Node,865
Mon Sep 02 20:01:07 EDT 2019 com.google.javascript.rhino.Node,866
Mon Sep 02 20:01:09 EDT 2019 com.google.javascript.rhino.Node,867
Mon Sep 02 20:01:11 EDT 2019 com.google.javascript.rhino.Node,868
Mon Sep 02 20:01:12 EDT 2019 com.google.javascript.rhino.Node,871
Mon Sep 02 20:01:14 EDT 2019 com.google.javascript.rhino.Node,872
Mon Sep 02 20:01:16 EDT 2019 com.google.javascript.rhino.Node,917
Mon Sep 02 20:01:22 EDT 2019 com.google.javascript.rhino.Node,939
Timeout time : 19/09/02 21:10
