=================================================
Project : closure_30	start : 19/09/02 16:00
Current failed test : com.google.javascript.jscomp.FlowSensitiveInlineVariablesTest::testIssue698 | 19/09/02 16:02
Mon Sep 02 16:06:05 EDT 2019 Mon Sep 02 16:06:05 EDT 2019 : com.google.javascript.rhino.Node,117=>Find no block
Mon Sep 02 16:06:07 EDT 2019 com.google.javascript.rhino.Node,129
Mon Sep 02 16:06:25 EDT 2019 com.google.javascript.rhino.Node,142
Mon Sep 02 16:06:43 EDT 2019 com.google.javascript.rhino.Node,143
Mon Sep 02 16:06:57 EDT 2019 com.google.javascript.rhino.Node,879
Mon Sep 02 16:44:36 EDT 2019 com.google.javascript.rhino.Node,880
Mon Sep 02 16:44:40 EDT 2019 com.google.javascript.rhino.Node,881
Mon Sep 02 16:44:44 EDT 2019 com.google.javascript.rhino.Node,884
Mon Sep 02 16:44:49 EDT 2019 com.google.javascript.rhino.Node,885
Mon Sep 02 16:44:52 EDT 2019 com.google.javascript.rhino.Node,886
Mon Sep 02 16:44:56 EDT 2019 com.google.javascript.rhino.Node,887
Mon Sep 02 16:44:59 EDT 2019 com.google.javascript.rhino.Node,890
Mon Sep 02 16:45:02 EDT 2019 com.google.javascript.rhino.Node,891
Mon Sep 02 16:45:05 EDT 2019 com.google.javascript.rhino.Node,936
Mon Sep 02 16:45:17 EDT 2019 com.google.javascript.rhino.Node,958
Timeout time : 19/09/02 17:46
Current failed test : com.google.javascript.jscomp.FlowSensitiveInlineVariablesTest::testCanInlineAcrossNoSideEffect | 19/09/02 17:46
Mon Sep 02 17:49:32 EDT 2019 Mon Sep 02 17:49:32 EDT 2019 : com.google.javascript.rhino.Node,117=>Find no block
Mon Sep 02 17:49:39 EDT 2019 com.google.javascript.rhino.Node,129
Mon Sep 02 17:50:11 EDT 2019 com.google.javascript.rhino.Node,142
Mon Sep 02 17:50:42 EDT 2019 com.google.javascript.rhino.Node,143
Mon Sep 02 17:51:13 EDT 2019 com.google.javascript.rhino.Node,879
Mon Sep 02 18:28:33 EDT 2019 com.google.javascript.rhino.Node,880
Mon Sep 02 18:28:36 EDT 2019 com.google.javascript.rhino.Node,881
Mon Sep 02 18:28:41 EDT 2019 com.google.javascript.rhino.Node,884
Mon Sep 02 18:28:47 EDT 2019 com.google.javascript.rhino.Node,885
Mon Sep 02 18:28:51 EDT 2019 com.google.javascript.rhino.Node,886
Mon Sep 02 18:28:56 EDT 2019 com.google.javascript.rhino.Node,887
Mon Sep 02 18:29:00 EDT 2019 com.google.javascript.rhino.Node,890
Mon Sep 02 18:29:04 EDT 2019 com.google.javascript.rhino.Node,891
Mon Sep 02 18:29:09 EDT 2019 com.google.javascript.rhino.Node,936
Mon Sep 02 18:29:22 EDT 2019 com.google.javascript.rhino.Node,958
Timeout time : 19/09/02 19:29
Current failed test : com.google.javascript.jscomp.FlowSensitiveInlineVariablesTest::testInlineAcrossSideEffect1 | 19/09/02 19:29
Mon Sep 02 19:33:07 EDT 2019 Mon Sep 02 19:33:07 EDT 2019 : com.google.javascript.rhino.Node,117=>Find no block
Mon Sep 02 19:33:10 EDT 2019 com.google.javascript.rhino.Node,129
Mon Sep 02 19:33:37 EDT 2019 com.google.javascript.rhino.Node,142
Mon Sep 02 19:34:01 EDT 2019 com.google.javascript.rhino.Node,143
Mon Sep 02 19:34:29 EDT 2019 com.google.javascript.rhino.Node,879
Mon Sep 02 20:10:52 EDT 2019 com.google.javascript.rhino.Node,880
Mon Sep 02 20:10:56 EDT 2019 com.google.javascript.rhino.Node,881
Mon Sep 02 20:11:01 EDT 2019 com.google.javascript.rhino.Node,884
Mon Sep 02 20:11:08 EDT 2019 com.google.javascript.rhino.Node,885
Mon Sep 02 20:11:10 EDT 2019 com.google.javascript.rhino.Node,886
Mon Sep 02 20:11:17 EDT 2019 com.google.javascript.rhino.Node,887
Mon Sep 02 20:11:22 EDT 2019 com.google.javascript.rhino.Node,890
Mon Sep 02 20:11:28 EDT 2019 com.google.javascript.rhino.Node,891
Mon Sep 02 20:11:33 EDT 2019 com.google.javascript.rhino.Node,936
Mon Sep 02 20:11:50 EDT 2019 com.google.javascript.rhino.Node,958
Timeout time : 19/09/02 21:12
