=================================================
Project : closure_31	start : 19/09/02 16:00
Current failed test : com.google.javascript.jscomp.CommandLineRunnerTest::testDependencySortingWhitespaceMode | 19/09/02 16:01
Mon Sep 02 16:18:40 EDT 2019 com.google.javascript.rhino.Node,1430
Mon Sep 02 16:19:22 EDT 2019 com.google.javascript.rhino.Node,1446
Mon Sep 02 16:19:44 EDT 2019 com.google.javascript.rhino.Node,1459
Mon Sep 02 16:20:07 EDT 2019 Mon Sep 02 16:20:07 EDT 2019 : com.google.javascript.rhino.Node,2143=>Find no block
Mon Sep 02 16:20:15 EDT 2019 com.google.javascript.rhino.Node,2144
Mon Sep 02 16:20:39 EDT 2019 com.google.javascript.rhino.Node,2145
Mon Sep 02 16:20:48 EDT 2019 Mon Sep 02 16:20:48 EDT 2019 : com.google.javascript.rhino.Node,2146=>Find no block
Mon Sep 02 16:20:57 EDT 2019 com.google.javascript.jscomp.CompilerOptions,1019
Mon Sep 02 16:24:41 EDT 2019 Mon Sep 02 16:24:41 EDT 2019 : com.google.javascript.jscomp.CompilerOptions,1020=>Find no block
Mon Sep 02 16:24:48 EDT 2019 com.google.javascript.jscomp.CompilationLevel,56
Mon Sep 02 16:30:17 EDT 2019 com.google.javascript.jscomp.CompilationLevel,57
Mon Sep 02 16:34:09 EDT 2019 com.google.javascript.jscomp.CompilationLevel,82
Mon Sep 02 17:00:54 EDT 2019 com.google.javascript.jscomp.CompilationLevel,85
Mon Sep 02 17:01:00 EDT 2019 Mon Sep 02 17:01:00 EDT 2019 : com.google.javascript.jscomp.CompilationLevel,87=>Find no block
Mon Sep 02 17:01:06 EDT 2019 com.google.javascript.jscomp.CommandLineRunner,460
Mon Sep 02 17:17:43 EDT 2019 com.google.javascript.jscomp.CommandLineRunner,461
Mon Sep 02 17:17:50 EDT 2019 com.google.javascript.jscomp.CommandLineRunner,457
Mon Sep 02 17:17:55 EDT 2019 com.google.javascript.jscomp.AbstractCommandLineRunner,243
Mon Sep 02 17:41:07 EDT 2019 com.google.javascript.jscomp.CompilerOptions,1278
Mon Sep 02 18:02:58 EDT 2019 com.google.javascript.jscomp.CompilerOptions,1279
Mon Sep 02 18:03:02 EDT 2019 Mon Sep 02 18:03:02 EDT 2019 : com.google.javascript.jscomp.CompilerOptions,1280=>Find no block
Mon Sep 02 18:03:07 EDT 2019 com.google.javascript.jscomp.DependencyOptions,96
Mon Sep 02 18:03:22 EDT 2019 com.google.javascript.jscomp.DependencyOptions,97
Mon Sep 02 18:03:27 EDT 2019 com.google.javascript.jscomp.DependencyOptions,113
Mon Sep 02 18:08:22 EDT 2019 com.google.javascript.jscomp.DependencyOptions,114
Mon Sep 02 18:08:25 EDT 2019 com.google.javascript.jscomp.DependencyOptions,115
Mon Sep 02 18:08:27 EDT 2019 com.google.javascript.jscomp.DependencyOptions,73
Mon Sep 02 18:08:38 EDT 2019 com.google.javascript.jscomp.DependencyOptions,74
Mon Sep 02 18:08:43 EDT 2019 Mon Sep 02 18:08:43 EDT 2019 : com.google.javascript.jscomp.CommandLineRunner,448=>Find no block
Mon Sep 02 18:08:49 EDT 2019 com.google.javascript.jscomp.CommandLineRunner,454
Mon Sep 02 18:36:38 EDT 2019 com.google.javascript.jscomp.CommandLineRunner,455
Mon Sep 02 18:36:43 EDT 2019 com.google.javascript.rhino.Node,129
Mon Sep 02 18:37:20 EDT 2019 com.google.javascript.rhino.Node,143
Mon Sep 02 18:37:56 EDT 2019 com.google.javascript.rhino.InputId,74
Mon Sep 02 18:38:10 EDT 2019 com.google.javascript.jscomp.CommandLineRunner,445
Mon Sep 02 18:38:25 EDT 2019 com.google.javascript.jscomp.CommandLineRunner,447
Mon Sep 02 18:38:42 EDT 2019 com.google.javascript.jscomp.CommandLineRunner,450
Mon Sep 02 18:42:20 EDT 2019 com.google.javascript.rhino.Node,1011
Mon Sep 02 18:42:33 EDT 2019 com.google.javascript.rhino.Node,1016
Mon Sep 02 18:42:46 EDT 2019 com.google.javascript.rhino.Node,1017
Mon Sep 02 18:42:49 EDT 2019 com.google.javascript.rhino.Node,1018
Mon Sep 02 18:42:54 EDT 2019 com.google.javascript.rhino.Node,1025
Mon Sep 02 18:43:05 EDT 2019 Mon Sep 02 18:43:05 EDT 2019 : com.google.javascript.rhino.Node,1026=>Find no block
Mon Sep 02 18:43:10 EDT 2019 com.google.javascript.rhino.Node,1030
Mon Sep 02 19:17:19 EDT 2019 com.google.javascript.rhino.Node,1031
Mon Sep 02 19:17:24 EDT 2019 com.google.javascript.rhino.Node,1033
Timeout time : 19/09/02 21:18
