=================================================
Project : closure_32	start : 19/09/02 16:00
Current failed test : com.google.javascript.jscomp.parsing.JsDocInfoParserTest::testParseLicense | 19/09/02 16:03
Mon Sep 02 16:13:04 EDT 2019 com.google.javascript.rhino.JSDocInfo,1196
Mon Sep 02 16:17:09 EDT 2019 com.google.javascript.rhino.JSDocInfo,1207
Mon Sep 02 16:29:13 EDT 2019 com.google.javascript.rhino.JSDocInfo,1208
Mon Sep 02 16:29:20 EDT 2019 Mon Sep 02 16:29:20 EDT 2019 : com.google.javascript.rhino.JSDocInfo,1209=>Find no block
Mon Sep 02 16:29:25 EDT 2019 com.google.javascript.jscomp.parsing.JsDocInfoParser,348
Mon Sep 02 16:57:59 EDT 2019 com.google.javascript.jscomp.parsing.JsDocInfoParser,352
Timeout time : 19/09/02 17:27
Current failed test : com.google.javascript.jscomp.parsing.JsDocInfoParserTest::testParseLicenseAscii | 19/09/02 17:27
Mon Sep 02 17:39:23 EDT 2019 com.google.javascript.rhino.JSDocInfo,1196
Mon Sep 02 17:44:24 EDT 2019 com.google.javascript.rhino.JSDocInfo,1207
Mon Sep 02 17:53:36 EDT 2019 com.google.javascript.rhino.JSDocInfo,1208
Mon Sep 02 17:53:40 EDT 2019 Mon Sep 02 17:53:40 EDT 2019 : com.google.javascript.rhino.JSDocInfo,1209=>Find no block
Mon Sep 02 17:53:42 EDT 2019 com.google.javascript.jscomp.parsing.JsDocInfoParser,348
Mon Sep 02 18:20:50 EDT 2019 com.google.javascript.jscomp.parsing.JsDocInfoParser,352
Mon Sep 02 18:51:36 EDT 2019 com.google.javascript.jscomp.parsing.JsDocInfoParser,354
Mon Sep 02 18:51:40 EDT 2019 com.google.javascript.jscomp.parsing.JsDocInfoParser,355
Mon Sep 02 18:51:41 EDT 2019 com.google.javascript.jscomp.parsing.JsDocInfoParser,356
Mon Sep 02 18:51:44 EDT 2019 com.google.javascript.jscomp.parsing.JsDocInfoParser,360
Timeout time : 19/09/02 18:54
Current failed test : com.google.javascript.jscomp.parsing.JsDocInfoParserTest::testParsePreserve | 19/09/02 18:54
Mon Sep 02 19:04:08 EDT 2019 com.google.javascript.rhino.JSDocInfo,1196
Mon Sep 02 19:09:10 EDT 2019 com.google.javascript.rhino.JSDocInfo,1207
Mon Sep 02 19:18:43 EDT 2019 com.google.javascript.rhino.JSDocInfo,1208
Mon Sep 02 19:18:49 EDT 2019 Mon Sep 02 19:18:49 EDT 2019 : com.google.javascript.rhino.JSDocInfo,1209=>Find no block
Mon Sep 02 19:18:52 EDT 2019 com.google.javascript.jscomp.parsing.JsDocInfoParser,348
Mon Sep 02 19:47:07 EDT 2019 com.google.javascript.jscomp.parsing.JsDocInfoParser,352
Mon Sep 02 20:16:59 EDT 2019 com.google.javascript.jscomp.parsing.JsDocInfoParser,354
Mon Sep 02 20:17:07 EDT 2019 com.google.javascript.jscomp.parsing.JsDocInfoParser,355
Mon Sep 02 20:17:16 EDT 2019 com.google.javascript.jscomp.parsing.JsDocInfoParser,356
Mon Sep 02 20:17:24 EDT 2019 com.google.javascript.jscomp.parsing.JsDocInfoParser,360
Timeout time : 19/09/02 20:19
Current failed test : com.google.javascript.jscomp.IntegrationTest::testIssue701 | 19/09/02 20:19
Mon Sep 02 20:31:10 EDT 2019 com.google.javascript.rhino.JSDocInfo,1196
Mon Sep 02 20:36:03 EDT 2019 com.google.javascript.rhino.JSDocInfo,1207
Mon Sep 02 20:45:54 EDT 2019 com.google.javascript.rhino.JSDocInfo,1208
Mon Sep 02 20:45:59 EDT 2019 Mon Sep 02 20:45:59 EDT 2019 : com.google.javascript.rhino.JSDocInfo,1209=>Find no block
Mon Sep 02 20:46:04 EDT 2019 com.google.javascript.jscomp.parsing.JsDocInfoParser,348
Mon Sep 02 21:11:10 EDT 2019 com.google.javascript.jscomp.parsing.JsDocInfoParser,352
Mon Sep 02 21:26:27 EDT 2019 com.google.javascript.jscomp.parsing.JsDocInfoParser,354
Mon Sep 02 21:26:28 EDT 2019 com.google.javascript.jscomp.parsing.JsDocInfoParser,355
Mon Sep 02 21:26:28 EDT 2019 com.google.javascript.jscomp.parsing.JsDocInfoParser,356
Mon Sep 02 21:26:29 EDT 2019 com.google.javascript.jscomp.parsing.JsDocInfoParser,360
Mon Sep 02 21:34:57 EDT 2019 com.google.javascript.jscomp.parsing.JsDocInfoParser,361
Mon Sep 02 21:40:42 EDT 2019 com.google.javascript.rhino.Node,1848
Mon Sep 02 21:45:02 EDT 2019 com.google.javascript.rhino.Node,1849
Mon Sep 02 21:45:03 EDT 2019 com.google.javascript.rhino.Node,1852
Mon Sep 02 21:45:04 EDT 2019 com.google.javascript.rhino.Node,1854
Mon Sep 02 21:45:04 EDT 2019 com.google.javascript.rhino.Node,1855
Mon Sep 02 21:45:05 EDT 2019 com.google.javascript.rhino.Node,1856
Mon Sep 02 21:45:06 EDT 2019 com.google.javascript.rhino.Node,1858
Mon Sep 02 21:45:06 EDT 2019 com.google.javascript.rhino.Node,1859
Mon Sep 02 21:45:07 EDT 2019 Mon Sep 02 21:45:07 EDT 2019 : com.google.javascript.rhino.Node,1860=>Find no block
Mon Sep 02 21:45:08 EDT 2019 com.google.javascript.jscomp.parsing.JsDocInfoParser,1378
Timeout time : 19/09/02 21:45
