=================================================
Project : closure_34	start : 19/09/02 16:00
Current failed test : com.google.javascript.jscomp.CodePrinterTest::testManyAdds | 19/09/02 16:02
Mon Sep 02 16:10:51 EDT 2019 com.google.javascript.jscomp.NodeUtil,2147
Mon Sep 02 16:11:07 EDT 2019 com.google.javascript.jscomp.NodeUtil,1196
Mon Sep 02 16:11:21 EDT 2019 com.google.javascript.jscomp.CodeGenerator,98
Mon Sep 02 17:33:21 EDT 2019 com.google.javascript.jscomp.CodeGenerator,102
Mon Sep 02 17:33:26 EDT 2019 com.google.javascript.jscomp.CodeGenerator,106
Mon Sep 02 17:33:31 EDT 2019 com.google.javascript.jscomp.CodeGenerator,111
Mon Sep 02 20:24:56 EDT 2019 com.google.javascript.jscomp.CodeGenerator,116
Mon Sep 02 20:25:00 EDT 2019 com.google.javascript.jscomp.CodeGenerator,122
Mon Sep 02 20:25:06 EDT 2019 com.google.javascript.rhino.Node,504
Mon Sep 02 20:25:17 EDT 2019 com.google.javascript.rhino.Node,155
Mon Sep 02 20:25:28 EDT 2019 com.google.javascript.rhino.Node,156
Mon Sep 02 20:25:33 EDT 2019 Mon Sep 02 20:25:33 EDT 2019 : com.google.javascript.rhino.Node,157=>Find no block
Mon Sep 02 20:25:35 EDT 2019 com.google.javascript.jscomp.CodeGenerator,1176
Mon Sep 02 20:28:54 EDT 2019 com.google.javascript.jscomp.NodeUtil,1452
Mon Sep 02 20:46:16 EDT 2019 Mon Sep 02 20:46:16 EDT 2019 : com.google.javascript.jscomp.NodeUtil,1437=>Find no block
Mon Sep 02 20:46:19 EDT 2019 Mon Sep 02 20:46:19 EDT 2019 : com.google.javascript.rhino.Node,380=>Find no block
Mon Sep 02 20:46:21 EDT 2019 com.google.javascript.rhino.Node,381
Timeout time : 19/09/02 21:10
