=================================================
Project : closure_35	start : 19/09/02 16:00
Current failed test : com.google.javascript.jscomp.TypeCheckTest::testIssue669 | 19/09/02 16:01
Mon Sep 02 16:08:45 EDT 2019 com.google.javascript.rhino.jstype.RecordType,249
Mon Sep 02 16:09:39 EDT 2019 com.google.javascript.rhino.jstype.RecordType,98
Mon Sep 02 16:10:02 EDT 2019 com.google.javascript.rhino.jstype.RecordType,213
Mon Sep 02 16:11:22 EDT 2019 com.google.javascript.rhino.jstype.RecordType,221
Mon Sep 02 16:12:09 EDT 2019 com.google.javascript.rhino.jstype.RecordType,222
Mon Sep 02 16:12:11 EDT 2019 com.google.javascript.jscomp.TypeInference,1122
Mon Sep 02 16:48:53 EDT 2019 com.google.javascript.jscomp.TypeInference,1123
Mon Sep 02 16:49:01 EDT 2019 com.google.javascript.rhino.jstype.RecordType,208
Mon Sep 02 16:49:14 EDT 2019 com.google.javascript.rhino.jstype.RecordType,97
Mon Sep 02 16:49:18 EDT 2019 com.google.javascript.rhino.jstype.RecordType,260
Mon Sep 02 16:54:14 EDT 2019 Mon Sep 02 16:54:14 EDT 2019 : com.google.javascript.rhino.jstype.RecordType,265=>Find no block
Mon Sep 02 16:54:18 EDT 2019 com.google.javascript.rhino.jstype.RecordType,267
Mon Sep 02 17:31:33 EDT 2019 com.google.javascript.rhino.jstype.PrototypeObjectType,458
Mon Sep 02 17:37:29 EDT 2019 com.google.javascript.rhino.jstype.RecordType,247
Mon Sep 02 17:37:34 EDT 2019 com.google.javascript.rhino.jstype.RecordType,248
Mon Sep 02 17:37:38 EDT 2019 com.google.javascript.rhino.jstype.RecordType,252
Mon Sep 02 17:41:12 EDT 2019 com.google.javascript.rhino.jstype.RecordType,253
Mon Sep 02 18:03:52 EDT 2019 com.google.javascript.rhino.jstype.RecordType,254
Mon Sep 02 18:03:57 EDT 2019 com.google.javascript.rhino.jstype.RecordType,255
Mon Sep 02 18:04:00 EDT 2019 com.google.javascript.rhino.jstype.RecordType,203
Mon Sep 02 18:04:17 EDT 2019 com.google.javascript.rhino.jstype.JSTypeRegistry,1629
Mon Sep 02 18:33:25 EDT 2019 com.google.javascript.rhino.jstype.JSTypeRegistry,1630
Mon Sep 02 18:33:28 EDT 2019 com.google.javascript.rhino.jstype.JSTypeRegistry,1647
Mon Sep 02 18:40:52 EDT 2019 com.google.javascript.jscomp.parsing.JsDocInfoParser,2125
Mon Sep 02 18:55:01 EDT 2019 com.google.javascript.jscomp.parsing.JsDocInfoParser,2129
Mon Sep 02 19:05:18 EDT 2019 com.google.javascript.jscomp.parsing.JsDocInfoParser,2130
Mon Sep 02 19:33:45 EDT 2019 com.google.javascript.jscomp.parsing.JsDocInfoParser,2132
Mon Sep 02 19:33:55 EDT 2019 com.google.javascript.jscomp.parsing.JsDocInfoParser,2136
Mon Sep 02 20:06:51 EDT 2019 com.google.javascript.jscomp.parsing.JsDocInfoParser,2137
Mon Sep 02 21:06:52 EDT 2019 com.google.javascript.jscomp.parsing.JsDocInfoParser,2138
Timeout time : 19/09/02 21:08
