=================================================
Project : closure_36	start : 19/09/02 16:00
Current failed test : com.google.javascript.jscomp.IntegrationTest::testSingletonGetter1 | 19/09/02 16:01
Mon Sep 02 16:05:47 EDT 2019 Mon Sep 02 16:05:47 EDT 2019 : com.google.javascript.rhino.Node,117=>Find no block
Mon Sep 02 16:05:49 EDT 2019 com.google.javascript.rhino.Node,125
Mon Sep 02 16:06:05 EDT 2019 com.google.javascript.rhino.Node,129
Mon Sep 02 16:06:22 EDT 2019 com.google.javascript.rhino.Node,131
Mon Sep 02 16:06:39 EDT 2019 com.google.javascript.rhino.Node,132
Mon Sep 02 16:06:55 EDT 2019 com.google.javascript.rhino.Node,141
Mon Sep 02 16:07:09 EDT 2019 com.google.javascript.rhino.Node,142
Mon Sep 02 16:07:23 EDT 2019 com.google.javascript.rhino.Node,143
Mon Sep 02 16:07:36 EDT 2019 com.google.javascript.rhino.Node,866
Mon Sep 02 16:44:16 EDT 2019 com.google.javascript.rhino.Node,867
Mon Sep 02 16:44:21 EDT 2019 com.google.javascript.rhino.Node,868
Mon Sep 02 16:44:25 EDT 2019 com.google.javascript.rhino.Node,871
Mon Sep 02 16:44:29 EDT 2019 com.google.javascript.rhino.Node,872
Mon Sep 02 16:44:34 EDT 2019 com.google.javascript.rhino.Node,873
Mon Sep 02 16:44:38 EDT 2019 com.google.javascript.rhino.Node,874
Mon Sep 02 16:44:41 EDT 2019 com.google.javascript.rhino.Node,877
Mon Sep 02 16:44:46 EDT 2019 com.google.javascript.rhino.Node,878
Mon Sep 02 16:44:50 EDT 2019 com.google.javascript.rhino.Node,923
Mon Sep 02 16:45:00 EDT 2019 com.google.javascript.rhino.Node,945
Mon Sep 02 19:21:04 EDT 2019 com.google.javascript.rhino.Node,949
Mon Sep 02 19:21:11 EDT 2019 com.google.javascript.rhino.Node,952
Mon Sep 02 19:21:16 EDT 2019 com.google.javascript.rhino.Node,959
Mon Sep 02 19:59:58 EDT 2019 com.google.javascript.rhino.Node,960
Mon Sep 02 20:00:03 EDT 2019 com.google.javascript.rhino.Node,961
Mon Sep 02 20:00:08 EDT 2019 com.google.javascript.rhino.Node,962
Mon Sep 02 20:00:12 EDT 2019 com.google.javascript.rhino.Node,967
Mon Sep 02 20:03:02 EDT 2019 com.google.javascript.rhino.Node,968
Mon Sep 02 20:49:45 EDT 2019 com.google.javascript.rhino.Node,969
Timeout time : 19/09/02 21:05
