=================================================
Project : closure_38	start : 19/09/02 15:59
Current failed test : com.google.javascript.jscomp.CodePrinterTest::testMinusNegativeZero | 19/09/02 16:01
Mon Sep 02 16:13:00 EDT 2019 com.google.javascript.jscomp.CodeConsumer,265
Mon Sep 02 16:13:13 EDT 2019 com.google.javascript.jscomp.NodeUtil,2148
Mon Sep 02 16:13:34 EDT 2019 com.google.javascript.jscomp.parsing.IRFactory,1139
Mon Sep 02 16:13:57 EDT 2019 com.google.javascript.jscomp.parsing.IRFactory,978
Mon Sep 02 16:14:07 EDT 2019 com.google.javascript.jscomp.parsing.IRFactory,979
Mon Sep 02 16:14:09 EDT 2019 com.google.javascript.rhino.Node,171
Mon Sep 02 16:15:49 EDT 2019 Mon Sep 02 16:15:49 EDT 2019 : com.google.javascript.rhino.Node,172=>Find no block
Mon Sep 02 16:15:52 EDT 2019 com.google.javascript.jscomp.parsing.IRFactory,1153
Mon Sep 02 16:16:16 EDT 2019 com.google.javascript.jscomp.Compiler,1472
Mon Sep 02 16:16:25 EDT 2019 com.google.javascript.jscomp.NodeUtil,1196
Mon Sep 02 16:16:56 EDT 2019 com.google.javascript.jscomp.Compiler,1468
Mon Sep 02 16:32:22 EDT 2019 com.google.javascript.jscomp.Compiler,1469
Mon Sep 02 16:32:23 EDT 2019 com.google.javascript.jscomp.Compiler,1471
Mon Sep 02 16:32:25 EDT 2019 com.google.javascript.jscomp.Compiler,1474
Mon Sep 02 16:32:30 EDT 2019 com.google.javascript.jscomp.Compiler,1475
Mon Sep 02 16:32:36 EDT 2019 com.google.javascript.jscomp.parsing.TypeSafeDispatcher,169
Mon Sep 02 16:49:07 EDT 2019 com.google.javascript.jscomp.parsing.IRFactory,975
Mon Sep 02 17:58:32 EDT 2019 com.google.javascript.jscomp.parsing.IRFactory,976
Mon Sep 02 17:58:36 EDT 2019 com.google.javascript.jscomp.parsing.IRFactory,977
Mon Sep 02 18:51:46 EDT 2019 com.google.javascript.jscomp.parsing.TypeSafeDispatcher,144
Mon Sep 02 19:04:43 EDT 2019 com.google.javascript.jscomp.Compiler,254
Mon Sep 02 19:28:56 EDT 2019 com.google.javascript.jscomp.Compiler,289
Mon Sep 02 19:31:14 EDT 2019 com.google.javascript.jscomp.WarningsGuard,95
Mon Sep 02 19:31:27 EDT 2019 com.google.javascript.jscomp.WarningsGuard,106
Mon Sep 02 19:31:31 EDT 2019 com.google.javascript.jscomp.Compiler,250
Mon Sep 02 19:31:36 EDT 2019 com.google.javascript.jscomp.Compiler,248
Mon Sep 02 19:34:23 EDT 2019 com.google.javascript.jscomp.ComposeWarningsGuard,129
Mon Sep 02 19:41:50 EDT 2019 com.google.javascript.jscomp.CompilerOptions,1025
Mon Sep 02 19:43:28 EDT 2019 com.google.javascript.jscomp.ComposeWarningsGuard,118
Mon Sep 02 19:43:31 EDT 2019 com.google.javascript.jscomp.ComposeWarningsGuard,119
Mon Sep 02 19:43:35 EDT 2019 com.google.javascript.jscomp.ComposeWarningsGuard,121
Mon Sep 02 19:43:36 EDT 2019 com.google.javascript.jscomp.ComposeWarningsGuard,149
Mon Sep 02 19:52:05 EDT 2019 Mon Sep 02 19:52:05 EDT 2019 : com.google.javascript.jscomp.DiagnosticGroup,61=>Find no block
Mon Sep 02 19:52:09 EDT 2019 com.google.javascript.jscomp.DiagnosticGroup,62
Mon Sep 02 19:55:04 EDT 2019 com.google.javascript.jscomp.DiagnosticGroup,63
Mon Sep 02 19:55:10 EDT 2019 Mon Sep 02 19:55:10 EDT 2019 : com.google.javascript.jscomp.DiagnosticGroup,64=>Find no block
Mon Sep 02 19:55:14 EDT 2019 com.google.javascript.jscomp.DiagnosticGroup,72
Mon Sep 02 20:05:17 EDT 2019 com.google.javascript.jscomp.DiagnosticGroup,73
Mon Sep 02 20:05:18 EDT 2019 com.google.javascript.jscomp.DiagnosticGroup,75
Mon Sep 02 20:22:36 EDT 2019 com.google.javascript.jscomp.DiagnosticGroup,118
Mon Sep 02 20:22:58 EDT 2019 com.google.javascript.jscomp.DiagnosticGroup,119
Mon Sep 02 20:23:00 EDT 2019 com.google.javascript.jscomp.DiagnosticGroup,120
Mon Sep 02 20:23:05 EDT 2019 com.google.javascript.jscomp.DiagnosticGroupWarningsGuard,45
Mon Sep 02 20:23:16 EDT 2019 com.google.javascript.jscomp.DiagnosticGroupWarningsGuard,58
Mon Sep 02 20:26:58 EDT 2019 com.google.javascript.jscomp.ComposeWarningsGuard,144
Mon Sep 02 20:27:04 EDT 2019 Mon Sep 02 20:27:04 EDT 2019 : com.google.javascript.jscomp.ComposeWarningsGuard,147=>Find no block
Mon Sep 02 20:27:09 EDT 2019 com.google.javascript.rhino.Node,2297
Mon Sep 02 20:27:25 EDT 2019 com.google.javascript.jscomp.CodeGenerator,244
Mon Sep 02 21:00:27 EDT 2019 com.google.javascript.jscomp.CodeGenerator,245
Timeout time : 19/09/02 21:12
