=================================================
Project : closure_39	start : 19/09/02 15:59
Current failed test : com.google.javascript.rhino.jstype.RecordTypeTest::testLongToString_purify_1 | 19/09/02 16:04
Mon Sep 02 16:13:54 EDT 2019 com.google.javascript.rhino.jstype.PrototypeObjectType,384

----------------------------------------
----------------------------------------
Pass Single Test : [=>0,0]
if(i==MAX_PRETTY_PRINTED_PROPERTIES){
i+=2;
sb.append(", ...");
break;
}

Time : 19/09/02 16:39
----------------------------------------

----------------------------------------
----------------------------------------
Similar code block : 0.9483051995273635 : [/home/mmotwani/mywork1dir/Defects4Java7/defects4j/SIMFIX_RQ1/closure/closure_39_buggy/src/com/google/javascript/rhino/jstype/PrototypeObjectType.java=>0,0]
while(i<m||j<n){
if(i<m&&q[i]<=end){
end=Math.max(end,q[i+1]);
i+=2;
}else if(j<n&&r[j]<=end){
end=Math.max(end,r[j+1]);
j+=2;
}else {
break;
}
}

Time : 19/09/02 16:43
----------------------------------------

----------------------------------------
----------------------------------------
Original source code : [/home/mmotwani/mywork1dir/Defects4Java7/defects4j/SIMFIX_RQ1/closure/closure_39_buggy/src/com/google/javascript/rhino/jstype/PrototypeObjectType.java=>383,386]
if(i==MAX_PRETTY_PRINTED_PROPERTIES){
sb.append(", ...");
break;
}

Time : 19/09/02 16:43
----------------------------------------

----------------------------------------
----------------------------------------
Find a patch : [/home/mmotwani/mywork1dir/Defects4Java7/defects4j/SIMFIX_RQ1/closure/closure_39_buggy/src/com/google/javascript/rhino/jstype/PrototypeObjectType.java=>383,386]
if(i==MAX_PRETTY_PRINTED_PROPERTIES){
i+=2;
sb.append(", ...");
break;
}

Time : 19/09/02 16:43
----------------------------------------
Success time : 19/09/02 16:43
Current failed test : com.google.javascript.rhino.jstype.RecordTypeTest::testLongToString_purify_2 | 19/09/02 16:43
Mon Sep 02 16:58:31 EDT 2019 com.google.javascript.rhino.jstype.PrototypeObjectType,384

----------------------------------------
----------------------------------------
Pass Single Test : [=>0,0]
if(i==-1){
sb.append(", ...");
break;
}

Time : 19/09/02 17:02
----------------------------------------

----------------------------------------
----------------------------------------
Pass Single Test : [=>0,0]
if(i==-1){
sb.append(i);
sb.append(", ...");
break;
}

Time : 19/09/02 17:09
----------------------------------------

----------------------------------------
----------------------------------------
Pass Single Test : [=>0,0]
if(prettyPrint&&i==MAX_PRETTY_PRINTED_PROPERTIES){
sb.append(", ...");
break;
}

Time : 19/09/02 17:30
----------------------------------------
Mon Sep 02 17:35:42 EDT 2019 com.google.javascript.rhino.jstype.PrototypeObjectType,385
Mon Sep 02 17:35:45 EDT 2019 com.google.javascript.rhino.jstype.PrototypeObjectType,375
Timeout time : 19/09/02 17:48
Current failed test : com.google.javascript.rhino.jstype.RecordTypeTest::testRecursiveRecord_purify_1 | 19/09/02 17:48
Mon Sep 02 18:00:45 EDT 2019 com.google.javascript.rhino.jstype.PrototypeObjectType,384

----------------------------------------
----------------------------------------
Pass Single Test : [=>0,0]
if(i==-1){
sb.append(", ...");
break;
}

Time : 19/09/02 18:05
----------------------------------------

----------------------------------------
----------------------------------------
Pass Single Test : [=>0,0]
if(i==MAX_PRETTY_PRINTED_PROPERTIES){
sb.append(i);
sb.append(", ...");
break;
}

Time : 19/09/02 18:10
----------------------------------------

----------------------------------------
----------------------------------------
Pass Single Test : [=>0,0]
if(i==-1){
sb.append(i);
sb.append(", ...");
break;
}

Time : 19/09/02 18:15
----------------------------------------

----------------------------------------
----------------------------------------
Pass Single Test : [=>0,0]
if(prettyPrint&&i==MAX_PRETTY_PRINTED_PROPERTIES){
sb.append(", ...");
break;
}

Time : 19/09/02 18:36
----------------------------------------

----------------------------------------
----------------------------------------
Pass Single Test : [=>0,0]
if(i==MAX_PRETTY_PRINTED_PROPERTIES){
i+=2;
sb.append(", ...");
break;
}

Time : 19/09/02 18:42
----------------------------------------

----------------------------------------
----------------------------------------
Similar code block : 0.9483051995273635 : [/home/mmotwani/mywork1dir/Defects4Java7/defects4j/SIMFIX_RQ1/closure/closure_39_buggy/src/com/google/javascript/rhino/jstype/PrototypeObjectType.java=>0,0]
while(i<m||j<n){
if(i<m&&q[i]<=end){
end=Math.max(end,q[i+1]);
i+=2;
}else if(j<n&&r[j]<=end){
end=Math.max(end,r[j+1]);
j+=2;
}else {
break;
}
}

Time : 19/09/02 18:46
----------------------------------------

----------------------------------------
----------------------------------------
Original source code : [/home/mmotwani/mywork1dir/Defects4Java7/defects4j/SIMFIX_RQ1/closure/closure_39_buggy/src/com/google/javascript/rhino/jstype/PrototypeObjectType.java=>383,386]
if(i==MAX_PRETTY_PRINTED_PROPERTIES){
sb.append(", ...");
break;
}

Time : 19/09/02 18:46
----------------------------------------

----------------------------------------
----------------------------------------
Find a patch : [/home/mmotwani/mywork1dir/Defects4Java7/defects4j/SIMFIX_RQ1/closure/closure_39_buggy/src/com/google/javascript/rhino/jstype/PrototypeObjectType.java=>383,386]
if(i==MAX_PRETTY_PRINTED_PROPERTIES){
i+=2;
sb.append(", ...");
break;
}

Time : 19/09/02 18:46
----------------------------------------
Success time : 19/09/02 18:46
Current failed test : com.google.javascript.rhino.jstype.RecordTypeTest::testRecursiveRecord_purify_2 | 19/09/02 18:46
Already fixed : com.google.javascript.rhino.jstype.RecordTypeTest::testRecursiveRecord_purify_2
Current failed test : com.google.javascript.rhino.jstype.RecordTypeTest::testRecursiveRecord_purify_3 | 19/09/02 18:47
Mon Sep 02 18:59:04 EDT 2019 com.google.javascript.rhino.jstype.PrototypeObjectType,384
Mon Sep 02 19:22:59 EDT 2019 com.google.javascript.rhino.jstype.PrototypeObjectType,385
Mon Sep 02 19:23:05 EDT 2019 com.google.javascript.rhino.jstype.PrototypeObjectType,375
Mon Sep 02 19:39:03 EDT 2019 com.google.javascript.rhino.jstype.ProxyObjectType,258
Mon Sep 02 19:39:14 EDT 2019 com.google.javascript.rhino.jstype.JSType,1165
Mon Sep 02 19:40:59 EDT 2019 com.google.javascript.rhino.jstype.PrototypeObjectType,394
Mon Sep 02 19:41:14 EDT 2019 com.google.javascript.rhino.jstype.PrototypeObjectType,374
Mon Sep 02 19:41:17 EDT 2019 com.google.javascript.rhino.jstype.PrototypeObjectType,378
Timeout time : 19/09/02 19:49
Current failed test : com.google.javascript.rhino.jstype.RecordTypeTest::testRecursiveRecord_purify_4 | 19/09/02 19:49
Already fixed : com.google.javascript.rhino.jstype.RecordTypeTest::testRecursiveRecord_purify_4
