=================================================
Project : closure_41	start : 19/09/02 15:59
Current failed test : com.google.javascript.jscomp.TypeCheckTest::testMethodInference6 | 19/09/02 16:02
Mon Sep 02 16:18:06 EDT 2019 com.google.javascript.jscomp.TypeValidator,700
Mon Sep 02 16:23:24 EDT 2019 com.google.javascript.jscomp.TypeValidator,709
Mon Sep 02 16:34:47 EDT 2019 com.google.javascript.jscomp.TypeCheck,1630
Mon Sep 02 16:45:43 EDT 2019 com.google.javascript.jscomp.TypeValidator,690
Mon Sep 02 17:15:15 EDT 2019 com.google.javascript.jscomp.TypeValidator,691
Mon Sep 02 17:15:21 EDT 2019 com.google.javascript.jscomp.TypeValidator,692
Mon Sep 02 17:15:26 EDT 2019 com.google.javascript.jscomp.TypeValidator,693
Mon Sep 02 17:15:29 EDT 2019 com.google.javascript.jscomp.TypeValidator,699
Mon Sep 02 17:15:33 EDT 2019 com.google.javascript.jscomp.TypeValidator,706
Mon Sep 02 17:15:37 EDT 2019 com.google.javascript.jscomp.TypeCheck,1089
Timeout time : 19/09/02 17:58
Current failed test : com.google.javascript.jscomp.TypeCheckTest::testIssue368 | 19/09/02 17:58
Mon Sep 02 18:15:09 EDT 2019 com.google.javascript.jscomp.TypeValidator,700
Mon Sep 02 18:19:25 EDT 2019 com.google.javascript.jscomp.TypeValidator,709
Mon Sep 02 18:29:10 EDT 2019 com.google.javascript.jscomp.TypeCheck,1630
Mon Sep 02 18:40:19 EDT 2019 com.google.javascript.jscomp.TypeValidator,690
Mon Sep 02 19:07:04 EDT 2019 com.google.javascript.jscomp.TypeValidator,691
Mon Sep 02 19:07:09 EDT 2019 com.google.javascript.jscomp.TypeValidator,692
Mon Sep 02 19:07:14 EDT 2019 com.google.javascript.jscomp.TypeValidator,693
Mon Sep 02 19:07:19 EDT 2019 com.google.javascript.jscomp.TypeValidator,699
Mon Sep 02 19:07:23 EDT 2019 com.google.javascript.jscomp.TypeValidator,706
Mon Sep 02 19:07:25 EDT 2019 com.google.javascript.jscomp.TypeCheck,1089
Mon Sep 02 19:53:59 EDT 2019 com.google.javascript.jscomp.TypeCheck,1091
Timeout time : 19/09/02 19:55
Current failed test : com.google.javascript.jscomp.LooseTypeCheckTest::testMethodInference6 | 19/09/02 19:55
Mon Sep 02 20:11:55 EDT 2019 com.google.javascript.jscomp.TypeValidator,700
Mon Sep 02 20:16:10 EDT 2019 com.google.javascript.jscomp.TypeValidator,709
Mon Sep 02 20:26:03 EDT 2019 com.google.javascript.jscomp.TypeCheck,1630
Mon Sep 02 20:36:50 EDT 2019 com.google.javascript.jscomp.TypeValidator,690
Mon Sep 02 21:05:56 EDT 2019 com.google.javascript.jscomp.TypeValidator,691
Mon Sep 02 21:05:59 EDT 2019 com.google.javascript.jscomp.TypeValidator,692
Mon Sep 02 21:06:01 EDT 2019 com.google.javascript.jscomp.TypeValidator,693
Mon Sep 02 21:06:04 EDT 2019 com.google.javascript.jscomp.TypeValidator,699
Mon Sep 02 21:06:06 EDT 2019 com.google.javascript.jscomp.TypeValidator,706
Mon Sep 02 21:06:09 EDT 2019 com.google.javascript.jscomp.TypeCheck,1089
Mon Sep 02 21:29:30 EDT 2019 com.google.javascript.jscomp.TypeCheck,1091
Mon Sep 02 21:37:42 EDT 2019 com.google.javascript.jscomp.TypeCheck,1097
Timeout time : 19/09/02 21:51
