=================================================
Project : closure_42	start : 19/09/02 15:59
Current failed test : com.google.javascript.jscomp.parsing.ParserTest::testForEach | 19/09/02 16:01
Mon Sep 02 16:12:10 EDT 2019 com.google.javascript.jscomp.parsing.TypeSafeDispatcher,218
Mon Sep 02 16:19:10 EDT 2019 com.google.javascript.jscomp.parsing.IRFactory,570
Mon Sep 02 16:23:48 EDT 2019 com.google.javascript.jscomp.parsing.TypeSafeDispatcher,182
Mon Sep 02 16:47:58 EDT 2019 com.google.javascript.jscomp.parsing.IRFactory,492
Mon Sep 02 17:20:25 EDT 2019 com.google.javascript.jscomp.parsing.IRFactory,493
Mon Sep 02 17:24:51 EDT 2019 com.google.javascript.jscomp.parsing.IRFactory,499
Mon Sep 02 17:24:56 EDT 2019 Mon Sep 02 17:24:56 EDT 2019 : com.google.javascript.rhino.jstype.SimpleSourceFile,50=>Find no block
Mon Sep 02 17:24:59 EDT 2019 com.google.javascript.rhino.jstype.SimpleSourceFile,51
Mon Sep 02 17:27:52 EDT 2019 com.google.javascript.rhino.jstype.SimpleSourceFile,52
Mon Sep 02 17:27:59 EDT 2019 Mon Sep 02 17:27:59 EDT 2019 : com.google.javascript.rhino.jstype.SimpleSourceFile,53=>Find no block
Mon Sep 02 17:28:06 EDT 2019 com.google.javascript.rhino.jstype.SimpleSourceFile,57
Mon Sep 02 17:31:38 EDT 2019 com.google.javascript.jscomp.parsing.ParserRunner,57
Mon Sep 02 17:33:32 EDT 2019 com.google.javascript.rhino.jstype.JSTypeRegistry,199
Mon Sep 02 17:33:43 EDT 2019 Mon Sep 02 17:33:43 EDT 2019 : com.google.javascript.rhino.jstype.JSTypeRegistry,200=>Find no block
Mon Sep 02 17:33:47 EDT 2019 com.google.javascript.jscomp.parsing.IRFactory,1112
Mon Sep 02 17:34:13 EDT 2019 com.google.javascript.jscomp.parsing.TypeSafeDispatcher,217
Mon Sep 02 17:34:18 EDT 2019 com.google.javascript.jscomp.parsing.IRFactory,1297
Mon Sep 02 17:37:38 EDT 2019 Mon Sep 02 17:37:38 EDT 2019 : com.google.javascript.rhino.Node,392=>Find no block
Mon Sep 02 17:37:45 EDT 2019 com.google.javascript.rhino.Node,393
Mon Sep 02 18:20:07 EDT 2019 com.google.javascript.rhino.Node,394
Mon Sep 02 18:20:13 EDT 2019 com.google.javascript.rhino.Node,395
Mon Sep 02 19:02:50 EDT 2019 com.google.javascript.rhino.Node,396
Mon Sep 02 19:46:07 EDT 2019 com.google.javascript.rhino.Node,397
Mon Sep 02 20:29:57 EDT 2019 com.google.javascript.rhino.Node,398
Timeout time : 19/09/02 21:12
