=================================================
Project : closure_43	start : 19/09/02 16:00
Current failed test : com.google.javascript.jscomp.TypeCheckTest::testLends10 | 19/09/02 16:02
Mon Sep 02 16:17:39 EDT 2019 com.google.javascript.jscomp.TypedScopeCreator,597
Mon Sep 02 16:17:53 EDT 2019 com.google.javascript.jscomp.TypedScopeCreator,664
Mon Sep 02 16:23:39 EDT 2019 com.google.javascript.jscomp.TypedScopeCreator,594
Mon Sep 02 16:52:15 EDT 2019 com.google.javascript.jscomp.TypedScopeCreator,595
Mon Sep 02 16:52:19 EDT 2019 com.google.javascript.jscomp.TypedScopeCreator,596
Mon Sep 02 17:05:00 EDT 2019 com.google.javascript.rhino.JSDocInfo,1175
Mon Sep 02 17:17:24 EDT 2019 com.google.javascript.rhino.JSDocInfo,1176
Mon Sep 02 17:17:28 EDT 2019 Mon Sep 02 17:17:28 EDT 2019 : com.google.javascript.rhino.JSDocInfo,1177=>Find no block
Mon Sep 02 17:17:32 EDT 2019 com.google.javascript.jscomp.parsing.JsDocInfoParser,481
Timeout time : 19/09/02 18:47
Current failed test : com.google.javascript.jscomp.TypeCheckTest::testLends11 | 19/09/02 18:47
Mon Sep 02 19:03:57 EDT 2019 com.google.javascript.jscomp.TypedScopeCreator,597
Mon Sep 02 19:04:08 EDT 2019 com.google.javascript.jscomp.TypedScopeCreator,664
Mon Sep 02 19:08:33 EDT 2019 com.google.javascript.jscomp.TypedScopeCreator,594
Mon Sep 02 19:36:07 EDT 2019 com.google.javascript.jscomp.TypedScopeCreator,595
Mon Sep 02 19:36:14 EDT 2019 com.google.javascript.jscomp.TypedScopeCreator,596
Mon Sep 02 19:48:55 EDT 2019 com.google.javascript.rhino.JSDocInfo,1175
Mon Sep 02 20:00:51 EDT 2019 com.google.javascript.rhino.JSDocInfo,1176
Mon Sep 02 20:00:56 EDT 2019 Mon Sep 02 20:00:56 EDT 2019 : com.google.javascript.rhino.JSDocInfo,1177=>Find no block
Mon Sep 02 20:01:00 EDT 2019 com.google.javascript.jscomp.parsing.JsDocInfoParser,481
Timeout time : 19/09/02 21:33
