=================================================
Project : closure_47	start : 19/09/02 15:59
Current failed test : com.google.debugging.sourcemap.SourceMapGeneratorV3Test::testBasicMapping2 | 19/09/02 16:06
Mon Sep 02 16:21:01 EDT 2019 com.google.debugging.sourcemap.SourceMapGeneratorV3,213
Mon Sep 02 16:31:55 EDT 2019 com.google.debugging.sourcemap.SourceMapGeneratorV3,214
Mon Sep 02 16:32:02 EDT 2019 com.google.debugging.sourcemap.SourceMapGeneratorV3,215
Mon Sep 02 16:32:06 EDT 2019 com.google.debugging.sourcemap.SourceMapGeneratorV3,216
Mon Sep 02 16:32:11 EDT 2019 com.google.debugging.sourcemap.SourceMapGeneratorV3,217
Mon Sep 02 16:32:15 EDT 2019 com.google.debugging.sourcemap.SourceMapGeneratorV3,326
Timeout time : 19/09/02 16:38
Current failed test : com.google.debugging.sourcemap.SourceMapGeneratorV3Test::testLiteralMappingsGoldenOutput | 19/09/02 16:38
Mon Sep 02 16:54:54 EDT 2019 com.google.debugging.sourcemap.SourceMapGeneratorV3,213
Mon Sep 02 17:03:34 EDT 2019 com.google.debugging.sourcemap.SourceMapGeneratorV3,214
Mon Sep 02 17:03:37 EDT 2019 com.google.debugging.sourcemap.SourceMapGeneratorV3,215
Mon Sep 02 17:03:41 EDT 2019 com.google.debugging.sourcemap.SourceMapGeneratorV3,216
Mon Sep 02 17:03:45 EDT 2019 com.google.debugging.sourcemap.SourceMapGeneratorV3,217
Mon Sep 02 17:03:49 EDT 2019 com.google.debugging.sourcemap.SourceMapGeneratorV3,326
Timeout time : 19/09/02 17:13
Current failed test : com.google.debugging.sourcemap.SourceMapGeneratorV3Test::testParseSourceMetaMap | 19/09/02 17:13
Mon Sep 02 17:29:14 EDT 2019 com.google.debugging.sourcemap.SourceMapGeneratorV3,213
Mon Sep 02 17:37:47 EDT 2019 com.google.debugging.sourcemap.SourceMapGeneratorV3,214
Mon Sep 02 17:37:53 EDT 2019 com.google.debugging.sourcemap.SourceMapGeneratorV3,215
Mon Sep 02 17:37:55 EDT 2019 com.google.debugging.sourcemap.SourceMapGeneratorV3,216
Mon Sep 02 17:37:58 EDT 2019 com.google.debugging.sourcemap.SourceMapGeneratorV3,217
Mon Sep 02 17:38:04 EDT 2019 com.google.debugging.sourcemap.SourceMapGeneratorV3,326
Timeout time : 19/09/02 17:47
Current failed test : com.google.debugging.sourcemap.SourceMapGeneratorV3Test::testBasicMapping1 | 19/09/02 17:47
Mon Sep 02 18:03:24 EDT 2019 com.google.debugging.sourcemap.SourceMapGeneratorV3,213
Mon Sep 02 18:12:21 EDT 2019 com.google.debugging.sourcemap.SourceMapGeneratorV3,214
Mon Sep 02 18:12:25 EDT 2019 com.google.debugging.sourcemap.SourceMapGeneratorV3,215
Mon Sep 02 18:12:27 EDT 2019 com.google.debugging.sourcemap.SourceMapGeneratorV3,216
Mon Sep 02 18:12:32 EDT 2019 com.google.debugging.sourcemap.SourceMapGeneratorV3,217
Mon Sep 02 18:12:36 EDT 2019 com.google.debugging.sourcemap.SourceMapGeneratorV3,326
Timeout time : 19/09/02 18:21
Current failed test : com.google.debugging.sourcemap.SourceMapGeneratorV3Test::testGoldenOutput2 | 19/09/02 18:21
Mon Sep 02 18:37:50 EDT 2019 com.google.debugging.sourcemap.SourceMapGeneratorV3,213
Mon Sep 02 18:46:45 EDT 2019 com.google.debugging.sourcemap.SourceMapGeneratorV3,214
Mon Sep 02 18:46:51 EDT 2019 com.google.debugging.sourcemap.SourceMapGeneratorV3,215
Mon Sep 02 18:46:57 EDT 2019 com.google.debugging.sourcemap.SourceMapGeneratorV3,216
Mon Sep 02 18:47:03 EDT 2019 com.google.debugging.sourcemap.SourceMapGeneratorV3,217
Mon Sep 02 18:47:07 EDT 2019 com.google.debugging.sourcemap.SourceMapGeneratorV3,326
Timeout time : 19/09/02 18:55
Current failed test : com.google.debugging.sourcemap.SourceMapGeneratorV3Test::testGoldenOutput0a | 19/09/02 18:55
Mon Sep 02 19:11:23 EDT 2019 com.google.debugging.sourcemap.SourceMapGeneratorV3,213
Mon Sep 02 19:20:30 EDT 2019 com.google.debugging.sourcemap.SourceMapGeneratorV3,214
Mon Sep 02 19:20:37 EDT 2019 com.google.debugging.sourcemap.SourceMapGeneratorV3,215
Mon Sep 02 19:20:42 EDT 2019 com.google.debugging.sourcemap.SourceMapGeneratorV3,216
Mon Sep 02 19:20:47 EDT 2019 com.google.debugging.sourcemap.SourceMapGeneratorV3,217
Mon Sep 02 19:20:54 EDT 2019 com.google.debugging.sourcemap.SourceMapGeneratorV3,326
Timeout time : 19/09/02 19:29
Current failed test : com.google.debugging.sourcemap.SourceMapGeneratorV3Test::testGoldenOutput3 | 19/09/02 19:29
Mon Sep 02 19:45:55 EDT 2019 com.google.debugging.sourcemap.SourceMapGeneratorV3,213
Mon Sep 02 19:54:50 EDT 2019 com.google.debugging.sourcemap.SourceMapGeneratorV3,214
Mon Sep 02 19:54:54 EDT 2019 com.google.debugging.sourcemap.SourceMapGeneratorV3,215
Mon Sep 02 19:54:58 EDT 2019 com.google.debugging.sourcemap.SourceMapGeneratorV3,216
Mon Sep 02 19:55:03 EDT 2019 com.google.debugging.sourcemap.SourceMapGeneratorV3,217
Mon Sep 02 19:55:09 EDT 2019 com.google.debugging.sourcemap.SourceMapGeneratorV3,326
Timeout time : 19/09/02 20:03
Current failed test : com.google.debugging.sourcemap.SourceMapGeneratorV3Test::testGoldenOutput4 | 19/09/02 20:03
Mon Sep 02 20:20:09 EDT 2019 com.google.debugging.sourcemap.SourceMapGeneratorV3,213
Mon Sep 02 20:28:50 EDT 2019 com.google.debugging.sourcemap.SourceMapGeneratorV3,214
Mon Sep 02 20:28:54 EDT 2019 com.google.debugging.sourcemap.SourceMapGeneratorV3,215
Mon Sep 02 20:28:59 EDT 2019 com.google.debugging.sourcemap.SourceMapGeneratorV3,216
Mon Sep 02 20:29:04 EDT 2019 com.google.debugging.sourcemap.SourceMapGeneratorV3,217
Mon Sep 02 20:29:08 EDT 2019 com.google.debugging.sourcemap.SourceMapGeneratorV3,326
Timeout time : 19/09/02 20:38
Current failed test : com.google.debugging.sourcemap.SourceMapGeneratorV3Test::testSourceMapMerging | 19/09/02 20:38
Mon Sep 02 20:54:41 EDT 2019 com.google.debugging.sourcemap.SourceMapGeneratorV3,213
Mon Sep 02 21:03:24 EDT 2019 com.google.debugging.sourcemap.SourceMapGeneratorV3,214
Mon Sep 02 21:03:27 EDT 2019 com.google.debugging.sourcemap.SourceMapGeneratorV3,215
Mon Sep 02 21:03:30 EDT 2019 com.google.debugging.sourcemap.SourceMapGeneratorV3,216
Mon Sep 02 21:03:35 EDT 2019 com.google.debugging.sourcemap.SourceMapGeneratorV3,217
Mon Sep 02 21:03:37 EDT 2019 com.google.debugging.sourcemap.SourceMapGeneratorV3,326
Timeout time : 19/09/02 21:12
Current failed test : com.google.debugging.sourcemap.SourceMapGeneratorV3Test::testGoldenOutput5 | 19/09/02 21:12
Mon Sep 02 21:22:36 EDT 2019 com.google.debugging.sourcemap.SourceMapGeneratorV3,213
Mon Sep 02 21:27:02 EDT 2019 com.google.debugging.sourcemap.SourceMapGeneratorV3,214
Mon Sep 02 21:27:03 EDT 2019 com.google.debugging.sourcemap.SourceMapGeneratorV3,215
Mon Sep 02 21:27:04 EDT 2019 com.google.debugging.sourcemap.SourceMapGeneratorV3,216
Mon Sep 02 21:27:04 EDT 2019 com.google.debugging.sourcemap.SourceMapGeneratorV3,217
Mon Sep 02 21:27:05 EDT 2019 com.google.debugging.sourcemap.SourceMapGeneratorV3,326
Timeout time : 19/09/02 21:40
Current failed test : com.google.debugging.sourcemap.SourceMapGeneratorV3Test::testGoldenOutput1 | 19/09/02 21:40
Mon Sep 02 21:50:01 EDT 2019 com.google.debugging.sourcemap.SourceMapGeneratorV3,213
Mon Sep 02 21:54:15 EDT 2019 com.google.debugging.sourcemap.SourceMapGeneratorV3,214
Mon Sep 02 21:54:16 EDT 2019 com.google.debugging.sourcemap.SourceMapGeneratorV3,215
Mon Sep 02 21:54:17 EDT 2019 com.google.debugging.sourcemap.SourceMapGeneratorV3,216
Mon Sep 02 21:54:17 EDT 2019 com.google.debugging.sourcemap.SourceMapGeneratorV3,217
Mon Sep 02 21:54:18 EDT 2019 com.google.debugging.sourcemap.SourceMapGeneratorV3,326
Timeout time : 19/09/02 22:08
Current failed test : com.google.debugging.sourcemap.SourceMapGeneratorV3Test::testMultilineMapping | 19/09/02 22:08
Mon Sep 02 22:17:08 EDT 2019 com.google.debugging.sourcemap.SourceMapGeneratorV3,213
Mon Sep 02 22:21:20 EDT 2019 com.google.debugging.sourcemap.SourceMapGeneratorV3,214
Mon Sep 02 22:21:21 EDT 2019 com.google.debugging.sourcemap.SourceMapGeneratorV3,215
Mon Sep 02 22:21:22 EDT 2019 com.google.debugging.sourcemap.SourceMapGeneratorV3,216
Mon Sep 02 22:21:22 EDT 2019 com.google.debugging.sourcemap.SourceMapGeneratorV3,217
Mon Sep 02 22:21:23 EDT 2019 com.google.debugging.sourcemap.SourceMapGeneratorV3,326
Timeout time : 19/09/02 22:35
Current failed test : com.google.debugging.sourcemap.SourceMapGeneratorV3Test::testLiteralMappings | 19/09/02 22:35
Mon Sep 02 22:45:55 EDT 2019 com.google.debugging.sourcemap.SourceMapGeneratorV3,213
Mon Sep 02 22:51:13 EDT 2019 com.google.debugging.sourcemap.SourceMapGeneratorV3,214
Mon Sep 02 22:51:14 EDT 2019 com.google.debugging.sourcemap.SourceMapGeneratorV3,215
Mon Sep 02 22:51:14 EDT 2019 com.google.debugging.sourcemap.SourceMapGeneratorV3,216
Mon Sep 02 22:51:15 EDT 2019 com.google.debugging.sourcemap.SourceMapGeneratorV3,217
Mon Sep 02 22:51:15 EDT 2019 com.google.debugging.sourcemap.SourceMapGeneratorV3,326
Timeout time : 19/09/02 23:04
Current failed test : com.google.debugging.sourcemap.SourceMapGeneratorV3Test::testBasicMappingGoldenOutput | 19/09/02 23:04
Mon Sep 02 23:13:17 EDT 2019 com.google.debugging.sourcemap.SourceMapGeneratorV3,213
Mon Sep 02 23:17:29 EDT 2019 com.google.debugging.sourcemap.SourceMapGeneratorV3,214
Mon Sep 02 23:17:29 EDT 2019 com.google.debugging.sourcemap.SourceMapGeneratorV3,215
Mon Sep 02 23:17:30 EDT 2019 com.google.debugging.sourcemap.SourceMapGeneratorV3,216
Mon Sep 02 23:17:30 EDT 2019 com.google.debugging.sourcemap.SourceMapGeneratorV3,217
Mon Sep 02 23:17:31 EDT 2019 com.google.debugging.sourcemap.SourceMapGeneratorV3,326
Timeout time : 19/09/02 23:31
Current failed test : com.google.debugging.sourcemap.SourceMapGeneratorV3Test::testMultiFunctionMapping | 19/09/02 23:31
Mon Sep 02 23:40:24 EDT 2019 com.google.debugging.sourcemap.SourceMapGeneratorV3,213
Mon Sep 02 23:44:42 EDT 2019 com.google.debugging.sourcemap.SourceMapGeneratorV3,214
Mon Sep 02 23:44:42 EDT 2019 com.google.debugging.sourcemap.SourceMapGeneratorV3,215
Mon Sep 02 23:44:43 EDT 2019 com.google.debugging.sourcemap.SourceMapGeneratorV3,216
Mon Sep 02 23:44:43 EDT 2019 com.google.debugging.sourcemap.SourceMapGeneratorV3,217
Mon Sep 02 23:44:44 EDT 2019 com.google.debugging.sourcemap.SourceMapGeneratorV3,326
Timeout time : 19/09/02 23:58
Current failed test : com.google.debugging.sourcemap.SourceMapGeneratorV3Test::testMultilineMapping2 | 19/09/02 23:58
Tue Sep 03 00:07:54 EDT 2019 com.google.debugging.sourcemap.SourceMapGeneratorV3,213
Tue Sep 03 00:12:15 EDT 2019 com.google.debugging.sourcemap.SourceMapGeneratorV3,214
Tue Sep 03 00:12:15 EDT 2019 com.google.debugging.sourcemap.SourceMapGeneratorV3,215
Tue Sep 03 00:12:16 EDT 2019 com.google.debugging.sourcemap.SourceMapGeneratorV3,216
Tue Sep 03 00:12:17 EDT 2019 com.google.debugging.sourcemap.SourceMapGeneratorV3,217
Tue Sep 03 00:12:17 EDT 2019 com.google.debugging.sourcemap.SourceMapGeneratorV3,326
Timeout time : 19/09/03 00:25
