=================================================
Project : closure_49	start : 19/09/02 16:00
Current failed test : com.google.javascript.jscomp.InlineFunctionsTest::testMethodWithFunctionWithFunction | 19/09/02 16:09
Mon Sep 02 16:14:25 EDT 2019 com.google.javascript.rhino.Node,1151
Mon Sep 02 16:14:37 EDT 2019 com.google.javascript.rhino.Node,1156
Mon Sep 02 16:15:05 EDT 2019 com.google.javascript.rhino.Node,1157
Mon Sep 02 16:15:09 EDT 2019 com.google.javascript.rhino.Node,1158
Mon Sep 02 16:15:11 EDT 2019 com.google.javascript.rhino.Node,1165
Mon Sep 02 16:15:18 EDT 2019 Mon Sep 02 16:15:18 EDT 2019 : com.google.javascript.rhino.Node,1166=>Find no block
Mon Sep 02 16:15:21 EDT 2019 com.google.javascript.rhino.Node,1171
Timeout time : 19/09/02 16:18
Current failed test : com.google.javascript.jscomp.FunctionToBlockMutatorTest::testMutate8 | 19/09/02 16:18
Mon Sep 02 16:25:45 EDT 2019 com.google.javascript.rhino.Node,1151
Mon Sep 02 16:26:05 EDT 2019 com.google.javascript.rhino.Node,1156
Mon Sep 02 16:26:57 EDT 2019 com.google.javascript.rhino.Node,1157
Mon Sep 02 16:27:06 EDT 2019 com.google.javascript.rhino.Node,1158
Mon Sep 02 16:27:17 EDT 2019 com.google.javascript.rhino.Node,1165
Mon Sep 02 16:27:40 EDT 2019 Mon Sep 02 16:27:40 EDT 2019 : com.google.javascript.rhino.Node,1166=>Find no block
Mon Sep 02 16:27:50 EDT 2019 com.google.javascript.rhino.Node,1171
Timeout time : 19/09/02 16:30
Current failed test : com.google.javascript.jscomp.FunctionInjectorTest::testBug1897706 | 19/09/02 16:30
Mon Sep 02 16:36:22 EDT 2019 com.google.javascript.rhino.Node,1151
Mon Sep 02 16:36:33 EDT 2019 com.google.javascript.rhino.Node,1156
Mon Sep 02 16:37:03 EDT 2019 com.google.javascript.rhino.Node,1157
Mon Sep 02 16:37:09 EDT 2019 com.google.javascript.rhino.Node,1158
Mon Sep 02 16:37:13 EDT 2019 com.google.javascript.rhino.Node,1165
Mon Sep 02 16:37:30 EDT 2019 Mon Sep 02 16:37:30 EDT 2019 : com.google.javascript.rhino.Node,1166=>Find no block
Mon Sep 02 16:37:34 EDT 2019 com.google.javascript.rhino.Node,1171
Timeout time : 19/09/02 16:40
Current failed test : com.google.javascript.jscomp.InlineFunctionsTest::testCostBasedInlining11 | 19/09/02 16:40
Mon Sep 02 16:46:09 EDT 2019 com.google.javascript.rhino.Node,1151
Mon Sep 02 16:46:28 EDT 2019 com.google.javascript.rhino.Node,1156
Mon Sep 02 16:47:05 EDT 2019 com.google.javascript.rhino.Node,1157
Mon Sep 02 16:47:12 EDT 2019 com.google.javascript.rhino.Node,1158
Mon Sep 02 16:47:20 EDT 2019 com.google.javascript.rhino.Node,1165
Mon Sep 02 16:47:37 EDT 2019 Mon Sep 02 16:47:37 EDT 2019 : com.google.javascript.rhino.Node,1166=>Find no block
Mon Sep 02 16:47:42 EDT 2019 com.google.javascript.rhino.Node,1171
Timeout time : 19/09/02 16:49
Current failed test : com.google.javascript.jscomp.InlineFunctionsTest::testInlineFunctions15d | 19/09/02 16:49
Mon Sep 02 16:55:50 EDT 2019 com.google.javascript.rhino.Node,1151
Mon Sep 02 16:56:06 EDT 2019 com.google.javascript.rhino.Node,1156
Mon Sep 02 16:56:37 EDT 2019 com.google.javascript.rhino.Node,1157
Mon Sep 02 16:56:41 EDT 2019 com.google.javascript.rhino.Node,1158
Mon Sep 02 16:56:45 EDT 2019 com.google.javascript.rhino.Node,1165
Mon Sep 02 16:56:57 EDT 2019 Mon Sep 02 16:56:57 EDT 2019 : com.google.javascript.rhino.Node,1166=>Find no block
Mon Sep 02 16:57:01 EDT 2019 com.google.javascript.rhino.Node,1171
Timeout time : 19/09/02 17:00
Current failed test : com.google.javascript.jscomp.InlineFunctionsTest::testInlineFunctions15b | 19/09/02 17:00
Mon Sep 02 17:05:58 EDT 2019 com.google.javascript.rhino.Node,1151
Mon Sep 02 17:06:10 EDT 2019 com.google.javascript.rhino.Node,1156
Mon Sep 02 17:06:45 EDT 2019 com.google.javascript.rhino.Node,1157
Mon Sep 02 17:06:51 EDT 2019 com.google.javascript.rhino.Node,1158
Mon Sep 02 17:06:56 EDT 2019 com.google.javascript.rhino.Node,1165
Mon Sep 02 17:07:09 EDT 2019 Mon Sep 02 17:07:09 EDT 2019 : com.google.javascript.rhino.Node,1166=>Find no block
Mon Sep 02 17:07:14 EDT 2019 com.google.javascript.rhino.Node,1171
Timeout time : 19/09/02 17:09
Current failed test : com.google.javascript.jscomp.InlineFunctionsTest::testNoInlineIfParametersModified7 | 19/09/02 17:09
Mon Sep 02 17:16:07 EDT 2019 com.google.javascript.rhino.Node,1151
Mon Sep 02 17:16:19 EDT 2019 com.google.javascript.rhino.Node,1156
Mon Sep 02 17:16:58 EDT 2019 com.google.javascript.rhino.Node,1157
Mon Sep 02 17:17:04 EDT 2019 com.google.javascript.rhino.Node,1158
Mon Sep 02 17:17:06 EDT 2019 com.google.javascript.rhino.Node,1165
Mon Sep 02 17:17:19 EDT 2019 Mon Sep 02 17:17:19 EDT 2019 : com.google.javascript.rhino.Node,1166=>Find no block
Mon Sep 02 17:17:25 EDT 2019 com.google.javascript.rhino.Node,1171
Timeout time : 19/09/02 17:19
Current failed test : com.google.javascript.jscomp.InlineFunctionsTest::testNoInlineIfParametersModified5 | 19/09/02 17:19
Mon Sep 02 17:25:51 EDT 2019 com.google.javascript.rhino.Node,1151
Mon Sep 02 17:26:04 EDT 2019 com.google.javascript.rhino.Node,1156
Mon Sep 02 17:26:38 EDT 2019 com.google.javascript.rhino.Node,1157
Mon Sep 02 17:26:44 EDT 2019 com.google.javascript.rhino.Node,1158
Mon Sep 02 17:26:48 EDT 2019 com.google.javascript.rhino.Node,1165
Mon Sep 02 17:27:00 EDT 2019 Mon Sep 02 17:27:00 EDT 2019 : com.google.javascript.rhino.Node,1166=>Find no block
Mon Sep 02 17:27:06 EDT 2019 com.google.javascript.rhino.Node,1171
Timeout time : 19/09/02 17:29
Current failed test : com.google.javascript.jscomp.InlineFunctionsTest::testNoInlineIfParametersModified6 | 19/09/02 17:29
Mon Sep 02 17:35:48 EDT 2019 com.google.javascript.rhino.Node,1151
Mon Sep 02 17:35:59 EDT 2019 com.google.javascript.rhino.Node,1156
Mon Sep 02 17:36:32 EDT 2019 com.google.javascript.rhino.Node,1157
Mon Sep 02 17:36:36 EDT 2019 com.google.javascript.rhino.Node,1158
Mon Sep 02 17:36:41 EDT 2019 com.google.javascript.rhino.Node,1165
Mon Sep 02 17:36:52 EDT 2019 Mon Sep 02 17:36:52 EDT 2019 : com.google.javascript.rhino.Node,1166=>Find no block
Mon Sep 02 17:36:56 EDT 2019 com.google.javascript.rhino.Node,1171
Timeout time : 19/09/02 17:40
Current failed test : com.google.javascript.jscomp.InlineFunctionsTest::testNoInlineIfParametersModified3 | 19/09/02 17:40
Mon Sep 02 17:46:11 EDT 2019 com.google.javascript.rhino.Node,1151
Mon Sep 02 17:46:22 EDT 2019 com.google.javascript.rhino.Node,1156
Mon Sep 02 17:46:55 EDT 2019 com.google.javascript.rhino.Node,1157
Mon Sep 02 17:47:00 EDT 2019 com.google.javascript.rhino.Node,1158
Mon Sep 02 17:47:04 EDT 2019 com.google.javascript.rhino.Node,1165
Mon Sep 02 17:47:15 EDT 2019 Mon Sep 02 17:47:15 EDT 2019 : com.google.javascript.rhino.Node,1166=>Find no block
Mon Sep 02 17:47:21 EDT 2019 com.google.javascript.rhino.Node,1171
Timeout time : 19/09/02 17:50
Current failed test : com.google.javascript.jscomp.InlineFunctionsTest::testNoInlineIfParametersModified4 | 19/09/02 17:50
Mon Sep 02 17:56:17 EDT 2019 com.google.javascript.rhino.Node,1151
Mon Sep 02 17:56:28 EDT 2019 com.google.javascript.rhino.Node,1156
Mon Sep 02 17:56:55 EDT 2019 com.google.javascript.rhino.Node,1157
Mon Sep 02 17:56:56 EDT 2019 com.google.javascript.rhino.Node,1158
Mon Sep 02 17:57:01 EDT 2019 com.google.javascript.rhino.Node,1165
Mon Sep 02 17:57:10 EDT 2019 Mon Sep 02 17:57:10 EDT 2019 : com.google.javascript.rhino.Node,1166=>Find no block
Mon Sep 02 17:57:12 EDT 2019 com.google.javascript.rhino.Node,1171
Timeout time : 19/09/02 18:00
Current failed test : com.google.javascript.jscomp.InlineFunctionsTest::testShadowVariables1 | 19/09/02 18:00
Mon Sep 02 18:06:09 EDT 2019 com.google.javascript.rhino.Node,1151
Mon Sep 02 18:06:24 EDT 2019 com.google.javascript.rhino.Node,1156
Mon Sep 02 18:07:01 EDT 2019 com.google.javascript.rhino.Node,1157
Mon Sep 02 18:07:07 EDT 2019 com.google.javascript.rhino.Node,1158
Mon Sep 02 18:07:11 EDT 2019 com.google.javascript.rhino.Node,1165
Mon Sep 02 18:07:25 EDT 2019 Mon Sep 02 18:07:25 EDT 2019 : com.google.javascript.rhino.Node,1166=>Find no block
Mon Sep 02 18:07:30 EDT 2019 com.google.javascript.rhino.Node,1171
Timeout time : 19/09/02 18:09
Current failed test : com.google.javascript.jscomp.InlineFunctionsTest::testDecomposeFunctionExpressionInCall | 19/09/02 18:09
Mon Sep 02 18:16:08 EDT 2019 com.google.javascript.rhino.Node,1151
Mon Sep 02 18:16:21 EDT 2019 com.google.javascript.rhino.Node,1156
Mon Sep 02 18:16:59 EDT 2019 com.google.javascript.rhino.Node,1157
Mon Sep 02 18:17:04 EDT 2019 com.google.javascript.rhino.Node,1158
Mon Sep 02 18:17:08 EDT 2019 com.google.javascript.rhino.Node,1165
Mon Sep 02 18:17:20 EDT 2019 Mon Sep 02 18:17:20 EDT 2019 : com.google.javascript.rhino.Node,1166=>Find no block
Mon Sep 02 18:17:25 EDT 2019 com.google.javascript.rhino.Node,1171
Timeout time : 19/09/02 18:19
Current failed test : com.google.javascript.jscomp.InlineFunctionsTest::testInlineFunctions9 | 19/09/02 18:19
Mon Sep 02 18:25:57 EDT 2019 com.google.javascript.rhino.Node,1151
Mon Sep 02 18:26:14 EDT 2019 com.google.javascript.rhino.Node,1156
Mon Sep 02 18:26:52 EDT 2019 com.google.javascript.rhino.Node,1157
Mon Sep 02 18:26:58 EDT 2019 com.google.javascript.rhino.Node,1158
Mon Sep 02 18:27:01 EDT 2019 com.google.javascript.rhino.Node,1165
Mon Sep 02 18:27:14 EDT 2019 Mon Sep 02 18:27:14 EDT 2019 : com.google.javascript.rhino.Node,1166=>Find no block
Mon Sep 02 18:27:17 EDT 2019 com.google.javascript.rhino.Node,1171
Timeout time : 19/09/02 18:29
Current failed test : com.google.javascript.jscomp.InlineFunctionsTest::testMixedModeInliningCosting3 | 19/09/02 18:29
Mon Sep 02 18:36:14 EDT 2019 com.google.javascript.rhino.Node,1151
Mon Sep 02 18:36:28 EDT 2019 com.google.javascript.rhino.Node,1156
Mon Sep 02 18:37:01 EDT 2019 com.google.javascript.rhino.Node,1157
Mon Sep 02 18:37:07 EDT 2019 com.google.javascript.rhino.Node,1158
Mon Sep 02 18:37:13 EDT 2019 com.google.javascript.rhino.Node,1165
Mon Sep 02 18:37:29 EDT 2019 Mon Sep 02 18:37:29 EDT 2019 : com.google.javascript.rhino.Node,1166=>Find no block
Mon Sep 02 18:37:31 EDT 2019 com.google.javascript.rhino.Node,1171
Timeout time : 19/09/02 18:40
Current failed test : com.google.javascript.jscomp.InlineFunctionsTest::testShadowVariables3 | 19/09/02 18:40
Mon Sep 02 18:46:18 EDT 2019 com.google.javascript.rhino.Node,1151
Mon Sep 02 18:46:30 EDT 2019 com.google.javascript.rhino.Node,1156
Mon Sep 02 18:47:03 EDT 2019 com.google.javascript.rhino.Node,1157
Mon Sep 02 18:47:09 EDT 2019 com.google.javascript.rhino.Node,1158
Mon Sep 02 18:47:16 EDT 2019 com.google.javascript.rhino.Node,1165
Mon Sep 02 18:47:28 EDT 2019 Mon Sep 02 18:47:28 EDT 2019 : com.google.javascript.rhino.Node,1166=>Find no block
Mon Sep 02 18:47:33 EDT 2019 com.google.javascript.rhino.Node,1171
Timeout time : 19/09/02 18:50
Current failed test : com.google.javascript.jscomp.InlineFunctionsTest::testInlineNeverMutateConstants | 19/09/02 18:50
Mon Sep 02 18:55:37 EDT 2019 com.google.javascript.rhino.Node,1151
Mon Sep 02 18:55:45 EDT 2019 com.google.javascript.rhino.Node,1156
Mon Sep 02 18:56:14 EDT 2019 com.google.javascript.rhino.Node,1157
Mon Sep 02 18:56:19 EDT 2019 com.google.javascript.rhino.Node,1158
Mon Sep 02 18:56:22 EDT 2019 com.google.javascript.rhino.Node,1165
Mon Sep 02 18:56:33 EDT 2019 Mon Sep 02 18:56:33 EDT 2019 : com.google.javascript.rhino.Node,1166=>Find no block
Mon Sep 02 18:56:38 EDT 2019 com.google.javascript.rhino.Node,1171
Timeout time : 19/09/02 18:59
Current failed test : com.google.javascript.jscomp.InlineFunctionsTest::testComplexFunctionWithFunctionDefinition3 | 19/09/02 18:59
Mon Sep 02 19:04:45 EDT 2019 com.google.javascript.rhino.Node,1151
Mon Sep 02 19:05:00 EDT 2019 com.google.javascript.rhino.Node,1156
Mon Sep 02 19:05:36 EDT 2019 com.google.javascript.rhino.Node,1157
Mon Sep 02 19:05:42 EDT 2019 com.google.javascript.rhino.Node,1158
Mon Sep 02 19:05:47 EDT 2019 com.google.javascript.rhino.Node,1165
Mon Sep 02 19:06:03 EDT 2019 Mon Sep 02 19:06:03 EDT 2019 : com.google.javascript.rhino.Node,1166=>Find no block
Mon Sep 02 19:06:06 EDT 2019 com.google.javascript.rhino.Node,1171
Timeout time : 19/09/02 19:09
Current failed test : com.google.javascript.jscomp.InlineFunctionsTest::testShadowVariables6 | 19/09/02 19:09
Mon Sep 02 19:15:10 EDT 2019 com.google.javascript.rhino.Node,1151
Mon Sep 02 19:15:24 EDT 2019 com.google.javascript.rhino.Node,1156
Mon Sep 02 19:16:00 EDT 2019 com.google.javascript.rhino.Node,1157
Mon Sep 02 19:16:04 EDT 2019 com.google.javascript.rhino.Node,1158
Mon Sep 02 19:16:08 EDT 2019 com.google.javascript.rhino.Node,1165
Mon Sep 02 19:16:22 EDT 2019 Mon Sep 02 19:16:22 EDT 2019 : com.google.javascript.rhino.Node,1166=>Find no block
Mon Sep 02 19:16:26 EDT 2019 com.google.javascript.rhino.Node,1171
Timeout time : 19/09/02 19:18
Current failed test : com.google.javascript.jscomp.InlineFunctionsTest::testComplexFunctionWithFunctionDefinition2 | 19/09/02 19:18
Mon Sep 02 19:25:25 EDT 2019 com.google.javascript.rhino.Node,1151
Mon Sep 02 19:25:37 EDT 2019 com.google.javascript.rhino.Node,1156
Mon Sep 02 19:26:12 EDT 2019 com.google.javascript.rhino.Node,1157
Mon Sep 02 19:26:16 EDT 2019 com.google.javascript.rhino.Node,1158
Mon Sep 02 19:26:21 EDT 2019 com.google.javascript.rhino.Node,1165
Mon Sep 02 19:26:34 EDT 2019 Mon Sep 02 19:26:34 EDT 2019 : com.google.javascript.rhino.Node,1166=>Find no block
Mon Sep 02 19:26:40 EDT 2019 com.google.javascript.rhino.Node,1171
Timeout time : 19/09/02 19:29
Current failed test : com.google.javascript.jscomp.InlineFunctionsTest::testShadowVariables7 | 19/09/02 19:29
Mon Sep 02 19:35:33 EDT 2019 com.google.javascript.rhino.Node,1151
Mon Sep 02 19:35:48 EDT 2019 com.google.javascript.rhino.Node,1156
Mon Sep 02 19:36:24 EDT 2019 com.google.javascript.rhino.Node,1157
Mon Sep 02 19:36:28 EDT 2019 com.google.javascript.rhino.Node,1158
Mon Sep 02 19:36:32 EDT 2019 com.google.javascript.rhino.Node,1165
Mon Sep 02 19:36:48 EDT 2019 Mon Sep 02 19:36:48 EDT 2019 : com.google.javascript.rhino.Node,1166=>Find no block
Mon Sep 02 19:36:52 EDT 2019 com.google.javascript.rhino.Node,1171
Timeout time : 19/09/02 19:39
Current failed test : com.google.javascript.jscomp.InlineFunctionsTest::testInlineNeverOverrideNewValues | 19/09/02 19:39
Mon Sep 02 19:45:31 EDT 2019 com.google.javascript.rhino.Node,1151
Mon Sep 02 19:45:42 EDT 2019 com.google.javascript.rhino.Node,1156
Mon Sep 02 19:46:12 EDT 2019 com.google.javascript.rhino.Node,1157
Mon Sep 02 19:46:14 EDT 2019 com.google.javascript.rhino.Node,1158
Mon Sep 02 19:46:20 EDT 2019 com.google.javascript.rhino.Node,1165
Mon Sep 02 19:46:35 EDT 2019 Mon Sep 02 19:46:35 EDT 2019 : com.google.javascript.rhino.Node,1166=>Find no block
Mon Sep 02 19:46:42 EDT 2019 com.google.javascript.rhino.Node,1171
Timeout time : 19/09/02 19:50
Current failed test : com.google.javascript.jscomp.FunctionToBlockMutatorTest::testMutateCallInLoopVars1 | 19/09/02 19:50
Mon Sep 02 19:56:07 EDT 2019 com.google.javascript.rhino.Node,1151
Mon Sep 02 19:56:25 EDT 2019 com.google.javascript.rhino.Node,1156
Mon Sep 02 19:56:55 EDT 2019 com.google.javascript.rhino.Node,1157
Mon Sep 02 19:57:00 EDT 2019 com.google.javascript.rhino.Node,1158
Mon Sep 02 19:57:06 EDT 2019 com.google.javascript.rhino.Node,1165
Mon Sep 02 19:57:18 EDT 2019 Mon Sep 02 19:57:18 EDT 2019 : com.google.javascript.rhino.Node,1166=>Find no block
Mon Sep 02 19:57:22 EDT 2019 com.google.javascript.rhino.Node,1171
Timeout time : 19/09/02 20:00
Current failed test : com.google.javascript.jscomp.InlineFunctionsTest::testCostBasedInlining9 | 19/09/02 20:00
Mon Sep 02 20:05:53 EDT 2019 com.google.javascript.rhino.Node,1151
Mon Sep 02 20:06:07 EDT 2019 com.google.javascript.rhino.Node,1156
Mon Sep 02 20:06:39 EDT 2019 com.google.javascript.rhino.Node,1157
Mon Sep 02 20:06:43 EDT 2019 com.google.javascript.rhino.Node,1158
Mon Sep 02 20:06:45 EDT 2019 com.google.javascript.rhino.Node,1165
Mon Sep 02 20:06:58 EDT 2019 Mon Sep 02 20:06:58 EDT 2019 : com.google.javascript.rhino.Node,1166=>Find no block
Mon Sep 02 20:07:00 EDT 2019 com.google.javascript.rhino.Node,1171
Timeout time : 19/09/02 20:10
Current failed test : com.google.javascript.jscomp.InlineFunctionsTest::testComplexFunctionWithFunctionDefinition2a | 19/09/02 20:10
Mon Sep 02 20:16:22 EDT 2019 com.google.javascript.rhino.Node,1151
Mon Sep 02 20:16:40 EDT 2019 com.google.javascript.rhino.Node,1156
Mon Sep 02 20:17:25 EDT 2019 com.google.javascript.rhino.Node,1157
Mon Sep 02 20:17:34 EDT 2019 com.google.javascript.rhino.Node,1158
Mon Sep 02 20:17:40 EDT 2019 com.google.javascript.rhino.Node,1165
Mon Sep 02 20:17:57 EDT 2019 Mon Sep 02 20:17:57 EDT 2019 : com.google.javascript.rhino.Node,1166=>Find no block
Mon Sep 02 20:18:04 EDT 2019 com.google.javascript.rhino.Node,1171
Timeout time : 19/09/02 20:20
Current failed test : com.google.javascript.jscomp.InlineFunctionsTest::testLoopWithFunctionWithFunction | 19/09/02 20:20
Mon Sep 02 20:26:14 EDT 2019 com.google.javascript.rhino.Node,1151
Mon Sep 02 20:26:30 EDT 2019 com.google.javascript.rhino.Node,1156
Mon Sep 02 20:27:08 EDT 2019 com.google.javascript.rhino.Node,1157
Mon Sep 02 20:27:13 EDT 2019 com.google.javascript.rhino.Node,1158
Mon Sep 02 20:27:18 EDT 2019 com.google.javascript.rhino.Node,1165
Mon Sep 02 20:27:33 EDT 2019 Mon Sep 02 20:27:33 EDT 2019 : com.google.javascript.rhino.Node,1166=>Find no block
Mon Sep 02 20:27:38 EDT 2019 com.google.javascript.rhino.Node,1171
Timeout time : 19/09/02 20:30
Current failed test : com.google.javascript.jscomp.InlineFunctionsTest::testInlineFunctions23 | 19/09/02 20:30
Mon Sep 02 20:35:59 EDT 2019 com.google.javascript.rhino.Node,1151
Mon Sep 02 20:36:13 EDT 2019 com.google.javascript.rhino.Node,1156
Mon Sep 02 20:36:44 EDT 2019 com.google.javascript.rhino.Node,1157
Mon Sep 02 20:36:50 EDT 2019 com.google.javascript.rhino.Node,1158
Mon Sep 02 20:36:54 EDT 2019 com.google.javascript.rhino.Node,1165
Mon Sep 02 20:37:09 EDT 2019 Mon Sep 02 20:37:09 EDT 2019 : com.google.javascript.rhino.Node,1166=>Find no block
Mon Sep 02 20:37:14 EDT 2019 com.google.javascript.rhino.Node,1171
Timeout time : 19/09/02 20:39
Current failed test : com.google.javascript.jscomp.InlineFunctionsTest::testInlineBlockMutableArgs1 | 19/09/02 20:39
Mon Sep 02 20:45:57 EDT 2019 com.google.javascript.rhino.Node,1151
Mon Sep 02 20:46:12 EDT 2019 com.google.javascript.rhino.Node,1156
Mon Sep 02 20:46:47 EDT 2019 com.google.javascript.rhino.Node,1157
Mon Sep 02 20:46:52 EDT 2019 com.google.javascript.rhino.Node,1158
Mon Sep 02 20:46:57 EDT 2019 com.google.javascript.rhino.Node,1165
Mon Sep 02 20:47:10 EDT 2019 Mon Sep 02 20:47:10 EDT 2019 : com.google.javascript.rhino.Node,1166=>Find no block
Mon Sep 02 20:47:14 EDT 2019 com.google.javascript.rhino.Node,1171
Timeout time : 19/09/02 20:50
Current failed test : com.google.javascript.jscomp.InlineFunctionsTest::testInlineFunctions22 | 19/09/02 20:50
Mon Sep 02 20:56:17 EDT 2019 com.google.javascript.rhino.Node,1151
Mon Sep 02 20:56:34 EDT 2019 com.google.javascript.rhino.Node,1156
Mon Sep 02 20:57:09 EDT 2019 com.google.javascript.rhino.Node,1157
Mon Sep 02 20:57:15 EDT 2019 com.google.javascript.rhino.Node,1158
Mon Sep 02 20:57:19 EDT 2019 com.google.javascript.rhino.Node,1165
Mon Sep 02 20:57:33 EDT 2019 Mon Sep 02 20:57:33 EDT 2019 : com.google.javascript.rhino.Node,1166=>Find no block
Mon Sep 02 20:57:38 EDT 2019 com.google.javascript.rhino.Node,1171
Timeout time : 19/09/02 20:59
Current failed test : com.google.javascript.jscomp.InlineFunctionsTest::testInlineBlockMutableArgs2 | 19/09/02 20:59
Mon Sep 02 21:05:51 EDT 2019 com.google.javascript.rhino.Node,1151
Mon Sep 02 21:06:00 EDT 2019 com.google.javascript.rhino.Node,1156
Mon Sep 02 21:06:25 EDT 2019 com.google.javascript.rhino.Node,1157
Mon Sep 02 21:06:28 EDT 2019 com.google.javascript.rhino.Node,1158
Mon Sep 02 21:06:31 EDT 2019 com.google.javascript.rhino.Node,1165
Mon Sep 02 21:06:38 EDT 2019 Mon Sep 02 21:06:38 EDT 2019 : com.google.javascript.rhino.Node,1166=>Find no block
Mon Sep 02 21:06:39 EDT 2019 com.google.javascript.rhino.Node,1171
Timeout time : 19/09/02 21:09
Current failed test : com.google.javascript.jscomp.InlineFunctionsTest::testInlineBlockMutableArgs3 | 19/09/02 21:09
Mon Sep 02 21:13:22 EDT 2019 com.google.javascript.rhino.Node,1151
Mon Sep 02 21:13:26 EDT 2019 com.google.javascript.rhino.Node,1156
Mon Sep 02 21:13:42 EDT 2019 com.google.javascript.rhino.Node,1157
Mon Sep 02 21:13:43 EDT 2019 com.google.javascript.rhino.Node,1158
Mon Sep 02 21:13:44 EDT 2019 com.google.javascript.rhino.Node,1165
Mon Sep 02 21:13:48 EDT 2019 Mon Sep 02 21:13:48 EDT 2019 : com.google.javascript.rhino.Node,1166=>Find no block
Mon Sep 02 21:13:49 EDT 2019 com.google.javascript.rhino.Node,1171
Timeout time : 19/09/02 21:17
Current failed test : com.google.javascript.jscomp.InlineFunctionsTest::testInlineBlockMutableArgs4 | 19/09/02 21:17
Mon Sep 02 21:20:23 EDT 2019 com.google.javascript.rhino.Node,1151
Mon Sep 02 21:20:26 EDT 2019 com.google.javascript.rhino.Node,1156
Mon Sep 02 21:20:41 EDT 2019 com.google.javascript.rhino.Node,1157
Mon Sep 02 21:20:41 EDT 2019 com.google.javascript.rhino.Node,1158
Mon Sep 02 21:20:42 EDT 2019 com.google.javascript.rhino.Node,1165
Mon Sep 02 21:20:45 EDT 2019 Mon Sep 02 21:20:45 EDT 2019 : com.google.javascript.rhino.Node,1166=>Find no block
Mon Sep 02 21:20:46 EDT 2019 com.google.javascript.rhino.Node,1171
Timeout time : 19/09/02 21:24
Current failed test : com.google.javascript.jscomp.InlineFunctionsTest::testComplexSample | 19/09/02 21:24
Mon Sep 02 21:27:21 EDT 2019 com.google.javascript.rhino.Node,1151
Mon Sep 02 21:27:24 EDT 2019 com.google.javascript.rhino.Node,1156
Mon Sep 02 21:27:39 EDT 2019 com.google.javascript.rhino.Node,1157
Mon Sep 02 21:27:40 EDT 2019 com.google.javascript.rhino.Node,1158
Mon Sep 02 21:27:40 EDT 2019 com.google.javascript.rhino.Node,1165
Mon Sep 02 21:27:44 EDT 2019 Mon Sep 02 21:27:44 EDT 2019 : com.google.javascript.rhino.Node,1166=>Find no block
Mon Sep 02 21:27:44 EDT 2019 com.google.javascript.rhino.Node,1171
Timeout time : 19/09/02 21:31
Current failed test : com.google.javascript.jscomp.FunctionToBlockMutatorTest::testMutateWithParameters3 | 19/09/02 21:31
Mon Sep 02 21:34:16 EDT 2019 com.google.javascript.rhino.Node,1151
Mon Sep 02 21:34:19 EDT 2019 com.google.javascript.rhino.Node,1156
Mon Sep 02 21:34:32 EDT 2019 com.google.javascript.rhino.Node,1157
Mon Sep 02 21:34:33 EDT 2019 com.google.javascript.rhino.Node,1158
Mon Sep 02 21:34:34 EDT 2019 com.google.javascript.rhino.Node,1165
Mon Sep 02 21:34:37 EDT 2019 Mon Sep 02 21:34:37 EDT 2019 : com.google.javascript.rhino.Node,1166=>Find no block
Mon Sep 02 21:34:38 EDT 2019 com.google.javascript.rhino.Node,1171
Timeout time : 19/09/02 21:38
Current failed test : com.google.javascript.jscomp.FunctionInjectorTest::testInlineIntoLoop | 19/09/02 21:38
Mon Sep 02 21:41:17 EDT 2019 com.google.javascript.rhino.Node,1151
Mon Sep 02 21:41:19 EDT 2019 com.google.javascript.rhino.Node,1156
Mon Sep 02 21:41:33 EDT 2019 com.google.javascript.rhino.Node,1157
Mon Sep 02 21:41:34 EDT 2019 com.google.javascript.rhino.Node,1158
Mon Sep 02 21:41:34 EDT 2019 com.google.javascript.rhino.Node,1165
Mon Sep 02 21:41:37 EDT 2019 Mon Sep 02 21:41:37 EDT 2019 : com.google.javascript.rhino.Node,1166=>Find no block
Mon Sep 02 21:41:38 EDT 2019 com.google.javascript.rhino.Node,1171
Timeout time : 19/09/02 21:45
Current failed test : com.google.javascript.jscomp.InlineFunctionsTest::testIssue423 | 19/09/02 21:45
Mon Sep 02 21:48:16 EDT 2019 com.google.javascript.rhino.Node,1151
Mon Sep 02 21:48:19 EDT 2019 com.google.javascript.rhino.Node,1156
Mon Sep 02 21:48:33 EDT 2019 com.google.javascript.rhino.Node,1157
Mon Sep 02 21:48:34 EDT 2019 com.google.javascript.rhino.Node,1158
Mon Sep 02 21:48:34 EDT 2019 com.google.javascript.rhino.Node,1165
Mon Sep 02 21:48:37 EDT 2019 Mon Sep 02 21:48:37 EDT 2019 : com.google.javascript.rhino.Node,1166=>Find no block
Mon Sep 02 21:48:38 EDT 2019 com.google.javascript.rhino.Node,1171
Timeout time : 19/09/02 21:52
Current failed test : com.google.javascript.jscomp.InlineFunctionsTest::testAnonymous3 | 19/09/02 21:52
Mon Sep 02 21:55:12 EDT 2019 com.google.javascript.rhino.Node,1151
Mon Sep 02 21:55:15 EDT 2019 com.google.javascript.rhino.Node,1156
Mon Sep 02 21:55:29 EDT 2019 com.google.javascript.rhino.Node,1157
Mon Sep 02 21:55:29 EDT 2019 com.google.javascript.rhino.Node,1158
Mon Sep 02 21:55:30 EDT 2019 com.google.javascript.rhino.Node,1165
Mon Sep 02 21:55:33 EDT 2019 Mon Sep 02 21:55:33 EDT 2019 : com.google.javascript.rhino.Node,1166=>Find no block
Mon Sep 02 21:55:34 EDT 2019 com.google.javascript.rhino.Node,1171
Timeout time : 19/09/02 21:59
Current failed test : com.google.javascript.jscomp.InlineFunctionsTest::testComplexInlineVars7 | 19/09/02 21:59
Mon Sep 02 22:02:06 EDT 2019 com.google.javascript.rhino.Node,1151
Mon Sep 02 22:02:09 EDT 2019 com.google.javascript.rhino.Node,1156
Mon Sep 02 22:02:23 EDT 2019 com.google.javascript.rhino.Node,1157
Mon Sep 02 22:02:24 EDT 2019 com.google.javascript.rhino.Node,1158
Mon Sep 02 22:02:24 EDT 2019 com.google.javascript.rhino.Node,1165
Mon Sep 02 22:02:27 EDT 2019 Mon Sep 02 22:02:27 EDT 2019 : com.google.javascript.rhino.Node,1166=>Find no block
Mon Sep 02 22:02:28 EDT 2019 com.google.javascript.rhino.Node,1171
Timeout time : 19/09/02 22:06
Current failed test : com.google.javascript.jscomp.InlineFunctionsTest::testAnonymous1 | 19/09/02 22:06
Mon Sep 02 22:08:57 EDT 2019 com.google.javascript.rhino.Node,1151
Mon Sep 02 22:09:00 EDT 2019 com.google.javascript.rhino.Node,1156
Mon Sep 02 22:09:14 EDT 2019 com.google.javascript.rhino.Node,1157
Mon Sep 02 22:09:14 EDT 2019 com.google.javascript.rhino.Node,1158
Mon Sep 02 22:09:15 EDT 2019 com.google.javascript.rhino.Node,1165
Mon Sep 02 22:09:18 EDT 2019 Mon Sep 02 22:09:18 EDT 2019 : com.google.javascript.rhino.Node,1166=>Find no block
Mon Sep 02 22:09:19 EDT 2019 com.google.javascript.rhino.Node,1171
Timeout time : 19/09/02 22:12
Current failed test : com.google.javascript.jscomp.InlineFunctionsTest::testFunctionExpressionYCombinator | 19/09/02 22:12
Mon Sep 02 22:15:46 EDT 2019 com.google.javascript.rhino.Node,1151
Mon Sep 02 22:15:49 EDT 2019 com.google.javascript.rhino.Node,1156
Mon Sep 02 22:16:02 EDT 2019 com.google.javascript.rhino.Node,1157
Mon Sep 02 22:16:02 EDT 2019 com.google.javascript.rhino.Node,1158
Mon Sep 02 22:16:03 EDT 2019 com.google.javascript.rhino.Node,1165
Mon Sep 02 22:16:06 EDT 2019 Mon Sep 02 22:16:06 EDT 2019 : com.google.javascript.rhino.Node,1166=>Find no block
Mon Sep 02 22:16:07 EDT 2019 com.google.javascript.rhino.Node,1171
Timeout time : 19/09/02 22:19
Current failed test : com.google.javascript.jscomp.FunctionInjectorTest::testInline13 | 19/09/02 22:19
Mon Sep 02 22:22:38 EDT 2019 com.google.javascript.rhino.Node,1151
Mon Sep 02 22:22:41 EDT 2019 com.google.javascript.rhino.Node,1156
Mon Sep 02 22:22:54 EDT 2019 com.google.javascript.rhino.Node,1157
Mon Sep 02 22:22:55 EDT 2019 com.google.javascript.rhino.Node,1158
Mon Sep 02 22:22:56 EDT 2019 com.google.javascript.rhino.Node,1165
Mon Sep 02 22:22:58 EDT 2019 Mon Sep 02 22:22:58 EDT 2019 : com.google.javascript.rhino.Node,1166=>Find no block
Mon Sep 02 22:22:59 EDT 2019 com.google.javascript.rhino.Node,1171
Timeout time : 19/09/02 22:26
Current failed test : com.google.javascript.jscomp.FunctionInjectorTest::testInline14 | 19/09/02 22:26
Mon Sep 02 22:29:29 EDT 2019 com.google.javascript.rhino.Node,1151
Mon Sep 02 22:29:32 EDT 2019 com.google.javascript.rhino.Node,1156
Mon Sep 02 22:29:45 EDT 2019 com.google.javascript.rhino.Node,1157
Mon Sep 02 22:29:46 EDT 2019 com.google.javascript.rhino.Node,1158
Mon Sep 02 22:29:47 EDT 2019 com.google.javascript.rhino.Node,1165
Mon Sep 02 22:29:50 EDT 2019 Mon Sep 02 22:29:50 EDT 2019 : com.google.javascript.rhino.Node,1166=>Find no block
Mon Sep 02 22:29:50 EDT 2019 com.google.javascript.rhino.Node,1171
Timeout time : 19/09/02 22:33
Current failed test : com.google.javascript.jscomp.FunctionInjectorTest::testInline15 | 19/09/02 22:33
Mon Sep 02 22:36:49 EDT 2019 com.google.javascript.rhino.Node,1151
Mon Sep 02 22:36:52 EDT 2019 com.google.javascript.rhino.Node,1156
Mon Sep 02 22:37:05 EDT 2019 com.google.javascript.rhino.Node,1157
Mon Sep 02 22:37:06 EDT 2019 com.google.javascript.rhino.Node,1158
Mon Sep 02 22:37:06 EDT 2019 com.google.javascript.rhino.Node,1165
Mon Sep 02 22:37:09 EDT 2019 Mon Sep 02 22:37:09 EDT 2019 : com.google.javascript.rhino.Node,1166=>Find no block
Mon Sep 02 22:37:10 EDT 2019 com.google.javascript.rhino.Node,1171
Timeout time : 19/09/02 22:40
Current failed test : com.google.javascript.jscomp.FunctionInjectorTest::testInline16 | 19/09/02 22:40
Mon Sep 02 22:44:27 EDT 2019 com.google.javascript.rhino.Node,1151
Mon Sep 02 22:44:46 EDT 2019 com.google.javascript.rhino.Node,1156
Mon Sep 02 22:45:00 EDT 2019 com.google.javascript.rhino.Node,1157
Mon Sep 02 22:45:01 EDT 2019 com.google.javascript.rhino.Node,1158
Mon Sep 02 22:45:01 EDT 2019 com.google.javascript.rhino.Node,1165
Mon Sep 02 22:45:04 EDT 2019 Mon Sep 02 22:45:04 EDT 2019 : com.google.javascript.rhino.Node,1166=>Find no block
Mon Sep 02 22:45:05 EDT 2019 com.google.javascript.rhino.Node,1171
Timeout time : 19/09/02 22:48
Current failed test : com.google.javascript.jscomp.FunctionInjectorTest::testInline17 | 19/09/02 22:48
Mon Sep 02 22:52:13 EDT 2019 com.google.javascript.rhino.Node,1151
Mon Sep 02 22:52:15 EDT 2019 com.google.javascript.rhino.Node,1156
Mon Sep 02 22:52:31 EDT 2019 com.google.javascript.rhino.Node,1157
Mon Sep 02 22:52:47 EDT 2019 com.google.javascript.rhino.Node,1158
Mon Sep 02 22:52:48 EDT 2019 com.google.javascript.rhino.Node,1165
Mon Sep 02 22:52:51 EDT 2019 Mon Sep 02 22:52:51 EDT 2019 : com.google.javascript.rhino.Node,1166=>Find no block
Mon Sep 02 22:52:51 EDT 2019 com.google.javascript.rhino.Node,1171
Timeout time : 19/09/02 22:56
Current failed test : com.google.javascript.jscomp.FunctionInjectorTest::testInline18 | 19/09/02 22:56
Mon Sep 02 22:59:50 EDT 2019 com.google.javascript.rhino.Node,1151
Mon Sep 02 22:59:53 EDT 2019 com.google.javascript.rhino.Node,1156
Mon Sep 02 23:00:06 EDT 2019 com.google.javascript.rhino.Node,1157
Mon Sep 02 23:00:07 EDT 2019 com.google.javascript.rhino.Node,1158
Mon Sep 02 23:00:08 EDT 2019 com.google.javascript.rhino.Node,1165
Mon Sep 02 23:00:11 EDT 2019 Mon Sep 02 23:00:11 EDT 2019 : com.google.javascript.rhino.Node,1166=>Find no block
Mon Sep 02 23:00:12 EDT 2019 com.google.javascript.rhino.Node,1171
Timeout time : 19/09/02 23:03
Current failed test : com.google.javascript.jscomp.FunctionInjectorTest::testInline19 | 19/09/02 23:03
Mon Sep 02 23:06:48 EDT 2019 com.google.javascript.rhino.Node,1151
Mon Sep 02 23:06:51 EDT 2019 com.google.javascript.rhino.Node,1156
Mon Sep 02 23:07:06 EDT 2019 com.google.javascript.rhino.Node,1157
Mon Sep 02 23:07:06 EDT 2019 com.google.javascript.rhino.Node,1158
Mon Sep 02 23:07:07 EDT 2019 com.google.javascript.rhino.Node,1165
Mon Sep 02 23:07:10 EDT 2019 Mon Sep 02 23:07:10 EDT 2019 : com.google.javascript.rhino.Node,1166=>Find no block
Mon Sep 02 23:07:11 EDT 2019 com.google.javascript.rhino.Node,1171
Timeout time : 19/09/02 23:10
Current failed test : com.google.javascript.jscomp.InlineFunctionsTest::testFunctionExpressionCallInlining11b | 19/09/02 23:10
Mon Sep 02 23:13:39 EDT 2019 com.google.javascript.rhino.Node,1151
Mon Sep 02 23:13:42 EDT 2019 com.google.javascript.rhino.Node,1156
Mon Sep 02 23:13:55 EDT 2019 com.google.javascript.rhino.Node,1157
Mon Sep 02 23:13:56 EDT 2019 com.google.javascript.rhino.Node,1158
Mon Sep 02 23:13:57 EDT 2019 com.google.javascript.rhino.Node,1165
Mon Sep 02 23:14:00 EDT 2019 Mon Sep 02 23:14:00 EDT 2019 : com.google.javascript.rhino.Node,1166=>Find no block
Mon Sep 02 23:14:00 EDT 2019 com.google.javascript.rhino.Node,1171
Timeout time : 19/09/02 23:17
Current failed test : com.google.javascript.jscomp.InlineFunctionsTest::testInlineWithThis7 | 19/09/02 23:17
Mon Sep 02 23:20:31 EDT 2019 com.google.javascript.rhino.Node,1151
Mon Sep 02 23:20:34 EDT 2019 com.google.javascript.rhino.Node,1156
Mon Sep 02 23:20:48 EDT 2019 com.google.javascript.rhino.Node,1157
Mon Sep 02 23:20:49 EDT 2019 com.google.javascript.rhino.Node,1158
Mon Sep 02 23:20:50 EDT 2019 com.google.javascript.rhino.Node,1165
Mon Sep 02 23:20:52 EDT 2019 Mon Sep 02 23:20:52 EDT 2019 : com.google.javascript.rhino.Node,1166=>Find no block
Mon Sep 02 23:20:53 EDT 2019 com.google.javascript.rhino.Node,1171
Timeout time : 19/09/02 23:24
Current failed test : com.google.javascript.jscomp.InlineFunctionsTest::testComplexInlineNoResultNoParamCall3 | 19/09/02 23:24
Mon Sep 02 23:27:23 EDT 2019 com.google.javascript.rhino.Node,1151
Mon Sep 02 23:27:26 EDT 2019 com.google.javascript.rhino.Node,1156
Mon Sep 02 23:27:39 EDT 2019 com.google.javascript.rhino.Node,1157
Mon Sep 02 23:27:40 EDT 2019 com.google.javascript.rhino.Node,1158
Mon Sep 02 23:27:40 EDT 2019 com.google.javascript.rhino.Node,1165
Mon Sep 02 23:27:43 EDT 2019 Mon Sep 02 23:27:43 EDT 2019 : com.google.javascript.rhino.Node,1166=>Find no block
Mon Sep 02 23:27:44 EDT 2019 com.google.javascript.rhino.Node,1171
Timeout time : 19/09/02 23:31
Current failed test : com.google.javascript.jscomp.InlineFunctionsTest::testInlineFunctions10 | 19/09/02 23:31
Mon Sep 02 23:34:13 EDT 2019 com.google.javascript.rhino.Node,1151
Mon Sep 02 23:34:16 EDT 2019 com.google.javascript.rhino.Node,1156
Mon Sep 02 23:34:29 EDT 2019 com.google.javascript.rhino.Node,1157
Mon Sep 02 23:34:30 EDT 2019 com.google.javascript.rhino.Node,1158
Mon Sep 02 23:34:30 EDT 2019 com.google.javascript.rhino.Node,1165
Mon Sep 02 23:34:33 EDT 2019 Mon Sep 02 23:34:33 EDT 2019 : com.google.javascript.rhino.Node,1166=>Find no block
Mon Sep 02 23:34:34 EDT 2019 com.google.javascript.rhino.Node,1171
Timeout time : 19/09/02 23:38
Current failed test : com.google.javascript.jscomp.InlineFunctionsTest::testInlineFunctions13 | 19/09/02 23:38
Mon Sep 02 23:41:06 EDT 2019 com.google.javascript.rhino.Node,1151
Mon Sep 02 23:41:09 EDT 2019 com.google.javascript.rhino.Node,1156
Mon Sep 02 23:41:22 EDT 2019 com.google.javascript.rhino.Node,1157
Mon Sep 02 23:41:22 EDT 2019 com.google.javascript.rhino.Node,1158
Mon Sep 02 23:41:23 EDT 2019 com.google.javascript.rhino.Node,1165
Mon Sep 02 23:41:26 EDT 2019 Mon Sep 02 23:41:26 EDT 2019 : com.google.javascript.rhino.Node,1166=>Find no block
Mon Sep 02 23:41:27 EDT 2019 com.google.javascript.rhino.Node,1171
Timeout time : 19/09/02 23:45
Current failed test : com.google.javascript.jscomp.FunctionToBlockMutatorTest::testMutateFunctionDefinition | 19/09/02 23:45
Mon Sep 02 23:48:56 EDT 2019 com.google.javascript.rhino.Node,1151
Mon Sep 02 23:48:59 EDT 2019 com.google.javascript.rhino.Node,1156
Mon Sep 02 23:49:13 EDT 2019 com.google.javascript.rhino.Node,1157
Mon Sep 02 23:49:14 EDT 2019 com.google.javascript.rhino.Node,1158
Mon Sep 02 23:49:15 EDT 2019 com.google.javascript.rhino.Node,1165
Mon Sep 02 23:49:18 EDT 2019 Mon Sep 02 23:49:18 EDT 2019 : com.google.javascript.rhino.Node,1166=>Find no block
Mon Sep 02 23:49:18 EDT 2019 com.google.javascript.rhino.Node,1171
Timeout time : 19/09/02 23:53
Current failed test : com.google.javascript.jscomp.InlineFunctionsTest::testNoInlineIfParametersModified2 | 19/09/02 23:53
Mon Sep 02 23:56:05 EDT 2019 com.google.javascript.rhino.Node,1151
Mon Sep 02 23:56:08 EDT 2019 com.google.javascript.rhino.Node,1156
Mon Sep 02 23:56:22 EDT 2019 com.google.javascript.rhino.Node,1157
Mon Sep 02 23:56:22 EDT 2019 com.google.javascript.rhino.Node,1158
Mon Sep 02 23:56:23 EDT 2019 com.google.javascript.rhino.Node,1165
Mon Sep 02 23:56:26 EDT 2019 Mon Sep 02 23:56:26 EDT 2019 : com.google.javascript.rhino.Node,1166=>Find no block
Mon Sep 02 23:56:26 EDT 2019 com.google.javascript.rhino.Node,1171
Timeout time : 19/09/03 00:00
Current failed test : com.google.javascript.jscomp.InlineFunctionsTest::testNoInlineIfParametersModified1 | 19/09/03 00:00
Tue Sep 03 00:03:05 EDT 2019 com.google.javascript.rhino.Node,1151
Tue Sep 03 00:03:08 EDT 2019 com.google.javascript.rhino.Node,1156
Tue Sep 03 00:03:22 EDT 2019 com.google.javascript.rhino.Node,1157
Tue Sep 03 00:03:23 EDT 2019 com.google.javascript.rhino.Node,1158
Tue Sep 03 00:03:23 EDT 2019 com.google.javascript.rhino.Node,1165
Tue Sep 03 00:03:26 EDT 2019 Tue Sep 03 00:03:26 EDT 2019 : com.google.javascript.rhino.Node,1166=>Find no block
Tue Sep 03 00:03:27 EDT 2019 com.google.javascript.rhino.Node,1171
Timeout time : 19/09/03 00:07
Current failed test : com.google.javascript.jscomp.InlineFunctionsTest::testBug4944818 | 19/09/03 00:07
Tue Sep 03 00:10:11 EDT 2019 com.google.javascript.rhino.Node,1151
Tue Sep 03 00:10:14 EDT 2019 com.google.javascript.rhino.Node,1156
Tue Sep 03 00:10:27 EDT 2019 com.google.javascript.rhino.Node,1157
Tue Sep 03 00:10:28 EDT 2019 com.google.javascript.rhino.Node,1158
Tue Sep 03 00:10:28 EDT 2019 com.google.javascript.rhino.Node,1165
Tue Sep 03 00:10:31 EDT 2019 Tue Sep 03 00:10:31 EDT 2019 : com.google.javascript.rhino.Node,1166=>Find no block
Tue Sep 03 00:10:32 EDT 2019 com.google.javascript.rhino.Node,1171
Timeout time : 19/09/03 00:14
Current failed test : com.google.javascript.jscomp.InlineFunctionsTest::testInlineFunctions16a | 19/09/03 00:14
Tue Sep 03 00:17:13 EDT 2019 com.google.javascript.rhino.Node,1151
Tue Sep 03 00:17:16 EDT 2019 com.google.javascript.rhino.Node,1156
Tue Sep 03 00:17:30 EDT 2019 com.google.javascript.rhino.Node,1157
Tue Sep 03 00:17:30 EDT 2019 com.google.javascript.rhino.Node,1158
Tue Sep 03 00:17:31 EDT 2019 com.google.javascript.rhino.Node,1165
Tue Sep 03 00:17:34 EDT 2019 Tue Sep 03 00:17:34 EDT 2019 : com.google.javascript.rhino.Node,1166=>Find no block
Tue Sep 03 00:17:34 EDT 2019 com.google.javascript.rhino.Node,1171
Timeout time : 19/09/03 00:21
Current failed test : com.google.javascript.jscomp.InlineFunctionsTest::testShadowVariables18 | 19/09/03 00:21
Tue Sep 03 00:24:18 EDT 2019 com.google.javascript.rhino.Node,1151
Tue Sep 03 00:24:21 EDT 2019 com.google.javascript.rhino.Node,1156
Tue Sep 03 00:24:35 EDT 2019 com.google.javascript.rhino.Node,1157
Tue Sep 03 00:24:36 EDT 2019 com.google.javascript.rhino.Node,1158
Tue Sep 03 00:24:36 EDT 2019 com.google.javascript.rhino.Node,1165
Tue Sep 03 00:24:39 EDT 2019 Tue Sep 03 00:24:39 EDT 2019 : com.google.javascript.rhino.Node,1166=>Find no block
Tue Sep 03 00:24:40 EDT 2019 com.google.javascript.rhino.Node,1171
Timeout time : 19/09/03 00:28
Current failed test : com.google.javascript.jscomp.InlineFunctionsTest::testShadowVariables16 | 19/09/03 00:28
Tue Sep 03 00:31:27 EDT 2019 com.google.javascript.rhino.Node,1151
Tue Sep 03 00:31:31 EDT 2019 com.google.javascript.rhino.Node,1156
Tue Sep 03 00:31:45 EDT 2019 com.google.javascript.rhino.Node,1157
Tue Sep 03 00:31:46 EDT 2019 com.google.javascript.rhino.Node,1158
Tue Sep 03 00:31:46 EDT 2019 com.google.javascript.rhino.Node,1165
Tue Sep 03 00:31:49 EDT 2019 Tue Sep 03 00:31:49 EDT 2019 : com.google.javascript.rhino.Node,1166=>Find no block
Tue Sep 03 00:31:49 EDT 2019 com.google.javascript.rhino.Node,1171
Timeout time : 19/09/03 00:35
Current failed test : com.google.javascript.jscomp.MakeDeclaredNamesUniqueTest::testMakeLocalNamesUniqueWithContext5 | 19/09/03 00:35
Tue Sep 03 00:38:44 EDT 2019 com.google.javascript.rhino.Node,1151
Tue Sep 03 00:38:47 EDT 2019 com.google.javascript.rhino.Node,1156
Tue Sep 03 00:39:01 EDT 2019 com.google.javascript.rhino.Node,1157
Tue Sep 03 00:39:02 EDT 2019 com.google.javascript.rhino.Node,1158
Tue Sep 03 00:39:02 EDT 2019 com.google.javascript.rhino.Node,1165
Tue Sep 03 00:39:06 EDT 2019 Tue Sep 03 00:39:06 EDT 2019 : com.google.javascript.rhino.Node,1166=>Find no block
Tue Sep 03 00:39:07 EDT 2019 com.google.javascript.rhino.Node,1171
Timeout time : 19/09/03 00:42
Current failed test : com.google.javascript.jscomp.FunctionInjectorTest::testInline19b | 19/09/03 00:42
Tue Sep 03 00:45:37 EDT 2019 com.google.javascript.rhino.Node,1151
Tue Sep 03 00:45:40 EDT 2019 com.google.javascript.rhino.Node,1156
Tue Sep 03 00:45:54 EDT 2019 com.google.javascript.rhino.Node,1157
Tue Sep 03 00:45:54 EDT 2019 com.google.javascript.rhino.Node,1158
Tue Sep 03 00:45:55 EDT 2019 com.google.javascript.rhino.Node,1165
Tue Sep 03 00:45:57 EDT 2019 Tue Sep 03 00:45:57 EDT 2019 : com.google.javascript.rhino.Node,1166=>Find no block
Tue Sep 03 00:45:58 EDT 2019 com.google.javascript.rhino.Node,1171
Timeout time : 19/09/03 00:49
Current failed test : com.google.javascript.jscomp.InlineFunctionsTest::testFunctionExpressionOmega | 19/09/03 00:49
Tue Sep 03 00:52:36 EDT 2019 com.google.javascript.rhino.Node,1151
Tue Sep 03 00:52:39 EDT 2019 com.google.javascript.rhino.Node,1156
Tue Sep 03 00:52:52 EDT 2019 com.google.javascript.rhino.Node,1157
Tue Sep 03 00:52:53 EDT 2019 com.google.javascript.rhino.Node,1158
Tue Sep 03 00:52:54 EDT 2019 com.google.javascript.rhino.Node,1165
Tue Sep 03 00:52:56 EDT 2019 Tue Sep 03 00:52:56 EDT 2019 : com.google.javascript.rhino.Node,1166=>Find no block
Tue Sep 03 00:52:57 EDT 2019 com.google.javascript.rhino.Node,1171
Timeout time : 19/09/03 00:56
Current failed test : com.google.javascript.jscomp.FunctionInjectorTest::testInlineFunctionWithInnerFunction5 | 19/09/03 00:56
Tue Sep 03 00:59:34 EDT 2019 com.google.javascript.rhino.Node,1151
Tue Sep 03 00:59:37 EDT 2019 com.google.javascript.rhino.Node,1156
Tue Sep 03 00:59:51 EDT 2019 com.google.javascript.rhino.Node,1157
Tue Sep 03 00:59:52 EDT 2019 com.google.javascript.rhino.Node,1158
Tue Sep 03 00:59:53 EDT 2019 com.google.javascript.rhino.Node,1165
Tue Sep 03 01:00:06 EDT 2019 Tue Sep 03 01:00:06 EDT 2019 : com.google.javascript.rhino.Node,1166=>Find no block
Tue Sep 03 01:00:06 EDT 2019 com.google.javascript.rhino.Node,1171
Timeout time : 19/09/03 01:03
Current failed test : com.google.javascript.jscomp.FunctionToBlockMutatorTest::testMutateInitializeUninitializedVars1 | 19/09/03 01:03
Tue Sep 03 01:06:35 EDT 2019 com.google.javascript.rhino.Node,1151
Tue Sep 03 01:06:38 EDT 2019 com.google.javascript.rhino.Node,1156
Tue Sep 03 01:06:51 EDT 2019 com.google.javascript.rhino.Node,1157
Tue Sep 03 01:06:52 EDT 2019 com.google.javascript.rhino.Node,1158
Tue Sep 03 01:06:53 EDT 2019 com.google.javascript.rhino.Node,1165
Tue Sep 03 01:06:55 EDT 2019 Tue Sep 03 01:06:55 EDT 2019 : com.google.javascript.rhino.Node,1166=>Find no block
Tue Sep 03 01:06:56 EDT 2019 com.google.javascript.rhino.Node,1171
Timeout time : 19/09/03 01:10
Current failed test : com.google.javascript.jscomp.FunctionToBlockMutatorTest::testMutateInitializeUninitializedVars2 | 19/09/03 01:10
Tue Sep 03 01:13:38 EDT 2019 com.google.javascript.rhino.Node,1151
Tue Sep 03 01:13:41 EDT 2019 com.google.javascript.rhino.Node,1156
Tue Sep 03 01:13:55 EDT 2019 com.google.javascript.rhino.Node,1157
Tue Sep 03 01:13:56 EDT 2019 com.google.javascript.rhino.Node,1158
Tue Sep 03 01:13:56 EDT 2019 com.google.javascript.rhino.Node,1165
Tue Sep 03 01:13:59 EDT 2019 Tue Sep 03 01:13:59 EDT 2019 : com.google.javascript.rhino.Node,1166=>Find no block
Tue Sep 03 01:13:59 EDT 2019 com.google.javascript.rhino.Node,1171
Timeout time : 19/09/03 01:17
Current failed test : com.google.javascript.jscomp.InlineFunctionsTest::testComplexInline7 | 19/09/03 01:17
Tue Sep 03 01:20:33 EDT 2019 com.google.javascript.rhino.Node,1151
Tue Sep 03 01:20:36 EDT 2019 com.google.javascript.rhino.Node,1156
Tue Sep 03 01:20:49 EDT 2019 com.google.javascript.rhino.Node,1157
Tue Sep 03 01:20:50 EDT 2019 com.google.javascript.rhino.Node,1158
Tue Sep 03 01:20:50 EDT 2019 com.google.javascript.rhino.Node,1165
Tue Sep 03 01:20:53 EDT 2019 Tue Sep 03 01:20:53 EDT 2019 : com.google.javascript.rhino.Node,1166=>Find no block
Tue Sep 03 01:20:54 EDT 2019 com.google.javascript.rhino.Node,1171
Timeout time : 19/09/03 01:24
