=================================================
Project : closure_5	start : 19/09/02 16:01
Current failed test : com.google.javascript.jscomp.InlineObjectLiteralsTest::testNoInlineDeletedProperties | 19/09/02 16:01
Mon Sep 02 16:05:48 EDT 2019 com.google.javascript.jscomp.SourceFile,303
Mon Sep 02 16:08:23 EDT 2019 Mon Sep 02 16:08:23 EDT 2019 : com.google.javascript.rhino.Node,112=>Find no block
Mon Sep 02 16:08:27 EDT 2019 com.google.javascript.rhino.Node,121
Mon Sep 02 16:08:59 EDT 2019 com.google.javascript.rhino.Node,132
Mon Sep 02 16:09:35 EDT 2019 com.google.javascript.rhino.Node,133
Mon Sep 02 16:10:28 EDT 2019 com.google.javascript.rhino.Node,860
Mon Sep 02 16:52:32 EDT 2019 com.google.javascript.rhino.Node,861
Mon Sep 02 16:52:38 EDT 2019 com.google.javascript.rhino.Node,862
Mon Sep 02 16:52:44 EDT 2019 com.google.javascript.rhino.Node,865
Mon Sep 02 16:52:51 EDT 2019 com.google.javascript.rhino.Node,866
Mon Sep 02 16:52:56 EDT 2019 com.google.javascript.rhino.Node,867
Mon Sep 02 16:53:01 EDT 2019 com.google.javascript.rhino.Node,868
Mon Sep 02 16:53:07 EDT 2019 com.google.javascript.rhino.Node,871
Mon Sep 02 16:53:12 EDT 2019 com.google.javascript.rhino.Node,872
Mon Sep 02 16:53:19 EDT 2019 com.google.javascript.rhino.Node,917
Mon Sep 02 16:53:36 EDT 2019 com.google.javascript.rhino.Node,939
Mon Sep 02 19:44:37 EDT 2019 com.google.javascript.rhino.Node,943
Mon Sep 02 19:44:43 EDT 2019 com.google.javascript.rhino.Node,946
Mon Sep 02 19:44:47 EDT 2019 com.google.javascript.rhino.Node,949
Mon Sep 02 19:44:53 EDT 2019 com.google.javascript.rhino.Node,950
Mon Sep 02 19:44:58 EDT 2019 com.google.javascript.rhino.Node,953
Mon Sep 02 20:26:16 EDT 2019 com.google.javascript.rhino.Node,954
Mon Sep 02 20:26:22 EDT 2019 com.google.javascript.rhino.Node,955
Mon Sep 02 20:26:28 EDT 2019 com.google.javascript.rhino.Node,956
Mon Sep 02 20:26:33 EDT 2019 com.google.javascript.rhino.Node,961
Mon Sep 02 20:29:42 EDT 2019 com.google.javascript.rhino.Node,962
Mon Sep 02 20:59:50 EDT 2019 com.google.javascript.rhino.Node,963
Timeout time : 19/09/02 21:05
