=================================================
Project : closure_50	start : 19/09/02 15:59
Current failed test : com.google.javascript.jscomp.PeepholeReplaceKnownMethodsTest::testNoStringJoin | 19/09/02 16:02
Mon Sep 02 16:05:25 EDT 2019 Mon Sep 02 16:05:25 EDT 2019 : com.google.javascript.rhino.Node,184=>Find no block
Mon Sep 02 16:05:26 EDT 2019 com.google.javascript.rhino.Node,232
Mon Sep 02 16:05:38 EDT 2019 com.google.javascript.rhino.Node,245
Mon Sep 02 16:05:53 EDT 2019 com.google.javascript.rhino.Node,246
Mon Sep 02 16:06:10 EDT 2019 com.google.javascript.rhino.Node,962
Mon Sep 02 17:11:42 EDT 2019 com.google.javascript.rhino.Node,963
Mon Sep 02 17:11:47 EDT 2019 com.google.javascript.rhino.Node,964
Mon Sep 02 17:11:50 EDT 2019 com.google.javascript.rhino.Node,967
Mon Sep 02 17:11:54 EDT 2019 com.google.javascript.rhino.Node,968
Mon Sep 02 17:11:57 EDT 2019 com.google.javascript.rhino.Node,969
Mon Sep 02 17:12:02 EDT 2019 com.google.javascript.rhino.Node,970
Mon Sep 02 17:12:07 EDT 2019 com.google.javascript.rhino.Node,973
Mon Sep 02 17:12:13 EDT 2019 com.google.javascript.rhino.Node,974
Mon Sep 02 17:12:18 EDT 2019 com.google.javascript.rhino.Node,1019
Mon Sep 02 17:12:36 EDT 2019 com.google.javascript.rhino.Node,1026
Mon Sep 02 17:16:37 EDT 2019 com.google.javascript.rhino.Node,1027
Mon Sep 02 17:16:43 EDT 2019 com.google.javascript.rhino.Node,1028
Mon Sep 02 17:16:50 EDT 2019 com.google.javascript.rhino.Node,1029
Mon Sep 02 17:16:56 EDT 2019 com.google.javascript.rhino.Node,1040
Timeout time : 19/09/02 18:35
Current failed test : com.google.javascript.jscomp.PeepholeReplaceKnownMethodsTest::testStringJoinAdd | 19/09/02 18:35
Mon Sep 02 18:38:49 EDT 2019 Mon Sep 02 18:38:49 EDT 2019 : com.google.javascript.rhino.Node,184=>Find no block
Mon Sep 02 18:38:55 EDT 2019 com.google.javascript.rhino.Node,232
Mon Sep 02 18:39:31 EDT 2019 com.google.javascript.rhino.Node,245
Mon Sep 02 18:40:08 EDT 2019 com.google.javascript.rhino.Node,246
Mon Sep 02 18:40:50 EDT 2019 com.google.javascript.rhino.Node,962
Mon Sep 02 19:45:15 EDT 2019 com.google.javascript.rhino.Node,963
Mon Sep 02 19:45:17 EDT 2019 com.google.javascript.rhino.Node,964
Mon Sep 02 19:45:20 EDT 2019 com.google.javascript.rhino.Node,967
Mon Sep 02 19:45:21 EDT 2019 com.google.javascript.rhino.Node,968
Mon Sep 02 19:45:24 EDT 2019 com.google.javascript.rhino.Node,969
Mon Sep 02 19:45:28 EDT 2019 com.google.javascript.rhino.Node,970
Mon Sep 02 19:45:29 EDT 2019 com.google.javascript.rhino.Node,973
Mon Sep 02 19:45:32 EDT 2019 com.google.javascript.rhino.Node,974
Mon Sep 02 19:45:35 EDT 2019 com.google.javascript.rhino.Node,1019
Mon Sep 02 19:45:44 EDT 2019 com.google.javascript.rhino.Node,1026
Mon Sep 02 19:49:46 EDT 2019 com.google.javascript.rhino.Node,1027
Mon Sep 02 19:49:51 EDT 2019 com.google.javascript.rhino.Node,1028
Mon Sep 02 19:49:54 EDT 2019 com.google.javascript.rhino.Node,1029
Mon Sep 02 19:49:58 EDT 2019 com.google.javascript.rhino.Node,1040
Timeout time : 19/09/02 21:08
