=================================================
Project : closure_52	start : 19/09/02 16:00
Current failed test : com.google.javascript.jscomp.CodePrinterTest::testNumericKeys | 19/09/02 16:01
Mon Sep 02 16:12:30 EDT 2019 com.google.javascript.jscomp.CodeGenerator,676
Mon Sep 02 16:12:41 EDT 2019 com.google.javascript.jscomp.parsing.IRFactory,401
Mon Sep 02 16:12:50 EDT 2019 com.google.javascript.jscomp.parsing.IRFactory,402
Mon Sep 02 16:12:53 EDT 2019 com.google.javascript.jscomp.parsing.IRFactory,290
Mon Sep 02 16:40:44 EDT 2019 com.google.javascript.jscomp.parsing.IRFactory,291
Mon Sep 02 16:40:50 EDT 2019 com.google.javascript.jscomp.parsing.IRFactory,292
Mon Sep 02 16:40:58 EDT 2019 com.google.javascript.jscomp.parsing.IRFactory,295
Mon Sep 02 16:41:03 EDT 2019 com.google.javascript.jscomp.parsing.IRFactory,296
Mon Sep 02 16:41:09 EDT 2019 com.google.javascript.jscomp.parsing.IRFactory,300
Mon Sep 02 16:48:07 EDT 2019 com.google.javascript.jscomp.parsing.IRFactory,303
Mon Sep 02 16:54:14 EDT 2019 com.google.javascript.jscomp.parsing.IRFactory,304
Mon Sep 02 16:54:18 EDT 2019 com.google.javascript.jscomp.CodeGenerator,752
Mon Sep 02 16:54:25 EDT 2019 com.google.javascript.jscomp.CodeGenerator,753
Mon Sep 02 16:54:28 EDT 2019 com.google.javascript.jscomp.CodeGenerator,751
Mon Sep 02 16:54:43 EDT 2019 com.google.javascript.jscomp.CodeGenerator,745

----------------------------------------
----------------------------------------
Pass Single Test : [=>0,0]
if(c<='0'||c>'9'){
return false;
}

Time : 19/09/02 16:57
----------------------------------------

----------------------------------------
----------------------------------------
Pass Single Test : [=>0,0]
for(int index=0;index<len;index++){
char c=s.charAt(index);
if(c<='0'||c>'9'){
return false;
}
}

Time : 19/09/02 17:04
----------------------------------------
Mon Sep 02 17:41:26 EDT 2019 com.google.javascript.jscomp.CodeGenerator,674
Mon Sep 02 18:55:12 EDT 2019 com.google.javascript.jscomp.CodeGenerator,675
Mon Sep 02 18:55:16 EDT 2019 com.google.javascript.jscomp.CodeGenerator,740
Mon Sep 02 18:55:18 EDT 2019 com.google.javascript.jscomp.CodeGenerator,741
Mon Sep 02 18:55:24 EDT 2019 com.google.javascript.jscomp.CodeGenerator,738
Mon Sep 02 18:55:27 EDT 2019 com.google.javascript.jscomp.CodeGenerator,739
Mon Sep 02 18:55:32 EDT 2019 com.google.javascript.jscomp.CodeGenerator,749
Mon Sep 02 18:55:34 EDT 2019 com.google.javascript.jscomp.parsing.IRFactory,404
Mon Sep 02 18:55:38 EDT 2019 com.google.javascript.jscomp.parsing.IRFactory,405
Mon Sep 02 18:55:40 EDT 2019 com.google.javascript.jscomp.parsing.IRFactory,400
Mon Sep 02 18:55:41 EDT 2019 com.google.javascript.jscomp.Compiler,1331
Mon Sep 02 18:55:49 EDT 2019 com.google.javascript.jscomp.CodeGenerator,661
Timeout time : 19/09/02 21:12
