=================================================
Project : closure_56	start : 19/09/02 16:09
Current failed test : com.google.javascript.jscomp.JSCompilerSourceExcerptProviderTest::testExceptNoNewLine | 19/09/02 16:09
Mon Sep 02 16:21:14 EDT 2019 com.google.javascript.jscomp.JsMessageExtractor,136
Mon Sep 02 16:56:03 EDT 2019 com.google.javascript.jscomp.JsMessageExtractor,137
Mon Sep 02 16:56:07 EDT 2019 com.google.javascript.jscomp.JsMessageExtractor,138
Mon Sep 02 16:56:10 EDT 2019 com.google.javascript.jscomp.JsMessageExtractor,139
Mon Sep 02 16:56:14 EDT 2019 com.google.javascript.jscomp.JsMessageExtractor,141
Mon Sep 02 16:56:19 EDT 2019 com.google.javascript.jscomp.SourceFile,227
Mon Sep 02 17:15:10 EDT 2019 com.google.javascript.jscomp.SourceFile,228
Mon Sep 02 17:15:14 EDT 2019 com.google.javascript.jscomp.SourceFile,231
Mon Sep 02 17:15:16 EDT 2019 Mon Sep 02 17:15:16 EDT 2019 : com.google.javascript.jscomp.JsMessageExtractor,57=>Find no block
Mon Sep 02 17:15:19 EDT 2019 com.google.javascript.jscomp.JsMessageExtractor,58
Mon Sep 02 17:15:30 EDT 2019 com.google.javascript.jscomp.JsMessageExtractor,59
Mon Sep 02 17:15:34 EDT 2019 Mon Sep 02 17:15:34 EDT 2019 : com.google.javascript.jscomp.JsMessageExtractor,60=>Find no block
Mon Sep 02 17:15:38 EDT 2019 com.google.javascript.jscomp.JsMessageExtractor,100
Mon Sep 02 17:15:47 EDT 2019 com.google.javascript.jscomp.JsMessageExtractor,116
Mon Sep 02 17:16:53 EDT 2019 com.google.javascript.jscomp.JsMessageExtractor,117
Mon Sep 02 17:16:56 EDT 2019 com.google.javascript.jscomp.JsMessageExtractor,122
Mon Sep 02 17:30:57 EDT 2019 com.google.javascript.jscomp.JsMessageExtractor,124
Mon Sep 02 17:38:15 EDT 2019 com.google.javascript.jscomp.JsMessageExtractor,127
Mon Sep 02 17:38:18 EDT 2019 com.google.javascript.jscomp.JsMessageExtractor,130
Mon Sep 02 17:38:19 EDT 2019 Mon Sep 02 17:38:19 EDT 2019 : com.google.javascript.jscomp.JsMessageExtractor,131=>Find no block
Mon Sep 02 17:38:23 EDT 2019 com.google.javascript.jscomp.JsMessageExtractor,133
Mon Sep 02 18:03:15 EDT 2019 com.google.javascript.jscomp.JsMessageExtractor,135
Mon Sep 02 18:03:17 EDT 2019 Mon Sep 02 18:03:17 EDT 2019 : com.google.javascript.jscomp.JsMessageExtractor,51=>Find no block
Mon Sep 02 18:03:21 EDT 2019 Mon Sep 02 18:03:21 EDT 2019 : com.google.javascript.jscomp.JsMessageExtractor,73=>Find no block
Mon Sep 02 18:03:23 EDT 2019 com.google.javascript.jscomp.JsMessageExtractor,74
Mon Sep 02 18:04:06 EDT 2019 Mon Sep 02 18:04:06 EDT 2019 : com.google.javascript.jscomp.JsMessageExtractor,71=>Find no block
Mon Sep 02 18:04:11 EDT 2019 Mon Sep 02 18:04:11 EDT 2019 : com.google.javascript.jscomp.JsMessageExtractor,75=>Find no block
Mon Sep 02 18:04:16 EDT 2019 Mon Sep 02 18:04:16 EDT 2019 : com.google.javascript.jscomp.JsMessageExtractor,65=>Find no block
Mon Sep 02 18:04:21 EDT 2019 com.google.javascript.jscomp.RhinoErrorReporter,166
Mon Sep 02 18:04:34 EDT 2019 Mon Sep 02 18:04:34 EDT 2019 : com.google.javascript.jscomp.parsing.ParserRunner,134=>Find no block
Mon Sep 02 18:04:37 EDT 2019 com.google.javascript.jscomp.parsing.ParserRunner,135
Mon Sep 02 18:07:06 EDT 2019 com.google.javascript.jscomp.SourceFile,244
Mon Sep 02 18:17:05 EDT 2019 com.google.javascript.jscomp.RhinoErrorReporter,120
Mon Sep 02 18:25:45 EDT 2019 Mon Sep 02 18:25:45 EDT 2019 : com.google.javascript.jscomp.RhinoErrorReporter,122=>Find no block
Mon Sep 02 18:25:49 EDT 2019 com.google.javascript.jscomp.LightweightMessageFormatter,60
Mon Sep 02 18:27:38 EDT 2019 com.google.javascript.jscomp.AbstractMessageFormatter,75
Mon Sep 02 18:28:05 EDT 2019 com.google.javascript.jscomp.JsAst,98
Mon Sep 02 18:37:29 EDT 2019 com.google.javascript.jscomp.SourceFile,242
Mon Sep 02 18:37:34 EDT 2019 com.google.javascript.jscomp.JSError,99
Mon Sep 02 18:37:45 EDT 2019 com.google.javascript.jscomp.RhinoErrorReporter,136
Mon Sep 02 18:52:04 EDT 2019 com.google.javascript.jscomp.Compiler,1904
Mon Sep 02 18:54:13 EDT 2019 com.google.javascript.jscomp.SourceFile,206
Mon Sep 02 18:54:29 EDT 2019 com.google.javascript.jscomp.SourceFile,211
Mon Sep 02 18:59:55 EDT 2019 Mon Sep 02 18:59:55 EDT 2019 : com.google.javascript.jscomp.SourceFile,214=>Find no block
Mon Sep 02 19:00:01 EDT 2019 com.google.javascript.jscomp.SourceFile,216
Mon Sep 02 19:05:29 EDT 2019 com.google.javascript.jscomp.SourceFile,217
Mon Sep 02 19:27:11 EDT 2019 com.google.javascript.jscomp.SourceFile,221
Mon Sep 02 19:41:27 EDT 2019 com.google.javascript.jscomp.SourceFile,222
Mon Sep 02 19:41:30 EDT 2019 com.google.javascript.jscomp.SourceFile,223
Mon Sep 02 19:41:32 EDT 2019 com.google.javascript.jscomp.SourceFile,226
Mon Sep 02 19:41:35 EDT 2019 com.google.javascript.jscomp.SourceFile,235
Mon Sep 02 19:53:04 EDT 2019 com.google.javascript.jscomp.SourceFile,236
Mon Sep 02 20:08:21 EDT 2019 com.google.javascript.jscomp.SourceFile,238
Mon Sep 02 20:08:23 EDT 2019 com.google.javascript.jscomp.Compiler,1891
Mon Sep 02 20:11:34 EDT 2019 com.google.javascript.jscomp.Compiler,1902
Mon Sep 02 20:25:43 EDT 2019 com.google.javascript.jscomp.Compiler,1903
Mon Sep 02 20:25:44 EDT 2019 com.google.javascript.jscomp.Compiler,1889
Mon Sep 02 20:30:13 EDT 2019 com.google.javascript.jscomp.Compiler,1890
Mon Sep 02 20:30:14 EDT 2019 com.google.javascript.jscomp.Compiler,1888
Mon Sep 02 20:30:15 EDT 2019 com.google.javascript.jscomp.Compiler,1899
Mon Sep 02 20:30:17 EDT 2019 com.google.javascript.jscomp.LightweightMessageFormatter,78
Mon Sep 02 20:49:52 EDT 2019 com.google.javascript.jscomp.LightweightMessageFormatter,79
Mon Sep 02 20:49:53 EDT 2019 com.google.javascript.jscomp.LightweightMessageFormatter,80
Mon Sep 02 20:49:54 EDT 2019 com.google.javascript.jscomp.LightweightMessageFormatter,81
Mon Sep 02 20:49:55 EDT 2019 com.google.javascript.jscomp.LightweightMessageFormatter,83
Mon Sep 02 20:49:56 EDT 2019 com.google.javascript.jscomp.CompilerInput,137
Mon Sep 02 20:50:32 EDT 2019 Mon Sep 02 20:50:32 EDT 2019 : com.google.javascript.jscomp.SourceExcerptProvider,36=>Find no block
Mon Sep 02 20:50:33 EDT 2019 com.google.javascript.jscomp.LightweightMessageFormatter,70
Mon Sep 02 20:50:52 EDT 2019 com.google.javascript.jscomp.LightweightMessageFormatter,71
Mon Sep 02 20:50:53 EDT 2019 com.google.javascript.jscomp.LightweightMessageFormatter,76
Mon Sep 02 20:56:12 EDT 2019 com.google.javascript.jscomp.LightweightMessageFormatter,77
Mon Sep 02 20:56:13 EDT 2019 com.google.javascript.jscomp.LightweightMessageFormatter,86
Mon Sep 02 21:15:50 EDT 2019 com.google.javascript.jscomp.LightweightMessageFormatter,87
Timeout time : 19/09/02 21:21
