=================================================
Project : closure_57	start : 19/09/02 16:11
Current failed test : com.google.javascript.jscomp.ClosureCodingConventionTest::testRequire | 19/09/02 16:11
Mon Sep 02 16:23:28 EDT 2019 com.google.javascript.jscomp.ClosureCodingConvention,185
Mon Sep 02 16:27:37 EDT 2019 com.google.javascript.jscomp.ClosureCodingConvention,192

----------------------------------------
----------------------------------------
Pass Single Test : [=>0,0]
if(target!=null&&target.getType()==Token.STRING){
className=target.getString();
}

Time : 19/09/02 16:30
----------------------------------------

----------------------------------------
----------------------------------------
Similar code block : 1.4285714285714286 : [/home/mmotwani/mywork1dir/Defects4Java7/defects4j/SIMFIX_RQ1/closure/closure_57_buggy/src/com/google/javascript/jscomp/ClosureCodingConvention.java=>0,0]
if(last!=null&&last.getType()==Token.STRING){
String propName=last.getString();
return (propName.equals(methodName));
}

Time : 19/09/02 16:33
----------------------------------------

----------------------------------------
----------------------------------------
Original source code : [/home/mmotwani/mywork1dir/Defects4Java7/defects4j/SIMFIX_RQ1/closure/closure_57_buggy/src/com/google/javascript/jscomp/ClosureCodingConvention.java=>197,199]
if(target!=null){
className=target.getString();
}

Time : 19/09/02 16:33
----------------------------------------

----------------------------------------
----------------------------------------
Find a patch : [/home/mmotwani/mywork1dir/Defects4Java7/defects4j/SIMFIX_RQ1/closure/closure_57_buggy/src/com/google/javascript/jscomp/ClosureCodingConvention.java=>197,199]
if(target!=null&&target.getType()==Token.STRING){
className=target.getString();
}

Time : 19/09/02 16:33
----------------------------------------
Success time : 19/09/02 16:33
