=================================================
Project : closure_58	start : 19/09/02 16:12
Current failed test : com.google.javascript.jscomp.LiveVariableAnalysisTest::testExpressionInForIn | 19/09/02 16:13
Mon Sep 02 16:15:22 EDT 2019 com.google.javascript.jscomp.parsing.IRFactory,421
Mon Sep 02 16:55:15 EDT 2019 com.google.javascript.jscomp.parsing.IRFactory,422
Mon Sep 02 16:55:19 EDT 2019 Mon Sep 02 16:55:19 EDT 2019 : com.google.javascript.jscomp.parsing.IRFactory,423=>Find no block
Mon Sep 02 16:55:22 EDT 2019 com.google.javascript.jscomp.LiveVariablesAnalysis,200

----------------------------------------
----------------------------------------
Pass Single Test : [=>0,0]
Node lhs=n.getFirstChild().getFirstChild();
Node rhs=lhs.getNext();
if(NodeUtil.isVar(lhs)){
lhs=lhs.getLastChild();
}

Time : 19/09/02 16:57
----------------------------------------
Mon Sep 02 18:13:48 EDT 2019 com.google.javascript.jscomp.LiveVariablesAnalysis,201
Mon Sep 02 18:13:51 EDT 2019 com.google.javascript.jscomp.LiveVariablesAnalysis,202
Mon Sep 02 18:19:35 EDT 2019 com.google.javascript.jscomp.LiveVariablesAnalysis,206
Mon Sep 02 18:44:25 EDT 2019 com.google.javascript.jscomp.parsing.IRFactory,415
Mon Sep 02 18:44:38 EDT 2019 com.google.javascript.jscomp.parsing.IRFactory,419
Mon Sep 02 19:49:35 EDT 2019 com.google.javascript.jscomp.parsing.IRFactory,420
Mon Sep 02 19:49:37 EDT 2019 com.google.javascript.jscomp.parsing.IRFactory,424
Mon Sep 02 19:49:38 EDT 2019 com.google.javascript.jscomp.parsing.IRFactory,568

----------------------------------------
----------------------------------------
Pass Single Test : [=>0,0]
return newNode(Token.HOOK,transform(loopNode.getIterator()),transform(loopNode.getIteratedObject()),transformBlock(loopNode.getBody()));

Time : 19/09/02 19:50
----------------------------------------
Mon Sep 02 19:54:22 EDT 2019 com.google.javascript.jscomp.parsing.TypeSafeDispatcher,146
Mon Sep 02 20:08:02 EDT 2019 com.google.javascript.jscomp.parsing.TypeSafeDispatcher,219
Mon Sep 02 20:12:55 EDT 2019 com.google.javascript.jscomp.ControlFlowAnalysis,420
Mon Sep 02 21:13:51 EDT 2019 com.google.javascript.jscomp.ControlFlowAnalysis,421
Mon Sep 02 21:13:52 EDT 2019 com.google.javascript.jscomp.ControlFlowAnalysis,422
Timeout time : 19/09/02 21:15
