=================================================
Project : closure_60	start : 19/09/02 16:14
Current failed test : com.google.javascript.jscomp.NodeUtilTest::testGetBooleanValue_purify_13 | 19/09/02 16:17
Mon Sep 02 16:29:46 EDT 2019 com.google.javascript.rhino.Node,1500
Mon Sep 02 16:30:04 EDT 2019 com.google.javascript.rhino.Node,1529
Mon Sep 02 16:30:08 EDT 2019 com.google.javascript.rhino.Node,1542
Mon Sep 02 16:30:12 EDT 2019 Mon Sep 02 16:30:12 EDT 2019 : com.google.javascript.rhino.jstype.TernaryValue,159=>Find no block
Mon Sep 02 16:30:13 EDT 2019 Mon Sep 02 16:30:13 EDT 2019 : com.google.javascript.rhino.Node,2384=>Find no block
Mon Sep 02 16:30:14 EDT 2019 com.google.javascript.rhino.Node,2385
Mon Sep 02 16:30:17 EDT 2019 com.google.javascript.rhino.Node,2386
Mon Sep 02 16:30:18 EDT 2019 Mon Sep 02 16:30:18 EDT 2019 : com.google.javascript.rhino.Node,2387=>Find no block
Mon Sep 02 16:30:19 EDT 2019 com.google.javascript.jscomp.PeepholeFoldConstants,158
Mon Sep 02 16:38:23 EDT 2019 com.google.javascript.jscomp.NodeUtil,136
Mon Sep 02 16:38:33 EDT 2019 com.google.javascript.jscomp.PeepholeReplaceKnownMethods,130
Mon Sep 02 16:39:21 EDT 2019 com.google.javascript.jscomp.PeepholeReplaceKnownMethods,138
Mon Sep 02 16:55:33 EDT 2019 com.google.javascript.rhino.Node,240
Mon Sep 02 16:55:42 EDT 2019 com.google.javascript.jscomp.PureFunctionIdentifier,228
Mon Sep 02 16:57:28 EDT 2019 com.google.javascript.jscomp.PureFunctionIdentifier,238
Mon Sep 02 16:57:28 EDT 2019 com.google.javascript.jscomp.NodeUtil,123
Mon Sep 02 17:13:39 EDT 2019 com.google.javascript.jscomp.DefaultPassConfig,226
Mon Sep 02 17:28:32 EDT 2019 com.google.javascript.jscomp.DefaultPassConfig,341
Mon Sep 02 17:32:37 EDT 2019 com.google.javascript.jscomp.DefaultPassConfig,364
Mon Sep 02 17:53:53 EDT 2019 com.google.javascript.jscomp.DefaultPassConfig,385
Mon Sep 02 18:06:22 EDT 2019 com.google.javascript.jscomp.DefaultPassConfig,398
Mon Sep 02 18:33:56 EDT 2019 com.google.javascript.jscomp.DefaultPassConfig,399
Mon Sep 02 18:33:57 EDT 2019 com.google.javascript.jscomp.DefaultPassConfig,417
Mon Sep 02 18:37:50 EDT 2019 com.google.javascript.jscomp.DefaultPassConfig,426
Mon Sep 02 18:41:43 EDT 2019 com.google.javascript.jscomp.DefaultPassConfig,460
Mon Sep 02 18:41:43 EDT 2019 com.google.javascript.jscomp.DefaultPassConfig,464
Mon Sep 02 18:45:35 EDT 2019 com.google.javascript.jscomp.DefaultPassConfig,482
Mon Sep 02 18:49:26 EDT 2019 com.google.javascript.jscomp.DefaultPassConfig,489
Timeout time : 19/09/02 18:59
Current failed test : com.google.javascript.jscomp.CommandLineRunnerTest::testIssue504 | 19/09/02 18:59
Mon Sep 02 19:11:31 EDT 2019 com.google.javascript.rhino.Node,1500
Mon Sep 02 19:11:46 EDT 2019 com.google.javascript.rhino.Node,1529
Mon Sep 02 19:11:49 EDT 2019 com.google.javascript.rhino.Node,1542
Mon Sep 02 19:11:53 EDT 2019 Mon Sep 02 19:11:53 EDT 2019 : com.google.javascript.rhino.jstype.TernaryValue,159=>Find no block
Mon Sep 02 19:11:53 EDT 2019 Mon Sep 02 19:11:53 EDT 2019 : com.google.javascript.rhino.Node,2384=>Find no block
Mon Sep 02 19:11:54 EDT 2019 com.google.javascript.rhino.Node,2385
Mon Sep 02 19:11:57 EDT 2019 com.google.javascript.rhino.Node,2386
Mon Sep 02 19:11:58 EDT 2019 Mon Sep 02 19:11:58 EDT 2019 : com.google.javascript.rhino.Node,2387=>Find no block
Mon Sep 02 19:11:59 EDT 2019 com.google.javascript.jscomp.PeepholeFoldConstants,158
Mon Sep 02 19:19:45 EDT 2019 com.google.javascript.jscomp.NodeUtil,136
Mon Sep 02 19:19:53 EDT 2019 com.google.javascript.jscomp.PeepholeReplaceKnownMethods,130
Mon Sep 02 19:20:39 EDT 2019 com.google.javascript.jscomp.PeepholeReplaceKnownMethods,138
Mon Sep 02 19:36:14 EDT 2019 com.google.javascript.rhino.Node,240
Mon Sep 02 19:36:22 EDT 2019 com.google.javascript.jscomp.PureFunctionIdentifier,228
Mon Sep 02 19:38:02 EDT 2019 com.google.javascript.jscomp.PureFunctionIdentifier,238
Mon Sep 02 19:38:03 EDT 2019 com.google.javascript.jscomp.NodeUtil,123
Mon Sep 02 19:53:59 EDT 2019 com.google.javascript.jscomp.DefaultPassConfig,226
Mon Sep 02 20:08:32 EDT 2019 com.google.javascript.jscomp.DefaultPassConfig,341
Mon Sep 02 20:12:28 EDT 2019 com.google.javascript.jscomp.DefaultPassConfig,364
Mon Sep 02 20:33:17 EDT 2019 com.google.javascript.jscomp.DefaultPassConfig,385
Mon Sep 02 20:45:17 EDT 2019 com.google.javascript.jscomp.DefaultPassConfig,398
Mon Sep 02 21:13:03 EDT 2019 com.google.javascript.jscomp.DefaultPassConfig,399
Mon Sep 02 21:13:04 EDT 2019 com.google.javascript.jscomp.DefaultPassConfig,417
Mon Sep 02 21:16:59 EDT 2019 com.google.javascript.jscomp.DefaultPassConfig,426
Mon Sep 02 21:20:52 EDT 2019 com.google.javascript.jscomp.DefaultPassConfig,460
Mon Sep 02 21:20:53 EDT 2019 com.google.javascript.jscomp.DefaultPassConfig,464
Mon Sep 02 21:24:46 EDT 2019 com.google.javascript.jscomp.DefaultPassConfig,482
Mon Sep 02 21:28:38 EDT 2019 com.google.javascript.jscomp.DefaultPassConfig,489
Mon Sep 02 21:40:19 EDT 2019 com.google.javascript.jscomp.DefaultPassConfig,493
Timeout time : 19/09/02 21:41
