=================================================
Project : closure_61	start : 19/09/02 16:19
Current failed test : com.google.javascript.jscomp.PeepholeRemoveDeadCodeTest::testCall1 | 19/09/02 16:19
Mon Sep 02 16:29:29 EDT 2019 Mon Sep 02 16:29:29 EDT 2019 : com.google.javascript.rhino.Node,2341=>Find no block
Mon Sep 02 16:29:30 EDT 2019 com.google.javascript.rhino.Node,2342
Mon Sep 02 16:29:35 EDT 2019 com.google.javascript.rhino.Node,2343
Mon Sep 02 16:29:36 EDT 2019 Mon Sep 02 16:29:36 EDT 2019 : com.google.javascript.rhino.Node,2344=>Find no block
Mon Sep 02 16:29:37 EDT 2019 com.google.javascript.rhino.Node,1461
Mon Sep 02 16:29:53 EDT 2019 com.google.javascript.rhino.Node,1490
Mon Sep 02 16:29:58 EDT 2019 com.google.javascript.rhino.Node,1503
Mon Sep 02 16:30:02 EDT 2019 com.google.javascript.rhino.Node,221
Mon Sep 02 16:30:11 EDT 2019 com.google.javascript.rhino.Node,430
Mon Sep 02 16:32:09 EDT 2019 com.google.javascript.rhino.Node,1143
Mon Sep 02 16:55:22 EDT 2019 com.google.javascript.rhino.Node,1150
Mon Sep 02 17:32:53 EDT 2019 Mon Sep 02 17:32:53 EDT 2019 : com.google.javascript.rhino.Node,1149=>Find no block
Mon Sep 02 17:32:54 EDT 2019 com.google.javascript.rhino.Node,1122
Mon Sep 02 17:32:57 EDT 2019 com.google.javascript.rhino.Node,1127
Mon Sep 02 17:33:14 EDT 2019 com.google.javascript.rhino.Node,1128
Mon Sep 02 17:33:15 EDT 2019 com.google.javascript.rhino.Node,1129
Mon Sep 02 17:33:16 EDT 2019 com.google.javascript.rhino.Node,1136
Mon Sep 02 17:33:19 EDT 2019 Mon Sep 02 17:33:19 EDT 2019 : com.google.javascript.rhino.Node,1137=>Find no block
Mon Sep 02 17:33:20 EDT 2019 com.google.javascript.rhino.Node,1142
Mon Sep 02 17:33:21 EDT 2019 com.google.javascript.rhino.Node,1145
Mon Sep 02 18:41:58 EDT 2019 com.google.javascript.rhino.Node,1146
Mon Sep 02 18:41:59 EDT 2019 Mon Sep 02 18:41:59 EDT 2019 : com.google.javascript.rhino.Node,1147=>Find no block
Mon Sep 02 18:42:00 EDT 2019 com.google.javascript.rhino.Node,1148
Mon Sep 02 18:42:01 EDT 2019 Mon Sep 02 18:42:01 EDT 2019 : com.google.javascript.rhino.Node,1153=>Find no block
Mon Sep 02 18:42:02 EDT 2019 com.google.javascript.rhino.Node,1044
Mon Sep 02 19:00:24 EDT 2019 com.google.javascript.rhino.Node,1045
Mon Sep 02 19:00:25 EDT 2019 com.google.javascript.rhino.Node,1013
Mon Sep 02 19:01:03 EDT 2019 com.google.javascript.rhino.Node,1014
Mon Sep 02 19:01:04 EDT 2019 com.google.javascript.jscomp.Compiler,1987
Mon Sep 02 19:01:07 EDT 2019 Mon Sep 02 19:01:07 EDT 2019 : com.google.javascript.rhino.Node,173=>Find no block
Mon Sep 02 19:01:08 EDT 2019 com.google.javascript.rhino.Node,195
Mon Sep 02 19:01:16 EDT 2019 com.google.javascript.rhino.Node,923
Mon Sep 02 19:06:21 EDT 2019 com.google.javascript.rhino.Node,928
Mon Sep 02 19:22:56 EDT 2019 com.google.javascript.rhino.Node,929
Mon Sep 02 19:22:57 EDT 2019 com.google.javascript.rhino.Node,1050
Mon Sep 02 19:40:41 EDT 2019 com.google.javascript.rhino.Node,1051
Mon Sep 02 19:40:41 EDT 2019 com.google.javascript.rhino.Node,1058
Mon Sep 02 20:08:53 EDT 2019 com.google.javascript.rhino.Node,1059
Mon Sep 02 20:08:54 EDT 2019 com.google.javascript.rhino.Node,1060
Mon Sep 02 20:29:27 EDT 2019 com.google.javascript.rhino.Node,1061
Mon Sep 02 20:46:30 EDT 2019 com.google.javascript.rhino.Node,1062
Mon Sep 02 21:07:03 EDT 2019 Mon Sep 02 21:07:03 EDT 2019 : com.google.javascript.rhino.Node,1064=>Find no block
Mon Sep 02 21:07:04 EDT 2019 com.google.javascript.rhino.Node,1100
Mon Sep 02 21:10:10 EDT 2019 com.google.javascript.rhino.Node,1103
Timeout time : 19/09/02 21:29
