=================================================
Project : closure_63	start : 19/09/02 16:21
Current failed test : com.google.javascript.jscomp.LightweightMessageFormatterTest::testFormatErrorSpaceEndOfLine1 | 19/09/02 16:21
Mon Sep 02 16:26:50 EDT 2019 com.google.javascript.jscomp.LightweightMessageFormatter,90
Mon Sep 02 16:43:36 EDT 2019 com.google.javascript.jscomp.LightweightMessageFormatter,91
Mon Sep 02 16:43:37 EDT 2019 com.google.javascript.jscomp.LightweightMessageFormatter,92

----------------------------------------
----------------------------------------
Pass Single Test : [=>0,0]
if(excerpt.equals(LINE)&&0<=charno&&charno<=sourceExcerpt.length()){
for(int i=0;i<charno;i++){
char c=sourceExcerpt.charAt(i);
if(Character.isWhitespace(c)){
b.append(c);
}else {
b.append(' ');
}
}
b.append("^\n");
}

Time : 19/09/02 18:07
----------------------------------------

----------------------------------------
----------------------------------------
Similar code block : 2.9715598018508236 : [/home/mmotwani/mywork1dir/Defects4Java7/defects4j/SIMFIX_RQ1/closure/closure_63_buggy/src/com/google/javascript/jscomp/LightweightMessageFormatter.java=>0,0]
String details=details();
if(sourceName==null||lineNumber<=0){
return details;
}
StringBuilder buf=new StringBuilder(details);
buf.append(" (");
if(sourceName!=null){
buf.append(sourceName);
}
if(lineNumber>0){
buf.append('#');
buf.append(lineNumber);
}
buf.append(')');
return buf.toString();

Time : 19/09/02 18:09
----------------------------------------

----------------------------------------
----------------------------------------
Original source code : [/home/mmotwani/mywork1dir/Defects4Java7/defects4j/SIMFIX_RQ1/closure/closure_63_buggy/src/com/google/javascript/jscomp/LightweightMessageFormatter.java=>97,108]
if(excerpt.equals(LINE)&&0<=charno&&charno<sourceExcerpt.length()){
for(int i=0;i<charno;i++){
char c=sourceExcerpt.charAt(i);
if(Character.isWhitespace(c)){
b.append(c);
}else {
b.append(' ');
}
}
b.append("^\n");
}

Time : 19/09/02 18:09
----------------------------------------

----------------------------------------
----------------------------------------
Find a patch : [/home/mmotwani/mywork1dir/Defects4Java7/defects4j/SIMFIX_RQ1/closure/closure_63_buggy/src/com/google/javascript/jscomp/LightweightMessageFormatter.java=>97,108]
if(excerpt.equals(LINE)&&0<=charno&&charno<=sourceExcerpt.length()){
for(int i=0;i<charno;i++){
char c=sourceExcerpt.charAt(i);
if(Character.isWhitespace(c)){
b.append(c);
}else {
b.append(' ');
}
}
b.append("^\n");
}

Time : 19/09/02 18:09
----------------------------------------
Success time : 19/09/02 18:09
