=================================================
Project : closure_66	start : 19/09/02 16:29
Current failed test : com.google.javascript.jscomp.TypeCheckTest::testGetTypedPercent5 | 19/09/02 16:29
Mon Sep 02 16:43:16 EDT 2019 com.google.javascript.jscomp.TypeCheck,1913
Mon Sep 02 16:43:29 EDT 2019 com.google.javascript.jscomp.TypeCheck,1914
Mon Sep 02 16:43:40 EDT 2019 com.google.javascript.jscomp.TypeCheck,1917
Mon Sep 02 16:43:42 EDT 2019 com.google.javascript.jscomp.TypeCheck,943
Mon Sep 02 16:59:18 EDT 2019 com.google.javascript.jscomp.TypeCheck,938
Mon Sep 02 17:28:49 EDT 2019 com.google.javascript.jscomp.TypeCheck,939
Mon Sep 02 17:28:52 EDT 2019 com.google.javascript.jscomp.TypeCheck,940
Mon Sep 02 18:03:55 EDT 2019 com.google.javascript.jscomp.TypeCheck,941
Mon Sep 02 18:03:59 EDT 2019 Mon Sep 02 18:03:59 EDT 2019 : com.google.javascript.jscomp.TypeCheck,947=>Find no block
Mon Sep 02 18:04:02 EDT 2019 com.google.javascript.jscomp.TypeCheck,928
Mon Sep 02 18:57:52 EDT 2019 com.google.javascript.jscomp.TypeCheck,929
Mon Sep 02 18:57:55 EDT 2019 com.google.javascript.jscomp.TypeCheck,930
Mon Sep 02 18:57:56 EDT 2019 com.google.javascript.jscomp.TypeCheck,822
Mon Sep 02 19:19:33 EDT 2019 com.google.javascript.jscomp.TypeCheck,995
Mon Sep 02 19:31:17 EDT 2019 com.google.javascript.jscomp.TypeCheck,996
Mon Sep 02 19:31:19 EDT 2019 com.google.javascript.jscomp.TypeCheck,1003
Mon Sep 02 19:31:20 EDT 2019 com.google.javascript.jscomp.TypeCheck,980
Mon Sep 02 19:43:56 EDT 2019 com.google.javascript.jscomp.TypeCheck,794
Mon Sep 02 20:05:15 EDT 2019 Mon Sep 02 20:05:15 EDT 2019 : com.google.javascript.jscomp.TypeCheck,795=>Find no block
Mon Sep 02 20:05:16 EDT 2019 com.google.javascript.jscomp.TypeCheck,964
Mon Sep 02 20:36:36 EDT 2019 com.google.javascript.jscomp.TypeCheck,965
Mon Sep 02 20:36:37 EDT 2019 com.google.javascript.jscomp.TypeCheck,967
Mon Sep 02 20:38:36 EDT 2019 com.google.javascript.jscomp.TypeCheck,971
Mon Sep 02 20:50:43 EDT 2019 com.google.javascript.jscomp.TypeCheck,975
Mon Sep 02 21:02:16 EDT 2019 com.google.javascript.jscomp.TypeCheck,976
Mon Sep 02 21:20:11 EDT 2019 com.google.javascript.jscomp.TypeCheck,979
Mon Sep 02 21:20:12 EDT 2019 com.google.javascript.jscomp.TypeCheck,991
Mon Sep 02 21:40:30 EDT 2019 com.google.javascript.jscomp.TypeCheck,992
Timeout time : 19/09/02 21:43
