=================================================
Project : closure_67	start : 19/09/02 16:29
Current failed test : com.google.javascript.jscomp.RemoveUnusedPrototypePropertiesTest::testAliasing7 | 19/09/02 16:30
Mon Sep 02 16:31:28 EDT 2019 Mon Sep 02 16:31:28 EDT 2019 : com.google.javascript.rhino.Node,2261=>Find no block
Mon Sep 02 16:31:28 EDT 2019 com.google.javascript.rhino.Node,2262
Mon Sep 02 16:31:33 EDT 2019 com.google.javascript.rhino.Node,2263
Mon Sep 02 16:31:34 EDT 2019 Mon Sep 02 16:31:34 EDT 2019 : com.google.javascript.rhino.Node,2264=>Find no block
Mon Sep 02 16:31:35 EDT 2019 Mon Sep 02 16:31:35 EDT 2019 : com.google.javascript.rhino.Node,173=>Find no block
Mon Sep 02 16:31:35 EDT 2019 com.google.javascript.rhino.Node,195
Mon Sep 02 16:31:45 EDT 2019 com.google.javascript.rhino.Node,221
Mon Sep 02 16:31:53 EDT 2019 com.google.javascript.rhino.Node,844
Mon Sep 02 16:45:48 EDT 2019 com.google.javascript.rhino.Node,845
Mon Sep 02 16:45:48 EDT 2019 com.google.javascript.rhino.Node,846
Mon Sep 02 16:45:49 EDT 2019 com.google.javascript.rhino.Node,849
Mon Sep 02 16:45:50 EDT 2019 com.google.javascript.rhino.Node,850
Mon Sep 02 16:45:51 EDT 2019 com.google.javascript.rhino.Node,851
Mon Sep 02 16:45:51 EDT 2019 com.google.javascript.rhino.Node,852
Mon Sep 02 16:45:52 EDT 2019 com.google.javascript.rhino.Node,855
Mon Sep 02 16:45:53 EDT 2019 com.google.javascript.rhino.Node,856
Mon Sep 02 16:45:53 EDT 2019 com.google.javascript.rhino.Node,913
Mon Sep 02 16:45:57 EDT 2019 com.google.javascript.rhino.Node,921
Mon Sep 02 16:50:00 EDT 2019 com.google.javascript.rhino.Node,922
Mon Sep 02 16:50:01 EDT 2019 com.google.javascript.rhino.Node,923
Mon Sep 02 16:50:02 EDT 2019 com.google.javascript.rhino.Node,934
Timeout time : 19/09/02 21:32
