=================================================
Project : closure_7	start : 19/09/02 16:01
Current failed test : com.google.javascript.jscomp.ClosureReverseAbstractInterpreterTest::testGoogIsFunction2 | 19/09/02 16:02
Mon Sep 02 16:21:11 EDT 2019 com.google.javascript.jscomp.type.ChainableReverseAbstractInterpreter,612
Mon Sep 02 16:38:19 EDT 2019 com.google.javascript.jscomp.type.ChainableReverseAbstractInterpreter,613
Mon Sep 02 16:38:25 EDT 2019 com.google.javascript.jscomp.type.ChainableReverseAbstractInterpreter,591
Mon Sep 02 16:46:45 EDT 2019 com.google.javascript.rhino.jstype.BooleanType,118
Mon Sep 02 16:54:39 EDT 2019 com.google.javascript.jscomp.type.ChainableReverseAbstractInterpreter,611
Mon Sep 02 16:54:46 EDT 2019 com.google.javascript.rhino.jstype.UnionType,336

----------------------------------------
----------------------------------------
Pass Single Test : [=>0,0]
if(!tolerateUnknowns&&alternates.size()!=that.alternates.size()){
return true;
}

Time : 19/09/02 16:57
----------------------------------------
Mon Sep 02 17:03:53 EDT 2019 com.google.javascript.jscomp.type.ChainableReverseAbstractInterpreter,395
Mon Sep 02 17:07:09 EDT 2019 com.google.javascript.rhino.jstype.FunctionType,931
Mon Sep 02 17:09:27 EDT 2019 com.google.javascript.jscomp.type.ChainableReverseAbstractInterpreter,606
Mon Sep 02 17:18:00 EDT 2019 com.google.javascript.jscomp.type.ChainableReverseAbstractInterpreter,622
Mon Sep 02 17:26:11 EDT 2019 com.google.javascript.rhino.jstype.ObjectType,465
Mon Sep 02 17:35:05 EDT 2019 com.google.javascript.rhino.jstype.StringType,112
Mon Sep 02 17:43:40 EDT 2019 com.google.javascript.jscomp.type.ClosureReverseAbstractInterpreter,175
Mon Sep 02 17:43:58 EDT 2019 com.google.javascript.jscomp.type.ChainableReverseAbstractInterpreter,568
Mon Sep 02 17:48:59 EDT 2019 Mon Sep 02 17:48:59 EDT 2019 : com.google.javascript.jscomp.type.ChainableReverseAbstractInterpreter,542=>Find no block
Mon Sep 02 17:49:08 EDT 2019 com.google.javascript.jscomp.type.ChainableReverseAbstractInterpreter,388
Mon Sep 02 18:09:19 EDT 2019 com.google.javascript.jscomp.type.ChainableReverseAbstractInterpreter,389
Mon Sep 02 18:09:26 EDT 2019 com.google.javascript.jscomp.type.ChainableReverseAbstractInterpreter,390
Mon Sep 02 18:09:32 EDT 2019 com.google.javascript.jscomp.type.ChainableReverseAbstractInterpreter,391
Mon Sep 02 18:09:38 EDT 2019 com.google.javascript.jscomp.type.ChainableReverseAbstractInterpreter,392
Mon Sep 02 18:09:45 EDT 2019 com.google.javascript.jscomp.type.ChainableReverseAbstractInterpreter,393
Mon Sep 02 18:09:51 EDT 2019 Mon Sep 02 18:09:51 EDT 2019 : com.google.javascript.jscomp.type.ChainableReverseAbstractInterpreter,398=>Find no block
Mon Sep 02 18:09:56 EDT 2019 com.google.javascript.jscomp.type.ChainableReverseAbstractInterpreter,399
Mon Sep 02 18:10:02 EDT 2019 com.google.javascript.rhino.jstype.NumberType,112
Mon Sep 02 18:18:06 EDT 2019 com.google.javascript.jscomp.type.ChainableReverseAbstractInterpreter,682

----------------------------------------
----------------------------------------
Pass Single Test : [=>0,0]
if(type!=null){
if(resultEqualsValue){
JSType result=getNativeTypeForTypeOf(value);
return result==null?getNativeType(CHECKED_UNKNOWN_TYPE):result;
}else {
return null;
}
}

Time : 19/09/02 18:22
----------------------------------------

----------------------------------------
----------------------------------------
Pass Single Test : [=>0,0]
if(type.autoboxesTo()==null){
if(resultEqualsValue){
JSType result=getNativeTypeForTypeOf(value);
return result==null?getNativeType(CHECKED_UNKNOWN_TYPE):result;
}else {
return null;
}
}

Time : 19/09/02 18:30
----------------------------------------

----------------------------------------
----------------------------------------
Pass Single Test : [=>0,0]
if(type==null||type.toObjectType()==null){
if(resultEqualsValue){
JSType result=getNativeTypeForTypeOf(value);
return result==null?getNativeType(CHECKED_UNKNOWN_TYPE):result;
}else {
return null;
}
}

Time : 19/09/02 18:37
----------------------------------------

----------------------------------------
----------------------------------------
Pass Single Test : [=>0,0]
if(type!=null){
if(resultEqualsValue){
JSType result=getNativeTypeForTypeOf(value);
return result==null?getNativeType(CHECKED_UNKNOWN_TYPE):result;
}else {
return null;
}
}
return type.visit(new RestrictByOneTypeOfResultVisitor(value,resultEqualsValue));

Time : 19/09/02 18:48
----------------------------------------

----------------------------------------
----------------------------------------
Pass Single Test : [=>0,0]
if(type.autoboxesTo()==null){
if(resultEqualsValue){
JSType result=getNativeTypeForTypeOf(value);
return result==null?getNativeType(CHECKED_UNKNOWN_TYPE):result;
}else {
return null;
}
}
return type.visit(new RestrictByOneTypeOfResultVisitor(value,resultEqualsValue));

Time : 19/09/02 18:56
----------------------------------------

----------------------------------------
----------------------------------------
Pass Single Test : [=>0,0]
if(type==null||type.toObjectType()==null){
if(resultEqualsValue){
JSType result=getNativeTypeForTypeOf(value);
return result==null?getNativeType(CHECKED_UNKNOWN_TYPE):result;
}else {
return null;
}
}
return type.visit(new RestrictByOneTypeOfResultVisitor(value,resultEqualsValue));

Time : 19/09/02 19:07
----------------------------------------
Mon Sep 02 19:17:56 EDT 2019 Mon Sep 02 19:17:56 EDT 2019 : com.google.javascript.jscomp.type.ChainableReverseAbstractInterpreter,557=>Find no block
Mon Sep 02 19:18:01 EDT 2019 com.google.javascript.jscomp.type.ChainableReverseAbstractInterpreter,558
Mon Sep 02 19:19:04 EDT 2019 com.google.javascript.jscomp.type.ChainableReverseAbstractInterpreter,559
Mon Sep 02 19:19:09 EDT 2019 Mon Sep 02 19:19:09 EDT 2019 : com.google.javascript.jscomp.type.ChainableReverseAbstractInterpreter,560=>Find no block
Mon Sep 02 19:19:14 EDT 2019 com.google.javascript.jscomp.type.ChainableReverseAbstractInterpreter,674
Mon Sep 02 19:19:20 EDT 2019 com.google.javascript.rhino.jstype.UnionType,541
Mon Sep 02 19:27:46 EDT 2019 com.google.javascript.rhino.jstype.UnionType,299
Mon Sep 02 20:32:56 EDT 2019 Mon Sep 02 20:32:56 EDT 2019 : com.google.javascript.rhino.jstype.UnionType,296=>Find no block
Mon Sep 02 20:33:01 EDT 2019 com.google.javascript.jscomp.type.ChainableReverseAbstractInterpreter,687
Mon Sep 02 20:45:27 EDT 2019 com.google.javascript.rhino.jstype.JSType,532

----------------------------------------
----------------------------------------
Pass Single Test : [=>0,0]
if(isUnionType()&&that.isUnionType()){
return isSubtype(that)||that.isSubtype(this);
}

Time : 19/09/02 20:59
----------------------------------------
Mon Sep 02 21:06:47 EDT 2019 com.google.javascript.rhino.jstype.UnionType,335
Mon Sep 02 21:06:48 EDT 2019 com.google.javascript.rhino.jstype.JSType,870
Mon Sep 02 21:09:52 EDT 2019 com.google.javascript.jscomp.type.SemanticReverseAbstractInterpreter,162
Mon Sep 02 21:09:56 EDT 2019 com.google.javascript.jscomp.type.SemanticReverseAbstractInterpreter,159
Mon Sep 02 21:13:27 EDT 2019 com.google.javascript.jscomp.type.SemanticReverseAbstractInterpreter,161
Mon Sep 02 21:13:28 EDT 2019 com.google.javascript.jscomp.type.SemanticReverseAbstractInterpreter,164
Mon Sep 02 21:13:29 EDT 2019 com.google.javascript.jscomp.type.SemanticReverseAbstractInterpreter,439
Mon Sep 02 21:17:14 EDT 2019 com.google.javascript.jscomp.type.SemanticReverseAbstractInterpreter,148
Timeout time : 19/09/02 21:20
