=================================================
Project : closure_70	start : 19/09/02 16:34
Current failed test : com.google.javascript.jscomp.LooseTypeCheckTest::testDuplicateLocalVarDecl | 19/09/02 16:34
Mon Sep 02 16:44:33 EDT 2019 com.google.javascript.jscomp.Scope,265
Mon Sep 02 16:45:18 EDT 2019 com.google.javascript.jscomp.Scope,268
Mon Sep 02 16:45:19 EDT 2019 com.google.javascript.jscomp.TypeValidator,552
Mon Sep 02 16:59:38 EDT 2019 com.google.javascript.jscomp.TypeValidator,553
Mon Sep 02 16:59:39 EDT 2019 com.google.javascript.jscomp.parsing.JsDocInfoParser,1662
Mon Sep 02 17:24:19 EDT 2019 com.google.javascript.jscomp.parsing.JsDocInfoParser,1652
Mon Sep 02 17:43:54 EDT 2019 com.google.javascript.jscomp.parsing.JsDocInfoParser,1653
Mon Sep 02 18:00:24 EDT 2019 com.google.javascript.jscomp.TypeValidator,549
Mon Sep 02 18:45:51 EDT 2019 com.google.javascript.jscomp.ChainableReverseAbstractInterpreter,79
Mon Sep 02 18:48:29 EDT 2019 com.google.javascript.jscomp.ChainableReverseAbstractInterpreter,80
Mon Sep 02 18:48:30 EDT 2019 com.google.javascript.jscomp.ChainableReverseAbstractInterpreter,81
Mon Sep 02 18:48:30 EDT 2019 com.google.javascript.jscomp.ChainableReverseAbstractInterpreter,82
Mon Sep 02 18:48:31 EDT 2019 com.google.javascript.jscomp.ChainableReverseAbstractInterpreter,89
Mon Sep 02 18:49:32 EDT 2019 com.google.javascript.jscomp.ProcessClosurePrimitives,239
Mon Sep 02 19:07:19 EDT 2019 com.google.javascript.jscomp.ProcessClosurePrimitives,240
Mon Sep 02 19:07:19 EDT 2019 com.google.javascript.jscomp.ProcessClosurePrimitives,241
Mon Sep 02 19:07:20 EDT 2019 Mon Sep 02 19:07:20 EDT 2019 : com.google.javascript.jscomp.ProcessClosurePrimitives,244=>Find no block
Mon Sep 02 19:07:21 EDT 2019 com.google.javascript.jscomp.TypeCheck,925
Mon Sep 02 19:09:23 EDT 2019 com.google.javascript.jscomp.LinkedFlowScope,453
Mon Sep 02 19:12:22 EDT 2019 com.google.javascript.jscomp.TypeCheck,1236
Mon Sep 02 19:14:00 EDT 2019 com.google.javascript.jscomp.TypeCheck,1234
Mon Sep 02 19:19:26 EDT 2019 com.google.javascript.jscomp.TypeCheck,1235
Mon Sep 02 19:19:27 EDT 2019 com.google.javascript.jscomp.Compiler,1778
Mon Sep 02 19:20:23 EDT 2019 com.google.javascript.rhino.jstype.JSTypeRegistry,1382
Mon Sep 02 19:25:20 EDT 2019 com.google.javascript.jscomp.MemoizedScopeCreator,56
Mon Sep 02 19:28:03 EDT 2019 Mon Sep 02 19:28:03 EDT 2019 : com.google.javascript.jscomp.ClosureReverseAbstractInterpreter,70=>Find no block
Mon Sep 02 19:28:04 EDT 2019 com.google.javascript.jscomp.ClosureReverseAbstractInterpreter,123
Mon Sep 02 19:28:08 EDT 2019 Mon Sep 02 19:28:08 EDT 2019 : com.google.javascript.jscomp.ClosureReverseAbstractInterpreter,50=>Find no block
Mon Sep 02 19:28:09 EDT 2019 Mon Sep 02 19:28:09 EDT 2019 : com.google.javascript.jscomp.ClosureReverseAbstractInterpreter,69=>Find no block
Mon Sep 02 19:28:10 EDT 2019 Mon Sep 02 19:28:10 EDT 2019 : com.google.javascript.jscomp.ClosureReverseAbstractInterpreter,81=>Find no block
Mon Sep 02 19:28:11 EDT 2019 Mon Sep 02 19:28:11 EDT 2019 : com.google.javascript.jscomp.ClosureReverseAbstractInterpreter,102=>Find no block
Mon Sep 02 19:28:11 EDT 2019 com.google.javascript.jscomp.ClosureReverseAbstractInterpreter,124
Mon Sep 02 19:28:34 EDT 2019 Mon Sep 02 19:28:34 EDT 2019 : com.google.javascript.jscomp.ClosureReverseAbstractInterpreter,197=>Find no block
Mon Sep 02 19:28:35 EDT 2019 Mon Sep 02 19:28:35 EDT 2019 : com.google.javascript.jscomp.ClosureReverseAbstractInterpreter,174=>Find no block
Mon Sep 02 19:28:36 EDT 2019 Mon Sep 02 19:28:36 EDT 2019 : com.google.javascript.jscomp.ClosureReverseAbstractInterpreter,144=>Find no block
Mon Sep 02 19:28:37 EDT 2019 Mon Sep 02 19:28:37 EDT 2019 : com.google.javascript.jscomp.ClosureReverseAbstractInterpreter,82=>Find no block
Mon Sep 02 19:28:38 EDT 2019 Mon Sep 02 19:28:38 EDT 2019 : com.google.javascript.jscomp.ClosureReverseAbstractInterpreter,154=>Find no block
Mon Sep 02 19:28:38 EDT 2019 Mon Sep 02 19:28:38 EDT 2019 : com.google.javascript.jscomp.ClosureReverseAbstractInterpreter,159=>Find no block
Mon Sep 02 19:28:39 EDT 2019 Mon Sep 02 19:28:39 EDT 2019 : com.google.javascript.jscomp.ClosureReverseAbstractInterpreter,51=>Find no block
Mon Sep 02 19:28:40 EDT 2019 Mon Sep 02 19:28:40 EDT 2019 : com.google.javascript.jscomp.ClosureReverseAbstractInterpreter,185=>Find no block
Mon Sep 02 19:28:41 EDT 2019 Mon Sep 02 19:28:41 EDT 2019 : com.google.javascript.jscomp.ClosureReverseAbstractInterpreter,164=>Find no block
Mon Sep 02 19:28:42 EDT 2019 Mon Sep 02 19:28:42 EDT 2019 : com.google.javascript.jscomp.ClosureReverseAbstractInterpreter,169=>Find no block
Mon Sep 02 19:28:42 EDT 2019 Mon Sep 02 19:28:42 EDT 2019 : com.google.javascript.jscomp.ClosureReverseAbstractInterpreter,103=>Find no block
Mon Sep 02 19:28:43 EDT 2019 Mon Sep 02 19:28:43 EDT 2019 : com.google.javascript.jscomp.ClosureReverseAbstractInterpreter,126=>Find no block
Mon Sep 02 19:28:44 EDT 2019 Mon Sep 02 19:28:44 EDT 2019 : com.google.javascript.jscomp.ClosureReverseAbstractInterpreter,135=>Find no block
Mon Sep 02 19:28:45 EDT 2019 com.google.javascript.jscomp.parsing.JsDocTokenStream,124
Mon Sep 02 19:28:54 EDT 2019 com.google.javascript.rhino.jstype.JSTypeRegistry,1378
Mon Sep 02 19:44:34 EDT 2019 com.google.javascript.rhino.jstype.JSTypeRegistry,1379
Mon Sep 02 19:44:35 EDT 2019 com.google.javascript.rhino.jstype.JSType,660
Mon Sep 02 19:46:37 EDT 2019 com.google.javascript.rhino.jstype.JSType,661
Mon Sep 02 19:46:38 EDT 2019 com.google.javascript.rhino.jstype.JSType,662
Mon Sep 02 19:46:39 EDT 2019 com.google.javascript.rhino.jstype.JSType,663
Mon Sep 02 19:46:39 EDT 2019 Mon Sep 02 19:46:39 EDT 2019 : com.google.javascript.rhino.jstype.JSType,667=>Find no block
Mon Sep 02 19:46:40 EDT 2019 com.google.javascript.rhino.jstype.JSType,669
Mon Sep 02 19:48:15 EDT 2019 Mon Sep 02 19:48:15 EDT 2019 : com.google.javascript.jscomp.ChainableReverseAbstractInterpreter,413=>Find no block
Mon Sep 02 19:48:16 EDT 2019 Mon Sep 02 19:48:16 EDT 2019 : com.google.javascript.jscomp.ChainableReverseAbstractInterpreter,373=>Find no block
Mon Sep 02 19:48:17 EDT 2019 com.google.javascript.jscomp.Scope,162
Mon Sep 02 19:49:01 EDT 2019 com.google.javascript.jscomp.ProcessClosurePrimitives,237
Mon Sep 02 19:49:02 EDT 2019 com.google.javascript.jscomp.parsing.JsDocTokenStream,165
Mon Sep 02 19:51:20 EDT 2019 com.google.javascript.jscomp.parsing.JsDocTokenStream,166
Mon Sep 02 19:51:21 EDT 2019 com.google.javascript.jscomp.parsing.JsDocTokenStream,167
Mon Sep 02 19:53:50 EDT 2019 com.google.javascript.jscomp.parsing.JsDocTokenStream,168
Mon Sep 02 19:53:51 EDT 2019 com.google.javascript.jscomp.LinkedFlowScope,446
Mon Sep 02 19:56:13 EDT 2019 com.google.javascript.jscomp.LinkedFlowScope,448
Mon Sep 02 19:56:14 EDT 2019 com.google.javascript.jscomp.LinkedFlowScope,449
Mon Sep 02 19:56:15 EDT 2019 com.google.javascript.jscomp.LinkedFlowScope,455
Mon Sep 02 20:09:26 EDT 2019 com.google.javascript.rhino.jstype.StringType,102
Mon Sep 02 20:11:42 EDT 2019 com.google.javascript.jscomp.SemanticReverseAbstractInterpreter,255
Timeout time : 19/09/02 21:44
