=================================================
Project : closure_71	start : 19/09/02 16:38
Current failed test : com.google.javascript.jscomp.CheckAccessControlsTest::testNoPrivateAccessForProperties6 | 19/09/02 16:38
Mon Sep 02 16:52:41 EDT 2019 com.google.javascript.jscomp.DiagnosticType,131
Mon Sep 02 16:54:21 EDT 2019 com.google.javascript.jscomp.CheckAccessControls,455
Mon Sep 02 17:47:48 EDT 2019 com.google.javascript.jscomp.CheckAccessControls,447
Mon Sep 02 18:01:20 EDT 2019 com.google.javascript.jscomp.CheckAccessControls,448
Mon Sep 02 18:01:24 EDT 2019 com.google.javascript.jscomp.CheckAccessControls,454
Mon Sep 02 18:01:27 EDT 2019 Mon Sep 02 18:01:27 EDT 2019 : com.google.javascript.jscomp.CheckAccessControls,465=>Find no block
Mon Sep 02 18:01:32 EDT 2019 com.google.javascript.jscomp.CheckAccessControls,431
Mon Sep 02 18:09:02 EDT 2019 com.google.javascript.jscomp.CheckAccessControls,440
Mon Sep 02 18:16:33 EDT 2019 com.google.javascript.jscomp.CheckAccessControls,442
Mon Sep 02 18:22:49 EDT 2019 com.google.javascript.jscomp.CheckAccessControls,443
Mon Sep 02 18:22:53 EDT 2019 com.google.javascript.jscomp.CheckAccessControls,444
Mon Sep 02 20:51:17 EDT 2019 com.google.javascript.jscomp.CheckAccessControls,388
Mon Sep 02 20:56:23 EDT 2019 com.google.javascript.jscomp.CheckAccessControls,389
Mon Sep 02 20:56:24 EDT 2019 com.google.javascript.jscomp.CheckAccessControls,390
Mon Sep 02 20:56:24 EDT 2019 com.google.javascript.jscomp.CheckAccessControls,392
Mon Sep 02 20:56:25 EDT 2019 com.google.javascript.jscomp.parsing.JsDocInfoParser,675
Mon Sep 02 20:58:01 EDT 2019 com.google.javascript.jscomp.parsing.JsDocInfoParser,679
Mon Sep 02 21:00:47 EDT 2019 com.google.javascript.jscomp.parsing.JsDocInfoParser,680
Mon Sep 02 21:04:03 EDT 2019 com.google.javascript.rhino.JSDocInfoBuilder,215
Mon Sep 02 21:04:47 EDT 2019 com.google.javascript.rhino.JSDocInfoBuilder,216
Mon Sep 02 21:04:48 EDT 2019 com.google.javascript.rhino.JSDocInfoBuilder,217
Mon Sep 02 21:04:49 EDT 2019 com.google.javascript.rhino.JSDocInfoBuilder,218
Mon Sep 02 21:04:50 EDT 2019 com.google.javascript.jscomp.TypeCheck,1060
Mon Sep 02 21:07:24 EDT 2019 com.google.javascript.jscomp.CheckAccessControls,359
Timeout time : 19/09/02 21:52
