=================================================
Project : closure_73	start : 19/09/02 16:40
Current failed test : com.google.javascript.jscomp.CodePrinterTest::testUnicode | 19/09/02 16:40
Mon Sep 02 16:50:25 EDT 2019 com.google.javascript.jscomp.CodeGenerator,1051

----------------------------------------
----------------------------------------
Pass Single Test : [=>0,0]
if(c>0x1f&&c<0x7f){
sb.append(c);
}else {
appendHexJavaScriptRepresentation(sb,c);
}

Time : 19/09/02 16:51
----------------------------------------

----------------------------------------
----------------------------------------
Similar code block : 3.0 : [/home/mmotwani/mywork1dir/Defects4Java7/defects4j/SIMFIX_RQ1/closure/closure_73_buggy/src/com/google/javascript/jscomp/CodeGenerator.java=>0,0]
if(c>0x1f&&c<0x7f){
sb.append(c);
}else {
appendHexJavaScriptRepresentation(sb,c);
}

Time : 19/09/02 16:54
----------------------------------------

----------------------------------------
----------------------------------------
Original source code : [/home/mmotwani/mywork1dir/Defects4Java7/defects4j/SIMFIX_RQ1/closure/closure_73_buggy/src/com/google/javascript/jscomp/CodeGenerator.java=>1045,1052]
if(c>0x1f&&c<=0x7f){
sb.append(c);
}else {
appendHexJavaScriptRepresentation(sb,c);
}

Time : 19/09/02 16:54
----------------------------------------

----------------------------------------
----------------------------------------
Find a patch : [/home/mmotwani/mywork1dir/Defects4Java7/defects4j/SIMFIX_RQ1/closure/closure_73_buggy/src/com/google/javascript/jscomp/CodeGenerator.java=>1045,1052]
if(c>0x1f&&c<0x7f){
sb.append(c);
}else {
appendHexJavaScriptRepresentation(sb,c);
}

Time : 19/09/02 16:54
----------------------------------------
Success time : 19/09/02 16:54
