=================================================
Project : closure_76	start : 19/09/02 16:47
Current failed test : com.google.javascript.jscomp.DeadAssignmentsEliminationTest::testInExpression2 | 19/09/02 16:48
Mon Sep 02 16:49:32 EDT 2019 Mon Sep 02 16:49:32 EDT 2019 : com.google.javascript.rhino.Node,175=>Find no block
Mon Sep 02 16:49:33 EDT 2019 com.google.javascript.rhino.Node,195
Mon Sep 02 16:49:44 EDT 2019 com.google.javascript.rhino.Node,217
Mon Sep 02 16:49:54 EDT 2019 com.google.javascript.rhino.Node,220
Mon Sep 02 16:50:05 EDT 2019 com.google.javascript.rhino.Node,843
Mon Sep 02 17:02:01 EDT 2019 com.google.javascript.rhino.Node,844
Mon Sep 02 17:02:02 EDT 2019 com.google.javascript.rhino.Node,845
Mon Sep 02 17:02:03 EDT 2019 com.google.javascript.rhino.Node,848
Mon Sep 02 17:02:04 EDT 2019 com.google.javascript.rhino.Node,849
Mon Sep 02 17:02:05 EDT 2019 com.google.javascript.rhino.Node,850
Mon Sep 02 17:02:06 EDT 2019 com.google.javascript.rhino.Node,851
Mon Sep 02 17:02:07 EDT 2019 com.google.javascript.rhino.Node,854
Mon Sep 02 17:02:08 EDT 2019 com.google.javascript.rhino.Node,855
Mon Sep 02 17:02:09 EDT 2019 com.google.javascript.rhino.Node,908
Mon Sep 02 17:02:13 EDT 2019 com.google.javascript.rhino.Node,916
Mon Sep 02 17:05:40 EDT 2019 com.google.javascript.rhino.Node,917
Mon Sep 02 17:05:41 EDT 2019 com.google.javascript.rhino.Node,918
Mon Sep 02 17:05:41 EDT 2019 com.google.javascript.rhino.Node,929
Timeout time : 19/09/02 18:04
Current failed test : com.google.javascript.jscomp.DeadAssignmentsEliminationTest::testIssue384c | 19/09/02 18:04
Mon Sep 02 18:05:43 EDT 2019 Mon Sep 02 18:05:43 EDT 2019 : com.google.javascript.rhino.Node,175=>Find no block
Mon Sep 02 18:05:44 EDT 2019 com.google.javascript.rhino.Node,195
Mon Sep 02 18:05:53 EDT 2019 com.google.javascript.rhino.Node,217
Mon Sep 02 18:06:02 EDT 2019 com.google.javascript.rhino.Node,220
Mon Sep 02 18:06:11 EDT 2019 com.google.javascript.rhino.Node,843
Mon Sep 02 18:17:58 EDT 2019 com.google.javascript.rhino.Node,844
Mon Sep 02 18:17:59 EDT 2019 com.google.javascript.rhino.Node,845
Mon Sep 02 18:18:00 EDT 2019 com.google.javascript.rhino.Node,848
Mon Sep 02 18:18:01 EDT 2019 com.google.javascript.rhino.Node,849
Mon Sep 02 18:18:02 EDT 2019 com.google.javascript.rhino.Node,850
Mon Sep 02 18:18:02 EDT 2019 com.google.javascript.rhino.Node,851
Mon Sep 02 18:18:03 EDT 2019 com.google.javascript.rhino.Node,854
Mon Sep 02 18:18:04 EDT 2019 com.google.javascript.rhino.Node,855
Mon Sep 02 18:18:05 EDT 2019 com.google.javascript.rhino.Node,908
Mon Sep 02 18:18:09 EDT 2019 com.google.javascript.rhino.Node,916
Mon Sep 02 18:21:31 EDT 2019 com.google.javascript.rhino.Node,917
Mon Sep 02 18:21:32 EDT 2019 com.google.javascript.rhino.Node,918
Mon Sep 02 18:21:33 EDT 2019 com.google.javascript.rhino.Node,929
Timeout time : 19/09/02 19:20
Current failed test : com.google.javascript.jscomp.DeadAssignmentsEliminationTest::testIssue384b | 19/09/02 19:20
Mon Sep 02 19:21:56 EDT 2019 Mon Sep 02 19:21:56 EDT 2019 : com.google.javascript.rhino.Node,175=>Find no block
Mon Sep 02 19:21:57 EDT 2019 com.google.javascript.rhino.Node,195
Mon Sep 02 19:22:06 EDT 2019 com.google.javascript.rhino.Node,217
Mon Sep 02 19:22:16 EDT 2019 com.google.javascript.rhino.Node,220
Mon Sep 02 19:22:26 EDT 2019 com.google.javascript.rhino.Node,843
Mon Sep 02 19:34:27 EDT 2019 com.google.javascript.rhino.Node,844
Mon Sep 02 19:34:28 EDT 2019 com.google.javascript.rhino.Node,845
Mon Sep 02 19:34:29 EDT 2019 com.google.javascript.rhino.Node,848
Mon Sep 02 19:34:30 EDT 2019 com.google.javascript.rhino.Node,849
Mon Sep 02 19:34:31 EDT 2019 com.google.javascript.rhino.Node,850
Mon Sep 02 19:34:31 EDT 2019 com.google.javascript.rhino.Node,851
Mon Sep 02 19:34:32 EDT 2019 com.google.javascript.rhino.Node,854
Mon Sep 02 19:34:33 EDT 2019 com.google.javascript.rhino.Node,855
Mon Sep 02 19:34:34 EDT 2019 com.google.javascript.rhino.Node,908
Mon Sep 02 19:34:37 EDT 2019 com.google.javascript.rhino.Node,916
Mon Sep 02 19:38:02 EDT 2019 com.google.javascript.rhino.Node,917
Mon Sep 02 19:38:03 EDT 2019 com.google.javascript.rhino.Node,918
Mon Sep 02 19:38:04 EDT 2019 com.google.javascript.rhino.Node,929
Timeout time : 19/09/02 20:36
Current failed test : com.google.javascript.jscomp.DeadAssignmentsEliminationTest::testIssue384d | 19/09/02 20:36
Mon Sep 02 20:38:07 EDT 2019 Mon Sep 02 20:38:07 EDT 2019 : com.google.javascript.rhino.Node,175=>Find no block
Mon Sep 02 20:38:08 EDT 2019 com.google.javascript.rhino.Node,195
Mon Sep 02 20:38:17 EDT 2019 com.google.javascript.rhino.Node,217
Mon Sep 02 20:38:26 EDT 2019 com.google.javascript.rhino.Node,220
Mon Sep 02 20:38:35 EDT 2019 com.google.javascript.rhino.Node,843
Mon Sep 02 20:50:30 EDT 2019 com.google.javascript.rhino.Node,844
Mon Sep 02 20:50:31 EDT 2019 com.google.javascript.rhino.Node,845
Mon Sep 02 20:50:32 EDT 2019 com.google.javascript.rhino.Node,848
Mon Sep 02 20:50:32 EDT 2019 com.google.javascript.rhino.Node,849
Mon Sep 02 20:50:33 EDT 2019 com.google.javascript.rhino.Node,850
Mon Sep 02 20:50:34 EDT 2019 com.google.javascript.rhino.Node,851
Mon Sep 02 20:50:34 EDT 2019 com.google.javascript.rhino.Node,854
Mon Sep 02 20:50:35 EDT 2019 com.google.javascript.rhino.Node,855
Mon Sep 02 20:50:36 EDT 2019 com.google.javascript.rhino.Node,908
Mon Sep 02 20:50:39 EDT 2019 com.google.javascript.rhino.Node,916
Mon Sep 02 20:54:01 EDT 2019 com.google.javascript.rhino.Node,917
Mon Sep 02 20:54:01 EDT 2019 com.google.javascript.rhino.Node,918
Mon Sep 02 20:54:02 EDT 2019 com.google.javascript.rhino.Node,929
Timeout time : 19/09/02 21:53
