=================================================
Project : closure_77	start : 19/09/02 16:51
Current failed test : com.google.javascript.jscomp.CodePrinterTest::testZero | 19/09/02 16:51
Mon Sep 02 17:01:04 EDT 2019 com.google.javascript.jscomp.CodeGenerator,1018
Mon Sep 02 17:05:12 EDT 2019 com.google.javascript.jscomp.CodeGenerator,1127
Mon Sep 02 17:05:24 EDT 2019 Mon Sep 02 17:05:24 EDT 2019 : com.google.javascript.jscomp.CodeGenerator,1131=>Find no block
Mon Sep 02 17:05:26 EDT 2019 Mon Sep 02 17:05:26 EDT 2019 : com.google.javascript.jscomp.CodeGenerator,1132=>Find no block
Mon Sep 02 17:05:29 EDT 2019 com.google.javascript.jscomp.CodeGenerator,1144
Mon Sep 02 17:06:55 EDT 2019 com.google.javascript.jscomp.CodeGenerator,1154
Mon Sep 02 17:14:33 EDT 2019 Mon Sep 02 17:14:33 EDT 2019 : com.google.javascript.jscomp.CodeGenerator,1159=>Find no block
Mon Sep 02 17:14:36 EDT 2019 com.google.javascript.jscomp.Compiler,1240
Mon Sep 02 17:14:46 EDT 2019 com.google.javascript.jscomp.Compiler,1236
Mon Sep 02 17:20:32 EDT 2019 com.google.javascript.jscomp.Compiler,1237
Mon Sep 02 17:20:35 EDT 2019 com.google.javascript.jscomp.Compiler,1239
Mon Sep 02 17:20:38 EDT 2019 com.google.javascript.jscomp.Compiler,1242
Mon Sep 02 17:20:42 EDT 2019 com.google.javascript.jscomp.Compiler,1243
Mon Sep 02 17:20:46 EDT 2019 Mon Sep 02 17:20:46 EDT 2019 : com.google.javascript.jscomp.CodeGenerator,912=>Find no block
Mon Sep 02 17:20:49 EDT 2019 com.google.javascript.jscomp.CodeGenerator,1001
Mon Sep 02 18:17:51 EDT 2019 com.google.javascript.jscomp.CodeGenerator,1012
Mon Sep 02 18:17:53 EDT 2019 com.google.javascript.jscomp.CodeGenerator,964
Mon Sep 02 20:11:05 EDT 2019 Mon Sep 02 20:11:05 EDT 2019 : com.google.javascript.jscomp.CodeGenerator,965=>Find no block
Mon Sep 02 20:11:07 EDT 2019 com.google.javascript.jscomp.CodeGenerator,927
Mon Sep 02 20:11:13 EDT 2019 com.google.javascript.jscomp.CodeGenerator,928
Mon Sep 02 20:11:15 EDT 2019 com.google.javascript.jscomp.CodeGenerator,929
Mon Sep 02 20:11:17 EDT 2019 com.google.javascript.jscomp.CodeGenerator,624
Mon Sep 02 20:54:10 EDT 2019 com.google.javascript.jscomp.CodeGenerator,630
Mon Sep 02 21:14:31 EDT 2019 com.google.javascript.jscomp.CodeGenerator,631
Mon Sep 02 21:32:23 EDT 2019 com.google.javascript.jscomp.CodeGenerator,908
Mon Sep 02 21:41:59 EDT 2019 com.google.javascript.jscomp.CodeGenerator,911
Mon Sep 02 21:42:00 EDT 2019 com.google.javascript.jscomp.CodeGenerator,920
Mon Sep 02 21:42:00 EDT 2019 com.google.javascript.jscomp.CodeGenerator,932
Mon Sep 02 21:44:08 EDT 2019 com.google.javascript.jscomp.CodeGenerator,961
Mon Sep 02 21:45:21 EDT 2019 com.google.javascript.jscomp.CodeGenerator,962
Mon Sep 02 21:45:22 EDT 2019 com.google.javascript.jscomp.CodeGenerator,963
Timeout time : 19/09/02 22:00
