=================================================
Project : closure_78	start : 19/09/02 16:51
Current failed test : com.google.javascript.jscomp.PeepholeFoldConstantsTest::testFoldArithmetic | 19/09/02 16:52
Mon Sep 02 16:54:43 EDT 2019 com.google.javascript.jscomp.PeepholeFoldConstants,718
Mon Sep 02 16:59:04 EDT 2019 com.google.javascript.jscomp.PeepholeFoldConstants,719
Mon Sep 02 16:59:06 EDT 2019 com.google.javascript.jscomp.PeepholeFoldConstants,717
Mon Sep 02 16:59:09 EDT 2019 com.google.javascript.jscomp.PeepholeFoldConstants,721
Mon Sep 02 17:05:08 EDT 2019 com.google.javascript.jscomp.PeepholeFoldConstants,722
Mon Sep 02 17:05:20 EDT 2019 Mon Sep 02 17:05:20 EDT 2019 : com.google.javascript.rhino.Node,175=>Find no block
Mon Sep 02 17:05:23 EDT 2019 com.google.javascript.rhino.Node,195
Mon Sep 02 17:05:47 EDT 2019 com.google.javascript.rhino.Node,843
Mon Sep 02 17:23:07 EDT 2019 com.google.javascript.rhino.Node,844
Mon Sep 02 17:23:11 EDT 2019 com.google.javascript.rhino.Node,845
Mon Sep 02 17:23:14 EDT 2019 com.google.javascript.rhino.Node,848
Mon Sep 02 17:23:18 EDT 2019 com.google.javascript.rhino.Node,849
Mon Sep 02 17:23:21 EDT 2019 com.google.javascript.rhino.Node,850
Mon Sep 02 17:23:24 EDT 2019 com.google.javascript.rhino.Node,851
Mon Sep 02 17:23:28 EDT 2019 com.google.javascript.rhino.Node,854
Mon Sep 02 17:23:32 EDT 2019 com.google.javascript.rhino.Node,855
Mon Sep 02 17:23:34 EDT 2019 com.google.javascript.rhino.Node,908
Mon Sep 02 17:23:45 EDT 2019 com.google.javascript.rhino.Node,916
Mon Sep 02 17:29:44 EDT 2019 com.google.javascript.rhino.Node,917
Mon Sep 02 17:29:49 EDT 2019 com.google.javascript.rhino.Node,918
Mon Sep 02 17:29:53 EDT 2019 com.google.javascript.rhino.Node,929
Mon Sep 02 20:19:47 EDT 2019 com.google.javascript.rhino.Node,930
Mon Sep 02 20:19:48 EDT 2019 com.google.javascript.rhino.Node,933
Mon Sep 02 20:19:50 EDT 2019 com.google.javascript.rhino.Node,941
Mon Sep 02 20:19:51 EDT 2019 com.google.javascript.rhino.Node,960
Mon Sep 02 20:19:52 EDT 2019 com.google.javascript.rhino.Node,961
Mon Sep 02 20:19:54 EDT 2019 com.google.javascript.rhino.Node,963
Mon Sep 02 20:19:55 EDT 2019 com.google.javascript.rhino.Node,964
Mon Sep 02 20:19:56 EDT 2019 com.google.javascript.rhino.Node,965
Mon Sep 02 20:19:58 EDT 2019 com.google.javascript.rhino.Node,966
Mon Sep 02 20:19:59 EDT 2019 com.google.javascript.rhino.Node,967
Mon Sep 02 20:20:00 EDT 2019 com.google.javascript.rhino.Node,971
Mon Sep 02 20:20:01 EDT 2019 com.google.javascript.rhino.Node,972
Mon Sep 02 20:20:09 EDT 2019 com.google.javascript.rhino.Node,973
Mon Sep 02 20:20:11 EDT 2019 com.google.javascript.rhino.Node,974
Mon Sep 02 20:34:31 EDT 2019 com.google.javascript.rhino.Node,975
Mon Sep 02 20:34:31 EDT 2019 com.google.javascript.rhino.Node,976
Mon Sep 02 20:44:37 EDT 2019 com.google.javascript.rhino.Node,977
Mon Sep 02 20:52:57 EDT 2019 com.google.javascript.rhino.Node,978
Mon Sep 02 21:02:40 EDT 2019 Mon Sep 02 21:02:40 EDT 2019 : com.google.javascript.rhino.Node,980=>Find no block
Mon Sep 02 21:02:40 EDT 2019 com.google.javascript.rhino.Node,1016
Mon Sep 02 21:05:20 EDT 2019 com.google.javascript.rhino.Node,1017
Mon Sep 02 21:05:21 EDT 2019 com.google.javascript.rhino.Node,1018
Mon Sep 02 21:05:22 EDT 2019 com.google.javascript.rhino.Node,1024
Timeout time : 19/09/02 21:54
