=================================================
Project : closure_8	start : 19/09/02 16:01
Current failed test : com.google.javascript.jscomp.CollapseVariableDeclarationsTest::testIssue820 | 19/09/02 16:02
Mon Sep 02 16:05:59 EDT 2019 Mon Sep 02 16:05:59 EDT 2019 : com.google.javascript.rhino.Node,112=>Find no block
Mon Sep 02 16:06:03 EDT 2019 com.google.javascript.rhino.Node,115
Mon Sep 02 16:06:51 EDT 2019 com.google.javascript.rhino.Node,121
Mon Sep 02 16:07:26 EDT 2019 com.google.javascript.rhino.Node,132
Mon Sep 02 16:07:58 EDT 2019 com.google.javascript.rhino.Node,133
Mon Sep 02 16:08:29 EDT 2019 com.google.javascript.rhino.Node,860
Mon Sep 02 16:47:43 EDT 2019 com.google.javascript.rhino.Node,861
Mon Sep 02 16:47:52 EDT 2019 com.google.javascript.rhino.Node,862
Mon Sep 02 16:48:00 EDT 2019 com.google.javascript.rhino.Node,865
Mon Sep 02 16:48:07 EDT 2019 com.google.javascript.rhino.Node,866
Mon Sep 02 16:48:14 EDT 2019 com.google.javascript.rhino.Node,867
Mon Sep 02 16:48:21 EDT 2019 com.google.javascript.rhino.Node,868
Mon Sep 02 16:48:27 EDT 2019 com.google.javascript.rhino.Node,871
Mon Sep 02 16:48:34 EDT 2019 com.google.javascript.rhino.Node,872
Mon Sep 02 16:48:41 EDT 2019 com.google.javascript.rhino.Node,917
Mon Sep 02 16:48:59 EDT 2019 com.google.javascript.rhino.Node,939
Mon Sep 02 19:45:52 EDT 2019 com.google.javascript.rhino.Node,943
Mon Sep 02 19:45:57 EDT 2019 com.google.javascript.rhino.Node,946
Mon Sep 02 19:46:02 EDT 2019 com.google.javascript.rhino.Node,949
Mon Sep 02 19:46:08 EDT 2019 com.google.javascript.rhino.Node,950
Mon Sep 02 19:46:13 EDT 2019 com.google.javascript.rhino.Node,953
Mon Sep 02 20:25:21 EDT 2019 com.google.javascript.rhino.Node,954
Mon Sep 02 20:25:28 EDT 2019 com.google.javascript.rhino.Node,955
Mon Sep 02 20:25:34 EDT 2019 com.google.javascript.rhino.Node,956
Mon Sep 02 20:25:40 EDT 2019 com.google.javascript.rhino.Node,961
Mon Sep 02 20:28:51 EDT 2019 com.google.javascript.rhino.Node,962
Mon Sep 02 21:00:51 EDT 2019 com.google.javascript.rhino.Node,963
Timeout time : 19/09/02 21:06
