=================================================
Project : closure_81	start : 19/09/02 16:58
Current failed test : com.google.javascript.jscomp.parsing.ParserTest::testUnnamedFunctionStatement | 19/09/02 16:58
Mon Sep 02 17:07:54 EDT 2019 com.google.javascript.jscomp.parsing.ParserRunner,107
Mon Sep 02 17:08:26 EDT 2019 com.google.javascript.jscomp.parsing.ParserRunner,108
Mon Sep 02 17:08:29 EDT 2019 com.google.javascript.rhino.jstype.JSTypeRegistry,189
Mon Sep 02 17:08:37 EDT 2019 Mon Sep 02 17:08:37 EDT 2019 : com.google.javascript.rhino.jstype.JSTypeRegistry,190=>Find no block
Mon Sep 02 17:08:41 EDT 2019 com.google.javascript.jscomp.parsing.IRFactory,467
Mon Sep 02 17:19:06 EDT 2019 com.google.javascript.jscomp.parsing.IRFactory,468
Mon Sep 02 17:19:08 EDT 2019 com.google.javascript.jscomp.parsing.TypeSafeDispatcher,198
Mon Sep 02 17:29:57 EDT 2019 com.google.javascript.rhino.jstype.PrototypeObjectType,127
Mon Sep 02 17:38:49 EDT 2019 com.google.javascript.rhino.jstype.PrototypeObjectType,128
Mon Sep 02 17:38:52 EDT 2019 com.google.javascript.rhino.jstype.PrototypeObjectType,129
Mon Sep 02 17:38:55 EDT 2019 com.google.javascript.rhino.jstype.PrototypeObjectType,131
Mon Sep 02 17:38:57 EDT 2019 com.google.javascript.rhino.jstype.PrototypeObjectType,132
Mon Sep 02 17:38:59 EDT 2019 com.google.javascript.rhino.jstype.PrototypeObjectType,133
Mon Sep 02 17:39:03 EDT 2019 com.google.javascript.rhino.jstype.PrototypeObjectType,134
Mon Sep 02 17:39:05 EDT 2019 Mon Sep 02 17:39:05 EDT 2019 : com.google.javascript.rhino.jstype.PrototypeObjectType,136=>Find no block
Mon Sep 02 17:39:08 EDT 2019 com.google.javascript.rhino.jstype.PrototypeObjectType,137
Mon Sep 02 17:39:10 EDT 2019 com.google.javascript.jscomp.parsing.IRFactory,517
Mon Sep 02 17:40:03 EDT 2019 com.google.javascript.jscomp.parsing.IRFactory,518
Mon Sep 02 17:40:06 EDT 2019 com.google.javascript.jscomp.parsing.IRFactory,519
Mon Sep 02 17:40:09 EDT 2019 com.google.javascript.jscomp.parsing.IRFactory,526
Mon Sep 02 17:42:49 EDT 2019 com.google.javascript.jscomp.parsing.IRFactory,530
Mon Sep 02 17:42:52 EDT 2019 com.google.javascript.jscomp.parsing.IRFactory,532
Mon Sep 02 17:42:55 EDT 2019 com.google.javascript.jscomp.parsing.IRFactory,547
Mon Sep 02 17:45:19 EDT 2019 com.google.javascript.rhino.Node,1148
Mon Sep 02 17:53:17 EDT 2019 com.google.javascript.rhino.jstype.PrototypeObjectType,149
Mon Sep 02 17:59:57 EDT 2019 com.google.javascript.rhino.jstype.PrototypeObjectType,145
Mon Sep 02 17:59:59 EDT 2019 com.google.javascript.rhino.jstype.PrototypeObjectType,146
Mon Sep 02 18:00:01 EDT 2019 com.google.javascript.rhino.jstype.PrototypeObjectType,142
Mon Sep 02 18:00:03 EDT 2019 com.google.javascript.jscomp.parsing.IRFactory,514
Mon Sep 02 18:01:41 EDT 2019 com.google.javascript.jscomp.parsing.IRFactory,515
Mon Sep 02 18:01:43 EDT 2019 com.google.javascript.jscomp.parsing.IRFactory,516
Mon Sep 02 18:01:46 EDT 2019 com.google.javascript.jscomp.parsing.IRFactory,521
Mon Sep 02 18:07:22 EDT 2019 com.google.javascript.jscomp.parsing.IRFactory,522
Mon Sep 02 18:18:21 EDT 2019 com.google.javascript.jscomp.parsing.IRFactory,523
Mon Sep 02 18:18:25 EDT 2019 com.google.javascript.jscomp.parsing.IRFactory,535
Mon Sep 02 18:46:55 EDT 2019 com.google.javascript.jscomp.parsing.IRFactory,536
Mon Sep 02 19:12:33 EDT 2019 com.google.javascript.jscomp.parsing.IRFactory,543
Mon Sep 02 19:18:37 EDT 2019 com.google.javascript.jscomp.parsing.IRFactory,544
Mon Sep 02 19:18:39 EDT 2019 com.google.javascript.jscomp.parsing.IRFactory,549
Mon Sep 02 19:23:40 EDT 2019 com.google.javascript.jscomp.parsing.IRFactory,552
Mon Sep 02 19:50:34 EDT 2019 com.google.javascript.jscomp.parsing.IRFactory,553
Mon Sep 02 20:03:16 EDT 2019 com.google.javascript.jscomp.parsing.IRFactory,556
Mon Sep 02 20:36:46 EDT 2019 com.google.javascript.jscomp.parsing.IRFactory,558
Mon Sep 02 20:47:50 EDT 2019 com.google.javascript.jscomp.parsing.IRFactory,559
Mon Sep 02 20:56:48 EDT 2019 com.google.javascript.jscomp.parsing.IRFactory,560
Mon Sep 02 21:04:46 EDT 2019 com.google.javascript.jscomp.parsing.IRFactory,561
Mon Sep 02 21:04:47 EDT 2019 com.google.javascript.jscomp.parsing.TypeSafeDispatcher,229
Mon Sep 02 21:09:42 EDT 2019 com.google.javascript.jscomp.parsing.IRFactory,215
Mon Sep 02 22:01:03 EDT 2019 com.google.javascript.jscomp.parsing.IRFactory,216
Mon Sep 02 22:01:04 EDT 2019 com.google.javascript.jscomp.parsing.IRFactory,399
Mon Sep 02 22:01:07 EDT 2019 com.google.javascript.jscomp.parsing.TypeSafeDispatcher,172
Mon Sep 02 22:03:03 EDT 2019 com.google.javascript.jscomp.parsing.IRFactory,280
Timeout time : 19/09/02 22:07
