=================================================
Project : closure_82	start : 19/09/02 17:02
Current failed test : com.google.javascript.jscomp.TypeCheckTest::testIssue301 | 19/09/02 17:02
Mon Sep 02 17:16:01 EDT 2019 com.google.javascript.rhino.jstype.FunctionType,541
Mon Sep 02 17:26:03 EDT 2019 com.google.javascript.rhino.jstype.FunctionType,543
Mon Sep 02 17:27:27 EDT 2019 com.google.javascript.rhino.jstype.FunctionType,545
Mon Sep 02 17:27:30 EDT 2019 com.google.javascript.rhino.jstype.UnionTypeBuilder,88
Mon Sep 02 17:29:21 EDT 2019 Mon Sep 02 17:29:21 EDT 2019 : com.google.javascript.rhino.jstype.JSTypeRegistry,665=>Find no block
Mon Sep 02 17:29:23 EDT 2019 com.google.javascript.rhino.jstype.FunctionType,531
Mon Sep 02 17:29:25 EDT 2019 com.google.javascript.rhino.jstype.JSType,418
Mon Sep 02 17:30:16 EDT 2019 com.google.javascript.rhino.jstype.FunctionType,527
Mon Sep 02 17:38:14 EDT 2019 com.google.javascript.rhino.jstype.FunctionType,529
Mon Sep 02 17:38:16 EDT 2019 com.google.javascript.rhino.jstype.JSType,646
Mon Sep 02 17:43:07 EDT 2019 com.google.javascript.rhino.jstype.FunctionType,494
Mon Sep 02 17:45:47 EDT 2019 com.google.javascript.rhino.jstype.FunctionType,495
Mon Sep 02 17:45:50 EDT 2019 com.google.javascript.rhino.jstype.FunctionType,496
Mon Sep 02 17:45:52 EDT 2019 com.google.javascript.rhino.jstype.FunctionType,503
Mon Sep 02 17:50:36 EDT 2019 com.google.javascript.rhino.jstype.FunctionType,645
Mon Sep 02 17:54:52 EDT 2019 com.google.javascript.rhino.jstype.JSType,416
Mon Sep 02 17:58:03 EDT 2019 com.google.javascript.rhino.jstype.JSType,417
Mon Sep 02 17:58:07 EDT 2019 com.google.javascript.rhino.jstype.FunctionType,464
Mon Sep 02 18:00:52 EDT 2019 com.google.javascript.rhino.jstype.FunctionType,490
Mon Sep 02 18:00:55 EDT 2019 com.google.javascript.jscomp.TypeCheck,1296
Mon Sep 02 18:22:19 EDT 2019 com.google.javascript.rhino.jstype.FunctionType,167
Mon Sep 02 18:24:53 EDT 2019 com.google.javascript.rhino.jstype.NoObjectType,90
Mon Sep 02 18:25:03 EDT 2019 com.google.javascript.rhino.jstype.FunctionType,182
Mon Sep 02 18:26:50 EDT 2019 com.google.javascript.rhino.jstype.FunctionType,453
Mon Sep 02 18:29:33 EDT 2019 com.google.javascript.jscomp.TypeCheck,1480
Mon Sep 02 18:42:48 EDT 2019 com.google.javascript.rhino.jstype.UnknownType,80
Mon Sep 02 18:42:52 EDT 2019 com.google.javascript.rhino.jstype.FunctionType,380
Mon Sep 02 18:58:40 EDT 2019 com.google.javascript.rhino.jstype.StringType,102
Mon Sep 02 19:03:35 EDT 2019 com.google.javascript.rhino.jstype.FunctionType,379
Mon Sep 02 19:07:15 EDT 2019 com.google.javascript.rhino.jstype.FunctionType,428
Mon Sep 02 19:11:07 EDT 2019 com.google.javascript.rhino.jstype.FunctionType,448
Mon Sep 02 19:27:55 EDT 2019 com.google.javascript.rhino.jstype.JSType,645
Mon Sep 02 19:27:58 EDT 2019 com.google.javascript.rhino.jstype.JSType,643
Mon Sep 02 19:31:55 EDT 2019 com.google.javascript.rhino.jstype.FunctionType,371
Mon Sep 02 19:36:08 EDT 2019 com.google.javascript.rhino.jstype.FunctionType,376
Mon Sep 02 19:40:22 EDT 2019 com.google.javascript.rhino.jstype.ObjectType,485
Mon Sep 02 19:40:23 EDT 2019 com.google.javascript.rhino.jstype.JSType,641
Mon Sep 02 19:43:40 EDT 2019 com.google.javascript.rhino.jstype.ObjectType,518
Mon Sep 02 19:44:09 EDT 2019 com.google.javascript.rhino.jstype.FunctionType,489
Mon Sep 02 19:47:20 EDT 2019 com.google.javascript.rhino.jstype.JSTypeRegistry,663
Mon Sep 02 19:49:33 EDT 2019 com.google.javascript.rhino.jstype.JSType,639
Mon Sep 02 19:54:28 EDT 2019 com.google.javascript.rhino.jstype.JSTypeRegistry,661
Mon Sep 02 19:58:25 EDT 2019 com.google.javascript.rhino.jstype.JSTypeRegistry,662
Mon Sep 02 19:58:27 EDT 2019 com.google.javascript.rhino.jstype.UnionTypeBuilder,84
Mon Sep 02 19:58:28 EDT 2019 com.google.javascript.rhino.jstype.UnionTypeBuilder,85
Mon Sep 02 19:58:35 EDT 2019 com.google.javascript.rhino.jstype.JSType,637
Mon Sep 02 20:03:47 EDT 2019 com.google.javascript.jscomp.TypeInference,1303
Mon Sep 02 20:06:51 EDT 2019 com.google.javascript.rhino.jstype.JSTypeRegistry,659
Mon Sep 02 20:09:43 EDT 2019 com.google.javascript.jscomp.TypeCheck,1274
Mon Sep 02 20:13:40 EDT 2019 com.google.javascript.rhino.jstype.JSType,632
Mon Sep 02 20:24:12 EDT 2019 com.google.javascript.jscomp.TypeCheck,1293
Mon Sep 02 20:44:22 EDT 2019 Mon Sep 02 20:44:22 EDT 2019 : com.google.javascript.jscomp.TypeCheck,1294=>Find no block
Mon Sep 02 20:44:23 EDT 2019 com.google.javascript.jscomp.TypeCheck,1272
Mon Sep 02 20:55:40 EDT 2019 com.google.javascript.jscomp.TypeCheck,1270
Mon Sep 02 20:57:24 EDT 2019 com.google.javascript.jscomp.TypeCheck,1713
Mon Sep 02 20:57:25 EDT 2019 com.google.javascript.jscomp.TypeCheck,1210
Mon Sep 02 21:06:05 EDT 2019 com.google.javascript.jscomp.TypeCheck,1211
Mon Sep 02 21:06:06 EDT 2019 com.google.javascript.jscomp.TypeCheck,1212
Mon Sep 02 21:06:07 EDT 2019 com.google.javascript.rhino.jstype.JSType,618
Mon Sep 02 21:07:30 EDT 2019 com.google.javascript.rhino.jstype.JSType,622
Mon Sep 02 21:09:25 EDT 2019 com.google.javascript.rhino.jstype.JSType,630
Mon Sep 02 21:13:55 EDT 2019 com.google.javascript.rhino.jstype.JSType,270
Mon Sep 02 21:13:58 EDT 2019 com.google.javascript.jscomp.TypeInference,1089
Mon Sep 02 21:24:04 EDT 2019 com.google.javascript.jscomp.TypeInference,1090
Mon Sep 02 21:24:04 EDT 2019 com.google.javascript.jscomp.TypeCheck,812
Mon Sep 02 21:28:23 EDT 2019 com.google.javascript.jscomp.TypeCheck,816
Mon Sep 02 21:34:10 EDT 2019 com.google.javascript.jscomp.ClosureCodingConvention,144
Mon Sep 02 21:37:00 EDT 2019 com.google.javascript.jscomp.TypedScopeCreator,852
Mon Sep 02 21:56:47 EDT 2019 com.google.javascript.jscomp.TypeCheck,908
Mon Sep 02 22:03:12 EDT 2019 com.google.javascript.jscomp.TypedScopeCreator,748
Timeout time : 19/09/02 22:15
