=================================================
Project : closure_83	start : 19/09/02 17:02
Current failed test : com.google.javascript.jscomp.CommandLineRunnerTest::testVersionFlag2 | 19/09/02 17:02
Mon Sep 02 17:04:59 EDT 2019 Mon Sep 02 17:04:59 EDT 2019 : com.google.javascript.jscomp.CommandLineRunner,432=>Find no block
Mon Sep 02 17:05:03 EDT 2019 com.google.javascript.jscomp.CommandLineRunner,433
Mon Sep 02 17:12:48 EDT 2019 com.google.javascript.jscomp.CommandLineRunner,434
Mon Sep 02 17:12:50 EDT 2019 com.google.javascript.jscomp.CommandLineRunner,355
Mon Sep 02 17:13:00 EDT 2019 com.google.javascript.jscomp.CommandLineRunner,447
Mon Sep 02 17:14:37 EDT 2019 com.google.javascript.jscomp.CommandLineRunner,448
Mon Sep 02 17:14:40 EDT 2019 Mon Sep 02 17:14:40 EDT 2019 : com.google.javascript.jscomp.CommandLineRunner,363=>Find no block
Mon Sep 02 17:14:43 EDT 2019 Mon Sep 02 17:14:43 EDT 2019 : com.google.javascript.jscomp.CommandLineRunner,364=>Find no block
Mon Sep 02 17:14:46 EDT 2019 Mon Sep 02 17:14:46 EDT 2019 : com.google.javascript.jscomp.CommandLineRunner,365=>Find no block
Mon Sep 02 17:14:48 EDT 2019 com.google.javascript.jscomp.CommandLineRunner,334
Mon Sep 02 17:26:17 EDT 2019 Mon Sep 02 17:26:17 EDT 2019 : com.google.javascript.jscomp.SourceFile,79=>Find no block
Mon Sep 02 17:26:21 EDT 2019 Mon Sep 02 17:26:21 EDT 2019 : com.google.javascript.jscomp.SourceFile,62=>Find no block
Mon Sep 02 17:26:24 EDT 2019 Mon Sep 02 17:26:24 EDT 2019 : com.google.javascript.jscomp.SourceFile,70=>Find no block
Mon Sep 02 17:26:27 EDT 2019 com.google.javascript.jscomp.SourceFile,80
Mon Sep 02 17:28:27 EDT 2019 com.google.javascript.jscomp.SourceFile,82
Mon Sep 02 17:28:29 EDT 2019 com.google.javascript.jscomp.SourceFile,83
Mon Sep 02 17:28:32 EDT 2019 Mon Sep 02 17:28:32 EDT 2019 : com.google.javascript.jscomp.SourceFile,84=>Find no block
Mon Sep 02 17:28:35 EDT 2019 com.google.javascript.jscomp.SourceFile,110
Mon Sep 02 17:29:44 EDT 2019 Mon Sep 02 17:29:44 EDT 2019 : com.google.javascript.jscomp.SourceFile,111=>Find no block
Mon Sep 02 17:29:47 EDT 2019 com.google.javascript.jscomp.SourceFile,118
Mon Sep 02 17:29:56 EDT 2019 Mon Sep 02 17:29:56 EDT 2019 : com.google.javascript.jscomp.SourceFile,119=>Find no block
Mon Sep 02 17:29:57 EDT 2019 com.google.javascript.jscomp.SourceFile,136
Mon Sep 02 17:31:25 EDT 2019 com.google.javascript.jscomp.SourceFile,257
Mon Sep 02 17:31:33 EDT 2019 Mon Sep 02 17:31:33 EDT 2019 : com.google.javascript.jscomp.SourceFile,40=>Find no block
Mon Sep 02 17:31:36 EDT 2019 com.google.javascript.jscomp.JSSourceFile,72
Mon Sep 02 17:31:59 EDT 2019 com.google.javascript.jscomp.JSSourceFile,73
Mon Sep 02 17:32:01 EDT 2019 Mon Sep 02 17:32:01 EDT 2019 : com.google.javascript.jscomp.JSSourceFile,74=>Find no block
Mon Sep 02 17:32:03 EDT 2019 com.google.javascript.jscomp.JSSourceFile,55
Mon Sep 02 17:32:11 EDT 2019 Mon Sep 02 17:32:11 EDT 2019 : com.google.javascript.jscomp.CommandLineRunner,83=>Find no block
Mon Sep 02 17:32:13 EDT 2019 Mon Sep 02 17:32:13 EDT 2019 : com.google.javascript.jscomp.CommandLineRunner,84=>Find no block
Mon Sep 02 17:32:14 EDT 2019 Mon Sep 02 17:32:14 EDT 2019 : com.google.javascript.jscomp.CommandLineRunner,89=>Find no block
Mon Sep 02 17:32:17 EDT 2019 Mon Sep 02 17:32:17 EDT 2019 : com.google.javascript.jscomp.CommandLineRunner,94=>Find no block
Mon Sep 02 17:32:19 EDT 2019 Mon Sep 02 17:32:19 EDT 2019 : com.google.javascript.jscomp.CommandLineRunner,100=>Find no block
Mon Sep 02 17:32:20 EDT 2019 Mon Sep 02 17:32:20 EDT 2019 : com.google.javascript.jscomp.CommandLineRunner,106=>Find no block
Mon Sep 02 17:32:23 EDT 2019 Mon Sep 02 17:32:23 EDT 2019 : com.google.javascript.jscomp.CommandLineRunner,112=>Find no block
Mon Sep 02 17:32:25 EDT 2019 Mon Sep 02 17:32:25 EDT 2019 : com.google.javascript.jscomp.CommandLineRunner,119=>Find no block
Mon Sep 02 17:32:27 EDT 2019 Mon Sep 02 17:32:27 EDT 2019 : com.google.javascript.jscomp.CommandLineRunner,125=>Find no block
Mon Sep 02 17:32:28 EDT 2019 Mon Sep 02 17:32:28 EDT 2019 : com.google.javascript.jscomp.CommandLineRunner,130=>Find no block
Mon Sep 02 17:32:30 EDT 2019 Mon Sep 02 17:32:30 EDT 2019 : com.google.javascript.jscomp.CommandLineRunner,134=>Find no block
Mon Sep 02 17:32:33 EDT 2019 Mon Sep 02 17:32:33 EDT 2019 : com.google.javascript.jscomp.CommandLineRunner,139=>Find no block
Mon Sep 02 17:32:35 EDT 2019 Mon Sep 02 17:32:35 EDT 2019 : com.google.javascript.jscomp.CommandLineRunner,148=>Find no block
Mon Sep 02 17:32:37 EDT 2019 Mon Sep 02 17:32:37 EDT 2019 : com.google.javascript.jscomp.CommandLineRunner,153=>Find no block
Mon Sep 02 17:32:40 EDT 2019 Mon Sep 02 17:32:40 EDT 2019 : com.google.javascript.jscomp.CommandLineRunner,158=>Find no block
Mon Sep 02 17:32:42 EDT 2019 Mon Sep 02 17:32:42 EDT 2019 : com.google.javascript.jscomp.CommandLineRunner,163=>Find no block
Mon Sep 02 17:32:44 EDT 2019 Mon Sep 02 17:32:44 EDT 2019 : com.google.javascript.jscomp.CommandLineRunner,172=>Find no block
Mon Sep 02 17:32:46 EDT 2019 Mon Sep 02 17:32:46 EDT 2019 : com.google.javascript.jscomp.CommandLineRunner,177=>Find no block
Mon Sep 02 17:32:49 EDT 2019 Mon Sep 02 17:32:49 EDT 2019 : com.google.javascript.jscomp.CommandLineRunner,184=>Find no block
Mon Sep 02 17:32:51 EDT 2019 Mon Sep 02 17:32:51 EDT 2019 : com.google.javascript.jscomp.CommandLineRunner,192=>Find no block
Mon Sep 02 17:32:53 EDT 2019 Mon Sep 02 17:32:53 EDT 2019 : com.google.javascript.jscomp.CommandLineRunner,197=>Find no block
Mon Sep 02 17:32:56 EDT 2019 Mon Sep 02 17:32:56 EDT 2019 : com.google.javascript.jscomp.CommandLineRunner,202=>Find no block
Mon Sep 02 17:32:58 EDT 2019 Mon Sep 02 17:32:58 EDT 2019 : com.google.javascript.jscomp.CommandLineRunner,209=>Find no block
Mon Sep 02 17:33:00 EDT 2019 Mon Sep 02 17:33:00 EDT 2019 : com.google.javascript.jscomp.CommandLineRunner,215=>Find no block
Mon Sep 02 17:33:03 EDT 2019 Mon Sep 02 17:33:03 EDT 2019 : com.google.javascript.jscomp.CommandLineRunner,223=>Find no block
Mon Sep 02 17:33:05 EDT 2019 Mon Sep 02 17:33:05 EDT 2019 : com.google.javascript.jscomp.CommandLineRunner,228=>Find no block
Mon Sep 02 17:33:09 EDT 2019 Mon Sep 02 17:33:09 EDT 2019 : com.google.javascript.jscomp.CommandLineRunner,233=>Find no block
Mon Sep 02 17:33:11 EDT 2019 Mon Sep 02 17:33:11 EDT 2019 : com.google.javascript.jscomp.CommandLineRunner,238=>Find no block
Mon Sep 02 17:33:13 EDT 2019 Mon Sep 02 17:33:13 EDT 2019 : com.google.javascript.jscomp.CommandLineRunner,247=>Find no block
Mon Sep 02 17:33:16 EDT 2019 Mon Sep 02 17:33:16 EDT 2019 : com.google.javascript.jscomp.CommandLineRunner,252=>Find no block
Mon Sep 02 17:33:19 EDT 2019 Mon Sep 02 17:33:19 EDT 2019 : com.google.javascript.jscomp.CommandLineRunner,258=>Find no block
Mon Sep 02 17:33:21 EDT 2019 Mon Sep 02 17:33:21 EDT 2019 : com.google.javascript.jscomp.CommandLineRunner,263=>Find no block
Mon Sep 02 17:33:23 EDT 2019 Mon Sep 02 17:33:23 EDT 2019 : com.google.javascript.jscomp.CommandLineRunner,268=>Find no block
Mon Sep 02 17:33:26 EDT 2019 Mon Sep 02 17:33:26 EDT 2019 : com.google.javascript.jscomp.CommandLineRunner,273=>Find no block
Mon Sep 02 17:33:30 EDT 2019 Mon Sep 02 17:33:30 EDT 2019 : com.google.javascript.jscomp.CommandLineRunner,279=>Find no block
Mon Sep 02 17:33:32 EDT 2019 Mon Sep 02 17:33:32 EDT 2019 : com.google.javascript.jscomp.CommandLineRunner,285=>Find no block
Mon Sep 02 17:33:34 EDT 2019 Mon Sep 02 17:33:34 EDT 2019 : com.google.javascript.jscomp.CommandLineRunner,294=>Find no block
Mon Sep 02 17:33:37 EDT 2019 Mon Sep 02 17:33:37 EDT 2019 : com.google.javascript.jscomp.CommandLineRunner,304=>Find no block
Mon Sep 02 17:33:40 EDT 2019 Mon Sep 02 17:33:40 EDT 2019 : com.google.javascript.jscomp.CommandLineRunner,313=>Find no block
Mon Sep 02 17:33:42 EDT 2019 Mon Sep 02 17:33:42 EDT 2019 : com.google.javascript.jscomp.CommandLineRunner,320=>Find no block
Mon Sep 02 17:33:44 EDT 2019 Mon Sep 02 17:33:44 EDT 2019 : com.google.javascript.jscomp.SourceMap,52=>Find no block
Mon Sep 02 17:33:46 EDT 2019 Mon Sep 02 17:33:46 EDT 2019 : com.google.javascript.jscomp.SourceMap,55=>Find no block
Mon Sep 02 17:33:49 EDT 2019 Mon Sep 02 17:33:49 EDT 2019 : com.google.javascript.jscomp.SourceMap,62=>Find no block
Mon Sep 02 17:33:51 EDT 2019 Mon Sep 02 17:33:51 EDT 2019 : com.google.javascript.jscomp.WarningLevel,26=>Find no block
Mon Sep 02 17:33:53 EDT 2019 com.google.javascript.jscomp.WarningLevel,45
Mon Sep 02 17:34:00 EDT 2019 Mon Sep 02 17:34:00 EDT 2019 : com.google.javascript.jscomp.WarningLevel,27=>Find no block
Mon Sep 02 17:34:02 EDT 2019 Mon Sep 02 17:34:02 EDT 2019 : com.google.javascript.jscomp.WarningLevel,29=>Find no block
Mon Sep 02 17:34:04 EDT 2019 Mon Sep 02 17:34:04 EDT 2019 : com.google.javascript.jscomp.WarningLevel,31=>Find no block
Mon Sep 02 17:34:06 EDT 2019 com.google.javascript.jscomp.CommandLineRunner,329
Mon Sep 02 17:34:12 EDT 2019 Mon Sep 02 17:34:12 EDT 2019 : com.google.javascript.jscomp.CommandLineRunner,330=>Find no block
Mon Sep 02 17:34:14 EDT 2019 Mon Sep 02 17:34:14 EDT 2019 : com.google.javascript.jscomp.CommandLineRunner,321=>Find no block
Mon Sep 02 17:34:16 EDT 2019 Mon Sep 02 17:34:16 EDT 2019 : com.google.javascript.jscomp.CommandLineRunner,323=>Find no block
Mon Sep 02 17:34:18 EDT 2019 Mon Sep 02 17:34:18 EDT 2019 : com.google.javascript.jscomp.CommandLineRunner,382=>Find no block
Mon Sep 02 17:34:19 EDT 2019 Mon Sep 02 17:34:19 EDT 2019 : com.google.javascript.jscomp.CommandLineRunner,387=>Find no block
Mon Sep 02 17:34:22 EDT 2019 com.google.javascript.jscomp.CommandLineRunner,400
Mon Sep 02 17:35:33 EDT 2019 com.google.javascript.jscomp.CommandLineRunner,401
Mon Sep 02 17:35:35 EDT 2019 Mon Sep 02 17:35:35 EDT 2019 : com.google.javascript.jscomp.CommandLineRunner,402=>Find no block
Mon Sep 02 17:35:38 EDT 2019 Mon Sep 02 17:35:38 EDT 2019 : com.google.javascript.jscomp.CommandLineRunner,525=>Find no block
Mon Sep 02 17:35:40 EDT 2019 com.google.javascript.jscomp.CommandLineRunner,408
Mon Sep 02 17:38:34 EDT 2019 com.google.javascript.jscomp.CommandLineRunner,409
Mon Sep 02 17:38:36 EDT 2019 com.google.javascript.jscomp.CommandLineRunner,410
Mon Sep 02 17:38:39 EDT 2019 com.google.javascript.jscomp.CommandLineRunner,411
Mon Sep 02 17:59:40 EDT 2019 com.google.javascript.jscomp.CommandLineRunner,412
Mon Sep 02 17:59:52 EDT 2019 com.google.javascript.jscomp.CommandLineRunner,413
Mon Sep 02 17:59:58 EDT 2019 com.google.javascript.jscomp.CommandLineRunner,424
Mon Sep 02 18:00:01 EDT 2019 com.google.javascript.jscomp.CommandLineRunner,428
Mon Sep 02 18:01:29 EDT 2019 com.google.javascript.jscomp.CommandLineRunner,429
Mon Sep 02 18:01:33 EDT 2019 com.google.javascript.jscomp.CommandLineRunner,431
Mon Sep 02 18:01:42 EDT 2019 com.google.javascript.jscomp.CommandLineRunner,437
Mon Sep 02 18:09:13 EDT 2019 com.google.javascript.jscomp.CommandLineRunner,446
Mon Sep 02 18:09:16 EDT 2019 Mon Sep 02 18:09:16 EDT 2019 : com.google.javascript.jscomp.CommandLineRunner,484=>Find no block
Mon Sep 02 18:09:19 EDT 2019 com.google.javascript.jscomp.CommandLineRunner,610
Mon Sep 02 18:09:30 EDT 2019 Mon Sep 02 18:09:30 EDT 2019 : com.google.javascript.jscomp.AbstractCommandLineRunner,113=>Find no block
Mon Sep 02 18:09:32 EDT 2019 Mon Sep 02 18:09:32 EDT 2019 : com.google.javascript.jscomp.AbstractCommandLineRunner,98=>Find no block
Mon Sep 02 18:09:36 EDT 2019 Mon Sep 02 18:09:36 EDT 2019 : com.google.javascript.jscomp.AbstractCommandLineRunner,99=>Find no block
Mon Sep 02 18:09:40 EDT 2019 Mon Sep 02 18:09:40 EDT 2019 : com.google.javascript.jscomp.AbstractCommandLineRunner,100=>Find no block
Mon Sep 02 18:09:43 EDT 2019 Mon Sep 02 18:09:43 EDT 2019 : com.google.javascript.jscomp.AbstractCommandLineRunner,101=>Find no block
Mon Sep 02 18:09:46 EDT 2019 Mon Sep 02 18:09:46 EDT 2019 : com.google.javascript.jscomp.AbstractCommandLineRunner,102=>Find no block
Mon Sep 02 18:09:49 EDT 2019 Mon Sep 02 18:09:49 EDT 2019 : com.google.javascript.jscomp.AbstractCommandLineRunner,107=>Find no block
Mon Sep 02 18:09:50 EDT 2019 com.google.javascript.jscomp.AbstractCommandLineRunner,114
Mon Sep 02 18:11:03 EDT 2019 com.google.javascript.jscomp.AbstractCommandLineRunner,115
Mon Sep 02 18:11:05 EDT 2019 com.google.javascript.jscomp.AbstractCommandLineRunner,116
Mon Sep 02 18:11:08 EDT 2019 Mon Sep 02 18:11:08 EDT 2019 : com.google.javascript.jscomp.AbstractCommandLineRunner,117=>Find no block
Mon Sep 02 18:11:12 EDT 2019 Mon Sep 02 18:11:12 EDT 2019 : com.google.javascript.jscomp.AbstractCommandLineRunner,1188=>Find no block
Mon Sep 02 18:11:16 EDT 2019 Mon Sep 02 18:11:16 EDT 2019 : com.google.javascript.jscomp.AbstractCommandLineRunner,1189=>Find no block
Mon Sep 02 18:11:18 EDT 2019 Mon Sep 02 18:11:18 EDT 2019 : com.google.javascript.jscomp.AbstractCommandLineRunner,1197=>Find no block
Mon Sep 02 18:11:22 EDT 2019 Mon Sep 02 18:11:22 EDT 2019 : com.google.javascript.jscomp.AbstractCommandLineRunner,1208=>Find no block
Mon Sep 02 18:11:25 EDT 2019 Mon Sep 02 18:11:25 EDT 2019 : com.google.javascript.jscomp.AbstractCommandLineRunner,1219=>Find no block
Mon Sep 02 18:11:27 EDT 2019 Mon Sep 02 18:11:27 EDT 2019 : com.google.javascript.jscomp.AbstractCommandLineRunner,1227=>Find no block
Mon Sep 02 18:11:30 EDT 2019 Mon Sep 02 18:11:30 EDT 2019 : com.google.javascript.jscomp.AbstractCommandLineRunner,1235=>Find no block
Mon Sep 02 18:11:32 EDT 2019 Mon Sep 02 18:11:32 EDT 2019 : com.google.javascript.jscomp.AbstractCommandLineRunner,1247=>Find no block
Mon Sep 02 18:11:34 EDT 2019 Mon Sep 02 18:11:34 EDT 2019 : com.google.javascript.jscomp.AbstractCommandLineRunner,1258=>Find no block
Mon Sep 02 18:11:36 EDT 2019 Mon Sep 02 18:11:36 EDT 2019 : com.google.javascript.jscomp.AbstractCommandLineRunner,1269=>Find no block
Mon Sep 02 18:11:39 EDT 2019 Mon Sep 02 18:11:39 EDT 2019 : com.google.javascript.jscomp.AbstractCommandLineRunner,1279=>Find no block
Mon Sep 02 18:11:41 EDT 2019 Mon Sep 02 18:11:41 EDT 2019 : com.google.javascript.jscomp.AbstractCommandLineRunner,1295=>Find no block
Mon Sep 02 18:11:43 EDT 2019 Mon Sep 02 18:11:43 EDT 2019 : com.google.javascript.jscomp.AbstractCommandLineRunner,1306=>Find no block
Mon Sep 02 18:11:46 EDT 2019 Mon Sep 02 18:11:46 EDT 2019 : com.google.javascript.jscomp.AbstractCommandLineRunner,1317=>Find no block
Mon Sep 02 18:11:49 EDT 2019 Mon Sep 02 18:11:49 EDT 2019 : com.google.javascript.jscomp.AbstractCommandLineRunner,1328=>Find no block
Mon Sep 02 18:11:50 EDT 2019 Mon Sep 02 18:11:50 EDT 2019 : com.google.javascript.jscomp.AbstractCommandLineRunner,1342=>Find no block
Mon Sep 02 18:11:52 EDT 2019 Mon Sep 02 18:11:52 EDT 2019 : com.google.javascript.jscomp.AbstractCommandLineRunner,1353=>Find no block
Mon Sep 02 18:11:55 EDT 2019 Mon Sep 02 18:11:55 EDT 2019 : com.google.javascript.jscomp.AbstractCommandLineRunner,1363=>Find no block
Mon Sep 02 18:11:57 EDT 2019 Mon Sep 02 18:11:57 EDT 2019 : com.google.javascript.jscomp.AbstractCommandLineRunner,1377=>Find no block
Mon Sep 02 18:11:59 EDT 2019 Mon Sep 02 18:11:59 EDT 2019 : com.google.javascript.jscomp.AbstractCommandLineRunner,1388=>Find no block
Mon Sep 02 18:12:03 EDT 2019 Mon Sep 02 18:12:03 EDT 2019 : com.google.javascript.jscomp.AbstractCommandLineRunner,1399=>Find no block
Mon Sep 02 18:12:06 EDT 2019 Mon Sep 02 18:12:06 EDT 2019 : com.google.javascript.jscomp.AbstractCommandLineRunner,1413=>Find no block
Mon Sep 02 18:12:09 EDT 2019 Mon Sep 02 18:12:09 EDT 2019 : com.google.javascript.jscomp.AbstractCommandLineRunner,1425=>Find no block
Mon Sep 02 18:12:11 EDT 2019 Mon Sep 02 18:12:11 EDT 2019 : com.google.javascript.jscomp.AbstractCommandLineRunner,1439=>Find no block
Mon Sep 02 18:12:14 EDT 2019 Mon Sep 02 18:12:14 EDT 2019 : com.google.javascript.jscomp.AbstractCommandLineRunner,1450=>Find no block
Mon Sep 02 18:12:16 EDT 2019 Mon Sep 02 18:12:16 EDT 2019 : com.google.javascript.jscomp.AbstractCommandLineRunner,1461=>Find no block
Mon Sep 02 18:12:18 EDT 2019 Mon Sep 02 18:12:18 EDT 2019 : com.google.javascript.jscomp.AbstractCommandLineRunner,1472=>Find no block
Mon Sep 02 18:12:21 EDT 2019 Mon Sep 02 18:12:21 EDT 2019 : com.google.javascript.jscomp.AbstractCommandLineRunner,1483=>Find no block
Mon Sep 02 18:12:25 EDT 2019 Mon Sep 02 18:12:25 EDT 2019 : com.google.javascript.jscomp.AbstractCommandLineRunner,1494=>Find no block
Mon Sep 02 18:12:27 EDT 2019 Mon Sep 02 18:12:27 EDT 2019 : com.google.javascript.jscomp.AbstractCommandLineRunner,1509=>Find no block
Mon Sep 02 18:12:30 EDT 2019 Mon Sep 02 18:12:30 EDT 2019 : com.google.javascript.jscomp.AbstractCommandLineRunner,1523=>Find no block
Mon Sep 02 18:12:33 EDT 2019 Mon Sep 02 18:12:33 EDT 2019 : com.google.javascript.jscomp.AbstractCommandLineRunner,1533=>Find no block
Mon Sep 02 18:12:35 EDT 2019 Mon Sep 02 18:12:35 EDT 2019 : com.google.javascript.jscomp.AbstractCommandLineRunner,1543=>Find no block
Mon Sep 02 18:12:37 EDT 2019 Mon Sep 02 18:12:37 EDT 2019 : com.google.javascript.jscomp.AbstractCommandLineRunner,1554=>Find no block
Mon Sep 02 18:12:39 EDT 2019 Mon Sep 02 18:12:39 EDT 2019 : com.google.javascript.jscomp.AbstractCommandLineRunner,1566=>Find no block
Mon Sep 02 18:12:41 EDT 2019 Mon Sep 02 18:12:41 EDT 2019 : com.google.javascript.jscomp.SourceMap,35=>Find no block
Mon Sep 02 18:12:44 EDT 2019 Mon Sep 02 18:12:44 EDT 2019 : com.google.javascript.jscomp.SourceMap,36=>Find no block
Mon Sep 02 18:12:46 EDT 2019 Mon Sep 02 18:12:46 EDT 2019 : com.google.javascript.jscomp.SourceMap,41=>Find no block
Mon Sep 02 18:12:49 EDT 2019 Mon Sep 02 18:12:49 EDT 2019 : com.google.javascript.jscomp.CompilerOptions,1146=>Find no block
Mon Sep 02 18:12:51 EDT 2019 Mon Sep 02 18:12:51 EDT 2019 : com.google.javascript.jscomp.CompilerOptions,1147=>Find no block
Mon Sep 02 18:12:54 EDT 2019 Mon Sep 02 18:12:54 EDT 2019 : com.google.javascript.jscomp.CompilerOptions,1148=>Find no block
Mon Sep 02 18:12:58 EDT 2019 Mon Sep 02 18:12:58 EDT 2019 : com.google.javascript.jscomp.CompilerOptions,1149=>Find no block
Mon Sep 02 18:13:00 EDT 2019 Mon Sep 02 18:13:00 EDT 2019 : com.google.javascript.jscomp.CompilerOptions,1114=>Find no block
Mon Sep 02 18:13:02 EDT 2019 Mon Sep 02 18:13:02 EDT 2019 : com.google.javascript.jscomp.CompilerOptions,1118=>Find no block
Mon Sep 02 18:13:05 EDT 2019 Mon Sep 02 18:13:05 EDT 2019 : com.google.javascript.jscomp.CompilerOptions,1123=>Find no block
Mon Sep 02 18:13:07 EDT 2019 Mon Sep 02 18:13:07 EDT 2019 : com.google.javascript.jscomp.CompilerOptions,1128=>Find no block
Mon Sep 02 18:13:09 EDT 2019 Mon Sep 02 18:13:09 EDT 2019 : com.google.javascript.jscomp.CompilerOptions,1133=>Find no block
Mon Sep 02 18:13:11 EDT 2019 com.google.javascript.jscomp.SourceFile,297
Mon Sep 02 18:13:19 EDT 2019 Mon Sep 02 18:13:19 EDT 2019 : com.google.javascript.jscomp.SourceFile,298=>Find no block
Mon Sep 02 18:13:22 EDT 2019 com.google.javascript.jscomp.SourceFile,301
Mon Sep 02 18:14:43 EDT 2019 com.google.javascript.jscomp.SourceFile,302
Mon Sep 02 18:14:47 EDT 2019 com.google.javascript.jscomp.SourceFile,303
Mon Sep 02 18:14:50 EDT 2019 Mon Sep 02 18:14:50 EDT 2019 : com.google.javascript.jscomp.SourceFile,304=>Find no block
Mon Sep 02 18:14:52 EDT 2019 Mon Sep 02 18:14:52 EDT 2019 : com.google.javascript.jscomp.AbstractCommandLineRunner,1134=>Find no block
Mon Sep 02 18:14:54 EDT 2019 Mon Sep 02 18:14:54 EDT 2019 : com.google.javascript.jscomp.AbstractCommandLineRunner,1135=>Find no block
Mon Sep 02 18:14:56 EDT 2019 Mon Sep 02 18:14:56 EDT 2019 : com.google.javascript.jscomp.AbstractCommandLineRunner,1136=>Find no block
Mon Sep 02 18:14:58 EDT 2019 Mon Sep 02 18:14:58 EDT 2019 : com.google.javascript.jscomp.AbstractCommandLineRunner,1137=>Find no block
Mon Sep 02 18:15:00 EDT 2019 Mon Sep 02 18:15:00 EDT 2019 : com.google.javascript.jscomp.AbstractCommandLineRunner,1138=>Find no block
Mon Sep 02 18:15:03 EDT 2019 Mon Sep 02 18:15:03 EDT 2019 : com.google.javascript.jscomp.SourceMap,55=>Find no block
Mon Sep 02 18:15:06 EDT 2019 Mon Sep 02 18:15:06 EDT 2019 : com.google.javascript.jscomp.SourceMap,62=>Find no block
Mon Sep 02 18:15:08 EDT 2019 Mon Sep 02 18:15:08 EDT 2019 : com.google.javascript.jscomp.SourceMap,41=>Find no block
Mon Sep 02 18:15:09 EDT 2019 Mon Sep 02 18:15:09 EDT 2019 : com.google.javascript.jscomp.SourceMap,36=>Find no block
Mon Sep 02 18:15:12 EDT 2019 Mon Sep 02 18:15:12 EDT 2019 : com.google.javascript.jscomp.CompilationLevel,49=>Find no block
Mon Sep 02 18:15:14 EDT 2019 Mon Sep 02 18:15:14 EDT 2019 : com.google.javascript.jscomp.CompilationLevel,30=>Find no block
Mon Sep 02 18:15:17 EDT 2019 Mon Sep 02 18:15:17 EDT 2019 : com.google.javascript.jscomp.CompilationLevel,40=>Find no block
Mon Sep 02 18:15:18 EDT 2019 Mon Sep 02 18:15:18 EDT 2019 : com.google.javascript.jscomp.CompilationLevel,46=>Find no block
Mon Sep 02 18:15:21 EDT 2019 Mon Sep 02 18:15:21 EDT 2019 : com.google.javascript.jscomp.CompilationLevel,25=>Find no block
Mon Sep 02 18:15:22 EDT 2019 Mon Sep 02 18:15:22 EDT 2019 : com.google.javascript.jscomp.DefaultCodingConvention,32=>Find no block
Mon Sep 02 18:15:26 EDT 2019 Mon Sep 02 18:15:26 EDT 2019 : com.google.javascript.jscomp.ComposeWarningsGuard,46=>Find no block
Mon Sep 02 18:15:28 EDT 2019 com.google.javascript.jscomp.ComposeWarningsGuard,47
Mon Sep 02 18:15:37 EDT 2019 com.google.javascript.jscomp.ComposeWarningsGuard,48
Mon Sep 02 18:15:39 EDT 2019 Mon Sep 02 18:15:39 EDT 2019 : com.google.javascript.jscomp.ComposeWarningsGuard,49=>Find no block
Mon Sep 02 18:15:42 EDT 2019 com.google.javascript.jscomp.ComposeWarningsGuard,52
Mon Sep 02 18:15:49 EDT 2019 Mon Sep 02 18:15:49 EDT 2019 : com.google.javascript.jscomp.ComposeWarningsGuard,53=>Find no block
Mon Sep 02 18:15:52 EDT 2019 Mon Sep 02 18:15:52 EDT 2019 : com.google.javascript.jscomp.ComposeWarningsGuard,38=>Find no block
Mon Sep 02 18:15:54 EDT 2019 com.google.javascript.jscomp.ComposeWarningsGuard,56
Mon Sep 02 18:17:46 EDT 2019 com.google.javascript.jscomp.ComposeWarningsGuard,58
Mon Sep 02 18:17:48 EDT 2019 com.google.javascript.jscomp.ComposeWarningsGuard,60
Mon Sep 02 18:17:51 EDT 2019 com.google.javascript.jscomp.ComposeWarningsGuard,61
Mon Sep 02 18:17:52 EDT 2019 com.google.javascript.jscomp.ComposeWarningsGuard,62
Mon Sep 02 18:17:54 EDT 2019 com.google.javascript.jscomp.ComposeWarningsGuard,64
Mon Sep 02 18:17:57 EDT 2019 Mon Sep 02 18:17:57 EDT 2019 : com.google.javascript.jscomp.ComposeWarningsGuard,66=>Find no block
Mon Sep 02 18:17:59 EDT 2019 com.google.javascript.jscomp.ComposeWarningsGuard,69
Mon Sep 02 18:18:07 EDT 2019 com.google.javascript.jscomp.ComposeWarningsGuard,70
Mon Sep 02 18:18:09 EDT 2019 Mon Sep 02 18:18:09 EDT 2019 : com.google.javascript.jscomp.ComposeWarningsGuard,71=>Find no block
Mon Sep 02 18:18:11 EDT 2019 Mon Sep 02 18:18:11 EDT 2019 : com.google.javascript.jscomp.ComposeWarningsGuard,72=>Find no block
Mon Sep 02 18:18:14 EDT 2019 com.google.javascript.jscomp.ComposeWarningsGuard,76
Mon Sep 02 18:18:52 EDT 2019 com.google.javascript.jscomp.ComposeWarningsGuard,77
Mon Sep 02 18:18:56 EDT 2019 com.google.javascript.jscomp.ComposeWarningsGuard,78
Failed time : 19/09/02 18:18
