=================================================
Project : closure_84	start : 19/09/02 17:00
Current failed test : com.google.javascript.jscomp.parsing.ParserTest::testDestructuringAssignForbidden4 | 19/09/02 17:00
Mon Sep 02 17:10:39 EDT 2019 com.google.javascript.jscomp.parsing.IRFactory,308
Mon Sep 02 17:10:43 EDT 2019 com.google.javascript.jscomp.parsing.IRFactory,854
Mon Sep 02 17:12:28 EDT 2019 Mon Sep 02 17:12:28 EDT 2019 : com.google.javascript.jscomp.parsing.IRFactory,858=>Find no block
Mon Sep 02 17:12:29 EDT 2019 com.google.javascript.jscomp.parsing.IRFactory,314
Mon Sep 02 18:07:45 EDT 2019 com.google.javascript.jscomp.parsing.IRFactory,315
Mon Sep 02 18:07:46 EDT 2019 com.google.javascript.jscomp.parsing.IRFactory,318
Mon Sep 02 18:07:47 EDT 2019 Mon Sep 02 18:07:47 EDT 2019 : com.google.javascript.jscomp.parsing.IRFactory,320=>Find no block
Mon Sep 02 18:07:47 EDT 2019 com.google.javascript.jscomp.parsing.ParserRunner,99
Mon Sep 02 18:08:05 EDT 2019 com.google.javascript.jscomp.parsing.ParserRunner,100
Mon Sep 02 18:08:06 EDT 2019 com.google.javascript.rhino.jstype.JSTypeRegistry,189
Mon Sep 02 18:08:09 EDT 2019 Mon Sep 02 18:08:09 EDT 2019 : com.google.javascript.rhino.jstype.JSTypeRegistry,190=>Find no block
Mon Sep 02 18:08:10 EDT 2019 com.google.javascript.jscomp.parsing.IRFactory,307
Mon Sep 02 18:08:10 EDT 2019 com.google.javascript.jscomp.parsing.IRFactory,311
Mon Sep 02 18:13:10 EDT 2019 com.google.javascript.jscomp.parsing.IRFactory,312
Mon Sep 02 18:45:42 EDT 2019 com.google.javascript.jscomp.parsing.IRFactory,313
Mon Sep 02 18:45:43 EDT 2019 com.google.javascript.jscomp.parsing.IRFactory,321
Mon Sep 02 19:34:28 EDT 2019 com.google.javascript.jscomp.parsing.IRFactory,335
Mon Sep 02 19:55:49 EDT 2019 com.google.javascript.jscomp.parsing.TypeSafeDispatcher,146
Mon Sep 02 20:01:10 EDT 2019 com.google.javascript.rhino.jstype.PrototypeObjectType,127
Mon Sep 02 20:06:49 EDT 2019 com.google.javascript.rhino.jstype.PrototypeObjectType,128
Mon Sep 02 20:06:50 EDT 2019 com.google.javascript.rhino.jstype.PrototypeObjectType,129
Mon Sep 02 20:06:50 EDT 2019 com.google.javascript.rhino.jstype.PrototypeObjectType,131
Mon Sep 02 20:06:51 EDT 2019 com.google.javascript.rhino.jstype.PrototypeObjectType,132
Mon Sep 02 20:06:51 EDT 2019 com.google.javascript.rhino.jstype.PrototypeObjectType,133
Mon Sep 02 20:06:52 EDT 2019 com.google.javascript.rhino.jstype.PrototypeObjectType,134
Mon Sep 02 20:06:53 EDT 2019 Mon Sep 02 20:06:53 EDT 2019 : com.google.javascript.rhino.jstype.PrototypeObjectType,136=>Find no block
Mon Sep 02 20:06:53 EDT 2019 com.google.javascript.rhino.jstype.PrototypeObjectType,137
Mon Sep 02 20:06:54 EDT 2019 com.google.javascript.rhino.jstype.PrototypeObjectType,149
Mon Sep 02 20:10:46 EDT 2019 com.google.javascript.rhino.jstype.PrototypeObjectType,145
Mon Sep 02 20:10:47 EDT 2019 com.google.javascript.rhino.jstype.PrototypeObjectType,146
Mon Sep 02 20:10:48 EDT 2019 com.google.javascript.rhino.jstype.PrototypeObjectType,142
Mon Sep 02 20:10:48 EDT 2019 com.google.javascript.jscomp.parsing.IRFactory,1052
Mon Sep 02 20:10:55 EDT 2019 com.google.javascript.jscomp.parsing.IRFactory,340
Mon Sep 02 20:11:35 EDT 2019 com.google.javascript.jscomp.parsing.IRFactory,341
Mon Sep 02 20:11:36 EDT 2019 com.google.javascript.jscomp.parsing.TypeSafeDispatcher,159
Mon Sep 02 20:15:25 EDT 2019 com.google.javascript.jscomp.parsing.TypeSafeDispatcher,184
Mon Sep 02 20:20:50 EDT 2019 com.google.javascript.jscomp.parsing.IRFactory,954
Mon Sep 02 20:20:56 EDT 2019 com.google.javascript.jscomp.parsing.IRFactory,492
Mon Sep 02 21:08:00 EDT 2019 com.google.javascript.jscomp.parsing.IRFactory,494
Mon Sep 02 21:08:01 EDT 2019 com.google.javascript.jscomp.parsing.IRFactory,498
Mon Sep 02 21:08:01 EDT 2019 com.google.javascript.jscomp.parsing.IRFactory,499
Mon Sep 02 21:08:02 EDT 2019 com.google.javascript.jscomp.parsing.IRFactory,500
Mon Sep 02 21:08:03 EDT 2019 com.google.javascript.jscomp.parsing.IRFactory,501
Mon Sep 02 21:08:03 EDT 2019 com.google.javascript.jscomp.parsing.IRFactory,569
Mon Sep 02 21:25:11 EDT 2019 com.google.javascript.jscomp.parsing.IRFactory,575
Mon Sep 02 21:25:12 EDT 2019 com.google.javascript.jscomp.parsing.IRFactory,579
Mon Sep 02 21:25:13 EDT 2019 com.google.javascript.jscomp.parsing.IRFactory,581
Mon Sep 02 21:25:13 EDT 2019 com.google.javascript.jscomp.parsing.IRFactory,1194
Mon Sep 02 21:26:09 EDT 2019 com.google.javascript.jscomp.parsing.IRFactory,1198
Mon Sep 02 21:27:05 EDT 2019 com.google.javascript.rhino.jstype.InstanceObjectType,88
Mon Sep 02 21:31:21 EDT 2019 com.google.javascript.rhino.jstype.InstanceObjectType,89
Mon Sep 02 21:32:58 EDT 2019 com.google.javascript.rhino.jstype.InstanceObjectType,92
Mon Sep 02 21:32:59 EDT 2019 Mon Sep 02 21:32:59 EDT 2019 : com.google.javascript.rhino.Node,374=>Find no block
Mon Sep 02 21:32:59 EDT 2019 com.google.javascript.rhino.Node,375
Mon Sep 02 21:52:46 EDT 2019 com.google.javascript.rhino.Node,377
Mon Sep 02 21:52:46 EDT 2019 com.google.javascript.rhino.Node,380
Mon Sep 02 21:52:47 EDT 2019 com.google.javascript.rhino.Node,381
Mon Sep 02 21:52:47 EDT 2019 com.google.javascript.rhino.Node,382
Mon Sep 02 21:52:48 EDT 2019 com.google.javascript.rhino.Node,383
Mon Sep 02 21:52:48 EDT 2019 com.google.javascript.rhino.Node,384
Mon Sep 02 21:52:48 EDT 2019 com.google.javascript.rhino.Node,385
Mon Sep 02 21:52:49 EDT 2019 Mon Sep 02 21:52:49 EDT 2019 : com.google.javascript.rhino.Node,386=>Find no block
Mon Sep 02 21:52:49 EDT 2019 com.google.javascript.rhino.jstype.ObjectType,452
Mon Sep 02 21:53:50 EDT 2019 com.google.javascript.rhino.jstype.InstanceObjectType,156
Mon Sep 02 21:54:44 EDT 2019 com.google.javascript.rhino.jstype.JSType,294
Mon Sep 02 21:54:47 EDT 2019 com.google.javascript.rhino.jstype.FunctionPrototypeType,76
Mon Sep 02 21:54:49 EDT 2019 com.google.javascript.rhino.jstype.ObjectType,404
Mon Sep 02 21:57:18 EDT 2019 com.google.javascript.rhino.jstype.PrototypeObjectType,154
Mon Sep 02 21:57:21 EDT 2019 com.google.javascript.rhino.jstype.PrototypeObjectType,230
Mon Sep 02 21:58:04 EDT 2019 com.google.javascript.rhino.jstype.PrototypeObjectType,233
Mon Sep 02 22:03:39 EDT 2019 com.google.javascript.rhino.jstype.PrototypeObjectType,234
Mon Sep 02 22:03:40 EDT 2019 Mon Sep 02 22:03:40 EDT 2019 : com.google.javascript.rhino.jstype.PrototypeObjectType,506=>Find no block
Mon Sep 02 22:03:40 EDT 2019 Mon Sep 02 22:03:40 EDT 2019 : com.google.javascript.rhino.jstype.PrototypeObjectType,504=>Find no block
Mon Sep 02 22:03:41 EDT 2019 com.google.javascript.rhino.jstype.PrototypeObjectType,507
Mon Sep 02 22:07:00 EDT 2019 com.google.javascript.rhino.jstype.PrototypeObjectType,508
Mon Sep 02 22:07:00 EDT 2019 com.google.javascript.rhino.jstype.PrototypeObjectType,509
Mon Sep 02 22:07:01 EDT 2019 com.google.javascript.rhino.jstype.PrototypeObjectType,510
Mon Sep 02 22:07:01 EDT 2019 Mon Sep 02 22:07:01 EDT 2019 : com.google.javascript.rhino.jstype.PrototypeObjectType,511=>Find no block
Mon Sep 02 22:07:02 EDT 2019 Mon Sep 02 22:07:02 EDT 2019 : com.google.javascript.rhino.jstype.PrototypeObjectType,479=>Find no block
Mon Sep 02 22:07:02 EDT 2019 com.google.javascript.rhino.jstype.JSTypeRegistry,915
Timeout time : 19/09/02 22:10
