=================================================
Project : closure_85	start : 19/09/02 17:00
Current failed test : com.google.javascript.jscomp.UnreachableCodeEliminationTest::testCascadedRemovalOfUnlessUnconditonalJumps | 19/09/02 17:01
Mon Sep 02 17:02:37 EDT 2019 com.google.javascript.rhino.Node,916
Mon Sep 02 17:06:01 EDT 2019 com.google.javascript.rhino.Node,917
Mon Sep 02 17:06:02 EDT 2019 com.google.javascript.rhino.Node,918
Mon Sep 02 17:06:03 EDT 2019 com.google.javascript.rhino.Node,929
Mon Sep 02 19:27:47 EDT 2019 com.google.javascript.rhino.Node,930
Mon Sep 02 19:27:47 EDT 2019 com.google.javascript.rhino.Node,933
Mon Sep 02 19:27:48 EDT 2019 com.google.javascript.rhino.Node,941
Mon Sep 02 19:27:49 EDT 2019 com.google.javascript.rhino.Node,963
Mon Sep 02 19:27:49 EDT 2019 com.google.javascript.rhino.Node,971
Mon Sep 02 19:27:50 EDT 2019 com.google.javascript.rhino.Node,1029
Mon Sep 02 19:30:56 EDT 2019 Mon Sep 02 19:30:56 EDT 2019 : com.google.javascript.rhino.Node,1039=>Find no block
Mon Sep 02 19:30:57 EDT 2019 Mon Sep 02 19:30:57 EDT 2019 : com.google.javascript.rhino.Node,175=>Find no block
Mon Sep 02 19:30:57 EDT 2019 com.google.javascript.rhino.Node,195
Mon Sep 02 19:31:04 EDT 2019 com.google.javascript.rhino.Node,220
Mon Sep 02 19:31:11 EDT 2019 com.google.javascript.rhino.Node,843
Timeout time : 19/09/02 19:32
Current failed test : com.google.javascript.jscomp.UnreachableCodeEliminationTest::testIssue311 | 19/09/02 19:32
Mon Sep 02 19:33:54 EDT 2019 com.google.javascript.rhino.Node,916
Mon Sep 02 19:37:25 EDT 2019 com.google.javascript.rhino.Node,917
Mon Sep 02 19:37:25 EDT 2019 com.google.javascript.rhino.Node,918
Mon Sep 02 19:37:26 EDT 2019 com.google.javascript.rhino.Node,929
Mon Sep 02 21:58:24 EDT 2019 com.google.javascript.rhino.Node,930
Mon Sep 02 21:58:25 EDT 2019 com.google.javascript.rhino.Node,933
Mon Sep 02 21:58:26 EDT 2019 com.google.javascript.rhino.Node,941
Mon Sep 02 21:58:26 EDT 2019 com.google.javascript.rhino.Node,963
Mon Sep 02 21:58:27 EDT 2019 com.google.javascript.rhino.Node,971
Mon Sep 02 21:58:27 EDT 2019 com.google.javascript.rhino.Node,1029
Mon Sep 02 22:01:31 EDT 2019 Mon Sep 02 22:01:31 EDT 2019 : com.google.javascript.rhino.Node,1039=>Find no block
Mon Sep 02 22:01:32 EDT 2019 Mon Sep 02 22:01:32 EDT 2019 : com.google.javascript.rhino.Node,175=>Find no block
Mon Sep 02 22:01:32 EDT 2019 com.google.javascript.rhino.Node,195
Mon Sep 02 22:01:39 EDT 2019 com.google.javascript.rhino.Node,220
Mon Sep 02 22:01:45 EDT 2019 com.google.javascript.rhino.Node,843
Timeout time : 19/09/02 22:03
