=================================================
Project : closure_86	start : 19/09/02 17:03
Current failed test : com.google.javascript.jscomp.NodeUtilTest::testLocalValue1 | 19/09/02 17:03
Mon Sep 02 17:15:40 EDT 2019 com.google.javascript.jscomp.NodeUtil,762
Mon Sep 02 17:21:50 EDT 2019 com.google.javascript.jscomp.NodeUtil,2465
Mon Sep 02 17:21:59 EDT 2019 com.google.javascript.jscomp.PureFunctionIdentifier,820
Mon Sep 02 17:22:56 EDT 2019 com.google.javascript.jscomp.PureFunctionIdentifier,160
Mon Sep 02 17:25:39 EDT 2019 com.google.javascript.jscomp.PureFunctionIdentifier,161
Mon Sep 02 17:25:40 EDT 2019 com.google.javascript.jscomp.PureFunctionIdentifier,279
Mon Sep 02 17:25:56 EDT 2019 com.google.javascript.jscomp.PureFunctionIdentifier,280
Mon Sep 02 17:25:56 EDT 2019 com.google.javascript.jscomp.PureFunctionIdentifier,336
Mon Sep 02 17:26:40 EDT 2019 com.google.javascript.rhino.Node,2166
Mon Sep 02 17:28:17 EDT 2019 Mon Sep 02 17:28:17 EDT 2019 : com.google.javascript.rhino.Node,2167=>Find no block
Mon Sep 02 17:28:19 EDT 2019 com.google.javascript.jscomp.PureFunctionIdentifier,553
Mon Sep 02 17:45:15 EDT 2019 com.google.javascript.jscomp.PureFunctionIdentifier,554
Mon Sep 02 17:45:16 EDT 2019 com.google.javascript.jscomp.PureFunctionIdentifier,555
Mon Sep 02 17:46:54 EDT 2019 com.google.javascript.jscomp.PureFunctionIdentifier,556
Mon Sep 02 17:46:55 EDT 2019 com.google.javascript.jscomp.PureFunctionIdentifier,558
Mon Sep 02 17:50:59 EDT 2019 Mon Sep 02 17:50:59 EDT 2019 : com.google.javascript.jscomp.PureFunctionIdentifier,566=>Find no block
Mon Sep 02 17:51:00 EDT 2019 com.google.javascript.jscomp.PureFunctionIdentifier,356
Mon Sep 02 17:52:15 EDT 2019 com.google.javascript.jscomp.PureFunctionIdentifier,358
Mon Sep 02 17:52:16 EDT 2019 com.google.javascript.jscomp.NodeUtil,2416
Mon Sep 02 17:52:54 EDT 2019 Mon Sep 02 17:52:54 EDT 2019 : com.google.javascript.jscomp.NodeUtil,2425=>Find no block
Mon Sep 02 17:52:54 EDT 2019 com.google.javascript.jscomp.PureFunctionIdentifier,551
Mon Sep 02 17:52:58 EDT 2019 com.google.javascript.jscomp.PureFunctionIdentifier,914
Mon Sep 02 17:58:01 EDT 2019 Mon Sep 02 17:58:01 EDT 2019 : com.google.javascript.jscomp.PureFunctionIdentifier,915=>Find no block
Mon Sep 02 17:58:01 EDT 2019 com.google.javascript.jscomp.PureFunctionIdentifier,446
Mon Sep 02 18:15:49 EDT 2019 com.google.javascript.jscomp.PureFunctionIdentifier,447
Mon Sep 02 18:15:50 EDT 2019 com.google.javascript.jscomp.PureFunctionIdentifier,448
Mon Sep 02 18:15:51 EDT 2019 Mon Sep 02 18:15:51 EDT 2019 : com.google.javascript.jscomp.PureFunctionIdentifier,449=>Find no block
Mon Sep 02 18:15:51 EDT 2019 com.google.javascript.jscomp.PureFunctionIdentifier,559
Mon Sep 02 18:15:52 EDT 2019 com.google.javascript.jscomp.PureFunctionIdentifier,439
Mon Sep 02 18:25:29 EDT 2019 com.google.javascript.jscomp.PureFunctionIdentifier,441
Mon Sep 02 18:38:58 EDT 2019 com.google.javascript.jscomp.PureFunctionIdentifier,445
Mon Sep 02 18:38:59 EDT 2019 com.google.javascript.jscomp.PureFunctionIdentifier,495
Mon Sep 02 18:48:49 EDT 2019 com.google.javascript.jscomp.PureFunctionIdentifier,496
Mon Sep 02 18:48:50 EDT 2019 com.google.javascript.jscomp.NodeUtil,2450
Mon Sep 02 18:49:56 EDT 2019 com.google.javascript.jscomp.PureFunctionIdentifier,155
Mon Sep 02 19:13:02 EDT 2019 com.google.javascript.jscomp.PureFunctionIdentifier,159
Mon Sep 02 19:13:03 EDT 2019 com.google.javascript.jscomp.NodeUtil,825
Mon Sep 02 19:17:45 EDT 2019 com.google.javascript.jscomp.PureFunctionIdentifier,550
Mon Sep 02 19:40:24 EDT 2019 com.google.javascript.jscomp.PureFunctionIdentifier,269
Mon Sep 02 20:00:15 EDT 2019 com.google.javascript.jscomp.PureFunctionIdentifier,270
Mon Sep 02 20:00:16 EDT 2019 com.google.javascript.jscomp.PureFunctionIdentifier,272
Mon Sep 02 20:00:16 EDT 2019 com.google.javascript.jscomp.PureFunctionIdentifier,1030
Mon Sep 02 20:07:07 EDT 2019 Mon Sep 02 20:07:07 EDT 2019 : com.google.javascript.jscomp.PureFunctionIdentifier,1031=>Find no block
Mon Sep 02 20:07:08 EDT 2019 com.google.javascript.jscomp.PureFunctionIdentifier,426
Mon Sep 02 20:16:05 EDT 2019 com.google.javascript.jscomp.PureFunctionIdentifier,427
Mon Sep 02 20:19:16 EDT 2019 com.google.javascript.jscomp.PureFunctionIdentifier,584
Mon Sep 02 20:25:28 EDT 2019 com.google.javascript.jscomp.PureFunctionIdentifier,590
Mon Sep 02 20:30:42 EDT 2019 com.google.javascript.jscomp.PureFunctionIdentifier,595
Mon Sep 02 20:41:29 EDT 2019 Mon Sep 02 20:41:29 EDT 2019 : com.google.javascript.jscomp.PureFunctionIdentifier,596=>Find no block
Mon Sep 02 20:41:30 EDT 2019 com.google.javascript.jscomp.NodeUtil,1462
Mon Sep 02 20:50:15 EDT 2019 com.google.javascript.jscomp.PureFunctionIdentifier,419
Mon Sep 02 20:50:30 EDT 2019 com.google.javascript.jscomp.FunctionNames,97
Mon Sep 02 20:58:58 EDT 2019 com.google.javascript.jscomp.PureFunctionIdentifier,797
Mon Sep 02 21:27:46 EDT 2019 com.google.javascript.rhino.Node,2174
Mon Sep 02 21:29:19 EDT 2019 Mon Sep 02 21:29:19 EDT 2019 : com.google.javascript.rhino.Node,2175=>Find no block
Mon Sep 02 21:29:20 EDT 2019 com.google.javascript.jscomp.NodeUtil,692
Mon Sep 02 21:29:56 EDT 2019 com.google.javascript.jscomp.NodeUtil,701
Timeout time : 19/09/02 22:15
