=================================================
Project : closure_87	start : 19/09/02 17:08
Current failed test : com.google.javascript.jscomp.PeepholeSubstituteAlternateSyntaxTest::testIssue291 | 19/09/02 17:09
Mon Sep 02 17:10:40 EDT 2019 com.google.javascript.rhino.Node,220
Mon Sep 02 17:11:10 EDT 2019 com.google.javascript.rhino.Node,933
Mon Sep 02 18:52:28 EDT 2019 com.google.javascript.rhino.Node,941
Mon Sep 02 18:52:30 EDT 2019 com.google.javascript.rhino.Node,1020
Mon Sep 02 18:54:39 EDT 2019 com.google.javascript.rhino.Node,1043
Mon Sep 02 18:54:45 EDT 2019 com.google.javascript.rhino.Node,1048
Mon Sep 02 18:55:04 EDT 2019 com.google.javascript.rhino.Node,1049
Mon Sep 02 18:55:08 EDT 2019 com.google.javascript.rhino.Node,1050
Mon Sep 02 18:55:10 EDT 2019 com.google.javascript.rhino.Node,1057
Mon Sep 02 18:55:16 EDT 2019 Mon Sep 02 18:55:16 EDT 2019 : com.google.javascript.rhino.Node,1058=>Find no block
Mon Sep 02 18:55:18 EDT 2019 com.google.javascript.rhino.Node,1063
Mon Sep 02 19:07:40 EDT 2019 com.google.javascript.rhino.Node,1064
Mon Sep 02 19:07:42 EDT 2019 com.google.javascript.rhino.Node,1066
Mon Sep 02 20:09:28 EDT 2019 com.google.javascript.rhino.Node,1067
Mon Sep 02 20:09:30 EDT 2019 Mon Sep 02 20:09:30 EDT 2019 : com.google.javascript.rhino.Node,1068=>Find no block
Mon Sep 02 20:09:31 EDT 2019 com.google.javascript.rhino.Node,1069
Mon Sep 02 20:09:32 EDT 2019 com.google.javascript.rhino.Node,1071
Mon Sep 02 20:09:34 EDT 2019 Mon Sep 02 20:09:34 EDT 2019 : com.google.javascript.rhino.Node,1070=>Find no block
Mon Sep 02 20:09:36 EDT 2019 Mon Sep 02 20:09:36 EDT 2019 : com.google.javascript.rhino.Node,1074=>Find no block
Mon Sep 02 20:09:37 EDT 2019 com.google.javascript.rhino.Node,1369
Mon Sep 02 20:09:53 EDT 2019 Mon Sep 02 20:09:53 EDT 2019 : com.google.javascript.rhino.Node,175=>Find no block
Mon Sep 02 20:09:55 EDT 2019 com.google.javascript.rhino.Node,195
Mon Sep 02 20:10:09 EDT 2019 com.google.javascript.rhino.Node,843
Mon Sep 02 20:22:39 EDT 2019 com.google.javascript.rhino.Node,844
Mon Sep 02 20:22:40 EDT 2019 com.google.javascript.rhino.Node,845
Mon Sep 02 20:22:42 EDT 2019 com.google.javascript.rhino.Node,848
Mon Sep 02 20:22:43 EDT 2019 com.google.javascript.rhino.Node,849
Mon Sep 02 20:22:45 EDT 2019 com.google.javascript.rhino.Node,850
Mon Sep 02 20:22:46 EDT 2019 com.google.javascript.rhino.Node,851
Mon Sep 02 20:22:47 EDT 2019 com.google.javascript.rhino.Node,854
Mon Sep 02 20:22:49 EDT 2019 com.google.javascript.rhino.Node,855
Mon Sep 02 20:22:50 EDT 2019 com.google.javascript.rhino.Node,908
Mon Sep 02 20:22:55 EDT 2019 com.google.javascript.rhino.Node,916
Mon Sep 02 20:26:13 EDT 2019 com.google.javascript.rhino.Node,917
Mon Sep 02 20:26:14 EDT 2019 com.google.javascript.rhino.Node,918
Mon Sep 02 20:26:15 EDT 2019 com.google.javascript.rhino.Node,929
Mon Sep 02 21:10:26 EDT 2019 com.google.javascript.rhino.Node,930
Mon Sep 02 21:10:27 EDT 2019 com.google.javascript.rhino.Node,931
Mon Sep 02 21:10:47 EDT 2019 com.google.javascript.rhino.Node,932
Mon Sep 02 21:10:47 EDT 2019 com.google.javascript.rhino.Node,963
Mon Sep 02 21:10:48 EDT 2019 com.google.javascript.rhino.Node,964
Mon Sep 02 21:10:49 EDT 2019 com.google.javascript.rhino.Node,965
Mon Sep 02 21:10:49 EDT 2019 com.google.javascript.rhino.Node,966
Mon Sep 02 21:10:50 EDT 2019 com.google.javascript.rhino.Node,967
Mon Sep 02 21:10:51 EDT 2019 com.google.javascript.rhino.Node,971
Mon Sep 02 21:10:51 EDT 2019 com.google.javascript.rhino.Node,972
Mon Sep 02 21:10:57 EDT 2019 com.google.javascript.rhino.Node,973
Mon Sep 02 21:10:58 EDT 2019 com.google.javascript.rhino.Node,974
Mon Sep 02 21:21:45 EDT 2019 com.google.javascript.rhino.Node,975
Mon Sep 02 21:21:45 EDT 2019 com.google.javascript.rhino.Node,976
Mon Sep 02 21:30:23 EDT 2019 com.google.javascript.rhino.Node,977
Mon Sep 02 21:37:49 EDT 2019 com.google.javascript.rhino.Node,978
Mon Sep 02 21:46:17 EDT 2019 Mon Sep 02 21:46:17 EDT 2019 : com.google.javascript.rhino.Node,980=>Find no block
Mon Sep 02 21:46:17 EDT 2019 com.google.javascript.rhino.Node,1016
Mon Sep 02 21:48:37 EDT 2019 com.google.javascript.rhino.Node,1017
Mon Sep 02 21:48:38 EDT 2019 com.google.javascript.rhino.Node,1018
Mon Sep 02 21:48:39 EDT 2019 com.google.javascript.rhino.Node,1024
Mon Sep 02 22:05:08 EDT 2019 com.google.javascript.rhino.Node,1025
Mon Sep 02 22:05:08 EDT 2019 com.google.javascript.rhino.Node,1029
Mon Sep 02 22:07:22 EDT 2019 com.google.javascript.rhino.Node,1030
Mon Sep 02 22:07:22 EDT 2019 Mon Sep 02 22:07:22 EDT 2019 : com.google.javascript.rhino.Node,1039=>Find no block
Mon Sep 02 22:07:23 EDT 2019 com.google.javascript.jscomp.PeepholeSubstituteAlternateSyntax,309
Timeout time : 19/09/02 22:10
