=================================================
Project : closure_88	start : 19/09/02 17:10
Current failed test : com.google.javascript.jscomp.CommandLineRunnerTest::testIssue297 | 19/09/02 17:10
Mon Sep 02 17:11:09 EDT 2019 Mon Sep 02 17:11:09 EDT 2019 : com.google.javascript.rhino.Node,175=>Find no block
Mon Sep 02 17:11:09 EDT 2019 com.google.javascript.rhino.Node,195
Mon Sep 02 17:11:19 EDT 2019 com.google.javascript.rhino.Node,217
Mon Sep 02 17:11:26 EDT 2019 com.google.javascript.rhino.Node,220
Mon Sep 02 17:11:34 EDT 2019 com.google.javascript.rhino.Node,843
Mon Sep 02 17:23:50 EDT 2019 com.google.javascript.rhino.Node,844
Mon Sep 02 17:23:51 EDT 2019 com.google.javascript.rhino.Node,845
Mon Sep 02 17:23:52 EDT 2019 com.google.javascript.rhino.Node,848
Mon Sep 02 17:23:52 EDT 2019 com.google.javascript.rhino.Node,849
Mon Sep 02 17:23:53 EDT 2019 com.google.javascript.rhino.Node,850
Mon Sep 02 17:23:54 EDT 2019 com.google.javascript.rhino.Node,851
Mon Sep 02 17:23:54 EDT 2019 com.google.javascript.rhino.Node,854
Mon Sep 02 17:23:55 EDT 2019 com.google.javascript.rhino.Node,855
Mon Sep 02 17:23:55 EDT 2019 com.google.javascript.rhino.Node,908
Mon Sep 02 17:23:59 EDT 2019 com.google.javascript.rhino.Node,916
Mon Sep 02 17:27:16 EDT 2019 com.google.javascript.rhino.Node,917
Mon Sep 02 17:27:17 EDT 2019 com.google.javascript.rhino.Node,918
Mon Sep 02 17:27:17 EDT 2019 com.google.javascript.rhino.Node,929
Mon Sep 02 19:41:12 EDT 2019 com.google.javascript.rhino.Node,930
Mon Sep 02 19:41:12 EDT 2019 com.google.javascript.rhino.Node,931
Mon Sep 02 19:41:36 EDT 2019 com.google.javascript.rhino.Node,932
Mon Sep 02 19:41:37 EDT 2019 com.google.javascript.rhino.Node,933
Mon Sep 02 19:41:38 EDT 2019 com.google.javascript.rhino.Node,934
Mon Sep 02 20:14:53 EDT 2019 com.google.javascript.rhino.Node,938
Mon Sep 02 20:14:53 EDT 2019 com.google.javascript.rhino.Node,941
Mon Sep 02 20:14:54 EDT 2019 com.google.javascript.rhino.Node,960
Mon Sep 02 20:14:55 EDT 2019 com.google.javascript.rhino.Node,961
Mon Sep 02 20:14:55 EDT 2019 com.google.javascript.rhino.Node,963
Mon Sep 02 20:14:56 EDT 2019 com.google.javascript.rhino.Node,964
Mon Sep 02 20:14:56 EDT 2019 com.google.javascript.rhino.Node,965
Mon Sep 02 20:14:57 EDT 2019 com.google.javascript.rhino.Node,966
Mon Sep 02 20:14:58 EDT 2019 com.google.javascript.rhino.Node,967
Mon Sep 02 20:14:58 EDT 2019 com.google.javascript.rhino.Node,971
Mon Sep 02 20:14:59 EDT 2019 com.google.javascript.rhino.Node,972
Mon Sep 02 20:15:04 EDT 2019 com.google.javascript.rhino.Node,973
Mon Sep 02 20:15:04 EDT 2019 com.google.javascript.rhino.Node,974
Mon Sep 02 20:28:25 EDT 2019 com.google.javascript.rhino.Node,975
Mon Sep 02 20:28:26 EDT 2019 com.google.javascript.rhino.Node,976
Mon Sep 02 20:39:06 EDT 2019 com.google.javascript.rhino.Node,977
Mon Sep 02 20:48:17 EDT 2019 com.google.javascript.rhino.Node,978
Mon Sep 02 20:58:48 EDT 2019 Mon Sep 02 20:58:48 EDT 2019 : com.google.javascript.rhino.Node,980=>Find no block
Mon Sep 02 20:58:48 EDT 2019 com.google.javascript.rhino.Node,1016
Mon Sep 02 21:01:45 EDT 2019 com.google.javascript.rhino.Node,1017
Mon Sep 02 21:01:46 EDT 2019 com.google.javascript.rhino.Node,1018
Mon Sep 02 21:01:47 EDT 2019 com.google.javascript.rhino.Node,1020
Mon Sep 02 21:01:47 EDT 2019 com.google.javascript.rhino.Node,1024
Mon Sep 02 21:21:54 EDT 2019 com.google.javascript.rhino.Node,1025
Mon Sep 02 21:21:55 EDT 2019 com.google.javascript.rhino.Node,1029
Mon Sep 02 21:24:50 EDT 2019 com.google.javascript.rhino.Node,1030
Mon Sep 02 21:24:51 EDT 2019 Mon Sep 02 21:24:51 EDT 2019 : com.google.javascript.rhino.Node,1039=>Find no block
Mon Sep 02 21:24:51 EDT 2019 com.google.javascript.rhino.Node,1043
Mon Sep 02 21:24:54 EDT 2019 com.google.javascript.rhino.Node,1048
Mon Sep 02 21:25:07 EDT 2019 com.google.javascript.rhino.Node,1049
Mon Sep 02 21:25:08 EDT 2019 com.google.javascript.rhino.Node,1050
Mon Sep 02 21:25:08 EDT 2019 com.google.javascript.rhino.Node,1057
Mon Sep 02 21:25:11 EDT 2019 Mon Sep 02 21:25:11 EDT 2019 : com.google.javascript.rhino.Node,1058=>Find no block
Mon Sep 02 21:25:11 EDT 2019 com.google.javascript.rhino.Node,1063
Mon Sep 02 21:36:47 EDT 2019 com.google.javascript.rhino.Node,1064
Mon Sep 02 21:36:48 EDT 2019 com.google.javascript.rhino.Node,1066
Timeout time : 19/09/02 22:11
