=================================================
Project : closure_89	start : 19/09/02 17:18
Current failed test : com.google.javascript.jscomp.CollapsePropertiesTest::testAddPropertyToUncollapsibleFunctionInLocalScopeDepth1 | 19/09/02 17:20
Mon Sep 02 17:22:42 EDT 2019 Mon Sep 02 17:22:42 EDT 2019 : com.google.javascript.rhino.Node,175=>Find no block
Mon Sep 02 17:22:44 EDT 2019 com.google.javascript.rhino.Node,195
Mon Sep 02 17:23:07 EDT 2019 com.google.javascript.rhino.Node,220
Mon Sep 02 17:23:29 EDT 2019 com.google.javascript.rhino.Node,222
Mon Sep 02 17:23:52 EDT 2019 com.google.javascript.rhino.Node,843
Mon Sep 02 17:39:01 EDT 2019 com.google.javascript.rhino.Node,844
Mon Sep 02 17:39:04 EDT 2019 com.google.javascript.rhino.Node,845
Mon Sep 02 17:39:08 EDT 2019 com.google.javascript.rhino.Node,848
Mon Sep 02 17:39:12 EDT 2019 com.google.javascript.rhino.Node,849
Mon Sep 02 17:39:14 EDT 2019 com.google.javascript.rhino.Node,850
Mon Sep 02 17:39:17 EDT 2019 com.google.javascript.rhino.Node,851
Mon Sep 02 17:39:19 EDT 2019 com.google.javascript.rhino.Node,854
Mon Sep 02 17:39:23 EDT 2019 com.google.javascript.rhino.Node,855
Mon Sep 02 17:39:28 EDT 2019 com.google.javascript.rhino.Node,908
Mon Sep 02 17:39:41 EDT 2019 com.google.javascript.rhino.Node,916
Mon Sep 02 17:44:07 EDT 2019 com.google.javascript.rhino.Node,917
Mon Sep 02 17:44:09 EDT 2019 com.google.javascript.rhino.Node,918
Mon Sep 02 17:44:11 EDT 2019 com.google.javascript.rhino.Node,929
Timeout time : 19/09/02 17:59
Current failed test : com.google.javascript.jscomp.CollapsePropertiesTest::testAddPropertyToChildOfUncollapsibleFunctionInLocalScope | 19/09/02 17:59
Mon Sep 02 18:02:11 EDT 2019 Mon Sep 02 18:02:11 EDT 2019 : com.google.javascript.rhino.Node,175=>Find no block
Mon Sep 02 18:02:14 EDT 2019 com.google.javascript.rhino.Node,195
Mon Sep 02 18:02:40 EDT 2019 com.google.javascript.rhino.Node,220
Mon Sep 02 18:03:06 EDT 2019 com.google.javascript.rhino.Node,222
Mon Sep 02 18:03:30 EDT 2019 com.google.javascript.rhino.Node,843
Mon Sep 02 18:19:15 EDT 2019 com.google.javascript.rhino.Node,844
Mon Sep 02 18:19:18 EDT 2019 com.google.javascript.rhino.Node,845
Mon Sep 02 18:19:21 EDT 2019 com.google.javascript.rhino.Node,848
Mon Sep 02 18:19:24 EDT 2019 com.google.javascript.rhino.Node,849
Mon Sep 02 18:19:29 EDT 2019 com.google.javascript.rhino.Node,850
Mon Sep 02 18:19:31 EDT 2019 com.google.javascript.rhino.Node,851
Mon Sep 02 18:19:35 EDT 2019 com.google.javascript.rhino.Node,854
Mon Sep 02 18:19:37 EDT 2019 com.google.javascript.rhino.Node,855
Mon Sep 02 18:19:41 EDT 2019 com.google.javascript.rhino.Node,908
Mon Sep 02 18:19:49 EDT 2019 com.google.javascript.rhino.Node,916
Mon Sep 02 18:24:20 EDT 2019 com.google.javascript.rhino.Node,917
Mon Sep 02 18:24:22 EDT 2019 com.google.javascript.rhino.Node,918
Mon Sep 02 18:24:25 EDT 2019 com.google.javascript.rhino.Node,929
Timeout time : 19/09/02 18:39
Current failed test : com.google.javascript.jscomp.CollapsePropertiesTest::testAddPropertyToUncollapsibleFunctionInLocalScopeDepth2 | 19/09/02 18:39
Mon Sep 02 18:41:19 EDT 2019 Mon Sep 02 18:41:19 EDT 2019 : com.google.javascript.rhino.Node,175=>Find no block
Mon Sep 02 18:41:23 EDT 2019 com.google.javascript.rhino.Node,195
Mon Sep 02 18:41:48 EDT 2019 com.google.javascript.rhino.Node,220
Mon Sep 02 18:42:13 EDT 2019 com.google.javascript.rhino.Node,222
Mon Sep 02 18:42:41 EDT 2019 com.google.javascript.rhino.Node,843
Mon Sep 02 18:59:40 EDT 2019 com.google.javascript.rhino.Node,844
Mon Sep 02 18:59:45 EDT 2019 com.google.javascript.rhino.Node,845
Mon Sep 02 18:59:49 EDT 2019 com.google.javascript.rhino.Node,848
Mon Sep 02 18:59:53 EDT 2019 com.google.javascript.rhino.Node,849
Mon Sep 02 18:59:59 EDT 2019 com.google.javascript.rhino.Node,850
Mon Sep 02 19:00:03 EDT 2019 com.google.javascript.rhino.Node,851
Mon Sep 02 19:00:07 EDT 2019 com.google.javascript.rhino.Node,854
Mon Sep 02 19:00:10 EDT 2019 com.google.javascript.rhino.Node,855
Mon Sep 02 19:00:14 EDT 2019 com.google.javascript.rhino.Node,908
Mon Sep 02 19:00:25 EDT 2019 com.google.javascript.rhino.Node,916
Mon Sep 02 19:05:37 EDT 2019 com.google.javascript.rhino.Node,917
Mon Sep 02 19:05:40 EDT 2019 com.google.javascript.rhino.Node,918
Mon Sep 02 19:05:45 EDT 2019 com.google.javascript.rhino.Node,929
Timeout time : 19/09/02 19:18
Current failed test : com.google.javascript.jscomp.CollapsePropertiesTest::testAliasCreatedForFunctionDepth1_3 | 19/09/02 19:18
Mon Sep 02 19:20:34 EDT 2019 Mon Sep 02 19:20:34 EDT 2019 : com.google.javascript.rhino.Node,175=>Find no block
Mon Sep 02 19:20:37 EDT 2019 com.google.javascript.rhino.Node,195
Mon Sep 02 19:20:58 EDT 2019 com.google.javascript.rhino.Node,220
Mon Sep 02 19:21:14 EDT 2019 com.google.javascript.rhino.Node,222
Mon Sep 02 19:21:32 EDT 2019 com.google.javascript.rhino.Node,843
Mon Sep 02 19:35:18 EDT 2019 com.google.javascript.rhino.Node,844
Mon Sep 02 19:35:21 EDT 2019 com.google.javascript.rhino.Node,845
Mon Sep 02 19:35:22 EDT 2019 com.google.javascript.rhino.Node,848
Mon Sep 02 19:35:24 EDT 2019 com.google.javascript.rhino.Node,849
Mon Sep 02 19:35:26 EDT 2019 com.google.javascript.rhino.Node,850
Mon Sep 02 19:35:27 EDT 2019 com.google.javascript.rhino.Node,851
Mon Sep 02 19:35:29 EDT 2019 com.google.javascript.rhino.Node,854
Mon Sep 02 19:35:31 EDT 2019 com.google.javascript.rhino.Node,855
Mon Sep 02 19:35:33 EDT 2019 com.google.javascript.rhino.Node,908
Mon Sep 02 19:35:40 EDT 2019 com.google.javascript.rhino.Node,916
Mon Sep 02 19:39:31 EDT 2019 com.google.javascript.rhino.Node,917
Mon Sep 02 19:39:34 EDT 2019 com.google.javascript.rhino.Node,918
Mon Sep 02 19:39:36 EDT 2019 com.google.javascript.rhino.Node,929
Timeout time : 19/09/02 19:57
Current failed test : com.google.javascript.jscomp.CollapsePropertiesTest::testAliasCreatedForFunctionDepth1_2 | 19/09/02 19:57
Mon Sep 02 19:59:24 EDT 2019 Mon Sep 02 19:59:24 EDT 2019 : com.google.javascript.rhino.Node,175=>Find no block
Mon Sep 02 19:59:25 EDT 2019 com.google.javascript.rhino.Node,195
Mon Sep 02 19:59:41 EDT 2019 com.google.javascript.rhino.Node,220
Mon Sep 02 19:59:54 EDT 2019 com.google.javascript.rhino.Node,222
Mon Sep 02 20:00:11 EDT 2019 com.google.javascript.rhino.Node,843
Mon Sep 02 20:12:08 EDT 2019 com.google.javascript.rhino.Node,844
Mon Sep 02 20:12:09 EDT 2019 com.google.javascript.rhino.Node,845
Mon Sep 02 20:12:10 EDT 2019 com.google.javascript.rhino.Node,848
Mon Sep 02 20:12:12 EDT 2019 com.google.javascript.rhino.Node,849
Mon Sep 02 20:12:13 EDT 2019 com.google.javascript.rhino.Node,850
Mon Sep 02 20:12:15 EDT 2019 com.google.javascript.rhino.Node,851
Mon Sep 02 20:12:16 EDT 2019 com.google.javascript.rhino.Node,854
Mon Sep 02 20:12:18 EDT 2019 com.google.javascript.rhino.Node,855
Mon Sep 02 20:12:20 EDT 2019 com.google.javascript.rhino.Node,908
Mon Sep 02 20:12:25 EDT 2019 com.google.javascript.rhino.Node,916
Mon Sep 02 20:15:34 EDT 2019 com.google.javascript.rhino.Node,917
Mon Sep 02 20:15:35 EDT 2019 com.google.javascript.rhino.Node,918
Mon Sep 02 20:15:37 EDT 2019 com.google.javascript.rhino.Node,929
Timeout time : 19/09/02 20:36
Current failed test : com.google.javascript.jscomp.CollapsePropertiesTest::testAliasCreatedForFunctionDepth2 | 19/09/02 20:36
Mon Sep 02 20:37:31 EDT 2019 Mon Sep 02 20:37:31 EDT 2019 : com.google.javascript.rhino.Node,175=>Find no block
Mon Sep 02 20:37:32 EDT 2019 com.google.javascript.rhino.Node,195
Mon Sep 02 20:37:39 EDT 2019 com.google.javascript.rhino.Node,220
Mon Sep 02 20:37:46 EDT 2019 com.google.javascript.rhino.Node,222
Mon Sep 02 20:37:54 EDT 2019 com.google.javascript.rhino.Node,843
Mon Sep 02 20:46:59 EDT 2019 com.google.javascript.rhino.Node,844
Mon Sep 02 20:47:00 EDT 2019 com.google.javascript.rhino.Node,845
Mon Sep 02 20:47:00 EDT 2019 com.google.javascript.rhino.Node,848
Mon Sep 02 20:47:01 EDT 2019 com.google.javascript.rhino.Node,849
Mon Sep 02 20:47:02 EDT 2019 com.google.javascript.rhino.Node,850
Mon Sep 02 20:47:03 EDT 2019 com.google.javascript.rhino.Node,851
Mon Sep 02 20:47:03 EDT 2019 com.google.javascript.rhino.Node,854
Mon Sep 02 20:47:04 EDT 2019 com.google.javascript.rhino.Node,855
Mon Sep 02 20:47:05 EDT 2019 com.google.javascript.rhino.Node,908
Mon Sep 02 20:47:08 EDT 2019 com.google.javascript.rhino.Node,916
Mon Sep 02 20:49:34 EDT 2019 com.google.javascript.rhino.Node,917
Mon Sep 02 20:49:34 EDT 2019 com.google.javascript.rhino.Node,918
Mon Sep 02 20:49:35 EDT 2019 com.google.javascript.rhino.Node,929
Timeout time : 19/09/02 21:15
Current failed test : com.google.javascript.jscomp.CollapsePropertiesTest::testAliasCreatedForFunctionDepth1_1 | 19/09/02 21:15
Mon Sep 02 21:17:06 EDT 2019 Mon Sep 02 21:17:06 EDT 2019 : com.google.javascript.rhino.Node,175=>Find no block
Mon Sep 02 21:17:06 EDT 2019 com.google.javascript.rhino.Node,195
Mon Sep 02 21:17:14 EDT 2019 com.google.javascript.rhino.Node,220
Mon Sep 02 21:17:21 EDT 2019 com.google.javascript.rhino.Node,222
Mon Sep 02 21:17:28 EDT 2019 com.google.javascript.rhino.Node,843
Mon Sep 02 21:26:14 EDT 2019 com.google.javascript.rhino.Node,844
Mon Sep 02 21:26:15 EDT 2019 com.google.javascript.rhino.Node,845
Mon Sep 02 21:26:15 EDT 2019 com.google.javascript.rhino.Node,848
Mon Sep 02 21:26:16 EDT 2019 com.google.javascript.rhino.Node,849
Mon Sep 02 21:26:16 EDT 2019 com.google.javascript.rhino.Node,850
Mon Sep 02 21:26:17 EDT 2019 com.google.javascript.rhino.Node,851
Mon Sep 02 21:26:18 EDT 2019 com.google.javascript.rhino.Node,854
Mon Sep 02 21:26:19 EDT 2019 com.google.javascript.rhino.Node,855
Mon Sep 02 21:26:19 EDT 2019 com.google.javascript.rhino.Node,908
Mon Sep 02 21:26:22 EDT 2019 com.google.javascript.rhino.Node,916
Mon Sep 02 21:28:43 EDT 2019 com.google.javascript.rhino.Node,917
Mon Sep 02 21:28:44 EDT 2019 com.google.javascript.rhino.Node,918
Mon Sep 02 21:28:44 EDT 2019 com.google.javascript.rhino.Node,929
Timeout time : 19/09/02 21:54
Current failed test : com.google.javascript.jscomp.CollapsePropertiesTest::testAddPropertyToUncollapsibleNamedCtorInLocalScopeDepth1 | 19/09/02 21:54
Mon Sep 02 21:55:10 EDT 2019 Mon Sep 02 21:55:10 EDT 2019 : com.google.javascript.rhino.Node,175=>Find no block
Mon Sep 02 21:55:11 EDT 2019 com.google.javascript.rhino.Node,195
Mon Sep 02 21:55:18 EDT 2019 com.google.javascript.rhino.Node,220
Mon Sep 02 21:55:24 EDT 2019 com.google.javascript.rhino.Node,222
Mon Sep 02 21:55:31 EDT 2019 com.google.javascript.rhino.Node,843
Mon Sep 02 22:04:02 EDT 2019 com.google.javascript.rhino.Node,844
Mon Sep 02 22:04:02 EDT 2019 com.google.javascript.rhino.Node,845
Mon Sep 02 22:04:03 EDT 2019 com.google.javascript.rhino.Node,848
Mon Sep 02 22:04:04 EDT 2019 com.google.javascript.rhino.Node,849
Mon Sep 02 22:04:04 EDT 2019 com.google.javascript.rhino.Node,850
Mon Sep 02 22:04:05 EDT 2019 com.google.javascript.rhino.Node,851
Mon Sep 02 22:04:05 EDT 2019 com.google.javascript.rhino.Node,854
Mon Sep 02 22:04:06 EDT 2019 com.google.javascript.rhino.Node,855
Mon Sep 02 22:04:07 EDT 2019 com.google.javascript.rhino.Node,908
Mon Sep 02 22:04:10 EDT 2019 com.google.javascript.rhino.Node,916
Mon Sep 02 22:06:26 EDT 2019 com.google.javascript.rhino.Node,917
Mon Sep 02 22:06:27 EDT 2019 com.google.javascript.rhino.Node,918
Mon Sep 02 22:06:27 EDT 2019 com.google.javascript.rhino.Node,929
Timeout time : 19/09/02 22:32
