=================================================
Project : closure_9	start : 19/09/02 16:01
Current failed test : com.google.javascript.jscomp.ProcessCommonJSModulesTest::testGuessModuleName | 19/09/02 16:02
Mon Sep 02 16:05:12 EDT 2019 com.google.javascript.jscomp.ProcessCommonJSModules,121
Mon Sep 02 16:23:57 EDT 2019 com.google.javascript.jscomp.ProcessCommonJSModules,54
Mon Sep 02 16:25:01 EDT 2019 Mon Sep 02 16:25:01 EDT 2019 : com.google.javascript.jscomp.ProcessCommonJSModules,55=>Find no block
Mon Sep 02 16:25:08 EDT 2019 Mon Sep 02 16:25:08 EDT 2019 : com.google.javascript.jscomp.ProcessCommonJSModules,58=>Find no block
Mon Sep 02 16:25:16 EDT 2019 com.google.javascript.jscomp.ProcessCommonJSModules,59
Mon Sep 02 16:28:18 EDT 2019 com.google.javascript.jscomp.ProcessCommonJSModules,60
Mon Sep 02 16:28:25 EDT 2019 com.google.javascript.jscomp.ProcessCommonJSModules,62
Mon Sep 02 16:28:33 EDT 2019 Mon Sep 02 16:28:33 EDT 2019 : com.google.javascript.jscomp.ProcessCommonJSModules,63=>Find no block
Mon Sep 02 16:28:40 EDT 2019 com.google.javascript.jscomp.ProcessCommonJSModules,72
Mon Sep 02 16:31:12 EDT 2019 com.google.javascript.jscomp.ProcessCommonJSModules,89
Mon Sep 02 16:31:29 EDT 2019 com.google.javascript.jscomp.ProcessCommonJSModules,120
Mon Sep 02 16:31:36 EDT 2019 com.google.javascript.jscomp.ProcessCommonJSModules,124
Mon Sep 02 16:56:50 EDT 2019 Mon Sep 02 16:56:50 EDT 2019 : com.google.javascript.jscomp.SourceFile,81=>Find no block
Mon Sep 02 16:56:56 EDT 2019 Mon Sep 02 16:56:56 EDT 2019 : com.google.javascript.jscomp.SourceFile,60=>Find no block
Mon Sep 02 16:57:01 EDT 2019 Mon Sep 02 16:57:01 EDT 2019 : com.google.javascript.jscomp.SourceFile,67=>Find no block
Mon Sep 02 16:57:08 EDT 2019 Mon Sep 02 16:57:08 EDT 2019 : com.google.javascript.jscomp.SourceFile,70=>Find no block
Mon Sep 02 16:57:13 EDT 2019 Mon Sep 02 16:57:13 EDT 2019 : com.google.javascript.jscomp.SourceFile,72=>Find no block
Mon Sep 02 16:57:18 EDT 2019 com.google.javascript.jscomp.SourceFile,82
Mon Sep 02 17:05:27 EDT 2019 com.google.javascript.jscomp.SourceFile,85
Mon Sep 02 17:11:44 EDT 2019 Mon Sep 02 17:11:44 EDT 2019 : com.google.javascript.jscomp.SourceFile,86=>Find no block
Mon Sep 02 17:11:50 EDT 2019 com.google.javascript.jscomp.SourceFile,148
Mon Sep 02 17:14:05 EDT 2019 Mon Sep 02 17:14:05 EDT 2019 : com.google.javascript.jscomp.SourceFile,149=>Find no block
Mon Sep 02 17:14:11 EDT 2019 com.google.javascript.jscomp.SourceFile,156
Mon Sep 02 17:15:48 EDT 2019 Mon Sep 02 17:15:48 EDT 2019 : com.google.javascript.jscomp.SourceFile,157=>Find no block
Mon Sep 02 17:15:53 EDT 2019 com.google.javascript.jscomp.SourceFile,323
Mon Sep 02 17:19:34 EDT 2019 com.google.javascript.jscomp.SourceFile,355
Mon Sep 02 17:19:55 EDT 2019 Mon Sep 02 17:19:55 EDT 2019 : com.google.javascript.jscomp.SourceFile,43=>Find no block
Mon Sep 02 17:20:01 EDT 2019 Mon Sep 02 17:20:01 EDT 2019 : com.google.javascript.jscomp.SourceFile,368=>Find no block
Mon Sep 02 17:20:08 EDT 2019 Mon Sep 02 17:20:08 EDT 2019 : com.google.javascript.jscomp.SourceFile,365=>Find no block
Mon Sep 02 17:20:13 EDT 2019 Mon Sep 02 17:20:13 EDT 2019 : com.google.javascript.jscomp.SourceFile,366=>Find no block
Mon Sep 02 17:20:20 EDT 2019 com.google.javascript.jscomp.SourceFile,391
Mon Sep 02 17:20:35 EDT 2019 com.google.javascript.jscomp.SourceFile,422
Mon Sep 02 17:23:39 EDT 2019 com.google.javascript.jscomp.SourceFile,423
Mon Sep 02 17:23:44 EDT 2019 com.google.javascript.jscomp.SourceFile,424
Mon Sep 02 17:23:49 EDT 2019 Mon Sep 02 17:23:49 EDT 2019 : com.google.javascript.jscomp.SourceFile,425=>Find no block
Mon Sep 02 17:23:55 EDT 2019 com.google.javascript.jscomp.Compiler,654
Mon Sep 02 17:24:11 EDT 2019 com.google.javascript.jscomp.Compiler,658
Mon Sep 02 17:25:30 EDT 2019 com.google.javascript.jscomp.Compiler,659
Mon Sep 02 17:25:45 EDT 2019 com.google.javascript.jscomp.Compiler,660
Mon Sep 02 17:25:52 EDT 2019 com.google.javascript.jscomp.Compiler,662
Mon Sep 02 17:41:44 EDT 2019 com.google.javascript.jscomp.Compiler,666
Mon Sep 02 17:42:22 EDT 2019 com.google.javascript.jscomp.Compiler,667
Mon Sep 02 17:42:39 EDT 2019 com.google.javascript.jscomp.Compiler,668
Mon Sep 02 17:42:45 EDT 2019 Mon Sep 02 17:42:45 EDT 2019 : com.google.javascript.jscomp.Compiler,663=>Find no block
Mon Sep 02 17:42:51 EDT 2019 com.google.javascript.jscomp.Compiler,664
Mon Sep 02 17:43:08 EDT 2019 com.google.javascript.jscomp.Compiler,671
Mon Sep 02 17:43:26 EDT 2019 com.google.javascript.jscomp.Compiler,230
Mon Sep 02 17:43:46 EDT 2019 Mon Sep 02 17:43:46 EDT 2019 : com.google.javascript.jscomp.Compiler,231=>Find no block
Mon Sep 02 17:43:52 EDT 2019 Mon Sep 02 17:43:52 EDT 2019 : com.google.javascript.jscomp.Compiler,237=>Find no block
Mon Sep 02 17:43:59 EDT 2019 Mon Sep 02 17:43:59 EDT 2019 : com.google.javascript.jscomp.Compiler,98=>Find no block
Mon Sep 02 17:44:07 EDT 2019 Mon Sep 02 17:44:07 EDT 2019 : com.google.javascript.jscomp.Compiler,100=>Find no block
Mon Sep 02 17:44:14 EDT 2019 Mon Sep 02 17:44:14 EDT 2019 : com.google.javascript.jscomp.Compiler,123=>Find no block
Mon Sep 02 17:44:22 EDT 2019 Mon Sep 02 17:44:22 EDT 2019 : com.google.javascript.jscomp.Compiler,136=>Find no block
Mon Sep 02 17:44:29 EDT 2019 Mon Sep 02 17:44:29 EDT 2019 : com.google.javascript.jscomp.Compiler,142=>Find no block
Mon Sep 02 17:44:37 EDT 2019 Mon Sep 02 17:44:37 EDT 2019 : com.google.javascript.jscomp.Compiler,148=>Find no block
Mon Sep 02 17:44:45 EDT 2019 Mon Sep 02 17:44:45 EDT 2019 : com.google.javascript.jscomp.Compiler,154=>Find no block
Mon Sep 02 17:44:54 EDT 2019 Mon Sep 02 17:44:54 EDT 2019 : com.google.javascript.jscomp.Compiler,157=>Find no block
Mon Sep 02 17:45:01 EDT 2019 Mon Sep 02 17:45:01 EDT 2019 : com.google.javascript.jscomp.Compiler,160=>Find no block
Mon Sep 02 17:45:08 EDT 2019 Mon Sep 02 17:45:08 EDT 2019 : com.google.javascript.jscomp.Compiler,168=>Find no block
Mon Sep 02 17:45:15 EDT 2019 Mon Sep 02 17:45:15 EDT 2019 : com.google.javascript.jscomp.Compiler,172=>Find no block
Mon Sep 02 17:45:23 EDT 2019 Mon Sep 02 17:45:23 EDT 2019 : com.google.javascript.jscomp.Compiler,205=>Find no block
Mon Sep 02 17:45:29 EDT 2019 Mon Sep 02 17:45:29 EDT 2019 : com.google.javascript.jscomp.Compiler,208=>Find no block
Mon Sep 02 17:45:36 EDT 2019 Mon Sep 02 17:45:36 EDT 2019 : com.google.javascript.jscomp.Compiler,221=>Find no block
Mon Sep 02 17:45:44 EDT 2019 Mon Sep 02 17:45:44 EDT 2019 : com.google.javascript.jscomp.Compiler,223=>Find no block
Mon Sep 02 17:45:51 EDT 2019 Mon Sep 02 17:45:51 EDT 2019 : com.google.javascript.jscomp.Compiler,853=>Find no block
Mon Sep 02 17:46:00 EDT 2019 Mon Sep 02 17:46:00 EDT 2019 : com.google.javascript.jscomp.Compiler,915=>Find no block
Mon Sep 02 17:46:06 EDT 2019 Mon Sep 02 17:46:06 EDT 2019 : com.google.javascript.jscomp.Compiler,916=>Find no block
Mon Sep 02 17:46:13 EDT 2019 Mon Sep 02 17:46:13 EDT 2019 : com.google.javascript.jscomp.Compiler,1546=>Find no block
Mon Sep 02 17:46:20 EDT 2019 Mon Sep 02 17:46:20 EDT 2019 : com.google.javascript.jscomp.Compiler,1959=>Find no block
Mon Sep 02 17:46:28 EDT 2019 Mon Sep 02 17:46:28 EDT 2019 : com.google.javascript.jscomp.Compiler,1961=>Find no block
Mon Sep 02 17:46:35 EDT 2019 Mon Sep 02 17:46:35 EDT 2019 : com.google.javascript.jscomp.Compiler,1967=>Find no block
Mon Sep 02 17:46:42 EDT 2019 com.google.javascript.jscomp.Compiler,238
Mon Sep 02 17:48:23 EDT 2019 com.google.javascript.jscomp.Compiler,239
Mon Sep 02 17:48:32 EDT 2019 Mon Sep 02 17:48:32 EDT 2019 : com.google.javascript.jscomp.Compiler,240=>Find no block
Mon Sep 02 17:48:40 EDT 2019 com.google.javascript.jscomp.Compiler,246
Mon Sep 02 17:52:15 EDT 2019 com.google.javascript.jscomp.Compiler,247
Mon Sep 02 17:52:22 EDT 2019 Mon Sep 02 17:52:22 EDT 2019 : com.google.javascript.jscomp.Compiler,248=>Find no block
Mon Sep 02 17:52:32 EDT 2019 Mon Sep 02 17:52:32 EDT 2019 : com.google.javascript.jscomp.Compiler,86=>Find no block
Mon Sep 02 17:52:39 EDT 2019 Mon Sep 02 17:52:39 EDT 2019 : com.google.javascript.jscomp.Compiler,91=>Find no block
Mon Sep 02 17:52:46 EDT 2019 Mon Sep 02 17:52:46 EDT 2019 : com.google.javascript.jscomp.Compiler,176=>Find no block
Mon Sep 02 17:52:52 EDT 2019 Mon Sep 02 17:52:52 EDT 2019 : com.google.javascript.jscomp.Compiler,179=>Find no block
Mon Sep 02 17:52:59 EDT 2019 Mon Sep 02 17:52:59 EDT 2019 : com.google.javascript.jscomp.Compiler,195=>Find no block
Mon Sep 02 17:53:07 EDT 2019 Mon Sep 02 17:53:07 EDT 2019 : com.google.javascript.jscomp.Compiler,216=>Find no block
Mon Sep 02 17:53:14 EDT 2019 Mon Sep 02 17:53:14 EDT 2019 : com.google.javascript.jscomp.Compiler,433=>Find no block
Mon Sep 02 17:53:21 EDT 2019 Mon Sep 02 17:53:21 EDT 2019 : com.google.javascript.jscomp.Compiler,437=>Find no block
Mon Sep 02 17:53:28 EDT 2019 Mon Sep 02 17:53:28 EDT 2019 : com.google.javascript.jscomp.Compiler,508=>Find no block
Mon Sep 02 17:53:36 EDT 2019 Mon Sep 02 17:53:36 EDT 2019 : com.google.javascript.jscomp.Compiler,510=>Find no block
Mon Sep 02 17:53:44 EDT 2019 com.google.javascript.jscomp.Compiler,256
Mon Sep 02 18:29:39 EDT 2019 com.google.javascript.jscomp.Compiler,258
Mon Sep 02 18:29:47 EDT 2019 Mon Sep 02 18:29:47 EDT 2019 : com.google.javascript.jscomp.Compiler,259=>Find no block
Mon Sep 02 18:29:56 EDT 2019 com.google.javascript.jscomp.Compiler,266
Mon Sep 02 18:32:34 EDT 2019 com.google.javascript.jscomp.Compiler,267
Mon Sep 02 18:32:40 EDT 2019 com.google.javascript.jscomp.Compiler,275
Mon Sep 02 19:07:20 EDT 2019 com.google.javascript.jscomp.Compiler,276
Mon Sep 02 19:07:26 EDT 2019 com.google.javascript.jscomp.Compiler,277
Mon Sep 02 19:07:32 EDT 2019 com.google.javascript.jscomp.Compiler,278
Mon Sep 02 19:07:38 EDT 2019 com.google.javascript.jscomp.Compiler,281
Mon Sep 02 19:07:43 EDT 2019 com.google.javascript.jscomp.Compiler,283
Mon Sep 02 19:07:49 EDT 2019 com.google.javascript.jscomp.Compiler,284
Mon Sep 02 19:07:55 EDT 2019 com.google.javascript.jscomp.Compiler,289
Mon Sep 02 19:41:54 EDT 2019 com.google.javascript.jscomp.Compiler,290
Mon Sep 02 19:41:59 EDT 2019 com.google.javascript.jscomp.Compiler,291
Mon Sep 02 19:42:04 EDT 2019 com.google.javascript.jscomp.Compiler,292
Mon Sep 02 19:42:08 EDT 2019 com.google.javascript.jscomp.Compiler,293
Mon Sep 02 19:42:13 EDT 2019 com.google.javascript.jscomp.Compiler,297
Mon Sep 02 19:42:17 EDT 2019 com.google.javascript.jscomp.Compiler,303
Mon Sep 02 20:03:38 EDT 2019 com.google.javascript.jscomp.Compiler,305
Mon Sep 02 20:03:43 EDT 2019 com.google.javascript.jscomp.Compiler,310
Mon Sep 02 20:08:06 EDT 2019 com.google.javascript.jscomp.Compiler,311
Mon Sep 02 20:08:10 EDT 2019 com.google.javascript.jscomp.Compiler,317
Mon Sep 02 20:39:42 EDT 2019 com.google.javascript.jscomp.Compiler,318
Mon Sep 02 21:02:59 EDT 2019 com.google.javascript.jscomp.Compiler,321
Timeout time : 19/09/02 21:05
