=================================================
Project : closure_90	start : 19/09/02 17:33
Current failed test : com.google.javascript.jscomp.TypeCheckTest::testBackwardsTypedefUse9 | 19/09/02 17:34
Mon Sep 02 17:46:05 EDT 2019 com.google.javascript.jscomp.FunctionTypeBuilder,186
Mon Sep 02 17:48:50 EDT 2019 com.google.javascript.jscomp.FunctionTypeBuilder,187
Mon Sep 02 17:48:52 EDT 2019 com.google.javascript.jscomp.TypedScopeCreator,1468
Mon Sep 02 18:23:13 EDT 2019 com.google.javascript.jscomp.BasicErrorManager,162
Mon Sep 02 18:56:31 EDT 2019 com.google.javascript.rhino.jstype.ProxyObjectType,76
Mon Sep 02 18:56:38 EDT 2019 com.google.javascript.rhino.jstype.NamedType,298
Mon Sep 02 18:57:32 EDT 2019 com.google.javascript.rhino.jstype.ProxyObjectType,183
Mon Sep 02 19:00:53 EDT 2019 com.google.javascript.jscomp.TypedScopeCreator,1449
Mon Sep 02 19:11:01 EDT 2019 com.google.javascript.jscomp.TypedScopeCreator,1450
Mon Sep 02 19:11:03 EDT 2019 com.google.javascript.jscomp.TypedScopeCreator,1457
Mon Sep 02 19:15:36 EDT 2019 com.google.javascript.jscomp.TypedScopeCreator,1459
Mon Sep 02 19:25:16 EDT 2019 com.google.javascript.jscomp.TypedScopeCreator,1460
Mon Sep 02 19:27:08 EDT 2019 com.google.javascript.jscomp.TypedScopeCreator,1466
Mon Sep 02 20:01:15 EDT 2019 com.google.javascript.jscomp.TypedScopeCreator,1467
Mon Sep 02 20:01:17 EDT 2019 Mon Sep 02 20:01:17 EDT 2019 : com.google.javascript.jscomp.TypedScopeCreator,1471=>Find no block
Mon Sep 02 20:01:18 EDT 2019 com.google.javascript.jscomp.TypedScopeCreator,312
Mon Sep 02 20:02:38 EDT 2019 com.google.javascript.rhino.jstype.NamedType,134
Mon Sep 02 20:02:43 EDT 2019 com.google.javascript.rhino.JSDocInfo,963
Mon Sep 02 20:03:35 EDT 2019 Mon Sep 02 20:03:35 EDT 2019 : com.google.javascript.jscomp.FunctionTypeBuilder,175=>Find no block
Mon Sep 02 20:03:37 EDT 2019 com.google.javascript.jscomp.FunctionTypeBuilder,184
Mon Sep 02 20:03:38 EDT 2019 com.google.javascript.jscomp.FunctionTypeBuilder,412
Mon Sep 02 20:07:27 EDT 2019 com.google.javascript.jscomp.FunctionTypeBuilder,416
Mon Sep 02 20:12:58 EDT 2019 com.google.javascript.jscomp.FunctionTypeBuilder,417
Mon Sep 02 20:12:59 EDT 2019 com.google.javascript.rhino.jstype.JSType,845
Mon Sep 02 20:13:05 EDT 2019 com.google.javascript.jscomp.parsing.JsDocInfoParser,823
Mon Sep 02 20:13:43 EDT 2019 com.google.javascript.rhino.JSDocInfoBuilder,383
Timeout time : 19/09/02 20:16
Current failed test : com.google.javascript.jscomp.TypeCheckTest::testBackwardsTypedefUse8 | 19/09/02 20:16
Mon Sep 02 20:25:40 EDT 2019 com.google.javascript.jscomp.FunctionTypeBuilder,186
Mon Sep 02 20:27:25 EDT 2019 com.google.javascript.jscomp.FunctionTypeBuilder,187
Mon Sep 02 20:27:26 EDT 2019 com.google.javascript.jscomp.TypedScopeCreator,1468
Mon Sep 02 20:47:27 EDT 2019 com.google.javascript.jscomp.BasicErrorManager,162
Mon Sep 02 21:05:10 EDT 2019 com.google.javascript.rhino.jstype.ProxyObjectType,76
Mon Sep 02 21:05:13 EDT 2019 com.google.javascript.rhino.jstype.NamedType,298
Mon Sep 02 21:05:46 EDT 2019 com.google.javascript.rhino.jstype.ProxyObjectType,183
Mon Sep 02 21:08:03 EDT 2019 com.google.javascript.jscomp.TypedScopeCreator,1449
Mon Sep 02 21:14:55 EDT 2019 com.google.javascript.jscomp.TypedScopeCreator,1450
Mon Sep 02 21:14:56 EDT 2019 com.google.javascript.jscomp.TypedScopeCreator,1457
Mon Sep 02 21:18:01 EDT 2019 com.google.javascript.jscomp.TypedScopeCreator,1459
Mon Sep 02 21:24:50 EDT 2019 com.google.javascript.jscomp.TypedScopeCreator,1460
Mon Sep 02 21:26:10 EDT 2019 com.google.javascript.jscomp.TypedScopeCreator,1466

----------------------------------------
----------------------------------------
Pass Single Test : [=>0,0]
if(candidate.getFirstChild().getType()!=Token.GETPROP){
return ;
}
if(realType==null){
compiler.report(JSError.make(t.getSourceName(),candidate,MALFORMED_TYPEDEF,typedef));
}
typeRegistry.overwriteDeclaredType(typedef,realType);
if(candidate.getType()==Token.GETPROP){
defineSlot(candidate,candidate.getParent(),getNativeType(NO_TYPE),false);
}

Time : 19/09/02 21:29
----------------------------------------

----------------------------------------
----------------------------------------
Pass Single Test : [=>0,0]
if(candidate.getFirstChild().getType()!=Token.GETPROP){
return ;
}
if(realType==null){
compiler.report(JSError.make(t.getSourceName(),candidate,MALFORMED_TYPEDEF,typedef));
}
typeRegistry.overwriteDeclaredType(typedef,realType);
if(candidate.getType()==Token.CALL){
defineSlot(candidate,candidate.getParent(),getNativeType(NO_TYPE),false);
}

Time : 19/09/02 21:30
----------------------------------------

----------------------------------------
----------------------------------------
Pass Single Test : [=>0,0]
if(candidate.getFirstChild().getType()!=Token.GETPROP){
return ;
}
if(realType==null){
compiler.report(JSError.make(t.getSourceName(),candidate,MALFORMED_TYPEDEF,typedef));
}
typeRegistry.overwriteDeclaredType(typedef,realType);
if(candidate.getType()!=Token.GETPROP){
defineSlot(candidate,candidate.getParent(),getNativeType(NO_TYPE),false);
}

Time : 19/09/02 21:31
----------------------------------------

----------------------------------------
----------------------------------------
Pass Single Test : [=>0,0]
if(candidate.getFirstChild().getType()!=Token.GETPROP){
return ;
}
if(realType==null){
compiler.report(JSError.make(t.getSourceName(),candidate,MALFORMED_TYPEDEF,typedef));
}
typeRegistry.overwriteDeclaredType(typedef,realType);
if(candidate.getType()!=Token.CALL){
defineSlot(candidate,candidate.getParent(),getNativeType(NO_TYPE),false);
}

Time : 19/09/02 21:32
----------------------------------------

----------------------------------------
----------------------------------------
Pass Single Test : [=>0,0]
if(candidate.getFirstChild().getType()!=Token.GETPROP){
return ;
}
if(candidate.getFirstChild().getFirstChild().getNext().getType()!=Token.STRING){
return ;
}
if(realType==null){
compiler.report(JSError.make(t.getSourceName(),candidate,MALFORMED_TYPEDEF,typedef));
}
typeRegistry.overwriteDeclaredType(typedef,realType);
if(candidate.getType()==Token.GETPROP){
defineSlot(candidate,candidate.getParent(),getNativeType(NO_TYPE),false);
}

Time : 19/09/02 21:33
----------------------------------------

----------------------------------------
----------------------------------------
Pass Single Test : [=>0,0]
if(candidate.getFirstChild().getType()!=Token.GETPROP){
return ;
}
if(candidate.getFirstChild().getFirstChild().getNext().getType()!=Token.STRING){
return ;
}
if(realType==null){
compiler.report(JSError.make(t.getSourceName(),candidate,MALFORMED_TYPEDEF,typedef));
}
typeRegistry.overwriteDeclaredType(typedef,realType);
if(candidate.getType()==Token.CALL){
defineSlot(candidate,candidate.getParent(),getNativeType(NO_TYPE),false);
}

Time : 19/09/02 21:35
----------------------------------------

----------------------------------------
----------------------------------------
Pass Single Test : [=>0,0]
if(candidate.getFirstChild().getType()!=Token.GETPROP){
return ;
}
if(candidate.getFirstChild().getFirstChild().getNext().getType()!=Token.STRING){
return ;
}
if(realType==null){
compiler.report(JSError.make(t.getSourceName(),candidate,MALFORMED_TYPEDEF,typedef));
}
typeRegistry.overwriteDeclaredType(typedef,realType);
if(candidate.getType()!=Token.GETPROP){
defineSlot(candidate,candidate.getParent(),getNativeType(NO_TYPE),false);
}

Time : 19/09/02 21:36
----------------------------------------

----------------------------------------
----------------------------------------
Pass Single Test : [=>0,0]
if(candidate.getFirstChild().getType()!=Token.GETPROP){
return ;
}
if(candidate.getFirstChild().getFirstChild().getNext().getType()!=Token.STRING){
return ;
}
if(realType==null){
compiler.report(JSError.make(t.getSourceName(),candidate,MALFORMED_TYPEDEF,typedef));
}
typeRegistry.overwriteDeclaredType(typedef,realType);
if(candidate.getType()!=Token.CALL){
defineSlot(candidate,candidate.getParent(),getNativeType(NO_TYPE),false);
}

Time : 19/09/02 21:37
----------------------------------------

----------------------------------------
----------------------------------------
Pass Single Test : [=>0,0]
if(!NodeUtil.isStatementBlock(candidate.getParent())){
return ;
}
if(realType==null){
compiler.report(JSError.make(t.getSourceName(),candidate,MALFORMED_TYPEDEF,typedef));
}
typeRegistry.overwriteDeclaredType(typedef,realType);
if(candidate.getType()==Token.GETPROP){
defineSlot(candidate,candidate.getParent(),getNativeType(NO_TYPE),false);
}

Time : 19/09/02 21:42
----------------------------------------

----------------------------------------
----------------------------------------
Pass Single Test : [=>0,0]
if(!NodeUtil.isName(candidate)){
return ;
}
if(realType==null){
compiler.report(JSError.make(t.getSourceName(),candidate,MALFORMED_TYPEDEF,typedef));
}
typeRegistry.overwriteDeclaredType(typedef,realType);
if(candidate.getType()==Token.GETPROP){
defineSlot(candidate,candidate.getParent(),getNativeType(NO_TYPE),false);
}

Time : 19/09/02 21:56
----------------------------------------

----------------------------------------
----------------------------------------
Pass Single Test : [=>0,0]
if(!NodeUtil.isName(candidate)){
return ;
}
if(realType!=null){
compiler.report(JSError.make(t.getSourceName(),candidate,MALFORMED_TYPEDEF,typedef));
}
typeRegistry.overwriteDeclaredType(typedef,realType);
if(candidate.getType()==Token.GETPROP){
defineSlot(candidate,candidate.getParent(),getNativeType(NO_TYPE),false);
}

Time : 19/09/02 21:57
----------------------------------------

----------------------------------------
----------------------------------------
Pass Single Test : [=>0,0]
if(realType==null){
compiler.report(JSError.make(t.getSourceName(),candidate,MALFORMED_TYPEDEF,typedef));
}
if(t.inGlobalScope()){
return ;
}
typeRegistry.overwriteDeclaredType(typedef,realType);
if(candidate.getType()==Token.GETPROP){
defineSlot(candidate,candidate.getParent(),getNativeType(NO_TYPE),false);
}

Time : 19/09/02 21:59
----------------------------------------

----------------------------------------
----------------------------------------
Pass Single Test : [=>0,0]
new ControlFlowAnalysis(compiler,false).process(null,t.getScopeRoot().getLastChild());
if(realType==null){
compiler.report(JSError.make(t.getSourceName(),candidate,MALFORMED_TYPEDEF,typedef));
}
if(t.inGlobalScope()){
return ;
}
typeRegistry.overwriteDeclaredType(typedef,realType);
if(candidate.getType()==Token.GETPROP){
defineSlot(candidate,candidate.getParent(),getNativeType(NO_TYPE),false);
}

Time : 19/09/02 22:00
----------------------------------------
Mon Sep 02 22:02:47 EDT 2019 com.google.javascript.jscomp.TypedScopeCreator,1467
Mon Sep 02 22:02:48 EDT 2019 Mon Sep 02 22:02:48 EDT 2019 : com.google.javascript.jscomp.TypedScopeCreator,1471=>Find no block
Mon Sep 02 22:02:49 EDT 2019 com.google.javascript.jscomp.TypedScopeCreator,312
Mon Sep 02 22:03:46 EDT 2019 com.google.javascript.rhino.jstype.NamedType,134
Mon Sep 02 22:03:49 EDT 2019 com.google.javascript.rhino.JSDocInfo,963
Mon Sep 02 22:04:22 EDT 2019 Mon Sep 02 22:04:22 EDT 2019 : com.google.javascript.jscomp.FunctionTypeBuilder,175=>Find no block
Mon Sep 02 22:04:22 EDT 2019 com.google.javascript.jscomp.FunctionTypeBuilder,184
Mon Sep 02 22:04:23 EDT 2019 com.google.javascript.jscomp.FunctionTypeBuilder,412

----------------------------------------
----------------------------------------
Pass Single Test : [=>0,0]
if(info!=null&&info.hasEnumParameterType()){
maybeThisType=ObjectType.cast(info.getThisType().evaluate(scope,typeRegistry));
}

Time : 19/09/02 22:04
----------------------------------------

----------------------------------------
----------------------------------------
Pass Single Test : [=>0,0]
if(ObjectType.cast(returnType)!=null&&info.hasThisType()){
maybeThisType=ObjectType.cast(info.getThisType().evaluate(scope,typeRegistry));
}

Time : 19/09/02 22:06
----------------------------------------

----------------------------------------
----------------------------------------
Pass Single Test : [=>0,0]
if(info!=null&&info.hasType()){
maybeThisType=ObjectType.cast(info.getThisType().evaluate(scope,typeRegistry));
}

Time : 19/09/02 22:07
----------------------------------------

----------------------------------------
----------------------------------------
Pass Single Test : [=>0,0]
if(info!=null&&info.isDeprecated()){
maybeThisType=ObjectType.cast(info.getThisType().evaluate(scope,typeRegistry));
}

Time : 19/09/02 22:08
----------------------------------------

----------------------------------------
----------------------------------------
Pass Single Test : [=>0,0]
if(owner!=null&&info.hasThisType()){
maybeThisType=ObjectType.cast(info.getThisType().evaluate(scope,typeRegistry));
}

Time : 19/09/02 22:09
----------------------------------------

----------------------------------------
----------------------------------------
Pass Single Test : [=>0,0]
if(info!=null&&info.hasParameterType(fnName)){
maybeThisType=ObjectType.cast(info.getThisType().evaluate(scope,typeRegistry));
}

Time : 19/09/02 22:10
----------------------------------------

----------------------------------------
----------------------------------------
Pass Single Test : [=>0,0]
if(info!=null&&info.isDefine()){
maybeThisType=ObjectType.cast(info.getThisType().evaluate(scope,typeRegistry));
}

Time : 19/09/02 22:11
----------------------------------------

----------------------------------------
----------------------------------------
Pass Single Test : [=>0,0]
if(info==null&&info.hasThisType()){
maybeThisType=ObjectType.cast(info.getThisType().evaluate(scope,typeRegistry));
}

Time : 19/09/02 22:12
----------------------------------------

----------------------------------------
----------------------------------------
Pass Single Test : [=>0,0]
if(info!=null&&info.shouldPreserveTry()){
maybeThisType=ObjectType.cast(info.getThisType().evaluate(scope,typeRegistry));
}

Time : 19/09/02 22:13
----------------------------------------

----------------------------------------
----------------------------------------
Pass Single Test : [=>0,0]
if(info!=null&&info.hasTypedefType()){
maybeThisType=ObjectType.cast(info.getThisType().evaluate(scope,typeRegistry));
}

Time : 19/09/02 22:14
----------------------------------------

----------------------------------------
----------------------------------------
Pass Single Test : [=>0,0]
if(info!=null&&info.isConstant()){
maybeThisType=ObjectType.cast(info.getThisType().evaluate(scope,typeRegistry));
}

Time : 19/09/02 22:15
----------------------------------------

----------------------------------------
----------------------------------------
Pass Single Test : [=>0,0]
if(info!=null&&info.isNoTypeCheck()){
maybeThisType=ObjectType.cast(info.getThisType().evaluate(scope,typeRegistry));
}

Time : 19/09/02 22:16
----------------------------------------

----------------------------------------
----------------------------------------
Pass Single Test : [=>0,0]
if(info!=null&&info.isNoShadow()){
maybeThisType=ObjectType.cast(info.getThisType().evaluate(scope,typeRegistry));
}

Time : 19/09/02 22:17
----------------------------------------

----------------------------------------
----------------------------------------
Pass Single Test : [=>0,0]
if(info!=null&&info.isConstant()&&info.hasThisType()){
maybeThisType=ObjectType.cast(info.getThisType().evaluate(scope,typeRegistry));
}

Time : 19/09/02 22:18
----------------------------------------

----------------------------------------
----------------------------------------
Pass Single Test : [=>0,0]
if(scope.getVar(sourceNode.getQualifiedName())!=null&&info.hasThisType()){
maybeThisType=ObjectType.cast(info.getThisType().evaluate(scope,typeRegistry));
}

Time : 19/09/02 22:20
----------------------------------------
Mon Sep 02 22:21:21 EDT 2019 com.google.javascript.jscomp.FunctionTypeBuilder,416
Mon Sep 02 22:25:00 EDT 2019 com.google.javascript.jscomp.FunctionTypeBuilder,417
Mon Sep 02 22:25:01 EDT 2019 com.google.javascript.rhino.jstype.JSType,845
Mon Sep 02 22:25:04 EDT 2019 com.google.javascript.jscomp.parsing.JsDocInfoParser,823
Mon Sep 02 22:25:26 EDT 2019 com.google.javascript.rhino.JSDocInfoBuilder,383
Mon Sep 02 22:27:45 EDT 2019 com.google.javascript.rhino.JSDocInfoBuilder,384
Mon Sep 02 22:27:46 EDT 2019 com.google.javascript.rhino.JSDocInfoBuilder,385
Mon Sep 02 22:27:46 EDT 2019 com.google.javascript.rhino.JSDocInfoBuilder,386
Mon Sep 02 22:27:47 EDT 2019 Mon Sep 02 22:27:47 EDT 2019 : com.google.javascript.rhino.JSDocInfo,880=>Find no block
Mon Sep 02 22:27:47 EDT 2019 com.google.javascript.rhino.JSDocInfo,978
Mon Sep 02 22:27:50 EDT 2019 com.google.javascript.rhino.jstype.JSTypeRegistry,734

----------------------------------------
----------------------------------------
Pass Single Test : [=>0,0]
if(nonNullableTypeNames.contains(name)){
return ;
}
Preconditions.checkState(namesToTypes.containsKey(name));
register(t,name);

Time : 19/09/02 22:29
----------------------------------------
Mon Sep 02 22:32:03 EDT 2019 com.google.javascript.rhino.jstype.JSTypeRegistry,735
Mon Sep 02 22:32:03 EDT 2019 Mon Sep 02 22:32:03 EDT 2019 : com.google.javascript.rhino.jstype.JSTypeRegistry,736=>Find no block
Mon Sep 02 22:32:04 EDT 2019 com.google.javascript.rhino.JSDocInfo,879
Mon Sep 02 22:32:46 EDT 2019 Mon Sep 02 22:32:46 EDT 2019 : com.google.javascript.jscomp.FunctionTypeBuilder,65=>Find no block
Mon Sep 02 22:32:46 EDT 2019 com.google.javascript.rhino.jstype.NamedType,363
Mon Sep 02 22:32:49 EDT 2019 com.google.javascript.rhino.jstype.NamedType,366
Mon Sep 02 22:32:50 EDT 2019 com.google.javascript.rhino.jstype.NamedType,367
Mon Sep 02 22:32:50 EDT 2019 com.google.javascript.rhino.jstype.JSType,911
Mon Sep 02 22:32:53 EDT 2019 com.google.javascript.jscomp.FunctionTypeBuilder,710
Mon Sep 02 22:35:57 EDT 2019 Mon Sep 02 22:35:57 EDT 2019 : com.google.javascript.jscomp.FunctionTypeBuilder,711=>Find no block
Mon Sep 02 22:35:58 EDT 2019 com.google.javascript.rhino.jstype.NamedType,149
Mon Sep 02 22:36:00 EDT 2019 com.google.javascript.rhino.jstype.NamedType,196
Mon Sep 02 22:36:03 EDT 2019 com.google.javascript.rhino.jstype.NamedType,197
Mon Sep 02 22:36:04 EDT 2019 com.google.javascript.rhino.jstype.NamedType,219

----------------------------------------
----------------------------------------
Pass Single Test : [=>0,0]
forgiving=true;
if(type==null){
setReferencedAndResolvedType(type,t,enclosing);
return true;
}

Time : 19/09/02 22:37
----------------------------------------
Mon Sep 02 22:38:43 EDT 2019 com.google.javascript.rhino.jstype.NamedType,220
Mon Sep 02 22:38:43 EDT 2019 com.google.javascript.rhino.jstype.NamedType,129
Mon Sep 02 22:38:44 EDT 2019 com.google.javascript.rhino.JSDocInfo,985
Mon Sep 02 22:39:07 EDT 2019 Mon Sep 02 22:39:07 EDT 2019 : com.google.javascript.rhino.JSDocInfo,986=>Find no block
Mon Sep 02 22:39:08 EDT 2019 com.google.javascript.rhino.JSDocInfoBuilder,469
Mon Sep 02 22:42:38 EDT 2019 com.google.javascript.rhino.JSDocInfoBuilder,470
Mon Sep 02 22:42:38 EDT 2019 com.google.javascript.rhino.JSDocInfoBuilder,471
Mon Sep 02 22:42:39 EDT 2019 com.google.javascript.jscomp.parsing.JsDocInfoParser,760

----------------------------------------
----------------------------------------
Pass Single Test : [=>0,0]
if(annotation!=Annotation.THIS){
typeNode=wrapNode(Token.BANG,typeNode);
if(typeNode!=null&&token!=JsDocToken.LC){
typeNode.putBooleanProp(Node.BRACELESS_TYPE,true);
}
}

Time : 19/09/02 22:45
----------------------------------------

----------------------------------------
----------------------------------------
Pass Single Test : [=>0,0]
if(annotation!=null){
typeNode=wrapNode(Token.BANG,typeNode);
if(typeNode!=null&&token!=JsDocToken.LC){
typeNode.putBooleanProp(Node.BRACELESS_TYPE,true);
}
}

Time : 19/09/02 22:46
----------------------------------------

----------------------------------------
----------------------------------------
Pass Single Test : [=>0,0]
state=State.SEARCHING_ANNOTATION;
if(annotation!=Annotation.THIS){
typeNode=wrapNode(Token.BANG,typeNode);
if(typeNode!=null&&token!=JsDocToken.LC){
typeNode.putBooleanProp(Node.BRACELESS_TYPE,true);
}
}

Time : 19/09/02 22:47
----------------------------------------

----------------------------------------
----------------------------------------
Pass Single Test : [=>0,0]
annotationName=stream.getRemainingJSDocLine();
if(annotation!=Annotation.THIS){
typeNode=wrapNode(Token.BANG,typeNode);
if(typeNode!=null&&token!=JsDocToken.LC){
typeNode.putBooleanProp(Node.BRACELESS_TYPE,true);
}
}

Time : 19/09/02 22:48
----------------------------------------

----------------------------------------
----------------------------------------
Pass Single Test : [=>0,0]
state=State.SEARCHING_ANNOTATION;
annotationName=stream.getRemainingJSDocLine();
if(annotation!=Annotation.THIS){
typeNode=wrapNode(Token.BANG,typeNode);
if(typeNode!=null&&token!=JsDocToken.LC){
typeNode.putBooleanProp(Node.BRACELESS_TYPE,true);
}
}

Time : 19/09/02 22:50
----------------------------------------
Mon Sep 02 22:51:16 EDT 2019 com.google.javascript.jscomp.parsing.JsDocInfoParser,761
Mon Sep 02 22:51:17 EDT 2019 com.google.javascript.jscomp.parsing.JsDocInfoParser,809
Mon Sep 02 22:51:39 EDT 2019 com.google.javascript.rhino.JSDocInfoBuilder,467
Mon Sep 02 22:51:39 EDT 2019 com.google.javascript.jscomp.JSError,189
Mon Sep 02 22:51:42 EDT 2019 com.google.javascript.rhino.jstype.NoObjectType,277
Mon Sep 02 22:51:44 EDT 2019 com.google.javascript.rhino.jstype.JSTypeRegistry,828
Mon Sep 02 22:52:30 EDT 2019 Mon Sep 02 22:52:30 EDT 2019 : com.google.javascript.rhino.jstype.JSTypeRegistry,829=>Find no block
Mon Sep 02 22:52:31 EDT 2019 com.google.javascript.jscomp.TypeValidator,361
Timeout time : 19/09/02 22:55
