=================================================
Project : closure_91	start : 19/09/02 17:36
Current failed test : com.google.javascript.jscomp.CheckGlobalThisTest::testLendsAnnotation3 | 19/09/02 17:36
Mon Sep 02 17:37:52 EDT 2019 com.google.javascript.jscomp.parsing.JsDocInfoParser,418
Mon Sep 02 17:38:48 EDT 2019 com.google.javascript.jscomp.parsing.JsDocInfoParser,420
Mon Sep 02 18:08:08 EDT 2019 com.google.javascript.jscomp.parsing.JsDocInfoParser,421
Mon Sep 02 18:08:10 EDT 2019 com.google.javascript.jscomp.parsing.JsDocInfoParser,422
Mon Sep 02 18:08:13 EDT 2019 com.google.javascript.jscomp.parsing.JsDocInfoParser,423
Mon Sep 02 18:08:15 EDT 2019 com.google.javascript.jscomp.parsing.JsDocInfoParser,426
Mon Sep 02 18:29:34 EDT 2019 com.google.javascript.jscomp.parsing.JsDocInfoParser,427
Mon Sep 02 18:29:37 EDT 2019 com.google.javascript.jscomp.parsing.JsDocInfoParser,428
Mon Sep 02 18:29:40 EDT 2019 com.google.javascript.jscomp.parsing.JsDocInfoParser,437
Mon Sep 02 18:31:57 EDT 2019 com.google.javascript.jscomp.parsing.JsDocInfoParser,441
Mon Sep 02 18:39:52 EDT 2019 com.google.javascript.jscomp.parsing.JsDocInfoParser,442
Mon Sep 02 18:44:21 EDT 2019 com.google.javascript.rhino.JSDocInfo,1053
Mon Sep 02 18:48:23 EDT 2019 com.google.javascript.rhino.JSDocInfo,1054
Mon Sep 02 18:48:24 EDT 2019 Mon Sep 02 18:48:24 EDT 2019 : com.google.javascript.rhino.JSDocInfo,1055=>Find no block
Mon Sep 02 18:48:27 EDT 2019 com.google.javascript.rhino.JSDocInfoBuilder,839
Mon Sep 02 18:49:42 EDT 2019 com.google.javascript.rhino.JSDocInfoBuilder,840
Mon Sep 02 18:49:44 EDT 2019 com.google.javascript.rhino.JSDocInfoBuilder,841
Mon Sep 02 18:49:46 EDT 2019 com.google.javascript.rhino.JSDocInfoBuilder,842
Mon Sep 02 18:49:49 EDT 2019 com.google.javascript.jscomp.parsing.TypeSafeDispatcher,241
Mon Sep 02 18:54:58 EDT 2019 com.google.javascript.jscomp.parsing.IRFactory,658
Mon Sep 02 19:03:14 EDT 2019 com.google.javascript.jscomp.parsing.IRFactory,659
Mon Sep 02 19:03:15 EDT 2019 com.google.javascript.jscomp.parsing.IRFactory,660
Mon Sep 02 19:03:17 EDT 2019 com.google.javascript.jscomp.parsing.IRFactory,638
Mon Sep 02 19:11:26 EDT 2019 com.google.javascript.jscomp.parsing.IRFactory,640
Mon Sep 02 19:11:27 EDT 2019 com.google.javascript.jscomp.parsing.IRFactory,643
Mon Sep 02 19:11:30 EDT 2019 com.google.javascript.jscomp.parsing.IRFactory,644
Mon Sep 02 19:11:31 EDT 2019 com.google.javascript.jscomp.parsing.IRFactory,645
Mon Sep 02 19:11:34 EDT 2019 Mon Sep 02 19:11:34 EDT 2019 : com.google.javascript.jscomp.parsing.IRFactory,647=>Find no block
Mon Sep 02 19:11:35 EDT 2019 com.google.javascript.jscomp.PrepareAst,166

----------------------------------------
----------------------------------------
Pass Single Test : [=>0,0]
for(Node key=objlit.getFirstChild();key!=null;key=key.getNext()){
Node value=key.getFirstChild();
objlit.detachFromParent();
visitObjectLiteralKey(objlit,key,value);
}

Time : 19/09/02 19:25
----------------------------------------

----------------------------------------
----------------------------------------
Pass Single Test : [=>0,0]
for(Node key=objlit.getFirstChild();key!=null;key=key.getNext()){
objlit.removeChild(key);
Node value=key.getFirstChild();
visitObjectLiteralKey(objlit,key,value);
}

Time : 19/09/02 19:28
----------------------------------------
Mon Sep 02 19:30:33 EDT 2019 com.google.javascript.jscomp.PrepareAst,167
Mon Sep 02 19:30:34 EDT 2019 com.google.javascript.jscomp.PrepareAst,175
Mon Sep 02 19:32:08 EDT 2019 com.google.javascript.jscomp.PrepareAst,176
Mon Sep 02 19:32:10 EDT 2019 Mon Sep 02 19:32:10 EDT 2019 : com.google.javascript.jscomp.PrepareAst,177=>Find no block
Mon Sep 02 19:32:11 EDT 2019 com.google.javascript.jscomp.PrepareAst,231
Mon Sep 02 20:23:36 EDT 2019 com.google.javascript.jscomp.PrepareAst,232
Mon Sep 02 21:13:43 EDT 2019 Mon Sep 02 21:13:43 EDT 2019 : com.google.javascript.jscomp.PrepareAst,236=>Find no block
Mon Sep 02 21:13:44 EDT 2019 com.google.javascript.jscomp.PrepareAst,260
Mon Sep 02 22:12:48 EDT 2019 com.google.javascript.jscomp.PrepareAst,261
Mon Sep 02 22:12:48 EDT 2019 com.google.javascript.jscomp.PrepareAst,262
Mon Sep 02 22:12:49 EDT 2019 Mon Sep 02 22:12:49 EDT 2019 : com.google.javascript.jscomp.PrepareAst,266=>Find no block
Mon Sep 02 22:12:49 EDT 2019 com.google.javascript.jscomp.CheckGlobalThis,93

----------------------------------------
----------------------------------------
Pass Single Test : [=>0,0]
if(jsDoc==null){
return false;
}

Time : 19/09/02 22:13
----------------------------------------

----------------------------------------
----------------------------------------
Pass Single Test : [=>0,0]
if(jsDoc==null||(!jsDoc.isConstructor()&&!jsDoc.hasThisType())){
return false;
}

Time : 19/09/02 22:14
----------------------------------------
Mon Sep 02 22:16:04 EDT 2019 com.google.javascript.jscomp.CheckGlobalThis,164

----------------------------------------
----------------------------------------
Pass Single Test : [=>0,0]
if(assignLhsChild==null){
return false;
}
return parent!=null&&NodeUtil.isGet(parent);

Time : 19/09/02 22:16
----------------------------------------

----------------------------------------
----------------------------------------
Pass Single Test : [=>0,0]
if(parent!=null){
return false;
}
return parent!=null&&NodeUtil.isGet(parent);

Time : 19/09/02 22:17
----------------------------------------

----------------------------------------
----------------------------------------
Pass Single Test : [=>0,0]
if(assignLhsChild!=null){
return true;
}
return assignLhsChild==parent.getLastChild();

Time : 19/09/02 22:18
----------------------------------------

----------------------------------------
----------------------------------------
Pass Single Test : [=>0,0]
if(assignLhsChild!=null){
return true;
}
return parent.getFirstChild()==assignLhsChild;

Time : 19/09/02 22:20
----------------------------------------

----------------------------------------
----------------------------------------
Pass Single Test : [=>0,0]
if(assignLhsChild!=null){
return true;
}
return parent.getLastChild()==assignLhsChild;

Time : 19/09/02 22:21
----------------------------------------

----------------------------------------
----------------------------------------
Pass Single Test : [=>0,0]
if(assignLhsChild!=null){
return true;
}
return parent.getFirstChild().getNext()==assignLhsChild;

Time : 19/09/02 22:22
----------------------------------------

----------------------------------------
----------------------------------------
Pass Single Test : [=>0,0]
if(assignLhsChild!=null){
return true;
}
return parent.getFirstChild()==assignLhsChild||parent.getLastChild()==n;

Time : 19/09/02 22:24
----------------------------------------

----------------------------------------
----------------------------------------
Pass Single Test : [=>0,0]
if(assignLhsChild!=null){
return true;
}
return parent==null&&NodeUtil.isGet(parent);

Time : 19/09/02 22:25
----------------------------------------

----------------------------------------
----------------------------------------
Pass Single Test : [=>0,0]
if(assignLhsChild!=null){
return true;
}
return parent.getFirstChild()==assignLhsChild&&NodeUtil.isGet(parent);

Time : 19/09/02 22:26
----------------------------------------

----------------------------------------
----------------------------------------
Pass Single Test : [=>0,0]
if(assignLhsChild!=null){
return true;
}
return parent==assignLhsChild&&NodeUtil.isGet(parent);

Time : 19/09/02 22:27
----------------------------------------

----------------------------------------
----------------------------------------
Pass Single Test : [=>0,0]
if(assignLhsChild!=null){
return true;
}
return parent.getFirstChild()==null&&NodeUtil.isGet(parent);

Time : 19/09/02 22:28
----------------------------------------

----------------------------------------
----------------------------------------
Pass Single Test : [=>0,0]
if(parent.getFirstChild()!=null){
return false;
}
return parent!=null&&NodeUtil.isGet(parent);

Time : 19/09/02 22:30
----------------------------------------

----------------------------------------
----------------------------------------
Pass Single Test : [=>0,0]
if(n!=null){
return false;
}
return parent!=null&&NodeUtil.isGet(parent);

Time : 19/09/02 22:31
----------------------------------------

----------------------------------------
----------------------------------------
Pass Single Test : [=>0,0]
if(assignLhsChild!=parent.getFirstChild()){
return false;
}
return parent!=null&&NodeUtil.isGet(parent);

Time : 19/09/02 22:33
----------------------------------------

----------------------------------------
----------------------------------------
Pass Single Test : [=>0,0]
if(n==parent.getFirstChild()){
return false;
}
return parent!=null&&NodeUtil.isGet(parent);

Time : 19/09/02 22:34
----------------------------------------

----------------------------------------
----------------------------------------
Pass Single Test : [=>0,0]
if(assignLhsChild!=null){
return true;
}
return (NodeUtil.isAssignmentOp(parent)&&parent.getType()!=Token.ASSIGN||parent.getType()==Token.DEC||parent.getType()==Token.INC);

Time : 19/09/02 22:36
----------------------------------------

----------------------------------------
----------------------------------------
Pass Single Test : [=>0,0]
if(parent!=assignLhsChild){
return false;
}
return parent!=null&&NodeUtil.isGet(parent);

Time : 19/09/02 22:37
----------------------------------------
Timeout time : 19/09/02 22:38
