=================================================
Project : closure_94	start : 19/09/02 17:52
Current failed test : com.google.javascript.jscomp.NodeUtilTest::testValidDefine_purify_13 | 19/09/02 17:53
Mon Sep 02 18:00:44 EDT 2019 com.google.javascript.jscomp.NodeUtil,346
Mon Sep 02 18:04:06 EDT 2019 com.google.javascript.jscomp.ProcessDefines,407
Mon Sep 02 18:04:11 EDT 2019 com.google.javascript.jscomp.ProcessDefines,148
Mon Sep 02 18:08:52 EDT 2019 Mon Sep 02 18:08:52 EDT 2019 : com.google.javascript.jscomp.ProcessDefines,149=>Find no block
Mon Sep 02 18:08:52 EDT 2019 com.google.javascript.jscomp.NodeUtil,337
Mon Sep 02 18:08:55 EDT 2019 com.google.javascript.jscomp.NodeUtil,342
Mon Sep 02 18:08:56 EDT 2019 com.google.javascript.jscomp.NodeUtil,343
Mon Sep 02 18:08:57 EDT 2019 Mon Sep 02 18:08:57 EDT 2019 : com.google.javascript.jscomp.NodeUtil,321=>Find no block
Mon Sep 02 18:08:57 EDT 2019 com.google.javascript.jscomp.parsing.IRFactory,888
Mon Sep 02 18:09:04 EDT 2019 com.google.javascript.jscomp.JSError,71
Mon Sep 02 18:09:07 EDT 2019 com.google.javascript.jscomp.JSError,189
Mon Sep 02 18:09:10 EDT 2019 com.google.javascript.jscomp.ProcessDefines,180
Mon Sep 02 18:22:09 EDT 2019 com.google.javascript.jscomp.ProcessDefines,160
Mon Sep 02 18:23:34 EDT 2019 com.google.javascript.jscomp.ProcessDefines,161
Mon Sep 02 18:23:35 EDT 2019 com.google.javascript.jscomp.ProcessDefines,179
Mon Sep 02 18:23:36 EDT 2019 Mon Sep 02 18:23:36 EDT 2019 : com.google.javascript.jscomp.ProcessDefines,281=>Find no block
Mon Sep 02 18:23:37 EDT 2019 com.google.javascript.jscomp.ProcessDefines,242
Mon Sep 02 18:27:23 EDT 2019 com.google.javascript.jscomp.ProcessDefines,243
Mon Sep 02 18:27:24 EDT 2019 com.google.javascript.jscomp.ProcessDefines,246
Mon Sep 02 18:30:40 EDT 2019 Mon Sep 02 18:30:40 EDT 2019 : com.google.javascript.jscomp.ProcessDefines,254=>Find no block
Mon Sep 02 18:30:41 EDT 2019 com.google.javascript.jscomp.ProcessDefines,278
Mon Sep 02 18:31:33 EDT 2019 com.google.javascript.jscomp.ProcessDefines,279
Mon Sep 02 18:31:33 EDT 2019 com.google.javascript.jscomp.ProcessDefines,280
Mon Sep 02 18:31:34 EDT 2019 Mon Sep 02 18:31:34 EDT 2019 : com.google.javascript.jscomp.ProcessDefines,281=>Find no block
Mon Sep 02 18:31:35 EDT 2019 com.google.javascript.jscomp.ProcessDefines,284
Mon Sep 02 18:32:14 EDT 2019 com.google.javascript.jscomp.ProcessDefines,285
Timeout time : 19/09/02 19:00
Current failed test : com.google.javascript.jscomp.NodeUtilTest::testValidDefine_purify_14 | 19/09/02 19:00
Mon Sep 02 19:08:34 EDT 2019 com.google.javascript.jscomp.NodeUtil,346
Mon Sep 02 19:11:53 EDT 2019 com.google.javascript.jscomp.ProcessDefines,407
Mon Sep 02 19:11:57 EDT 2019 com.google.javascript.jscomp.ProcessDefines,148
Mon Sep 02 19:16:47 EDT 2019 Mon Sep 02 19:16:47 EDT 2019 : com.google.javascript.jscomp.ProcessDefines,149=>Find no block
Mon Sep 02 19:16:48 EDT 2019 com.google.javascript.jscomp.NodeUtil,337
Mon Sep 02 19:16:51 EDT 2019 com.google.javascript.jscomp.NodeUtil,342
Mon Sep 02 19:16:52 EDT 2019 com.google.javascript.jscomp.NodeUtil,343
Mon Sep 02 19:16:52 EDT 2019 Mon Sep 02 19:16:52 EDT 2019 : com.google.javascript.jscomp.NodeUtil,321=>Find no block
Mon Sep 02 19:16:53 EDT 2019 com.google.javascript.jscomp.parsing.IRFactory,888
Mon Sep 02 19:17:01 EDT 2019 com.google.javascript.jscomp.JSError,71
Mon Sep 02 19:17:04 EDT 2019 com.google.javascript.jscomp.JSError,189
Mon Sep 02 19:17:07 EDT 2019 com.google.javascript.jscomp.ProcessDefines,180
Mon Sep 02 19:29:47 EDT 2019 com.google.javascript.jscomp.ProcessDefines,160
Mon Sep 02 19:31:07 EDT 2019 com.google.javascript.jscomp.ProcessDefines,161
Mon Sep 02 19:31:08 EDT 2019 com.google.javascript.jscomp.ProcessDefines,179
Mon Sep 02 19:31:08 EDT 2019 Mon Sep 02 19:31:08 EDT 2019 : com.google.javascript.jscomp.ProcessDefines,281=>Find no block
Mon Sep 02 19:31:09 EDT 2019 com.google.javascript.jscomp.ProcessDefines,242
Mon Sep 02 19:34:43 EDT 2019 com.google.javascript.jscomp.ProcessDefines,243
Mon Sep 02 19:34:43 EDT 2019 com.google.javascript.jscomp.ProcessDefines,246
Mon Sep 02 19:37:53 EDT 2019 Mon Sep 02 19:37:53 EDT 2019 : com.google.javascript.jscomp.ProcessDefines,254=>Find no block
Mon Sep 02 19:37:53 EDT 2019 com.google.javascript.jscomp.ProcessDefines,278
Mon Sep 02 19:38:44 EDT 2019 com.google.javascript.jscomp.ProcessDefines,279
Mon Sep 02 19:38:45 EDT 2019 com.google.javascript.jscomp.ProcessDefines,280
Mon Sep 02 19:38:45 EDT 2019 Mon Sep 02 19:38:45 EDT 2019 : com.google.javascript.jscomp.ProcessDefines,281=>Find no block
Mon Sep 02 19:38:46 EDT 2019 com.google.javascript.jscomp.ProcessDefines,284
Mon Sep 02 19:39:25 EDT 2019 com.google.javascript.jscomp.ProcessDefines,285
Mon Sep 02 20:07:31 EDT 2019 com.google.javascript.jscomp.ProcessDefines,286
Mon Sep 02 20:07:31 EDT 2019 com.google.javascript.jscomp.ProcessDefines,292
Mon Sep 02 20:07:32 EDT 2019 com.google.javascript.jscomp.ProcessDefines,405
Timeout time : 19/09/02 20:08
Current failed test : com.google.javascript.jscomp.NodeUtilTest::testValidDefine_purify_15 | 19/09/02 20:08
Mon Sep 02 20:16:05 EDT 2019 com.google.javascript.jscomp.NodeUtil,346
Mon Sep 02 20:19:26 EDT 2019 com.google.javascript.jscomp.ProcessDefines,407
Mon Sep 02 20:19:30 EDT 2019 com.google.javascript.jscomp.ProcessDefines,148
Mon Sep 02 20:24:21 EDT 2019 Mon Sep 02 20:24:21 EDT 2019 : com.google.javascript.jscomp.ProcessDefines,149=>Find no block
Mon Sep 02 20:24:21 EDT 2019 com.google.javascript.jscomp.NodeUtil,337
Mon Sep 02 20:24:24 EDT 2019 com.google.javascript.jscomp.NodeUtil,342
Mon Sep 02 20:24:25 EDT 2019 com.google.javascript.jscomp.NodeUtil,343
Mon Sep 02 20:24:25 EDT 2019 Mon Sep 02 20:24:25 EDT 2019 : com.google.javascript.jscomp.NodeUtil,321=>Find no block
Mon Sep 02 20:24:26 EDT 2019 com.google.javascript.jscomp.parsing.IRFactory,888
Mon Sep 02 20:24:34 EDT 2019 com.google.javascript.jscomp.JSError,71
Mon Sep 02 20:24:37 EDT 2019 com.google.javascript.jscomp.JSError,189
Mon Sep 02 20:24:40 EDT 2019 com.google.javascript.jscomp.ProcessDefines,180
Mon Sep 02 20:37:05 EDT 2019 com.google.javascript.jscomp.ProcessDefines,160
Mon Sep 02 20:38:27 EDT 2019 com.google.javascript.jscomp.ProcessDefines,161
Mon Sep 02 20:38:28 EDT 2019 com.google.javascript.jscomp.ProcessDefines,179
Mon Sep 02 20:38:28 EDT 2019 Mon Sep 02 20:38:28 EDT 2019 : com.google.javascript.jscomp.ProcessDefines,281=>Find no block
Mon Sep 02 20:38:29 EDT 2019 com.google.javascript.jscomp.ProcessDefines,242
Mon Sep 02 20:42:04 EDT 2019 com.google.javascript.jscomp.ProcessDefines,243
Mon Sep 02 20:42:05 EDT 2019 com.google.javascript.jscomp.ProcessDefines,246
Mon Sep 02 20:45:14 EDT 2019 Mon Sep 02 20:45:14 EDT 2019 : com.google.javascript.jscomp.ProcessDefines,254=>Find no block
Mon Sep 02 20:45:15 EDT 2019 com.google.javascript.jscomp.ProcessDefines,278
Mon Sep 02 20:46:04 EDT 2019 com.google.javascript.jscomp.ProcessDefines,279
Mon Sep 02 20:46:05 EDT 2019 com.google.javascript.jscomp.ProcessDefines,280
Mon Sep 02 20:46:06 EDT 2019 Mon Sep 02 20:46:06 EDT 2019 : com.google.javascript.jscomp.ProcessDefines,281=>Find no block
Mon Sep 02 20:46:06 EDT 2019 com.google.javascript.jscomp.ProcessDefines,284
Mon Sep 02 20:46:44 EDT 2019 com.google.javascript.jscomp.ProcessDefines,285
Mon Sep 02 21:14:41 EDT 2019 com.google.javascript.jscomp.ProcessDefines,286
Mon Sep 02 21:14:42 EDT 2019 com.google.javascript.jscomp.ProcessDefines,292
Mon Sep 02 21:14:43 EDT 2019 com.google.javascript.jscomp.ProcessDefines,405
Timeout time : 19/09/02 21:16
Current failed test : com.google.javascript.jscomp.ProcessDefinesTest::testOverridingString1 | 19/09/02 21:16
Mon Sep 02 21:23:30 EDT 2019 com.google.javascript.jscomp.NodeUtil,346
Mon Sep 02 21:26:42 EDT 2019 com.google.javascript.jscomp.ProcessDefines,407
Mon Sep 02 21:26:46 EDT 2019 com.google.javascript.jscomp.ProcessDefines,148
Mon Sep 02 21:31:25 EDT 2019 Mon Sep 02 21:31:25 EDT 2019 : com.google.javascript.jscomp.ProcessDefines,149=>Find no block
Mon Sep 02 21:31:25 EDT 2019 com.google.javascript.jscomp.NodeUtil,337
Mon Sep 02 21:31:28 EDT 2019 com.google.javascript.jscomp.NodeUtil,342
Mon Sep 02 21:31:29 EDT 2019 com.google.javascript.jscomp.NodeUtil,343
Mon Sep 02 21:31:29 EDT 2019 Mon Sep 02 21:31:29 EDT 2019 : com.google.javascript.jscomp.NodeUtil,321=>Find no block
Mon Sep 02 21:31:30 EDT 2019 com.google.javascript.jscomp.parsing.IRFactory,888
Mon Sep 02 21:31:37 EDT 2019 com.google.javascript.jscomp.JSError,71
Mon Sep 02 21:31:40 EDT 2019 com.google.javascript.jscomp.JSError,189
Mon Sep 02 21:31:43 EDT 2019 com.google.javascript.jscomp.ProcessDefines,180
Mon Sep 02 21:43:55 EDT 2019 com.google.javascript.jscomp.ProcessDefines,160
Mon Sep 02 21:45:13 EDT 2019 com.google.javascript.jscomp.ProcessDefines,161
Mon Sep 02 21:45:13 EDT 2019 com.google.javascript.jscomp.ProcessDefines,179
Mon Sep 02 21:45:14 EDT 2019 Mon Sep 02 21:45:14 EDT 2019 : com.google.javascript.jscomp.ProcessDefines,281=>Find no block
Mon Sep 02 21:45:15 EDT 2019 com.google.javascript.jscomp.ProcessDefines,242

----------------------------------------
----------------------------------------
Pass Single Test : [=>0,0]
if(name.refs!=null){
allRefInfo.put(name.declaration.node,new RefInfo(name.declaration,name));
}

Time : 19/09/02 21:45
----------------------------------------

----------------------------------------
----------------------------------------
Pass Single Test : [=>0,0]
if(name.declaration==null){
allRefInfo.put(name.declaration.node,new RefInfo(name.declaration,name));
}

Time : 19/09/02 21:47
----------------------------------------
Mon Sep 02 21:50:49 EDT 2019 com.google.javascript.jscomp.ProcessDefines,243
Mon Sep 02 21:50:49 EDT 2019 com.google.javascript.jscomp.ProcessDefines,246
Mon Sep 02 21:53:46 EDT 2019 Mon Sep 02 21:53:46 EDT 2019 : com.google.javascript.jscomp.ProcessDefines,254=>Find no block
Mon Sep 02 21:53:47 EDT 2019 com.google.javascript.jscomp.ProcessDefines,278
Mon Sep 02 21:54:34 EDT 2019 com.google.javascript.jscomp.ProcessDefines,279
Mon Sep 02 21:54:35 EDT 2019 com.google.javascript.jscomp.ProcessDefines,280
Mon Sep 02 21:54:35 EDT 2019 Mon Sep 02 21:54:35 EDT 2019 : com.google.javascript.jscomp.ProcessDefines,281=>Find no block
Mon Sep 02 21:54:36 EDT 2019 com.google.javascript.jscomp.ProcessDefines,284
Mon Sep 02 21:55:11 EDT 2019 com.google.javascript.jscomp.ProcessDefines,285

----------------------------------------
----------------------------------------
Pass Single Test : [=>0,0]
if(val.getType()!=Token.FUNCTION){
return ;
}
if(valParent.getType()==Token.ASSIGN&&name.isSimpleName()&&name.declaration==ref){
compiler.report(t.makeError(val,INVALID_DEFINE_INIT_ERROR,fullName));
}else if(processDefineAssignment(t,fullName,val,valParent)){
refInfo.name.removeRef(ref);
lvalueToRemoveLater=valParent;
}

Time : 19/09/02 22:09
----------------------------------------

----------------------------------------
----------------------------------------
Pass Single Test : [=>0,0]
if(Sets.newLinkedHashSet().size()<=1){
return ;
}
case SET_FROM_LOCAL :
Node valParent=getValueParent(ref);
Node val=valParent.getLastChild();
if(valParent.getType()==Token.ASSIGN&&name.isSimpleName()&&name.declaration==ref){
compiler.report(t.makeError(val,INVALID_DEFINE_INIT_ERROR,fullName));
}else if(processDefineAssignment(t,fullName,val,valParent)){
refInfo.name.removeRef(ref);
lvalueToRemoveLater=valParent;
}


Time : 19/09/02 22:19
----------------------------------------

----------------------------------------
----------------------------------------
Pass Single Test : [=>0,0]
if(compiler.getModuleGraph()==null){
return ;
}
case SET_FROM_LOCAL :
Node valParent=getValueParent(ref);
Node val=valParent.getLastChild();
if(valParent.getType()==Token.ASSIGN&&name.isSimpleName()&&name.declaration==ref){
compiler.report(t.makeError(val,INVALID_DEFINE_INIT_ERROR,fullName));
}else if(processDefineAssignment(t,fullName,val,valParent)){
refInfo.name.removeRef(ref);
lvalueToRemoveLater=valParent;
}


Time : 19/09/02 22:20
----------------------------------------

----------------------------------------
----------------------------------------
Pass Single Test : [=>0,0]
if(compiler.getModuleGraph()==null){
return ;
}
new SimpleFunctionAliasAnalysis().analyze(new SimpleDefinitionFinder(compiler));
case SET_FROM_LOCAL :
Node valParent=getValueParent(ref);
Node val=valParent.getLastChild();
if(valParent.getType()==Token.ASSIGN&&name.isSimpleName()&&name.declaration==ref){
compiler.report(t.makeError(val,INVALID_DEFINE_INIT_ERROR,fullName));
}else if(processDefineAssignment(t,fullName,val,valParent)){
refInfo.name.removeRef(ref);
lvalueToRemoveLater=valParent;
}


Time : 19/09/02 22:21
----------------------------------------
Timeout time : 19/09/02 22:23
Current failed test : com.google.javascript.jscomp.ProcessDefinesTest::testOverridingString3 | 19/09/02 22:23
Mon Sep 02 22:31:01 EDT 2019 com.google.javascript.jscomp.NodeUtil,346
Mon Sep 02 22:34:08 EDT 2019 com.google.javascript.jscomp.ProcessDefines,407
Mon Sep 02 22:34:12 EDT 2019 com.google.javascript.jscomp.ProcessDefines,148
Mon Sep 02 22:38:46 EDT 2019 Mon Sep 02 22:38:46 EDT 2019 : com.google.javascript.jscomp.ProcessDefines,149=>Find no block
Mon Sep 02 22:38:47 EDT 2019 com.google.javascript.jscomp.NodeUtil,337
Mon Sep 02 22:38:50 EDT 2019 com.google.javascript.jscomp.NodeUtil,342
Mon Sep 02 22:38:50 EDT 2019 com.google.javascript.jscomp.NodeUtil,343
Mon Sep 02 22:38:51 EDT 2019 Mon Sep 02 22:38:51 EDT 2019 : com.google.javascript.jscomp.NodeUtil,321=>Find no block
Mon Sep 02 22:38:51 EDT 2019 com.google.javascript.jscomp.parsing.IRFactory,888
Mon Sep 02 22:38:58 EDT 2019 com.google.javascript.jscomp.JSError,71
Mon Sep 02 22:39:01 EDT 2019 com.google.javascript.jscomp.JSError,189
Mon Sep 02 22:39:03 EDT 2019 com.google.javascript.jscomp.ProcessDefines,180
Mon Sep 02 22:51:32 EDT 2019 com.google.javascript.jscomp.ProcessDefines,160
Mon Sep 02 22:52:57 EDT 2019 com.google.javascript.jscomp.ProcessDefines,161
Mon Sep 02 22:52:58 EDT 2019 com.google.javascript.jscomp.ProcessDefines,179
Mon Sep 02 22:52:58 EDT 2019 Mon Sep 02 22:52:58 EDT 2019 : com.google.javascript.jscomp.ProcessDefines,281=>Find no block
Mon Sep 02 22:52:59 EDT 2019 com.google.javascript.jscomp.ProcessDefines,242
Mon Sep 02 22:56:40 EDT 2019 com.google.javascript.jscomp.ProcessDefines,243
Mon Sep 02 22:56:40 EDT 2019 com.google.javascript.jscomp.ProcessDefines,246
Mon Sep 02 22:59:54 EDT 2019 Mon Sep 02 22:59:54 EDT 2019 : com.google.javascript.jscomp.ProcessDefines,254=>Find no block
Mon Sep 02 22:59:54 EDT 2019 com.google.javascript.jscomp.ProcessDefines,278
Mon Sep 02 23:00:47 EDT 2019 com.google.javascript.jscomp.ProcessDefines,279
Mon Sep 02 23:00:48 EDT 2019 com.google.javascript.jscomp.ProcessDefines,280
Mon Sep 02 23:00:48 EDT 2019 Mon Sep 02 23:00:48 EDT 2019 : com.google.javascript.jscomp.ProcessDefines,281=>Find no block
Mon Sep 02 23:00:49 EDT 2019 com.google.javascript.jscomp.ProcessDefines,284
Mon Sep 02 23:01:28 EDT 2019 com.google.javascript.jscomp.ProcessDefines,285
Mon Sep 02 23:30:16 EDT 2019 com.google.javascript.jscomp.ProcessDefines,286
Mon Sep 02 23:30:17 EDT 2019 com.google.javascript.jscomp.ProcessDefines,292
Mon Sep 02 23:30:18 EDT 2019 com.google.javascript.jscomp.ProcessDefines,405
Timeout time : 19/09/02 23:31
