=================================================
Project : closure_95	start : 19/09/02 17:56
Current failed test : com.google.javascript.jscomp.TypeCheckTest::testQualifiedNameInference5 | 19/09/02 17:57
Mon Sep 02 18:01:03 EDT 2019 com.google.javascript.jscomp.CodeGenerator,278
Mon Sep 02 18:07:01 EDT 2019 com.google.javascript.jscomp.CodeGenerator,289
Mon Sep 02 18:13:10 EDT 2019 com.google.javascript.rhino.jstype.ObjectType,314
Mon Sep 02 18:14:19 EDT 2019 com.google.javascript.rhino.jstype.ObjectType,446
Mon Sep 02 18:14:49 EDT 2019 com.google.javascript.rhino.jstype.UnknownType,175
Mon Sep 02 18:14:55 EDT 2019 com.google.javascript.rhino.jstype.UnknownType,136
Mon Sep 02 18:15:02 EDT 2019 com.google.javascript.rhino.JSDocInfo,834
Mon Sep 02 18:18:29 EDT 2019 com.google.javascript.jscomp.LinkedFlowScope,114
Mon Sep 02 18:20:10 EDT 2019 com.google.javascript.jscomp.LinkedFlowScope,122
Mon Sep 02 18:21:18 EDT 2019 com.google.javascript.jscomp.TypeInference,1262
Mon Sep 02 18:23:45 EDT 2019 com.google.javascript.jscomp.TypeInference,560
Mon Sep 02 18:26:22 EDT 2019 com.google.javascript.jscomp.TypeCheck,1385
Mon Sep 02 18:37:49 EDT 2019 com.google.javascript.jscomp.TypeInference,557
Mon Sep 02 18:37:51 EDT 2019 com.google.javascript.jscomp.parsing.TypeSafeDispatcher,241
Mon Sep 02 18:43:47 EDT 2019 com.google.javascript.jscomp.parsing.IRFactory,678
Mon Sep 02 18:51:26 EDT 2019 com.google.javascript.jscomp.parsing.IRFactory,679
Mon Sep 02 18:51:28 EDT 2019 com.google.javascript.jscomp.parsing.IRFactory,680
Mon Sep 02 18:51:30 EDT 2019 com.google.javascript.jscomp.ClosureCodingConvention,133
Mon Sep 02 18:54:05 EDT 2019 com.google.javascript.jscomp.ClosureCodingConvention,121
Mon Sep 02 19:49:06 EDT 2019 com.google.javascript.jscomp.ClosureCodingConvention,131
Mon Sep 02 19:55:14 EDT 2019 com.google.javascript.jscomp.TypeInference,1048
Mon Sep 02 20:04:31 EDT 2019 com.google.javascript.jscomp.TypeInference,1049
Mon Sep 02 20:04:33 EDT 2019 com.google.javascript.jscomp.TypedScopeCreator,308
Mon Sep 02 21:08:12 EDT 2019 com.google.javascript.jscomp.TypeInference,555
Mon Sep 02 21:17:35 EDT 2019 com.google.javascript.jscomp.Compiler,990
Mon Sep 02 21:20:01 EDT 2019 com.google.javascript.jscomp.Compiler,991
Mon Sep 02 21:20:02 EDT 2019 com.google.javascript.jscomp.Compiler,994
Mon Sep 02 21:20:02 EDT 2019 com.google.javascript.jscomp.Compiler,999
Mon Sep 02 21:20:03 EDT 2019 com.google.javascript.jscomp.Compiler,1001
Mon Sep 02 21:20:39 EDT 2019 com.google.javascript.jscomp.CodeGenerator,565
Mon Sep 02 21:27:17 EDT 2019 com.google.javascript.jscomp.CodeGenerator,566
Mon Sep 02 21:27:18 EDT 2019 com.google.javascript.jscomp.CodeGenerator,567
Mon Sep 02 21:30:22 EDT 2019 com.google.javascript.jscomp.CodeGenerator,570
Mon Sep 02 21:35:05 EDT 2019 com.google.javascript.jscomp.CodeGenerator,571
Timeout time : 19/09/02 23:00
