=================================================
Project : closure_96	start : 19/09/02 18:00
Current failed test : com.google.javascript.jscomp.TypeCheckTest::testFunctionArguments16 | 19/09/02 18:00
Mon Sep 02 18:13:17 EDT 2019 com.google.javascript.rhino.jstype.JSTypeRegistry,1342
Mon Sep 02 18:22:10 EDT 2019 com.google.javascript.jscomp.parsing.JsDocInfoParser,1337
Mon Sep 02 18:41:39 EDT 2019 com.google.javascript.jscomp.parsing.JsDocInfoParser,1338
Mon Sep 02 18:41:45 EDT 2019 com.google.javascript.jscomp.parsing.JsDocInfoParser,1342
Mon Sep 02 18:41:51 EDT 2019 com.google.javascript.jscomp.parsing.JsDocInfoParser,1349
Mon Sep 02 19:05:01 EDT 2019 com.google.javascript.jscomp.parsing.JsDocTokenStream,145
Mon Sep 02 19:50:46 EDT 2019 com.google.javascript.jscomp.parsing.JsDocTokenStream,146
Mon Sep 02 19:50:50 EDT 2019 com.google.javascript.jscomp.parsing.JsDocTokenStream,147
Mon Sep 02 19:50:54 EDT 2019 com.google.javascript.jscomp.parsing.JsDocTokenStream,148
Mon Sep 02 19:50:58 EDT 2019 com.google.javascript.rhino.jstype.FunctionType,240
Mon Sep 02 20:11:00 EDT 2019 com.google.javascript.jscomp.parsing.JsDocTokenStream,141
Mon Sep 02 20:13:31 EDT 2019 com.google.javascript.jscomp.parsing.JsDocTokenStream,142
Mon Sep 02 20:40:08 EDT 2019 com.google.javascript.jscomp.TypeCheck,473
Mon Sep 02 20:53:45 EDT 2019 com.google.javascript.jscomp.TypeCheck,474
Mon Sep 02 21:01:51 EDT 2019 com.google.javascript.jscomp.parsing.IRFactory,982
Mon Sep 02 21:01:59 EDT 2019 com.google.javascript.jscomp.TypeInference,418
Mon Sep 02 21:10:56 EDT 2019 com.google.javascript.jscomp.TypeInference,419
Mon Sep 02 21:17:49 EDT 2019 com.google.javascript.jscomp.TypeInference,420
Mon Sep 02 21:22:29 EDT 2019 com.google.javascript.jscomp.TypeValidator,360
Mon Sep 02 21:26:35 EDT 2019 Mon Sep 02 21:26:35 EDT 2019 : com.google.javascript.jscomp.TypeValidator,367=>Find no block
Mon Sep 02 21:26:36 EDT 2019 com.google.javascript.jscomp.TypeInference,854
Mon Sep 02 21:55:48 EDT 2019 com.google.javascript.jscomp.TypeInference,855
Mon Sep 02 21:55:48 EDT 2019 com.google.javascript.jscomp.TypeInference,870
Mon Sep 02 21:57:01 EDT 2019 Mon Sep 02 21:57:01 EDT 2019 : com.google.javascript.jscomp.TypeInference,871=>Find no block
Mon Sep 02 21:57:02 EDT 2019 com.google.javascript.jscomp.TypeCheck,1412
Mon Sep 02 22:05:17 EDT 2019 com.google.javascript.jscomp.TypeCheck,1413
Mon Sep 02 22:05:17 EDT 2019 com.google.javascript.jscomp.TypeCheck,1414
Mon Sep 02 22:05:18 EDT 2019 com.google.javascript.jscomp.TypeCheck,1416
Mon Sep 02 22:05:18 EDT 2019 com.google.javascript.jscomp.ClosureCodingConvention,125
Mon Sep 02 22:22:31 EDT 2019 com.google.javascript.jscomp.ClosureCodingConvention,126
Mon Sep 02 22:22:31 EDT 2019 com.google.javascript.jscomp.ClosureCodingConvention,127
Mon Sep 02 22:22:32 EDT 2019 com.google.javascript.jscomp.ClosureCodingConvention,124
Mon Sep 02 22:22:32 EDT 2019 com.google.javascript.rhino.jstype.JSType,834
Mon Sep 02 22:23:43 EDT 2019 com.google.javascript.rhino.jstype.FunctionType,219
Mon Sep 02 22:42:45 EDT 2019 com.google.javascript.rhino.jstype.FunctionType,220
Mon Sep 02 22:42:45 EDT 2019 Mon Sep 02 22:42:45 EDT 2019 : com.google.javascript.rhino.jstype.FunctionType,223=>Find no block
Mon Sep 02 22:42:46 EDT 2019 com.google.javascript.jscomp.ClosureCodingConvention,305
Mon Sep 02 22:52:56 EDT 2019 com.google.javascript.jscomp.ClosureCodingConvention,301
Mon Sep 02 23:10:25 EDT 2019 com.google.javascript.jscomp.ClosureCodingConvention,302
Mon Sep 02 23:10:25 EDT 2019 com.google.javascript.jscomp.ClosureCodingConvention,303
Mon Sep 02 23:10:26 EDT 2019 com.google.javascript.jscomp.TypedScopeCreator,853
Timeout time : 19/09/02 23:13
