=================================================
Project : closure_97	start : 19/09/02 18:11
Current failed test : com.google.javascript.jscomp.PeepholeFoldConstantsTest::testFoldBitShifts | 19/09/02 18:12
Mon Sep 02 18:12:56 EDT 2019 com.google.javascript.rhino.Node,202
Mon Sep 02 18:13:05 EDT 2019 com.google.javascript.rhino.Node,227
Mon Sep 02 18:13:12 EDT 2019 com.google.javascript.rhino.Node,939
Mon Sep 02 18:13:33 EDT 2019 com.google.javascript.rhino.Node,940
Mon Sep 02 18:13:33 EDT 2019 com.google.javascript.rhino.Node,1028
Mon Sep 02 18:14:46 EDT 2019 com.google.javascript.rhino.Node,1051
Mon Sep 02 18:14:49 EDT 2019 com.google.javascript.rhino.Node,1056
Mon Sep 02 18:15:02 EDT 2019 com.google.javascript.rhino.Node,1057
Mon Sep 02 18:15:03 EDT 2019 com.google.javascript.rhino.Node,1058
Mon Sep 02 18:15:03 EDT 2019 com.google.javascript.rhino.Node,1065
Mon Sep 02 18:15:07 EDT 2019 Mon Sep 02 18:15:07 EDT 2019 : com.google.javascript.rhino.Node,1066=>Find no block
Mon Sep 02 18:15:08 EDT 2019 com.google.javascript.rhino.Node,1071
Mon Sep 02 18:22:35 EDT 2019 com.google.javascript.rhino.Node,1072
Mon Sep 02 18:22:36 EDT 2019 com.google.javascript.rhino.Node,1074
Mon Sep 02 18:58:10 EDT 2019 com.google.javascript.rhino.Node,1075
Mon Sep 02 18:58:11 EDT 2019 Mon Sep 02 18:58:11 EDT 2019 : com.google.javascript.rhino.Node,1076=>Find no block
Mon Sep 02 18:58:12 EDT 2019 com.google.javascript.rhino.Node,1077
Mon Sep 02 18:58:12 EDT 2019 com.google.javascript.rhino.Node,1079
Mon Sep 02 18:58:13 EDT 2019 Mon Sep 02 18:58:13 EDT 2019 : com.google.javascript.rhino.Node,1078=>Find no block
Mon Sep 02 18:58:13 EDT 2019 Mon Sep 02 18:58:13 EDT 2019 : com.google.javascript.rhino.Node,1082=>Find no block
Mon Sep 02 18:58:14 EDT 2019 com.google.javascript.rhino.Node,1377
Mon Sep 02 18:58:17 EDT 2019 com.google.javascript.jscomp.parsing.IRFactory,935
Mon Sep 02 18:58:24 EDT 2019 com.google.javascript.jscomp.PeepholeFoldConstants,698
Mon Sep 02 18:59:24 EDT 2019 com.google.javascript.jscomp.PeepholeFoldConstants,699
Mon Sep 02 18:59:50 EDT 2019 com.google.javascript.rhino.Token,364
Mon Sep 02 18:59:57 EDT 2019 com.google.javascript.rhino.Token,402
Mon Sep 02 19:00:04 EDT 2019 com.google.javascript.rhino.Token,407
Mon Sep 02 19:00:11 EDT 2019 com.google.javascript.rhino.Token,409
Mon Sep 02 19:00:18 EDT 2019 com.google.javascript.jscomp.parsing.IRFactory,931
Mon Sep 02 19:00:25 EDT 2019 com.google.javascript.jscomp.parsing.IRFactory,933
Mon Sep 02 19:00:32 EDT 2019 com.google.javascript.jscomp.PeepholeFoldConstants,123
Mon Sep 02 19:02:36 EDT 2019 com.google.javascript.jscomp.PeepholeFoldConstants,653
Mon Sep 02 19:29:33 EDT 2019 com.google.javascript.jscomp.PeepholeFoldConstants,657
Mon Sep 02 19:30:48 EDT 2019 com.google.javascript.jscomp.PeepholeFoldConstants,658
Mon Sep 02 19:32:47 EDT 2019 com.google.javascript.jscomp.PeepholeFoldConstants,662
Mon Sep 02 19:32:47 EDT 2019 com.google.javascript.jscomp.PeepholeFoldConstants,669
Mon Sep 02 19:32:48 EDT 2019 com.google.javascript.jscomp.PeepholeFoldConstants,675
Mon Sep 02 19:45:38 EDT 2019 com.google.javascript.jscomp.PeepholeFoldConstants,676
Mon Sep 02 19:45:38 EDT 2019 com.google.javascript.jscomp.PeepholeFoldConstants,681
Mon Sep 02 20:02:21 EDT 2019 com.google.javascript.jscomp.PeepholeFoldConstants,682
Mon Sep 02 20:02:22 EDT 2019 Mon Sep 02 20:02:22 EDT 2019 : com.google.javascript.jscomp.PeepholeFoldConstants,687=>Find no block
Mon Sep 02 20:02:23 EDT 2019 com.google.javascript.jscomp.PeepholeFoldConstants,689
Mon Sep 02 20:02:23 EDT 2019 com.google.javascript.jscomp.PeepholeFoldConstants,690
Mon Sep 02 20:02:47 EDT 2019 com.google.javascript.jscomp.PeepholeFoldConstants,692
Mon Sep 02 20:02:48 EDT 2019 com.google.javascript.jscomp.PeepholeFoldConstants,693
Mon Sep 02 20:03:14 EDT 2019 com.google.javascript.jscomp.PeepholeFoldConstants,705
Mon Sep 02 20:11:19 EDT 2019 com.google.javascript.jscomp.PeepholeFoldConstants,706
Mon Sep 02 20:11:19 EDT 2019 com.google.javascript.jscomp.PeepholeFoldConstants,707
Mon Sep 02 20:21:54 EDT 2019 com.google.javascript.jscomp.PeepholeFoldConstants,709
Mon Sep 02 20:21:55 EDT 2019 com.google.javascript.rhino.Token,315
Mon Sep 02 20:22:02 EDT 2019 Mon Sep 02 20:22:02 EDT 2019 : com.google.javascript.rhino.Node,182=>Find no block
Mon Sep 02 20:22:02 EDT 2019 com.google.javascript.rhino.Node,228
Mon Sep 02 20:22:10 EDT 2019 com.google.javascript.rhino.Node,851
Mon Sep 02 20:28:14 EDT 2019 com.google.javascript.rhino.Node,852
Mon Sep 02 20:28:15 EDT 2019 com.google.javascript.rhino.Node,853
Mon Sep 02 20:28:16 EDT 2019 com.google.javascript.rhino.Node,856
Mon Sep 02 20:28:16 EDT 2019 com.google.javascript.rhino.Node,857
Mon Sep 02 20:28:17 EDT 2019 com.google.javascript.rhino.Node,858
Mon Sep 02 20:28:18 EDT 2019 com.google.javascript.rhino.Node,859
Mon Sep 02 20:28:18 EDT 2019 com.google.javascript.rhino.Node,862
Mon Sep 02 20:28:19 EDT 2019 com.google.javascript.rhino.Node,863
Mon Sep 02 20:28:20 EDT 2019 com.google.javascript.rhino.Node,916
Mon Sep 02 20:28:22 EDT 2019 com.google.javascript.rhino.Node,924
Mon Sep 02 20:29:44 EDT 2019 com.google.javascript.rhino.Node,925
Mon Sep 02 20:29:44 EDT 2019 com.google.javascript.rhino.Node,926
Mon Sep 02 20:29:45 EDT 2019 com.google.javascript.rhino.Node,937
Mon Sep 02 21:43:58 EDT 2019 com.google.javascript.rhino.Node,938
Mon Sep 02 21:43:59 EDT 2019 com.google.javascript.rhino.Node,941
Mon Sep 02 21:43:59 EDT 2019 com.google.javascript.rhino.Node,949
Mon Sep 02 21:44:00 EDT 2019 com.google.javascript.rhino.Node,968
Mon Sep 02 21:44:00 EDT 2019 com.google.javascript.rhino.Node,969
Mon Sep 02 21:44:01 EDT 2019 com.google.javascript.rhino.Node,971
Mon Sep 02 21:44:01 EDT 2019 com.google.javascript.rhino.Node,972
Mon Sep 02 21:44:02 EDT 2019 com.google.javascript.rhino.Node,973
Mon Sep 02 21:44:03 EDT 2019 com.google.javascript.rhino.Node,974
Mon Sep 02 21:44:03 EDT 2019 com.google.javascript.rhino.Node,975
Mon Sep 02 21:44:04 EDT 2019 com.google.javascript.rhino.Node,979
Mon Sep 02 21:44:05 EDT 2019 com.google.javascript.rhino.Node,980
Mon Sep 02 21:44:10 EDT 2019 com.google.javascript.rhino.Node,981
Mon Sep 02 21:44:11 EDT 2019 com.google.javascript.rhino.Node,982
Mon Sep 02 21:51:50 EDT 2019 com.google.javascript.rhino.Node,983
Mon Sep 02 21:51:51 EDT 2019 com.google.javascript.rhino.Node,984
Mon Sep 02 21:57:33 EDT 2019 com.google.javascript.rhino.Node,985
Mon Sep 02 22:02:29 EDT 2019 com.google.javascript.rhino.Node,986
Mon Sep 02 22:08:03 EDT 2019 Mon Sep 02 22:08:03 EDT 2019 : com.google.javascript.rhino.Node,988=>Find no block
Mon Sep 02 22:08:04 EDT 2019 com.google.javascript.rhino.Node,1024
Mon Sep 02 22:09:40 EDT 2019 com.google.javascript.rhino.Node,1025
Mon Sep 02 22:09:41 EDT 2019 com.google.javascript.rhino.Node,1026
Mon Sep 02 22:09:41 EDT 2019 com.google.javascript.rhino.Node,1032
Mon Sep 02 22:21:02 EDT 2019 com.google.javascript.rhino.Node,1033
Mon Sep 02 22:21:03 EDT 2019 com.google.javascript.rhino.Node,1037
Mon Sep 02 22:22:49 EDT 2019 com.google.javascript.rhino.Node,1038
Mon Sep 02 22:22:49 EDT 2019 Mon Sep 02 22:22:49 EDT 2019 : com.google.javascript.rhino.Node,1047=>Find no block
Mon Sep 02 22:22:50 EDT 2019 com.google.javascript.jscomp.CodeConsumer,249
Mon Sep 02 22:23:22 EDT 2019 com.google.javascript.rhino.Token,317
Mon Sep 02 22:23:28 EDT 2019 com.google.javascript.jscomp.parsing.IRFactory,953
Mon Sep 02 22:23:35 EDT 2019 com.google.javascript.jscomp.parsing.IRFactory,811
Timeout time : 19/09/02 23:12
