=================================================
Project : closure_98	start : 19/09/02 18:12
Current failed test : com.google.javascript.jscomp.InlineVariablesTest::testNoInlineAliasesInLoop | 19/09/02 18:13
Mon Sep 02 18:14:24 EDT 2019 Mon Sep 02 18:14:24 EDT 2019 : com.google.javascript.rhino.Node,179=>Find no block
Mon Sep 02 18:14:25 EDT 2019 com.google.javascript.rhino.Node,199
Mon Sep 02 18:14:34 EDT 2019 com.google.javascript.rhino.Node,218
Mon Sep 02 18:14:42 EDT 2019 com.google.javascript.rhino.Node,221
Mon Sep 02 18:14:51 EDT 2019 com.google.javascript.rhino.Node,224
Mon Sep 02 18:14:59 EDT 2019 com.google.javascript.rhino.Node,812
Mon Sep 02 18:21:18 EDT 2019 com.google.javascript.rhino.Node,813
Mon Sep 02 18:21:19 EDT 2019 com.google.javascript.rhino.Node,814
Mon Sep 02 18:21:19 EDT 2019 com.google.javascript.rhino.Node,817
Mon Sep 02 18:21:20 EDT 2019 com.google.javascript.rhino.Node,818
Mon Sep 02 18:21:21 EDT 2019 com.google.javascript.rhino.Node,819
Mon Sep 02 18:21:22 EDT 2019 com.google.javascript.rhino.Node,820
Mon Sep 02 18:21:22 EDT 2019 com.google.javascript.rhino.Node,823
Mon Sep 02 18:21:23 EDT 2019 com.google.javascript.rhino.Node,824
Mon Sep 02 18:21:24 EDT 2019 com.google.javascript.rhino.Node,877
Mon Sep 02 18:21:27 EDT 2019 com.google.javascript.rhino.Node,885
Mon Sep 02 18:22:59 EDT 2019 com.google.javascript.rhino.Node,886
Mon Sep 02 18:23:00 EDT 2019 com.google.javascript.rhino.Node,887
Mon Sep 02 18:23:00 EDT 2019 com.google.javascript.rhino.Node,898
Mon Sep 02 19:42:39 EDT 2019 com.google.javascript.rhino.Node,899
Mon Sep 02 19:42:40 EDT 2019 com.google.javascript.rhino.Node,900
Mon Sep 02 19:42:57 EDT 2019 com.google.javascript.rhino.Node,901
Mon Sep 02 19:42:58 EDT 2019 com.google.javascript.rhino.Node,902
Mon Sep 02 19:42:59 EDT 2019 com.google.javascript.rhino.Node,903
Mon Sep 02 20:04:38 EDT 2019 com.google.javascript.rhino.Node,907
Mon Sep 02 20:04:40 EDT 2019 com.google.javascript.rhino.Node,910
Mon Sep 02 20:04:40 EDT 2019 com.google.javascript.rhino.Node,929
Mon Sep 02 20:04:41 EDT 2019 com.google.javascript.rhino.Node,930
Mon Sep 02 20:04:42 EDT 2019 com.google.javascript.rhino.Node,932
Mon Sep 02 20:04:42 EDT 2019 com.google.javascript.rhino.Node,933
Mon Sep 02 20:04:43 EDT 2019 com.google.javascript.rhino.Node,934
Mon Sep 02 20:04:44 EDT 2019 com.google.javascript.rhino.Node,935
Mon Sep 02 20:04:44 EDT 2019 com.google.javascript.rhino.Node,936
Mon Sep 02 20:04:45 EDT 2019 com.google.javascript.rhino.Node,940
Mon Sep 02 20:04:46 EDT 2019 com.google.javascript.rhino.Node,941
Mon Sep 02 20:04:51 EDT 2019 com.google.javascript.rhino.Node,942
Mon Sep 02 20:04:52 EDT 2019 com.google.javascript.rhino.Node,943
Mon Sep 02 20:10:57 EDT 2019 com.google.javascript.rhino.Node,944
Mon Sep 02 20:10:57 EDT 2019 com.google.javascript.rhino.Node,945
Mon Sep 02 20:15:31 EDT 2019 com.google.javascript.rhino.Node,946
Mon Sep 02 20:20:04 EDT 2019 com.google.javascript.rhino.Node,947
Mon Sep 02 20:24:29 EDT 2019 Mon Sep 02 20:24:29 EDT 2019 : com.google.javascript.rhino.Node,949=>Find no block
Mon Sep 02 20:24:29 EDT 2019 com.google.javascript.rhino.Node,985
Mon Sep 02 20:26:14 EDT 2019 com.google.javascript.rhino.Node,986
Mon Sep 02 20:26:15 EDT 2019 com.google.javascript.rhino.Node,987
Mon Sep 02 20:26:16 EDT 2019 com.google.javascript.rhino.Node,989
Mon Sep 02 20:26:17 EDT 2019 com.google.javascript.rhino.Node,993
Mon Sep 02 20:37:13 EDT 2019 com.google.javascript.rhino.Node,994
Mon Sep 02 20:37:14 EDT 2019 com.google.javascript.rhino.Node,998
Mon Sep 02 20:39:07 EDT 2019 com.google.javascript.rhino.Node,999
Mon Sep 02 20:39:08 EDT 2019 Mon Sep 02 20:39:08 EDT 2019 : com.google.javascript.rhino.Node,1008=>Find no block
Mon Sep 02 20:39:09 EDT 2019 com.google.javascript.rhino.Node,1012
Mon Sep 02 20:39:11 EDT 2019 com.google.javascript.rhino.Node,1017
Mon Sep 02 20:39:22 EDT 2019 com.google.javascript.rhino.Node,1018
Mon Sep 02 20:39:23 EDT 2019 com.google.javascript.rhino.Node,1019
Mon Sep 02 20:39:24 EDT 2019 com.google.javascript.rhino.Node,1026
Mon Sep 02 20:39:26 EDT 2019 Mon Sep 02 20:39:26 EDT 2019 : com.google.javascript.rhino.Node,1027=>Find no block
Mon Sep 02 20:39:27 EDT 2019 com.google.javascript.rhino.Node,1032
Mon Sep 02 20:47:24 EDT 2019 com.google.javascript.rhino.Node,1033
Mon Sep 02 20:47:25 EDT 2019 com.google.javascript.rhino.Node,1035
Mon Sep 02 21:20:25 EDT 2019 com.google.javascript.rhino.Node,1036
Mon Sep 02 21:20:26 EDT 2019 Mon Sep 02 21:20:26 EDT 2019 : com.google.javascript.rhino.Node,1037=>Find no block
Mon Sep 02 21:20:26 EDT 2019 com.google.javascript.rhino.Node,1038
Mon Sep 02 21:20:27 EDT 2019 com.google.javascript.rhino.Node,1040
Mon Sep 02 21:20:27 EDT 2019 Mon Sep 02 21:20:27 EDT 2019 : com.google.javascript.rhino.Node,1039=>Find no block
Mon Sep 02 21:20:28 EDT 2019 Mon Sep 02 21:20:28 EDT 2019 : com.google.javascript.rhino.Node,1043=>Find no block
Mon Sep 02 21:20:28 EDT 2019 com.google.javascript.rhino.Node,1338
Mon Sep 02 21:20:31 EDT 2019 com.google.javascript.rhino.Token,291
Mon Sep 02 21:20:37 EDT 2019 com.google.javascript.rhino.Token,317
Mon Sep 02 21:20:43 EDT 2019 com.google.javascript.rhino.Token,318
Mon Sep 02 21:20:50 EDT 2019 com.google.javascript.rhino.Token,361
Mon Sep 02 21:20:57 EDT 2019 com.google.javascript.rhino.Token,380
Mon Sep 02 21:21:03 EDT 2019 com.google.javascript.rhino.Token,383
Mon Sep 02 21:21:10 EDT 2019 com.google.javascript.rhino.Token,393
Mon Sep 02 21:21:16 EDT 2019 com.google.javascript.rhino.Token,396
Mon Sep 02 21:21:23 EDT 2019 com.google.javascript.rhino.Token,401
Mon Sep 02 21:21:29 EDT 2019 com.google.javascript.rhino.Token,402
Mon Sep 02 21:21:35 EDT 2019 com.google.javascript.rhino.Token,407
Mon Sep 02 21:21:42 EDT 2019 com.google.javascript.rhino.Token,409
Mon Sep 02 21:21:48 EDT 2019 com.google.javascript.jscomp.parsing.IRFactory,899
Mon Sep 02 21:21:55 EDT 2019 com.google.javascript.jscomp.NodeUtil,687
Mon Sep 02 21:22:03 EDT 2019 com.google.javascript.jscomp.NodeUtil,1361
Mon Sep 02 21:22:10 EDT 2019 com.google.javascript.rhino.Token,315
Mon Sep 02 21:22:17 EDT 2019 com.google.javascript.jscomp.Normalize,425
Mon Sep 02 21:37:06 EDT 2019 com.google.javascript.jscomp.Normalize,426
Mon Sep 02 21:37:07 EDT 2019 com.google.javascript.jscomp.Normalize,427
Mon Sep 02 21:49:40 EDT 2019 com.google.javascript.jscomp.Normalize,428
Mon Sep 02 22:11:44 EDT 2019 com.google.javascript.jscomp.Normalize,433
Mon Sep 02 22:27:40 EDT 2019 com.google.javascript.jscomp.Normalize,434
Mon Sep 02 22:27:41 EDT 2019 com.google.javascript.jscomp.Normalize,439
Mon Sep 02 23:12:41 EDT 2019 com.google.javascript.jscomp.Normalize,440
Mon Sep 02 23:12:41 EDT 2019 com.google.javascript.rhino.Token,310
Mon Sep 02 23:12:48 EDT 2019 com.google.javascript.jscomp.parsing.TypeSafeDispatcher,221
Mon Sep 02 23:13:24 EDT 2019 com.google.javascript.jscomp.parsing.TypeSafeDispatcher,222
Mon Sep 02 23:13:24 EDT 2019 com.google.javascript.jscomp.parsing.IRFactory,488
Timeout time : 19/09/02 23:14
