=================================================
Project : lang_1	start : 19/09/02 14:22
Current failed test : org.apache.commons.lang3.math.NumberUtilsTest::TestLang747 | 19/09/02 14:22
Mon Sep 02 14:23:10 EDT 2019 org.apache.commons.lang3.math.NumberUtils,462
Mon Sep 02 14:24:57 EDT 2019 org.apache.commons.lang3.math.NumberUtils,463
Mon Sep 02 14:24:57 EDT 2019 org.apache.commons.lang3.math.NumberUtils,467
Mon Sep 02 14:37:47 EDT 2019 org.apache.commons.lang3.math.NumberUtils,468
Mon Sep 02 14:37:47 EDT 2019 org.apache.commons.lang3.math.NumberUtils,471
Mon Sep 02 14:37:47 EDT 2019 org.apache.commons.lang3.math.NumberUtils,474
Mon Sep 02 14:37:48 EDT 2019 org.apache.commons.lang3.math.NumberUtils,680
Mon Sep 02 14:38:45 EDT 2019 org.apache.commons.lang3.math.NumberUtils,684
Mon Sep 02 14:41:02 EDT 2019 org.apache.commons.lang3.math.NumberUtils,451
Mon Sep 02 14:41:02 EDT 2019 org.apache.commons.lang3.math.NumberUtils,454
Mon Sep 02 14:42:52 EDT 2019 org.apache.commons.lang3.math.NumberUtils,458
Mon Sep 02 14:44:49 EDT 2019 org.apache.commons.lang3.math.NumberUtils,459
Mon Sep 02 14:49:51 EDT 2019 org.apache.commons.lang3.math.NumberUtils,460
Mon Sep 02 14:49:52 EDT 2019 org.apache.commons.lang3.math.NumberUtils,461
Mon Sep 02 14:49:52 EDT 2019 org.apache.commons.lang3.math.NumberUtils,466
Mon Sep 02 14:49:52 EDT 2019 org.apache.commons.lang3.StringUtils,257
Mon Sep 02 14:54:04 EDT 2019 org.apache.commons.lang3.StringUtils,260
Mon Sep 02 15:00:21 EDT 2019 org.apache.commons.lang3.StringUtils,261
Mon Sep 02 15:00:21 EDT 2019 org.apache.commons.lang3.StringUtils,262
Mon Sep 02 15:00:21 EDT 2019 Mon Sep 02 15:00:21 EDT 2019 : org.apache.commons.lang3.StringUtils,181=>Find no block
Mon Sep 02 15:00:22 EDT 2019 Mon Sep 02 15:00:22 EDT 2019 : org.apache.commons.lang3.math.NumberUtils,34=>Find no block
Mon Sep 02 15:00:22 EDT 2019 Mon Sep 02 15:00:22 EDT 2019 : org.apache.commons.lang3.math.NumberUtils,36=>Find no block
Mon Sep 02 15:00:22 EDT 2019 Mon Sep 02 15:00:22 EDT 2019 : org.apache.commons.lang3.math.NumberUtils,38=>Find no block
Mon Sep 02 15:00:22 EDT 2019 Mon Sep 02 15:00:22 EDT 2019 : org.apache.commons.lang3.math.NumberUtils,40=>Find no block
Mon Sep 02 15:00:22 EDT 2019 Mon Sep 02 15:00:22 EDT 2019 : org.apache.commons.lang3.math.NumberUtils,42=>Find no block
Mon Sep 02 15:00:23 EDT 2019 Mon Sep 02 15:00:23 EDT 2019 : org.apache.commons.lang3.math.NumberUtils,44=>Find no block
Mon Sep 02 15:00:23 EDT 2019 Mon Sep 02 15:00:23 EDT 2019 : org.apache.commons.lang3.math.NumberUtils,46=>Find no block
Mon Sep 02 15:00:23 EDT 2019 Mon Sep 02 15:00:23 EDT 2019 : org.apache.commons.lang3.math.NumberUtils,48=>Find no block
Mon Sep 02 15:00:23 EDT 2019 Mon Sep 02 15:00:23 EDT 2019 : org.apache.commons.lang3.math.NumberUtils,50=>Find no block
Mon Sep 02 15:00:23 EDT 2019 Mon Sep 02 15:00:23 EDT 2019 : org.apache.commons.lang3.math.NumberUtils,52=>Find no block
Mon Sep 02 15:00:24 EDT 2019 Mon Sep 02 15:00:24 EDT 2019 : org.apache.commons.lang3.math.NumberUtils,54=>Find no block
Mon Sep 02 15:00:24 EDT 2019 Mon Sep 02 15:00:24 EDT 2019 : org.apache.commons.lang3.math.NumberUtils,56=>Find no block
Mon Sep 02 15:00:24 EDT 2019 Mon Sep 02 15:00:24 EDT 2019 : org.apache.commons.lang3.math.NumberUtils,58=>Find no block
Mon Sep 02 15:00:24 EDT 2019 Mon Sep 02 15:00:24 EDT 2019 : org.apache.commons.lang3.math.NumberUtils,60=>Find no block
Mon Sep 02 15:00:24 EDT 2019 Mon Sep 02 15:00:24 EDT 2019 : org.apache.commons.lang3.math.NumberUtils,62=>Find no block
Mon Sep 02 15:00:25 EDT 2019 Mon Sep 02 15:00:25 EDT 2019 : org.apache.commons.lang3.math.NumberUtils,64=>Find no block
Mon Sep 02 15:00:25 EDT 2019 Mon Sep 02 15:00:25 EDT 2019 : org.apache.commons.lang3.math.NumberUtils,66=>Find no block
Mon Sep 02 15:00:25 EDT 2019 Mon Sep 02 15:00:25 EDT 2019 : org.apache.commons.lang3.math.NumberUtils,68=>Find no block
Mon Sep 02 15:00:25 EDT 2019 org.apache.commons.lang3.StringUtils,192
Mon Sep 02 15:00:26 EDT 2019 Mon Sep 02 15:00:26 EDT 2019 : org.apache.commons.lang3.StringUtils,193=>Find no block
Mon Sep 02 15:00:26 EDT 2019 org.apache.commons.lang3.StringUtils,217
Mon Sep 02 15:00:59 EDT 2019 org.apache.commons.lang3.StringUtils,236
Mon Sep 02 15:01:23 EDT 2019 org.apache.commons.lang3.StringUtils,258
Mon Sep 02 15:01:23 EDT 2019 org.apache.commons.lang3.StringUtils,265
Mon Sep 02 15:12:05 EDT 2019 org.apache.commons.lang3.StringUtils,286
Mon Sep 02 15:12:30 EDT 2019 org.apache.commons.lang3.StringUtils,315
Mon Sep 02 15:13:18 EDT 2019 org.apache.commons.lang3.StringUtils,341
Mon Sep 02 15:14:28 EDT 2019 org.apache.commons.lang3.StringUtils,342
Mon Sep 02 15:14:29 EDT 2019 org.apache.commons.lang3.StringUtils,367
Mon Sep 02 15:15:15 EDT 2019 org.apache.commons.lang3.StringUtils,395
Mon Sep 02 15:17:28 EDT 2019 org.apache.commons.lang3.StringUtils,422
Mon Sep 02 15:17:28 EDT 2019 org.apache.commons.lang3.StringUtils,423
Mon Sep 02 15:17:29 EDT 2019 org.apache.commons.lang3.StringUtils,425
Mon Sep 02 15:22:01 EDT 2019 org.apache.commons.lang3.StringUtils,426
Mon Sep 02 15:22:01 EDT 2019 org.apache.commons.lang3.StringUtils,452
Mon Sep 02 15:22:50 EDT 2019 org.apache.commons.lang3.StringUtils,482
Mon Sep 02 15:23:58 EDT 2019 org.apache.commons.lang3.StringUtils,483
Mon Sep 02 15:23:58 EDT 2019 org.apache.commons.lang3.StringUtils,485
Mon Sep 02 15:27:22 EDT 2019 org.apache.commons.lang3.StringUtils,486
Mon Sep 02 15:27:23 EDT 2019 org.apache.commons.lang3.StringUtils,515
Mon Sep 02 15:31:00 EDT 2019 org.apache.commons.lang3.StringUtils,516
Mon Sep 02 15:31:01 EDT 2019 org.apache.commons.lang3.StringUtils,518
Mon Sep 02 15:36:26 EDT 2019 org.apache.commons.lang3.StringUtils,519
Mon Sep 02 16:02:37 EDT 2019 org.apache.commons.lang3.StringUtils,520
Mon Sep 02 16:02:38 EDT 2019 org.apache.commons.lang3.StringUtils,521
Mon Sep 02 16:02:38 EDT 2019 org.apache.commons.lang3.StringUtils,523
Mon Sep 02 16:02:38 EDT 2019 org.apache.commons.lang3.StringUtils,524
Mon Sep 02 16:02:38 EDT 2019 org.apache.commons.lang3.StringUtils,526
Mon Sep 02 16:02:39 EDT 2019 org.apache.commons.lang3.StringUtils,527
Mon Sep 02 16:02:39 EDT 2019 org.apache.commons.lang3.StringUtils,530
Mon Sep 02 16:32:12 EDT 2019 org.apache.commons.lang3.StringUtils,560
Mon Sep 02 16:35:53 EDT 2019 org.apache.commons.lang3.StringUtils,561
Mon Sep 02 16:35:53 EDT 2019 org.apache.commons.lang3.StringUtils,564
Mon Sep 02 16:58:04 EDT 2019 org.apache.commons.lang3.StringUtils,565
Mon Sep 02 16:58:04 EDT 2019 org.apache.commons.lang3.StringUtils,566
Mon Sep 02 16:58:04 EDT 2019 org.apache.commons.lang3.StringUtils,568
Mon Sep 02 16:58:04 EDT 2019 org.apache.commons.lang3.StringUtils,569
Mon Sep 02 16:58:05 EDT 2019 org.apache.commons.lang3.StringUtils,571
Mon Sep 02 16:58:05 EDT 2019 org.apache.commons.lang3.StringUtils,572
Mon Sep 02 16:58:05 EDT 2019 org.apache.commons.lang3.StringUtils,575
Mon Sep 02 17:32:07 EDT 2019 org.apache.commons.lang3.StringUtils,600
Mon Sep 02 17:32:08 EDT 2019 org.apache.commons.lang3.StringUtils,630
Mon Sep 02 17:35:09 EDT 2019 org.apache.commons.lang3.StringUtils,631
Mon Sep 02 17:35:10 EDT 2019 org.apache.commons.lang3.StringUtils,633
Mon Sep 02 17:45:22 EDT 2019 org.apache.commons.lang3.StringUtils,634
Mon Sep 02 17:45:22 EDT 2019 org.apache.commons.lang3.StringUtils,635
Mon Sep 02 17:45:22 EDT 2019 org.apache.commons.lang3.StringUtils,637
Mon Sep 02 17:45:23 EDT 2019 org.apache.commons.lang3.StringUtils,659
Mon Sep 02 17:45:47 EDT 2019 org.apache.commons.lang3.StringUtils,660
Mon Sep 02 17:45:47 EDT 2019 org.apache.commons.lang3.StringUtils,662
Mon Sep 02 17:46:36 EDT 2019 org.apache.commons.lang3.StringUtils,663
Mon Sep 02 17:46:37 EDT 2019 org.apache.commons.lang3.StringUtils,665
Mon Sep 02 17:46:37 EDT 2019 org.apache.commons.lang3.StringUtils,692
Mon Sep 02 17:47:00 EDT 2019 org.apache.commons.lang3.StringUtils,693
Mon Sep 02 17:47:00 EDT 2019 org.apache.commons.lang3.StringUtils,695
Mon Sep 02 17:47:24 EDT 2019 org.apache.commons.lang3.StringUtils,696
Mon Sep 02 17:47:25 EDT 2019 org.apache.commons.lang3.StringUtils,698
Mon Sep 02 17:48:37 EDT 2019 org.apache.commons.lang3.StringUtils,699
Mon Sep 02 17:48:37 EDT 2019 org.apache.commons.lang3.StringUtils,701
Mon Sep 02 18:03:15 EDT 2019 org.apache.commons.lang3.StringUtils,726
Mon Sep 02 18:15:45 EDT 2019 org.apache.commons.lang3.StringUtils,727
Mon Sep 02 18:15:45 EDT 2019 org.apache.commons.lang3.StringUtils,728
Mon Sep 02 18:15:46 EDT 2019 org.apache.commons.lang3.StringUtils,729
Mon Sep 02 18:15:46 EDT 2019 org.apache.commons.lang3.StringUtils,730
Mon Sep 02 18:15:46 EDT 2019 org.apache.commons.lang3.StringUtils,731
Mon Sep 02 18:15:46 EDT 2019 org.apache.commons.lang3.StringUtils,733
Mon Sep 02 18:15:47 EDT 2019 org.apache.commons.lang3.StringUtils,760
Mon Sep 02 18:16:13 EDT 2019 org.apache.commons.lang3.StringUtils,761
Mon Sep 02 18:16:14 EDT 2019 org.apache.commons.lang3.StringUtils,763
Mon Sep 02 18:17:04 EDT 2019 org.apache.commons.lang3.StringUtils,793
Mon Sep 02 18:17:04 EDT 2019 org.apache.commons.lang3.StringUtils,794
Mon Sep 02 18:17:05 EDT 2019 org.apache.commons.lang3.StringUtils,796
Mon Sep 02 18:17:52 EDT 2019 org.apache.commons.lang3.StringUtils,824
Mon Sep 02 18:18:01 EDT 2019 org.apache.commons.lang3.StringUtils,825
Mon Sep 02 18:18:01 EDT 2019 org.apache.commons.lang3.StringUtils,827
Mon Sep 02 18:20:31 EDT 2019 org.apache.commons.lang3.StringUtils,864
Mon Sep 02 18:20:31 EDT 2019 org.apache.commons.lang3.StringUtils,865
Mon Sep 02 18:20:32 EDT 2019 org.apache.commons.lang3.StringUtils,867
Mon Sep 02 18:23:08 EDT 2019 org.apache.commons.lang3.StringUtils,905
Mon Sep 02 18:23:56 EDT 2019 org.apache.commons.lang3.StringUtils,923
Mon Sep 02 18:24:29 EDT 2019 org.apache.commons.lang3.StringUtils,924
Mon Sep 02 18:24:29 EDT 2019 org.apache.commons.lang3.StringUtils,926
Mon Sep 02 18:25:29 EDT 2019 org.apache.commons.lang3.StringUtils,927
Mon Sep 02 18:25:29 EDT 2019 org.apache.commons.lang3.StringUtils,929
Mon Sep 02 18:30:22 EDT 2019 org.apache.commons.lang3.StringUtils,930
Mon Sep 02 18:30:23 EDT 2019 org.apache.commons.lang3.StringUtils,932
Mon Sep 02 18:32:17 EDT 2019 org.apache.commons.lang3.StringUtils,933
Mon Sep 02 18:32:18 EDT 2019 org.apache.commons.lang3.StringUtils,935
Mon Sep 02 18:32:18 EDT 2019 org.apache.commons.lang3.StringUtils,937
Mon Sep 02 18:34:21 EDT 2019 org.apache.commons.lang3.StringUtils,938
Mon Sep 02 18:34:22 EDT 2019 org.apache.commons.lang3.StringUtils,940
Mon Sep 02 18:36:24 EDT 2019 org.apache.commons.lang3.StringUtils,941
Mon Sep 02 18:36:25 EDT 2019 org.apache.commons.lang3.StringUtils,942
Mon Sep 02 18:38:26 EDT 2019 org.apache.commons.lang3.StringUtils,971
Mon Sep 02 18:39:14 EDT 2019 org.apache.commons.lang3.StringUtils,1007
Mon Sep 02 18:40:20 EDT 2019 org.apache.commons.lang3.StringUtils,1008
Mon Sep 02 18:40:20 EDT 2019 org.apache.commons.lang3.StringUtils,1010
Mon Sep 02 18:40:44 EDT 2019 org.apache.commons.lang3.StringUtils,1011
Mon Sep 02 18:40:45 EDT 2019 org.apache.commons.lang3.StringUtils,1013
Mon Sep 02 18:56:09 EDT 2019 org.apache.commons.lang3.StringUtils,1014
Mon Sep 02 18:56:09 EDT 2019 org.apache.commons.lang3.StringUtils,1015
Mon Sep 02 18:56:09 EDT 2019 org.apache.commons.lang3.StringUtils,1017
Mon Sep 02 18:57:38 EDT 2019 org.apache.commons.lang3.StringUtils,1018
Mon Sep 02 18:57:38 EDT 2019 org.apache.commons.lang3.StringUtils,1020
Mon Sep 02 19:03:14 EDT 2019 org.apache.commons.lang3.StringUtils,1021
Mon Sep 02 19:03:14 EDT 2019 org.apache.commons.lang3.StringUtils,1022
Mon Sep 02 19:03:14 EDT 2019 org.apache.commons.lang3.StringUtils,1025
Mon Sep 02 19:08:32 EDT 2019 org.apache.commons.lang3.StringUtils,1051
Mon Sep 02 19:08:32 EDT 2019 org.apache.commons.lang3.StringUtils,1052
Mon Sep 02 19:08:32 EDT 2019 org.apache.commons.lang3.StringUtils,1054
Mon Sep 02 19:10:03 EDT 2019 org.apache.commons.lang3.StringUtils,1089
Mon Sep 02 19:10:03 EDT 2019 org.apache.commons.lang3.StringUtils,1090
Mon Sep 02 19:10:03 EDT 2019 org.apache.commons.lang3.StringUtils,1092
Mon Sep 02 19:10:54 EDT 2019 org.apache.commons.lang3.StringUtils,1119
Mon Sep 02 19:10:54 EDT 2019 org.apache.commons.lang3.StringUtils,1120
Mon Sep 02 19:10:54 EDT 2019 org.apache.commons.lang3.StringUtils,1122
Mon Sep 02 19:14:46 EDT 2019 org.apache.commons.lang3.StringUtils,1160
Mon Sep 02 19:15:35 EDT 2019 org.apache.commons.lang3.StringUtils,1200
Mon Sep 02 19:15:35 EDT 2019 org.apache.commons.lang3.StringUtils,1201
Mon Sep 02 19:15:35 EDT 2019 org.apache.commons.lang3.StringUtils,1203
Mon Sep 02 19:17:27 EDT 2019 org.apache.commons.lang3.StringUtils,1230
Mon Sep 02 19:17:27 EDT 2019 org.apache.commons.lang3.StringUtils,1231
Mon Sep 02 19:17:27 EDT 2019 org.apache.commons.lang3.StringUtils,1233
Mon Sep 02 19:20:27 EDT 2019 org.apache.commons.lang3.StringUtils,1269
Mon Sep 02 19:20:27 EDT 2019 org.apache.commons.lang3.StringUtils,1270
Mon Sep 02 19:20:28 EDT 2019 org.apache.commons.lang3.StringUtils,1272
Timeout time : 19/09/02 19:23
