=================================================
Project : lang_11	start : 19/09/02 15:24
Current failed test : org.apache.commons.lang3.RandomStringUtilsTest::testLANG807 | 19/09/02 15:25
Mon Sep 02 15:25:56 EDT 2019 org.apache.commons.lang3.RandomStringUtils,253
Mon Sep 02 15:27:17 EDT 2019 org.apache.commons.lang3.RandomStringUtils,163
Mon Sep 02 15:27:56 EDT 2019 org.apache.commons.lang3.RandomStringUtils,234
Mon Sep 02 15:35:09 EDT 2019 org.apache.commons.lang3.RandomStringUtils,247
Mon Sep 02 15:40:32 EDT 2019 org.apache.commons.lang3.RandomStringUtils,248
Mon Sep 02 15:46:41 EDT 2019 org.apache.commons.lang3.RandomStringUtils,250
Mon Sep 02 15:53:58 EDT 2019 org.apache.commons.lang3.RandomStringUtils,252
Mon Sep 02 15:53:59 EDT 2019 org.apache.commons.lang3.RandomStringUtils,225
Mon Sep 02 15:57:18 EDT 2019 org.apache.commons.lang3.RandomStringUtils,227
Mon Sep 02 15:57:22 EDT 2019 org.apache.commons.lang3.RandomStringUtils,230
Mon Sep 02 16:04:31 EDT 2019 Mon Sep 02 16:04:31 EDT 2019 : org.apache.commons.lang3.RandomStringUtils,43=>Find no block
Mon Sep 02 16:04:32 EDT 2019 org.apache.commons.lang3.RandomStringUtils,54
Mon Sep 02 16:04:35 EDT 2019 Mon Sep 02 16:04:35 EDT 2019 : org.apache.commons.lang3.RandomStringUtils,55=>Find no block
Mon Sep 02 16:04:36 EDT 2019 org.apache.commons.lang3.RandomStringUtils,69
Mon Sep 02 16:05:37 EDT 2019 org.apache.commons.lang3.RandomStringUtils,83
Mon Sep 02 16:06:36 EDT 2019 org.apache.commons.lang3.RandomStringUtils,97
Mon Sep 02 16:07:36 EDT 2019 org.apache.commons.lang3.RandomStringUtils,111
Mon Sep 02 16:08:36 EDT 2019 org.apache.commons.lang3.RandomStringUtils,125
Mon Sep 02 16:09:39 EDT 2019 org.apache.commons.lang3.RandomStringUtils,143
Mon Sep 02 16:10:46 EDT 2019 org.apache.commons.lang3.RandomStringUtils,187
Mon Sep 02 16:11:39 EDT 2019 org.apache.commons.lang3.RandomStringUtils,226
Mon Sep 02 16:11:39 EDT 2019 org.apache.commons.lang3.RandomStringUtils,228
Mon Sep 02 16:11:40 EDT 2019 org.apache.commons.lang3.RandomStringUtils,231
Mon Sep 02 16:11:41 EDT 2019 org.apache.commons.lang3.RandomStringUtils,235
Mon Sep 02 16:11:43 EDT 2019 org.apache.commons.lang3.RandomStringUtils,236
Mon Sep 02 16:11:44 EDT 2019 org.apache.commons.lang3.RandomStringUtils,238
Mon Sep 02 16:11:45 EDT 2019 org.apache.commons.lang3.RandomStringUtils,239
Mon Sep 02 16:11:46 EDT 2019 org.apache.commons.lang3.RandomStringUtils,241
Mon Sep 02 16:11:47 EDT 2019 org.apache.commons.lang3.RandomStringUtils,242
Mon Sep 02 16:11:47 EDT 2019 org.apache.commons.lang3.RandomStringUtils,255
Mon Sep 02 16:11:48 EDT 2019 org.apache.commons.lang3.RandomStringUtils,257
Mon Sep 02 16:11:49 EDT 2019 org.apache.commons.lang3.RandomStringUtils,260
Mon Sep 02 16:11:50 EDT 2019 org.apache.commons.lang3.RandomStringUtils,261
Mon Sep 02 16:11:52 EDT 2019 org.apache.commons.lang3.RandomStringUtils,262
Mon Sep 02 16:11:53 EDT 2019 org.apache.commons.lang3.RandomStringUtils,265
Mon Sep 02 16:11:54 EDT 2019 org.apache.commons.lang3.RandomStringUtils,266
Mon Sep 02 16:11:55 EDT 2019 org.apache.commons.lang3.RandomStringUtils,267
Mon Sep 02 16:11:56 EDT 2019 org.apache.commons.lang3.RandomStringUtils,269
Mon Sep 02 16:11:57 EDT 2019 org.apache.commons.lang3.RandomStringUtils,270
Mon Sep 02 16:11:58 EDT 2019 org.apache.commons.lang3.RandomStringUtils,271
Mon Sep 02 16:11:59 EDT 2019 org.apache.commons.lang3.RandomStringUtils,274
Mon Sep 02 16:12:00 EDT 2019 org.apache.commons.lang3.RandomStringUtils,275
Mon Sep 02 16:12:01 EDT 2019 org.apache.commons.lang3.RandomStringUtils,276
Mon Sep 02 16:12:02 EDT 2019 org.apache.commons.lang3.RandomStringUtils,278
Mon Sep 02 16:12:04 EDT 2019 org.apache.commons.lang3.RandomStringUtils,280
Mon Sep 02 16:12:05 EDT 2019 org.apache.commons.lang3.RandomStringUtils,282
Mon Sep 02 16:12:07 EDT 2019 org.apache.commons.lang3.RandomStringUtils,285
Mon Sep 02 16:12:10 EDT 2019 Mon Sep 02 16:12:10 EDT 2019 : org.apache.commons.lang3.RandomStringUtils,287=>Find no block
Mon Sep 02 16:12:11 EDT 2019 org.apache.commons.lang3.RandomStringUtils,288
Mon Sep 02 16:15:44 EDT 2019 org.apache.commons.lang3.RandomStringUtils,306
Mon Sep 02 16:16:22 EDT 2019 org.apache.commons.lang3.RandomStringUtils,307
Mon Sep 02 16:16:24 EDT 2019 org.apache.commons.lang3.RandomStringUtils,309
Mon Sep 02 16:17:20 EDT 2019 org.apache.commons.lang3.RandomStringUtils,325
Mon Sep 02 16:17:21 EDT 2019 org.apache.commons.lang3.RandomStringUtils,326
Mon Sep 02 16:17:21 EDT 2019 org.apache.commons.lang3.RandomStringUtils,328
Failed time : 19/09/02 16:18
