=================================================
Project : lang_13	start : 19/09/02 15:24
Current failed test : org.apache.commons.lang3.SerializationUtilsTest::testPrimitiveTypeClassSerialization | 19/09/02 15:25
Mon Sep 02 15:26:19 EDT 2019 Mon Sep 02 15:26:19 EDT 2019 : org.apache.commons.lang3.SerializationUtils,98=>Find no block
Mon Sep 02 15:26:20 EDT 2019 org.apache.commons.lang3.SerializationUtils,99
Mon Sep 02 15:26:21 EDT 2019 Mon Sep 02 15:26:21 EDT 2019 : org.apache.commons.lang3.SerializationUtils,103=>Find no block
Mon Sep 02 15:26:24 EDT 2019 Mon Sep 02 15:26:24 EDT 2019 : org.apache.commons.lang3.SerializationUtils,267=>Find no block
Mon Sep 02 15:26:29 EDT 2019 org.apache.commons.lang3.SerializationUtils,268
Mon Sep 02 15:26:41 EDT 2019 org.apache.commons.lang3.SerializationException,75
Mon Sep 02 15:27:14 EDT 2019 Mon Sep 02 15:27:14 EDT 2019 : org.apache.commons.lang3.SerializationException,76=>Find no block
Mon Sep 02 15:27:15 EDT 2019 org.apache.commons.lang3.SerializationUtils,83
Mon Sep 02 15:27:45 EDT 2019 org.apache.commons.lang3.SerializationUtils,85
Mon Sep 02 15:27:45 EDT 2019 org.apache.commons.lang3.SerializationUtils,88
Mon Sep 02 15:27:51 EDT 2019 Mon Sep 02 15:27:51 EDT 2019 : org.apache.commons.lang3.SerializationUtils,95=>Find no block
Mon Sep 02 15:27:51 EDT 2019 org.apache.commons.lang3.SerializationUtils,249
Mon Sep 02 15:27:54 EDT 2019 org.apache.commons.lang3.SerializationUtils,250
Mon Sep 02 15:27:55 EDT 2019 Mon Sep 02 15:27:55 EDT 2019 : org.apache.commons.lang3.SerializationUtils,252=>Find no block
Mon Sep 02 15:27:56 EDT 2019 org.apache.commons.lang3.SerializationUtils,264
Mon Sep 02 15:27:57 EDT 2019 org.apache.commons.lang3.SerializationUtils,266
Mon Sep 02 15:27:58 EDT 2019 org.apache.commons.lang3.SerializationUtils,82
Mon Sep 02 15:28:36 EDT 2019 org.apache.commons.lang3.SerializationUtils,79
Mon Sep 02 15:28:44 EDT 2019 org.apache.commons.lang3.SerializationUtils,164
Mon Sep 02 15:29:42 EDT 2019 org.apache.commons.lang3.SerializationUtils,144
Mon Sep 02 15:29:44 EDT 2019 org.apache.commons.lang3.SerializationUtils,145
Mon Sep 02 15:29:45 EDT 2019 Mon Sep 02 15:29:45 EDT 2019 : org.apache.commons.lang3.SerializationUtils,149=>Find no block
Mon Sep 02 15:29:45 EDT 2019 Mon Sep 02 15:29:45 EDT 2019 : org.apache.commons.lang3.SerializationUtils,151=>Find no block
Mon Sep 02 15:29:46 EDT 2019 org.apache.commons.lang3.SerializationUtils,162
Mon Sep 02 15:29:46 EDT 2019 org.apache.commons.lang3.SerializationUtils,163
Mon Sep 02 15:29:47 EDT 2019 org.apache.commons.lang3.SerializationUtils,138
Mon Sep 02 15:30:16 EDT 2019 org.apache.commons.lang3.SerializationUtils,134
Mon Sep 02 15:30:18 EDT 2019 org.apache.commons.lang3.SerializationUtils,137
Mon Sep 02 15:30:19 EDT 2019 org.apache.commons.lang3.SerializationUtils,131
Mon Sep 02 15:30:21 EDT 2019 org.apache.commons.lang3.SerializationUtils,59
Mon Sep 02 15:30:22 EDT 2019 Mon Sep 02 15:30:22 EDT 2019 : org.apache.commons.lang3.SerializationUtils,60=>Find no block
Mon Sep 02 15:30:23 EDT 2019 org.apache.commons.lang3.SerializationUtils,80
Mon Sep 02 15:30:23 EDT 2019 org.apache.commons.lang3.SerializationUtils,96
Mon Sep 02 15:30:24 EDT 2019 org.apache.commons.lang3.SerializationUtils,104
Mon Sep 02 15:30:26 EDT 2019 org.apache.commons.lang3.SerializationUtils,105
Mon Sep 02 15:30:27 EDT 2019 Mon Sep 02 15:30:27 EDT 2019 : org.apache.commons.lang3.SerializationUtils,109=>Find no block
Mon Sep 02 15:30:28 EDT 2019 Mon Sep 02 15:30:28 EDT 2019 : org.apache.commons.lang3.SerializationUtils,107=>Find no block
Mon Sep 02 15:30:28 EDT 2019 org.apache.commons.lang3.SerializationUtils,108
Mon Sep 02 15:30:30 EDT 2019 Mon Sep 02 15:30:30 EDT 2019 : org.apache.commons.lang3.SerializationUtils,100=>Find no block
Mon Sep 02 15:30:30 EDT 2019 org.apache.commons.lang3.SerializationUtils,101
Mon Sep 02 15:30:31 EDT 2019 org.apache.commons.lang3.SerializationUtils,132
Mon Sep 02 15:30:31 EDT 2019 Mon Sep 02 15:30:31 EDT 2019 : org.apache.commons.lang3.SerializationUtils,147=>Find no block
Mon Sep 02 15:30:32 EDT 2019 Mon Sep 02 15:30:32 EDT 2019 : org.apache.commons.lang3.SerializationUtils,150=>Find no block
Mon Sep 02 15:30:32 EDT 2019 Mon Sep 02 15:30:32 EDT 2019 : org.apache.commons.lang3.SerializationUtils,140=>Find no block
Mon Sep 02 15:30:33 EDT 2019 org.apache.commons.lang3.SerializationUtils,141
Mon Sep 02 15:31:00 EDT 2019 Mon Sep 02 15:31:00 EDT 2019 : org.apache.commons.lang3.SerializationUtils,143=>Find no block
Mon Sep 02 15:31:01 EDT 2019 org.apache.commons.lang3.SerializationUtils,185
Mon Sep 02 15:31:03 EDT 2019 org.apache.commons.lang3.SerializationUtils,186
Mon Sep 02 15:31:03 EDT 2019 org.apache.commons.lang3.SerializationUtils,188
Mon Sep 02 15:31:05 EDT 2019 org.apache.commons.lang3.SerializationUtils,191
Mon Sep 02 15:31:08 EDT 2019 org.apache.commons.lang3.SerializationUtils,192
Mon Sep 02 15:31:08 EDT 2019 org.apache.commons.lang3.SerializationUtils,200
Mon Sep 02 15:31:10 EDT 2019 org.apache.commons.lang3.SerializationUtils,201
Mon Sep 02 15:31:10 EDT 2019 Mon Sep 02 15:31:10 EDT 2019 : org.apache.commons.lang3.SerializationUtils,205=>Find no block
Mon Sep 02 15:31:12 EDT 2019 Mon Sep 02 15:31:12 EDT 2019 : org.apache.commons.lang3.SerializationUtils,203=>Find no block
Mon Sep 02 15:31:12 EDT 2019 Mon Sep 02 15:31:12 EDT 2019 : org.apache.commons.lang3.SerializationUtils,194=>Find no block
Mon Sep 02 15:31:14 EDT 2019 org.apache.commons.lang3.SerializationUtils,195
Mon Sep 02 15:31:14 EDT 2019 Mon Sep 02 15:31:14 EDT 2019 : org.apache.commons.lang3.SerializationUtils,196=>Find no block
Mon Sep 02 15:31:15 EDT 2019 org.apache.commons.lang3.SerializationUtils,197
Mon Sep 02 15:31:15 EDT 2019 Mon Sep 02 15:31:15 EDT 2019 : org.apache.commons.lang3.SerializationUtils,199=>Find no block
Mon Sep 02 15:31:16 EDT 2019 org.apache.commons.lang3.SerializationUtils,218
Mon Sep 02 15:31:19 EDT 2019 org.apache.commons.lang3.SerializationUtils,219
Mon Sep 02 15:31:21 EDT 2019 org.apache.commons.lang3.SerializationUtils,221
Mon Sep 02 15:31:23 EDT 2019 org.apache.commons.lang3.SerializationUtils,222
Mon Sep 02 15:31:24 EDT 2019 org.apache.commons.lang3.SerializationException,42
Mon Sep 02 15:31:25 EDT 2019 Mon Sep 02 15:31:25 EDT 2019 : org.apache.commons.lang3.SerializationException,43=>Find no block
Mon Sep 02 15:31:27 EDT 2019 org.apache.commons.lang3.SerializationException,52
Mon Sep 02 15:31:30 EDT 2019 Mon Sep 02 15:31:30 EDT 2019 : org.apache.commons.lang3.SerializationException,53=>Find no block
Mon Sep 02 15:31:31 EDT 2019 org.apache.commons.lang3.SerializationException,63
Mon Sep 02 15:31:33 EDT 2019 Mon Sep 02 15:31:33 EDT 2019 : org.apache.commons.lang3.SerializationException,64=>Find no block
Failed time : 19/09/02 15:31
