=================================================
Project : lang_14	start : 19/09/02 15:24
Current failed test : org.apache.commons.lang3.StringUtilsEqualsIndexOfTest::testEquals | 19/09/02 15:25
Mon Sep 02 15:25:54 EDT 2019 org.apache.commons.lang3.StringUtils,782
Mon Sep 02 15:26:32 EDT 2019 org.apache.commons.lang3.StringUtils,783
Mon Sep 02 15:26:33 EDT 2019 org.apache.commons.lang3.StringUtils,785
Mon Sep 02 15:27:14 EDT 2019 org.apache.commons.lang3.StringUtils,788
Mon Sep 02 15:30:48 EDT 2019 Mon Sep 02 15:30:48 EDT 2019 : org.apache.commons.lang3.StringUtils,148=>Find no block
Mon Sep 02 15:30:49 EDT 2019 Mon Sep 02 15:30:49 EDT 2019 : org.apache.commons.lang3.StringUtils,707=>Find no block
Mon Sep 02 15:30:49 EDT 2019 Mon Sep 02 15:30:49 EDT 2019 : org.apache.commons.lang3.StringUtils,711=>Find no block
Mon Sep 02 15:30:50 EDT 2019 Mon Sep 02 15:30:50 EDT 2019 : org.apache.commons.lang3.StringUtils,716=>Find no block
Mon Sep 02 15:30:51 EDT 2019 Mon Sep 02 15:30:51 EDT 2019 : org.apache.commons.lang3.StringUtils,720=>Find no block
Mon Sep 02 15:30:51 EDT 2019 Mon Sep 02 15:30:51 EDT 2019 : org.apache.commons.lang3.StringUtils,721=>Find no block
Mon Sep 02 15:30:52 EDT 2019 Mon Sep 02 15:30:52 EDT 2019 : org.apache.commons.lang3.StringUtils,722=>Find no block
Mon Sep 02 15:30:52 EDT 2019 Mon Sep 02 15:30:52 EDT 2019 : org.apache.commons.lang3.StringUtils,723=>Find no block
Mon Sep 02 15:30:53 EDT 2019 Mon Sep 02 15:30:53 EDT 2019 : org.apache.commons.lang3.StringUtils,724=>Find no block
Mon Sep 02 15:30:54 EDT 2019 Mon Sep 02 15:30:54 EDT 2019 : org.apache.commons.lang3.StringUtils,728=>Find no block
Mon Sep 02 15:30:54 EDT 2019 Mon Sep 02 15:30:54 EDT 2019 : org.apache.commons.lang3.StringUtils,730=>Find no block
Mon Sep 02 15:30:55 EDT 2019 Mon Sep 02 15:30:55 EDT 2019 : org.apache.commons.lang3.StringUtils,731=>Find no block
Mon Sep 02 15:30:55 EDT 2019 Mon Sep 02 15:30:55 EDT 2019 : org.apache.commons.lang3.StringUtils,733=>Find no block
Mon Sep 02 15:30:56 EDT 2019 Mon Sep 02 15:30:56 EDT 2019 : org.apache.commons.lang3.StringUtils,747=>Find no block
Mon Sep 02 15:30:56 EDT 2019 Mon Sep 02 15:30:56 EDT 2019 : org.apache.commons.lang3.StringUtils,735=>Find no block
Mon Sep 02 15:30:57 EDT 2019 Mon Sep 02 15:30:57 EDT 2019 : org.apache.commons.lang3.StringUtils,737=>Find no block
Mon Sep 02 15:30:57 EDT 2019 Mon Sep 02 15:30:57 EDT 2019 : org.apache.commons.lang3.StringUtils,740=>Find no block
Mon Sep 02 15:30:58 EDT 2019 Mon Sep 02 15:30:58 EDT 2019 : org.apache.commons.lang3.StringUtils,742=>Find no block
Mon Sep 02 15:30:58 EDT 2019 Mon Sep 02 15:30:58 EDT 2019 : org.apache.commons.lang3.StringUtils,746=>Find no block
Mon Sep 02 15:30:59 EDT 2019 Mon Sep 02 15:30:59 EDT 2019 : org.apache.commons.lang3.StringUtils,744=>Find no block
Mon Sep 02 15:31:00 EDT 2019 Mon Sep 02 15:31:00 EDT 2019 : org.apache.commons.lang3.StringUtils,745=>Find no block
Mon Sep 02 15:31:00 EDT 2019 Mon Sep 02 15:31:00 EDT 2019 : org.apache.commons.lang3.StringUtils,750=>Find no block
Mon Sep 02 15:31:00 EDT 2019 Mon Sep 02 15:31:00 EDT 2019 : org.apache.commons.lang3.StringUtils,751=>Find no block
Mon Sep 02 15:31:01 EDT 2019 Mon Sep 02 15:31:01 EDT 2019 : org.apache.commons.lang3.StringUtils,752=>Find no block
Mon Sep 02 15:31:02 EDT 2019 Mon Sep 02 15:31:02 EDT 2019 : org.apache.commons.lang3.StringUtils,753=>Find no block
Mon Sep 02 15:31:03 EDT 2019 Mon Sep 02 15:31:03 EDT 2019 : org.apache.commons.lang3.StringUtils,754=>Find no block
Mon Sep 02 15:31:03 EDT 2019 Mon Sep 02 15:31:03 EDT 2019 : org.apache.commons.lang3.StringUtils,755=>Find no block
Mon Sep 02 15:31:03 EDT 2019 org.apache.commons.lang3.CharSequenceUtils,37
Mon Sep 02 15:31:05 EDT 2019 Mon Sep 02 15:31:05 EDT 2019 : org.apache.commons.lang3.CharSequenceUtils,38=>Find no block
Mon Sep 02 15:31:06 EDT 2019 org.apache.commons.lang3.CharSequenceUtils,56
Mon Sep 02 15:31:10 EDT 2019 org.apache.commons.lang3.CharSequenceUtils,70
Mon Sep 02 15:38:03 EDT 2019 org.apache.commons.lang3.CharSequenceUtils,71
Mon Sep 02 15:38:03 EDT 2019 org.apache.commons.lang3.CharSequenceUtils,73
Mon Sep 02 15:44:27 EDT 2019 org.apache.commons.lang3.CharSequenceUtils,74
Mon Sep 02 15:44:27 EDT 2019 org.apache.commons.lang3.CharSequenceUtils,75
Mon Sep 02 15:44:28 EDT 2019 org.apache.commons.lang3.CharSequenceUtils,77
Mon Sep 02 15:44:29 EDT 2019 org.apache.commons.lang3.CharSequenceUtils,78
Mon Sep 02 15:44:32 EDT 2019 org.apache.commons.lang3.CharSequenceUtils,79
Mon Sep 02 15:44:36 EDT 2019 org.apache.commons.lang3.CharSequenceUtils,82
Mon Sep 02 15:49:49 EDT 2019 org.apache.commons.lang3.CharSequenceUtils,95
Mon Sep 02 15:51:39 EDT 2019 org.apache.commons.lang3.CharSequenceUtils,117
Mon Sep 02 15:57:12 EDT 2019 org.apache.commons.lang3.CharSequenceUtils,118
Mon Sep 02 15:57:23 EDT 2019 org.apache.commons.lang3.CharSequenceUtils,120
Mon Sep 02 16:03:30 EDT 2019 org.apache.commons.lang3.CharSequenceUtils,121
Mon Sep 02 16:03:31 EDT 2019 org.apache.commons.lang3.CharSequenceUtils,122
Mon Sep 02 16:03:32 EDT 2019 org.apache.commons.lang3.CharSequenceUtils,124
Mon Sep 02 16:03:33 EDT 2019 org.apache.commons.lang3.CharSequenceUtils,125
Mon Sep 02 16:03:33 EDT 2019 org.apache.commons.lang3.CharSequenceUtils,127
Mon Sep 02 16:03:34 EDT 2019 org.apache.commons.lang3.CharSequenceUtils,128
Mon Sep 02 16:03:35 EDT 2019 org.apache.commons.lang3.CharSequenceUtils,129
Mon Sep 02 16:03:37 EDT 2019 org.apache.commons.lang3.CharSequenceUtils,132
Mon Sep 02 16:06:46 EDT 2019 org.apache.commons.lang3.CharSequenceUtils,145
Mon Sep 02 16:08:13 EDT 2019 org.apache.commons.lang3.CharSequenceUtils,164
Mon Sep 02 16:09:58 EDT 2019 org.apache.commons.lang3.CharSequenceUtils,165
Mon Sep 02 16:09:59 EDT 2019 org.apache.commons.lang3.CharSequenceUtils,167
Mon Sep 02 16:10:00 EDT 2019 org.apache.commons.lang3.CharSequenceUtils,168
Mon Sep 02 16:10:01 EDT 2019 org.apache.commons.lang3.CharSequenceUtils,169
Mon Sep 02 16:10:02 EDT 2019 org.apache.commons.lang3.CharSequenceUtils,170
Mon Sep 02 16:10:03 EDT 2019 org.apache.commons.lang3.CharSequenceUtils,172
Mon Sep 02 16:10:04 EDT 2019 org.apache.commons.lang3.CharSequenceUtils,189
Mon Sep 02 16:13:32 EDT 2019 org.apache.commons.lang3.CharSequenceUtils,190
Mon Sep 02 16:13:33 EDT 2019 org.apache.commons.lang3.CharSequenceUtils,193
Mon Sep 02 16:13:35 EDT 2019 org.apache.commons.lang3.StringUtils,159
Mon Sep 02 16:13:35 EDT 2019 Mon Sep 02 16:13:35 EDT 2019 : org.apache.commons.lang3.StringUtils,160=>Find no block
Mon Sep 02 16:13:36 EDT 2019 org.apache.commons.lang3.StringUtils,184
Mon Sep 02 16:14:21 EDT 2019 org.apache.commons.lang3.StringUtils,203
Mon Sep 02 16:14:52 EDT 2019 org.apache.commons.lang3.StringUtils,224
Mon Sep 02 16:19:57 EDT 2019 org.apache.commons.lang3.StringUtils,225
Mon Sep 02 16:19:57 EDT 2019 org.apache.commons.lang3.StringUtils,227
Mon Sep 02 16:26:36 EDT 2019 org.apache.commons.lang3.StringUtils,228
Mon Sep 02 16:26:37 EDT 2019 org.apache.commons.lang3.StringUtils,229
Mon Sep 02 16:26:39 EDT 2019 org.apache.commons.lang3.StringUtils,232
Mon Sep 02 16:37:08 EDT 2019 org.apache.commons.lang3.StringUtils,253
Mon Sep 02 16:37:38 EDT 2019 org.apache.commons.lang3.StringUtils,282
Mon Sep 02 16:38:54 EDT 2019 org.apache.commons.lang3.StringUtils,308
Mon Sep 02 16:41:11 EDT 2019 org.apache.commons.lang3.StringUtils,309
Mon Sep 02 16:41:13 EDT 2019 org.apache.commons.lang3.StringUtils,334
Mon Sep 02 16:42:20 EDT 2019 org.apache.commons.lang3.StringUtils,362
Mon Sep 02 16:45:21 EDT 2019 org.apache.commons.lang3.StringUtils,389
Mon Sep 02 16:47:40 EDT 2019 org.apache.commons.lang3.StringUtils,390
Mon Sep 02 16:47:41 EDT 2019 org.apache.commons.lang3.StringUtils,392
Mon Sep 02 16:53:28 EDT 2019 org.apache.commons.lang3.StringUtils,393
Mon Sep 02 16:53:29 EDT 2019 org.apache.commons.lang3.StringUtils,419
Mon Sep 02 16:54:29 EDT 2019 org.apache.commons.lang3.StringUtils,449
Mon Sep 02 16:55:46 EDT 2019 org.apache.commons.lang3.StringUtils,450
Mon Sep 02 16:55:46 EDT 2019 org.apache.commons.lang3.StringUtils,452
Mon Sep 02 16:59:42 EDT 2019 org.apache.commons.lang3.StringUtils,453
Mon Sep 02 16:59:43 EDT 2019 org.apache.commons.lang3.StringUtils,482
Mon Sep 02 17:04:28 EDT 2019 org.apache.commons.lang3.StringUtils,483
Mon Sep 02 17:04:28 EDT 2019 org.apache.commons.lang3.StringUtils,485
Mon Sep 02 17:10:19 EDT 2019 org.apache.commons.lang3.StringUtils,486
Mon Sep 02 17:35:06 EDT 2019 org.apache.commons.lang3.StringUtils,487
Mon Sep 02 17:35:07 EDT 2019 org.apache.commons.lang3.StringUtils,488
Mon Sep 02 17:35:08 EDT 2019 org.apache.commons.lang3.StringUtils,490
Mon Sep 02 17:35:09 EDT 2019 org.apache.commons.lang3.StringUtils,491
Mon Sep 02 17:35:09 EDT 2019 org.apache.commons.lang3.StringUtils,493
Mon Sep 02 17:35:10 EDT 2019 org.apache.commons.lang3.StringUtils,494
Mon Sep 02 17:35:11 EDT 2019 org.apache.commons.lang3.StringUtils,497
Mon Sep 02 18:08:42 EDT 2019 org.apache.commons.lang3.StringUtils,527
Mon Sep 02 18:13:24 EDT 2019 org.apache.commons.lang3.StringUtils,528
Mon Sep 02 18:13:24 EDT 2019 org.apache.commons.lang3.StringUtils,531
Mon Sep 02 18:33:02 EDT 2019 org.apache.commons.lang3.StringUtils,532
Mon Sep 02 18:33:03 EDT 2019 org.apache.commons.lang3.StringUtils,533
Mon Sep 02 18:33:04 EDT 2019 org.apache.commons.lang3.StringUtils,535
Mon Sep 02 18:33:04 EDT 2019 org.apache.commons.lang3.StringUtils,536
Mon Sep 02 18:33:05 EDT 2019 org.apache.commons.lang3.StringUtils,538
Mon Sep 02 18:33:06 EDT 2019 org.apache.commons.lang3.StringUtils,539
Mon Sep 02 18:33:07 EDT 2019 org.apache.commons.lang3.StringUtils,542
Mon Sep 02 19:05:09 EDT 2019 org.apache.commons.lang3.StringUtils,567
Mon Sep 02 19:05:11 EDT 2019 org.apache.commons.lang3.StringUtils,597
Mon Sep 02 19:07:46 EDT 2019 org.apache.commons.lang3.StringUtils,598
Mon Sep 02 19:07:47 EDT 2019 org.apache.commons.lang3.StringUtils,600
Mon Sep 02 19:17:00 EDT 2019 org.apache.commons.lang3.StringUtils,601
Mon Sep 02 19:17:01 EDT 2019 org.apache.commons.lang3.StringUtils,602
Mon Sep 02 19:17:01 EDT 2019 org.apache.commons.lang3.StringUtils,604
Mon Sep 02 19:17:02 EDT 2019 org.apache.commons.lang3.StringUtils,629
Mon Sep 02 19:17:25 EDT 2019 org.apache.commons.lang3.StringUtils,630
Mon Sep 02 19:17:25 EDT 2019 org.apache.commons.lang3.StringUtils,633
Mon Sep 02 19:19:25 EDT 2019 org.apache.commons.lang3.StringUtils,634
Mon Sep 02 19:19:25 EDT 2019 org.apache.commons.lang3.StringUtils,635
Mon Sep 02 19:19:26 EDT 2019 org.apache.commons.lang3.StringUtils,636
Mon Sep 02 19:19:26 EDT 2019 org.apache.commons.lang3.StringUtils,637
Mon Sep 02 19:19:27 EDT 2019 org.apache.commons.lang3.StringUtils,639
Mon Sep 02 19:19:27 EDT 2019 org.apache.commons.lang3.StringUtils,645
Mon Sep 02 19:20:15 EDT 2019 Mon Sep 02 19:20:15 EDT 2019 : org.apache.commons.lang3.StringUtils,646=>Find no block
Mon Sep 02 19:20:16 EDT 2019 org.apache.commons.lang3.StringUtils,647
Mon Sep 02 19:20:16 EDT 2019 Mon Sep 02 19:20:16 EDT 2019 : org.apache.commons.lang3.StringUtils,648=>Find no block
Mon Sep 02 19:20:17 EDT 2019 org.apache.commons.lang3.StringUtils,649
Mon Sep 02 19:20:17 EDT 2019 Mon Sep 02 19:20:17 EDT 2019 : org.apache.commons.lang3.StringUtils,650=>Find no block
Mon Sep 02 19:20:18 EDT 2019 org.apache.commons.lang3.StringUtils,651
Mon Sep 02 19:20:19 EDT 2019 Mon Sep 02 19:20:19 EDT 2019 : org.apache.commons.lang3.StringUtils,652=>Find no block
Mon Sep 02 19:20:19 EDT 2019 org.apache.commons.lang3.StringUtils,653
Mon Sep 02 19:20:20 EDT 2019 org.apache.commons.lang3.StringUtils,673
Mon Sep 02 19:20:21 EDT 2019 org.apache.commons.lang3.StringUtils,674
Mon Sep 02 19:20:22 EDT 2019 org.apache.commons.lang3.StringUtils,677
Mon Sep 02 19:21:55 EDT 2019 org.apache.commons.lang3.StringUtils,678
Mon Sep 02 19:21:55 EDT 2019 org.apache.commons.lang3.StringUtils,679
Mon Sep 02 19:21:56 EDT 2019 org.apache.commons.lang3.StringUtils,697
Mon Sep 02 19:22:28 EDT 2019 org.apache.commons.lang3.StringUtils,698
Mon Sep 02 19:22:28 EDT 2019 org.apache.commons.lang3.StringUtils,701
Mon Sep 02 19:24:00 EDT 2019 org.apache.commons.lang3.StringUtils,702
Mon Sep 02 19:24:01 EDT 2019 org.apache.commons.lang3.StringUtils,703
Mon Sep 02 19:24:01 EDT 2019 org.apache.commons.lang3.StringUtils,786
Mon Sep 02 19:24:01 EDT 2019 org.apache.commons.lang3.StringUtils,813
Mon Sep 02 19:27:04 EDT 2019 org.apache.commons.lang3.StringUtils,814
Mon Sep 02 19:27:04 EDT 2019 org.apache.commons.lang3.StringUtils,816
Mon Sep 02 19:27:04 EDT 2019 org.apache.commons.lang3.StringUtils,843
Mon Sep 02 19:27:28 EDT 2019 org.apache.commons.lang3.StringUtils,844
Mon Sep 02 19:27:28 EDT 2019 org.apache.commons.lang3.StringUtils,846
Mon Sep 02 19:28:14 EDT 2019 org.apache.commons.lang3.StringUtils,876
Mon Sep 02 19:28:14 EDT 2019 org.apache.commons.lang3.StringUtils,877
Mon Sep 02 19:28:14 EDT 2019 org.apache.commons.lang3.StringUtils,879
Mon Sep 02 19:28:58 EDT 2019 org.apache.commons.lang3.StringUtils,907
Mon Sep 02 19:29:06 EDT 2019 org.apache.commons.lang3.StringUtils,908
Mon Sep 02 19:29:07 EDT 2019 org.apache.commons.lang3.StringUtils,910
Mon Sep 02 19:32:08 EDT 2019 org.apache.commons.lang3.StringUtils,947
Mon Sep 02 19:32:08 EDT 2019 org.apache.commons.lang3.StringUtils,948
Mon Sep 02 19:32:09 EDT 2019 org.apache.commons.lang3.StringUtils,950
Mon Sep 02 19:35:22 EDT 2019 org.apache.commons.lang3.StringUtils,988
Mon Sep 02 19:36:11 EDT 2019 org.apache.commons.lang3.StringUtils,1006
Mon Sep 02 19:36:50 EDT 2019 org.apache.commons.lang3.StringUtils,1007
Mon Sep 02 19:36:50 EDT 2019 org.apache.commons.lang3.StringUtils,1009
Mon Sep 02 19:37:48 EDT 2019 org.apache.commons.lang3.StringUtils,1010
Mon Sep 02 19:37:49 EDT 2019 org.apache.commons.lang3.StringUtils,1012
Mon Sep 02 19:41:49 EDT 2019 org.apache.commons.lang3.StringUtils,1013
Mon Sep 02 19:41:50 EDT 2019 org.apache.commons.lang3.StringUtils,1015
Mon Sep 02 19:43:39 EDT 2019 org.apache.commons.lang3.StringUtils,1016
Mon Sep 02 19:43:40 EDT 2019 org.apache.commons.lang3.StringUtils,1018
Mon Sep 02 19:43:40 EDT 2019 org.apache.commons.lang3.StringUtils,1020
Mon Sep 02 19:45:36 EDT 2019 org.apache.commons.lang3.StringUtils,1021
Mon Sep 02 19:45:37 EDT 2019 org.apache.commons.lang3.StringUtils,1023
Mon Sep 02 19:47:42 EDT 2019 org.apache.commons.lang3.StringUtils,1024
Mon Sep 02 19:47:43 EDT 2019 org.apache.commons.lang3.StringUtils,1025
Mon Sep 02 19:50:20 EDT 2019 org.apache.commons.lang3.StringUtils,1054
Mon Sep 02 19:51:09 EDT 2019 org.apache.commons.lang3.StringUtils,1090
Mon Sep 02 19:52:10 EDT 2019 org.apache.commons.lang3.StringUtils,1091
Mon Sep 02 19:52:10 EDT 2019 org.apache.commons.lang3.StringUtils,1093
Mon Sep 02 19:52:33 EDT 2019 org.apache.commons.lang3.StringUtils,1094
Mon Sep 02 19:52:33 EDT 2019 org.apache.commons.lang3.StringUtils,1096
Mon Sep 02 20:05:38 EDT 2019 org.apache.commons.lang3.StringUtils,1097
Mon Sep 02 20:05:38 EDT 2019 org.apache.commons.lang3.StringUtils,1098
Mon Sep 02 20:05:39 EDT 2019 org.apache.commons.lang3.StringUtils,1100
Mon Sep 02 20:06:55 EDT 2019 org.apache.commons.lang3.StringUtils,1101
Mon Sep 02 20:06:55 EDT 2019 org.apache.commons.lang3.StringUtils,1103
Mon Sep 02 20:11:44 EDT 2019 org.apache.commons.lang3.StringUtils,1104
Mon Sep 02 20:11:45 EDT 2019 org.apache.commons.lang3.StringUtils,1105
Mon Sep 02 20:11:46 EDT 2019 org.apache.commons.lang3.StringUtils,1108
Mon Sep 02 20:16:23 EDT 2019 org.apache.commons.lang3.StringUtils,1134
Mon Sep 02 20:16:23 EDT 2019 org.apache.commons.lang3.StringUtils,1135
Mon Sep 02 20:16:24 EDT 2019 org.apache.commons.lang3.StringUtils,1137
Mon Sep 02 20:17:40 EDT 2019 org.apache.commons.lang3.StringUtils,1169
Mon Sep 02 20:17:40 EDT 2019 org.apache.commons.lang3.StringUtils,1170
Mon Sep 02 20:17:40 EDT 2019 org.apache.commons.lang3.StringUtils,1172
Mon Sep 02 20:18:26 EDT 2019 org.apache.commons.lang3.StringUtils,1199
Mon Sep 02 20:18:26 EDT 2019 org.apache.commons.lang3.StringUtils,1200
Mon Sep 02 20:18:27 EDT 2019 org.apache.commons.lang3.StringUtils,1202
Failed time : 19/09/02 20:22
