=================================================
Project : lang_16	start : 19/09/02 15:24
Current failed test : org.apache.commons.lang3.math.NumberUtilsTest::testCreateNumber | 19/09/02 15:24
Mon Sep 02 15:25:47 EDT 2019 org.apache.commons.lang3.math.NumberUtils,459
Mon Sep 02 15:27:11 EDT 2019 org.apache.commons.lang3.math.NumberUtils,470
Mon Sep 02 15:52:44 EDT 2019 org.apache.commons.lang3.math.NumberUtils,476
Mon Sep 02 15:52:49 EDT 2019 org.apache.commons.lang3.math.NumberUtils,478
Mon Sep 02 16:03:09 EDT 2019 org.apache.commons.lang3.math.NumberUtils,481
Mon Sep 02 16:13:52 EDT 2019 org.apache.commons.lang3.math.NumberUtils,484
Mon Sep 02 16:24:55 EDT 2019 org.apache.commons.lang3.math.NumberUtils,517
Mon Sep 02 16:25:37 EDT 2019 org.apache.commons.lang3.math.NumberUtils,518
Mon Sep 02 16:26:14 EDT 2019 org.apache.commons.lang3.math.NumberUtils,521
Mon Sep 02 16:26:15 EDT 2019 org.apache.commons.lang3.math.NumberUtils,531
Mon Sep 02 16:27:00 EDT 2019 org.apache.commons.lang3.math.NumberUtils,532
Mon Sep 02 16:27:39 EDT 2019 org.apache.commons.lang3.math.NumberUtils,533
Mon Sep 02 16:27:40 EDT 2019 org.apache.commons.lang3.math.NumberUtils,545
Mon Sep 02 16:30:12 EDT 2019 org.apache.commons.lang3.math.NumberUtils,551
Mon Sep 02 16:37:19 EDT 2019 org.apache.commons.lang3.math.NumberUtils,554
Mon Sep 02 16:37:21 EDT 2019 org.apache.commons.lang3.math.NumberUtils,556
Mon Sep 02 16:40:24 EDT 2019 org.apache.commons.lang3.math.NumberUtils,559
Mon Sep 02 16:40:55 EDT 2019 Mon Sep 02 16:40:55 EDT 2019 : org.apache.commons.lang3.math.NumberUtils,560=>Find no block
Mon Sep 02 16:40:56 EDT 2019 org.apache.commons.lang3.math.NumberUtils,564
Mon Sep 02 16:41:33 EDT 2019 org.apache.commons.lang3.math.NumberUtils,572
Mon Sep 02 16:42:15 EDT 2019 org.apache.commons.lang3.math.NumberUtils,574
Mon Sep 02 16:42:54 EDT 2019 org.apache.commons.lang3.math.NumberUtils,575
Mon Sep 02 16:42:55 EDT 2019 org.apache.commons.lang3.math.NumberUtils,576
Mon Sep 02 16:42:56 EDT 2019 org.apache.commons.lang3.math.NumberUtils,445
Mon Sep 02 16:44:08 EDT 2019 org.apache.commons.lang3.math.NumberUtils,448

----------------------------------------
----------------------------------------
Pass Single Test : [=>0,0]
str=str.toLowerCase();
if(StringUtils.isBlank(str)){
throw new NumberFormatException("A blank string is not a valid number");
}

Time : 19/09/02 16:46
----------------------------------------

----------------------------------------
----------------------------------------
Similar code block : 1.0203484586519547 : [/home/mmotwani/mywork1dir/Defects4Java7/defects4j/SIMFIX_RQ1/lang/lang_16_buggy/src/main/java/org/apache/commons/lang3/math/NumberUtils.java=>0,0]
int delimLen=(delimiters==null?-1:delimiters.length);
if(StringUtils.isEmpty(str)||delimLen==0){
return str;
}
str=str.toLowerCase();
return capitalize(str,delimiters);

Time : 19/09/02 16:46
----------------------------------------

----------------------------------------
----------------------------------------
Original source code : [/home/mmotwani/mywork1dir/Defects4Java7/defects4j/SIMFIX_RQ1/lang/lang_16_buggy/src/main/java/org/apache/commons/lang3/math/NumberUtils.java=>448,450]
if(StringUtils.isBlank(str)){
throw new NumberFormatException("A blank string is not a valid number");
}

Time : 19/09/02 16:46
----------------------------------------

----------------------------------------
----------------------------------------
Find a patch : [/home/mmotwani/mywork1dir/Defects4Java7/defects4j/SIMFIX_RQ1/lang/lang_16_buggy/src/main/java/org/apache/commons/lang3/math/NumberUtils.java=>448,450]
str=str.toLowerCase();
if(StringUtils.isBlank(str)){
throw new NumberFormatException("A blank string is not a valid number");
}

Time : 19/09/02 16:46
----------------------------------------
Success time : 19/09/02 16:46
