=================================================
Project : lang_17	start : 19/09/02 15:24
Current failed test : org.apache.commons.lang3.StringEscapeUtilsTest::testLang720 | 19/09/02 15:24
Mon Sep 02 15:25:46 EDT 2019 org.apache.commons.lang3.StringEscapeUtils,506

----------------------------------------
----------------------------------------
Pass Single Test : [=>0,0]
return ESCAPE_CSV.translate(input);

Time : 19/09/02 15:27
----------------------------------------

----------------------------------------
----------------------------------------
Pass Single Test : [=>0,0]
return UNESCAPE_CSV.translate(input);

Time : 19/09/02 15:27
----------------------------------------
Mon Sep 02 15:28:19 EDT 2019 org.apache.commons.lang3.text.translate.AggregateTranslator,57
Mon Sep 02 15:29:38 EDT 2019 org.apache.commons.lang3.text.translate.AggregateTranslator,51
Mon Sep 02 15:29:38 EDT 2019 org.apache.commons.lang3.text.translate.AggregateTranslator,52
Mon Sep 02 15:29:39 EDT 2019 org.apache.commons.lang3.text.translate.AggregateTranslator,53
Mon Sep 02 15:29:39 EDT 2019 org.apache.commons.lang3.text.translate.LookupTranslator,78
Mon Sep 02 15:41:53 EDT 2019 org.apache.commons.lang3.text.translate.LookupTranslator,65
Mon Sep 02 15:44:36 EDT 2019 org.apache.commons.lang3.text.translate.LookupTranslator,66
Mon Sep 02 15:48:11 EDT 2019 org.apache.commons.lang3.text.translate.LookupTranslator,70
Mon Sep 02 15:48:11 EDT 2019 org.apache.commons.lang3.text.translate.LookupTranslator,71
Mon Sep 02 15:48:13 EDT 2019 org.apache.commons.lang3.text.translate.LookupTranslator,72
Mon Sep 02 15:48:17 EDT 2019 org.apache.commons.lang3.text.translate.LookupTranslator,73
Mon Sep 02 15:48:19 EDT 2019 Mon Sep 02 15:48:19 EDT 2019 : org.apache.commons.lang3.ArrayUtils,46=>Find no block
Mon Sep 02 15:48:20 EDT 2019 Mon Sep 02 15:48:20 EDT 2019 : org.apache.commons.lang3.ArrayUtils,50=>Find no block
Mon Sep 02 15:48:21 EDT 2019 Mon Sep 02 15:48:21 EDT 2019 : org.apache.commons.lang3.ArrayUtils,54=>Find no block
Mon Sep 02 15:48:22 EDT 2019 Mon Sep 02 15:48:22 EDT 2019 : org.apache.commons.lang3.ArrayUtils,58=>Find no block
Mon Sep 02 15:48:27 EDT 2019 Mon Sep 02 15:48:27 EDT 2019 : org.apache.commons.lang3.ArrayUtils,62=>Find no block
Mon Sep 02 15:48:31 EDT 2019 Mon Sep 02 15:48:31 EDT 2019 : org.apache.commons.lang3.ArrayUtils,66=>Find no block
Mon Sep 02 15:48:31 EDT 2019 Mon Sep 02 15:48:31 EDT 2019 : org.apache.commons.lang3.ArrayUtils,70=>Find no block
Mon Sep 02 15:48:34 EDT 2019 Mon Sep 02 15:48:34 EDT 2019 : org.apache.commons.lang3.ArrayUtils,74=>Find no block
Mon Sep 02 15:48:38 EDT 2019 Mon Sep 02 15:48:38 EDT 2019 : org.apache.commons.lang3.ArrayUtils,78=>Find no block
Mon Sep 02 15:48:40 EDT 2019 Mon Sep 02 15:48:40 EDT 2019 : org.apache.commons.lang3.ArrayUtils,82=>Find no block
Mon Sep 02 15:48:41 EDT 2019 Mon Sep 02 15:48:41 EDT 2019 : org.apache.commons.lang3.ArrayUtils,86=>Find no block
Mon Sep 02 15:48:41 EDT 2019 Mon Sep 02 15:48:41 EDT 2019 : org.apache.commons.lang3.ArrayUtils,90=>Find no block
Mon Sep 02 15:48:42 EDT 2019 Mon Sep 02 15:48:42 EDT 2019 : org.apache.commons.lang3.ArrayUtils,94=>Find no block
Mon Sep 02 15:48:44 EDT 2019 Mon Sep 02 15:48:44 EDT 2019 : org.apache.commons.lang3.ArrayUtils,98=>Find no block
Mon Sep 02 15:48:50 EDT 2019 Mon Sep 02 15:48:50 EDT 2019 : org.apache.commons.lang3.ArrayUtils,102=>Find no block
Mon Sep 02 15:48:50 EDT 2019 Mon Sep 02 15:48:50 EDT 2019 : org.apache.commons.lang3.ArrayUtils,106=>Find no block
Mon Sep 02 15:48:53 EDT 2019 Mon Sep 02 15:48:53 EDT 2019 : org.apache.commons.lang3.ArrayUtils,110=>Find no block
Mon Sep 02 15:48:53 EDT 2019 Mon Sep 02 15:48:53 EDT 2019 : org.apache.commons.lang3.ArrayUtils,114=>Find no block
Mon Sep 02 15:48:54 EDT 2019 Mon Sep 02 15:48:54 EDT 2019 : org.apache.commons.lang3.ArrayUtils,118=>Find no block
Mon Sep 02 15:48:56 EDT 2019 org.apache.commons.lang3.ArrayUtils,317
Mon Sep 02 15:49:39 EDT 2019 org.apache.commons.lang3.ArrayUtils,320
Mon Sep 02 15:50:38 EDT 2019 Mon Sep 02 15:50:38 EDT 2019 : org.apache.commons.lang3.StringEscapeUtils,268=>Find no block
Mon Sep 02 15:50:38 EDT 2019 Mon Sep 02 15:50:38 EDT 2019 : org.apache.commons.lang3.StringEscapeUtils,272=>Find no block
Mon Sep 02 15:50:39 EDT 2019 Mon Sep 02 15:50:39 EDT 2019 : org.apache.commons.lang3.StringEscapeUtils,273=>Find no block
Mon Sep 02 15:50:43 EDT 2019 org.apache.commons.lang3.text.translate.CharSequenceTranslator,114
Mon Sep 02 15:55:17 EDT 2019 org.apache.commons.lang3.text.translate.CharSequenceTranslator,115
Mon Sep 02 15:55:20 EDT 2019 org.apache.commons.lang3.text.translate.CharSequenceTranslator,116
Mon Sep 02 15:55:22 EDT 2019 org.apache.commons.lang3.text.translate.CharSequenceTranslator,117
Mon Sep 02 15:55:26 EDT 2019 Mon Sep 02 15:55:26 EDT 2019 : org.apache.commons.lang3.StringEscapeUtils,52=>Find no block
Mon Sep 02 15:55:28 EDT 2019 Mon Sep 02 15:55:28 EDT 2019 : org.apache.commons.lang3.StringEscapeUtils,72=>Find no block
Mon Sep 02 15:55:33 EDT 2019 Mon Sep 02 15:55:33 EDT 2019 : org.apache.commons.lang3.StringEscapeUtils,94=>Find no block
Mon Sep 02 15:55:34 EDT 2019 Mon Sep 02 15:55:34 EDT 2019 : org.apache.commons.lang3.StringEscapeUtils,109=>Find no block
Mon Sep 02 15:55:38 EDT 2019 Mon Sep 02 15:55:38 EDT 2019 : org.apache.commons.lang3.StringEscapeUtils,124=>Find no block
Mon Sep 02 15:55:41 EDT 2019 Mon Sep 02 15:55:41 EDT 2019 : org.apache.commons.lang3.StringEscapeUtils,140=>Find no block
Mon Sep 02 15:55:42 EDT 2019 Mon Sep 02 15:55:42 EDT 2019 : org.apache.commons.lang3.StringEscapeUtils,183=>Find no block
Mon Sep 02 15:55:46 EDT 2019 Mon Sep 02 15:55:46 EDT 2019 : org.apache.commons.lang3.StringEscapeUtils,206=>Find no block
Mon Sep 02 15:55:49 EDT 2019 Mon Sep 02 15:55:49 EDT 2019 : org.apache.commons.lang3.StringEscapeUtils,217=>Find no block
Mon Sep 02 15:55:52 EDT 2019 Mon Sep 02 15:55:52 EDT 2019 : org.apache.commons.lang3.StringEscapeUtils,233=>Find no block
Mon Sep 02 15:55:54 EDT 2019 Mon Sep 02 15:55:54 EDT 2019 : org.apache.commons.lang3.StringEscapeUtils,250=>Find no block
Mon Sep 02 15:55:55 EDT 2019 Mon Sep 02 15:55:55 EDT 2019 : org.apache.commons.lang3.StringEscapeUtils,266=>Find no block
Mon Sep 02 15:55:59 EDT 2019 Mon Sep 02 15:55:59 EDT 2019 : org.apache.commons.lang3.text.translate.AggregateTranslator,40=>Find no block
Mon Sep 02 15:56:03 EDT 2019 org.apache.commons.lang3.text.translate.AggregateTranslator,41
Mon Sep 02 15:56:48 EDT 2019 Mon Sep 02 15:56:48 EDT 2019 : org.apache.commons.lang3.text.translate.AggregateTranslator,42=>Find no block
Mon Sep 02 15:56:52 EDT 2019 Mon Sep 02 15:56:52 EDT 2019 : org.apache.commons.lang3.StringEscapeUtils,145=>Find no block
Mon Sep 02 15:56:55 EDT 2019 Mon Sep 02 15:56:55 EDT 2019 : org.apache.commons.lang3.StringEscapeUtils,149=>Find no block
Mon Sep 02 15:56:57 EDT 2019 Mon Sep 02 15:56:57 EDT 2019 : org.apache.commons.lang3.StringEscapeUtils,150=>Find no block
Mon Sep 02 15:56:58 EDT 2019 Mon Sep 02 15:56:58 EDT 2019 : org.apache.commons.lang3.text.translate.EntityArrays,35=>Find no block
Mon Sep 02 15:56:58 EDT 2019 Mon Sep 02 15:56:58 EDT 2019 : org.apache.commons.lang3.text.translate.EntityArrays,139=>Find no block
Mon Sep 02 15:56:59 EDT 2019 Mon Sep 02 15:56:59 EDT 2019 : org.apache.commons.lang3.text.translate.EntityArrays,148=>Find no block
Mon Sep 02 15:57:03 EDT 2019 Mon Sep 02 15:57:03 EDT 2019 : org.apache.commons.lang3.text.translate.EntityArrays,350=>Find no block
Mon Sep 02 15:57:07 EDT 2019 Mon Sep 02 15:57:07 EDT 2019 : org.apache.commons.lang3.text.translate.EntityArrays,359=>Find no block
Mon Sep 02 15:57:11 EDT 2019 Mon Sep 02 15:57:11 EDT 2019 : org.apache.commons.lang3.text.translate.EntityArrays,371=>Find no block
Mon Sep 02 15:57:13 EDT 2019 Mon Sep 02 15:57:13 EDT 2019 : org.apache.commons.lang3.text.translate.EntityArrays,378=>Find no block
Mon Sep 02 15:57:18 EDT 2019 Mon Sep 02 15:57:18 EDT 2019 : org.apache.commons.lang3.text.translate.EntityArrays,387=>Find no block
Mon Sep 02 15:57:21 EDT 2019 Mon Sep 02 15:57:21 EDT 2019 : org.apache.commons.lang3.text.translate.EntityArrays,396=>Find no block
Mon Sep 02 15:57:25 EDT 2019 Mon Sep 02 15:57:25 EDT 2019 : org.apache.commons.lang3.text.translate.EntityArrays,409=>Find no block
Mon Sep 02 15:57:26 EDT 2019 org.apache.commons.lang3.text.translate.EntityArrays,34
Mon Sep 02 15:58:06 EDT 2019 org.apache.commons.lang3.text.translate.EntityArrays,138
Mon Sep 02 15:58:44 EDT 2019 org.apache.commons.lang3.text.translate.EntityArrays,147
Mon Sep 02 15:59:19 EDT 2019 org.apache.commons.lang3.text.translate.EntityArrays,349
Mon Sep 02 15:59:53 EDT 2019 org.apache.commons.lang3.text.translate.EntityArrays,358
Mon Sep 02 16:00:29 EDT 2019 org.apache.commons.lang3.text.translate.EntityArrays,370
Mon Sep 02 16:01:03 EDT 2019 org.apache.commons.lang3.text.translate.EntityArrays,377
Mon Sep 02 16:01:38 EDT 2019 org.apache.commons.lang3.text.translate.EntityArrays,386
Mon Sep 02 16:02:16 EDT 2019 org.apache.commons.lang3.text.translate.EntityArrays,395
Mon Sep 02 16:02:52 EDT 2019 org.apache.commons.lang3.text.translate.EntityArrays,408
Mon Sep 02 16:03:29 EDT 2019 org.apache.commons.lang3.text.translate.EntityArrays,417
Mon Sep 02 16:05:19 EDT 2019 org.apache.commons.lang3.text.translate.EntityArrays,418
Mon Sep 02 16:06:53 EDT 2019 org.apache.commons.lang3.text.translate.EntityArrays,419
Mon Sep 02 16:06:54 EDT 2019 org.apache.commons.lang3.text.translate.EntityArrays,420
Mon Sep 02 16:06:55 EDT 2019 org.apache.commons.lang3.text.translate.EntityArrays,422
Mon Sep 02 16:06:56 EDT 2019 Mon Sep 02 16:06:56 EDT 2019 : org.apache.commons.lang3.text.translate.LookupTranslator,40=>Find no block
Mon Sep 02 16:06:57 EDT 2019 org.apache.commons.lang3.text.translate.LookupTranslator,41
Mon Sep 02 16:07:09 EDT 2019 org.apache.commons.lang3.text.translate.LookupTranslator,42
Mon Sep 02 16:07:11 EDT 2019 org.apache.commons.lang3.text.translate.LookupTranslator,43
Mon Sep 02 16:12:26 EDT 2019 org.apache.commons.lang3.text.translate.LookupTranslator,44
Mon Sep 02 16:12:26 EDT 2019 org.apache.commons.lang3.text.translate.LookupTranslator,45
Mon Sep 02 16:12:28 EDT 2019 org.apache.commons.lang3.text.translate.LookupTranslator,46
Mon Sep 02 16:12:29 EDT 2019 org.apache.commons.lang3.text.translate.LookupTranslator,47
Mon Sep 02 16:12:30 EDT 2019 org.apache.commons.lang3.text.translate.LookupTranslator,48
Mon Sep 02 16:12:31 EDT 2019 org.apache.commons.lang3.text.translate.LookupTranslator,49
Mon Sep 02 16:12:32 EDT 2019 org.apache.commons.lang3.text.translate.LookupTranslator,51
Mon Sep 02 16:12:33 EDT 2019 org.apache.commons.lang3.text.translate.LookupTranslator,52
Mon Sep 02 16:12:35 EDT 2019 org.apache.commons.lang3.text.translate.LookupTranslator,56
Mon Sep 02 16:13:00 EDT 2019 org.apache.commons.lang3.text.translate.LookupTranslator,57
Mon Sep 02 16:13:01 EDT 2019 Mon Sep 02 16:13:01 EDT 2019 : org.apache.commons.lang3.text.translate.LookupTranslator,58=>Find no block
Mon Sep 02 16:13:02 EDT 2019 Mon Sep 02 16:13:02 EDT 2019 : org.apache.commons.lang3.text.translate.OctalUnescaper,34=>Find no block
Mon Sep 02 16:13:04 EDT 2019 Mon Sep 02 16:13:04 EDT 2019 : org.apache.commons.lang3.text.translate.OctalUnescaper,36=>Find no block
Mon Sep 02 16:13:05 EDT 2019 org.apache.commons.lang3.text.translate.UnicodeEscaper,85
Mon Sep 02 16:13:08 EDT 2019 org.apache.commons.lang3.text.translate.CharSequenceTranslator,87
Mon Sep 02 16:46:37 EDT 2019 org.apache.commons.lang3.text.translate.CharSequenceTranslator,88
Mon Sep 02 16:46:38 EDT 2019 Mon Sep 02 16:46:38 EDT 2019 : org.apache.commons.lang3.text.translate.CharSequenceTranslator,89=>Find no block
Mon Sep 02 16:46:39 EDT 2019 Mon Sep 02 16:46:39 EDT 2019 : org.apache.commons.lang3.text.translate.NumericEntityUnescaper,35=>Find no block
Mon Sep 02 16:46:40 EDT 2019 Mon Sep 02 16:46:40 EDT 2019 : org.apache.commons.lang3.text.translate.NumericEntityUnescaper,56=>Find no block
Mon Sep 02 16:46:41 EDT 2019 org.apache.commons.lang3.text.translate.NumericEntityUnescaper,57
Mon Sep 02 16:47:42 EDT 2019 org.apache.commons.lang3.text.translate.NumericEntityUnescaper,60
Mon Sep 02 16:47:43 EDT 2019 Mon Sep 02 16:47:43 EDT 2019 : org.apache.commons.lang3.text.translate.NumericEntityUnescaper,62=>Find no block
Mon Sep 02 16:47:44 EDT 2019 Mon Sep 02 16:47:44 EDT 2019 : org.apache.commons.lang3.text.translate.UnicodeEscaper,51=>Find no block
Mon Sep 02 16:47:45 EDT 2019 org.apache.commons.lang3.text.translate.UnicodeEscaper,52
Mon Sep 02 16:47:48 EDT 2019 org.apache.commons.lang3.text.translate.UnicodeEscaper,53
Mon Sep 02 16:47:49 EDT 2019 org.apache.commons.lang3.text.translate.UnicodeEscaper,54
Mon Sep 02 16:47:50 EDT 2019 Mon Sep 02 16:47:50 EDT 2019 : org.apache.commons.lang3.text.translate.UnicodeEscaper,55=>Find no block
Mon Sep 02 16:47:51 EDT 2019 Mon Sep 02 16:47:51 EDT 2019 : org.apache.commons.lang3.text.translate.UnicodeUnescaper,30=>Find no block
Mon Sep 02 16:47:52 EDT 2019 Mon Sep 02 16:47:52 EDT 2019 : org.apache.commons.lang3.text.translate.CodePointTranslator,29=>Find no block
Mon Sep 02 16:47:54 EDT 2019 org.apache.commons.lang3.text.translate.CharSequenceTranslator,60
Mon Sep 02 16:48:34 EDT 2019 org.apache.commons.lang3.text.translate.CharSequenceTranslator,54
Mon Sep 02 16:48:37 EDT 2019 org.apache.commons.lang3.text.translate.CharSequenceTranslator,58
Mon Sep 02 16:48:38 EDT 2019 org.apache.commons.lang3.text.translate.CharSequenceTranslator,59
Mon Sep 02 16:48:39 EDT 2019 Mon Sep 02 16:48:39 EDT 2019 : org.apache.commons.lang3.text.translate.CharSequenceTranslator,104=>Find no block
Mon Sep 02 16:48:41 EDT 2019 org.apache.commons.lang3.text.translate.CharSequenceTranslator,76
Mon Sep 02 16:48:44 EDT 2019 org.apache.commons.lang3.text.translate.CharSequenceTranslator,79
Mon Sep 02 16:48:54 EDT 2019 org.apache.commons.lang3.text.translate.CharSequenceTranslator,82
Mon Sep 02 16:51:20 EDT 2019 org.apache.commons.lang3.text.translate.CharSequenceTranslator,83
Mon Sep 02 16:51:21 EDT 2019 org.apache.commons.lang3.text.translate.CharSequenceTranslator,84
Mon Sep 02 17:20:20 EDT 2019 org.apache.commons.lang3.text.translate.CharSequenceTranslator,85
Mon Sep 02 17:20:23 EDT 2019 org.apache.commons.lang3.text.translate.CharSequenceTranslator,86
Mon Sep 02 17:20:24 EDT 2019 org.apache.commons.lang3.text.translate.CharSequenceTranslator,102
Mon Sep 02 17:48:55 EDT 2019 Mon Sep 02 17:48:55 EDT 2019 : org.apache.commons.lang3.text.translate.CharSequenceTranslator,103=>Find no block
Mon Sep 02 17:48:55 EDT 2019 Mon Sep 02 17:48:55 EDT 2019 : org.apache.commons.lang3.text.translate.CharSequenceTranslator,32=>Find no block
Mon Sep 02 17:48:56 EDT 2019 org.apache.commons.lang3.ArrayUtils,135
Mon Sep 02 17:48:59 EDT 2019 Mon Sep 02 17:48:59 EDT 2019 : org.apache.commons.lang3.ArrayUtils,136=>Find no block
Mon Sep 02 17:49:00 EDT 2019 org.apache.commons.lang3.ArrayUtils,156
Mon Sep 02 17:50:12 EDT 2019 org.apache.commons.lang3.ArrayUtils,172
Mon Sep 02 17:51:27 EDT 2019 org.apache.commons.lang3.ArrayUtils,173
Mon Sep 02 17:51:28 EDT 2019 org.apache.commons.lang3.ArrayUtils,175
Mon Sep 02 17:54:16 EDT 2019 org.apache.commons.lang3.ArrayUtils,187
Mon Sep 02 17:54:46 EDT 2019 org.apache.commons.lang3.ArrayUtils,201
Mon Sep 02 17:54:50 EDT 2019 org.apache.commons.lang3.ArrayUtils,232
Mon Sep 02 17:54:51 EDT 2019 org.apache.commons.lang3.ArrayUtils,233
Mon Sep 02 17:54:51 EDT 2019 org.apache.commons.lang3.ArrayUtils,235
Mon Sep 02 17:56:03 EDT 2019 org.apache.commons.lang3.ArrayUtils,236
Mon Sep 02 18:07:16 EDT 2019 org.apache.commons.lang3.ArrayUtils,237
Mon Sep 02 18:07:21 EDT 2019 org.apache.commons.lang3.ArrayUtils,238
Mon Sep 02 18:07:22 EDT 2019 org.apache.commons.lang3.ArrayUtils,239
Mon Sep 02 18:07:23 EDT 2019 org.apache.commons.lang3.ArrayUtils,240
Mon Sep 02 18:07:23 EDT 2019 org.apache.commons.lang3.ArrayUtils,241
Mon Sep 02 18:07:24 EDT 2019 org.apache.commons.lang3.ArrayUtils,242
Mon Sep 02 18:07:25 EDT 2019 org.apache.commons.lang3.ArrayUtils,243
Mon Sep 02 18:07:26 EDT 2019 org.apache.commons.lang3.ArrayUtils,244
Mon Sep 02 18:07:27 EDT 2019 org.apache.commons.lang3.ArrayUtils,248
Mon Sep 02 18:07:28 EDT 2019 Mon Sep 02 18:07:28 EDT 2019 : org.apache.commons.lang3.ArrayUtils,249=>Find no block
Mon Sep 02 18:07:29 EDT 2019 org.apache.commons.lang3.ArrayUtils,250
Mon Sep 02 18:07:29 EDT 2019 org.apache.commons.lang3.ArrayUtils,255
Mon Sep 02 18:11:55 EDT 2019 org.apache.commons.lang3.ArrayUtils,298
Mon Sep 02 18:11:58 EDT 2019 org.apache.commons.lang3.ArrayUtils,318
Mon Sep 02 18:11:59 EDT 2019 org.apache.commons.lang3.ArrayUtils,333
Mon Sep 02 18:12:00 EDT 2019 org.apache.commons.lang3.ArrayUtils,334
Mon Sep 02 18:12:01 EDT 2019 org.apache.commons.lang3.ArrayUtils,336
Mon Sep 02 18:12:01 EDT 2019 org.apache.commons.lang3.ArrayUtils,349
Mon Sep 02 18:12:02 EDT 2019 org.apache.commons.lang3.ArrayUtils,350
Mon Sep 02 18:12:03 EDT 2019 org.apache.commons.lang3.ArrayUtils,352
Mon Sep 02 18:12:04 EDT 2019 org.apache.commons.lang3.ArrayUtils,365
Mon Sep 02 18:12:04 EDT 2019 org.apache.commons.lang3.ArrayUtils,366
Mon Sep 02 18:12:05 EDT 2019 org.apache.commons.lang3.ArrayUtils,368
Mon Sep 02 18:12:06 EDT 2019 org.apache.commons.lang3.ArrayUtils,381
Mon Sep 02 18:12:07 EDT 2019 org.apache.commons.lang3.ArrayUtils,382
Mon Sep 02 18:12:08 EDT 2019 org.apache.commons.lang3.ArrayUtils,384
Mon Sep 02 18:12:08 EDT 2019 org.apache.commons.lang3.ArrayUtils,397
Mon Sep 02 18:12:08 EDT 2019 org.apache.commons.lang3.ArrayUtils,398
Mon Sep 02 18:12:09 EDT 2019 org.apache.commons.lang3.ArrayUtils,400
Mon Sep 02 18:12:10 EDT 2019 org.apache.commons.lang3.ArrayUtils,413
Mon Sep 02 18:12:10 EDT 2019 org.apache.commons.lang3.ArrayUtils,414
Mon Sep 02 18:12:11 EDT 2019 org.apache.commons.lang3.ArrayUtils,416
Mon Sep 02 18:12:12 EDT 2019 org.apache.commons.lang3.ArrayUtils,429
Mon Sep 02 18:12:12 EDT 2019 org.apache.commons.lang3.ArrayUtils,430
Mon Sep 02 18:12:13 EDT 2019 org.apache.commons.lang3.ArrayUtils,432
Mon Sep 02 18:12:14 EDT 2019 org.apache.commons.lang3.ArrayUtils,445
Mon Sep 02 18:12:14 EDT 2019 org.apache.commons.lang3.ArrayUtils,446
Mon Sep 02 18:12:15 EDT 2019 org.apache.commons.lang3.ArrayUtils,448
Mon Sep 02 18:12:16 EDT 2019 org.apache.commons.lang3.ArrayUtils,467
Mon Sep 02 18:15:06 EDT 2019 org.apache.commons.lang3.ArrayUtils,468
Mon Sep 02 18:15:06 EDT 2019 org.apache.commons.lang3.ArrayUtils,470
Mon Sep 02 18:17:51 EDT 2019 org.apache.commons.lang3.ArrayUtils,487
Mon Sep 02 18:20:51 EDT 2019 org.apache.commons.lang3.ArrayUtils,488
Mon Sep 02 18:20:51 EDT 2019 org.apache.commons.lang3.ArrayUtils,490
Mon Sep 02 18:23:53 EDT 2019 org.apache.commons.lang3.ArrayUtils,507
Mon Sep 02 18:26:57 EDT 2019 org.apache.commons.lang3.ArrayUtils,508
Mon Sep 02 18:26:58 EDT 2019 org.apache.commons.lang3.ArrayUtils,510
Mon Sep 02 18:30:14 EDT 2019 org.apache.commons.lang3.ArrayUtils,527
Mon Sep 02 18:33:11 EDT 2019 org.apache.commons.lang3.ArrayUtils,528
Mon Sep 02 18:33:12 EDT 2019 org.apache.commons.lang3.ArrayUtils,530
Mon Sep 02 18:36:26 EDT 2019 org.apache.commons.lang3.ArrayUtils,547
Mon Sep 02 18:39:19 EDT 2019 org.apache.commons.lang3.ArrayUtils,548
Mon Sep 02 18:39:20 EDT 2019 org.apache.commons.lang3.ArrayUtils,550
Mon Sep 02 18:42:46 EDT 2019 org.apache.commons.lang3.ArrayUtils,567
Mon Sep 02 18:45:46 EDT 2019 org.apache.commons.lang3.ArrayUtils,568
Mon Sep 02 18:45:47 EDT 2019 org.apache.commons.lang3.ArrayUtils,570
Mon Sep 02 18:49:01 EDT 2019 org.apache.commons.lang3.ArrayUtils,587
Failed time : 19/09/02 18:51
