=================================================
Project : lang_18	start : 19/09/02 15:24
Current failed test : org.apache.commons.lang3.time.FastDateFormatTest::testFormat | 19/09/02 15:24
Mon Sep 02 15:25:45 EDT 2019 org.apache.commons.lang3.time.FastDateFormat,492
Mon Sep 02 15:26:18 EDT 2019 org.apache.commons.lang3.time.FastDateFormat,493
Mon Sep 02 15:26:26 EDT 2019 org.apache.commons.lang3.time.FastDateFormat,556
Mon Sep 02 15:27:16 EDT 2019 org.apache.commons.lang3.time.FastDateFormat,696
Mon Sep 02 15:27:27 EDT 2019 org.apache.commons.lang3.time.FastDateFormat,1506
Mon Sep 02 15:28:50 EDT 2019 org.apache.commons.lang3.time.FastDateFormat,1509
Mon Sep 02 15:29:25 EDT 2019 org.apache.commons.lang3.time.FastDateFormat,1510
Mon Sep 02 15:29:26 EDT 2019 org.apache.commons.lang3.time.FastDateFormat,1511
Mon Sep 02 15:29:26 EDT 2019 org.apache.commons.lang3.time.FastDateFormat,1405
Mon Sep 02 15:29:52 EDT 2019 org.apache.commons.lang3.time.FastDateFormat,1408
Mon Sep 02 15:29:53 EDT 2019 Mon Sep 02 15:29:53 EDT 2019 : org.apache.commons.lang3.time.FastDateFormat,1410=>Find no block
Mon Sep 02 15:29:53 EDT 2019 org.apache.commons.lang3.time.FastDateFormat,409
Mon Sep 02 15:32:31 EDT 2019 org.apache.commons.lang3.time.FastDateFormat,410
Mon Sep 02 15:32:32 EDT 2019 org.apache.commons.lang3.time.FastDateFormat,411
Mon Sep 02 15:32:32 EDT 2019 org.apache.commons.lang3.time.FastDateFormat,413
Mon Sep 02 15:32:33 EDT 2019 org.apache.commons.lang3.time.FastDateFormat,414
Mon Sep 02 15:32:34 EDT 2019 org.apache.commons.lang3.time.FastDateFormat,415
Mon Sep 02 15:32:35 EDT 2019 org.apache.commons.lang3.time.FastDateFormat,419
Mon Sep 02 15:32:36 EDT 2019 org.apache.commons.lang3.time.FastDateFormat,555
Mon Sep 02 15:32:36 EDT 2019 org.apache.commons.lang3.time.FastDateFormat,558
Mon Sep 02 15:32:37 EDT 2019 org.apache.commons.lang3.time.FastDateFormat,560
Mon Sep 02 15:35:12 EDT 2019 org.apache.commons.lang3.time.FastDateFormat,1240
Mon Sep 02 15:35:36 EDT 2019 Mon Sep 02 15:35:36 EDT 2019 : org.apache.commons.lang3.time.FastDateFormat,1241=>Find no block
Mon Sep 02 15:35:38 EDT 2019 org.apache.commons.lang3.time.FastDateFormat,1247
Mon Sep 02 15:36:40 EDT 2019 org.apache.commons.lang3.time.FastDateFormat,1248
Mon Sep 02 15:36:40 EDT 2019 Mon Sep 02 15:36:40 EDT 2019 : org.apache.commons.lang3.time.FastDateFormat,1249=>Find no block
Mon Sep 02 15:36:41 EDT 2019 Mon Sep 02 15:36:41 EDT 2019 : org.apache.commons.lang3.time.FastDateFormat,1484=>Find no block
Mon Sep 02 15:36:41 EDT 2019 org.apache.commons.lang3.time.FastDateFormat,1485
Mon Sep 02 15:36:45 EDT 2019 org.apache.commons.lang3.time.FastDateFormat,1486
Mon Sep 02 15:36:46 EDT 2019 org.apache.commons.lang3.time.FastDateFormat,1487
Mon Sep 02 15:36:47 EDT 2019 org.apache.commons.lang3.time.FastDateFormat,1489
Mon Sep 02 15:36:48 EDT 2019 org.apache.commons.lang3.time.FastDateFormat,1490
Mon Sep 02 15:36:49 EDT 2019 Mon Sep 02 15:36:49 EDT 2019 : org.apache.commons.lang3.time.FastDateFormat,1491=>Find no block
Mon Sep 02 15:36:49 EDT 2019 org.apache.commons.lang3.time.FastDateFormat,1498
Mon Sep 02 15:36:59 EDT 2019 Mon Sep 02 15:36:59 EDT 2019 : org.apache.commons.lang3.time.FastDateFormat,1387=>Find no block
Mon Sep 02 15:37:00 EDT 2019 org.apache.commons.lang3.time.FastDateFormat,1388
Mon Sep 02 15:37:17 EDT 2019 org.apache.commons.lang3.time.FastDateFormat,1390
Mon Sep 02 15:37:18 EDT 2019 org.apache.commons.lang3.time.FastDateFormat,1391
Mon Sep 02 15:37:19 EDT 2019 Mon Sep 02 15:37:19 EDT 2019 : org.apache.commons.lang3.time.FastDateFormat,1392=>Find no block
Mon Sep 02 15:37:20 EDT 2019 org.apache.commons.lang3.time.FastDateFormat,1398
Mon Sep 02 15:38:05 EDT 2019 org.apache.commons.lang3.time.FastDateFormat,498
Mon Sep 02 15:38:52 EDT 2019 org.apache.commons.lang3.time.FastDateFormat,500
Mon Sep 02 15:41:13 EDT 2019 org.apache.commons.lang3.time.FastDateFormat,503
Mon Sep 02 15:44:13 EDT 2019 org.apache.commons.lang3.time.FastDateFormat,546
Mon Sep 02 15:44:48 EDT 2019 org.apache.commons.lang3.time.FastDateFormat,547
Mon Sep 02 15:44:54 EDT 2019 org.apache.commons.lang3.time.FastDateFormat,1023
Mon Sep 02 15:45:57 EDT 2019 Mon Sep 02 15:45:57 EDT 2019 : org.apache.commons.lang3.time.FastDateFormat,1024=>Find no block
Mon Sep 02 15:45:59 EDT 2019 org.apache.commons.lang3.time.FastDateFormat,1062
Mon Sep 02 15:49:12 EDT 2019 org.apache.commons.lang3.time.FastDateFormat,1063
Mon Sep 02 15:49:14 EDT 2019 org.apache.commons.lang3.time.FastDateFormat,1064
Mon Sep 02 15:49:18 EDT 2019 org.apache.commons.lang3.time.FastDateFormat,1226
Mon Sep 02 15:49:26 EDT 2019 Mon Sep 02 15:49:26 EDT 2019 : org.apache.commons.lang3.time.FastDateFormat,1227=>Find no block
Mon Sep 02 15:49:27 EDT 2019 Mon Sep 02 15:49:27 EDT 2019 : org.apache.commons.lang3.time.FastDateFormat,1220=>Find no block
Mon Sep 02 15:49:27 EDT 2019 org.apache.commons.lang3.time.FastDateFormat,1233
Mon Sep 02 15:49:29 EDT 2019 org.apache.commons.lang3.time.FastDateFormat,1153
Mon Sep 02 15:56:55 EDT 2019 org.apache.commons.lang3.time.FastDateFormat,1154
Mon Sep 02 15:56:56 EDT 2019 org.apache.commons.lang3.time.FastDateFormat,1156
Mon Sep 02 16:07:55 EDT 2019 org.apache.commons.lang3.time.FastDateFormat,1157
Mon Sep 02 16:07:56 EDT 2019 org.apache.commons.lang3.time.FastDateFormat,1053
Mon Sep 02 16:08:21 EDT 2019 Mon Sep 02 16:08:21 EDT 2019 : org.apache.commons.lang3.time.FastDateFormat,1054=>Find no block
Mon Sep 02 16:08:21 EDT 2019 org.apache.commons.lang3.time.FastDateFormat,1060
Mon Sep 02 16:15:41 EDT 2019 Mon Sep 02 16:15:41 EDT 2019 : org.apache.commons.lang3.time.FastDateFormat,1068=>Find no block
Mon Sep 02 16:15:42 EDT 2019 org.apache.commons.lang3.time.FastDateFormat,1096
Mon Sep 02 16:16:08 EDT 2019 Mon Sep 02 16:16:08 EDT 2019 : org.apache.commons.lang3.time.FastDateFormat,1097=>Find no block
Mon Sep 02 16:16:09 EDT 2019 org.apache.commons.lang3.time.FastDateFormat,1103
Mon Sep 02 16:18:58 EDT 2019 org.apache.commons.lang3.time.FastDateFormat,1104
Mon Sep 02 16:18:59 EDT 2019 Mon Sep 02 16:18:59 EDT 2019 : org.apache.commons.lang3.time.FastDateFormat,1109=>Find no block
Mon Sep 02 16:19:00 EDT 2019 org.apache.commons.lang3.time.FastDateFormat,509
Mon Sep 02 16:19:01 EDT 2019 org.apache.commons.lang3.time.FastDateFormat,511
Mon Sep 02 16:21:34 EDT 2019 org.apache.commons.lang3.time.FastDateFormat,1082
Mon Sep 02 16:21:35 EDT 2019 Mon Sep 02 16:21:35 EDT 2019 : org.apache.commons.lang3.time.FastDateFormat,1083=>Find no block
Mon Sep 02 16:21:35 EDT 2019 Mon Sep 02 16:21:35 EDT 2019 : org.apache.commons.lang3.time.FastDateFormat,1075=>Find no block
Mon Sep 02 16:21:36 EDT 2019 org.apache.commons.lang3.time.FastDateFormat,1089
Mon Sep 02 16:21:37 EDT 2019 org.apache.commons.lang3.time.FastDateFormat,534
Mon Sep 02 16:22:51 EDT 2019 org.apache.commons.lang3.time.FastDateFormat,535
Mon Sep 02 16:23:47 EDT 2019 org.apache.commons.lang3.time.FastDateFormat,655
Mon Sep 02 16:24:05 EDT 2019 Mon Sep 02 16:24:05 EDT 2019 : org.apache.commons.lang3.time.FastDateFormat,1038=>Find no block
Mon Sep 02 16:24:06 EDT 2019 org.apache.commons.lang3.time.FastDateFormat,1039
Mon Sep 02 16:24:22 EDT 2019 Mon Sep 02 16:24:22 EDT 2019 : org.apache.commons.lang3.time.FastDateFormat,1040=>Find no block
Mon Sep 02 16:24:23 EDT 2019 org.apache.commons.lang3.time.FastDateFormat,1046
Mon Sep 02 16:24:25 EDT 2019 org.apache.commons.lang3.time.FastDateFormat,1457
Mon Sep 02 16:25:46 EDT 2019 org.apache.commons.lang3.time.FastDateFormat,1443
Mon Sep 02 16:27:22 EDT 2019 org.apache.commons.lang3.time.FastDateFormat,1445
Mon Sep 02 16:29:02 EDT 2019 org.apache.commons.lang3.time.FastDateFormat,1446
Mon Sep 02 16:29:03 EDT 2019 org.apache.commons.lang3.time.FastDateFormat,1447
Mon Sep 02 16:29:04 EDT 2019 org.apache.commons.lang3.time.FastDateFormat,1452
Mon Sep 02 16:31:48 EDT 2019 org.apache.commons.lang3.time.FastDateFormat,1453
Mon Sep 02 16:33:28 EDT 2019 org.apache.commons.lang3.time.FastDateFormat,1454
Mon Sep 02 16:34:36 EDT 2019 org.apache.commons.lang3.time.FastDateFormat,1456
Mon Sep 02 16:34:37 EDT 2019 org.apache.commons.lang3.time.FastDateFormat,1460
Mon Sep 02 16:36:56 EDT 2019 org.apache.commons.lang3.time.FastDateFormat,1461
Mon Sep 02 16:38:34 EDT 2019 org.apache.commons.lang3.time.FastDateFormat,1462
Mon Sep 02 16:38:35 EDT 2019 Mon Sep 02 16:38:35 EDT 2019 : org.apache.commons.lang3.time.FastDateFormat,1463=>Find no block
Mon Sep 02 16:38:35 EDT 2019 org.apache.commons.lang3.time.FastDateFormat,706
Mon Sep 02 16:40:50 EDT 2019 org.apache.commons.lang3.time.FastDateFormat,707
Mon Sep 02 16:40:52 EDT 2019 org.apache.commons.lang3.time.FastDateFormat,708
Mon Sep 02 16:40:54 EDT 2019 org.apache.commons.lang3.time.FastDateFormat,1276
Mon Sep 02 16:40:55 EDT 2019 Mon Sep 02 16:40:55 EDT 2019 : org.apache.commons.lang3.time.FastDateFormat,1277=>Find no block
Mon Sep 02 16:40:56 EDT 2019 org.apache.commons.lang3.time.FastDateFormat,1283
Mon Sep 02 16:40:57 EDT 2019 org.apache.commons.lang3.time.FastDateFormat,1284
Mon Sep 02 16:40:58 EDT 2019 Mon Sep 02 16:40:58 EDT 2019 : org.apache.commons.lang3.time.FastDateFormat,1285=>Find no block
Mon Sep 02 16:40:59 EDT 2019 org.apache.commons.lang3.time.FastDateFormat,505
Mon Sep 02 16:40:59 EDT 2019 org.apache.commons.lang3.time.FastDateFormat,562
Mon Sep 02 16:42:16 EDT 2019 org.apache.commons.lang3.time.FastDateFormat,563
Mon Sep 02 16:42:16 EDT 2019 org.apache.commons.lang3.time.FastDateFormat,565
Mon Sep 02 16:42:17 EDT 2019 org.apache.commons.lang3.time.FastDateFormat,567
Mon Sep 02 16:45:09 EDT 2019 Mon Sep 02 16:45:09 EDT 2019 : org.apache.commons.lang3.time.FastDateFormat,1428=>Find no block
Mon Sep 02 16:45:10 EDT 2019 org.apache.commons.lang3.time.FastDateFormat,1429
Mon Sep 02 16:45:13 EDT 2019 Mon Sep 02 16:45:13 EDT 2019 : org.apache.commons.lang3.time.FastDateFormat,1430=>Find no block
Mon Sep 02 16:45:14 EDT 2019 Mon Sep 02 16:45:14 EDT 2019 : org.apache.commons.lang3.time.FastDateFormat,1418=>Find no block
Mon Sep 02 16:45:14 EDT 2019 Mon Sep 02 16:45:14 EDT 2019 : org.apache.commons.lang3.time.FastDateFormat,1419=>Find no block
Mon Sep 02 16:45:15 EDT 2019 org.apache.commons.lang3.time.FastDateFormat,1436
Mon Sep 02 16:45:18 EDT 2019 org.apache.commons.lang3.time.FastDateFormat,718
Mon Sep 02 16:46:18 EDT 2019 org.apache.commons.lang3.time.FastDateFormat,757
Mon Sep 02 16:46:49 EDT 2019 org.apache.commons.lang3.time.FastDateFormat,1163
Mon Sep 02 16:58:37 EDT 2019 org.apache.commons.lang3.time.FastDateFormat,1164
Mon Sep 02 16:58:38 EDT 2019 org.apache.commons.lang3.Validate,106
Mon Sep 02 16:59:30 EDT 2019 Mon Sep 02 16:59:30 EDT 2019 : org.apache.commons.lang3.Validate,109=>Find no block
Mon Sep 02 16:59:31 EDT 2019 org.apache.commons.lang3.time.FastDateFormat,519
Mon Sep 02 17:00:48 EDT 2019 org.apache.commons.lang3.time.FastDateFormat,520
Mon Sep 02 17:01:47 EDT 2019 org.apache.commons.lang3.time.FastDateFormat,525
Mon Sep 02 17:03:02 EDT 2019 org.apache.commons.lang3.time.FastDateFormat,526
Mon Sep 02 17:04:02 EDT 2019 org.apache.commons.lang3.time.FastDateFormat,1145
Mon Sep 02 17:04:03 EDT 2019 Mon Sep 02 17:04:03 EDT 2019 : org.apache.commons.lang3.time.FastDateFormat,1146=>Find no block
Mon Sep 02 17:04:05 EDT 2019 org.apache.commons.lang3.time.FastDateFormat,1152
Mon Sep 02 17:54:50 EDT 2019 org.apache.commons.lang3.time.FastDateFormat,1160
Mon Sep 02 17:54:51 EDT 2019 org.apache.commons.lang3.time.FastDateFormat,1166
Mon Sep 02 17:54:52 EDT 2019 org.apache.commons.lang3.time.FastDateFormat,1169
Mon Sep 02 18:04:10 EDT 2019 Mon Sep 02 18:04:10 EDT 2019 : org.apache.commons.lang3.time.FastDateFormat,1171=>Find no block
Mon Sep 02 18:04:10 EDT 2019 org.apache.commons.lang3.time.FastDateFormat,951
Mon Sep 02 18:05:20 EDT 2019 Mon Sep 02 18:05:20 EDT 2019 : org.apache.commons.lang3.time.FastDateFormat,952=>Find no block
Mon Sep 02 18:05:21 EDT 2019 org.apache.commons.lang3.time.FastDateFormat,522
Mon Sep 02 18:06:38 EDT 2019 org.apache.commons.lang3.time.FastDateFormat,523
Mon Sep 02 18:07:44 EDT 2019 org.apache.commons.lang3.time.FastDateFormat,531
Mon Sep 02 18:08:12 EDT 2019 org.apache.commons.lang3.time.FastDateFormat,532
Mon Sep 02 18:08:15 EDT 2019 org.apache.commons.lang3.time.FastDateFormat,624
Mon Sep 02 18:13:55 EDT 2019 org.apache.commons.lang3.time.FastDateFormat,629
Mon Sep 02 18:13:55 EDT 2019 org.apache.commons.lang3.time.FastDateFormat,1200
Mon Sep 02 18:13:56 EDT 2019 Mon Sep 02 18:13:56 EDT 2019 : org.apache.commons.lang3.time.FastDateFormat,1201=>Find no block
Mon Sep 02 18:13:56 EDT 2019 org.apache.commons.lang3.time.FastDateFormat,1207
Mon Sep 02 18:13:57 EDT 2019 org.apache.commons.lang3.time.FastDateFormat,1208
Mon Sep 02 18:13:58 EDT 2019 org.apache.commons.lang3.time.FastDateFormat,1209
Mon Sep 02 18:14:00 EDT 2019 Mon Sep 02 18:14:00 EDT 2019 : org.apache.commons.lang3.time.FastDateFormat,1213=>Find no block
Mon Sep 02 18:14:00 EDT 2019 Mon Sep 02 18:14:00 EDT 2019 : org.apache.commons.lang3.time.FastDateFormat,1000=>Find no block
Mon Sep 02 18:14:01 EDT 2019 org.apache.commons.lang3.time.FastDateFormat,1001
Mon Sep 02 18:14:15 EDT 2019 org.apache.commons.lang3.time.FastDateFormat,1002
Mon Sep 02 18:14:15 EDT 2019 Mon Sep 02 18:14:15 EDT 2019 : org.apache.commons.lang3.time.FastDateFormat,1003=>Find no block
Mon Sep 02 18:14:17 EDT 2019 org.apache.commons.lang3.time.FastDateFormat,1009
Mon Sep 02 18:22:35 EDT 2019 org.apache.commons.lang3.time.FastDateFormat,1010
Mon Sep 02 18:22:36 EDT 2019 org.apache.commons.lang3.time.FastDateFormat,1011
Mon Sep 02 18:22:37 EDT 2019 org.apache.commons.lang3.time.FastDateFormat,1012
Mon Sep 02 18:22:38 EDT 2019 org.apache.commons.lang3.time.FastDateFormat,1013
Mon Sep 02 18:22:40 EDT 2019 Mon Sep 02 18:22:40 EDT 2019 : org.apache.commons.lang3.time.FastDateFormat,1015=>Find no block
Mon Sep 02 18:22:40 EDT 2019 org.apache.commons.lang3.time.FastDateFormat,1016
Mon Sep 02 18:22:41 EDT 2019 org.apache.commons.lang3.time.FastDateFormat,769
Mon Sep 02 18:23:03 EDT 2019 org.apache.commons.lang3.time.FastDateFormat,770
Mon Sep 02 18:23:04 EDT 2019 org.apache.commons.lang3.time.FastDateFormat,772
Mon Sep 02 18:23:22 EDT 2019 org.apache.commons.lang3.time.FastDateFormat,159
Mon Sep 02 18:24:21 EDT 2019 org.apache.commons.lang3.time.FastDateFormat,513
Mon Sep 02 18:25:35 EDT 2019 org.apache.commons.lang3.time.FastDateFormat,514
Mon Sep 02 18:26:34 EDT 2019 org.apache.commons.lang3.time.FormatCache,77
Mon Sep 02 18:26:59 EDT 2019 org.apache.commons.lang3.time.FastDateFormat,507
Mon Sep 02 18:27:00 EDT 2019 org.apache.commons.lang3.time.FastDateFormat,1262
Mon Sep 02 18:27:01 EDT 2019 Mon Sep 02 18:27:01 EDT 2019 : org.apache.commons.lang3.time.FastDateFormat,1263=>Find no block
Mon Sep 02 18:27:03 EDT 2019 Mon Sep 02 18:27:03 EDT 2019 : org.apache.commons.lang3.time.FastDateFormat,1256=>Find no block
Mon Sep 02 18:27:04 EDT 2019 org.apache.commons.lang3.time.FastDateFormat,1269
Mon Sep 02 18:27:04 EDT 2019 org.apache.commons.lang3.time.FastDateFormat,504
Mon Sep 02 18:27:05 EDT 2019 org.apache.commons.lang3.time.FastDateFormat,506
Mon Sep 02 18:27:07 EDT 2019 org.apache.commons.lang3.time.FastDateFormat,496
Mon Sep 02 18:27:08 EDT 2019 org.apache.commons.lang3.time.FastDateFormat,659
Mon Sep 02 18:27:09 EDT 2019 Mon Sep 02 18:27:09 EDT 2019 : org.apache.commons.lang3.time.FastDateFormat,1125=>Find no block
Mon Sep 02 18:27:10 EDT 2019 org.apache.commons.lang3.time.FastDateFormat,1126
Mon Sep 02 18:29:23 EDT 2019 org.apache.commons.lang3.time.FastDateFormat,1130
Mon Sep 02 18:31:59 EDT 2019 org.apache.commons.lang3.time.FastDateFormat,1131
Mon Sep 02 18:32:00 EDT 2019 Mon Sep 02 18:32:00 EDT 2019 : org.apache.commons.lang3.time.FastDateFormat,1132=>Find no block
Mon Sep 02 18:32:01 EDT 2019 org.apache.commons.lang3.time.FastDateFormat,1138
Mon Sep 02 18:32:01 EDT 2019 org.apache.commons.lang3.time.FastDateFormat,495
Mon Sep 02 18:32:02 EDT 2019 org.apache.commons.lang3.time.FastDateFormat,502
Mon Sep 02 18:32:02 EDT 2019 org.apache.commons.lang3.time.FastDateFormat,571
Mon Sep 02 18:34:08 EDT 2019 org.apache.commons.lang3.time.FastDateFormat,657
Mon Sep 02 18:34:09 EDT 2019 org.apache.commons.lang3.time.FormatCache,74
Mon Sep 02 18:34:11 EDT 2019 Mon Sep 02 18:34:11 EDT 2019 : org.apache.commons.lang3.time.FastDateFormat,1185=>Find no block
Mon Sep 02 18:34:12 EDT 2019 org.apache.commons.lang3.time.FastDateFormat,1186
Mon Sep 02 18:34:13 EDT 2019 Mon Sep 02 18:34:13 EDT 2019 : org.apache.commons.lang3.time.FastDateFormat,1187=>Find no block
Mon Sep 02 18:34:14 EDT 2019 org.apache.commons.lang3.time.FastDateFormat,1193
Mon Sep 02 18:34:15 EDT 2019 Mon Sep 02 18:34:15 EDT 2019 : org.apache.commons.lang3.time.FastDateFormat,936=>Find no block
Mon Sep 02 18:34:15 EDT 2019 org.apache.commons.lang3.time.FastDateFormat,937
Mon Sep 02 18:34:26 EDT 2019 Mon Sep 02 18:34:26 EDT 2019 : org.apache.commons.lang3.time.FastDateFormat,938=>Find no block
Mon Sep 02 18:34:27 EDT 2019 org.apache.commons.lang3.time.FastDateFormat,944
Mon Sep 02 18:34:30 EDT 2019 Mon Sep 02 18:34:30 EDT 2019 : org.apache.commons.lang3.time.FastDateFormat,432=>Find no block
Mon Sep 02 18:34:31 EDT 2019 org.apache.commons.lang3.time.FastDateFormat,433
Mon Sep 02 18:35:11 EDT 2019 org.apache.commons.lang3.time.FastDateFormat,434
Mon Sep 02 18:35:12 EDT 2019 org.apache.commons.lang3.time.FastDateFormat,435
Mon Sep 02 18:35:13 EDT 2019 org.apache.commons.lang3.time.FastDateFormat,437
Mon Sep 02 18:35:13 EDT 2019 Mon Sep 02 18:35:13 EDT 2019 : org.apache.commons.lang3.time.FastDateFormat,438=>Find no block
Mon Sep 02 18:35:14 EDT 2019 Mon Sep 02 18:35:14 EDT 2019 : org.apache.commons.lang3.time.FastDateFormat,107=>Find no block
Mon Sep 02 18:35:15 EDT 2019 Mon Sep 02 18:35:15 EDT 2019 : org.apache.commons.lang3.time.FastDateFormat,114=>Find no block
Mon Sep 02 18:35:15 EDT 2019 org.apache.commons.lang3.time.FastDateFormat,444
Mon Sep 02 18:43:00 EDT 2019 org.apache.commons.lang3.time.FastDateFormat,445
Mon Sep 02 18:43:01 EDT 2019 org.apache.commons.lang3.time.FastDateFormat,447
Failed time : 19/09/02 18:43
