=================================================
Project : lang_2	start : 19/09/02 15:24
Current failed test : org.apache.commons.lang3.LocaleUtilsTest::testParseAllLocales | 19/09/02 15:24
Mon Sep 02 15:25:24 EDT 2019 org.apache.commons.lang3.LocaleUtils,122
Mon Sep 02 15:28:45 EDT 2019 org.apache.commons.lang3.LocaleUtils,139
Mon Sep 02 15:31:31 EDT 2019 org.apache.commons.lang3.LocaleUtils,141
Mon Sep 02 15:38:48 EDT 2019 org.apache.commons.lang3.LocaleUtils,144
Mon Sep 02 15:44:06 EDT 2019 org.apache.commons.lang3.LocaleUtils,147
Mon Sep 02 15:52:33 EDT 2019 org.apache.commons.lang3.LocaleUtils,134
Mon Sep 02 16:01:38 EDT 2019 org.apache.commons.lang3.LocaleUtils,135
Mon Sep 02 16:01:38 EDT 2019 org.apache.commons.lang3.LocaleUtils,138
Mon Sep 02 16:01:38 EDT 2019 org.apache.commons.lang3.LocaleUtils,127
Mon Sep 02 16:06:50 EDT 2019 org.apache.commons.lang3.LocaleUtils,130
Mon Sep 02 16:21:42 EDT 2019 org.apache.commons.lang3.LocaleUtils,131
Mon Sep 02 16:21:43 EDT 2019 org.apache.commons.lang3.LocaleUtils,117
Mon Sep 02 16:30:20 EDT 2019 org.apache.commons.lang3.LocaleUtils,118
Mon Sep 02 16:33:51 EDT 2019 org.apache.commons.lang3.LocaleUtils,121
Mon Sep 02 16:33:51 EDT 2019 org.apache.commons.lang3.LocaleUtils,124
Mon Sep 02 16:41:01 EDT 2019 org.apache.commons.lang3.LocaleUtils,89
Mon Sep 02 16:42:04 EDT 2019 org.apache.commons.lang3.LocaleUtils,92
Mon Sep 02 16:58:31 EDT 2019 org.apache.commons.lang3.LocaleUtils,93
Mon Sep 02 16:58:32 EDT 2019 org.apache.commons.lang3.LocaleUtils,96
Mon Sep 02 17:07:43 EDT 2019 org.apache.commons.lang3.LocaleUtils,97
Mon Sep 02 17:25:35 EDT 2019 Mon Sep 02 17:25:35 EDT 2019 : org.apache.commons.lang3.LocaleUtils,309=>Find no block
Mon Sep 02 17:25:35 EDT 2019 Mon Sep 02 17:25:35 EDT 2019 : org.apache.commons.lang3.LocaleUtils,316=>Find no block
Mon Sep 02 17:25:35 EDT 2019 Mon Sep 02 17:25:35 EDT 2019 : org.apache.commons.lang3.LocaleUtils,317=>Find no block
Mon Sep 02 17:25:36 EDT 2019 Mon Sep 02 17:25:36 EDT 2019 : org.apache.commons.lang3.LocaleUtils,318=>Find no block
Mon Sep 02 17:25:36 EDT 2019 Mon Sep 02 17:25:36 EDT 2019 : org.apache.commons.lang3.LocaleUtils,319=>Find no block
Mon Sep 02 17:25:36 EDT 2019 Mon Sep 02 17:25:36 EDT 2019 : org.apache.commons.lang3.LocaleUtils,42=>Find no block
Mon Sep 02 17:25:36 EDT 2019 Mon Sep 02 17:25:36 EDT 2019 : org.apache.commons.lang3.LocaleUtils,46=>Find no block
Mon Sep 02 17:25:36 EDT 2019 org.apache.commons.lang3.LocaleUtils,214
Mon Sep 02 17:25:37 EDT 2019 org.apache.commons.lang3.LocaleUtils,239
Mon Sep 02 17:25:39 EDT 2019 org.apache.commons.lang3.LocaleUtils,57
Mon Sep 02 17:25:40 EDT 2019 Mon Sep 02 17:25:40 EDT 2019 : org.apache.commons.lang3.LocaleUtils,58=>Find no block
Mon Sep 02 17:25:40 EDT 2019 org.apache.commons.lang3.LocaleUtils,90
Mon Sep 02 17:25:40 EDT 2019 org.apache.commons.lang3.LocaleUtils,94
Mon Sep 02 17:25:41 EDT 2019 org.apache.commons.lang3.LocaleUtils,98
Mon Sep 02 17:25:41 EDT 2019 org.apache.commons.lang3.LocaleUtils,99
Mon Sep 02 17:25:41 EDT 2019 org.apache.commons.lang3.LocaleUtils,101
Mon Sep 02 17:38:10 EDT 2019 org.apache.commons.lang3.LocaleUtils,102
Mon Sep 02 17:46:20 EDT 2019 org.apache.commons.lang3.LocaleUtils,103
Mon Sep 02 17:46:21 EDT 2019 org.apache.commons.lang3.LocaleUtils,104
Mon Sep 02 17:46:21 EDT 2019 org.apache.commons.lang3.LocaleUtils,106
Mon Sep 02 17:46:21 EDT 2019 org.apache.commons.lang3.LocaleUtils,107
Mon Sep 02 17:46:21 EDT 2019 org.apache.commons.lang3.LocaleUtils,109
Mon Sep 02 17:46:21 EDT 2019 org.apache.commons.lang3.LocaleUtils,110
Mon Sep 02 17:46:22 EDT 2019 org.apache.commons.lang3.LocaleUtils,112
Mon Sep 02 17:46:22 EDT 2019 org.apache.commons.lang3.LocaleUtils,113
Mon Sep 02 17:46:22 EDT 2019 org.apache.commons.lang3.LocaleUtils,115
Mon Sep 02 17:53:03 EDT 2019 org.apache.commons.lang3.LocaleUtils,119
Mon Sep 02 17:53:04 EDT 2019 org.apache.commons.lang3.LocaleUtils,125
Mon Sep 02 17:53:04 EDT 2019 org.apache.commons.lang3.LocaleUtils,128
Mon Sep 02 17:53:04 EDT 2019 org.apache.commons.lang3.LocaleUtils,132
Mon Sep 02 17:53:04 EDT 2019 org.apache.commons.lang3.LocaleUtils,136
Mon Sep 02 17:53:05 EDT 2019 org.apache.commons.lang3.LocaleUtils,142
Mon Sep 02 17:53:05 EDT 2019 org.apache.commons.lang3.LocaleUtils,145
Mon Sep 02 17:53:05 EDT 2019 org.apache.commons.lang3.LocaleUtils,165
Mon Sep 02 17:53:06 EDT 2019 org.apache.commons.lang3.LocaleUtils,187
Mon Sep 02 17:54:21 EDT 2019 org.apache.commons.lang3.LocaleUtils,188
Mon Sep 02 17:54:22 EDT 2019 org.apache.commons.lang3.LocaleUtils,189
Mon Sep 02 17:54:22 EDT 2019 org.apache.commons.lang3.LocaleUtils,190
Mon Sep 02 17:54:22 EDT 2019 org.apache.commons.lang3.LocaleUtils,191
Mon Sep 02 17:54:22 EDT 2019 org.apache.commons.lang3.LocaleUtils,193
Mon Sep 02 17:54:23 EDT 2019 org.apache.commons.lang3.LocaleUtils,194
Mon Sep 02 17:54:23 EDT 2019 org.apache.commons.lang3.LocaleUtils,196
Mon Sep 02 17:54:23 EDT 2019 org.apache.commons.lang3.LocaleUtils,197
Mon Sep 02 17:54:23 EDT 2019 org.apache.commons.lang3.LocaleUtils,200
Mon Sep 02 17:55:12 EDT 2019 org.apache.commons.lang3.LocaleUtils,228
Mon Sep 02 17:55:13 EDT 2019 org.apache.commons.lang3.LocaleUtils,253
Mon Sep 02 17:55:22 EDT 2019 org.apache.commons.lang3.LocaleUtils,254
Mon Sep 02 17:55:22 EDT 2019 org.apache.commons.lang3.LocaleUtils,256
Mon Sep 02 17:57:04 EDT 2019 org.apache.commons.lang3.LocaleUtils,257
Mon Sep 02 17:59:35 EDT 2019 org.apache.commons.lang3.LocaleUtils,258
Mon Sep 02 18:01:13 EDT 2019 org.apache.commons.lang3.LocaleUtils,259
Mon Sep 02 18:01:13 EDT 2019 org.apache.commons.lang3.LocaleUtils,260
Mon Sep 02 18:01:13 EDT 2019 org.apache.commons.lang3.LocaleUtils,261
Mon Sep 02 18:01:13 EDT 2019 org.apache.commons.lang3.LocaleUtils,262
Mon Sep 02 18:01:14 EDT 2019 org.apache.commons.lang3.LocaleUtils,264
Mon Sep 02 18:01:14 EDT 2019 org.apache.commons.lang3.LocaleUtils,267
Mon Sep 02 18:02:44 EDT 2019 org.apache.commons.lang3.LocaleUtils,268
Mon Sep 02 18:03:29 EDT 2019 org.apache.commons.lang3.LocaleUtils,269
Mon Sep 02 18:03:29 EDT 2019 org.apache.commons.lang3.LocaleUtils,271
Mon Sep 02 18:04:49 EDT 2019 org.apache.commons.lang3.LocaleUtils,285
Mon Sep 02 18:04:58 EDT 2019 org.apache.commons.lang3.LocaleUtils,286
Mon Sep 02 18:04:59 EDT 2019 org.apache.commons.lang3.LocaleUtils,288
Mon Sep 02 18:06:25 EDT 2019 org.apache.commons.lang3.LocaleUtils,289
Mon Sep 02 18:09:25 EDT 2019 org.apache.commons.lang3.LocaleUtils,290
Mon Sep 02 18:13:25 EDT 2019 org.apache.commons.lang3.LocaleUtils,291
Mon Sep 02 18:13:25 EDT 2019 org.apache.commons.lang3.LocaleUtils,292
Mon Sep 02 18:13:26 EDT 2019 org.apache.commons.lang3.LocaleUtils,293
Mon Sep 02 18:13:26 EDT 2019 org.apache.commons.lang3.LocaleUtils,294
Mon Sep 02 18:13:26 EDT 2019 org.apache.commons.lang3.LocaleUtils,297
Mon Sep 02 18:13:26 EDT 2019 org.apache.commons.lang3.LocaleUtils,300
Mon Sep 02 18:16:12 EDT 2019 org.apache.commons.lang3.LocaleUtils,301
Mon Sep 02 18:16:54 EDT 2019 org.apache.commons.lang3.LocaleUtils,302
Mon Sep 02 18:16:54 EDT 2019 org.apache.commons.lang3.LocaleUtils,304
Failed time : 19/09/02 18:18
