=================================================
Project : lang_20	start : 19/09/02 15:24
Current failed test : org.apache.commons.lang3.StringUtilsTest::testJoin_Objectarray_purify_6 | 19/09/02 15:26
Mon Sep 02 15:27:13 EDT 2019 org.apache.commons.lang3.StringUtils,3257
Mon Sep 02 15:27:41 EDT 2019 org.apache.commons.lang3.StringUtils,3256
Mon Sep 02 15:27:42 EDT 2019 org.apache.commons.lang3.StringUtils,3260
Mon Sep 02 15:29:36 EDT 2019 org.apache.commons.lang3.StringUtils,3290
Mon Sep 02 15:29:36 EDT 2019 org.apache.commons.lang3.StringUtils,3293
Mon Sep 02 15:32:34 EDT 2019 org.apache.commons.lang3.StringUtils,3294
Mon Sep 02 15:32:34 EDT 2019 org.apache.commons.lang3.StringUtils,3295
Mon Sep 02 15:32:35 EDT 2019 org.apache.commons.lang3.StringUtils,3298
Mon Sep 02 15:58:06 EDT 2019 org.apache.commons.lang3.StringUtils,3300
Mon Sep 02 15:58:09 EDT 2019 org.apache.commons.lang3.StringUtils,3301
Mon Sep 02 15:58:10 EDT 2019 org.apache.commons.lang3.StringUtils,3302
Mon Sep 02 15:58:15 EDT 2019 org.apache.commons.lang3.StringUtils,3304
Mon Sep 02 15:58:20 EDT 2019 org.apache.commons.lang3.StringUtils,3305
Mon Sep 02 15:58:21 EDT 2019 org.apache.commons.lang3.StringUtils,3308
Mon Sep 02 16:09:19 EDT 2019 org.apache.commons.lang3.StringUtils,3230
Mon Sep 02 16:09:48 EDT 2019 org.apache.commons.lang3.StringUtils,3336
Mon Sep 02 16:09:49 EDT 2019 org.apache.commons.lang3.StringUtils,3380
Mon Sep 02 16:09:50 EDT 2019 org.apache.commons.lang3.StringUtils,3335
Mon Sep 02 16:09:51 EDT 2019 org.apache.commons.lang3.StringUtils,3338
Mon Sep 02 16:09:52 EDT 2019 org.apache.commons.lang3.StringUtils,3369
Mon Sep 02 16:09:53 EDT 2019 org.apache.commons.lang3.StringUtils,3372
Mon Sep 02 16:11:16 EDT 2019 org.apache.commons.lang3.StringUtils,3373
Mon Sep 02 16:11:17 EDT 2019 org.apache.commons.lang3.StringUtils,3378
Mon Sep 02 16:16:52 EDT 2019 org.apache.commons.lang3.StringUtils,3379
Mon Sep 02 16:16:54 EDT 2019 org.apache.commons.lang3.StringUtils,3383
Mon Sep 02 16:25:32 EDT 2019 org.apache.commons.lang3.StringUtils,3385
Mon Sep 02 16:25:33 EDT 2019 org.apache.commons.lang3.StringUtils,3386
Mon Sep 02 16:25:34 EDT 2019 org.apache.commons.lang3.StringUtils,3389
Mon Sep 02 16:25:35 EDT 2019 org.apache.commons.lang3.StringUtils,3393
Mon Sep 02 16:25:36 EDT 2019 Mon Sep 02 16:25:36 EDT 2019 : org.apache.commons.lang3.StringUtils,147=>Find no block
Mon Sep 02 16:25:37 EDT 2019 Mon Sep 02 16:25:37 EDT 2019 : org.apache.commons.lang3.StringUtils,704=>Find no block
Mon Sep 02 16:25:38 EDT 2019 Mon Sep 02 16:25:38 EDT 2019 : org.apache.commons.lang3.StringUtils,705=>Find no block
Mon Sep 02 16:25:38 EDT 2019 Mon Sep 02 16:25:38 EDT 2019 : org.apache.commons.lang3.StringUtils,706=>Find no block
Mon Sep 02 16:25:40 EDT 2019 Mon Sep 02 16:25:40 EDT 2019 : org.apache.commons.lang3.StringUtils,708=>Find no block
Mon Sep 02 16:25:41 EDT 2019 Mon Sep 02 16:25:41 EDT 2019 : org.apache.commons.lang3.StringUtils,709=>Find no block
Mon Sep 02 16:25:42 EDT 2019 Mon Sep 02 16:25:42 EDT 2019 : org.apache.commons.lang3.StringUtils,710=>Find no block
Mon Sep 02 16:25:43 EDT 2019 Mon Sep 02 16:25:43 EDT 2019 : org.apache.commons.lang3.StringUtils,711=>Find no block
Mon Sep 02 16:25:44 EDT 2019 Mon Sep 02 16:25:44 EDT 2019 : org.apache.commons.lang3.StringUtils,717=>Find no block
Mon Sep 02 16:25:46 EDT 2019 Mon Sep 02 16:25:46 EDT 2019 : org.apache.commons.lang3.StringUtils,719=>Find no block
Mon Sep 02 16:25:47 EDT 2019 Mon Sep 02 16:25:47 EDT 2019 : org.apache.commons.lang3.StringUtils,720=>Find no block
Mon Sep 02 16:25:48 EDT 2019 Mon Sep 02 16:25:48 EDT 2019 : org.apache.commons.lang3.StringUtils,722=>Find no block
Mon Sep 02 16:25:49 EDT 2019 Mon Sep 02 16:25:49 EDT 2019 : org.apache.commons.lang3.StringUtils,724=>Find no block
Mon Sep 02 16:25:50 EDT 2019 Mon Sep 02 16:25:50 EDT 2019 : org.apache.commons.lang3.StringUtils,733=>Find no block
Mon Sep 02 16:25:51 EDT 2019 Mon Sep 02 16:25:51 EDT 2019 : org.apache.commons.lang3.StringUtils,737=>Find no block
Mon Sep 02 16:25:53 EDT 2019 Mon Sep 02 16:25:53 EDT 2019 : org.apache.commons.lang3.StringUtils,739=>Find no block
Mon Sep 02 16:25:54 EDT 2019 Mon Sep 02 16:25:54 EDT 2019 : org.apache.commons.lang3.StringUtils,744=>Find no block
Mon Sep 02 16:25:55 EDT 2019 Mon Sep 02 16:25:55 EDT 2019 : org.apache.commons.lang3.StringUtils,745=>Find no block
Mon Sep 02 16:25:55 EDT 2019 Mon Sep 02 16:25:55 EDT 2019 : org.apache.commons.lang3.StringUtils,747=>Find no block
Mon Sep 02 16:25:56 EDT 2019 org.apache.commons.lang3.StringUtils,158
Mon Sep 02 16:26:00 EDT 2019 Mon Sep 02 16:26:00 EDT 2019 : org.apache.commons.lang3.StringUtils,159=>Find no block
Mon Sep 02 16:26:00 EDT 2019 Mon Sep 02 16:26:00 EDT 2019 : org.apache.commons.lang3.StringUtils,725=>Find no block
Mon Sep 02 16:26:02 EDT 2019 Mon Sep 02 16:26:02 EDT 2019 : org.apache.commons.lang3.StringUtils,726=>Find no block
Mon Sep 02 16:26:03 EDT 2019 Mon Sep 02 16:26:03 EDT 2019 : org.apache.commons.lang3.StringUtils,727=>Find no block
Mon Sep 02 16:26:04 EDT 2019 Mon Sep 02 16:26:04 EDT 2019 : org.apache.commons.lang3.StringUtils,728=>Find no block
Mon Sep 02 16:26:05 EDT 2019 Mon Sep 02 16:26:05 EDT 2019 : org.apache.commons.lang3.StringUtils,729=>Find no block
Mon Sep 02 16:26:05 EDT 2019 Mon Sep 02 16:26:05 EDT 2019 : org.apache.commons.lang3.StringUtils,730=>Find no block
Mon Sep 02 16:26:06 EDT 2019 Mon Sep 02 16:26:06 EDT 2019 : org.apache.commons.lang3.StringUtils,731=>Find no block
Mon Sep 02 16:26:07 EDT 2019 Mon Sep 02 16:26:07 EDT 2019 : org.apache.commons.lang3.StringUtils,732=>Find no block
Mon Sep 02 16:26:07 EDT 2019 Mon Sep 02 16:26:07 EDT 2019 : org.apache.commons.lang3.StringUtils,741=>Find no block
Mon Sep 02 16:26:08 EDT 2019 Mon Sep 02 16:26:08 EDT 2019 : org.apache.commons.lang3.StringUtils,746=>Find no block
Mon Sep 02 16:26:09 EDT 2019 Mon Sep 02 16:26:09 EDT 2019 : org.apache.commons.lang3.StringUtils,742=>Find no block
Mon Sep 02 16:26:10 EDT 2019 Mon Sep 02 16:26:10 EDT 2019 : org.apache.commons.lang3.StringUtils,743=>Find no block
Mon Sep 02 16:26:11 EDT 2019 org.apache.commons.lang3.StringUtils,183
Mon Sep 02 16:26:49 EDT 2019 org.apache.commons.lang3.StringUtils,202
Mon Sep 02 16:27:19 EDT 2019 org.apache.commons.lang3.StringUtils,223
Mon Sep 02 16:30:31 EDT 2019 org.apache.commons.lang3.StringUtils,224
Mon Sep 02 16:30:32 EDT 2019 org.apache.commons.lang3.StringUtils,226
Mon Sep 02 16:35:04 EDT 2019 org.apache.commons.lang3.StringUtils,227
Mon Sep 02 16:35:04 EDT 2019 org.apache.commons.lang3.StringUtils,228
Mon Sep 02 16:35:05 EDT 2019 org.apache.commons.lang3.StringUtils,231
Mon Sep 02 16:44:03 EDT 2019 org.apache.commons.lang3.StringUtils,252
Mon Sep 02 16:44:32 EDT 2019 org.apache.commons.lang3.StringUtils,281
Mon Sep 02 16:45:56 EDT 2019 org.apache.commons.lang3.StringUtils,307
Mon Sep 02 16:48:25 EDT 2019 org.apache.commons.lang3.StringUtils,308
Mon Sep 02 16:48:26 EDT 2019 org.apache.commons.lang3.StringUtils,333
Mon Sep 02 16:49:30 EDT 2019 org.apache.commons.lang3.StringUtils,361
Mon Sep 02 16:52:30 EDT 2019 org.apache.commons.lang3.StringUtils,388
Mon Sep 02 16:54:58 EDT 2019 org.apache.commons.lang3.StringUtils,389
Mon Sep 02 16:54:59 EDT 2019 org.apache.commons.lang3.StringUtils,391
Mon Sep 02 17:00:24 EDT 2019 org.apache.commons.lang3.StringUtils,392
Mon Sep 02 17:00:25 EDT 2019 org.apache.commons.lang3.StringUtils,418
Mon Sep 02 17:01:25 EDT 2019 org.apache.commons.lang3.StringUtils,448
Mon Sep 02 17:02:42 EDT 2019 org.apache.commons.lang3.StringUtils,449
Mon Sep 02 17:02:43 EDT 2019 org.apache.commons.lang3.StringUtils,451
Mon Sep 02 17:06:48 EDT 2019 org.apache.commons.lang3.StringUtils,452
Mon Sep 02 17:06:49 EDT 2019 org.apache.commons.lang3.StringUtils,481
Mon Sep 02 17:11:56 EDT 2019 org.apache.commons.lang3.StringUtils,482
Mon Sep 02 17:11:56 EDT 2019 org.apache.commons.lang3.StringUtils,484
Mon Sep 02 17:18:01 EDT 2019 org.apache.commons.lang3.StringUtils,485
Mon Sep 02 17:42:52 EDT 2019 org.apache.commons.lang3.StringUtils,486
Mon Sep 02 17:42:53 EDT 2019 org.apache.commons.lang3.StringUtils,487
Mon Sep 02 17:42:53 EDT 2019 org.apache.commons.lang3.StringUtils,489
Mon Sep 02 17:42:54 EDT 2019 org.apache.commons.lang3.StringUtils,490
Mon Sep 02 17:42:55 EDT 2019 org.apache.commons.lang3.StringUtils,492
Mon Sep 02 17:42:56 EDT 2019 org.apache.commons.lang3.StringUtils,493
Mon Sep 02 17:42:57 EDT 2019 org.apache.commons.lang3.StringUtils,496
Timeout time : 19/09/02 17:57
Current failed test : org.apache.commons.lang3.StringUtilsTest::testJoin_ArrayChar_purify_8 | 19/09/02 17:57
Mon Sep 02 17:57:56 EDT 2019 org.apache.commons.lang3.StringUtils,3257
Mon Sep 02 17:58:22 EDT 2019 org.apache.commons.lang3.StringUtils,3256
Mon Sep 02 17:58:22 EDT 2019 org.apache.commons.lang3.StringUtils,3260
Mon Sep 02 18:00:13 EDT 2019 org.apache.commons.lang3.StringUtils,3290
Mon Sep 02 18:00:14 EDT 2019 org.apache.commons.lang3.StringUtils,3293
Mon Sep 02 18:03:19 EDT 2019 org.apache.commons.lang3.StringUtils,3294
Mon Sep 02 18:03:20 EDT 2019 org.apache.commons.lang3.StringUtils,3295
Mon Sep 02 18:03:20 EDT 2019 org.apache.commons.lang3.StringUtils,3298
Mon Sep 02 18:29:31 EDT 2019 org.apache.commons.lang3.StringUtils,3300
Mon Sep 02 18:29:32 EDT 2019 org.apache.commons.lang3.StringUtils,3301
Mon Sep 02 18:29:33 EDT 2019 org.apache.commons.lang3.StringUtils,3302
Mon Sep 02 18:29:34 EDT 2019 org.apache.commons.lang3.StringUtils,3304
Mon Sep 02 18:29:35 EDT 2019 org.apache.commons.lang3.StringUtils,3305
Mon Sep 02 18:29:36 EDT 2019 org.apache.commons.lang3.StringUtils,3308
Mon Sep 02 18:39:28 EDT 2019 org.apache.commons.lang3.StringUtils,3230
Mon Sep 02 18:39:56 EDT 2019 org.apache.commons.lang3.StringUtils,3336
Mon Sep 02 18:39:57 EDT 2019 org.apache.commons.lang3.StringUtils,3380
Mon Sep 02 18:39:57 EDT 2019 org.apache.commons.lang3.StringUtils,3335
Mon Sep 02 18:39:58 EDT 2019 org.apache.commons.lang3.StringUtils,3338
Mon Sep 02 18:40:00 EDT 2019 org.apache.commons.lang3.StringUtils,3369
Mon Sep 02 18:40:01 EDT 2019 org.apache.commons.lang3.StringUtils,3372
Mon Sep 02 18:41:15 EDT 2019 org.apache.commons.lang3.StringUtils,3373
Mon Sep 02 18:41:16 EDT 2019 org.apache.commons.lang3.StringUtils,3378
Mon Sep 02 18:46:13 EDT 2019 org.apache.commons.lang3.StringUtils,3379
Mon Sep 02 18:46:14 EDT 2019 org.apache.commons.lang3.StringUtils,3383
Mon Sep 02 18:53:48 EDT 2019 org.apache.commons.lang3.StringUtils,3385
Mon Sep 02 18:53:49 EDT 2019 org.apache.commons.lang3.StringUtils,3386
Mon Sep 02 18:53:49 EDT 2019 org.apache.commons.lang3.StringUtils,3389
Mon Sep 02 18:53:50 EDT 2019 org.apache.commons.lang3.StringUtils,3393
Mon Sep 02 18:53:51 EDT 2019 Mon Sep 02 18:53:51 EDT 2019 : org.apache.commons.lang3.StringUtils,147=>Find no block
Mon Sep 02 18:53:51 EDT 2019 Mon Sep 02 18:53:51 EDT 2019 : org.apache.commons.lang3.StringUtils,704=>Find no block
Mon Sep 02 18:53:52 EDT 2019 Mon Sep 02 18:53:52 EDT 2019 : org.apache.commons.lang3.StringUtils,705=>Find no block
Mon Sep 02 18:53:52 EDT 2019 Mon Sep 02 18:53:52 EDT 2019 : org.apache.commons.lang3.StringUtils,706=>Find no block
Mon Sep 02 18:53:53 EDT 2019 Mon Sep 02 18:53:53 EDT 2019 : org.apache.commons.lang3.StringUtils,708=>Find no block
Mon Sep 02 18:53:54 EDT 2019 Mon Sep 02 18:53:54 EDT 2019 : org.apache.commons.lang3.StringUtils,709=>Find no block
Mon Sep 02 18:53:54 EDT 2019 Mon Sep 02 18:53:54 EDT 2019 : org.apache.commons.lang3.StringUtils,710=>Find no block
Mon Sep 02 18:53:55 EDT 2019 Mon Sep 02 18:53:55 EDT 2019 : org.apache.commons.lang3.StringUtils,711=>Find no block
Mon Sep 02 18:53:55 EDT 2019 Mon Sep 02 18:53:55 EDT 2019 : org.apache.commons.lang3.StringUtils,717=>Find no block
Mon Sep 02 18:53:56 EDT 2019 Mon Sep 02 18:53:56 EDT 2019 : org.apache.commons.lang3.StringUtils,719=>Find no block
Mon Sep 02 18:53:56 EDT 2019 Mon Sep 02 18:53:56 EDT 2019 : org.apache.commons.lang3.StringUtils,720=>Find no block
Mon Sep 02 18:53:57 EDT 2019 Mon Sep 02 18:53:57 EDT 2019 : org.apache.commons.lang3.StringUtils,722=>Find no block
Mon Sep 02 18:53:57 EDT 2019 Mon Sep 02 18:53:57 EDT 2019 : org.apache.commons.lang3.StringUtils,724=>Find no block
Mon Sep 02 18:53:58 EDT 2019 Mon Sep 02 18:53:58 EDT 2019 : org.apache.commons.lang3.StringUtils,733=>Find no block
Mon Sep 02 18:53:59 EDT 2019 Mon Sep 02 18:53:59 EDT 2019 : org.apache.commons.lang3.StringUtils,737=>Find no block
Mon Sep 02 18:53:59 EDT 2019 Mon Sep 02 18:53:59 EDT 2019 : org.apache.commons.lang3.StringUtils,739=>Find no block
Mon Sep 02 18:54:00 EDT 2019 Mon Sep 02 18:54:00 EDT 2019 : org.apache.commons.lang3.StringUtils,744=>Find no block
Mon Sep 02 18:54:00 EDT 2019 Mon Sep 02 18:54:00 EDT 2019 : org.apache.commons.lang3.StringUtils,745=>Find no block
Mon Sep 02 18:54:01 EDT 2019 Mon Sep 02 18:54:01 EDT 2019 : org.apache.commons.lang3.StringUtils,747=>Find no block
Mon Sep 02 18:54:01 EDT 2019 org.apache.commons.lang3.StringUtils,158
Mon Sep 02 18:54:03 EDT 2019 Mon Sep 02 18:54:03 EDT 2019 : org.apache.commons.lang3.StringUtils,159=>Find no block
Mon Sep 02 18:54:04 EDT 2019 Mon Sep 02 18:54:04 EDT 2019 : org.apache.commons.lang3.StringUtils,725=>Find no block
Mon Sep 02 18:54:04 EDT 2019 Mon Sep 02 18:54:04 EDT 2019 : org.apache.commons.lang3.StringUtils,726=>Find no block
Mon Sep 02 18:54:05 EDT 2019 Mon Sep 02 18:54:05 EDT 2019 : org.apache.commons.lang3.StringUtils,727=>Find no block
Mon Sep 02 18:54:05 EDT 2019 Mon Sep 02 18:54:05 EDT 2019 : org.apache.commons.lang3.StringUtils,728=>Find no block
Mon Sep 02 18:54:06 EDT 2019 Mon Sep 02 18:54:06 EDT 2019 : org.apache.commons.lang3.StringUtils,729=>Find no block
Mon Sep 02 18:54:06 EDT 2019 Mon Sep 02 18:54:06 EDT 2019 : org.apache.commons.lang3.StringUtils,730=>Find no block
Mon Sep 02 18:54:07 EDT 2019 Mon Sep 02 18:54:07 EDT 2019 : org.apache.commons.lang3.StringUtils,731=>Find no block
Mon Sep 02 18:54:07 EDT 2019 Mon Sep 02 18:54:07 EDT 2019 : org.apache.commons.lang3.StringUtils,732=>Find no block
Mon Sep 02 18:54:08 EDT 2019 Mon Sep 02 18:54:08 EDT 2019 : org.apache.commons.lang3.StringUtils,741=>Find no block
Mon Sep 02 18:54:08 EDT 2019 Mon Sep 02 18:54:08 EDT 2019 : org.apache.commons.lang3.StringUtils,746=>Find no block
Mon Sep 02 18:54:09 EDT 2019 Mon Sep 02 18:54:09 EDT 2019 : org.apache.commons.lang3.StringUtils,742=>Find no block
Mon Sep 02 18:54:09 EDT 2019 Mon Sep 02 18:54:09 EDT 2019 : org.apache.commons.lang3.StringUtils,743=>Find no block
Mon Sep 02 18:54:10 EDT 2019 org.apache.commons.lang3.StringUtils,183
Mon Sep 02 18:54:43 EDT 2019 org.apache.commons.lang3.StringUtils,202
Mon Sep 02 18:55:08 EDT 2019 org.apache.commons.lang3.StringUtils,223
Mon Sep 02 18:57:49 EDT 2019 org.apache.commons.lang3.StringUtils,224
Mon Sep 02 18:57:50 EDT 2019 org.apache.commons.lang3.StringUtils,226
Mon Sep 02 19:01:43 EDT 2019 org.apache.commons.lang3.StringUtils,227
Mon Sep 02 19:01:43 EDT 2019 org.apache.commons.lang3.StringUtils,228
Mon Sep 02 19:01:44 EDT 2019 org.apache.commons.lang3.StringUtils,231
Mon Sep 02 19:09:17 EDT 2019 org.apache.commons.lang3.StringUtils,252
Mon Sep 02 19:09:39 EDT 2019 org.apache.commons.lang3.StringUtils,281
Mon Sep 02 19:10:43 EDT 2019 org.apache.commons.lang3.StringUtils,307
Mon Sep 02 19:12:42 EDT 2019 org.apache.commons.lang3.StringUtils,308
Mon Sep 02 19:12:43 EDT 2019 org.apache.commons.lang3.StringUtils,333
Mon Sep 02 19:13:37 EDT 2019 org.apache.commons.lang3.StringUtils,361
Mon Sep 02 19:15:55 EDT 2019 org.apache.commons.lang3.StringUtils,388
Mon Sep 02 19:17:55 EDT 2019 org.apache.commons.lang3.StringUtils,389
Mon Sep 02 19:17:56 EDT 2019 org.apache.commons.lang3.StringUtils,391
Mon Sep 02 19:22:27 EDT 2019 org.apache.commons.lang3.StringUtils,392
Mon Sep 02 19:22:28 EDT 2019 org.apache.commons.lang3.StringUtils,418
Mon Sep 02 19:23:17 EDT 2019 org.apache.commons.lang3.StringUtils,448
Mon Sep 02 19:24:19 EDT 2019 org.apache.commons.lang3.StringUtils,449
Mon Sep 02 19:24:20 EDT 2019 org.apache.commons.lang3.StringUtils,451
Mon Sep 02 19:27:28 EDT 2019 org.apache.commons.lang3.StringUtils,452
Mon Sep 02 19:27:28 EDT 2019 org.apache.commons.lang3.StringUtils,481
Mon Sep 02 19:31:43 EDT 2019 org.apache.commons.lang3.StringUtils,482
Mon Sep 02 19:31:44 EDT 2019 org.apache.commons.lang3.StringUtils,484
Mon Sep 02 19:37:07 EDT 2019 org.apache.commons.lang3.StringUtils,485
Mon Sep 02 19:56:26 EDT 2019 org.apache.commons.lang3.StringUtils,486
Mon Sep 02 19:56:27 EDT 2019 org.apache.commons.lang3.StringUtils,487
Mon Sep 02 19:56:27 EDT 2019 org.apache.commons.lang3.StringUtils,489
Mon Sep 02 19:56:28 EDT 2019 org.apache.commons.lang3.StringUtils,490
Mon Sep 02 19:56:28 EDT 2019 org.apache.commons.lang3.StringUtils,492
Mon Sep 02 19:56:29 EDT 2019 org.apache.commons.lang3.StringUtils,493
Mon Sep 02 19:56:30 EDT 2019 org.apache.commons.lang3.StringUtils,496
Mon Sep 02 20:22:57 EDT 2019 org.apache.commons.lang3.StringUtils,526
Mon Sep 02 20:26:46 EDT 2019 org.apache.commons.lang3.StringUtils,527
Mon Sep 02 20:26:47 EDT 2019 org.apache.commons.lang3.StringUtils,530
Timeout time : 19/09/02 20:27
