=================================================
Project : lang_21	start : 19/09/02 15:24
Current failed test : org.apache.commons.lang3.time.DateUtilsTest::testIsSameLocalTime_Cal | 19/09/02 15:24
Mon Sep 02 15:25:34 EDT 2019 org.apache.commons.lang3.time.DateUtils,259
Mon Sep 02 15:25:46 EDT 2019 org.apache.commons.lang3.time.DateUtils,262
Mon Sep 02 15:27:19 EDT 2019 Mon Sep 02 15:27:19 EDT 2019 : org.apache.commons.lang3.time.DateUtils,60=>Find no block
Mon Sep 02 15:27:20 EDT 2019 Mon Sep 02 15:27:20 EDT 2019 : org.apache.commons.lang3.time.DateUtils,88=>Find no block
Mon Sep 02 15:27:21 EDT 2019 org.apache.commons.lang3.time.DateUtils,1832
Mon Sep 02 15:28:29 EDT 2019 org.apache.commons.lang3.time.DateUtils,1833
Mon Sep 02 15:28:30 EDT 2019 org.apache.commons.lang3.time.DateUtils,1834
Mon Sep 02 15:28:31 EDT 2019 org.apache.commons.lang3.time.DateUtils,1835
Mon Sep 02 15:28:32 EDT 2019 Mon Sep 02 15:28:32 EDT 2019 : org.apache.commons.lang3.time.DateUtils,1836=>Find no block
Mon Sep 02 15:28:32 EDT 2019 org.apache.commons.lang3.time.DateUtils,1844
Mon Sep 02 15:28:35 EDT 2019 org.apache.commons.lang3.time.DateUtils,1853
Mon Sep 02 15:29:45 EDT 2019 org.apache.commons.lang3.time.DateUtils,1854
Mon Sep 02 15:29:46 EDT 2019 org.apache.commons.lang3.time.DateUtils,1856
Mon Sep 02 15:31:45 EDT 2019 org.apache.commons.lang3.time.DateUtils,1857
Mon Sep 02 15:31:46 EDT 2019 org.apache.commons.lang3.time.DateUtils,1867
Mon Sep 02 15:31:48 EDT 2019 Mon Sep 02 15:31:48 EDT 2019 : org.apache.commons.lang3.time.DateUtils,1821=>Find no block
Mon Sep 02 15:31:49 EDT 2019 org.apache.commons.lang3.time.DateUtils,158
Mon Sep 02 15:31:52 EDT 2019 Mon Sep 02 15:31:52 EDT 2019 : org.apache.commons.lang3.time.DateUtils,159=>Find no block
Mon Sep 02 15:31:52 EDT 2019 org.apache.commons.lang3.time.DateUtils,176
Mon Sep 02 15:31:56 EDT 2019 org.apache.commons.lang3.time.DateUtils,177
Mon Sep 02 15:31:56 EDT 2019 org.apache.commons.lang3.time.DateUtils,179
Mon Sep 02 15:32:45 EDT 2019 org.apache.commons.lang3.time.DateUtils,180
Mon Sep 02 15:32:45 EDT 2019 org.apache.commons.lang3.time.DateUtils,181
Mon Sep 02 15:32:46 EDT 2019 org.apache.commons.lang3.time.DateUtils,182
Mon Sep 02 15:32:46 EDT 2019 org.apache.commons.lang3.time.DateUtils,183
Mon Sep 02 15:32:47 EDT 2019 org.apache.commons.lang3.time.DateUtils,200
Mon Sep 02 15:32:48 EDT 2019 org.apache.commons.lang3.time.DateUtils,201
Mon Sep 02 15:32:49 EDT 2019 org.apache.commons.lang3.time.DateUtils,203
Mon Sep 02 16:01:46 EDT 2019 org.apache.commons.lang3.time.DateUtils,221
Mon Sep 02 16:01:47 EDT 2019 org.apache.commons.lang3.time.DateUtils,222
Mon Sep 02 16:01:48 EDT 2019 org.apache.commons.lang3.time.DateUtils,224
Mon Sep 02 16:04:02 EDT 2019 org.apache.commons.lang3.time.DateUtils,239
Mon Sep 02 16:04:03 EDT 2019 org.apache.commons.lang3.time.DateUtils,240
Mon Sep 02 16:04:04 EDT 2019 org.apache.commons.lang3.time.DateUtils,242
Mon Sep 02 16:04:38 EDT 2019 org.apache.commons.lang3.time.DateUtils,260
Mon Sep 02 16:04:38 EDT 2019 org.apache.commons.lang3.time.DateUtils,288
Mon Sep 02 16:05:05 EDT 2019 org.apache.commons.lang3.time.DateUtils,308
Mon Sep 02 16:05:32 EDT 2019 org.apache.commons.lang3.time.DateUtils,328
Mon Sep 02 16:11:31 EDT 2019 org.apache.commons.lang3.time.DateUtils,329
Mon Sep 02 16:11:32 EDT 2019 org.apache.commons.lang3.time.DateUtils,332
Mon Sep 02 16:18:57 EDT 2019 org.apache.commons.lang3.time.DateUtils,333
Mon Sep 02 16:19:38 EDT 2019 org.apache.commons.lang3.time.DateUtils,334
Mon Sep 02 16:19:39 EDT 2019 org.apache.commons.lang3.time.DateUtils,335
Mon Sep 02 16:38:32 EDT 2019 org.apache.commons.lang3.time.DateUtils,337
Mon Sep 02 16:40:44 EDT 2019 org.apache.commons.lang3.time.DateUtils,340
Mon Sep 02 16:40:45 EDT 2019 org.apache.commons.lang3.time.DateUtils,341
Mon Sep 02 16:40:45 EDT 2019 org.apache.commons.lang3.time.DateUtils,344
Mon Sep 02 16:45:17 EDT 2019 org.apache.commons.lang3.time.DateUtils,345
Mon Sep 02 16:49:52 EDT 2019 org.apache.commons.lang3.time.DateUtils,347
Mon Sep 02 16:57:05 EDT 2019 org.apache.commons.lang3.time.DateUtils,349
Mon Sep 02 16:57:05 EDT 2019 org.apache.commons.lang3.time.DateUtils,350
Mon Sep 02 16:57:06 EDT 2019 org.apache.commons.lang3.time.DateUtils,353
Mon Sep 02 17:06:10 EDT 2019 org.apache.commons.lang3.time.DateUtils,354
Mon Sep 02 17:06:10 EDT 2019 org.apache.commons.lang3.time.DateUtils,355
Mon Sep 02 17:06:11 EDT 2019 org.apache.commons.lang3.time.DateUtils,358
Mon Sep 02 17:21:20 EDT 2019 org.apache.commons.lang3.time.DateUtils,372
Mon Sep 02 17:23:48 EDT 2019 org.apache.commons.lang3.time.DateUtils,386
Mon Sep 02 17:26:11 EDT 2019 org.apache.commons.lang3.time.DateUtils,400
Mon Sep 02 17:28:41 EDT 2019 org.apache.commons.lang3.time.DateUtils,414
Mon Sep 02 17:31:12 EDT 2019 org.apache.commons.lang3.time.DateUtils,428
Mon Sep 02 17:33:34 EDT 2019 org.apache.commons.lang3.time.DateUtils,442
Mon Sep 02 17:35:47 EDT 2019 org.apache.commons.lang3.time.DateUtils,456
Mon Sep 02 17:37:59 EDT 2019 org.apache.commons.lang3.time.DateUtils,470
Mon Sep 02 17:40:17 EDT 2019 org.apache.commons.lang3.time.DateUtils,485
Mon Sep 02 17:40:29 EDT 2019 org.apache.commons.lang3.time.DateUtils,486
Mon Sep 02 17:40:30 EDT 2019 org.apache.commons.lang3.time.DateUtils,488
Mon Sep 02 17:42:51 EDT 2019 org.apache.commons.lang3.time.DateUtils,489
Mon Sep 02 17:42:52 EDT 2019 org.apache.commons.lang3.time.DateUtils,490
Mon Sep 02 17:42:53 EDT 2019 org.apache.commons.lang3.time.DateUtils,491
Mon Sep 02 17:42:53 EDT 2019 org.apache.commons.lang3.time.DateUtils,506
Mon Sep 02 17:45:16 EDT 2019 org.apache.commons.lang3.time.DateUtils,521
Mon Sep 02 17:47:37 EDT 2019 org.apache.commons.lang3.time.DateUtils,536
Mon Sep 02 17:49:50 EDT 2019 org.apache.commons.lang3.time.DateUtils,552
Mon Sep 02 17:52:10 EDT 2019 org.apache.commons.lang3.time.DateUtils,567
Mon Sep 02 17:54:30 EDT 2019 org.apache.commons.lang3.time.DateUtils,582
Mon Sep 02 17:56:41 EDT 2019 org.apache.commons.lang3.time.DateUtils,597
Mon Sep 02 17:58:50 EDT 2019 org.apache.commons.lang3.time.DateUtils,614
Mon Sep 02 17:58:50 EDT 2019 org.apache.commons.lang3.time.DateUtils,615
Mon Sep 02 17:58:51 EDT 2019 org.apache.commons.lang3.time.DateUtils,618
Mon Sep 02 18:00:35 EDT 2019 org.apache.commons.lang3.time.DateUtils,619
Mon Sep 02 18:00:36 EDT 2019 org.apache.commons.lang3.time.DateUtils,620
Mon Sep 02 18:00:37 EDT 2019 org.apache.commons.lang3.time.DateUtils,621
Mon Sep 02 18:00:38 EDT 2019 org.apache.commons.lang3.time.DateUtils,622
Mon Sep 02 18:00:39 EDT 2019 org.apache.commons.lang3.time.DateUtils,635
Mon Sep 02 18:03:28 EDT 2019 org.apache.commons.lang3.time.DateUtils,636
Mon Sep 02 18:03:29 EDT 2019 org.apache.commons.lang3.time.DateUtils,637
Mon Sep 02 18:03:30 EDT 2019 org.apache.commons.lang3.time.DateUtils,670
Mon Sep 02 18:03:31 EDT 2019 org.apache.commons.lang3.time.DateUtils,671
Mon Sep 02 18:03:32 EDT 2019 org.apache.commons.lang3.time.DateUtils,673
Mon Sep 02 18:05:46 EDT 2019 org.apache.commons.lang3.time.DateUtils,674
Mon Sep 02 18:05:46 EDT 2019 org.apache.commons.lang3.time.DateUtils,675
Mon Sep 02 18:05:47 EDT 2019 org.apache.commons.lang3.time.DateUtils,676
Mon Sep 02 18:05:47 EDT 2019 org.apache.commons.lang3.time.DateUtils,708
Mon Sep 02 18:05:48 EDT 2019 org.apache.commons.lang3.time.DateUtils,709
Mon Sep 02 18:05:49 EDT 2019 org.apache.commons.lang3.time.DateUtils,711
Mon Sep 02 18:07:03 EDT 2019 org.apache.commons.lang3.time.DateUtils,712
Mon Sep 02 18:07:04 EDT 2019 org.apache.commons.lang3.time.DateUtils,713
Mon Sep 02 18:07:05 EDT 2019 org.apache.commons.lang3.time.DateUtils,747
Mon Sep 02 18:07:05 EDT 2019 org.apache.commons.lang3.time.DateUtils,748
Mon Sep 02 18:07:06 EDT 2019 org.apache.commons.lang3.time.DateUtils,750
Mon Sep 02 18:09:26 EDT 2019 org.apache.commons.lang3.time.DateUtils,751
Mon Sep 02 18:09:27 EDT 2019 org.apache.commons.lang3.time.DateUtils,752
Mon Sep 02 18:09:28 EDT 2019 org.apache.commons.lang3.time.DateUtils,753
Mon Sep 02 18:09:29 EDT 2019 org.apache.commons.lang3.time.DateUtils,755
Mon Sep 02 18:09:30 EDT 2019 org.apache.commons.lang3.time.DateUtils,777
Mon Sep 02 18:09:30 EDT 2019 org.apache.commons.lang3.time.DateUtils,778
Mon Sep 02 18:09:31 EDT 2019 org.apache.commons.lang3.time.DateUtils,780
Mon Sep 02 18:11:43 EDT 2019 org.apache.commons.lang3.time.DateUtils,781
Mon Sep 02 18:11:44 EDT 2019 org.apache.commons.lang3.time.DateUtils,782
Mon Sep 02 18:11:45 EDT 2019 org.apache.commons.lang3.time.DateUtils,783
Mon Sep 02 18:11:45 EDT 2019 org.apache.commons.lang3.time.DateUtils,803
Mon Sep 02 18:11:46 EDT 2019 org.apache.commons.lang3.time.DateUtils,804
Mon Sep 02 18:11:46 EDT 2019 org.apache.commons.lang3.time.DateUtils,806
Mon Sep 02 18:12:51 EDT 2019 org.apache.commons.lang3.time.DateUtils,807
Mon Sep 02 18:12:52 EDT 2019 org.apache.commons.lang3.time.DateUtils,808
Mon Sep 02 18:12:53 EDT 2019 org.apache.commons.lang3.time.DateUtils,832
Mon Sep 02 18:12:54 EDT 2019 org.apache.commons.lang3.time.DateUtils,833
Mon Sep 02 18:12:54 EDT 2019 org.apache.commons.lang3.time.DateUtils,835
Mon Sep 02 18:15:02 EDT 2019 org.apache.commons.lang3.time.DateUtils,836
Mon Sep 02 18:15:03 EDT 2019 org.apache.commons.lang3.time.DateUtils,837
Mon Sep 02 18:15:05 EDT 2019 org.apache.commons.lang3.time.DateUtils,838
Mon Sep 02 18:15:06 EDT 2019 org.apache.commons.lang3.time.DateUtils,840
Mon Sep 02 18:15:06 EDT 2019 org.apache.commons.lang3.time.DateUtils,863
Mon Sep 02 18:15:07 EDT 2019 org.apache.commons.lang3.time.DateUtils,864
Mon Sep 02 18:15:08 EDT 2019 org.apache.commons.lang3.time.DateUtils,866
Mon Sep 02 18:17:19 EDT 2019 org.apache.commons.lang3.time.DateUtils,867
Mon Sep 02 18:17:20 EDT 2019 org.apache.commons.lang3.time.DateUtils,868
Mon Sep 02 18:17:20 EDT 2019 org.apache.commons.lang3.time.DateUtils,869
Mon Sep 02 18:17:21 EDT 2019 org.apache.commons.lang3.time.DateUtils,890
Mon Sep 02 18:17:21 EDT 2019 org.apache.commons.lang3.time.DateUtils,891
Mon Sep 02 18:17:22 EDT 2019 org.apache.commons.lang3.time.DateUtils,893
Mon Sep 02 18:18:31 EDT 2019 org.apache.commons.lang3.time.DateUtils,894
Mon Sep 02 18:18:32 EDT 2019 org.apache.commons.lang3.time.DateUtils,895
Mon Sep 02 18:18:32 EDT 2019 org.apache.commons.lang3.time.DateUtils,920
Mon Sep 02 18:18:33 EDT 2019 org.apache.commons.lang3.time.DateUtils,921
Mon Sep 02 18:18:33 EDT 2019 org.apache.commons.lang3.time.DateUtils,923
Mon Sep 02 18:21:06 EDT 2019 org.apache.commons.lang3.time.DateUtils,924
Mon Sep 02 18:21:06 EDT 2019 org.apache.commons.lang3.time.DateUtils,925
Mon Sep 02 18:21:07 EDT 2019 org.apache.commons.lang3.time.DateUtils,926
Mon Sep 02 18:21:08 EDT 2019 org.apache.commons.lang3.time.DateUtils,928
Mon Sep 02 18:21:09 EDT 2019 org.apache.commons.lang3.time.DateUtils,942
Mon Sep 02 18:22:30 EDT 2019 org.apache.commons.lang3.time.DateUtils,943
Mon Sep 02 18:22:31 EDT 2019 org.apache.commons.lang3.time.DateUtils,946
Mon Sep 02 18:23:14 EDT 2019 org.apache.commons.lang3.time.DateUtils,947
Mon Sep 02 18:23:15 EDT 2019 org.apache.commons.lang3.time.DateUtils,956
Mon Sep 02 18:26:57 EDT 2019 org.apache.commons.lang3.time.DateUtils,957
Mon Sep 02 18:29:03 EDT 2019 org.apache.commons.lang3.time.DateUtils,958
Mon Sep 02 18:33:51 EDT 2019 org.apache.commons.lang3.time.DateUtils,961
Mon Sep 02 18:37:50 EDT 2019 org.apache.commons.lang3.time.DateUtils,962
Mon Sep 02 18:38:45 EDT 2019 org.apache.commons.lang3.time.DateUtils,963
Mon Sep 02 18:38:46 EDT 2019 org.apache.commons.lang3.time.DateUtils,965
Mon Sep 02 18:39:42 EDT 2019 org.apache.commons.lang3.time.DateUtils,966
Mon Sep 02 18:39:43 EDT 2019 org.apache.commons.lang3.time.DateUtils,970
Mon Sep 02 18:46:01 EDT 2019 org.apache.commons.lang3.time.DateUtils,971
Mon Sep 02 18:46:02 EDT 2019 org.apache.commons.lang3.time.DateUtils,972
Mon Sep 02 18:46:03 EDT 2019 org.apache.commons.lang3.time.DateUtils,974
Mon Sep 02 18:47:02 EDT 2019 org.apache.commons.lang3.time.DateUtils,975
Mon Sep 02 18:47:03 EDT 2019 org.apache.commons.lang3.time.DateUtils,979
Mon Sep 02 18:56:27 EDT 2019 org.apache.commons.lang3.time.DateUtils,980
Mon Sep 02 18:56:28 EDT 2019 org.apache.commons.lang3.time.DateUtils,981
Mon Sep 02 18:56:29 EDT 2019 org.apache.commons.lang3.time.DateUtils,985
Mon Sep 02 19:02:06 EDT 2019 org.apache.commons.lang3.time.DateUtils,986
Mon Sep 02 19:02:07 EDT 2019 org.apache.commons.lang3.time.DateUtils,987
Mon Sep 02 19:02:08 EDT 2019 org.apache.commons.lang3.time.DateUtils,991
Mon Sep 02 19:07:04 EDT 2019 org.apache.commons.lang3.time.DateUtils,992
Mon Sep 02 20:17:58 EDT 2019 org.apache.commons.lang3.time.DateUtils,993
Mon Sep 02 20:17:58 EDT 2019 org.apache.commons.lang3.time.DateUtils,994
Mon Sep 02 20:17:59 EDT 2019 org.apache.commons.lang3.time.DateUtils,996
Mon Sep 02 20:17:59 EDT 2019 org.apache.commons.lang3.time.DateUtils,997
Mon Sep 02 20:18:00 EDT 2019 org.apache.commons.lang3.time.DateUtils,1001
Mon Sep 02 20:18:00 EDT 2019 org.apache.commons.lang3.time.DateUtils,1002
Mon Sep 02 20:18:00 EDT 2019 org.apache.commons.lang3.time.DateUtils,1004
Mon Sep 02 20:18:01 EDT 2019 org.apache.commons.lang3.time.DateUtils,1005
Mon Sep 02 20:18:01 EDT 2019 Mon Sep 02 20:18:01 EDT 2019 : org.apache.commons.lang3.time.DateUtils,1008=>Find no block
Mon Sep 02 20:18:02 EDT 2019 org.apache.commons.lang3.time.DateUtils,1012
Mon Sep 02 20:18:02 EDT 2019 org.apache.commons.lang3.time.DateUtils,1013
Mon Sep 02 20:18:03 EDT 2019 org.apache.commons.lang3.time.DateUtils,1015
Mon Sep 02 20:18:03 EDT 2019 org.apache.commons.lang3.time.DateUtils,1016
Mon Sep 02 20:18:04 EDT 2019 org.apache.commons.lang3.time.DateUtils,1022
Mon Sep 02 20:18:04 EDT 2019 org.apache.commons.lang3.time.DateUtils,1025
Timeout time : 19/09/02 20:25
