=================================================
Project : lang_22	start : 19/09/02 15:24
Current failed test : org.apache.commons.lang3.math.FractionTest::testReducedFactory_int_int | 19/09/02 15:24
Mon Sep 02 15:25:33 EDT 2019 org.apache.commons.lang3.math.Fraction,216
Mon Sep 02 15:26:53 EDT 2019 org.apache.commons.lang3.math.Fraction,223
Mon Sep 02 15:28:19 EDT 2019 org.apache.commons.lang3.math.Fraction,226
Mon Sep 02 15:30:20 EDT 2019 org.apache.commons.lang3.math.Fraction,228
Mon Sep 02 15:30:20 EDT 2019 org.apache.commons.lang3.math.Fraction,230
Mon Sep 02 15:31:02 EDT 2019 org.apache.commons.lang3.math.Fraction,231
Mon Sep 02 15:31:02 EDT 2019 org.apache.commons.lang3.math.Fraction,475
Mon Sep 02 15:32:18 EDT 2019 org.apache.commons.lang3.math.Fraction,476
Mon Sep 02 15:32:19 EDT 2019 org.apache.commons.lang3.math.Fraction,478
Mon Sep 02 15:33:49 EDT 2019 org.apache.commons.lang3.math.Fraction,479
Mon Sep 02 15:33:50 EDT 2019 org.apache.commons.lang3.math.Fraction,480
Mon Sep 02 15:33:50 EDT 2019 org.apache.commons.lang3.math.Fraction,482
Mon Sep 02 15:33:51 EDT 2019 org.apache.commons.lang3.math.Fraction,591
Mon Sep 02 15:34:08 EDT 2019 org.apache.commons.lang3.math.Fraction,592
Mon Sep 02 15:34:16 EDT 2019 org.apache.commons.lang3.math.Fraction,594
Mon Sep 02 15:34:43 EDT 2019 org.apache.commons.lang3.math.Fraction,595
Mon Sep 02 15:34:43 EDT 2019 org.apache.commons.lang3.math.Fraction,598
Mon Sep 02 15:34:45 EDT 2019 org.apache.commons.lang3.math.Fraction,603
Mon Sep 02 15:34:48 EDT 2019 org.apache.commons.lang3.math.Fraction,609
Mon Sep 02 15:34:50 EDT 2019 org.apache.commons.lang3.math.Fraction,613
Mon Sep 02 15:38:40 EDT 2019 org.apache.commons.lang3.math.Fraction,614
Mon Sep 02 15:38:41 EDT 2019 org.apache.commons.lang3.math.Fraction,616
Mon Sep 02 15:38:41 EDT 2019 org.apache.commons.lang3.math.Fraction,619
Mon Sep 02 15:38:45 EDT 2019 org.apache.commons.lang3.math.Fraction,622
Mon Sep 02 15:38:45 EDT 2019 org.apache.commons.lang3.math.Fraction,623
Mon Sep 02 15:38:49 EDT 2019 org.apache.commons.lang3.math.Fraction,584
Mon Sep 02 15:39:05 EDT 2019 org.apache.commons.lang3.math.Fraction,585
Mon Sep 02 15:39:06 EDT 2019 org.apache.commons.lang3.math.Fraction,219
Mon Sep 02 15:41:26 EDT 2019 org.apache.commons.lang3.math.Fraction,844
Mon Sep 02 15:43:27 EDT 2019 org.apache.commons.lang3.math.Fraction,847
Mon Sep 02 15:45:23 EDT 2019 org.apache.commons.lang3.math.Fraction,850
Mon Sep 02 15:48:36 EDT 2019 org.apache.commons.lang3.math.Fraction,851
Mon Sep 02 15:48:40 EDT 2019 org.apache.commons.lang3.math.Fraction,151
Mon Sep 02 15:48:40 EDT 2019 org.apache.commons.lang3.math.Fraction,155
Mon Sep 02 15:48:41 EDT 2019 org.apache.commons.lang3.math.Fraction,156
Mon Sep 02 15:48:41 EDT 2019 org.apache.commons.lang3.math.Fraction,596
Mon Sep 02 15:48:42 EDT 2019 org.apache.commons.lang3.math.Fraction,373
Mon Sep 02 15:49:55 EDT 2019 org.apache.commons.lang3.math.Fraction,382
Mon Sep 02 15:51:01 EDT 2019 org.apache.commons.lang3.math.Fraction,129
Mon Sep 02 15:51:42 EDT 2019 Mon Sep 02 15:51:42 EDT 2019 : org.apache.commons.lang3.math.Fraction,111=>Find no block
Mon Sep 02 15:51:46 EDT 2019 Mon Sep 02 15:51:46 EDT 2019 : org.apache.commons.lang3.math.Fraction,115=>Find no block
Mon Sep 02 15:51:49 EDT 2019 Mon Sep 02 15:51:49 EDT 2019 : org.apache.commons.lang3.math.Fraction,119=>Find no block
Mon Sep 02 15:51:49 EDT 2019 org.apache.commons.lang3.math.Fraction,130
Mon Sep 02 15:51:50 EDT 2019 org.apache.commons.lang3.math.Fraction,131
Mon Sep 02 15:51:51 EDT 2019 Mon Sep 02 15:51:51 EDT 2019 : org.apache.commons.lang3.math.Fraction,132=>Find no block
Mon Sep 02 15:51:52 EDT 2019 Mon Sep 02 15:51:52 EDT 2019 : org.apache.commons.lang3.math.Fraction,52=>Find no block
Mon Sep 02 15:51:55 EDT 2019 Mon Sep 02 15:51:55 EDT 2019 : org.apache.commons.lang3.math.Fraction,56=>Find no block
Mon Sep 02 15:51:59 EDT 2019 Mon Sep 02 15:51:59 EDT 2019 : org.apache.commons.lang3.math.Fraction,60=>Find no block
Mon Sep 02 15:51:59 EDT 2019 Mon Sep 02 15:51:59 EDT 2019 : org.apache.commons.lang3.math.Fraction,64=>Find no block
Mon Sep 02 15:52:01 EDT 2019 Mon Sep 02 15:52:01 EDT 2019 : org.apache.commons.lang3.math.Fraction,68=>Find no block
Mon Sep 02 15:52:05 EDT 2019 Mon Sep 02 15:52:05 EDT 2019 : org.apache.commons.lang3.math.Fraction,72=>Find no block
Mon Sep 02 15:52:05 EDT 2019 Mon Sep 02 15:52:05 EDT 2019 : org.apache.commons.lang3.math.Fraction,76=>Find no block
Mon Sep 02 15:52:06 EDT 2019 Mon Sep 02 15:52:06 EDT 2019 : org.apache.commons.lang3.math.Fraction,80=>Find no block
Mon Sep 02 15:52:09 EDT 2019 Mon Sep 02 15:52:09 EDT 2019 : org.apache.commons.lang3.math.Fraction,84=>Find no block
Mon Sep 02 15:52:13 EDT 2019 Mon Sep 02 15:52:13 EDT 2019 : org.apache.commons.lang3.math.Fraction,88=>Find no block
Mon Sep 02 15:52:16 EDT 2019 Mon Sep 02 15:52:16 EDT 2019 : org.apache.commons.lang3.math.Fraction,92=>Find no block
Mon Sep 02 15:52:19 EDT 2019 Mon Sep 02 15:52:19 EDT 2019 : org.apache.commons.lang3.math.Fraction,96=>Find no block
Mon Sep 02 15:52:20 EDT 2019 org.apache.commons.lang3.math.Fraction,215
Mon Sep 02 15:52:21 EDT 2019 org.apache.commons.lang3.math.Fraction,218
Mon Sep 02 15:52:26 EDT 2019 org.apache.commons.lang3.math.Fraction,222
Mon Sep 02 15:52:30 EDT 2019 org.apache.commons.lang3.math.Fraction,225
Mon Sep 02 15:52:33 EDT 2019 org.apache.commons.lang3.math.Fraction,234
Mon Sep 02 15:55:22 EDT 2019 org.apache.commons.lang3.math.Fraction,235
Mon Sep 02 15:58:24 EDT 2019 org.apache.commons.lang3.math.Fraction,236
Mon Sep 02 15:59:24 EDT 2019 org.apache.commons.lang3.math.Fraction,237
Mon Sep 02 15:59:25 EDT 2019 org.apache.commons.lang3.math.Fraction,610
Mon Sep 02 15:59:25 EDT 2019 org.apache.commons.lang3.math.Fraction,147
Mon Sep 02 15:59:26 EDT 2019 org.apache.commons.lang3.math.Fraction,150
Mon Sep 02 15:59:27 EDT 2019 org.apache.commons.lang3.math.Fraction,158
Mon Sep 02 16:06:43 EDT 2019 org.apache.commons.lang3.math.Fraction,148
Mon Sep 02 16:06:44 EDT 2019 org.apache.commons.lang3.math.Fraction,153
Mon Sep 02 16:06:45 EDT 2019 org.apache.commons.lang3.math.Fraction,178
Mon Sep 02 16:06:45 EDT 2019 org.apache.commons.lang3.math.Fraction,179
Mon Sep 02 16:06:46 EDT 2019 org.apache.commons.lang3.math.Fraction,181
Mon Sep 02 16:09:18 EDT 2019 org.apache.commons.lang3.math.Fraction,182
Mon Sep 02 16:09:19 EDT 2019 org.apache.commons.lang3.math.Fraction,184
Mon Sep 02 16:12:48 EDT 2019 org.apache.commons.lang3.math.Fraction,185
Mon Sep 02 16:12:49 EDT 2019 org.apache.commons.lang3.math.Fraction,188
Mon Sep 02 16:14:51 EDT 2019 org.apache.commons.lang3.math.Fraction,189
Mon Sep 02 16:14:51 EDT 2019 org.apache.commons.lang3.math.Fraction,191
Mon Sep 02 16:14:52 EDT 2019 org.apache.commons.lang3.math.Fraction,193
Mon Sep 02 16:14:55 EDT 2019 org.apache.commons.lang3.math.Fraction,195
Mon Sep 02 16:14:56 EDT 2019 org.apache.commons.lang3.math.Fraction,197
Mon Sep 02 16:17:27 EDT 2019 org.apache.commons.lang3.math.Fraction,255
Mon Sep 02 16:18:32 EDT 2019 org.apache.commons.lang3.math.Fraction,256
Mon Sep 02 16:18:33 EDT 2019 org.apache.commons.lang3.math.Fraction,257
Mon Sep 02 16:19:08 EDT 2019 org.apache.commons.lang3.math.Fraction,258
Mon Sep 02 16:19:08 EDT 2019 org.apache.commons.lang3.math.Fraction,261
Mon Sep 02 16:20:12 EDT 2019 org.apache.commons.lang3.math.Fraction,262
Mon Sep 02 16:21:35 EDT 2019 org.apache.commons.lang3.math.Fraction,264
Mon Sep 02 16:23:54 EDT 2019 org.apache.commons.lang3.math.Fraction,265
Mon Sep 02 16:23:57 EDT 2019 org.apache.commons.lang3.math.Fraction,266
Mon Sep 02 16:24:00 EDT 2019 org.apache.commons.lang3.math.Fraction,267
Mon Sep 02 16:24:03 EDT 2019 org.apache.commons.lang3.math.Fraction,268
Mon Sep 02 16:24:06 EDT 2019 org.apache.commons.lang3.math.Fraction,269
Mon Sep 02 16:25:56 EDT 2019 org.apache.commons.lang3.math.Fraction,270
Mon Sep 02 16:27:47 EDT 2019 org.apache.commons.lang3.math.Fraction,271
Mon Sep 02 16:29:25 EDT 2019 org.apache.commons.lang3.math.Fraction,272
Mon Sep 02 16:29:43 EDT 2019 org.apache.commons.lang3.math.Fraction,273
Mon Sep 02 16:31:41 EDT 2019 org.apache.commons.lang3.math.Fraction,274
Mon Sep 02 16:33:25 EDT 2019 org.apache.commons.lang3.math.Fraction,275
Mon Sep 02 16:35:14 EDT 2019 org.apache.commons.lang3.math.Fraction,276
Mon Sep 02 16:35:16 EDT 2019 org.apache.commons.lang3.math.Fraction,278
Mon Sep 02 16:37:05 EDT 2019 org.apache.commons.lang3.math.Fraction,281
Mon Sep 02 16:39:30 EDT 2019 org.apache.commons.lang3.math.Fraction,282
Mon Sep 02 16:39:30 EDT 2019 org.apache.commons.lang3.math.Fraction,283
Mon Sep 02 16:41:31 EDT 2019 org.apache.commons.lang3.math.Fraction,284
Mon Sep 02 16:44:18 EDT 2019 org.apache.commons.lang3.math.Fraction,285
Mon Sep 02 16:45:55 EDT 2019 org.apache.commons.lang3.math.Fraction,286
Mon Sep 02 16:47:29 EDT 2019 org.apache.commons.lang3.math.Fraction,287
Mon Sep 02 16:49:41 EDT 2019 org.apache.commons.lang3.math.Fraction,288
Mon Sep 02 16:53:19 EDT 2019 org.apache.commons.lang3.math.Fraction,290
Mon Sep 02 16:56:02 EDT 2019 org.apache.commons.lang3.math.Fraction,291
Mon Sep 02 17:00:05 EDT 2019 org.apache.commons.lang3.math.Fraction,292
Mon Sep 02 17:03:56 EDT 2019 org.apache.commons.lang3.math.Fraction,293
Mon Sep 02 17:06:38 EDT 2019 org.apache.commons.lang3.math.Fraction,294
Mon Sep 02 17:23:48 EDT 2019 org.apache.commons.lang3.math.Fraction,295
Mon Sep 02 17:48:47 EDT 2019 org.apache.commons.lang3.math.Fraction,296
Mon Sep 02 18:04:51 EDT 2019 org.apache.commons.lang3.math.Fraction,297
Mon Sep 02 18:04:51 EDT 2019 org.apache.commons.lang3.math.Fraction,299
Mon Sep 02 18:06:04 EDT 2019 org.apache.commons.lang3.math.Fraction,300
Mon Sep 02 18:07:27 EDT 2019 org.apache.commons.lang3.math.Fraction,301
Mon Sep 02 18:07:28 EDT 2019 org.apache.commons.lang3.math.Fraction,303
Mon Sep 02 18:09:31 EDT 2019 org.apache.commons.lang3.math.Fraction,325
Mon Sep 02 18:13:53 EDT 2019 org.apache.commons.lang3.math.Fraction,326
Mon Sep 02 18:13:54 EDT 2019 org.apache.commons.lang3.math.Fraction,329
Mon Sep 02 18:27:55 EDT 2019 org.apache.commons.lang3.math.Fraction,330
Mon Sep 02 18:27:56 EDT 2019 org.apache.commons.lang3.math.Fraction,331
Mon Sep 02 18:27:56 EDT 2019 org.apache.commons.lang3.math.Fraction,335
Mon Sep 02 18:34:25 EDT 2019 org.apache.commons.lang3.math.Fraction,336
Mon Sep 02 18:51:35 EDT 2019 org.apache.commons.lang3.math.Fraction,337
Mon Sep 02 18:54:47 EDT 2019 org.apache.commons.lang3.math.Fraction,338
Mon Sep 02 18:54:48 EDT 2019 org.apache.commons.lang3.math.Fraction,339
Mon Sep 02 19:03:17 EDT 2019 org.apache.commons.lang3.math.Fraction,340
Mon Sep 02 19:03:17 EDT 2019 org.apache.commons.lang3.math.Fraction,341
Mon Sep 02 19:03:18 EDT 2019 org.apache.commons.lang3.math.Fraction,343
Mon Sep 02 19:03:18 EDT 2019 org.apache.commons.lang3.math.Fraction,344
Mon Sep 02 19:03:19 EDT 2019 org.apache.commons.lang3.math.Fraction,345
Mon Sep 02 19:03:19 EDT 2019 org.apache.commons.lang3.math.Fraction,350
Mon Sep 02 19:09:06 EDT 2019 org.apache.commons.lang3.math.Fraction,351
Mon Sep 02 19:13:37 EDT 2019 org.apache.commons.lang3.math.Fraction,353
Mon Sep 02 19:13:38 EDT 2019 org.apache.commons.lang3.math.Fraction,355
Mon Sep 02 19:13:39 EDT 2019 org.apache.commons.lang3.math.Fraction,356
Mon Sep 02 19:13:39 EDT 2019 org.apache.commons.lang3.math.Fraction,357
Mon Sep 02 19:13:40 EDT 2019 org.apache.commons.lang3.math.Fraction,397
Mon Sep 02 19:13:49 EDT 2019 org.apache.commons.lang3.math.Fraction,412
Mon Sep 02 19:13:58 EDT 2019 org.apache.commons.lang3.math.Fraction,426
Mon Sep 02 19:13:59 EDT 2019 org.apache.commons.lang3.math.Fraction,437
Mon Sep 02 19:14:00 EDT 2019 org.apache.commons.lang3.math.Fraction,448
Mon Sep 02 19:14:02 EDT 2019 org.apache.commons.lang3.math.Fraction,459
Mon Sep 02 19:14:04 EDT 2019 org.apache.commons.lang3.math.Fraction,495
Mon Sep 02 19:15:35 EDT 2019 org.apache.commons.lang3.math.Fraction,496
Mon Sep 02 19:15:36 EDT 2019 org.apache.commons.lang3.math.Fraction,498
Mon Sep 02 19:17:21 EDT 2019 org.apache.commons.lang3.math.Fraction,499
Mon Sep 02 19:17:21 EDT 2019 org.apache.commons.lang3.math.Fraction,501
Mon Sep 02 19:18:28 EDT 2019 org.apache.commons.lang3.math.Fraction,502
Mon Sep 02 19:18:28 EDT 2019 org.apache.commons.lang3.math.Fraction,504
Mon Sep 02 19:18:29 EDT 2019 org.apache.commons.lang3.math.Fraction,517
Mon Sep 02 19:20:14 EDT 2019 org.apache.commons.lang3.math.Fraction,518
Mon Sep 02 19:20:14 EDT 2019 org.apache.commons.lang3.math.Fraction,520
Mon Sep 02 19:22:26 EDT 2019 org.apache.commons.lang3.math.Fraction,533
Mon Sep 02 19:23:06 EDT 2019 org.apache.commons.lang3.math.Fraction,534
Mon Sep 02 19:23:07 EDT 2019 org.apache.commons.lang3.math.Fraction,536
Mon Sep 02 19:23:39 EDT 2019 org.apache.commons.lang3.math.Fraction,552
Mon Sep 02 19:24:49 EDT 2019 org.apache.commons.lang3.math.Fraction,553
Mon Sep 02 19:24:50 EDT 2019 org.apache.commons.lang3.math.Fraction,554
Mon Sep 02 19:24:51 EDT 2019 org.apache.commons.lang3.math.Fraction,555
Mon Sep 02 19:24:52 EDT 2019 org.apache.commons.lang3.math.Fraction,556
Mon Sep 02 19:24:53 EDT 2019 org.apache.commons.lang3.math.Fraction,557
Mon Sep 02 19:24:53 EDT 2019 org.apache.commons.lang3.math.Fraction,558
Mon Sep 02 19:24:53 EDT 2019 org.apache.commons.lang3.math.Fraction,560
Mon Sep 02 19:26:11 EDT 2019 org.apache.commons.lang3.math.Fraction,562
Mon Sep 02 19:26:34 EDT 2019 org.apache.commons.lang3.math.Fraction,563
Mon Sep 02 19:26:34 EDT 2019 org.apache.commons.lang3.math.Fraction,564
Mon Sep 02 19:26:35 EDT 2019 org.apache.commons.lang3.math.Fraction,566
Mon Sep 02 19:26:35 EDT 2019 org.apache.commons.lang3.math.Fraction,599
Mon Sep 02 19:26:35 EDT 2019 org.apache.commons.lang3.math.Fraction,639
Mon Sep 02 19:27:10 EDT 2019 org.apache.commons.lang3.math.Fraction,640
Mon Sep 02 19:27:31 EDT 2019 org.apache.commons.lang3.math.Fraction,642
Mon Sep 02 19:27:32 EDT 2019 org.apache.commons.lang3.math.Fraction,644
Mon Sep 02 19:27:33 EDT 2019 org.apache.commons.lang3.math.Fraction,658
Mon Sep 02 19:28:23 EDT 2019 org.apache.commons.lang3.math.Fraction,659
Mon Sep 02 19:28:57 EDT 2019 org.apache.commons.lang3.math.Fraction,660
Mon Sep 02 19:28:57 EDT 2019 org.apache.commons.lang3.math.Fraction,662
Mon Sep 02 19:28:58 EDT 2019 org.apache.commons.lang3.math.Fraction,675
Mon Sep 02 19:29:30 EDT 2019 org.apache.commons.lang3.math.Fraction,676
Mon Sep 02 19:29:32 EDT 2019 org.apache.commons.lang3.math.Fraction,678
Mon Sep 02 19:29:32 EDT 2019 org.apache.commons.lang3.math.Fraction,680
Mon Sep 02 19:29:33 EDT 2019 org.apache.commons.lang3.math.Fraction,693
Mon Sep 02 19:30:02 EDT 2019 org.apache.commons.lang3.math.Fraction,694
Mon Sep 02 19:30:03 EDT 2019 org.apache.commons.lang3.math.Fraction,696
Mon Sep 02 19:30:03 EDT 2019 org.apache.commons.lang3.math.Fraction,698
Mon Sep 02 19:30:04 EDT 2019 org.apache.commons.lang3.math.Fraction,712
Mon Sep 02 19:30:15 EDT 2019 org.apache.commons.lang3.math.Fraction,726
Mon Sep 02 19:30:27 EDT 2019 org.apache.commons.lang3.math.Fraction,740
Mon Sep 02 19:30:59 EDT 2019 org.apache.commons.lang3.math.Fraction,741
Mon Sep 02 19:30:59 EDT 2019 org.apache.commons.lang3.math.Fraction,744
Mon Sep 02 19:32:08 EDT 2019 org.apache.commons.lang3.math.Fraction,745
Mon Sep 02 19:32:09 EDT 2019 org.apache.commons.lang3.math.Fraction,747
Mon Sep 02 19:33:18 EDT 2019 org.apache.commons.lang3.math.Fraction,748
Failed time : 19/09/02 19:33
