=================================================
Project : lang_24	start : 19/09/02 15:24
Current failed test : org.apache.commons.lang3.math.NumberUtilsTest::testIsNumber | 19/09/02 15:24
Mon Sep 02 15:25:33 EDT 2019 org.apache.commons.lang3.math.NumberUtils,457
Mon Sep 02 15:28:02 EDT 2019 org.apache.commons.lang3.math.NumberUtils,464
Mon Sep 02 15:29:07 EDT 2019 org.apache.commons.lang3.math.NumberUtils,480
Mon Sep 02 15:49:55 EDT 2019 org.apache.commons.lang3.math.NumberUtils,492
Mon Sep 02 16:10:48 EDT 2019 org.apache.commons.lang3.math.NumberUtils,521
Mon Sep 02 16:22:11 EDT 2019 Mon Sep 02 16:22:11 EDT 2019 : org.apache.commons.lang3.math.NumberUtils,532=>Find no block
Mon Sep 02 16:22:12 EDT 2019 Mon Sep 02 16:22:12 EDT 2019 : org.apache.commons.lang3.math.NumberUtils,543=>Find no block
Mon Sep 02 16:22:12 EDT 2019 Mon Sep 02 16:22:12 EDT 2019 : org.apache.commons.lang3.math.NumberUtils,548=>Find no block
Mon Sep 02 16:22:13 EDT 2019 org.apache.commons.lang3.math.NumberUtils,553
Mon Sep 02 16:24:41 EDT 2019 Mon Sep 02 16:24:41 EDT 2019 : org.apache.commons.lang3.math.NumberUtils,586=>Find no block
Mon Sep 02 16:24:42 EDT 2019 Mon Sep 02 16:24:42 EDT 2019 : org.apache.commons.lang3.math.NumberUtils,594=>Find no block
Mon Sep 02 16:24:43 EDT 2019 org.apache.commons.lang3.math.NumberUtils,598
Mon Sep 02 16:25:24 EDT 2019 org.apache.commons.lang3.math.NumberUtils,621
Mon Sep 02 16:37:01 EDT 2019 org.apache.commons.lang3.math.NumberUtils,1320
Mon Sep 02 16:38:14 EDT 2019 org.apache.commons.lang3.math.NumberUtils,1321
Mon Sep 02 16:38:15 EDT 2019 org.apache.commons.lang3.math.NumberUtils,1323
Mon Sep 02 16:42:46 EDT 2019 org.apache.commons.lang3.math.NumberUtils,1324
Mon Sep 02 16:46:22 EDT 2019 org.apache.commons.lang3.math.NumberUtils,1325
Mon Sep 02 16:49:33 EDT 2019 org.apache.commons.lang3.math.NumberUtils,1326
Mon Sep 02 16:49:36 EDT 2019 org.apache.commons.lang3.math.NumberUtils,1327
Mon Sep 02 16:49:38 EDT 2019 org.apache.commons.lang3.math.NumberUtils,1328
Mon Sep 02 16:49:49 EDT 2019 org.apache.commons.lang3.math.NumberUtils,1330
Mon Sep 02 16:49:49 EDT 2019 org.apache.commons.lang3.math.NumberUtils,1331
Mon Sep 02 17:44:18 EDT 2019 org.apache.commons.lang3.math.NumberUtils,1332
Mon Sep 02 17:44:19 EDT 2019 org.apache.commons.lang3.math.NumberUtils,1333
Mon Sep 02 17:44:19 EDT 2019 org.apache.commons.lang3.math.NumberUtils,1334
Mon Sep 02 17:44:21 EDT 2019 org.apache.commons.lang3.math.NumberUtils,1338
Mon Sep 02 17:44:22 EDT 2019 org.apache.commons.lang3.math.NumberUtils,1339
Mon Sep 02 17:44:23 EDT 2019 org.apache.commons.lang3.math.NumberUtils,1342
Mon Sep 02 17:44:24 EDT 2019 org.apache.commons.lang3.math.NumberUtils,1345
Mon Sep 02 17:44:25 EDT 2019 org.apache.commons.lang3.math.NumberUtils,1348
Mon Sep 02 17:51:59 EDT 2019 org.apache.commons.lang3.math.NumberUtils,1350
Mon Sep 02 18:06:26 EDT 2019 org.apache.commons.lang3.math.NumberUtils,1353
Mon Sep 02 18:39:03 EDT 2019 org.apache.commons.lang3.math.NumberUtils,1354
Mon Sep 02 18:39:03 EDT 2019 org.apache.commons.lang3.math.NumberUtils,1355
Mon Sep 02 18:39:06 EDT 2019 org.apache.commons.lang3.math.NumberUtils,1356
Mon Sep 02 18:39:06 EDT 2019 org.apache.commons.lang3.math.NumberUtils,1358
Mon Sep 02 18:39:07 EDT 2019 org.apache.commons.lang3.math.NumberUtils,1359
Mon Sep 02 18:39:07 EDT 2019 org.apache.commons.lang3.math.NumberUtils,1361
Mon Sep 02 18:39:08 EDT 2019 org.apache.commons.lang3.math.NumberUtils,1363
Mon Sep 02 18:39:49 EDT 2019 org.apache.commons.lang3.math.NumberUtils,1364
Mon Sep 02 18:39:50 EDT 2019 org.apache.commons.lang3.math.NumberUtils,1366
Mon Sep 02 18:39:50 EDT 2019 org.apache.commons.lang3.math.NumberUtils,1370
Mon Sep 02 18:39:51 EDT 2019 org.apache.commons.lang3.math.NumberUtils,1373
Mon Sep 02 18:40:37 EDT 2019 org.apache.commons.lang3.math.NumberUtils,1374
Mon Sep 02 18:40:38 EDT 2019 org.apache.commons.lang3.math.NumberUtils,1375
Mon Sep 02 18:40:39 EDT 2019 org.apache.commons.lang3.math.NumberUtils,1376
Mon Sep 02 18:40:39 EDT 2019 org.apache.commons.lang3.math.NumberUtils,1377
Mon Sep 02 18:40:40 EDT 2019 org.apache.commons.lang3.math.NumberUtils,1379
Mon Sep 02 18:40:41 EDT 2019 org.apache.commons.lang3.math.NumberUtils,1380
Mon Sep 02 18:40:42 EDT 2019 org.apache.commons.lang3.math.NumberUtils,1382
Mon Sep 02 18:40:42 EDT 2019 org.apache.commons.lang3.math.NumberUtils,1384
Mon Sep 02 18:42:33 EDT 2019 org.apache.commons.lang3.math.NumberUtils,1386
Mon Sep 02 19:06:33 EDT 2019 org.apache.commons.lang3.math.NumberUtils,1387
Mon Sep 02 19:06:33 EDT 2019 org.apache.commons.lang3.math.NumberUtils,1389
Mon Sep 02 19:06:33 EDT 2019 org.apache.commons.lang3.math.NumberUtils,1391
Mon Sep 02 19:06:34 EDT 2019 org.apache.commons.lang3.math.NumberUtils,1393
Mon Sep 02 19:06:34 EDT 2019 org.apache.commons.lang3.math.NumberUtils,1395
Mon Sep 02 19:06:35 EDT 2019 org.apache.commons.lang3.math.NumberUtils,1396
Mon Sep 02 19:06:35 EDT 2019 org.apache.commons.lang3.math.NumberUtils,1401
Mon Sep 02 19:06:36 EDT 2019 org.apache.commons.lang3.math.NumberUtils,1403
Mon Sep 02 19:06:36 EDT 2019 org.apache.commons.lang3.math.NumberUtils,1408
Mon Sep 02 19:06:36 EDT 2019 org.apache.commons.lang3.math.NumberUtils,1410
Mon Sep 02 19:06:37 EDT 2019 org.apache.commons.lang3.math.NumberUtils,1413
Mon Sep 02 19:06:37 EDT 2019 org.apache.commons.lang3.math.NumberUtils,1416
Mon Sep 02 19:13:22 EDT 2019 org.apache.commons.lang3.math.NumberUtils,454
Mon Sep 02 19:14:33 EDT 2019 org.apache.commons.lang3.math.NumberUtils,467
Mon Sep 02 19:15:58 EDT 2019 org.apache.commons.lang3.math.NumberUtils,478
Mon Sep 02 19:21:08 EDT 2019 org.apache.commons.lang3.math.NumberUtils,479
Mon Sep 02 19:21:08 EDT 2019 org.apache.commons.lang3.math.NumberUtils,482
Mon Sep 02 19:21:09 EDT 2019 org.apache.commons.lang3.math.NumberUtils,484
Mon Sep 02 19:21:09 EDT 2019 org.apache.commons.lang3.math.NumberUtils,486
Mon Sep 02 19:28:22 EDT 2019 org.apache.commons.lang3.math.NumberUtils,489
Mon Sep 02 19:28:23 EDT 2019 org.apache.commons.lang3.math.NumberUtils,500
Mon Sep 02 19:34:08 EDT 2019 org.apache.commons.lang3.math.NumberUtils,525
Mon Sep 02 19:34:33 EDT 2019 org.apache.commons.lang3.math.NumberUtils,526
Mon Sep 02 19:34:58 EDT 2019 org.apache.commons.lang3.math.NumberUtils,529
Mon Sep 02 19:34:58 EDT 2019 org.apache.commons.lang3.math.NumberUtils,539
Mon Sep 02 19:35:30 EDT 2019 org.apache.commons.lang3.math.NumberUtils,540
Mon Sep 02 19:35:55 EDT 2019 org.apache.commons.lang3.math.NumberUtils,541
Mon Sep 02 19:35:56 EDT 2019 org.apache.commons.lang3.math.NumberUtils,547
Mon Sep 02 19:36:29 EDT 2019 org.apache.commons.lang3.math.NumberUtils,559
Mon Sep 02 19:42:08 EDT 2019 org.apache.commons.lang3.math.NumberUtils,560
Mon Sep 02 19:42:08 EDT 2019 org.apache.commons.lang3.math.NumberUtils,562
Mon Sep 02 19:42:09 EDT 2019 org.apache.commons.lang3.math.NumberUtils,564
Mon Sep 02 19:45:40 EDT 2019 org.apache.commons.lang3.math.NumberUtils,567
Mon Sep 02 19:46:00 EDT 2019 Mon Sep 02 19:46:00 EDT 2019 : org.apache.commons.lang3.math.NumberUtils,568=>Find no block
Mon Sep 02 19:46:01 EDT 2019 org.apache.commons.lang3.math.NumberUtils,572
Mon Sep 02 19:46:21 EDT 2019 Mon Sep 02 19:46:21 EDT 2019 : org.apache.commons.lang3.math.NumberUtils,573=>Find no block
Mon Sep 02 19:46:22 EDT 2019 org.apache.commons.lang3.math.NumberUtils,576
Mon Sep 02 19:46:49 EDT 2019 org.apache.commons.lang3.math.NumberUtils,580
Mon Sep 02 19:47:12 EDT 2019 org.apache.commons.lang3.math.NumberUtils,582
Mon Sep 02 19:47:38 EDT 2019 org.apache.commons.lang3.math.NumberUtils,583
Mon Sep 02 19:47:38 EDT 2019 org.apache.commons.lang3.math.NumberUtils,584
Mon Sep 02 19:47:39 EDT 2019 org.apache.commons.lang3.math.NumberUtils,590
Mon Sep 02 19:48:10 EDT 2019 org.apache.commons.lang3.StringUtils,240
Mon Sep 02 19:50:45 EDT 2019 org.apache.commons.lang3.math.NumberUtils,453
Mon Sep 02 19:50:45 EDT 2019 org.apache.commons.lang3.math.NumberUtils,456
Mon Sep 02 19:50:45 EDT 2019 org.apache.commons.lang3.math.NumberUtils,459
Mon Sep 02 19:50:46 EDT 2019 org.apache.commons.lang3.math.NumberUtils,466
Mon Sep 02 19:50:46 EDT 2019 org.apache.commons.lang3.math.NumberUtils,469
Mon Sep 02 19:54:38 EDT 2019 org.apache.commons.lang3.math.NumberUtils,473
Mon Sep 02 19:58:04 EDT 2019 org.apache.commons.lang3.math.NumberUtils,474
Mon Sep 02 19:58:04 EDT 2019 org.apache.commons.lang3.math.NumberUtils,476
Mon Sep 02 20:10:14 EDT 2019 org.apache.commons.lang3.math.NumberUtils,488
Mon Sep 02 20:10:14 EDT 2019 org.apache.commons.lang3.math.NumberUtils,494
Mon Sep 02 20:10:15 EDT 2019 org.apache.commons.lang3.math.NumberUtils,496
Mon Sep 02 20:19:10 EDT 2019 org.apache.commons.lang3.math.NumberUtils,498
Mon Sep 02 20:20:02 EDT 2019 org.apache.commons.lang3.math.NumberUtils,499
Mon Sep 02 20:20:02 EDT 2019 org.apache.commons.lang3.math.NumberUtils,502
Mon Sep 02 20:20:02 EDT 2019 org.apache.commons.lang3.math.NumberUtils,505
Timeout time : 19/09/02 20:25
