=================================================
Project : lang_26	start : 19/09/02 15:24
Current failed test : org.apache.commons.lang3.time.FastDateFormatTest::testLang645 | 19/09/02 15:24
Mon Sep 02 15:25:34 EDT 2019 org.apache.commons.lang3.time.FastDateFormat,654
Mon Sep 02 15:26:52 EDT 2019 org.apache.commons.lang3.time.FastDateFormat,655
Mon Sep 02 15:27:43 EDT 2019 org.apache.commons.lang3.time.FastDateFormat,1171
Mon Sep 02 15:28:32 EDT 2019 Mon Sep 02 15:28:32 EDT 2019 : org.apache.commons.lang3.time.FastDateFormat,1172=>Find no block
Mon Sep 02 15:28:33 EDT 2019 org.apache.commons.lang3.time.FastDateFormat,1130
Mon Sep 02 15:29:29 EDT 2019 Mon Sep 02 15:29:29 EDT 2019 : org.apache.commons.lang3.time.FastDateFormat,1131=>Find no block
Mon Sep 02 15:29:29 EDT 2019 org.apache.commons.lang3.time.FastDateFormat,820
Mon Sep 02 15:32:41 EDT 2019 org.apache.commons.lang3.time.FastDateFormat,821
Mon Sep 02 15:32:42 EDT 2019 org.apache.commons.lang3.time.FastDateFormat,822
Mon Sep 02 15:32:43 EDT 2019 Mon Sep 02 15:32:43 EDT 2019 : org.apache.commons.lang3.time.FastDateFormat,1115=>Find no block
Mon Sep 02 15:32:43 EDT 2019 org.apache.commons.lang3.time.FastDateFormat,1116
Mon Sep 02 15:33:18 EDT 2019 Mon Sep 02 15:33:18 EDT 2019 : org.apache.commons.lang3.time.FastDateFormat,1117=>Find no block
Mon Sep 02 15:33:19 EDT 2019 org.apache.commons.lang3.time.FastDateFormat,1123
Mon Sep 02 15:34:05 EDT 2019 org.apache.commons.lang3.time.FastDateFormat,1348
Mon Sep 02 15:34:32 EDT 2019 Mon Sep 02 15:34:32 EDT 2019 : org.apache.commons.lang3.time.FastDateFormat,1349=>Find no block
Mon Sep 02 15:34:32 EDT 2019 org.apache.commons.lang3.time.FastDateFormat,1355
Mon Sep 02 15:37:48 EDT 2019 org.apache.commons.lang3.time.FastDateFormat,1356
Mon Sep 02 15:37:48 EDT 2019 org.apache.commons.lang3.time.FastDateFormat,1357
Mon Sep 02 15:37:49 EDT 2019 Mon Sep 02 15:37:49 EDT 2019 : org.apache.commons.lang3.time.FastDateFormat,1361=>Find no block
Mon Sep 02 15:37:49 EDT 2019 org.apache.commons.lang3.time.FastDateFormat,196
Mon Sep 02 15:38:23 EDT 2019 org.apache.commons.lang3.time.FastDateFormat,645
Mon Sep 02 15:38:48 EDT 2019 org.apache.commons.lang3.time.FastDateFormat,646
Mon Sep 02 15:38:52 EDT 2019 org.apache.commons.lang3.time.FastDateFormat,687
Mon Sep 02 15:40:58 EDT 2019 org.apache.commons.lang3.time.FastDateFormat,689
Mon Sep 02 15:43:36 EDT 2019 org.apache.commons.lang3.time.FastDateFormat,738
Mon Sep 02 15:50:38 EDT 2019 org.apache.commons.lang3.time.FastDateFormat,743
Mon Sep 02 15:50:38 EDT 2019 Mon Sep 02 15:50:38 EDT 2019 : org.apache.commons.lang3.time.FastDateFormat,1148=>Find no block
Mon Sep 02 15:50:39 EDT 2019 org.apache.commons.lang3.time.FastDateFormat,1149
Mon Sep 02 15:50:58 EDT 2019 org.apache.commons.lang3.time.FastDateFormat,1150
Mon Sep 02 15:50:59 EDT 2019 Mon Sep 02 15:50:59 EDT 2019 : org.apache.commons.lang3.time.FastDateFormat,1151=>Find no block
Mon Sep 02 15:51:00 EDT 2019 org.apache.commons.lang3.time.FastDateFormat,1157
Mon Sep 02 16:02:02 EDT 2019 org.apache.commons.lang3.time.FastDateFormat,1158
Mon Sep 02 16:02:04 EDT 2019 org.apache.commons.lang3.time.FastDateFormat,1159
Mon Sep 02 16:02:04 EDT 2019 org.apache.commons.lang3.time.FastDateFormat,1160
Mon Sep 02 16:02:05 EDT 2019 org.apache.commons.lang3.time.FastDateFormat,1161
Mon Sep 02 16:02:06 EDT 2019 Mon Sep 02 16:02:06 EDT 2019 : org.apache.commons.lang3.time.FastDateFormat,1163=>Find no block
Mon Sep 02 16:02:07 EDT 2019 org.apache.commons.lang3.time.FastDateFormat,1164
Mon Sep 02 16:02:09 EDT 2019 org.apache.commons.lang3.time.FastDateFormat,888
Mon Sep 02 16:12:24 EDT 2019 org.apache.commons.lang3.time.FastDateFormat,889
Mon Sep 02 16:12:25 EDT 2019 org.apache.commons.lang3.time.FastDateFormat,890
Mon Sep 02 16:12:26 EDT 2019 org.apache.commons.lang3.time.FastDateFormat,891
Mon Sep 02 16:12:27 EDT 2019 org.apache.commons.lang3.time.FastDateFormat,893
Mon Sep 02 16:12:29 EDT 2019 Mon Sep 02 16:12:29 EDT 2019 : org.apache.commons.lang3.time.FastDateFormat,1333=>Find no block
Mon Sep 02 16:12:30 EDT 2019 org.apache.commons.lang3.time.FastDateFormat,1334
Mon Sep 02 16:12:48 EDT 2019 Mon Sep 02 16:12:48 EDT 2019 : org.apache.commons.lang3.time.FastDateFormat,1335=>Find no block
Mon Sep 02 16:12:48 EDT 2019 org.apache.commons.lang3.time.FastDateFormat,1341
Mon Sep 02 16:12:51 EDT 2019 org.apache.commons.lang3.time.FastDateFormat,543
Mon Sep 02 16:13:19 EDT 2019 org.apache.commons.lang3.time.FastDateFormat,771
Mon Sep 02 16:13:38 EDT 2019 org.apache.commons.lang3.time.FastDateFormat,535
Mon Sep 02 16:14:18 EDT 2019 org.apache.commons.lang3.time.FastDateFormat,536
Mon Sep 02 16:14:57 EDT 2019 org.apache.commons.lang3.time.FastDateFormat,539
Mon Sep 02 16:15:41 EDT 2019 org.apache.commons.lang3.time.FastDateFormat,541
Mon Sep 02 16:16:33 EDT 2019 org.apache.commons.lang3.time.FastDateFormat,542
Mon Sep 02 16:16:34 EDT 2019 org.apache.commons.lang3.time.FastDateFormat,545
Mon Sep 02 16:17:18 EDT 2019 org.apache.commons.lang3.time.FastDateFormat,547
Mon Sep 02 16:18:00 EDT 2019 org.apache.commons.lang3.time.FastDateFormat,548
Mon Sep 02 16:18:30 EDT 2019 org.apache.commons.lang3.time.FastDateFormat,551
Mon Sep 02 16:19:03 EDT 2019 Mon Sep 02 16:19:03 EDT 2019 : org.apache.commons.lang3.time.FastDateFormat,552=>Find no block
Mon Sep 02 16:19:05 EDT 2019 Mon Sep 02 16:19:05 EDT 2019 : org.apache.commons.lang3.time.FastDateFormat,111=>Find no block
Mon Sep 02 16:19:06 EDT 2019 Mon Sep 02 16:19:06 EDT 2019 : org.apache.commons.lang3.time.FastDateFormat,112=>Find no block
Mon Sep 02 16:19:06 EDT 2019 Mon Sep 02 16:19:06 EDT 2019 : org.apache.commons.lang3.time.FastDateFormat,113=>Find no block
Mon Sep 02 16:19:07 EDT 2019 Mon Sep 02 16:19:07 EDT 2019 : org.apache.commons.lang3.time.FastDateFormat,114=>Find no block
Mon Sep 02 16:19:08 EDT 2019 Mon Sep 02 16:19:08 EDT 2019 : org.apache.commons.lang3.time.FastDateFormat,115=>Find no block
Mon Sep 02 16:19:08 EDT 2019 org.apache.commons.lang3.time.FastDateFormat,213
Mon Sep 02 16:21:11 EDT 2019 org.apache.commons.lang3.time.FastDateFormat,214
Mon Sep 02 16:21:12 EDT 2019 org.apache.commons.lang3.time.FastDateFormat,215
Mon Sep 02 16:21:13 EDT 2019 org.apache.commons.lang3.time.FastDateFormat,216
Mon Sep 02 16:21:13 EDT 2019 org.apache.commons.lang3.time.FastDateFormat,217
Mon Sep 02 16:21:14 EDT 2019 org.apache.commons.lang3.time.FastDateFormat,218
Mon Sep 02 16:21:16 EDT 2019 org.apache.commons.lang3.time.FastDateFormat,220
Mon Sep 02 16:21:16 EDT 2019 org.apache.commons.lang3.time.FastDateFormat,558
Mon Sep 02 16:29:47 EDT 2019 org.apache.commons.lang3.time.FastDateFormat,559
Mon Sep 02 16:29:48 EDT 2019 org.apache.commons.lang3.time.FastDateFormat,561
Mon Sep 02 16:29:48 EDT 2019 org.apache.commons.lang3.time.FastDateFormat,562
Mon Sep 02 16:29:48 EDT 2019 org.apache.commons.lang3.time.FastDateFormat,563
Mon Sep 02 16:29:49 EDT 2019 org.apache.commons.lang3.time.FastDateFormat,566
Mon Sep 02 16:29:50 EDT 2019 Mon Sep 02 16:29:50 EDT 2019 : org.apache.commons.lang3.time.FastDateFormat,567=>Find no block
Mon Sep 02 16:29:52 EDT 2019 org.apache.commons.lang3.time.FastDateFormat,578
Mon Sep 02 16:29:54 EDT 2019 org.apache.commons.lang3.time.FastDateFormat,579
Mon Sep 02 16:29:55 EDT 2019 org.apache.commons.lang3.time.FastDateFormat,581
Mon Sep 02 16:29:57 EDT 2019 org.apache.commons.lang3.time.FastDateFormat,582
Mon Sep 02 16:30:00 EDT 2019 org.apache.commons.lang3.time.FastDateFormat,583
Mon Sep 02 16:30:02 EDT 2019 org.apache.commons.lang3.time.FastDateFormat,584
Mon Sep 02 16:30:04 EDT 2019 org.apache.commons.lang3.time.FastDateFormat,585
Mon Sep 02 16:30:06 EDT 2019 org.apache.commons.lang3.time.FastDateFormat,586
Mon Sep 02 16:32:54 EDT 2019 org.apache.commons.lang3.time.FastDateFormat,588
Mon Sep 02 16:36:08 EDT 2019 org.apache.commons.lang3.time.FastDateFormat,589
Mon Sep 02 16:36:09 EDT 2019 org.apache.commons.lang3.time.FastDateFormat,591
Mon Sep 02 17:08:51 EDT 2019 org.apache.commons.lang3.time.FastDateFormat,592
Mon Sep 02 17:09:33 EDT 2019 org.apache.commons.lang3.time.FastDateFormat,593
Mon Sep 02 17:09:34 EDT 2019 org.apache.commons.lang3.time.FastDateFormat,594
Mon Sep 02 17:14:44 EDT 2019 org.apache.commons.lang3.time.FastDateFormat,596
Mon Sep 02 17:22:48 EDT 2019 org.apache.commons.lang3.time.FastDateFormat,597
Mon Sep 02 17:22:49 EDT 2019 org.apache.commons.lang3.time.FastDateFormat,602
Mon Sep 02 17:24:41 EDT 2019 Mon Sep 02 17:24:41 EDT 2019 : org.apache.commons.lang3.time.FastDateFormat,604=>Find no block
Mon Sep 02 17:24:42 EDT 2019 org.apache.commons.lang3.time.FastDateFormat,683
Mon Sep 02 17:25:13 EDT 2019 org.apache.commons.lang3.time.FastDateFormat,684
Mon Sep 02 17:25:13 EDT 2019 org.apache.commons.lang3.time.FastDateFormat,694
Mon Sep 02 17:31:05 EDT 2019 org.apache.commons.lang3.time.FastDateFormat,697
Mon Sep 02 17:53:58 EDT 2019 org.apache.commons.lang3.time.FastDateFormat,708
Mon Sep 02 17:58:30 EDT 2019 org.apache.commons.lang3.time.FastDateFormat,710
Mon Sep 02 17:58:31 EDT 2019 org.apache.commons.lang3.time.FastDateFormat,711
Mon Sep 02 18:05:05 EDT 2019 org.apache.commons.lang3.time.FastDateFormat,713
Mon Sep 02 18:05:05 EDT 2019 org.apache.commons.lang3.time.FastDateFormat,714
Mon Sep 02 18:21:34 EDT 2019 org.apache.commons.lang3.time.FastDateFormat,717
Mon Sep 02 18:26:14 EDT 2019 org.apache.commons.lang3.time.FastDateFormat,719
Mon Sep 02 18:26:15 EDT 2019 org.apache.commons.lang3.time.FastDateFormat,720
Mon Sep 02 18:26:15 EDT 2019 org.apache.commons.lang3.time.FastDateFormat,721
Mon Sep 02 18:26:16 EDT 2019 org.apache.commons.lang3.time.FastDateFormat,722
Mon Sep 02 18:26:17 EDT 2019 org.apache.commons.lang3.time.FastDateFormat,723
Mon Sep 02 18:26:18 EDT 2019 Mon Sep 02 18:26:18 EDT 2019 : org.apache.commons.lang3.time.FastDateFormat,727=>Find no block
Mon Sep 02 18:26:19 EDT 2019 org.apache.commons.lang3.time.FastDateFormat,730
Mon Sep 02 18:26:31 EDT 2019 org.apache.commons.lang3.time.FastDateFormat,732
Mon Sep 02 18:26:32 EDT 2019 org.apache.commons.lang3.time.FastDateFormat,734
Mon Sep 02 18:26:33 EDT 2019 org.apache.commons.lang3.time.FastDateFormat,735
Mon Sep 02 18:26:37 EDT 2019 org.apache.commons.lang3.time.FastDateFormat,737
Mon Sep 02 18:26:38 EDT 2019 org.apache.commons.lang3.time.FastDateFormat,745
Mon Sep 02 18:26:40 EDT 2019 org.apache.commons.lang3.time.FastDateFormat,747
Mon Sep 02 18:26:40 EDT 2019 org.apache.commons.lang3.time.FastDateFormat,748
Mon Sep 02 18:26:41 EDT 2019 org.apache.commons.lang3.time.FastDateFormat,750
Mon Sep 02 18:26:42 EDT 2019 org.apache.commons.lang3.time.FastDateFormat,755
Mon Sep 02 18:31:34 EDT 2019 org.apache.commons.lang3.time.FastDateFormat,756
Mon Sep 02 18:31:35 EDT 2019 Mon Sep 02 18:31:35 EDT 2019 : org.apache.commons.lang3.time.FastDateFormat,767=>Find no block
Mon Sep 02 18:31:35 EDT 2019 org.apache.commons.lang3.time.FastDateFormat,1003
Mon Sep 02 18:31:56 EDT 2019 org.apache.commons.lang3.time.FastDateFormat,1004
Mon Sep 02 18:31:56 EDT 2019 org.apache.commons.lang3.time.FastDateFormat,1005
Mon Sep 02 18:31:57 EDT 2019 org.apache.commons.lang3.time.FastDateFormat,1006
Mon Sep 02 18:31:58 EDT 2019 org.apache.commons.lang3.time.FastDateFormat,1007
Mon Sep 02 18:31:59 EDT 2019 org.apache.commons.lang3.time.FastDateFormat,1008
Mon Sep 02 18:31:59 EDT 2019 org.apache.commons.lang3.time.FastDateFormat,1009
Mon Sep 02 18:32:00 EDT 2019 org.apache.commons.lang3.time.FastDateFormat,1230
Mon Sep 02 18:32:02 EDT 2019 Mon Sep 02 18:32:02 EDT 2019 : org.apache.commons.lang3.time.FastDateFormat,1231=>Find no block
Mon Sep 02 18:32:03 EDT 2019 Mon Sep 02 18:32:03 EDT 2019 : org.apache.commons.lang3.time.FastDateFormat,1223=>Find no block
Mon Sep 02 18:32:03 EDT 2019 org.apache.commons.lang3.time.FastDateFormat,1237
Mon Sep 02 18:32:04 EDT 2019 org.apache.commons.lang3.time.FastDateFormat,1244
Mon Sep 02 18:32:33 EDT 2019 Mon Sep 02 18:32:33 EDT 2019 : org.apache.commons.lang3.time.FastDateFormat,1245=>Find no block
Mon Sep 02 18:32:34 EDT 2019 org.apache.commons.lang3.time.FastDateFormat,1251
Mon Sep 02 18:35:26 EDT 2019 org.apache.commons.lang3.time.FastDateFormat,1252
Mon Sep 02 18:35:26 EDT 2019 org.apache.commons.lang3.time.FastDateFormat,1254
Mon Sep 02 18:35:27 EDT 2019 org.apache.commons.lang3.time.FastDateFormat,1255
Mon Sep 02 18:35:28 EDT 2019 Mon Sep 02 18:35:28 EDT 2019 : org.apache.commons.lang3.time.FastDateFormat,1257=>Find no block
Mon Sep 02 18:35:29 EDT 2019 Mon Sep 02 18:35:29 EDT 2019 : org.apache.commons.lang3.time.FastDateFormat,1659=>Find no block
Mon Sep 02 18:35:29 EDT 2019 org.apache.commons.lang3.time.FastDateFormat,1660
Mon Sep 02 18:36:16 EDT 2019 org.apache.commons.lang3.time.FastDateFormat,1661
Mon Sep 02 18:36:17 EDT 2019 org.apache.commons.lang3.time.FastDateFormat,1662
Mon Sep 02 18:36:18 EDT 2019 org.apache.commons.lang3.time.FastDateFormat,1664
Mon Sep 02 18:36:18 EDT 2019 org.apache.commons.lang3.time.FastDateFormat,1665
Mon Sep 02 18:36:19 EDT 2019 Mon Sep 02 18:36:19 EDT 2019 : org.apache.commons.lang3.time.FastDateFormat,1666=>Find no block
Mon Sep 02 18:36:20 EDT 2019 org.apache.commons.lang3.time.FastDateFormat,1673
Mon Sep 02 18:36:29 EDT 2019 org.apache.commons.lang3.time.FastDateFormat,1681
Mon Sep 02 18:37:41 EDT 2019 org.apache.commons.lang3.time.FastDateFormat,1682
Mon Sep 02 18:37:42 EDT 2019 org.apache.commons.lang3.time.FastDateFormat,1684
Mon Sep 02 18:38:18 EDT 2019 org.apache.commons.lang3.time.FastDateFormat,1685
Mon Sep 02 18:38:18 EDT 2019 org.apache.commons.lang3.time.FastDateFormat,1686
Mon Sep 02 18:38:19 EDT 2019 org.apache.commons.lang3.time.FastDateFormat,1691
Mon Sep 02 18:40:13 EDT 2019 org.apache.commons.lang3.time.FastDateFormat,1374
Mon Sep 02 18:40:14 EDT 2019 Mon Sep 02 18:40:14 EDT 2019 : org.apache.commons.lang3.time.FastDateFormat,1375=>Find no block
Mon Sep 02 18:40:15 EDT 2019 Mon Sep 02 18:40:15 EDT 2019 : org.apache.commons.lang3.time.FastDateFormat,1368=>Find no block
Mon Sep 02 18:40:16 EDT 2019 org.apache.commons.lang3.time.FastDateFormat,1381
Mon Sep 02 18:40:17 EDT 2019 org.apache.commons.lang3.time.FastDateFormat,1388
Mon Sep 02 18:40:45 EDT 2019 Mon Sep 02 18:40:45 EDT 2019 : org.apache.commons.lang3.time.FastDateFormat,1389=>Find no block
Mon Sep 02 18:40:46 EDT 2019 org.apache.commons.lang3.time.FastDateFormat,1395
Mon Sep 02 18:42:01 EDT 2019 org.apache.commons.lang3.time.FastDateFormat,1396
Mon Sep 02 18:42:02 EDT 2019 Mon Sep 02 18:42:02 EDT 2019 : org.apache.commons.lang3.time.FastDateFormat,1397=>Find no block
Mon Sep 02 18:42:03 EDT 2019 Mon Sep 02 18:42:03 EDT 2019 : org.apache.commons.lang3.time.FastDateFormat,1539=>Find no block
Mon Sep 02 18:42:04 EDT 2019 org.apache.commons.lang3.time.FastDateFormat,1540
Mon Sep 02 18:42:19 EDT 2019 org.apache.commons.lang3.time.FastDateFormat,1541
Mon Sep 02 18:42:19 EDT 2019 org.apache.commons.lang3.time.FastDateFormat,1542
Mon Sep 02 18:42:54 EDT 2019 org.apache.commons.lang3.time.FastDateFormat,1543
Mon Sep 02 18:43:50 EDT 2019 org.apache.commons.lang3.time.FastDateFormat,1545
Mon Sep 02 18:44:05 EDT 2019 org.apache.commons.lang3.time.FastDateFormat,1546
Mon Sep 02 18:44:06 EDT 2019 org.apache.commons.lang3.time.FastDateFormat,1547
Mon Sep 02 18:44:06 EDT 2019 org.apache.commons.lang3.time.FastDateFormat,1549
Mon Sep 02 18:44:07 EDT 2019 org.apache.commons.lang3.time.FastDateFormat,1550
Mon Sep 02 18:44:08 EDT 2019 Mon Sep 02 18:44:08 EDT 2019 : org.apache.commons.lang3.time.FastDateFormat,1552=>Find no block
Mon Sep 02 18:44:09 EDT 2019 org.apache.commons.lang3.time.FastDateFormat,1558
Mon Sep 02 18:45:52 EDT 2019 org.apache.commons.lang3.time.FastDateFormat,1559
Mon Sep 02 18:45:53 EDT 2019 org.apache.commons.lang3.time.FastDateFormat,1560
Mon Sep 02 18:45:54 EDT 2019 org.apache.commons.lang3.time.FastDateFormat,1561
Mon Sep 02 18:45:55 EDT 2019 org.apache.commons.lang3.time.FastDateFormat,1563
Mon Sep 02 18:45:56 EDT 2019 org.apache.commons.lang3.time.FastDateFormat,1571
Mon Sep 02 18:50:04 EDT 2019 org.apache.commons.lang3.time.FastDateFormat,1572
Mon Sep 02 18:50:05 EDT 2019 org.apache.commons.lang3.time.FastDateFormat,1573
Mon Sep 02 18:50:05 EDT 2019 org.apache.commons.lang3.time.FastDateFormat,1575
Mon Sep 02 18:50:05 EDT 2019 org.apache.commons.lang3.time.FastDateFormat,1578
Mon Sep 02 18:51:27 EDT 2019 org.apache.commons.lang3.time.FastDateFormat,1579
Mon Sep 02 18:51:27 EDT 2019 org.apache.commons.lang3.time.FastDateFormat,1580
Mon Sep 02 18:51:28 EDT 2019 org.apache.commons.lang3.time.FastDateFormat,1582
Mon Sep 02 18:51:28 EDT 2019 Mon Sep 02 18:51:28 EDT 2019 : org.apache.commons.lang3.time.FastDateFormat,1585=>Find no block
Mon Sep 02 18:51:29 EDT 2019 Mon Sep 02 18:51:29 EDT 2019 : org.apache.commons.lang3.time.FastDateFormat,1186=>Find no block
Mon Sep 02 18:51:30 EDT 2019 org.apache.commons.lang3.time.FastDateFormat,1187
Mon Sep 02 18:51:30 EDT 2019 Mon Sep 02 18:51:30 EDT 2019 : org.apache.commons.lang3.time.FastDateFormat,1188=>Find no block
Mon Sep 02 18:51:31 EDT 2019 org.apache.commons.lang3.time.FastDateFormat,1194
Mon Sep 02 18:51:32 EDT 2019 org.apache.commons.lang3.time.FastDateFormat,1201
Mon Sep 02 18:51:33 EDT 2019 Mon Sep 02 18:51:33 EDT 2019 : org.apache.commons.lang3.time.FastDateFormat,1202=>Find no block
Mon Sep 02 18:51:33 EDT 2019 org.apache.commons.lang3.time.FastDateFormat,1208
Mon Sep 02 18:56:59 EDT 2019 org.apache.commons.lang3.time.FastDateFormat,1209
Mon Sep 02 18:57:00 EDT 2019 org.apache.commons.lang3.time.FastDateFormat,1210
Mon Sep 02 18:57:00 EDT 2019 org.apache.commons.lang3.time.FastDateFormat,1211
Mon Sep 02 18:57:00 EDT 2019 org.apache.commons.lang3.time.FastDateFormat,1212
Failed time : 19/09/02 18:57
