=================================================
Project : lang_27	start : 19/09/02 15:24
Current failed test : org.apache.commons.lang3.math.NumberUtilsTest::testCreateNumber_purify_25 | 19/09/02 15:26
Mon Sep 02 15:27:02 EDT 2019 Mon Sep 02 15:27:02 EDT 2019 : org.apache.commons.lang3.SystemUtils,104=>Find no block
Mon Sep 02 15:27:03 EDT 2019 Mon Sep 02 15:27:03 EDT 2019 : org.apache.commons.lang3.SystemUtils,127=>Find no block
Mon Sep 02 15:27:04 EDT 2019 Mon Sep 02 15:27:04 EDT 2019 : org.apache.commons.lang3.SystemUtils,146=>Find no block
Mon Sep 02 15:27:04 EDT 2019 Mon Sep 02 15:27:04 EDT 2019 : org.apache.commons.lang3.SystemUtils,165=>Find no block
Mon Sep 02 15:27:05 EDT 2019 Mon Sep 02 15:27:05 EDT 2019 : org.apache.commons.lang3.SystemUtils,184=>Find no block
Mon Sep 02 15:27:05 EDT 2019 Mon Sep 02 15:27:05 EDT 2019 : org.apache.commons.lang3.SystemUtils,206=>Find no block
Mon Sep 02 15:27:06 EDT 2019 Mon Sep 02 15:27:06 EDT 2019 : org.apache.commons.lang3.SystemUtils,225=>Find no block
Mon Sep 02 15:27:06 EDT 2019 Mon Sep 02 15:27:06 EDT 2019 : org.apache.commons.lang3.SystemUtils,244=>Find no block
Mon Sep 02 15:27:07 EDT 2019 Mon Sep 02 15:27:07 EDT 2019 : org.apache.commons.lang3.SystemUtils,263=>Find no block
Mon Sep 02 15:27:07 EDT 2019 Mon Sep 02 15:27:07 EDT 2019 : org.apache.commons.lang3.SystemUtils,283=>Find no block
Mon Sep 02 15:27:08 EDT 2019 Mon Sep 02 15:27:08 EDT 2019 : org.apache.commons.lang3.SystemUtils,302=>Find no block
Mon Sep 02 15:27:08 EDT 2019 Mon Sep 02 15:27:08 EDT 2019 : org.apache.commons.lang3.SystemUtils,321=>Find no block
Mon Sep 02 15:27:09 EDT 2019 Mon Sep 02 15:27:09 EDT 2019 : org.apache.commons.lang3.SystemUtils,340=>Find no block
Mon Sep 02 15:27:09 EDT 2019 Mon Sep 02 15:27:09 EDT 2019 : org.apache.commons.lang3.SystemUtils,359=>Find no block
Mon Sep 02 15:27:10 EDT 2019 Mon Sep 02 15:27:10 EDT 2019 : org.apache.commons.lang3.SystemUtils,378=>Find no block
Mon Sep 02 15:27:11 EDT 2019 Mon Sep 02 15:27:11 EDT 2019 : org.apache.commons.lang3.SystemUtils,398=>Find no block
Mon Sep 02 15:27:11 EDT 2019 Mon Sep 02 15:27:11 EDT 2019 : org.apache.commons.lang3.SystemUtils,418=>Find no block
Mon Sep 02 15:27:12 EDT 2019 Mon Sep 02 15:27:12 EDT 2019 : org.apache.commons.lang3.SystemUtils,437=>Find no block
Mon Sep 02 15:27:13 EDT 2019 Mon Sep 02 15:27:13 EDT 2019 : org.apache.commons.lang3.SystemUtils,456=>Find no block
Mon Sep 02 15:27:13 EDT 2019 Mon Sep 02 15:27:13 EDT 2019 : org.apache.commons.lang3.SystemUtils,475=>Find no block
Mon Sep 02 15:27:14 EDT 2019 Mon Sep 02 15:27:14 EDT 2019 : org.apache.commons.lang3.SystemUtils,495=>Find no block
Mon Sep 02 15:27:14 EDT 2019 Mon Sep 02 15:27:14 EDT 2019 : org.apache.commons.lang3.SystemUtils,514=>Find no block
Mon Sep 02 15:27:14 EDT 2019 Mon Sep 02 15:27:14 EDT 2019 : org.apache.commons.lang3.SystemUtils,533=>Find no block
Mon Sep 02 15:27:15 EDT 2019 Mon Sep 02 15:27:15 EDT 2019 : org.apache.commons.lang3.SystemUtils,552=>Find no block
Mon Sep 02 15:27:16 EDT 2019 Mon Sep 02 15:27:16 EDT 2019 : org.apache.commons.lang3.SystemUtils,572=>Find no block
Mon Sep 02 15:27:16 EDT 2019 Mon Sep 02 15:27:16 EDT 2019 : org.apache.commons.lang3.SystemUtils,591=>Find no block
Mon Sep 02 15:27:17 EDT 2019 Mon Sep 02 15:27:17 EDT 2019 : org.apache.commons.lang3.SystemUtils,610=>Find no block
Mon Sep 02 15:27:18 EDT 2019 Mon Sep 02 15:27:18 EDT 2019 : org.apache.commons.lang3.SystemUtils,629=>Find no block
Mon Sep 02 15:27:19 EDT 2019 Mon Sep 02 15:27:19 EDT 2019 : org.apache.commons.lang3.SystemUtils,648=>Find no block
Mon Sep 02 15:27:20 EDT 2019 Mon Sep 02 15:27:20 EDT 2019 : org.apache.commons.lang3.SystemUtils,667=>Find no block
Mon Sep 02 15:27:21 EDT 2019 Mon Sep 02 15:27:21 EDT 2019 : org.apache.commons.lang3.SystemUtils,686=>Find no block
Mon Sep 02 15:27:21 EDT 2019 Mon Sep 02 15:27:21 EDT 2019 : org.apache.commons.lang3.SystemUtils,705=>Find no block
Mon Sep 02 15:27:22 EDT 2019 Mon Sep 02 15:27:22 EDT 2019 : org.apache.commons.lang3.SystemUtils,724=>Find no block
Mon Sep 02 15:27:22 EDT 2019 Mon Sep 02 15:27:22 EDT 2019 : org.apache.commons.lang3.SystemUtils,743=>Find no block
Mon Sep 02 15:27:23 EDT 2019 Mon Sep 02 15:27:23 EDT 2019 : org.apache.commons.lang3.SystemUtils,762=>Find no block
Mon Sep 02 15:27:24 EDT 2019 Mon Sep 02 15:27:24 EDT 2019 : org.apache.commons.lang3.SystemUtils,781=>Find no block
Mon Sep 02 15:27:25 EDT 2019 Mon Sep 02 15:27:25 EDT 2019 : org.apache.commons.lang3.SystemUtils,802=>Find no block
Mon Sep 02 15:27:26 EDT 2019 Mon Sep 02 15:27:26 EDT 2019 : org.apache.commons.lang3.SystemUtils,822=>Find no block
Mon Sep 02 15:27:27 EDT 2019 Mon Sep 02 15:27:27 EDT 2019 : org.apache.commons.lang3.SystemUtils,841=>Find no block
Mon Sep 02 15:27:27 EDT 2019 Mon Sep 02 15:27:27 EDT 2019 : org.apache.commons.lang3.SystemUtils,861=>Find no block
Mon Sep 02 15:27:28 EDT 2019 Mon Sep 02 15:27:28 EDT 2019 : org.apache.commons.lang3.SystemUtils,880=>Find no block
Mon Sep 02 15:27:29 EDT 2019 Mon Sep 02 15:27:29 EDT 2019 : org.apache.commons.lang3.SystemUtils,899=>Find no block
Mon Sep 02 15:27:29 EDT 2019 Mon Sep 02 15:27:29 EDT 2019 : org.apache.commons.lang3.SystemUtils,917=>Find no block
Mon Sep 02 15:27:30 EDT 2019 Mon Sep 02 15:27:30 EDT 2019 : org.apache.commons.lang3.SystemUtils,943=>Find no block
Mon Sep 02 15:27:31 EDT 2019 Mon Sep 02 15:27:31 EDT 2019 : org.apache.commons.lang3.SystemUtils,964=>Find no block
Mon Sep 02 15:27:32 EDT 2019 Mon Sep 02 15:27:32 EDT 2019 : org.apache.commons.lang3.SystemUtils,980=>Find no block
Mon Sep 02 15:27:33 EDT 2019 Mon Sep 02 15:27:33 EDT 2019 : org.apache.commons.lang3.SystemUtils,991=>Find no block
Mon Sep 02 15:27:34 EDT 2019 Mon Sep 02 15:27:34 EDT 2019 : org.apache.commons.lang3.SystemUtils,1002=>Find no block
Mon Sep 02 15:27:34 EDT 2019 Mon Sep 02 15:27:34 EDT 2019 : org.apache.commons.lang3.SystemUtils,1013=>Find no block
Mon Sep 02 15:27:35 EDT 2019 Mon Sep 02 15:27:35 EDT 2019 : org.apache.commons.lang3.SystemUtils,1024=>Find no block
Mon Sep 02 15:27:36 EDT 2019 Mon Sep 02 15:27:36 EDT 2019 : org.apache.commons.lang3.SystemUtils,1035=>Find no block
Mon Sep 02 15:27:37 EDT 2019 Mon Sep 02 15:27:37 EDT 2019 : org.apache.commons.lang3.SystemUtils,1048=>Find no block
Mon Sep 02 15:27:37 EDT 2019 Mon Sep 02 15:27:37 EDT 2019 : org.apache.commons.lang3.SystemUtils,1069=>Find no block
Mon Sep 02 15:27:38 EDT 2019 Mon Sep 02 15:27:38 EDT 2019 : org.apache.commons.lang3.SystemUtils,1082=>Find no block
Mon Sep 02 15:27:39 EDT 2019 Mon Sep 02 15:27:39 EDT 2019 : org.apache.commons.lang3.SystemUtils,1095=>Find no block
Mon Sep 02 15:27:40 EDT 2019 Mon Sep 02 15:27:40 EDT 2019 : org.apache.commons.lang3.SystemUtils,1108=>Find no block
Mon Sep 02 15:27:41 EDT 2019 Mon Sep 02 15:27:41 EDT 2019 : org.apache.commons.lang3.SystemUtils,1121=>Find no block
Mon Sep 02 15:27:41 EDT 2019 Mon Sep 02 15:27:41 EDT 2019 : org.apache.commons.lang3.SystemUtils,1134=>Find no block
Mon Sep 02 15:27:42 EDT 2019 Mon Sep 02 15:27:42 EDT 2019 : org.apache.commons.lang3.SystemUtils,1147=>Find no block
Mon Sep 02 15:27:43 EDT 2019 Mon Sep 02 15:27:43 EDT 2019 : org.apache.commons.lang3.SystemUtils,1160=>Find no block
Mon Sep 02 15:27:44 EDT 2019 Mon Sep 02 15:27:44 EDT 2019 : org.apache.commons.lang3.SystemUtils,1173=>Find no block
Mon Sep 02 15:27:45 EDT 2019 Mon Sep 02 15:27:45 EDT 2019 : org.apache.commons.lang3.SystemUtils,1186=>Find no block
Mon Sep 02 15:27:45 EDT 2019 Mon Sep 02 15:27:45 EDT 2019 : org.apache.commons.lang3.SystemUtils,1200=>Find no block
Mon Sep 02 15:27:46 EDT 2019 Mon Sep 02 15:27:46 EDT 2019 : org.apache.commons.lang3.SystemUtils,1213=>Find no block
Mon Sep 02 15:27:46 EDT 2019 Mon Sep 02 15:27:46 EDT 2019 : org.apache.commons.lang3.SystemUtils,1226=>Find no block
Mon Sep 02 15:27:47 EDT 2019 Mon Sep 02 15:27:47 EDT 2019 : org.apache.commons.lang3.SystemUtils,1240=>Find no block
Mon Sep 02 15:27:47 EDT 2019 Mon Sep 02 15:27:47 EDT 2019 : org.apache.commons.lang3.SystemUtils,1254=>Find no block
Mon Sep 02 15:27:48 EDT 2019 Mon Sep 02 15:27:48 EDT 2019 : org.apache.commons.lang3.SystemUtils,1268=>Find no block
Mon Sep 02 15:27:49 EDT 2019 Mon Sep 02 15:27:49 EDT 2019 : org.apache.commons.lang3.SystemUtils,1282=>Find no block
Mon Sep 02 15:27:50 EDT 2019 Mon Sep 02 15:27:50 EDT 2019 : org.apache.commons.lang3.SystemUtils,1296=>Find no block
Mon Sep 02 15:27:50 EDT 2019 Mon Sep 02 15:27:50 EDT 2019 : org.apache.commons.lang3.SystemUtils,1309=>Find no block
Mon Sep 02 15:27:51 EDT 2019 org.apache.commons.lang3.SystemUtils,1364
Mon Sep 02 15:28:20 EDT 2019 org.apache.commons.lang3.SystemUtils,1388
Mon Sep 02 15:28:45 EDT 2019 org.apache.commons.lang3.SystemUtils,1401
Mon Sep 02 15:28:47 EDT 2019 org.apache.commons.lang3.SystemUtils,1410
Mon Sep 02 15:34:36 EDT 2019 org.apache.commons.lang3.SystemUtils,1411
Mon Sep 02 15:34:37 EDT 2019 org.apache.commons.lang3.SystemUtils,1412
Mon Sep 02 15:34:38 EDT 2019 org.apache.commons.lang3.SystemUtils,1413
Mon Sep 02 15:34:38 EDT 2019 org.apache.commons.lang3.SystemUtils,1414
Mon Sep 02 15:34:39 EDT 2019 org.apache.commons.lang3.SystemUtils,1431
Mon Sep 02 15:35:05 EDT 2019 org.apache.commons.lang3.SystemUtils,1442
Mon Sep 02 15:35:29 EDT 2019 org.apache.commons.lang3.SystemUtils,1462
Mon Sep 02 15:35:31 EDT 2019 org.apache.commons.lang3.SystemUtils,1534
Mon Sep 02 15:35:33 EDT 2019 org.apache.commons.lang3.SystemUtils,1574
Mon Sep 02 15:35:36 EDT 2019 org.apache.commons.lang3.SystemUtils,1577
Mon Sep 02 15:36:28 EDT 2019 org.apache.commons.lang3.SystemUtils,1597
Mon Sep 02 15:36:30 EDT 2019 org.apache.commons.lang3.SystemUtils,1600
Mon Sep 02 15:36:31 EDT 2019 org.apache.commons.lang3.SystemUtils,1616
Mon Sep 02 15:36:54 EDT 2019 org.apache.commons.lang3.SystemUtils,1619
Mon Sep 02 15:37:48 EDT 2019 org.apache.commons.lang3.SystemUtils,1716
Mon Sep 02 15:37:50 EDT 2019 org.apache.commons.lang3.SystemUtils,1719
Mon Sep 02 15:41:48 EDT 2019 org.apache.commons.lang3.SystemUtils,1720
Mon Sep 02 15:45:26 EDT 2019 org.apache.commons.lang3.SystemUtils,1721
Mon Sep 02 15:52:06 EDT 2019 org.apache.commons.lang3.SystemUtils,1722
Mon Sep 02 15:52:10 EDT 2019 org.apache.commons.lang3.SystemUtils,1723
Mon Sep 02 15:52:13 EDT 2019 org.apache.commons.lang3.SystemUtils,1724
Mon Sep 02 15:52:17 EDT 2019 org.apache.commons.lang3.SystemUtils,1725
Mon Sep 02 15:52:20 EDT 2019 org.apache.commons.lang3.SystemUtils,1728
Mon Sep 02 15:56:38 EDT 2019 org.apache.commons.lang3.SystemUtils,1752
Mon Sep 02 15:59:07 EDT 2019 org.apache.commons.lang3.SystemUtils,1755
Mon Sep 02 16:00:46 EDT 2019 org.apache.commons.lang3.SystemUtils,1758
Mon Sep 02 16:04:22 EDT 2019 org.apache.commons.lang3.SystemUtils,1759
Mon Sep 02 16:06:30 EDT 2019 org.apache.commons.lang3.SystemUtils,1760
Mon Sep 02 16:12:07 EDT 2019 org.apache.commons.lang3.SystemUtils,1761
Mon Sep 02 16:19:24 EDT 2019 org.apache.commons.lang3.SystemUtils,1762
Mon Sep 02 16:19:25 EDT 2019 org.apache.commons.lang3.SystemUtils,1765
Mon Sep 02 16:28:46 EDT 2019 org.apache.commons.lang3.SystemUtils,1792
Mon Sep 02 16:29:17 EDT 2019 org.apache.commons.lang3.SystemUtils,1795
Mon Sep 02 16:34:35 EDT 2019 org.apache.commons.lang3.SystemUtils,1796
Mon Sep 02 16:42:58 EDT 2019 org.apache.commons.lang3.SystemUtils,1797
Mon Sep 02 16:46:03 EDT 2019 org.apache.commons.lang3.SystemUtils,1798
Mon Sep 02 16:46:03 EDT 2019 org.apache.commons.lang3.SystemUtils,1800
Mon Sep 02 16:50:25 EDT 2019 org.apache.commons.lang3.SystemUtils,1801
Mon Sep 02 16:50:25 EDT 2019 org.apache.commons.lang3.SystemUtils,1803
Mon Sep 02 16:54:45 EDT 2019 org.apache.commons.lang3.SystemUtils,1804
Mon Sep 02 16:54:46 EDT 2019 org.apache.commons.lang3.SystemUtils,1806
Mon Sep 02 16:59:23 EDT 2019 Mon Sep 02 16:59:23 EDT 2019 : org.apache.commons.lang3.math.NumberUtils,512=>Find no block
Mon Sep 02 16:59:24 EDT 2019 org.apache.commons.lang3.math.NumberUtils,515
Mon Sep 02 17:01:13 EDT 2019 Mon Sep 02 17:01:13 EDT 2019 : org.apache.commons.lang3.math.NumberUtils,531=>Find no block
Mon Sep 02 17:01:13 EDT 2019 Mon Sep 02 17:01:13 EDT 2019 : org.apache.commons.lang3.math.NumberUtils,542=>Find no block
Mon Sep 02 17:01:14 EDT 2019 Mon Sep 02 17:01:14 EDT 2019 : org.apache.commons.lang3.math.NumberUtils,585=>Find no block
Mon Sep 02 17:01:14 EDT 2019 org.apache.commons.lang3.math.NumberUtils,588
Mon Sep 02 17:01:46 EDT 2019 org.apache.commons.lang3.math.NumberUtils,589
Mon Sep 02 17:01:47 EDT 2019 org.apache.commons.lang3.math.NumberUtils,454

----------------------------------------
----------------------------------------
Pass Single Test : [=>0,0]
if(str!=null){
return null;
}

Time : 19/09/02 17:02
----------------------------------------
Mon Sep 02 17:03:25 EDT 2019 org.apache.commons.lang3.math.NumberUtils,467

----------------------------------------
----------------------------------------
Pass Single Test : [=>0,0]
str=str.toLowerCase();
if(str.startsWith("0x")||str.startsWith("-0x")){
return createInteger(str);
}

Time : 19/09/02 17:04
----------------------------------------

----------------------------------------
----------------------------------------
Similar code block : 1.274489227814903 : [/home/mmotwani/mywork1dir/Defects4Java7/defects4j/SIMFIX_RQ1/lang/lang_27_buggy/src/main/java/org/apache/commons/lang3/math/NumberUtils.java=>0,0]
int delimLen=(delimiters==null?-1:delimiters.length);
if(str==null||str.length()==0||delimLen==0){
return str;
}
str=str.toLowerCase();
return capitalize(str,delimiters);

Time : 19/09/02 17:05
----------------------------------------

----------------------------------------
----------------------------------------
Original source code : [/home/mmotwani/mywork1dir/Defects4Java7/defects4j/SIMFIX_RQ1/lang/lang_27_buggy/src/main/java/org/apache/commons/lang3/math/NumberUtils.java=>466,468]
if(str.startsWith("0x")||str.startsWith("-0x")){
return createInteger(str);
}

Time : 19/09/02 17:05
----------------------------------------

----------------------------------------
----------------------------------------
Find a patch : [/home/mmotwani/mywork1dir/Defects4Java7/defects4j/SIMFIX_RQ1/lang/lang_27_buggy/src/main/java/org/apache/commons/lang3/math/NumberUtils.java=>466,468]
str=str.toLowerCase();
if(str.startsWith("0x")||str.startsWith("-0x")){
return createInteger(str);
}

Time : 19/09/02 17:05
----------------------------------------
Success time : 19/09/02 17:05
