=================================================
Project : lang_28	start : 19/09/02 15:24
Current failed test : org.apache.commons.lang3.text.translate.NumericEntityUnescaperTest::testSupplementaryUnescaping | 19/09/02 15:24
Mon Sep 02 15:25:30 EDT 2019 org.apache.commons.lang3.text.translate.NumericEntityUnescaper,57
Mon Sep 02 15:29:18 EDT 2019 Mon Sep 02 15:29:18 EDT 2019 : org.apache.commons.lang3.text.translate.NumericEntityUnescaper,61=>Find no block
Mon Sep 02 15:29:18 EDT 2019 org.apache.commons.lang3.text.translate.NumericEntityUnescaper,63
Mon Sep 02 15:31:31 EDT 2019 org.apache.commons.lang3.text.translate.NumericEntityUnescaper,64
Mon Sep 02 15:31:32 EDT 2019 org.apache.commons.lang3.text.translate.NumericEntityUnescaper,38
Mon Sep 02 15:32:46 EDT 2019 org.apache.commons.lang3.text.translate.NumericEntityUnescaper,39
Mon Sep 02 15:32:47 EDT 2019 org.apache.commons.lang3.text.translate.NumericEntityUnescaper,41
Mon Sep 02 15:36:07 EDT 2019 org.apache.commons.lang3.text.translate.NumericEntityUnescaper,42
Mon Sep 02 15:36:39 EDT 2019 org.apache.commons.lang3.text.translate.NumericEntityUnescaper,47
Mon Sep 02 15:40:52 EDT 2019 org.apache.commons.lang3.text.translate.NumericEntityUnescaper,48
Mon Sep 02 15:40:53 EDT 2019 org.apache.commons.lang3.text.translate.NumericEntityUnescaper,49
Mon Sep 02 15:40:53 EDT 2019 org.apache.commons.lang3.text.translate.NumericEntityUnescaper,54
Mon Sep 02 15:40:54 EDT 2019 org.apache.commons.lang3.text.translate.NumericEntityUnescaper,37
Mon Sep 02 15:45:03 EDT 2019 org.apache.commons.lang3.text.translate.CharSequenceTranslator,93
Mon Sep 02 15:55:01 EDT 2019 org.apache.commons.lang3.text.translate.CharSequenceTranslator,94
Mon Sep 02 15:55:03 EDT 2019 org.apache.commons.lang3.text.translate.CharSequenceTranslator,95
Mon Sep 02 15:55:08 EDT 2019 org.apache.commons.lang3.text.translate.CharSequenceTranslator,98
Mon Sep 02 15:55:13 EDT 2019 org.apache.commons.lang3.text.translate.CharSequenceTranslator,102
Mon Sep 02 16:11:35 EDT 2019 org.apache.commons.lang3.text.translate.CharSequenceTranslator,54
Mon Sep 02 16:11:39 EDT 2019 org.apache.commons.lang3.text.translate.CharSequenceTranslator,58
Mon Sep 02 16:12:26 EDT 2019 org.apache.commons.lang3.text.translate.CharSequenceTranslator,59
Mon Sep 02 16:12:26 EDT 2019 org.apache.commons.lang3.text.translate.CharSequenceTranslator,60
Mon Sep 02 16:12:27 EDT 2019 org.apache.commons.lang3.text.translate.CharSequenceTranslator,77
Mon Sep 02 16:12:31 EDT 2019 org.apache.commons.lang3.text.translate.CharSequenceTranslator,80
Mon Sep 02 16:12:42 EDT 2019 org.apache.commons.lang3.text.translate.CharSequenceTranslator,83
Mon Sep 02 16:13:56 EDT 2019 org.apache.commons.lang3.text.translate.CharSequenceTranslator,84
Mon Sep 02 16:17:45 EDT 2019 org.apache.commons.lang3.text.translate.CharSequenceTranslator,87
Mon Sep 02 16:32:38 EDT 2019 org.apache.commons.lang3.text.translate.CharSequenceTranslator,89
Mon Sep 02 16:32:39 EDT 2019 Mon Sep 02 16:32:39 EDT 2019 : org.apache.commons.lang3.text.translate.CharSequenceTranslator,105=>Find no block
Mon Sep 02 16:32:40 EDT 2019 Mon Sep 02 16:32:40 EDT 2019 : org.apache.commons.lang3.text.translate.CharSequenceTranslator,32=>Find no block
Mon Sep 02 16:32:40 EDT 2019 Mon Sep 02 16:32:40 EDT 2019 : org.apache.commons.lang3.text.translate.NumericEntityUnescaper,29=>Find no block
Mon Sep 02 16:32:41 EDT 2019 Mon Sep 02 16:32:41 EDT 2019 : org.apache.commons.lang3.text.translate.AggregateTranslator,40=>Find no block
Mon Sep 02 16:32:42 EDT 2019 org.apache.commons.lang3.text.translate.AggregateTranslator,41
Mon Sep 02 16:33:08 EDT 2019 Mon Sep 02 16:33:08 EDT 2019 : org.apache.commons.lang3.text.translate.AggregateTranslator,42=>Find no block
Mon Sep 02 16:33:08 EDT 2019 org.apache.commons.lang3.text.translate.AggregateTranslator,51
Mon Sep 02 16:33:58 EDT 2019 org.apache.commons.lang3.text.translate.AggregateTranslator,52
Mon Sep 02 16:33:59 EDT 2019 org.apache.commons.lang3.text.translate.AggregateTranslator,53
Mon Sep 02 16:33:59 EDT 2019 org.apache.commons.lang3.text.translate.AggregateTranslator,54
Mon Sep 02 16:34:00 EDT 2019 org.apache.commons.lang3.text.translate.AggregateTranslator,57
Mon Sep 02 16:34:52 EDT 2019 org.apache.commons.lang3.text.translate.CharSequenceTranslator,55
Mon Sep 02 16:34:53 EDT 2019 Mon Sep 02 16:34:53 EDT 2019 : org.apache.commons.lang3.text.translate.CharSequenceTranslator,61=>Find no block
Mon Sep 02 16:34:54 EDT 2019 org.apache.commons.lang3.text.translate.CharSequenceTranslator,63
Mon Sep 02 16:34:54 EDT 2019 org.apache.commons.lang3.text.translate.CharSequenceTranslator,78
Mon Sep 02 16:34:55 EDT 2019 org.apache.commons.lang3.text.translate.CharSequenceTranslator,81
Mon Sep 02 16:34:56 EDT 2019 org.apache.commons.lang3.text.translate.CharSequenceTranslator,90
Mon Sep 02 16:34:56 EDT 2019 org.apache.commons.lang3.text.translate.CharSequenceTranslator,115
Mon Sep 02 16:39:31 EDT 2019 org.apache.commons.lang3.text.translate.CharSequenceTranslator,116
Mon Sep 02 16:39:32 EDT 2019 org.apache.commons.lang3.text.translate.CharSequenceTranslator,117
Mon Sep 02 16:39:33 EDT 2019 org.apache.commons.lang3.text.translate.CharSequenceTranslator,118
Mon Sep 02 16:39:34 EDT 2019 org.apache.commons.lang3.text.translate.CharSequenceTranslator,129
Mon Sep 02 16:39:35 EDT 2019 org.apache.commons.lang3.text.translate.NumericEntityUnescaper,43
Mon Sep 02 16:39:36 EDT 2019 org.apache.commons.lang3.text.translate.NumericEntityUnescaper,44
Mon Sep 02 16:39:37 EDT 2019 org.apache.commons.lang3.text.translate.NumericEntityUnescaper,55
Mon Sep 02 16:39:38 EDT 2019 Mon Sep 02 16:39:38 EDT 2019 : org.apache.commons.lang3.text.translate.NumericEntityUnescaper,59=>Find no block
Mon Sep 02 16:39:39 EDT 2019 org.apache.commons.lang3.text.translate.NumericEntityUnescaper,60
Mon Sep 02 16:41:54 EDT 2019 org.apache.commons.lang3.text.translate.NumericEntityUnescaper,66
Failed time : 19/09/02 16:47
