=================================================
Project : lang_29	start : 19/09/02 15:24
Current failed test : org.apache.commons.lang3.SystemUtilsTest::testJavaVersionAsInt | 19/09/02 15:24
Mon Sep 02 15:25:35 EDT 2019 org.apache.commons.lang3.SystemUtils,1673
Mon Sep 02 15:26:07 EDT 2019 org.apache.commons.lang3.SystemUtils,1717
Mon Sep 02 15:26:14 EDT 2019 Mon Sep 02 15:26:14 EDT 2019 : org.apache.commons.lang3.ArrayUtils,56=>Find no block
Mon Sep 02 15:26:17 EDT 2019 Mon Sep 02 15:26:17 EDT 2019 : org.apache.commons.lang3.ArrayUtils,60=>Find no block
Mon Sep 02 15:26:19 EDT 2019 Mon Sep 02 15:26:19 EDT 2019 : org.apache.commons.lang3.ArrayUtils,64=>Find no block
Mon Sep 02 15:26:19 EDT 2019 Mon Sep 02 15:26:19 EDT 2019 : org.apache.commons.lang3.ArrayUtils,68=>Find no block
Mon Sep 02 15:26:20 EDT 2019 Mon Sep 02 15:26:20 EDT 2019 : org.apache.commons.lang3.ArrayUtils,72=>Find no block
Mon Sep 02 15:26:21 EDT 2019 Mon Sep 02 15:26:21 EDT 2019 : org.apache.commons.lang3.ArrayUtils,76=>Find no block
Mon Sep 02 15:26:22 EDT 2019 Mon Sep 02 15:26:22 EDT 2019 : org.apache.commons.lang3.ArrayUtils,80=>Find no block
Mon Sep 02 15:26:26 EDT 2019 Mon Sep 02 15:26:26 EDT 2019 : org.apache.commons.lang3.ArrayUtils,84=>Find no block
Mon Sep 02 15:26:31 EDT 2019 Mon Sep 02 15:26:31 EDT 2019 : org.apache.commons.lang3.ArrayUtils,88=>Find no block
Mon Sep 02 15:26:32 EDT 2019 Mon Sep 02 15:26:32 EDT 2019 : org.apache.commons.lang3.ArrayUtils,92=>Find no block
Mon Sep 02 15:26:32 EDT 2019 Mon Sep 02 15:26:32 EDT 2019 : org.apache.commons.lang3.ArrayUtils,96=>Find no block
Mon Sep 02 15:26:33 EDT 2019 Mon Sep 02 15:26:33 EDT 2019 : org.apache.commons.lang3.ArrayUtils,100=>Find no block
Mon Sep 02 15:26:34 EDT 2019 Mon Sep 02 15:26:34 EDT 2019 : org.apache.commons.lang3.ArrayUtils,104=>Find no block
Mon Sep 02 15:26:34 EDT 2019 Mon Sep 02 15:26:34 EDT 2019 : org.apache.commons.lang3.ArrayUtils,108=>Find no block
Mon Sep 02 15:26:35 EDT 2019 Mon Sep 02 15:26:35 EDT 2019 : org.apache.commons.lang3.ArrayUtils,112=>Find no block
Mon Sep 02 15:26:36 EDT 2019 Mon Sep 02 15:26:36 EDT 2019 : org.apache.commons.lang3.ArrayUtils,116=>Find no block
Mon Sep 02 15:26:36 EDT 2019 Mon Sep 02 15:26:36 EDT 2019 : org.apache.commons.lang3.ArrayUtils,120=>Find no block
Mon Sep 02 15:26:38 EDT 2019 Mon Sep 02 15:26:38 EDT 2019 : org.apache.commons.lang3.ArrayUtils,124=>Find no block
Mon Sep 02 15:26:39 EDT 2019 Mon Sep 02 15:26:39 EDT 2019 : org.apache.commons.lang3.ArrayUtils,128=>Find no block
Mon Sep 02 15:26:40 EDT 2019 Mon Sep 02 15:26:40 EDT 2019 : org.apache.commons.lang3.SystemUtils,104=>Find no block
Mon Sep 02 15:26:41 EDT 2019 Mon Sep 02 15:26:41 EDT 2019 : org.apache.commons.lang3.SystemUtils,127=>Find no block
Mon Sep 02 15:26:42 EDT 2019 Mon Sep 02 15:26:42 EDT 2019 : org.apache.commons.lang3.SystemUtils,146=>Find no block
Mon Sep 02 15:26:43 EDT 2019 Mon Sep 02 15:26:43 EDT 2019 : org.apache.commons.lang3.SystemUtils,165=>Find no block
Mon Sep 02 15:26:43 EDT 2019 Mon Sep 02 15:26:43 EDT 2019 : org.apache.commons.lang3.SystemUtils,184=>Find no block
Mon Sep 02 15:26:44 EDT 2019 Mon Sep 02 15:26:44 EDT 2019 : org.apache.commons.lang3.SystemUtils,206=>Find no block
Mon Sep 02 15:26:45 EDT 2019 Mon Sep 02 15:26:45 EDT 2019 : org.apache.commons.lang3.SystemUtils,225=>Find no block
Mon Sep 02 15:26:45 EDT 2019 Mon Sep 02 15:26:45 EDT 2019 : org.apache.commons.lang3.SystemUtils,244=>Find no block
Mon Sep 02 15:26:46 EDT 2019 Mon Sep 02 15:26:46 EDT 2019 : org.apache.commons.lang3.SystemUtils,263=>Find no block
Mon Sep 02 15:26:47 EDT 2019 Mon Sep 02 15:26:47 EDT 2019 : org.apache.commons.lang3.SystemUtils,283=>Find no block
Mon Sep 02 15:26:48 EDT 2019 Mon Sep 02 15:26:48 EDT 2019 : org.apache.commons.lang3.SystemUtils,302=>Find no block
Mon Sep 02 15:26:48 EDT 2019 Mon Sep 02 15:26:48 EDT 2019 : org.apache.commons.lang3.SystemUtils,321=>Find no block
Mon Sep 02 15:26:49 EDT 2019 Mon Sep 02 15:26:49 EDT 2019 : org.apache.commons.lang3.SystemUtils,340=>Find no block
Mon Sep 02 15:26:49 EDT 2019 Mon Sep 02 15:26:49 EDT 2019 : org.apache.commons.lang3.SystemUtils,359=>Find no block
Mon Sep 02 15:26:50 EDT 2019 Mon Sep 02 15:26:50 EDT 2019 : org.apache.commons.lang3.SystemUtils,378=>Find no block
Mon Sep 02 15:26:51 EDT 2019 Mon Sep 02 15:26:51 EDT 2019 : org.apache.commons.lang3.SystemUtils,398=>Find no block
Mon Sep 02 15:26:52 EDT 2019 Mon Sep 02 15:26:52 EDT 2019 : org.apache.commons.lang3.SystemUtils,418=>Find no block
Mon Sep 02 15:26:53 EDT 2019 Mon Sep 02 15:26:53 EDT 2019 : org.apache.commons.lang3.SystemUtils,437=>Find no block
Mon Sep 02 15:26:53 EDT 2019 Mon Sep 02 15:26:53 EDT 2019 : org.apache.commons.lang3.SystemUtils,456=>Find no block
Mon Sep 02 15:26:54 EDT 2019 Mon Sep 02 15:26:54 EDT 2019 : org.apache.commons.lang3.SystemUtils,475=>Find no block
Mon Sep 02 15:26:54 EDT 2019 Mon Sep 02 15:26:54 EDT 2019 : org.apache.commons.lang3.SystemUtils,495=>Find no block
Mon Sep 02 15:26:55 EDT 2019 Mon Sep 02 15:26:55 EDT 2019 : org.apache.commons.lang3.SystemUtils,514=>Find no block
Mon Sep 02 15:26:55 EDT 2019 Mon Sep 02 15:26:55 EDT 2019 : org.apache.commons.lang3.SystemUtils,533=>Find no block
Mon Sep 02 15:26:56 EDT 2019 Mon Sep 02 15:26:56 EDT 2019 : org.apache.commons.lang3.SystemUtils,552=>Find no block
Mon Sep 02 15:26:56 EDT 2019 Mon Sep 02 15:26:56 EDT 2019 : org.apache.commons.lang3.SystemUtils,572=>Find no block
Mon Sep 02 15:26:57 EDT 2019 Mon Sep 02 15:26:57 EDT 2019 : org.apache.commons.lang3.SystemUtils,591=>Find no block
Mon Sep 02 15:26:58 EDT 2019 Mon Sep 02 15:26:58 EDT 2019 : org.apache.commons.lang3.SystemUtils,610=>Find no block
Mon Sep 02 15:26:59 EDT 2019 Mon Sep 02 15:26:59 EDT 2019 : org.apache.commons.lang3.SystemUtils,629=>Find no block
Mon Sep 02 15:26:59 EDT 2019 Mon Sep 02 15:26:59 EDT 2019 : org.apache.commons.lang3.SystemUtils,648=>Find no block
Mon Sep 02 15:27:00 EDT 2019 Mon Sep 02 15:27:00 EDT 2019 : org.apache.commons.lang3.SystemUtils,667=>Find no block
Mon Sep 02 15:27:00 EDT 2019 Mon Sep 02 15:27:00 EDT 2019 : org.apache.commons.lang3.SystemUtils,686=>Find no block
Mon Sep 02 15:27:01 EDT 2019 Mon Sep 02 15:27:01 EDT 2019 : org.apache.commons.lang3.SystemUtils,705=>Find no block
Mon Sep 02 15:27:02 EDT 2019 Mon Sep 02 15:27:02 EDT 2019 : org.apache.commons.lang3.SystemUtils,724=>Find no block
Mon Sep 02 15:27:02 EDT 2019 Mon Sep 02 15:27:02 EDT 2019 : org.apache.commons.lang3.SystemUtils,743=>Find no block
Mon Sep 02 15:27:03 EDT 2019 Mon Sep 02 15:27:03 EDT 2019 : org.apache.commons.lang3.SystemUtils,762=>Find no block
Mon Sep 02 15:27:03 EDT 2019 Mon Sep 02 15:27:03 EDT 2019 : org.apache.commons.lang3.SystemUtils,781=>Find no block
Mon Sep 02 15:27:04 EDT 2019 Mon Sep 02 15:27:04 EDT 2019 : org.apache.commons.lang3.SystemUtils,802=>Find no block
Mon Sep 02 15:27:04 EDT 2019 Mon Sep 02 15:27:04 EDT 2019 : org.apache.commons.lang3.SystemUtils,822=>Find no block
Mon Sep 02 15:27:05 EDT 2019 Mon Sep 02 15:27:05 EDT 2019 : org.apache.commons.lang3.SystemUtils,841=>Find no block
Mon Sep 02 15:27:05 EDT 2019 Mon Sep 02 15:27:05 EDT 2019 : org.apache.commons.lang3.SystemUtils,861=>Find no block
Mon Sep 02 15:27:06 EDT 2019 Mon Sep 02 15:27:06 EDT 2019 : org.apache.commons.lang3.SystemUtils,880=>Find no block
Mon Sep 02 15:27:06 EDT 2019 Mon Sep 02 15:27:06 EDT 2019 : org.apache.commons.lang3.SystemUtils,899=>Find no block
Mon Sep 02 15:27:07 EDT 2019 Mon Sep 02 15:27:07 EDT 2019 : org.apache.commons.lang3.SystemUtils,917=>Find no block
Mon Sep 02 15:27:07 EDT 2019 Mon Sep 02 15:27:07 EDT 2019 : org.apache.commons.lang3.SystemUtils,943=>Find no block
Mon Sep 02 15:27:08 EDT 2019 Mon Sep 02 15:27:08 EDT 2019 : org.apache.commons.lang3.SystemUtils,964=>Find no block
Mon Sep 02 15:27:08 EDT 2019 Mon Sep 02 15:27:08 EDT 2019 : org.apache.commons.lang3.SystemUtils,980=>Find no block
Mon Sep 02 15:27:08 EDT 2019 Mon Sep 02 15:27:08 EDT 2019 : org.apache.commons.lang3.SystemUtils,991=>Find no block
Mon Sep 02 15:27:09 EDT 2019 Mon Sep 02 15:27:09 EDT 2019 : org.apache.commons.lang3.SystemUtils,1002=>Find no block
Mon Sep 02 15:27:10 EDT 2019 Mon Sep 02 15:27:10 EDT 2019 : org.apache.commons.lang3.SystemUtils,1013=>Find no block
Mon Sep 02 15:27:10 EDT 2019 Mon Sep 02 15:27:10 EDT 2019 : org.apache.commons.lang3.SystemUtils,1024=>Find no block
Mon Sep 02 15:27:11 EDT 2019 Mon Sep 02 15:27:11 EDT 2019 : org.apache.commons.lang3.SystemUtils,1035=>Find no block
Mon Sep 02 15:27:11 EDT 2019 Mon Sep 02 15:27:11 EDT 2019 : org.apache.commons.lang3.SystemUtils,1048=>Find no block
Mon Sep 02 15:27:12 EDT 2019 Mon Sep 02 15:27:12 EDT 2019 : org.apache.commons.lang3.SystemUtils,1069=>Find no block
Mon Sep 02 15:27:12 EDT 2019 Mon Sep 02 15:27:12 EDT 2019 : org.apache.commons.lang3.SystemUtils,1082=>Find no block
Mon Sep 02 15:27:13 EDT 2019 Mon Sep 02 15:27:13 EDT 2019 : org.apache.commons.lang3.SystemUtils,1095=>Find no block
Mon Sep 02 15:27:13 EDT 2019 Mon Sep 02 15:27:13 EDT 2019 : org.apache.commons.lang3.SystemUtils,1108=>Find no block
Mon Sep 02 15:27:14 EDT 2019 Mon Sep 02 15:27:14 EDT 2019 : org.apache.commons.lang3.SystemUtils,1121=>Find no block
Mon Sep 02 15:27:14 EDT 2019 Mon Sep 02 15:27:14 EDT 2019 : org.apache.commons.lang3.SystemUtils,1134=>Find no block
Mon Sep 02 15:27:15 EDT 2019 Mon Sep 02 15:27:15 EDT 2019 : org.apache.commons.lang3.SystemUtils,1147=>Find no block
Mon Sep 02 15:27:15 EDT 2019 Mon Sep 02 15:27:15 EDT 2019 : org.apache.commons.lang3.SystemUtils,1160=>Find no block
Mon Sep 02 15:27:16 EDT 2019 Mon Sep 02 15:27:16 EDT 2019 : org.apache.commons.lang3.SystemUtils,1173=>Find no block
Mon Sep 02 15:27:16 EDT 2019 Mon Sep 02 15:27:16 EDT 2019 : org.apache.commons.lang3.SystemUtils,1186=>Find no block
Mon Sep 02 15:27:17 EDT 2019 Mon Sep 02 15:27:17 EDT 2019 : org.apache.commons.lang3.SystemUtils,1200=>Find no block
Mon Sep 02 15:27:18 EDT 2019 Mon Sep 02 15:27:18 EDT 2019 : org.apache.commons.lang3.SystemUtils,1213=>Find no block
Mon Sep 02 15:27:19 EDT 2019 Mon Sep 02 15:27:19 EDT 2019 : org.apache.commons.lang3.SystemUtils,1226=>Find no block
Mon Sep 02 15:27:19 EDT 2019 Mon Sep 02 15:27:19 EDT 2019 : org.apache.commons.lang3.SystemUtils,1240=>Find no block
Mon Sep 02 15:27:20 EDT 2019 Mon Sep 02 15:27:20 EDT 2019 : org.apache.commons.lang3.SystemUtils,1254=>Find no block
Mon Sep 02 15:27:21 EDT 2019 Mon Sep 02 15:27:21 EDT 2019 : org.apache.commons.lang3.SystemUtils,1268=>Find no block
Mon Sep 02 15:27:21 EDT 2019 Mon Sep 02 15:27:21 EDT 2019 : org.apache.commons.lang3.SystemUtils,1282=>Find no block
Mon Sep 02 15:27:22 EDT 2019 Mon Sep 02 15:27:22 EDT 2019 : org.apache.commons.lang3.SystemUtils,1296=>Find no block
Mon Sep 02 15:27:23 EDT 2019 Mon Sep 02 15:27:23 EDT 2019 : org.apache.commons.lang3.SystemUtils,1309=>Find no block
Mon Sep 02 15:27:24 EDT 2019 org.apache.commons.lang3.SystemUtils,1364
Mon Sep 02 15:27:48 EDT 2019 org.apache.commons.lang3.SystemUtils,1388
Mon Sep 02 15:28:15 EDT 2019 org.apache.commons.lang3.SystemUtils,1401
Mon Sep 02 15:28:19 EDT 2019 org.apache.commons.lang3.SystemUtils,1410
Mon Sep 02 15:34:19 EDT 2019 org.apache.commons.lang3.SystemUtils,1411
Mon Sep 02 15:34:20 EDT 2019 org.apache.commons.lang3.SystemUtils,1412
Mon Sep 02 15:34:21 EDT 2019 org.apache.commons.lang3.SystemUtils,1413
Mon Sep 02 15:34:21 EDT 2019 org.apache.commons.lang3.SystemUtils,1414
Mon Sep 02 15:34:22 EDT 2019 org.apache.commons.lang3.SystemUtils,1431
Mon Sep 02 15:34:44 EDT 2019 org.apache.commons.lang3.SystemUtils,1442
Mon Sep 02 15:35:09 EDT 2019 org.apache.commons.lang3.SystemUtils,1462
Mon Sep 02 15:35:11 EDT 2019 org.apache.commons.lang3.SystemUtils,1574
Mon Sep 02 15:35:13 EDT 2019 org.apache.commons.lang3.SystemUtils,1577
Mon Sep 02 15:36:07 EDT 2019 org.apache.commons.lang3.SystemUtils,1597
Mon Sep 02 15:36:08 EDT 2019 org.apache.commons.lang3.SystemUtils,1600
Mon Sep 02 15:36:10 EDT 2019 org.apache.commons.lang3.SystemUtils,1616
Mon Sep 02 15:36:30 EDT 2019 org.apache.commons.lang3.SystemUtils,1619
Mon Sep 02 15:37:19 EDT 2019 org.apache.commons.lang3.SystemUtils,1716
Mon Sep 02 15:37:19 EDT 2019 org.apache.commons.lang3.SystemUtils,1719
Mon Sep 02 15:41:13 EDT 2019 org.apache.commons.lang3.SystemUtils,1720
Mon Sep 02 15:44:46 EDT 2019 org.apache.commons.lang3.SystemUtils,1721
Mon Sep 02 15:51:28 EDT 2019 org.apache.commons.lang3.SystemUtils,1722
Mon Sep 02 15:51:29 EDT 2019 org.apache.commons.lang3.SystemUtils,1723
Mon Sep 02 15:51:29 EDT 2019 org.apache.commons.lang3.SystemUtils,1724
Mon Sep 02 15:51:30 EDT 2019 org.apache.commons.lang3.SystemUtils,1725
Mon Sep 02 15:51:31 EDT 2019 org.apache.commons.lang3.SystemUtils,1728
Mon Sep 02 15:55:49 EDT 2019 org.apache.commons.lang3.SystemUtils,1752
Mon Sep 02 15:58:27 EDT 2019 org.apache.commons.lang3.SystemUtils,1755
Mon Sep 02 16:00:05 EDT 2019 org.apache.commons.lang3.SystemUtils,1758
Mon Sep 02 16:03:39 EDT 2019 org.apache.commons.lang3.SystemUtils,1759
Mon Sep 02 16:05:44 EDT 2019 org.apache.commons.lang3.SystemUtils,1760
Mon Sep 02 16:11:09 EDT 2019 org.apache.commons.lang3.SystemUtils,1761
Mon Sep 02 16:18:20 EDT 2019 org.apache.commons.lang3.SystemUtils,1762
Mon Sep 02 16:18:21 EDT 2019 org.apache.commons.lang3.SystemUtils,1765
Mon Sep 02 16:27:37 EDT 2019 org.apache.commons.lang3.SystemUtils,1792
Mon Sep 02 16:28:09 EDT 2019 org.apache.commons.lang3.SystemUtils,1795
Mon Sep 02 16:33:26 EDT 2019 org.apache.commons.lang3.SystemUtils,1796
Mon Sep 02 16:41:37 EDT 2019 org.apache.commons.lang3.SystemUtils,1797
Mon Sep 02 16:44:44 EDT 2019 org.apache.commons.lang3.SystemUtils,1798
Mon Sep 02 16:44:45 EDT 2019 org.apache.commons.lang3.SystemUtils,1800
Mon Sep 02 16:49:07 EDT 2019 org.apache.commons.lang3.SystemUtils,1801
Mon Sep 02 16:49:08 EDT 2019 org.apache.commons.lang3.SystemUtils,1803
Mon Sep 02 16:53:26 EDT 2019 org.apache.commons.lang3.SystemUtils,1804
Mon Sep 02 16:53:26 EDT 2019 org.apache.commons.lang3.SystemUtils,1806
Mon Sep 02 16:58:02 EDT 2019 org.apache.commons.lang3.ArrayUtils,145
Mon Sep 02 16:58:04 EDT 2019 Mon Sep 02 16:58:04 EDT 2019 : org.apache.commons.lang3.ArrayUtils,146=>Find no block
Mon Sep 02 16:58:04 EDT 2019 org.apache.commons.lang3.ArrayUtils,162
Mon Sep 02 16:59:15 EDT 2019 org.apache.commons.lang3.ArrayUtils,178
Mon Sep 02 17:00:24 EDT 2019 org.apache.commons.lang3.ArrayUtils,179
Mon Sep 02 17:00:25 EDT 2019 org.apache.commons.lang3.ArrayUtils,181
Mon Sep 02 17:02:54 EDT 2019 org.apache.commons.lang3.ArrayUtils,195
Mon Sep 02 17:03:03 EDT 2019 org.apache.commons.lang3.ArrayUtils,226
Mon Sep 02 17:03:28 EDT 2019 org.apache.commons.lang3.ArrayUtils,227
Mon Sep 02 17:03:29 EDT 2019 org.apache.commons.lang3.ArrayUtils,229
Mon Sep 02 17:04:39 EDT 2019 org.apache.commons.lang3.ArrayUtils,230
Mon Sep 02 17:16:07 EDT 2019 org.apache.commons.lang3.ArrayUtils,231
Mon Sep 02 17:16:10 EDT 2019 org.apache.commons.lang3.ArrayUtils,232
Mon Sep 02 17:16:11 EDT 2019 org.apache.commons.lang3.ArrayUtils,233
Mon Sep 02 17:16:12 EDT 2019 org.apache.commons.lang3.ArrayUtils,234
Mon Sep 02 17:16:12 EDT 2019 org.apache.commons.lang3.ArrayUtils,235
Mon Sep 02 17:16:13 EDT 2019 org.apache.commons.lang3.ArrayUtils,236
Mon Sep 02 17:16:14 EDT 2019 org.apache.commons.lang3.ArrayUtils,237
Mon Sep 02 17:16:14 EDT 2019 org.apache.commons.lang3.ArrayUtils,238
Mon Sep 02 17:16:15 EDT 2019 org.apache.commons.lang3.ArrayUtils,242
Mon Sep 02 17:16:17 EDT 2019 Mon Sep 02 17:16:17 EDT 2019 : org.apache.commons.lang3.ArrayUtils,243=>Find no block
Mon Sep 02 17:16:18 EDT 2019 org.apache.commons.lang3.ArrayUtils,244
Mon Sep 02 17:16:19 EDT 2019 org.apache.commons.lang3.ArrayUtils,249
Mon Sep 02 17:20:39 EDT 2019 org.apache.commons.lang3.ArrayUtils,294
Mon Sep 02 17:20:43 EDT 2019 org.apache.commons.lang3.ArrayUtils,312
Mon Sep 02 17:20:44 EDT 2019 org.apache.commons.lang3.ArrayUtils,313
Mon Sep 02 17:20:45 EDT 2019 org.apache.commons.lang3.ArrayUtils,315
Mon Sep 02 17:21:39 EDT 2019 org.apache.commons.lang3.ArrayUtils,328
Mon Sep 02 17:21:41 EDT 2019 org.apache.commons.lang3.ArrayUtils,329
Mon Sep 02 17:21:41 EDT 2019 org.apache.commons.lang3.ArrayUtils,331
Mon Sep 02 17:21:43 EDT 2019 org.apache.commons.lang3.ArrayUtils,344
Mon Sep 02 17:21:44 EDT 2019 org.apache.commons.lang3.ArrayUtils,345
Mon Sep 02 17:21:44 EDT 2019 org.apache.commons.lang3.ArrayUtils,347
Mon Sep 02 17:21:45 EDT 2019 org.apache.commons.lang3.ArrayUtils,360
Mon Sep 02 17:21:46 EDT 2019 org.apache.commons.lang3.ArrayUtils,361
Mon Sep 02 17:21:46 EDT 2019 org.apache.commons.lang3.ArrayUtils,363
Mon Sep 02 17:21:47 EDT 2019 org.apache.commons.lang3.ArrayUtils,376
Mon Sep 02 17:21:48 EDT 2019 org.apache.commons.lang3.ArrayUtils,377
Mon Sep 02 17:21:49 EDT 2019 org.apache.commons.lang3.ArrayUtils,379
Mon Sep 02 17:21:50 EDT 2019 org.apache.commons.lang3.ArrayUtils,392
Mon Sep 02 17:21:50 EDT 2019 org.apache.commons.lang3.ArrayUtils,393
Mon Sep 02 17:21:51 EDT 2019 org.apache.commons.lang3.ArrayUtils,395
Mon Sep 02 17:21:52 EDT 2019 org.apache.commons.lang3.ArrayUtils,408
Mon Sep 02 17:21:52 EDT 2019 org.apache.commons.lang3.ArrayUtils,409
Mon Sep 02 17:21:54 EDT 2019 org.apache.commons.lang3.ArrayUtils,411
Mon Sep 02 17:21:55 EDT 2019 org.apache.commons.lang3.ArrayUtils,424
Mon Sep 02 17:21:56 EDT 2019 org.apache.commons.lang3.ArrayUtils,425
Mon Sep 02 17:21:57 EDT 2019 org.apache.commons.lang3.ArrayUtils,427
Mon Sep 02 17:21:58 EDT 2019 org.apache.commons.lang3.ArrayUtils,440
Mon Sep 02 17:21:59 EDT 2019 org.apache.commons.lang3.ArrayUtils,441
Mon Sep 02 17:22:00 EDT 2019 org.apache.commons.lang3.ArrayUtils,443
Mon Sep 02 17:22:01 EDT 2019 org.apache.commons.lang3.ArrayUtils,462
Mon Sep 02 17:25:37 EDT 2019 org.apache.commons.lang3.ArrayUtils,463
Mon Sep 02 17:25:38 EDT 2019 org.apache.commons.lang3.ArrayUtils,465
Mon Sep 02 17:29:02 EDT 2019 org.apache.commons.lang3.ArrayUtils,482
Mon Sep 02 17:32:37 EDT 2019 org.apache.commons.lang3.ArrayUtils,483
Mon Sep 02 17:32:38 EDT 2019 org.apache.commons.lang3.ArrayUtils,485
Mon Sep 02 17:36:04 EDT 2019 org.apache.commons.lang3.ArrayUtils,502
Mon Sep 02 17:39:22 EDT 2019 org.apache.commons.lang3.ArrayUtils,503
Mon Sep 02 17:39:23 EDT 2019 org.apache.commons.lang3.ArrayUtils,505
Mon Sep 02 17:42:59 EDT 2019 org.apache.commons.lang3.ArrayUtils,522
Mon Sep 02 17:46:22 EDT 2019 org.apache.commons.lang3.ArrayUtils,523
Mon Sep 02 17:46:22 EDT 2019 org.apache.commons.lang3.ArrayUtils,525
Mon Sep 02 17:49:53 EDT 2019 org.apache.commons.lang3.ArrayUtils,542
Failed time : 19/09/02 17:53
