=================================================
Project : lang_3	start : 19/09/02 15:24
Current failed test : org.apache.commons.lang3.math.NumberUtilsTest::testStringCreateNumberEnsureNoPrecisionLoss_purify_2 | 19/09/02 15:25
Mon Sep 02 15:25:45 EDT 2019 org.apache.commons.lang3.math.NumberUtils,494
Mon Sep 02 15:49:21 EDT 2019 org.apache.commons.lang3.math.NumberUtils,573
Mon Sep 02 15:56:10 EDT 2019 org.apache.commons.lang3.math.NumberUtils,594

----------------------------------------
----------------------------------------
Pass Single Test : [=>0,0]
if(!(f.isInfinite()||(DOUBLE_ZERO.floatValue()==0.0&&!allZeros))){
return f;
}

Time : 19/09/02 15:56
----------------------------------------

----------------------------------------
----------------------------------------
Pass Single Test : [=>0,0]
if(!(f.isInfinite()||(DOUBLE_ZERO.doubleValue()==0.0&&!allZeros))){
return f;
}

Time : 19/09/02 15:57
----------------------------------------
Mon Sep 02 15:57:59 EDT 2019 org.apache.commons.lang3.math.NumberUtils,595
Mon Sep 02 15:58:00 EDT 2019 org.apache.commons.lang3.math.NumberUtils,492
Mon Sep 02 15:58:02 EDT 2019 org.apache.commons.lang3.math.NumberUtils,496
Mon Sep 02 16:08:59 EDT 2019 org.apache.commons.lang3.math.NumberUtils,497
Mon Sep 02 16:08:59 EDT 2019 org.apache.commons.lang3.math.NumberUtils,570
Mon Sep 02 16:08:59 EDT 2019 org.apache.commons.lang3.math.NumberUtils,571
Mon Sep 02 16:08:59 EDT 2019 org.apache.commons.lang3.math.NumberUtils,575
Mon Sep 02 16:10:57 EDT 2019 org.apache.commons.lang3.math.NumberUtils,591
Mon Sep 02 16:13:46 EDT 2019 org.apache.commons.lang3.math.NumberUtils,593

----------------------------------------
----------------------------------------
Pass Single Test : [=>0,0]
 final Float f=createFloat(str);
if(!(f.isInfinite()||(DOUBLE_ZERO.floatValue()==0.0&&!allZeros))){
return f;
}

Time : 19/09/02 16:14
----------------------------------------
Mon Sep 02 16:14:40 EDT 2019 org.apache.commons.lang3.math.NumberUtils,488
Mon Sep 02 16:14:41 EDT 2019 org.apache.commons.lang3.math.NumberUtils,489
Mon Sep 02 16:14:41 EDT 2019 org.apache.commons.lang3.math.NumberUtils,509
Mon Sep 02 16:29:28 EDT 2019 org.apache.commons.lang3.math.NumberUtils,621
Mon Sep 02 16:30:33 EDT 2019 org.apache.commons.lang3.math.NumberUtils,624
Mon Sep 02 16:36:27 EDT 2019 org.apache.commons.lang3.math.NumberUtils,625
Mon Sep 02 16:36:27 EDT 2019 org.apache.commons.lang3.math.NumberUtils,626
Mon Sep 02 16:36:28 EDT 2019 org.apache.commons.lang3.math.NumberUtils,643
Mon Sep 02 16:37:22 EDT 2019 org.apache.commons.lang3.math.NumberUtils,646
Mon Sep 02 16:39:36 EDT 2019 org.apache.commons.lang3.math.NumberUtils,451
Mon Sep 02 16:39:36 EDT 2019 org.apache.commons.lang3.math.NumberUtils,454
Mon Sep 02 16:41:09 EDT 2019 org.apache.commons.lang3.math.NumberUtils,458
Mon Sep 02 16:43:05 EDT 2019 org.apache.commons.lang3.math.NumberUtils,459
Mon Sep 02 16:49:10 EDT 2019 org.apache.commons.lang3.math.NumberUtils,460
Mon Sep 02 16:49:10 EDT 2019 org.apache.commons.lang3.math.NumberUtils,461
Mon Sep 02 16:49:11 EDT 2019 org.apache.commons.lang3.math.NumberUtils,466
Mon Sep 02 16:57:44 EDT 2019 org.apache.commons.lang3.math.NumberUtils,476
Mon Sep 02 17:10:01 EDT 2019 org.apache.commons.lang3.math.NumberUtils,480
Mon Sep 02 17:13:28 EDT 2019 org.apache.commons.lang3.math.NumberUtils,481
Mon Sep 02 17:17:33 EDT 2019 org.apache.commons.lang3.math.NumberUtils,485
Mon Sep 02 17:17:33 EDT 2019 org.apache.commons.lang3.math.NumberUtils,486
Mon Sep 02 17:51:45 EDT 2019 org.apache.commons.lang3.StringUtils,257
Timeout time : 19/09/02 17:55
Current failed test : org.apache.commons.lang3.math.NumberUtilsTest::testStringCreateNumberEnsureNoPrecisionLoss_purify_3 | 19/09/02 17:55
Mon Sep 02 17:56:08 EDT 2019 org.apache.commons.lang3.math.NumberUtils,494
Mon Sep 02 18:18:52 EDT 2019 org.apache.commons.lang3.math.NumberUtils,573
Mon Sep 02 18:24:46 EDT 2019 org.apache.commons.lang3.math.NumberUtils,594
Mon Sep 02 18:25:13 EDT 2019 org.apache.commons.lang3.math.NumberUtils,595
Mon Sep 02 18:25:14 EDT 2019 org.apache.commons.lang3.math.NumberUtils,492
Mon Sep 02 18:25:14 EDT 2019 org.apache.commons.lang3.math.NumberUtils,496
Mon Sep 02 18:35:49 EDT 2019 org.apache.commons.lang3.math.NumberUtils,497
Mon Sep 02 18:35:49 EDT 2019 org.apache.commons.lang3.math.NumberUtils,570
Mon Sep 02 18:35:49 EDT 2019 org.apache.commons.lang3.math.NumberUtils,571
Mon Sep 02 18:35:50 EDT 2019 org.apache.commons.lang3.math.NumberUtils,575
Mon Sep 02 18:37:47 EDT 2019 org.apache.commons.lang3.math.NumberUtils,591
Mon Sep 02 18:40:36 EDT 2019 org.apache.commons.lang3.math.NumberUtils,593
Mon Sep 02 18:41:03 EDT 2019 org.apache.commons.lang3.math.NumberUtils,488
Mon Sep 02 18:41:03 EDT 2019 org.apache.commons.lang3.math.NumberUtils,489
Mon Sep 02 18:41:03 EDT 2019 org.apache.commons.lang3.math.NumberUtils,509
Mon Sep 02 18:55:45 EDT 2019 org.apache.commons.lang3.math.NumberUtils,621
Mon Sep 02 18:56:48 EDT 2019 org.apache.commons.lang3.math.NumberUtils,624
Mon Sep 02 19:02:39 EDT 2019 org.apache.commons.lang3.math.NumberUtils,625
Mon Sep 02 19:02:39 EDT 2019 org.apache.commons.lang3.math.NumberUtils,626
Mon Sep 02 19:02:40 EDT 2019 org.apache.commons.lang3.math.NumberUtils,643
Mon Sep 02 19:03:34 EDT 2019 org.apache.commons.lang3.math.NumberUtils,646
Mon Sep 02 19:05:46 EDT 2019 org.apache.commons.lang3.math.NumberUtils,451
Mon Sep 02 19:05:47 EDT 2019 org.apache.commons.lang3.math.NumberUtils,454
Mon Sep 02 19:07:18 EDT 2019 org.apache.commons.lang3.math.NumberUtils,458
Mon Sep 02 19:09:07 EDT 2019 org.apache.commons.lang3.math.NumberUtils,459
Mon Sep 02 19:15:05 EDT 2019 org.apache.commons.lang3.math.NumberUtils,460
Mon Sep 02 19:15:05 EDT 2019 org.apache.commons.lang3.math.NumberUtils,461
Mon Sep 02 19:15:05 EDT 2019 org.apache.commons.lang3.math.NumberUtils,466
Mon Sep 02 19:23:27 EDT 2019 org.apache.commons.lang3.math.NumberUtils,476
Mon Sep 02 19:35:48 EDT 2019 org.apache.commons.lang3.math.NumberUtils,480
Mon Sep 02 19:39:16 EDT 2019 org.apache.commons.lang3.math.NumberUtils,481
Mon Sep 02 19:43:24 EDT 2019 org.apache.commons.lang3.math.NumberUtils,485
Mon Sep 02 19:43:25 EDT 2019 org.apache.commons.lang3.math.NumberUtils,486
Mon Sep 02 20:17:18 EDT 2019 org.apache.commons.lang3.StringUtils,257
Mon Sep 02 20:21:17 EDT 2019 org.apache.commons.lang3.StringUtils,260
Timeout time : 19/09/02 20:26
