=================================================
Project : lang_30	start : 19/09/02 15:24
Current failed test : org.apache.commons.lang3.StringUtilsEqualsIndexOfTest::testContainsNone_CharArrayWithSupplementaryChars_purify_7 | 19/09/02 15:27
Mon Sep 02 15:28:42 EDT 2019 org.apache.commons.lang3.StringUtils,1674
Mon Sep 02 15:29:37 EDT 2019 org.apache.commons.lang3.StringUtils,1677

----------------------------------------
----------------------------------------
Pass Single Test : [=>0,0]
if(searchChars!=null||searchChars==null){
return true;
}
int csLen=cs.length();
int searchLen=searchChars.length;

Time : 19/09/02 15:30
----------------------------------------

----------------------------------------
----------------------------------------
Pass Single Test : [=>0,0]
if(EMPTY==null||EMPTY.length()==0){
return true;
}
int csLen=cs.length();
int searchLen=searchChars.length;

Time : 19/09/02 15:33
----------------------------------------

----------------------------------------
----------------------------------------
Pass Single Test : [=>0,0]
if(cs==null||EMPTY.length()==0){
return true;
}
int csLen=cs.length();
int searchLen=searchChars.length;

Time : 19/09/02 15:33
----------------------------------------

----------------------------------------
----------------------------------------
Pass Single Test : [=>0,0]
if(EMPTY!=null&&EMPTY.length()==0){
return true;
}
int csLen=cs.length();
int searchLen=searchChars.length;

Time : 19/09/02 15:34
----------------------------------------

----------------------------------------
----------------------------------------
Pass Single Test : [=>0,0]
if(cs!=null||searchChars==null){
return true;
}
int csLen=cs.length();
int searchLen=searchChars.length;

Time : 19/09/02 15:34
----------------------------------------

----------------------------------------
----------------------------------------
Pass Single Test : [=>0,0]
if(EMPTY!=null||searchChars==null){
return true;
}
int csLen=cs.length();
int searchLen=searchChars.length;

Time : 19/09/02 15:35
----------------------------------------

----------------------------------------
----------------------------------------
Pass Single Test : [=>0,0]
if(cs!=null||EMPTY.length()==0){
return true;
}
int csLen=cs.length();
int searchLen=searchChars.length;

Time : 19/09/02 15:35
----------------------------------------

----------------------------------------
----------------------------------------
Pass Single Test : [=>0,0]
if(EMPTY!=null||EMPTY.length()==0){
return true;
}
int csLen=cs.length();
int searchLen=searchChars.length;

Time : 19/09/02 15:36
----------------------------------------

----------------------------------------
----------------------------------------
Pass Single Test : [=>0,0]
if(cs!=null&&EMPTY.length()==0){
return true;
}
int csLen=cs.length();
int searchLen=searchChars.length;

Time : 19/09/02 15:36
----------------------------------------
Mon Sep 02 15:40:14 EDT 2019 org.apache.commons.lang3.StringUtils,1678

----------------------------------------
----------------------------------------
Pass Single Test : [=>0,0]
if(searchChars[j]==ch){
return true;
}

Time : 19/09/02 15:40
----------------------------------------

----------------------------------------
----------------------------------------
Pass Single Test : [=>0,0]
if(ch=='Y'){
return false;
}

Time : 19/09/02 15:41
----------------------------------------

----------------------------------------
----------------------------------------
Pass Single Test : [=>0,0]
if(searchChars[j]=='Y'){
return false;
}

Time : 19/09/02 15:41
----------------------------------------

----------------------------------------
----------------------------------------
Pass Single Test : [=>0,0]
if(ch=='T'){
return false;
}

Time : 19/09/02 15:42
----------------------------------------

----------------------------------------
----------------------------------------
Pass Single Test : [=>0,0]
if(searchChars[j]=='T'){
return false;
}

Time : 19/09/02 15:42
----------------------------------------

----------------------------------------
----------------------------------------
Pass Single Test : [=>0,0]
if(ch=='y'){
return false;
}

Time : 19/09/02 15:43
----------------------------------------

----------------------------------------
----------------------------------------
Pass Single Test : [=>0,0]
if(searchChars[j]=='y'){
return false;
}

Time : 19/09/02 15:43
----------------------------------------

----------------------------------------
----------------------------------------
Pass Single Test : [=>0,0]
if(ch=='t'){
return false;
}

Time : 19/09/02 15:43
----------------------------------------

----------------------------------------
----------------------------------------
Pass Single Test : [=>0,0]
if(searchChars[j]=='t'){
return false;
}

Time : 19/09/02 15:44
----------------------------------------
Timeout time : 19/09/02 15:44
Current failed test : org.apache.commons.lang3.StringUtilsEqualsIndexOfTest::testContainsNone_CharArrayWithSupplementaryChars_purify_8 | 19/09/02 15:44
Mon Sep 02 15:45:34 EDT 2019 org.apache.commons.lang3.StringUtils,1674
Mon Sep 02 15:46:46 EDT 2019 org.apache.commons.lang3.StringUtils,1677

----------------------------------------
----------------------------------------
Pass Single Test : [=>0,0]
if(searchChars!=null||searchChars==null){
return true;
}
int csLen=cs.length();
int searchLen=searchChars.length;

Time : 19/09/02 15:47
----------------------------------------

----------------------------------------
----------------------------------------
Pass Single Test : [=>0,0]
if(EMPTY==null||EMPTY.length()==0){
return true;
}
int csLen=cs.length();
int searchLen=searchChars.length;

Time : 19/09/02 15:50
----------------------------------------

----------------------------------------
----------------------------------------
Pass Single Test : [=>0,0]
if(cs==null||EMPTY.length()==0){
return true;
}
int csLen=cs.length();
int searchLen=searchChars.length;

Time : 19/09/02 15:50
----------------------------------------

----------------------------------------
----------------------------------------
Pass Single Test : [=>0,0]
if(EMPTY!=null&&EMPTY.length()==0){
return true;
}
int csLen=cs.length();
int searchLen=searchChars.length;

Time : 19/09/02 15:51
----------------------------------------

----------------------------------------
----------------------------------------
Pass Single Test : [=>0,0]
if(cs!=null||searchChars==null){
return true;
}
int csLen=cs.length();
int searchLen=searchChars.length;

Time : 19/09/02 15:51
----------------------------------------

----------------------------------------
----------------------------------------
Pass Single Test : [=>0,0]
if(EMPTY!=null||searchChars==null){
return true;
}
int csLen=cs.length();
int searchLen=searchChars.length;

Time : 19/09/02 15:52
----------------------------------------

----------------------------------------
----------------------------------------
Pass Single Test : [=>0,0]
if(cs!=null||EMPTY.length()==0){
return true;
}
int csLen=cs.length();
int searchLen=searchChars.length;

Time : 19/09/02 15:53
----------------------------------------

----------------------------------------
----------------------------------------
Pass Single Test : [=>0,0]
if(EMPTY!=null||EMPTY.length()==0){
return true;
}
int csLen=cs.length();
int searchLen=searchChars.length;

Time : 19/09/02 15:53
----------------------------------------

----------------------------------------
----------------------------------------
Pass Single Test : [=>0,0]
if(cs!=null&&EMPTY.length()==0){
return true;
}
int csLen=cs.length();
int searchLen=searchChars.length;

Time : 19/09/02 15:54
----------------------------------------
Mon Sep 02 15:58:21 EDT 2019 org.apache.commons.lang3.StringUtils,1678

----------------------------------------
----------------------------------------
Pass Single Test : [=>0,0]
if(searchChars[j]==ch){
return true;
}

Time : 19/09/02 15:59
----------------------------------------

----------------------------------------
----------------------------------------
Pass Single Test : [=>0,0]
if(ch=='Y'){
return false;
}

Time : 19/09/02 16:00
----------------------------------------

----------------------------------------
----------------------------------------
Pass Single Test : [=>0,0]
if(searchChars[j]=='Y'){
return false;
}

Time : 19/09/02 16:00
----------------------------------------

----------------------------------------
----------------------------------------
Pass Single Test : [=>0,0]
if(ch=='T'){
return false;
}

Time : 19/09/02 16:00
----------------------------------------

----------------------------------------
----------------------------------------
Pass Single Test : [=>0,0]
if(searchChars[j]=='T'){
return false;
}

Time : 19/09/02 16:01
----------------------------------------
Timeout time : 19/09/02 16:01
Current failed test : org.apache.commons.lang3.StringUtilsEqualsIndexOfTest::testIndexOfAnyBut_StringCharArrayWithSupplementaryChars_purify_1 | 19/09/02 16:01
Mon Sep 02 16:02:24 EDT 2019 org.apache.commons.lang3.StringUtils,1674
Mon Sep 02 16:03:30 EDT 2019 org.apache.commons.lang3.StringUtils,1677
Mon Sep 02 16:12:23 EDT 2019 org.apache.commons.lang3.StringUtils,1678
Timeout time : 19/09/02 16:18
Current failed test : org.apache.commons.lang3.StringUtilsEqualsIndexOfTest::testIndexOfAnyBut_StringCharArrayWithSupplementaryChars_purify_2 | 19/09/02 16:18
Mon Sep 02 16:19:05 EDT 2019 org.apache.commons.lang3.StringUtils,1674
Mon Sep 02 16:20:08 EDT 2019 org.apache.commons.lang3.StringUtils,1677
Mon Sep 02 16:28:46 EDT 2019 org.apache.commons.lang3.StringUtils,1678
Timeout time : 19/09/02 16:35
Current failed test : org.apache.commons.lang3.StringUtilsEqualsIndexOfTest::testIndexOfAnyBut_StringCharArrayWithSupplementaryChars_purify_4 | 19/09/02 16:35
Mon Sep 02 16:35:45 EDT 2019 org.apache.commons.lang3.StringUtils,1674
Mon Sep 02 16:36:47 EDT 2019 org.apache.commons.lang3.StringUtils,1677
Mon Sep 02 16:45:33 EDT 2019 org.apache.commons.lang3.StringUtils,1678
Timeout time : 19/09/02 16:51
Current failed test : org.apache.commons.lang3.StringUtilsEqualsIndexOfTest::testContainsAny_StringWithBadSupplementaryChars_purify_3 | 19/09/02 16:51
Mon Sep 02 16:52:27 EDT 2019 org.apache.commons.lang3.StringUtils,1674
Mon Sep 02 16:53:33 EDT 2019 org.apache.commons.lang3.StringUtils,1677
Mon Sep 02 17:01:59 EDT 2019 org.apache.commons.lang3.StringUtils,1678
Timeout time : 19/09/02 17:08
Current failed test : org.apache.commons.lang3.StringUtilsEqualsIndexOfTest::testContainsAny_StringCharArrayWithBadSupplementaryChars_purify_4 | 19/09/02 17:08
Mon Sep 02 17:09:15 EDT 2019 org.apache.commons.lang3.StringUtils,1674
Mon Sep 02 17:10:20 EDT 2019 org.apache.commons.lang3.StringUtils,1677
Mon Sep 02 17:18:43 EDT 2019 org.apache.commons.lang3.StringUtils,1678
Timeout time : 19/09/02 17:25
Current failed test : org.apache.commons.lang3.StringUtilsEqualsIndexOfTest::testContainsNone_CharArrayWithBadSupplementaryChars_purify_3 | 19/09/02 17:25
Mon Sep 02 17:26:02 EDT 2019 org.apache.commons.lang3.StringUtils,1674
Mon Sep 02 17:27:13 EDT 2019 org.apache.commons.lang3.StringUtils,1677

----------------------------------------
----------------------------------------
Pass Single Test : [=>0,0]
if(searchChars!=null||searchChars==null){
return true;
}
int csLen=cs.length();
int searchLen=searchChars.length;

Time : 19/09/02 17:27
----------------------------------------

----------------------------------------
----------------------------------------
Pass Single Test : [=>0,0]
if(EMPTY==null||EMPTY.length()==0){
return true;
}
int csLen=cs.length();
int searchLen=searchChars.length;

Time : 19/09/02 17:31
----------------------------------------

----------------------------------------
----------------------------------------
Pass Single Test : [=>0,0]
if(cs==null||EMPTY.length()==0){
return true;
}
int csLen=cs.length();
int searchLen=searchChars.length;

Time : 19/09/02 17:31
----------------------------------------

----------------------------------------
----------------------------------------
Pass Single Test : [=>0,0]
if(EMPTY!=null&&EMPTY.length()==0){
return true;
}
int csLen=cs.length();
int searchLen=searchChars.length;

Time : 19/09/02 17:32
----------------------------------------

----------------------------------------
----------------------------------------
Pass Single Test : [=>0,0]
if(cs!=null||searchChars==null){
return true;
}
int csLen=cs.length();
int searchLen=searchChars.length;

Time : 19/09/02 17:32
----------------------------------------

----------------------------------------
----------------------------------------
Pass Single Test : [=>0,0]
if(EMPTY!=null||searchChars==null){
return true;
}
int csLen=cs.length();
int searchLen=searchChars.length;

Time : 19/09/02 17:33
----------------------------------------

----------------------------------------
----------------------------------------
Pass Single Test : [=>0,0]
if(cs!=null||EMPTY.length()==0){
return true;
}
int csLen=cs.length();
int searchLen=searchChars.length;

Time : 19/09/02 17:34
----------------------------------------

----------------------------------------
----------------------------------------
Pass Single Test : [=>0,0]
if(EMPTY!=null||EMPTY.length()==0){
return true;
}
int csLen=cs.length();
int searchLen=searchChars.length;

Time : 19/09/02 17:34
----------------------------------------

----------------------------------------
----------------------------------------
Pass Single Test : [=>0,0]
if(cs!=null&&EMPTY.length()==0){
return true;
}
int csLen=cs.length();
int searchLen=searchChars.length;

Time : 19/09/02 17:34
----------------------------------------
Mon Sep 02 17:38:56 EDT 2019 org.apache.commons.lang3.StringUtils,1678

----------------------------------------
----------------------------------------
Pass Single Test : [=>0,0]
if(searchChars[j]==ch){
return true;
}

Time : 19/09/02 17:39
----------------------------------------

----------------------------------------
----------------------------------------
Pass Single Test : [=>0,0]
if(ch=='Y'){
return false;
}

Time : 19/09/02 17:40
----------------------------------------

----------------------------------------
----------------------------------------
Pass Single Test : [=>0,0]
if(searchChars[j]=='Y'){
return false;
}

Time : 19/09/02 17:40
----------------------------------------

----------------------------------------
----------------------------------------
Pass Single Test : [=>0,0]
if(ch=='T'){
return false;
}

Time : 19/09/02 17:41
----------------------------------------

----------------------------------------
----------------------------------------
Pass Single Test : [=>0,0]
if(searchChars[j]=='T'){
return false;
}

Time : 19/09/02 17:41
----------------------------------------

----------------------------------------
----------------------------------------
Pass Single Test : [=>0,0]
if(ch=='y'){
return false;
}

Time : 19/09/02 17:41
----------------------------------------
Timeout time : 19/09/02 17:42
Current failed test : org.apache.commons.lang3.StringUtilsEqualsIndexOfTest::testIndexOfAny_StringCharArrayWithSupplementaryChars_purify_2 | 19/09/02 17:42
Mon Sep 02 17:42:56 EDT 2019 org.apache.commons.lang3.StringUtils,1674
Mon Sep 02 17:44:04 EDT 2019 org.apache.commons.lang3.StringUtils,1677
Mon Sep 02 17:52:55 EDT 2019 org.apache.commons.lang3.StringUtils,1678
Timeout time : 19/09/02 17:58
Current failed test : org.apache.commons.lang3.StringUtilsEqualsIndexOfTest::testIndexOfAny_StringCharArrayWithSupplementaryChars_purify_4 | 19/09/02 17:58
Mon Sep 02 17:59:38 EDT 2019 org.apache.commons.lang3.StringUtils,1674
Mon Sep 02 18:00:36 EDT 2019 org.apache.commons.lang3.StringUtils,1677
Mon Sep 02 18:08:52 EDT 2019 org.apache.commons.lang3.StringUtils,1678
Timeout time : 19/09/02 18:15
Current failed test : org.apache.commons.lang3.StringUtilsEqualsIndexOfTest::testIndexOfAny_StringStringWithSupplementaryChars_purify_2 | 19/09/02 18:15
Mon Sep 02 18:16:19 EDT 2019 org.apache.commons.lang3.StringUtils,1674
Mon Sep 02 18:17:18 EDT 2019 org.apache.commons.lang3.StringUtils,1677
Mon Sep 02 18:25:40 EDT 2019 org.apache.commons.lang3.StringUtils,1678
Timeout time : 19/09/02 18:32
Current failed test : org.apache.commons.lang3.StringUtilsEqualsIndexOfTest::testIndexOfAny_StringStringWithSupplementaryChars_purify_4 | 19/09/02 18:32
Mon Sep 02 18:33:05 EDT 2019 org.apache.commons.lang3.StringUtils,1674
Mon Sep 02 18:34:08 EDT 2019 org.apache.commons.lang3.StringUtils,1677
Mon Sep 02 18:42:20 EDT 2019 org.apache.commons.lang3.StringUtils,1678
Timeout time : 19/09/02 18:49
Current failed test : org.apache.commons.lang3.StringUtilsEqualsIndexOfTest::testIndexOfAnyBut_StringStringWithSupplementaryChars_purify_1 | 19/09/02 18:49
Mon Sep 02 18:49:45 EDT 2019 org.apache.commons.lang3.StringUtils,1674
Mon Sep 02 18:50:42 EDT 2019 org.apache.commons.lang3.StringUtils,1677
Mon Sep 02 18:58:11 EDT 2019 org.apache.commons.lang3.StringUtils,1678
Timeout time : 19/09/02 19:05
Current failed test : org.apache.commons.lang3.StringUtilsEqualsIndexOfTest::testIndexOfAnyBut_StringStringWithSupplementaryChars_purify_2 | 19/09/02 19:05
Mon Sep 02 19:06:24 EDT 2019 org.apache.commons.lang3.StringUtils,1674
Mon Sep 02 19:07:17 EDT 2019 org.apache.commons.lang3.StringUtils,1677
Mon Sep 02 19:14:45 EDT 2019 org.apache.commons.lang3.StringUtils,1678
Timeout time : 19/09/02 19:22
Current failed test : org.apache.commons.lang3.StringUtilsEqualsIndexOfTest::testIndexOfAnyBut_StringStringWithSupplementaryChars_purify_4 | 19/09/02 19:22
Mon Sep 02 19:23:00 EDT 2019 org.apache.commons.lang3.StringUtils,1674
Mon Sep 02 19:23:52 EDT 2019 org.apache.commons.lang3.StringUtils,1677
Mon Sep 02 19:31:07 EDT 2019 org.apache.commons.lang3.StringUtils,1678
Timeout time : 19/09/02 19:39
Current failed test : org.apache.commons.lang3.StringUtilsEqualsIndexOfTest::testContainsNone_StringWithBadSupplementaryChars_purify_3 | 19/09/02 19:39
Mon Sep 02 19:39:35 EDT 2019 org.apache.commons.lang3.StringUtils,1674
Mon Sep 02 19:40:25 EDT 2019 org.apache.commons.lang3.StringUtils,1677

----------------------------------------
----------------------------------------
Pass Single Test : [=>0,0]
if(searchChars!=null||searchChars==null){
return true;
}
int csLen=cs.length();
int searchLen=searchChars.length;

Time : 19/09/02 19:40
----------------------------------------

----------------------------------------
----------------------------------------
Pass Single Test : [=>0,0]
if(EMPTY==null||EMPTY.length()==0){
return true;
}
int csLen=cs.length();
int searchLen=searchChars.length;

Time : 19/09/02 19:43
----------------------------------------

----------------------------------------
----------------------------------------
Pass Single Test : [=>0,0]
if(cs==null||EMPTY.length()==0){
return true;
}
int csLen=cs.length();
int searchLen=searchChars.length;

Time : 19/09/02 19:44
----------------------------------------

----------------------------------------
----------------------------------------
Pass Single Test : [=>0,0]
if(EMPTY!=null&&EMPTY.length()==0){
return true;
}
int csLen=cs.length();
int searchLen=searchChars.length;

Time : 19/09/02 19:44
----------------------------------------

----------------------------------------
----------------------------------------
Pass Single Test : [=>0,0]
if(cs!=null||searchChars==null){
return true;
}
int csLen=cs.length();
int searchLen=searchChars.length;

Time : 19/09/02 19:44
----------------------------------------

----------------------------------------
----------------------------------------
Pass Single Test : [=>0,0]
if(EMPTY!=null||searchChars==null){
return true;
}
int csLen=cs.length();
int searchLen=searchChars.length;

Time : 19/09/02 19:45
----------------------------------------

----------------------------------------
----------------------------------------
Pass Single Test : [=>0,0]
if(cs!=null||EMPTY.length()==0){
return true;
}
int csLen=cs.length();
int searchLen=searchChars.length;

Time : 19/09/02 19:45
----------------------------------------

----------------------------------------
----------------------------------------
Pass Single Test : [=>0,0]
if(EMPTY!=null||EMPTY.length()==0){
return true;
}
int csLen=cs.length();
int searchLen=searchChars.length;

Time : 19/09/02 19:46
----------------------------------------

----------------------------------------
----------------------------------------
Pass Single Test : [=>0,0]
if(cs!=null&&EMPTY.length()==0){
return true;
}
int csLen=cs.length();
int searchLen=searchChars.length;

Time : 19/09/02 19:46
----------------------------------------
Mon Sep 02 19:50:02 EDT 2019 org.apache.commons.lang3.StringUtils,1678

----------------------------------------
----------------------------------------
Pass Single Test : [=>0,0]
if(searchChars[j]==ch){
return true;
}

Time : 19/09/02 19:50
----------------------------------------

----------------------------------------
----------------------------------------
Pass Single Test : [=>0,0]
if(ch=='Y'){
return false;
}

Time : 19/09/02 19:51
----------------------------------------

----------------------------------------
----------------------------------------
Pass Single Test : [=>0,0]
if(searchChars[j]=='Y'){
return false;
}

Time : 19/09/02 19:51
----------------------------------------

----------------------------------------
----------------------------------------
Pass Single Test : [=>0,0]
if(ch=='T'){
return false;
}

Time : 19/09/02 19:51
----------------------------------------

----------------------------------------
----------------------------------------
Pass Single Test : [=>0,0]
if(searchChars[j]=='T'){
return false;
}

Time : 19/09/02 19:52
----------------------------------------

----------------------------------------
----------------------------------------
Pass Single Test : [=>0,0]
if(ch=='y'){
return false;
}

Time : 19/09/02 19:52
----------------------------------------

----------------------------------------
----------------------------------------
Pass Single Test : [=>0,0]
if(searchChars[j]=='y'){
return false;
}

Time : 19/09/02 19:52
----------------------------------------

----------------------------------------
----------------------------------------
Pass Single Test : [=>0,0]
if(ch=='t'){
return false;
}

Time : 19/09/02 19:53
----------------------------------------

----------------------------------------
----------------------------------------
Pass Single Test : [=>0,0]
if(searchChars[j]=='t'){
return false;
}

Time : 19/09/02 19:53
----------------------------------------

----------------------------------------
----------------------------------------
Pass Single Test : [=>0,0]
for(int j=0;j<searchLen;j++){
if(searchChars[j]==ch){
return true;
}
}

Time : 19/09/02 19:54
----------------------------------------

----------------------------------------
----------------------------------------
Pass Single Test : [=>0,0]
for(int j=searchLen;j<searchLen;j++){
if(searchChars[j]==ch){
return false;
}
}

Time : 19/09/02 19:55
----------------------------------------
Timeout time : 19/09/02 19:55
Current failed test : org.apache.commons.lang3.StringUtilsEqualsIndexOfTest::testContainsNone_StringWithSupplementaryChars_purify_7 | 19/09/02 19:55
Mon Sep 02 19:56:17 EDT 2019 org.apache.commons.lang3.StringUtils,1674
Mon Sep 02 19:57:06 EDT 2019 org.apache.commons.lang3.StringUtils,1677

----------------------------------------
----------------------------------------
Pass Single Test : [=>0,0]
if(searchChars!=null||searchChars==null){
return true;
}
int csLen=cs.length();
int searchLen=searchChars.length;

Time : 19/09/02 19:57
----------------------------------------

----------------------------------------
----------------------------------------
Pass Single Test : [=>0,0]
if(EMPTY==null||EMPTY.length()==0){
return true;
}
int csLen=cs.length();
int searchLen=searchChars.length;

Time : 19/09/02 20:00
----------------------------------------

----------------------------------------
----------------------------------------
Pass Single Test : [=>0,0]
if(cs==null||EMPTY.length()==0){
return true;
}
int csLen=cs.length();
int searchLen=searchChars.length;

Time : 19/09/02 20:00
----------------------------------------

----------------------------------------
----------------------------------------
Pass Single Test : [=>0,0]
if(EMPTY!=null&&EMPTY.length()==0){
return true;
}
int csLen=cs.length();
int searchLen=searchChars.length;

Time : 19/09/02 20:00
----------------------------------------

----------------------------------------
----------------------------------------
Pass Single Test : [=>0,0]
if(cs!=null||searchChars==null){
return true;
}
int csLen=cs.length();
int searchLen=searchChars.length;

Time : 19/09/02 20:01
----------------------------------------

----------------------------------------
----------------------------------------
Pass Single Test : [=>0,0]
if(EMPTY!=null||searchChars==null){
return true;
}
int csLen=cs.length();
int searchLen=searchChars.length;

Time : 19/09/02 20:01
----------------------------------------

----------------------------------------
----------------------------------------
Pass Single Test : [=>0,0]
if(cs!=null||EMPTY.length()==0){
return true;
}
int csLen=cs.length();
int searchLen=searchChars.length;

Time : 19/09/02 20:02
----------------------------------------

----------------------------------------
----------------------------------------
Pass Single Test : [=>0,0]
if(EMPTY!=null||EMPTY.length()==0){
return true;
}
int csLen=cs.length();
int searchLen=searchChars.length;

Time : 19/09/02 20:02
----------------------------------------

----------------------------------------
----------------------------------------
Pass Single Test : [=>0,0]
if(cs!=null&&EMPTY.length()==0){
return true;
}
int csLen=cs.length();
int searchLen=searchChars.length;

Time : 19/09/02 20:02
----------------------------------------
Mon Sep 02 20:06:19 EDT 2019 org.apache.commons.lang3.StringUtils,1678

----------------------------------------
----------------------------------------
Pass Single Test : [=>0,0]
if(searchChars[j]==ch){
return true;
}

Time : 19/09/02 20:06
----------------------------------------

----------------------------------------
----------------------------------------
Pass Single Test : [=>0,0]
if(ch=='Y'){
return false;
}

Time : 19/09/02 20:07
----------------------------------------

----------------------------------------
----------------------------------------
Pass Single Test : [=>0,0]
if(searchChars[j]=='Y'){
return false;
}

Time : 19/09/02 20:07
----------------------------------------

----------------------------------------
----------------------------------------
Pass Single Test : [=>0,0]
if(ch=='T'){
return false;
}

Time : 19/09/02 20:08
----------------------------------------

----------------------------------------
----------------------------------------
Pass Single Test : [=>0,0]
if(searchChars[j]=='T'){
return false;
}

Time : 19/09/02 20:08
----------------------------------------

----------------------------------------
----------------------------------------
Pass Single Test : [=>0,0]
if(ch=='y'){
return false;
}

Time : 19/09/02 20:08
----------------------------------------

----------------------------------------
----------------------------------------
Pass Single Test : [=>0,0]
if(searchChars[j]=='y'){
return false;
}

Time : 19/09/02 20:09
----------------------------------------

----------------------------------------
----------------------------------------
Pass Single Test : [=>0,0]
if(ch=='t'){
return false;
}

Time : 19/09/02 20:09
----------------------------------------

----------------------------------------
----------------------------------------
Pass Single Test : [=>0,0]
if(searchChars[j]=='t'){
return false;
}

Time : 19/09/02 20:09
----------------------------------------

----------------------------------------
----------------------------------------
Pass Single Test : [=>0,0]
for(int j=0;j<searchLen;j++){
if(searchChars[j]==ch){
return true;
}
}

Time : 19/09/02 20:10
----------------------------------------

----------------------------------------
----------------------------------------
Pass Single Test : [=>0,0]
for(int j=searchLen;j<searchLen;j++){
if(searchChars[j]==ch){
return false;
}
}

Time : 19/09/02 20:11
----------------------------------------

----------------------------------------
----------------------------------------
Pass Single Test : [=>0,0]
for(int i=0;i<csLen;i++){
char ch=cs.charAt(i);
for(int j=0;j<searchLen;j++){
if(searchChars[j]==ch){
return true;
}
}
}

Time : 19/09/02 20:12
----------------------------------------
Timeout time : 19/09/02 20:12
Current failed test : org.apache.commons.lang3.StringUtilsEqualsIndexOfTest::testContainsNone_StringWithSupplementaryChars_purify_8 | 19/09/02 20:12
Mon Sep 02 20:13:00 EDT 2019 org.apache.commons.lang3.StringUtils,1674
Mon Sep 02 20:13:53 EDT 2019 org.apache.commons.lang3.StringUtils,1677

----------------------------------------
----------------------------------------
Pass Single Test : [=>0,0]
if(searchChars!=null||searchChars==null){
return true;
}
int csLen=cs.length();
int searchLen=searchChars.length;

Time : 19/09/02 20:14
----------------------------------------

----------------------------------------
----------------------------------------
Pass Single Test : [=>0,0]
if(EMPTY==null||EMPTY.length()==0){
return true;
}
int csLen=cs.length();
int searchLen=searchChars.length;

Time : 19/09/02 20:17
----------------------------------------

----------------------------------------
----------------------------------------
Pass Single Test : [=>0,0]
if(cs==null||EMPTY.length()==0){
return true;
}
int csLen=cs.length();
int searchLen=searchChars.length;

Time : 19/09/02 20:17
----------------------------------------

----------------------------------------
----------------------------------------
Pass Single Test : [=>0,0]
if(EMPTY!=null&&EMPTY.length()==0){
return true;
}
int csLen=cs.length();
int searchLen=searchChars.length;

Time : 19/09/02 20:17
----------------------------------------

----------------------------------------
----------------------------------------
Pass Single Test : [=>0,0]
if(cs!=null||searchChars==null){
return true;
}
int csLen=cs.length();
int searchLen=searchChars.length;

Time : 19/09/02 20:18
----------------------------------------

----------------------------------------
----------------------------------------
Pass Single Test : [=>0,0]
if(EMPTY!=null||searchChars==null){
return true;
}
int csLen=cs.length();
int searchLen=searchChars.length;

Time : 19/09/02 20:18
----------------------------------------

----------------------------------------
----------------------------------------
Pass Single Test : [=>0,0]
if(cs!=null||EMPTY.length()==0){
return true;
}
int csLen=cs.length();
int searchLen=searchChars.length;

Time : 19/09/02 20:19
----------------------------------------

----------------------------------------
----------------------------------------
Pass Single Test : [=>0,0]
if(EMPTY!=null||EMPTY.length()==0){
return true;
}
int csLen=cs.length();
int searchLen=searchChars.length;

Time : 19/09/02 20:19
----------------------------------------

----------------------------------------
----------------------------------------
Pass Single Test : [=>0,0]
if(cs!=null&&EMPTY.length()==0){
return true;
}
int csLen=cs.length();
int searchLen=searchChars.length;

Time : 19/09/02 20:19
----------------------------------------
Mon Sep 02 20:23:11 EDT 2019 org.apache.commons.lang3.StringUtils,1678

----------------------------------------
----------------------------------------
Pass Single Test : [=>0,0]
if(searchChars[j]==ch){
return true;
}

Time : 19/09/02 20:23
----------------------------------------

----------------------------------------
----------------------------------------
Pass Single Test : [=>0,0]
if(ch=='Y'){
return false;
}

Time : 19/09/02 20:24
----------------------------------------

----------------------------------------
----------------------------------------
Pass Single Test : [=>0,0]
if(searchChars[j]=='Y'){
return false;
}

Time : 19/09/02 20:24
----------------------------------------

----------------------------------------
----------------------------------------
Pass Single Test : [=>0,0]
if(ch=='T'){
return false;
}

Time : 19/09/02 20:24
----------------------------------------

----------------------------------------
----------------------------------------
Pass Single Test : [=>0,0]
if(searchChars[j]=='T'){
return false;
}

Time : 19/09/02 20:25
----------------------------------------

----------------------------------------
----------------------------------------
Pass Single Test : [=>0,0]
if(ch=='y'){
return false;
}

Time : 19/09/02 20:25
----------------------------------------

----------------------------------------
----------------------------------------
Pass Single Test : [=>0,0]
if(searchChars[j]=='y'){
return false;
}

Time : 19/09/02 20:25
----------------------------------------

----------------------------------------
----------------------------------------
Pass Single Test : [=>0,0]
if(ch=='t'){
return false;
}

Time : 19/09/02 20:26
----------------------------------------

----------------------------------------
----------------------------------------
Pass Single Test : [=>0,0]
if(searchChars[j]=='t'){
return false;
}

Time : 19/09/02 20:26
----------------------------------------

----------------------------------------
----------------------------------------
Pass Single Test : [=>0,0]
for(int j=0;j<searchLen;j++){
if(searchChars[j]==ch){
return true;
}
}

Time : 19/09/02 20:27
----------------------------------------

----------------------------------------
----------------------------------------
Pass Single Test : [=>0,0]
for(int j=searchLen;j<searchLen;j++){
if(searchChars[j]==ch){
return false;
}
}

Time : 19/09/02 20:28
----------------------------------------

----------------------------------------
----------------------------------------
Pass Single Test : [=>0,0]
for(int i=0;i<csLen;i++){
char ch=cs.charAt(i);
for(int j=0;j<searchLen;j++){
if(searchChars[j]==ch){
return true;
}
}
}

Time : 19/09/02 20:28
----------------------------------------
Timeout time : 19/09/02 20:28
