=================================================
Project : lang_31	start : 19/09/02 15:24
Current failed test : org.apache.commons.lang3.StringUtilsEqualsIndexOfTest::testContainsAnyCharArrayWithSupplementaryChars | 19/09/02 15:24
Mon Sep 02 15:25:47 EDT 2019 org.apache.commons.lang3.StringUtils,1441
Mon Sep 02 15:27:26 EDT 2019 org.apache.commons.lang3.StringUtils,1444
Mon Sep 02 15:33:11 EDT 2019 org.apache.commons.lang3.StringUtils,1445
Mon Sep 02 15:47:57 EDT 2019 org.apache.commons.lang3.StringUtils,1446
Mon Sep 02 15:47:58 EDT 2019 org.apache.commons.lang3.StringUtils,1447
Mon Sep 02 15:47:58 EDT 2019 org.apache.commons.lang3.StringUtils,1448
Mon Sep 02 15:48:00 EDT 2019 org.apache.commons.lang3.StringUtils,1449
Mon Sep 02 15:48:05 EDT 2019 org.apache.commons.lang3.StringUtils,1452
Mon Sep 02 15:48:08 EDT 2019 org.apache.commons.lang3.StringUtils,1487
Mon Sep 02 15:48:13 EDT 2019 org.apache.commons.lang3.StringUtils,1490
Mon Sep 02 15:50:08 EDT 2019 org.apache.commons.lang3.ArrayUtils,3279
Mon Sep 02 15:53:14 EDT 2019 org.apache.commons.lang3.ArrayUtils,3282
Mon Sep 02 15:56:58 EDT 2019 org.apache.commons.lang3.StringUtils,194
Mon Sep 02 15:57:03 EDT 2019 Mon Sep 02 15:57:03 EDT 2019 : org.apache.commons.lang3.ArrayUtils,56=>Find no block
Mon Sep 02 15:57:08 EDT 2019 Mon Sep 02 15:57:08 EDT 2019 : org.apache.commons.lang3.ArrayUtils,60=>Find no block
Mon Sep 02 15:57:11 EDT 2019 Mon Sep 02 15:57:11 EDT 2019 : org.apache.commons.lang3.ArrayUtils,64=>Find no block
Mon Sep 02 15:57:13 EDT 2019 Mon Sep 02 15:57:13 EDT 2019 : org.apache.commons.lang3.ArrayUtils,68=>Find no block
Mon Sep 02 15:57:18 EDT 2019 Mon Sep 02 15:57:18 EDT 2019 : org.apache.commons.lang3.ArrayUtils,72=>Find no block
Mon Sep 02 15:57:20 EDT 2019 Mon Sep 02 15:57:20 EDT 2019 : org.apache.commons.lang3.ArrayUtils,76=>Find no block
Mon Sep 02 15:57:24 EDT 2019 Mon Sep 02 15:57:24 EDT 2019 : org.apache.commons.lang3.ArrayUtils,80=>Find no block
Mon Sep 02 15:57:26 EDT 2019 Mon Sep 02 15:57:26 EDT 2019 : org.apache.commons.lang3.ArrayUtils,84=>Find no block
Mon Sep 02 15:57:30 EDT 2019 Mon Sep 02 15:57:30 EDT 2019 : org.apache.commons.lang3.ArrayUtils,88=>Find no block
Mon Sep 02 15:57:31 EDT 2019 Mon Sep 02 15:57:31 EDT 2019 : org.apache.commons.lang3.ArrayUtils,92=>Find no block
Mon Sep 02 15:57:33 EDT 2019 Mon Sep 02 15:57:33 EDT 2019 : org.apache.commons.lang3.ArrayUtils,96=>Find no block
Mon Sep 02 15:57:35 EDT 2019 Mon Sep 02 15:57:35 EDT 2019 : org.apache.commons.lang3.ArrayUtils,100=>Find no block
Mon Sep 02 15:57:38 EDT 2019 Mon Sep 02 15:57:38 EDT 2019 : org.apache.commons.lang3.ArrayUtils,104=>Find no block
Mon Sep 02 15:57:39 EDT 2019 Mon Sep 02 15:57:39 EDT 2019 : org.apache.commons.lang3.ArrayUtils,108=>Find no block
Mon Sep 02 15:57:44 EDT 2019 Mon Sep 02 15:57:44 EDT 2019 : org.apache.commons.lang3.ArrayUtils,112=>Find no block
Mon Sep 02 15:57:45 EDT 2019 Mon Sep 02 15:57:45 EDT 2019 : org.apache.commons.lang3.ArrayUtils,116=>Find no block
Mon Sep 02 15:57:45 EDT 2019 Mon Sep 02 15:57:45 EDT 2019 : org.apache.commons.lang3.ArrayUtils,120=>Find no block
Mon Sep 02 15:57:48 EDT 2019 Mon Sep 02 15:57:48 EDT 2019 : org.apache.commons.lang3.ArrayUtils,124=>Find no block
Mon Sep 02 15:57:52 EDT 2019 Mon Sep 02 15:57:52 EDT 2019 : org.apache.commons.lang3.ArrayUtils,128=>Find no block
Mon Sep 02 15:57:57 EDT 2019 org.apache.commons.lang3.StringUtils,170
Mon Sep 02 15:58:06 EDT 2019 Mon Sep 02 15:58:06 EDT 2019 : org.apache.commons.lang3.StringUtils,171=>Find no block
Mon Sep 02 15:58:09 EDT 2019 org.apache.commons.lang3.StringUtils,212
Mon Sep 02 15:58:56 EDT 2019 org.apache.commons.lang3.StringUtils,232
Mon Sep 02 16:01:56 EDT 2019 org.apache.commons.lang3.StringUtils,233
Mon Sep 02 16:01:57 EDT 2019 org.apache.commons.lang3.StringUtils,235
Mon Sep 02 16:06:12 EDT 2019 org.apache.commons.lang3.StringUtils,236
Mon Sep 02 16:06:13 EDT 2019 org.apache.commons.lang3.StringUtils,237
Mon Sep 02 16:06:14 EDT 2019 org.apache.commons.lang3.StringUtils,240
Mon Sep 02 16:15:58 EDT 2019 org.apache.commons.lang3.StringUtils,260
Mon Sep 02 16:16:26 EDT 2019 org.apache.commons.lang3.StringUtils,289
Mon Sep 02 16:17:42 EDT 2019 org.apache.commons.lang3.StringUtils,315
Mon Sep 02 16:19:36 EDT 2019 org.apache.commons.lang3.StringUtils,316
Mon Sep 02 16:19:37 EDT 2019 org.apache.commons.lang3.StringUtils,341
Mon Sep 02 16:20:36 EDT 2019 org.apache.commons.lang3.StringUtils,369
Mon Sep 02 16:23:22 EDT 2019 org.apache.commons.lang3.StringUtils,396
Mon Sep 02 16:26:19 EDT 2019 org.apache.commons.lang3.StringUtils,397
Mon Sep 02 16:26:19 EDT 2019 org.apache.commons.lang3.StringUtils,399
Mon Sep 02 16:32:05 EDT 2019 org.apache.commons.lang3.StringUtils,400
Mon Sep 02 16:32:05 EDT 2019 org.apache.commons.lang3.StringUtils,426
Mon Sep 02 16:33:05 EDT 2019 org.apache.commons.lang3.StringUtils,456
Mon Sep 02 16:34:11 EDT 2019 org.apache.commons.lang3.StringUtils,457
Mon Sep 02 16:34:12 EDT 2019 org.apache.commons.lang3.StringUtils,459
Mon Sep 02 16:38:02 EDT 2019 org.apache.commons.lang3.StringUtils,460
Mon Sep 02 16:38:02 EDT 2019 org.apache.commons.lang3.StringUtils,489
Mon Sep 02 16:43:42 EDT 2019 org.apache.commons.lang3.StringUtils,490
Mon Sep 02 16:43:43 EDT 2019 org.apache.commons.lang3.StringUtils,492
Mon Sep 02 16:50:29 EDT 2019 org.apache.commons.lang3.StringUtils,493
Mon Sep 02 17:14:26 EDT 2019 org.apache.commons.lang3.StringUtils,494
Mon Sep 02 17:14:27 EDT 2019 org.apache.commons.lang3.StringUtils,495
Mon Sep 02 17:14:27 EDT 2019 org.apache.commons.lang3.StringUtils,497
Mon Sep 02 17:14:28 EDT 2019 org.apache.commons.lang3.StringUtils,498
Mon Sep 02 17:14:28 EDT 2019 org.apache.commons.lang3.StringUtils,500
Mon Sep 02 17:14:29 EDT 2019 org.apache.commons.lang3.StringUtils,501
Mon Sep 02 17:14:30 EDT 2019 org.apache.commons.lang3.StringUtils,504
Mon Sep 02 17:48:14 EDT 2019 org.apache.commons.lang3.StringUtils,533
Mon Sep 02 17:53:57 EDT 2019 org.apache.commons.lang3.StringUtils,534
Mon Sep 02 17:53:58 EDT 2019 org.apache.commons.lang3.StringUtils,537
Mon Sep 02 18:13:56 EDT 2019 org.apache.commons.lang3.StringUtils,538
Mon Sep 02 18:13:57 EDT 2019 org.apache.commons.lang3.StringUtils,539
Mon Sep 02 18:13:57 EDT 2019 org.apache.commons.lang3.StringUtils,541
Mon Sep 02 18:13:58 EDT 2019 org.apache.commons.lang3.StringUtils,542
Mon Sep 02 18:14:00 EDT 2019 org.apache.commons.lang3.StringUtils,544
Mon Sep 02 18:14:00 EDT 2019 org.apache.commons.lang3.StringUtils,545
Mon Sep 02 18:14:01 EDT 2019 org.apache.commons.lang3.StringUtils,548
Mon Sep 02 18:48:09 EDT 2019 org.apache.commons.lang3.StringUtils,573
Mon Sep 02 18:48:10 EDT 2019 org.apache.commons.lang3.StringUtils,603
Mon Sep 02 18:51:07 EDT 2019 org.apache.commons.lang3.StringUtils,604
Mon Sep 02 18:51:08 EDT 2019 org.apache.commons.lang3.StringUtils,606
Mon Sep 02 19:00:18 EDT 2019 org.apache.commons.lang3.StringUtils,607
Mon Sep 02 19:00:18 EDT 2019 org.apache.commons.lang3.StringUtils,608
Mon Sep 02 19:00:19 EDT 2019 org.apache.commons.lang3.StringUtils,610
Mon Sep 02 19:00:19 EDT 2019 org.apache.commons.lang3.StringUtils,630
Mon Sep 02 19:00:38 EDT 2019 org.apache.commons.lang3.StringUtils,631
Mon Sep 02 19:00:38 EDT 2019 org.apache.commons.lang3.StringUtils,633
Mon Sep 02 19:01:27 EDT 2019 org.apache.commons.lang3.StringUtils,640
Mon Sep 02 19:02:05 EDT 2019 org.apache.commons.lang3.StringUtils,643
Mon Sep 02 19:02:06 EDT 2019 org.apache.commons.lang3.StringUtils,646
Mon Sep 02 19:02:45 EDT 2019 org.apache.commons.lang3.StringUtils,649
Mon Sep 02 19:03:13 EDT 2019 org.apache.commons.lang3.StringUtils,652
Mon Sep 02 19:03:43 EDT 2019 org.apache.commons.lang3.StringUtils,655
Mon Sep 02 19:04:27 EDT 2019 org.apache.commons.lang3.StringUtils,656
Mon Sep 02 19:04:28 EDT 2019 Mon Sep 02 19:04:28 EDT 2019 : org.apache.commons.lang3.StringUtils,657=>Find no block
Mon Sep 02 19:04:28 EDT 2019 org.apache.commons.lang3.StringUtils,658
Mon Sep 02 19:04:28 EDT 2019 Mon Sep 02 19:04:28 EDT 2019 : org.apache.commons.lang3.StringUtils,659=>Find no block
Mon Sep 02 19:04:29 EDT 2019 org.apache.commons.lang3.StringUtils,660
Mon Sep 02 19:04:30 EDT 2019 Mon Sep 02 19:04:30 EDT 2019 : org.apache.commons.lang3.StringUtils,661=>Find no block
Mon Sep 02 19:04:30 EDT 2019 org.apache.commons.lang3.StringUtils,662
Mon Sep 02 19:04:30 EDT 2019 Mon Sep 02 19:04:30 EDT 2019 : org.apache.commons.lang3.StringUtils,663=>Find no block
Mon Sep 02 19:04:31 EDT 2019 org.apache.commons.lang3.StringUtils,664
Mon Sep 02 19:04:31 EDT 2019 Mon Sep 02 19:04:31 EDT 2019 : org.apache.commons.lang3.StringUtils,665=>Find no block
Mon Sep 02 19:04:31 EDT 2019 org.apache.commons.lang3.StringUtils,666
Mon Sep 02 19:04:32 EDT 2019 Mon Sep 02 19:04:32 EDT 2019 : org.apache.commons.lang3.StringUtils,667=>Find no block
Mon Sep 02 19:04:32 EDT 2019 org.apache.commons.lang3.StringUtils,668
Mon Sep 02 19:04:33 EDT 2019 Mon Sep 02 19:04:33 EDT 2019 : org.apache.commons.lang3.StringUtils,669=>Find no block
Mon Sep 02 19:04:33 EDT 2019 org.apache.commons.lang3.StringUtils,670
Mon Sep 02 19:04:33 EDT 2019 org.apache.commons.lang3.StringUtils,673
Mon Sep 02 19:04:35 EDT 2019 org.apache.commons.lang3.StringUtils,700
Mon Sep 02 19:04:47 EDT 2019 org.apache.commons.lang3.StringUtils,725
Mon Sep 02 19:04:48 EDT 2019 org.apache.commons.lang3.StringUtils,750
Mon Sep 02 19:05:27 EDT 2019 org.apache.commons.lang3.StringUtils,751
Mon Sep 02 19:05:28 EDT 2019 org.apache.commons.lang3.StringUtils,753
Mon Sep 02 19:09:39 EDT 2019 org.apache.commons.lang3.StringUtils,782
Mon Sep 02 19:09:39 EDT 2019 org.apache.commons.lang3.StringUtils,783
Mon Sep 02 19:09:40 EDT 2019 org.apache.commons.lang3.StringUtils,785
Mon Sep 02 19:13:54 EDT 2019 org.apache.commons.lang3.StringUtils,812
Mon Sep 02 19:17:29 EDT 2019 org.apache.commons.lang3.StringUtils,813
Mon Sep 02 19:17:29 EDT 2019 org.apache.commons.lang3.StringUtils,815
Mon Sep 02 19:24:50 EDT 2019 org.apache.commons.lang3.StringUtils,851
Mon Sep 02 19:24:51 EDT 2019 org.apache.commons.lang3.StringUtils,852
Mon Sep 02 19:24:51 EDT 2019 org.apache.commons.lang3.StringUtils,854
Mon Sep 02 19:32:34 EDT 2019 org.apache.commons.lang3.StringUtils,891
Mon Sep 02 19:33:37 EDT 2019 org.apache.commons.lang3.StringUtils,909
Mon Sep 02 19:37:37 EDT 2019 org.apache.commons.lang3.StringUtils,910
Mon Sep 02 19:37:37 EDT 2019 org.apache.commons.lang3.StringUtils,912
Mon Sep 02 19:38:51 EDT 2019 org.apache.commons.lang3.StringUtils,913
Mon Sep 02 19:38:52 EDT 2019 org.apache.commons.lang3.StringUtils,915
Mon Sep 02 19:43:58 EDT 2019 org.apache.commons.lang3.StringUtils,916
Mon Sep 02 19:43:58 EDT 2019 org.apache.commons.lang3.StringUtils,918
Mon Sep 02 19:49:47 EDT 2019 org.apache.commons.lang3.StringUtils,919
Mon Sep 02 19:49:47 EDT 2019 org.apache.commons.lang3.StringUtils,921
Mon Sep 02 19:49:48 EDT 2019 org.apache.commons.lang3.StringUtils,923
Mon Sep 02 19:51:43 EDT 2019 org.apache.commons.lang3.StringUtils,924
Mon Sep 02 19:51:44 EDT 2019 org.apache.commons.lang3.StringUtils,926
Mon Sep 02 19:57:16 EDT 2019 org.apache.commons.lang3.StringUtils,927
Mon Sep 02 19:57:16 EDT 2019 org.apache.commons.lang3.StringUtils,928
Mon Sep 02 20:03:01 EDT 2019 org.apache.commons.lang3.StringUtils,956
Mon Sep 02 20:04:05 EDT 2019 org.apache.commons.lang3.StringUtils,991
Mon Sep 02 20:04:05 EDT 2019 org.apache.commons.lang3.StringUtils,992
Mon Sep 02 20:04:06 EDT 2019 org.apache.commons.lang3.StringUtils,994
Mon Sep 02 20:04:24 EDT 2019 org.apache.commons.lang3.StringUtils,995
Mon Sep 02 20:04:25 EDT 2019 org.apache.commons.lang3.StringUtils,997
Mon Sep 02 20:18:09 EDT 2019 org.apache.commons.lang3.StringUtils,998
Mon Sep 02 20:18:10 EDT 2019 org.apache.commons.lang3.StringUtils,999
Mon Sep 02 20:18:10 EDT 2019 org.apache.commons.lang3.StringUtils,1001
Mon Sep 02 20:20:14 EDT 2019 org.apache.commons.lang3.StringUtils,1002
Mon Sep 02 20:20:15 EDT 2019 org.apache.commons.lang3.StringUtils,1004
Timeout time : 19/09/02 20:25
