=================================================
Project : lang_32	start : 19/09/02 15:24
Current failed test : org.apache.commons.lang3.builder.HashCodeBuilderTest::testReflectionObjectCycle_purify_1 | 19/09/02 15:25
Mon Sep 02 15:25:58 EDT 2019 org.apache.commons.lang3.builder.HashCodeBuilder,174
Mon Sep 02 15:26:03 EDT 2019 org.apache.commons.lang3.builder.HashCodeBuilder,400
Mon Sep 02 15:26:17 EDT 2019 Mon Sep 02 15:26:17 EDT 2019 : org.apache.commons.lang3.builder.HashCodeBuilder,107=>Find no block
Mon Sep 02 15:26:18 EDT 2019 org.apache.commons.lang3.builder.HashCodeBuilder,137
Mon Sep 02 15:26:31 EDT 2019 org.apache.commons.lang3.builder.HashCodeBuilder,152
Mon Sep 02 15:27:24 EDT 2019 org.apache.commons.lang3.builder.HashCodeBuilder,173
Mon Sep 02 15:27:25 EDT 2019 org.apache.commons.lang3.builder.HashCodeBuilder,177
Mon Sep 02 15:28:19 EDT 2019 org.apache.commons.lang3.builder.HashCodeBuilder,178
Mon Sep 02 15:28:19 EDT 2019 org.apache.commons.lang3.builder.HashCodeBuilder,179
Mon Sep 02 15:33:02 EDT 2019 org.apache.commons.lang3.builder.HashCodeBuilder,180
Mon Sep 02 15:33:03 EDT 2019 org.apache.commons.lang3.builder.HashCodeBuilder,181
Mon Sep 02 15:33:05 EDT 2019 org.apache.commons.lang3.builder.HashCodeBuilder,186
Mon Sep 02 15:33:06 EDT 2019 org.apache.commons.lang3.builder.HashCodeBuilder,187
Mon Sep 02 15:33:06 EDT 2019 Mon Sep 02 15:33:06 EDT 2019 : org.apache.commons.lang3.builder.HashCodeBuilder,192=>Find no block
Mon Sep 02 15:33:07 EDT 2019 org.apache.commons.lang3.builder.HashCodeBuilder,196
Mon Sep 02 15:33:08 EDT 2019 Mon Sep 02 15:33:08 EDT 2019 : org.apache.commons.lang3.builder.HashCodeBuilder,197=>Find no block
Mon Sep 02 15:33:09 EDT 2019 Mon Sep 02 15:33:09 EDT 2019 : org.apache.commons.lang3.builder.HashCodeBuilder,198=>Find no block
Mon Sep 02 15:33:10 EDT 2019 org.apache.commons.lang3.builder.HashCodeBuilder,360
Mon Sep 02 15:37:54 EDT 2019 org.apache.commons.lang3.builder.HashCodeBuilder,361
Mon Sep 02 15:37:54 EDT 2019 org.apache.commons.lang3.builder.HashCodeBuilder,362
Mon Sep 02 15:37:55 EDT 2019 org.apache.commons.lang3.builder.HashCodeBuilder,363
Mon Sep 02 15:37:56 EDT 2019 org.apache.commons.lang3.builder.HashCodeBuilder,364
Mon Sep 02 15:37:56 EDT 2019 org.apache.commons.lang3.builder.HashCodeBuilder,366
Mon Sep 02 15:37:57 EDT 2019 org.apache.commons.lang3.builder.HashCodeBuilder,522
Mon Sep 02 15:38:10 EDT 2019 Mon Sep 02 15:38:10 EDT 2019 : org.apache.commons.lang3.builder.HashCodeBuilder,523=>Find no block
Mon Sep 02 15:38:10 EDT 2019 org.apache.commons.lang3.builder.HashCodeBuilder,538
Mon Sep 02 15:38:23 EDT 2019 Mon Sep 02 15:38:23 EDT 2019 : org.apache.commons.lang3.builder.HashCodeBuilder,539=>Find no block
Mon Sep 02 15:38:24 EDT 2019 Mon Sep 02 15:38:24 EDT 2019 : org.apache.commons.lang3.builder.IDKey,40=>Find no block
Mon Sep 02 15:38:24 EDT 2019 org.apache.commons.lang3.builder.IDKey,42
Mon Sep 02 15:39:32 EDT 2019 org.apache.commons.lang3.builder.IDKey,46
Mon Sep 02 15:39:33 EDT 2019 Mon Sep 02 15:39:33 EDT 2019 : org.apache.commons.lang3.builder.IDKey,47=>Find no block
Mon Sep 02 15:39:33 EDT 2019 org.apache.commons.lang3.builder.IDKey,55
Mon Sep 02 15:39:36 EDT 2019 org.apache.commons.lang3.builder.IDKey,65
Mon Sep 02 15:39:37 EDT 2019 org.apache.commons.lang3.builder.IDKey,68
Mon Sep 02 15:41:25 EDT 2019 org.apache.commons.lang3.builder.IDKey,69
Mon Sep 02 15:41:26 EDT 2019 org.apache.commons.lang3.builder.IDKey,73
Mon Sep 02 15:41:26 EDT 2019 Mon Sep 02 15:41:26 EDT 2019 : org.apache.commons.lang3.ArrayUtils,55=>Find no block
Mon Sep 02 15:41:27 EDT 2019 Mon Sep 02 15:41:27 EDT 2019 : org.apache.commons.lang3.ArrayUtils,59=>Find no block
Mon Sep 02 15:41:27 EDT 2019 Mon Sep 02 15:41:27 EDT 2019 : org.apache.commons.lang3.ArrayUtils,63=>Find no block
Mon Sep 02 15:41:28 EDT 2019 Mon Sep 02 15:41:28 EDT 2019 : org.apache.commons.lang3.ArrayUtils,67=>Find no block
Mon Sep 02 15:41:28 EDT 2019 Mon Sep 02 15:41:28 EDT 2019 : org.apache.commons.lang3.ArrayUtils,71=>Find no block
Mon Sep 02 15:41:28 EDT 2019 Mon Sep 02 15:41:28 EDT 2019 : org.apache.commons.lang3.ArrayUtils,75=>Find no block
Mon Sep 02 15:41:29 EDT 2019 Mon Sep 02 15:41:29 EDT 2019 : org.apache.commons.lang3.ArrayUtils,79=>Find no block
Mon Sep 02 15:41:29 EDT 2019 Mon Sep 02 15:41:29 EDT 2019 : org.apache.commons.lang3.ArrayUtils,83=>Find no block
Mon Sep 02 15:41:30 EDT 2019 Mon Sep 02 15:41:30 EDT 2019 : org.apache.commons.lang3.ArrayUtils,87=>Find no block
Mon Sep 02 15:41:30 EDT 2019 Mon Sep 02 15:41:30 EDT 2019 : org.apache.commons.lang3.ArrayUtils,91=>Find no block
Mon Sep 02 15:41:31 EDT 2019 Mon Sep 02 15:41:31 EDT 2019 : org.apache.commons.lang3.ArrayUtils,95=>Find no block
Mon Sep 02 15:41:32 EDT 2019 Mon Sep 02 15:41:32 EDT 2019 : org.apache.commons.lang3.ArrayUtils,99=>Find no block
Mon Sep 02 15:41:32 EDT 2019 Mon Sep 02 15:41:32 EDT 2019 : org.apache.commons.lang3.ArrayUtils,103=>Find no block
Mon Sep 02 15:41:33 EDT 2019 Mon Sep 02 15:41:33 EDT 2019 : org.apache.commons.lang3.ArrayUtils,107=>Find no block
Mon Sep 02 15:41:33 EDT 2019 Mon Sep 02 15:41:33 EDT 2019 : org.apache.commons.lang3.ArrayUtils,111=>Find no block
Mon Sep 02 15:41:34 EDT 2019 Mon Sep 02 15:41:34 EDT 2019 : org.apache.commons.lang3.ArrayUtils,115=>Find no block
Mon Sep 02 15:41:35 EDT 2019 Mon Sep 02 15:41:35 EDT 2019 : org.apache.commons.lang3.ArrayUtils,119=>Find no block
Mon Sep 02 15:41:35 EDT 2019 Mon Sep 02 15:41:35 EDT 2019 : org.apache.commons.lang3.ArrayUtils,123=>Find no block
Mon Sep 02 15:41:36 EDT 2019 Mon Sep 02 15:41:36 EDT 2019 : org.apache.commons.lang3.ArrayUtils,127=>Find no block
Mon Sep 02 15:41:36 EDT 2019 org.apache.commons.lang3.ArrayUtils,1627
Mon Sep 02 15:42:12 EDT 2019 org.apache.commons.lang3.ArrayUtils,1645
Mon Sep 02 15:42:47 EDT 2019 org.apache.commons.lang3.ArrayUtils,1646
Mon Sep 02 15:42:47 EDT 2019 org.apache.commons.lang3.ArrayUtils,1730
Mon Sep 02 15:43:15 EDT 2019 org.apache.commons.lang3.builder.HashCodeBuilder,359
Mon Sep 02 15:43:15 EDT 2019 org.apache.commons.lang3.builder.HashCodeBuilder,356
Mon Sep 02 15:43:16 EDT 2019 org.apache.commons.lang3.builder.HashCodeBuilder,883
Mon Sep 02 15:43:18 EDT 2019 org.apache.commons.lang3.builder.HashCodeBuilder,855
Mon Sep 02 15:44:50 EDT 2019 org.apache.commons.lang3.builder.HashCodeBuilder,859
Mon Sep 02 15:44:51 EDT 2019 org.apache.commons.lang3.builder.HashCodeBuilder,886
Mon Sep 02 15:45:52 EDT 2019 org.apache.commons.lang3.builder.HashCodeBuilder,585
Mon Sep 02 15:46:45 EDT 2019 org.apache.commons.lang3.builder.HashCodeBuilder,588
Mon Sep 02 15:47:19 EDT 2019 org.apache.commons.lang3.builder.HashCodeBuilder,591
Mon Sep 02 15:48:41 EDT 2019 org.apache.commons.lang3.builder.HashCodeBuilder,592
Mon Sep 02 15:48:41 EDT 2019 Mon Sep 02 15:48:41 EDT 2019 : org.apache.commons.lang3.builder.HashCodeBuilder,593=>Find no block
Mon Sep 02 15:48:42 EDT 2019 org.apache.commons.lang3.builder.HashCodeBuilder,966
Mon Sep 02 15:48:46 EDT 2019 org.apache.commons.lang3.builder.HashCodeBuilder,582
Mon Sep 02 15:50:07 EDT 2019 Mon Sep 02 15:50:07 EDT 2019 : org.apache.commons.lang3.builder.HashCodeBuilder,549=>Find no block
Mon Sep 02 15:50:08 EDT 2019 Mon Sep 02 15:50:08 EDT 2019 : org.apache.commons.lang3.builder.HashCodeBuilder,578=>Find no block
Mon Sep 02 15:50:09 EDT 2019 org.apache.commons.lang3.builder.HashCodeBuilder,579
Mon Sep 02 15:51:59 EDT 2019 Mon Sep 02 15:51:59 EDT 2019 : org.apache.commons.lang3.builder.HashCodeBuilder,104=>Find no block
Mon Sep 02 15:51:59 EDT 2019 Mon Sep 02 15:51:59 EDT 2019 : org.apache.commons.lang3.builder.HashCodeBuilder,104=>Find no block
Mon Sep 02 15:52:01 EDT 2019 Mon Sep 02 15:52:01 EDT 2019 : org.apache.commons.lang3.builder.HashCodeBuilder,556=>Find no block
Mon Sep 02 15:52:04 EDT 2019 org.apache.commons.lang3.builder.HashCodeBuilder,557
Mon Sep 02 15:53:14 EDT 2019 org.apache.commons.lang3.builder.HashCodeBuilder,558
Mon Sep 02 15:53:17 EDT 2019 Mon Sep 02 15:53:17 EDT 2019 : org.apache.commons.lang3.builder.HashCodeBuilder,559=>Find no block
Mon Sep 02 15:53:18 EDT 2019 org.apache.commons.lang3.builder.HashCodeBuilder,580
Mon Sep 02 15:53:24 EDT 2019 org.apache.commons.lang3.builder.HashCodeBuilder,583
Mon Sep 02 15:53:25 EDT 2019 org.apache.commons.lang3.builder.HashCodeBuilder,586
Mon Sep 02 15:53:31 EDT 2019 org.apache.commons.lang3.builder.HashCodeBuilder,589
Mon Sep 02 15:53:35 EDT 2019 Mon Sep 02 15:53:35 EDT 2019 : org.apache.commons.lang3.builder.HashCodeBuilder,188=>Find no block
Mon Sep 02 15:53:38 EDT 2019 org.apache.commons.lang3.builder.HashCodeBuilder,191
Mon Sep 02 15:53:39 EDT 2019 org.apache.commons.lang3.builder.HashCodeBuilder,238
Mon Sep 02 15:54:13 EDT 2019 org.apache.commons.lang3.builder.HashCodeBuilder,282
Mon Sep 02 15:54:55 EDT 2019 org.apache.commons.lang3.builder.HashCodeBuilder,304
Mon Sep 02 15:55:49 EDT 2019 org.apache.commons.lang3.builder.HashCodeBuilder,357
Mon Sep 02 15:55:53 EDT 2019 org.apache.commons.lang3.builder.HashCodeBuilder,436
Mon Sep 02 15:56:30 EDT 2019 org.apache.commons.lang3.builder.HashCodeBuilder,472
Mon Sep 02 15:56:46 EDT 2019 org.apache.commons.lang3.builder.HashCodeBuilder,510
Mon Sep 02 15:57:26 EDT 2019 org.apache.commons.lang3.builder.HashCodeBuilder,610
Mon Sep 02 15:58:19 EDT 2019 org.apache.commons.lang3.builder.HashCodeBuilder,611
Mon Sep 02 15:58:20 EDT 2019 org.apache.commons.lang3.builder.HashCodeBuilder,624
Mon Sep 02 16:01:37 EDT 2019 org.apache.commons.lang3.builder.HashCodeBuilder,625
Mon Sep 02 16:01:37 EDT 2019 org.apache.commons.lang3.builder.HashCodeBuilder,627
Mon Sep 02 16:01:38 EDT 2019 org.apache.commons.lang3.builder.HashCodeBuilder,628
Mon Sep 02 16:01:39 EDT 2019 org.apache.commons.lang3.builder.HashCodeBuilder,631
Mon Sep 02 16:02:44 EDT 2019 org.apache.commons.lang3.builder.HashCodeBuilder,646
Mon Sep 02 16:03:23 EDT 2019 org.apache.commons.lang3.builder.HashCodeBuilder,647
Mon Sep 02 16:03:24 EDT 2019 org.apache.commons.lang3.builder.HashCodeBuilder,662
Mon Sep 02 16:03:24 EDT 2019 org.apache.commons.lang3.builder.HashCodeBuilder,663
Mon Sep 02 16:03:25 EDT 2019 org.apache.commons.lang3.builder.HashCodeBuilder,665
Mon Sep 02 16:03:25 EDT 2019 org.apache.commons.lang3.builder.HashCodeBuilder,666
Mon Sep 02 16:03:26 EDT 2019 org.apache.commons.lang3.builder.HashCodeBuilder,669
Mon Sep 02 16:03:28 EDT 2019 org.apache.commons.lang3.builder.HashCodeBuilder,682
Mon Sep 02 16:03:29 EDT 2019 org.apache.commons.lang3.builder.HashCodeBuilder,683
Mon Sep 02 16:03:30 EDT 2019 org.apache.commons.lang3.builder.HashCodeBuilder,696
Mon Sep 02 16:03:31 EDT 2019 org.apache.commons.lang3.builder.HashCodeBuilder,697
Mon Sep 02 16:03:32 EDT 2019 org.apache.commons.lang3.builder.HashCodeBuilder,699
Mon Sep 02 16:03:32 EDT 2019 org.apache.commons.lang3.builder.HashCodeBuilder,700
Mon Sep 02 16:03:33 EDT 2019 org.apache.commons.lang3.builder.HashCodeBuilder,703
Mon Sep 02 16:03:33 EDT 2019 org.apache.commons.lang3.builder.HashCodeBuilder,716
Mon Sep 02 16:03:36 EDT 2019 org.apache.commons.lang3.builder.HashCodeBuilder,729
Mon Sep 02 16:03:37 EDT 2019 org.apache.commons.lang3.builder.HashCodeBuilder,730
Mon Sep 02 16:03:38 EDT 2019 org.apache.commons.lang3.builder.HashCodeBuilder,732
Mon Sep 02 16:03:39 EDT 2019 org.apache.commons.lang3.builder.HashCodeBuilder,733
Mon Sep 02 16:03:40 EDT 2019 org.apache.commons.lang3.builder.HashCodeBuilder,736
Mon Sep 02 16:03:41 EDT 2019 org.apache.commons.lang3.builder.HashCodeBuilder,749
Mon Sep 02 16:04:07 EDT 2019 org.apache.commons.lang3.builder.HashCodeBuilder,750
Mon Sep 02 16:04:08 EDT 2019 org.apache.commons.lang3.builder.HashCodeBuilder,763
Mon Sep 02 16:04:08 EDT 2019 org.apache.commons.lang3.builder.HashCodeBuilder,764
Mon Sep 02 16:04:09 EDT 2019 org.apache.commons.lang3.builder.HashCodeBuilder,766
Mon Sep 02 16:04:10 EDT 2019 org.apache.commons.lang3.builder.HashCodeBuilder,767
Mon Sep 02 16:04:11 EDT 2019 org.apache.commons.lang3.builder.HashCodeBuilder,770
Mon Sep 02 16:04:11 EDT 2019 org.apache.commons.lang3.builder.HashCodeBuilder,783
Mon Sep 02 16:04:12 EDT 2019 org.apache.commons.lang3.builder.HashCodeBuilder,784
Mon Sep 02 16:04:13 EDT 2019 org.apache.commons.lang3.builder.HashCodeBuilder,797
Mon Sep 02 16:04:14 EDT 2019 org.apache.commons.lang3.builder.HashCodeBuilder,798
Mon Sep 02 16:04:15 EDT 2019 org.apache.commons.lang3.builder.HashCodeBuilder,800
Mon Sep 02 16:04:15 EDT 2019 org.apache.commons.lang3.builder.HashCodeBuilder,801
Mon Sep 02 16:04:16 EDT 2019 org.apache.commons.lang3.builder.HashCodeBuilder,804
Mon Sep 02 16:04:17 EDT 2019 org.apache.commons.lang3.builder.HashCodeBuilder,821
Mon Sep 02 16:04:44 EDT 2019 org.apache.commons.lang3.builder.HashCodeBuilder,822
Mon Sep 02 16:04:44 EDT 2019 org.apache.commons.lang3.builder.HashCodeBuilder,835
Mon Sep 02 16:04:45 EDT 2019 org.apache.commons.lang3.builder.HashCodeBuilder,836
Mon Sep 02 16:04:46 EDT 2019 org.apache.commons.lang3.builder.HashCodeBuilder,838
Mon Sep 02 16:04:47 EDT 2019 org.apache.commons.lang3.builder.HashCodeBuilder,839
Mon Sep 02 16:04:48 EDT 2019 org.apache.commons.lang3.builder.HashCodeBuilder,842
Mon Sep 02 16:04:48 EDT 2019 org.apache.commons.lang3.builder.HashCodeBuilder,856
Mon Sep 02 16:04:50 EDT 2019 org.apache.commons.lang3.builder.HashCodeBuilder,862
Mon Sep 02 16:04:51 EDT 2019 org.apache.commons.lang3.builder.HashCodeBuilder,863
Mon Sep 02 16:04:54 EDT 2019 org.apache.commons.lang3.builder.HashCodeBuilder,864
Mon Sep 02 16:04:55 EDT 2019 org.apache.commons.lang3.builder.HashCodeBuilder,865
Mon Sep 02 16:04:57 EDT 2019 org.apache.commons.lang3.builder.HashCodeBuilder,866
Mon Sep 02 16:04:58 EDT 2019 org.apache.commons.lang3.builder.HashCodeBuilder,867
Mon Sep 02 16:05:01 EDT 2019 org.apache.commons.lang3.builder.HashCodeBuilder,868
Mon Sep 02 16:05:01 EDT 2019 org.apache.commons.lang3.builder.HashCodeBuilder,869
Mon Sep 02 16:05:04 EDT 2019 org.apache.commons.lang3.builder.HashCodeBuilder,870
Mon Sep 02 16:05:04 EDT 2019 org.apache.commons.lang3.builder.HashCodeBuilder,871
Mon Sep 02 16:05:05 EDT 2019 org.apache.commons.lang3.builder.HashCodeBuilder,872
Mon Sep 02 16:05:05 EDT 2019 org.apache.commons.lang3.builder.HashCodeBuilder,873
Mon Sep 02 16:05:06 EDT 2019 org.apache.commons.lang3.builder.HashCodeBuilder,874
Mon Sep 02 16:05:07 EDT 2019 org.apache.commons.lang3.builder.HashCodeBuilder,875
Mon Sep 02 16:05:07 EDT 2019 org.apache.commons.lang3.builder.HashCodeBuilder,876
Mon Sep 02 16:05:09 EDT 2019 org.apache.commons.lang3.builder.HashCodeBuilder,877
Mon Sep 02 16:05:09 EDT 2019 org.apache.commons.lang3.builder.HashCodeBuilder,880
Mon Sep 02 16:05:10 EDT 2019 org.apache.commons.lang3.builder.HashCodeBuilder,899
Mon Sep 02 16:05:11 EDT 2019 org.apache.commons.lang3.builder.HashCodeBuilder,900
Mon Sep 02 16:05:12 EDT 2019 org.apache.commons.lang3.builder.HashCodeBuilder,902
Mon Sep 02 16:05:13 EDT 2019 org.apache.commons.lang3.builder.HashCodeBuilder,903
Mon Sep 02 16:05:13 EDT 2019 org.apache.commons.lang3.builder.HashCodeBuilder,906
Mon Sep 02 16:05:14 EDT 2019 org.apache.commons.lang3.builder.HashCodeBuilder,919
Mon Sep 02 16:05:14 EDT 2019 org.apache.commons.lang3.builder.HashCodeBuilder,920
Mon Sep 02 16:05:15 EDT 2019 org.apache.commons.lang3.builder.HashCodeBuilder,933
Mon Sep 02 16:05:15 EDT 2019 org.apache.commons.lang3.builder.HashCodeBuilder,934
Mon Sep 02 16:05:16 EDT 2019 org.apache.commons.lang3.builder.HashCodeBuilder,936
Mon Sep 02 16:05:17 EDT 2019 org.apache.commons.lang3.builder.HashCodeBuilder,937
Mon Sep 02 16:05:18 EDT 2019 org.apache.commons.lang3.builder.HashCodeBuilder,940
Mon Sep 02 16:05:18 EDT 2019 org.apache.commons.lang3.builder.HashCodeBuilder,954
Mon Sep 02 16:05:58 EDT 2019 org.apache.commons.lang3.builder.HashCodeBuilder,955
Mon Sep 02 16:05:59 EDT 2019 org.apache.commons.lang3.builder.HashCodeBuilder,979
Mon Sep 02 16:06:02 EDT 2019 org.apache.commons.lang3.builder.IDKey,66
Mon Sep 02 16:06:03 EDT 2019 org.apache.commons.lang3.builder.IDKey,70
Mon Sep 02 16:06:03 EDT 2019 org.apache.commons.lang3.ArrayUtils,144
Mon Sep 02 16:06:06 EDT 2019 Mon Sep 02 16:06:06 EDT 2019 : org.apache.commons.lang3.ArrayUtils,145=>Find no block
Mon Sep 02 16:06:07 EDT 2019 org.apache.commons.lang3.ArrayUtils,161
Mon Sep 02 16:07:19 EDT 2019 org.apache.commons.lang3.ArrayUtils,177
Mon Sep 02 16:08:31 EDT 2019 org.apache.commons.lang3.ArrayUtils,178
Mon Sep 02 16:08:32 EDT 2019 org.apache.commons.lang3.ArrayUtils,180
Mon Sep 02 16:11:13 EDT 2019 org.apache.commons.lang3.ArrayUtils,194
Mon Sep 02 16:11:16 EDT 2019 org.apache.commons.lang3.ArrayUtils,225
Mon Sep 02 16:11:19 EDT 2019 org.apache.commons.lang3.ArrayUtils,226
Mon Sep 02 16:11:20 EDT 2019 org.apache.commons.lang3.ArrayUtils,228
Mon Sep 02 16:12:35 EDT 2019 org.apache.commons.lang3.ArrayUtils,229
Mon Sep 02 16:24:32 EDT 2019 org.apache.commons.lang3.ArrayUtils,230
Mon Sep 02 16:24:37 EDT 2019 org.apache.commons.lang3.ArrayUtils,231
Mon Sep 02 16:24:38 EDT 2019 org.apache.commons.lang3.ArrayUtils,232
Mon Sep 02 16:24:39 EDT 2019 org.apache.commons.lang3.ArrayUtils,233
Mon Sep 02 16:24:40 EDT 2019 org.apache.commons.lang3.ArrayUtils,234
Mon Sep 02 16:24:41 EDT 2019 org.apache.commons.lang3.ArrayUtils,235
Mon Sep 02 16:24:42 EDT 2019 org.apache.commons.lang3.ArrayUtils,236
Mon Sep 02 16:24:43 EDT 2019 org.apache.commons.lang3.ArrayUtils,237
Mon Sep 02 16:24:43 EDT 2019 org.apache.commons.lang3.ArrayUtils,241
Mon Sep 02 16:24:44 EDT 2019 Mon Sep 02 16:24:44 EDT 2019 : org.apache.commons.lang3.ArrayUtils,242=>Find no block
Mon Sep 02 16:24:45 EDT 2019 org.apache.commons.lang3.ArrayUtils,243
Mon Sep 02 16:24:46 EDT 2019 org.apache.commons.lang3.ArrayUtils,248
Failed time : 19/09/02 16:29
Current failed test : org.apache.commons.lang3.builder.HashCodeBuilderTest::testReflectionObjectCycle_purify_2 | 19/09/02 16:29
Mon Sep 02 16:29:48 EDT 2019 org.apache.commons.lang3.builder.HashCodeBuilder,174
Mon Sep 02 16:29:50 EDT 2019 org.apache.commons.lang3.builder.HashCodeBuilder,400
Mon Sep 02 16:29:59 EDT 2019 Mon Sep 02 16:29:59 EDT 2019 : org.apache.commons.lang3.builder.HashCodeBuilder,107=>Find no block
Mon Sep 02 16:30:00 EDT 2019 org.apache.commons.lang3.builder.HashCodeBuilder,137
Mon Sep 02 16:30:08 EDT 2019 org.apache.commons.lang3.builder.HashCodeBuilder,152
Mon Sep 02 16:31:01 EDT 2019 org.apache.commons.lang3.builder.HashCodeBuilder,173
Mon Sep 02 16:31:01 EDT 2019 org.apache.commons.lang3.builder.HashCodeBuilder,177
Mon Sep 02 16:31:52 EDT 2019 org.apache.commons.lang3.builder.HashCodeBuilder,178
Mon Sep 02 16:31:52 EDT 2019 org.apache.commons.lang3.builder.HashCodeBuilder,179
Mon Sep 02 16:36:32 EDT 2019 org.apache.commons.lang3.builder.HashCodeBuilder,180
Mon Sep 02 16:36:32 EDT 2019 org.apache.commons.lang3.builder.HashCodeBuilder,181
Mon Sep 02 16:36:33 EDT 2019 org.apache.commons.lang3.builder.HashCodeBuilder,186
Mon Sep 02 16:36:33 EDT 2019 org.apache.commons.lang3.builder.HashCodeBuilder,187
Mon Sep 02 16:36:34 EDT 2019 Mon Sep 02 16:36:34 EDT 2019 : org.apache.commons.lang3.builder.HashCodeBuilder,192=>Find no block
Mon Sep 02 16:36:35 EDT 2019 org.apache.commons.lang3.builder.HashCodeBuilder,196
Mon Sep 02 16:36:37 EDT 2019 Mon Sep 02 16:36:37 EDT 2019 : org.apache.commons.lang3.builder.HashCodeBuilder,197=>Find no block
Mon Sep 02 16:36:39 EDT 2019 Mon Sep 02 16:36:39 EDT 2019 : org.apache.commons.lang3.builder.HashCodeBuilder,198=>Find no block
Mon Sep 02 16:36:40 EDT 2019 org.apache.commons.lang3.builder.HashCodeBuilder,360
Mon Sep 02 16:41:51 EDT 2019 org.apache.commons.lang3.builder.HashCodeBuilder,361
Mon Sep 02 16:41:52 EDT 2019 org.apache.commons.lang3.builder.HashCodeBuilder,362
Mon Sep 02 16:41:53 EDT 2019 org.apache.commons.lang3.builder.HashCodeBuilder,363
Mon Sep 02 16:41:53 EDT 2019 org.apache.commons.lang3.builder.HashCodeBuilder,364
Mon Sep 02 16:41:55 EDT 2019 org.apache.commons.lang3.builder.HashCodeBuilder,366
Mon Sep 02 16:41:56 EDT 2019 org.apache.commons.lang3.builder.HashCodeBuilder,522
Mon Sep 02 16:42:14 EDT 2019 Mon Sep 02 16:42:14 EDT 2019 : org.apache.commons.lang3.builder.HashCodeBuilder,523=>Find no block
Mon Sep 02 16:42:15 EDT 2019 org.apache.commons.lang3.builder.HashCodeBuilder,538
Mon Sep 02 16:42:29 EDT 2019 Mon Sep 02 16:42:29 EDT 2019 : org.apache.commons.lang3.builder.HashCodeBuilder,539=>Find no block
Mon Sep 02 16:42:29 EDT 2019 Mon Sep 02 16:42:29 EDT 2019 : org.apache.commons.lang3.builder.IDKey,40=>Find no block
Mon Sep 02 16:42:30 EDT 2019 org.apache.commons.lang3.builder.IDKey,42
Mon Sep 02 16:43:39 EDT 2019 org.apache.commons.lang3.builder.IDKey,46
Mon Sep 02 16:43:39 EDT 2019 Mon Sep 02 16:43:39 EDT 2019 : org.apache.commons.lang3.builder.IDKey,47=>Find no block
Mon Sep 02 16:43:40 EDT 2019 org.apache.commons.lang3.builder.IDKey,55
Mon Sep 02 16:43:42 EDT 2019 org.apache.commons.lang3.builder.IDKey,65
Mon Sep 02 16:43:44 EDT 2019 org.apache.commons.lang3.builder.IDKey,68
Mon Sep 02 16:45:47 EDT 2019 org.apache.commons.lang3.builder.IDKey,69
Mon Sep 02 16:45:47 EDT 2019 org.apache.commons.lang3.builder.IDKey,73
Mon Sep 02 16:45:48 EDT 2019 Mon Sep 02 16:45:48 EDT 2019 : org.apache.commons.lang3.ArrayUtils,55=>Find no block
Mon Sep 02 16:45:48 EDT 2019 Mon Sep 02 16:45:48 EDT 2019 : org.apache.commons.lang3.ArrayUtils,59=>Find no block
Mon Sep 02 16:45:50 EDT 2019 Mon Sep 02 16:45:50 EDT 2019 : org.apache.commons.lang3.ArrayUtils,63=>Find no block
Mon Sep 02 16:45:50 EDT 2019 Mon Sep 02 16:45:50 EDT 2019 : org.apache.commons.lang3.ArrayUtils,67=>Find no block
Mon Sep 02 16:45:51 EDT 2019 Mon Sep 02 16:45:51 EDT 2019 : org.apache.commons.lang3.ArrayUtils,71=>Find no block
Mon Sep 02 16:45:52 EDT 2019 Mon Sep 02 16:45:52 EDT 2019 : org.apache.commons.lang3.ArrayUtils,75=>Find no block
Mon Sep 02 16:45:53 EDT 2019 Mon Sep 02 16:45:53 EDT 2019 : org.apache.commons.lang3.ArrayUtils,79=>Find no block
Mon Sep 02 16:45:54 EDT 2019 Mon Sep 02 16:45:54 EDT 2019 : org.apache.commons.lang3.ArrayUtils,83=>Find no block
Mon Sep 02 16:45:55 EDT 2019 Mon Sep 02 16:45:55 EDT 2019 : org.apache.commons.lang3.ArrayUtils,87=>Find no block
Mon Sep 02 16:45:55 EDT 2019 Mon Sep 02 16:45:55 EDT 2019 : org.apache.commons.lang3.ArrayUtils,91=>Find no block
Mon Sep 02 16:45:56 EDT 2019 Mon Sep 02 16:45:56 EDT 2019 : org.apache.commons.lang3.ArrayUtils,95=>Find no block
Mon Sep 02 16:45:57 EDT 2019 Mon Sep 02 16:45:57 EDT 2019 : org.apache.commons.lang3.ArrayUtils,99=>Find no block
Mon Sep 02 16:45:58 EDT 2019 Mon Sep 02 16:45:58 EDT 2019 : org.apache.commons.lang3.ArrayUtils,103=>Find no block
Mon Sep 02 16:45:58 EDT 2019 Mon Sep 02 16:45:58 EDT 2019 : org.apache.commons.lang3.ArrayUtils,107=>Find no block
Mon Sep 02 16:45:59 EDT 2019 Mon Sep 02 16:45:59 EDT 2019 : org.apache.commons.lang3.ArrayUtils,111=>Find no block
Mon Sep 02 16:46:00 EDT 2019 Mon Sep 02 16:46:00 EDT 2019 : org.apache.commons.lang3.ArrayUtils,115=>Find no block
Mon Sep 02 16:46:01 EDT 2019 Mon Sep 02 16:46:01 EDT 2019 : org.apache.commons.lang3.ArrayUtils,119=>Find no block
Mon Sep 02 16:46:02 EDT 2019 Mon Sep 02 16:46:02 EDT 2019 : org.apache.commons.lang3.ArrayUtils,123=>Find no block
Mon Sep 02 16:46:03 EDT 2019 Mon Sep 02 16:46:03 EDT 2019 : org.apache.commons.lang3.ArrayUtils,127=>Find no block
Mon Sep 02 16:46:04 EDT 2019 org.apache.commons.lang3.ArrayUtils,1627
Mon Sep 02 16:46:44 EDT 2019 org.apache.commons.lang3.ArrayUtils,1645
Mon Sep 02 16:47:18 EDT 2019 org.apache.commons.lang3.ArrayUtils,1646
Mon Sep 02 16:47:19 EDT 2019 org.apache.commons.lang3.ArrayUtils,1730
Mon Sep 02 16:47:44 EDT 2019 org.apache.commons.lang3.builder.HashCodeBuilder,359
Mon Sep 02 16:47:45 EDT 2019 org.apache.commons.lang3.builder.HashCodeBuilder,356
Mon Sep 02 16:47:46 EDT 2019 org.apache.commons.lang3.builder.HashCodeBuilder,883
Mon Sep 02 16:47:49 EDT 2019 org.apache.commons.lang3.builder.HashCodeBuilder,855
Mon Sep 02 16:49:14 EDT 2019 org.apache.commons.lang3.builder.HashCodeBuilder,859
Mon Sep 02 16:49:15 EDT 2019 org.apache.commons.lang3.builder.HashCodeBuilder,886
Mon Sep 02 16:50:00 EDT 2019 org.apache.commons.lang3.builder.HashCodeBuilder,585
Mon Sep 02 16:50:39 EDT 2019 org.apache.commons.lang3.builder.HashCodeBuilder,588
Mon Sep 02 16:51:03 EDT 2019 org.apache.commons.lang3.builder.HashCodeBuilder,591
Mon Sep 02 16:52:27 EDT 2019 org.apache.commons.lang3.builder.HashCodeBuilder,592
Mon Sep 02 16:52:28 EDT 2019 Mon Sep 02 16:52:28 EDT 2019 : org.apache.commons.lang3.builder.HashCodeBuilder,593=>Find no block
Mon Sep 02 16:52:29 EDT 2019 org.apache.commons.lang3.builder.HashCodeBuilder,966
Mon Sep 02 16:52:31 EDT 2019 org.apache.commons.lang3.builder.HashCodeBuilder,582
Mon Sep 02 16:53:45 EDT 2019 Mon Sep 02 16:53:45 EDT 2019 : org.apache.commons.lang3.builder.HashCodeBuilder,549=>Find no block
Mon Sep 02 16:53:46 EDT 2019 Mon Sep 02 16:53:46 EDT 2019 : org.apache.commons.lang3.builder.HashCodeBuilder,578=>Find no block
Mon Sep 02 16:53:46 EDT 2019 org.apache.commons.lang3.builder.HashCodeBuilder,579
Mon Sep 02 16:55:34 EDT 2019 Mon Sep 02 16:55:34 EDT 2019 : org.apache.commons.lang3.builder.HashCodeBuilder,104=>Find no block
Mon Sep 02 16:55:34 EDT 2019 Mon Sep 02 16:55:34 EDT 2019 : org.apache.commons.lang3.builder.HashCodeBuilder,104=>Find no block
Mon Sep 02 16:55:34 EDT 2019 Mon Sep 02 16:55:34 EDT 2019 : org.apache.commons.lang3.builder.HashCodeBuilder,556=>Find no block
Mon Sep 02 16:55:35 EDT 2019 org.apache.commons.lang3.builder.HashCodeBuilder,557
Mon Sep 02 16:56:17 EDT 2019 org.apache.commons.lang3.builder.HashCodeBuilder,558
Mon Sep 02 16:56:18 EDT 2019 Mon Sep 02 16:56:18 EDT 2019 : org.apache.commons.lang3.builder.HashCodeBuilder,559=>Find no block
Mon Sep 02 16:56:18 EDT 2019 org.apache.commons.lang3.builder.HashCodeBuilder,580
Mon Sep 02 16:56:19 EDT 2019 org.apache.commons.lang3.builder.HashCodeBuilder,583
Mon Sep 02 16:56:20 EDT 2019 org.apache.commons.lang3.builder.HashCodeBuilder,586
Mon Sep 02 16:56:20 EDT 2019 org.apache.commons.lang3.builder.HashCodeBuilder,589
Mon Sep 02 16:56:21 EDT 2019 Mon Sep 02 16:56:21 EDT 2019 : org.apache.commons.lang3.builder.HashCodeBuilder,188=>Find no block
Mon Sep 02 16:56:21 EDT 2019 org.apache.commons.lang3.builder.HashCodeBuilder,191
Mon Sep 02 16:56:22 EDT 2019 org.apache.commons.lang3.builder.HashCodeBuilder,238
Mon Sep 02 16:56:44 EDT 2019 org.apache.commons.lang3.builder.HashCodeBuilder,282
Mon Sep 02 16:57:14 EDT 2019 org.apache.commons.lang3.builder.HashCodeBuilder,304
Mon Sep 02 16:57:43 EDT 2019 org.apache.commons.lang3.builder.HashCodeBuilder,357
Mon Sep 02 16:57:43 EDT 2019 org.apache.commons.lang3.builder.HashCodeBuilder,436
Mon Sep 02 16:58:09 EDT 2019 org.apache.commons.lang3.builder.HashCodeBuilder,472
Mon Sep 02 16:58:17 EDT 2019 org.apache.commons.lang3.builder.HashCodeBuilder,510
Mon Sep 02 16:58:42 EDT 2019 org.apache.commons.lang3.builder.HashCodeBuilder,610
Mon Sep 02 16:59:07 EDT 2019 org.apache.commons.lang3.builder.HashCodeBuilder,611
Mon Sep 02 16:59:08 EDT 2019 org.apache.commons.lang3.builder.HashCodeBuilder,624
Mon Sep 02 17:02:05 EDT 2019 org.apache.commons.lang3.builder.HashCodeBuilder,625
Mon Sep 02 17:02:06 EDT 2019 org.apache.commons.lang3.builder.HashCodeBuilder,627
Mon Sep 02 17:02:07 EDT 2019 org.apache.commons.lang3.builder.HashCodeBuilder,628
Mon Sep 02 17:02:08 EDT 2019 org.apache.commons.lang3.builder.HashCodeBuilder,631
Mon Sep 02 17:03:11 EDT 2019 org.apache.commons.lang3.builder.HashCodeBuilder,646
Mon Sep 02 17:03:47 EDT 2019 org.apache.commons.lang3.builder.HashCodeBuilder,647
Mon Sep 02 17:03:48 EDT 2019 org.apache.commons.lang3.builder.HashCodeBuilder,662
Mon Sep 02 17:03:49 EDT 2019 org.apache.commons.lang3.builder.HashCodeBuilder,663
Mon Sep 02 17:03:49 EDT 2019 org.apache.commons.lang3.builder.HashCodeBuilder,665
Mon Sep 02 17:03:50 EDT 2019 org.apache.commons.lang3.builder.HashCodeBuilder,666
Mon Sep 02 17:03:51 EDT 2019 org.apache.commons.lang3.builder.HashCodeBuilder,669
Mon Sep 02 17:03:51 EDT 2019 org.apache.commons.lang3.builder.HashCodeBuilder,682
Mon Sep 02 17:03:52 EDT 2019 org.apache.commons.lang3.builder.HashCodeBuilder,683
Mon Sep 02 17:03:52 EDT 2019 org.apache.commons.lang3.builder.HashCodeBuilder,696
Mon Sep 02 17:03:54 EDT 2019 org.apache.commons.lang3.builder.HashCodeBuilder,697
Mon Sep 02 17:03:55 EDT 2019 org.apache.commons.lang3.builder.HashCodeBuilder,699
Mon Sep 02 17:03:56 EDT 2019 org.apache.commons.lang3.builder.HashCodeBuilder,700
Mon Sep 02 17:03:56 EDT 2019 org.apache.commons.lang3.builder.HashCodeBuilder,703
Mon Sep 02 17:03:57 EDT 2019 org.apache.commons.lang3.builder.HashCodeBuilder,716
Mon Sep 02 17:04:01 EDT 2019 org.apache.commons.lang3.builder.HashCodeBuilder,729
Mon Sep 02 17:04:01 EDT 2019 org.apache.commons.lang3.builder.HashCodeBuilder,730
Mon Sep 02 17:04:02 EDT 2019 org.apache.commons.lang3.builder.HashCodeBuilder,732
Mon Sep 02 17:04:03 EDT 2019 org.apache.commons.lang3.builder.HashCodeBuilder,733
Mon Sep 02 17:04:04 EDT 2019 org.apache.commons.lang3.builder.HashCodeBuilder,736
Mon Sep 02 17:04:05 EDT 2019 org.apache.commons.lang3.builder.HashCodeBuilder,749
Mon Sep 02 17:04:30 EDT 2019 org.apache.commons.lang3.builder.HashCodeBuilder,750
Mon Sep 02 17:04:31 EDT 2019 org.apache.commons.lang3.builder.HashCodeBuilder,763
Mon Sep 02 17:04:32 EDT 2019 org.apache.commons.lang3.builder.HashCodeBuilder,764
Mon Sep 02 17:04:33 EDT 2019 org.apache.commons.lang3.builder.HashCodeBuilder,766
Mon Sep 02 17:04:33 EDT 2019 org.apache.commons.lang3.builder.HashCodeBuilder,767
Mon Sep 02 17:04:33 EDT 2019 org.apache.commons.lang3.builder.HashCodeBuilder,770
Mon Sep 02 17:04:34 EDT 2019 org.apache.commons.lang3.builder.HashCodeBuilder,783
Mon Sep 02 17:04:35 EDT 2019 org.apache.commons.lang3.builder.HashCodeBuilder,784
Mon Sep 02 17:04:36 EDT 2019 org.apache.commons.lang3.builder.HashCodeBuilder,797
Mon Sep 02 17:04:37 EDT 2019 org.apache.commons.lang3.builder.HashCodeBuilder,798
Mon Sep 02 17:04:37 EDT 2019 org.apache.commons.lang3.builder.HashCodeBuilder,800
Mon Sep 02 17:04:38 EDT 2019 org.apache.commons.lang3.builder.HashCodeBuilder,801
Mon Sep 02 17:04:39 EDT 2019 org.apache.commons.lang3.builder.HashCodeBuilder,804
Mon Sep 02 17:04:40 EDT 2019 org.apache.commons.lang3.builder.HashCodeBuilder,821
Mon Sep 02 17:05:06 EDT 2019 org.apache.commons.lang3.builder.HashCodeBuilder,822
Mon Sep 02 17:05:07 EDT 2019 org.apache.commons.lang3.builder.HashCodeBuilder,835
Mon Sep 02 17:05:09 EDT 2019 org.apache.commons.lang3.builder.HashCodeBuilder,836
Mon Sep 02 17:05:10 EDT 2019 org.apache.commons.lang3.builder.HashCodeBuilder,838
Mon Sep 02 17:05:11 EDT 2019 org.apache.commons.lang3.builder.HashCodeBuilder,839
Mon Sep 02 17:05:12 EDT 2019 org.apache.commons.lang3.builder.HashCodeBuilder,842
Mon Sep 02 17:05:14 EDT 2019 org.apache.commons.lang3.builder.HashCodeBuilder,856
Mon Sep 02 17:05:16 EDT 2019 org.apache.commons.lang3.builder.HashCodeBuilder,862
Mon Sep 02 17:05:16 EDT 2019 org.apache.commons.lang3.builder.HashCodeBuilder,863
Mon Sep 02 17:05:19 EDT 2019 org.apache.commons.lang3.builder.HashCodeBuilder,864
Mon Sep 02 17:05:19 EDT 2019 org.apache.commons.lang3.builder.HashCodeBuilder,865
Mon Sep 02 17:05:22 EDT 2019 org.apache.commons.lang3.builder.HashCodeBuilder,866
Mon Sep 02 17:05:23 EDT 2019 org.apache.commons.lang3.builder.HashCodeBuilder,867
Mon Sep 02 17:05:25 EDT 2019 org.apache.commons.lang3.builder.HashCodeBuilder,868
Mon Sep 02 17:05:26 EDT 2019 org.apache.commons.lang3.builder.HashCodeBuilder,869
Mon Sep 02 17:05:28 EDT 2019 org.apache.commons.lang3.builder.HashCodeBuilder,870
Mon Sep 02 17:05:29 EDT 2019 org.apache.commons.lang3.builder.HashCodeBuilder,871
Mon Sep 02 17:05:29 EDT 2019 org.apache.commons.lang3.builder.HashCodeBuilder,872
Mon Sep 02 17:05:30 EDT 2019 org.apache.commons.lang3.builder.HashCodeBuilder,873
Mon Sep 02 17:05:31 EDT 2019 org.apache.commons.lang3.builder.HashCodeBuilder,874
Mon Sep 02 17:05:32 EDT 2019 org.apache.commons.lang3.builder.HashCodeBuilder,875
Mon Sep 02 17:05:32 EDT 2019 org.apache.commons.lang3.builder.HashCodeBuilder,876
Mon Sep 02 17:05:33 EDT 2019 org.apache.commons.lang3.builder.HashCodeBuilder,877
Mon Sep 02 17:05:33 EDT 2019 org.apache.commons.lang3.builder.HashCodeBuilder,880
Mon Sep 02 17:05:34 EDT 2019 org.apache.commons.lang3.builder.HashCodeBuilder,899
Mon Sep 02 17:05:34 EDT 2019 org.apache.commons.lang3.builder.HashCodeBuilder,900
Mon Sep 02 17:05:35 EDT 2019 org.apache.commons.lang3.builder.HashCodeBuilder,902
Mon Sep 02 17:05:35 EDT 2019 org.apache.commons.lang3.builder.HashCodeBuilder,903
Mon Sep 02 17:05:35 EDT 2019 org.apache.commons.lang3.builder.HashCodeBuilder,906
Mon Sep 02 17:05:36 EDT 2019 org.apache.commons.lang3.builder.HashCodeBuilder,919
Mon Sep 02 17:05:37 EDT 2019 org.apache.commons.lang3.builder.HashCodeBuilder,920
Mon Sep 02 17:05:37 EDT 2019 org.apache.commons.lang3.builder.HashCodeBuilder,933
Mon Sep 02 17:05:38 EDT 2019 org.apache.commons.lang3.builder.HashCodeBuilder,934
Mon Sep 02 17:05:39 EDT 2019 org.apache.commons.lang3.builder.HashCodeBuilder,936
Mon Sep 02 17:05:39 EDT 2019 org.apache.commons.lang3.builder.HashCodeBuilder,937
Mon Sep 02 17:05:40 EDT 2019 org.apache.commons.lang3.builder.HashCodeBuilder,940
Mon Sep 02 17:05:40 EDT 2019 org.apache.commons.lang3.builder.HashCodeBuilder,954
Mon Sep 02 17:06:19 EDT 2019 org.apache.commons.lang3.builder.HashCodeBuilder,955
Mon Sep 02 17:06:20 EDT 2019 org.apache.commons.lang3.builder.HashCodeBuilder,979
Mon Sep 02 17:06:23 EDT 2019 org.apache.commons.lang3.builder.IDKey,66
Mon Sep 02 17:06:23 EDT 2019 org.apache.commons.lang3.builder.IDKey,70
Mon Sep 02 17:06:24 EDT 2019 org.apache.commons.lang3.ArrayUtils,144
Mon Sep 02 17:06:26 EDT 2019 Mon Sep 02 17:06:26 EDT 2019 : org.apache.commons.lang3.ArrayUtils,145=>Find no block
Mon Sep 02 17:06:26 EDT 2019 org.apache.commons.lang3.ArrayUtils,161
Mon Sep 02 17:07:34 EDT 2019 org.apache.commons.lang3.ArrayUtils,177
Mon Sep 02 17:08:42 EDT 2019 org.apache.commons.lang3.ArrayUtils,178
Mon Sep 02 17:08:42 EDT 2019 org.apache.commons.lang3.ArrayUtils,180
Mon Sep 02 17:11:16 EDT 2019 org.apache.commons.lang3.ArrayUtils,194
Mon Sep 02 17:11:18 EDT 2019 org.apache.commons.lang3.ArrayUtils,225
Mon Sep 02 17:11:20 EDT 2019 org.apache.commons.lang3.ArrayUtils,226
Mon Sep 02 17:11:21 EDT 2019 org.apache.commons.lang3.ArrayUtils,228
Mon Sep 02 17:12:29 EDT 2019 org.apache.commons.lang3.ArrayUtils,229
Mon Sep 02 17:24:18 EDT 2019 org.apache.commons.lang3.ArrayUtils,230
Mon Sep 02 17:24:22 EDT 2019 org.apache.commons.lang3.ArrayUtils,231
Mon Sep 02 17:24:22 EDT 2019 org.apache.commons.lang3.ArrayUtils,232
Mon Sep 02 17:24:24 EDT 2019 org.apache.commons.lang3.ArrayUtils,233
Mon Sep 02 17:24:25 EDT 2019 org.apache.commons.lang3.ArrayUtils,234
Mon Sep 02 17:24:25 EDT 2019 org.apache.commons.lang3.ArrayUtils,235
Mon Sep 02 17:24:26 EDT 2019 org.apache.commons.lang3.ArrayUtils,236
Mon Sep 02 17:24:27 EDT 2019 org.apache.commons.lang3.ArrayUtils,237
Mon Sep 02 17:24:28 EDT 2019 org.apache.commons.lang3.ArrayUtils,241
Mon Sep 02 17:24:28 EDT 2019 Mon Sep 02 17:24:28 EDT 2019 : org.apache.commons.lang3.ArrayUtils,242=>Find no block
Mon Sep 02 17:24:30 EDT 2019 org.apache.commons.lang3.ArrayUtils,243
Mon Sep 02 17:24:30 EDT 2019 org.apache.commons.lang3.ArrayUtils,248
Failed time : 19/09/02 17:29
