=================================================
Project : lang_34	start : 19/09/02 15:24
Current failed test : org.apache.commons.lang3.builder.ToStringBuilderTest::testSelfInstanceVarReflectionObjectCycle | 19/09/02 15:28
Mon Sep 02 15:28:59 EDT 2019 org.apache.commons.lang3.builder.ToStringBuilder,155
Mon Sep 02 15:30:03 EDT 2019 org.apache.commons.lang3.builder.ReflectionToStringBuilder,123
Mon Sep 02 15:30:30 EDT 2019 org.apache.commons.lang3.builder.ToStringStyle,923
Timeout time : 19/09/02 16:10
Current failed test : org.apache.commons.lang3.builder.ToStringBuilderTest::testSimpleReflectionObjectCycle | 19/09/02 16:10
Mon Sep 02 16:11:29 EDT 2019 org.apache.commons.lang3.builder.ToStringBuilder,155
Mon Sep 02 16:12:34 EDT 2019 org.apache.commons.lang3.builder.ReflectionToStringBuilder,123
Mon Sep 02 16:12:54 EDT 2019 org.apache.commons.lang3.builder.ToStringStyle,923
Timeout time : 19/09/02 16:53
Current failed test : org.apache.commons.lang3.builder.ToStringBuilderTest::testReflectionArrayCycle | 19/09/02 16:53
Mon Sep 02 16:54:14 EDT 2019 org.apache.commons.lang3.builder.ToStringBuilder,155
Mon Sep 02 16:55:35 EDT 2019 org.apache.commons.lang3.builder.ReflectionToStringBuilder,123
Mon Sep 02 16:55:59 EDT 2019 org.apache.commons.lang3.builder.ToStringStyle,923
Timeout time : 19/09/02 17:36
Current failed test : org.apache.commons.lang3.builder.ToStringBuilderTest::testSelfInstanceTwoVarsReflectionObjectCycle | 19/09/02 17:36
Mon Sep 02 17:36:44 EDT 2019 org.apache.commons.lang3.builder.ToStringBuilder,155
Mon Sep 02 17:37:53 EDT 2019 org.apache.commons.lang3.builder.ReflectionToStringBuilder,123
Mon Sep 02 17:38:15 EDT 2019 org.apache.commons.lang3.builder.ToStringStyle,923
Timeout time : 19/09/02 18:18
Current failed test : org.apache.commons.lang3.builder.ToStringBuilderTest::testObjectCycle | 19/09/02 18:18
Mon Sep 02 18:19:17 EDT 2019 org.apache.commons.lang3.builder.ToStringBuilder,155
Mon Sep 02 18:20:28 EDT 2019 org.apache.commons.lang3.builder.ReflectionToStringBuilder,123
Mon Sep 02 18:20:52 EDT 2019 org.apache.commons.lang3.builder.ToStringStyle,923
Timeout time : 19/09/02 19:01
Current failed test : org.apache.commons.lang3.builder.ToStringBuilderTest::testReflectionArrayArrayCycle | 19/09/02 19:01
Mon Sep 02 19:02:07 EDT 2019 org.apache.commons.lang3.builder.ToStringBuilder,155
Mon Sep 02 19:03:26 EDT 2019 org.apache.commons.lang3.builder.ReflectionToStringBuilder,123
Mon Sep 02 19:03:52 EDT 2019 org.apache.commons.lang3.builder.ToStringStyle,923
Timeout time : 19/09/02 19:44
Current failed test : org.apache.commons.lang3.builder.ToStringBuilderTest::testReflectionObjectCycle | 19/09/02 19:44
Mon Sep 02 19:44:40 EDT 2019 org.apache.commons.lang3.builder.ToStringBuilder,155
Mon Sep 02 19:45:46 EDT 2019 org.apache.commons.lang3.builder.ReflectionToStringBuilder,123
Mon Sep 02 19:46:07 EDT 2019 org.apache.commons.lang3.builder.ToStringStyle,923
Timeout time : 19/09/02 20:26
