=================================================
Project : lang_35	start : 19/09/02 15:24
Current failed test : org.apache.commons.lang3.ArrayUtilsAddTest::testLANG571_purify_1 | 19/09/02 15:25
Mon Sep 02 15:26:18 EDT 2019 org.apache.commons.lang3.ArrayUtils,3292
Mon Sep 02 15:27:03 EDT 2019 org.apache.commons.lang3.ArrayUtils,3295
Mon Sep 02 15:27:03 EDT 2019 org.apache.commons.lang3.ArrayUtils,3290
Mon Sep 02 15:27:34 EDT 2019 Mon Sep 02 15:27:34 EDT 2019 : org.apache.commons.lang3.ArrayUtils,3298=>Find no block
Mon Sep 02 15:27:34 EDT 2019 org.apache.commons.lang3.ArrayUtils,3299
Mon Sep 02 15:29:50 EDT 2019 org.apache.commons.lang3.ArrayUtils,3300
Mon Sep 02 15:29:50 EDT 2019 org.apache.commons.lang3.ArrayUtils,3535
Mon Sep 02 15:33:34 EDT 2019 org.apache.commons.lang3.ArrayUtils,3529
Mon Sep 02 15:36:08 EDT 2019 Mon Sep 02 15:36:08 EDT 2019 : org.apache.commons.lang3.ArrayUtils,54=>Find no block
Mon Sep 02 15:36:09 EDT 2019 Mon Sep 02 15:36:09 EDT 2019 : org.apache.commons.lang3.ArrayUtils,58=>Find no block
Mon Sep 02 15:36:10 EDT 2019 Mon Sep 02 15:36:10 EDT 2019 : org.apache.commons.lang3.ArrayUtils,62=>Find no block
Mon Sep 02 15:36:11 EDT 2019 Mon Sep 02 15:36:11 EDT 2019 : org.apache.commons.lang3.ArrayUtils,66=>Find no block
Mon Sep 02 15:36:11 EDT 2019 Mon Sep 02 15:36:11 EDT 2019 : org.apache.commons.lang3.ArrayUtils,70=>Find no block
Mon Sep 02 15:36:12 EDT 2019 Mon Sep 02 15:36:12 EDT 2019 : org.apache.commons.lang3.ArrayUtils,74=>Find no block
Mon Sep 02 15:36:13 EDT 2019 Mon Sep 02 15:36:13 EDT 2019 : org.apache.commons.lang3.ArrayUtils,78=>Find no block
Mon Sep 02 15:36:14 EDT 2019 Mon Sep 02 15:36:14 EDT 2019 : org.apache.commons.lang3.ArrayUtils,82=>Find no block
Mon Sep 02 15:36:15 EDT 2019 Mon Sep 02 15:36:15 EDT 2019 : org.apache.commons.lang3.ArrayUtils,86=>Find no block
Mon Sep 02 15:36:15 EDT 2019 Mon Sep 02 15:36:15 EDT 2019 : org.apache.commons.lang3.ArrayUtils,90=>Find no block
Mon Sep 02 15:36:15 EDT 2019 Mon Sep 02 15:36:15 EDT 2019 : org.apache.commons.lang3.ArrayUtils,94=>Find no block
Mon Sep 02 15:36:16 EDT 2019 Mon Sep 02 15:36:16 EDT 2019 : org.apache.commons.lang3.ArrayUtils,98=>Find no block
Mon Sep 02 15:36:17 EDT 2019 Mon Sep 02 15:36:17 EDT 2019 : org.apache.commons.lang3.ArrayUtils,102=>Find no block
Mon Sep 02 15:36:17 EDT 2019 Mon Sep 02 15:36:17 EDT 2019 : org.apache.commons.lang3.ArrayUtils,106=>Find no block
Mon Sep 02 15:36:18 EDT 2019 Mon Sep 02 15:36:18 EDT 2019 : org.apache.commons.lang3.ArrayUtils,110=>Find no block
Mon Sep 02 15:36:19 EDT 2019 Mon Sep 02 15:36:19 EDT 2019 : org.apache.commons.lang3.ArrayUtils,114=>Find no block
Mon Sep 02 15:36:19 EDT 2019 Mon Sep 02 15:36:19 EDT 2019 : org.apache.commons.lang3.ArrayUtils,118=>Find no block
Mon Sep 02 15:36:20 EDT 2019 Mon Sep 02 15:36:20 EDT 2019 : org.apache.commons.lang3.ArrayUtils,122=>Find no block
Mon Sep 02 15:36:20 EDT 2019 Mon Sep 02 15:36:20 EDT 2019 : org.apache.commons.lang3.ArrayUtils,126=>Find no block
Mon Sep 02 15:36:21 EDT 2019 org.apache.commons.lang3.ArrayUtils,143
Mon Sep 02 15:36:23 EDT 2019 Mon Sep 02 15:36:23 EDT 2019 : org.apache.commons.lang3.ArrayUtils,144=>Find no block
Mon Sep 02 15:36:24 EDT 2019 org.apache.commons.lang3.ArrayUtils,160
Mon Sep 02 15:37:34 EDT 2019 org.apache.commons.lang3.ArrayUtils,176
Mon Sep 02 15:38:43 EDT 2019 org.apache.commons.lang3.ArrayUtils,177
Mon Sep 02 15:38:44 EDT 2019 org.apache.commons.lang3.ArrayUtils,179
Mon Sep 02 15:41:10 EDT 2019 org.apache.commons.lang3.ArrayUtils,193
Mon Sep 02 15:41:13 EDT 2019 org.apache.commons.lang3.ArrayUtils,224
Mon Sep 02 15:41:16 EDT 2019 org.apache.commons.lang3.ArrayUtils,225
Mon Sep 02 15:41:16 EDT 2019 org.apache.commons.lang3.ArrayUtils,227
Mon Sep 02 15:42:23 EDT 2019 org.apache.commons.lang3.ArrayUtils,228
Mon Sep 02 15:53:14 EDT 2019 org.apache.commons.lang3.ArrayUtils,229
Mon Sep 02 15:53:25 EDT 2019 org.apache.commons.lang3.ArrayUtils,230
Mon Sep 02 15:53:25 EDT 2019 org.apache.commons.lang3.ArrayUtils,231
Mon Sep 02 15:53:29 EDT 2019 org.apache.commons.lang3.ArrayUtils,232
Mon Sep 02 15:53:31 EDT 2019 org.apache.commons.lang3.ArrayUtils,233
Mon Sep 02 15:53:34 EDT 2019 org.apache.commons.lang3.ArrayUtils,234
Mon Sep 02 15:53:38 EDT 2019 org.apache.commons.lang3.ArrayUtils,235
Mon Sep 02 15:53:39 EDT 2019 org.apache.commons.lang3.ArrayUtils,236
Mon Sep 02 15:53:40 EDT 2019 org.apache.commons.lang3.ArrayUtils,240
Mon Sep 02 15:53:46 EDT 2019 Mon Sep 02 15:53:46 EDT 2019 : org.apache.commons.lang3.ArrayUtils,241=>Find no block
Mon Sep 02 15:53:46 EDT 2019 org.apache.commons.lang3.ArrayUtils,242
Mon Sep 02 15:53:47 EDT 2019 org.apache.commons.lang3.ArrayUtils,247
Mon Sep 02 15:58:44 EDT 2019 org.apache.commons.lang3.ArrayUtils,292
Mon Sep 02 15:58:52 EDT 2019 org.apache.commons.lang3.ArrayUtils,310
Mon Sep 02 15:58:57 EDT 2019 org.apache.commons.lang3.ArrayUtils,311
Mon Sep 02 15:58:57 EDT 2019 org.apache.commons.lang3.ArrayUtils,313
Mon Sep 02 15:59:50 EDT 2019 org.apache.commons.lang3.ArrayUtils,326
Mon Sep 02 15:59:50 EDT 2019 org.apache.commons.lang3.ArrayUtils,327
Mon Sep 02 15:59:50 EDT 2019 org.apache.commons.lang3.ArrayUtils,329
Mon Sep 02 15:59:52 EDT 2019 org.apache.commons.lang3.ArrayUtils,342
Mon Sep 02 15:59:52 EDT 2019 org.apache.commons.lang3.ArrayUtils,343
Mon Sep 02 15:59:52 EDT 2019 org.apache.commons.lang3.ArrayUtils,345
Mon Sep 02 15:59:53 EDT 2019 org.apache.commons.lang3.ArrayUtils,358
Mon Sep 02 15:59:54 EDT 2019 org.apache.commons.lang3.ArrayUtils,359
Mon Sep 02 15:59:55 EDT 2019 org.apache.commons.lang3.ArrayUtils,361
Mon Sep 02 15:59:55 EDT 2019 org.apache.commons.lang3.ArrayUtils,374
Mon Sep 02 15:59:55 EDT 2019 org.apache.commons.lang3.ArrayUtils,375
Mon Sep 02 15:59:56 EDT 2019 org.apache.commons.lang3.ArrayUtils,377
Mon Sep 02 15:59:56 EDT 2019 org.apache.commons.lang3.ArrayUtils,390
Mon Sep 02 15:59:58 EDT 2019 org.apache.commons.lang3.ArrayUtils,391
Mon Sep 02 15:59:58 EDT 2019 org.apache.commons.lang3.ArrayUtils,393
Mon Sep 02 15:59:59 EDT 2019 org.apache.commons.lang3.ArrayUtils,406
Mon Sep 02 15:59:59 EDT 2019 org.apache.commons.lang3.ArrayUtils,407
Mon Sep 02 16:00:00 EDT 2019 org.apache.commons.lang3.ArrayUtils,409
Mon Sep 02 16:00:01 EDT 2019 org.apache.commons.lang3.ArrayUtils,422
Mon Sep 02 16:00:02 EDT 2019 org.apache.commons.lang3.ArrayUtils,423
Mon Sep 02 16:00:02 EDT 2019 org.apache.commons.lang3.ArrayUtils,425
Mon Sep 02 16:00:03 EDT 2019 org.apache.commons.lang3.ArrayUtils,438
Mon Sep 02 16:00:03 EDT 2019 org.apache.commons.lang3.ArrayUtils,439
Mon Sep 02 16:00:04 EDT 2019 org.apache.commons.lang3.ArrayUtils,441
Mon Sep 02 16:00:05 EDT 2019 org.apache.commons.lang3.ArrayUtils,474
Mon Sep 02 16:00:06 EDT 2019 org.apache.commons.lang3.ArrayUtils,475
Mon Sep 02 16:00:06 EDT 2019 org.apache.commons.lang3.ArrayUtils,477
Mon Sep 02 16:00:54 EDT 2019 org.apache.commons.lang3.ArrayUtils,478
Mon Sep 02 16:00:54 EDT 2019 org.apache.commons.lang3.ArrayUtils,480
Mon Sep 02 16:04:00 EDT 2019 org.apache.commons.lang3.ArrayUtils,481
Mon Sep 02 16:04:01 EDT 2019 org.apache.commons.lang3.ArrayUtils,483
Mon Sep 02 16:11:09 EDT 2019 org.apache.commons.lang3.ArrayUtils,484
Mon Sep 02 16:12:42 EDT 2019 org.apache.commons.lang3.ArrayUtils,485
Mon Sep 02 16:14:36 EDT 2019 Mon Sep 02 16:14:36 EDT 2019 : org.apache.commons.lang3.ArrayUtils,487=>Find no block
Mon Sep 02 16:14:37 EDT 2019 org.apache.commons.lang3.ArrayUtils,488
Mon Sep 02 16:14:37 EDT 2019 Mon Sep 02 16:14:37 EDT 2019 : org.apache.commons.lang3.ArrayUtils,491=>Find no block
Mon Sep 02 16:14:38 EDT 2019 org.apache.commons.lang3.ArrayUtils,492
Mon Sep 02 16:21:08 EDT 2019 org.apache.commons.lang3.ArrayUtils,493
Mon Sep 02 16:21:09 EDT 2019 org.apache.commons.lang3.ArrayUtils,516
Mon Sep 02 16:21:09 EDT 2019 org.apache.commons.lang3.ArrayUtils,517
Mon Sep 02 16:21:10 EDT 2019 org.apache.commons.lang3.ArrayUtils,519
Mon Sep 02 16:21:11 EDT 2019 org.apache.commons.lang3.ArrayUtils,520
Mon Sep 02 16:21:12 EDT 2019 org.apache.commons.lang3.ArrayUtils,522
Mon Sep 02 16:21:12 EDT 2019 org.apache.commons.lang3.ArrayUtils,523
Mon Sep 02 16:21:13 EDT 2019 org.apache.commons.lang3.ArrayUtils,525
Mon Sep 02 16:26:47 EDT 2019 org.apache.commons.lang3.ArrayUtils,526
Mon Sep 02 16:26:47 EDT 2019 org.apache.commons.lang3.ArrayUtils,527
Mon Sep 02 16:26:48 EDT 2019 org.apache.commons.lang3.ArrayUtils,530
Mon Sep 02 16:33:40 EDT 2019 org.apache.commons.lang3.ArrayUtils,531
Mon Sep 02 16:40:21 EDT 2019 org.apache.commons.lang3.ArrayUtils,532
Mon Sep 02 16:40:22 EDT 2019 org.apache.commons.lang3.ArrayUtils,555
Mon Sep 02 16:40:23 EDT 2019 org.apache.commons.lang3.ArrayUtils,556
Mon Sep 02 16:40:23 EDT 2019 org.apache.commons.lang3.ArrayUtils,558
Mon Sep 02 16:40:24 EDT 2019 org.apache.commons.lang3.ArrayUtils,559
Mon Sep 02 16:40:25 EDT 2019 org.apache.commons.lang3.ArrayUtils,561
Mon Sep 02 16:40:25 EDT 2019 org.apache.commons.lang3.ArrayUtils,562
Mon Sep 02 16:40:25 EDT 2019 org.apache.commons.lang3.ArrayUtils,564
Mon Sep 02 16:46:10 EDT 2019 org.apache.commons.lang3.ArrayUtils,565
Mon Sep 02 16:46:11 EDT 2019 org.apache.commons.lang3.ArrayUtils,566
Mon Sep 02 16:46:11 EDT 2019 org.apache.commons.lang3.ArrayUtils,569
Mon Sep 02 16:54:05 EDT 2019 org.apache.commons.lang3.ArrayUtils,570
Mon Sep 02 17:01:48 EDT 2019 org.apache.commons.lang3.ArrayUtils,571
Mon Sep 02 17:01:49 EDT 2019 org.apache.commons.lang3.ArrayUtils,594
Mon Sep 02 17:01:49 EDT 2019 org.apache.commons.lang3.ArrayUtils,595
Mon Sep 02 17:01:50 EDT 2019 org.apache.commons.lang3.ArrayUtils,597
Mon Sep 02 17:01:50 EDT 2019 org.apache.commons.lang3.ArrayUtils,598
Mon Sep 02 17:01:51 EDT 2019 org.apache.commons.lang3.ArrayUtils,600
Mon Sep 02 17:01:52 EDT 2019 org.apache.commons.lang3.ArrayUtils,601
Mon Sep 02 17:01:53 EDT 2019 org.apache.commons.lang3.ArrayUtils,603
Mon Sep 02 17:08:23 EDT 2019 org.apache.commons.lang3.ArrayUtils,604
Mon Sep 02 17:08:23 EDT 2019 org.apache.commons.lang3.ArrayUtils,605
Mon Sep 02 17:08:24 EDT 2019 org.apache.commons.lang3.ArrayUtils,608
Mon Sep 02 17:16:00 EDT 2019 org.apache.commons.lang3.ArrayUtils,609
Mon Sep 02 17:23:17 EDT 2019 org.apache.commons.lang3.ArrayUtils,610
Mon Sep 02 17:23:17 EDT 2019 org.apache.commons.lang3.ArrayUtils,633
Mon Sep 02 17:23:18 EDT 2019 org.apache.commons.lang3.ArrayUtils,634
Mon Sep 02 17:23:18 EDT 2019 org.apache.commons.lang3.ArrayUtils,636
Mon Sep 02 17:23:18 EDT 2019 org.apache.commons.lang3.ArrayUtils,637
Mon Sep 02 17:23:19 EDT 2019 org.apache.commons.lang3.ArrayUtils,639
Mon Sep 02 17:23:20 EDT 2019 org.apache.commons.lang3.ArrayUtils,640
Mon Sep 02 17:23:20 EDT 2019 org.apache.commons.lang3.ArrayUtils,642
Mon Sep 02 17:29:19 EDT 2019 org.apache.commons.lang3.ArrayUtils,643
Mon Sep 02 17:29:20 EDT 2019 org.apache.commons.lang3.ArrayUtils,644
Mon Sep 02 17:29:20 EDT 2019 org.apache.commons.lang3.ArrayUtils,647
Mon Sep 02 17:34:49 EDT 2019 org.apache.commons.lang3.ArrayUtils,648
Mon Sep 02 17:40:53 EDT 2019 org.apache.commons.lang3.ArrayUtils,649
Mon Sep 02 17:40:54 EDT 2019 org.apache.commons.lang3.ArrayUtils,672
Mon Sep 02 17:40:54 EDT 2019 org.apache.commons.lang3.ArrayUtils,673
Mon Sep 02 17:40:55 EDT 2019 org.apache.commons.lang3.ArrayUtils,675
Mon Sep 02 17:40:55 EDT 2019 org.apache.commons.lang3.ArrayUtils,676
Mon Sep 02 17:40:56 EDT 2019 org.apache.commons.lang3.ArrayUtils,678
Mon Sep 02 17:40:56 EDT 2019 org.apache.commons.lang3.ArrayUtils,679
Mon Sep 02 17:40:57 EDT 2019 org.apache.commons.lang3.ArrayUtils,681
Mon Sep 02 17:47:01 EDT 2019 org.apache.commons.lang3.ArrayUtils,682
Mon Sep 02 17:47:02 EDT 2019 org.apache.commons.lang3.ArrayUtils,683
Mon Sep 02 17:47:03 EDT 2019 org.apache.commons.lang3.ArrayUtils,686
Mon Sep 02 17:54:30 EDT 2019 org.apache.commons.lang3.ArrayUtils,687
Timeout time : 19/09/02 17:56
Current failed test : org.apache.commons.lang3.ArrayUtilsAddTest::testLANG571_purify_2 | 19/09/02 17:56
Mon Sep 02 17:56:52 EDT 2019 org.apache.commons.lang3.ArrayUtils,3292
Mon Sep 02 17:57:35 EDT 2019 org.apache.commons.lang3.ArrayUtils,3295
Mon Sep 02 17:57:35 EDT 2019 org.apache.commons.lang3.ArrayUtils,3290
Mon Sep 02 17:58:08 EDT 2019 Mon Sep 02 17:58:08 EDT 2019 : org.apache.commons.lang3.ArrayUtils,3298=>Find no block
Mon Sep 02 17:58:10 EDT 2019 org.apache.commons.lang3.ArrayUtils,3299
Mon Sep 02 18:00:40 EDT 2019 org.apache.commons.lang3.ArrayUtils,3300
Mon Sep 02 18:00:40 EDT 2019 org.apache.commons.lang3.ArrayUtils,3535
Mon Sep 02 18:04:46 EDT 2019 org.apache.commons.lang3.ArrayUtils,3529
Mon Sep 02 18:07:24 EDT 2019 Mon Sep 02 18:07:24 EDT 2019 : org.apache.commons.lang3.ArrayUtils,54=>Find no block
Mon Sep 02 18:07:25 EDT 2019 Mon Sep 02 18:07:25 EDT 2019 : org.apache.commons.lang3.ArrayUtils,58=>Find no block
Mon Sep 02 18:07:25 EDT 2019 Mon Sep 02 18:07:25 EDT 2019 : org.apache.commons.lang3.ArrayUtils,62=>Find no block
Mon Sep 02 18:07:26 EDT 2019 Mon Sep 02 18:07:26 EDT 2019 : org.apache.commons.lang3.ArrayUtils,66=>Find no block
Mon Sep 02 18:07:27 EDT 2019 Mon Sep 02 18:07:27 EDT 2019 : org.apache.commons.lang3.ArrayUtils,70=>Find no block
Mon Sep 02 18:07:28 EDT 2019 Mon Sep 02 18:07:28 EDT 2019 : org.apache.commons.lang3.ArrayUtils,74=>Find no block
Mon Sep 02 18:07:29 EDT 2019 Mon Sep 02 18:07:29 EDT 2019 : org.apache.commons.lang3.ArrayUtils,78=>Find no block
Mon Sep 02 18:07:30 EDT 2019 Mon Sep 02 18:07:30 EDT 2019 : org.apache.commons.lang3.ArrayUtils,82=>Find no block
Mon Sep 02 18:07:31 EDT 2019 Mon Sep 02 18:07:31 EDT 2019 : org.apache.commons.lang3.ArrayUtils,86=>Find no block
Mon Sep 02 18:07:32 EDT 2019 Mon Sep 02 18:07:32 EDT 2019 : org.apache.commons.lang3.ArrayUtils,90=>Find no block
Mon Sep 02 18:07:33 EDT 2019 Mon Sep 02 18:07:33 EDT 2019 : org.apache.commons.lang3.ArrayUtils,94=>Find no block
Mon Sep 02 18:07:33 EDT 2019 Mon Sep 02 18:07:33 EDT 2019 : org.apache.commons.lang3.ArrayUtils,98=>Find no block
Mon Sep 02 18:07:34 EDT 2019 Mon Sep 02 18:07:34 EDT 2019 : org.apache.commons.lang3.ArrayUtils,102=>Find no block
Mon Sep 02 18:07:34 EDT 2019 Mon Sep 02 18:07:34 EDT 2019 : org.apache.commons.lang3.ArrayUtils,106=>Find no block
Mon Sep 02 18:07:35 EDT 2019 Mon Sep 02 18:07:35 EDT 2019 : org.apache.commons.lang3.ArrayUtils,110=>Find no block
Mon Sep 02 18:07:35 EDT 2019 Mon Sep 02 18:07:35 EDT 2019 : org.apache.commons.lang3.ArrayUtils,114=>Find no block
Mon Sep 02 18:07:36 EDT 2019 Mon Sep 02 18:07:36 EDT 2019 : org.apache.commons.lang3.ArrayUtils,118=>Find no block
Mon Sep 02 18:07:37 EDT 2019 Mon Sep 02 18:07:37 EDT 2019 : org.apache.commons.lang3.ArrayUtils,122=>Find no block
Mon Sep 02 18:07:39 EDT 2019 Mon Sep 02 18:07:39 EDT 2019 : org.apache.commons.lang3.ArrayUtils,126=>Find no block
Mon Sep 02 18:07:40 EDT 2019 org.apache.commons.lang3.ArrayUtils,143
Mon Sep 02 18:07:41 EDT 2019 Mon Sep 02 18:07:41 EDT 2019 : org.apache.commons.lang3.ArrayUtils,144=>Find no block
Mon Sep 02 18:07:42 EDT 2019 org.apache.commons.lang3.ArrayUtils,160
Mon Sep 02 18:08:53 EDT 2019 org.apache.commons.lang3.ArrayUtils,176
Mon Sep 02 18:10:10 EDT 2019 org.apache.commons.lang3.ArrayUtils,177
Mon Sep 02 18:10:10 EDT 2019 org.apache.commons.lang3.ArrayUtils,179
Mon Sep 02 18:12:42 EDT 2019 org.apache.commons.lang3.ArrayUtils,193
Mon Sep 02 18:12:45 EDT 2019 org.apache.commons.lang3.ArrayUtils,224
Mon Sep 02 18:12:47 EDT 2019 org.apache.commons.lang3.ArrayUtils,225
Mon Sep 02 18:12:48 EDT 2019 org.apache.commons.lang3.ArrayUtils,227
Mon Sep 02 18:13:55 EDT 2019 org.apache.commons.lang3.ArrayUtils,228
Mon Sep 02 18:24:45 EDT 2019 org.apache.commons.lang3.ArrayUtils,229
Mon Sep 02 18:24:50 EDT 2019 org.apache.commons.lang3.ArrayUtils,230
Mon Sep 02 18:24:50 EDT 2019 org.apache.commons.lang3.ArrayUtils,231
Mon Sep 02 18:24:51 EDT 2019 org.apache.commons.lang3.ArrayUtils,232
Mon Sep 02 18:24:52 EDT 2019 org.apache.commons.lang3.ArrayUtils,233
Mon Sep 02 18:24:53 EDT 2019 org.apache.commons.lang3.ArrayUtils,234
Mon Sep 02 18:24:53 EDT 2019 org.apache.commons.lang3.ArrayUtils,235
Mon Sep 02 18:24:54 EDT 2019 org.apache.commons.lang3.ArrayUtils,236
Mon Sep 02 18:24:55 EDT 2019 org.apache.commons.lang3.ArrayUtils,240
Mon Sep 02 18:24:56 EDT 2019 Mon Sep 02 18:24:56 EDT 2019 : org.apache.commons.lang3.ArrayUtils,241=>Find no block
Mon Sep 02 18:24:56 EDT 2019 org.apache.commons.lang3.ArrayUtils,242
Mon Sep 02 18:24:57 EDT 2019 org.apache.commons.lang3.ArrayUtils,247
Mon Sep 02 18:29:40 EDT 2019 org.apache.commons.lang3.ArrayUtils,292
Mon Sep 02 18:29:42 EDT 2019 org.apache.commons.lang3.ArrayUtils,310
Mon Sep 02 18:29:42 EDT 2019 org.apache.commons.lang3.ArrayUtils,311
Mon Sep 02 18:29:43 EDT 2019 org.apache.commons.lang3.ArrayUtils,313
Mon Sep 02 18:30:30 EDT 2019 org.apache.commons.lang3.ArrayUtils,326
Mon Sep 02 18:30:31 EDT 2019 org.apache.commons.lang3.ArrayUtils,327
Mon Sep 02 18:30:31 EDT 2019 org.apache.commons.lang3.ArrayUtils,329
Mon Sep 02 18:30:32 EDT 2019 org.apache.commons.lang3.ArrayUtils,342
Mon Sep 02 18:30:33 EDT 2019 org.apache.commons.lang3.ArrayUtils,343
Mon Sep 02 18:30:33 EDT 2019 org.apache.commons.lang3.ArrayUtils,345
Mon Sep 02 18:30:34 EDT 2019 org.apache.commons.lang3.ArrayUtils,358
Mon Sep 02 18:30:34 EDT 2019 org.apache.commons.lang3.ArrayUtils,359
Mon Sep 02 18:30:35 EDT 2019 org.apache.commons.lang3.ArrayUtils,361
Mon Sep 02 18:30:36 EDT 2019 org.apache.commons.lang3.ArrayUtils,374
Mon Sep 02 18:30:36 EDT 2019 org.apache.commons.lang3.ArrayUtils,375
Mon Sep 02 18:30:36 EDT 2019 org.apache.commons.lang3.ArrayUtils,377
Mon Sep 02 18:30:37 EDT 2019 org.apache.commons.lang3.ArrayUtils,390
Mon Sep 02 18:30:38 EDT 2019 org.apache.commons.lang3.ArrayUtils,391
Mon Sep 02 18:30:38 EDT 2019 org.apache.commons.lang3.ArrayUtils,393
Mon Sep 02 18:30:39 EDT 2019 org.apache.commons.lang3.ArrayUtils,406
Mon Sep 02 18:30:40 EDT 2019 org.apache.commons.lang3.ArrayUtils,407
Mon Sep 02 18:30:40 EDT 2019 org.apache.commons.lang3.ArrayUtils,409
Mon Sep 02 18:30:41 EDT 2019 org.apache.commons.lang3.ArrayUtils,422
Mon Sep 02 18:30:42 EDT 2019 org.apache.commons.lang3.ArrayUtils,423
Mon Sep 02 18:30:43 EDT 2019 org.apache.commons.lang3.ArrayUtils,425
Mon Sep 02 18:30:43 EDT 2019 org.apache.commons.lang3.ArrayUtils,438
Mon Sep 02 18:30:44 EDT 2019 org.apache.commons.lang3.ArrayUtils,439
Mon Sep 02 18:30:45 EDT 2019 org.apache.commons.lang3.ArrayUtils,441
Mon Sep 02 18:30:46 EDT 2019 org.apache.commons.lang3.ArrayUtils,474
Mon Sep 02 18:30:46 EDT 2019 org.apache.commons.lang3.ArrayUtils,475
Mon Sep 02 18:30:47 EDT 2019 org.apache.commons.lang3.ArrayUtils,477
Mon Sep 02 18:31:31 EDT 2019 org.apache.commons.lang3.ArrayUtils,478
Mon Sep 02 18:31:32 EDT 2019 org.apache.commons.lang3.ArrayUtils,480
Mon Sep 02 18:34:38 EDT 2019 org.apache.commons.lang3.ArrayUtils,481
Mon Sep 02 18:34:39 EDT 2019 org.apache.commons.lang3.ArrayUtils,483
Mon Sep 02 18:42:01 EDT 2019 org.apache.commons.lang3.ArrayUtils,484
Mon Sep 02 18:43:44 EDT 2019 org.apache.commons.lang3.ArrayUtils,485
Mon Sep 02 18:45:53 EDT 2019 Mon Sep 02 18:45:53 EDT 2019 : org.apache.commons.lang3.ArrayUtils,487=>Find no block
Mon Sep 02 18:45:53 EDT 2019 org.apache.commons.lang3.ArrayUtils,488
Mon Sep 02 18:45:54 EDT 2019 Mon Sep 02 18:45:54 EDT 2019 : org.apache.commons.lang3.ArrayUtils,491=>Find no block
Mon Sep 02 18:45:54 EDT 2019 org.apache.commons.lang3.ArrayUtils,492
Mon Sep 02 18:53:54 EDT 2019 org.apache.commons.lang3.ArrayUtils,493
Mon Sep 02 18:53:56 EDT 2019 org.apache.commons.lang3.ArrayUtils,516
Mon Sep 02 18:53:58 EDT 2019 org.apache.commons.lang3.ArrayUtils,517
Mon Sep 02 18:53:59 EDT 2019 org.apache.commons.lang3.ArrayUtils,519
Mon Sep 02 18:54:00 EDT 2019 org.apache.commons.lang3.ArrayUtils,520
Mon Sep 02 18:54:00 EDT 2019 org.apache.commons.lang3.ArrayUtils,522
Mon Sep 02 18:54:02 EDT 2019 org.apache.commons.lang3.ArrayUtils,523
Mon Sep 02 18:54:04 EDT 2019 org.apache.commons.lang3.ArrayUtils,525
Mon Sep 02 19:00:57 EDT 2019 org.apache.commons.lang3.ArrayUtils,526
Mon Sep 02 19:00:58 EDT 2019 org.apache.commons.lang3.ArrayUtils,527
Mon Sep 02 19:00:59 EDT 2019 org.apache.commons.lang3.ArrayUtils,530
Mon Sep 02 19:09:45 EDT 2019 org.apache.commons.lang3.ArrayUtils,531
Mon Sep 02 19:17:22 EDT 2019 org.apache.commons.lang3.ArrayUtils,532
Mon Sep 02 19:17:23 EDT 2019 org.apache.commons.lang3.ArrayUtils,555
Mon Sep 02 19:17:24 EDT 2019 org.apache.commons.lang3.ArrayUtils,556
Mon Sep 02 19:17:24 EDT 2019 org.apache.commons.lang3.ArrayUtils,558
Mon Sep 02 19:17:25 EDT 2019 org.apache.commons.lang3.ArrayUtils,559
Mon Sep 02 19:17:25 EDT 2019 org.apache.commons.lang3.ArrayUtils,561
Mon Sep 02 19:17:27 EDT 2019 org.apache.commons.lang3.ArrayUtils,562
Mon Sep 02 19:17:27 EDT 2019 org.apache.commons.lang3.ArrayUtils,564
Mon Sep 02 19:23:40 EDT 2019 org.apache.commons.lang3.ArrayUtils,565
Mon Sep 02 19:23:40 EDT 2019 org.apache.commons.lang3.ArrayUtils,566
Mon Sep 02 19:23:40 EDT 2019 org.apache.commons.lang3.ArrayUtils,569
Mon Sep 02 19:30:59 EDT 2019 org.apache.commons.lang3.ArrayUtils,570
Mon Sep 02 19:37:38 EDT 2019 org.apache.commons.lang3.ArrayUtils,571
Mon Sep 02 19:37:39 EDT 2019 org.apache.commons.lang3.ArrayUtils,594
Mon Sep 02 19:37:39 EDT 2019 org.apache.commons.lang3.ArrayUtils,595
Mon Sep 02 19:37:40 EDT 2019 org.apache.commons.lang3.ArrayUtils,597
Mon Sep 02 19:37:41 EDT 2019 org.apache.commons.lang3.ArrayUtils,598
Mon Sep 02 19:37:41 EDT 2019 org.apache.commons.lang3.ArrayUtils,600
Mon Sep 02 19:37:41 EDT 2019 org.apache.commons.lang3.ArrayUtils,601
Mon Sep 02 19:37:42 EDT 2019 org.apache.commons.lang3.ArrayUtils,603
Mon Sep 02 19:43:30 EDT 2019 org.apache.commons.lang3.ArrayUtils,604
Mon Sep 02 19:43:30 EDT 2019 org.apache.commons.lang3.ArrayUtils,605
Mon Sep 02 19:43:31 EDT 2019 org.apache.commons.lang3.ArrayUtils,608
Mon Sep 02 19:50:38 EDT 2019 org.apache.commons.lang3.ArrayUtils,609
Mon Sep 02 19:57:12 EDT 2019 org.apache.commons.lang3.ArrayUtils,610
Mon Sep 02 19:57:12 EDT 2019 org.apache.commons.lang3.ArrayUtils,633
Mon Sep 02 19:57:13 EDT 2019 org.apache.commons.lang3.ArrayUtils,634
Mon Sep 02 19:57:13 EDT 2019 org.apache.commons.lang3.ArrayUtils,636
Mon Sep 02 19:57:14 EDT 2019 org.apache.commons.lang3.ArrayUtils,637
Mon Sep 02 19:57:15 EDT 2019 org.apache.commons.lang3.ArrayUtils,639
Mon Sep 02 19:57:15 EDT 2019 org.apache.commons.lang3.ArrayUtils,640
Mon Sep 02 19:57:16 EDT 2019 org.apache.commons.lang3.ArrayUtils,642
Mon Sep 02 20:02:56 EDT 2019 org.apache.commons.lang3.ArrayUtils,643
Mon Sep 02 20:02:57 EDT 2019 org.apache.commons.lang3.ArrayUtils,644
Mon Sep 02 20:02:57 EDT 2019 org.apache.commons.lang3.ArrayUtils,647
Mon Sep 02 20:07:56 EDT 2019 org.apache.commons.lang3.ArrayUtils,648
Mon Sep 02 20:12:52 EDT 2019 org.apache.commons.lang3.ArrayUtils,649
Mon Sep 02 20:12:52 EDT 2019 org.apache.commons.lang3.ArrayUtils,672
Mon Sep 02 20:12:52 EDT 2019 org.apache.commons.lang3.ArrayUtils,673
Mon Sep 02 20:12:53 EDT 2019 org.apache.commons.lang3.ArrayUtils,675
Mon Sep 02 20:12:53 EDT 2019 org.apache.commons.lang3.ArrayUtils,676
Mon Sep 02 20:12:54 EDT 2019 org.apache.commons.lang3.ArrayUtils,678
Mon Sep 02 20:12:54 EDT 2019 org.apache.commons.lang3.ArrayUtils,679
Mon Sep 02 20:12:54 EDT 2019 org.apache.commons.lang3.ArrayUtils,681
Mon Sep 02 20:18:02 EDT 2019 org.apache.commons.lang3.ArrayUtils,682
Mon Sep 02 20:18:02 EDT 2019 org.apache.commons.lang3.ArrayUtils,683
Mon Sep 02 20:18:03 EDT 2019 org.apache.commons.lang3.ArrayUtils,686
Mon Sep 02 20:24:02 EDT 2019 org.apache.commons.lang3.ArrayUtils,687
Timeout time : 19/09/02 20:26
