=================================================
Project : lang_37	start : 19/09/02 15:24
Current failed test : org.apache.commons.lang3.ArrayUtilsAddTest::testJira567 | 19/09/02 15:25
Mon Sep 02 15:25:47 EDT 2019 org.apache.commons.lang3.ArrayUtils,2954
Mon Sep 02 15:27:20 EDT 2019 org.apache.commons.lang3.ArrayUtils,2956
Mon Sep 02 15:27:21 EDT 2019 org.apache.commons.lang3.ArrayUtils,2959
Mon Sep 02 15:41:06 EDT 2019 org.apache.commons.lang3.ArrayUtils,2960
Mon Sep 02 15:41:06 EDT 2019 org.apache.commons.lang3.ArrayUtils,2961
Mon Sep 02 15:41:07 EDT 2019 org.apache.commons.lang3.ArrayUtils,2962
Mon Sep 02 15:41:08 EDT 2019 org.apache.commons.lang3.ArrayUtils,2964
Mon Sep 02 15:41:08 EDT 2019 Mon Sep 02 15:41:08 EDT 2019 : org.apache.commons.lang3.ArrayUtils,54=>Find no block
Mon Sep 02 15:41:09 EDT 2019 Mon Sep 02 15:41:09 EDT 2019 : org.apache.commons.lang3.ArrayUtils,58=>Find no block
Mon Sep 02 15:41:10 EDT 2019 Mon Sep 02 15:41:10 EDT 2019 : org.apache.commons.lang3.ArrayUtils,62=>Find no block
Mon Sep 02 15:41:11 EDT 2019 Mon Sep 02 15:41:11 EDT 2019 : org.apache.commons.lang3.ArrayUtils,66=>Find no block
Mon Sep 02 15:41:12 EDT 2019 Mon Sep 02 15:41:12 EDT 2019 : org.apache.commons.lang3.ArrayUtils,70=>Find no block
Mon Sep 02 15:41:13 EDT 2019 Mon Sep 02 15:41:13 EDT 2019 : org.apache.commons.lang3.ArrayUtils,74=>Find no block
Mon Sep 02 15:41:13 EDT 2019 Mon Sep 02 15:41:13 EDT 2019 : org.apache.commons.lang3.ArrayUtils,78=>Find no block
Mon Sep 02 15:41:14 EDT 2019 Mon Sep 02 15:41:14 EDT 2019 : org.apache.commons.lang3.ArrayUtils,82=>Find no block
Mon Sep 02 15:41:15 EDT 2019 Mon Sep 02 15:41:15 EDT 2019 : org.apache.commons.lang3.ArrayUtils,86=>Find no block
Mon Sep 02 15:41:16 EDT 2019 Mon Sep 02 15:41:16 EDT 2019 : org.apache.commons.lang3.ArrayUtils,90=>Find no block
Mon Sep 02 15:41:16 EDT 2019 Mon Sep 02 15:41:16 EDT 2019 : org.apache.commons.lang3.ArrayUtils,94=>Find no block
Mon Sep 02 15:41:17 EDT 2019 Mon Sep 02 15:41:17 EDT 2019 : org.apache.commons.lang3.ArrayUtils,98=>Find no block
Mon Sep 02 15:41:17 EDT 2019 Mon Sep 02 15:41:17 EDT 2019 : org.apache.commons.lang3.ArrayUtils,102=>Find no block
Mon Sep 02 15:41:18 EDT 2019 Mon Sep 02 15:41:18 EDT 2019 : org.apache.commons.lang3.ArrayUtils,106=>Find no block
Mon Sep 02 15:41:18 EDT 2019 Mon Sep 02 15:41:18 EDT 2019 : org.apache.commons.lang3.ArrayUtils,110=>Find no block
Mon Sep 02 15:41:19 EDT 2019 Mon Sep 02 15:41:19 EDT 2019 : org.apache.commons.lang3.ArrayUtils,114=>Find no block
Mon Sep 02 15:41:20 EDT 2019 Mon Sep 02 15:41:20 EDT 2019 : org.apache.commons.lang3.ArrayUtils,118=>Find no block
Mon Sep 02 15:41:21 EDT 2019 Mon Sep 02 15:41:21 EDT 2019 : org.apache.commons.lang3.ArrayUtils,122=>Find no block
Mon Sep 02 15:41:21 EDT 2019 Mon Sep 02 15:41:21 EDT 2019 : org.apache.commons.lang3.ArrayUtils,126=>Find no block
Mon Sep 02 15:41:22 EDT 2019 org.apache.commons.lang3.ArrayUtils,143
Mon Sep 02 15:41:24 EDT 2019 Mon Sep 02 15:41:24 EDT 2019 : org.apache.commons.lang3.ArrayUtils,144=>Find no block
Mon Sep 02 15:41:25 EDT 2019 org.apache.commons.lang3.ArrayUtils,160
Mon Sep 02 15:42:31 EDT 2019 org.apache.commons.lang3.ArrayUtils,176
Mon Sep 02 15:43:47 EDT 2019 org.apache.commons.lang3.ArrayUtils,177
Mon Sep 02 15:43:47 EDT 2019 org.apache.commons.lang3.ArrayUtils,179
Mon Sep 02 15:46:19 EDT 2019 org.apache.commons.lang3.ArrayUtils,193
Mon Sep 02 15:46:24 EDT 2019 org.apache.commons.lang3.ArrayUtils,224
Mon Sep 02 15:46:29 EDT 2019 org.apache.commons.lang3.ArrayUtils,225
Mon Sep 02 15:46:30 EDT 2019 org.apache.commons.lang3.ArrayUtils,227
Mon Sep 02 15:47:43 EDT 2019 org.apache.commons.lang3.ArrayUtils,228
Mon Sep 02 15:58:49 EDT 2019 org.apache.commons.lang3.ArrayUtils,229
Mon Sep 02 15:58:59 EDT 2019 org.apache.commons.lang3.ArrayUtils,230
Mon Sep 02 15:59:00 EDT 2019 org.apache.commons.lang3.ArrayUtils,231
Mon Sep 02 15:59:01 EDT 2019 org.apache.commons.lang3.ArrayUtils,232
Mon Sep 02 15:59:01 EDT 2019 org.apache.commons.lang3.ArrayUtils,233
Mon Sep 02 15:59:02 EDT 2019 org.apache.commons.lang3.ArrayUtils,234
Mon Sep 02 15:59:03 EDT 2019 org.apache.commons.lang3.ArrayUtils,235
Mon Sep 02 15:59:03 EDT 2019 org.apache.commons.lang3.ArrayUtils,236
Mon Sep 02 15:59:05 EDT 2019 org.apache.commons.lang3.ArrayUtils,240
Mon Sep 02 15:59:05 EDT 2019 Mon Sep 02 15:59:05 EDT 2019 : org.apache.commons.lang3.ArrayUtils,241=>Find no block
Mon Sep 02 15:59:06 EDT 2019 org.apache.commons.lang3.ArrayUtils,242
Mon Sep 02 15:59:06 EDT 2019 org.apache.commons.lang3.ArrayUtils,247
Mon Sep 02 16:03:45 EDT 2019 org.apache.commons.lang3.ArrayUtils,265
Mon Sep 02 16:03:46 EDT 2019 org.apache.commons.lang3.ArrayUtils,266
Mon Sep 02 16:03:46 EDT 2019 org.apache.commons.lang3.ArrayUtils,268
Mon Sep 02 16:04:37 EDT 2019 org.apache.commons.lang3.ArrayUtils,281
Mon Sep 02 16:04:37 EDT 2019 org.apache.commons.lang3.ArrayUtils,282
Mon Sep 02 16:04:38 EDT 2019 org.apache.commons.lang3.ArrayUtils,284
Mon Sep 02 16:04:38 EDT 2019 org.apache.commons.lang3.ArrayUtils,297
Mon Sep 02 16:04:40 EDT 2019 org.apache.commons.lang3.ArrayUtils,298
Mon Sep 02 16:04:41 EDT 2019 org.apache.commons.lang3.ArrayUtils,300
Mon Sep 02 16:04:41 EDT 2019 org.apache.commons.lang3.ArrayUtils,313
Mon Sep 02 16:04:42 EDT 2019 org.apache.commons.lang3.ArrayUtils,314
Mon Sep 02 16:04:43 EDT 2019 org.apache.commons.lang3.ArrayUtils,316
Mon Sep 02 16:04:44 EDT 2019 org.apache.commons.lang3.ArrayUtils,329
Mon Sep 02 16:04:45 EDT 2019 org.apache.commons.lang3.ArrayUtils,330
Mon Sep 02 16:04:46 EDT 2019 org.apache.commons.lang3.ArrayUtils,332
Mon Sep 02 16:04:46 EDT 2019 org.apache.commons.lang3.ArrayUtils,345
Mon Sep 02 16:04:46 EDT 2019 org.apache.commons.lang3.ArrayUtils,346
Mon Sep 02 16:04:47 EDT 2019 org.apache.commons.lang3.ArrayUtils,348
Mon Sep 02 16:04:47 EDT 2019 org.apache.commons.lang3.ArrayUtils,361
Mon Sep 02 16:04:49 EDT 2019 org.apache.commons.lang3.ArrayUtils,362
Mon Sep 02 16:04:49 EDT 2019 org.apache.commons.lang3.ArrayUtils,364
Mon Sep 02 16:04:50 EDT 2019 org.apache.commons.lang3.ArrayUtils,377
Mon Sep 02 16:04:51 EDT 2019 org.apache.commons.lang3.ArrayUtils,378
Mon Sep 02 16:04:51 EDT 2019 org.apache.commons.lang3.ArrayUtils,380
Mon Sep 02 16:04:52 EDT 2019 org.apache.commons.lang3.ArrayUtils,393
Mon Sep 02 16:04:53 EDT 2019 org.apache.commons.lang3.ArrayUtils,394
Mon Sep 02 16:04:54 EDT 2019 org.apache.commons.lang3.ArrayUtils,396
Mon Sep 02 16:04:54 EDT 2019 org.apache.commons.lang3.ArrayUtils,430
Mon Sep 02 16:04:56 EDT 2019 org.apache.commons.lang3.ArrayUtils,431
Mon Sep 02 16:04:56 EDT 2019 org.apache.commons.lang3.ArrayUtils,433
Mon Sep 02 16:05:40 EDT 2019 org.apache.commons.lang3.ArrayUtils,434
Mon Sep 02 16:05:40 EDT 2019 org.apache.commons.lang3.ArrayUtils,436
Mon Sep 02 16:08:36 EDT 2019 org.apache.commons.lang3.ArrayUtils,437
Mon Sep 02 16:08:36 EDT 2019 org.apache.commons.lang3.ArrayUtils,439
Mon Sep 02 16:15:23 EDT 2019 org.apache.commons.lang3.ArrayUtils,440
Mon Sep 02 16:17:00 EDT 2019 org.apache.commons.lang3.ArrayUtils,441
Mon Sep 02 16:18:03 EDT 2019 org.apache.commons.lang3.ArrayUtils,442
Mon Sep 02 16:18:03 EDT 2019 org.apache.commons.lang3.ArrayUtils,444
Mon Sep 02 16:24:23 EDT 2019 org.apache.commons.lang3.ArrayUtils,445
Mon Sep 02 16:30:35 EDT 2019 org.apache.commons.lang3.ArrayUtils,446
Mon Sep 02 16:30:36 EDT 2019 org.apache.commons.lang3.ArrayUtils,469
Mon Sep 02 16:30:36 EDT 2019 org.apache.commons.lang3.ArrayUtils,470
Mon Sep 02 16:30:37 EDT 2019 org.apache.commons.lang3.ArrayUtils,472
Mon Sep 02 16:30:37 EDT 2019 org.apache.commons.lang3.ArrayUtils,473
Mon Sep 02 16:30:37 EDT 2019 org.apache.commons.lang3.ArrayUtils,475
Mon Sep 02 16:30:37 EDT 2019 org.apache.commons.lang3.ArrayUtils,476
Mon Sep 02 16:30:38 EDT 2019 org.apache.commons.lang3.ArrayUtils,478
Mon Sep 02 16:36:34 EDT 2019 org.apache.commons.lang3.ArrayUtils,479
Mon Sep 02 16:36:34 EDT 2019 org.apache.commons.lang3.ArrayUtils,480
Mon Sep 02 16:36:35 EDT 2019 org.apache.commons.lang3.ArrayUtils,483
Mon Sep 02 16:43:32 EDT 2019 org.apache.commons.lang3.ArrayUtils,484
Mon Sep 02 16:50:30 EDT 2019 org.apache.commons.lang3.ArrayUtils,485
Mon Sep 02 16:50:31 EDT 2019 org.apache.commons.lang3.ArrayUtils,508
Mon Sep 02 16:50:32 EDT 2019 org.apache.commons.lang3.ArrayUtils,509
Mon Sep 02 16:50:33 EDT 2019 org.apache.commons.lang3.ArrayUtils,511
Mon Sep 02 16:50:34 EDT 2019 org.apache.commons.lang3.ArrayUtils,512
Mon Sep 02 16:50:35 EDT 2019 org.apache.commons.lang3.ArrayUtils,514
Mon Sep 02 16:50:36 EDT 2019 org.apache.commons.lang3.ArrayUtils,515
Mon Sep 02 16:50:36 EDT 2019 org.apache.commons.lang3.ArrayUtils,517
Mon Sep 02 16:57:20 EDT 2019 org.apache.commons.lang3.ArrayUtils,518
Mon Sep 02 16:57:22 EDT 2019 org.apache.commons.lang3.ArrayUtils,519
Mon Sep 02 16:57:22 EDT 2019 org.apache.commons.lang3.ArrayUtils,522
Mon Sep 02 17:05:33 EDT 2019 org.apache.commons.lang3.ArrayUtils,523
Mon Sep 02 17:12:41 EDT 2019 org.apache.commons.lang3.ArrayUtils,524
Mon Sep 02 17:12:42 EDT 2019 org.apache.commons.lang3.ArrayUtils,547
Mon Sep 02 17:12:43 EDT 2019 org.apache.commons.lang3.ArrayUtils,548
Mon Sep 02 17:12:43 EDT 2019 org.apache.commons.lang3.ArrayUtils,550
Mon Sep 02 17:12:44 EDT 2019 org.apache.commons.lang3.ArrayUtils,551
Mon Sep 02 17:12:45 EDT 2019 org.apache.commons.lang3.ArrayUtils,553
Mon Sep 02 17:12:45 EDT 2019 org.apache.commons.lang3.ArrayUtils,554
Mon Sep 02 17:12:46 EDT 2019 org.apache.commons.lang3.ArrayUtils,556
Mon Sep 02 17:19:01 EDT 2019 org.apache.commons.lang3.ArrayUtils,557
Mon Sep 02 17:19:01 EDT 2019 org.apache.commons.lang3.ArrayUtils,558
Mon Sep 02 17:19:02 EDT 2019 org.apache.commons.lang3.ArrayUtils,561
Mon Sep 02 17:26:35 EDT 2019 org.apache.commons.lang3.ArrayUtils,562
Mon Sep 02 17:33:23 EDT 2019 org.apache.commons.lang3.ArrayUtils,563
Mon Sep 02 17:33:23 EDT 2019 org.apache.commons.lang3.ArrayUtils,586
Mon Sep 02 17:33:24 EDT 2019 org.apache.commons.lang3.ArrayUtils,587
Mon Sep 02 17:33:25 EDT 2019 org.apache.commons.lang3.ArrayUtils,589
Mon Sep 02 17:33:26 EDT 2019 org.apache.commons.lang3.ArrayUtils,590
Mon Sep 02 17:33:27 EDT 2019 org.apache.commons.lang3.ArrayUtils,592
Mon Sep 02 17:33:28 EDT 2019 org.apache.commons.lang3.ArrayUtils,593
Mon Sep 02 17:33:29 EDT 2019 org.apache.commons.lang3.ArrayUtils,595
Mon Sep 02 17:39:24 EDT 2019 org.apache.commons.lang3.ArrayUtils,596
Mon Sep 02 17:39:25 EDT 2019 org.apache.commons.lang3.ArrayUtils,597
Mon Sep 02 17:39:27 EDT 2019 org.apache.commons.lang3.ArrayUtils,600
Mon Sep 02 17:45:00 EDT 2019 org.apache.commons.lang3.ArrayUtils,601
Mon Sep 02 17:50:55 EDT 2019 org.apache.commons.lang3.ArrayUtils,602
Mon Sep 02 17:50:56 EDT 2019 org.apache.commons.lang3.ArrayUtils,625
Mon Sep 02 17:50:56 EDT 2019 org.apache.commons.lang3.ArrayUtils,626
Mon Sep 02 17:50:57 EDT 2019 org.apache.commons.lang3.ArrayUtils,628
Mon Sep 02 17:50:57 EDT 2019 org.apache.commons.lang3.ArrayUtils,629
Mon Sep 02 17:50:58 EDT 2019 org.apache.commons.lang3.ArrayUtils,631
Mon Sep 02 17:50:58 EDT 2019 org.apache.commons.lang3.ArrayUtils,632
Mon Sep 02 17:50:59 EDT 2019 org.apache.commons.lang3.ArrayUtils,634
Mon Sep 02 17:57:00 EDT 2019 org.apache.commons.lang3.ArrayUtils,635
Mon Sep 02 17:57:01 EDT 2019 org.apache.commons.lang3.ArrayUtils,636
Mon Sep 02 17:57:02 EDT 2019 org.apache.commons.lang3.ArrayUtils,639
Mon Sep 02 18:04:54 EDT 2019 org.apache.commons.lang3.ArrayUtils,640
Mon Sep 02 18:12:09 EDT 2019 org.apache.commons.lang3.ArrayUtils,641
Mon Sep 02 18:12:09 EDT 2019 org.apache.commons.lang3.ArrayUtils,664
Mon Sep 02 18:12:10 EDT 2019 org.apache.commons.lang3.ArrayUtils,665
Mon Sep 02 18:12:10 EDT 2019 org.apache.commons.lang3.ArrayUtils,667
Mon Sep 02 18:12:12 EDT 2019 org.apache.commons.lang3.ArrayUtils,668
Mon Sep 02 18:12:13 EDT 2019 org.apache.commons.lang3.ArrayUtils,670
Mon Sep 02 18:12:13 EDT 2019 org.apache.commons.lang3.ArrayUtils,671
Mon Sep 02 18:12:14 EDT 2019 org.apache.commons.lang3.ArrayUtils,673
Mon Sep 02 18:18:16 EDT 2019 org.apache.commons.lang3.ArrayUtils,674
Mon Sep 02 18:18:16 EDT 2019 org.apache.commons.lang3.ArrayUtils,675
Mon Sep 02 18:18:17 EDT 2019 org.apache.commons.lang3.ArrayUtils,678
Mon Sep 02 18:26:08 EDT 2019 org.apache.commons.lang3.ArrayUtils,679
Mon Sep 02 18:33:11 EDT 2019 org.apache.commons.lang3.ArrayUtils,680
Mon Sep 02 18:33:12 EDT 2019 org.apache.commons.lang3.ArrayUtils,703
Mon Sep 02 18:33:12 EDT 2019 org.apache.commons.lang3.ArrayUtils,704
Mon Sep 02 18:33:13 EDT 2019 org.apache.commons.lang3.ArrayUtils,706
Mon Sep 02 18:33:13 EDT 2019 org.apache.commons.lang3.ArrayUtils,707
Mon Sep 02 18:33:14 EDT 2019 org.apache.commons.lang3.ArrayUtils,709
Mon Sep 02 18:33:15 EDT 2019 org.apache.commons.lang3.ArrayUtils,710
Mon Sep 02 18:33:16 EDT 2019 org.apache.commons.lang3.ArrayUtils,712
Mon Sep 02 18:39:28 EDT 2019 org.apache.commons.lang3.ArrayUtils,713
Mon Sep 02 18:39:28 EDT 2019 org.apache.commons.lang3.ArrayUtils,714
Mon Sep 02 18:39:29 EDT 2019 org.apache.commons.lang3.ArrayUtils,717
Mon Sep 02 18:47:06 EDT 2019 org.apache.commons.lang3.ArrayUtils,718
Mon Sep 02 18:54:46 EDT 2019 org.apache.commons.lang3.ArrayUtils,719
Mon Sep 02 18:54:47 EDT 2019 org.apache.commons.lang3.ArrayUtils,742
Mon Sep 02 18:54:49 EDT 2019 org.apache.commons.lang3.ArrayUtils,743
Mon Sep 02 18:54:50 EDT 2019 org.apache.commons.lang3.ArrayUtils,745
Mon Sep 02 18:54:52 EDT 2019 org.apache.commons.lang3.ArrayUtils,746
Mon Sep 02 18:54:53 EDT 2019 org.apache.commons.lang3.ArrayUtils,748
Mon Sep 02 18:54:55 EDT 2019 org.apache.commons.lang3.ArrayUtils,749
Mon Sep 02 18:54:56 EDT 2019 org.apache.commons.lang3.ArrayUtils,751
Mon Sep 02 19:01:39 EDT 2019 org.apache.commons.lang3.ArrayUtils,752
Mon Sep 02 19:01:40 EDT 2019 org.apache.commons.lang3.ArrayUtils,753
Mon Sep 02 19:01:42 EDT 2019 org.apache.commons.lang3.ArrayUtils,756
Mon Sep 02 19:10:26 EDT 2019 org.apache.commons.lang3.ArrayUtils,757
Mon Sep 02 19:17:50 EDT 2019 org.apache.commons.lang3.ArrayUtils,758
Mon Sep 02 19:17:50 EDT 2019 org.apache.commons.lang3.ArrayUtils,775
Mon Sep 02 19:23:05 EDT 2019 org.apache.commons.lang3.ArrayUtils,778
Mon Sep 02 19:23:05 EDT 2019 org.apache.commons.lang3.ArrayUtils,780
Mon Sep 02 19:28:36 EDT 2019 org.apache.commons.lang3.ArrayUtils,793
Mon Sep 02 19:28:37 EDT 2019 org.apache.commons.lang3.ArrayUtils,796
Mon Sep 02 19:28:37 EDT 2019 org.apache.commons.lang3.ArrayUtils,798
Mon Sep 02 19:28:38 EDT 2019 org.apache.commons.lang3.ArrayUtils,811
Mon Sep 02 19:28:38 EDT 2019 org.apache.commons.lang3.ArrayUtils,814
Mon Sep 02 19:28:39 EDT 2019 org.apache.commons.lang3.ArrayUtils,816
Mon Sep 02 19:28:40 EDT 2019 org.apache.commons.lang3.ArrayUtils,829
Mon Sep 02 19:28:40 EDT 2019 org.apache.commons.lang3.ArrayUtils,832
Mon Sep 02 19:28:40 EDT 2019 org.apache.commons.lang3.ArrayUtils,834
Mon Sep 02 19:28:41 EDT 2019 org.apache.commons.lang3.ArrayUtils,847
Mon Sep 02 19:28:41 EDT 2019 org.apache.commons.lang3.ArrayUtils,850
Mon Sep 02 19:28:42 EDT 2019 org.apache.commons.lang3.ArrayUtils,852
Failed time : 19/09/02 19:28
