=================================================
Project : lang_38	start : 19/09/02 15:24
Current failed test : org.apache.commons.lang3.time.FastDateFormatTest::testLang538 | 19/09/02 15:25
Mon Sep 02 15:25:46 EDT 2019 org.apache.commons.lang3.time.FastDateFormat,642
Mon Sep 02 15:27:11 EDT 2019 org.apache.commons.lang3.time.FastDateFormat,643
Mon Sep 02 15:28:08 EDT 2019 org.apache.commons.lang3.time.FastDateFormat,872
Mon Sep 02 15:28:37 EDT 2019 org.apache.commons.lang3.time.FastDateFormat,873
Mon Sep 02 15:28:37 EDT 2019 org.apache.commons.lang3.time.FastDateFormat,182
Mon Sep 02 15:29:07 EDT 2019 org.apache.commons.lang3.time.FastDateFormat,1300
Mon Sep 02 15:35:45 EDT 2019 org.apache.commons.lang3.time.FastDateFormat,1301
Mon Sep 02 15:35:46 EDT 2019 org.apache.commons.lang3.time.FastDateFormat,1303
Mon Sep 02 15:45:15 EDT 2019 org.apache.commons.lang3.time.FastDateFormat,1304
Mon Sep 02 15:45:16 EDT 2019 org.apache.commons.lang3.time.FastDateFormat,1423
Mon Sep 02 15:45:50 EDT 2019 Mon Sep 02 15:45:50 EDT 2019 : org.apache.commons.lang3.time.FastDateFormat,1424=>Find no block
Mon Sep 02 15:45:55 EDT 2019 org.apache.commons.lang3.time.FastDateFormat,1430
Mon Sep 02 15:47:20 EDT 2019 org.apache.commons.lang3.time.FastDateFormat,1431
Mon Sep 02 15:47:21 EDT 2019 Mon Sep 02 15:47:21 EDT 2019 : org.apache.commons.lang3.time.FastDateFormat,1432=>Find no block
Mon Sep 02 15:47:21 EDT 2019 org.apache.commons.lang3.time.FastDateFormat,1310
Mon Sep 02 15:58:04 EDT 2019 org.apache.commons.lang3.time.FastDateFormat,1311
Mon Sep 02 15:58:06 EDT 2019 org.apache.commons.lang3.Validate,121
Mon Sep 02 15:59:09 EDT 2019 Mon Sep 02 15:59:09 EDT 2019 : org.apache.commons.lang3.Validate,124=>Find no block
Mon Sep 02 15:59:10 EDT 2019 org.apache.commons.lang3.time.FastDateFormat,1347
Mon Sep 02 15:59:40 EDT 2019 Mon Sep 02 15:59:40 EDT 2019 : org.apache.commons.lang3.time.FastDateFormat,1348=>Find no block
Mon Sep 02 15:59:40 EDT 2019 org.apache.commons.lang3.time.FastDateFormat,1354
Mon Sep 02 16:03:11 EDT 2019 org.apache.commons.lang3.time.FastDateFormat,1355
Mon Sep 02 16:03:12 EDT 2019 org.apache.commons.lang3.time.FastDateFormat,1356
Mon Sep 02 16:03:12 EDT 2019 Mon Sep 02 16:03:12 EDT 2019 : org.apache.commons.lang3.time.FastDateFormat,1360=>Find no block
Mon Sep 02 16:03:12 EDT 2019 org.apache.commons.lang3.time.FastDateFormat,1098
Mon Sep 02 16:04:35 EDT 2019 Mon Sep 02 16:04:35 EDT 2019 : org.apache.commons.lang3.time.FastDateFormat,1099=>Find no block
Mon Sep 02 16:04:36 EDT 2019 org.apache.commons.lang3.time.FastDateFormat,633

----------------------------------------
----------------------------------------
Pass Single Test : [=>0,0]
case 'H' :
rule=selectNumberRule(Calendar.DAY_OF_MONTH,tokenLen);
break;


Time : 19/09/02 16:05
----------------------------------------

----------------------------------------
----------------------------------------
Pass Single Test : [=>0,0]
case 'H' :
rule=selectNumberRule(Calendar.SECOND,tokenLen);
break;


Time : 19/09/02 16:05
----------------------------------------
Mon Sep 02 16:06:25 EDT 2019 org.apache.commons.lang3.time.FastDateFormat,634

----------------------------------------
----------------------------------------
Pass Single Test : [=>0,0]
case 'H' :
rule=selectNumberRule(Calendar.DAY_OF_MONTH,tokenLen);
break;

case 'm' :


Time : 19/09/02 16:06
----------------------------------------

----------------------------------------
----------------------------------------
Pass Single Test : [=>0,0]
case 'H' :
rule=selectNumberRule(Calendar.SECOND,tokenLen);
break;

case 'm' :


Time : 19/09/02 16:07
----------------------------------------
Mon Sep 02 16:07:53 EDT 2019 org.apache.commons.lang3.time.FastDateFormat,639
Mon Sep 02 16:08:57 EDT 2019 org.apache.commons.lang3.time.FastDateFormat,640
Mon Sep 02 16:09:49 EDT 2019 org.apache.commons.lang3.time.FastDateFormat,738
Mon Sep 02 16:16:28 EDT 2019 org.apache.commons.lang3.time.FastDateFormat,743
Mon Sep 02 16:16:28 EDT 2019 org.apache.commons.lang3.time.FastDateFormat,832
Mon Sep 02 16:17:30 EDT 2019 org.apache.commons.lang3.time.FastDateFormat,871
Mon Sep 02 16:17:30 EDT 2019 org.apache.commons.lang3.time.FastDateFormat,875
Mon Sep 02 16:18:00 EDT 2019 org.apache.commons.lang3.time.FastDateFormat,1292
Mon Sep 02 16:18:00 EDT 2019 Mon Sep 02 16:18:00 EDT 2019 : org.apache.commons.lang3.time.FastDateFormat,1293=>Find no block
Mon Sep 02 16:18:01 EDT 2019 org.apache.commons.lang3.time.FastDateFormat,1299
Mon Sep 02 17:10:00 EDT 2019 org.apache.commons.lang3.time.FastDateFormat,1307
Mon Sep 02 17:10:02 EDT 2019 org.apache.commons.lang3.time.FastDateFormat,1313
Mon Sep 02 17:10:02 EDT 2019 org.apache.commons.lang3.time.FastDateFormat,1316
Mon Sep 02 17:19:32 EDT 2019 Mon Sep 02 17:19:32 EDT 2019 : org.apache.commons.lang3.time.FastDateFormat,1318=>Find no block
Mon Sep 02 17:19:33 EDT 2019 org.apache.commons.lang3.time.FastDateFormat,636
Mon Sep 02 17:20:54 EDT 2019 org.apache.commons.lang3.time.FastDateFormat,637
Mon Sep 02 17:21:54 EDT 2019 org.apache.commons.lang3.time.FastDateFormat,887
Mon Sep 02 17:30:30 EDT 2019 org.apache.commons.lang3.time.FastDateFormat,888
Mon Sep 02 17:30:31 EDT 2019 org.apache.commons.lang3.time.FastDateFormat,889
Mon Sep 02 17:30:32 EDT 2019 org.apache.commons.lang3.time.FastDateFormat,890
Mon Sep 02 17:30:33 EDT 2019 org.apache.commons.lang3.time.FastDateFormat,892
Mon Sep 02 17:30:33 EDT 2019 org.apache.commons.lang3.time.FastDateFormat,627
Mon Sep 02 17:31:41 EDT 2019 org.apache.commons.lang3.time.FastDateFormat,628
Mon Sep 02 17:32:34 EDT 2019 org.apache.commons.lang3.time.FastDateFormat,549
Mon Sep 02 17:32:58 EDT 2019 org.apache.commons.lang3.time.FastDateFormat,621
Mon Sep 02 17:34:41 EDT 2019 org.apache.commons.lang3.time.FastDateFormat,1409
Mon Sep 02 17:34:44 EDT 2019 Mon Sep 02 17:34:44 EDT 2019 : org.apache.commons.lang3.time.FastDateFormat,1410=>Find no block
Mon Sep 02 17:34:44 EDT 2019 Mon Sep 02 17:34:44 EDT 2019 : org.apache.commons.lang3.time.FastDateFormat,1403=>Find no block
Mon Sep 02 17:34:45 EDT 2019 org.apache.commons.lang3.time.FastDateFormat,1416
Mon Sep 02 17:34:47 EDT 2019 org.apache.commons.lang3.time.FastDateFormat,618
Mon Sep 02 17:36:03 EDT 2019 org.apache.commons.lang3.time.FastDateFormat,620
Mon Sep 02 17:36:04 EDT 2019 Mon Sep 02 17:36:04 EDT 2019 : org.apache.commons.lang3.time.FastDateFormat,1332=>Find no block
Mon Sep 02 17:36:05 EDT 2019 org.apache.commons.lang3.time.FastDateFormat,1333
Mon Sep 02 17:36:19 EDT 2019 Mon Sep 02 17:36:19 EDT 2019 : org.apache.commons.lang3.time.FastDateFormat,1334=>Find no block
Mon Sep 02 17:36:20 EDT 2019 org.apache.commons.lang3.time.FastDateFormat,1340
Mon Sep 02 17:36:20 EDT 2019 org.apache.commons.lang3.time.FastDateFormat,610
Mon Sep 02 17:37:06 EDT 2019 org.apache.commons.lang3.time.FastDateFormat,771
Mon Sep 02 17:37:21 EDT 2019 org.apache.commons.lang3.time.FastDateFormat,773
Mon Sep 02 17:37:21 EDT 2019 Mon Sep 02 17:37:21 EDT 2019 : org.apache.commons.lang3.time.FastDateFormat,1272=>Find no block
Mon Sep 02 17:37:21 EDT 2019 org.apache.commons.lang3.time.FastDateFormat,1273
Mon Sep 02 17:39:41 EDT 2019 org.apache.commons.lang3.time.FastDateFormat,1277
Mon Sep 02 17:42:21 EDT 2019 org.apache.commons.lang3.time.FastDateFormat,1278
Mon Sep 02 17:42:22 EDT 2019 Mon Sep 02 17:42:22 EDT 2019 : org.apache.commons.lang3.time.FastDateFormat,1279=>Find no block
Mon Sep 02 17:42:22 EDT 2019 org.apache.commons.lang3.time.FastDateFormat,1285
Mon Sep 02 17:42:24 EDT 2019 Mon Sep 02 17:42:24 EDT 2019 : org.apache.commons.lang3.time.FastDateFormat,1083=>Find no block
Mon Sep 02 17:42:24 EDT 2019 org.apache.commons.lang3.time.FastDateFormat,1084
Mon Sep 02 17:42:36 EDT 2019 Mon Sep 02 17:42:36 EDT 2019 : org.apache.commons.lang3.time.FastDateFormat,1085=>Find no block
Mon Sep 02 17:42:36 EDT 2019 org.apache.commons.lang3.time.FastDateFormat,1091
Mon Sep 02 17:42:38 EDT 2019 org.apache.commons.lang3.time.FastDateFormat,535
Mon Sep 02 17:42:51 EDT 2019 org.apache.commons.lang3.time.FastDateFormat,536
Mon Sep 02 17:43:06 EDT 2019 org.apache.commons.lang3.time.FastDateFormat,539
Mon Sep 02 17:43:39 EDT 2019 org.apache.commons.lang3.time.FastDateFormat,541
Mon Sep 02 17:44:16 EDT 2019 org.apache.commons.lang3.time.FastDateFormat,542
Mon Sep 02 17:44:39 EDT 2019 org.apache.commons.lang3.time.FastDateFormat,545
Mon Sep 02 17:45:17 EDT 2019 org.apache.commons.lang3.time.FastDateFormat,547
Mon Sep 02 17:45:53 EDT 2019 org.apache.commons.lang3.time.FastDateFormat,548
Mon Sep 02 17:45:53 EDT 2019 org.apache.commons.lang3.time.FastDateFormat,551
Mon Sep 02 17:46:25 EDT 2019 Mon Sep 02 17:46:25 EDT 2019 : org.apache.commons.lang3.time.FastDateFormat,552=>Find no block
Mon Sep 02 17:46:25 EDT 2019 Mon Sep 02 17:46:25 EDT 2019 : org.apache.commons.lang3.time.FastDateFormat,111=>Find no block
Mon Sep 02 17:46:25 EDT 2019 Mon Sep 02 17:46:25 EDT 2019 : org.apache.commons.lang3.time.FastDateFormat,112=>Find no block
Mon Sep 02 17:46:26 EDT 2019 Mon Sep 02 17:46:26 EDT 2019 : org.apache.commons.lang3.time.FastDateFormat,113=>Find no block
Mon Sep 02 17:46:27 EDT 2019 Mon Sep 02 17:46:27 EDT 2019 : org.apache.commons.lang3.time.FastDateFormat,114=>Find no block
Mon Sep 02 17:46:28 EDT 2019 Mon Sep 02 17:46:28 EDT 2019 : org.apache.commons.lang3.time.FastDateFormat,115=>Find no block
Mon Sep 02 17:46:29 EDT 2019 org.apache.commons.lang3.time.FastDateFormat,213
Mon Sep 02 17:48:32 EDT 2019 org.apache.commons.lang3.time.FastDateFormat,214
Mon Sep 02 17:48:33 EDT 2019 org.apache.commons.lang3.time.FastDateFormat,215
Mon Sep 02 17:48:33 EDT 2019 org.apache.commons.lang3.time.FastDateFormat,216
Mon Sep 02 17:48:34 EDT 2019 org.apache.commons.lang3.time.FastDateFormat,217
Mon Sep 02 17:48:34 EDT 2019 org.apache.commons.lang3.time.FastDateFormat,218
Mon Sep 02 17:48:35 EDT 2019 org.apache.commons.lang3.time.FastDateFormat,220
Mon Sep 02 17:48:35 EDT 2019 org.apache.commons.lang3.time.FastDateFormat,558
Mon Sep 02 17:57:15 EDT 2019 org.apache.commons.lang3.time.FastDateFormat,559
Mon Sep 02 17:57:15 EDT 2019 org.apache.commons.lang3.time.FastDateFormat,561
Mon Sep 02 17:57:17 EDT 2019 org.apache.commons.lang3.time.FastDateFormat,562
Mon Sep 02 17:57:17 EDT 2019 org.apache.commons.lang3.time.FastDateFormat,563
Mon Sep 02 17:57:18 EDT 2019 org.apache.commons.lang3.time.FastDateFormat,566
Mon Sep 02 17:57:18 EDT 2019 Mon Sep 02 17:57:18 EDT 2019 : org.apache.commons.lang3.time.FastDateFormat,567=>Find no block
Mon Sep 02 17:57:19 EDT 2019 org.apache.commons.lang3.time.FastDateFormat,578
Mon Sep 02 17:57:22 EDT 2019 org.apache.commons.lang3.time.FastDateFormat,579
Mon Sep 02 17:57:23 EDT 2019 org.apache.commons.lang3.time.FastDateFormat,581
Mon Sep 02 17:57:24 EDT 2019 org.apache.commons.lang3.time.FastDateFormat,582
Mon Sep 02 17:57:27 EDT 2019 org.apache.commons.lang3.time.FastDateFormat,583
Mon Sep 02 17:57:29 EDT 2019 org.apache.commons.lang3.time.FastDateFormat,584
Mon Sep 02 17:57:31 EDT 2019 org.apache.commons.lang3.time.FastDateFormat,585
Mon Sep 02 17:57:32 EDT 2019 org.apache.commons.lang3.time.FastDateFormat,586
Mon Sep 02 18:00:28 EDT 2019 org.apache.commons.lang3.time.FastDateFormat,588
Mon Sep 02 18:04:02 EDT 2019 org.apache.commons.lang3.time.FastDateFormat,589
Mon Sep 02 18:04:03 EDT 2019 org.apache.commons.lang3.time.FastDateFormat,591
Mon Sep 02 18:31:24 EDT 2019 org.apache.commons.lang3.time.FastDateFormat,592
Mon Sep 02 18:32:05 EDT 2019 org.apache.commons.lang3.time.FastDateFormat,593
Mon Sep 02 18:32:06 EDT 2019 org.apache.commons.lang3.time.FastDateFormat,594
Mon Sep 02 18:37:06 EDT 2019 org.apache.commons.lang3.time.FastDateFormat,596
Mon Sep 02 18:44:48 EDT 2019 org.apache.commons.lang3.time.FastDateFormat,597
Mon Sep 02 18:44:49 EDT 2019 org.apache.commons.lang3.time.FastDateFormat,602
Mon Sep 02 18:46:27 EDT 2019 Mon Sep 02 18:46:27 EDT 2019 : org.apache.commons.lang3.time.FastDateFormat,604=>Find no block
Mon Sep 02 18:46:28 EDT 2019 org.apache.commons.lang3.time.FastDateFormat,609
Mon Sep 02 18:46:29 EDT 2019 org.apache.commons.lang3.time.FastDateFormat,616
Mon Sep 02 18:46:29 EDT 2019 org.apache.commons.lang3.time.FastDateFormat,683
Mon Sep 02 18:46:59 EDT 2019 org.apache.commons.lang3.time.FastDateFormat,684
Mon Sep 02 18:46:59 EDT 2019 org.apache.commons.lang3.time.FastDateFormat,685
Mon Sep 02 18:47:01 EDT 2019 org.apache.commons.lang3.time.FastDateFormat,694
Mon Sep 02 18:52:54 EDT 2019 org.apache.commons.lang3.time.FastDateFormat,697
Mon Sep 02 19:17:56 EDT 2019 org.apache.commons.lang3.time.FastDateFormat,708
Mon Sep 02 19:22:17 EDT 2019 org.apache.commons.lang3.time.FastDateFormat,710
Mon Sep 02 19:22:18 EDT 2019 org.apache.commons.lang3.time.FastDateFormat,711
Mon Sep 02 19:28:55 EDT 2019 org.apache.commons.lang3.time.FastDateFormat,713
Mon Sep 02 19:28:55 EDT 2019 org.apache.commons.lang3.time.FastDateFormat,714
Mon Sep 02 19:43:03 EDT 2019 org.apache.commons.lang3.time.FastDateFormat,717
Mon Sep 02 19:47:18 EDT 2019 org.apache.commons.lang3.time.FastDateFormat,719
Mon Sep 02 19:47:19 EDT 2019 org.apache.commons.lang3.time.FastDateFormat,720
Mon Sep 02 19:47:20 EDT 2019 org.apache.commons.lang3.time.FastDateFormat,721
Mon Sep 02 19:47:20 EDT 2019 org.apache.commons.lang3.time.FastDateFormat,722
Mon Sep 02 19:47:21 EDT 2019 org.apache.commons.lang3.time.FastDateFormat,723
Mon Sep 02 19:47:22 EDT 2019 Mon Sep 02 19:47:22 EDT 2019 : org.apache.commons.lang3.time.FastDateFormat,727=>Find no block
Mon Sep 02 19:47:22 EDT 2019 org.apache.commons.lang3.time.FastDateFormat,730
Mon Sep 02 19:47:33 EDT 2019 org.apache.commons.lang3.time.FastDateFormat,732
Mon Sep 02 19:47:34 EDT 2019 org.apache.commons.lang3.time.FastDateFormat,734
Mon Sep 02 19:47:35 EDT 2019 org.apache.commons.lang3.time.FastDateFormat,735
Mon Sep 02 19:47:39 EDT 2019 org.apache.commons.lang3.time.FastDateFormat,737
Mon Sep 02 19:47:40 EDT 2019 org.apache.commons.lang3.time.FastDateFormat,745
Mon Sep 02 19:47:40 EDT 2019 org.apache.commons.lang3.time.FastDateFormat,747
Mon Sep 02 19:47:41 EDT 2019 org.apache.commons.lang3.time.FastDateFormat,748
Mon Sep 02 19:47:42 EDT 2019 org.apache.commons.lang3.time.FastDateFormat,750
Mon Sep 02 19:47:42 EDT 2019 org.apache.commons.lang3.time.FastDateFormat,755
Mon Sep 02 19:52:09 EDT 2019 org.apache.commons.lang3.time.FastDateFormat,756
Mon Sep 02 19:52:10 EDT 2019 Mon Sep 02 19:52:10 EDT 2019 : org.apache.commons.lang3.time.FastDateFormat,767=>Find no block
Mon Sep 02 19:52:10 EDT 2019 org.apache.commons.lang3.time.FastDateFormat,1002
Mon Sep 02 19:52:29 EDT 2019 org.apache.commons.lang3.time.FastDateFormat,1003
Mon Sep 02 19:52:30 EDT 2019 org.apache.commons.lang3.time.FastDateFormat,1004
Mon Sep 02 19:52:31 EDT 2019 org.apache.commons.lang3.time.FastDateFormat,1005
Mon Sep 02 19:52:31 EDT 2019 org.apache.commons.lang3.time.FastDateFormat,1006
Mon Sep 02 19:52:32 EDT 2019 org.apache.commons.lang3.time.FastDateFormat,1007
Mon Sep 02 19:52:33 EDT 2019 org.apache.commons.lang3.time.FastDateFormat,1008
Mon Sep 02 19:52:34 EDT 2019 org.apache.commons.lang3.time.FastDateFormat,1358
Mon Sep 02 19:52:35 EDT 2019 Mon Sep 02 19:52:35 EDT 2019 : org.apache.commons.lang3.time.FastDateFormat,1147=>Find no block
Mon Sep 02 19:52:35 EDT 2019 org.apache.commons.lang3.time.FastDateFormat,1148
Mon Sep 02 19:52:48 EDT 2019 org.apache.commons.lang3.time.FastDateFormat,1149
Mon Sep 02 19:52:49 EDT 2019 Mon Sep 02 19:52:49 EDT 2019 : org.apache.commons.lang3.time.FastDateFormat,1150=>Find no block
Mon Sep 02 19:52:49 EDT 2019 org.apache.commons.lang3.time.FastDateFormat,1156
Mon Sep 02 20:02:32 EDT 2019 org.apache.commons.lang3.time.FastDateFormat,1157
Mon Sep 02 20:02:33 EDT 2019 org.apache.commons.lang3.time.FastDateFormat,1158
Mon Sep 02 20:02:33 EDT 2019 org.apache.commons.lang3.time.FastDateFormat,1159
Mon Sep 02 20:02:34 EDT 2019 org.apache.commons.lang3.time.FastDateFormat,1160
Mon Sep 02 20:02:34 EDT 2019 Mon Sep 02 20:02:34 EDT 2019 : org.apache.commons.lang3.time.FastDateFormat,1162=>Find no block
Mon Sep 02 20:02:34 EDT 2019 org.apache.commons.lang3.time.FastDateFormat,1163
Mon Sep 02 20:02:35 EDT 2019 org.apache.commons.lang3.time.FastDateFormat,1170
Mon Sep 02 20:03:18 EDT 2019 Mon Sep 02 20:03:18 EDT 2019 : org.apache.commons.lang3.time.FastDateFormat,1171=>Find no block
Mon Sep 02 20:03:19 EDT 2019 Mon Sep 02 20:03:19 EDT 2019 : org.apache.commons.lang3.time.FastDateFormat,1489=>Find no block
Mon Sep 02 20:03:19 EDT 2019 org.apache.commons.lang3.time.FastDateFormat,1490
Mon Sep 02 20:03:20 EDT 2019 Mon Sep 02 20:03:20 EDT 2019 : org.apache.commons.lang3.time.FastDateFormat,1491=>Find no block
Mon Sep 02 20:03:21 EDT 2019 org.apache.commons.lang3.time.FastDateFormat,1497
Mon Sep 02 20:03:23 EDT 2019 org.apache.commons.lang3.time.FastDateFormat,1504
Mon Sep 02 20:06:12 EDT 2019 org.apache.commons.lang3.time.FastDateFormat,1505
Mon Sep 02 20:07:01 EDT 2019 org.apache.commons.lang3.time.FastDateFormat,1506
Mon Sep 02 20:07:01 EDT 2019 org.apache.commons.lang3.time.FastDateFormat,1508
Mon Sep 02 20:07:02 EDT 2019 Mon Sep 02 20:07:02 EDT 2019 : org.apache.commons.lang3.time.FastDateFormat,1509=>Find no block
Mon Sep 02 20:07:03 EDT 2019 org.apache.commons.lang3.time.FastDateFormat,1515
Mon Sep 02 20:07:41 EDT 2019 Mon Sep 02 20:07:41 EDT 2019 : org.apache.commons.lang3.time.FastDateFormat,1516=>Find no block
Mon Sep 02 20:07:41 EDT 2019 Mon Sep 02 20:07:41 EDT 2019 : org.apache.commons.lang3.time.FastDateFormat,1114=>Find no block
Mon Sep 02 20:07:42 EDT 2019 org.apache.commons.lang3.time.FastDateFormat,1115
Mon Sep 02 20:07:42 EDT 2019 Mon Sep 02 20:07:42 EDT 2019 : org.apache.commons.lang3.time.FastDateFormat,1116=>Find no block
Mon Sep 02 20:07:42 EDT 2019 org.apache.commons.lang3.time.FastDateFormat,1122
Mon Sep 02 20:08:36 EDT 2019 org.apache.commons.lang3.time.FastDateFormat,1129
Mon Sep 02 20:08:37 EDT 2019 Mon Sep 02 20:08:37 EDT 2019 : org.apache.commons.lang3.time.FastDateFormat,1130=>Find no block
Mon Sep 02 20:08:37 EDT 2019 Mon Sep 02 20:08:37 EDT 2019 : org.apache.commons.lang3.time.FastDateFormat,1710=>Find no block
Mon Sep 02 20:08:38 EDT 2019 org.apache.commons.lang3.time.FastDateFormat,1711
Mon Sep 02 20:08:39 EDT 2019 org.apache.commons.lang3.time.FastDateFormat,1712
Mon Sep 02 20:08:39 EDT 2019 Mon Sep 02 20:08:39 EDT 2019 : org.apache.commons.lang3.time.FastDateFormat,1713=>Find no block
Mon Sep 02 20:08:39 EDT 2019 org.apache.commons.lang3.time.FastDateFormat,1720
Mon Sep 02 20:09:39 EDT 2019 org.apache.commons.lang3.time.FastDateFormat,1721
Mon Sep 02 20:09:39 EDT 2019 org.apache.commons.lang3.time.FastDateFormat,1724
Mon Sep 02 20:09:40 EDT 2019 org.apache.commons.lang3.time.FastDateFormat,1725
Failed time : 19/09/02 20:09
