=================================================
Project : lang_4	start : 19/09/02 15:24
Current failed test : org.apache.commons.lang3.text.translate.LookupTranslatorTest::testLang882_purify_1 | 19/09/02 15:25
Mon Sep 02 15:25:31 EDT 2019 org.apache.commons.lang3.text.translate.LookupTranslator,76
Mon Sep 02 15:29:44 EDT 2019 org.apache.commons.lang3.text.translate.LookupTranslator,77
Mon Sep 02 15:29:44 EDT 2019 org.apache.commons.lang3.text.translate.LookupTranslator,78
Mon Sep 02 15:29:44 EDT 2019 org.apache.commons.lang3.text.translate.LookupTranslator,83
Mon Sep 02 15:33:10 EDT 2019 org.apache.commons.lang3.text.translate.LookupTranslator,70
Mon Sep 02 15:35:25 EDT 2019 org.apache.commons.lang3.text.translate.LookupTranslator,71
Mon Sep 02 15:38:10 EDT 2019 org.apache.commons.lang3.text.translate.LookupTranslator,75
Mon Sep 02 15:38:10 EDT 2019 Mon Sep 02 15:38:10 EDT 2019 : org.apache.commons.lang3.text.translate.CharSequenceTranslator,32=>Find no block
Mon Sep 02 15:38:10 EDT 2019 Mon Sep 02 15:38:10 EDT 2019 : org.apache.commons.lang3.text.translate.LookupTranslator,45=>Find no block
Mon Sep 02 15:38:11 EDT 2019 org.apache.commons.lang3.text.translate.LookupTranslator,46
Mon Sep 02 15:38:18 EDT 2019 org.apache.commons.lang3.text.translate.LookupTranslator,47
Mon Sep 02 15:38:18 EDT 2019 org.apache.commons.lang3.text.translate.LookupTranslator,48
Mon Sep 02 15:41:52 EDT 2019 org.apache.commons.lang3.text.translate.LookupTranslator,49
Mon Sep 02 15:41:52 EDT 2019 org.apache.commons.lang3.text.translate.LookupTranslator,50
Mon Sep 02 15:41:52 EDT 2019 org.apache.commons.lang3.text.translate.LookupTranslator,51
Mon Sep 02 15:41:53 EDT 2019 org.apache.commons.lang3.text.translate.LookupTranslator,52
Mon Sep 02 15:41:53 EDT 2019 org.apache.commons.lang3.text.translate.LookupTranslator,53
Mon Sep 02 15:41:53 EDT 2019 org.apache.commons.lang3.text.translate.LookupTranslator,54
Mon Sep 02 15:41:53 EDT 2019 org.apache.commons.lang3.text.translate.LookupTranslator,56
Mon Sep 02 15:41:54 EDT 2019 org.apache.commons.lang3.text.translate.LookupTranslator,57
Mon Sep 02 15:41:54 EDT 2019 org.apache.commons.lang3.text.translate.LookupTranslator,61
Mon Sep 02 15:42:17 EDT 2019 org.apache.commons.lang3.text.translate.LookupTranslator,62
Mon Sep 02 15:42:17 EDT 2019 Mon Sep 02 15:42:17 EDT 2019 : org.apache.commons.lang3.text.translate.LookupTranslator,63=>Find no block
Mon Sep 02 15:42:17 EDT 2019 Mon Sep 02 15:42:17 EDT 2019 : org.apache.commons.lang3.text.translate.AggregateTranslator,40=>Find no block
Mon Sep 02 15:42:17 EDT 2019 org.apache.commons.lang3.text.translate.AggregateTranslator,41
Mon Sep 02 15:42:40 EDT 2019 Mon Sep 02 15:42:40 EDT 2019 : org.apache.commons.lang3.text.translate.AggregateTranslator,42=>Find no block
Mon Sep 02 15:42:40 EDT 2019 org.apache.commons.lang3.text.translate.AggregateTranslator,51
Mon Sep 02 15:43:27 EDT 2019 org.apache.commons.lang3.text.translate.AggregateTranslator,52
Mon Sep 02 15:43:28 EDT 2019 org.apache.commons.lang3.text.translate.AggregateTranslator,53
Mon Sep 02 15:43:28 EDT 2019 org.apache.commons.lang3.text.translate.AggregateTranslator,54
Mon Sep 02 15:43:28 EDT 2019 org.apache.commons.lang3.text.translate.AggregateTranslator,57
Mon Sep 02 15:44:14 EDT 2019 org.apache.commons.lang3.text.translate.CharSequenceTranslator,54
Mon Sep 02 15:44:16 EDT 2019 org.apache.commons.lang3.text.translate.CharSequenceTranslator,55
Mon Sep 02 15:44:18 EDT 2019 org.apache.commons.lang3.text.translate.CharSequenceTranslator,58
Mon Sep 02 15:45:00 EDT 2019 org.apache.commons.lang3.text.translate.CharSequenceTranslator,59
Mon Sep 02 15:45:01 EDT 2019 org.apache.commons.lang3.text.translate.CharSequenceTranslator,60
Mon Sep 02 15:45:02 EDT 2019 Mon Sep 02 15:45:02 EDT 2019 : org.apache.commons.lang3.text.translate.CharSequenceTranslator,61=>Find no block
Mon Sep 02 15:45:02 EDT 2019 org.apache.commons.lang3.text.translate.CharSequenceTranslator,63
Mon Sep 02 15:45:02 EDT 2019 org.apache.commons.lang3.text.translate.CharSequenceTranslator,76
Mon Sep 02 15:45:03 EDT 2019 org.apache.commons.lang3.text.translate.CharSequenceTranslator,77
Mon Sep 02 15:45:04 EDT 2019 org.apache.commons.lang3.text.translate.CharSequenceTranslator,79
Mon Sep 02 15:45:14 EDT 2019 org.apache.commons.lang3.text.translate.CharSequenceTranslator,80
Mon Sep 02 15:45:14 EDT 2019 org.apache.commons.lang3.text.translate.CharSequenceTranslator,82
Mon Sep 02 15:47:25 EDT 2019 org.apache.commons.lang3.text.translate.CharSequenceTranslator,83
Mon Sep 02 15:47:26 EDT 2019 org.apache.commons.lang3.text.translate.CharSequenceTranslator,84
Mon Sep 02 15:55:41 EDT 2019 org.apache.commons.lang3.text.translate.CharSequenceTranslator,85
Mon Sep 02 15:55:42 EDT 2019 org.apache.commons.lang3.text.translate.CharSequenceTranslator,86
Mon Sep 02 15:55:42 EDT 2019 org.apache.commons.lang3.text.translate.CharSequenceTranslator,87
Mon Sep 02 15:55:42 EDT 2019 org.apache.commons.lang3.text.translate.CharSequenceTranslator,88
Mon Sep 02 15:55:43 EDT 2019 org.apache.commons.lang3.text.translate.CharSequenceTranslator,89
Mon Sep 02 15:55:44 EDT 2019 org.apache.commons.lang3.text.translate.CharSequenceTranslator,90
Mon Sep 02 15:55:46 EDT 2019 org.apache.commons.lang3.text.translate.CharSequenceTranslator,94
Mon Sep 02 15:55:49 EDT 2019 org.apache.commons.lang3.text.translate.CharSequenceTranslator,95
Mon Sep 02 15:55:49 EDT 2019 Mon Sep 02 15:55:49 EDT 2019 : org.apache.commons.lang3.text.translate.CharSequenceTranslator,97=>Find no block
Mon Sep 02 15:55:49 EDT 2019 Mon Sep 02 15:55:49 EDT 2019 : org.apache.commons.lang3.text.translate.CharSequenceTranslator,98=>Find no block
Mon Sep 02 15:55:50 EDT 2019 org.apache.commons.lang3.text.translate.CharSequenceTranslator,108
Mon Sep 02 16:00:00 EDT 2019 org.apache.commons.lang3.text.translate.CharSequenceTranslator,109
Mon Sep 02 16:00:00 EDT 2019 org.apache.commons.lang3.text.translate.CharSequenceTranslator,110
Mon Sep 02 16:00:01 EDT 2019 org.apache.commons.lang3.text.translate.CharSequenceTranslator,111
Mon Sep 02 16:00:01 EDT 2019 org.apache.commons.lang3.text.translate.CharSequenceTranslator,122
Mon Sep 02 16:00:02 EDT 2019 org.apache.commons.lang3.text.translate.LookupTranslator,72
Mon Sep 02 16:00:02 EDT 2019 org.apache.commons.lang3.text.translate.LookupTranslator,79
Mon Sep 02 16:00:02 EDT 2019 org.apache.commons.lang3.text.translate.LookupTranslator,80
Failed time : 19/09/02 16:00
Current failed test : org.apache.commons.lang3.text.translate.LookupTranslatorTest::testLang882_purify_2 | 19/09/02 16:00
Mon Sep 02 16:00:25 EDT 2019 org.apache.commons.lang3.text.translate.LookupTranslator,76
Mon Sep 02 16:04:27 EDT 2019 org.apache.commons.lang3.text.translate.LookupTranslator,77
Mon Sep 02 16:04:27 EDT 2019 org.apache.commons.lang3.text.translate.LookupTranslator,78
Mon Sep 02 16:04:28 EDT 2019 org.apache.commons.lang3.text.translate.LookupTranslator,83
Mon Sep 02 16:07:49 EDT 2019 org.apache.commons.lang3.text.translate.LookupTranslator,70
Mon Sep 02 16:10:04 EDT 2019 org.apache.commons.lang3.text.translate.LookupTranslator,71
Mon Sep 02 16:12:43 EDT 2019 org.apache.commons.lang3.text.translate.LookupTranslator,75
Mon Sep 02 16:12:44 EDT 2019 Mon Sep 02 16:12:44 EDT 2019 : org.apache.commons.lang3.text.translate.CharSequenceTranslator,32=>Find no block
Mon Sep 02 16:12:44 EDT 2019 Mon Sep 02 16:12:44 EDT 2019 : org.apache.commons.lang3.text.translate.LookupTranslator,45=>Find no block
Mon Sep 02 16:12:44 EDT 2019 org.apache.commons.lang3.text.translate.LookupTranslator,46
Mon Sep 02 16:12:51 EDT 2019 org.apache.commons.lang3.text.translate.LookupTranslator,47
Mon Sep 02 16:12:52 EDT 2019 org.apache.commons.lang3.text.translate.LookupTranslator,48
Mon Sep 02 16:16:25 EDT 2019 org.apache.commons.lang3.text.translate.LookupTranslator,49
Mon Sep 02 16:16:25 EDT 2019 org.apache.commons.lang3.text.translate.LookupTranslator,50
Mon Sep 02 16:16:25 EDT 2019 org.apache.commons.lang3.text.translate.LookupTranslator,51
Mon Sep 02 16:16:26 EDT 2019 org.apache.commons.lang3.text.translate.LookupTranslator,52
Mon Sep 02 16:16:26 EDT 2019 org.apache.commons.lang3.text.translate.LookupTranslator,53
Mon Sep 02 16:16:26 EDT 2019 org.apache.commons.lang3.text.translate.LookupTranslator,54
Mon Sep 02 16:16:26 EDT 2019 org.apache.commons.lang3.text.translate.LookupTranslator,56
Mon Sep 02 16:16:27 EDT 2019 org.apache.commons.lang3.text.translate.LookupTranslator,57
Mon Sep 02 16:16:27 EDT 2019 org.apache.commons.lang3.text.translate.LookupTranslator,61
Mon Sep 02 16:16:50 EDT 2019 org.apache.commons.lang3.text.translate.LookupTranslator,62
Mon Sep 02 16:16:50 EDT 2019 Mon Sep 02 16:16:50 EDT 2019 : org.apache.commons.lang3.text.translate.LookupTranslator,63=>Find no block
Mon Sep 02 16:16:50 EDT 2019 Mon Sep 02 16:16:50 EDT 2019 : org.apache.commons.lang3.text.translate.AggregateTranslator,40=>Find no block
Mon Sep 02 16:16:51 EDT 2019 org.apache.commons.lang3.text.translate.AggregateTranslator,41
Mon Sep 02 16:17:10 EDT 2019 Mon Sep 02 16:17:10 EDT 2019 : org.apache.commons.lang3.text.translate.AggregateTranslator,42=>Find no block
Mon Sep 02 16:17:10 EDT 2019 org.apache.commons.lang3.text.translate.AggregateTranslator,51
Mon Sep 02 16:17:46 EDT 2019 org.apache.commons.lang3.text.translate.AggregateTranslator,52
Mon Sep 02 16:17:47 EDT 2019 org.apache.commons.lang3.text.translate.AggregateTranslator,53
Mon Sep 02 16:17:47 EDT 2019 org.apache.commons.lang3.text.translate.AggregateTranslator,54
Mon Sep 02 16:17:47 EDT 2019 org.apache.commons.lang3.text.translate.AggregateTranslator,57
Mon Sep 02 16:18:26 EDT 2019 org.apache.commons.lang3.text.translate.CharSequenceTranslator,54
Mon Sep 02 16:18:27 EDT 2019 org.apache.commons.lang3.text.translate.CharSequenceTranslator,55
Mon Sep 02 16:18:27 EDT 2019 org.apache.commons.lang3.text.translate.CharSequenceTranslator,58
Mon Sep 02 16:18:55 EDT 2019 org.apache.commons.lang3.text.translate.CharSequenceTranslator,59
Mon Sep 02 16:18:55 EDT 2019 org.apache.commons.lang3.text.translate.CharSequenceTranslator,60
Mon Sep 02 16:18:55 EDT 2019 Mon Sep 02 16:18:55 EDT 2019 : org.apache.commons.lang3.text.translate.CharSequenceTranslator,61=>Find no block
Mon Sep 02 16:18:56 EDT 2019 org.apache.commons.lang3.text.translate.CharSequenceTranslator,63
Mon Sep 02 16:18:56 EDT 2019 org.apache.commons.lang3.text.translate.CharSequenceTranslator,76
Mon Sep 02 16:18:57 EDT 2019 org.apache.commons.lang3.text.translate.CharSequenceTranslator,77
Mon Sep 02 16:18:57 EDT 2019 org.apache.commons.lang3.text.translate.CharSequenceTranslator,79
Mon Sep 02 16:19:03 EDT 2019 org.apache.commons.lang3.text.translate.CharSequenceTranslator,80
Mon Sep 02 16:19:04 EDT 2019 org.apache.commons.lang3.text.translate.CharSequenceTranslator,82
Mon Sep 02 16:20:55 EDT 2019 org.apache.commons.lang3.text.translate.CharSequenceTranslator,83
Mon Sep 02 16:20:56 EDT 2019 org.apache.commons.lang3.text.translate.CharSequenceTranslator,84
Mon Sep 02 16:27:53 EDT 2019 org.apache.commons.lang3.text.translate.CharSequenceTranslator,85
Mon Sep 02 16:27:53 EDT 2019 org.apache.commons.lang3.text.translate.CharSequenceTranslator,86
Mon Sep 02 16:27:53 EDT 2019 org.apache.commons.lang3.text.translate.CharSequenceTranslator,87
Mon Sep 02 16:27:54 EDT 2019 org.apache.commons.lang3.text.translate.CharSequenceTranslator,88
Mon Sep 02 16:27:54 EDT 2019 org.apache.commons.lang3.text.translate.CharSequenceTranslator,89
Mon Sep 02 16:27:54 EDT 2019 org.apache.commons.lang3.text.translate.CharSequenceTranslator,90
Mon Sep 02 16:27:54 EDT 2019 org.apache.commons.lang3.text.translate.CharSequenceTranslator,94
Mon Sep 02 16:27:54 EDT 2019 org.apache.commons.lang3.text.translate.CharSequenceTranslator,95
Mon Sep 02 16:27:55 EDT 2019 Mon Sep 02 16:27:55 EDT 2019 : org.apache.commons.lang3.text.translate.CharSequenceTranslator,97=>Find no block
Mon Sep 02 16:27:55 EDT 2019 Mon Sep 02 16:27:55 EDT 2019 : org.apache.commons.lang3.text.translate.CharSequenceTranslator,98=>Find no block
Mon Sep 02 16:27:55 EDT 2019 org.apache.commons.lang3.text.translate.CharSequenceTranslator,108
Mon Sep 02 16:31:59 EDT 2019 org.apache.commons.lang3.text.translate.CharSequenceTranslator,109
Mon Sep 02 16:31:59 EDT 2019 org.apache.commons.lang3.text.translate.CharSequenceTranslator,110
Mon Sep 02 16:31:59 EDT 2019 org.apache.commons.lang3.text.translate.CharSequenceTranslator,111
Mon Sep 02 16:31:59 EDT 2019 org.apache.commons.lang3.text.translate.CharSequenceTranslator,122
Mon Sep 02 16:32:01 EDT 2019 org.apache.commons.lang3.text.translate.LookupTranslator,72
Mon Sep 02 16:32:01 EDT 2019 org.apache.commons.lang3.text.translate.LookupTranslator,79
Mon Sep 02 16:32:01 EDT 2019 org.apache.commons.lang3.text.translate.LookupTranslator,80
Failed time : 19/09/02 16:32
