=================================================
Project : lang_40	start : 19/09/02 15:24
Current failed test : org.apache.commons.lang.StringUtilsEqualsIndexOfTest::testContainsIgnoreCase_LocaleIndependence | 19/09/02 15:25
Mon Sep 02 15:25:52 EDT 2019 org.apache.commons.lang.StringUtils,1045
Mon Sep 02 15:30:01 EDT 2019 org.apache.commons.lang.StringUtils,1048
Mon Sep 02 15:36:00 EDT 2019 org.apache.commons.lang.StringUtils,1018
Mon Sep 02 15:43:28 EDT 2019 org.apache.commons.lang.StringUtils,1015
Mon Sep 02 15:43:28 EDT 2019 org.apache.commons.lang.StringUtils,168
Mon Sep 02 15:43:30 EDT 2019 Mon Sep 02 15:43:30 EDT 2019 : org.apache.commons.lang.StringUtils,169=>Find no block
Mon Sep 02 15:43:31 EDT 2019 org.apache.commons.lang.StringUtils,192
Mon Sep 02 15:44:54 EDT 2019 org.apache.commons.lang.StringUtils,210
Mon Sep 02 15:45:29 EDT 2019 org.apache.commons.lang.StringUtils,230
Mon Sep 02 15:48:53 EDT 2019 org.apache.commons.lang.StringUtils,231
Mon Sep 02 15:48:54 EDT 2019 org.apache.commons.lang.StringUtils,233
Mon Sep 02 15:52:58 EDT 2019 org.apache.commons.lang.StringUtils,234
Mon Sep 02 15:52:59 EDT 2019 org.apache.commons.lang.StringUtils,235
Mon Sep 02 15:53:00 EDT 2019 org.apache.commons.lang.StringUtils,238
Mon Sep 02 16:00:27 EDT 2019 org.apache.commons.lang.StringUtils,258
Mon Sep 02 16:00:54 EDT 2019 org.apache.commons.lang.StringUtils,287
Mon Sep 02 16:02:08 EDT 2019 org.apache.commons.lang.StringUtils,313
Mon Sep 02 16:03:56 EDT 2019 org.apache.commons.lang.StringUtils,314
Mon Sep 02 16:03:57 EDT 2019 org.apache.commons.lang.StringUtils,339
Mon Sep 02 16:05:02 EDT 2019 org.apache.commons.lang.StringUtils,367
Mon Sep 02 16:07:44 EDT 2019 org.apache.commons.lang.StringUtils,394
Mon Sep 02 16:10:43 EDT 2019 org.apache.commons.lang.StringUtils,395
Mon Sep 02 16:10:43 EDT 2019 org.apache.commons.lang.StringUtils,397
Mon Sep 02 16:16:27 EDT 2019 org.apache.commons.lang.StringUtils,398
Mon Sep 02 16:16:28 EDT 2019 org.apache.commons.lang.StringUtils,424
Mon Sep 02 16:17:24 EDT 2019 org.apache.commons.lang.StringUtils,454
Mon Sep 02 16:18:12 EDT 2019 org.apache.commons.lang.StringUtils,455
Mon Sep 02 16:18:13 EDT 2019 org.apache.commons.lang.StringUtils,457
Mon Sep 02 16:21:33 EDT 2019 org.apache.commons.lang.StringUtils,458
Mon Sep 02 16:21:33 EDT 2019 org.apache.commons.lang.StringUtils,487
Mon Sep 02 16:26:50 EDT 2019 org.apache.commons.lang.StringUtils,488
Mon Sep 02 16:26:50 EDT 2019 org.apache.commons.lang.StringUtils,490
Mon Sep 02 16:32:50 EDT 2019 org.apache.commons.lang.StringUtils,491
Mon Sep 02 16:58:13 EDT 2019 org.apache.commons.lang.StringUtils,492
Mon Sep 02 16:58:14 EDT 2019 org.apache.commons.lang.StringUtils,493
Mon Sep 02 16:58:15 EDT 2019 org.apache.commons.lang.StringUtils,495
Mon Sep 02 16:58:16 EDT 2019 org.apache.commons.lang.StringUtils,496
Mon Sep 02 16:58:18 EDT 2019 org.apache.commons.lang.StringUtils,498
Mon Sep 02 16:58:19 EDT 2019 org.apache.commons.lang.StringUtils,499
Mon Sep 02 16:58:19 EDT 2019 org.apache.commons.lang.StringUtils,502
Mon Sep 02 17:34:24 EDT 2019 org.apache.commons.lang.StringUtils,531
Mon Sep 02 17:40:10 EDT 2019 org.apache.commons.lang.StringUtils,532
Mon Sep 02 17:40:11 EDT 2019 org.apache.commons.lang.StringUtils,535
Mon Sep 02 17:58:53 EDT 2019 org.apache.commons.lang.StringUtils,536
Mon Sep 02 17:58:54 EDT 2019 org.apache.commons.lang.StringUtils,537
Mon Sep 02 17:58:55 EDT 2019 org.apache.commons.lang.StringUtils,539
Mon Sep 02 17:58:56 EDT 2019 org.apache.commons.lang.StringUtils,540
Mon Sep 02 17:58:56 EDT 2019 org.apache.commons.lang.StringUtils,542
Mon Sep 02 17:58:57 EDT 2019 org.apache.commons.lang.StringUtils,543
Mon Sep 02 17:58:57 EDT 2019 org.apache.commons.lang.StringUtils,546
Mon Sep 02 18:28:21 EDT 2019 org.apache.commons.lang.StringUtils,571
Mon Sep 02 18:28:23 EDT 2019 org.apache.commons.lang.StringUtils,601
Mon Sep 02 18:31:17 EDT 2019 org.apache.commons.lang.StringUtils,602
Mon Sep 02 18:31:17 EDT 2019 org.apache.commons.lang.StringUtils,604
Mon Sep 02 18:41:13 EDT 2019 org.apache.commons.lang.StringUtils,605
Mon Sep 02 18:41:14 EDT 2019 org.apache.commons.lang.StringUtils,606
Mon Sep 02 18:41:14 EDT 2019 org.apache.commons.lang.StringUtils,608
Mon Sep 02 18:41:15 EDT 2019 org.apache.commons.lang.StringUtils,634
Mon Sep 02 18:41:51 EDT 2019 org.apache.commons.lang.StringUtils,659
Mon Sep 02 18:42:17 EDT 2019 org.apache.commons.lang.StringUtils,684
Mon Sep 02 18:43:02 EDT 2019 org.apache.commons.lang.StringUtils,685
Mon Sep 02 18:43:03 EDT 2019 org.apache.commons.lang.StringUtils,687
Mon Sep 02 18:50:32 EDT 2019 org.apache.commons.lang.StringUtils,716
Mon Sep 02 18:50:33 EDT 2019 org.apache.commons.lang.StringUtils,717
Mon Sep 02 18:50:35 EDT 2019 org.apache.commons.lang.StringUtils,719
Mon Sep 02 18:57:54 EDT 2019 org.apache.commons.lang.StringUtils,745
Mon Sep 02 19:02:25 EDT 2019 org.apache.commons.lang.StringUtils,746
Mon Sep 02 19:02:26 EDT 2019 org.apache.commons.lang.StringUtils,748
Mon Sep 02 19:11:09 EDT 2019 org.apache.commons.lang.StringUtils,779
Mon Sep 02 19:15:58 EDT 2019 org.apache.commons.lang.StringUtils,780
Mon Sep 02 19:15:58 EDT 2019 org.apache.commons.lang.StringUtils,782
Mon Sep 02 19:18:29 EDT 2019 org.apache.commons.lang.StringUtils,783
Mon Sep 02 19:18:30 EDT 2019 org.apache.commons.lang.StringUtils,785
Mon Sep 02 19:24:22 EDT 2019 org.apache.commons.lang.StringUtils,786
Mon Sep 02 19:35:23 EDT 2019 org.apache.commons.lang.StringUtils,788
Mon Sep 02 19:35:24 EDT 2019 org.apache.commons.lang.StringUtils,789
Mon Sep 02 19:35:24 EDT 2019 org.apache.commons.lang.StringUtils,790
Mon Sep 02 19:35:25 EDT 2019 org.apache.commons.lang.StringUtils,792
Mon Sep 02 19:35:25 EDT 2019 org.apache.commons.lang.StringUtils,793
Mon Sep 02 19:35:26 EDT 2019 org.apache.commons.lang.StringUtils,794
Mon Sep 02 19:39:48 EDT 2019 org.apache.commons.lang.StringUtils,829
Mon Sep 02 19:39:48 EDT 2019 org.apache.commons.lang.StringUtils,830
Mon Sep 02 19:39:49 EDT 2019 org.apache.commons.lang.StringUtils,833
Mon Sep 02 19:46:06 EDT 2019 org.apache.commons.lang.StringUtils,834
Mon Sep 02 19:46:06 EDT 2019 org.apache.commons.lang.StringUtils,836
Mon Sep 02 19:58:48 EDT 2019 org.apache.commons.lang.StringUtils,861
Mon Sep 02 19:58:48 EDT 2019 org.apache.commons.lang.StringUtils,862
Mon Sep 02 19:58:49 EDT 2019 org.apache.commons.lang.StringUtils,864
Mon Sep 02 20:05:00 EDT 2019 org.apache.commons.lang.StringUtils,895
Mon Sep 02 20:05:01 EDT 2019 org.apache.commons.lang.StringUtils,896
Mon Sep 02 20:05:01 EDT 2019 org.apache.commons.lang.StringUtils,898
Mon Sep 02 20:10:37 EDT 2019 org.apache.commons.lang.StringUtils,924
Mon Sep 02 20:10:37 EDT 2019 org.apache.commons.lang.StringUtils,925
Mon Sep 02 20:10:37 EDT 2019 org.apache.commons.lang.StringUtils,927
Mon Sep 02 20:16:01 EDT 2019 org.apache.commons.lang.StringUtils,959
Mon Sep 02 20:16:01 EDT 2019 org.apache.commons.lang.StringUtils,960
Mon Sep 02 20:16:02 EDT 2019 org.apache.commons.lang.StringUtils,962
Mon Sep 02 20:21:44 EDT 2019 org.apache.commons.lang.StringUtils,987
Mon Sep 02 20:22:22 EDT 2019 org.apache.commons.lang.StringUtils,988
Mon Sep 02 20:22:23 EDT 2019 org.apache.commons.lang.StringUtils,990
Mon Sep 02 20:25:10 EDT 2019 org.apache.commons.lang.StringUtils,1016
Mon Sep 02 20:25:10 EDT 2019 org.apache.commons.lang.StringUtils,1046
Mon Sep 02 20:25:10 EDT 2019 org.apache.commons.lang.StringUtils,1076
Timeout time : 19/09/02 20:25
