=================================================
Project : lang_41	start : 19/09/02 15:24
Current failed test : org.apache.commons.lang.ClassUtilsTest::test_getShortClassName_Class_purify_4 | 19/09/02 15:27
Mon Sep 02 15:27:52 EDT 2019 org.apache.commons.lang.ClassUtils,170
Mon Sep 02 15:28:19 EDT 2019 org.apache.commons.lang.ClassUtils,230
Mon Sep 02 15:28:19 EDT 2019 org.apache.commons.lang.ClassUtils,229
Mon Sep 02 15:28:20 EDT 2019 org.apache.commons.lang.ClassUtils,232
Mon Sep 02 15:29:04 EDT 2019 org.apache.commons.lang.ClassUtils,201
Mon Sep 02 15:29:06 EDT 2019 org.apache.commons.lang.ClassUtils,245
Mon Sep 02 15:29:29 EDT 2019 org.apache.commons.lang.ClassUtils,252
Mon Sep 02 15:38:03 EDT 2019 org.apache.commons.lang.ClassUtils,253
Mon Sep 02 15:38:04 EDT 2019 org.apache.commons.lang.ClassUtils,256
Mon Sep 02 15:38:04 EDT 2019 Mon Sep 02 15:38:04 EDT 2019 : org.apache.commons.lang.ClassUtils,58=>Find no block
Mon Sep 02 15:38:05 EDT 2019 Mon Sep 02 15:38:05 EDT 2019 : org.apache.commons.lang.ClassUtils,68=>Find no block
Mon Sep 02 15:38:06 EDT 2019 Mon Sep 02 15:38:06 EDT 2019 : org.apache.commons.lang.ClassUtils,73=>Find no block
Mon Sep 02 15:38:07 EDT 2019 Mon Sep 02 15:38:07 EDT 2019 : org.apache.commons.lang.ClassUtils,75=>Find no block
Mon Sep 02 15:38:07 EDT 2019 Mon Sep 02 15:38:07 EDT 2019 : org.apache.commons.lang.ClassUtils,76=>Find no block
Mon Sep 02 15:38:08 EDT 2019 Mon Sep 02 15:38:08 EDT 2019 : org.apache.commons.lang.ClassUtils,77=>Find no block
Mon Sep 02 15:38:08 EDT 2019 Mon Sep 02 15:38:08 EDT 2019 : org.apache.commons.lang.ClassUtils,78=>Find no block
Mon Sep 02 15:38:09 EDT 2019 Mon Sep 02 15:38:09 EDT 2019 : org.apache.commons.lang.ClassUtils,79=>Find no block
Mon Sep 02 15:38:10 EDT 2019 Mon Sep 02 15:38:10 EDT 2019 : org.apache.commons.lang.ClassUtils,80=>Find no block
Mon Sep 02 15:38:10 EDT 2019 Mon Sep 02 15:38:10 EDT 2019 : org.apache.commons.lang.ClassUtils,81=>Find no block
Mon Sep 02 15:38:12 EDT 2019 Mon Sep 02 15:38:12 EDT 2019 : org.apache.commons.lang.ClassUtils,82=>Find no block
Mon Sep 02 15:38:12 EDT 2019 Mon Sep 02 15:38:12 EDT 2019 : org.apache.commons.lang.ClassUtils,83=>Find no block
Mon Sep 02 15:38:13 EDT 2019 Mon Sep 02 15:38:13 EDT 2019 : org.apache.commons.lang.ClassUtils,89=>Find no block
Mon Sep 02 15:38:13 EDT 2019 Mon Sep 02 15:38:13 EDT 2019 : org.apache.commons.lang.ClassUtils,91=>Find no block
Mon Sep 02 15:38:14 EDT 2019 Mon Sep 02 15:38:14 EDT 2019 : org.apache.commons.lang.ClassUtils,92=>Find no block
Mon Sep 02 15:38:14 EDT 2019 Mon Sep 02 15:38:14 EDT 2019 : org.apache.commons.lang.ClassUtils,93=>Find no block
Mon Sep 02 15:38:15 EDT 2019 Mon Sep 02 15:38:15 EDT 2019 : org.apache.commons.lang.ClassUtils,94=>Find no block
Mon Sep 02 15:38:15 EDT 2019 Mon Sep 02 15:38:15 EDT 2019 : org.apache.commons.lang.ClassUtils,96=>Find no block
Mon Sep 02 15:38:16 EDT 2019 Mon Sep 02 15:38:16 EDT 2019 : org.apache.commons.lang.ClassUtils,102=>Find no block
Mon Sep 02 15:38:16 EDT 2019 Mon Sep 02 15:38:16 EDT 2019 : org.apache.commons.lang.ClassUtils,107=>Find no block
Mon Sep 02 15:38:17 EDT 2019 Mon Sep 02 15:38:17 EDT 2019 : org.apache.commons.lang.ClassUtils,124=>Find no block
Mon Sep 02 15:38:17 EDT 2019 Mon Sep 02 15:38:17 EDT 2019 : org.apache.commons.lang.ClassUtils,125=>Find no block
Mon Sep 02 15:38:18 EDT 2019 Mon Sep 02 15:38:18 EDT 2019 : org.apache.commons.lang.ClassUtils,126=>Find no block
Mon Sep 02 15:38:18 EDT 2019 Mon Sep 02 15:38:18 EDT 2019 : org.apache.commons.lang.ClassUtils,127=>Find no block
Mon Sep 02 15:38:19 EDT 2019 Mon Sep 02 15:38:19 EDT 2019 : org.apache.commons.lang.ClassUtils,128=>Find no block
Mon Sep 02 15:38:20 EDT 2019 Mon Sep 02 15:38:20 EDT 2019 : org.apache.commons.lang.ClassUtils,129=>Find no block
Mon Sep 02 15:38:20 EDT 2019 Mon Sep 02 15:38:20 EDT 2019 : org.apache.commons.lang.ClassUtils,130=>Find no block
Mon Sep 02 15:38:21 EDT 2019 Mon Sep 02 15:38:21 EDT 2019 : org.apache.commons.lang.ClassUtils,131=>Find no block
Mon Sep 02 15:38:21 EDT 2019 Mon Sep 02 15:38:21 EDT 2019 : org.apache.commons.lang.ClassUtils,132=>Find no block
Mon Sep 02 15:38:22 EDT 2019 org.apache.commons.lang.ClassUtils,116
Mon Sep 02 15:38:43 EDT 2019 org.apache.commons.lang.ClassUtils,117
Mon Sep 02 15:38:44 EDT 2019 Mon Sep 02 15:38:44 EDT 2019 : org.apache.commons.lang.ClassUtils,118=>Find no block
Mon Sep 02 15:38:44 EDT 2019 org.apache.commons.lang.ClassUtils,169
Mon Sep 02 15:38:45 EDT 2019 org.apache.commons.lang.ClassUtils,172

----------------------------------------
----------------------------------------
Pass Single Test : [=>0,0]
if(cls==null){
return StringUtils.EMPTY;
}
return getShortCanonicalName(cls.getName());

Time : 19/09/02 15:39
----------------------------------------

----------------------------------------
----------------------------------------
Similar code block : 2.5 : [/home/mmotwani/mywork1dir/Defects4Java7/defects4j/SIMFIX_RQ1/lang/lang_41_buggy/src/java/org/apache/commons/lang/ClassUtils.java=>0,0]
if(cls==null){
return StringUtils.EMPTY;
}
return getShortCanonicalName(cls.getName());

Time : 19/09/02 15:39
----------------------------------------

----------------------------------------
----------------------------------------
Original source code : [/home/mmotwani/mywork1dir/Defects4Java7/defects4j/SIMFIX_RQ1/lang/lang_41_buggy/src/java/org/apache/commons/lang/ClassUtils.java=>169,172]
if(cls==null){
return StringUtils.EMPTY;
}
return getShortClassName(cls.getName());

Time : 19/09/02 15:39
----------------------------------------

----------------------------------------
----------------------------------------
Find a patch : [/home/mmotwani/mywork1dir/Defects4Java7/defects4j/SIMFIX_RQ1/lang/lang_41_buggy/src/java/org/apache/commons/lang/ClassUtils.java=>169,172]
if(cls==null){
return StringUtils.EMPTY;
}
return getShortCanonicalName(cls.getName());

Time : 19/09/02 15:39
----------------------------------------
Success time : 19/09/02 15:39
Current failed test : org.apache.commons.lang.ClassUtilsTest::test_getShortClassName_Class_purify_5 | 19/09/02 15:39
Already fixed : org.apache.commons.lang.ClassUtilsTest::test_getShortClassName_Class_purify_5
Current failed test : org.apache.commons.lang.ClassUtilsTest::test_getShortClassName_Class_purify_14 | 19/09/02 15:40
Already fixed : org.apache.commons.lang.ClassUtilsTest::test_getShortClassName_Class_purify_14
Current failed test : org.apache.commons.lang.ClassUtilsTest::test_getShortClassName_Class_purify_15 | 19/09/02 15:40
Already fixed : org.apache.commons.lang.ClassUtilsTest::test_getShortClassName_Class_purify_15
Current failed test : org.apache.commons.lang.ClassUtilsTest::test_getShortClassName_Class_purify_16 | 19/09/02 15:40
Already fixed : org.apache.commons.lang.ClassUtilsTest::test_getShortClassName_Class_purify_16
Current failed test : org.apache.commons.lang.ClassUtilsTest::test_getShortClassName_Class_purify_17 | 19/09/02 15:40
Already fixed : org.apache.commons.lang.ClassUtilsTest::test_getShortClassName_Class_purify_17
Current failed test : org.apache.commons.lang.ClassUtilsTest::test_getShortClassName_Class_purify_18 | 19/09/02 15:40
Already fixed : org.apache.commons.lang.ClassUtilsTest::test_getShortClassName_Class_purify_18
Current failed test : org.apache.commons.lang.ClassUtilsTest::test_getShortClassName_Class_purify_19 | 19/09/02 15:40
Already fixed : org.apache.commons.lang.ClassUtilsTest::test_getShortClassName_Class_purify_19
Current failed test : org.apache.commons.lang.ClassUtilsTest::test_getShortClassName_Class_purify_20 | 19/09/02 15:40
Already fixed : org.apache.commons.lang.ClassUtilsTest::test_getShortClassName_Class_purify_20
Current failed test : org.apache.commons.lang.ClassUtilsTest::test_getShortClassName_Class_purify_21 | 19/09/02 15:40
Already fixed : org.apache.commons.lang.ClassUtilsTest::test_getShortClassName_Class_purify_21
Current failed test : org.apache.commons.lang.ClassUtilsTest::test_getShortClassName_Class_purify_22 | 19/09/02 15:40
Already fixed : org.apache.commons.lang.ClassUtilsTest::test_getShortClassName_Class_purify_22
Current failed test : org.apache.commons.lang.ClassUtilsTest::test_getShortClassName_Class_purify_23 | 19/09/02 15:40
Already fixed : org.apache.commons.lang.ClassUtilsTest::test_getShortClassName_Class_purify_23
Current failed test : org.apache.commons.lang.ClassUtilsTest::test_getShortClassName_Class_purify_24 | 19/09/02 15:40
Already fixed : org.apache.commons.lang.ClassUtilsTest::test_getShortClassName_Class_purify_24
Current failed test : org.apache.commons.lang.ClassUtilsTest::test_getPackageName_Class_purify_4 | 19/09/02 15:40
Mon Sep 02 15:41:01 EDT 2019 org.apache.commons.lang.ClassUtils,170
Mon Sep 02 15:41:27 EDT 2019 org.apache.commons.lang.ClassUtils,230
Mon Sep 02 15:41:28 EDT 2019 org.apache.commons.lang.ClassUtils,229
Mon Sep 02 15:41:28 EDT 2019 org.apache.commons.lang.ClassUtils,232

----------------------------------------
----------------------------------------
Pass Single Test : [=>0,0]
if(cls==null){
return StringUtils.EMPTY;
}
return getPackageCanonicalName(cls.getName());

Time : 19/09/02 15:42
----------------------------------------

----------------------------------------
----------------------------------------
Similar code block : 2.5 : [/home/mmotwani/mywork1dir/Defects4Java7/defects4j/SIMFIX_RQ1/lang/lang_41_buggy/src/java/org/apache/commons/lang/ClassUtils.java=>0,0]
if(cls==null){
return StringUtils.EMPTY;
}
return getPackageCanonicalName(cls.getName());

Time : 19/09/02 15:42
----------------------------------------

----------------------------------------
----------------------------------------
Original source code : [/home/mmotwani/mywork1dir/Defects4Java7/defects4j/SIMFIX_RQ1/lang/lang_41_buggy/src/java/org/apache/commons/lang/ClassUtils.java=>229,232]
if(cls==null){
return StringUtils.EMPTY;
}
return getPackageName(cls.getName());

Time : 19/09/02 15:42
----------------------------------------

----------------------------------------
----------------------------------------
Find a patch : [/home/mmotwani/mywork1dir/Defects4Java7/defects4j/SIMFIX_RQ1/lang/lang_41_buggy/src/java/org/apache/commons/lang/ClassUtils.java=>229,232]
if(cls==null){
return StringUtils.EMPTY;
}
return getPackageCanonicalName(cls.getName());

Time : 19/09/02 15:42
----------------------------------------
Success time : 19/09/02 15:42
Current failed test : org.apache.commons.lang.ClassUtilsTest::test_getPackageName_Class_purify_13 | 19/09/02 15:42
Already fixed : org.apache.commons.lang.ClassUtilsTest::test_getPackageName_Class_purify_13
Current failed test : org.apache.commons.lang.ClassUtilsTest::test_getPackageName_Class_purify_14 | 19/09/02 15:42
Already fixed : org.apache.commons.lang.ClassUtilsTest::test_getPackageName_Class_purify_14
Current failed test : org.apache.commons.lang.ClassUtilsTest::test_getPackageName_Class_purify_15 | 19/09/02 15:42
Already fixed : org.apache.commons.lang.ClassUtilsTest::test_getPackageName_Class_purify_15
