=================================================
Project : lang_46	start : 19/09/02 15:24
Current failed test : org.apache.commons.lang.StringEscapeUtilsTest::testEscapeJavaWithSlash | 19/09/02 15:25
Mon Sep 02 15:26:18 EDT 2019 org.apache.commons.lang.StringEscapeUtils,244
Mon Sep 02 15:27:05 EDT 2019 org.apache.commons.lang.StringEscapeUtils,245
Mon Sep 02 15:28:08 EDT 2019 org.apache.commons.lang.StringEscapeUtils,246
Mon Sep 02 15:28:44 EDT 2019 org.apache.commons.lang.StringEscapeUtils,86

----------------------------------------
----------------------------------------
Pass Single Test : [=>0,0]
return unescapeJava(str);

Time : 19/09/02 15:29
----------------------------------------
Mon Sep 02 15:29:31 EDT 2019 org.apache.commons.lang.StringEscapeUtils,155
Mon Sep 02 15:31:49 EDT 2019 org.apache.commons.lang.StringEscapeUtils,159

----------------------------------------
----------------------------------------
Pass Single Test : [=>0,0]
if(str==null){
return null;
}
if(StringUtils.containsNone(str,CSV_SEARCH_CHARS)){
return str;
}
try{
StringWriter writer=new StringWriter(str.length()*2);
escapeJavaStyleString(writer,str,escapeSingleQuotes);
return writer.toString();
}catch (IOException ioe) {
  ioe.printStackTrace();
  return null;
}


Time : 19/09/02 15:32
----------------------------------------
Mon Sep 02 15:36:51 EDT 2019 org.apache.commons.lang.StringEscapeUtils,160
Mon Sep 02 15:36:51 EDT 2019 org.apache.commons.lang.StringEscapeUtils,161
Mon Sep 02 15:36:52 EDT 2019 org.apache.commons.lang.StringEscapeUtils,179
Mon Sep 02 15:36:54 EDT 2019 org.apache.commons.lang.StringEscapeUtils,182
Mon Sep 02 15:39:33 EDT 2019 org.apache.commons.lang.StringEscapeUtils,186
Mon Sep 02 15:45:13 EDT 2019 org.apache.commons.lang.StringEscapeUtils,187
Mon Sep 02 18:02:44 EDT 2019 org.apache.commons.lang.StringEscapeUtils,188
Mon Sep 02 18:02:48 EDT 2019 org.apache.commons.lang.StringEscapeUtils,191
Mon Sep 02 18:02:49 EDT 2019 org.apache.commons.lang.StringEscapeUtils,193
Mon Sep 02 18:02:50 EDT 2019 org.apache.commons.lang.StringEscapeUtils,195
Mon Sep 02 18:02:51 EDT 2019 org.apache.commons.lang.StringEscapeUtils,197
Mon Sep 02 18:02:52 EDT 2019 Mon Sep 02 18:02:52 EDT 2019 : org.apache.commons.lang.StringEscapeUtils,228=>Find no block
Mon Sep 02 18:02:52 EDT 2019 org.apache.commons.lang.StringEscapeUtils,248
Mon Sep 02 18:02:53 EDT 2019 Mon Sep 02 18:02:53 EDT 2019 : org.apache.commons.lang.StringEscapeUtils,253=>Find no block
Mon Sep 02 18:02:53 EDT 2019 Mon Sep 02 18:02:53 EDT 2019 : org.apache.commons.lang.StringEscapeUtils,45=>Find no block
Mon Sep 02 18:02:54 EDT 2019 Mon Sep 02 18:02:54 EDT 2019 : org.apache.commons.lang.StringEscapeUtils,46=>Find no block
Mon Sep 02 18:02:55 EDT 2019 org.apache.commons.lang.exception.NestableRuntimeException,60
Mon Sep 02 18:02:58 EDT 2019 Mon Sep 02 18:02:58 EDT 2019 : org.apache.commons.lang.exception.NestableRuntimeException,47=>Find no block
Mon Sep 02 18:02:58 EDT 2019 Mon Sep 02 18:02:58 EDT 2019 : org.apache.commons.lang.exception.NestableRuntimeException,53=>Find no block
Mon Sep 02 18:02:59 EDT 2019 Mon Sep 02 18:02:59 EDT 2019 : org.apache.commons.lang.exception.NestableRuntimeException,61=>Find no block
Mon Sep 02 18:03:00 EDT 2019 org.apache.commons.lang.exception.NestableRuntimeException,70
Mon Sep 02 18:03:09 EDT 2019 Mon Sep 02 18:03:09 EDT 2019 : org.apache.commons.lang.exception.NestableRuntimeException,71=>Find no block
Mon Sep 02 18:03:10 EDT 2019 org.apache.commons.lang.exception.NestableRuntimeException,81
Mon Sep 02 18:03:12 EDT 2019 org.apache.commons.lang.exception.NestableRuntimeException,82
Mon Sep 02 18:03:12 EDT 2019 Mon Sep 02 18:03:12 EDT 2019 : org.apache.commons.lang.exception.NestableRuntimeException,83=>Find no block
Mon Sep 02 18:03:13 EDT 2019 org.apache.commons.lang.exception.NestableRuntimeException,94
Mon Sep 02 18:03:21 EDT 2019 org.apache.commons.lang.exception.NestableRuntimeException,95
Mon Sep 02 18:03:22 EDT 2019 Mon Sep 02 18:03:22 EDT 2019 : org.apache.commons.lang.exception.NestableRuntimeException,96=>Find no block
Mon Sep 02 18:03:22 EDT 2019 org.apache.commons.lang.exception.NestableRuntimeException,102
Mon Sep 02 18:03:25 EDT 2019 org.apache.commons.lang.exception.NestableRuntimeException,113
Mon Sep 02 18:03:56 EDT 2019 org.apache.commons.lang.exception.NestableRuntimeException,114
Mon Sep 02 18:03:57 EDT 2019 org.apache.commons.lang.exception.NestableRuntimeException,115
Mon Sep 02 18:03:58 EDT 2019 org.apache.commons.lang.exception.NestableRuntimeException,116
Mon Sep 02 18:03:59 EDT 2019 org.apache.commons.lang.exception.NestableRuntimeException,118
Mon Sep 02 18:04:01 EDT 2019 org.apache.commons.lang.exception.NestableRuntimeException,126
Mon Sep 02 18:04:39 EDT 2019 org.apache.commons.lang.exception.NestableRuntimeException,127
Mon Sep 02 18:04:40 EDT 2019 org.apache.commons.lang.exception.NestableRuntimeException,129
Mon Sep 02 18:05:48 EDT 2019 org.apache.commons.lang.exception.NestableRuntimeException,136
Mon Sep 02 18:05:50 EDT 2019 org.apache.commons.lang.exception.NestableRuntimeException,143
Mon Sep 02 18:05:51 EDT 2019 org.apache.commons.lang.exception.NestableRuntimeException,150
Mon Sep 02 18:05:53 EDT 2019 org.apache.commons.lang.exception.NestableRuntimeException,157
Mon Sep 02 18:05:56 EDT 2019 org.apache.commons.lang.exception.NestableRuntimeException,164
Mon Sep 02 18:06:24 EDT 2019 org.apache.commons.lang.exception.NestableRuntimeException,171
Mon Sep 02 18:07:03 EDT 2019 org.apache.commons.lang.exception.NestableRuntimeException,178
Mon Sep 02 18:07:05 EDT 2019 Mon Sep 02 18:07:05 EDT 2019 : org.apache.commons.lang.exception.NestableRuntimeException,179=>Find no block
Mon Sep 02 18:07:05 EDT 2019 org.apache.commons.lang.exception.NestableRuntimeException,185
Mon Sep 02 18:07:40 EDT 2019 Mon Sep 02 18:07:40 EDT 2019 : org.apache.commons.lang.exception.NestableRuntimeException,186=>Find no block
Mon Sep 02 18:07:40 EDT 2019 org.apache.commons.lang.exception.NestableRuntimeException,192
Mon Sep 02 18:07:41 EDT 2019 Mon Sep 02 18:07:41 EDT 2019 : org.apache.commons.lang.exception.NestableRuntimeException,193=>Find no block
Mon Sep 02 18:07:41 EDT 2019 org.apache.commons.lang.exception.NestableRuntimeException,199
Mon Sep 02 18:07:44 EDT 2019 Mon Sep 02 18:07:44 EDT 2019 : org.apache.commons.lang.exception.NestableRuntimeException,200=>Find no block
Mon Sep 02 18:07:44 EDT 2019 org.apache.commons.lang.StringEscapeUtils,59
Mon Sep 02 18:07:45 EDT 2019 Mon Sep 02 18:07:45 EDT 2019 : org.apache.commons.lang.StringEscapeUtils,60=>Find no block
Mon Sep 02 18:07:46 EDT 2019 org.apache.commons.lang.StringEscapeUtils,102
Mon Sep 02 18:07:48 EDT 2019 Mon Sep 02 18:07:48 EDT 2019 : org.apache.commons.lang.StringEscapeUtils,103=>Find no block
Mon Sep 02 18:07:49 EDT 2019 org.apache.commons.lang.StringEscapeUtils,127
Mon Sep 02 18:08:24 EDT 2019 org.apache.commons.lang.StringEscapeUtils,143
Mon Sep 02 18:08:27 EDT 2019 Mon Sep 02 18:08:27 EDT 2019 : org.apache.commons.lang.StringEscapeUtils,144=>Find no block
Mon Sep 02 18:08:27 EDT 2019 org.apache.commons.lang.StringEscapeUtils,156
Mon Sep 02 18:08:28 EDT 2019 Mon Sep 02 18:08:28 EDT 2019 : org.apache.commons.lang.StringEscapeUtils,162=>Find no block
Mon Sep 02 18:08:28 EDT 2019 org.apache.commons.lang.StringEscapeUtils,164
Mon Sep 02 18:08:28 EDT 2019 org.apache.commons.lang.StringEscapeUtils,165
Mon Sep 02 18:08:29 EDT 2019 org.apache.commons.lang.StringEscapeUtils,180
Mon Sep 02 18:08:29 EDT 2019 org.apache.commons.lang.StringEscapeUtils,183
Mon Sep 02 18:08:30 EDT 2019 org.apache.commons.lang.StringEscapeUtils,192
Mon Sep 02 18:08:33 EDT 2019 org.apache.commons.lang.StringEscapeUtils,194
Mon Sep 02 18:08:35 EDT 2019 org.apache.commons.lang.StringEscapeUtils,196
Mon Sep 02 18:08:36 EDT 2019 Mon Sep 02 18:08:36 EDT 2019 : org.apache.commons.lang.StringEscapeUtils,198=>Find no block
Mon Sep 02 18:08:37 EDT 2019 org.apache.commons.lang.StringEscapeUtils,200
Mon Sep 02 18:09:29 EDT 2019 org.apache.commons.lang.StringEscapeUtils,201
Mon Sep 02 18:09:30 EDT 2019 org.apache.commons.lang.StringEscapeUtils,202
Mon Sep 02 18:09:38 EDT 2019 org.apache.commons.lang.StringEscapeUtils,204
Mon Sep 02 18:10:36 EDT 2019 org.apache.commons.lang.StringEscapeUtils,205
Mon Sep 02 18:10:37 EDT 2019 org.apache.commons.lang.StringEscapeUtils,206
Mon Sep 02 18:10:44 EDT 2019 org.apache.commons.lang.StringEscapeUtils,208
Mon Sep 02 18:11:40 EDT 2019 org.apache.commons.lang.StringEscapeUtils,209
Mon Sep 02 18:11:40 EDT 2019 org.apache.commons.lang.StringEscapeUtils,210
Mon Sep 02 18:11:48 EDT 2019 org.apache.commons.lang.StringEscapeUtils,212
Mon Sep 02 18:12:43 EDT 2019 org.apache.commons.lang.StringEscapeUtils,213
Mon Sep 02 18:12:44 EDT 2019 org.apache.commons.lang.StringEscapeUtils,214
Mon Sep 02 18:12:51 EDT 2019 org.apache.commons.lang.StringEscapeUtils,216
Mon Sep 02 18:13:42 EDT 2019 org.apache.commons.lang.StringEscapeUtils,217
Mon Sep 02 18:13:43 EDT 2019 org.apache.commons.lang.StringEscapeUtils,218
Mon Sep 02 18:14:21 EDT 2019 org.apache.commons.lang.StringEscapeUtils,220
Mon Sep 02 18:14:22 EDT 2019 org.apache.commons.lang.StringEscapeUtils,221
Mon Sep 02 18:14:22 EDT 2019 org.apache.commons.lang.StringEscapeUtils,223
Mon Sep 02 18:14:23 EDT 2019 org.apache.commons.lang.StringEscapeUtils,225
Mon Sep 02 18:14:23 EDT 2019 org.apache.commons.lang.StringEscapeUtils,230
Mon Sep 02 18:14:24 EDT 2019 org.apache.commons.lang.StringEscapeUtils,231
Mon Sep 02 18:14:25 EDT 2019 org.apache.commons.lang.StringEscapeUtils,233
Mon Sep 02 18:14:26 EDT 2019 org.apache.commons.lang.StringEscapeUtils,234
Mon Sep 02 18:14:32 EDT 2019 org.apache.commons.lang.StringEscapeUtils,236
Mon Sep 02 18:15:20 EDT 2019 org.apache.commons.lang.StringEscapeUtils,237
Mon Sep 02 18:15:20 EDT 2019 org.apache.commons.lang.StringEscapeUtils,238
Mon Sep 02 18:15:27 EDT 2019 org.apache.commons.lang.StringEscapeUtils,240
Mon Sep 02 18:16:14 EDT 2019 org.apache.commons.lang.StringEscapeUtils,241
Mon Sep 02 18:16:15 EDT 2019 org.apache.commons.lang.StringEscapeUtils,242
Mon Sep 02 18:16:23 EDT 2019 org.apache.commons.lang.StringEscapeUtils,263
Mon Sep 02 18:17:09 EDT 2019 org.apache.commons.lang.StringEscapeUtils,276
Mon Sep 02 18:17:10 EDT 2019 org.apache.commons.lang.StringEscapeUtils,277
Mon Sep 02 18:17:10 EDT 2019 org.apache.commons.lang.StringEscapeUtils,280
Mon Sep 02 18:22:23 EDT 2019 org.apache.commons.lang.StringEscapeUtils,281
Mon Sep 02 18:22:24 EDT 2019 org.apache.commons.lang.StringEscapeUtils,282
Mon Sep 02 18:22:24 EDT 2019 Mon Sep 02 18:22:24 EDT 2019 : org.apache.commons.lang.StringEscapeUtils,283=>Find no block
Mon Sep 02 18:22:25 EDT 2019 org.apache.commons.lang.StringEscapeUtils,285
Mon Sep 02 18:22:26 EDT 2019 org.apache.commons.lang.StringEscapeUtils,286
Mon Sep 02 18:22:26 EDT 2019 org.apache.commons.lang.StringEscapeUtils,306
Mon Sep 02 18:22:27 EDT 2019 org.apache.commons.lang.StringEscapeUtils,307
Mon Sep 02 18:22:27 EDT 2019 org.apache.commons.lang.StringEscapeUtils,309
Mon Sep 02 18:22:28 EDT 2019 org.apache.commons.lang.StringEscapeUtils,310
Mon Sep 02 18:22:28 EDT 2019 org.apache.commons.lang.StringEscapeUtils,312
Mon Sep 02 18:31:34 EDT 2019 org.apache.commons.lang.StringEscapeUtils,313
Mon Sep 02 18:36:25 EDT 2019 org.apache.commons.lang.StringEscapeUtils,314
Mon Sep 02 18:36:27 EDT 2019 org.apache.commons.lang.StringEscapeUtils,315
Mon Sep 02 18:36:27 EDT 2019 org.apache.commons.lang.StringEscapeUtils,316
Mon Sep 02 19:28:03 EDT 2019 org.apache.commons.lang.StringEscapeUtils,317
Mon Sep 02 19:28:12 EDT 2019 org.apache.commons.lang.StringEscapeUtils,318
Mon Sep 02 19:28:13 EDT 2019 org.apache.commons.lang.StringEscapeUtils,321
Mon Sep 02 19:33:57 EDT 2019 org.apache.commons.lang.StringEscapeUtils,322
Mon Sep 02 19:33:57 EDT 2019 org.apache.commons.lang.StringEscapeUtils,326
Mon Sep 02 19:33:58 EDT 2019 org.apache.commons.lang.StringEscapeUtils,327
Mon Sep 02 19:33:58 EDT 2019 org.apache.commons.lang.StringEscapeUtils,328
Mon Sep 02 19:33:59 EDT 2019 org.apache.commons.lang.StringEscapeUtils,329
Mon Sep 02 19:33:59 EDT 2019 org.apache.commons.lang.StringEscapeUtils,330
Mon Sep 02 19:34:00 EDT 2019 Mon Sep 02 19:34:00 EDT 2019 : org.apache.commons.lang.StringEscapeUtils,333=>Find no block
Mon Sep 02 19:34:01 EDT 2019 Mon Sep 02 19:34:01 EDT 2019 : org.apache.commons.lang.StringEscapeUtils,331=>Find no block
Mon Sep 02 19:34:02 EDT 2019 org.apache.commons.lang.StringEscapeUtils,332
Mon Sep 02 19:34:02 EDT 2019 org.apache.commons.lang.StringEscapeUtils,337
Mon Sep 02 19:34:03 EDT 2019 org.apache.commons.lang.StringEscapeUtils,339
Mon Sep 02 19:34:04 EDT 2019 Mon Sep 02 19:34:04 EDT 2019 : org.apache.commons.lang.StringEscapeUtils,340=>Find no block
Mon Sep 02 19:34:04 EDT 2019 org.apache.commons.lang.StringEscapeUtils,342
Mon Sep 02 19:34:05 EDT 2019 org.apache.commons.lang.StringEscapeUtils,343
Mon Sep 02 19:34:51 EDT 2019 org.apache.commons.lang.StringEscapeUtils,345
Mon Sep 02 19:34:52 EDT 2019 org.apache.commons.lang.StringEscapeUtils,346
Mon Sep 02 19:35:38 EDT 2019 org.apache.commons.lang.StringEscapeUtils,348
Mon Sep 02 19:35:39 EDT 2019 org.apache.commons.lang.StringEscapeUtils,349
Mon Sep 02 19:36:31 EDT 2019 org.apache.commons.lang.StringEscapeUtils,351
Mon Sep 02 19:36:31 EDT 2019 org.apache.commons.lang.StringEscapeUtils,352
Mon Sep 02 19:37:22 EDT 2019 org.apache.commons.lang.StringEscapeUtils,354
Mon Sep 02 19:37:22 EDT 2019 org.apache.commons.lang.StringEscapeUtils,355
Mon Sep 02 19:38:14 EDT 2019 org.apache.commons.lang.StringEscapeUtils,357
Mon Sep 02 19:38:15 EDT 2019 org.apache.commons.lang.StringEscapeUtils,358
Mon Sep 02 19:39:02 EDT 2019 org.apache.commons.lang.StringEscapeUtils,360
Mon Sep 02 19:39:03 EDT 2019 org.apache.commons.lang.StringEscapeUtils,361
Mon Sep 02 19:39:54 EDT 2019 org.apache.commons.lang.StringEscapeUtils,363
Mon Sep 02 19:39:55 EDT 2019 org.apache.commons.lang.StringEscapeUtils,364
Mon Sep 02 19:40:45 EDT 2019 org.apache.commons.lang.StringEscapeUtils,368
Mon Sep 02 19:40:47 EDT 2019 org.apache.commons.lang.StringEscapeUtils,369
Mon Sep 02 19:40:47 EDT 2019 org.apache.commons.lang.StringEscapeUtils,372
Mon Sep 02 19:40:48 EDT 2019 org.apache.commons.lang.StringEscapeUtils,373
Mon Sep 02 19:40:48 EDT 2019 org.apache.commons.lang.StringEscapeUtils,376
Mon Sep 02 19:40:48 EDT 2019 org.apache.commons.lang.StringEscapeUtils,377
Mon Sep 02 19:40:49 EDT 2019 org.apache.commons.lang.StringEscapeUtils,378
Mon Sep 02 19:40:50 EDT 2019 org.apache.commons.lang.StringEscapeUtils,380
Mon Sep 02 20:11:36 EDT 2019 org.apache.commons.lang.StringEscapeUtils,382
Mon Sep 02 20:12:43 EDT 2019 org.apache.commons.lang.StringEscapeUtils,385
Mon Sep 02 20:12:44 EDT 2019 Mon Sep 02 20:12:44 EDT 2019 : org.apache.commons.lang.StringEscapeUtils,387=>Find no block
Mon Sep 02 20:12:44 EDT 2019 org.apache.commons.lang.StringEscapeUtils,401
Mon Sep 02 20:13:07 EDT 2019 org.apache.commons.lang.StringEscapeUtils,421
Mon Sep 02 20:13:09 EDT 2019 Mon Sep 02 20:13:09 EDT 2019 : org.apache.commons.lang.StringEscapeUtils,422=>Find no block
Mon Sep 02 20:13:10 EDT 2019 org.apache.commons.lang.StringEscapeUtils,453
Mon Sep 02 20:13:10 EDT 2019 org.apache.commons.lang.StringEscapeUtils,454
Mon Sep 02 20:13:10 EDT 2019 org.apache.commons.lang.StringEscapeUtils,457
Mon Sep 02 20:16:55 EDT 2019 org.apache.commons.lang.StringEscapeUtils,458
Mon Sep 02 20:16:55 EDT 2019 org.apache.commons.lang.StringEscapeUtils,459
Mon Sep 02 20:16:55 EDT 2019 Mon Sep 02 20:16:55 EDT 2019 : org.apache.commons.lang.StringEscapeUtils,460=>Find no block
Mon Sep 02 20:16:56 EDT 2019 org.apache.commons.lang.StringEscapeUtils,463
Mon Sep 02 20:16:56 EDT 2019 org.apache.commons.lang.StringEscapeUtils,464
Mon Sep 02 20:16:57 EDT 2019 org.apache.commons.lang.StringEscapeUtils,498
Mon Sep 02 20:17:03 EDT 2019 org.apache.commons.lang.StringEscapeUtils,499
Mon Sep 02 20:17:03 EDT 2019 org.apache.commons.lang.StringEscapeUtils,501
Mon Sep 02 20:17:21 EDT 2019 org.apache.commons.lang.StringEscapeUtils,502
Mon Sep 02 20:17:22 EDT 2019 org.apache.commons.lang.StringEscapeUtils,504
Mon Sep 02 20:17:56 EDT 2019 Mon Sep 02 20:17:56 EDT 2019 : org.apache.commons.lang.StringEscapeUtils,505=>Find no block
Mon Sep 02 20:17:57 EDT 2019 org.apache.commons.lang.StringEscapeUtils,525
Mon Sep 02 20:17:57 EDT 2019 org.apache.commons.lang.StringEscapeUtils,526
Mon Sep 02 20:17:57 EDT 2019 org.apache.commons.lang.StringEscapeUtils,529
Mon Sep 02 20:21:34 EDT 2019 org.apache.commons.lang.StringEscapeUtils,530
Mon Sep 02 20:21:34 EDT 2019 org.apache.commons.lang.StringEscapeUtils,531
Mon Sep 02 20:21:34 EDT 2019 Mon Sep 02 20:21:34 EDT 2019 : org.apache.commons.lang.StringEscapeUtils,532=>Find no block
Mon Sep 02 20:21:35 EDT 2019 org.apache.commons.lang.StringEscapeUtils,535
Mon Sep 02 20:21:35 EDT 2019 org.apache.commons.lang.StringEscapeUtils,536
Mon Sep 02 20:21:35 EDT 2019 org.apache.commons.lang.StringEscapeUtils,559
Mon Sep 02 20:21:36 EDT 2019 org.apache.commons.lang.StringEscapeUtils,560
Mon Sep 02 20:21:36 EDT 2019 org.apache.commons.lang.StringEscapeUtils,562
Mon Sep 02 20:21:36 EDT 2019 org.apache.commons.lang.StringEscapeUtils,563
Mon Sep 02 20:21:37 EDT 2019 org.apache.commons.lang.StringEscapeUtils,565
Mon Sep 02 20:22:14 EDT 2019 Mon Sep 02 20:22:14 EDT 2019 : org.apache.commons.lang.StringEscapeUtils,566=>Find no block
Mon Sep 02 20:22:14 EDT 2019 org.apache.commons.lang.StringEscapeUtils,589
Mon Sep 02 20:22:15 EDT 2019 org.apache.commons.lang.StringEscapeUtils,590
Mon Sep 02 20:22:15 EDT 2019 org.apache.commons.lang.StringEscapeUtils,592
Mon Sep 02 20:22:15 EDT 2019 org.apache.commons.lang.StringEscapeUtils,593
Mon Sep 02 20:22:16 EDT 2019 org.apache.commons.lang.StringEscapeUtils,595
Mon Sep 02 20:25:25 EDT 2019 Mon Sep 02 20:25:25 EDT 2019 : org.apache.commons.lang.StringEscapeUtils,596=>Find no block
Failed time : 19/09/02 20:25
