=================================================
Project : lang_48	start : 19/09/02 15:24
Current failed test : org.apache.commons.lang.builder.EqualsBuilderTest::testBigDecimal | 19/09/02 15:25
Mon Sep 02 15:26:03 EDT 2019 org.apache.commons.lang.builder.EqualsBuilder,372
Mon Sep 02 15:27:11 EDT 2019 org.apache.commons.lang.builder.EqualsBuilder,381
Mon Sep 02 15:27:14 EDT 2019 org.apache.commons.lang.builder.EqualsBuilder,368
Mon Sep 02 15:27:16 EDT 2019 org.apache.commons.lang.builder.EqualsBuilder,371
Mon Sep 02 15:27:16 EDT 2019 org.apache.commons.lang.builder.EqualsBuilder,374
Mon Sep 02 15:27:29 EDT 2019 org.apache.commons.lang.builder.EqualsBuilder,378
Mon Sep 02 15:28:35 EDT 2019 org.apache.commons.lang.builder.EqualsBuilder,379
Mon Sep 02 15:30:47 EDT 2019 org.apache.commons.lang.builder.EqualsBuilder,408
Mon Sep 02 15:31:47 EDT 2019 org.apache.commons.lang.builder.EqualsBuilder,831
Mon Sep 02 15:31:49 EDT 2019 Mon Sep 02 15:31:49 EDT 2019 : org.apache.commons.lang.builder.EqualsBuilder,100=>Find no block
Mon Sep 02 15:31:50 EDT 2019 Mon Sep 02 15:31:50 EDT 2019 : org.apache.commons.lang.builder.EqualsBuilder,92=>Find no block
Mon Sep 02 15:31:50 EDT 2019 Mon Sep 02 15:31:50 EDT 2019 : org.apache.commons.lang.builder.EqualsBuilder,102=>Find no block
Mon Sep 02 15:31:51 EDT 2019 org.apache.commons.lang.builder.EqualsBuilder,125
Mon Sep 02 15:31:58 EDT 2019 org.apache.commons.lang.builder.EqualsBuilder,148
Mon Sep 02 15:32:10 EDT 2019 org.apache.commons.lang.builder.EqualsBuilder,171
Mon Sep 02 15:32:43 EDT 2019 org.apache.commons.lang.builder.EqualsBuilder,195
Mon Sep 02 15:33:09 EDT 2019 org.apache.commons.lang.builder.EqualsBuilder,224
Mon Sep 02 15:33:38 EDT 2019 org.apache.commons.lang.builder.EqualsBuilder,255
Mon Sep 02 15:34:17 EDT 2019 org.apache.commons.lang.builder.EqualsBuilder,256
Mon Sep 02 15:34:17 EDT 2019 org.apache.commons.lang.builder.EqualsBuilder,258
Mon Sep 02 15:34:40 EDT 2019 org.apache.commons.lang.builder.EqualsBuilder,259
Mon Sep 02 15:34:41 EDT 2019 org.apache.commons.lang.builder.EqualsBuilder,265
Mon Sep 02 15:35:53 EDT 2019 org.apache.commons.lang.builder.EqualsBuilder,266
Mon Sep 02 15:37:09 EDT 2019 org.apache.commons.lang.builder.EqualsBuilder,268
Mon Sep 02 15:39:26 EDT 2019 org.apache.commons.lang.builder.EqualsBuilder,269
Mon Sep 02 15:40:02 EDT 2019 org.apache.commons.lang.builder.EqualsBuilder,270
Mon Sep 02 15:40:02 EDT 2019 org.apache.commons.lang.builder.EqualsBuilder,272
Mon Sep 02 15:40:03 EDT 2019 org.apache.commons.lang.builder.EqualsBuilder,274
Mon Sep 02 15:40:03 EDT 2019 org.apache.commons.lang.builder.EqualsBuilder,275
Mon Sep 02 15:40:04 EDT 2019 org.apache.commons.lang.builder.EqualsBuilder,276
Mon Sep 02 15:40:05 EDT 2019 org.apache.commons.lang.builder.EqualsBuilder,278
Mon Sep 02 15:40:06 EDT 2019 org.apache.commons.lang.builder.EqualsBuilder,282
Mon Sep 02 15:40:07 EDT 2019 org.apache.commons.lang.builder.EqualsBuilder,284
Mon Sep 02 15:40:34 EDT 2019 org.apache.commons.lang.builder.EqualsBuilder,286
Mon Sep 02 15:42:51 EDT 2019 org.apache.commons.lang.builder.EqualsBuilder,287
Mon Sep 02 15:45:02 EDT 2019 org.apache.commons.lang.builder.EqualsBuilder,288
Mon Sep 02 15:45:02 EDT 2019 org.apache.commons.lang.builder.EqualsBuilder,289
Mon Sep 02 15:45:03 EDT 2019 Mon Sep 02 15:45:03 EDT 2019 : org.apache.commons.lang.builder.EqualsBuilder,298=>Find no block
Mon Sep 02 15:45:03 EDT 2019 Mon Sep 02 15:45:03 EDT 2019 : org.apache.commons.lang.builder.EqualsBuilder,291=>Find no block
Mon Sep 02 15:45:05 EDT 2019 org.apache.commons.lang.builder.EqualsBuilder,297
Mon Sep 02 15:45:43 EDT 2019 org.apache.commons.lang.builder.EqualsBuilder,299
Mon Sep 02 15:46:28 EDT 2019 org.apache.commons.lang.builder.EqualsBuilder,320
Mon Sep 02 15:47:22 EDT 2019 org.apache.commons.lang.builder.EqualsBuilder,321
Mon Sep 02 15:47:23 EDT 2019 org.apache.commons.lang.builder.EqualsBuilder,322
Mon Sep 02 15:52:44 EDT 2019 org.apache.commons.lang.builder.EqualsBuilder,323
Mon Sep 02 15:52:51 EDT 2019 org.apache.commons.lang.builder.EqualsBuilder,324
Mon Sep 02 15:52:51 EDT 2019 org.apache.commons.lang.builder.EqualsBuilder,325
Mon Sep 02 15:52:53 EDT 2019 org.apache.commons.lang.builder.EqualsBuilder,330
Mon Sep 02 15:52:56 EDT 2019 Mon Sep 02 15:52:56 EDT 2019 : org.apache.commons.lang.builder.EqualsBuilder,335=>Find no block
Mon Sep 02 15:52:58 EDT 2019 Mon Sep 02 15:52:58 EDT 2019 : org.apache.commons.lang.builder.EqualsBuilder,331=>Find no block
Mon Sep 02 15:52:59 EDT 2019 org.apache.commons.lang.builder.EqualsBuilder,334
Mon Sep 02 15:53:00 EDT 2019 Mon Sep 02 15:53:00 EDT 2019 : org.apache.commons.lang.builder.EqualsBuilder,338=>Find no block
Mon Sep 02 15:53:01 EDT 2019 org.apache.commons.lang.builder.EqualsBuilder,350
Mon Sep 02 15:53:02 EDT 2019 org.apache.commons.lang.builder.EqualsBuilder,351
Mon Sep 02 15:53:05 EDT 2019 org.apache.commons.lang.builder.EqualsBuilder,353
Mon Sep 02 15:53:25 EDT 2019 org.apache.commons.lang.builder.EqualsBuilder,354
Mon Sep 02 15:53:26 EDT 2019 org.apache.commons.lang.builder.EqualsBuilder,369
Mon Sep 02 15:53:30 EDT 2019 org.apache.commons.lang.builder.EqualsBuilder,375
Mon Sep 02 15:53:31 EDT 2019 org.apache.commons.lang.builder.EqualsBuilder,376
Mon Sep 02 15:53:36 EDT 2019 org.apache.commons.lang.builder.EqualsBuilder,382
Mon Sep 02 15:53:39 EDT 2019 org.apache.commons.lang.builder.EqualsBuilder,384
Mon Sep 02 15:53:46 EDT 2019 org.apache.commons.lang.builder.EqualsBuilder,388
Mon Sep 02 15:53:46 EDT 2019 org.apache.commons.lang.builder.EqualsBuilder,389
Mon Sep 02 15:53:50 EDT 2019 org.apache.commons.lang.builder.EqualsBuilder,390
Mon Sep 02 15:53:55 EDT 2019 org.apache.commons.lang.builder.EqualsBuilder,391
Mon Sep 02 15:54:00 EDT 2019 org.apache.commons.lang.builder.EqualsBuilder,392
Mon Sep 02 15:54:01 EDT 2019 org.apache.commons.lang.builder.EqualsBuilder,393
Mon Sep 02 15:54:07 EDT 2019 org.apache.commons.lang.builder.EqualsBuilder,394
Mon Sep 02 15:54:12 EDT 2019 org.apache.commons.lang.builder.EqualsBuilder,395
Mon Sep 02 15:54:15 EDT 2019 org.apache.commons.lang.builder.EqualsBuilder,396
Mon Sep 02 15:54:18 EDT 2019 org.apache.commons.lang.builder.EqualsBuilder,397
Mon Sep 02 15:54:23 EDT 2019 org.apache.commons.lang.builder.EqualsBuilder,398
Mon Sep 02 15:54:23 EDT 2019 org.apache.commons.lang.builder.EqualsBuilder,399
Mon Sep 02 15:54:25 EDT 2019 org.apache.commons.lang.builder.EqualsBuilder,400
Mon Sep 02 15:54:27 EDT 2019 org.apache.commons.lang.builder.EqualsBuilder,401
Mon Sep 02 15:54:29 EDT 2019 org.apache.commons.lang.builder.EqualsBuilder,402
Mon Sep 02 15:54:33 EDT 2019 org.apache.commons.lang.builder.EqualsBuilder,403
Mon Sep 02 15:54:34 EDT 2019 org.apache.commons.lang.builder.EqualsBuilder,406
Mon Sep 02 15:54:35 EDT 2019 org.apache.commons.lang.builder.EqualsBuilder,423
Mon Sep 02 15:54:36 EDT 2019 org.apache.commons.lang.builder.EqualsBuilder,424
Mon Sep 02 15:54:37 EDT 2019 org.apache.commons.lang.builder.EqualsBuilder,426
Mon Sep 02 15:54:48 EDT 2019 org.apache.commons.lang.builder.EqualsBuilder,427
Mon Sep 02 15:54:51 EDT 2019 org.apache.commons.lang.builder.EqualsBuilder,438
Mon Sep 02 15:54:53 EDT 2019 org.apache.commons.lang.builder.EqualsBuilder,439
Mon Sep 02 15:54:55 EDT 2019 org.apache.commons.lang.builder.EqualsBuilder,441
Mon Sep 02 15:54:59 EDT 2019 org.apache.commons.lang.builder.EqualsBuilder,442
Mon Sep 02 15:55:00 EDT 2019 org.apache.commons.lang.builder.EqualsBuilder,453
Mon Sep 02 15:55:01 EDT 2019 org.apache.commons.lang.builder.EqualsBuilder,454
Mon Sep 02 15:55:02 EDT 2019 org.apache.commons.lang.builder.EqualsBuilder,456
Mon Sep 02 15:55:07 EDT 2019 org.apache.commons.lang.builder.EqualsBuilder,457
Mon Sep 02 15:55:09 EDT 2019 org.apache.commons.lang.builder.EqualsBuilder,468
Mon Sep 02 15:55:14 EDT 2019 org.apache.commons.lang.builder.EqualsBuilder,469
Mon Sep 02 15:55:17 EDT 2019 org.apache.commons.lang.builder.EqualsBuilder,471
Mon Sep 02 15:55:19 EDT 2019 org.apache.commons.lang.builder.EqualsBuilder,472
Mon Sep 02 15:55:22 EDT 2019 org.apache.commons.lang.builder.EqualsBuilder,483
Mon Sep 02 15:55:22 EDT 2019 org.apache.commons.lang.builder.EqualsBuilder,484
Mon Sep 02 15:55:25 EDT 2019 org.apache.commons.lang.builder.EqualsBuilder,486
Mon Sep 02 15:55:26 EDT 2019 org.apache.commons.lang.builder.EqualsBuilder,487
Mon Sep 02 15:55:27 EDT 2019 org.apache.commons.lang.builder.EqualsBuilder,504
Mon Sep 02 15:55:27 EDT 2019 org.apache.commons.lang.builder.EqualsBuilder,505
Mon Sep 02 15:55:32 EDT 2019 org.apache.commons.lang.builder.EqualsBuilder,507
Mon Sep 02 15:56:51 EDT 2019 org.apache.commons.lang.builder.EqualsBuilder,524
Mon Sep 02 15:56:55 EDT 2019 org.apache.commons.lang.builder.EqualsBuilder,525
Mon Sep 02 15:56:56 EDT 2019 org.apache.commons.lang.builder.EqualsBuilder,527
Mon Sep 02 15:58:18 EDT 2019 org.apache.commons.lang.builder.EqualsBuilder,538
Mon Sep 02 15:58:20 EDT 2019 org.apache.commons.lang.builder.EqualsBuilder,539
Mon Sep 02 15:58:20 EDT 2019 org.apache.commons.lang.builder.EqualsBuilder,541
Mon Sep 02 15:58:21 EDT 2019 org.apache.commons.lang.builder.EqualsBuilder,542
Mon Sep 02 15:58:24 EDT 2019 org.apache.commons.lang.builder.EqualsBuilder,556
Mon Sep 02 15:58:27 EDT 2019 org.apache.commons.lang.builder.EqualsBuilder,557
Mon Sep 02 15:58:30 EDT 2019 org.apache.commons.lang.builder.EqualsBuilder,559
Mon Sep 02 15:58:33 EDT 2019 org.apache.commons.lang.builder.EqualsBuilder,560
Mon Sep 02 15:58:34 EDT 2019 org.apache.commons.lang.builder.EqualsBuilder,562
Mon Sep 02 15:58:38 EDT 2019 org.apache.commons.lang.builder.EqualsBuilder,563
Mon Sep 02 15:58:42 EDT 2019 org.apache.commons.lang.builder.EqualsBuilder,564
Mon Sep 02 15:58:44 EDT 2019 org.apache.commons.lang.builder.EqualsBuilder,566
Mon Sep 02 16:00:58 EDT 2019 org.apache.commons.lang.builder.EqualsBuilder,567
Mon Sep 02 16:00:59 EDT 2019 org.apache.commons.lang.builder.EqualsBuilder,568
Mon Sep 02 16:01:00 EDT 2019 org.apache.commons.lang.builder.EqualsBuilder,570
Mon Sep 02 16:03:31 EDT 2019 org.apache.commons.lang.builder.EqualsBuilder,571
Mon Sep 02 16:03:31 EDT 2019 org.apache.commons.lang.builder.EqualsBuilder,573
Mon Sep 02 16:05:51 EDT 2019 org.apache.commons.lang.builder.EqualsBuilder,587
Mon Sep 02 16:05:51 EDT 2019 org.apache.commons.lang.builder.EqualsBuilder,588
Mon Sep 02 16:05:53 EDT 2019 org.apache.commons.lang.builder.EqualsBuilder,590
Mon Sep 02 16:05:53 EDT 2019 org.apache.commons.lang.builder.EqualsBuilder,591
Mon Sep 02 16:05:54 EDT 2019 org.apache.commons.lang.builder.EqualsBuilder,593
Mon Sep 02 16:05:55 EDT 2019 org.apache.commons.lang.builder.EqualsBuilder,594
Mon Sep 02 16:05:56 EDT 2019 org.apache.commons.lang.builder.EqualsBuilder,595
Mon Sep 02 16:05:56 EDT 2019 org.apache.commons.lang.builder.EqualsBuilder,597
Mon Sep 02 16:05:57 EDT 2019 org.apache.commons.lang.builder.EqualsBuilder,598
Mon Sep 02 16:05:57 EDT 2019 org.apache.commons.lang.builder.EqualsBuilder,599
Mon Sep 02 16:05:58 EDT 2019 org.apache.commons.lang.builder.EqualsBuilder,601
Mon Sep 02 16:05:59 EDT 2019 org.apache.commons.lang.builder.EqualsBuilder,602
Mon Sep 02 16:06:00 EDT 2019 org.apache.commons.lang.builder.EqualsBuilder,604
Mon Sep 02 16:06:01 EDT 2019 org.apache.commons.lang.builder.EqualsBuilder,618
Mon Sep 02 16:06:01 EDT 2019 org.apache.commons.lang.builder.EqualsBuilder,619
Mon Sep 02 16:06:02 EDT 2019 org.apache.commons.lang.builder.EqualsBuilder,621
Mon Sep 02 16:06:03 EDT 2019 org.apache.commons.lang.builder.EqualsBuilder,622
Mon Sep 02 16:06:03 EDT 2019 org.apache.commons.lang.builder.EqualsBuilder,624
Mon Sep 02 16:06:04 EDT 2019 org.apache.commons.lang.builder.EqualsBuilder,625
Mon Sep 02 16:06:05 EDT 2019 org.apache.commons.lang.builder.EqualsBuilder,626
Mon Sep 02 16:06:06 EDT 2019 org.apache.commons.lang.builder.EqualsBuilder,628
Mon Sep 02 16:06:06 EDT 2019 org.apache.commons.lang.builder.EqualsBuilder,629
Mon Sep 02 16:06:07 EDT 2019 org.apache.commons.lang.builder.EqualsBuilder,630
Mon Sep 02 16:06:07 EDT 2019 org.apache.commons.lang.builder.EqualsBuilder,632
Mon Sep 02 16:06:07 EDT 2019 org.apache.commons.lang.builder.EqualsBuilder,633
Mon Sep 02 16:06:08 EDT 2019 org.apache.commons.lang.builder.EqualsBuilder,635
Mon Sep 02 16:06:09 EDT 2019 org.apache.commons.lang.builder.EqualsBuilder,649
Mon Sep 02 16:06:10 EDT 2019 org.apache.commons.lang.builder.EqualsBuilder,650
Mon Sep 02 16:06:11 EDT 2019 org.apache.commons.lang.builder.EqualsBuilder,652
Mon Sep 02 16:06:12 EDT 2019 org.apache.commons.lang.builder.EqualsBuilder,653
Mon Sep 02 16:06:12 EDT 2019 org.apache.commons.lang.builder.EqualsBuilder,655
Mon Sep 02 16:06:13 EDT 2019 org.apache.commons.lang.builder.EqualsBuilder,656
Mon Sep 02 16:06:14 EDT 2019 org.apache.commons.lang.builder.EqualsBuilder,657
Mon Sep 02 16:06:14 EDT 2019 org.apache.commons.lang.builder.EqualsBuilder,659
Mon Sep 02 16:06:15 EDT 2019 org.apache.commons.lang.builder.EqualsBuilder,660
Mon Sep 02 16:06:16 EDT 2019 org.apache.commons.lang.builder.EqualsBuilder,661
Mon Sep 02 16:06:17 EDT 2019 org.apache.commons.lang.builder.EqualsBuilder,663
Mon Sep 02 16:06:18 EDT 2019 org.apache.commons.lang.builder.EqualsBuilder,664
Mon Sep 02 16:06:18 EDT 2019 org.apache.commons.lang.builder.EqualsBuilder,666
Mon Sep 02 16:06:19 EDT 2019 org.apache.commons.lang.builder.EqualsBuilder,680
Mon Sep 02 16:06:20 EDT 2019 org.apache.commons.lang.builder.EqualsBuilder,681
Mon Sep 02 16:06:21 EDT 2019 org.apache.commons.lang.builder.EqualsBuilder,683
Mon Sep 02 16:06:21 EDT 2019 org.apache.commons.lang.builder.EqualsBuilder,684
Mon Sep 02 16:06:22 EDT 2019 org.apache.commons.lang.builder.EqualsBuilder,686
Mon Sep 02 16:06:22 EDT 2019 org.apache.commons.lang.builder.EqualsBuilder,687
Mon Sep 02 16:06:23 EDT 2019 org.apache.commons.lang.builder.EqualsBuilder,688
Mon Sep 02 16:06:23 EDT 2019 org.apache.commons.lang.builder.EqualsBuilder,690
Mon Sep 02 16:06:24 EDT 2019 org.apache.commons.lang.builder.EqualsBuilder,691
Mon Sep 02 16:06:24 EDT 2019 org.apache.commons.lang.builder.EqualsBuilder,692
Mon Sep 02 16:06:25 EDT 2019 org.apache.commons.lang.builder.EqualsBuilder,694
Mon Sep 02 16:06:25 EDT 2019 org.apache.commons.lang.builder.EqualsBuilder,695
Mon Sep 02 16:06:26 EDT 2019 org.apache.commons.lang.builder.EqualsBuilder,697
Mon Sep 02 16:06:26 EDT 2019 org.apache.commons.lang.builder.EqualsBuilder,711
Mon Sep 02 16:06:27 EDT 2019 org.apache.commons.lang.builder.EqualsBuilder,712
Mon Sep 02 16:06:27 EDT 2019 org.apache.commons.lang.builder.EqualsBuilder,714
Mon Sep 02 16:06:28 EDT 2019 org.apache.commons.lang.builder.EqualsBuilder,715
Mon Sep 02 16:06:29 EDT 2019 org.apache.commons.lang.builder.EqualsBuilder,717
Mon Sep 02 16:06:29 EDT 2019 org.apache.commons.lang.builder.EqualsBuilder,718
Mon Sep 02 16:06:30 EDT 2019 org.apache.commons.lang.builder.EqualsBuilder,719
Mon Sep 02 16:06:31 EDT 2019 org.apache.commons.lang.builder.EqualsBuilder,721
Mon Sep 02 16:06:32 EDT 2019 org.apache.commons.lang.builder.EqualsBuilder,722
Mon Sep 02 16:06:32 EDT 2019 org.apache.commons.lang.builder.EqualsBuilder,723
Mon Sep 02 16:06:33 EDT 2019 org.apache.commons.lang.builder.EqualsBuilder,725
Mon Sep 02 16:06:33 EDT 2019 org.apache.commons.lang.builder.EqualsBuilder,726
Mon Sep 02 16:06:34 EDT 2019 org.apache.commons.lang.builder.EqualsBuilder,728
Mon Sep 02 16:06:34 EDT 2019 org.apache.commons.lang.builder.EqualsBuilder,742
Mon Sep 02 16:06:35 EDT 2019 org.apache.commons.lang.builder.EqualsBuilder,743
Mon Sep 02 16:06:35 EDT 2019 org.apache.commons.lang.builder.EqualsBuilder,745
Mon Sep 02 16:06:36 EDT 2019 org.apache.commons.lang.builder.EqualsBuilder,746
Mon Sep 02 16:06:36 EDT 2019 org.apache.commons.lang.builder.EqualsBuilder,748
Mon Sep 02 16:06:37 EDT 2019 org.apache.commons.lang.builder.EqualsBuilder,749
Mon Sep 02 16:06:37 EDT 2019 org.apache.commons.lang.builder.EqualsBuilder,750
Mon Sep 02 16:06:38 EDT 2019 org.apache.commons.lang.builder.EqualsBuilder,752
Mon Sep 02 16:06:38 EDT 2019 org.apache.commons.lang.builder.EqualsBuilder,753
Mon Sep 02 16:06:39 EDT 2019 org.apache.commons.lang.builder.EqualsBuilder,754
Mon Sep 02 16:06:39 EDT 2019 org.apache.commons.lang.builder.EqualsBuilder,756
Mon Sep 02 16:06:40 EDT 2019 org.apache.commons.lang.builder.EqualsBuilder,757
Mon Sep 02 16:06:40 EDT 2019 org.apache.commons.lang.builder.EqualsBuilder,759
Mon Sep 02 16:06:41 EDT 2019 org.apache.commons.lang.builder.EqualsBuilder,773
Failed time : 19/09/02 16:06
