=================================================
Project : lang_49	start : 19/09/02 15:24
Current failed test : org.apache.commons.lang.math.FractionTest::testReduce | 19/09/02 15:25
Mon Sep 02 15:26:02 EDT 2019 org.apache.commons.lang.math.Fraction,466
Mon Sep 02 15:27:29 EDT 2019 org.apache.commons.lang.math.Fraction,467
Mon Sep 02 15:27:31 EDT 2019 org.apache.commons.lang.math.Fraction,468
Mon Sep 02 15:27:33 EDT 2019 org.apache.commons.lang.math.Fraction,470
Mon Sep 02 15:27:33 EDT 2019 org.apache.commons.lang.math.Fraction,146
Mon Sep 02 15:29:43 EDT 2019 org.apache.commons.lang.math.Fraction,150
Mon Sep 02 15:30:28 EDT 2019 org.apache.commons.lang.math.Fraction,151
Mon Sep 02 15:30:29 EDT 2019 org.apache.commons.lang.math.Fraction,578
Mon Sep 02 15:30:46 EDT 2019 org.apache.commons.lang.math.Fraction,579
Mon Sep 02 15:30:54 EDT 2019 org.apache.commons.lang.math.Fraction,581
Mon Sep 02 15:31:16 EDT 2019 org.apache.commons.lang.math.Fraction,582
Mon Sep 02 15:31:16 EDT 2019 org.apache.commons.lang.math.Fraction,585
Mon Sep 02 15:31:19 EDT 2019 org.apache.commons.lang.math.Fraction,590
Mon Sep 02 15:31:21 EDT 2019 org.apache.commons.lang.math.Fraction,596
Mon Sep 02 15:31:23 EDT 2019 org.apache.commons.lang.math.Fraction,600
Mon Sep 02 15:35:34 EDT 2019 org.apache.commons.lang.math.Fraction,601
Mon Sep 02 15:35:34 EDT 2019 org.apache.commons.lang.math.Fraction,603
Mon Sep 02 15:35:35 EDT 2019 org.apache.commons.lang.math.Fraction,606
Mon Sep 02 15:35:39 EDT 2019 org.apache.commons.lang.math.Fraction,609
Mon Sep 02 15:35:42 EDT 2019 org.apache.commons.lang.math.Fraction,610
Mon Sep 02 15:35:48 EDT 2019 org.apache.commons.lang.math.Fraction,571
Mon Sep 02 15:35:52 EDT 2019 org.apache.commons.lang.math.Fraction,572
Mon Sep 02 15:35:53 EDT 2019 org.apache.commons.lang.math.Fraction,142
Mon Sep 02 15:39:44 EDT 2019 org.apache.commons.lang.math.Fraction,145
Mon Sep 02 15:39:45 EDT 2019 org.apache.commons.lang.math.Fraction,153
Mon Sep 02 15:51:11 EDT 2019 org.apache.commons.lang.math.Fraction,368
Mon Sep 02 15:52:58 EDT 2019 org.apache.commons.lang.math.Fraction,377
Mon Sep 02 15:54:49 EDT 2019 org.apache.commons.lang.math.Fraction,125
Mon Sep 02 15:55:47 EDT 2019 Mon Sep 02 15:55:47 EDT 2019 : org.apache.commons.lang.math.Fraction,107=>Find no block
Mon Sep 02 15:55:49 EDT 2019 Mon Sep 02 15:55:49 EDT 2019 : org.apache.commons.lang.math.Fraction,111=>Find no block
Mon Sep 02 15:55:49 EDT 2019 Mon Sep 02 15:55:49 EDT 2019 : org.apache.commons.lang.math.Fraction,115=>Find no block
Mon Sep 02 15:55:50 EDT 2019 org.apache.commons.lang.math.Fraction,126
Mon Sep 02 15:55:53 EDT 2019 org.apache.commons.lang.math.Fraction,127
Mon Sep 02 15:55:54 EDT 2019 Mon Sep 02 15:55:54 EDT 2019 : org.apache.commons.lang.math.Fraction,128=>Find no block
Mon Sep 02 15:55:55 EDT 2019 Mon Sep 02 15:55:55 EDT 2019 : org.apache.commons.lang.math.Fraction,48=>Find no block
Mon Sep 02 15:55:58 EDT 2019 Mon Sep 02 15:55:58 EDT 2019 : org.apache.commons.lang.math.Fraction,52=>Find no block
Mon Sep 02 15:56:01 EDT 2019 Mon Sep 02 15:56:01 EDT 2019 : org.apache.commons.lang.math.Fraction,56=>Find no block
Mon Sep 02 15:56:03 EDT 2019 Mon Sep 02 15:56:03 EDT 2019 : org.apache.commons.lang.math.Fraction,60=>Find no block
Mon Sep 02 15:56:04 EDT 2019 Mon Sep 02 15:56:04 EDT 2019 : org.apache.commons.lang.math.Fraction,64=>Find no block
Mon Sep 02 15:56:04 EDT 2019 Mon Sep 02 15:56:04 EDT 2019 : org.apache.commons.lang.math.Fraction,68=>Find no block
Mon Sep 02 15:56:04 EDT 2019 Mon Sep 02 15:56:04 EDT 2019 : org.apache.commons.lang.math.Fraction,72=>Find no block
Mon Sep 02 15:56:05 EDT 2019 Mon Sep 02 15:56:05 EDT 2019 : org.apache.commons.lang.math.Fraction,76=>Find no block
Mon Sep 02 15:56:08 EDT 2019 Mon Sep 02 15:56:08 EDT 2019 : org.apache.commons.lang.math.Fraction,80=>Find no block
Mon Sep 02 15:56:10 EDT 2019 Mon Sep 02 15:56:10 EDT 2019 : org.apache.commons.lang.math.Fraction,84=>Find no block
Mon Sep 02 15:56:11 EDT 2019 Mon Sep 02 15:56:11 EDT 2019 : org.apache.commons.lang.math.Fraction,88=>Find no block
Mon Sep 02 15:56:12 EDT 2019 Mon Sep 02 15:56:12 EDT 2019 : org.apache.commons.lang.math.Fraction,92=>Find no block
Mon Sep 02 15:56:14 EDT 2019 org.apache.commons.lang.math.Fraction,143
Mon Sep 02 15:56:17 EDT 2019 org.apache.commons.lang.math.Fraction,148
Mon Sep 02 15:56:19 EDT 2019 org.apache.commons.lang.math.Fraction,173
Mon Sep 02 15:56:22 EDT 2019 org.apache.commons.lang.math.Fraction,174
Mon Sep 02 15:56:22 EDT 2019 org.apache.commons.lang.math.Fraction,176
Mon Sep 02 16:00:33 EDT 2019 org.apache.commons.lang.math.Fraction,177
Mon Sep 02 16:00:34 EDT 2019 org.apache.commons.lang.math.Fraction,179
Mon Sep 02 16:05:49 EDT 2019 org.apache.commons.lang.math.Fraction,180
Mon Sep 02 16:05:51 EDT 2019 org.apache.commons.lang.math.Fraction,183
Mon Sep 02 16:08:24 EDT 2019 org.apache.commons.lang.math.Fraction,184
Mon Sep 02 16:08:24 EDT 2019 org.apache.commons.lang.math.Fraction,186
Mon Sep 02 16:08:25 EDT 2019 org.apache.commons.lang.math.Fraction,188
Mon Sep 02 16:08:28 EDT 2019 org.apache.commons.lang.math.Fraction,190
Mon Sep 02 16:08:28 EDT 2019 org.apache.commons.lang.math.Fraction,192
Mon Sep 02 16:12:01 EDT 2019 org.apache.commons.lang.math.Fraction,210
Mon Sep 02 16:12:01 EDT 2019 org.apache.commons.lang.math.Fraction,211
Mon Sep 02 16:12:01 EDT 2019 org.apache.commons.lang.math.Fraction,213
Mon Sep 02 16:15:34 EDT 2019 org.apache.commons.lang.math.Fraction,214
Mon Sep 02 16:15:34 EDT 2019 org.apache.commons.lang.math.Fraction,217
Mon Sep 02 16:20:13 EDT 2019 org.apache.commons.lang.math.Fraction,218
Mon Sep 02 16:20:14 EDT 2019 org.apache.commons.lang.math.Fraction,220
Mon Sep 02 16:20:14 EDT 2019 org.apache.commons.lang.math.Fraction,221
Mon Sep 02 16:20:14 EDT 2019 org.apache.commons.lang.math.Fraction,223
Mon Sep 02 16:20:15 EDT 2019 org.apache.commons.lang.math.Fraction,225
Mon Sep 02 16:20:15 EDT 2019 org.apache.commons.lang.math.Fraction,226
Mon Sep 02 16:20:15 EDT 2019 org.apache.commons.lang.math.Fraction,229
Mon Sep 02 16:23:52 EDT 2019 org.apache.commons.lang.math.Fraction,230
Mon Sep 02 16:27:37 EDT 2019 org.apache.commons.lang.math.Fraction,231
Mon Sep 02 16:28:40 EDT 2019 org.apache.commons.lang.math.Fraction,232
Mon Sep 02 16:28:41 EDT 2019 org.apache.commons.lang.math.Fraction,250
Mon Sep 02 16:31:00 EDT 2019 org.apache.commons.lang.math.Fraction,251
Mon Sep 02 16:31:00 EDT 2019 org.apache.commons.lang.math.Fraction,252
Mon Sep 02 16:33:27 EDT 2019 org.apache.commons.lang.math.Fraction,253
Mon Sep 02 16:33:27 EDT 2019 org.apache.commons.lang.math.Fraction,256
Mon Sep 02 16:35:51 EDT 2019 org.apache.commons.lang.math.Fraction,257
Mon Sep 02 16:37:49 EDT 2019 org.apache.commons.lang.math.Fraction,259
Mon Sep 02 16:41:37 EDT 2019 org.apache.commons.lang.math.Fraction,260
Mon Sep 02 16:41:40 EDT 2019 org.apache.commons.lang.math.Fraction,261
Mon Sep 02 16:41:43 EDT 2019 org.apache.commons.lang.math.Fraction,262
Mon Sep 02 16:41:46 EDT 2019 org.apache.commons.lang.math.Fraction,263
Mon Sep 02 16:41:49 EDT 2019 org.apache.commons.lang.math.Fraction,264
Mon Sep 02 16:44:21 EDT 2019 org.apache.commons.lang.math.Fraction,265
Mon Sep 02 16:46:52 EDT 2019 org.apache.commons.lang.math.Fraction,266
Mon Sep 02 16:49:11 EDT 2019 org.apache.commons.lang.math.Fraction,267
Mon Sep 02 16:49:35 EDT 2019 org.apache.commons.lang.math.Fraction,268
Mon Sep 02 16:52:31 EDT 2019 org.apache.commons.lang.math.Fraction,269
Mon Sep 02 16:55:09 EDT 2019 org.apache.commons.lang.math.Fraction,270
Mon Sep 02 16:57:59 EDT 2019 org.apache.commons.lang.math.Fraction,271
Mon Sep 02 16:58:03 EDT 2019 org.apache.commons.lang.math.Fraction,273
Mon Sep 02 17:01:32 EDT 2019 org.apache.commons.lang.math.Fraction,276
Mon Sep 02 17:05:33 EDT 2019 org.apache.commons.lang.math.Fraction,277
Mon Sep 02 17:05:34 EDT 2019 org.apache.commons.lang.math.Fraction,278
Mon Sep 02 17:08:53 EDT 2019 org.apache.commons.lang.math.Fraction,279
Mon Sep 02 17:13:12 EDT 2019 org.apache.commons.lang.math.Fraction,280
Mon Sep 02 17:15:38 EDT 2019 org.apache.commons.lang.math.Fraction,281
Mon Sep 02 17:18:04 EDT 2019 org.apache.commons.lang.math.Fraction,282
Mon Sep 02 17:21:42 EDT 2019 org.apache.commons.lang.math.Fraction,283
Mon Sep 02 17:28:13 EDT 2019 org.apache.commons.lang.math.Fraction,285
Mon Sep 02 17:33:05 EDT 2019 org.apache.commons.lang.math.Fraction,286
Mon Sep 02 17:40:11 EDT 2019 org.apache.commons.lang.math.Fraction,287
Mon Sep 02 17:46:52 EDT 2019 org.apache.commons.lang.math.Fraction,288
Mon Sep 02 17:51:17 EDT 2019 org.apache.commons.lang.math.Fraction,289
Mon Sep 02 18:20:22 EDT 2019 org.apache.commons.lang.math.Fraction,290
Mon Sep 02 19:03:33 EDT 2019 org.apache.commons.lang.math.Fraction,291
Mon Sep 02 19:51:44 EDT 2019 org.apache.commons.lang.math.Fraction,292
Mon Sep 02 19:51:44 EDT 2019 org.apache.commons.lang.math.Fraction,294
Mon Sep 02 19:54:21 EDT 2019 org.apache.commons.lang.math.Fraction,295
Mon Sep 02 20:01:13 EDT 2019 org.apache.commons.lang.math.Fraction,296
Mon Sep 02 20:01:13 EDT 2019 org.apache.commons.lang.math.Fraction,298
Mon Sep 02 20:09:25 EDT 2019 org.apache.commons.lang.math.Fraction,320
Timeout time : 19/09/02 20:26
