=================================================
Project : lang_5	start : 19/09/02 15:24
Current failed test : org.apache.commons.lang3.LocaleUtilsTest::testLang865 | 19/09/02 15:24
Mon Sep 02 15:25:14 EDT 2019 org.apache.commons.lang3.LocaleUtils,99
Mon Sep 02 15:27:59 EDT 2019 org.apache.commons.lang3.LocaleUtils,89
Mon Sep 02 15:28:48 EDT 2019 org.apache.commons.lang3.LocaleUtils,92
Mon Sep 02 15:39:43 EDT 2019 org.apache.commons.lang3.LocaleUtils,93
Mon Sep 02 15:39:44 EDT 2019 org.apache.commons.lang3.LocaleUtils,96
Mon Sep 02 15:49:10 EDT 2019 org.apache.commons.lang3.LocaleUtils,97
Mon Sep 02 15:56:38 EDT 2019 org.apache.commons.lang3.LocaleUtils,98
Mon Sep 02 15:56:38 EDT 2019 Mon Sep 02 15:56:38 EDT 2019 : org.apache.commons.lang3.LocaleUtils,288=>Find no block
Mon Sep 02 15:56:41 EDT 2019 Mon Sep 02 15:56:41 EDT 2019 : org.apache.commons.lang3.LocaleUtils,295=>Find no block
Mon Sep 02 15:56:42 EDT 2019 Mon Sep 02 15:56:42 EDT 2019 : org.apache.commons.lang3.LocaleUtils,296=>Find no block
Mon Sep 02 15:56:44 EDT 2019 Mon Sep 02 15:56:44 EDT 2019 : org.apache.commons.lang3.LocaleUtils,297=>Find no block
Mon Sep 02 15:56:48 EDT 2019 Mon Sep 02 15:56:48 EDT 2019 : org.apache.commons.lang3.LocaleUtils,298=>Find no block
Mon Sep 02 15:56:48 EDT 2019 Mon Sep 02 15:56:48 EDT 2019 : org.apache.commons.lang3.LocaleUtils,42=>Find no block
Mon Sep 02 15:56:51 EDT 2019 Mon Sep 02 15:56:51 EDT 2019 : org.apache.commons.lang3.LocaleUtils,46=>Find no block
Mon Sep 02 15:56:52 EDT 2019 org.apache.commons.lang3.LocaleUtils,193
Mon Sep 02 15:56:56 EDT 2019 org.apache.commons.lang3.LocaleUtils,218
Mon Sep 02 15:56:57 EDT 2019 org.apache.commons.lang3.LocaleUtils,57
Mon Sep 02 15:56:59 EDT 2019 Mon Sep 02 15:56:59 EDT 2019 : org.apache.commons.lang3.LocaleUtils,58=>Find no block
Mon Sep 02 15:56:59 EDT 2019 org.apache.commons.lang3.LocaleUtils,90
Mon Sep 02 15:57:00 EDT 2019 org.apache.commons.lang3.LocaleUtils,94
Mon Sep 02 15:57:03 EDT 2019 org.apache.commons.lang3.LocaleUtils,101
Mon Sep 02 15:59:53 EDT 2019 org.apache.commons.lang3.LocaleUtils,102
Mon Sep 02 15:59:53 EDT 2019 org.apache.commons.lang3.LocaleUtils,104
Mon Sep 02 16:04:54 EDT 2019 org.apache.commons.lang3.LocaleUtils,105
Mon Sep 02 16:04:54 EDT 2019 org.apache.commons.lang3.LocaleUtils,107
Mon Sep 02 16:08:55 EDT 2019 org.apache.commons.lang3.LocaleUtils,108
Mon Sep 02 16:08:55 EDT 2019 org.apache.commons.lang3.LocaleUtils,110
Mon Sep 02 16:20:38 EDT 2019 org.apache.commons.lang3.LocaleUtils,111
Mon Sep 02 16:20:38 EDT 2019 org.apache.commons.lang3.LocaleUtils,112
Mon Sep 02 16:20:39 EDT 2019 org.apache.commons.lang3.LocaleUtils,114
Mon Sep 02 16:25:34 EDT 2019 org.apache.commons.lang3.LocaleUtils,115
Mon Sep 02 16:25:34 EDT 2019 org.apache.commons.lang3.LocaleUtils,116
Mon Sep 02 16:25:34 EDT 2019 org.apache.commons.lang3.LocaleUtils,118
Mon Sep 02 16:27:36 EDT 2019 org.apache.commons.lang3.LocaleUtils,119
Mon Sep 02 16:27:37 EDT 2019 org.apache.commons.lang3.LocaleUtils,121
Mon Sep 02 16:32:40 EDT 2019 org.apache.commons.lang3.LocaleUtils,122
Mon Sep 02 16:32:40 EDT 2019 org.apache.commons.lang3.LocaleUtils,124
Mon Sep 02 16:36:41 EDT 2019 org.apache.commons.lang3.LocaleUtils,125
Mon Sep 02 16:36:41 EDT 2019 org.apache.commons.lang3.LocaleUtils,127
Mon Sep 02 16:42:24 EDT 2019 org.apache.commons.lang3.LocaleUtils,144
Mon Sep 02 16:42:25 EDT 2019 org.apache.commons.lang3.LocaleUtils,166
Mon Sep 02 16:43:25 EDT 2019 org.apache.commons.lang3.LocaleUtils,167
Mon Sep 02 16:43:26 EDT 2019 org.apache.commons.lang3.LocaleUtils,168
Mon Sep 02 16:43:26 EDT 2019 org.apache.commons.lang3.LocaleUtils,169
Mon Sep 02 16:43:26 EDT 2019 org.apache.commons.lang3.LocaleUtils,170
Mon Sep 02 16:43:26 EDT 2019 org.apache.commons.lang3.LocaleUtils,172
Mon Sep 02 16:43:27 EDT 2019 org.apache.commons.lang3.LocaleUtils,173
Mon Sep 02 16:43:27 EDT 2019 org.apache.commons.lang3.LocaleUtils,175
Mon Sep 02 16:43:27 EDT 2019 org.apache.commons.lang3.LocaleUtils,176
Mon Sep 02 16:43:27 EDT 2019 org.apache.commons.lang3.LocaleUtils,179
Mon Sep 02 16:44:06 EDT 2019 org.apache.commons.lang3.LocaleUtils,207
Mon Sep 02 16:44:07 EDT 2019 org.apache.commons.lang3.LocaleUtils,232
Mon Sep 02 16:44:13 EDT 2019 org.apache.commons.lang3.LocaleUtils,233
Mon Sep 02 16:44:14 EDT 2019 org.apache.commons.lang3.LocaleUtils,235
Mon Sep 02 16:45:29 EDT 2019 org.apache.commons.lang3.LocaleUtils,236
Mon Sep 02 16:47:24 EDT 2019 org.apache.commons.lang3.LocaleUtils,237
Mon Sep 02 16:48:38 EDT 2019 org.apache.commons.lang3.LocaleUtils,238
Mon Sep 02 16:48:38 EDT 2019 org.apache.commons.lang3.LocaleUtils,239
Mon Sep 02 16:48:38 EDT 2019 org.apache.commons.lang3.LocaleUtils,240
Mon Sep 02 16:48:39 EDT 2019 org.apache.commons.lang3.LocaleUtils,241
Mon Sep 02 16:48:39 EDT 2019 org.apache.commons.lang3.LocaleUtils,243
Mon Sep 02 16:48:39 EDT 2019 org.apache.commons.lang3.LocaleUtils,246
Mon Sep 02 16:49:46 EDT 2019 org.apache.commons.lang3.LocaleUtils,247
Mon Sep 02 16:50:19 EDT 2019 org.apache.commons.lang3.LocaleUtils,248
Mon Sep 02 16:50:19 EDT 2019 org.apache.commons.lang3.LocaleUtils,250
Mon Sep 02 16:51:19 EDT 2019 org.apache.commons.lang3.LocaleUtils,264
Mon Sep 02 16:51:25 EDT 2019 org.apache.commons.lang3.LocaleUtils,265
Mon Sep 02 16:51:26 EDT 2019 org.apache.commons.lang3.LocaleUtils,267
Mon Sep 02 16:52:29 EDT 2019 org.apache.commons.lang3.LocaleUtils,268
Mon Sep 02 16:54:49 EDT 2019 org.apache.commons.lang3.LocaleUtils,269
Mon Sep 02 16:57:43 EDT 2019 org.apache.commons.lang3.LocaleUtils,270
Mon Sep 02 16:57:43 EDT 2019 org.apache.commons.lang3.LocaleUtils,271
Mon Sep 02 16:57:43 EDT 2019 org.apache.commons.lang3.LocaleUtils,272
Mon Sep 02 16:57:44 EDT 2019 org.apache.commons.lang3.LocaleUtils,273
Mon Sep 02 16:57:44 EDT 2019 org.apache.commons.lang3.LocaleUtils,276
Mon Sep 02 16:57:44 EDT 2019 org.apache.commons.lang3.LocaleUtils,279
Mon Sep 02 16:59:51 EDT 2019 org.apache.commons.lang3.LocaleUtils,280
Mon Sep 02 17:00:24 EDT 2019 org.apache.commons.lang3.LocaleUtils,281
Mon Sep 02 17:00:24 EDT 2019 org.apache.commons.lang3.LocaleUtils,283
Failed time : 19/09/02 17:01
