=================================================
Project : lang_51	start : 19/09/02 15:24
Current failed test : org.apache.commons.lang.BooleanUtilsTest::test_toBoolean_String | 19/09/02 15:25
Mon Sep 02 15:26:01 EDT 2019 org.apache.commons.lang.BooleanUtils,656
Mon Sep 02 15:27:22 EDT 2019 org.apache.commons.lang.BooleanUtils,657
Mon Sep 02 15:27:23 EDT 2019 org.apache.commons.lang.BooleanUtils,659
Mon Sep 02 15:29:28 EDT 2019 org.apache.commons.lang.BooleanUtils,660
Mon Sep 02 15:29:29 EDT 2019 Mon Sep 02 15:29:29 EDT 2019 : org.apache.commons.lang.BooleanUtils,662=>Find no block
Mon Sep 02 15:29:29 EDT 2019 org.apache.commons.lang.BooleanUtils,664
Mon Sep 02 15:32:52 EDT 2019 org.apache.commons.lang.BooleanUtils,665
Mon Sep 02 15:32:53 EDT 2019 org.apache.commons.lang.BooleanUtils,666
Mon Sep 02 15:32:54 EDT 2019 org.apache.commons.lang.BooleanUtils,671
Mon Sep 02 15:39:50 EDT 2019 org.apache.commons.lang.BooleanUtils,672
Mon Sep 02 15:52:20 EDT 2019 org.apache.commons.lang.BooleanUtils,673
Mon Sep 02 15:52:20 EDT 2019 org.apache.commons.lang.BooleanUtils,677
Mon Sep 02 16:05:28 EDT 2019 org.apache.commons.lang.BooleanUtils,678
Mon Sep 02 16:05:28 EDT 2019 org.apache.commons.lang.BooleanUtils,684
Mon Sep 02 16:12:13 EDT 2019 org.apache.commons.lang.BooleanUtils,685
Mon Sep 02 16:23:38 EDT 2019 org.apache.commons.lang.BooleanUtils,686
Mon Sep 02 16:23:38 EDT 2019 org.apache.commons.lang.BooleanUtils,691
Mon Sep 02 16:35:22 EDT 2019 org.apache.commons.lang.BooleanUtils,692
Mon Sep 02 16:35:23 EDT 2019 org.apache.commons.lang.BooleanUtils,699
Mon Sep 02 17:38:59 EDT 2019 org.apache.commons.lang.BooleanUtils,44
Mon Sep 02 17:39:02 EDT 2019 Mon Sep 02 17:39:02 EDT 2019 : org.apache.commons.lang.BooleanUtils,45=>Find no block
Mon Sep 02 17:39:02 EDT 2019 org.apache.commons.lang.BooleanUtils,64
Mon Sep 02 17:39:05 EDT 2019 org.apache.commons.lang.BooleanUtils,65
Mon Sep 02 17:39:07 EDT 2019 org.apache.commons.lang.BooleanUtils,67
Mon Sep 02 17:39:15 EDT 2019 org.apache.commons.lang.BooleanUtils,87
Mon Sep 02 17:39:17 EDT 2019 org.apache.commons.lang.BooleanUtils,88
Mon Sep 02 17:39:17 EDT 2019 org.apache.commons.lang.BooleanUtils,90
Mon Sep 02 17:40:06 EDT 2019 org.apache.commons.lang.BooleanUtils,108
Mon Sep 02 17:40:33 EDT 2019 org.apache.commons.lang.BooleanUtils,126
Mon Sep 02 17:40:33 EDT 2019 org.apache.commons.lang.BooleanUtils,127
Mon Sep 02 17:40:34 EDT 2019 org.apache.commons.lang.BooleanUtils,129
Mon Sep 02 17:41:17 EDT 2019 org.apache.commons.lang.BooleanUtils,147
Mon Sep 02 17:41:41 EDT 2019 org.apache.commons.lang.BooleanUtils,165
Mon Sep 02 17:41:57 EDT 2019 org.apache.commons.lang.BooleanUtils,183
Mon Sep 02 17:41:57 EDT 2019 org.apache.commons.lang.BooleanUtils,184
Mon Sep 02 17:41:58 EDT 2019 org.apache.commons.lang.BooleanUtils,186
Mon Sep 02 17:41:58 EDT 2019 org.apache.commons.lang.BooleanUtils,203
Mon Sep 02 17:42:06 EDT 2019 org.apache.commons.lang.BooleanUtils,204
Mon Sep 02 17:42:07 EDT 2019 org.apache.commons.lang.BooleanUtils,206
Mon Sep 02 17:42:51 EDT 2019 org.apache.commons.lang.BooleanUtils,226
Mon Sep 02 17:42:53 EDT 2019 org.apache.commons.lang.BooleanUtils,244
Mon Sep 02 17:43:01 EDT 2019 org.apache.commons.lang.BooleanUtils,264
Mon Sep 02 17:43:29 EDT 2019 org.apache.commons.lang.BooleanUtils,265
Mon Sep 02 17:43:30 EDT 2019 org.apache.commons.lang.BooleanUtils,267
Mon Sep 02 17:43:55 EDT 2019 org.apache.commons.lang.BooleanUtils,287
Mon Sep 02 17:46:02 EDT 2019 org.apache.commons.lang.BooleanUtils,288
Mon Sep 02 17:46:03 EDT 2019 org.apache.commons.lang.BooleanUtils,289
Mon Sep 02 17:46:03 EDT 2019 org.apache.commons.lang.BooleanUtils,290
Mon Sep 02 17:46:04 EDT 2019 org.apache.commons.lang.BooleanUtils,293
Mon Sep 02 17:47:20 EDT 2019 org.apache.commons.lang.BooleanUtils,316
Mon Sep 02 17:48:52 EDT 2019 org.apache.commons.lang.BooleanUtils,317
Mon Sep 02 17:48:53 EDT 2019 org.apache.commons.lang.BooleanUtils,318
Mon Sep 02 17:48:53 EDT 2019 org.apache.commons.lang.BooleanUtils,319
Mon Sep 02 17:48:54 EDT 2019 org.apache.commons.lang.BooleanUtils,320
Mon Sep 02 17:48:54 EDT 2019 org.apache.commons.lang.BooleanUtils,322
Mon Sep 02 17:48:55 EDT 2019 org.apache.commons.lang.BooleanUtils,323
Mon Sep 02 17:48:56 EDT 2019 org.apache.commons.lang.BooleanUtils,324
Mon Sep 02 17:48:56 EDT 2019 org.apache.commons.lang.BooleanUtils,325
Mon Sep 02 17:48:57 EDT 2019 org.apache.commons.lang.BooleanUtils,328
Mon Sep 02 17:49:25 EDT 2019 org.apache.commons.lang.BooleanUtils,348
Mon Sep 02 17:52:54 EDT 2019 org.apache.commons.lang.BooleanUtils,349
Mon Sep 02 17:52:55 EDT 2019 org.apache.commons.lang.BooleanUtils,350
Mon Sep 02 17:52:56 EDT 2019 org.apache.commons.lang.BooleanUtils,351
Mon Sep 02 17:52:56 EDT 2019 org.apache.commons.lang.BooleanUtils,352
Mon Sep 02 17:52:57 EDT 2019 org.apache.commons.lang.BooleanUtils,353
Mon Sep 02 17:52:57 EDT 2019 org.apache.commons.lang.BooleanUtils,356
Mon Sep 02 17:54:15 EDT 2019 org.apache.commons.lang.BooleanUtils,379
Mon Sep 02 17:57:39 EDT 2019 org.apache.commons.lang.BooleanUtils,380
Mon Sep 02 17:57:39 EDT 2019 org.apache.commons.lang.BooleanUtils,381
Mon Sep 02 17:57:40 EDT 2019 org.apache.commons.lang.BooleanUtils,382
Mon Sep 02 17:57:41 EDT 2019 org.apache.commons.lang.BooleanUtils,383
Mon Sep 02 17:57:43 EDT 2019 org.apache.commons.lang.BooleanUtils,384
Mon Sep 02 17:57:43 EDT 2019 org.apache.commons.lang.BooleanUtils,385
Mon Sep 02 17:57:44 EDT 2019 org.apache.commons.lang.BooleanUtils,387
Mon Sep 02 17:57:44 EDT 2019 org.apache.commons.lang.BooleanUtils,388
Mon Sep 02 17:57:45 EDT 2019 org.apache.commons.lang.BooleanUtils,389
Mon Sep 02 17:57:45 EDT 2019 org.apache.commons.lang.BooleanUtils,390
Mon Sep 02 17:57:45 EDT 2019 org.apache.commons.lang.BooleanUtils,391
Mon Sep 02 17:57:46 EDT 2019 org.apache.commons.lang.BooleanUtils,392
Mon Sep 02 17:57:47 EDT 2019 org.apache.commons.lang.BooleanUtils,395
Mon Sep 02 17:58:37 EDT 2019 org.apache.commons.lang.BooleanUtils,413
Mon Sep 02 17:58:38 EDT 2019 org.apache.commons.lang.BooleanUtils,429
Mon Sep 02 17:58:55 EDT 2019 org.apache.commons.lang.BooleanUtils,447
Mon Sep 02 17:58:55 EDT 2019 org.apache.commons.lang.BooleanUtils,448
Mon Sep 02 17:58:56 EDT 2019 org.apache.commons.lang.BooleanUtils,450
Mon Sep 02 17:59:18 EDT 2019 org.apache.commons.lang.BooleanUtils,467
Mon Sep 02 17:59:25 EDT 2019 org.apache.commons.lang.BooleanUtils,486
Mon Sep 02 17:59:32 EDT 2019 org.apache.commons.lang.BooleanUtils,487
Mon Sep 02 17:59:32 EDT 2019 org.apache.commons.lang.BooleanUtils,489
Mon Sep 02 18:00:01 EDT 2019 org.apache.commons.lang.BooleanUtils,508
Mon Sep 02 18:00:02 EDT 2019 org.apache.commons.lang.BooleanUtils,530
Mon Sep 02 18:00:02 EDT 2019 org.apache.commons.lang.BooleanUtils,531
Mon Sep 02 18:00:02 EDT 2019 org.apache.commons.lang.BooleanUtils,533
Mon Sep 02 18:00:03 EDT 2019 org.apache.commons.lang.BooleanUtils,563
Mon Sep 02 18:10:21 EDT 2019 org.apache.commons.lang.BooleanUtils,564
Mon Sep 02 18:10:24 EDT 2019 org.apache.commons.lang.BooleanUtils,565
Mon Sep 02 18:10:25 EDT 2019 org.apache.commons.lang.BooleanUtils,566
Mon Sep 02 18:10:26 EDT 2019 org.apache.commons.lang.BooleanUtils,567
Mon Sep 02 18:10:26 EDT 2019 org.apache.commons.lang.BooleanUtils,568
Mon Sep 02 18:10:27 EDT 2019 org.apache.commons.lang.BooleanUtils,569
Mon Sep 02 18:10:28 EDT 2019 org.apache.commons.lang.BooleanUtils,570
Mon Sep 02 18:10:29 EDT 2019 org.apache.commons.lang.BooleanUtils,571
Mon Sep 02 18:10:30 EDT 2019 org.apache.commons.lang.BooleanUtils,572
Mon Sep 02 18:10:31 EDT 2019 org.apache.commons.lang.BooleanUtils,573
Mon Sep 02 18:10:31 EDT 2019 org.apache.commons.lang.BooleanUtils,574
Mon Sep 02 18:10:31 EDT 2019 org.apache.commons.lang.BooleanUtils,577
Mon Sep 02 18:12:19 EDT 2019 org.apache.commons.lang.BooleanUtils,603
Mon Sep 02 18:22:33 EDT 2019 org.apache.commons.lang.BooleanUtils,604
Mon Sep 02 18:22:34 EDT 2019 org.apache.commons.lang.BooleanUtils,605
Mon Sep 02 18:22:35 EDT 2019 org.apache.commons.lang.BooleanUtils,606
Mon Sep 02 18:22:36 EDT 2019 org.apache.commons.lang.BooleanUtils,607
Mon Sep 02 18:22:37 EDT 2019 org.apache.commons.lang.BooleanUtils,608
Mon Sep 02 18:22:38 EDT 2019 org.apache.commons.lang.BooleanUtils,609
Mon Sep 02 18:22:39 EDT 2019 org.apache.commons.lang.BooleanUtils,611
Mon Sep 02 18:22:40 EDT 2019 org.apache.commons.lang.BooleanUtils,612
Mon Sep 02 18:22:41 EDT 2019 org.apache.commons.lang.BooleanUtils,613
Mon Sep 02 18:22:41 EDT 2019 org.apache.commons.lang.BooleanUtils,614
Mon Sep 02 18:22:41 EDT 2019 org.apache.commons.lang.BooleanUtils,615
Mon Sep 02 18:22:42 EDT 2019 org.apache.commons.lang.BooleanUtils,616
Mon Sep 02 18:22:43 EDT 2019 org.apache.commons.lang.BooleanUtils,619
Mon Sep 02 18:36:00 EDT 2019 org.apache.commons.lang.BooleanUtils,732
Mon Sep 02 18:43:02 EDT 2019 org.apache.commons.lang.BooleanUtils,733
Mon Sep 02 18:43:03 EDT 2019 org.apache.commons.lang.BooleanUtils,734
Mon Sep 02 18:43:03 EDT 2019 org.apache.commons.lang.BooleanUtils,735
Mon Sep 02 18:43:04 EDT 2019 org.apache.commons.lang.BooleanUtils,736
Mon Sep 02 18:43:05 EDT 2019 org.apache.commons.lang.BooleanUtils,738
Mon Sep 02 18:43:05 EDT 2019 org.apache.commons.lang.BooleanUtils,739
Mon Sep 02 18:43:06 EDT 2019 org.apache.commons.lang.BooleanUtils,740
Mon Sep 02 18:43:07 EDT 2019 org.apache.commons.lang.BooleanUtils,741
Mon Sep 02 18:43:08 EDT 2019 org.apache.commons.lang.BooleanUtils,744
Mon Sep 02 18:50:08 EDT 2019 org.apache.commons.lang.BooleanUtils,764
Mon Sep 02 18:50:54 EDT 2019 org.apache.commons.lang.BooleanUtils,782
Mon Sep 02 18:51:38 EDT 2019 org.apache.commons.lang.BooleanUtils,800
Mon Sep 02 18:52:25 EDT 2019 org.apache.commons.lang.BooleanUtils,822
Mon Sep 02 18:52:28 EDT 2019 org.apache.commons.lang.BooleanUtils,823
Mon Sep 02 18:52:29 EDT 2019 org.apache.commons.lang.BooleanUtils,825
Mon Sep 02 18:52:58 EDT 2019 org.apache.commons.lang.BooleanUtils,844
Mon Sep 02 18:53:47 EDT 2019 org.apache.commons.lang.BooleanUtils,861
Mon Sep 02 18:54:36 EDT 2019 org.apache.commons.lang.BooleanUtils,878
Mon Sep 02 18:55:27 EDT 2019 org.apache.commons.lang.BooleanUtils,897
Mon Sep 02 18:55:37 EDT 2019 org.apache.commons.lang.BooleanUtils,918
Mon Sep 02 19:00:45 EDT 2019 org.apache.commons.lang.BooleanUtils,919
Mon Sep 02 19:00:46 EDT 2019 org.apache.commons.lang.BooleanUtils,920
Mon Sep 02 19:00:47 EDT 2019 org.apache.commons.lang.BooleanUtils,921
Mon Sep 02 19:00:48 EDT 2019 org.apache.commons.lang.BooleanUtils,925
Mon Sep 02 19:03:15 EDT 2019 org.apache.commons.lang.BooleanUtils,926
Mon Sep 02 19:06:22 EDT 2019 org.apache.commons.lang.BooleanUtils,929
Mon Sep 02 19:06:23 EDT 2019 org.apache.commons.lang.BooleanUtils,930
Mon Sep 02 19:06:24 EDT 2019 org.apache.commons.lang.BooleanUtils,931
Mon Sep 02 19:06:25 EDT 2019 org.apache.commons.lang.BooleanUtils,933
Mon Sep 02 19:06:26 EDT 2019 org.apache.commons.lang.BooleanUtils,939
Mon Sep 02 19:09:13 EDT 2019 org.apache.commons.lang.BooleanUtils,958
Mon Sep 02 19:09:14 EDT 2019 org.apache.commons.lang.BooleanUtils,959
Mon Sep 02 19:09:16 EDT 2019 org.apache.commons.lang.BooleanUtils,960
Mon Sep 02 19:09:16 EDT 2019 org.apache.commons.lang.BooleanUtils,961
Mon Sep 02 19:09:18 EDT 2019 org.apache.commons.lang.BooleanUtils,963
Mon Sep 02 19:11:04 EDT 2019 org.apache.commons.lang.BooleanUtils,965
Mon Sep 02 19:11:36 EDT 2019 Mon Sep 02 19:11:36 EDT 2019 : org.apache.commons.lang.BooleanUtils,968=>Find no block
Mon Sep 02 19:11:36 EDT 2019 Mon Sep 02 19:11:36 EDT 2019 : org.apache.commons.lang.BooleanUtils,966=>Find no block
Mon Sep 02 19:11:37 EDT 2019 org.apache.commons.lang.BooleanUtils,967
Mon Sep 02 19:11:39 EDT 2019 org.apache.commons.lang.BooleanUtils,969
Failed time : 19/09/02 19:11
