=================================================
Project : lang_52	start : 19/09/02 15:24
Current failed test : org.apache.commons.lang.StringEscapeUtilsTest::testEscapeJavaScript | 19/09/02 15:25
Mon Sep 02 15:25:59 EDT 2019 org.apache.commons.lang.StringEscapeUtils,122
Mon Sep 02 15:26:47 EDT 2019 org.apache.commons.lang.StringEscapeUtils,138
Mon Sep 02 15:26:50 EDT 2019 org.apache.commons.lang.StringEscapeUtils,224
Mon Sep 02 15:28:05 EDT 2019 org.apache.commons.lang.StringEscapeUtils,150
Mon Sep 02 15:30:00 EDT 2019 org.apache.commons.lang.StringEscapeUtils,173
Mon Sep 02 15:30:03 EDT 2019 org.apache.commons.lang.StringEscapeUtils,229
Mon Sep 02 15:30:47 EDT 2019 org.apache.commons.lang.StringEscapeUtils,230
Mon Sep 02 15:31:45 EDT 2019 org.apache.commons.lang.StringEscapeUtils,231
Mon Sep 02 15:31:52 EDT 2019 org.apache.commons.lang.StringEscapeUtils,223
Mon Sep 02 15:31:52 EDT 2019 org.apache.commons.lang.StringEscapeUtils,226
Mon Sep 02 15:33:35 EDT 2019 org.apache.commons.lang.StringEscapeUtils,227
Mon Sep 02 15:33:44 EDT 2019 org.apache.commons.lang.StringEscapeUtils,149
Mon Sep 02 15:33:45 EDT 2019 org.apache.commons.lang.StringEscapeUtils,153
Mon Sep 02 15:37:22 EDT 2019 org.apache.commons.lang.StringEscapeUtils,154
Mon Sep 02 15:37:23 EDT 2019 org.apache.commons.lang.StringEscapeUtils,155
Mon Sep 02 15:37:24 EDT 2019 org.apache.commons.lang.StringEscapeUtils,172
Mon Sep 02 15:37:24 EDT 2019 org.apache.commons.lang.StringEscapeUtils,175
Mon Sep 02 15:39:20 EDT 2019 org.apache.commons.lang.StringEscapeUtils,179
Mon Sep 02 15:43:31 EDT 2019 org.apache.commons.lang.StringEscapeUtils,180
Mon Sep 02 17:44:50 EDT 2019 org.apache.commons.lang.StringEscapeUtils,181
Mon Sep 02 17:45:33 EDT 2019 org.apache.commons.lang.StringEscapeUtils,184
Mon Sep 02 17:45:34 EDT 2019 org.apache.commons.lang.StringEscapeUtils,186
Mon Sep 02 17:45:34 EDT 2019 org.apache.commons.lang.StringEscapeUtils,188
Mon Sep 02 17:45:35 EDT 2019 org.apache.commons.lang.StringEscapeUtils,190
Mon Sep 02 17:45:36 EDT 2019 Mon Sep 02 17:45:36 EDT 2019 : org.apache.commons.lang.StringEscapeUtils,221=>Find no block
Mon Sep 02 17:45:36 EDT 2019 org.apache.commons.lang.StringEscapeUtils,237
Mon Sep 02 17:45:37 EDT 2019 Mon Sep 02 17:45:37 EDT 2019 : org.apache.commons.lang.StringEscapeUtils,242=>Find no block
Mon Sep 02 17:45:37 EDT 2019 org.apache.commons.lang.exception.NestableRuntimeException,60
Mon Sep 02 17:45:39 EDT 2019 Mon Sep 02 17:45:39 EDT 2019 : org.apache.commons.lang.exception.NestableRuntimeException,47=>Find no block
Mon Sep 02 17:45:39 EDT 2019 Mon Sep 02 17:45:39 EDT 2019 : org.apache.commons.lang.exception.NestableRuntimeException,53=>Find no block
Mon Sep 02 17:45:40 EDT 2019 Mon Sep 02 17:45:40 EDT 2019 : org.apache.commons.lang.exception.NestableRuntimeException,61=>Find no block
Mon Sep 02 17:45:40 EDT 2019 org.apache.commons.lang.exception.NestableRuntimeException,70
Mon Sep 02 17:45:47 EDT 2019 Mon Sep 02 17:45:47 EDT 2019 : org.apache.commons.lang.exception.NestableRuntimeException,71=>Find no block
Mon Sep 02 17:45:48 EDT 2019 org.apache.commons.lang.exception.NestableRuntimeException,81
Mon Sep 02 17:45:50 EDT 2019 org.apache.commons.lang.exception.NestableRuntimeException,82
Mon Sep 02 17:45:50 EDT 2019 Mon Sep 02 17:45:50 EDT 2019 : org.apache.commons.lang.exception.NestableRuntimeException,83=>Find no block
Mon Sep 02 17:45:51 EDT 2019 org.apache.commons.lang.exception.NestableRuntimeException,94
Mon Sep 02 17:45:58 EDT 2019 org.apache.commons.lang.exception.NestableRuntimeException,95
Mon Sep 02 17:45:59 EDT 2019 Mon Sep 02 17:45:59 EDT 2019 : org.apache.commons.lang.exception.NestableRuntimeException,96=>Find no block
Mon Sep 02 17:46:00 EDT 2019 org.apache.commons.lang.exception.NestableRuntimeException,102
Mon Sep 02 17:46:02 EDT 2019 org.apache.commons.lang.exception.NestableRuntimeException,113
Mon Sep 02 17:46:31 EDT 2019 org.apache.commons.lang.exception.NestableRuntimeException,114
Mon Sep 02 17:46:31 EDT 2019 org.apache.commons.lang.exception.NestableRuntimeException,115
Mon Sep 02 17:46:32 EDT 2019 org.apache.commons.lang.exception.NestableRuntimeException,116
Mon Sep 02 17:46:32 EDT 2019 org.apache.commons.lang.exception.NestableRuntimeException,118
Mon Sep 02 17:46:33 EDT 2019 org.apache.commons.lang.exception.NestableRuntimeException,126
Mon Sep 02 17:47:06 EDT 2019 org.apache.commons.lang.exception.NestableRuntimeException,127
Mon Sep 02 17:47:06 EDT 2019 org.apache.commons.lang.exception.NestableRuntimeException,129
Mon Sep 02 17:48:02 EDT 2019 org.apache.commons.lang.exception.NestableRuntimeException,136
Mon Sep 02 17:48:04 EDT 2019 org.apache.commons.lang.exception.NestableRuntimeException,143
Mon Sep 02 17:48:06 EDT 2019 org.apache.commons.lang.exception.NestableRuntimeException,150
Mon Sep 02 17:48:09 EDT 2019 org.apache.commons.lang.exception.NestableRuntimeException,157
Mon Sep 02 17:48:11 EDT 2019 org.apache.commons.lang.exception.NestableRuntimeException,164
Mon Sep 02 17:48:38 EDT 2019 org.apache.commons.lang.exception.NestableRuntimeException,171
Mon Sep 02 17:49:18 EDT 2019 org.apache.commons.lang.exception.NestableRuntimeException,178
Mon Sep 02 17:49:20 EDT 2019 Mon Sep 02 17:49:20 EDT 2019 : org.apache.commons.lang.exception.NestableRuntimeException,179=>Find no block
Mon Sep 02 17:49:21 EDT 2019 org.apache.commons.lang.exception.NestableRuntimeException,185
Mon Sep 02 17:49:51 EDT 2019 Mon Sep 02 17:49:51 EDT 2019 : org.apache.commons.lang.exception.NestableRuntimeException,186=>Find no block
Mon Sep 02 17:49:52 EDT 2019 org.apache.commons.lang.exception.NestableRuntimeException,192
Mon Sep 02 17:49:52 EDT 2019 Mon Sep 02 17:49:52 EDT 2019 : org.apache.commons.lang.exception.NestableRuntimeException,193=>Find no block
Mon Sep 02 17:49:53 EDT 2019 org.apache.commons.lang.exception.NestableRuntimeException,199
Mon Sep 02 17:49:55 EDT 2019 Mon Sep 02 17:49:55 EDT 2019 : org.apache.commons.lang.exception.NestableRuntimeException,200=>Find no block
Mon Sep 02 17:49:55 EDT 2019 org.apache.commons.lang.StringEscapeUtils,54
Mon Sep 02 17:49:56 EDT 2019 Mon Sep 02 17:49:56 EDT 2019 : org.apache.commons.lang.StringEscapeUtils,55=>Find no block
Mon Sep 02 17:49:57 EDT 2019 org.apache.commons.lang.StringEscapeUtils,81
Mon Sep 02 17:50:27 EDT 2019 org.apache.commons.lang.StringEscapeUtils,97
Mon Sep 02 17:50:29 EDT 2019 Mon Sep 02 17:50:29 EDT 2019 : org.apache.commons.lang.StringEscapeUtils,98=>Find no block
Mon Sep 02 17:50:30 EDT 2019 Mon Sep 02 17:50:30 EDT 2019 : org.apache.commons.lang.StringEscapeUtils,139=>Find no block
Mon Sep 02 17:50:31 EDT 2019 Mon Sep 02 17:50:31 EDT 2019 : org.apache.commons.lang.StringEscapeUtils,156=>Find no block
Mon Sep 02 17:50:32 EDT 2019 org.apache.commons.lang.StringEscapeUtils,158
Mon Sep 02 17:50:32 EDT 2019 org.apache.commons.lang.StringEscapeUtils,159
Mon Sep 02 17:50:32 EDT 2019 org.apache.commons.lang.StringEscapeUtils,176
Mon Sep 02 17:50:33 EDT 2019 org.apache.commons.lang.StringEscapeUtils,185
Mon Sep 02 17:50:35 EDT 2019 org.apache.commons.lang.StringEscapeUtils,187
Mon Sep 02 17:50:36 EDT 2019 org.apache.commons.lang.StringEscapeUtils,189
Mon Sep 02 17:50:38 EDT 2019 Mon Sep 02 17:50:38 EDT 2019 : org.apache.commons.lang.StringEscapeUtils,191=>Find no block
Mon Sep 02 17:50:39 EDT 2019 org.apache.commons.lang.StringEscapeUtils,193
Mon Sep 02 17:51:28 EDT 2019 org.apache.commons.lang.StringEscapeUtils,194
Mon Sep 02 17:51:29 EDT 2019 org.apache.commons.lang.StringEscapeUtils,195
Mon Sep 02 17:51:36 EDT 2019 org.apache.commons.lang.StringEscapeUtils,197
Mon Sep 02 17:52:25 EDT 2019 org.apache.commons.lang.StringEscapeUtils,198
Mon Sep 02 17:52:26 EDT 2019 org.apache.commons.lang.StringEscapeUtils,199
Mon Sep 02 17:52:34 EDT 2019 org.apache.commons.lang.StringEscapeUtils,201
Mon Sep 02 17:53:20 EDT 2019 org.apache.commons.lang.StringEscapeUtils,202
Mon Sep 02 17:53:20 EDT 2019 org.apache.commons.lang.StringEscapeUtils,203
Mon Sep 02 17:53:28 EDT 2019 org.apache.commons.lang.StringEscapeUtils,205
Mon Sep 02 17:54:13 EDT 2019 org.apache.commons.lang.StringEscapeUtils,206
Mon Sep 02 17:54:13 EDT 2019 org.apache.commons.lang.StringEscapeUtils,207
Mon Sep 02 17:54:21 EDT 2019 org.apache.commons.lang.StringEscapeUtils,209
Mon Sep 02 17:55:12 EDT 2019 org.apache.commons.lang.StringEscapeUtils,210
Mon Sep 02 17:55:13 EDT 2019 org.apache.commons.lang.StringEscapeUtils,211
Mon Sep 02 17:55:22 EDT 2019 org.apache.commons.lang.StringEscapeUtils,213
Mon Sep 02 17:55:22 EDT 2019 org.apache.commons.lang.StringEscapeUtils,214
Mon Sep 02 17:55:23 EDT 2019 org.apache.commons.lang.StringEscapeUtils,216
Mon Sep 02 17:55:24 EDT 2019 org.apache.commons.lang.StringEscapeUtils,218
Mon Sep 02 17:55:24 EDT 2019 org.apache.commons.lang.StringEscapeUtils,233
Mon Sep 02 17:56:07 EDT 2019 org.apache.commons.lang.StringEscapeUtils,234
Mon Sep 02 17:56:08 EDT 2019 org.apache.commons.lang.StringEscapeUtils,235
Mon Sep 02 17:56:16 EDT 2019 org.apache.commons.lang.StringEscapeUtils,252
Mon Sep 02 17:56:28 EDT 2019 org.apache.commons.lang.StringEscapeUtils,265
Mon Sep 02 17:56:28 EDT 2019 org.apache.commons.lang.StringEscapeUtils,266
Mon Sep 02 17:56:29 EDT 2019 org.apache.commons.lang.StringEscapeUtils,269
Mon Sep 02 18:00:38 EDT 2019 org.apache.commons.lang.StringEscapeUtils,270
Mon Sep 02 18:00:39 EDT 2019 org.apache.commons.lang.StringEscapeUtils,271
Mon Sep 02 18:00:40 EDT 2019 Mon Sep 02 18:00:40 EDT 2019 : org.apache.commons.lang.StringEscapeUtils,272=>Find no block
Mon Sep 02 18:00:41 EDT 2019 org.apache.commons.lang.StringEscapeUtils,274
Mon Sep 02 18:00:41 EDT 2019 org.apache.commons.lang.StringEscapeUtils,275
Mon Sep 02 18:00:42 EDT 2019 org.apache.commons.lang.StringEscapeUtils,295
Mon Sep 02 18:00:43 EDT 2019 org.apache.commons.lang.StringEscapeUtils,296
Mon Sep 02 18:00:44 EDT 2019 org.apache.commons.lang.StringEscapeUtils,298
Mon Sep 02 18:00:44 EDT 2019 org.apache.commons.lang.StringEscapeUtils,299
Mon Sep 02 18:00:46 EDT 2019 org.apache.commons.lang.StringEscapeUtils,301
Mon Sep 02 18:07:33 EDT 2019 org.apache.commons.lang.StringEscapeUtils,302
Mon Sep 02 18:10:44 EDT 2019 org.apache.commons.lang.StringEscapeUtils,303
Mon Sep 02 18:10:46 EDT 2019 org.apache.commons.lang.StringEscapeUtils,304
Mon Sep 02 18:10:47 EDT 2019 org.apache.commons.lang.StringEscapeUtils,305
Mon Sep 02 18:52:26 EDT 2019 org.apache.commons.lang.StringEscapeUtils,306
Mon Sep 02 18:52:36 EDT 2019 org.apache.commons.lang.StringEscapeUtils,307
Mon Sep 02 18:52:36 EDT 2019 org.apache.commons.lang.StringEscapeUtils,310
Mon Sep 02 18:57:42 EDT 2019 org.apache.commons.lang.StringEscapeUtils,311
Mon Sep 02 18:57:42 EDT 2019 org.apache.commons.lang.StringEscapeUtils,315
Mon Sep 02 18:57:43 EDT 2019 org.apache.commons.lang.StringEscapeUtils,316
Mon Sep 02 18:57:44 EDT 2019 org.apache.commons.lang.StringEscapeUtils,317
Mon Sep 02 18:57:45 EDT 2019 org.apache.commons.lang.StringEscapeUtils,318
Mon Sep 02 18:57:45 EDT 2019 org.apache.commons.lang.StringEscapeUtils,319
Mon Sep 02 18:57:46 EDT 2019 Mon Sep 02 18:57:46 EDT 2019 : org.apache.commons.lang.StringEscapeUtils,322=>Find no block
Mon Sep 02 18:57:47 EDT 2019 Mon Sep 02 18:57:47 EDT 2019 : org.apache.commons.lang.StringEscapeUtils,320=>Find no block
Mon Sep 02 18:57:48 EDT 2019 org.apache.commons.lang.StringEscapeUtils,321
Mon Sep 02 18:57:49 EDT 2019 org.apache.commons.lang.StringEscapeUtils,326
Mon Sep 02 18:57:49 EDT 2019 org.apache.commons.lang.StringEscapeUtils,328
Mon Sep 02 18:57:52 EDT 2019 Mon Sep 02 18:57:52 EDT 2019 : org.apache.commons.lang.StringEscapeUtils,329=>Find no block
Mon Sep 02 18:57:54 EDT 2019 org.apache.commons.lang.StringEscapeUtils,331
Mon Sep 02 18:57:55 EDT 2019 org.apache.commons.lang.StringEscapeUtils,332
Mon Sep 02 18:58:47 EDT 2019 org.apache.commons.lang.StringEscapeUtils,334
Mon Sep 02 18:58:48 EDT 2019 org.apache.commons.lang.StringEscapeUtils,335
Mon Sep 02 18:59:47 EDT 2019 org.apache.commons.lang.StringEscapeUtils,337
Mon Sep 02 18:59:48 EDT 2019 org.apache.commons.lang.StringEscapeUtils,338
Mon Sep 02 19:00:43 EDT 2019 org.apache.commons.lang.StringEscapeUtils,340
Mon Sep 02 19:00:43 EDT 2019 org.apache.commons.lang.StringEscapeUtils,341
Mon Sep 02 19:01:45 EDT 2019 org.apache.commons.lang.StringEscapeUtils,343
Mon Sep 02 19:01:46 EDT 2019 org.apache.commons.lang.StringEscapeUtils,344
Mon Sep 02 19:02:43 EDT 2019 org.apache.commons.lang.StringEscapeUtils,346
Mon Sep 02 19:02:43 EDT 2019 org.apache.commons.lang.StringEscapeUtils,347
Mon Sep 02 19:03:40 EDT 2019 org.apache.commons.lang.StringEscapeUtils,349
Mon Sep 02 19:03:41 EDT 2019 org.apache.commons.lang.StringEscapeUtils,350
Mon Sep 02 19:04:41 EDT 2019 org.apache.commons.lang.StringEscapeUtils,352
Mon Sep 02 19:04:42 EDT 2019 org.apache.commons.lang.StringEscapeUtils,353
Mon Sep 02 19:05:37 EDT 2019 org.apache.commons.lang.StringEscapeUtils,357
Mon Sep 02 19:05:43 EDT 2019 org.apache.commons.lang.StringEscapeUtils,358
Mon Sep 02 19:05:44 EDT 2019 org.apache.commons.lang.StringEscapeUtils,361
Mon Sep 02 19:05:45 EDT 2019 org.apache.commons.lang.StringEscapeUtils,362
Mon Sep 02 19:05:45 EDT 2019 org.apache.commons.lang.StringEscapeUtils,365
Mon Sep 02 19:05:45 EDT 2019 org.apache.commons.lang.StringEscapeUtils,366
Mon Sep 02 19:05:46 EDT 2019 org.apache.commons.lang.StringEscapeUtils,367
Mon Sep 02 19:05:48 EDT 2019 org.apache.commons.lang.StringEscapeUtils,369
Mon Sep 02 19:37:44 EDT 2019 org.apache.commons.lang.StringEscapeUtils,371
Mon Sep 02 19:38:55 EDT 2019 org.apache.commons.lang.StringEscapeUtils,374
Mon Sep 02 19:38:56 EDT 2019 Mon Sep 02 19:38:56 EDT 2019 : org.apache.commons.lang.StringEscapeUtils,376=>Find no block
Mon Sep 02 19:38:56 EDT 2019 org.apache.commons.lang.StringEscapeUtils,390
Mon Sep 02 19:39:25 EDT 2019 org.apache.commons.lang.StringEscapeUtils,410
Mon Sep 02 19:39:27 EDT 2019 Mon Sep 02 19:39:27 EDT 2019 : org.apache.commons.lang.StringEscapeUtils,411=>Find no block
Mon Sep 02 19:39:28 EDT 2019 org.apache.commons.lang.StringEscapeUtils,442
Mon Sep 02 19:39:28 EDT 2019 org.apache.commons.lang.StringEscapeUtils,443
Mon Sep 02 19:39:29 EDT 2019 org.apache.commons.lang.StringEscapeUtils,446
Mon Sep 02 19:42:52 EDT 2019 org.apache.commons.lang.StringEscapeUtils,447
Mon Sep 02 19:42:53 EDT 2019 org.apache.commons.lang.StringEscapeUtils,448
Mon Sep 02 19:42:53 EDT 2019 Mon Sep 02 19:42:53 EDT 2019 : org.apache.commons.lang.StringEscapeUtils,449=>Find no block
Mon Sep 02 19:42:54 EDT 2019 org.apache.commons.lang.StringEscapeUtils,452
Mon Sep 02 19:42:54 EDT 2019 org.apache.commons.lang.StringEscapeUtils,453
Mon Sep 02 19:42:54 EDT 2019 org.apache.commons.lang.StringEscapeUtils,487
Mon Sep 02 19:43:01 EDT 2019 org.apache.commons.lang.StringEscapeUtils,488
Mon Sep 02 19:43:01 EDT 2019 org.apache.commons.lang.StringEscapeUtils,490
Mon Sep 02 19:43:23 EDT 2019 org.apache.commons.lang.StringEscapeUtils,491
Mon Sep 02 19:43:24 EDT 2019 org.apache.commons.lang.StringEscapeUtils,493
Mon Sep 02 19:44:03 EDT 2019 Mon Sep 02 19:44:03 EDT 2019 : org.apache.commons.lang.StringEscapeUtils,494=>Find no block
Mon Sep 02 19:44:04 EDT 2019 org.apache.commons.lang.StringEscapeUtils,514
Mon Sep 02 19:44:05 EDT 2019 org.apache.commons.lang.StringEscapeUtils,515
Mon Sep 02 19:44:05 EDT 2019 org.apache.commons.lang.StringEscapeUtils,518
Mon Sep 02 19:47:35 EDT 2019 org.apache.commons.lang.StringEscapeUtils,519
Mon Sep 02 19:47:36 EDT 2019 org.apache.commons.lang.StringEscapeUtils,520
Mon Sep 02 19:47:36 EDT 2019 Mon Sep 02 19:47:36 EDT 2019 : org.apache.commons.lang.StringEscapeUtils,521=>Find no block
Mon Sep 02 19:47:37 EDT 2019 org.apache.commons.lang.StringEscapeUtils,524
Mon Sep 02 19:47:37 EDT 2019 org.apache.commons.lang.StringEscapeUtils,525
Mon Sep 02 19:47:38 EDT 2019 org.apache.commons.lang.StringEscapeUtils,548
Mon Sep 02 19:47:38 EDT 2019 org.apache.commons.lang.StringEscapeUtils,549
Mon Sep 02 19:47:39 EDT 2019 org.apache.commons.lang.StringEscapeUtils,551
Mon Sep 02 19:47:39 EDT 2019 org.apache.commons.lang.StringEscapeUtils,552
Mon Sep 02 19:47:40 EDT 2019 org.apache.commons.lang.StringEscapeUtils,554
Mon Sep 02 19:48:20 EDT 2019 Mon Sep 02 19:48:20 EDT 2019 : org.apache.commons.lang.StringEscapeUtils,555=>Find no block
Mon Sep 02 19:48:21 EDT 2019 org.apache.commons.lang.StringEscapeUtils,578
Mon Sep 02 19:48:21 EDT 2019 org.apache.commons.lang.StringEscapeUtils,579
Mon Sep 02 19:48:22 EDT 2019 org.apache.commons.lang.StringEscapeUtils,581
Mon Sep 02 19:48:22 EDT 2019 org.apache.commons.lang.StringEscapeUtils,582
Mon Sep 02 19:48:23 EDT 2019 org.apache.commons.lang.StringEscapeUtils,584
Mon Sep 02 19:51:14 EDT 2019 Mon Sep 02 19:51:14 EDT 2019 : org.apache.commons.lang.StringEscapeUtils,585=>Find no block
Mon Sep 02 19:51:15 EDT 2019 org.apache.commons.lang.StringEscapeUtils,605
Mon Sep 02 19:51:15 EDT 2019 org.apache.commons.lang.StringEscapeUtils,606
Mon Sep 02 19:51:15 EDT 2019 org.apache.commons.lang.StringEscapeUtils,608
Mon Sep 02 19:54:53 EDT 2019 org.apache.commons.lang.StringEscapeUtils,630
Mon Sep 02 19:54:54 EDT 2019 org.apache.commons.lang.StringEscapeUtils,631
Failed time : 19/09/02 19:54
