=================================================
Project : lang_53	start : 19/09/02 15:24
Current failed test : org.apache.commons.lang.time.DateUtilsTest::testRoundLang346 | 19/09/02 15:25
Mon Sep 02 15:25:58 EDT 2019 org.apache.commons.lang.time.DateUtils,676
Mon Sep 02 15:31:13 EDT 2019 org.apache.commons.lang.time.DateUtils,689
Mon Sep 02 15:31:13 EDT 2019 org.apache.commons.lang.time.DateUtils,437
Mon Sep 02 15:31:24 EDT 2019 org.apache.commons.lang.time.DateUtils,440
Mon Sep 02 15:32:32 EDT 2019 org.apache.commons.lang.time.DateUtils,441
Mon Sep 02 15:32:32 EDT 2019 org.apache.commons.lang.time.DateUtils,442
Mon Sep 02 15:32:33 EDT 2019 org.apache.commons.lang.time.DateUtils,443
Mon Sep 02 15:32:33 EDT 2019 org.apache.commons.lang.time.DateUtils,621
Mon Sep 02 15:33:41 EDT 2019 org.apache.commons.lang.time.DateUtils,625
Mon Sep 02 15:34:24 EDT 2019 org.apache.commons.lang.time.DateUtils,635
Mon Sep 02 15:36:46 EDT 2019 org.apache.commons.lang.time.DateUtils,636
Mon Sep 02 15:37:57 EDT 2019 org.apache.commons.lang.time.DateUtils,637
Mon Sep 02 15:40:57 EDT 2019 org.apache.commons.lang.time.DateUtils,640
Mon Sep 02 15:47:50 EDT 2019 org.apache.commons.lang.time.DateUtils,641
Mon Sep 02 15:47:54 EDT 2019 org.apache.commons.lang.time.DateUtils,649
Mon Sep 02 15:53:19 EDT 2019 org.apache.commons.lang.time.DateUtils,650
Mon Sep 02 15:53:25 EDT 2019 org.apache.commons.lang.time.DateUtils,658
Mon Sep 02 15:58:57 EDT 2019 org.apache.commons.lang.time.DateUtils,659
Mon Sep 02 15:58:58 EDT 2019 org.apache.commons.lang.time.DateUtils,660
Mon Sep 02 15:59:00 EDT 2019 org.apache.commons.lang.time.DateUtils,664

----------------------------------------
----------------------------------------
Pass Single Test : [=>0,0]
if(date.getTime()==time){
date.setTime(time);
val.setTime(date);
}

Time : 19/09/02 15:59
----------------------------------------

----------------------------------------
----------------------------------------
Pass Single Test : [=>0,0]
if(date.getTime()==Calendar.MILLISECOND){
date.setTime(time);
val.setTime(date);
}

Time : 19/09/02 15:59
----------------------------------------

----------------------------------------
----------------------------------------
Pass Single Test : [=>0,0]
Calendar.getInstance().setTime(date);
if(date.getTime()==time){
date.setTime(time);
val.setTime(date);
}

Time : 19/09/02 16:00
----------------------------------------

----------------------------------------
----------------------------------------
Pass Single Test : [=>0,0]
val.setTime(date);
if(date.getTime()==time){
date.setTime(time);
val.setTime(date);
}

Time : 19/09/02 16:03
----------------------------------------

----------------------------------------
----------------------------------------
Pass Single Test : [=>0,0]
if(date.getTime()==Calendar.SECOND){
date.setTime(time);
val.setTime(date);
}

Time : 19/09/02 16:03
----------------------------------------

----------------------------------------
----------------------------------------
Pass Single Test : [=>0,0]
if(date.getTime()==Calendar.MINUTE){
date.setTime(time);
val.setTime(date);
}

Time : 19/09/02 16:04
----------------------------------------

----------------------------------------
----------------------------------------
Pass Single Test : [=>0,0]
if(!done&&(!round||minutes<30)){
time=time-(minutes*60000L);
}
if(date.getTime()==time){
date.setTime(time);
val.setTime(date);
}

Time : 19/09/02 16:04
----------------------------------------

----------------------------------------
----------------------------------------
Pass Single Test : [=>0,0]
if(!done&&(!round||minutes<30)){
time=time-(minutes*60000L);
}
if(date.getTime()==Calendar.MINUTE){
date.setTime(time);
val.setTime(date);
}

Time : 19/09/02 16:05
----------------------------------------
Mon Sep 02 16:05:46 EDT 2019 org.apache.commons.lang.time.DateUtils,665
Mon Sep 02 16:05:47 EDT 2019 org.apache.commons.lang.time.DateUtils,666
Mon Sep 02 16:05:47 EDT 2019 org.apache.commons.lang.time.DateUtils,670

----------------------------------------
----------------------------------------
Pass Single Test : [=>0,0]
if(date.getTime()==time){
date.setTime(time);
val.setTime(date);
}
boolean roundUp=false;

Time : 19/09/02 16:06
----------------------------------------

----------------------------------------
----------------------------------------
Pass Single Test : [=>0,0]
if(date.getTime()==Calendar.MILLISECOND){
date.setTime(time);
val.setTime(date);
}
boolean roundUp=false;

Time : 19/09/02 16:06
----------------------------------------

----------------------------------------
----------------------------------------
Pass Single Test : [=>0,0]
Calendar.getInstance().setTime(date);
if(date.getTime()==time){
date.setTime(time);
val.setTime(date);
}
boolean roundUp=false;

Time : 19/09/02 16:07
----------------------------------------

----------------------------------------
----------------------------------------
Pass Single Test : [=>0,0]
val.setTime(date);
if(date.getTime()==time){
date.setTime(time);
val.setTime(date);
}
boolean roundUp=false;

Time : 19/09/02 16:09
----------------------------------------

----------------------------------------
----------------------------------------
Pass Single Test : [=>0,0]
if(date.getTime()==Calendar.SECOND){
date.setTime(time);
val.setTime(date);
}
boolean roundUp=false;

Time : 19/09/02 16:10
----------------------------------------
Mon Sep 02 16:10:41 EDT 2019 org.apache.commons.lang.time.DateUtils,671
Mon Sep 02 17:03:37 EDT 2019 org.apache.commons.lang.time.DateUtils,672
Mon Sep 02 17:03:38 EDT 2019 org.apache.commons.lang.time.DateUtils,673
Mon Sep 02 17:03:38 EDT 2019 org.apache.commons.lang.time.DateUtils,675
Mon Sep 02 17:03:40 EDT 2019 org.apache.commons.lang.time.DateUtils,692
Mon Sep 02 17:16:00 EDT 2019 org.apache.commons.lang.time.DateUtils,696
Mon Sep 02 17:23:45 EDT 2019 org.apache.commons.lang.time.DateUtils,697
Mon Sep 02 17:23:46 EDT 2019 Mon Sep 02 17:23:46 EDT 2019 : org.apache.commons.lang.time.DateUtils,699=>Find no block
Mon Sep 02 17:23:46 EDT 2019 org.apache.commons.lang.time.DateUtils,729
Mon Sep 02 17:23:47 EDT 2019 org.apache.commons.lang.time.DateUtils,730
Mon Sep 02 17:23:47 EDT 2019 org.apache.commons.lang.time.DateUtils,731
Mon Sep 02 17:23:48 EDT 2019 org.apache.commons.lang.time.DateUtils,733
Mon Sep 02 17:23:48 EDT 2019 org.apache.commons.lang.time.DateUtils,735
Mon Sep 02 17:23:49 EDT 2019 org.apache.commons.lang.time.DateUtils,738
Mon Sep 02 17:23:50 EDT 2019 org.apache.commons.lang.time.DateUtils,739
Mon Sep 02 17:23:50 EDT 2019 Mon Sep 02 17:23:50 EDT 2019 : org.apache.commons.lang.time.DateUtils,45=>Find no block
Mon Sep 02 17:23:51 EDT 2019 Mon Sep 02 17:23:51 EDT 2019 : org.apache.commons.lang.time.DateUtils,73=>Find no block
Mon Sep 02 17:23:51 EDT 2019 org.apache.commons.lang.time.DateUtils,124
Mon Sep 02 17:23:54 EDT 2019 Mon Sep 02 17:23:54 EDT 2019 : org.apache.commons.lang.time.DateUtils,125=>Find no block
Mon Sep 02 17:23:54 EDT 2019 org.apache.commons.lang.time.DateUtils,142
Mon Sep 02 17:23:56 EDT 2019 org.apache.commons.lang.time.DateUtils,143
Mon Sep 02 17:23:57 EDT 2019 org.apache.commons.lang.time.DateUtils,145
Mon Sep 02 17:24:37 EDT 2019 org.apache.commons.lang.time.DateUtils,146
Mon Sep 02 17:24:37 EDT 2019 org.apache.commons.lang.time.DateUtils,147
Mon Sep 02 17:24:37 EDT 2019 org.apache.commons.lang.time.DateUtils,148
Mon Sep 02 17:24:39 EDT 2019 org.apache.commons.lang.time.DateUtils,149
Mon Sep 02 17:24:39 EDT 2019 org.apache.commons.lang.time.DateUtils,166
Mon Sep 02 17:24:42 EDT 2019 org.apache.commons.lang.time.DateUtils,167
Mon Sep 02 17:24:42 EDT 2019 org.apache.commons.lang.time.DateUtils,169
Mon Sep 02 17:58:55 EDT 2019 org.apache.commons.lang.time.DateUtils,187
Mon Sep 02 17:58:56 EDT 2019 org.apache.commons.lang.time.DateUtils,188
Mon Sep 02 17:58:56 EDT 2019 org.apache.commons.lang.time.DateUtils,190
Mon Sep 02 18:00:18 EDT 2019 org.apache.commons.lang.time.DateUtils,205
Mon Sep 02 18:00:19 EDT 2019 org.apache.commons.lang.time.DateUtils,206
Mon Sep 02 18:00:20 EDT 2019 org.apache.commons.lang.time.DateUtils,208
Mon Sep 02 18:00:58 EDT 2019 org.apache.commons.lang.time.DateUtils,225
Mon Sep 02 18:00:58 EDT 2019 org.apache.commons.lang.time.DateUtils,226
Mon Sep 02 18:00:59 EDT 2019 org.apache.commons.lang.time.DateUtils,228
Mon Sep 02 18:02:40 EDT 2019 org.apache.commons.lang.time.DateUtils,253
Mon Sep 02 18:09:51 EDT 2019 org.apache.commons.lang.time.DateUtils,254
Mon Sep 02 18:09:52 EDT 2019 org.apache.commons.lang.time.DateUtils,257
Mon Sep 02 18:16:45 EDT 2019 org.apache.commons.lang.time.DateUtils,258
Mon Sep 02 18:16:46 EDT 2019 org.apache.commons.lang.time.DateUtils,259
Mon Sep 02 18:33:15 EDT 2019 org.apache.commons.lang.time.DateUtils,260
Mon Sep 02 18:33:15 EDT 2019 org.apache.commons.lang.time.DateUtils,261
Mon Sep 02 18:33:16 EDT 2019 org.apache.commons.lang.time.DateUtils,263
Mon Sep 02 18:33:16 EDT 2019 org.apache.commons.lang.time.DateUtils,265
Mon Sep 02 18:33:17 EDT 2019 org.apache.commons.lang.time.DateUtils,266
Mon Sep 02 18:33:18 EDT 2019 org.apache.commons.lang.time.DateUtils,267
Mon Sep 02 18:33:19 EDT 2019 org.apache.commons.lang.time.DateUtils,268
Mon Sep 02 18:33:20 EDT 2019 org.apache.commons.lang.time.DateUtils,271
Mon Sep 02 18:44:11 EDT 2019 org.apache.commons.lang.time.DateUtils,285
Mon Sep 02 18:45:40 EDT 2019 org.apache.commons.lang.time.DateUtils,299
Mon Sep 02 18:47:15 EDT 2019 org.apache.commons.lang.time.DateUtils,313
Mon Sep 02 18:48:53 EDT 2019 org.apache.commons.lang.time.DateUtils,327
Mon Sep 02 18:50:27 EDT 2019 org.apache.commons.lang.time.DateUtils,341
Mon Sep 02 18:52:05 EDT 2019 org.apache.commons.lang.time.DateUtils,355
Mon Sep 02 18:53:57 EDT 2019 org.apache.commons.lang.time.DateUtils,369
Mon Sep 02 18:55:47 EDT 2019 org.apache.commons.lang.time.DateUtils,383
Mon Sep 02 18:57:24 EDT 2019 org.apache.commons.lang.time.DateUtils,398
Mon Sep 02 18:57:24 EDT 2019 org.apache.commons.lang.time.DateUtils,399
Mon Sep 02 18:57:25 EDT 2019 org.apache.commons.lang.time.DateUtils,401
Mon Sep 02 18:59:30 EDT 2019 org.apache.commons.lang.time.DateUtils,402
Mon Sep 02 18:59:31 EDT 2019 org.apache.commons.lang.time.DateUtils,403
Mon Sep 02 18:59:32 EDT 2019 org.apache.commons.lang.time.DateUtils,404
Mon Sep 02 18:59:33 EDT 2019 org.apache.commons.lang.time.DateUtils,438
Mon Sep 02 18:59:34 EDT 2019 org.apache.commons.lang.time.DateUtils,475
Mon Sep 02 18:59:35 EDT 2019 org.apache.commons.lang.time.DateUtils,476
Mon Sep 02 18:59:35 EDT 2019 org.apache.commons.lang.time.DateUtils,478
Mon Sep 02 19:00:25 EDT 2019 org.apache.commons.lang.time.DateUtils,479
Mon Sep 02 19:00:26 EDT 2019 org.apache.commons.lang.time.DateUtils,480
Mon Sep 02 19:00:28 EDT 2019 org.apache.commons.lang.time.DateUtils,514
Mon Sep 02 19:00:28 EDT 2019 org.apache.commons.lang.time.DateUtils,515
Mon Sep 02 19:00:29 EDT 2019 org.apache.commons.lang.time.DateUtils,517
Mon Sep 02 19:02:26 EDT 2019 org.apache.commons.lang.time.DateUtils,518
Mon Sep 02 19:02:26 EDT 2019 org.apache.commons.lang.time.DateUtils,519
Mon Sep 02 19:02:27 EDT 2019 org.apache.commons.lang.time.DateUtils,520
Mon Sep 02 19:02:28 EDT 2019 org.apache.commons.lang.time.DateUtils,522
Mon Sep 02 19:02:29 EDT 2019 org.apache.commons.lang.time.DateUtils,544
Mon Sep 02 19:02:30 EDT 2019 org.apache.commons.lang.time.DateUtils,545
Mon Sep 02 19:02:30 EDT 2019 org.apache.commons.lang.time.DateUtils,547
Mon Sep 02 19:03:56 EDT 2019 org.apache.commons.lang.time.DateUtils,548
Mon Sep 02 19:03:58 EDT 2019 org.apache.commons.lang.time.DateUtils,549
Mon Sep 02 19:03:59 EDT 2019 org.apache.commons.lang.time.DateUtils,550
Mon Sep 02 19:04:01 EDT 2019 org.apache.commons.lang.time.DateUtils,570
Mon Sep 02 19:04:01 EDT 2019 org.apache.commons.lang.time.DateUtils,571
Mon Sep 02 19:04:02 EDT 2019 org.apache.commons.lang.time.DateUtils,573
Mon Sep 02 19:04:51 EDT 2019 org.apache.commons.lang.time.DateUtils,574
Mon Sep 02 19:04:52 EDT 2019 org.apache.commons.lang.time.DateUtils,575
Mon Sep 02 19:04:54 EDT 2019 org.apache.commons.lang.time.DateUtils,599
Mon Sep 02 19:04:54 EDT 2019 org.apache.commons.lang.time.DateUtils,600
Mon Sep 02 19:04:55 EDT 2019 org.apache.commons.lang.time.DateUtils,602
Mon Sep 02 19:06:50 EDT 2019 org.apache.commons.lang.time.DateUtils,603
Mon Sep 02 19:06:51 EDT 2019 org.apache.commons.lang.time.DateUtils,604
Mon Sep 02 19:06:52 EDT 2019 org.apache.commons.lang.time.DateUtils,605
Mon Sep 02 19:06:53 EDT 2019 org.apache.commons.lang.time.DateUtils,607
Mon Sep 02 19:06:54 EDT 2019 org.apache.commons.lang.time.DateUtils,622
Mon Sep 02 19:06:56 EDT 2019 org.apache.commons.lang.time.DateUtils,626
Mon Sep 02 19:06:57 EDT 2019 org.apache.commons.lang.time.DateUtils,642
Mon Sep 02 19:06:58 EDT 2019 org.apache.commons.lang.time.DateUtils,643
Mon Sep 02 19:06:59 EDT 2019 org.apache.commons.lang.time.DateUtils,644
Mon Sep 02 19:07:00 EDT 2019 org.apache.commons.lang.time.DateUtils,651
Mon Sep 02 19:07:00 EDT 2019 org.apache.commons.lang.time.DateUtils,652
Mon Sep 02 19:07:02 EDT 2019 org.apache.commons.lang.time.DateUtils,653
Mon Sep 02 19:07:03 EDT 2019 org.apache.commons.lang.time.DateUtils,680
Mon Sep 02 19:07:04 EDT 2019 org.apache.commons.lang.time.DateUtils,681
Mon Sep 02 19:07:06 EDT 2019 org.apache.commons.lang.time.DateUtils,683
Mon Sep 02 19:07:07 EDT 2019 org.apache.commons.lang.time.DateUtils,684
Mon Sep 02 19:07:09 EDT 2019 org.apache.commons.lang.time.DateUtils,701
Mon Sep 02 19:07:10 EDT 2019 org.apache.commons.lang.time.DateUtils,705
Mon Sep 02 19:07:11 EDT 2019 org.apache.commons.lang.time.DateUtils,708
Mon Sep 02 19:07:12 EDT 2019 org.apache.commons.lang.time.DateUtils,709
Mon Sep 02 19:07:13 EDT 2019 org.apache.commons.lang.time.DateUtils,712
Mon Sep 02 19:07:14 EDT 2019 org.apache.commons.lang.time.DateUtils,713
Mon Sep 02 19:07:15 EDT 2019 org.apache.commons.lang.time.DateUtils,717
Mon Sep 02 19:07:16 EDT 2019 org.apache.commons.lang.time.DateUtils,720
Mon Sep 02 19:07:17 EDT 2019 org.apache.commons.lang.time.DateUtils,721
Mon Sep 02 19:07:18 EDT 2019 org.apache.commons.lang.time.DateUtils,722
Mon Sep 02 19:07:18 EDT 2019 org.apache.commons.lang.time.DateUtils,724
Mon Sep 02 19:07:20 EDT 2019 org.apache.commons.lang.time.DateUtils,725
Mon Sep 02 19:07:21 EDT 2019 org.apache.commons.lang.time.DateUtils,742
Mon Sep 02 19:12:09 EDT 2019 org.apache.commons.lang.time.DateUtils,772
Mon Sep 02 19:12:11 EDT 2019 org.apache.commons.lang.time.DateUtils,773
Mon Sep 02 19:12:12 EDT 2019 org.apache.commons.lang.time.DateUtils,775
Mon Sep 02 19:13:18 EDT 2019 org.apache.commons.lang.time.DateUtils,776
Mon Sep 02 19:13:19 EDT 2019 org.apache.commons.lang.time.DateUtils,777
Mon Sep 02 19:13:20 EDT 2019 org.apache.commons.lang.time.DateUtils,805
Mon Sep 02 19:13:20 EDT 2019 org.apache.commons.lang.time.DateUtils,806
Mon Sep 02 19:13:21 EDT 2019 org.apache.commons.lang.time.DateUtils,808
Mon Sep 02 19:13:36 EDT 2019 org.apache.commons.lang.time.DateUtils,809
Mon Sep 02 19:13:49 EDT 2019 org.apache.commons.lang.time.DateUtils,810
Mon Sep 02 19:14:12 EDT 2019 org.apache.commons.lang.time.DateUtils,811
Mon Sep 02 19:14:13 EDT 2019 Mon Sep 02 19:14:13 EDT 2019 : org.apache.commons.lang.time.DateUtils,812=>Find no block
Mon Sep 02 19:14:13 EDT 2019 org.apache.commons.lang.time.DateUtils,816
Mon Sep 02 19:15:28 EDT 2019 org.apache.commons.lang.time.DateUtils,818
Mon Sep 02 19:16:28 EDT 2019 org.apache.commons.lang.time.DateUtils,819
Mon Sep 02 19:18:09 EDT 2019 org.apache.commons.lang.time.DateUtils,820
Mon Sep 02 19:21:16 EDT 2019 org.apache.commons.lang.time.DateUtils,822
Mon Sep 02 19:21:17 EDT 2019 org.apache.commons.lang.time.DateUtils,823
Mon Sep 02 19:21:18 EDT 2019 org.apache.commons.lang.time.DateUtils,824
Mon Sep 02 19:21:19 EDT 2019 org.apache.commons.lang.time.DateUtils,832
Mon Sep 02 19:21:31 EDT 2019 org.apache.commons.lang.time.DateUtils,833
Mon Sep 02 19:21:32 EDT 2019 Mon Sep 02 19:21:32 EDT 2019 : org.apache.commons.lang.time.DateUtils,834=>Find no block
Mon Sep 02 19:21:33 EDT 2019 org.apache.commons.lang.time.DateUtils,837
Mon Sep 02 19:21:36 EDT 2019 org.apache.commons.lang.time.DateUtils,839
Mon Sep 02 19:22:07 EDT 2019 org.apache.commons.lang.time.DateUtils,840
Mon Sep 02 19:22:23 EDT 2019 org.apache.commons.lang.time.DateUtils,841
Mon Sep 02 19:22:33 EDT 2019 org.apache.commons.lang.time.DateUtils,843
Mon Sep 02 19:23:00 EDT 2019 org.apache.commons.lang.time.DateUtils,844
Mon Sep 02 19:23:26 EDT 2019 org.apache.commons.lang.time.DateUtils,845
Mon Sep 02 19:23:28 EDT 2019 org.apache.commons.lang.time.DateUtils,847
Mon Sep 02 19:23:54 EDT 2019 org.apache.commons.lang.time.DateUtils,848
Mon Sep 02 19:24:17 EDT 2019 org.apache.commons.lang.time.DateUtils,851
Mon Sep 02 19:24:20 EDT 2019 org.apache.commons.lang.time.DateUtils,853
Mon Sep 02 19:24:32 EDT 2019 org.apache.commons.lang.time.DateUtils,855
Mon Sep 02 19:24:54 EDT 2019 org.apache.commons.lang.time.DateUtils,856
Mon Sep 02 19:24:54 EDT 2019 org.apache.commons.lang.time.DateUtils,858
Mon Sep 02 19:25:15 EDT 2019 org.apache.commons.lang.time.DateUtils,859
Mon Sep 02 19:25:16 EDT 2019 org.apache.commons.lang.time.DateUtils,861
Mon Sep 02 19:25:38 EDT 2019 org.apache.commons.lang.time.DateUtils,862
Mon Sep 02 19:25:39 EDT 2019 org.apache.commons.lang.time.DateUtils,864
Mon Sep 02 19:26:00 EDT 2019 org.apache.commons.lang.time.DateUtils,865
Mon Sep 02 19:26:00 EDT 2019 org.apache.commons.lang.time.DateUtils,867
Mon Sep 02 19:29:25 EDT 2019 org.apache.commons.lang.time.DateUtils,868
Mon Sep 02 19:29:26 EDT 2019 org.apache.commons.lang.time.DateUtils,870
Mon Sep 02 19:35:03 EDT 2019 org.apache.commons.lang.time.DateUtils,871
Mon Sep 02 19:35:04 EDT 2019 org.apache.commons.lang.time.DateUtils,873
Mon Sep 02 19:38:17 EDT 2019 org.apache.commons.lang.time.DateUtils,896
Mon Sep 02 19:38:18 EDT 2019 org.apache.commons.lang.time.DateUtils,897
Mon Sep 02 19:38:18 EDT 2019 org.apache.commons.lang.time.DateUtils,899
Mon Sep 02 19:38:22 EDT 2019 org.apache.commons.lang.time.DateUtils,900
Mon Sep 02 19:38:23 EDT 2019 org.apache.commons.lang.time.DateUtils,901
Mon Sep 02 19:38:24 EDT 2019 org.apache.commons.lang.time.DateUtils,902
Mon Sep 02 19:38:24 EDT 2019 org.apache.commons.lang.time.DateUtils,904
Mon Sep 02 19:38:24 EDT 2019 org.apache.commons.lang.time.DateUtils,922
Mon Sep 02 19:39:19 EDT 2019 org.apache.commons.lang.time.DateUtils,923
Mon Sep 02 19:39:19 EDT 2019 org.apache.commons.lang.time.DateUtils,924
Failed time : 19/09/02 19:39
