=================================================
Project : lang_54	start : 19/09/02 15:24
Current failed test : org.apache.commons.lang.LocaleUtilsTest::testLang328 | 19/09/02 15:25
Mon Sep 02 15:25:58 EDT 2019 org.apache.commons.lang.LocaleUtils,116
Mon Sep 02 15:49:26 EDT 2019 org.apache.commons.lang.LocaleUtils,110
Mon Sep 02 15:58:17 EDT 2019 org.apache.commons.lang.LocaleUtils,113
Mon Sep 02 16:15:14 EDT 2019 org.apache.commons.lang.LocaleUtils,114
Mon Sep 02 17:12:19 EDT 2019 org.apache.commons.lang.LocaleUtils,115
Mon Sep 02 17:12:20 EDT 2019 org.apache.commons.lang.LocaleUtils,95
Mon Sep 02 17:14:20 EDT 2019 org.apache.commons.lang.LocaleUtils,98
Mon Sep 02 17:27:35 EDT 2019 org.apache.commons.lang.LocaleUtils,99
Mon Sep 02 17:27:36 EDT 2019 org.apache.commons.lang.LocaleUtils,102
Mon Sep 02 17:41:23 EDT 2019 org.apache.commons.lang.LocaleUtils,103
Mon Sep 02 17:53:18 EDT 2019 org.apache.commons.lang.LocaleUtils,104
Mon Sep 02 17:59:02 EDT 2019 org.apache.commons.lang.LocaleUtils,107
Mon Sep 02 18:23:13 EDT 2019 Mon Sep 02 18:23:13 EDT 2019 : org.apache.commons.lang.LocaleUtils,47=>Find no block
Mon Sep 02 18:23:14 EDT 2019 Mon Sep 02 18:23:14 EDT 2019 : org.apache.commons.lang.LocaleUtils,49=>Find no block
Mon Sep 02 18:23:15 EDT 2019 Mon Sep 02 18:23:15 EDT 2019 : org.apache.commons.lang.LocaleUtils,51=>Find no block
Mon Sep 02 18:23:17 EDT 2019 Mon Sep 02 18:23:17 EDT 2019 : org.apache.commons.lang.LocaleUtils,52=>Find no block
Mon Sep 02 18:23:18 EDT 2019 Mon Sep 02 18:23:18 EDT 2019 : org.apache.commons.lang.LocaleUtils,53=>Find no block
Mon Sep 02 18:23:19 EDT 2019 org.apache.commons.lang.LocaleUtils,192
Mon Sep 02 18:23:23 EDT 2019 org.apache.commons.lang.LocaleUtils,223
Mon Sep 02 18:23:27 EDT 2019 org.apache.commons.lang.LocaleUtils,63
Mon Sep 02 18:23:31 EDT 2019 Mon Sep 02 18:23:31 EDT 2019 : org.apache.commons.lang.LocaleUtils,64=>Find no block
Mon Sep 02 18:23:31 EDT 2019 org.apache.commons.lang.LocaleUtils,96
Mon Sep 02 18:23:32 EDT 2019 org.apache.commons.lang.LocaleUtils,100
Mon Sep 02 18:23:33 EDT 2019 org.apache.commons.lang.LocaleUtils,105
Mon Sep 02 18:23:34 EDT 2019 org.apache.commons.lang.LocaleUtils,108
Mon Sep 02 18:23:36 EDT 2019 org.apache.commons.lang.LocaleUtils,111
Mon Sep 02 18:23:37 EDT 2019 org.apache.commons.lang.LocaleUtils,118
Mon Sep 02 18:23:38 EDT 2019 org.apache.commons.lang.LocaleUtils,119
Mon Sep 02 18:23:39 EDT 2019 org.apache.commons.lang.LocaleUtils,121
Mon Sep 02 18:23:40 EDT 2019 org.apache.commons.lang.LocaleUtils,122
Mon Sep 02 18:23:40 EDT 2019 org.apache.commons.lang.LocaleUtils,124
Mon Sep 02 18:23:41 EDT 2019 org.apache.commons.lang.LocaleUtils,143
Mon Sep 02 18:23:43 EDT 2019 org.apache.commons.lang.LocaleUtils,165
Mon Sep 02 18:25:10 EDT 2019 org.apache.commons.lang.LocaleUtils,166
Mon Sep 02 18:25:11 EDT 2019 org.apache.commons.lang.LocaleUtils,167
Mon Sep 02 18:25:12 EDT 2019 org.apache.commons.lang.LocaleUtils,168
Mon Sep 02 18:25:13 EDT 2019 org.apache.commons.lang.LocaleUtils,169
Mon Sep 02 18:25:14 EDT 2019 org.apache.commons.lang.LocaleUtils,171
Mon Sep 02 18:25:16 EDT 2019 org.apache.commons.lang.LocaleUtils,172
Mon Sep 02 18:25:17 EDT 2019 org.apache.commons.lang.LocaleUtils,174
Mon Sep 02 18:25:17 EDT 2019 org.apache.commons.lang.LocaleUtils,175
Mon Sep 02 18:25:19 EDT 2019 org.apache.commons.lang.LocaleUtils,178
Mon Sep 02 18:26:14 EDT 2019 org.apache.commons.lang.LocaleUtils,206
Mon Sep 02 18:26:41 EDT 2019 org.apache.commons.lang.LocaleUtils,207
Mon Sep 02 18:27:08 EDT 2019 org.apache.commons.lang.LocaleUtils,208
Mon Sep 02 18:27:09 EDT 2019 org.apache.commons.lang.LocaleUtils,209
Mon Sep 02 18:27:10 EDT 2019 org.apache.commons.lang.LocaleUtils,210
Mon Sep 02 18:27:11 EDT 2019 org.apache.commons.lang.LocaleUtils,212
Mon Sep 02 18:27:11 EDT 2019 org.apache.commons.lang.LocaleUtils,237
Mon Sep 02 18:33:12 EDT 2019 org.apache.commons.lang.LocaleUtils,238
Mon Sep 02 18:34:10 EDT 2019 org.apache.commons.lang.LocaleUtils,239
Mon Sep 02 18:34:11 EDT 2019 org.apache.commons.lang.LocaleUtils,240
Mon Sep 02 18:36:37 EDT 2019 org.apache.commons.lang.LocaleUtils,241
Mon Sep 02 18:36:37 EDT 2019 org.apache.commons.lang.LocaleUtils,242
Mon Sep 02 18:36:38 EDT 2019 org.apache.commons.lang.LocaleUtils,243
Mon Sep 02 18:36:39 EDT 2019 org.apache.commons.lang.LocaleUtils,244
Mon Sep 02 18:36:39 EDT 2019 org.apache.commons.lang.LocaleUtils,246
Mon Sep 02 18:36:40 EDT 2019 org.apache.commons.lang.LocaleUtils,249
Mon Sep 02 18:39:14 EDT 2019 Mon Sep 02 18:39:14 EDT 2019 : org.apache.commons.lang.LocaleUtils,250=>Find no block
Mon Sep 02 18:39:15 EDT 2019 org.apache.commons.lang.LocaleUtils,251
Mon Sep 02 18:39:15 EDT 2019 org.apache.commons.lang.LocaleUtils,253
Mon Sep 02 18:44:17 EDT 2019 org.apache.commons.lang.LocaleUtils,255
Mon Sep 02 18:46:29 EDT 2019 org.apache.commons.lang.LocaleUtils,269
Mon Sep 02 18:52:43 EDT 2019 org.apache.commons.lang.LocaleUtils,270
Mon Sep 02 18:53:39 EDT 2019 org.apache.commons.lang.LocaleUtils,271
Mon Sep 02 18:53:40 EDT 2019 org.apache.commons.lang.LocaleUtils,272
Mon Sep 02 18:56:32 EDT 2019 org.apache.commons.lang.LocaleUtils,273
Mon Sep 02 18:56:33 EDT 2019 org.apache.commons.lang.LocaleUtils,274
Mon Sep 02 18:56:34 EDT 2019 org.apache.commons.lang.LocaleUtils,275
Mon Sep 02 18:56:35 EDT 2019 org.apache.commons.lang.LocaleUtils,276
Mon Sep 02 18:56:35 EDT 2019 org.apache.commons.lang.LocaleUtils,279
Mon Sep 02 18:56:36 EDT 2019 org.apache.commons.lang.LocaleUtils,282
Mon Sep 02 18:58:30 EDT 2019 Mon Sep 02 18:58:30 EDT 2019 : org.apache.commons.lang.LocaleUtils,283=>Find no block
Mon Sep 02 18:58:31 EDT 2019 org.apache.commons.lang.LocaleUtils,284
Mon Sep 02 18:58:32 EDT 2019 org.apache.commons.lang.LocaleUtils,286
Mon Sep 02 19:04:05 EDT 2019 org.apache.commons.lang.LocaleUtils,288
Failed time : 19/09/02 19:06
