=================================================
Project : lang_55	start : 19/09/02 15:24
Current failed test : org.apache.commons.lang.time.StopWatchTest::testLang315 | 19/09/02 15:25
Mon Sep 02 15:26:01 EDT 2019 org.apache.commons.lang.time.StopWatch,179
Mon Sep 02 15:37:30 EDT 2019 org.apache.commons.lang.time.StopWatch,180
Mon Sep 02 15:37:31 EDT 2019 Mon Sep 02 15:37:31 EDT 2019 : org.apache.commons.lang.time.StopWatch,181=>Find no block
Mon Sep 02 15:37:32 EDT 2019 org.apache.commons.lang.time.StopWatch,176
Mon Sep 02 15:40:00 EDT 2019 org.apache.commons.lang.time.StopWatch,210
Mon Sep 02 15:47:07 EDT 2019 org.apache.commons.lang.time.StopWatch,115
Mon Sep 02 15:48:56 EDT 2019 org.apache.commons.lang.time.StopWatch,118
Mon Sep 02 15:54:03 EDT 2019 org.apache.commons.lang.time.StopWatch,119
Mon Sep 02 15:54:07 EDT 2019 Mon Sep 02 15:54:07 EDT 2019 : org.apache.commons.lang.time.StopWatch,120=>Find no block
Mon Sep 02 15:54:11 EDT 2019 org.apache.commons.lang.time.StopWatch,209
Mon Sep 02 15:54:13 EDT 2019 org.apache.commons.lang.time.StopWatch,85
Mon Sep 02 15:54:15 EDT 2019 Mon Sep 02 15:54:15 EDT 2019 : org.apache.commons.lang.time.StopWatch,65=>Find no block
Mon Sep 02 15:54:16 EDT 2019 Mon Sep 02 15:54:16 EDT 2019 : org.apache.commons.lang.time.StopWatch,70=>Find no block
Mon Sep 02 15:54:19 EDT 2019 Mon Sep 02 15:54:19 EDT 2019 : org.apache.commons.lang.time.StopWatch,75=>Find no block
Mon Sep 02 15:54:23 EDT 2019 Mon Sep 02 15:54:23 EDT 2019 : org.apache.commons.lang.time.StopWatch,79=>Find no block
Mon Sep 02 15:54:23 EDT 2019 Mon Sep 02 15:54:23 EDT 2019 : org.apache.commons.lang.time.StopWatch,86=>Find no block
Mon Sep 02 15:54:25 EDT 2019 org.apache.commons.lang.time.StopWatch,96
Mon Sep 02 15:57:56 EDT 2019 org.apache.commons.lang.time.StopWatch,99
Mon Sep 02 16:00:23 EDT 2019 org.apache.commons.lang.time.StopWatch,102
Mon Sep 02 16:06:52 EDT 2019 org.apache.commons.lang.time.StopWatch,103
Mon Sep 02 16:06:54 EDT 2019 org.apache.commons.lang.time.StopWatch,104
Mon Sep 02 16:06:54 EDT 2019 Mon Sep 02 16:06:54 EDT 2019 : org.apache.commons.lang.time.StopWatch,105=>Find no block
Mon Sep 02 16:06:54 EDT 2019 org.apache.commons.lang.time.StopWatch,97
Mon Sep 02 16:06:55 EDT 2019 org.apache.commons.lang.time.StopWatch,100
Mon Sep 02 16:06:56 EDT 2019 org.apache.commons.lang.time.StopWatch,116
Mon Sep 02 16:06:56 EDT 2019 org.apache.commons.lang.time.StopWatch,128
Mon Sep 02 16:09:27 EDT 2019 org.apache.commons.lang.time.StopWatch,129
Mon Sep 02 16:09:27 EDT 2019 org.apache.commons.lang.time.StopWatch,130
Mon Sep 02 16:09:28 EDT 2019 org.apache.commons.lang.time.StopWatch,131
Mon Sep 02 16:09:28 EDT 2019 Mon Sep 02 16:09:28 EDT 2019 : org.apache.commons.lang.time.StopWatch,132=>Find no block
Mon Sep 02 16:09:29 EDT 2019 org.apache.commons.lang.time.StopWatch,144
Mon Sep 02 16:11:37 EDT 2019 org.apache.commons.lang.time.StopWatch,145
Mon Sep 02 16:11:38 EDT 2019 org.apache.commons.lang.time.StopWatch,147
Mon Sep 02 16:18:27 EDT 2019 org.apache.commons.lang.time.StopWatch,148
Mon Sep 02 16:18:28 EDT 2019 Mon Sep 02 16:18:28 EDT 2019 : org.apache.commons.lang.time.StopWatch,149=>Find no block
Mon Sep 02 16:18:28 EDT 2019 org.apache.commons.lang.time.StopWatch,160
Mon Sep 02 16:20:21 EDT 2019 org.apache.commons.lang.time.StopWatch,161
Mon Sep 02 16:20:21 EDT 2019 org.apache.commons.lang.time.StopWatch,163
Mon Sep 02 16:30:35 EDT 2019 org.apache.commons.lang.time.StopWatch,164
Mon Sep 02 16:30:35 EDT 2019 Mon Sep 02 16:30:35 EDT 2019 : org.apache.commons.lang.time.StopWatch,165=>Find no block
Mon Sep 02 16:30:36 EDT 2019 org.apache.commons.lang.time.StopWatch,177
Mon Sep 02 16:30:36 EDT 2019 org.apache.commons.lang.time.StopWatch,192
Mon Sep 02 16:33:00 EDT 2019 org.apache.commons.lang.time.StopWatch,193
Mon Sep 02 16:33:01 EDT 2019 org.apache.commons.lang.time.StopWatch,195
Mon Sep 02 16:38:09 EDT 2019 org.apache.commons.lang.time.StopWatch,196
Mon Sep 02 16:38:10 EDT 2019 org.apache.commons.lang.time.StopWatch,197
Mon Sep 02 16:38:10 EDT 2019 Mon Sep 02 16:38:10 EDT 2019 : org.apache.commons.lang.time.StopWatch,198=>Find no block
Mon Sep 02 16:38:11 EDT 2019 org.apache.commons.lang.time.StopWatch,212
Mon Sep 02 16:38:11 EDT 2019 org.apache.commons.lang.time.StopWatch,213
Mon Sep 02 16:38:12 EDT 2019 org.apache.commons.lang.time.StopWatch,215
Mon Sep 02 16:38:12 EDT 2019 org.apache.commons.lang.time.StopWatch,216
Mon Sep 02 16:38:13 EDT 2019 org.apache.commons.lang.time.StopWatch,218

----------------------------------------
----------------------------------------
Pass Single Test : [=>0,0]
stopTime=-1;
if(this.runningState==STATE_STOPPED||this.runningState==STATE_SUSPENDED){
return this.stopTime-this.startTime;
}else if(this.runningState==STATE_UNSTARTED){
return 0;
}else if(this.runningState==STATE_RUNNING){
return System.currentTimeMillis()-this.startTime;
}
throw new RuntimeException("Illegal running state has occured. ");

Time : 19/09/02 16:39
----------------------------------------

----------------------------------------
----------------------------------------
Pass Single Test : [=>0,0]
startTime=System.currentTimeMillis();
if(this.runningState==STATE_STOPPED||this.runningState==STATE_SUSPENDED){
return this.stopTime-this.startTime;
}else if(this.runningState==STATE_UNSTARTED){
return 0;
}else if(this.runningState==STATE_RUNNING){
return System.currentTimeMillis()-this.startTime;
}
throw new RuntimeException("Illegal running state has occured. ");

Time : 19/09/02 16:39
----------------------------------------

----------------------------------------
----------------------------------------
Pass Single Test : [=>0,0]
stopTime=-1;
if(this.runningState==STATE_STOPPED||this.runningState==STATE_SUSPENDED){
return this.stopTime-this.startTime;
}else if(this.runningState==STATE_UNSTARTED){
return 0;
}else if(this.runningState==STATE_RUNNING){
return System.currentTimeMillis()-this.startTime;
}
throw new IllegalStateException("Stopwatch must be reset before being restarted. ");

Time : 19/09/02 16:40
----------------------------------------

----------------------------------------
----------------------------------------
Pass Single Test : [=>0,0]
startTime=System.currentTimeMillis();
if(this.runningState==STATE_STOPPED||this.runningState==STATE_SUSPENDED){
return this.stopTime-this.startTime;
}else if(this.runningState==STATE_UNSTARTED){
return 0;
}else if(this.runningState==STATE_RUNNING){
return System.currentTimeMillis()-this.startTime;
}
throw new IllegalStateException("Stopwatch must be reset before being restarted. ");

Time : 19/09/02 16:40
----------------------------------------

----------------------------------------
----------------------------------------
Pass Single Test : [=>0,0]
startTime=System.currentTimeMillis();
this.runningState=STATE_RUNNING;
if(this.runningState==STATE_STOPPED||this.runningState==STATE_SUSPENDED){
return this.stopTime-this.startTime;
}else if(this.runningState==STATE_UNSTARTED){
return 0;
}else if(this.runningState==STATE_RUNNING){
return System.currentTimeMillis()-this.startTime;
}
throw new RuntimeException("Illegal running state has occured. ");

Time : 19/09/02 16:41
----------------------------------------

----------------------------------------
----------------------------------------
Pass Single Test : [=>0,0]
startTime=System.currentTimeMillis();
this.runningState=STATE_RUNNING;
if(this.runningState==STATE_STOPPED||this.runningState==STATE_SUSPENDED){
return this.stopTime-this.startTime;
}else if(this.runningState==STATE_UNSTARTED){
return 0;
}else if(this.runningState==STATE_RUNNING){
return System.currentTimeMillis()-this.startTime;
}
throw new IllegalStateException("Stopwatch must be reset before being restarted. ");

Time : 19/09/02 16:42
----------------------------------------

----------------------------------------
----------------------------------------
Pass Single Test : [=>0,0]
stopTime=-1;
startTime=System.currentTimeMillis();
this.runningState=STATE_RUNNING;
if(this.runningState==STATE_STOPPED||this.runningState==STATE_SUSPENDED){
return this.stopTime-this.startTime;
}else if(this.runningState==STATE_UNSTARTED){
return 0;
}else if(this.runningState==STATE_RUNNING){
return System.currentTimeMillis()-this.startTime;
}
throw new RuntimeException("Illegal running state has occured. ");

Time : 19/09/02 16:43
----------------------------------------

----------------------------------------
----------------------------------------
Pass Single Test : [=>0,0]
stopTime=-1;
startTime=System.currentTimeMillis();
this.runningState=STATE_RUNNING;
if(this.runningState==STATE_STOPPED||this.runningState==STATE_SUSPENDED){
return this.stopTime-this.startTime;
}else if(this.runningState==STATE_UNSTARTED){
return 0;
}else if(this.runningState==STATE_RUNNING){
return System.currentTimeMillis()-this.startTime;
}
throw new IllegalStateException("Stopwatch must be reset before being restarted. ");

Time : 19/09/02 16:44
----------------------------------------

----------------------------------------
----------------------------------------
Pass Single Test : [=>0,0]
stopTime=-1;
if(this.runningState==STATE_STOPPED||this.runningState==STATE_SUSPENDED){
return this.stopTime-this.startTime;
}else if(this.runningState==STATE_UNSTARTED){
return 0;
}else if(this.runningState==STATE_RUNNING){
return System.currentTimeMillis()-this.startTime;
}
throw new IllegalStateException("Stopwatch has not been split. ");

Time : 19/09/02 16:45
----------------------------------------

----------------------------------------
----------------------------------------
Pass Single Test : [=>0,0]
stopTime=-1;
this.splitState=STATE_UNSPLIT;
if(this.runningState==STATE_STOPPED||this.runningState==STATE_SUSPENDED){
return this.stopTime-this.startTime;
}else if(this.runningState==STATE_UNSTARTED){
return 0;
}else if(this.runningState==STATE_RUNNING){
return System.currentTimeMillis()-this.startTime;
}
throw new RuntimeException("Illegal running state has occured. ");

Time : 19/09/02 16:45
----------------------------------------

----------------------------------------
----------------------------------------
Pass Single Test : [=>0,0]
stopTime=-1;
this.splitState=STATE_UNSPLIT;
if(this.runningState==STATE_STOPPED||this.runningState==STATE_SUSPENDED){
return this.stopTime-this.startTime;
}else if(this.runningState==STATE_UNSTARTED){
return 0;
}else if(this.runningState==STATE_RUNNING){
return System.currentTimeMillis()-this.startTime;
}
throw new IllegalStateException("Stopwatch has not been split. ");

Time : 19/09/02 16:46
----------------------------------------
Mon Sep 02 16:46:39 EDT 2019 org.apache.commons.lang.time.StopWatch,232
Mon Sep 02 16:48:56 EDT 2019 org.apache.commons.lang.time.StopWatch,233
Mon Sep 02 16:48:57 EDT 2019 org.apache.commons.lang.time.StopWatch,235
Mon Sep 02 17:14:07 EDT 2019 org.apache.commons.lang.time.StopWatch,247
Mon Sep 02 17:14:33 EDT 2019 org.apache.commons.lang.time.StopWatch,260
Failed time : 19/09/02 17:14
