=================================================
Project : lang_56	start : 19/09/02 15:24
Current failed test : org.apache.commons.lang.time.FastDateFormatTest::testLang303 | 19/09/02 15:25
Mon Sep 02 15:26:18 EDT 2019 org.apache.commons.lang.SerializationException,65
Mon Sep 02 15:26:32 EDT 2019 Mon Sep 02 15:26:32 EDT 2019 : org.apache.commons.lang.SerializationException,66=>Find no block
Mon Sep 02 15:26:33 EDT 2019 Mon Sep 02 15:26:33 EDT 2019 : org.apache.commons.lang.exception.NestableRuntimeException,47=>Find no block
Mon Sep 02 15:26:34 EDT 2019 Mon Sep 02 15:26:34 EDT 2019 : org.apache.commons.lang.exception.NestableRuntimeException,53=>Find no block
Mon Sep 02 15:26:34 EDT 2019 org.apache.commons.lang.exception.NestableRuntimeException,81
Mon Sep 02 15:26:36 EDT 2019 org.apache.commons.lang.exception.NestableRuntimeException,82
Mon Sep 02 15:26:37 EDT 2019 Mon Sep 02 15:26:37 EDT 2019 : org.apache.commons.lang.exception.NestableRuntimeException,83=>Find no block
Mon Sep 02 15:26:38 EDT 2019 org.apache.commons.lang.exception.NestableRuntimeException,102
Mon Sep 02 15:26:40 EDT 2019 org.apache.commons.lang.exception.NestableRuntimeException,113
Mon Sep 02 15:27:03 EDT 2019 org.apache.commons.lang.exception.NestableRuntimeException,115
Mon Sep 02 15:27:04 EDT 2019 org.apache.commons.lang.exception.NestableRuntimeException,116
Mon Sep 02 15:27:04 EDT 2019 org.apache.commons.lang.exception.NestableRuntimeException,193
Mon Sep 02 15:27:26 EDT 2019 Mon Sep 02 15:27:26 EDT 2019 : org.apache.commons.lang.exception.NestableRuntimeException,194=>Find no block
Mon Sep 02 15:27:28 EDT 2019 org.apache.commons.lang.exception.NestableRuntimeException,200
Mon Sep 02 15:27:30 EDT 2019 Mon Sep 02 15:27:30 EDT 2019 : org.apache.commons.lang.exception.NestableRuntimeException,201=>Find no block
Mon Sep 02 15:27:30 EDT 2019 org.apache.commons.lang.SerializationUtils,101
Mon Sep 02 15:27:33 EDT 2019 org.apache.commons.lang.SerializationUtils,104
Mon Sep 02 15:27:34 EDT 2019 org.apache.commons.lang.SerializationUtils,107
Mon Sep 02 15:27:59 EDT 2019 org.apache.commons.lang.SerializationUtils,108
Mon Sep 02 15:27:59 EDT 2019 Mon Sep 02 15:27:59 EDT 2019 : org.apache.commons.lang.SerializationUtils,110=>Find no block
Mon Sep 02 15:28:00 EDT 2019 org.apache.commons.lang.SerializationUtils,111
Mon Sep 02 15:28:26 EDT 2019 Mon Sep 02 15:28:26 EDT 2019 : org.apache.commons.lang.SerializationUtils,113=>Find no block
Mon Sep 02 15:28:26 EDT 2019 org.apache.commons.lang.SerializationUtils,132
Mon Sep 02 15:29:10 EDT 2019 org.apache.commons.lang.SerializationUtils,133
Mon Sep 02 15:29:10 EDT 2019 org.apache.commons.lang.time.FastDateFormat,631
Mon Sep 02 15:30:19 EDT 2019 org.apache.commons.lang.time.FastDateFormat,632
Mon Sep 02 15:31:11 EDT 2019 org.apache.commons.lang.time.FastDateFormat,167
Mon Sep 02 15:31:40 EDT 2019 org.apache.commons.lang.time.FastDateFormat,553
Mon Sep 02 15:32:03 EDT 2019 org.apache.commons.lang.time.FastDateFormat,614
Mon Sep 02 15:32:48 EDT 2019 org.apache.commons.lang.time.FastDateFormat,625
Mon Sep 02 15:34:34 EDT 2019 org.apache.commons.lang.time.FastDateFormat,777
Mon Sep 02 15:34:47 EDT 2019 Mon Sep 02 15:34:47 EDT 2019 : org.apache.commons.lang.time.FastDateFormat,1261=>Find no block
Mon Sep 02 15:34:47 EDT 2019 org.apache.commons.lang.time.FastDateFormat,1262
Mon Sep 02 15:36:35 EDT 2019 org.apache.commons.lang.time.FastDateFormat,1266
Mon Sep 02 15:38:49 EDT 2019 org.apache.commons.lang.time.FastDateFormat,1267
Mon Sep 02 15:38:50 EDT 2019 Mon Sep 02 15:38:50 EDT 2019 : org.apache.commons.lang.time.FastDateFormat,1268=>Find no block
Mon Sep 02 15:38:50 EDT 2019 org.apache.commons.lang.time.FastDateFormat,1274
Mon Sep 02 15:38:52 EDT 2019 org.apache.commons.lang.time.FastDateFormat,1398
Mon Sep 02 15:38:54 EDT 2019 Mon Sep 02 15:38:54 EDT 2019 : org.apache.commons.lang.time.FastDateFormat,1399=>Find no block
Mon Sep 02 15:38:55 EDT 2019 Mon Sep 02 15:38:55 EDT 2019 : org.apache.commons.lang.time.FastDateFormat,1392=>Find no block
Mon Sep 02 15:38:55 EDT 2019 org.apache.commons.lang.time.FastDateFormat,1405
Mon Sep 02 15:38:58 EDT 2019 org.apache.commons.lang.time.FastDateFormat,539
Mon Sep 02 15:39:00 EDT 2019 org.apache.commons.lang.time.FastDateFormat,540
Mon Sep 02 15:39:02 EDT 2019 org.apache.commons.lang.time.FastDateFormat,543
Mon Sep 02 15:39:31 EDT 2019 org.apache.commons.lang.time.FastDateFormat,545
Mon Sep 02 15:40:09 EDT 2019 org.apache.commons.lang.time.FastDateFormat,546
Mon Sep 02 15:40:34 EDT 2019 org.apache.commons.lang.time.FastDateFormat,547
Mon Sep 02 15:40:34 EDT 2019 org.apache.commons.lang.time.FastDateFormat,549
Mon Sep 02 15:41:13 EDT 2019 org.apache.commons.lang.time.FastDateFormat,551
Mon Sep 02 15:41:51 EDT 2019 org.apache.commons.lang.time.FastDateFormat,552
Mon Sep 02 15:41:51 EDT 2019 org.apache.commons.lang.time.FastDateFormat,555
Mon Sep 02 15:42:20 EDT 2019 Mon Sep 02 15:42:20 EDT 2019 : org.apache.commons.lang.time.FastDateFormat,556=>Find no block
Mon Sep 02 15:42:21 EDT 2019 Mon Sep 02 15:42:21 EDT 2019 : org.apache.commons.lang.time.FastDateFormat,111=>Find no block
Mon Sep 02 15:42:21 EDT 2019 Mon Sep 02 15:42:21 EDT 2019 : org.apache.commons.lang.time.FastDateFormat,112=>Find no block
Mon Sep 02 15:42:22 EDT 2019 Mon Sep 02 15:42:22 EDT 2019 : org.apache.commons.lang.time.FastDateFormat,113=>Find no block
Mon Sep 02 15:42:23 EDT 2019 Mon Sep 02 15:42:23 EDT 2019 : org.apache.commons.lang.time.FastDateFormat,114=>Find no block
Mon Sep 02 15:42:23 EDT 2019 Mon Sep 02 15:42:23 EDT 2019 : org.apache.commons.lang.time.FastDateFormat,115=>Find no block
Mon Sep 02 15:42:24 EDT 2019 org.apache.commons.lang.time.FastDateFormat,213

----------------------------------------
----------------------------------------
Pass Single Test : [=>0,0]
if(format!=null){
format=emptyFormat;
format.init();
cInstanceCache.put(format,format);
}

Time : 19/09/02 15:43
----------------------------------------
Mon Sep 02 15:44:13 EDT 2019 org.apache.commons.lang.time.FastDateFormat,214
Mon Sep 02 15:44:13 EDT 2019 org.apache.commons.lang.time.FastDateFormat,215
Mon Sep 02 15:44:13 EDT 2019 org.apache.commons.lang.time.FastDateFormat,216
Mon Sep 02 15:44:14 EDT 2019 org.apache.commons.lang.time.FastDateFormat,217
Mon Sep 02 15:44:14 EDT 2019 org.apache.commons.lang.time.FastDateFormat,218
Mon Sep 02 15:44:15 EDT 2019 org.apache.commons.lang.time.FastDateFormat,220
Mon Sep 02 15:44:17 EDT 2019 org.apache.commons.lang.time.FastDateFormat,562
Mon Sep 02 15:53:58 EDT 2019 org.apache.commons.lang.time.FastDateFormat,563
Mon Sep 02 15:53:59 EDT 2019 org.apache.commons.lang.time.FastDateFormat,565
Mon Sep 02 15:53:59 EDT 2019 org.apache.commons.lang.time.FastDateFormat,566
Mon Sep 02 15:54:00 EDT 2019 org.apache.commons.lang.time.FastDateFormat,567
Mon Sep 02 15:54:01 EDT 2019 org.apache.commons.lang.time.FastDateFormat,570
Mon Sep 02 15:54:02 EDT 2019 Mon Sep 02 15:54:02 EDT 2019 : org.apache.commons.lang.time.FastDateFormat,571=>Find no block
Mon Sep 02 15:54:02 EDT 2019 org.apache.commons.lang.time.FastDateFormat,582
Mon Sep 02 15:54:08 EDT 2019 org.apache.commons.lang.time.FastDateFormat,583
Mon Sep 02 15:54:12 EDT 2019 org.apache.commons.lang.time.FastDateFormat,585
Mon Sep 02 15:54:14 EDT 2019 org.apache.commons.lang.time.FastDateFormat,586
Mon Sep 02 15:54:18 EDT 2019 org.apache.commons.lang.time.FastDateFormat,587
Mon Sep 02 15:54:26 EDT 2019 org.apache.commons.lang.time.FastDateFormat,588
Mon Sep 02 15:54:32 EDT 2019 org.apache.commons.lang.time.FastDateFormat,589
Mon Sep 02 15:54:36 EDT 2019 org.apache.commons.lang.time.FastDateFormat,590
Mon Sep 02 15:57:26 EDT 2019 org.apache.commons.lang.time.FastDateFormat,592
Mon Sep 02 16:00:36 EDT 2019 org.apache.commons.lang.time.FastDateFormat,593
Mon Sep 02 16:00:37 EDT 2019 org.apache.commons.lang.time.FastDateFormat,595
Mon Sep 02 16:33:17 EDT 2019 org.apache.commons.lang.time.FastDateFormat,596
Mon Sep 02 16:33:54 EDT 2019 org.apache.commons.lang.time.FastDateFormat,597
Mon Sep 02 16:33:55 EDT 2019 org.apache.commons.lang.time.FastDateFormat,598
Mon Sep 02 16:38:23 EDT 2019 org.apache.commons.lang.time.FastDateFormat,600

----------------------------------------
----------------------------------------
Pass Single Test : [=>0,0]
i=indexRef[0];
int tokenLen=token.length();
if(tokenLen!=0){
break;
}

Time : 19/09/02 16:41
----------------------------------------

----------------------------------------
----------------------------------------
Pass Single Test : [=>0,0]
i=indexRef[0];
int tokenLen=token.length();
if(length==length){
break;
}

Time : 19/09/02 16:41
----------------------------------------

----------------------------------------
----------------------------------------
Pass Single Test : [=>0,0]
i=indexRef[0];
int tokenLen=token.length();
if(i!=0){
break;
}

Time : 19/09/02 16:44
----------------------------------------
Mon Sep 02 16:46:32 EDT 2019 org.apache.commons.lang.time.FastDateFormat,601
Mon Sep 02 16:46:32 EDT 2019 org.apache.commons.lang.time.FastDateFormat,606
Mon Sep 02 16:48:27 EDT 2019 Mon Sep 02 16:48:27 EDT 2019 : org.apache.commons.lang.time.FastDateFormat,608=>Find no block
Mon Sep 02 16:48:28 EDT 2019 org.apache.commons.lang.time.FastDateFormat,613
Mon Sep 02 16:48:28 EDT 2019 org.apache.commons.lang.time.FastDateFormat,620
Mon Sep 02 16:48:29 EDT 2019 org.apache.commons.lang.time.FastDateFormat,622
Mon Sep 02 16:48:29 EDT 2019 org.apache.commons.lang.time.FastDateFormat,624
Mon Sep 02 16:48:30 EDT 2019 org.apache.commons.lang.time.FastDateFormat,687
Mon Sep 02 16:49:05 EDT 2019 org.apache.commons.lang.time.FastDateFormat,688
Mon Sep 02 16:49:05 EDT 2019 org.apache.commons.lang.time.FastDateFormat,689
Mon Sep 02 16:49:06 EDT 2019 org.apache.commons.lang.time.FastDateFormat,698
Mon Sep 02 16:57:14 EDT 2019 org.apache.commons.lang.time.FastDateFormat,701
Mon Sep 02 17:26:14 EDT 2019 org.apache.commons.lang.time.FastDateFormat,712
Mon Sep 02 17:30:24 EDT 2019 org.apache.commons.lang.time.FastDateFormat,714
Mon Sep 02 17:30:24 EDT 2019 org.apache.commons.lang.time.FastDateFormat,715
Mon Sep 02 17:36:50 EDT 2019 org.apache.commons.lang.time.FastDateFormat,717
Mon Sep 02 17:36:51 EDT 2019 org.apache.commons.lang.time.FastDateFormat,718

----------------------------------------
----------------------------------------
Pass Single Test : [=>0,0]
while(i+1<length){
buf.setLength(0);
char peek=pattern.charAt(i+1);
if(peek==c){
buf.append(c);
i++;
}else {
break;
}
}

Time : 19/09/02 17:43
----------------------------------------

----------------------------------------
----------------------------------------
Pass Single Test : [=>0,0]
while(i+1<length){
buf.setLength(0);
int peek=pattern.charAt(i+1);
if(peek==c){
buf.append(c);
i++;
}else {
break;
}
}

Time : 19/09/02 17:44
----------------------------------------

----------------------------------------
----------------------------------------
Pass Single Test : [=>0,0]
buf.append(c);
while(i+1<length){
buf.setLength(0);
char peek=pattern.charAt(i+1);
if(peek==c){
buf.append(c);
i++;
}else {
break;
}
}

Time : 19/09/02 17:44
----------------------------------------

----------------------------------------
----------------------------------------
Pass Single Test : [=>0,0]
buf.append(c);
while(i+1<length){
buf.setLength(0);
int peek=pattern.charAt(i+1);
if(peek==c){
buf.append(c);
i++;
}else {
break;
}
}

Time : 19/09/02 17:45
----------------------------------------
Mon Sep 02 18:04:56 EDT 2019 org.apache.commons.lang.time.FastDateFormat,721
Mon Sep 02 18:10:25 EDT 2019 org.apache.commons.lang.time.FastDateFormat,723
Mon Sep 02 18:10:26 EDT 2019 org.apache.commons.lang.time.FastDateFormat,724
Mon Sep 02 18:10:27 EDT 2019 org.apache.commons.lang.time.FastDateFormat,725
Mon Sep 02 18:10:28 EDT 2019 org.apache.commons.lang.time.FastDateFormat,726
Mon Sep 02 18:10:29 EDT 2019 org.apache.commons.lang.time.FastDateFormat,727
Mon Sep 02 18:10:30 EDT 2019 Mon Sep 02 18:10:30 EDT 2019 : org.apache.commons.lang.time.FastDateFormat,731=>Find no block
Mon Sep 02 18:10:30 EDT 2019 org.apache.commons.lang.time.FastDateFormat,734
Mon Sep 02 18:10:49 EDT 2019 org.apache.commons.lang.time.FastDateFormat,736
Mon Sep 02 18:10:50 EDT 2019 org.apache.commons.lang.time.FastDateFormat,738
Mon Sep 02 18:10:50 EDT 2019 org.apache.commons.lang.time.FastDateFormat,739
Mon Sep 02 18:10:55 EDT 2019 org.apache.commons.lang.time.FastDateFormat,741
Mon Sep 02 18:10:55 EDT 2019 org.apache.commons.lang.time.FastDateFormat,749
Mon Sep 02 18:10:56 EDT 2019 org.apache.commons.lang.time.FastDateFormat,751
Mon Sep 02 18:10:57 EDT 2019 org.apache.commons.lang.time.FastDateFormat,752
Mon Sep 02 18:10:58 EDT 2019 org.apache.commons.lang.time.FastDateFormat,754
Mon Sep 02 18:10:58 EDT 2019 org.apache.commons.lang.time.FastDateFormat,759
Mon Sep 02 18:16:48 EDT 2019 org.apache.commons.lang.time.FastDateFormat,760
Mon Sep 02 18:16:48 EDT 2019 Mon Sep 02 18:16:48 EDT 2019 : org.apache.commons.lang.time.FastDateFormat,771=>Find no block
Mon Sep 02 18:16:49 EDT 2019 org.apache.commons.lang.time.FastDateFormat,775
Mon Sep 02 18:16:50 EDT 2019 org.apache.commons.lang.time.FastDateFormat,1002
Mon Sep 02 18:17:09 EDT 2019 org.apache.commons.lang.time.FastDateFormat,1003
Mon Sep 02 18:17:10 EDT 2019 org.apache.commons.lang.time.FastDateFormat,1004
Mon Sep 02 18:17:11 EDT 2019 org.apache.commons.lang.time.FastDateFormat,1005
Mon Sep 02 18:17:11 EDT 2019 org.apache.commons.lang.time.FastDateFormat,1006
Mon Sep 02 18:17:12 EDT 2019 org.apache.commons.lang.time.FastDateFormat,1007
Mon Sep 02 18:17:12 EDT 2019 org.apache.commons.lang.time.FastDateFormat,1008
Mon Sep 02 18:17:13 EDT 2019 Mon Sep 02 18:17:13 EDT 2019 : org.apache.commons.lang.time.FastDateFormat,1070=>Find no block
Mon Sep 02 18:17:14 EDT 2019 org.apache.commons.lang.time.FastDateFormat,1071
Mon Sep 02 18:17:25 EDT 2019 Mon Sep 02 18:17:25 EDT 2019 : org.apache.commons.lang.time.FastDateFormat,1072=>Find no block
Mon Sep 02 18:17:26 EDT 2019 org.apache.commons.lang.time.FastDateFormat,1078
Mon Sep 02 18:17:28 EDT 2019 Mon Sep 02 18:17:28 EDT 2019 : org.apache.commons.lang.time.FastDateFormat,1321=>Find no block
Mon Sep 02 18:17:29 EDT 2019 org.apache.commons.lang.time.FastDateFormat,1322
Mon Sep 02 18:17:42 EDT 2019 Mon Sep 02 18:17:42 EDT 2019 : org.apache.commons.lang.time.FastDateFormat,1323=>Find no block
Mon Sep 02 18:17:43 EDT 2019 org.apache.commons.lang.time.FastDateFormat,1329
Mon Sep 02 18:17:43 EDT 2019 org.apache.commons.lang.SerializationException,44
Mon Sep 02 18:17:44 EDT 2019 Mon Sep 02 18:17:44 EDT 2019 : org.apache.commons.lang.SerializationException,45=>Find no block
Mon Sep 02 18:17:44 EDT 2019 org.apache.commons.lang.SerializationException,54
Mon Sep 02 18:17:46 EDT 2019 Mon Sep 02 18:17:46 EDT 2019 : org.apache.commons.lang.SerializationException,55=>Find no block
Mon Sep 02 18:17:47 EDT 2019 org.apache.commons.lang.SerializationException,77
Mon Sep 02 18:18:21 EDT 2019 Mon Sep 02 18:18:21 EDT 2019 : org.apache.commons.lang.SerializationException,78=>Find no block
Mon Sep 02 18:18:22 EDT 2019 org.apache.commons.lang.exception.NestableRuntimeException,60
Mon Sep 02 18:18:22 EDT 2019 Mon Sep 02 18:18:22 EDT 2019 : org.apache.commons.lang.exception.NestableRuntimeException,61=>Find no block
Mon Sep 02 18:18:23 EDT 2019 org.apache.commons.lang.exception.NestableRuntimeException,70
Mon Sep 02 18:18:24 EDT 2019 Mon Sep 02 18:18:24 EDT 2019 : org.apache.commons.lang.exception.NestableRuntimeException,71=>Find no block
Mon Sep 02 18:18:25 EDT 2019 org.apache.commons.lang.exception.NestableRuntimeException,94
Mon Sep 02 18:18:32 EDT 2019 org.apache.commons.lang.exception.NestableRuntimeException,95
Mon Sep 02 18:18:33 EDT 2019 Mon Sep 02 18:18:33 EDT 2019 : org.apache.commons.lang.exception.NestableRuntimeException,96=>Find no block
Mon Sep 02 18:18:35 EDT 2019 org.apache.commons.lang.exception.NestableRuntimeException,114
Mon Sep 02 18:18:35 EDT 2019 org.apache.commons.lang.exception.NestableRuntimeException,118
Mon Sep 02 18:18:37 EDT 2019 org.apache.commons.lang.exception.NestableRuntimeException,126
Mon Sep 02 18:19:24 EDT 2019 org.apache.commons.lang.exception.NestableRuntimeException,127
Mon Sep 02 18:19:24 EDT 2019 org.apache.commons.lang.exception.NestableRuntimeException,129
Mon Sep 02 18:19:25 EDT 2019 org.apache.commons.lang.exception.NestableRuntimeException,137
Mon Sep 02 18:19:28 EDT 2019 org.apache.commons.lang.exception.NestableRuntimeException,144
Mon Sep 02 18:19:30 EDT 2019 org.apache.commons.lang.exception.NestableRuntimeException,151
Mon Sep 02 18:19:33 EDT 2019 org.apache.commons.lang.exception.NestableRuntimeException,158
Mon Sep 02 18:19:35 EDT 2019 org.apache.commons.lang.exception.NestableRuntimeException,165
Mon Sep 02 18:20:03 EDT 2019 org.apache.commons.lang.exception.NestableRuntimeException,172
Mon Sep 02 18:20:45 EDT 2019 org.apache.commons.lang.exception.NestableRuntimeException,179
Mon Sep 02 18:20:48 EDT 2019 Mon Sep 02 18:20:48 EDT 2019 : org.apache.commons.lang.exception.NestableRuntimeException,180=>Find no block
Mon Sep 02 18:20:48 EDT 2019 org.apache.commons.lang.exception.NestableRuntimeException,186
Mon Sep 02 18:20:49 EDT 2019 Mon Sep 02 18:20:49 EDT 2019 : org.apache.commons.lang.exception.NestableRuntimeException,187=>Find no block
Mon Sep 02 18:20:49 EDT 2019 org.apache.commons.lang.SerializationUtils,61
Mon Sep 02 18:20:50 EDT 2019 Mon Sep 02 18:20:50 EDT 2019 : org.apache.commons.lang.SerializationUtils,62=>Find no block
Mon Sep 02 18:20:50 EDT 2019 org.apache.commons.lang.SerializationUtils,80
Mon Sep 02 18:20:53 EDT 2019 org.apache.commons.lang.SerializationUtils,102
Mon Sep 02 18:20:53 EDT 2019 org.apache.commons.lang.SerializationUtils,114
Mon Sep 02 18:20:55 EDT 2019 org.apache.commons.lang.SerializationUtils,115
Mon Sep 02 18:20:55 EDT 2019 Mon Sep 02 18:20:55 EDT 2019 : org.apache.commons.lang.SerializationUtils,119=>Find no block
Mon Sep 02 18:20:56 EDT 2019 Mon Sep 02 18:20:56 EDT 2019 : org.apache.commons.lang.SerializationUtils,117=>Find no block
Mon Sep 02 18:20:56 EDT 2019 Mon Sep 02 18:20:56 EDT 2019 : org.apache.commons.lang.SerializationUtils,120=>Find no block
Mon Sep 02 18:20:57 EDT 2019 Mon Sep 02 18:20:57 EDT 2019 : org.apache.commons.lang.SerializationUtils,121=>Find no block
Mon Sep 02 18:20:58 EDT 2019 org.apache.commons.lang.SerializationUtils,134
Mon Sep 02 18:20:58 EDT 2019 org.apache.commons.lang.SerializationUtils,155
Mon Sep 02 18:20:59 EDT 2019 org.apache.commons.lang.SerializationUtils,156
Mon Sep 02 18:21:00 EDT 2019 org.apache.commons.lang.SerializationUtils,158
Mon Sep 02 18:21:02 EDT 2019 org.apache.commons.lang.SerializationUtils,161
Mon Sep 02 18:21:04 EDT 2019 org.apache.commons.lang.SerializationUtils,162
Mon Sep 02 18:21:05 EDT 2019 org.apache.commons.lang.SerializationUtils,170
Mon Sep 02 18:21:06 EDT 2019 org.apache.commons.lang.SerializationUtils,171
Mon Sep 02 18:21:07 EDT 2019 Mon Sep 02 18:21:07 EDT 2019 : org.apache.commons.lang.SerializationUtils,175=>Find no block
Mon Sep 02 18:21:07 EDT 2019 Mon Sep 02 18:21:07 EDT 2019 : org.apache.commons.lang.SerializationUtils,173=>Find no block
Mon Sep 02 18:21:08 EDT 2019 Mon Sep 02 18:21:08 EDT 2019 : org.apache.commons.lang.SerializationUtils,164=>Find no block
Mon Sep 02 18:21:08 EDT 2019 org.apache.commons.lang.SerializationUtils,165
Mon Sep 02 18:21:09 EDT 2019 Mon Sep 02 18:21:09 EDT 2019 : org.apache.commons.lang.SerializationUtils,166=>Find no block
Mon Sep 02 18:21:10 EDT 2019 org.apache.commons.lang.SerializationUtils,167
Mon Sep 02 18:21:10 EDT 2019 Mon Sep 02 18:21:10 EDT 2019 : org.apache.commons.lang.SerializationUtils,169=>Find no block
Mon Sep 02 18:21:11 EDT 2019 org.apache.commons.lang.SerializationUtils,188
Mon Sep 02 18:21:13 EDT 2019 org.apache.commons.lang.SerializationUtils,189
Mon Sep 02 18:21:14 EDT 2019 org.apache.commons.lang.SerializationUtils,191
Mon Sep 02 18:21:15 EDT 2019 org.apache.commons.lang.SerializationUtils,192
Mon Sep 02 18:21:16 EDT 2019 org.apache.commons.lang.time.FastDateFormat,1218
Mon Sep 02 18:21:16 EDT 2019 Mon Sep 02 18:21:16 EDT 2019 : org.apache.commons.lang.time.FastDateFormat,1219=>Find no block
Mon Sep 02 18:21:17 EDT 2019 Mon Sep 02 18:21:17 EDT 2019 : org.apache.commons.lang.time.FastDateFormat,1211=>Find no block
Mon Sep 02 18:21:17 EDT 2019 org.apache.commons.lang.time.FastDateFormat,1225
Mon Sep 02 18:21:19 EDT 2019 org.apache.commons.lang.time.FastDateFormat,1232
Failed time : 19/09/02 18:21
