=================================================
Project : lang_57	start : 19/09/02 15:24
Current failed test : org.apache.commons.lang.LocaleUtilsTest::testAvailableLocaleSet | 19/09/02 15:25
Mon Sep 02 15:25:58 EDT 2019 Mon Sep 02 15:25:58 EDT 2019 : org.apache.commons.lang.LocaleUtils,47=>Find no block
Mon Sep 02 15:25:59 EDT 2019 Mon Sep 02 15:25:59 EDT 2019 : org.apache.commons.lang.LocaleUtils,49=>Find no block
Mon Sep 02 15:26:02 EDT 2019 Mon Sep 02 15:26:02 EDT 2019 : org.apache.commons.lang.LocaleUtils,51=>Find no block
Mon Sep 02 15:26:03 EDT 2019 Mon Sep 02 15:26:03 EDT 2019 : org.apache.commons.lang.LocaleUtils,52=>Find no block
Mon Sep 02 15:26:04 EDT 2019 Mon Sep 02 15:26:04 EDT 2019 : org.apache.commons.lang.LocaleUtils,53=>Find no block
Mon Sep 02 15:26:05 EDT 2019 org.apache.commons.lang.LocaleUtils,223
Mon Sep 02 15:26:14 EDT 2019 org.apache.commons.lang.SystemUtils,1083
Mon Sep 02 15:26:19 EDT 2019 Mon Sep 02 15:26:19 EDT 2019 : org.apache.commons.lang.SystemUtils,1084=>Find no block
Mon Sep 02 15:26:20 EDT 2019 Mon Sep 02 15:26:20 EDT 2019 : org.apache.commons.lang.SystemUtils,87=>Find no block
Mon Sep 02 15:26:21 EDT 2019 Mon Sep 02 15:26:21 EDT 2019 : org.apache.commons.lang.SystemUtils,105=>Find no block
Mon Sep 02 15:26:22 EDT 2019 Mon Sep 02 15:26:22 EDT 2019 : org.apache.commons.lang.SystemUtils,122=>Find no block
Mon Sep 02 15:26:26 EDT 2019 Mon Sep 02 15:26:26 EDT 2019 : org.apache.commons.lang.SystemUtils,138=>Find no block
Mon Sep 02 15:26:31 EDT 2019 Mon Sep 02 15:26:31 EDT 2019 : org.apache.commons.lang.SystemUtils,154=>Find no block
Mon Sep 02 15:26:31 EDT 2019 Mon Sep 02 15:26:31 EDT 2019 : org.apache.commons.lang.SystemUtils,175=>Find no block
Mon Sep 02 15:26:32 EDT 2019 Mon Sep 02 15:26:32 EDT 2019 : org.apache.commons.lang.SystemUtils,191=>Find no block
Mon Sep 02 15:26:33 EDT 2019 Mon Sep 02 15:26:33 EDT 2019 : org.apache.commons.lang.SystemUtils,207=>Find no block
Mon Sep 02 15:26:34 EDT 2019 Mon Sep 02 15:26:34 EDT 2019 : org.apache.commons.lang.SystemUtils,224=>Find no block
Mon Sep 02 15:26:34 EDT 2019 Mon Sep 02 15:26:34 EDT 2019 : org.apache.commons.lang.SystemUtils,241=>Find no block
Mon Sep 02 15:26:35 EDT 2019 Mon Sep 02 15:26:35 EDT 2019 : org.apache.commons.lang.SystemUtils,258=>Find no block
Mon Sep 02 15:26:35 EDT 2019 Mon Sep 02 15:26:35 EDT 2019 : org.apache.commons.lang.SystemUtils,275=>Find no block
Mon Sep 02 15:26:36 EDT 2019 Mon Sep 02 15:26:36 EDT 2019 : org.apache.commons.lang.SystemUtils,291=>Find no block
Mon Sep 02 15:26:37 EDT 2019 Mon Sep 02 15:26:37 EDT 2019 : org.apache.commons.lang.SystemUtils,307=>Find no block
Mon Sep 02 15:26:38 EDT 2019 Mon Sep 02 15:26:38 EDT 2019 : org.apache.commons.lang.SystemUtils,324=>Find no block
Mon Sep 02 15:26:38 EDT 2019 Mon Sep 02 15:26:38 EDT 2019 : org.apache.commons.lang.SystemUtils,342=>Find no block
Mon Sep 02 15:26:38 EDT 2019 Mon Sep 02 15:26:38 EDT 2019 : org.apache.commons.lang.SystemUtils,360=>Find no block
Mon Sep 02 15:26:39 EDT 2019 Mon Sep 02 15:26:39 EDT 2019 : org.apache.commons.lang.SystemUtils,377=>Find no block
Mon Sep 02 15:26:39 EDT 2019 Mon Sep 02 15:26:39 EDT 2019 : org.apache.commons.lang.SystemUtils,394=>Find no block
Mon Sep 02 15:26:40 EDT 2019 Mon Sep 02 15:26:40 EDT 2019 : org.apache.commons.lang.SystemUtils,411=>Find no block
Mon Sep 02 15:26:41 EDT 2019 Mon Sep 02 15:26:41 EDT 2019 : org.apache.commons.lang.SystemUtils,428=>Find no block
Mon Sep 02 15:26:41 EDT 2019 Mon Sep 02 15:26:41 EDT 2019 : org.apache.commons.lang.SystemUtils,445=>Find no block
Mon Sep 02 15:26:42 EDT 2019 Mon Sep 02 15:26:42 EDT 2019 : org.apache.commons.lang.SystemUtils,461=>Find no block
Mon Sep 02 15:26:43 EDT 2019 Mon Sep 02 15:26:43 EDT 2019 : org.apache.commons.lang.SystemUtils,477=>Find no block
Mon Sep 02 15:26:43 EDT 2019 Mon Sep 02 15:26:43 EDT 2019 : org.apache.commons.lang.SystemUtils,495=>Find no block
Mon Sep 02 15:26:44 EDT 2019 Mon Sep 02 15:26:44 EDT 2019 : org.apache.commons.lang.SystemUtils,512=>Find no block
Mon Sep 02 15:26:45 EDT 2019 Mon Sep 02 15:26:45 EDT 2019 : org.apache.commons.lang.SystemUtils,529=>Find no block
Mon Sep 02 15:26:46 EDT 2019 Mon Sep 02 15:26:46 EDT 2019 : org.apache.commons.lang.SystemUtils,546=>Find no block
Mon Sep 02 15:26:46 EDT 2019 Mon Sep 02 15:26:46 EDT 2019 : org.apache.commons.lang.SystemUtils,563=>Find no block
Mon Sep 02 15:26:47 EDT 2019 Mon Sep 02 15:26:47 EDT 2019 : org.apache.commons.lang.SystemUtils,580=>Find no block
Mon Sep 02 15:26:47 EDT 2019 Mon Sep 02 15:26:47 EDT 2019 : org.apache.commons.lang.SystemUtils,597=>Find no block
Mon Sep 02 15:26:48 EDT 2019 Mon Sep 02 15:26:48 EDT 2019 : org.apache.commons.lang.SystemUtils,614=>Find no block
Mon Sep 02 15:26:49 EDT 2019 Mon Sep 02 15:26:49 EDT 2019 : org.apache.commons.lang.SystemUtils,630=>Find no block
Mon Sep 02 15:26:49 EDT 2019 Mon Sep 02 15:26:49 EDT 2019 : org.apache.commons.lang.SystemUtils,646=>Find no block
Mon Sep 02 15:26:50 EDT 2019 Mon Sep 02 15:26:50 EDT 2019 : org.apache.commons.lang.SystemUtils,662=>Find no block
Mon Sep 02 15:26:50 EDT 2019 Mon Sep 02 15:26:50 EDT 2019 : org.apache.commons.lang.SystemUtils,679=>Find no block
Mon Sep 02 15:26:51 EDT 2019 Mon Sep 02 15:26:51 EDT 2019 : org.apache.commons.lang.SystemUtils,698=>Find no block
Mon Sep 02 15:26:51 EDT 2019 Mon Sep 02 15:26:51 EDT 2019 : org.apache.commons.lang.SystemUtils,717=>Find no block
Mon Sep 02 15:26:51 EDT 2019 Mon Sep 02 15:26:51 EDT 2019 : org.apache.commons.lang.SystemUtils,733=>Find no block
Mon Sep 02 15:26:52 EDT 2019 Mon Sep 02 15:26:52 EDT 2019 : org.apache.commons.lang.SystemUtils,751=>Find no block
Mon Sep 02 15:26:53 EDT 2019 Mon Sep 02 15:26:53 EDT 2019 : org.apache.commons.lang.SystemUtils,767=>Find no block
Mon Sep 02 15:26:54 EDT 2019 Mon Sep 02 15:26:54 EDT 2019 : org.apache.commons.lang.SystemUtils,784=>Find no block
Mon Sep 02 15:26:54 EDT 2019 Mon Sep 02 15:26:54 EDT 2019 : org.apache.commons.lang.SystemUtils,798=>Find no block
Mon Sep 02 15:26:55 EDT 2019 Mon Sep 02 15:26:55 EDT 2019 : org.apache.commons.lang.SystemUtils,818=>Find no block
Mon Sep 02 15:26:55 EDT 2019 Mon Sep 02 15:26:55 EDT 2019 : org.apache.commons.lang.SystemUtils,833=>Find no block
Mon Sep 02 15:26:56 EDT 2019 Mon Sep 02 15:26:56 EDT 2019 : org.apache.commons.lang.SystemUtils,846=>Find no block
Mon Sep 02 15:26:56 EDT 2019 Mon Sep 02 15:26:56 EDT 2019 : org.apache.commons.lang.SystemUtils,854=>Find no block
Mon Sep 02 15:26:57 EDT 2019 Mon Sep 02 15:26:57 EDT 2019 : org.apache.commons.lang.SystemUtils,862=>Find no block
Mon Sep 02 15:26:57 EDT 2019 Mon Sep 02 15:26:57 EDT 2019 : org.apache.commons.lang.SystemUtils,870=>Find no block
Mon Sep 02 15:26:57 EDT 2019 Mon Sep 02 15:26:57 EDT 2019 : org.apache.commons.lang.SystemUtils,878=>Find no block
Mon Sep 02 15:26:58 EDT 2019 Mon Sep 02 15:26:58 EDT 2019 : org.apache.commons.lang.SystemUtils,886=>Find no block
Mon Sep 02 15:26:58 EDT 2019 Mon Sep 02 15:26:58 EDT 2019 : org.apache.commons.lang.SystemUtils,904=>Find no block
Mon Sep 02 15:26:59 EDT 2019 Mon Sep 02 15:26:59 EDT 2019 : org.apache.commons.lang.SystemUtils,914=>Find no block
Mon Sep 02 15:26:59 EDT 2019 Mon Sep 02 15:26:59 EDT 2019 : org.apache.commons.lang.SystemUtils,924=>Find no block
Mon Sep 02 15:27:00 EDT 2019 Mon Sep 02 15:27:00 EDT 2019 : org.apache.commons.lang.SystemUtils,934=>Find no block
Mon Sep 02 15:27:00 EDT 2019 Mon Sep 02 15:27:00 EDT 2019 : org.apache.commons.lang.SystemUtils,944=>Find no block
Mon Sep 02 15:27:00 EDT 2019 Mon Sep 02 15:27:00 EDT 2019 : org.apache.commons.lang.SystemUtils,954=>Find no block
Mon Sep 02 15:27:01 EDT 2019 Mon Sep 02 15:27:01 EDT 2019 : org.apache.commons.lang.SystemUtils,964=>Find no block
Mon Sep 02 15:27:01 EDT 2019 Mon Sep 02 15:27:01 EDT 2019 : org.apache.commons.lang.SystemUtils,974=>Find no block
Mon Sep 02 15:27:01 EDT 2019 Mon Sep 02 15:27:01 EDT 2019 : org.apache.commons.lang.SystemUtils,984=>Find no block
Mon Sep 02 15:27:02 EDT 2019 Mon Sep 02 15:27:02 EDT 2019 : org.apache.commons.lang.SystemUtils,995=>Find no block
Mon Sep 02 15:27:02 EDT 2019 Mon Sep 02 15:27:02 EDT 2019 : org.apache.commons.lang.SystemUtils,1007=>Find no block
Mon Sep 02 15:27:02 EDT 2019 Mon Sep 02 15:27:02 EDT 2019 : org.apache.commons.lang.SystemUtils,1017=>Find no block
Mon Sep 02 15:27:03 EDT 2019 Mon Sep 02 15:27:03 EDT 2019 : org.apache.commons.lang.SystemUtils,1027=>Find no block
Mon Sep 02 15:27:03 EDT 2019 Mon Sep 02 15:27:03 EDT 2019 : org.apache.commons.lang.SystemUtils,1038=>Find no block
Mon Sep 02 15:27:04 EDT 2019 Mon Sep 02 15:27:04 EDT 2019 : org.apache.commons.lang.SystemUtils,1049=>Find no block
Mon Sep 02 15:27:04 EDT 2019 Mon Sep 02 15:27:04 EDT 2019 : org.apache.commons.lang.SystemUtils,1060=>Find no block
Mon Sep 02 15:27:04 EDT 2019 Mon Sep 02 15:27:04 EDT 2019 : org.apache.commons.lang.SystemUtils,1071=>Find no block
Mon Sep 02 15:27:05 EDT 2019 org.apache.commons.lang.SystemUtils,1101
Mon Sep 02 15:27:06 EDT 2019 org.apache.commons.lang.SystemUtils,1119
Mon Sep 02 15:27:09 EDT 2019 org.apache.commons.lang.SystemUtils,1120
Mon Sep 02 15:27:10 EDT 2019 org.apache.commons.lang.SystemUtils,1122
Mon Sep 02 15:36:31 EDT 2019 org.apache.commons.lang.SystemUtils,1123
Mon Sep 02 15:36:32 EDT 2019 org.apache.commons.lang.SystemUtils,1124
Mon Sep 02 15:36:32 EDT 2019 org.apache.commons.lang.SystemUtils,1127
Mon Sep 02 15:36:32 EDT 2019 Mon Sep 02 15:36:32 EDT 2019 : org.apache.commons.lang.SystemUtils,1128=>Find no block
Mon Sep 02 15:36:33 EDT 2019 org.apache.commons.lang.SystemUtils,1129
Mon Sep 02 15:36:34 EDT 2019 org.apache.commons.lang.SystemUtils,1148
Mon Sep 02 15:36:36 EDT 2019 org.apache.commons.lang.SystemUtils,1149
Mon Sep 02 15:36:37 EDT 2019 org.apache.commons.lang.SystemUtils,1151
Mon Sep 02 15:40:13 EDT 2019 org.apache.commons.lang.SystemUtils,1152
Mon Sep 02 15:46:45 EDT 2019 org.apache.commons.lang.SystemUtils,1153
Mon Sep 02 15:46:49 EDT 2019 org.apache.commons.lang.SystemUtils,1154
Mon Sep 02 15:46:52 EDT 2019 org.apache.commons.lang.SystemUtils,1156
Mon Sep 02 15:46:53 EDT 2019 org.apache.commons.lang.SystemUtils,1159
Mon Sep 02 15:48:20 EDT 2019 Mon Sep 02 15:48:20 EDT 2019 : org.apache.commons.lang.SystemUtils,1160=>Find no block
Mon Sep 02 15:48:20 EDT 2019 org.apache.commons.lang.SystemUtils,1161
Mon Sep 02 15:48:21 EDT 2019 org.apache.commons.lang.SystemUtils,1171
Mon Sep 02 15:54:34 EDT 2019 org.apache.commons.lang.SystemUtils,1172
Mon Sep 02 15:54:35 EDT 2019 org.apache.commons.lang.SystemUtils,1173
Mon Sep 02 15:54:36 EDT 2019 org.apache.commons.lang.SystemUtils,1174
Mon Sep 02 15:54:37 EDT 2019 org.apache.commons.lang.SystemUtils,1175
Mon Sep 02 15:54:38 EDT 2019 org.apache.commons.lang.SystemUtils,1179
Mon Sep 02 15:56:01 EDT 2019 org.apache.commons.lang.SystemUtils,1189
Mon Sep 02 15:56:04 EDT 2019 org.apache.commons.lang.SystemUtils,1190
Mon Sep 02 15:56:04 EDT 2019 org.apache.commons.lang.SystemUtils,1192
Mon Sep 02 15:58:14 EDT 2019 org.apache.commons.lang.SystemUtils,1202
Mon Sep 02 15:58:20 EDT 2019 org.apache.commons.lang.SystemUtils,1203
Mon Sep 02 15:58:20 EDT 2019 org.apache.commons.lang.SystemUtils,1205
Mon Sep 02 16:00:18 EDT 2019 org.apache.commons.lang.SystemUtils,1216
Mon Sep 02 16:00:20 EDT 2019 org.apache.commons.lang.SystemUtils,1217
Mon Sep 02 16:00:21 EDT 2019 org.apache.commons.lang.SystemUtils,1219
Mon Sep 02 16:00:48 EDT 2019 org.apache.commons.lang.SystemUtils,1235
Mon Sep 02 16:00:51 EDT 2019 Mon Sep 02 16:00:51 EDT 2019 : org.apache.commons.lang.SystemUtils,1236=>Find no block
Mon Sep 02 16:00:52 EDT 2019 org.apache.commons.lang.SystemUtils,1238
Mon Sep 02 16:00:53 EDT 2019 org.apache.commons.lang.SystemUtils,1242
Mon Sep 02 16:00:53 EDT 2019 org.apache.commons.lang.SystemUtils,1260
Mon Sep 02 16:00:55 EDT 2019 org.apache.commons.lang.SystemUtils,1278
Mon Sep 02 16:00:58 EDT 2019 org.apache.commons.lang.SystemUtils,1292
Mon Sep 02 16:01:01 EDT 2019 org.apache.commons.lang.SystemUtils,1305
Mon Sep 02 16:01:03 EDT 2019 org.apache.commons.lang.SystemUtils,1319
Mon Sep 02 16:01:05 EDT 2019 org.apache.commons.lang.SystemUtils,1333
Mon Sep 02 16:01:08 EDT 2019 org.apache.commons.lang.SystemUtils,1347
Mon Sep 02 16:01:10 EDT 2019 org.apache.commons.lang.LocaleUtils,63
Mon Sep 02 16:01:11 EDT 2019 Mon Sep 02 16:01:11 EDT 2019 : org.apache.commons.lang.LocaleUtils,64=>Find no block
Mon Sep 02 16:01:13 EDT 2019 org.apache.commons.lang.LocaleUtils,95
Mon Sep 02 16:03:05 EDT 2019 org.apache.commons.lang.LocaleUtils,96
Mon Sep 02 16:03:06 EDT 2019 org.apache.commons.lang.LocaleUtils,98
Mon Sep 02 16:15:11 EDT 2019 org.apache.commons.lang.LocaleUtils,99
Mon Sep 02 16:15:12 EDT 2019 org.apache.commons.lang.LocaleUtils,100
Mon Sep 02 16:15:13 EDT 2019 org.apache.commons.lang.LocaleUtils,102
Mon Sep 02 16:26:50 EDT 2019 org.apache.commons.lang.LocaleUtils,103
Mon Sep 02 16:37:07 EDT 2019 org.apache.commons.lang.LocaleUtils,104
Mon Sep 02 16:41:55 EDT 2019 org.apache.commons.lang.LocaleUtils,105
Mon Sep 02 16:41:55 EDT 2019 org.apache.commons.lang.LocaleUtils,107
Mon Sep 02 17:19:11 EDT 2019 org.apache.commons.lang.LocaleUtils,108
Mon Sep 02 17:19:14 EDT 2019 org.apache.commons.lang.LocaleUtils,110
Mon Sep 02 17:19:14 EDT 2019 org.apache.commons.lang.LocaleUtils,111
Mon Sep 02 17:19:15 EDT 2019 org.apache.commons.lang.LocaleUtils,113
Mon Sep 02 17:36:30 EDT 2019 org.apache.commons.lang.LocaleUtils,114
Mon Sep 02 18:37:53 EDT 2019 org.apache.commons.lang.LocaleUtils,115
Mon Sep 02 18:37:54 EDT 2019 org.apache.commons.lang.LocaleUtils,116
Mon Sep 02 18:37:54 EDT 2019 org.apache.commons.lang.LocaleUtils,118
Mon Sep 02 18:37:55 EDT 2019 org.apache.commons.lang.LocaleUtils,119
Mon Sep 02 18:37:56 EDT 2019 org.apache.commons.lang.LocaleUtils,121
Mon Sep 02 18:37:57 EDT 2019 org.apache.commons.lang.LocaleUtils,122
Mon Sep 02 18:37:57 EDT 2019 org.apache.commons.lang.LocaleUtils,124
Mon Sep 02 18:37:58 EDT 2019 org.apache.commons.lang.LocaleUtils,143
Mon Sep 02 18:38:00 EDT 2019 org.apache.commons.lang.LocaleUtils,165
Mon Sep 02 18:39:24 EDT 2019 org.apache.commons.lang.LocaleUtils,166
Mon Sep 02 18:39:25 EDT 2019 org.apache.commons.lang.LocaleUtils,167
Mon Sep 02 18:39:25 EDT 2019 org.apache.commons.lang.LocaleUtils,168
Mon Sep 02 18:39:26 EDT 2019 org.apache.commons.lang.LocaleUtils,169
Mon Sep 02 18:39:27 EDT 2019 org.apache.commons.lang.LocaleUtils,171
Mon Sep 02 18:39:27 EDT 2019 org.apache.commons.lang.LocaleUtils,172
Mon Sep 02 18:39:28 EDT 2019 org.apache.commons.lang.LocaleUtils,174
Mon Sep 02 18:39:28 EDT 2019 org.apache.commons.lang.LocaleUtils,175
Mon Sep 02 18:39:29 EDT 2019 org.apache.commons.lang.LocaleUtils,178
Mon Sep 02 18:40:16 EDT 2019 org.apache.commons.lang.LocaleUtils,192
Mon Sep 02 18:40:18 EDT 2019 org.apache.commons.lang.LocaleUtils,206
Mon Sep 02 18:40:42 EDT 2019 org.apache.commons.lang.LocaleUtils,207
Mon Sep 02 18:41:05 EDT 2019 org.apache.commons.lang.LocaleUtils,208
Mon Sep 02 18:41:06 EDT 2019 org.apache.commons.lang.LocaleUtils,209
Mon Sep 02 18:41:06 EDT 2019 org.apache.commons.lang.LocaleUtils,210
Mon Sep 02 18:41:07 EDT 2019 org.apache.commons.lang.LocaleUtils,212
Mon Sep 02 18:41:07 EDT 2019 org.apache.commons.lang.LocaleUtils,237
Mon Sep 02 18:47:21 EDT 2019 org.apache.commons.lang.LocaleUtils,238
Mon Sep 02 18:48:19 EDT 2019 org.apache.commons.lang.LocaleUtils,239
Mon Sep 02 18:48:20 EDT 2019 org.apache.commons.lang.LocaleUtils,240
Mon Sep 02 18:50:51 EDT 2019 org.apache.commons.lang.LocaleUtils,241
Mon Sep 02 18:50:52 EDT 2019 org.apache.commons.lang.LocaleUtils,242
Mon Sep 02 18:50:53 EDT 2019 org.apache.commons.lang.LocaleUtils,243
Mon Sep 02 18:50:54 EDT 2019 org.apache.commons.lang.LocaleUtils,244
Mon Sep 02 18:50:54 EDT 2019 org.apache.commons.lang.LocaleUtils,246
Mon Sep 02 18:50:55 EDT 2019 org.apache.commons.lang.LocaleUtils,249
Mon Sep 02 18:53:47 EDT 2019 Mon Sep 02 18:53:47 EDT 2019 : org.apache.commons.lang.LocaleUtils,250=>Find no block
Mon Sep 02 18:53:48 EDT 2019 org.apache.commons.lang.LocaleUtils,251
Mon Sep 02 18:53:49 EDT 2019 org.apache.commons.lang.LocaleUtils,253
Mon Sep 02 18:59:11 EDT 2019 org.apache.commons.lang.LocaleUtils,255
Mon Sep 02 19:01:30 EDT 2019 org.apache.commons.lang.LocaleUtils,269
Mon Sep 02 19:07:54 EDT 2019 org.apache.commons.lang.LocaleUtils,270
Mon Sep 02 19:08:46 EDT 2019 org.apache.commons.lang.LocaleUtils,271
Mon Sep 02 19:08:47 EDT 2019 org.apache.commons.lang.LocaleUtils,272
Mon Sep 02 19:11:42 EDT 2019 org.apache.commons.lang.LocaleUtils,273
Mon Sep 02 19:11:43 EDT 2019 org.apache.commons.lang.LocaleUtils,274
Mon Sep 02 19:11:45 EDT 2019 org.apache.commons.lang.LocaleUtils,275
Mon Sep 02 19:11:46 EDT 2019 org.apache.commons.lang.LocaleUtils,276
Mon Sep 02 19:11:47 EDT 2019 org.apache.commons.lang.LocaleUtils,279
Mon Sep 02 19:11:48 EDT 2019 org.apache.commons.lang.LocaleUtils,282
Mon Sep 02 19:13:39 EDT 2019 Mon Sep 02 19:13:39 EDT 2019 : org.apache.commons.lang.LocaleUtils,283=>Find no block
Mon Sep 02 19:13:40 EDT 2019 org.apache.commons.lang.LocaleUtils,284
Mon Sep 02 19:13:42 EDT 2019 org.apache.commons.lang.LocaleUtils,286
Mon Sep 02 19:18:28 EDT 2019 org.apache.commons.lang.LocaleUtils,288
Failed time : 19/09/02 19:20
