=================================================
Project : lang_59	start : 19/09/02 15:24
Current failed test : org.apache.commons.lang.text.StrBuilderAppendInsertTest::testLang299 | 19/09/02 15:25
Mon Sep 02 15:25:48 EDT 2019 org.apache.commons.lang.text.StrBuilder,879

----------------------------------------
----------------------------------------
Pass Single Test : [=>0,0]
if(strLen>=width){
ensureCapacity(width+strLen);
str.getChars(0,strLen,buffer,size);
}else {
int padLen=width-strLen;
str.getChars(0,strLen,buffer,size);
for(int i=0;i<padLen;i++){
buffer[size+strLen]=padChar;
}
}

Time : 19/09/02 15:32
----------------------------------------

----------------------------------------
----------------------------------------
Pass Single Test : [=>0,0]
if(strLen>width){
ensureCapacity(width+strLen);
str.getChars(0,strLen,buffer,size);
}else {
int padLen=width-strLen;
str.getChars(0,strLen,buffer,size);
for(int i=0;i<padLen;i++){
buffer[size+strLen]=padChar;
}
}

Time : 19/09/02 15:33
----------------------------------------

----------------------------------------
----------------------------------------
Pass Single Test : [=>0,0]
if(strLen>=width){
ensureCapacity(width+strLen);
str.getChars(0,strLen,buffer,size);
}else {
int padLen=size-strLen;
str.getChars(0,strLen,buffer,size);
for(int i=0;i<padLen;i++){
buffer[size+strLen]=padChar;
}
}

Time : 19/09/02 15:34
----------------------------------------

----------------------------------------
----------------------------------------
Pass Single Test : [=>0,0]
if(strLen>=width){
ensureCapacity(width+strLen);
str.getChars(0,strLen,buffer,size);
str.getChars(0,strLen,buffer,size);
}else {
int padLen=width-strLen;
str.getChars(0,strLen,buffer,size);
for(int i=0;i<padLen;i++){
buffer[size+strLen]=padChar;
}
}

Time : 19/09/02 15:36
----------------------------------------

----------------------------------------
----------------------------------------
Pass Single Test : [=>0,0]
if(strLen>=width){
ensureCapacity(width+strLen);
str.getChars(0,strLen,buffer,size);
}else {
int padLen=width-strLen;
ensureCapacity(width+strLen);
str.getChars(0,strLen,buffer,size);
for(int i=0;i<padLen;i++){
buffer[size+strLen]=padChar;
}
}

Time : 19/09/02 15:36
----------------------------------------

----------------------------------------
----------------------------------------
Pass Single Test : [=>0,0]
if(strLen>=width){
ensureCapacity(width+strLen);
str.getChars(0,strLen,buffer,size);
}else {
size=width+strLen;
int padLen=width-strLen;
str.getChars(0,strLen,buffer,size);
for(int i=0;i<padLen;i++){
buffer[size+strLen]=padChar;
}
}

Time : 19/09/02 15:37
----------------------------------------

----------------------------------------
----------------------------------------
Pass Single Test : [=>0,0]
if(strLen>=width){
ensureCapacity(width+strLen);
str.getChars(0,strLen,buffer,size);
}else {
str.getChars(0,strLen,buffer,size);
int padLen=width-strLen;
str.getChars(0,strLen,buffer,size);
for(int i=0;i<padLen;i++){
buffer[size+strLen]=padChar;
}
}

Time : 19/09/02 15:37
----------------------------------------

----------------------------------------
----------------------------------------
Pass Single Test : [=>0,0]
if(strLen>=width){
ensureCapacity(width+strLen);
str.getChars(0,strLen,buffer,size);
}else {
ensureCapacity(width+strLen);
size=width+strLen;
str.getChars(0,strLen,buffer,size);

int padLen=width-strLen;
str.getChars(0,strLen,buffer,size);
for(int i=0;i<padLen;i++){
buffer[size+strLen]=padChar;
}
}

Time : 19/09/02 15:37
----------------------------------------

----------------------------------------
----------------------------------------
Pass Single Test : [=>0,0]
if(strLen>width){
ensureCapacity(width+strLen);
str.getChars(0,strLen,buffer,size);
}else {
int padLen=size-strLen;
str.getChars(0,strLen,buffer,size);
for(int i=0;i<padLen;i++){
buffer[size+strLen]=padChar;
}
}

Time : 19/09/02 15:40
----------------------------------------

----------------------------------------
----------------------------------------
Pass Single Test : [=>0,0]
if(strLen>width){
ensureCapacity(width+strLen);
str.getChars(0,strLen,buffer,size);
str.getChars(0,strLen,buffer,size);
}else {
int padLen=width-strLen;
str.getChars(0,strLen,buffer,size);
for(int i=0;i<padLen;i++){
buffer[size+strLen]=padChar;
}
}

Time : 19/09/02 15:42
----------------------------------------

----------------------------------------
----------------------------------------
Pass Single Test : [=>0,0]
if(strLen>width){
ensureCapacity(width+strLen);
str.getChars(0,strLen,buffer,size);
}else {
int padLen=width-strLen;
ensureCapacity(width+strLen);
str.getChars(0,strLen,buffer,size);
for(int i=0;i<padLen;i++){
buffer[size+strLen]=padChar;
}
}

Time : 19/09/02 15:42
----------------------------------------

----------------------------------------
----------------------------------------
Pass Single Test : [=>0,0]
if(strLen>width){
ensureCapacity(width+strLen);
str.getChars(0,strLen,buffer,size);
}else {
size=width+strLen;
int padLen=width-strLen;
str.getChars(0,strLen,buffer,size);
for(int i=0;i<padLen;i++){
buffer[size+strLen]=padChar;
}
}

Time : 19/09/02 15:43
----------------------------------------

----------------------------------------
----------------------------------------
Pass Single Test : [=>0,0]
if(strLen>width){
ensureCapacity(width+strLen);
str.getChars(0,strLen,buffer,size);
}else {
str.getChars(0,strLen,buffer,size);
int padLen=width-strLen;
str.getChars(0,strLen,buffer,size);
for(int i=0;i<padLen;i++){
buffer[size+strLen]=padChar;
}
}

Time : 19/09/02 15:43
----------------------------------------

----------------------------------------
----------------------------------------
Pass Single Test : [=>0,0]
if(strLen>width){
ensureCapacity(width+strLen);
str.getChars(0,strLen,buffer,size);
}else {
ensureCapacity(width+strLen);
size=width+strLen;
str.getChars(0,strLen,buffer,size);

int padLen=width-strLen;
str.getChars(0,strLen,buffer,size);
for(int i=0;i<padLen;i++){
buffer[size+strLen]=padChar;
}
}

Time : 19/09/02 15:43
----------------------------------------

----------------------------------------
----------------------------------------
Pass Single Test : [=>0,0]
if(strLen>=width){
ensureCapacity(width+strLen);
str.getChars(0,strLen,buffer,size);
str.getChars(0,strLen,buffer,size);
}else {
int padLen=size-strLen;
str.getChars(0,strLen,buffer,size);
for(int i=0;i<padLen;i++){
buffer[size+strLen]=padChar;
}
}

Time : 19/09/02 15:47
----------------------------------------

----------------------------------------
----------------------------------------
Pass Single Test : [=>0,0]
if(strLen>=width){
ensureCapacity(width+strLen);
str.getChars(0,strLen,buffer,size);
}else {
int padLen=size-strLen;
ensureCapacity(width+strLen);
str.getChars(0,strLen,buffer,size);
for(int i=0;i<padLen;i++){
buffer[size+strLen]=padChar;
}
}

Time : 19/09/02 15:47
----------------------------------------

----------------------------------------
----------------------------------------
Pass Single Test : [=>0,0]
if(strLen>=width){
ensureCapacity(width+strLen);
str.getChars(0,strLen,buffer,size);
}else {
size=width+strLen;
int padLen=size-strLen;
str.getChars(0,strLen,buffer,size);
for(int i=0;i<padLen;i++){
buffer[size+strLen]=padChar;
}
}

Time : 19/09/02 15:48
----------------------------------------

----------------------------------------
----------------------------------------
Pass Single Test : [=>0,0]
if(strLen>=width){
ensureCapacity(width+strLen);
str.getChars(0,strLen,buffer,size);
}else {
str.getChars(0,strLen,buffer,size);
int padLen=size-strLen;
str.getChars(0,strLen,buffer,size);
for(int i=0;i<padLen;i++){
buffer[size+strLen]=padChar;
}
}

Time : 19/09/02 15:48
----------------------------------------

----------------------------------------
----------------------------------------
Pass Single Test : [=>0,0]
if(strLen>=width){
ensureCapacity(width+strLen);
str.getChars(0,strLen,buffer,size);
}else {
ensureCapacity(width+strLen);
size=width+strLen;
str.getChars(0,strLen,buffer,size);

int padLen=size-strLen;
str.getChars(0,strLen,buffer,size);
for(int i=0;i<padLen;i++){
buffer[size+strLen]=padChar;
}
}

Time : 19/09/02 15:48
----------------------------------------

----------------------------------------
----------------------------------------
Pass Single Test : [=>0,0]
if(strLen>=width){
ensureCapacity(width+strLen);
str.getChars(0,strLen,buffer,size);
str.getChars(0,strLen,buffer,size);
}else {
int padLen=width-strLen;
ensureCapacity(width+strLen);
str.getChars(0,strLen,buffer,size);
for(int i=0;i<padLen;i++){
buffer[size+strLen]=padChar;
}
}

Time : 19/09/02 15:52
----------------------------------------

----------------------------------------
----------------------------------------
Pass Single Test : [=>0,0]
if(strLen>=width){
ensureCapacity(width+strLen);
str.getChars(0,strLen,buffer,size);
str.getChars(0,strLen,buffer,size);
}else {
size=width+strLen;
int padLen=width-strLen;
str.getChars(0,strLen,buffer,size);
for(int i=0;i<padLen;i++){
buffer[size+strLen]=padChar;
}
}

Time : 19/09/02 15:53
----------------------------------------

----------------------------------------
----------------------------------------
Pass Single Test : [=>0,0]
if(strLen>=width){
ensureCapacity(width+strLen);
str.getChars(0,strLen,buffer,size);
str.getChars(0,strLen,buffer,size);
}else {
str.getChars(0,strLen,buffer,size);
int padLen=width-strLen;
str.getChars(0,strLen,buffer,size);
for(int i=0;i<padLen;i++){
buffer[size+strLen]=padChar;
}
}

Time : 19/09/02 15:53
----------------------------------------

----------------------------------------
----------------------------------------
Pass Single Test : [=>0,0]
if(strLen>=width){
ensureCapacity(width+strLen);
str.getChars(0,strLen,buffer,size);
str.getChars(0,strLen,buffer,size);
}else {
ensureCapacity(width+strLen);
size=width+strLen;
str.getChars(0,strLen,buffer,size);

int padLen=width-strLen;
str.getChars(0,strLen,buffer,size);
for(int i=0;i<padLen;i++){
buffer[size+strLen]=padChar;
}
}

Time : 19/09/02 15:54
----------------------------------------

----------------------------------------
----------------------------------------
Pass Single Test : [=>0,0]
if(strLen>=width){
ensureCapacity(width+strLen);
str.getChars(0,strLen,buffer,size);
}else {
size=width+strLen;
int padLen=width-strLen;
ensureCapacity(width+strLen);
str.getChars(0,strLen,buffer,size);
for(int i=0;i<padLen;i++){
buffer[size+strLen]=padChar;
}
}

Time : 19/09/02 15:55
----------------------------------------

----------------------------------------
----------------------------------------
Pass Single Test : [=>0,0]
if(strLen>=width){
ensureCapacity(width+strLen);
str.getChars(0,strLen,buffer,size);
}else {
str.getChars(0,strLen,buffer,size);
int padLen=width-strLen;
ensureCapacity(width+strLen);
str.getChars(0,strLen,buffer,size);
for(int i=0;i<padLen;i++){
buffer[size+strLen]=padChar;
}
}

Time : 19/09/02 15:55
----------------------------------------

----------------------------------------
----------------------------------------
Pass Single Test : [=>0,0]
if(strLen>=width){
ensureCapacity(width+strLen);
str.getChars(0,strLen,buffer,size);
}else {
ensureCapacity(width+strLen);
size=width+strLen;
str.getChars(0,strLen,buffer,size);

int padLen=width-strLen;
ensureCapacity(width+strLen);
str.getChars(0,strLen,buffer,size);
for(int i=0;i<padLen;i++){
buffer[size+strLen]=padChar;
}
}

Time : 19/09/02 15:56
----------------------------------------

----------------------------------------
----------------------------------------
Pass Single Test : [=>0,0]
if(strLen>=width){
ensureCapacity(width+strLen);
str.getChars(0,strLen,buffer,size);
}else {
size=width+strLen;
str.getChars(0,strLen,buffer,size);
int padLen=width-strLen;
str.getChars(0,strLen,buffer,size);
for(int i=0;i<padLen;i++){
buffer[size+strLen]=padChar;
}
}

Time : 19/09/02 15:56
----------------------------------------

----------------------------------------
----------------------------------------
Pass Single Test : [=>0,0]
if(strLen>=width){
ensureCapacity(width+strLen);
str.getChars(0,strLen,buffer,size);
}else {
size=width+strLen;
ensureCapacity(width+strLen);
size=width+strLen;
str.getChars(0,strLen,buffer,size);

int padLen=width-strLen;
str.getChars(0,strLen,buffer,size);
for(int i=0;i<padLen;i++){
buffer[size+strLen]=padChar;
}
}

Time : 19/09/02 15:56
----------------------------------------

----------------------------------------
----------------------------------------
Pass Single Test : [=>0,0]
if(strLen>=width){
ensureCapacity(width+strLen);
str.getChars(0,strLen,buffer,size);
}else {
str.getChars(0,strLen,buffer,size);
ensureCapacity(width+strLen);
size=width+strLen;
str.getChars(0,strLen,buffer,size);

int padLen=width-strLen;
str.getChars(0,strLen,buffer,size);
for(int i=0;i<padLen;i++){
buffer[size+strLen]=padChar;
}
}

Time : 19/09/02 15:57
----------------------------------------

----------------------------------------
----------------------------------------
Pass Single Test : [=>0,0]
if(strLen>width){
ensureCapacity(width+strLen);
str.getChars(0,strLen,buffer,size);
str.getChars(0,strLen,buffer,size);
}else {
int padLen=size-strLen;
str.getChars(0,strLen,buffer,size);
for(int i=0;i<padLen;i++){
buffer[size+strLen]=padChar;
}
}

Time : 19/09/02 16:02
----------------------------------------

----------------------------------------
----------------------------------------
Pass Single Test : [=>0,0]
if(strLen>width){
ensureCapacity(width+strLen);
str.getChars(0,strLen,buffer,size);
}else {
int padLen=size-strLen;
ensureCapacity(width+strLen);
str.getChars(0,strLen,buffer,size);
for(int i=0;i<padLen;i++){
buffer[size+strLen]=padChar;
}
}

Time : 19/09/02 16:02
----------------------------------------

----------------------------------------
----------------------------------------
Pass Single Test : [=>0,0]
if(strLen>width){
ensureCapacity(width+strLen);
str.getChars(0,strLen,buffer,size);
}else {
size=width+strLen;
int padLen=size-strLen;
str.getChars(0,strLen,buffer,size);
for(int i=0;i<padLen;i++){
buffer[size+strLen]=padChar;
}
}

Time : 19/09/02 16:03
----------------------------------------

----------------------------------------
----------------------------------------
Pass Single Test : [=>0,0]
if(strLen>width){
ensureCapacity(width+strLen);
str.getChars(0,strLen,buffer,size);
}else {
str.getChars(0,strLen,buffer,size);
int padLen=size-strLen;
str.getChars(0,strLen,buffer,size);
for(int i=0;i<padLen;i++){
buffer[size+strLen]=padChar;
}
}

Time : 19/09/02 16:03
----------------------------------------

----------------------------------------
----------------------------------------
Pass Single Test : [=>0,0]
if(strLen>width){
ensureCapacity(width+strLen);
str.getChars(0,strLen,buffer,size);
}else {
ensureCapacity(width+strLen);
size=width+strLen;
str.getChars(0,strLen,buffer,size);

int padLen=size-strLen;
str.getChars(0,strLen,buffer,size);
for(int i=0;i<padLen;i++){
buffer[size+strLen]=padChar;
}
}

Time : 19/09/02 16:04
----------------------------------------

----------------------------------------
----------------------------------------
Pass Single Test : [=>0,0]
if(strLen>width){
ensureCapacity(width+strLen);
str.getChars(0,strLen,buffer,size);
str.getChars(0,strLen,buffer,size);
}else {
int padLen=width-strLen;
ensureCapacity(width+strLen);
str.getChars(0,strLen,buffer,size);
for(int i=0;i<padLen;i++){
buffer[size+strLen]=padChar;
}
}

Time : 19/09/02 16:07
----------------------------------------

----------------------------------------
----------------------------------------
Pass Single Test : [=>0,0]
if(strLen>width){
ensureCapacity(width+strLen);
str.getChars(0,strLen,buffer,size);
str.getChars(0,strLen,buffer,size);
}else {
size=width+strLen;
int padLen=width-strLen;
str.getChars(0,strLen,buffer,size);
for(int i=0;i<padLen;i++){
buffer[size+strLen]=padChar;
}
}

Time : 19/09/02 16:08
----------------------------------------

----------------------------------------
----------------------------------------
Pass Single Test : [=>0,0]
if(strLen>width){
ensureCapacity(width+strLen);
str.getChars(0,strLen,buffer,size);
str.getChars(0,strLen,buffer,size);
}else {
str.getChars(0,strLen,buffer,size);
int padLen=width-strLen;
str.getChars(0,strLen,buffer,size);
for(int i=0;i<padLen;i++){
buffer[size+strLen]=padChar;
}
}

Time : 19/09/02 16:08
----------------------------------------

----------------------------------------
----------------------------------------
Pass Single Test : [=>0,0]
if(strLen>width){
ensureCapacity(width+strLen);
str.getChars(0,strLen,buffer,size);
str.getChars(0,strLen,buffer,size);
}else {
ensureCapacity(width+strLen);
size=width+strLen;
str.getChars(0,strLen,buffer,size);

int padLen=width-strLen;
str.getChars(0,strLen,buffer,size);
for(int i=0;i<padLen;i++){
buffer[size+strLen]=padChar;
}
}

Time : 19/09/02 16:09
----------------------------------------

----------------------------------------
----------------------------------------
Pass Single Test : [=>0,0]
if(strLen>width){
ensureCapacity(width+strLen);
str.getChars(0,strLen,buffer,size);
}else {
size=width+strLen;
int padLen=width-strLen;
ensureCapacity(width+strLen);
str.getChars(0,strLen,buffer,size);
for(int i=0;i<padLen;i++){
buffer[size+strLen]=padChar;
}
}

Time : 19/09/02 16:09
----------------------------------------

----------------------------------------
----------------------------------------
Pass Single Test : [=>0,0]
if(strLen>width){
ensureCapacity(width+strLen);
str.getChars(0,strLen,buffer,size);
}else {
str.getChars(0,strLen,buffer,size);
int padLen=width-strLen;
ensureCapacity(width+strLen);
str.getChars(0,strLen,buffer,size);
for(int i=0;i<padLen;i++){
buffer[size+strLen]=padChar;
}
}

Time : 19/09/02 16:10
----------------------------------------

----------------------------------------
----------------------------------------
Pass Single Test : [=>0,0]
if(strLen>width){
ensureCapacity(width+strLen);
str.getChars(0,strLen,buffer,size);
}else {
ensureCapacity(width+strLen);
size=width+strLen;
str.getChars(0,strLen,buffer,size);

int padLen=width-strLen;
ensureCapacity(width+strLen);
str.getChars(0,strLen,buffer,size);
for(int i=0;i<padLen;i++){
buffer[size+strLen]=padChar;
}
}

Time : 19/09/02 16:10
----------------------------------------

----------------------------------------
----------------------------------------
Pass Single Test : [=>0,0]
if(strLen>width){
ensureCapacity(width+strLen);
str.getChars(0,strLen,buffer,size);
}else {
size=width+strLen;
str.getChars(0,strLen,buffer,size);
int padLen=width-strLen;
str.getChars(0,strLen,buffer,size);
for(int i=0;i<padLen;i++){
buffer[size+strLen]=padChar;
}
}

Time : 19/09/02 16:11
----------------------------------------

----------------------------------------
----------------------------------------
Pass Single Test : [=>0,0]
if(strLen>width){
ensureCapacity(width+strLen);
str.getChars(0,strLen,buffer,size);
}else {
size=width+strLen;
ensureCapacity(width+strLen);
size=width+strLen;
str.getChars(0,strLen,buffer,size);

int padLen=width-strLen;
str.getChars(0,strLen,buffer,size);
for(int i=0;i<padLen;i++){
buffer[size+strLen]=padChar;
}
}

Time : 19/09/02 16:11
----------------------------------------

----------------------------------------
----------------------------------------
Pass Single Test : [=>0,0]
if(strLen>width){
ensureCapacity(width+strLen);
str.getChars(0,strLen,buffer,size);
}else {
str.getChars(0,strLen,buffer,size);
ensureCapacity(width+strLen);
size=width+strLen;
str.getChars(0,strLen,buffer,size);

int padLen=width-strLen;
str.getChars(0,strLen,buffer,size);
for(int i=0;i<padLen;i++){
buffer[size+strLen]=padChar;
}
}

Time : 19/09/02 16:11
----------------------------------------

----------------------------------------
----------------------------------------
Pass Single Test : [=>0,0]
if(strLen>=width){
ensureCapacity(width+strLen);
str.getChars(0,strLen,buffer,size);
str.getChars(0,strLen,buffer,size);
}else {
int padLen=size-strLen;
ensureCapacity(width+strLen);
str.getChars(0,strLen,buffer,size);
for(int i=0;i<padLen;i++){
buffer[size+strLen]=padChar;
}
}

Time : 19/09/02 16:16
----------------------------------------

----------------------------------------
----------------------------------------
Pass Single Test : [=>0,0]
if(strLen>=width){
ensureCapacity(width+strLen);
str.getChars(0,strLen,buffer,size);
str.getChars(0,strLen,buffer,size);
}else {
size=width+strLen;
int padLen=size-strLen;
str.getChars(0,strLen,buffer,size);
for(int i=0;i<padLen;i++){
buffer[size+strLen]=padChar;
}
}

Time : 19/09/02 16:17
----------------------------------------

----------------------------------------
----------------------------------------
Pass Single Test : [=>0,0]
if(strLen>=width){
ensureCapacity(width+strLen);
str.getChars(0,strLen,buffer,size);
str.getChars(0,strLen,buffer,size);
}else {
str.getChars(0,strLen,buffer,size);
int padLen=size-strLen;
str.getChars(0,strLen,buffer,size);
for(int i=0;i<padLen;i++){
buffer[size+strLen]=padChar;
}
}

Time : 19/09/02 16:17
----------------------------------------

----------------------------------------
----------------------------------------
Pass Single Test : [=>0,0]
if(strLen>=width){
ensureCapacity(width+strLen);
str.getChars(0,strLen,buffer,size);
str.getChars(0,strLen,buffer,size);
}else {
ensureCapacity(width+strLen);
size=width+strLen;
str.getChars(0,strLen,buffer,size);

int padLen=size-strLen;
str.getChars(0,strLen,buffer,size);
for(int i=0;i<padLen;i++){
buffer[size+strLen]=padChar;
}
}

Time : 19/09/02 16:17
----------------------------------------

----------------------------------------
----------------------------------------
Pass Single Test : [=>0,0]
if(strLen>=width){
ensureCapacity(width+strLen);
str.getChars(0,strLen,buffer,size);
}else {
size=width+strLen;
int padLen=size-strLen;
ensureCapacity(width+strLen);
str.getChars(0,strLen,buffer,size);
for(int i=0;i<padLen;i++){
buffer[size+strLen]=padChar;
}
}

Time : 19/09/02 16:18
----------------------------------------

----------------------------------------
----------------------------------------
Pass Single Test : [=>0,0]
if(strLen>=width){
ensureCapacity(width+strLen);
str.getChars(0,strLen,buffer,size);
}else {
str.getChars(0,strLen,buffer,size);
int padLen=size-strLen;
ensureCapacity(width+strLen);
str.getChars(0,strLen,buffer,size);
for(int i=0;i<padLen;i++){
buffer[size+strLen]=padChar;
}
}

Time : 19/09/02 16:19
----------------------------------------

----------------------------------------
----------------------------------------
Pass Single Test : [=>0,0]
if(strLen>=width){
ensureCapacity(width+strLen);
str.getChars(0,strLen,buffer,size);
}else {
ensureCapacity(width+strLen);
size=width+strLen;
str.getChars(0,strLen,buffer,size);

int padLen=size-strLen;
ensureCapacity(width+strLen);
str.getChars(0,strLen,buffer,size);
for(int i=0;i<padLen;i++){
buffer[size+strLen]=padChar;
}
}

Time : 19/09/02 16:19
----------------------------------------

----------------------------------------
----------------------------------------
Pass Single Test : [=>0,0]
if(strLen>=width){
ensureCapacity(width+strLen);
str.getChars(0,strLen,buffer,size);
}else {
size=width+strLen;
str.getChars(0,strLen,buffer,size);
int padLen=size-strLen;
str.getChars(0,strLen,buffer,size);
for(int i=0;i<padLen;i++){
buffer[size+strLen]=padChar;
}
}

Time : 19/09/02 16:19
----------------------------------------

----------------------------------------
----------------------------------------
Pass Single Test : [=>0,0]
if(strLen>=width){
ensureCapacity(width+strLen);
str.getChars(0,strLen,buffer,size);
}else {
size=width+strLen;
ensureCapacity(width+strLen);
size=width+strLen;
str.getChars(0,strLen,buffer,size);

int padLen=size-strLen;
str.getChars(0,strLen,buffer,size);
for(int i=0;i<padLen;i++){
buffer[size+strLen]=padChar;
}
}

Time : 19/09/02 16:20
----------------------------------------

----------------------------------------
----------------------------------------
Pass Single Test : [=>0,0]
if(strLen>=width){
ensureCapacity(width+strLen);
str.getChars(0,strLen,buffer,size);
}else {
str.getChars(0,strLen,buffer,size);
ensureCapacity(width+strLen);
size=width+strLen;
str.getChars(0,strLen,buffer,size);

int padLen=size-strLen;
str.getChars(0,strLen,buffer,size);
for(int i=0;i<padLen;i++){
buffer[size+strLen]=padChar;
}
}

Time : 19/09/02 16:20
----------------------------------------

----------------------------------------
----------------------------------------
Pass Single Test : [=>0,0]
if(strLen>=width){
ensureCapacity(width+strLen);
str.getChars(0,strLen,buffer,size);
str.getChars(0,strLen,buffer,size);
}else {
size=width+strLen;
int padLen=width-strLen;
ensureCapacity(width+strLen);
str.getChars(0,strLen,buffer,size);
for(int i=0;i<padLen;i++){
buffer[size+strLen]=padChar;
}
}

Time : 19/09/02 16:26
----------------------------------------

----------------------------------------
----------------------------------------
Pass Single Test : [=>0,0]
if(strLen>=width){
ensureCapacity(width+strLen);
str.getChars(0,strLen,buffer,size);
str.getChars(0,strLen,buffer,size);
}else {
str.getChars(0,strLen,buffer,size);
int padLen=width-strLen;
ensureCapacity(width+strLen);
str.getChars(0,strLen,buffer,size);
for(int i=0;i<padLen;i++){
buffer[size+strLen]=padChar;
}
}

Time : 19/09/02 16:27
----------------------------------------

----------------------------------------
----------------------------------------
Pass Single Test : [=>0,0]
if(strLen>=width){
ensureCapacity(width+strLen);
str.getChars(0,strLen,buffer,size);
str.getChars(0,strLen,buffer,size);
}else {
ensureCapacity(width+strLen);
size=width+strLen;
str.getChars(0,strLen,buffer,size);

int padLen=width-strLen;
ensureCapacity(width+strLen);
str.getChars(0,strLen,buffer,size);
for(int i=0;i<padLen;i++){
buffer[size+strLen]=padChar;
}
}

Time : 19/09/02 16:27
----------------------------------------

----------------------------------------
----------------------------------------
Pass Single Test : [=>0,0]
if(strLen>=width){
ensureCapacity(width+strLen);
str.getChars(0,strLen,buffer,size);
str.getChars(0,strLen,buffer,size);
}else {
size=width+strLen;
str.getChars(0,strLen,buffer,size);
int padLen=width-strLen;
str.getChars(0,strLen,buffer,size);
for(int i=0;i<padLen;i++){
buffer[size+strLen]=padChar;
}
}

Time : 19/09/02 16:27
----------------------------------------

----------------------------------------
----------------------------------------
Pass Single Test : [=>0,0]
if(strLen>=width){
ensureCapacity(width+strLen);
str.getChars(0,strLen,buffer,size);
str.getChars(0,strLen,buffer,size);
}else {
size=width+strLen;
ensureCapacity(width+strLen);
size=width+strLen;
str.getChars(0,strLen,buffer,size);

int padLen=width-strLen;
str.getChars(0,strLen,buffer,size);
for(int i=0;i<padLen;i++){
buffer[size+strLen]=padChar;
}
}

Time : 19/09/02 16:28
----------------------------------------

----------------------------------------
----------------------------------------
Pass Single Test : [=>0,0]
if(strLen>=width){
ensureCapacity(width+strLen);
str.getChars(0,strLen,buffer,size);
str.getChars(0,strLen,buffer,size);
}else {
str.getChars(0,strLen,buffer,size);
ensureCapacity(width+strLen);
size=width+strLen;
str.getChars(0,strLen,buffer,size);

int padLen=width-strLen;
str.getChars(0,strLen,buffer,size);
for(int i=0;i<padLen;i++){
buffer[size+strLen]=padChar;
}
}

Time : 19/09/02 16:28
----------------------------------------

----------------------------------------
----------------------------------------
Pass Single Test : [=>0,0]
if(strLen>=width){
ensureCapacity(width+strLen);
str.getChars(0,strLen,buffer,size);
}else {
size=width+strLen;
str.getChars(0,strLen,buffer,size);
int padLen=width-strLen;
ensureCapacity(width+strLen);
str.getChars(0,strLen,buffer,size);
for(int i=0;i<padLen;i++){
buffer[size+strLen]=padChar;
}
}

Time : 19/09/02 16:29
----------------------------------------

----------------------------------------
----------------------------------------
Pass Single Test : [=>0,0]
if(strLen>=width){
ensureCapacity(width+strLen);
str.getChars(0,strLen,buffer,size);
}else {
size=width+strLen;
ensureCapacity(width+strLen);
size=width+strLen;
str.getChars(0,strLen,buffer,size);

int padLen=width-strLen;
ensureCapacity(width+strLen);
str.getChars(0,strLen,buffer,size);
for(int i=0;i<padLen;i++){
buffer[size+strLen]=padChar;
}
}

Time : 19/09/02 16:29
----------------------------------------

----------------------------------------
----------------------------------------
Pass Single Test : [=>0,0]
if(strLen>=width){
ensureCapacity(width+strLen);
str.getChars(0,strLen,buffer,size);
}else {
str.getChars(0,strLen,buffer,size);
ensureCapacity(width+strLen);
size=width+strLen;
str.getChars(0,strLen,buffer,size);

int padLen=width-strLen;
ensureCapacity(width+strLen);
str.getChars(0,strLen,buffer,size);
for(int i=0;i<padLen;i++){
buffer[size+strLen]=padChar;
}
}

Time : 19/09/02 16:30
----------------------------------------

----------------------------------------
----------------------------------------
Pass Single Test : [=>0,0]
if(strLen>=width){
ensureCapacity(width+strLen);
str.getChars(0,strLen,buffer,size);
}else {
size=width+strLen;
str.getChars(0,strLen,buffer,size);
ensureCapacity(width+strLen);
size=width+strLen;
str.getChars(0,strLen,buffer,size);

int padLen=width-strLen;
str.getChars(0,strLen,buffer,size);
for(int i=0;i<padLen;i++){
buffer[size+strLen]=padChar;
}
}

Time : 19/09/02 16:30
----------------------------------------

----------------------------------------
----------------------------------------
Pass Single Test : [=>0,0]
if(strLen>=width){
buffer=new char[strLen];
str.getChars(0,strLen,buffer,size);
}else {
int padLen=width-strLen;
str.getChars(0,strLen,buffer,size);
for(int i=0;i<padLen;i++){
buffer[size+strLen]=padChar;
}
}

Time : 19/09/02 16:59
----------------------------------------

----------------------------------------
----------------------------------------
Pass Single Test : [=>0,0]
if(strLen>width){
buffer=new char[strLen];
str.getChars(0,strLen,buffer,size);
}else {
int padLen=width-strLen;
str.getChars(0,strLen,buffer,size);
for(int i=0;i<padLen;i++){
buffer[size+strLen]=padChar;
}
}

Time : 19/09/02 17:00
----------------------------------------

----------------------------------------
----------------------------------------
Pass Single Test : [=>0,0]
if(strLen>buffer.length){
buffer=new char[strLen];
str.getChars(0,strLen,buffer,size);
}else {
int padLen=width-strLen;
str.getChars(0,strLen,buffer,size);
for(int i=0;i<padLen;i++){
buffer[size+strLen]=padChar;
}
}

Time : 19/09/02 17:00
----------------------------------------

----------------------------------------
----------------------------------------
Pass Single Test : [=>0,0]
if(strLen>=buffer.length){
buffer=new char[strLen];
str.getChars(0,strLen,buffer,size);
}else {
int padLen=width-strLen;
str.getChars(0,strLen,buffer,size);
for(int i=0;i<padLen;i++){
buffer[size+strLen]=padChar;
}
}

Time : 19/09/02 17:01
----------------------------------------

----------------------------------------
----------------------------------------
Pass Single Test : [=>0,0]
if(strLen>=width){
buffer=new char[strLen];
str.getChars(0,strLen,buffer,size);
}else {
buffer=new char[strLen];
int padLen=width-strLen;
str.getChars(0,strLen,buffer,size);
for(int i=0;i<padLen;i++){
buffer[size+strLen]=padChar;
}
}

Time : 19/09/02 17:01
----------------------------------------

----------------------------------------
----------------------------------------
Pass Single Test : [=>0,0]
if(strLen>width){
buffer=new char[strLen];
str.getChars(0,strLen,buffer,size);
}else {
buffer=new char[strLen];
int padLen=width-strLen;
str.getChars(0,strLen,buffer,size);
for(int i=0;i<padLen;i++){
buffer[size+strLen]=padChar;
}
}

Time : 19/09/02 17:02
----------------------------------------

----------------------------------------
----------------------------------------
Pass Single Test : [=>0,0]
if(strLen>buffer.length){
buffer=new char[strLen];
str.getChars(0,strLen,buffer,size);
}else {
buffer=new char[strLen];
int padLen=width-strLen;
str.getChars(0,strLen,buffer,size);
for(int i=0;i<padLen;i++){
buffer[size+strLen]=padChar;
}
}

Time : 19/09/02 17:02
----------------------------------------

----------------------------------------
----------------------------------------
Pass Single Test : [=>0,0]
if(strLen>=buffer.length){
buffer=new char[strLen];
str.getChars(0,strLen,buffer,size);
}else {
buffer=new char[strLen];
int padLen=width-strLen;
str.getChars(0,strLen,buffer,size);
for(int i=0;i<padLen;i++){
buffer[size+strLen]=padChar;
}
}

Time : 19/09/02 17:03
----------------------------------------

----------------------------------------
----------------------------------------
Pass Single Test : [=>0,0]
buffer=new char[strLen];
if(strLen>=width){
str.getChars(0,strLen,buffer,size);
}else {
int padLen=width-strLen;
str.getChars(0,strLen,buffer,size);
for(int i=0;i<padLen;i++){
buffer[size+strLen]=padChar;
}
}

Time : 19/09/02 17:12
----------------------------------------
Mon Sep 02 17:35:10 EDT 2019 org.apache.commons.lang.text.StrBuilder,880
Mon Sep 02 17:40:21 EDT 2019 org.apache.commons.lang.text.StrBuilder,881
Mon Sep 02 17:40:21 EDT 2019 org.apache.commons.lang.text.StrBuilder,882

----------------------------------------
----------------------------------------
Pass Single Test : [=>0,0]
String str=(obj==null?getNullText():obj.toString());
int strLen=str.length();
if(strLen>=width){
ensureCapacity(width+strLen);
str.getChars(0,strLen,buffer,size);
}else {
int padLen=width-strLen;
str.getChars(0,strLen,buffer,size);
for(int i=0;i<padLen;i++){
buffer[size+strLen]=padChar;
}
}

Time : 19/09/02 17:47
----------------------------------------

----------------------------------------
----------------------------------------
Pass Single Test : [=>0,0]
String str=(obj==null?getNullText():obj.toString());
int strLen=str.length();
if(strLen>width){
ensureCapacity(width+strLen);
str.getChars(0,strLen,buffer,size);
}else {
int padLen=width-strLen;
str.getChars(0,strLen,buffer,size);
for(int i=0;i<padLen;i++){
buffer[size+strLen]=padChar;
}
}

Time : 19/09/02 17:49
----------------------------------------

----------------------------------------
----------------------------------------
Pass Single Test : [=>0,0]
String str=(obj==null?getNullText():obj.toString());
int strLen=str.length();
if(strLen>=width){
ensureCapacity(width+strLen);
str.getChars(0,strLen,buffer,size);
}else {
int padLen=size-strLen;
str.getChars(0,strLen,buffer,size);
for(int i=0;i<padLen;i++){
buffer[size+strLen]=padChar;
}
}

Time : 19/09/02 17:50
----------------------------------------

----------------------------------------
----------------------------------------
Pass Single Test : [=>0,0]
String str=(obj==null?getNullText():obj.toString());
int strLen=str.length();
if(strLen>=width){
ensureCapacity(width+strLen);
str.getChars(0,strLen,buffer,size);
str.getChars(0,strLen,buffer,size);
}else {
int padLen=width-strLen;
str.getChars(0,strLen,buffer,size);
for(int i=0;i<padLen;i++){
buffer[size+strLen]=padChar;
}
}

Time : 19/09/02 17:52
----------------------------------------

----------------------------------------
----------------------------------------
Pass Single Test : [=>0,0]
String str=(obj==null?getNullText():obj.toString());
int strLen=str.length();
if(strLen>=width){
ensureCapacity(width+strLen);
str.getChars(0,strLen,buffer,size);
}else {
int padLen=width-strLen;
ensureCapacity(width+strLen);
str.getChars(0,strLen,buffer,size);
for(int i=0;i<padLen;i++){
buffer[size+strLen]=padChar;
}
}

Time : 19/09/02 17:53
----------------------------------------

----------------------------------------
----------------------------------------
Pass Single Test : [=>0,0]
String str=(obj==null?getNullText():obj.toString());
int strLen=str.length();
if(strLen>=width){
ensureCapacity(width+strLen);
str.getChars(0,strLen,buffer,size);
}else {
size=width+strLen;
int padLen=width-strLen;
str.getChars(0,strLen,buffer,size);
for(int i=0;i<padLen;i++){
buffer[size+strLen]=padChar;
}
}

Time : 19/09/02 17:53
----------------------------------------

----------------------------------------
----------------------------------------
Pass Single Test : [=>0,0]
String str=(obj==null?getNullText():obj.toString());
int strLen=str.length();
if(strLen>=width){
ensureCapacity(width+strLen);
str.getChars(0,strLen,buffer,size);
}else {
str.getChars(0,strLen,buffer,size);
int padLen=width-strLen;
str.getChars(0,strLen,buffer,size);
for(int i=0;i<padLen;i++){
buffer[size+strLen]=padChar;
}
}

Time : 19/09/02 17:53
----------------------------------------

----------------------------------------
----------------------------------------
Pass Single Test : [=>0,0]
String str=(obj==null?getNullText():obj.toString());
int strLen=str.length();
if(strLen>=width){
ensureCapacity(width+strLen);
str.getChars(0,strLen,buffer,size);
}else {
ensureCapacity(width+strLen);
size=width+strLen;
str.getChars(0,strLen,buffer,size);

int padLen=width-strLen;
str.getChars(0,strLen,buffer,size);
for(int i=0;i<padLen;i++){
buffer[size+strLen]=padChar;
}
}

Time : 19/09/02 17:54
----------------------------------------

----------------------------------------
----------------------------------------
Pass Single Test : [=>0,0]
validateIndex(size);
String str=(obj==null?getNullText():obj.toString());
int strLen=str.length();
if(strLen>=width){
ensureCapacity(width+strLen);
str.getChars(0,strLen,buffer,size);
}else {
int padLen=width-strLen;
str.getChars(0,strLen,buffer,size);
for(int i=0;i<padLen;i++){
buffer[size+strLen]=padChar;
}
}

Time : 19/09/02 17:54
----------------------------------------

----------------------------------------
----------------------------------------
Pass Single Test : [=>0,0]
String str=(obj==null?getNullText():obj.toString());
int strLen=str.length();
if(strLen>width){
ensureCapacity(width+strLen);
str.getChars(0,strLen,buffer,size);
}else {
int padLen=size-strLen;
str.getChars(0,strLen,buffer,size);
for(int i=0;i<padLen;i++){
buffer[size+strLen]=padChar;
}
}

Time : 19/09/02 17:58
----------------------------------------

----------------------------------------
----------------------------------------
Pass Single Test : [=>0,0]
String str=(obj==null?getNullText():obj.toString());
int strLen=str.length();
if(strLen>width){
ensureCapacity(width+strLen);
str.getChars(0,strLen,buffer,size);
str.getChars(0,strLen,buffer,size);
}else {
int padLen=width-strLen;
str.getChars(0,strLen,buffer,size);
for(int i=0;i<padLen;i++){
buffer[size+strLen]=padChar;
}
}

Time : 19/09/02 18:00
----------------------------------------

----------------------------------------
----------------------------------------
Pass Single Test : [=>0,0]
String str=(obj==null?getNullText():obj.toString());
int strLen=str.length();
if(strLen>width){
ensureCapacity(width+strLen);
str.getChars(0,strLen,buffer,size);
}else {
int padLen=width-strLen;
ensureCapacity(width+strLen);
str.getChars(0,strLen,buffer,size);
for(int i=0;i<padLen;i++){
buffer[size+strLen]=padChar;
}
}

Time : 19/09/02 18:01
----------------------------------------

----------------------------------------
----------------------------------------
Pass Single Test : [=>0,0]
String str=(obj==null?getNullText():obj.toString());
int strLen=str.length();
if(strLen>width){
ensureCapacity(width+strLen);
str.getChars(0,strLen,buffer,size);
}else {
size=width+strLen;
int padLen=width-strLen;
str.getChars(0,strLen,buffer,size);
for(int i=0;i<padLen;i++){
buffer[size+strLen]=padChar;
}
}

Time : 19/09/02 18:01
----------------------------------------

----------------------------------------
----------------------------------------
Pass Single Test : [=>0,0]
String str=(obj==null?getNullText():obj.toString());
int strLen=str.length();
if(strLen>width){
ensureCapacity(width+strLen);
str.getChars(0,strLen,buffer,size);
}else {
str.getChars(0,strLen,buffer,size);
int padLen=width-strLen;
str.getChars(0,strLen,buffer,size);
for(int i=0;i<padLen;i++){
buffer[size+strLen]=padChar;
}
}

Time : 19/09/02 18:02
----------------------------------------

----------------------------------------
----------------------------------------
Pass Single Test : [=>0,0]
String str=(obj==null?getNullText():obj.toString());
int strLen=str.length();
if(strLen>width){
ensureCapacity(width+strLen);
str.getChars(0,strLen,buffer,size);
}else {
ensureCapacity(width+strLen);
size=width+strLen;
str.getChars(0,strLen,buffer,size);

int padLen=width-strLen;
str.getChars(0,strLen,buffer,size);
for(int i=0;i<padLen;i++){
buffer[size+strLen]=padChar;
}
}

Time : 19/09/02 18:02
----------------------------------------

----------------------------------------
----------------------------------------
Pass Single Test : [=>0,0]
validateIndex(size);
String str=(obj==null?getNullText():obj.toString());
int strLen=str.length();
if(strLen>width){
ensureCapacity(width+strLen);
str.getChars(0,strLen,buffer,size);
}else {
int padLen=width-strLen;
str.getChars(0,strLen,buffer,size);
for(int i=0;i<padLen;i++){
buffer[size+strLen]=padChar;
}
}

Time : 19/09/02 18:03
----------------------------------------

----------------------------------------
----------------------------------------
Pass Single Test : [=>0,0]
String str=(obj==null?getNullText():obj.toString());
int strLen=str.length();
if(strLen>=width){
ensureCapacity(width+strLen);
str.getChars(0,strLen,buffer,size);
str.getChars(0,strLen,buffer,size);
}else {
int padLen=size-strLen;
str.getChars(0,strLen,buffer,size);
for(int i=0;i<padLen;i++){
buffer[size+strLen]=padChar;
}
}

Time : 19/09/02 18:07
----------------------------------------

----------------------------------------
----------------------------------------
Pass Single Test : [=>0,0]
String str=(obj==null?getNullText():obj.toString());
int strLen=str.length();
if(strLen>=width){
ensureCapacity(width+strLen);
str.getChars(0,strLen,buffer,size);
}else {
int padLen=size-strLen;
ensureCapacity(width+strLen);
str.getChars(0,strLen,buffer,size);
for(int i=0;i<padLen;i++){
buffer[size+strLen]=padChar;
}
}

Time : 19/09/02 18:08
----------------------------------------

----------------------------------------
----------------------------------------
Pass Single Test : [=>0,0]
String str=(obj==null?getNullText():obj.toString());
int strLen=str.length();
if(strLen>=width){
ensureCapacity(width+strLen);
str.getChars(0,strLen,buffer,size);
}else {
size=width+strLen;
int padLen=size-strLen;
str.getChars(0,strLen,buffer,size);
for(int i=0;i<padLen;i++){
buffer[size+strLen]=padChar;
}
}

Time : 19/09/02 18:08
----------------------------------------

----------------------------------------
----------------------------------------
Pass Single Test : [=>0,0]
String str=(obj==null?getNullText():obj.toString());
int strLen=str.length();
if(strLen>=width){
ensureCapacity(width+strLen);
str.getChars(0,strLen,buffer,size);
}else {
str.getChars(0,strLen,buffer,size);
int padLen=size-strLen;
str.getChars(0,strLen,buffer,size);
for(int i=0;i<padLen;i++){
buffer[size+strLen]=padChar;
}
}

Time : 19/09/02 18:09
----------------------------------------

----------------------------------------
----------------------------------------
Pass Single Test : [=>0,0]
String str=(obj==null?getNullText():obj.toString());
int strLen=str.length();
if(strLen>=width){
ensureCapacity(width+strLen);
str.getChars(0,strLen,buffer,size);
}else {
ensureCapacity(width+strLen);
size=width+strLen;
str.getChars(0,strLen,buffer,size);

int padLen=size-strLen;
str.getChars(0,strLen,buffer,size);
for(int i=0;i<padLen;i++){
buffer[size+strLen]=padChar;
}
}

Time : 19/09/02 18:09
----------------------------------------

----------------------------------------
----------------------------------------
Pass Single Test : [=>0,0]
validateIndex(size);
String str=(obj==null?getNullText():obj.toString());
int strLen=str.length();
if(strLen>=width){
ensureCapacity(width+strLen);
str.getChars(0,strLen,buffer,size);
}else {
int padLen=size-strLen;
str.getChars(0,strLen,buffer,size);
for(int i=0;i<padLen;i++){
buffer[size+strLen]=padChar;
}
}

Time : 19/09/02 18:09
----------------------------------------

----------------------------------------
----------------------------------------
Pass Single Test : [=>0,0]
String str=(obj==null?getNullText():obj.toString());
int strLen=str.length();
if(strLen>=width){
ensureCapacity(width+strLen);
str.getChars(0,strLen,buffer,size);
str.getChars(0,strLen,buffer,size);
}else {
int padLen=width-strLen;
ensureCapacity(width+strLen);
str.getChars(0,strLen,buffer,size);
for(int i=0;i<padLen;i++){
buffer[size+strLen]=padChar;
}
}

Time : 19/09/02 18:15
----------------------------------------

----------------------------------------
----------------------------------------
Pass Single Test : [=>0,0]
String str=(obj==null?getNullText():obj.toString());
int strLen=str.length();
if(strLen>=width){
ensureCapacity(width+strLen);
str.getChars(0,strLen,buffer,size);
str.getChars(0,strLen,buffer,size);
}else {
size=width+strLen;
int padLen=width-strLen;
str.getChars(0,strLen,buffer,size);
for(int i=0;i<padLen;i++){
buffer[size+strLen]=padChar;
}
}

Time : 19/09/02 18:15
----------------------------------------

----------------------------------------
----------------------------------------
Pass Single Test : [=>0,0]
String str=(obj==null?getNullText():obj.toString());
int strLen=str.length();
if(strLen>=width){
ensureCapacity(width+strLen);
str.getChars(0,strLen,buffer,size);
str.getChars(0,strLen,buffer,size);
}else {
str.getChars(0,strLen,buffer,size);
int padLen=width-strLen;
str.getChars(0,strLen,buffer,size);
for(int i=0;i<padLen;i++){
buffer[size+strLen]=padChar;
}
}

Time : 19/09/02 18:15
----------------------------------------

----------------------------------------
----------------------------------------
Pass Single Test : [=>0,0]
String str=(obj==null?getNullText():obj.toString());
int strLen=str.length();
if(strLen>=width){
ensureCapacity(width+strLen);
str.getChars(0,strLen,buffer,size);
str.getChars(0,strLen,buffer,size);
}else {
ensureCapacity(width+strLen);
size=width+strLen;
str.getChars(0,strLen,buffer,size);

int padLen=width-strLen;
str.getChars(0,strLen,buffer,size);
for(int i=0;i<padLen;i++){
buffer[size+strLen]=padChar;
}
}

Time : 19/09/02 18:16
----------------------------------------

----------------------------------------
----------------------------------------
Pass Single Test : [=>0,0]
validateIndex(size);
String str=(obj==null?getNullText():obj.toString());
int strLen=str.length();
if(strLen>=width){
ensureCapacity(width+strLen);
str.getChars(0,strLen,buffer,size);
str.getChars(0,strLen,buffer,size);
}else {
int padLen=width-strLen;
str.getChars(0,strLen,buffer,size);
for(int i=0;i<padLen;i++){
buffer[size+strLen]=padChar;
}
}

Time : 19/09/02 18:16
----------------------------------------

----------------------------------------
----------------------------------------
Pass Single Test : [=>0,0]
String str=(obj==null?getNullText():obj.toString());
int strLen=str.length();
if(strLen>=width){
ensureCapacity(width+strLen);
str.getChars(0,strLen,buffer,size);
}else {
size=width+strLen;
int padLen=width-strLen;
ensureCapacity(width+strLen);
str.getChars(0,strLen,buffer,size);
for(int i=0;i<padLen;i++){
buffer[size+strLen]=padChar;
}
}

Time : 19/09/02 18:17
----------------------------------------

----------------------------------------
----------------------------------------
Pass Single Test : [=>0,0]
String str=(obj==null?getNullText():obj.toString());
int strLen=str.length();
if(strLen>=width){
ensureCapacity(width+strLen);
str.getChars(0,strLen,buffer,size);
}else {
str.getChars(0,strLen,buffer,size);
int padLen=width-strLen;
ensureCapacity(width+strLen);
str.getChars(0,strLen,buffer,size);
for(int i=0;i<padLen;i++){
buffer[size+strLen]=padChar;
}
}

Time : 19/09/02 18:18
----------------------------------------

----------------------------------------
----------------------------------------
Pass Single Test : [=>0,0]
String str=(obj==null?getNullText():obj.toString());
int strLen=str.length();
if(strLen>=width){
ensureCapacity(width+strLen);
str.getChars(0,strLen,buffer,size);
}else {
ensureCapacity(width+strLen);
size=width+strLen;
str.getChars(0,strLen,buffer,size);

int padLen=width-strLen;
ensureCapacity(width+strLen);
str.getChars(0,strLen,buffer,size);
for(int i=0;i<padLen;i++){
buffer[size+strLen]=padChar;
}
}

Time : 19/09/02 18:18
----------------------------------------

----------------------------------------
----------------------------------------
Pass Single Test : [=>0,0]
validateIndex(size);
String str=(obj==null?getNullText():obj.toString());
int strLen=str.length();
if(strLen>=width){
ensureCapacity(width+strLen);
str.getChars(0,strLen,buffer,size);
}else {
int padLen=width-strLen;
ensureCapacity(width+strLen);
str.getChars(0,strLen,buffer,size);
for(int i=0;i<padLen;i++){
buffer[size+strLen]=padChar;
}
}

Time : 19/09/02 18:18
----------------------------------------

----------------------------------------
----------------------------------------
Pass Single Test : [=>0,0]
String str=(obj==null?getNullText():obj.toString());
int strLen=str.length();
if(strLen>=width){
ensureCapacity(width+strLen);
str.getChars(0,strLen,buffer,size);
}else {
size=width+strLen;
str.getChars(0,strLen,buffer,size);
int padLen=width-strLen;
str.getChars(0,strLen,buffer,size);
for(int i=0;i<padLen;i++){
buffer[size+strLen]=padChar;
}
}

Time : 19/09/02 18:19
----------------------------------------

----------------------------------------
----------------------------------------
Pass Single Test : [=>0,0]
String str=(obj==null?getNullText():obj.toString());
int strLen=str.length();
if(strLen>=width){
ensureCapacity(width+strLen);
str.getChars(0,strLen,buffer,size);
}else {
size=width+strLen;
ensureCapacity(width+strLen);
size=width+strLen;
str.getChars(0,strLen,buffer,size);

int padLen=width-strLen;
str.getChars(0,strLen,buffer,size);
for(int i=0;i<padLen;i++){
buffer[size+strLen]=padChar;
}
}

Time : 19/09/02 18:19
----------------------------------------

----------------------------------------
----------------------------------------
Pass Single Test : [=>0,0]
validateIndex(size);
String str=(obj==null?getNullText():obj.toString());
int strLen=str.length();
if(strLen>=width){
ensureCapacity(width+strLen);
str.getChars(0,strLen,buffer,size);
}else {
size=width+strLen;
int padLen=width-strLen;
str.getChars(0,strLen,buffer,size);
for(int i=0;i<padLen;i++){
buffer[size+strLen]=padChar;
}
}

Time : 19/09/02 18:20
----------------------------------------

----------------------------------------
----------------------------------------
Pass Single Test : [=>0,0]
String str=(obj==null?getNullText():obj.toString());
int strLen=str.length();
if(strLen>=width){
ensureCapacity(width+strLen);
str.getChars(0,strLen,buffer,size);
}else {
str.getChars(0,strLen,buffer,size);
ensureCapacity(width+strLen);
size=width+strLen;
str.getChars(0,strLen,buffer,size);

int padLen=width-strLen;
str.getChars(0,strLen,buffer,size);
for(int i=0;i<padLen;i++){
buffer[size+strLen]=padChar;
}
}

Time : 19/09/02 18:20
----------------------------------------

----------------------------------------
----------------------------------------
Pass Single Test : [=>0,0]
validateIndex(size);
String str=(obj==null?getNullText():obj.toString());
int strLen=str.length();
if(strLen>=width){
ensureCapacity(width+strLen);
str.getChars(0,strLen,buffer,size);
}else {
str.getChars(0,strLen,buffer,size);
int padLen=width-strLen;
str.getChars(0,strLen,buffer,size);
for(int i=0;i<padLen;i++){
buffer[size+strLen]=padChar;
}
}

Time : 19/09/02 18:21
----------------------------------------

----------------------------------------
----------------------------------------
Pass Single Test : [=>0,0]
validateIndex(size);
String str=(obj==null?getNullText():obj.toString());
int strLen=str.length();
if(strLen>=width){
ensureCapacity(width+strLen);
str.getChars(0,strLen,buffer,size);
}else {
ensureCapacity(width+strLen);
size=width+strLen;
str.getChars(0,strLen,buffer,size);

int padLen=width-strLen;
str.getChars(0,strLen,buffer,size);
for(int i=0;i<padLen;i++){
buffer[size+strLen]=padChar;
}
}

Time : 19/09/02 18:21
----------------------------------------

----------------------------------------
----------------------------------------
Pass Single Test : [=>0,0]
String str=(obj==null?getNullText():obj.toString());
int strLen=str.length();
if(strLen>width){
ensureCapacity(width+strLen);
str.getChars(0,strLen,buffer,size);
str.getChars(0,strLen,buffer,size);
}else {
int padLen=size-strLen;
str.getChars(0,strLen,buffer,size);
for(int i=0;i<padLen;i++){
buffer[size+strLen]=padChar;
}
}

Time : 19/09/02 18:29
----------------------------------------

----------------------------------------
----------------------------------------
Pass Single Test : [=>0,0]
String str=(obj==null?getNullText():obj.toString());
int strLen=str.length();
if(strLen>width){
ensureCapacity(width+strLen);
str.getChars(0,strLen,buffer,size);
}else {
int padLen=size-strLen;
ensureCapacity(width+strLen);
str.getChars(0,strLen,buffer,size);
for(int i=0;i<padLen;i++){
buffer[size+strLen]=padChar;
}
}

Time : 19/09/02 18:30
----------------------------------------

----------------------------------------
----------------------------------------
Pass Single Test : [=>0,0]
String str=(obj==null?getNullText():obj.toString());
int strLen=str.length();
if(strLen>width){
ensureCapacity(width+strLen);
str.getChars(0,strLen,buffer,size);
}else {
size=width+strLen;
int padLen=size-strLen;
str.getChars(0,strLen,buffer,size);
for(int i=0;i<padLen;i++){
buffer[size+strLen]=padChar;
}
}

Time : 19/09/02 18:30
----------------------------------------

----------------------------------------
----------------------------------------
Pass Single Test : [=>0,0]
String str=(obj==null?getNullText():obj.toString());
int strLen=str.length();
if(strLen>width){
ensureCapacity(width+strLen);
str.getChars(0,strLen,buffer,size);
}else {
str.getChars(0,strLen,buffer,size);
int padLen=size-strLen;
str.getChars(0,strLen,buffer,size);
for(int i=0;i<padLen;i++){
buffer[size+strLen]=padChar;
}
}

Time : 19/09/02 18:31
----------------------------------------

----------------------------------------
----------------------------------------
Pass Single Test : [=>0,0]
String str=(obj==null?getNullText():obj.toString());
int strLen=str.length();
if(strLen>width){
ensureCapacity(width+strLen);
str.getChars(0,strLen,buffer,size);
}else {
ensureCapacity(width+strLen);
size=width+strLen;
str.getChars(0,strLen,buffer,size);

int padLen=size-strLen;
str.getChars(0,strLen,buffer,size);
for(int i=0;i<padLen;i++){
buffer[size+strLen]=padChar;
}
}

Time : 19/09/02 18:31
----------------------------------------

----------------------------------------
----------------------------------------
Pass Single Test : [=>0,0]
validateIndex(size);
String str=(obj==null?getNullText():obj.toString());
int strLen=str.length();
if(strLen>width){
ensureCapacity(width+strLen);
str.getChars(0,strLen,buffer,size);
}else {
int padLen=size-strLen;
str.getChars(0,strLen,buffer,size);
for(int i=0;i<padLen;i++){
buffer[size+strLen]=padChar;
}
}

Time : 19/09/02 18:31
----------------------------------------

----------------------------------------
----------------------------------------
Pass Single Test : [=>0,0]
String str=(obj==null?getNullText():obj.toString());
int strLen=str.length();
if(strLen>width){
ensureCapacity(width+strLen);
str.getChars(0,strLen,buffer,size);
str.getChars(0,strLen,buffer,size);
}else {
int padLen=width-strLen;
ensureCapacity(width+strLen);
str.getChars(0,strLen,buffer,size);
for(int i=0;i<padLen;i++){
buffer[size+strLen]=padChar;
}
}

Time : 19/09/02 18:37
----------------------------------------

----------------------------------------
----------------------------------------
Pass Single Test : [=>0,0]
String str=(obj==null?getNullText():obj.toString());
int strLen=str.length();
if(strLen>width){
ensureCapacity(width+strLen);
str.getChars(0,strLen,buffer,size);
str.getChars(0,strLen,buffer,size);
}else {
size=width+strLen;
int padLen=width-strLen;
str.getChars(0,strLen,buffer,size);
for(int i=0;i<padLen;i++){
buffer[size+strLen]=padChar;
}
}

Time : 19/09/02 18:37
----------------------------------------

----------------------------------------
----------------------------------------
Pass Single Test : [=>0,0]
String str=(obj==null?getNullText():obj.toString());
int strLen=str.length();
if(strLen>width){
ensureCapacity(width+strLen);
str.getChars(0,strLen,buffer,size);
str.getChars(0,strLen,buffer,size);
}else {
str.getChars(0,strLen,buffer,size);
int padLen=width-strLen;
str.getChars(0,strLen,buffer,size);
for(int i=0;i<padLen;i++){
buffer[size+strLen]=padChar;
}
}

Time : 19/09/02 18:38
----------------------------------------

----------------------------------------
----------------------------------------
Pass Single Test : [=>0,0]
String str=(obj==null?getNullText():obj.toString());
int strLen=str.length();
if(strLen>width){
ensureCapacity(width+strLen);
str.getChars(0,strLen,buffer,size);
str.getChars(0,strLen,buffer,size);
}else {
ensureCapacity(width+strLen);
size=width+strLen;
str.getChars(0,strLen,buffer,size);

int padLen=width-strLen;
str.getChars(0,strLen,buffer,size);
for(int i=0;i<padLen;i++){
buffer[size+strLen]=padChar;
}
}

Time : 19/09/02 18:38
----------------------------------------

----------------------------------------
----------------------------------------
Pass Single Test : [=>0,0]
validateIndex(size);
String str=(obj==null?getNullText():obj.toString());
int strLen=str.length();
if(strLen>width){
ensureCapacity(width+strLen);
str.getChars(0,strLen,buffer,size);
str.getChars(0,strLen,buffer,size);
}else {
int padLen=width-strLen;
str.getChars(0,strLen,buffer,size);
for(int i=0;i<padLen;i++){
buffer[size+strLen]=padChar;
}
}

Time : 19/09/02 18:38
----------------------------------------

----------------------------------------
----------------------------------------
Pass Single Test : [=>0,0]
String str=(obj==null?getNullText():obj.toString());
int strLen=str.length();
if(strLen>width){
ensureCapacity(width+strLen);
str.getChars(0,strLen,buffer,size);
}else {
size=width+strLen;
int padLen=width-strLen;
ensureCapacity(width+strLen);
str.getChars(0,strLen,buffer,size);
for(int i=0;i<padLen;i++){
buffer[size+strLen]=padChar;
}
}

Time : 19/09/02 18:39
----------------------------------------

----------------------------------------
----------------------------------------
Pass Single Test : [=>0,0]
String str=(obj==null?getNullText():obj.toString());
int strLen=str.length();
if(strLen>width){
ensureCapacity(width+strLen);
str.getChars(0,strLen,buffer,size);
}else {
str.getChars(0,strLen,buffer,size);
int padLen=width-strLen;
ensureCapacity(width+strLen);
str.getChars(0,strLen,buffer,size);
for(int i=0;i<padLen;i++){
buffer[size+strLen]=padChar;
}
}

Time : 19/09/02 18:40
----------------------------------------

----------------------------------------
----------------------------------------
Pass Single Test : [=>0,0]
String str=(obj==null?getNullText():obj.toString());
int strLen=str.length();
if(strLen>width){
ensureCapacity(width+strLen);
str.getChars(0,strLen,buffer,size);
}else {
ensureCapacity(width+strLen);
size=width+strLen;
str.getChars(0,strLen,buffer,size);

int padLen=width-strLen;
ensureCapacity(width+strLen);
str.getChars(0,strLen,buffer,size);
for(int i=0;i<padLen;i++){
buffer[size+strLen]=padChar;
}
}

Time : 19/09/02 18:40
----------------------------------------

----------------------------------------
----------------------------------------
Pass Single Test : [=>0,0]
validateIndex(size);
String str=(obj==null?getNullText():obj.toString());
int strLen=str.length();
if(strLen>width){
ensureCapacity(width+strLen);
str.getChars(0,strLen,buffer,size);
}else {
int padLen=width-strLen;
ensureCapacity(width+strLen);
str.getChars(0,strLen,buffer,size);
for(int i=0;i<padLen;i++){
buffer[size+strLen]=padChar;
}
}

Time : 19/09/02 18:41
----------------------------------------

----------------------------------------
----------------------------------------
Pass Single Test : [=>0,0]
String str=(obj==null?getNullText():obj.toString());
int strLen=str.length();
if(strLen>width){
ensureCapacity(width+strLen);
str.getChars(0,strLen,buffer,size);
}else {
size=width+strLen;
str.getChars(0,strLen,buffer,size);
int padLen=width-strLen;
str.getChars(0,strLen,buffer,size);
for(int i=0;i<padLen;i++){
buffer[size+strLen]=padChar;
}
}

Time : 19/09/02 18:41
----------------------------------------

----------------------------------------
----------------------------------------
Pass Single Test : [=>0,0]
String str=(obj==null?getNullText():obj.toString());
int strLen=str.length();
if(strLen>width){
ensureCapacity(width+strLen);
str.getChars(0,strLen,buffer,size);
}else {
size=width+strLen;
ensureCapacity(width+strLen);
size=width+strLen;
str.getChars(0,strLen,buffer,size);

int padLen=width-strLen;
str.getChars(0,strLen,buffer,size);
for(int i=0;i<padLen;i++){
buffer[size+strLen]=padChar;
}
}

Time : 19/09/02 18:41
----------------------------------------

----------------------------------------
----------------------------------------
Pass Single Test : [=>0,0]
validateIndex(size);
String str=(obj==null?getNullText():obj.toString());
int strLen=str.length();
if(strLen>width){
ensureCapacity(width+strLen);
str.getChars(0,strLen,buffer,size);
}else {
size=width+strLen;
int padLen=width-strLen;
str.getChars(0,strLen,buffer,size);
for(int i=0;i<padLen;i++){
buffer[size+strLen]=padChar;
}
}

Time : 19/09/02 18:42
----------------------------------------

----------------------------------------
----------------------------------------
Pass Single Test : [=>0,0]
String str=(obj==null?getNullText():obj.toString());
int strLen=str.length();
if(strLen>width){
ensureCapacity(width+strLen);
str.getChars(0,strLen,buffer,size);
}else {
str.getChars(0,strLen,buffer,size);
ensureCapacity(width+strLen);
size=width+strLen;
str.getChars(0,strLen,buffer,size);

int padLen=width-strLen;
str.getChars(0,strLen,buffer,size);
for(int i=0;i<padLen;i++){
buffer[size+strLen]=padChar;
}
}

Time : 19/09/02 18:42
----------------------------------------

----------------------------------------
----------------------------------------
Pass Single Test : [=>0,0]
validateIndex(size);
String str=(obj==null?getNullText():obj.toString());
int strLen=str.length();
if(strLen>width){
ensureCapacity(width+strLen);
str.getChars(0,strLen,buffer,size);
}else {
str.getChars(0,strLen,buffer,size);
int padLen=width-strLen;
str.getChars(0,strLen,buffer,size);
for(int i=0;i<padLen;i++){
buffer[size+strLen]=padChar;
}
}

Time : 19/09/02 18:43
----------------------------------------

----------------------------------------
----------------------------------------
Pass Single Test : [=>0,0]
validateIndex(size);
String str=(obj==null?getNullText():obj.toString());
int strLen=str.length();
if(strLen>width){
ensureCapacity(width+strLen);
str.getChars(0,strLen,buffer,size);
}else {
ensureCapacity(width+strLen);
size=width+strLen;
str.getChars(0,strLen,buffer,size);

int padLen=width-strLen;
str.getChars(0,strLen,buffer,size);
for(int i=0;i<padLen;i++){
buffer[size+strLen]=padChar;
}
}

Time : 19/09/02 18:43
----------------------------------------

----------------------------------------
----------------------------------------
Pass Single Test : [=>0,0]
String str=(obj==null?getNullText():obj.toString());
int strLen=str.length();
if(strLen>=width){
ensureCapacity(width+strLen);
str.getChars(0,strLen,buffer,size);
str.getChars(0,strLen,buffer,size);
}else {
int padLen=size-strLen;
ensureCapacity(width+strLen);
str.getChars(0,strLen,buffer,size);
for(int i=0;i<padLen;i++){
buffer[size+strLen]=padChar;
}
}

Time : 19/09/02 18:53
----------------------------------------

----------------------------------------
----------------------------------------
Pass Single Test : [=>0,0]
String str=(obj==null?getNullText():obj.toString());
int strLen=str.length();
if(strLen>=width){
ensureCapacity(width+strLen);
str.getChars(0,strLen,buffer,size);
str.getChars(0,strLen,buffer,size);
}else {
size=width+strLen;
int padLen=size-strLen;
str.getChars(0,strLen,buffer,size);
for(int i=0;i<padLen;i++){
buffer[size+strLen]=padChar;
}
}

Time : 19/09/02 18:53
----------------------------------------

----------------------------------------
----------------------------------------
Pass Single Test : [=>0,0]
String str=(obj==null?getNullText():obj.toString());
int strLen=str.length();
if(strLen>=width){
ensureCapacity(width+strLen);
str.getChars(0,strLen,buffer,size);
str.getChars(0,strLen,buffer,size);
}else {
str.getChars(0,strLen,buffer,size);
int padLen=size-strLen;
str.getChars(0,strLen,buffer,size);
for(int i=0;i<padLen;i++){
buffer[size+strLen]=padChar;
}
}

Time : 19/09/02 18:54
----------------------------------------

----------------------------------------
----------------------------------------
Pass Single Test : [=>0,0]
String str=(obj==null?getNullText():obj.toString());
int strLen=str.length();
if(strLen>=width){
ensureCapacity(width+strLen);
str.getChars(0,strLen,buffer,size);
str.getChars(0,strLen,buffer,size);
}else {
ensureCapacity(width+strLen);
size=width+strLen;
str.getChars(0,strLen,buffer,size);

int padLen=size-strLen;
str.getChars(0,strLen,buffer,size);
for(int i=0;i<padLen;i++){
buffer[size+strLen]=padChar;
}
}

Time : 19/09/02 18:55
----------------------------------------

----------------------------------------
----------------------------------------
Pass Single Test : [=>0,0]
validateIndex(size);
String str=(obj==null?getNullText():obj.toString());
int strLen=str.length();
if(strLen>=width){
ensureCapacity(width+strLen);
str.getChars(0,strLen,buffer,size);
str.getChars(0,strLen,buffer,size);
}else {
int padLen=size-strLen;
str.getChars(0,strLen,buffer,size);
for(int i=0;i<padLen;i++){
buffer[size+strLen]=padChar;
}
}

Time : 19/09/02 18:55
----------------------------------------

----------------------------------------
----------------------------------------
Pass Single Test : [=>0,0]
String str=(obj==null?getNullText():obj.toString());
int strLen=str.length();
if(strLen>=width){
ensureCapacity(width+strLen);
str.getChars(0,strLen,buffer,size);
}else {
size=width+strLen;
int padLen=size-strLen;
ensureCapacity(width+strLen);
str.getChars(0,strLen,buffer,size);
for(int i=0;i<padLen;i++){
buffer[size+strLen]=padChar;
}
}

Time : 19/09/02 18:56
----------------------------------------

----------------------------------------
----------------------------------------
Pass Single Test : [=>0,0]
String str=(obj==null?getNullText():obj.toString());
int strLen=str.length();
if(strLen>=width){
ensureCapacity(width+strLen);
str.getChars(0,strLen,buffer,size);
}else {
str.getChars(0,strLen,buffer,size);
int padLen=size-strLen;
ensureCapacity(width+strLen);
str.getChars(0,strLen,buffer,size);
for(int i=0;i<padLen;i++){
buffer[size+strLen]=padChar;
}
}

Time : 19/09/02 18:57
----------------------------------------

----------------------------------------
----------------------------------------
Pass Single Test : [=>0,0]
String str=(obj==null?getNullText():obj.toString());
int strLen=str.length();
if(strLen>=width){
ensureCapacity(width+strLen);
str.getChars(0,strLen,buffer,size);
}else {
ensureCapacity(width+strLen);
size=width+strLen;
str.getChars(0,strLen,buffer,size);

int padLen=size-strLen;
ensureCapacity(width+strLen);
str.getChars(0,strLen,buffer,size);
for(int i=0;i<padLen;i++){
buffer[size+strLen]=padChar;
}
}

Time : 19/09/02 18:57
----------------------------------------

----------------------------------------
----------------------------------------
Pass Single Test : [=>0,0]
validateIndex(size);
String str=(obj==null?getNullText():obj.toString());
int strLen=str.length();
if(strLen>=width){
ensureCapacity(width+strLen);
str.getChars(0,strLen,buffer,size);
}else {
int padLen=size-strLen;
ensureCapacity(width+strLen);
str.getChars(0,strLen,buffer,size);
for(int i=0;i<padLen;i++){
buffer[size+strLen]=padChar;
}
}

Time : 19/09/02 18:58
----------------------------------------

----------------------------------------
----------------------------------------
Pass Single Test : [=>0,0]
String str=(obj==null?getNullText():obj.toString());
int strLen=str.length();
if(strLen>=width){
ensureCapacity(width+strLen);
str.getChars(0,strLen,buffer,size);
}else {
size=width+strLen;
str.getChars(0,strLen,buffer,size);
int padLen=size-strLen;
str.getChars(0,strLen,buffer,size);
for(int i=0;i<padLen;i++){
buffer[size+strLen]=padChar;
}
}

Time : 19/09/02 18:58
----------------------------------------

----------------------------------------
----------------------------------------
Pass Single Test : [=>0,0]
String str=(obj==null?getNullText():obj.toString());
int strLen=str.length();
if(strLen>=width){
ensureCapacity(width+strLen);
str.getChars(0,strLen,buffer,size);
}else {
size=width+strLen;
ensureCapacity(width+strLen);
size=width+strLen;
str.getChars(0,strLen,buffer,size);

int padLen=size-strLen;
str.getChars(0,strLen,buffer,size);
for(int i=0;i<padLen;i++){
buffer[size+strLen]=padChar;
}
}

Time : 19/09/02 18:58
----------------------------------------

----------------------------------------
----------------------------------------
Pass Single Test : [=>0,0]
validateIndex(size);
String str=(obj==null?getNullText():obj.toString());
int strLen=str.length();
if(strLen>=width){
ensureCapacity(width+strLen);
str.getChars(0,strLen,buffer,size);
}else {
size=width+strLen;
int padLen=size-strLen;
str.getChars(0,strLen,buffer,size);
for(int i=0;i<padLen;i++){
buffer[size+strLen]=padChar;
}
}

Time : 19/09/02 18:59
----------------------------------------

----------------------------------------
----------------------------------------
Pass Single Test : [=>0,0]
String str=(obj==null?getNullText():obj.toString());
int strLen=str.length();
if(strLen>=width){
ensureCapacity(width+strLen);
str.getChars(0,strLen,buffer,size);
}else {
str.getChars(0,strLen,buffer,size);
ensureCapacity(width+strLen);
size=width+strLen;
str.getChars(0,strLen,buffer,size);

int padLen=size-strLen;
str.getChars(0,strLen,buffer,size);
for(int i=0;i<padLen;i++){
buffer[size+strLen]=padChar;
}
}

Time : 19/09/02 18:59
----------------------------------------

----------------------------------------
----------------------------------------
Pass Single Test : [=>0,0]
validateIndex(size);
String str=(obj==null?getNullText():obj.toString());
int strLen=str.length();
if(strLen>=width){
ensureCapacity(width+strLen);
str.getChars(0,strLen,buffer,size);
}else {
str.getChars(0,strLen,buffer,size);
int padLen=size-strLen;
str.getChars(0,strLen,buffer,size);
for(int i=0;i<padLen;i++){
buffer[size+strLen]=padChar;
}
}

Time : 19/09/02 19:00
----------------------------------------

----------------------------------------
----------------------------------------
Pass Single Test : [=>0,0]
validateIndex(size);
String str=(obj==null?getNullText():obj.toString());
int strLen=str.length();
if(strLen>=width){
ensureCapacity(width+strLen);
str.getChars(0,strLen,buffer,size);
}else {
ensureCapacity(width+strLen);
size=width+strLen;
str.getChars(0,strLen,buffer,size);

int padLen=size-strLen;
str.getChars(0,strLen,buffer,size);
for(int i=0;i<padLen;i++){
buffer[size+strLen]=padChar;
}
}

Time : 19/09/02 19:00
----------------------------------------

----------------------------------------
----------------------------------------
Pass Single Test : [=>0,0]
String str=(obj==null?getNullText():obj.toString());
int strLen=str.length();
if(strLen>=width){
ensureCapacity(width+strLen);
str.getChars(0,strLen,buffer,size);
str.getChars(0,strLen,buffer,size);
}else {
size=width+strLen;
int padLen=width-strLen;
ensureCapacity(width+strLen);
str.getChars(0,strLen,buffer,size);
for(int i=0;i<padLen;i++){
buffer[size+strLen]=padChar;
}
}

Time : 19/09/02 19:14
----------------------------------------

----------------------------------------
----------------------------------------
Pass Single Test : [=>0,0]
String str=(obj==null?getNullText():obj.toString());
int strLen=str.length();
if(strLen>=width){
ensureCapacity(width+strLen);
str.getChars(0,strLen,buffer,size);
str.getChars(0,strLen,buffer,size);
}else {
str.getChars(0,strLen,buffer,size);
int padLen=width-strLen;
ensureCapacity(width+strLen);
str.getChars(0,strLen,buffer,size);
for(int i=0;i<padLen;i++){
buffer[size+strLen]=padChar;
}
}

Time : 19/09/02 19:14
----------------------------------------

----------------------------------------
----------------------------------------
Pass Single Test : [=>0,0]
String str=(obj==null?getNullText():obj.toString());
int strLen=str.length();
if(strLen>=width){
ensureCapacity(width+strLen);
str.getChars(0,strLen,buffer,size);
str.getChars(0,strLen,buffer,size);
}else {
ensureCapacity(width+strLen);
size=width+strLen;
str.getChars(0,strLen,buffer,size);

int padLen=width-strLen;
ensureCapacity(width+strLen);
str.getChars(0,strLen,buffer,size);
for(int i=0;i<padLen;i++){
buffer[size+strLen]=padChar;
}
}

Time : 19/09/02 19:14
----------------------------------------

----------------------------------------
----------------------------------------
Pass Single Test : [=>0,0]
validateIndex(size);
String str=(obj==null?getNullText():obj.toString());
int strLen=str.length();
if(strLen>=width){
ensureCapacity(width+strLen);
str.getChars(0,strLen,buffer,size);
str.getChars(0,strLen,buffer,size);
}else {
int padLen=width-strLen;
ensureCapacity(width+strLen);
str.getChars(0,strLen,buffer,size);
for(int i=0;i<padLen;i++){
buffer[size+strLen]=padChar;
}
}

Time : 19/09/02 19:15
----------------------------------------

----------------------------------------
----------------------------------------
Pass Single Test : [=>0,0]
String str=(obj==null?getNullText():obj.toString());
int strLen=str.length();
if(strLen>=width){
ensureCapacity(width+strLen);
str.getChars(0,strLen,buffer,size);
str.getChars(0,strLen,buffer,size);
}else {
size=width+strLen;
str.getChars(0,strLen,buffer,size);
int padLen=width-strLen;
str.getChars(0,strLen,buffer,size);
for(int i=0;i<padLen;i++){
buffer[size+strLen]=padChar;
}
}

Time : 19/09/02 19:15
----------------------------------------

----------------------------------------
----------------------------------------
Pass Single Test : [=>0,0]
String str=(obj==null?getNullText():obj.toString());
int strLen=str.length();
if(strLen>=width){
ensureCapacity(width+strLen);
str.getChars(0,strLen,buffer,size);
str.getChars(0,strLen,buffer,size);
}else {
size=width+strLen;
ensureCapacity(width+strLen);
size=width+strLen;
str.getChars(0,strLen,buffer,size);

int padLen=width-strLen;
str.getChars(0,strLen,buffer,size);
for(int i=0;i<padLen;i++){
buffer[size+strLen]=padChar;
}
}

Time : 19/09/02 19:16
----------------------------------------

----------------------------------------
----------------------------------------
Pass Single Test : [=>0,0]
validateIndex(size);
String str=(obj==null?getNullText():obj.toString());
int strLen=str.length();
if(strLen>=width){
ensureCapacity(width+strLen);
str.getChars(0,strLen,buffer,size);
str.getChars(0,strLen,buffer,size);
}else {
size=width+strLen;
int padLen=width-strLen;
str.getChars(0,strLen,buffer,size);
for(int i=0;i<padLen;i++){
buffer[size+strLen]=padChar;
}
}

Time : 19/09/02 19:16
----------------------------------------

----------------------------------------
----------------------------------------
Pass Single Test : [=>0,0]
String str=(obj==null?getNullText():obj.toString());
int strLen=str.length();
if(strLen>=width){
ensureCapacity(width+strLen);
str.getChars(0,strLen,buffer,size);
str.getChars(0,strLen,buffer,size);
}else {
str.getChars(0,strLen,buffer,size);
ensureCapacity(width+strLen);
size=width+strLen;
str.getChars(0,strLen,buffer,size);

int padLen=width-strLen;
str.getChars(0,strLen,buffer,size);
for(int i=0;i<padLen;i++){
buffer[size+strLen]=padChar;
}
}

Time : 19/09/02 19:16
----------------------------------------

----------------------------------------
----------------------------------------
Pass Single Test : [=>0,0]
validateIndex(size);
String str=(obj==null?getNullText():obj.toString());
int strLen=str.length();
if(strLen>=width){
ensureCapacity(width+strLen);
str.getChars(0,strLen,buffer,size);
str.getChars(0,strLen,buffer,size);
}else {
str.getChars(0,strLen,buffer,size);
int padLen=width-strLen;
str.getChars(0,strLen,buffer,size);
for(int i=0;i<padLen;i++){
buffer[size+strLen]=padChar;
}
}

Time : 19/09/02 19:17
----------------------------------------

----------------------------------------
----------------------------------------
Pass Single Test : [=>0,0]
validateIndex(size);
String str=(obj==null?getNullText():obj.toString());
int strLen=str.length();
if(strLen>=width){
ensureCapacity(width+strLen);
str.getChars(0,strLen,buffer,size);
str.getChars(0,strLen,buffer,size);
}else {
ensureCapacity(width+strLen);
size=width+strLen;
str.getChars(0,strLen,buffer,size);

int padLen=width-strLen;
str.getChars(0,strLen,buffer,size);
for(int i=0;i<padLen;i++){
buffer[size+strLen]=padChar;
}
}

Time : 19/09/02 19:17
----------------------------------------

----------------------------------------
----------------------------------------
Pass Single Test : [=>0,0]
String str=(obj==null?getNullText():obj.toString());
int strLen=str.length();
if(strLen>=width){
ensureCapacity(width+strLen);
str.getChars(0,strLen,buffer,size);
}else {
size=width+strLen;
str.getChars(0,strLen,buffer,size);
int padLen=width-strLen;
ensureCapacity(width+strLen);
str.getChars(0,strLen,buffer,size);
for(int i=0;i<padLen;i++){
buffer[size+strLen]=padChar;
}
}

Time : 19/09/02 19:19
----------------------------------------

----------------------------------------
----------------------------------------
Pass Single Test : [=>0,0]
String str=(obj==null?getNullText():obj.toString());
int strLen=str.length();
if(strLen>=width){
ensureCapacity(width+strLen);
str.getChars(0,strLen,buffer,size);
}else {
size=width+strLen;
ensureCapacity(width+strLen);
size=width+strLen;
str.getChars(0,strLen,buffer,size);

int padLen=width-strLen;
ensureCapacity(width+strLen);
str.getChars(0,strLen,buffer,size);
for(int i=0;i<padLen;i++){
buffer[size+strLen]=padChar;
}
}

Time : 19/09/02 19:19
----------------------------------------

----------------------------------------
----------------------------------------
Pass Single Test : [=>0,0]
validateIndex(size);
String str=(obj==null?getNullText():obj.toString());
int strLen=str.length();
if(strLen>=width){
ensureCapacity(width+strLen);
str.getChars(0,strLen,buffer,size);
}else {
size=width+strLen;
int padLen=width-strLen;
ensureCapacity(width+strLen);
str.getChars(0,strLen,buffer,size);
for(int i=0;i<padLen;i++){
buffer[size+strLen]=padChar;
}
}

Time : 19/09/02 19:20
----------------------------------------

----------------------------------------
----------------------------------------
Pass Single Test : [=>0,0]
String str=(obj==null?getNullText():obj.toString());
int strLen=str.length();
if(strLen>=width){
ensureCapacity(width+strLen);
str.getChars(0,strLen,buffer,size);
}else {
str.getChars(0,strLen,buffer,size);
ensureCapacity(width+strLen);
size=width+strLen;
str.getChars(0,strLen,buffer,size);

int padLen=width-strLen;
ensureCapacity(width+strLen);
str.getChars(0,strLen,buffer,size);
for(int i=0;i<padLen;i++){
buffer[size+strLen]=padChar;
}
}

Time : 19/09/02 19:20
----------------------------------------

----------------------------------------
----------------------------------------
Pass Single Test : [=>0,0]
validateIndex(size);
String str=(obj==null?getNullText():obj.toString());
int strLen=str.length();
if(strLen>=width){
ensureCapacity(width+strLen);
str.getChars(0,strLen,buffer,size);
}else {
str.getChars(0,strLen,buffer,size);
int padLen=width-strLen;
ensureCapacity(width+strLen);
str.getChars(0,strLen,buffer,size);
for(int i=0;i<padLen;i++){
buffer[size+strLen]=padChar;
}
}

Time : 19/09/02 19:21
----------------------------------------

----------------------------------------
----------------------------------------
Pass Single Test : [=>0,0]
validateIndex(size);
String str=(obj==null?getNullText():obj.toString());
int strLen=str.length();
if(strLen>=width){
ensureCapacity(width+strLen);
str.getChars(0,strLen,buffer,size);
}else {
ensureCapacity(width+strLen);
size=width+strLen;
str.getChars(0,strLen,buffer,size);

int padLen=width-strLen;
ensureCapacity(width+strLen);
str.getChars(0,strLen,buffer,size);
for(int i=0;i<padLen;i++){
buffer[size+strLen]=padChar;
}
}

Time : 19/09/02 19:21
----------------------------------------

----------------------------------------
----------------------------------------
Pass Single Test : [=>0,0]
String str=(obj==null?getNullText():obj.toString());
int strLen=str.length();
if(strLen>=width){
ensureCapacity(width+strLen);
str.getChars(0,strLen,buffer,size);
}else {
size=width+strLen;
str.getChars(0,strLen,buffer,size);
ensureCapacity(width+strLen);
size=width+strLen;
str.getChars(0,strLen,buffer,size);

int padLen=width-strLen;
str.getChars(0,strLen,buffer,size);
for(int i=0;i<padLen;i++){
buffer[size+strLen]=padChar;
}
}

Time : 19/09/02 19:21
----------------------------------------

----------------------------------------
----------------------------------------
Pass Single Test : [=>0,0]
validateIndex(size);
String str=(obj==null?getNullText():obj.toString());
int strLen=str.length();
if(strLen>=width){
ensureCapacity(width+strLen);
str.getChars(0,strLen,buffer,size);
}else {
size=width+strLen;
str.getChars(0,strLen,buffer,size);
int padLen=width-strLen;
str.getChars(0,strLen,buffer,size);
for(int i=0;i<padLen;i++){
buffer[size+strLen]=padChar;
}
}

Time : 19/09/02 19:22
----------------------------------------

----------------------------------------
----------------------------------------
Pass Single Test : [=>0,0]
validateIndex(size);
String str=(obj==null?getNullText():obj.toString());
int strLen=str.length();
if(strLen>=width){
ensureCapacity(width+strLen);
str.getChars(0,strLen,buffer,size);
}else {
size=width+strLen;
ensureCapacity(width+strLen);
size=width+strLen;
str.getChars(0,strLen,buffer,size);

int padLen=width-strLen;
str.getChars(0,strLen,buffer,size);
for(int i=0;i<padLen;i++){
buffer[size+strLen]=padChar;
}
}

Time : 19/09/02 19:22
----------------------------------------

----------------------------------------
----------------------------------------
Pass Single Test : [=>0,0]
validateIndex(size);
String str=(obj==null?getNullText():obj.toString());
int strLen=str.length();
if(strLen>=width){
ensureCapacity(width+strLen);
str.getChars(0,strLen,buffer,size);
}else {
str.getChars(0,strLen,buffer,size);
ensureCapacity(width+strLen);
size=width+strLen;
str.getChars(0,strLen,buffer,size);

int padLen=width-strLen;
str.getChars(0,strLen,buffer,size);
for(int i=0;i<padLen;i++){
buffer[size+strLen]=padChar;
}
}

Time : 19/09/02 19:22
----------------------------------------

----------------------------------------
----------------------------------------
Pass Single Test : [=>0,0]
String str=(obj==null?getNullText():obj.toString());
int strLen=str.length();
if(strLen>=width){
ensureCapacity(width+strLen);
str.getChars(0,strLen,buffer,size);
}else {
ensureCapacity(width+strLen);
int padLen=width-strLen;
str.getChars(0,strLen,buffer,size);
for(int i=0;i<padLen;i++){
buffer[size+strLen]=padChar;
}
}

Time : 19/09/02 19:55
----------------------------------------

----------------------------------------
----------------------------------------
Pass Single Test : [=>0,0]
String str=(obj==null?getNullText():obj.toString());
int strLen=str.length();
if(strLen>=width){
ensureCapacity(width+strLen);
str.getChars(0,strLen,buffer,size);
}else {
size+=strLen;
int padLen=width-strLen;
str.getChars(0,strLen,buffer,size);
for(int i=0;i<padLen;i++){
buffer[size+strLen]=padChar;
}
}

Time : 19/09/02 19:55
----------------------------------------

----------------------------------------
----------------------------------------
Pass Single Test : [=>0,0]
String str=(obj==null?getNullText():obj.toString());
int strLen=str.length();
if(strLen>=width){
ensureCapacity(width+strLen);
str.getChars(0,strLen,buffer,size);
}else {
ensureCapacity(width+strLen);
size+=strLen;

int padLen=width-strLen;
str.getChars(0,strLen,buffer,size);
for(int i=0;i<padLen;i++){
buffer[size+strLen]=padChar;
}
}

Time : 19/09/02 19:56
----------------------------------------

----------------------------------------
----------------------------------------
Pass Single Test : [=>0,0]
String str=(obj==null?getNullText():obj.toString());
int strLen=str.length();
validateIndex(size);
if(strLen>=width){
ensureCapacity(width+strLen);
str.getChars(0,strLen,buffer,size);
}else {
int padLen=width-strLen;
str.getChars(0,strLen,buffer,size);
for(int i=0;i<padLen;i++){
buffer[size+strLen]=padChar;
}
}

Time : 19/09/02 19:56
----------------------------------------

----------------------------------------
----------------------------------------
Pass Single Test : [=>0,0]
String str=(obj==null?getNullText():obj.toString());
int strLen=str.length();
if(strLen>width){
ensureCapacity(width+strLen);
str.getChars(0,strLen,buffer,size);
}else {
ensureCapacity(width+strLen);
int padLen=width-strLen;
str.getChars(0,strLen,buffer,size);
for(int i=0;i<padLen;i++){
buffer[size+strLen]=padChar;
}
}

Time : 19/09/02 19:58
----------------------------------------

----------------------------------------
----------------------------------------
Pass Single Test : [=>0,0]
String str=(obj==null?getNullText():obj.toString());
int strLen=str.length();
if(strLen>width){
ensureCapacity(width+strLen);
str.getChars(0,strLen,buffer,size);
}else {
size+=strLen;
int padLen=width-strLen;
str.getChars(0,strLen,buffer,size);
for(int i=0;i<padLen;i++){
buffer[size+strLen]=padChar;
}
}

Time : 19/09/02 19:59
----------------------------------------

----------------------------------------
----------------------------------------
Pass Single Test : [=>0,0]
String str=(obj==null?getNullText():obj.toString());
int strLen=str.length();
if(strLen>width){
ensureCapacity(width+strLen);
str.getChars(0,strLen,buffer,size);
}else {
ensureCapacity(width+strLen);
size+=strLen;

int padLen=width-strLen;
str.getChars(0,strLen,buffer,size);
for(int i=0;i<padLen;i++){
buffer[size+strLen]=padChar;
}
}

Time : 19/09/02 19:59
----------------------------------------

----------------------------------------
----------------------------------------
Pass Single Test : [=>0,0]
String str=(obj==null?getNullText():obj.toString());
int strLen=str.length();
validateIndex(size);
if(strLen>width){
ensureCapacity(width+strLen);
str.getChars(0,strLen,buffer,size);
}else {
int padLen=width-strLen;
str.getChars(0,strLen,buffer,size);
for(int i=0;i<padLen;i++){
buffer[size+strLen]=padChar;
}
}

Time : 19/09/02 19:59
----------------------------------------

----------------------------------------
----------------------------------------
Pass Single Test : [=>0,0]
String str=(obj==null?getNullText():obj.toString());
int strLen=str.length();
if(strLen>=width){
ensureCapacity(width+strLen);
str.getChars(0,strLen,buffer,size);
}else {
ensureCapacity(width+strLen);
size+=strLen;
int padLen=width-strLen;
str.getChars(0,strLen,buffer,size);
for(int i=0;i<padLen;i++){
buffer[size+strLen]=padChar;
}
}

Time : 19/09/02 20:03
----------------------------------------

----------------------------------------
----------------------------------------
Pass Single Test : [=>0,0]
String str=(obj==null?getNullText():obj.toString());
int strLen=str.length();
if(strLen>=width){
ensureCapacity(width+strLen);
str.getChars(0,strLen,buffer,size);
}else {
ensureCapacity(width+strLen);
ensureCapacity(width+strLen);
size+=strLen;

int padLen=width-strLen;
str.getChars(0,strLen,buffer,size);
for(int i=0;i<padLen;i++){
buffer[size+strLen]=padChar;
}
}

Time : 19/09/02 20:03
----------------------------------------

----------------------------------------
----------------------------------------
Pass Single Test : [=>0,0]
String str=(obj==null?getNullText():obj.toString());
int strLen=str.length();
validateIndex(size);
if(strLen>=width){
ensureCapacity(width+strLen);
str.getChars(0,strLen,buffer,size);
}else {
ensureCapacity(width+strLen);
int padLen=width-strLen;
str.getChars(0,strLen,buffer,size);
for(int i=0;i<padLen;i++){
buffer[size+strLen]=padChar;
}
}

Time : 19/09/02 20:03
----------------------------------------

----------------------------------------
----------------------------------------
Pass Single Test : [=>0,0]
String str=(obj==null?getNullText():obj.toString());
int strLen=str.length();
if(strLen>=width){
ensureCapacity(width+strLen);
str.getChars(0,strLen,buffer,size);
}else {
size+=strLen;
ensureCapacity(width+strLen);
size+=strLen;

int padLen=width-strLen;
str.getChars(0,strLen,buffer,size);
for(int i=0;i<padLen;i++){
buffer[size+strLen]=padChar;
}
}

Time : 19/09/02 20:04
----------------------------------------

----------------------------------------
----------------------------------------
Pass Single Test : [=>0,0]
String str=(obj==null?getNullText():obj.toString());
int strLen=str.length();
validateIndex(size);
if(strLen>=width){
ensureCapacity(width+strLen);
str.getChars(0,strLen,buffer,size);
}else {
size+=strLen;
int padLen=width-strLen;
str.getChars(0,strLen,buffer,size);
for(int i=0;i<padLen;i++){
buffer[size+strLen]=padChar;
}
}

Time : 19/09/02 20:04
----------------------------------------

----------------------------------------
----------------------------------------
Pass Single Test : [=>0,0]
String str=(obj==null?getNullText():obj.toString());
int strLen=str.length();
validateIndex(size);
if(strLen>=width){
ensureCapacity(width+strLen);
str.getChars(0,strLen,buffer,size);
}else {
ensureCapacity(width+strLen);
size+=strLen;

int padLen=width-strLen;
str.getChars(0,strLen,buffer,size);
for(int i=0;i<padLen;i++){
buffer[size+strLen]=padChar;
}
}

Time : 19/09/02 20:04
----------------------------------------

----------------------------------------
----------------------------------------
Pass Single Test : [=>0,0]
String str=(obj==null?getNullText():obj.toString());
int strLen=str.length();
if(strLen>width){
ensureCapacity(width+strLen);
str.getChars(0,strLen,buffer,size);
}else {
ensureCapacity(width+strLen);
size+=strLen;
int padLen=width-strLen;
str.getChars(0,strLen,buffer,size);
for(int i=0;i<padLen;i++){
buffer[size+strLen]=padChar;
}
}

Time : 19/09/02 20:08
----------------------------------------

----------------------------------------
----------------------------------------
Pass Single Test : [=>0,0]
String str=(obj==null?getNullText():obj.toString());
int strLen=str.length();
if(strLen>width){
ensureCapacity(width+strLen);
str.getChars(0,strLen,buffer,size);
}else {
ensureCapacity(width+strLen);
ensureCapacity(width+strLen);
size+=strLen;

int padLen=width-strLen;
str.getChars(0,strLen,buffer,size);
for(int i=0;i<padLen;i++){
buffer[size+strLen]=padChar;
}
}

Time : 19/09/02 20:09
----------------------------------------

----------------------------------------
----------------------------------------
Pass Single Test : [=>0,0]
String str=(obj==null?getNullText():obj.toString());
int strLen=str.length();
validateIndex(size);
if(strLen>width){
ensureCapacity(width+strLen);
str.getChars(0,strLen,buffer,size);
}else {
ensureCapacity(width+strLen);
int padLen=width-strLen;
str.getChars(0,strLen,buffer,size);
for(int i=0;i<padLen;i++){
buffer[size+strLen]=padChar;
}
}

Time : 19/09/02 20:09
----------------------------------------

----------------------------------------
----------------------------------------
Pass Single Test : [=>0,0]
String str=(obj==null?getNullText():obj.toString());
int strLen=str.length();
if(strLen>width){
ensureCapacity(width+strLen);
str.getChars(0,strLen,buffer,size);
}else {
size+=strLen;
ensureCapacity(width+strLen);
size+=strLen;

int padLen=width-strLen;
str.getChars(0,strLen,buffer,size);
for(int i=0;i<padLen;i++){
buffer[size+strLen]=padChar;
}
}

Time : 19/09/02 20:09
----------------------------------------

----------------------------------------
----------------------------------------
Pass Single Test : [=>0,0]
String str=(obj==null?getNullText():obj.toString());
int strLen=str.length();
validateIndex(size);
if(strLen>width){
ensureCapacity(width+strLen);
str.getChars(0,strLen,buffer,size);
}else {
size+=strLen;
int padLen=width-strLen;
str.getChars(0,strLen,buffer,size);
for(int i=0;i<padLen;i++){
buffer[size+strLen]=padChar;
}
}

Time : 19/09/02 20:10
----------------------------------------

----------------------------------------
----------------------------------------
Pass Single Test : [=>0,0]
String str=(obj==null?getNullText():obj.toString());
int strLen=str.length();
validateIndex(size);
if(strLen>width){
ensureCapacity(width+strLen);
str.getChars(0,strLen,buffer,size);
}else {
ensureCapacity(width+strLen);
size+=strLen;

int padLen=width-strLen;
str.getChars(0,strLen,buffer,size);
for(int i=0;i<padLen;i++){
buffer[size+strLen]=padChar;
}
}

Time : 19/09/02 20:10
----------------------------------------

----------------------------------------
----------------------------------------
Pass Single Test : [=>0,0]
String str=(obj==null?getNullText():obj.toString());
int strLen=str.length();
if(strLen>=width){
ensureCapacity(width+strLen);
str.getChars(0,strLen,buffer,size);
}else {
ensureCapacity(width+strLen);
size+=strLen;
ensureCapacity(width+strLen);
size+=strLen;

int padLen=width-strLen;
str.getChars(0,strLen,buffer,size);
for(int i=0;i<padLen;i++){
buffer[size+strLen]=padChar;
}
}

Time : 19/09/02 20:14
----------------------------------------

----------------------------------------
----------------------------------------
Pass Single Test : [=>0,0]
String str=(obj==null?getNullText():obj.toString());
int strLen=str.length();
validateIndex(size);
if(strLen>=width){
ensureCapacity(width+strLen);
str.getChars(0,strLen,buffer,size);
}else {
ensureCapacity(width+strLen);
size+=strLen;
int padLen=width-strLen;
str.getChars(0,strLen,buffer,size);
for(int i=0;i<padLen;i++){
buffer[size+strLen]=padChar;
}
}

Time : 19/09/02 20:15
----------------------------------------

----------------------------------------
----------------------------------------
Pass Single Test : [=>0,0]
String str=(obj==null?getNullText():obj.toString());
int strLen=str.length();
validateIndex(size);
if(strLen>=width){
ensureCapacity(width+strLen);
str.getChars(0,strLen,buffer,size);
}else {
ensureCapacity(width+strLen);
ensureCapacity(width+strLen);
size+=strLen;

int padLen=width-strLen;
str.getChars(0,strLen,buffer,size);
for(int i=0;i<padLen;i++){
buffer[size+strLen]=padChar;
}
}

Time : 19/09/02 20:15
----------------------------------------

----------------------------------------
----------------------------------------
Pass Single Test : [=>0,0]
String str=(obj==null?getNullText():obj.toString());
int strLen=str.length();
validateIndex(size);
if(strLen>=width){
ensureCapacity(width+strLen);
str.getChars(0,strLen,buffer,size);
}else {
size+=strLen;
ensureCapacity(width+strLen);
size+=strLen;

int padLen=width-strLen;
str.getChars(0,strLen,buffer,size);
for(int i=0;i<padLen;i++){
buffer[size+strLen]=padChar;
}
}

Time : 19/09/02 20:15
----------------------------------------
Timeout time : 19/09/02 20:25
