=================================================
Project : lang_60	start : 19/09/02 15:24
Current failed test : org.apache.commons.lang.text.StrBuilderTest::testLang295_purify_1 | 19/09/02 15:25
Mon Sep 02 15:26:18 EDT 2019 org.apache.commons.lang.text.StrBuilder,1672

----------------------------------------
----------------------------------------
Pass Single Test : [=>0,0]
if(thisBuf[i]==ch){
return false;
}

Time : 19/09/02 15:27
----------------------------------------

----------------------------------------
----------------------------------------
Pass Single Test : [=>0,0]
if(thisBuf[i]!=ch){
return false;
}

Time : 19/09/02 15:27
----------------------------------------

----------------------------------------
----------------------------------------
Pass Single Test : [=>0,0]
if(thisBuf[i]==buffer[i]){
return false;
}

Time : 19/09/02 15:28
----------------------------------------

----------------------------------------
----------------------------------------
Pass Single Test : [=>0,0]
if(thisBuf[i]!=buffer[i]){
return true;
}

Time : 19/09/02 15:28
----------------------------------------

----------------------------------------
----------------------------------------
Pass Single Test : [=>0,0]
if(thisBuf[i]!=buffer[i]){
return false;
}

Time : 19/09/02 15:28
----------------------------------------

----------------------------------------
----------------------------------------
Pass Single Test : [=>0,0]
if(thisBuf[i]==i){
return true;
}

Time : 19/09/02 15:29
----------------------------------------

----------------------------------------
----------------------------------------
Pass Single Test : [=>0,0]
ch=thisBuf[i];
if(thisBuf[i]==i){
return true;
}

Time : 19/09/02 15:30
----------------------------------------

----------------------------------------
----------------------------------------
Pass Single Test : [=>0,0]
if(ch=='\\'){
return true;
}

Time : 19/09/02 15:30
----------------------------------------

----------------------------------------
----------------------------------------
Pass Single Test : [=>0,0]
if(thisBuf[i]=='\\'){
return true;
}

Time : 19/09/02 15:31
----------------------------------------

----------------------------------------
----------------------------------------
Pass Single Test : [=>0,0]
if(thisBuf[i]=='0'){
return true;
}

Time : 19/09/02 15:31
----------------------------------------

----------------------------------------
----------------------------------------
Pass Single Test : [=>0,0]
if(thisBuf[i]=='0'){
return false;
}

Time : 19/09/02 15:32
----------------------------------------

----------------------------------------
----------------------------------------
Pass Single Test : [=>0,0]
if(thisBuf[i]!='0'){
return false;
}

Time : 19/09/02 15:32
----------------------------------------

----------------------------------------
----------------------------------------
Pass Single Test : [=>0,0]
if(ch=='Y'){
return true;
}

Time : 19/09/02 15:34
----------------------------------------

----------------------------------------
----------------------------------------
Pass Single Test : [=>0,0]
if(thisBuf[i]=='Y'){
return true;
}

Time : 19/09/02 15:34
----------------------------------------

----------------------------------------
----------------------------------------
Pass Single Test : [=>0,0]
if(ch=='T'){
return true;
}

Time : 19/09/02 15:35
----------------------------------------

----------------------------------------
----------------------------------------
Pass Single Test : [=>0,0]
if(thisBuf[i]=='T'){
return true;
}

Time : 19/09/02 15:35
----------------------------------------

----------------------------------------
----------------------------------------
Pass Single Test : [=>0,0]
if(ch=='y'){
return true;
}

Time : 19/09/02 15:36
----------------------------------------

----------------------------------------
----------------------------------------
Pass Single Test : [=>0,0]
if(thisBuf[i]=='y'){
return true;
}

Time : 19/09/02 15:36
----------------------------------------

----------------------------------------
----------------------------------------
Pass Single Test : [=>0,0]
if(ch=='t'){
return true;
}

Time : 19/09/02 15:37
----------------------------------------

----------------------------------------
----------------------------------------
Pass Single Test : [=>0,0]
for(int i=0;i<thisBuf.length;i++){
if(thisBuf[i]==ch){
return false;
}
}

Time : 19/09/02 15:38
----------------------------------------

----------------------------------------
----------------------------------------
Pass Single Test : [=>0,0]
for(int i=CAPACITY;i<thisBuf.length;i++){
if(thisBuf[i]==ch){
return true;
}
}

Time : 19/09/02 15:38
----------------------------------------

----------------------------------------
----------------------------------------
Pass Single Test : [=>0,0]
for(int i=CAPACITY;i<thisBuf.length;i++){
if(buffer[i]==ch){
return true;
}
}

Time : 19/09/02 15:39
----------------------------------------

----------------------------------------
----------------------------------------
Pass Single Test : [=>0,0]
for(int i=0;i<thisBuf.length;i++){
if(thisBuf[i]!=ch){
return false;
}
}

Time : 19/09/02 15:39
----------------------------------------

----------------------------------------
----------------------------------------
Pass Single Test : [=>0,0]
for(int i=0;i<thisBuf.length;i++){
if(thisBuf[i]==buffer[i]){
return false;
}
}

Time : 19/09/02 15:40
----------------------------------------

----------------------------------------
----------------------------------------
Pass Single Test : [=>0,0]
for(int i=0;i<thisBuf.length;i++){
if(thisBuf[i]!=buffer[i]){
return true;
}
}

Time : 19/09/02 15:40
----------------------------------------

----------------------------------------
----------------------------------------
Pass Single Test : [=>0,0]
for(int i=0;i<thisBuf.length;i++){
if(thisBuf[i]!=buffer[i]){
return false;
}
}

Time : 19/09/02 15:41
----------------------------------------

----------------------------------------
----------------------------------------
Pass Single Test : [=>0,0]
for(int i=0;i<size;i++){
if(thisBuf[i]==ch){
return true;
}
}

Time : 19/09/02 15:41
----------------------------------------

----------------------------------------
----------------------------------------
Similar code block : 1.6115366026174462 : [/home/mmotwani/mywork1dir/Defects4Java7/defects4j/SIMFIX_RQ1/lang/lang_60_buggy/src/java/org/apache/commons/lang/text/StrBuilder.java=>0,0]
for(int i=0;i<size;i++){
if(buffer[i]==ch){
deleteImpl(i,i+1,1);
break;
}
}

Time : 19/09/02 15:42
----------------------------------------

----------------------------------------
----------------------------------------
Original source code : [/home/mmotwani/mywork1dir/Defects4Java7/defects4j/SIMFIX_RQ1/lang/lang_60_buggy/src/java/org/apache/commons/lang/text/StrBuilder.java=>1673,1677]
for(int i=0;i<thisBuf.length;i++){
if(thisBuf[i]==ch){
return true;
}
}

Time : 19/09/02 15:42
----------------------------------------

----------------------------------------
----------------------------------------
Find a patch : [/home/mmotwani/mywork1dir/Defects4Java7/defects4j/SIMFIX_RQ1/lang/lang_60_buggy/src/java/org/apache/commons/lang/text/StrBuilder.java=>1673,1677]
for(int i=0;i<size;i++){
if(thisBuf[i]==ch){
return true;
}
}

Time : 19/09/02 15:42
----------------------------------------
Success time : 19/09/02 15:42
Current failed test : org.apache.commons.lang.text.StrBuilderTest::testLang295_purify_2 | 19/09/02 15:42
Mon Sep 02 15:43:00 EDT 2019 org.apache.commons.lang.text.StrBuilder,1672
Mon Sep 02 16:07:54 EDT 2019 org.apache.commons.lang.text.StrBuilder,1673
Mon Sep 02 16:07:54 EDT 2019 org.apache.commons.lang.text.StrBuilder,1674
Mon Sep 02 16:07:55 EDT 2019 org.apache.commons.lang.text.StrBuilder,1675
Mon Sep 02 16:07:55 EDT 2019 org.apache.commons.lang.text.StrBuilder,1202

----------------------------------------
----------------------------------------
Pass Single Test : [=>0,0]
if(len>0){
size+=len;
int index=indexOf(str,0);
if(index>=0){
deleteImpl(index,index+len,len);
}
}

Time : 19/09/02 16:12
----------------------------------------

----------------------------------------
----------------------------------------
Pass Single Test : [=>0,0]
if(str==null){
return appendNull();
}
if(len>0){
size+=len;
int index=indexOf(str,0);
if(index>=0){
deleteImpl(index,index+len,len);
}
}

Time : 19/09/02 16:12
----------------------------------------
Mon Sep 02 16:24:35 EDT 2019 org.apache.commons.lang.text.StrBuilder,1203
Mon Sep 02 16:24:36 EDT 2019 org.apache.commons.lang.text.StrBuilder,1204
Mon Sep 02 16:24:37 EDT 2019 org.apache.commons.lang.text.StrBuilder,1205
Mon Sep 02 16:24:38 EDT 2019 org.apache.commons.lang.text.StrBuilder,1206
Mon Sep 02 16:24:40 EDT 2019 org.apache.commons.lang.text.StrBuilder,1209
Mon Sep 02 16:24:40 EDT 2019 org.apache.commons.lang.text.StrBuilder,1761
Mon Sep 02 16:31:59 EDT 2019 org.apache.commons.lang.text.StrBuilder,1762

----------------------------------------
----------------------------------------
Pass Single Test : [=>0,0]
size=str.lastIndexOf(str);
if(str==null||startIndex>=size){
return -1;
}

Time : 19/09/02 16:37
----------------------------------------
Mon Sep 02 16:38:33 EDT 2019 org.apache.commons.lang.text.StrBuilder,1765
Mon Sep 02 16:57:38 EDT 2019 org.apache.commons.lang.text.StrBuilder,1766
Mon Sep 02 16:57:38 EDT 2019 org.apache.commons.lang.text.StrBuilder,1769
Mon Sep 02 17:00:14 EDT 2019 org.apache.commons.lang.text.StrBuilder,1772
Mon Sep 02 17:03:30 EDT 2019 org.apache.commons.lang.text.StrBuilder,1775

----------------------------------------
----------------------------------------
Pass Single Test : [=>0,0]
size+=strLen;
if(strLen>size){
return -1;
}
char[] thisBuf=buffer;
int len=size-strLen+1;

Time : 19/09/02 17:09
----------------------------------------

----------------------------------------
----------------------------------------
Pass Single Test : [=>0,0]
size+=strLen;
if(strLen>=size){
return -1;
}
char[] thisBuf=buffer;
int len=size-strLen+1;

Time : 19/09/02 17:10
----------------------------------------

----------------------------------------
----------------------------------------
Pass Single Test : [=>0,0]
System.arraycopy(buffer,strLen,buffer,startIndex,size-startIndex);
if(strLen>size){
return -1;
}
char[] thisBuf=buffer;
int len=size-strLen+1;

Time : 19/09/02 17:11
----------------------------------------

----------------------------------------
----------------------------------------
Pass Single Test : [=>0,0]
System.arraycopy(buffer,strLen,buffer,startIndex,size-startIndex);
if(startIndex>size){
return -1;
}
char[] thisBuf=buffer;
int len=size-strLen+1;

Time : 19/09/02 17:11
----------------------------------------

----------------------------------------
----------------------------------------
Pass Single Test : [=>0,0]
if(strLen>size){
throw new StringIndexOutOfBoundsException("end < start");
}
System.arraycopy(buffer,strLen,buffer,startIndex,size-startIndex);
if(strLen>size){
return -1;
}
char[] thisBuf=buffer;
int len=size-strLen+1;

Time : 19/09/02 17:12
----------------------------------------

----------------------------------------
----------------------------------------
Pass Single Test : [=>0,0]
if(strLen>size){
throw new StringIndexOutOfBoundsException("end < start");
}
System.arraycopy(buffer,strLen,buffer,startIndex,size-startIndex);
if(startIndex>size){
return -1;
}
char[] thisBuf=buffer;
int len=size-strLen+1;

Time : 19/09/02 17:12
----------------------------------------
Mon Sep 02 17:13:43 EDT 2019 org.apache.commons.lang.text.StrBuilder,1776
Mon Sep 02 17:16:31 EDT 2019 org.apache.commons.lang.text.StrBuilder,1778

----------------------------------------
----------------------------------------
Pass Single Test : [=>0,0]
if(strLen>0){
int j=length();
ensureCapacity(len+strLen);
System.arraycopy(buffer,0,buffer,len,strLen);
size+=strLen;
}
for(int j=0;j<strLen;j++){
if(str.charAt(j)!=thisBuf[i+j]){
continue outer;
}
}

Time : 19/09/02 17:31
----------------------------------------
Mon Sep 02 17:43:12 EDT 2019 org.apache.commons.lang.text.StrBuilder,1779
Mon Sep 02 17:43:12 EDT 2019 org.apache.commons.lang.text.StrBuilder,1780
Mon Sep 02 17:43:13 EDT 2019 org.apache.commons.lang.text.StrBuilder,1781
Mon Sep 02 17:43:14 EDT 2019 org.apache.commons.lang.text.StrBuilder,1784
Mon Sep 02 17:43:14 EDT 2019 org.apache.commons.lang.text.StrBuilder,1114

----------------------------------------
----------------------------------------
Pass Single Test : [=>0,0]
System.arraycopy(buffer,endIndex,buffer,startIndex,size-endIndex);
size-=size;

Time : 19/09/02 17:48
----------------------------------------

----------------------------------------
----------------------------------------
Pass Single Test : [=>0,0]
System.arraycopy(buffer,endIndex,buffer,startIndex,size-endIndex);
size-=CAPACITY;

Time : 19/09/02 17:48
----------------------------------------

----------------------------------------
----------------------------------------
Pass Single Test : [=>0,0]
buffer=new char[size];
System.arraycopy(buffer,endIndex,buffer,startIndex,size-endIndex);
size-=len;

Time : 19/09/02 17:49
----------------------------------------

----------------------------------------
----------------------------------------
Pass Single Test : [=>0,0]
buffer=new char[size];
System.arraycopy(buffer,endIndex,buffer,startIndex,size-endIndex);
size-=CAPACITY;

Time : 19/09/02 17:49
----------------------------------------

----------------------------------------
----------------------------------------
Pass Single Test : [=>0,0]
System.arraycopy(buffer,endIndex,buffer,startIndex,size-endIndex);
if(endIndex<3){
throw new IllegalArgumentException();
}
size-=size;

Time : 19/09/02 17:50
----------------------------------------

----------------------------------------
----------------------------------------
Pass Single Test : [=>0,0]
System.arraycopy(buffer,endIndex,buffer,startIndex,size-endIndex);
startIndex=len;
size-=size;

Time : 19/09/02 17:50
----------------------------------------

----------------------------------------
----------------------------------------
Pass Single Test : [=>0,0]
System.arraycopy(buffer,endIndex,buffer,startIndex,size-endIndex);
if(endIndex<3){
throw new IllegalArgumentException();
}
startIndex=len;
size-=size;

Time : 19/09/02 17:51
----------------------------------------
Mon Sep 02 17:52:15 EDT 2019 org.apache.commons.lang.text.StrBuilder,1115
Mon Sep 02 17:52:16 EDT 2019 Mon Sep 02 17:52:16 EDT 2019 : org.apache.commons.lang.text.StrBuilder,1116=>Find no block
Mon Sep 02 17:52:17 EDT 2019 org.apache.commons.lang.text.StrBuilder,121

----------------------------------------
----------------------------------------
Pass Single Test : [=>0,0]
super();
if(str!=null){
buffer=new char[CAPACITY];
}else {
buffer=new char[str.length()+CAPACITY];
append(str);
}

Time : 19/09/02 17:52
----------------------------------------

----------------------------------------
----------------------------------------
Pass Single Test : [=>0,0]
super();
if(newLine==null){
buffer=new char[CAPACITY];
}else {
buffer=new char[str.length()+CAPACITY];
append(str);
}

Time : 19/09/02 17:53
----------------------------------------

----------------------------------------
----------------------------------------
Pass Single Test : [=>0,0]
super();
if(str==null){
buffer=new char[CAPACITY];
}else {
buffer=new char[str.length()+CAPACITY];
append(SystemUtils.LINE_SEPARATOR);
}

Time : 19/09/02 17:53
----------------------------------------

----------------------------------------
----------------------------------------
Pass Single Test : [=>0,0]
super();
if(newLine==null){
buffer=new char[CAPACITY];
}else {
buffer=new char[str.length()+CAPACITY];
append(SystemUtils.LINE_SEPARATOR);
}

Time : 19/09/02 17:54
----------------------------------------

----------------------------------------
----------------------------------------
Pass Single Test : [=>0,0]
super();
if(str==null||newLine==null){
buffer=new char[CAPACITY];
}else {
buffer=new char[str.length()+CAPACITY];
append(str);
}

Time : 19/09/02 17:55
----------------------------------------

----------------------------------------
----------------------------------------
Pass Single Test : [=>0,0]
super();
if(nullText==null){
buffer=new char[CAPACITY];
}else {
buffer=new char[str.length()+CAPACITY];
append(str);
}

Time : 19/09/02 17:56
----------------------------------------

----------------------------------------
----------------------------------------
Pass Single Test : [=>0,0]
super();
if(str==null||newLine==null||CAPACITY<=0){
buffer=new char[CAPACITY];
}else {
buffer=new char[str.length()+CAPACITY];
append(str);
}

Time : 19/09/02 17:56
----------------------------------------

----------------------------------------
----------------------------------------
Pass Single Test : [=>0,0]
super();
if((buffer==null)||(str==null)){
buffer=new char[CAPACITY];
}else {
buffer=new char[str.length()+CAPACITY];
append(str);
}

Time : 19/09/02 17:58
----------------------------------------

----------------------------------------
----------------------------------------
Pass Single Test : [=>0,0]
super();
if(str==null||size<=0){
buffer=new char[CAPACITY];
}else {
buffer=new char[str.length()+CAPACITY];
append(str);
}

Time : 19/09/02 18:00
----------------------------------------

----------------------------------------
----------------------------------------
Pass Single Test : [=>0,0]
super();
if(str==null||buffer==null){
buffer=new char[CAPACITY];
}else {
buffer=new char[str.length()+CAPACITY];
append(str);
}

Time : 19/09/02 18:00
----------------------------------------
Mon Sep 02 18:01:19 EDT 2019 org.apache.commons.lang.text.StrBuilder,122

----------------------------------------
----------------------------------------
Pass Single Test : [=>0,0]
if(str!=null){
buffer=new char[CAPACITY];
}else {
buffer=new char[str.length()+CAPACITY];
append(str);
}

Time : 19/09/02 18:01
----------------------------------------

----------------------------------------
----------------------------------------
Pass Single Test : [=>0,0]
if(newLine==null){
buffer=new char[CAPACITY];
}else {
buffer=new char[str.length()+CAPACITY];
append(str);
}

Time : 19/09/02 18:02
----------------------------------------

----------------------------------------
----------------------------------------
Pass Single Test : [=>0,0]
if(str==null){
buffer=new char[CAPACITY];
}else {
buffer=new char[str.length()+CAPACITY];
append(SystemUtils.LINE_SEPARATOR);
}

Time : 19/09/02 18:02
----------------------------------------

----------------------------------------
----------------------------------------
Pass Single Test : [=>0,0]
if(newLine==null){
buffer=new char[CAPACITY];
}else {
buffer=new char[str.length()+CAPACITY];
append(SystemUtils.LINE_SEPARATOR);
}

Time : 19/09/02 18:03
----------------------------------------

----------------------------------------
----------------------------------------
Pass Single Test : [=>0,0]
if(nullText==null){
buffer=new char[CAPACITY];
}else {
buffer=new char[str.length()+CAPACITY];
append(str);
}

Time : 19/09/02 18:03
----------------------------------------

----------------------------------------
----------------------------------------
Pass Single Test : [=>0,0]
if(str==null||newLine==null){
buffer=new char[CAPACITY];
}else {
buffer=new char[str.length()+CAPACITY];
append(str);
}

Time : 19/09/02 18:05
----------------------------------------

----------------------------------------
----------------------------------------
Pass Single Test : [=>0,0]
if(str==null||newLine==null||CAPACITY<=0){
buffer=new char[CAPACITY];
}else {
buffer=new char[str.length()+CAPACITY];
append(str);
}

Time : 19/09/02 18:06
----------------------------------------

----------------------------------------
----------------------------------------
Pass Single Test : [=>0,0]
if((buffer==null)||(str==null)){
buffer=new char[CAPACITY];
}else {
buffer=new char[str.length()+CAPACITY];
append(str);
}

Time : 19/09/02 18:09
----------------------------------------

----------------------------------------
----------------------------------------
Pass Single Test : [=>0,0]
if(str==null||size<=0){
buffer=new char[CAPACITY];
}else {
buffer=new char[str.length()+CAPACITY];
append(str);
}

Time : 19/09/02 18:10
----------------------------------------

----------------------------------------
----------------------------------------
Pass Single Test : [=>0,0]
if(str==null||buffer==null){
buffer=new char[CAPACITY];
}else {
buffer=new char[str.length()+CAPACITY];
append(str);
}

Time : 19/09/02 18:10
----------------------------------------
Mon Sep 02 18:11:12 EDT 2019 org.apache.commons.lang.text.StrBuilder,125
Mon Sep 02 18:11:13 EDT 2019 org.apache.commons.lang.text.StrBuilder,126
Mon Sep 02 18:11:13 EDT 2019 Mon Sep 02 18:11:13 EDT 2019 : org.apache.commons.lang.text.StrBuilder,128=>Find no block
Mon Sep 02 18:11:15 EDT 2019 org.apache.commons.lang.text.StrBuilder,474

----------------------------------------
----------------------------------------
Pass Single Test : [=>0,0]
if(strLen>CAPACITY){
int len=length();
ensureCapacity(len+strLen);
str.getChars(0,strLen,buffer,len);
size+=strLen;
}

Time : 19/09/02 18:12
----------------------------------------

----------------------------------------
----------------------------------------
Pass Single Test : [=>0,0]
if(strLen>=CAPACITY){
int len=length();
ensureCapacity(len+strLen);
str.getChars(0,strLen,buffer,len);
size+=strLen;
}

Time : 19/09/02 18:12
----------------------------------------
Timeout time : 19/09/02 18:12
