=================================================
Project : lang_61	start : 19/09/02 15:24
Current failed test : org.apache.commons.lang.text.StrBuilderTest::testIndexOfLang294 | 19/09/02 15:25
Mon Sep 02 15:25:48 EDT 2019 org.apache.commons.lang.text.StrBuilder,1184
Mon Sep 02 15:49:21 EDT 2019 org.apache.commons.lang.text.StrBuilder,1185
Mon Sep 02 15:49:24 EDT 2019 org.apache.commons.lang.text.StrBuilder,1186
Mon Sep 02 15:49:26 EDT 2019 org.apache.commons.lang.text.StrBuilder,1187
Mon Sep 02 15:49:26 EDT 2019 org.apache.commons.lang.text.StrBuilder,1188
Mon Sep 02 15:49:27 EDT 2019 org.apache.commons.lang.text.StrBuilder,1189
Mon Sep 02 15:49:28 EDT 2019 org.apache.commons.lang.text.StrBuilder,1202
Mon Sep 02 16:07:23 EDT 2019 org.apache.commons.lang.text.StrBuilder,1203
Mon Sep 02 16:07:24 EDT 2019 org.apache.commons.lang.text.StrBuilder,1204
Mon Sep 02 16:07:24 EDT 2019 org.apache.commons.lang.text.StrBuilder,1205
Mon Sep 02 16:07:25 EDT 2019 org.apache.commons.lang.text.StrBuilder,1206
Mon Sep 02 16:07:26 EDT 2019 org.apache.commons.lang.text.StrBuilder,1209
Mon Sep 02 16:07:26 EDT 2019 org.apache.commons.lang.text.StrBuilder,1747
Mon Sep 02 16:08:39 EDT 2019 org.apache.commons.lang.text.StrBuilder,1761
Mon Sep 02 16:16:46 EDT 2019 org.apache.commons.lang.text.StrBuilder,1762

----------------------------------------
----------------------------------------
Pass Single Test : [=>0,0]
if(str==null||(startIndex+CAPACITY)>=size){
return -1;
}

Time : 19/09/02 16:20
----------------------------------------

----------------------------------------
----------------------------------------
Pass Single Test : [=>0,0]
if(str==null||(startIndex+CAPACITY)>size){
return -1;
}

Time : 19/09/02 16:20
----------------------------------------
Mon Sep 02 16:23:20 EDT 2019 org.apache.commons.lang.text.StrBuilder,1765
Mon Sep 02 16:41:04 EDT 2019 org.apache.commons.lang.text.StrBuilder,1766
Mon Sep 02 16:41:05 EDT 2019 org.apache.commons.lang.text.StrBuilder,1769
Mon Sep 02 16:43:14 EDT 2019 org.apache.commons.lang.text.StrBuilder,1772
Mon Sep 02 16:46:15 EDT 2019 org.apache.commons.lang.text.StrBuilder,1775

----------------------------------------
----------------------------------------
Pass Single Test : [=>0,0]
if(strLen>size){
return -1;
}
char[] thisBuf=buffer;
int len=size-strLen;

Time : 19/09/02 16:48
----------------------------------------
Mon Sep 02 16:59:08 EDT 2019 org.apache.commons.lang.text.StrBuilder,1776

----------------------------------------
----------------------------------------
Pass Single Test : [=>0,0]
char[] thisBuf=buffer;
int len=size-strLen;
outer: for (int i=startIndex; i < len; i++) {
  for (int j=0; j < strLen; j++) {
    if (str.charAt(j) != thisBuf[i + j]) {
      continue outer;
    }
  }
  return i;
}


Time : 19/09/02 17:00
----------------------------------------
Mon Sep 02 17:02:43 EDT 2019 org.apache.commons.lang.text.StrBuilder,1778
Mon Sep 02 17:30:28 EDT 2019 org.apache.commons.lang.text.StrBuilder,1779
Mon Sep 02 17:30:29 EDT 2019 org.apache.commons.lang.text.StrBuilder,1780
Mon Sep 02 17:30:30 EDT 2019 org.apache.commons.lang.text.StrBuilder,1781
Mon Sep 02 17:30:31 EDT 2019 org.apache.commons.lang.text.StrBuilder,1784
Mon Sep 02 17:30:31 EDT 2019 org.apache.commons.lang.text.StrBuilder,1114
Mon Sep 02 17:37:49 EDT 2019 org.apache.commons.lang.text.StrBuilder,1115
Mon Sep 02 17:37:50 EDT 2019 Mon Sep 02 17:37:50 EDT 2019 : org.apache.commons.lang.text.StrBuilder,1116=>Find no block
Mon Sep 02 17:37:50 EDT 2019 org.apache.commons.lang.text.StrBuilder,121
Mon Sep 02 17:44:27 EDT 2019 org.apache.commons.lang.text.StrBuilder,122
Mon Sep 02 17:51:31 EDT 2019 org.apache.commons.lang.text.StrBuilder,125
Mon Sep 02 17:51:32 EDT 2019 org.apache.commons.lang.text.StrBuilder,126
Mon Sep 02 17:51:32 EDT 2019 Mon Sep 02 17:51:32 EDT 2019 : org.apache.commons.lang.text.StrBuilder,128=>Find no block
Mon Sep 02 17:51:33 EDT 2019 org.apache.commons.lang.text.StrBuilder,474
Mon Sep 02 17:59:36 EDT 2019 org.apache.commons.lang.text.StrBuilder,475
Mon Sep 02 17:59:37 EDT 2019 org.apache.commons.lang.text.StrBuilder,476
Mon Sep 02 17:59:37 EDT 2019 org.apache.commons.lang.text.StrBuilder,477
Mon Sep 02 17:59:38 EDT 2019 org.apache.commons.lang.text.StrBuilder,469
Mon Sep 02 18:03:50 EDT 2019 org.apache.commons.lang.text.StrBuilder,472
Mon Sep 02 18:23:58 EDT 2019 org.apache.commons.lang.text.StrBuilder,473
Mon Sep 02 18:23:59 EDT 2019 org.apache.commons.lang.text.StrBuilder,479
Mon Sep 02 18:23:59 EDT 2019 org.apache.commons.lang.text.StrMatcher,260
Mon Sep 02 18:24:13 EDT 2019 org.apache.commons.lang.text.StrMatcher,261
Mon Sep 02 18:24:13 EDT 2019 org.apache.commons.lang.text.StrMatcher,262
Mon Sep 02 18:24:14 EDT 2019 Mon Sep 02 18:24:14 EDT 2019 : org.apache.commons.lang.text.StrMatcher,263=>Find no block
Mon Sep 02 18:24:14 EDT 2019 org.apache.commons.lang.text.StrMatcher,216
Mon Sep 02 18:24:16 EDT 2019 Mon Sep 02 18:24:16 EDT 2019 : org.apache.commons.lang.text.StrMatcher,217=>Find no block
Mon Sep 02 18:24:17 EDT 2019 Mon Sep 02 18:24:17 EDT 2019 : org.apache.commons.lang.text.StrMatcher,37=>Find no block
Mon Sep 02 18:24:17 EDT 2019 Mon Sep 02 18:24:17 EDT 2019 : org.apache.commons.lang.text.StrMatcher,41=>Find no block
Mon Sep 02 18:24:18 EDT 2019 Mon Sep 02 18:24:18 EDT 2019 : org.apache.commons.lang.text.StrMatcher,45=>Find no block
Mon Sep 02 18:24:19 EDT 2019 Mon Sep 02 18:24:19 EDT 2019 : org.apache.commons.lang.text.StrMatcher,50=>Find no block
Mon Sep 02 18:24:19 EDT 2019 Mon Sep 02 18:24:19 EDT 2019 : org.apache.commons.lang.text.StrMatcher,54=>Find no block
Mon Sep 02 18:24:20 EDT 2019 Mon Sep 02 18:24:20 EDT 2019 : org.apache.commons.lang.text.StrMatcher,58=>Find no block
Mon Sep 02 18:24:20 EDT 2019 Mon Sep 02 18:24:20 EDT 2019 : org.apache.commons.lang.text.StrMatcher,62=>Find no block
Mon Sep 02 18:24:21 EDT 2019 Mon Sep 02 18:24:21 EDT 2019 : org.apache.commons.lang.text.StrMatcher,66=>Find no block
Mon Sep 02 18:24:22 EDT 2019 Mon Sep 02 18:24:22 EDT 2019 : org.apache.commons.lang.text.StrMatcher,70=>Find no block
Mon Sep 02 18:24:22 EDT 2019 org.apache.commons.lang.text.StrMatcher,389
Mon Sep 02 18:24:23 EDT 2019 Mon Sep 02 18:24:23 EDT 2019 : org.apache.commons.lang.text.StrMatcher,390=>Find no block
Mon Sep 02 18:24:24 EDT 2019 org.apache.commons.lang.text.StrMatcher,362
Mon Sep 02 18:24:24 EDT 2019 Mon Sep 02 18:24:24 EDT 2019 : org.apache.commons.lang.text.StrMatcher,363=>Find no block
Mon Sep 02 18:24:25 EDT 2019 org.apache.commons.lang.text.StrMatcher,293
Mon Sep 02 18:24:37 EDT 2019 org.apache.commons.lang.text.StrMatcher,294
Mon Sep 02 18:24:37 EDT 2019 Mon Sep 02 18:24:37 EDT 2019 : org.apache.commons.lang.text.StrMatcher,295=>Find no block
Mon Sep 02 18:24:38 EDT 2019 org.apache.commons.lang.text.StrBuilder,182
Mon Sep 02 18:25:09 EDT 2019 org.apache.commons.lang.text.StrBuilder,228
Mon Sep 02 18:42:32 EDT 2019 org.apache.commons.lang.text.StrBuilder,233
Mon Sep 02 19:02:40 EDT 2019 org.apache.commons.lang.text.StrMatcher,275
Mon Sep 02 19:03:11 EDT 2019 org.apache.commons.lang.text.StrMatcher,80
Mon Sep 02 19:03:14 EDT 2019 org.apache.commons.lang.text.StrMatcher,89
Mon Sep 02 19:03:16 EDT 2019 org.apache.commons.lang.text.StrMatcher,98
Mon Sep 02 19:03:19 EDT 2019 org.apache.commons.lang.text.StrMatcher,108
Mon Sep 02 19:03:22 EDT 2019 org.apache.commons.lang.text.StrMatcher,117
Mon Sep 02 19:03:24 EDT 2019 org.apache.commons.lang.text.StrMatcher,126
Mon Sep 02 19:03:29 EDT 2019 org.apache.commons.lang.text.StrMatcher,135
Mon Sep 02 19:03:31 EDT 2019 org.apache.commons.lang.text.StrMatcher,144
Mon Sep 02 19:03:34 EDT 2019 org.apache.commons.lang.text.StrMatcher,153
Mon Sep 02 19:03:37 EDT 2019 org.apache.commons.lang.text.StrMatcher,163
Mon Sep 02 19:03:40 EDT 2019 org.apache.commons.lang.text.StrMatcher,173
Mon Sep 02 19:05:42 EDT 2019 org.apache.commons.lang.text.StrMatcher,174
Mon Sep 02 19:05:43 EDT 2019 org.apache.commons.lang.text.StrMatcher,176
Mon Sep 02 19:07:10 EDT 2019 org.apache.commons.lang.text.StrMatcher,177
Mon Sep 02 19:07:11 EDT 2019 org.apache.commons.lang.text.StrMatcher,179
Mon Sep 02 19:09:57 EDT 2019 org.apache.commons.lang.text.StrMatcher,189
Mon Sep 02 19:11:46 EDT 2019 org.apache.commons.lang.text.StrMatcher,190
Mon Sep 02 19:11:47 EDT 2019 org.apache.commons.lang.text.StrMatcher,192
Mon Sep 02 19:12:58 EDT 2019 org.apache.commons.lang.text.StrMatcher,193
Mon Sep 02 19:12:59 EDT 2019 org.apache.commons.lang.text.StrMatcher,195
Mon Sep 02 19:14:36 EDT 2019 org.apache.commons.lang.text.StrMatcher,205
Mon Sep 02 19:16:49 EDT 2019 org.apache.commons.lang.text.StrMatcher,206
Mon Sep 02 19:16:50 EDT 2019 org.apache.commons.lang.text.StrMatcher,208
Mon Sep 02 19:19:40 EDT 2019 org.apache.commons.lang.text.StrMatcher,402
Mon Sep 02 19:20:08 EDT 2019 org.apache.commons.lang.text.StrMatcher,375
Mon Sep 02 19:20:10 EDT 2019 org.apache.commons.lang.text.StrMatcher,325
Mon Sep 02 19:20:25 EDT 2019 org.apache.commons.lang.text.StrMatcher,326
Mon Sep 02 19:20:26 EDT 2019 Mon Sep 02 19:20:26 EDT 2019 : org.apache.commons.lang.text.StrMatcher,327=>Find no block
Mon Sep 02 19:20:26 EDT 2019 org.apache.commons.lang.text.StrMatcher,339
Mon Sep 02 19:52:41 EDT 2019 org.apache.commons.lang.text.StrMatcher,340
Mon Sep 02 19:52:41 EDT 2019 org.apache.commons.lang.text.StrMatcher,341
Mon Sep 02 19:52:42 EDT 2019 org.apache.commons.lang.text.StrMatcher,343
Mon Sep 02 19:52:43 EDT 2019 org.apache.commons.lang.text.StrMatcher,344
Mon Sep 02 19:52:43 EDT 2019 org.apache.commons.lang.text.StrMatcher,345
Mon Sep 02 19:52:44 EDT 2019 org.apache.commons.lang.text.StrMatcher,348
Mon Sep 02 19:52:44 EDT 2019 org.apache.commons.lang.text.StrMatcher,307
Mon Sep 02 19:53:08 EDT 2019 org.apache.commons.lang.text.StrBuilder,2213
Mon Sep 02 19:53:08 EDT 2019 Mon Sep 02 19:53:08 EDT 2019 : org.apache.commons.lang.text.StrBuilder,2212=>Find no block
Mon Sep 02 19:53:09 EDT 2019 Mon Sep 02 19:53:09 EDT 2019 : org.apache.commons.lang.text.StrBuilder,2214=>Find no block
Mon Sep 02 19:53:09 EDT 2019 org.apache.commons.lang.text.StrBuilder,2218
Mon Sep 02 19:53:56 EDT 2019 org.apache.commons.lang.text.StrBuilder,2219
Mon Sep 02 19:53:57 EDT 2019 org.apache.commons.lang.text.StrBuilder,2221
Mon Sep 02 19:53:57 EDT 2019 org.apache.commons.lang.text.StrBuilder,2227
Mon Sep 02 19:58:03 EDT 2019 org.apache.commons.lang.text.StrBuilder,2228
Mon Sep 02 20:01:57 EDT 2019 org.apache.commons.lang.text.StrBuilder,2229
Mon Sep 02 20:01:57 EDT 2019 org.apache.commons.lang.text.StrBuilder,2231
Mon Sep 02 20:01:58 EDT 2019 org.apache.commons.lang.text.StrTokenizer,241
Mon Sep 02 20:02:28 EDT 2019 Mon Sep 02 20:02:28 EDT 2019 : org.apache.commons.lang.text.StrTokenizer,118=>Find no block
Mon Sep 02 20:02:29 EDT 2019 Mon Sep 02 20:02:29 EDT 2019 : org.apache.commons.lang.text.StrTokenizer,120=>Find no block
Mon Sep 02 20:02:29 EDT 2019 Mon Sep 02 20:02:29 EDT 2019 : org.apache.commons.lang.text.StrTokenizer,122=>Find no block
Mon Sep 02 20:02:29 EDT 2019 Mon Sep 02 20:02:29 EDT 2019 : org.apache.commons.lang.text.StrTokenizer,124=>Find no block
Mon Sep 02 20:02:30 EDT 2019 Mon Sep 02 20:02:30 EDT 2019 : org.apache.commons.lang.text.StrTokenizer,127=>Find no block
Mon Sep 02 20:02:30 EDT 2019 Mon Sep 02 20:02:30 EDT 2019 : org.apache.commons.lang.text.StrTokenizer,129=>Find no block
Mon Sep 02 20:02:30 EDT 2019 org.apache.commons.lang.text.StrTokenizer,242
Mon Sep 02 20:02:31 EDT 2019 Mon Sep 02 20:02:31 EDT 2019 : org.apache.commons.lang.text.StrTokenizer,243=>Find no block
Mon Sep 02 20:02:32 EDT 2019 org.apache.commons.lang.text.StrTokenizer,252
Mon Sep 02 20:03:12 EDT 2019 org.apache.commons.lang.text.StrTokenizer,253
Mon Sep 02 20:03:50 EDT 2019 org.apache.commons.lang.text.StrTokenizer,254
Mon Sep 02 20:03:51 EDT 2019 org.apache.commons.lang.text.StrTokenizer,256
Mon Sep 02 20:03:51 EDT 2019 Mon Sep 02 20:03:51 EDT 2019 : org.apache.commons.lang.text.StrTokenizer,258=>Find no block
Mon Sep 02 20:03:51 EDT 2019 org.apache.commons.lang.text.StrTokenizer,267
Mon Sep 02 20:04:12 EDT 2019 org.apache.commons.lang.text.StrTokenizer,268
Mon Sep 02 20:04:13 EDT 2019 Mon Sep 02 20:04:13 EDT 2019 : org.apache.commons.lang.text.StrTokenizer,269=>Find no block
Mon Sep 02 20:04:14 EDT 2019 org.apache.commons.lang.text.StrTokenizer,278
Mon Sep 02 20:04:15 EDT 2019 org.apache.commons.lang.text.StrTokenizer,279
Mon Sep 02 20:04:15 EDT 2019 Mon Sep 02 20:04:15 EDT 2019 : org.apache.commons.lang.text.StrTokenizer,280=>Find no block
Mon Sep 02 20:04:16 EDT 2019 org.apache.commons.lang.text.StrTokenizer,289
Mon Sep 02 20:04:18 EDT 2019 org.apache.commons.lang.text.StrTokenizer,290
Mon Sep 02 20:04:18 EDT 2019 Mon Sep 02 20:04:18 EDT 2019 : org.apache.commons.lang.text.StrTokenizer,291=>Find no block
Mon Sep 02 20:04:18 EDT 2019 org.apache.commons.lang.text.StrTokenizer,302
Mon Sep 02 20:04:49 EDT 2019 org.apache.commons.lang.text.StrTokenizer,303
Mon Sep 02 20:04:49 EDT 2019 Mon Sep 02 20:04:49 EDT 2019 : org.apache.commons.lang.text.StrTokenizer,304=>Find no block
Mon Sep 02 20:04:49 EDT 2019 org.apache.commons.lang.text.StrTokenizer,315
Mon Sep 02 20:05:07 EDT 2019 org.apache.commons.lang.text.StrTokenizer,316
Mon Sep 02 20:05:07 EDT 2019 Mon Sep 02 20:05:07 EDT 2019 : org.apache.commons.lang.text.StrTokenizer,317=>Find no block
Mon Sep 02 20:05:07 EDT 2019 org.apache.commons.lang.text.StrTokenizer,329
Mon Sep 02 20:05:45 EDT 2019 org.apache.commons.lang.text.StrTokenizer,330
Mon Sep 02 20:05:45 EDT 2019 Mon Sep 02 20:05:45 EDT 2019 : org.apache.commons.lang.text.StrTokenizer,331=>Find no block
Mon Sep 02 20:05:45 EDT 2019 org.apache.commons.lang.text.StrTokenizer,343
Mon Sep 02 20:05:46 EDT 2019 org.apache.commons.lang.text.StrTokenizer,344
Mon Sep 02 20:05:46 EDT 2019 Mon Sep 02 20:05:46 EDT 2019 : org.apache.commons.lang.text.StrTokenizer,345=>Find no block
Mon Sep 02 20:05:46 EDT 2019 org.apache.commons.lang.text.StrTokenizer,357
Mon Sep 02 20:05:47 EDT 2019 org.apache.commons.lang.text.StrTokenizer,358
Mon Sep 02 20:05:48 EDT 2019 Mon Sep 02 20:05:48 EDT 2019 : org.apache.commons.lang.text.StrTokenizer,359=>Find no block
Mon Sep 02 20:05:48 EDT 2019 org.apache.commons.lang.text.StrTokenizer,371
Mon Sep 02 20:05:48 EDT 2019 org.apache.commons.lang.text.StrTokenizer,372
Mon Sep 02 20:05:48 EDT 2019 Mon Sep 02 20:05:48 EDT 2019 : org.apache.commons.lang.text.StrTokenizer,373=>Find no block
Mon Sep 02 20:05:48 EDT 2019 org.apache.commons.lang.text.StrTokenizer,387
Mon Sep 02 20:05:49 EDT 2019 org.apache.commons.lang.text.StrTokenizer,388
Mon Sep 02 20:05:49 EDT 2019 Mon Sep 02 20:05:49 EDT 2019 : org.apache.commons.lang.text.StrTokenizer,389=>Find no block
Mon Sep 02 20:05:50 EDT 2019 org.apache.commons.lang.text.StrTokenizer,403
Mon Sep 02 20:05:50 EDT 2019 org.apache.commons.lang.text.StrTokenizer,404
Mon Sep 02 20:05:50 EDT 2019 Mon Sep 02 20:05:50 EDT 2019 : org.apache.commons.lang.text.StrTokenizer,405=>Find no block
Mon Sep 02 20:05:51 EDT 2019 Mon Sep 02 20:05:51 EDT 2019 : org.apache.commons.lang.text.StrTokenizer,93=>Find no block
Mon Sep 02 20:05:51 EDT 2019 Mon Sep 02 20:05:51 EDT 2019 : org.apache.commons.lang.text.StrTokenizer,94=>Find no block
Mon Sep 02 20:05:52 EDT 2019 Mon Sep 02 20:05:52 EDT 2019 : org.apache.commons.lang.text.StrTokenizer,95=>Find no block
Mon Sep 02 20:05:52 EDT 2019 Mon Sep 02 20:05:52 EDT 2019 : org.apache.commons.lang.text.StrTokenizer,96=>Find no block
Mon Sep 02 20:05:52 EDT 2019 Mon Sep 02 20:05:52 EDT 2019 : org.apache.commons.lang.text.StrTokenizer,97=>Find no block
Mon Sep 02 20:05:53 EDT 2019 Mon Sep 02 20:05:53 EDT 2019 : org.apache.commons.lang.text.StrTokenizer,98=>Find no block
Mon Sep 02 20:05:53 EDT 2019 Mon Sep 02 20:05:53 EDT 2019 : org.apache.commons.lang.text.StrTokenizer,99=>Find no block
Mon Sep 02 20:05:53 EDT 2019 Mon Sep 02 20:05:53 EDT 2019 : org.apache.commons.lang.text.StrTokenizer,101=>Find no block
Mon Sep 02 20:05:54 EDT 2019 Mon Sep 02 20:05:54 EDT 2019 : org.apache.commons.lang.text.StrTokenizer,102=>Find no block
Mon Sep 02 20:05:54 EDT 2019 Mon Sep 02 20:05:54 EDT 2019 : org.apache.commons.lang.text.StrTokenizer,103=>Find no block
Mon Sep 02 20:05:54 EDT 2019 Mon Sep 02 20:05:54 EDT 2019 : org.apache.commons.lang.text.StrTokenizer,104=>Find no block
Mon Sep 02 20:05:55 EDT 2019 Mon Sep 02 20:05:55 EDT 2019 : org.apache.commons.lang.text.StrTokenizer,105=>Find no block
Mon Sep 02 20:05:55 EDT 2019 Mon Sep 02 20:05:55 EDT 2019 : org.apache.commons.lang.text.StrTokenizer,106=>Find no block
Mon Sep 02 20:05:56 EDT 2019 Mon Sep 02 20:05:56 EDT 2019 : org.apache.commons.lang.text.StrTokenizer,107=>Find no block
Mon Sep 02 20:05:56 EDT 2019 Mon Sep 02 20:05:56 EDT 2019 : org.apache.commons.lang.text.StrTokenizer,108=>Find no block
Mon Sep 02 20:05:56 EDT 2019 org.apache.commons.lang.text.StrTokenizer,139
Mon Sep 02 20:06:17 EDT 2019 org.apache.commons.lang.text.StrTokenizer,152
Mon Sep 02 20:06:18 EDT 2019 org.apache.commons.lang.text.StrTokenizer,165
Mon Sep 02 20:06:38 EDT 2019 org.apache.commons.lang.text.StrTokenizer,166
Mon Sep 02 20:06:39 EDT 2019 org.apache.commons.lang.text.StrTokenizer,167
Mon Sep 02 20:06:39 EDT 2019 org.apache.commons.lang.text.StrTokenizer,180
Mon Sep 02 20:06:40 EDT 2019 org.apache.commons.lang.text.StrTokenizer,181
Mon Sep 02 20:06:40 EDT 2019 org.apache.commons.lang.text.StrTokenizer,182
Mon Sep 02 20:06:40 EDT 2019 org.apache.commons.lang.text.StrTokenizer,191
Mon Sep 02 20:07:01 EDT 2019 org.apache.commons.lang.text.StrTokenizer,204
Mon Sep 02 20:07:03 EDT 2019 org.apache.commons.lang.text.StrTokenizer,215
Mon Sep 02 20:07:24 EDT 2019 org.apache.commons.lang.text.StrTokenizer,216
Mon Sep 02 20:07:24 EDT 2019 org.apache.commons.lang.text.StrTokenizer,217
Mon Sep 02 20:07:25 EDT 2019 org.apache.commons.lang.text.StrTokenizer,228
Mon Sep 02 20:07:25 EDT 2019 org.apache.commons.lang.text.StrTokenizer,229
Mon Sep 02 20:07:26 EDT 2019 org.apache.commons.lang.text.StrTokenizer,230
Mon Sep 02 20:07:26 EDT 2019 org.apache.commons.lang.text.StrTokenizer,415
Mon Sep 02 20:08:30 EDT 2019 org.apache.commons.lang.text.StrTokenizer,416
Mon Sep 02 20:08:30 EDT 2019 org.apache.commons.lang.text.StrTokenizer,425
Mon Sep 02 20:08:31 EDT 2019 org.apache.commons.lang.text.StrTokenizer,426
Mon Sep 02 20:08:32 EDT 2019 org.apache.commons.lang.text.StrTokenizer,428
Mon Sep 02 20:08:33 EDT 2019 org.apache.commons.lang.text.StrTokenizer,437
Mon Sep 02 20:08:35 EDT 2019 org.apache.commons.lang.text.StrTokenizer,438
Mon Sep 02 20:08:35 EDT 2019 org.apache.commons.lang.text.StrTokenizer,440
Failed time : 19/09/02 20:08
