=================================================
Project : lang_62	start : 19/09/02 15:24
Current failed test : org.apache.commons.lang.EntitiesTest::testNumberOverflow | 19/09/02 15:24
Mon Sep 02 15:26:40 EDT 2019 org.apache.commons.lang.Entities,840
Mon Sep 02 15:34:31 EDT 2019 org.apache.commons.lang.Entities,843
Mon Sep 02 15:40:54 EDT 2019 org.apache.commons.lang.Entities,845
Mon Sep 02 15:40:55 EDT 2019 org.apache.commons.lang.Entities,848
Mon Sep 02 15:40:55 EDT 2019 Mon Sep 02 15:40:55 EDT 2019 : org.apache.commons.lang.Entities,852=>Find no block
Mon Sep 02 15:40:56 EDT 2019 Mon Sep 02 15:40:56 EDT 2019 : org.apache.commons.lang.Entities,853=>Find no block
Mon Sep 02 15:40:56 EDT 2019 org.apache.commons.lang.Entities,862
Mon Sep 02 15:44:51 EDT 2019 org.apache.commons.lang.Entities,819
Mon Sep 02 15:50:07 EDT 2019 org.apache.commons.lang.Entities,820
Mon Sep 02 15:50:08 EDT 2019 org.apache.commons.lang.Entities,821
Mon Sep 02 16:36:49 EDT 2019 org.apache.commons.lang.Entities,822
Mon Sep 02 16:37:21 EDT 2019 org.apache.commons.lang.Entities,823
Mon Sep 02 16:37:23 EDT 2019 org.apache.commons.lang.Entities,824
Mon Sep 02 16:45:38 EDT 2019 org.apache.commons.lang.Entities,825
Mon Sep 02 16:45:39 EDT 2019 org.apache.commons.lang.Entities,829
Mon Sep 02 16:56:58 EDT 2019 org.apache.commons.lang.Entities,830
Mon Sep 02 16:56:59 EDT 2019 org.apache.commons.lang.Entities,835
Mon Sep 02 17:13:53 EDT 2019 org.apache.commons.lang.Entities,837
Mon Sep 02 17:13:54 EDT 2019 org.apache.commons.lang.Entities,839
Mon Sep 02 17:13:55 EDT 2019 org.apache.commons.lang.Entities,857
Mon Sep 02 17:13:57 EDT 2019 org.apache.commons.lang.Entities,864
Mon Sep 02 17:21:17 EDT 2019 Mon Sep 02 17:21:17 EDT 2019 : org.apache.commons.lang.Entities,865=>Find no block
Mon Sep 02 17:21:18 EDT 2019 org.apache.commons.lang.Entities,869
Mon Sep 02 17:41:02 EDT 2019 org.apache.commons.lang.Entities,814
Mon Sep 02 17:47:21 EDT 2019 org.apache.commons.lang.Entities,815
Mon Sep 02 17:51:26 EDT 2019 Mon Sep 02 17:51:26 EDT 2019 : org.apache.commons.lang.IntHashMap,83=>Find no block
Mon Sep 02 17:51:28 EDT 2019 org.apache.commons.lang.IntHashMap,84
Mon Sep 02 17:53:21 EDT 2019 org.apache.commons.lang.IntHashMap,85
Mon Sep 02 17:53:23 EDT 2019 org.apache.commons.lang.IntHashMap,86
Mon Sep 02 17:53:24 EDT 2019 org.apache.commons.lang.IntHashMap,87
Mon Sep 02 17:53:26 EDT 2019 Mon Sep 02 17:53:26 EDT 2019 : org.apache.commons.lang.IntHashMap,88=>Find no block
Mon Sep 02 17:53:27 EDT 2019 Mon Sep 02 17:53:27 EDT 2019 : org.apache.commons.lang.Entities,502=>Find no block
Mon Sep 02 17:53:29 EDT 2019 Mon Sep 02 17:53:29 EDT 2019 : org.apache.commons.lang.Entities,504=>Find no block
Mon Sep 02 17:53:30 EDT 2019 Mon Sep 02 17:53:30 EDT 2019 : org.apache.commons.lang.Entities,419=>Find no block
Mon Sep 02 17:53:32 EDT 2019 Mon Sep 02 17:53:32 EDT 2019 : org.apache.commons.lang.Entities,420=>Find no block
Mon Sep 02 17:53:33 EDT 2019 Mon Sep 02 17:53:33 EDT 2019 : org.apache.commons.lang.Entities,421=>Find no block
Mon Sep 02 17:53:35 EDT 2019 org.apache.commons.lang.Entities,427
Mon Sep 02 17:54:50 EDT 2019 org.apache.commons.lang.Entities,428
Mon Sep 02 17:54:52 EDT 2019 Mon Sep 02 17:54:52 EDT 2019 : org.apache.commons.lang.Entities,429=>Find no block
Mon Sep 02 17:54:53 EDT 2019 Mon Sep 02 17:54:53 EDT 2019 : org.apache.commons.lang.Entities,39=>Find no block
Mon Sep 02 17:54:55 EDT 2019 Mon Sep 02 17:54:55 EDT 2019 : org.apache.commons.lang.Entities,693=>Find no block
Mon Sep 02 17:54:56 EDT 2019 Mon Sep 02 17:54:56 EDT 2019 : org.apache.commons.lang.Entities,41=>Find no block
Mon Sep 02 17:54:57 EDT 2019 Mon Sep 02 17:54:57 EDT 2019 : org.apache.commons.lang.Entities,48=>Find no block
Mon Sep 02 17:54:58 EDT 2019 Mon Sep 02 17:54:58 EDT 2019 : org.apache.commons.lang.Entities,53=>Find no block
Mon Sep 02 17:54:59 EDT 2019 Mon Sep 02 17:54:59 EDT 2019 : org.apache.commons.lang.Entities,154=>Find no block
Mon Sep 02 17:55:00 EDT 2019 Mon Sep 02 17:55:00 EDT 2019 : org.apache.commons.lang.Entities,366=>Find no block
Mon Sep 02 17:55:01 EDT 2019 Mon Sep 02 17:55:01 EDT 2019 : org.apache.commons.lang.Entities,367=>Find no block
Mon Sep 02 17:55:02 EDT 2019 Mon Sep 02 17:55:02 EDT 2019 : org.apache.commons.lang.Entities,368=>Find no block
Mon Sep 02 17:55:04 EDT 2019 Mon Sep 02 17:55:04 EDT 2019 : org.apache.commons.lang.Entities,372=>Find no block
Mon Sep 02 17:55:05 EDT 2019 Mon Sep 02 17:55:05 EDT 2019 : org.apache.commons.lang.Entities,373=>Find no block
Mon Sep 02 17:55:06 EDT 2019 Mon Sep 02 17:55:06 EDT 2019 : org.apache.commons.lang.Entities,374=>Find no block
Mon Sep 02 17:55:07 EDT 2019 Mon Sep 02 17:55:07 EDT 2019 : org.apache.commons.lang.Entities,378=>Find no block
Mon Sep 02 17:55:08 EDT 2019 Mon Sep 02 17:55:08 EDT 2019 : org.apache.commons.lang.Entities,379=>Find no block
Mon Sep 02 17:55:09 EDT 2019 Mon Sep 02 17:55:09 EDT 2019 : org.apache.commons.lang.Entities,380=>Find no block
Mon Sep 02 17:55:11 EDT 2019 org.apache.commons.lang.Entities,388
Mon Sep 02 17:55:14 EDT 2019 org.apache.commons.lang.Entities,389
Mon Sep 02 17:55:15 EDT 2019 org.apache.commons.lang.Entities,390
Mon Sep 02 17:55:17 EDT 2019 Mon Sep 02 17:55:17 EDT 2019 : org.apache.commons.lang.Entities,391=>Find no block
Mon Sep 02 17:55:18 EDT 2019 org.apache.commons.lang.Entities,701
Mon Sep 02 17:58:21 EDT 2019 org.apache.commons.lang.Entities,702
Mon Sep 02 17:58:22 EDT 2019 Mon Sep 02 17:58:22 EDT 2019 : org.apache.commons.lang.Entities,704=>Find no block
Mon Sep 02 17:58:24 EDT 2019 org.apache.commons.lang.Entities,713
Mon Sep 02 17:59:16 EDT 2019 Mon Sep 02 17:59:16 EDT 2019 : org.apache.commons.lang.Entities,714=>Find no block
Mon Sep 02 17:59:17 EDT 2019 org.apache.commons.lang.IntHashMap,96
Mon Sep 02 17:59:21 EDT 2019 Mon Sep 02 17:59:21 EDT 2019 : org.apache.commons.lang.IntHashMap,97=>Find no block
Mon Sep 02 17:59:22 EDT 2019 org.apache.commons.lang.IntHashMap,121
Mon Sep 02 17:59:53 EDT 2019 org.apache.commons.lang.IntHashMap,122
Mon Sep 02 18:00:25 EDT 2019 org.apache.commons.lang.IntHashMap,125
Mon Sep 02 18:00:29 EDT 2019 org.apache.commons.lang.IntHashMap,128
Mon Sep 02 18:00:40 EDT 2019 org.apache.commons.lang.IntHashMap,132
Mon Sep 02 18:01:50 EDT 2019 org.apache.commons.lang.IntHashMap,133
Mon Sep 02 18:02:25 EDT 2019 org.apache.commons.lang.IntHashMap,134
Mon Sep 02 18:02:27 EDT 2019 Mon Sep 02 18:02:27 EDT 2019 : org.apache.commons.lang.IntHashMap,135=>Find no block
Mon Sep 02 18:02:28 EDT 2019 org.apache.commons.lang.IntHashMap,258
Mon Sep 02 18:04:53 EDT 2019 org.apache.commons.lang.IntHashMap,259
Mon Sep 02 18:04:54 EDT 2019 org.apache.commons.lang.IntHashMap,261
Mon Sep 02 18:05:36 EDT 2019 org.apache.commons.lang.IntHashMap,262
Mon Sep 02 18:06:42 EDT 2019 org.apache.commons.lang.IntHashMap,264
Mon Sep 02 18:07:16 EDT 2019 org.apache.commons.lang.IntHashMap,265
Mon Sep 02 18:16:16 EDT 2019 org.apache.commons.lang.IntHashMap,267
Mon Sep 02 18:16:17 EDT 2019 org.apache.commons.lang.IntHashMap,268
Mon Sep 02 18:16:18 EDT 2019 org.apache.commons.lang.IntHashMap,269
Mon Sep 02 18:16:19 EDT 2019 org.apache.commons.lang.IntHashMap,270
Mon Sep 02 18:16:21 EDT 2019 org.apache.commons.lang.IntHashMap,272
Mon Sep 02 18:16:22 EDT 2019 org.apache.commons.lang.IntHashMap,273
Mon Sep 02 18:16:23 EDT 2019 org.apache.commons.lang.IntHashMap,274
Mon Sep 02 18:16:24 EDT 2019 Mon Sep 02 18:16:24 EDT 2019 : org.apache.commons.lang.IntHashMap,275=>Find no block
Mon Sep 02 18:16:26 EDT 2019 Mon Sep 02 18:16:26 EDT 2019 : org.apache.commons.lang.IntHashMap,277=>Find no block
Mon Sep 02 18:16:27 EDT 2019 org.apache.commons.lang.IntHashMap,296
Mon Sep 02 18:17:32 EDT 2019 org.apache.commons.lang.IntHashMap,297
Mon Sep 02 18:17:33 EDT 2019 org.apache.commons.lang.IntHashMap,298
Mon Sep 02 18:25:56 EDT 2019 org.apache.commons.lang.IntHashMap,299
Mon Sep 02 18:25:57 EDT 2019 org.apache.commons.lang.IntHashMap,300
Mon Sep 02 18:25:58 EDT 2019 org.apache.commons.lang.IntHashMap,307
Mon Sep 02 18:31:23 EDT 2019 org.apache.commons.lang.IntHashMap,309
Mon Sep 02 18:31:24 EDT 2019 org.apache.commons.lang.IntHashMap,311
Mon Sep 02 18:31:26 EDT 2019 org.apache.commons.lang.IntHashMap,312
Mon Sep 02 18:31:27 EDT 2019 org.apache.commons.lang.IntHashMap,316
Mon Sep 02 18:40:08 EDT 2019 org.apache.commons.lang.IntHashMap,317
Mon Sep 02 18:40:57 EDT 2019 org.apache.commons.lang.IntHashMap,318
Mon Sep 02 18:41:41 EDT 2019 org.apache.commons.lang.IntHashMap,319
Mon Sep 02 18:41:43 EDT 2019 org.apache.commons.lang.Entities,510
Mon Sep 02 18:42:24 EDT 2019 org.apache.commons.lang.Entities,511
Mon Sep 02 18:42:25 EDT 2019 org.apache.commons.lang.Entities,513
Mon Sep 02 18:42:42 EDT 2019 org.apache.commons.lang.Entities,523
Mon Sep 02 18:42:46 EDT 2019 org.apache.commons.lang.Entities,524
Mon Sep 02 18:42:47 EDT 2019 org.apache.commons.lang.Entities,526
Mon Sep 02 18:42:50 EDT 2019 org.apache.commons.lang.Entities,533
Mon Sep 02 18:45:50 EDT 2019 org.apache.commons.lang.Entities,534
Mon Sep 02 18:49:17 EDT 2019 org.apache.commons.lang.Entities,535
Mon Sep 02 18:49:19 EDT 2019 Mon Sep 02 18:49:19 EDT 2019 : org.apache.commons.lang.Entities,537=>Find no block
Mon Sep 02 18:49:21 EDT 2019 org.apache.commons.lang.Entities,435
Mon Sep 02 18:49:34 EDT 2019 org.apache.commons.lang.Entities,442
Mon Sep 02 18:51:38 EDT 2019 org.apache.commons.lang.Entities,443
Mon Sep 02 18:51:56 EDT 2019 org.apache.commons.lang.Entities,444
Mon Sep 02 18:51:57 EDT 2019 org.apache.commons.lang.Entities,446
Mon Sep 02 18:51:57 EDT 2019 org.apache.commons.lang.Entities,723
Mon Sep 02 18:52:53 EDT 2019 org.apache.commons.lang.Entities,733
Mon Sep 02 18:53:19 EDT 2019 org.apache.commons.lang.Entities,747
Mon Sep 02 18:59:26 EDT 2019 org.apache.commons.lang.Entities,749
Mon Sep 02 19:11:02 EDT 2019 org.apache.commons.lang.Entities,750
Mon Sep 02 19:13:45 EDT 2019 org.apache.commons.lang.Entities,751
Mon Sep 02 19:13:46 EDT 2019 org.apache.commons.lang.Entities,752
Mon Sep 02 19:13:48 EDT 2019 org.apache.commons.lang.Entities,753
Mon Sep 02 19:13:49 EDT 2019 org.apache.commons.lang.Entities,754
Mon Sep 02 19:13:50 EDT 2019 org.apache.commons.lang.Entities,755
Mon Sep 02 19:13:51 EDT 2019 org.apache.commons.lang.Entities,756
Mon Sep 02 19:13:52 EDT 2019 org.apache.commons.lang.Entities,757
Mon Sep 02 19:13:54 EDT 2019 Mon Sep 02 19:13:54 EDT 2019 : org.apache.commons.lang.Entities,758=>Find no block
Mon Sep 02 19:13:55 EDT 2019 org.apache.commons.lang.Entities,759
Mon Sep 02 19:13:57 EDT 2019 org.apache.commons.lang.Entities,762
Mon Sep 02 19:16:00 EDT 2019 org.apache.commons.lang.Entities,763
Mon Sep 02 19:16:02 EDT 2019 org.apache.commons.lang.Entities,764
Mon Sep 02 19:16:03 EDT 2019 org.apache.commons.lang.Entities,767
Mon Sep 02 19:29:24 EDT 2019 org.apache.commons.lang.Entities,784
Mon Sep 02 19:36:52 EDT 2019 org.apache.commons.lang.Entities,785
Mon Sep 02 19:50:28 EDT 2019 org.apache.commons.lang.Entities,786
Mon Sep 02 19:53:02 EDT 2019 org.apache.commons.lang.Entities,787
Mon Sep 02 19:53:03 EDT 2019 org.apache.commons.lang.Entities,788
Mon Sep 02 19:53:04 EDT 2019 org.apache.commons.lang.Entities,789
Mon Sep 02 19:53:05 EDT 2019 org.apache.commons.lang.Entities,790
Mon Sep 02 19:53:06 EDT 2019 org.apache.commons.lang.Entities,791
Mon Sep 02 19:53:07 EDT 2019 org.apache.commons.lang.Entities,792
Mon Sep 02 19:53:08 EDT 2019 org.apache.commons.lang.Entities,794
Mon Sep 02 19:53:09 EDT 2019 org.apache.commons.lang.Entities,797
Mon Sep 02 19:54:36 EDT 2019 org.apache.commons.lang.Entities,798
Mon Sep 02 19:54:36 EDT 2019 org.apache.commons.lang.Entities,799
Mon Sep 02 19:54:37 EDT 2019 Mon Sep 02 19:54:37 EDT 2019 : org.apache.commons.lang.Entities,802=>Find no block
Mon Sep 02 19:54:38 EDT 2019 org.apache.commons.lang.Entities,816
Mon Sep 02 19:54:39 EDT 2019 org.apache.commons.lang.Entities,826
Mon Sep 02 19:54:40 EDT 2019 org.apache.commons.lang.Entities,827
Mon Sep 02 19:54:41 EDT 2019 org.apache.commons.lang.Entities,832
Mon Sep 02 19:54:42 EDT 2019 org.apache.commons.lang.Entities,833
Mon Sep 02 19:54:43 EDT 2019 org.apache.commons.lang.Entities,838
Mon Sep 02 19:54:46 EDT 2019 org.apache.commons.lang.Entities,841
Mon Sep 02 19:54:47 EDT 2019 org.apache.commons.lang.Entities,846
Mon Sep 02 19:54:48 EDT 2019 Mon Sep 02 19:54:48 EDT 2019 : org.apache.commons.lang.Entities,850=>Find no block
Mon Sep 02 19:54:49 EDT 2019 org.apache.commons.lang.Entities,851
Mon Sep 02 19:54:57 EDT 2019 org.apache.commons.lang.Entities,855
Mon Sep 02 19:55:00 EDT 2019 org.apache.commons.lang.Entities,858
Mon Sep 02 19:55:00 EDT 2019 org.apache.commons.lang.Entities,859
Mon Sep 02 19:55:01 EDT 2019 org.apache.commons.lang.Entities,860
Mon Sep 02 19:55:02 EDT 2019 org.apache.commons.lang.Entities,866
Mon Sep 02 19:55:06 EDT 2019 org.apache.commons.lang.Entities,885
Mon Sep 02 20:00:08 EDT 2019 org.apache.commons.lang.Entities,886
Mon Sep 02 20:02:55 EDT 2019 org.apache.commons.lang.Entities,887
Mon Sep 02 20:02:55 EDT 2019 org.apache.commons.lang.Entities,888
Mon Sep 02 20:02:57 EDT 2019 org.apache.commons.lang.Entities,891
Mon Sep 02 20:13:03 EDT 2019 org.apache.commons.lang.Entities,892
Mon Sep 02 20:13:04 EDT 2019 org.apache.commons.lang.Entities,893
Timeout time : 19/09/02 20:26
