=================================================
Project : lang_63	start : 19/09/02 15:24
Current failed test : org.apache.commons.lang.time.DurationFormatUtilsTest::testJiraLang281 | 19/09/02 15:24
Mon Sep 02 15:25:02 EDT 2019 org.apache.commons.lang.time.DurationFormatUtils,306
Mon Sep 02 15:28:55 EDT 2019 org.apache.commons.lang.time.DurationFormatUtils,312
Mon Sep 02 15:28:55 EDT 2019 org.apache.commons.lang.time.DurationFormatUtils,315
Mon Sep 02 15:30:56 EDT 2019 org.apache.commons.lang.time.DurationFormatUtils,316
Mon Sep 02 15:30:56 EDT 2019 org.apache.commons.lang.time.DurationFormatUtils,437

----------------------------------------
----------------------------------------
Pass Single Test : [=>0,0]
if(endValue<field){
int newdiff=startValue-endValue;
end.add(field,newdiff);
return newdiff;
}else {
return 0;
}

Time : 19/09/02 15:31
----------------------------------------

----------------------------------------
----------------------------------------
Similar code block : 2.2357987097133543 : [/home/mmotwani/mywork1dir/Defects4Java7/defects4j/SIMFIX_RQ1/lang/lang_63_buggy/src/java/org/apache/commons/lang/time/DurationFormatUtils.java=>0,0]
if(fields[i][j]==field){
if(round&&roundUp){
if(field==DateUtils.SEMI_MONTH){
if(val.get(Calendar.DATE)==1){
val.add(Calendar.DATE,15);
}else {
val.add(Calendar.DATE,-15);
val.add(Calendar.MONTH,1);
}
}else {
val.add(fields[i][0],1);
}
}
return ;
}

Time : 19/09/02 15:31
----------------------------------------

----------------------------------------
----------------------------------------
Original source code : [/home/mmotwani/mywork1dir/Defects4Java7/defects4j/SIMFIX_RQ1/lang/lang_63_buggy/src/java/org/apache/commons/lang/time/DurationFormatUtils.java=>436,442]
if(endValue<startValue){
int newdiff=startValue-endValue;
end.add(field,newdiff);
return newdiff;
}else {
return 0;
}

Time : 19/09/02 15:31
----------------------------------------

----------------------------------------
----------------------------------------
Find a patch : [/home/mmotwani/mywork1dir/Defects4Java7/defects4j/SIMFIX_RQ1/lang/lang_63_buggy/src/java/org/apache/commons/lang/time/DurationFormatUtils.java=>436,442]
if(endValue<field){
int newdiff=startValue-endValue;
end.add(field,newdiff);
return newdiff;
}else {
return 0;
}

Time : 19/09/02 15:31
----------------------------------------
Success time : 19/09/02 15:31
