=================================================
Project : lang_64	start : 19/09/02 15:24
Current failed test : org.apache.commons.lang.enums.ValuedEnumTest::testCompareTo_otherEnumType | 19/09/02 15:24
Mon Sep 02 15:24:58 EDT 2019 org.apache.commons.lang.enums.ValuedEnum,183
Mon Sep 02 15:25:04 EDT 2019 org.apache.commons.lang.enums.ValuedEnum,126
Mon Sep 02 15:25:28 EDT 2019 org.apache.commons.lang.enums.ValuedEnum,127
Mon Sep 02 15:25:29 EDT 2019 Mon Sep 02 15:25:29 EDT 2019 : org.apache.commons.lang.enums.ValuedEnum,128=>Find no block
Mon Sep 02 15:25:29 EDT 2019 org.apache.commons.lang.enums.Enum,519
Mon Sep 02 15:25:30 EDT 2019 org.apache.commons.lang.enums.Enum,314
Mon Sep 02 15:25:39 EDT 2019 org.apache.commons.lang.enums.Enum,315
Mon Sep 02 15:25:43 EDT 2019 Mon Sep 02 15:25:43 EDT 2019 : org.apache.commons.lang.enums.Enum,317=>Find no block
Mon Sep 02 15:25:44 EDT 2019 org.apache.commons.lang.enums.Enum,339
Mon Sep 02 15:26:17 EDT 2019 org.apache.commons.lang.enums.Enum,340
Mon Sep 02 15:26:17 EDT 2019 org.apache.commons.lang.enums.Enum,349
Mon Sep 02 15:27:22 EDT 2019 org.apache.commons.lang.enums.Enum,350
Mon Sep 02 15:27:22 EDT 2019 org.apache.commons.lang.enums.Enum,351
Mon Sep 02 15:27:22 EDT 2019 org.apache.commons.lang.enums.Enum,352
Mon Sep 02 15:27:22 EDT 2019 org.apache.commons.lang.enums.Enum,354
Mon Sep 02 15:27:38 EDT 2019 org.apache.commons.lang.enums.Enum,357
Mon Sep 02 15:28:41 EDT 2019 org.apache.commons.lang.enums.Enum,358
Mon Sep 02 15:28:41 EDT 2019 Mon Sep 02 15:28:41 EDT 2019 : org.apache.commons.lang.enums.Enum,359=>Find no block
Mon Sep 02 15:28:41 EDT 2019 org.apache.commons.lang.enums.Enum,484
Mon Sep 02 15:30:43 EDT 2019 org.apache.commons.lang.enums.Enum,485
Mon Sep 02 15:30:44 EDT 2019 org.apache.commons.lang.enums.Enum,486
Mon Sep 02 15:30:46 EDT 2019 org.apache.commons.lang.enums.Enum,495
Mon Sep 02 15:31:51 EDT 2019 org.apache.commons.lang.enums.Enum,297
Mon Sep 02 15:31:52 EDT 2019 Mon Sep 02 15:31:52 EDT 2019 : org.apache.commons.lang.enums.Enum,279=>Find no block
Mon Sep 02 15:31:53 EDT 2019 Mon Sep 02 15:31:53 EDT 2019 : org.apache.commons.lang.enums.Enum,283=>Find no block
Mon Sep 02 15:31:54 EDT 2019 Mon Sep 02 15:31:54 EDT 2019 : org.apache.commons.lang.enums.Enum,287=>Find no block
Mon Sep 02 15:31:54 EDT 2019 Mon Sep 02 15:31:54 EDT 2019 : org.apache.commons.lang.enums.Enum,291=>Find no block
Mon Sep 02 15:31:55 EDT 2019 Mon Sep 02 15:31:55 EDT 2019 : org.apache.commons.lang.enums.Enum,298=>Find no block
Mon Sep 02 15:31:55 EDT 2019 org.apache.commons.lang.enums.Enum,335
Mon Sep 02 15:33:22 EDT 2019 org.apache.commons.lang.enums.Enum,336
Mon Sep 02 15:34:00 EDT 2019 org.apache.commons.lang.enums.Enum,338
Mon Sep 02 15:34:00 EDT 2019 org.apache.commons.lang.enums.Enum,344
Mon Sep 02 15:34:01 EDT 2019 org.apache.commons.lang.StringUtils,185
Mon Sep 02 15:35:12 EDT 2019 org.apache.commons.lang.enums.Enum,312
Mon Sep 02 15:35:13 EDT 2019 Mon Sep 02 15:35:13 EDT 2019 : org.apache.commons.lang.enums.Enum,270=>Find no block
Mon Sep 02 15:35:13 EDT 2019 org.apache.commons.lang.enums.Enum,313
Mon Sep 02 15:35:13 EDT 2019 org.apache.commons.lang.enums.Enum,327
Mon Sep 02 15:36:00 EDT 2019 org.apache.commons.lang.enums.Enum,331
Mon Sep 02 15:37:54 EDT 2019 org.apache.commons.lang.enums.Enum,332
Mon Sep 02 15:37:55 EDT 2019 org.apache.commons.lang.enums.Enum,337
Mon Sep 02 15:37:55 EDT 2019 Mon Sep 02 15:37:55 EDT 2019 : org.apache.commons.lang.enums.Enum,249=>Find no block
Mon Sep 02 15:37:56 EDT 2019 Mon Sep 02 15:37:56 EDT 2019 : org.apache.commons.lang.enums.Enum,254=>Find no block
Mon Sep 02 15:37:57 EDT 2019 org.apache.commons.lang.StringUtils,161
Mon Sep 02 15:37:57 EDT 2019 Mon Sep 02 15:37:57 EDT 2019 : org.apache.commons.lang.StringUtils,162=>Find no block
Mon Sep 02 15:37:58 EDT 2019 org.apache.commons.lang.StringUtils,203
Mon Sep 02 15:38:19 EDT 2019 org.apache.commons.lang.StringUtils,223
Mon Sep 02 15:41:56 EDT 2019 org.apache.commons.lang.StringUtils,224
Mon Sep 02 15:41:56 EDT 2019 org.apache.commons.lang.StringUtils,226
Mon Sep 02 15:46:45 EDT 2019 org.apache.commons.lang.StringUtils,227
Mon Sep 02 15:46:46 EDT 2019 org.apache.commons.lang.StringUtils,228
Mon Sep 02 15:46:46 EDT 2019 org.apache.commons.lang.StringUtils,231
Mon Sep 02 15:54:15 EDT 2019 org.apache.commons.lang.StringUtils,251
Mon Sep 02 15:55:05 EDT 2019 org.apache.commons.lang.StringUtils,276
Mon Sep 02 15:56:26 EDT 2019 org.apache.commons.lang.StringUtils,303
Mon Sep 02 15:58:00 EDT 2019 org.apache.commons.lang.StringUtils,329
Mon Sep 02 15:59:58 EDT 2019 org.apache.commons.lang.StringUtils,330
Mon Sep 02 15:59:58 EDT 2019 org.apache.commons.lang.StringUtils,355
Mon Sep 02 15:59:59 EDT 2019 org.apache.commons.lang.StringUtils,383
Mon Sep 02 16:04:26 EDT 2019 org.apache.commons.lang.StringUtils,410
Mon Sep 02 16:07:43 EDT 2019 org.apache.commons.lang.StringUtils,411
Mon Sep 02 16:07:44 EDT 2019 org.apache.commons.lang.StringUtils,413
Mon Sep 02 16:14:34 EDT 2019 org.apache.commons.lang.StringUtils,414
Mon Sep 02 16:14:35 EDT 2019 org.apache.commons.lang.StringUtils,440
Mon Sep 02 16:15:49 EDT 2019 org.apache.commons.lang.StringUtils,470
Mon Sep 02 16:16:41 EDT 2019 org.apache.commons.lang.StringUtils,471
Mon Sep 02 16:16:42 EDT 2019 org.apache.commons.lang.StringUtils,473
Mon Sep 02 16:21:51 EDT 2019 org.apache.commons.lang.StringUtils,474
Mon Sep 02 16:21:52 EDT 2019 org.apache.commons.lang.StringUtils,503
Mon Sep 02 16:29:10 EDT 2019 org.apache.commons.lang.StringUtils,504
Mon Sep 02 16:29:12 EDT 2019 org.apache.commons.lang.StringUtils,506
Mon Sep 02 16:36:07 EDT 2019 org.apache.commons.lang.StringUtils,507
Mon Sep 02 17:07:35 EDT 2019 org.apache.commons.lang.StringUtils,508
Mon Sep 02 17:07:37 EDT 2019 org.apache.commons.lang.StringUtils,509
Mon Sep 02 17:07:38 EDT 2019 org.apache.commons.lang.StringUtils,511
Mon Sep 02 17:07:39 EDT 2019 org.apache.commons.lang.StringUtils,512
Mon Sep 02 17:07:40 EDT 2019 org.apache.commons.lang.StringUtils,514
Mon Sep 02 17:07:42 EDT 2019 org.apache.commons.lang.StringUtils,515
Mon Sep 02 17:07:43 EDT 2019 org.apache.commons.lang.StringUtils,518
Mon Sep 02 17:50:38 EDT 2019 org.apache.commons.lang.StringUtils,547
Mon Sep 02 17:57:48 EDT 2019 org.apache.commons.lang.StringUtils,548
Mon Sep 02 17:57:48 EDT 2019 org.apache.commons.lang.StringUtils,551
Mon Sep 02 18:20:46 EDT 2019 org.apache.commons.lang.StringUtils,552
Mon Sep 02 18:20:48 EDT 2019 org.apache.commons.lang.StringUtils,553
Mon Sep 02 18:20:49 EDT 2019 org.apache.commons.lang.StringUtils,555
Mon Sep 02 18:20:50 EDT 2019 org.apache.commons.lang.StringUtils,556
Mon Sep 02 18:20:51 EDT 2019 org.apache.commons.lang.StringUtils,558
Mon Sep 02 18:20:52 EDT 2019 org.apache.commons.lang.StringUtils,559
Mon Sep 02 18:20:54 EDT 2019 org.apache.commons.lang.StringUtils,562
Mon Sep 02 18:56:55 EDT 2019 org.apache.commons.lang.StringUtils,587
Mon Sep 02 18:56:57 EDT 2019 org.apache.commons.lang.StringUtils,617
Mon Sep 02 19:00:04 EDT 2019 org.apache.commons.lang.StringUtils,618
Mon Sep 02 19:00:06 EDT 2019 org.apache.commons.lang.StringUtils,620
Mon Sep 02 19:11:01 EDT 2019 org.apache.commons.lang.StringUtils,621
Mon Sep 02 19:11:02 EDT 2019 org.apache.commons.lang.StringUtils,622
Mon Sep 02 19:11:04 EDT 2019 org.apache.commons.lang.StringUtils,624
Mon Sep 02 19:11:05 EDT 2019 org.apache.commons.lang.StringUtils,650
Mon Sep 02 19:11:43 EDT 2019 org.apache.commons.lang.StringUtils,675
Mon Sep 02 19:12:11 EDT 2019 org.apache.commons.lang.StringUtils,700
Mon Sep 02 19:12:54 EDT 2019 org.apache.commons.lang.StringUtils,701
Mon Sep 02 19:12:56 EDT 2019 org.apache.commons.lang.StringUtils,703
Mon Sep 02 19:20:25 EDT 2019 org.apache.commons.lang.StringUtils,732
Mon Sep 02 19:20:26 EDT 2019 org.apache.commons.lang.StringUtils,733
Mon Sep 02 19:20:28 EDT 2019 org.apache.commons.lang.StringUtils,735
Mon Sep 02 19:26:52 EDT 2019 org.apache.commons.lang.StringUtils,761
Mon Sep 02 19:31:28 EDT 2019 org.apache.commons.lang.StringUtils,762
Mon Sep 02 19:31:30 EDT 2019 org.apache.commons.lang.StringUtils,764
Mon Sep 02 19:39:47 EDT 2019 org.apache.commons.lang.StringUtils,795
Mon Sep 02 19:43:25 EDT 2019 org.apache.commons.lang.StringUtils,796
Mon Sep 02 19:43:26 EDT 2019 org.apache.commons.lang.StringUtils,798
Mon Sep 02 19:46:33 EDT 2019 org.apache.commons.lang.StringUtils,799
Mon Sep 02 19:46:34 EDT 2019 org.apache.commons.lang.StringUtils,801
Mon Sep 02 19:54:04 EDT 2019 org.apache.commons.lang.StringUtils,802
Mon Sep 02 20:05:24 EDT 2019 org.apache.commons.lang.StringUtils,804
Mon Sep 02 20:05:24 EDT 2019 org.apache.commons.lang.StringUtils,805
Mon Sep 02 20:05:25 EDT 2019 org.apache.commons.lang.StringUtils,806
Mon Sep 02 20:05:27 EDT 2019 org.apache.commons.lang.StringUtils,808
Mon Sep 02 20:05:28 EDT 2019 org.apache.commons.lang.StringUtils,809
Mon Sep 02 20:05:29 EDT 2019 org.apache.commons.lang.StringUtils,810
Mon Sep 02 20:10:23 EDT 2019 org.apache.commons.lang.StringUtils,845
Mon Sep 02 20:10:24 EDT 2019 org.apache.commons.lang.StringUtils,846
Mon Sep 02 20:10:24 EDT 2019 org.apache.commons.lang.StringUtils,849
Mon Sep 02 20:18:03 EDT 2019 org.apache.commons.lang.StringUtils,850
Mon Sep 02 20:18:04 EDT 2019 org.apache.commons.lang.StringUtils,852
Timeout time : 19/09/02 20:24
