=================================================
Project : lang_65	start : 19/09/02 15:24
Current failed test : org.apache.commons.lang.time.DateUtilsTest::testTruncateLang59_purify_7 | 19/09/02 15:25
Mon Sep 02 15:25:20 EDT 2019 org.apache.commons.lang.time.DateUtils,543
Mon Sep 02 15:25:21 EDT 2019 org.apache.commons.lang.time.DateUtils,546
Mon Sep 02 15:26:14 EDT 2019 org.apache.commons.lang.time.DateUtils,547
Mon Sep 02 15:26:16 EDT 2019 org.apache.commons.lang.time.DateUtils,548
Mon Sep 02 15:26:16 EDT 2019 org.apache.commons.lang.time.DateUtils,549
Mon Sep 02 15:26:17 EDT 2019 org.apache.commons.lang.time.DateUtils,620
Mon Sep 02 15:26:46 EDT 2019 org.apache.commons.lang.time.DateUtils,641
Mon Sep 02 15:27:10 EDT 2019 org.apache.commons.lang.time.DateUtils,642
Mon Sep 02 16:01:24 EDT 2019 org.apache.commons.lang.time.DateUtils,643
Mon Sep 02 16:01:27 EDT 2019 org.apache.commons.lang.time.DateUtils,644
Mon Sep 02 16:01:29 EDT 2019 org.apache.commons.lang.time.DateUtils,646
Mon Sep 02 16:01:30 EDT 2019 org.apache.commons.lang.time.DateUtils,663
Timeout time : 19/09/02 16:02
Current failed test : org.apache.commons.lang.time.DateUtilsTest::testTruncateLang59_purify_9 | 19/09/02 16:02
Mon Sep 02 16:03:16 EDT 2019 org.apache.commons.lang.time.DateUtils,543
Mon Sep 02 16:03:22 EDT 2019 org.apache.commons.lang.time.DateUtils,546
Mon Sep 02 16:04:46 EDT 2019 org.apache.commons.lang.time.DateUtils,547
Mon Sep 02 16:04:46 EDT 2019 org.apache.commons.lang.time.DateUtils,548
Mon Sep 02 16:04:47 EDT 2019 org.apache.commons.lang.time.DateUtils,549
Mon Sep 02 16:04:48 EDT 2019 org.apache.commons.lang.time.DateUtils,620
Mon Sep 02 16:05:32 EDT 2019 org.apache.commons.lang.time.DateUtils,641
Mon Sep 02 16:06:21 EDT 2019 org.apache.commons.lang.time.DateUtils,642
Timeout time : 19/09/02 16:40
Current failed test : org.apache.commons.lang.time.DateUtilsTest::testTruncateLang59_purify_10 | 19/09/02 16:40
Mon Sep 02 16:40:54 EDT 2019 org.apache.commons.lang.time.DateUtils,543
Mon Sep 02 16:40:57 EDT 2019 org.apache.commons.lang.time.DateUtils,546
Mon Sep 02 16:42:19 EDT 2019 org.apache.commons.lang.time.DateUtils,547
Mon Sep 02 16:42:20 EDT 2019 org.apache.commons.lang.time.DateUtils,548
Mon Sep 02 16:42:21 EDT 2019 org.apache.commons.lang.time.DateUtils,549
Mon Sep 02 16:42:22 EDT 2019 org.apache.commons.lang.time.DateUtils,620
Mon Sep 02 16:43:20 EDT 2019 org.apache.commons.lang.time.DateUtils,641
Mon Sep 02 16:44:19 EDT 2019 org.apache.commons.lang.time.DateUtils,642
Timeout time : 19/09/02 17:18
Current failed test : org.apache.commons.lang.time.DateUtilsTest::testTruncateLang59_purify_12 | 19/09/02 17:18
Mon Sep 02 17:18:41 EDT 2019 org.apache.commons.lang.time.DateUtils,543
Mon Sep 02 17:18:43 EDT 2019 org.apache.commons.lang.time.DateUtils,546
Mon Sep 02 17:20:05 EDT 2019 org.apache.commons.lang.time.DateUtils,547
Mon Sep 02 17:20:06 EDT 2019 org.apache.commons.lang.time.DateUtils,548
Mon Sep 02 17:20:08 EDT 2019 org.apache.commons.lang.time.DateUtils,549
Mon Sep 02 17:20:09 EDT 2019 org.apache.commons.lang.time.DateUtils,620
Mon Sep 02 17:21:07 EDT 2019 org.apache.commons.lang.time.DateUtils,641
Mon Sep 02 17:22:07 EDT 2019 org.apache.commons.lang.time.DateUtils,642
Timeout time : 19/09/02 17:55
Current failed test : org.apache.commons.lang.time.DateUtilsTest::testTruncateLang59_purify_13 | 19/09/02 17:55
Mon Sep 02 17:56:36 EDT 2019 org.apache.commons.lang.time.DateUtils,543
Mon Sep 02 17:56:40 EDT 2019 org.apache.commons.lang.time.DateUtils,546
Mon Sep 02 17:58:10 EDT 2019 org.apache.commons.lang.time.DateUtils,547
Mon Sep 02 17:58:11 EDT 2019 org.apache.commons.lang.time.DateUtils,548
Mon Sep 02 17:58:13 EDT 2019 org.apache.commons.lang.time.DateUtils,549
Mon Sep 02 17:58:14 EDT 2019 org.apache.commons.lang.time.DateUtils,620
Mon Sep 02 17:59:15 EDT 2019 org.apache.commons.lang.time.DateUtils,641
Mon Sep 02 18:00:18 EDT 2019 org.apache.commons.lang.time.DateUtils,642
Timeout time : 19/09/02 18:33
Current failed test : org.apache.commons.lang.time.DateUtilsTest::testTruncateLang59_purify_15 | 19/09/02 18:33
Mon Sep 02 18:34:31 EDT 2019 org.apache.commons.lang.time.DateUtils,543
Mon Sep 02 18:34:35 EDT 2019 org.apache.commons.lang.time.DateUtils,546
Mon Sep 02 18:36:06 EDT 2019 org.apache.commons.lang.time.DateUtils,547
Mon Sep 02 18:36:08 EDT 2019 org.apache.commons.lang.time.DateUtils,548
Mon Sep 02 18:36:10 EDT 2019 org.apache.commons.lang.time.DateUtils,549
Mon Sep 02 18:36:11 EDT 2019 org.apache.commons.lang.time.DateUtils,620
Mon Sep 02 18:37:10 EDT 2019 org.apache.commons.lang.time.DateUtils,641
Mon Sep 02 18:38:12 EDT 2019 org.apache.commons.lang.time.DateUtils,642
Timeout time : 19/09/02 19:11
Current failed test : org.apache.commons.lang.time.DateUtilsTest::testTruncateLang59_purify_16 | 19/09/02 19:11
Mon Sep 02 19:12:06 EDT 2019 org.apache.commons.lang.time.DateUtils,543
Mon Sep 02 19:12:09 EDT 2019 org.apache.commons.lang.time.DateUtils,546
Mon Sep 02 19:13:33 EDT 2019 org.apache.commons.lang.time.DateUtils,547
Mon Sep 02 19:13:34 EDT 2019 org.apache.commons.lang.time.DateUtils,548
Mon Sep 02 19:13:35 EDT 2019 org.apache.commons.lang.time.DateUtils,549
Mon Sep 02 19:13:36 EDT 2019 org.apache.commons.lang.time.DateUtils,620
Mon Sep 02 19:14:35 EDT 2019 org.apache.commons.lang.time.DateUtils,641
Mon Sep 02 19:15:35 EDT 2019 org.apache.commons.lang.time.DateUtils,642
Timeout time : 19/09/02 19:49
Current failed test : org.apache.commons.lang.time.DateUtilsTest::testTruncateLang59_purify_18 | 19/09/02 19:49
Mon Sep 02 19:49:43 EDT 2019 org.apache.commons.lang.time.DateUtils,543
Mon Sep 02 19:49:46 EDT 2019 org.apache.commons.lang.time.DateUtils,546
Mon Sep 02 19:51:07 EDT 2019 org.apache.commons.lang.time.DateUtils,547
Mon Sep 02 19:51:08 EDT 2019 org.apache.commons.lang.time.DateUtils,548
Mon Sep 02 19:51:08 EDT 2019 org.apache.commons.lang.time.DateUtils,549
Mon Sep 02 19:51:10 EDT 2019 org.apache.commons.lang.time.DateUtils,620
Mon Sep 02 19:52:05 EDT 2019 org.apache.commons.lang.time.DateUtils,641
Mon Sep 02 19:53:00 EDT 2019 org.apache.commons.lang.time.DateUtils,642
Timeout time : 19/09/02 20:26
