=================================================
Project : lang_7	start : 19/09/02 15:24
Current failed test : org.apache.commons.lang3.math.NumberUtilsTest::testCreateNumber | 19/09/02 15:24
Mon Sep 02 15:25:16 EDT 2019 org.apache.commons.lang3.math.NumberUtils,458
Mon Sep 02 15:26:31 EDT 2019 org.apache.commons.lang3.math.NumberUtils,486
Mon Sep 02 15:33:43 EDT 2019 Mon Sep 02 15:33:43 EDT 2019 : org.apache.commons.lang3.math.NumberUtils,511=>Find no block
Mon Sep 02 15:33:43 EDT 2019 org.apache.commons.lang3.math.NumberUtils,514
Mon Sep 02 15:35:11 EDT 2019 Mon Sep 02 15:35:11 EDT 2019 : org.apache.commons.lang3.math.NumberUtils,530=>Find no block
Mon Sep 02 15:35:11 EDT 2019 Mon Sep 02 15:35:11 EDT 2019 : org.apache.commons.lang3.math.NumberUtils,541=>Find no block
Mon Sep 02 15:35:11 EDT 2019 Mon Sep 02 15:35:11 EDT 2019 : org.apache.commons.lang3.math.NumberUtils,584=>Find no block
Mon Sep 02 15:35:11 EDT 2019 org.apache.commons.lang3.math.NumberUtils,587
Mon Sep 02 15:35:35 EDT 2019 org.apache.commons.lang3.math.NumberUtils,588
Mon Sep 02 15:35:36 EDT 2019 Mon Sep 02 15:35:36 EDT 2019 : org.apache.commons.lang3.SystemUtils,89=>Find no block
Mon Sep 02 15:35:36 EDT 2019 Mon Sep 02 15:35:36 EDT 2019 : org.apache.commons.lang3.SystemUtils,111=>Find no block
Mon Sep 02 15:35:37 EDT 2019 Mon Sep 02 15:35:37 EDT 2019 : org.apache.commons.lang3.SystemUtils,129=>Find no block
Mon Sep 02 15:35:39 EDT 2019 Mon Sep 02 15:35:39 EDT 2019 : org.apache.commons.lang3.SystemUtils,147=>Find no block
Mon Sep 02 15:35:41 EDT 2019 Mon Sep 02 15:35:41 EDT 2019 : org.apache.commons.lang3.SystemUtils,165=>Find no block
Mon Sep 02 15:35:42 EDT 2019 Mon Sep 02 15:35:42 EDT 2019 : org.apache.commons.lang3.SystemUtils,186=>Find no block
Mon Sep 02 15:35:45 EDT 2019 Mon Sep 02 15:35:45 EDT 2019 : org.apache.commons.lang3.SystemUtils,204=>Find no block
Mon Sep 02 15:35:45 EDT 2019 Mon Sep 02 15:35:45 EDT 2019 : org.apache.commons.lang3.SystemUtils,222=>Find no block
Mon Sep 02 15:35:45 EDT 2019 Mon Sep 02 15:35:45 EDT 2019 : org.apache.commons.lang3.SystemUtils,240=>Find no block
Mon Sep 02 15:35:46 EDT 2019 Mon Sep 02 15:35:46 EDT 2019 : org.apache.commons.lang3.SystemUtils,259=>Find no block
Mon Sep 02 15:35:46 EDT 2019 Mon Sep 02 15:35:46 EDT 2019 : org.apache.commons.lang3.SystemUtils,277=>Find no block
Mon Sep 02 15:35:46 EDT 2019 Mon Sep 02 15:35:46 EDT 2019 : org.apache.commons.lang3.SystemUtils,295=>Find no block
Mon Sep 02 15:35:47 EDT 2019 Mon Sep 02 15:35:47 EDT 2019 : org.apache.commons.lang3.SystemUtils,313=>Find no block
Mon Sep 02 15:35:47 EDT 2019 Mon Sep 02 15:35:47 EDT 2019 : org.apache.commons.lang3.SystemUtils,331=>Find no block
Mon Sep 02 15:35:47 EDT 2019 Mon Sep 02 15:35:47 EDT 2019 : org.apache.commons.lang3.SystemUtils,349=>Find no block
Mon Sep 02 15:35:47 EDT 2019 Mon Sep 02 15:35:47 EDT 2019 : org.apache.commons.lang3.SystemUtils,368=>Find no block
Mon Sep 02 15:35:48 EDT 2019 Mon Sep 02 15:35:48 EDT 2019 : org.apache.commons.lang3.SystemUtils,387=>Find no block
Mon Sep 02 15:35:48 EDT 2019 Mon Sep 02 15:35:48 EDT 2019 : org.apache.commons.lang3.SystemUtils,405=>Find no block
Mon Sep 02 15:35:48 EDT 2019 Mon Sep 02 15:35:48 EDT 2019 : org.apache.commons.lang3.SystemUtils,423=>Find no block
Mon Sep 02 15:35:48 EDT 2019 Mon Sep 02 15:35:48 EDT 2019 : org.apache.commons.lang3.SystemUtils,441=>Find no block
Mon Sep 02 15:35:49 EDT 2019 Mon Sep 02 15:35:49 EDT 2019 : org.apache.commons.lang3.SystemUtils,442=>Find no block
Mon Sep 02 15:35:49 EDT 2019 Mon Sep 02 15:35:49 EDT 2019 : org.apache.commons.lang3.SystemUtils,461=>Find no block
Mon Sep 02 15:35:49 EDT 2019 Mon Sep 02 15:35:49 EDT 2019 : org.apache.commons.lang3.SystemUtils,480=>Find no block
Mon Sep 02 15:35:49 EDT 2019 Mon Sep 02 15:35:49 EDT 2019 : org.apache.commons.lang3.SystemUtils,498=>Find no block
Mon Sep 02 15:35:50 EDT 2019 Mon Sep 02 15:35:50 EDT 2019 : org.apache.commons.lang3.SystemUtils,516=>Find no block
Mon Sep 02 15:35:50 EDT 2019 Mon Sep 02 15:35:50 EDT 2019 : org.apache.commons.lang3.SystemUtils,535=>Find no block
Mon Sep 02 15:35:50 EDT 2019 Mon Sep 02 15:35:50 EDT 2019 : org.apache.commons.lang3.SystemUtils,553=>Find no block
Mon Sep 02 15:35:50 EDT 2019 Mon Sep 02 15:35:50 EDT 2019 : org.apache.commons.lang3.SystemUtils,571=>Find no block
Mon Sep 02 15:35:51 EDT 2019 Mon Sep 02 15:35:51 EDT 2019 : org.apache.commons.lang3.SystemUtils,589=>Find no block
Mon Sep 02 15:35:51 EDT 2019 Mon Sep 02 15:35:51 EDT 2019 : org.apache.commons.lang3.SystemUtils,607=>Find no block
Mon Sep 02 15:35:51 EDT 2019 Mon Sep 02 15:35:51 EDT 2019 : org.apache.commons.lang3.SystemUtils,625=>Find no block
Mon Sep 02 15:35:51 EDT 2019 Mon Sep 02 15:35:51 EDT 2019 : org.apache.commons.lang3.SystemUtils,643=>Find no block
Mon Sep 02 15:35:52 EDT 2019 Mon Sep 02 15:35:52 EDT 2019 : org.apache.commons.lang3.SystemUtils,661=>Find no block
Mon Sep 02 15:35:52 EDT 2019 Mon Sep 02 15:35:52 EDT 2019 : org.apache.commons.lang3.SystemUtils,679=>Find no block
Mon Sep 02 15:35:52 EDT 2019 Mon Sep 02 15:35:52 EDT 2019 : org.apache.commons.lang3.SystemUtils,697=>Find no block
Mon Sep 02 15:35:52 EDT 2019 Mon Sep 02 15:35:52 EDT 2019 : org.apache.commons.lang3.SystemUtils,715=>Find no block
Mon Sep 02 15:35:53 EDT 2019 Mon Sep 02 15:35:53 EDT 2019 : org.apache.commons.lang3.SystemUtils,733=>Find no block
Mon Sep 02 15:35:53 EDT 2019 Mon Sep 02 15:35:53 EDT 2019 : org.apache.commons.lang3.SystemUtils,753=>Find no block
Mon Sep 02 15:35:53 EDT 2019 Mon Sep 02 15:35:53 EDT 2019 : org.apache.commons.lang3.SystemUtils,772=>Find no block
Mon Sep 02 15:35:53 EDT 2019 Mon Sep 02 15:35:53 EDT 2019 : org.apache.commons.lang3.SystemUtils,790=>Find no block
Mon Sep 02 15:35:53 EDT 2019 Mon Sep 02 15:35:53 EDT 2019 : org.apache.commons.lang3.SystemUtils,809=>Find no block
Mon Sep 02 15:35:54 EDT 2019 Mon Sep 02 15:35:54 EDT 2019 : org.apache.commons.lang3.SystemUtils,827=>Find no block
Mon Sep 02 15:35:54 EDT 2019 Mon Sep 02 15:35:54 EDT 2019 : org.apache.commons.lang3.SystemUtils,845=>Find no block
Mon Sep 02 15:35:54 EDT 2019 Mon Sep 02 15:35:54 EDT 2019 : org.apache.commons.lang3.SystemUtils,860=>Find no block
Mon Sep 02 15:35:54 EDT 2019 Mon Sep 02 15:35:54 EDT 2019 : org.apache.commons.lang3.SystemUtils,870=>Find no block
Mon Sep 02 15:35:55 EDT 2019 Mon Sep 02 15:35:55 EDT 2019 : org.apache.commons.lang3.SystemUtils,880=>Find no block
Mon Sep 02 15:35:55 EDT 2019 Mon Sep 02 15:35:55 EDT 2019 : org.apache.commons.lang3.SystemUtils,890=>Find no block
Mon Sep 02 15:35:55 EDT 2019 Mon Sep 02 15:35:55 EDT 2019 : org.apache.commons.lang3.SystemUtils,900=>Find no block
Mon Sep 02 15:35:55 EDT 2019 Mon Sep 02 15:35:55 EDT 2019 : org.apache.commons.lang3.SystemUtils,910=>Find no block
Mon Sep 02 15:35:56 EDT 2019 Mon Sep 02 15:35:56 EDT 2019 : org.apache.commons.lang3.SystemUtils,922=>Find no block
Mon Sep 02 15:35:56 EDT 2019 Mon Sep 02 15:35:56 EDT 2019 : org.apache.commons.lang3.SystemUtils,942=>Find no block
Mon Sep 02 15:35:56 EDT 2019 Mon Sep 02 15:35:56 EDT 2019 : org.apache.commons.lang3.SystemUtils,954=>Find no block
Mon Sep 02 15:35:56 EDT 2019 Mon Sep 02 15:35:56 EDT 2019 : org.apache.commons.lang3.SystemUtils,966=>Find no block
Mon Sep 02 15:35:57 EDT 2019 Mon Sep 02 15:35:57 EDT 2019 : org.apache.commons.lang3.SystemUtils,978=>Find no block
Mon Sep 02 15:35:57 EDT 2019 Mon Sep 02 15:35:57 EDT 2019 : org.apache.commons.lang3.SystemUtils,990=>Find no block
Mon Sep 02 15:35:57 EDT 2019 Mon Sep 02 15:35:57 EDT 2019 : org.apache.commons.lang3.SystemUtils,1002=>Find no block
Mon Sep 02 15:35:57 EDT 2019 Mon Sep 02 15:35:57 EDT 2019 : org.apache.commons.lang3.SystemUtils,1014=>Find no block
Mon Sep 02 15:35:57 EDT 2019 Mon Sep 02 15:35:57 EDT 2019 : org.apache.commons.lang3.SystemUtils,1026=>Find no block
Mon Sep 02 15:35:58 EDT 2019 Mon Sep 02 15:35:58 EDT 2019 : org.apache.commons.lang3.SystemUtils,1038=>Find no block
Mon Sep 02 15:35:58 EDT 2019 Mon Sep 02 15:35:58 EDT 2019 : org.apache.commons.lang3.SystemUtils,1050=>Find no block
Mon Sep 02 15:35:58 EDT 2019 Mon Sep 02 15:35:58 EDT 2019 : org.apache.commons.lang3.SystemUtils,1062=>Find no block
Mon Sep 02 15:35:58 EDT 2019 Mon Sep 02 15:35:58 EDT 2019 : org.apache.commons.lang3.SystemUtils,1074=>Find no block
Mon Sep 02 15:35:59 EDT 2019 Mon Sep 02 15:35:59 EDT 2019 : org.apache.commons.lang3.SystemUtils,1086=>Find no block
Mon Sep 02 15:35:59 EDT 2019 Mon Sep 02 15:35:59 EDT 2019 : org.apache.commons.lang3.SystemUtils,1099=>Find no block
Mon Sep 02 15:35:59 EDT 2019 Mon Sep 02 15:35:59 EDT 2019 : org.apache.commons.lang3.SystemUtils,1111=>Find no block
Mon Sep 02 15:35:59 EDT 2019 Mon Sep 02 15:35:59 EDT 2019 : org.apache.commons.lang3.SystemUtils,1123=>Find no block
Mon Sep 02 15:36:00 EDT 2019 Mon Sep 02 15:36:00 EDT 2019 : org.apache.commons.lang3.SystemUtils,1135=>Find no block
Mon Sep 02 15:36:00 EDT 2019 Mon Sep 02 15:36:00 EDT 2019 : org.apache.commons.lang3.SystemUtils,1147=>Find no block
Mon Sep 02 15:36:00 EDT 2019 Mon Sep 02 15:36:00 EDT 2019 : org.apache.commons.lang3.SystemUtils,1160=>Find no block
Mon Sep 02 15:36:00 EDT 2019 Mon Sep 02 15:36:00 EDT 2019 : org.apache.commons.lang3.SystemUtils,1173=>Find no block
Mon Sep 02 15:36:00 EDT 2019 Mon Sep 02 15:36:00 EDT 2019 : org.apache.commons.lang3.SystemUtils,1186=>Find no block
Mon Sep 02 15:36:01 EDT 2019 Mon Sep 02 15:36:01 EDT 2019 : org.apache.commons.lang3.SystemUtils,1199=>Find no block
Mon Sep 02 15:36:01 EDT 2019 Mon Sep 02 15:36:01 EDT 2019 : org.apache.commons.lang3.SystemUtils,1212=>Find no block
Mon Sep 02 15:36:01 EDT 2019 Mon Sep 02 15:36:01 EDT 2019 : org.apache.commons.lang3.SystemUtils,1224=>Find no block
Mon Sep 02 15:36:01 EDT 2019 Mon Sep 02 15:36:01 EDT 2019 : org.apache.commons.lang3.SystemUtils,1236=>Find no block
Mon Sep 02 15:36:02 EDT 2019 org.apache.commons.lang3.SystemUtils,1277
Mon Sep 02 15:36:03 EDT 2019 org.apache.commons.lang3.SystemUtils,1288
Mon Sep 02 15:36:22 EDT 2019 org.apache.commons.lang3.SystemUtils,1298
Mon Sep 02 15:36:41 EDT 2019 org.apache.commons.lang3.SystemUtils,1316
Mon Sep 02 15:36:43 EDT 2019 org.apache.commons.lang3.SystemUtils,1383
Mon Sep 02 15:36:44 EDT 2019 org.apache.commons.lang3.SystemUtils,1399
Mon Sep 02 15:36:44 EDT 2019 org.apache.commons.lang3.SystemUtils,1402
Mon Sep 02 15:37:25 EDT 2019 org.apache.commons.lang3.SystemUtils,1418
Mon Sep 02 15:37:26 EDT 2019 org.apache.commons.lang3.SystemUtils,1421
Mon Sep 02 15:37:28 EDT 2019 org.apache.commons.lang3.SystemUtils,1435
Mon Sep 02 15:37:47 EDT 2019 org.apache.commons.lang3.SystemUtils,1438
Mon Sep 02 15:38:24 EDT 2019 Mon Sep 02 15:38:24 EDT 2019 : org.apache.commons.lang3.JavaVersion,89=>Find no block
Mon Sep 02 15:38:24 EDT 2019 org.apache.commons.lang3.JavaVersion,90
Mon Sep 02 15:38:35 EDT 2019 org.apache.commons.lang3.JavaVersion,91
Mon Sep 02 15:38:35 EDT 2019 Mon Sep 02 15:38:35 EDT 2019 : org.apache.commons.lang3.JavaVersion,92=>Find no block
Mon Sep 02 15:38:35 EDT 2019 Mon Sep 02 15:38:35 EDT 2019 : org.apache.commons.lang3.JavaVersion,32=>Find no block
Mon Sep 02 15:38:36 EDT 2019 Mon Sep 02 15:38:36 EDT 2019 : org.apache.commons.lang3.JavaVersion,37=>Find no block
Mon Sep 02 15:38:36 EDT 2019 Mon Sep 02 15:38:36 EDT 2019 : org.apache.commons.lang3.JavaVersion,42=>Find no block
Mon Sep 02 15:38:36 EDT 2019 Mon Sep 02 15:38:36 EDT 2019 : org.apache.commons.lang3.JavaVersion,47=>Find no block
Mon Sep 02 15:38:36 EDT 2019 Mon Sep 02 15:38:36 EDT 2019 : org.apache.commons.lang3.JavaVersion,52=>Find no block
Mon Sep 02 15:38:37 EDT 2019 Mon Sep 02 15:38:37 EDT 2019 : org.apache.commons.lang3.JavaVersion,57=>Find no block
Mon Sep 02 15:38:37 EDT 2019 Mon Sep 02 15:38:37 EDT 2019 : org.apache.commons.lang3.JavaVersion,62=>Find no block
Mon Sep 02 15:38:37 EDT 2019 Mon Sep 02 15:38:37 EDT 2019 : org.apache.commons.lang3.JavaVersion,67=>Find no block
Mon Sep 02 15:38:37 EDT 2019 Mon Sep 02 15:38:37 EDT 2019 : org.apache.commons.lang3.JavaVersion,72=>Find no block
Mon Sep 02 15:38:38 EDT 2019 Mon Sep 02 15:38:38 EDT 2019 : org.apache.commons.lang3.JavaVersion,27=>Find no block
Mon Sep 02 15:38:38 EDT 2019 org.apache.commons.lang3.JavaVersion,105
Mon Sep 02 15:39:05 EDT 2019 org.apache.commons.lang3.JavaVersion,132
Mon Sep 02 15:46:19 EDT 2019 org.apache.commons.lang3.JavaVersion,134
Mon Sep 02 15:46:19 EDT 2019 org.apache.commons.lang3.JavaVersion,136
Mon Sep 02 15:46:19 EDT 2019 org.apache.commons.lang3.JavaVersion,138
Mon Sep 02 15:46:19 EDT 2019 org.apache.commons.lang3.JavaVersion,140
Mon Sep 02 15:46:20 EDT 2019 org.apache.commons.lang3.JavaVersion,142
Mon Sep 02 15:46:20 EDT 2019 org.apache.commons.lang3.JavaVersion,144
Mon Sep 02 15:46:20 EDT 2019 org.apache.commons.lang3.JavaVersion,146
Mon Sep 02 15:46:21 EDT 2019 org.apache.commons.lang3.JavaVersion,147
Mon Sep 02 15:46:21 EDT 2019 org.apache.commons.lang3.math.NumberUtils,447
Mon Sep 02 15:47:20 EDT 2019 org.apache.commons.lang3.math.NumberUtils,453
Mon Sep 02 15:48:11 EDT 2019 org.apache.commons.lang3.math.NumberUtils,456
Mon Sep 02 15:53:14 EDT 2019 org.apache.commons.lang3.math.NumberUtils,457
Mon Sep 02 15:53:14 EDT 2019 org.apache.commons.lang3.math.NumberUtils,460
Mon Sep 02 15:53:17 EDT 2019 org.apache.commons.lang3.math.NumberUtils,463
Mon Sep 02 15:53:18 EDT 2019 org.apache.commons.lang3.math.NumberUtils,474
Mon Sep 02 16:13:13 EDT 2019 org.apache.commons.lang3.math.NumberUtils,475
Mon Sep 02 16:13:13 EDT 2019 org.apache.commons.lang3.math.NumberUtils,478
Mon Sep 02 16:13:13 EDT 2019 org.apache.commons.lang3.math.NumberUtils,480
Mon Sep 02 16:13:13 EDT 2019 org.apache.commons.lang3.math.NumberUtils,482
Mon Sep 02 16:20:13 EDT 2019 org.apache.commons.lang3.math.NumberUtils,485
Mon Sep 02 16:20:13 EDT 2019 org.apache.commons.lang3.math.NumberUtils,496
Mon Sep 02 16:25:23 EDT 2019 org.apache.commons.lang3.math.NumberUtils,521
Mon Sep 02 16:25:47 EDT 2019 org.apache.commons.lang3.math.NumberUtils,522
Mon Sep 02 16:26:11 EDT 2019 org.apache.commons.lang3.math.NumberUtils,525
Mon Sep 02 16:26:12 EDT 2019 org.apache.commons.lang3.math.NumberUtils,535
Mon Sep 02 16:26:40 EDT 2019 org.apache.commons.lang3.math.NumberUtils,536
Mon Sep 02 16:27:03 EDT 2019 org.apache.commons.lang3.math.NumberUtils,537
Mon Sep 02 16:27:04 EDT 2019 org.apache.commons.lang3.math.NumberUtils,543
Mon Sep 02 16:27:33 EDT 2019 org.apache.commons.lang3.math.NumberUtils,555
Mon Sep 02 16:32:39 EDT 2019 org.apache.commons.lang3.math.NumberUtils,556
Mon Sep 02 16:32:40 EDT 2019 org.apache.commons.lang3.math.NumberUtils,558
Mon Sep 02 16:32:40 EDT 2019 org.apache.commons.lang3.math.NumberUtils,560
Mon Sep 02 16:34:34 EDT 2019 org.apache.commons.lang3.math.NumberUtils,563
Mon Sep 02 16:34:53 EDT 2019 Mon Sep 02 16:34:53 EDT 2019 : org.apache.commons.lang3.math.NumberUtils,564=>Find no block
Mon Sep 02 16:34:53 EDT 2019 org.apache.commons.lang3.math.NumberUtils,568
Mon Sep 02 16:35:13 EDT 2019 Mon Sep 02 16:35:13 EDT 2019 : org.apache.commons.lang3.math.NumberUtils,569=>Find no block
Mon Sep 02 16:35:14 EDT 2019 org.apache.commons.lang3.math.NumberUtils,572
Mon Sep 02 16:35:37 EDT 2019 org.apache.commons.lang3.math.NumberUtils,576
Mon Sep 02 16:35:58 EDT 2019 org.apache.commons.lang3.math.NumberUtils,578
Mon Sep 02 16:36:22 EDT 2019 org.apache.commons.lang3.math.NumberUtils,579
Mon Sep 02 16:36:22 EDT 2019 org.apache.commons.lang3.math.NumberUtils,580
Mon Sep 02 16:36:23 EDT 2019 org.apache.commons.lang3.math.NumberUtils,586
Mon Sep 02 16:36:51 EDT 2019 org.apache.commons.lang3.math.NumberUtils,446
Mon Sep 02 16:36:51 EDT 2019 org.apache.commons.lang3.math.NumberUtils,449
Mon Sep 02 16:38:27 EDT 2019 org.apache.commons.lang3.math.NumberUtils,452
Mon Sep 02 16:38:27 EDT 2019 org.apache.commons.lang3.math.NumberUtils,455
Mon Sep 02 16:38:27 EDT 2019 org.apache.commons.lang3.math.NumberUtils,465
Mon Sep 02 16:41:31 EDT 2019 org.apache.commons.lang3.math.NumberUtils,469
Mon Sep 02 16:44:13 EDT 2019 org.apache.commons.lang3.math.NumberUtils,470
Mon Sep 02 16:44:13 EDT 2019 org.apache.commons.lang3.math.NumberUtils,472
Mon Sep 02 17:01:50 EDT 2019 org.apache.commons.lang3.math.NumberUtils,484
Mon Sep 02 17:01:50 EDT 2019 org.apache.commons.lang3.math.NumberUtils,490
Mon Sep 02 17:01:51 EDT 2019 org.apache.commons.lang3.math.NumberUtils,492
Mon Sep 02 17:09:42 EDT 2019 org.apache.commons.lang3.math.NumberUtils,494
Mon Sep 02 17:14:25 EDT 2019 org.apache.commons.lang3.math.NumberUtils,495
Mon Sep 02 17:14:25 EDT 2019 org.apache.commons.lang3.math.NumberUtils,498
Mon Sep 02 17:14:26 EDT 2019 org.apache.commons.lang3.math.NumberUtils,501
Mon Sep 02 17:21:48 EDT 2019 org.apache.commons.lang3.math.NumberUtils,502
Mon Sep 02 17:21:49 EDT 2019 Mon Sep 02 17:21:49 EDT 2019 : org.apache.commons.lang3.math.NumberUtils,503=>Find no block
Mon Sep 02 17:21:49 EDT 2019 org.apache.commons.lang3.math.NumberUtils,506
Mon Sep 02 17:21:49 EDT 2019 org.apache.commons.lang3.math.NumberUtils,510
Mon Sep 02 17:21:49 EDT 2019 org.apache.commons.lang3.math.NumberUtils,609
Mon Sep 02 17:22:44 EDT 2019 org.apache.commons.lang3.math.NumberUtils,612
Mon Sep 02 17:27:16 EDT 2019 org.apache.commons.lang3.math.NumberUtils,613
Mon Sep 02 17:27:16 EDT 2019 org.apache.commons.lang3.math.NumberUtils,614
Mon Sep 02 17:27:16 EDT 2019 org.apache.commons.lang3.math.NumberUtils,631
Mon Sep 02 17:27:17 EDT 2019 org.apache.commons.lang3.math.NumberUtils,634
Mon Sep 02 17:28:59 EDT 2019 org.apache.commons.lang3.math.NumberUtils,647
Mon Sep 02 17:28:59 EDT 2019 org.apache.commons.lang3.math.NumberUtils,650
Mon Sep 02 17:30:40 EDT 2019 org.apache.commons.lang3.math.NumberUtils,664
Mon Sep 02 17:30:40 EDT 2019 org.apache.commons.lang3.math.NumberUtils,668
Mon Sep 02 17:32:19 EDT 2019 org.apache.commons.lang3.math.NumberUtils,698
Mon Sep 02 17:32:19 EDT 2019 org.apache.commons.lang3.math.NumberUtils,701
Mon Sep 02 17:33:25 EDT 2019 org.apache.commons.lang3.math.NumberUtils,714
Mon Sep 02 17:33:25 EDT 2019 org.apache.commons.lang3.math.NumberUtils,718
Mon Sep 02 17:33:26 EDT 2019 org.apache.commons.lang3.math.NumberUtils,725
Mon Sep 02 17:35:03 EDT 2019 org.apache.commons.lang3.StringUtils,195
Mon Sep 02 17:35:29 EDT 2019 org.apache.commons.lang3.StringUtils,235
Mon Sep 02 17:38:51 EDT 2019 org.apache.commons.lang3.StringUtils,238
Mon Sep 02 17:43:39 EDT 2019 org.apache.commons.lang3.StringUtils,239
Mon Sep 02 17:43:39 EDT 2019 org.apache.commons.lang3.StringUtils,240
Mon Sep 02 17:43:39 EDT 2019 org.apache.commons.lang3.math.NumberUtils,682
Mon Sep 02 17:43:40 EDT 2019 org.apache.commons.lang3.math.NumberUtils,685
Mon Sep 02 17:45:17 EDT 2019 org.apache.commons.lang3.math.NumberUtils,1296
Mon Sep 02 17:45:54 EDT 2019 org.apache.commons.lang3.math.NumberUtils,1299
Mon Sep 02 17:47:24 EDT 2019 org.apache.commons.lang3.math.NumberUtils,1300
Mon Sep 02 17:47:25 EDT 2019 org.apache.commons.lang3.math.NumberUtils,1304
Mon Sep 02 17:49:32 EDT 2019 Mon Sep 02 17:49:32 EDT 2019 : org.apache.commons.lang3.StringUtils,159=>Find no block
Mon Sep 02 17:49:33 EDT 2019 Mon Sep 02 17:49:33 EDT 2019 : org.apache.commons.lang3.math.NumberUtils,33=>Find no block
Failed time : 19/09/02 17:49
