=================================================
Project : lang_8	start : 19/09/02 15:24
Current failed test : org.apache.commons.lang3.time.FastDatePrinterTest::testCalendarTimezoneRespected_purify_2 | 19/09/02 15:25
Mon Sep 02 15:25:45 EDT 2019 org.apache.commons.lang3.time.FastDateParser,570
Mon Sep 02 15:25:47 EDT 2019 org.apache.commons.lang3.time.FastDatePrinter,1004
Mon Sep 02 15:27:25 EDT 2019 org.apache.commons.lang3.time.FastDatePrinter,1005
Mon Sep 02 15:28:05 EDT 2019 org.apache.commons.lang3.time.FastDatePrinter,1006
Mon Sep 02 15:28:05 EDT 2019 org.apache.commons.lang3.time.FastDatePrinter,1008
Mon Sep 02 15:28:06 EDT 2019 Mon Sep 02 15:28:06 EDT 2019 : org.apache.commons.lang3.time.FastDatePrinter,1009=>Find no block
Mon Sep 02 15:28:06 EDT 2019 org.apache.commons.lang3.time.FastDatePrinter,1134
Mon Sep 02 15:28:20 EDT 2019 org.apache.commons.lang3.time.FastDatePrinter,1138
Mon Sep 02 15:28:21 EDT 2019 Mon Sep 02 15:28:21 EDT 2019 : org.apache.commons.lang3.time.FastDatePrinter,1140=>Find no block
Mon Sep 02 15:28:21 EDT 2019 org.apache.commons.lang3.time.FastDatePrinter,1238
Mon Sep 02 15:29:15 EDT 2019 org.apache.commons.lang3.time.FastDatePrinter,1241
Mon Sep 02 15:29:43 EDT 2019 org.apache.commons.lang3.time.FastDatePrinter,1242
Mon Sep 02 15:29:43 EDT 2019 org.apache.commons.lang3.time.FastDatePrinter,1243
Mon Sep 02 15:29:43 EDT 2019 org.apache.commons.lang3.time.FastDatePrinter,734
Mon Sep 02 15:31:52 EDT 2019 org.apache.commons.lang3.time.FastDatePrinter,735
Mon Sep 02 15:31:52 EDT 2019 org.apache.commons.lang3.time.FastDatePrinter,736
Mon Sep 02 15:31:52 EDT 2019 Mon Sep 02 15:31:52 EDT 2019 : org.apache.commons.lang3.time.FastDatePrinter,1216=>Find no block
Mon Sep 02 15:31:53 EDT 2019 org.apache.commons.lang3.time.FastDatePrinter,1217
Mon Sep 02 15:31:54 EDT 2019 org.apache.commons.lang3.time.FastDatePrinter,1218
Mon Sep 02 15:31:55 EDT 2019 org.apache.commons.lang3.time.FastDatePrinter,1219
Mon Sep 02 15:31:55 EDT 2019 org.apache.commons.lang3.time.FastDatePrinter,1221
Mon Sep 02 15:31:55 EDT 2019 org.apache.commons.lang3.time.FastDatePrinter,1222
Mon Sep 02 15:31:55 EDT 2019 Mon Sep 02 15:31:55 EDT 2019 : org.apache.commons.lang3.time.FastDatePrinter,1223=>Find no block
Mon Sep 02 15:31:56 EDT 2019 org.apache.commons.lang3.time.FastDatePrinter,1230
Mon Sep 02 15:32:08 EDT 2019 org.apache.commons.lang3.time.FastDatePrinter,259
Mon Sep 02 15:32:48 EDT 2019 org.apache.commons.lang3.time.FastDatePrinter,262
Mon Sep 02 15:32:48 EDT 2019 org.apache.commons.lang3.time.FastDatePrinter,264
Mon Sep 02 15:34:27 EDT 2019 org.apache.commons.lang3.time.FastDatePrinter,1079
Mon Sep 02 15:36:22 EDT 2019 org.apache.commons.lang3.time.FastDatePrinter,1080
Mon Sep 02 15:36:22 EDT 2019 org.apache.commons.lang3.time.FastDatePrinter,1081
Mon Sep 02 15:36:23 EDT 2019 org.apache.commons.lang3.time.FastDatePrinter,1083
Mon Sep 02 15:36:23 EDT 2019 org.apache.commons.lang3.time.FastDatePrinter,1084
Mon Sep 02 15:36:23 EDT 2019 org.apache.commons.lang3.time.FastDatePrinter,1085
Mon Sep 02 15:36:23 EDT 2019 org.apache.commons.lang3.time.FastDatePrinter,1089
Mon Sep 02 15:36:24 EDT 2019 org.apache.commons.lang3.time.FastDatePrinter,692
Mon Sep 02 15:36:58 EDT 2019 Mon Sep 02 15:36:58 EDT 2019 : org.apache.commons.lang3.time.FastDatePrinter,693=>Find no block
Mon Sep 02 15:36:58 EDT 2019 Mon Sep 02 15:36:58 EDT 2019 : org.apache.commons.lang3.time.FastDatePrinter,1109=>Find no block
Mon Sep 02 15:36:59 EDT 2019 org.apache.commons.lang3.time.FastDatePrinter,1110
Mon Sep 02 15:37:12 EDT 2019 org.apache.commons.lang3.time.FastDatePrinter,1111
Mon Sep 02 15:37:14 EDT 2019 org.apache.commons.lang3.time.FastDatePrinter,1112
Mon Sep 02 15:37:16 EDT 2019 org.apache.commons.lang3.time.FastDatePrinter,1114
Mon Sep 02 15:37:17 EDT 2019 org.apache.commons.lang3.time.FastDatePrinter,1115
Mon Sep 02 15:37:18 EDT 2019 Mon Sep 02 15:37:18 EDT 2019 : org.apache.commons.lang3.time.FastDatePrinter,1116=>Find no block
Mon Sep 02 15:37:18 EDT 2019 org.apache.commons.lang3.time.FastDatePrinter,1126
Mon Sep 02 15:37:53 EDT 2019 org.apache.commons.lang3.time.FastDatePrinter,732
Mon Sep 02 15:42:05 EDT 2019 Mon Sep 02 15:42:05 EDT 2019 : org.apache.commons.lang3.time.FastDatePrinter,740=>Find no block
Mon Sep 02 15:42:05 EDT 2019 org.apache.commons.lang3.time.FastDateParser,450
Mon Sep 02 15:42:07 EDT 2019 Mon Sep 02 15:42:07 EDT 2019 : org.apache.commons.lang3.time.FastDatePrinter,987=>Find no block
Mon Sep 02 15:42:07 EDT 2019 org.apache.commons.lang3.time.FastDatePrinter,988
Mon Sep 02 15:42:08 EDT 2019 Mon Sep 02 15:42:08 EDT 2019 : org.apache.commons.lang3.time.FastDatePrinter,989=>Find no block
Mon Sep 02 15:42:09 EDT 2019 org.apache.commons.lang3.time.FastDatePrinter,996
Mon Sep 02 15:42:10 EDT 2019 org.apache.commons.lang3.time.FastDatePrinter,220
Mon Sep 02 15:42:27 EDT 2019 org.apache.commons.lang3.time.FastDatePrinter,221
Mon Sep 02 15:42:28 EDT 2019 org.apache.commons.lang3.time.FastDateParser,446
Mon Sep 02 15:43:44 EDT 2019 org.apache.commons.lang3.time.FastDatePrinter,250
Mon Sep 02 15:44:06 EDT 2019 org.apache.commons.lang3.time.FastDatePrinter,251
Mon Sep 02 15:44:09 EDT 2019 org.apache.commons.lang3.time.FastDatePrinter,359
Mon Sep 02 15:44:27 EDT 2019 Mon Sep 02 15:44:27 EDT 2019 : org.apache.commons.lang3.time.FastDatePrinter,707=>Find no block
Mon Sep 02 15:44:27 EDT 2019 org.apache.commons.lang3.time.FastDatePrinter,708
Mon Sep 02 15:44:46 EDT 2019 Mon Sep 02 15:44:46 EDT 2019 : org.apache.commons.lang3.time.FastDatePrinter,709=>Find no block
Mon Sep 02 15:44:47 EDT 2019 org.apache.commons.lang3.time.FastDatePrinter,716
Mon Sep 02 15:44:50 EDT 2019 org.apache.commons.lang3.time.FastDateFormat,420
Mon Sep 02 15:45:21 EDT 2019 org.apache.commons.lang3.time.FormatCache,77
Mon Sep 02 15:45:51 EDT 2019 org.apache.commons.lang3.time.FastDateFormat,119
Mon Sep 02 15:46:38 EDT 2019 org.apache.commons.lang3.time.FastDatePrinter,415
Mon Sep 02 15:47:31 EDT 2019 org.apache.commons.lang3.time.FastDatePrinter,441
Mon Sep 02 15:48:07 EDT 2019 org.apache.commons.lang3.time.FastDatePrinter,616
Mon Sep 02 15:49:09 EDT 2019 Mon Sep 02 15:49:09 EDT 2019 : org.apache.commons.lang3.time.FastDatePrinter,617=>Find no block
Mon Sep 02 15:49:09 EDT 2019 org.apache.commons.lang3.time.FormatCache,74
Mon Sep 02 15:49:10 EDT 2019 org.apache.commons.lang3.time.FastDatePrinter,880
Mon Sep 02 15:49:36 EDT 2019 Mon Sep 02 15:49:36 EDT 2019 : org.apache.commons.lang3.time.FastDatePrinter,881=>Find no block
Mon Sep 02 15:49:39 EDT 2019 org.apache.commons.lang3.time.FastDatePrinter,888
Mon Sep 02 15:49:39 EDT 2019 org.apache.commons.lang3.time.FastDatePrinter,889
Mon Sep 02 15:49:39 EDT 2019 org.apache.commons.lang3.time.FastDatePrinter,890
Mon Sep 02 15:49:40 EDT 2019 Mon Sep 02 15:49:40 EDT 2019 : org.apache.commons.lang3.time.FastDatePrinter,894=>Find no block
Mon Sep 02 15:49:40 EDT 2019 org.apache.commons.lang3.time.FastDatePrinter,453
Mon Sep 02 15:50:06 EDT 2019 org.apache.commons.lang3.time.FastDatePrinter,454
Mon Sep 02 15:50:06 EDT 2019 org.apache.commons.lang3.time.FastDatePrinter,456
Mon Sep 02 15:50:22 EDT 2019 org.apache.commons.lang3.time.FastDateParser,463
Mon Sep 02 15:51:28 EDT 2019 Mon Sep 02 15:51:28 EDT 2019 : org.apache.commons.lang3.time.FastDateParser,686=>Find no block
Mon Sep 02 15:51:28 EDT 2019 Mon Sep 02 15:51:28 EDT 2019 : org.apache.commons.lang3.time.FastDateParser,680=>Find no block
Mon Sep 02 15:51:29 EDT 2019 org.apache.commons.lang3.time.FastDateParser,687
Mon Sep 02 15:52:17 EDT 2019 org.apache.commons.lang3.time.FastDateParser,688
Mon Sep 02 15:52:19 EDT 2019 org.apache.commons.lang3.time.FastDateParser,689
Mon Sep 02 15:52:19 EDT 2019 org.apache.commons.lang3.time.FastDateParser,691
Mon Sep 02 15:52:20 EDT 2019 org.apache.commons.lang3.time.FastDateParser,692
Mon Sep 02 15:52:20 EDT 2019 org.apache.commons.lang3.time.FastDateParser,693
Mon Sep 02 15:52:21 EDT 2019 org.apache.commons.lang3.time.FastDateParser,694
Mon Sep 02 15:52:21 EDT 2019 org.apache.commons.lang3.time.FastDateParser,695
Mon Sep 02 15:52:23 EDT 2019 org.apache.commons.lang3.time.FastDateParser,696
Mon Sep 02 15:52:28 EDT 2019 org.apache.commons.lang3.time.FastDateParser,699
Mon Sep 02 15:53:14 EDT 2019 org.apache.commons.lang3.time.FastDateParser,700
Mon Sep 02 15:54:12 EDT 2019 org.apache.commons.lang3.time.FastDateParser,701
Mon Sep 02 15:55:40 EDT 2019 org.apache.commons.lang3.time.FastDateParser,702
Mon Sep 02 15:55:41 EDT 2019 Mon Sep 02 15:55:41 EDT 2019 : org.apache.commons.lang3.time.FastDateParser,703=>Find no block
Mon Sep 02 15:55:42 EDT 2019 org.apache.commons.lang3.time.FastDateParser,704
Mon Sep 02 15:59:35 EDT 2019 org.apache.commons.lang3.time.FastDateParser,705
Mon Sep 02 15:59:36 EDT 2019 Mon Sep 02 15:59:36 EDT 2019 : org.apache.commons.lang3.time.FastDateParser,706=>Find no block
Mon Sep 02 15:59:36 EDT 2019 org.apache.commons.lang3.time.FastDateParser,721
Mon Sep 02 16:00:28 EDT 2019 org.apache.commons.lang3.time.FastDateParser,722
Mon Sep 02 16:00:28 EDT 2019 org.apache.commons.lang3.time.FastDateParser,454
Mon Sep 02 16:00:31 EDT 2019 org.apache.commons.lang3.time.FastDateParser,305
Mon Sep 02 16:03:18 EDT 2019 org.apache.commons.lang3.time.FastDateParser,346
Mon Sep 02 16:03:33 EDT 2019 Mon Sep 02 16:03:33 EDT 2019 : org.apache.commons.lang3.time.FastDateParser,560=>Find no block
Mon Sep 02 16:03:33 EDT 2019 org.apache.commons.lang3.time.FastDateParser,561
Mon Sep 02 16:04:02 EDT 2019 org.apache.commons.lang3.time.FastDateParser,562
Mon Sep 02 16:04:03 EDT 2019 Mon Sep 02 16:04:03 EDT 2019 : org.apache.commons.lang3.time.FastDateParser,563=>Find no block
Mon Sep 02 16:04:03 EDT 2019 org.apache.commons.lang3.time.FastDateParser,578
Mon Sep 02 16:06:57 EDT 2019 org.apache.commons.lang3.time.FastDateParser,579
Mon Sep 02 16:06:58 EDT 2019 org.apache.commons.lang3.time.FastDateParser,580
Mon Sep 02 16:06:58 EDT 2019 Mon Sep 02 16:06:58 EDT 2019 : org.apache.commons.lang3.time.FastDateParser,581=>Find no block
Mon Sep 02 16:06:58 EDT 2019 org.apache.commons.lang3.time.FastDateParser,582
Mon Sep 02 16:06:58 EDT 2019 org.apache.commons.lang3.time.FastDateParser,583
Mon Sep 02 16:06:59 EDT 2019 org.apache.commons.lang3.time.FastDatePrinter,226
Mon Sep 02 16:07:51 EDT 2019 org.apache.commons.lang3.time.FastDatePrinter,227
Mon Sep 02 16:08:32 EDT 2019 Mon Sep 02 16:08:32 EDT 2019 : org.apache.commons.lang3.time.FastDatePrinter,667=>Find no block
Mon Sep 02 16:08:32 EDT 2019 org.apache.commons.lang3.time.FastDatePrinter,668
Mon Sep 02 16:08:43 EDT 2019 org.apache.commons.lang3.time.FastDatePrinter,669
Mon Sep 02 16:08:43 EDT 2019 Mon Sep 02 16:08:43 EDT 2019 : org.apache.commons.lang3.time.FastDatePrinter,670=>Find no block
Mon Sep 02 16:08:43 EDT 2019 org.apache.commons.lang3.time.FastDatePrinter,677
Mon Sep 02 16:15:04 EDT 2019 org.apache.commons.lang3.time.FastDatePrinter,678
Mon Sep 02 16:15:05 EDT 2019 org.apache.commons.lang3.time.FastDatePrinter,679
Mon Sep 02 16:15:05 EDT 2019 org.apache.commons.lang3.time.FastDatePrinter,680
Mon Sep 02 16:15:05 EDT 2019 org.apache.commons.lang3.time.FastDatePrinter,681
Mon Sep 02 16:15:05 EDT 2019 Mon Sep 02 16:15:05 EDT 2019 : org.apache.commons.lang3.time.FastDatePrinter,683=>Find no block
Mon Sep 02 16:15:06 EDT 2019 org.apache.commons.lang3.time.FastDatePrinter,684
Mon Sep 02 16:15:06 EDT 2019 Mon Sep 02 16:15:06 EDT 2019 : org.apache.commons.lang3.time.FastDateParser,476=>Find no block
Mon Sep 02 16:15:06 EDT 2019 org.apache.commons.lang3.time.FastDateParser,477
Mon Sep 02 16:15:18 EDT 2019 org.apache.commons.lang3.time.FastDateParser,478
Mon Sep 02 16:15:18 EDT 2019 org.apache.commons.lang3.time.FastDateParser,480
Mon Sep 02 16:15:19 EDT 2019 org.apache.commons.lang3.time.FastDateParser,492
Mon Sep 02 16:16:35 EDT 2019 org.apache.commons.lang3.time.FastDateParser,493
Mon Sep 02 16:16:35 EDT 2019 org.apache.commons.lang3.time.FastDateParser,494
Mon Sep 02 16:16:35 EDT 2019 org.apache.commons.lang3.time.FastDateParser,495
Mon Sep 02 16:16:35 EDT 2019 org.apache.commons.lang3.time.FastDateParser,498
Mon Sep 02 16:16:36 EDT 2019 org.apache.commons.lang3.time.FastDateParser,499
Mon Sep 02 16:16:36 EDT 2019 org.apache.commons.lang3.time.FastDateParser,503
Mon Sep 02 16:16:36 EDT 2019 org.apache.commons.lang3.time.FastDateParser,141
Mon Sep 02 16:17:09 EDT 2019 org.apache.commons.lang3.time.FastDateParser,525
Mon Sep 02 16:18:51 EDT 2019 org.apache.commons.lang3.time.FastDateParser,526
Mon Sep 02 16:19:34 EDT 2019 org.apache.commons.lang3.time.FastDateParser,529
Mon Sep 02 16:19:34 EDT 2019 org.apache.commons.lang3.time.FastDateParser,132
Mon Sep 02 16:19:35 EDT 2019 org.apache.commons.lang3.time.FastDateParser,300
Mon Sep 02 16:22:57 EDT 2019 org.apache.commons.lang3.time.FastDateParser,301
Mon Sep 02 16:29:16 EDT 2019 org.apache.commons.lang3.time.FastDateParser,302
Mon Sep 02 16:29:34 EDT 2019 Mon Sep 02 16:29:34 EDT 2019 : org.apache.commons.lang3.time.FastDateParser,303=>Find no block
Mon Sep 02 16:29:34 EDT 2019 org.apache.commons.lang3.time.FastDateParser,331
Mon Sep 02 16:32:04 EDT 2019 org.apache.commons.lang3.time.FastDateParser,333
Mon Sep 02 16:39:37 EDT 2019 org.apache.commons.lang3.time.FastDateParser,334
Mon Sep 02 16:39:37 EDT 2019 org.apache.commons.lang3.time.FastDateParser,426
Mon Sep 02 16:39:50 EDT 2019 Mon Sep 02 16:39:50 EDT 2019 : org.apache.commons.lang3.time.FastDateParser,65=>Find no block
Mon Sep 02 16:39:50 EDT 2019 Mon Sep 02 16:39:50 EDT 2019 : org.apache.commons.lang3.time.FastDatePrinter,863=>Find no block
Mon Sep 02 16:39:50 EDT 2019 org.apache.commons.lang3.time.FastDatePrinter,864
Mon Sep 02 16:39:50 EDT 2019 Mon Sep 02 16:39:50 EDT 2019 : org.apache.commons.lang3.time.FastDatePrinter,865=>Find no block
Mon Sep 02 16:39:50 EDT 2019 org.apache.commons.lang3.time.FastDatePrinter,872
Mon Sep 02 16:39:51 EDT 2019 org.apache.commons.lang3.time.FastDatePrinter,361
Mon Sep 02 16:39:52 EDT 2019 Mon Sep 02 16:39:52 EDT 2019 : org.apache.commons.lang3.time.FastDateParser,516=>Find no block
Mon Sep 02 16:39:52 EDT 2019 org.apache.commons.lang3.time.FastDateParser,517
Mon Sep 02 16:39:53 EDT 2019 Mon Sep 02 16:39:53 EDT 2019 : org.apache.commons.lang3.time.FastDateParser,518=>Find no block
Mon Sep 02 16:39:53 EDT 2019 org.apache.commons.lang3.time.FastDateParser,537
Mon Sep 02 16:40:22 EDT 2019 org.apache.commons.lang3.time.FastDateParser,538
Mon Sep 02 16:40:23 EDT 2019 Mon Sep 02 16:40:23 EDT 2019 : org.apache.commons.lang3.time.FormatCache,35=>Find no block
Mon Sep 02 16:40:23 EDT 2019 Mon Sep 02 16:40:23 EDT 2019 : org.apache.commons.lang3.time.FormatCache,41=>Find no block
Mon Sep 02 16:40:23 EDT 2019 Mon Sep 02 16:40:23 EDT 2019 : org.apache.commons.lang3.time.FormatCache,171=>Find no block
Mon Sep 02 16:40:24 EDT 2019 org.apache.commons.lang3.time.FormatCache,70
Mon Sep 02 16:40:56 EDT 2019 org.apache.commons.lang3.time.FormatCache,73
Mon Sep 02 16:40:56 EDT 2019 org.apache.commons.lang3.time.FormatCache,76
Mon Sep 02 16:40:56 EDT 2019 org.apache.commons.lang3.time.FormatCache,79
Mon Sep 02 16:41:43 EDT 2019 org.apache.commons.lang3.time.FormatCache,80
Mon Sep 02 16:42:35 EDT 2019 org.apache.commons.lang3.time.FormatCache,81
Mon Sep 02 16:42:36 EDT 2019 org.apache.commons.lang3.time.FormatCache,82
Mon Sep 02 16:42:36 EDT 2019 org.apache.commons.lang3.time.FormatCache,83
Mon Sep 02 16:42:36 EDT 2019 org.apache.commons.lang3.time.FormatCache,84
Mon Sep 02 16:42:37 EDT 2019 org.apache.commons.lang3.time.FormatCache,90
Mon Sep 02 16:42:45 EDT 2019 org.apache.commons.lang3.time.FastDateParser,633
Mon Sep 02 16:42:55 EDT 2019 org.apache.commons.lang3.time.FastDateParser,637
Mon Sep 02 16:42:55 EDT 2019 org.apache.commons.lang3.time.FastDateParser,639
Mon Sep 02 16:43:35 EDT 2019 Mon Sep 02 16:43:35 EDT 2019 : org.apache.commons.lang3.time.FastDateParser,97=>Find no block
Mon Sep 02 16:43:35 EDT 2019 org.apache.commons.lang3.time.FastDateParser,98
Mon Sep 02 16:44:10 EDT 2019 org.apache.commons.lang3.time.FastDateParser,99
Mon Sep 02 16:44:10 EDT 2019 org.apache.commons.lang3.time.FastDateParser,100
Mon Sep 02 16:44:11 EDT 2019 org.apache.commons.lang3.time.FastDateParser,101
Mon Sep 02 16:44:11 EDT 2019 Mon Sep 02 16:44:11 EDT 2019 : org.apache.commons.lang3.time.FastDateParser,102=>Find no block
Mon Sep 02 16:44:11 EDT 2019 org.apache.commons.lang3.time.FastDateParser,109
Mon Sep 02 16:45:50 EDT 2019 org.apache.commons.lang3.time.FastDateParser,110
Mon Sep 02 16:45:50 EDT 2019 org.apache.commons.lang3.time.FastDateParser,112
Mon Sep 02 16:46:54 EDT 2019 org.apache.commons.lang3.time.FastDateParser,113
Mon Sep 02 16:47:20 EDT 2019 org.apache.commons.lang3.time.FastDateParser,115
Mon Sep 02 16:47:49 EDT 2019 org.apache.commons.lang3.time.FastDateParser,116
Mon Sep 02 16:48:11 EDT 2019 org.apache.commons.lang3.time.FastDateParser,121
Mon Sep 02 16:48:49 EDT 2019 org.apache.commons.lang3.time.FastDateParser,122
Mon Sep 02 16:48:49 EDT 2019 org.apache.commons.lang3.time.FastDateParser,124
Mon Sep 02 16:49:43 EDT 2019 org.apache.commons.lang3.time.FastDateParser,125
Mon Sep 02 16:50:04 EDT 2019 org.apache.commons.lang3.time.FastDateParser,126
Mon Sep 02 16:50:04 EDT 2019 org.apache.commons.lang3.time.FastDateParser,127
Mon Sep 02 16:50:04 EDT 2019 org.apache.commons.lang3.time.FastDateParser,129
Mon Sep 02 16:50:30 EDT 2019 org.apache.commons.lang3.time.FastDateParser,130
Mon Sep 02 16:51:03 EDT 2019 org.apache.commons.lang3.time.FastDateParser,131
Mon Sep 02 16:51:03 EDT 2019 org.apache.commons.lang3.time.FastDateParser,134
Mon Sep 02 16:51:55 EDT 2019 org.apache.commons.lang3.time.FastDateParser,135
Failed time : 19/09/02 16:51
