=================================================
Project : lang_9	start : 19/09/02 15:24
Current failed test : org.apache.commons.lang3.time.FastDateFormat_ParserTest::testLANG_832 | 19/09/02 15:25
Mon Sep 02 15:26:07 EDT 2019 org.apache.commons.lang3.time.FastDateParser,180
Mon Sep 02 15:26:17 EDT 2019 org.apache.commons.lang3.time.FastDateParser,260
Mon Sep 02 15:29:31 EDT 2019 org.apache.commons.lang3.time.FastDateParser,732
Mon Sep 02 15:29:49 EDT 2019 Mon Sep 02 15:29:49 EDT 2019 : org.apache.commons.lang3.time.FastDateParser,733=>Find no block
Mon Sep 02 15:29:50 EDT 2019 org.apache.commons.lang3.time.FastDateParser,741
Mon Sep 02 15:29:51 EDT 2019 org.apache.commons.lang3.time.FastDateParser,282
Mon Sep 02 15:30:58 EDT 2019 org.apache.commons.lang3.time.FastDateParser,283
Mon Sep 02 15:34:42 EDT 2019 org.apache.commons.lang3.time.FastDateParser,285
Mon Sep 02 15:39:23 EDT 2019 org.apache.commons.lang3.time.FastDateParser,286
Mon Sep 02 15:39:24 EDT 2019 org.apache.commons.lang3.time.FastDateParser,287
Mon Sep 02 15:39:25 EDT 2019 Mon Sep 02 15:39:25 EDT 2019 : org.apache.commons.lang3.time.FastDateParser,288=>Find no block
Mon Sep 02 15:39:26 EDT 2019 org.apache.commons.lang3.time.FastDateParser,289
Mon Sep 02 15:46:12 EDT 2019 org.apache.commons.lang3.time.FastDateParser,290
Mon Sep 02 15:46:16 EDT 2019 org.apache.commons.lang3.time.FastDateParser,250
Mon Sep 02 15:46:19 EDT 2019 org.apache.commons.lang3.time.FastDateParser,251
Mon Sep 02 15:46:20 EDT 2019 org.apache.commons.lang3.time.FastDateParser,276
Mon Sep 02 15:47:43 EDT 2019 org.apache.commons.lang3.time.FastDateParser,277
Mon Sep 02 15:47:43 EDT 2019 org.apache.commons.lang3.time.FastDateParser,278
Mon Sep 02 15:48:01 EDT 2019 org.apache.commons.lang3.time.FastDateParser,537
Mon Sep 02 15:49:40 EDT 2019 org.apache.commons.lang3.time.FastDateParser,538
Mon Sep 02 15:49:41 EDT 2019 org.apache.commons.lang3.time.FastDatePrinter,359
Mon Sep 02 15:50:14 EDT 2019 Mon Sep 02 15:50:14 EDT 2019 : org.apache.commons.lang3.time.FastDatePrinter,707=>Find no block
Mon Sep 02 15:50:17 EDT 2019 org.apache.commons.lang3.time.FastDatePrinter,708
Mon Sep 02 15:50:42 EDT 2019 Mon Sep 02 15:50:42 EDT 2019 : org.apache.commons.lang3.time.FastDatePrinter,709=>Find no block
Mon Sep 02 15:50:48 EDT 2019 org.apache.commons.lang3.time.FastDatePrinter,716
Mon Sep 02 15:50:51 EDT 2019 org.apache.commons.lang3.time.FastDateFormat,472
Mon Sep 02 15:51:27 EDT 2019 org.apache.commons.lang3.time.FastDateParser,566
Mon Sep 02 15:51:38 EDT 2019 org.apache.commons.lang3.time.FastDateParser,145
Mon Sep 02 15:52:43 EDT 2019 org.apache.commons.lang3.time.FastDateParser,304
Mon Sep 02 16:05:27 EDT 2019 org.apache.commons.lang3.time.FastDateParser,305
Mon Sep 02 16:05:39 EDT 2019 Mon Sep 02 16:05:39 EDT 2019 : org.apache.commons.lang3.time.FastDateParser,306=>Find no block
Mon Sep 02 16:05:39 EDT 2019 org.apache.commons.lang3.time.FastDateParser,331
Mon Sep 02 16:07:49 EDT 2019 org.apache.commons.lang3.time.FastDateParser,333
Mon Sep 02 16:19:21 EDT 2019 org.apache.commons.lang3.time.FastDateParser,542
Mon Sep 02 16:19:40 EDT 2019 Mon Sep 02 16:19:40 EDT 2019 : org.apache.commons.lang3.time.FastDateParser,68=>Find no block
Mon Sep 02 16:19:41 EDT 2019 Mon Sep 02 16:19:41 EDT 2019 : org.apache.commons.lang3.time.FastDateParser,603=>Find no block
Mon Sep 02 16:19:42 EDT 2019 org.apache.commons.lang3.time.FastDateParser,604
Mon Sep 02 16:19:44 EDT 2019 Mon Sep 02 16:19:44 EDT 2019 : org.apache.commons.lang3.time.FastDateParser,605=>Find no block
Mon Sep 02 16:19:45 EDT 2019 org.apache.commons.lang3.time.FastDateParser,624
Mon Sep 02 16:20:28 EDT 2019 org.apache.commons.lang3.time.FastDateParser,625
Mon Sep 02 16:20:28 EDT 2019 org.apache.commons.lang3.time.FastDateParser,718
Mon Sep 02 16:20:42 EDT 2019 org.apache.commons.lang3.time.FastDateParser,722
Mon Sep 02 16:20:43 EDT 2019 org.apache.commons.lang3.time.FastDateParser,724
Mon Sep 02 16:21:42 EDT 2019 Mon Sep 02 16:21:42 EDT 2019 : org.apache.commons.lang3.time.FastDateParser,104=>Find no block
Mon Sep 02 16:21:43 EDT 2019 org.apache.commons.lang3.time.FastDateParser,105
Mon Sep 02 16:22:32 EDT 2019 org.apache.commons.lang3.time.FastDateParser,106
Mon Sep 02 16:22:33 EDT 2019 org.apache.commons.lang3.time.FastDateParser,107
Mon Sep 02 16:22:34 EDT 2019 org.apache.commons.lang3.time.FastDateParser,108
Mon Sep 02 16:22:34 EDT 2019 Mon Sep 02 16:22:34 EDT 2019 : org.apache.commons.lang3.time.FastDateParser,109=>Find no block
Mon Sep 02 16:22:35 EDT 2019 org.apache.commons.lang3.time.FastDateParser,116
Mon Sep 02 16:23:53 EDT 2019 org.apache.commons.lang3.time.FastDateParser,118
Mon Sep 02 16:23:54 EDT 2019 org.apache.commons.lang3.time.FastDateParser,120
Mon Sep 02 16:24:30 EDT 2019 org.apache.commons.lang3.time.FastDateParser,121
Mon Sep 02 16:25:31 EDT 2019 org.apache.commons.lang3.time.FastDateParser,123
Mon Sep 02 16:26:23 EDT 2019 org.apache.commons.lang3.time.FastDateParser,124
Mon Sep 02 16:26:37 EDT 2019 org.apache.commons.lang3.time.FastDateParser,128
Mon Sep 02 16:27:25 EDT 2019 org.apache.commons.lang3.time.FastDateParser,129
Mon Sep 02 16:27:26 EDT 2019 org.apache.commons.lang3.time.FastDateParser,131
Mon Sep 02 16:28:58 EDT 2019 org.apache.commons.lang3.time.FastDateParser,132
Mon Sep 02 16:29:31 EDT 2019 org.apache.commons.lang3.time.FastDateParser,133
Mon Sep 02 16:29:32 EDT 2019 org.apache.commons.lang3.time.FastDateParser,134
Mon Sep 02 16:29:33 EDT 2019 org.apache.commons.lang3.time.FastDateParser,136
Mon Sep 02 16:30:06 EDT 2019 org.apache.commons.lang3.time.FastDateParser,137
Mon Sep 02 16:30:40 EDT 2019 org.apache.commons.lang3.time.FastDateParser,138
Mon Sep 02 16:30:41 EDT 2019 org.apache.commons.lang3.time.FastDateParser,141
Mon Sep 02 16:31:49 EDT 2019 org.apache.commons.lang3.time.FastDateParser,142
Mon Sep 02 16:31:49 EDT 2019 Mon Sep 02 16:31:49 EDT 2019 : org.apache.commons.lang3.time.FastDateParser,143=>Find no block
Mon Sep 02 16:31:50 EDT 2019 org.apache.commons.lang3.time.FastDateParser,144
Mon Sep 02 16:31:51 EDT 2019 org.apache.commons.lang3.time.FastDateParser,147
Mon Sep 02 16:32:35 EDT 2019 org.apache.commons.lang3.time.FastDateParser,148
Mon Sep 02 16:33:50 EDT 2019 org.apache.commons.lang3.time.FastDateParser,149
Mon Sep 02 16:33:51 EDT 2019 Mon Sep 02 16:33:51 EDT 2019 : org.apache.commons.lang3.time.FastDateParser,150=>Find no block
Mon Sep 02 16:33:53 EDT 2019 org.apache.commons.lang3.time.FastDateParser,485
Mon Sep 02 16:33:55 EDT 2019 Mon Sep 02 16:33:55 EDT 2019 : org.apache.commons.lang3.time.FastDateParser,535=>Find no block
Mon Sep 02 16:33:56 EDT 2019 Mon Sep 02 16:33:56 EDT 2019 : org.apache.commons.lang3.time.FastDateParser,745=>Find no block
Mon Sep 02 16:33:57 EDT 2019 Mon Sep 02 16:33:57 EDT 2019 : org.apache.commons.lang3.time.FastDateParser,701=>Find no block
Mon Sep 02 16:33:57 EDT 2019 org.apache.commons.lang3.time.FastDateParser,702
Mon Sep 02 16:34:00 EDT 2019 Mon Sep 02 16:34:00 EDT 2019 : org.apache.commons.lang3.time.FastDateParser,703=>Find no block
Mon Sep 02 16:34:01 EDT 2019 Mon Sep 02 16:34:01 EDT 2019 : org.apache.commons.lang3.time.FastDateParser,76=>Find no block
Mon Sep 02 16:34:01 EDT 2019 Mon Sep 02 16:34:01 EDT 2019 : org.apache.commons.lang3.time.FastDateParser,79=>Find no block
Mon Sep 02 16:34:02 EDT 2019 Mon Sep 02 16:34:02 EDT 2019 : org.apache.commons.lang3.time.FastDateParser,357=>Find no block
Mon Sep 02 16:34:03 EDT 2019 Mon Sep 02 16:34:03 EDT 2019 : org.apache.commons.lang3.time.FastDateParser,526=>Find no block
Mon Sep 02 16:34:03 EDT 2019 Mon Sep 02 16:34:03 EDT 2019 : org.apache.commons.lang3.time.FastDateParser,745=>Find no block
Mon Sep 02 16:34:04 EDT 2019 Mon Sep 02 16:34:04 EDT 2019 : org.apache.commons.lang3.time.FastDateParser,833=>Find no block
Mon Sep 02 16:34:05 EDT 2019 Mon Sep 02 16:34:05 EDT 2019 : org.apache.commons.lang3.time.FastDateParser,834=>Find no block
Mon Sep 02 16:34:05 EDT 2019 Mon Sep 02 16:34:05 EDT 2019 : org.apache.commons.lang3.time.FastDateParser,835=>Find no block
Mon Sep 02 16:34:06 EDT 2019 Mon Sep 02 16:34:06 EDT 2019 : org.apache.commons.lang3.time.FastDateParser,836=>Find no block
Mon Sep 02 16:34:07 EDT 2019 Mon Sep 02 16:34:07 EDT 2019 : org.apache.commons.lang3.time.FastDateParser,838=>Find no block
Mon Sep 02 16:34:08 EDT 2019 Mon Sep 02 16:34:08 EDT 2019 : org.apache.commons.lang3.time.FastDateParser,844=>Find no block
Mon Sep 02 16:34:09 EDT 2019 Mon Sep 02 16:34:09 EDT 2019 : org.apache.commons.lang3.time.FastDateParser,845=>Find no block
Mon Sep 02 16:34:10 EDT 2019 Mon Sep 02 16:34:10 EDT 2019 : org.apache.commons.lang3.time.FastDateParser,846=>Find no block
Mon Sep 02 16:34:10 EDT 2019 Mon Sep 02 16:34:10 EDT 2019 : org.apache.commons.lang3.time.FastDateParser,847=>Find no block
Mon Sep 02 16:34:11 EDT 2019 Mon Sep 02 16:34:11 EDT 2019 : org.apache.commons.lang3.time.FastDateParser,848=>Find no block
Mon Sep 02 16:34:12 EDT 2019 Mon Sep 02 16:34:12 EDT 2019 : org.apache.commons.lang3.time.FastDateParser,849=>Find no block
Mon Sep 02 16:34:13 EDT 2019 Mon Sep 02 16:34:13 EDT 2019 : org.apache.commons.lang3.time.FastDateParser,850=>Find no block
Mon Sep 02 16:34:13 EDT 2019 Mon Sep 02 16:34:13 EDT 2019 : org.apache.commons.lang3.time.FastDateParser,851=>Find no block
Mon Sep 02 16:34:14 EDT 2019 Mon Sep 02 16:34:14 EDT 2019 : org.apache.commons.lang3.time.FastDateParser,857=>Find no block
Mon Sep 02 16:34:15 EDT 2019 Mon Sep 02 16:34:15 EDT 2019 : org.apache.commons.lang3.time.FastDateParser,863=>Find no block
Mon Sep 02 16:34:15 EDT 2019 Mon Sep 02 16:34:15 EDT 2019 : org.apache.commons.lang3.time.FastDateParser,864=>Find no block
Mon Sep 02 16:34:16 EDT 2019 Mon Sep 02 16:34:16 EDT 2019 : org.apache.commons.lang3.time.FastDateParser,865=>Find no block
Mon Sep 02 16:34:17 EDT 2019 Mon Sep 02 16:34:17 EDT 2019 : org.apache.commons.lang3.time.FastDateParser,866=>Find no block
Mon Sep 02 16:34:18 EDT 2019 Mon Sep 02 16:34:18 EDT 2019 : org.apache.commons.lang3.time.FastDateParser,646=>Find no block
Mon Sep 02 16:34:19 EDT 2019 org.apache.commons.lang3.time.FastDateParser,647
Mon Sep 02 16:34:19 EDT 2019 Mon Sep 02 16:34:19 EDT 2019 : org.apache.commons.lang3.time.FastDateParser,648=>Find no block
Mon Sep 02 16:34:20 EDT 2019 Mon Sep 02 16:34:20 EDT 2019 : org.apache.commons.lang3.time.FastDateParser,357=>Find no block
Mon Sep 02 16:34:20 EDT 2019 Mon Sep 02 16:34:20 EDT 2019 : org.apache.commons.lang3.time.FastDateParser,857=>Find no block
Mon Sep 02 16:34:21 EDT 2019 Mon Sep 02 16:34:21 EDT 2019 : org.apache.commons.lang3.time.FastDateParser,838=>Find no block
Mon Sep 02 16:34:21 EDT 2019 Mon Sep 02 16:34:21 EDT 2019 : org.apache.commons.lang3.time.FastDateParser,851=>Find no block
Mon Sep 02 16:34:22 EDT 2019 org.apache.commons.lang3.time.FastDatePrinter,277
Mon Sep 02 16:36:18 EDT 2019 org.apache.commons.lang3.time.FastDatePrinter,279
Mon Sep 02 16:39:16 EDT 2019 Mon Sep 02 16:39:16 EDT 2019 : org.apache.commons.lang3.time.FastDatePrinter,632=>Find no block
Mon Sep 02 16:39:17 EDT 2019 org.apache.commons.lang3.time.FastDatePrinter,633
Mon Sep 02 16:39:51 EDT 2019 Mon Sep 02 16:39:51 EDT 2019 : org.apache.commons.lang3.time.FastDatePrinter,634=>Find no block
Mon Sep 02 16:39:51 EDT 2019 org.apache.commons.lang3.time.FastDatePrinter,641
Mon Sep 02 16:40:33 EDT 2019 org.apache.commons.lang3.time.FastDatePrinter,328
Mon Sep 02 16:47:21 EDT 2019 org.apache.commons.lang3.time.FastDatePrinter,333
Mon Sep 02 16:47:22 EDT 2019 org.apache.commons.lang3.time.FastDateFormat,165
Mon Sep 02 16:49:45 EDT 2019 org.apache.commons.lang3.time.FastDatePrinter,217
Mon Sep 02 16:51:08 EDT 2019 org.apache.commons.lang3.time.FastDatePrinter,218
Mon Sep 02 16:52:16 EDT 2019 Mon Sep 02 16:52:16 EDT 2019 : org.apache.commons.lang3.time.FastDatePrinter,599=>Find no block
Mon Sep 02 16:52:17 EDT 2019 org.apache.commons.lang3.time.FastDatePrinter,600
Mon Sep 02 16:52:17 EDT 2019 Mon Sep 02 16:52:17 EDT 2019 : org.apache.commons.lang3.time.FastDatePrinter,601=>Find no block
Mon Sep 02 16:52:18 EDT 2019 org.apache.commons.lang3.time.FastDatePrinter,608
Mon Sep 02 16:52:20 EDT 2019 org.apache.commons.lang3.time.FastDatePrinter,275
Mon Sep 02 16:52:21 EDT 2019 org.apache.commons.lang3.time.FastDatePrinter,273
Mon Sep 02 16:52:52 EDT 2019 org.apache.commons.lang3.time.FastDatePrinter,274
Mon Sep 02 16:52:53 EDT 2019 org.apache.commons.lang3.time.FastDatePrinter,320
Mon Sep 02 16:55:51 EDT 2019 org.apache.commons.lang3.time.FastDatePrinter,322
Mon Sep 02 16:55:51 EDT 2019 org.apache.commons.lang3.time.FastDatePrinter,324
Mon Sep 02 17:01:55 EDT 2019 org.apache.commons.lang3.time.FastDatePrinter,325
Mon Sep 02 17:01:59 EDT 2019 org.apache.commons.lang3.time.FastDatePrinter,327
Mon Sep 02 17:02:01 EDT 2019 org.apache.commons.lang3.time.FastDatePrinter,335
Mon Sep 02 17:02:01 EDT 2019 org.apache.commons.lang3.time.FastDatePrinter,337
Mon Sep 02 17:02:02 EDT 2019 org.apache.commons.lang3.time.FastDatePrinter,338
Mon Sep 02 17:02:03 EDT 2019 org.apache.commons.lang3.time.FastDatePrinter,340
Mon Sep 02 17:02:05 EDT 2019 Mon Sep 02 17:02:05 EDT 2019 : org.apache.commons.lang3.time.FastDatePrinter,357=>Find no block
Mon Sep 02 17:02:06 EDT 2019 Mon Sep 02 17:02:06 EDT 2019 : org.apache.commons.lang3.time.FormatCache,35=>Find no block
Mon Sep 02 17:02:08 EDT 2019 Mon Sep 02 17:02:08 EDT 2019 : org.apache.commons.lang3.time.FormatCache,41=>Find no block
Mon Sep 02 17:02:08 EDT 2019 Mon Sep 02 17:02:08 EDT 2019 : org.apache.commons.lang3.time.FormatCache,171=>Find no block
Mon Sep 02 17:02:09 EDT 2019 org.apache.commons.lang3.time.FormatCache,70
Mon Sep 02 17:02:55 EDT 2019 org.apache.commons.lang3.time.FormatCache,73
Mon Sep 02 17:02:57 EDT 2019 org.apache.commons.lang3.time.FormatCache,76
Mon Sep 02 17:03:28 EDT 2019 org.apache.commons.lang3.time.FormatCache,79
Mon Sep 02 17:04:41 EDT 2019 org.apache.commons.lang3.time.FormatCache,80
Mon Sep 02 17:05:52 EDT 2019 org.apache.commons.lang3.time.FormatCache,81
Mon Sep 02 17:05:52 EDT 2019 org.apache.commons.lang3.time.FormatCache,82
Mon Sep 02 17:05:53 EDT 2019 org.apache.commons.lang3.time.FormatCache,83
Mon Sep 02 17:05:54 EDT 2019 org.apache.commons.lang3.time.FormatCache,84
Mon Sep 02 17:05:54 EDT 2019 org.apache.commons.lang3.time.FormatCache,90
Mon Sep 02 17:06:06 EDT 2019 Mon Sep 02 17:06:06 EDT 2019 : org.apache.commons.lang3.time.FastDatePrinter,136=>Find no block
Mon Sep 02 17:06:07 EDT 2019 org.apache.commons.lang3.time.FastDatePrinter,137
Mon Sep 02 17:07:00 EDT 2019 org.apache.commons.lang3.time.FastDatePrinter,138
Mon Sep 02 17:07:01 EDT 2019 org.apache.commons.lang3.time.FastDatePrinter,139
Mon Sep 02 17:07:02 EDT 2019 org.apache.commons.lang3.time.FastDatePrinter,141
Mon Sep 02 17:07:03 EDT 2019 Mon Sep 02 17:07:03 EDT 2019 : org.apache.commons.lang3.time.FastDatePrinter,142=>Find no block
Mon Sep 02 17:07:04 EDT 2019 Mon Sep 02 17:07:04 EDT 2019 : org.apache.commons.lang3.time.FastDatePrinter,1067=>Find no block
Mon Sep 02 17:07:04 EDT 2019 org.apache.commons.lang3.time.FastDatePrinter,148
Mon Sep 02 17:15:21 EDT 2019 org.apache.commons.lang3.time.FastDatePrinter,149
Mon Sep 02 17:15:22 EDT 2019 org.apache.commons.lang3.time.FastDatePrinter,151
Mon Sep 02 17:15:23 EDT 2019 org.apache.commons.lang3.time.FastDatePrinter,152
Mon Sep 02 17:15:25 EDT 2019 org.apache.commons.lang3.time.FastDatePrinter,153
Mon Sep 02 17:15:26 EDT 2019 org.apache.commons.lang3.time.FastDatePrinter,156
Mon Sep 02 17:15:27 EDT 2019 Mon Sep 02 17:15:27 EDT 2019 : org.apache.commons.lang3.time.FastDatePrinter,157=>Find no block
Mon Sep 02 17:15:28 EDT 2019 org.apache.commons.lang3.time.FastDatePrinter,168
Mon Sep 02 17:15:30 EDT 2019 org.apache.commons.lang3.time.FastDatePrinter,169
Mon Sep 02 17:15:31 EDT 2019 org.apache.commons.lang3.time.FastDatePrinter,171
Mon Sep 02 17:15:34 EDT 2019 org.apache.commons.lang3.time.FastDatePrinter,172
Mon Sep 02 17:15:37 EDT 2019 org.apache.commons.lang3.time.FastDatePrinter,173
Mon Sep 02 17:15:39 EDT 2019 org.apache.commons.lang3.time.FastDatePrinter,174
Mon Sep 02 17:15:42 EDT 2019 org.apache.commons.lang3.time.FastDatePrinter,175
Mon Sep 02 17:15:44 EDT 2019 org.apache.commons.lang3.time.FastDatePrinter,176
Mon Sep 02 17:18:19 EDT 2019 org.apache.commons.lang3.time.FastDatePrinter,178
Mon Sep 02 17:21:21 EDT 2019 org.apache.commons.lang3.time.FastDatePrinter,179
Mon Sep 02 17:21:22 EDT 2019 org.apache.commons.lang3.time.FastDatePrinter,181
Mon Sep 02 17:55:14 EDT 2019 org.apache.commons.lang3.time.FastDatePrinter,182
Mon Sep 02 17:55:56 EDT 2019 org.apache.commons.lang3.time.FastDatePrinter,183
Mon Sep 02 17:55:57 EDT 2019 org.apache.commons.lang3.time.FastDatePrinter,184
Mon Sep 02 18:00:29 EDT 2019 org.apache.commons.lang3.time.FastDatePrinter,186
Mon Sep 02 18:06:47 EDT 2019 org.apache.commons.lang3.time.FastDatePrinter,187
Mon Sep 02 18:06:47 EDT 2019 org.apache.commons.lang3.time.FastDatePrinter,192
Mon Sep 02 18:08:51 EDT 2019 Mon Sep 02 18:08:51 EDT 2019 : org.apache.commons.lang3.time.FastDatePrinter,194=>Find no block
Mon Sep 02 18:08:52 EDT 2019 org.apache.commons.lang3.time.FastDatePrinter,284
Mon Sep 02 18:13:27 EDT 2019 org.apache.commons.lang3.time.FastDatePrinter,287
Mon Sep 02 18:31:39 EDT 2019 org.apache.commons.lang3.time.FastDatePrinter,298
Mon Sep 02 18:35:35 EDT 2019 org.apache.commons.lang3.time.FastDatePrinter,300
Mon Sep 02 18:35:36 EDT 2019 org.apache.commons.lang3.time.FastDatePrinter,301
Mon Sep 02 18:41:38 EDT 2019 org.apache.commons.lang3.time.FastDatePrinter,303
Mon Sep 02 18:41:38 EDT 2019 org.apache.commons.lang3.time.FastDatePrinter,304
Mon Sep 02 18:49:18 EDT 2019 org.apache.commons.lang3.time.FastDatePrinter,307
Mon Sep 02 18:52:52 EDT 2019 org.apache.commons.lang3.time.FastDatePrinter,309
Mon Sep 02 18:52:52 EDT 2019 org.apache.commons.lang3.time.FastDatePrinter,310
Mon Sep 02 18:52:53 EDT 2019 org.apache.commons.lang3.time.FastDatePrinter,311
Mon Sep 02 18:52:53 EDT 2019 org.apache.commons.lang3.time.FastDatePrinter,345
Mon Sep 02 18:56:37 EDT 2019 org.apache.commons.lang3.time.FastDatePrinter,346
Mon Sep 02 18:56:37 EDT 2019 Mon Sep 02 18:56:37 EDT 2019 : org.apache.commons.lang3.time.FastDateFormat,88=>Find no block
Mon Sep 02 18:56:38 EDT 2019 Mon Sep 02 18:56:38 EDT 2019 : org.apache.commons.lang3.time.FastDateFormat,91=>Find no block
Mon Sep 02 18:56:38 EDT 2019 Mon Sep 02 18:56:38 EDT 2019 : org.apache.commons.lang3.time.FastDateFormat,368=>Find no block
Mon Sep 02 18:56:39 EDT 2019 org.apache.commons.lang3.time.FastDateFormat,369
Mon Sep 02 18:57:12 EDT 2019 org.apache.commons.lang3.time.FastDateFormat,370
Mon Sep 02 18:57:12 EDT 2019 Mon Sep 02 18:57:12 EDT 2019 : org.apache.commons.lang3.time.FastDateFormat,371=>Find no block
Failed time : 19/09/02 18:57
